#
# A fatal error has been detected by the Java Runtime Environment:
#
#  EXCEPTION_ACCESS_VIOLATION (0xc0000005) at pc=0x00007ffa6264ebe3, pid=20180, tid=7908
#
# JRE version: OpenJDK Runtime Environment Corretto-17.0.7.7.1 (17.0.7+7) (build 17.0.7+7-LTS)
# Java VM: OpenJDK 64-Bit Server VM Corretto-17.0.7.7.1 (17.0.7+7-LTS, mixed mode, sharing, tiered, compressed oops, compressed class ptrs, g1 gc, windows-amd64)
# Problematic frame:
# C  [ig9icd64.dll+0x9bebe3]
#
# No core dump will be written. Minidumps are not enabled by default on client versions of Windows
#
# If you would like to submit a bug report, please visit:
#   https://github.com/corretto/corretto-17/issues/
# The crash happened outside the Java Virtual Machine in native code.
# See problematic frame for where to report the bug.
#

---------------  S U M M A R Y ------------

Command Line: -Djava.library.path=C:\Users\HP\Desktop\demo-compose-desktop\build\classes\kotlin\jvm\main;C:\Users\HP\Desktop\demo-compose-desktop\build\processedResources\jvm\main -javaagent:C:\Program Files\JetBrains\IntelliJ IDEA Community Edition 2021.3.2\lib\idea_rt.jar=52063:C:\Program Files\JetBrains\IntelliJ IDEA Community Edition 2021.3.2\bin -Dfile.encoding=UTF-8 MainKt

Host: Intel(R) Core(TM) i5-7300U CPU @ 2.60GHz, 4 cores, 15G,  Windows 10 , 64 bit Build 19041 (10.0.19041.3155)
Time: Thu Jul 13 02:57:42 2023 Libya Standard Time elapsed time: 4.628206 seconds (0d 0h 0m 4s)

---------------  T H R E A D  ---------------

Current thread (0x0000020375c6b650):  JavaThread "AWT-EventQueue-0" [_thread_in_native, id=7908, stack(0x0000005dd2100000,0x0000005dd2200000)]

Stack: [0x0000005dd2100000,0x0000005dd2200000],  sp=0x0000005dd21fb248,  free space=1004k
Native frames: (J=compiled Java code, j=interpreted, Vv=VM code, C=native code)
C  [ig9icd64.dll+0x9bebe3]

Java frames: (J=compiled Java code, j=interpreted, Vv=VM code)
j  org.jetbrains.skia.DirectContextKt.DirectContext_nFlush(J)V+0
j  org.jetbrains.skia.DirectContextKt.access$DirectContext_nFlush(J)V+1
j  org.jetbrains.skia.DirectContext.flush()Lorg/jetbrains/skia/DirectContext;+10
j  org.jetbrains.skiko.context.ContextHandler.flush()V+8
j  org.jetbrains.skiko.context.ContextHandler.draw()V+87
j  org.jetbrains.skiko.redrawer.WindowsOpenGLRedrawer.redrawImmediately()V+187
j  org.jetbrains.skiko.SkiaLayer.paint(Ljava/awt/Graphics;)V+102
j  androidx.compose.ui.awt.ComposeLayer$ComponentImpl.paint(Ljava/awt/Graphics;)V+12
j  javax.swing.JComponent.paintChildren(Ljava/awt/Graphics;)V+523 java.desktop@17.0.7
j  javax.swing.JComponent.paint(Ljava/awt/Graphics;)V+318 java.desktop@17.0.7
j  javax.swing.JLayeredPane.paint(Ljava/awt/Graphics;)V+73 java.desktop@17.0.7
j  javax.swing.JComponent.paintChildren(Ljava/awt/Graphics;)V+523 java.desktop@17.0.7
j  javax.swing.JComponent.paint(Ljava/awt/Graphics;)V+318 java.desktop@17.0.7
j  androidx.compose.ui.window.Window_desktopKt$Window$11$1.invoke(Landroidx/compose/ui/awt/ComposeWindow;)V+75
j  androidx.compose.ui.window.Window_desktopKt$Window$11$1.invoke(Ljava/lang/Object;)Ljava/lang/Object;+5
j  androidx.compose.ui.window.AwtWindow_desktopKt$AwtWindow$3.invoke()V+13
j  androidx.compose.ui.window.AwtWindow_desktopKt$AwtWindow$3.invoke()Ljava/lang/Object;+1
j  androidx.compose.ui.util.UpdateEffect_desktopKt$UpdateEffect$2$performUpdate$1.invoke()V+7
j  androidx.compose.ui.util.UpdateEffect_desktopKt$UpdateEffect$2$performUpdate$1.invoke()Ljava/lang/Object;+1
j  androidx.compose.runtime.snapshots.Snapshot$Companion.observe(Lkotlin/jvm/functions/Function1;Lkotlin/jvm/functions/Function1;Lkotlin/jvm/functions/Function0;)Ljava/lang/Object;+108
j  androidx.compose.runtime.snapshots.SnapshotStateObserver$observeReads$1$1.invoke()V+15
j  androidx.compose.runtime.snapshots.SnapshotStateObserver$observeReads$1$1.invoke()Ljava/lang/Object;+1
j  androidx.compose.runtime.SnapshotStateKt__DerivedStateKt.observeDerivedStateRecalculations(Lkotlin/jvm/functions/Function1;Lkotlin/jvm/functions/Function1;Lkotlin/jvm/functions/Function0;)V+94
j  androidx.compose.runtime.SnapshotStateKt.observeDerivedStateRecalculations(Lkotlin/jvm/functions/Function1;Lkotlin/jvm/functions/Function1;Lkotlin/jvm/functions/Function0;)V+3
j  androidx.compose.runtime.snapshots.SnapshotStateObserver.observeReads(Ljava/lang/Object;Lkotlin/jvm/functions/Function1;Lkotlin/jvm/functions/Function0;)V+180
j  androidx.compose.ui.util.UpdateEffect_desktopKt$UpdateEffect$2.invoke$performUpdate(Landroidx/compose/runtime/snapshots/SnapshotStateObserver;Lkotlin/jvm/internal/Ref$ObjectRef;Landroidx/compose/runtime/State;)V+38
j  androidx.compose.ui.util.UpdateEffect_desktopKt$UpdateEffect$2.invoke(Landroidx/compose/runtime/DisposableEffectScope;)Landroidx/compose/runtime/DisposableEffectResult;+59
j  androidx.compose.ui.util.UpdateEffect_desktopKt$UpdateEffect$2.invoke(Ljava/lang/Object;)Ljava/lang/Object;+5
j  androidx.compose.runtime.DisposableEffectImpl.onRemembered()V+8
j  androidx.compose.runtime.CompositionImpl$RememberEventDispatcher.dispatchRememberObservers()V+234
j  androidx.compose.runtime.CompositionImpl.applyChangesInLocked(Ljava/util/List;)V+246
j  androidx.compose.runtime.CompositionImpl.applyChanges()V+38
j  androidx.compose.runtime.Recomposer.composeInitial$runtime(Landroidx/compose/runtime/ControlledComposition;Lkotlin/jvm/functions/Function2;)V+267
j  androidx.compose.runtime.CompositionImpl.setContent(Lkotlin/jvm/functions/Function2;)V+55
j  androidx.compose.ui.window.Application_desktopKt$awaitApplication$2$1$2.invokeSuspend(Ljava/lang/Object;)Ljava/lang/Object;+89
j  kotlin.coroutines.jvm.internal.BaseContinuationImpl.resumeWith(Ljava/lang/Object;)V+44
j  kotlinx.coroutines.DispatchedTask.run()V+314
j  java.awt.event.InvocationEvent.dispatch()V+47 java.desktop@17.0.7
j  java.awt.EventQueue.dispatchEventImpl(Ljava/awt/AWTEvent;Ljava/lang/Object;)V+21 java.desktop@17.0.7
j  java.awt.EventQueue$4.run()Ljava/lang/Void;+32 java.desktop@17.0.7
j  java.awt.EventQueue$4.run()Ljava/lang/Object;+1 java.desktop@17.0.7
j  java.security.AccessController.executePrivileged(Ljava/security/PrivilegedAction;Ljava/security/AccessControlContext;Ljava/lang/Class;)Ljava/lang/Object;+29 java.base@17.0.7
j  java.security.AccessController.doPrivileged(Ljava/security/PrivilegedAction;Ljava/security/AccessControlContext;)Ljava/lang/Object;+13 java.base@17.0.7
j  java.security.ProtectionDomain$JavaSecurityAccessImpl.doIntersectionPrivilege(Ljava/security/PrivilegedAction;Ljava/security/AccessControlContext;Ljava/security/AccessControlContext;)Ljava/lang/Object;+18 java.base@17.0.7
j  java.awt.EventQueue.dispatchEvent(Ljava/awt/AWTEvent;)V+46 java.desktop@17.0.7
j  java.awt.EventDispatchThread.pumpOneEventForFilters(I)V+78 java.desktop@17.0.7
j  java.awt.EventDispatchThread.pumpEventsForFilter(ILjava/awt/Conditional;Ljava/awt/EventFilter;)V+35 java.desktop@17.0.7
j  java.awt.EventDispatchThread.pumpEventsForHierarchy(ILjava/awt/Conditional;Ljava/awt/Component;)V+11 java.desktop@17.0.7
j  java.awt.EventDispatchThread.pumpEvents(ILjava/awt/Conditional;)V+4 java.desktop@17.0.7
j  java.awt.EventDispatchThread.pumpEvents(Ljava/awt/Conditional;)V+3 java.desktop@17.0.7
j  java.awt.EventDispatchThread.run()V+9 java.desktop@17.0.7
v  ~StubRoutines::call_stub

siginfo: EXCEPTION_ACCESS_VIOLATION (0xc0000005), reading address 0x00007ffda2871110


Register to memory mapping:

RIP=0x00007ffa6264ebe3 ig9icd64.dll
RAX=0x000000000fff0fff is an unknown value
RBX=0x00007ffa61c90000 ig9icd64.dll
RCX=0x000000033fcf3fcc is an unknown value
RDX=0x0000005dd21fb760 is pointing into the stack for thread: 0x0000020375c6b650
RSP=0x0000005dd21fb248 is pointing into the stack for thread: 0x0000020375c6b650
RBP=0x0000005dd21fb350 is pointing into the stack for thread: 0x0000020375c6b650
RSI=0x0000020377d0d040 points into unknown readable memory: 0x0000020377cc2040 | 40 20 cc 77 03 02 00 00
RDI=0x0000005dd21fb550 is pointing into the stack for thread: 0x0000020375c6b650
R8 =0x0000005dd21fb380 is pointing into the stack for thread: 0x0000020375c6b650
R9 =0x0000005dd21fb760 is pointing into the stack for thread: 0x0000020375c6b650
R10=0x0000005dd21fb550 is pointing into the stack for thread: 0x0000020375c6b650
R11=0x0 is NULL
R12=0x00007ffa62ac15e0 ig9icd64.dll
R13=0x0 is NULL
R14=0x0 is NULL
R15=0x00000000000001c1 is an unknown value


Registers:
RAX=0x000000000fff0fff, RBX=0x00007ffa61c90000, RCX=0x000000033fcf3fcc, RDX=0x0000005dd21fb760
RSP=0x0000005dd21fb248, RBP=0x0000005dd21fb350, RSI=0x0000020377d0d040, RDI=0x0000005dd21fb550
R8 =0x0000005dd21fb380, R9 =0x0000005dd21fb760, R10=0x0000005dd21fb550, R11=0x0000000000000000
R12=0x00007ffa62ac15e0, R13=0x0000000000000000, R14=0x0000000000000000, R15=0x00000000000001c1
RIP=0x00007ffa6264ebe3, EFLAGS=0x0000000000010206

Top of Stack: (sp=0x0000005dd21fb248)
0x0000005dd21fb248:   00007ffa6264c31b 0000000000000001
0x0000005dd21fb258:   0000000000000000 0000020378557b00
0x0000005dd21fb268:   00007ffad7ac2622 0000005d00000065
0x0000005dd21fb278:   0000000000000000 0000000000000000
0x0000005dd21fb288:   00000203008541f0 0000000000000000
0x0000005dd21fb298:   0000020378087940 0000020378557bb0
0x0000005dd21fb2a8:   0000000000001100 0000000000000000
0x0000005dd21fb2b8:   0000000000000000 0000005dd21fb430
0x0000005dd21fb2c8:   00007ffa622e79c0 0000000000000000
0x0000005dd21fb2d8:   0000000000000000 0000000000000000
0x0000005dd21fb2e8:   0000000000000000 000000000000000e
0x0000005dd21fb2f8:   0000000000000000 0000000000000000
0x0000005dd21fb308:   00000000000000c0 0000000000004000
0x0000005dd21fb318:   00007ffae8e9b86b 00000000025805c2
0x0000005dd21fb328:   00000000000000ff 00000203784d8750
0x0000005dd21fb338:   00007ffae8e7a46c 000000000000e3f5 

Instructions: (pc=0x00007ffa6264ebe3)
0x00007ffa6264eae3:   c1 75 31 00 48 89 51 08 48 89 01 8b 44 24 28 89
0x00007ffa6264eaf3:   41 20 8b 44 24 30 89 41 24 48 8b c1 4c 89 41 10
0x00007ffa6264eb03:   4c 89 49 18 c3 cc cc cc cc cc cc cc cc 48 89 5c
0x00007ffa6264eb13:   24 08 8b 41 5c 48 8d 1d e1 14 64 ff 41 89 40 08
0x00007ffa6264eb23:   4c 8b d1 8b 41 60 45 33 db 41 89 40 0c 4c 8b ca
0x00007ffa6264eb33:   8b 41 64 41 89 40 10 8b 41 68 41 89 40 14 8b 41
0x00007ffa6264eb43:   6c 41 89 40 18 8b 41 70 41 89 40 1c 48 63 41 74
0x00007ffa6264eb53:   48 6b c8 34 8b 84 19 44 d1 ee 00 41 89 40 20 8b
0x00007ffa6264eb63:   84 19 48 d1 ee 00 41 89 40 24 8b 84 19 4c d1 ee
0x00007ffa6264eb73:   00 41 89 40 28 8b 84 19 50 d1 ee 00 41 89 40 2c
0x00007ffa6264eb83:   8b 84 19 34 d1 ee 00 41 89 40 30 8b 84 19 38 d1
0x00007ffa6264eb93:   ee 00 41 89 40 34 8b 84 19 3c d1 ee 00 41 89 40
0x00007ffa6264eba3:   38 8b 84 19 40 d1 ee 00 41 89 40 3c 8b 84 19 24
0x00007ffa6264ebb3:   d1 ee 00 41 89 40 40 8b 84 19 28 d1 ee 00 41 89
0x00007ffa6264ebc3:   40 44 8b 84 19 2c d1 ee 00 41 89 40 48 8b 84 19
0x00007ffa6264ebd3:   30 d1 ee 00 41 89 40 4c 49 63 42 78 48 6b c8 34
0x00007ffa6264ebe3:   8b 84 19 44 d1 ee 00 41 89 40 50 8b 84 19 48 d1
0x00007ffa6264ebf3:   ee 00 41 89 40 54 8b 84 19 4c d1 ee 00 41 89 40
0x00007ffa6264ec03:   58 8b 84 19 50 d1 ee 00 41 89 40 5c 8b 84 19 34
0x00007ffa6264ec13:   d1 ee 00 41 89 40 60 8b 84 19 38 d1 ee 00 41 89
0x00007ffa6264ec23:   40 64 8b 84 19 3c d1 ee 00 41 89 40 68 8b 84 19
0x00007ffa6264ec33:   40 d1 ee 00 41 89 40 6c 8b 84 19 24 d1 ee 00 41
0x00007ffa6264ec43:   89 40 70 8b 84 19 28 d1 ee 00 41 89 40 74 8b 84
0x00007ffa6264ec53:   19 2c d1 ee 00 41 89 40 78 8b 84 19 30 d1 ee 00
0x00007ffa6264ec63:   41 89 40 7c 48 8b 42 18 8b 88 38 0b 00 00 f6 c1
0x00007ffa6264ec73:   08 0f 84 86 00 00 00 8b 80 3c 0b 00 00 41 89 80
0x00007ffa6264ec83:   80 00 00 00 48 8b 42 18 8b 88 40 0b 00 00 41 89
0x00007ffa6264ec93:   88 84 00 00 00 48 8b 42 18 8b 88 44 0b 00 00 41
0x00007ffa6264eca3:   89 88 88 00 00 00 48 8b 42 18 8b 88 48 0b 00 00
0x00007ffa6264ecb3:   41 89 88 8c 00 00 00 48 8b 42 18 8b 88 4c 0b 00
0x00007ffa6264ecc3:   00 41 89 88 90 00 00 00 48 8b 42 18 8b 88 50 0b
0x00007ffa6264ecd3:   00 00 41 89 88 94 00 00 00 48 8b 42 18 8b 88 54 


Stack slot to memory mapping:
stack at sp + 0 slots: 0x00007ffa6264c31b ig9icd64.dll
stack at sp + 1 slots: 0x0000000000000001 is an unknown value
stack at sp + 2 slots: 0x0 is NULL
stack at sp + 3 slots: 0x0000020378557b00 points into unknown readable memory: 0x0000000000000000 | 00 00 00 00 00 00 00 00
stack at sp + 4 slots: 0x00007ffad7ac2622 igdgmm64.dll
stack at sp + 5 slots: 0x0000005d00000065 is an unknown value
stack at sp + 6 slots: 0x0 is NULL
stack at sp + 7 slots: 0x0 is NULL


---------------  P R O C E S S  ---------------

Threads class SMR info:
_java_thread_list=0x00000203789c0d20, length=22, elements={
0x000002034e548ab0, 0x0000020370bf9830, 0x0000020370bfa5b0, 0x0000020370c0dca0,
0x0000020370c12b70, 0x0000020370c15540, 0x0000020370c15e00, 0x0000020370c16aa0,
0x0000020370c1d970, 0x0000020370c1ea50, 0x00000203750fcf70, 0x0000020375435a50,
0x0000020375435f20, 0x0000020375980d80, 0x0000020375981250, 0x0000020375c6b650,
0x0000020375fca640, 0x0000020375be6780, 0x0000020375e14d70, 0x0000020375e148a0,
0x0000020375e13a30, 0x0000020375e11d50
}

Java Threads: ( => current thread )
  0x000002034e548ab0 JavaThread "main" [_thread_blocked, id=14244, stack(0x0000005dd0600000,0x0000005dd0700000)]
  0x0000020370bf9830 JavaThread "Reference Handler" daemon [_thread_blocked, id=14880, stack(0x0000005dd0d00000,0x0000005dd0e00000)]
  0x0000020370bfa5b0 JavaThread "Finalizer" daemon [_thread_blocked, id=16824, stack(0x0000005dd0e00000,0x0000005dd0f00000)]
  0x0000020370c0dca0 JavaThread "Signal Dispatcher" daemon [_thread_blocked, id=17284, stack(0x0000005dd0f00000,0x0000005dd1000000)]
  0x0000020370c12b70 JavaThread "Attach Listener" daemon [_thread_blocked, id=21200, stack(0x0000005dd1000000,0x0000005dd1100000)]
  0x0000020370c15540 JavaThread "Service Thread" daemon [_thread_blocked, id=13684, stack(0x0000005dd1100000,0x0000005dd1200000)]
  0x0000020370c15e00 JavaThread "Monitor Deflation Thread" daemon [_thread_blocked, id=14240, stack(0x0000005dd1200000,0x0000005dd1300000)]
  0x0000020370c16aa0 JavaThread "C2 CompilerThread0" daemon [_thread_blocked, id=18772, stack(0x0000005dd1300000,0x0000005dd1400000)]
  0x0000020370c1d970 JavaThread "C1 CompilerThread0" daemon [_thread_blocked, id=18084, stack(0x0000005dd1400000,0x0000005dd1500000)]
  0x0000020370c1ea50 JavaThread "Sweeper thread" daemon [_thread_blocked, id=3360, stack(0x0000005dd1500000,0x0000005dd1600000)]
  0x00000203750fcf70 JavaThread "Common-Cleaner" daemon [_thread_blocked, id=7804, stack(0x0000005dd1600000,0x0000005dd1700000)]
  0x0000020375435a50 JavaThread "Monitor Ctrl-Break" daemon [_thread_in_native, id=15840, stack(0x0000005dd1800000,0x0000005dd1900000)]
  0x0000020375435f20 JavaThread "Notification Thread" daemon [_thread_blocked, id=9096, stack(0x0000005dd1900000,0x0000005dd1a00000)]
  0x0000020375980d80 JavaThread "Java2D Disposer" daemon [_thread_blocked, id=7652, stack(0x0000005dd1700000,0x0000005dd1800000)]
  0x0000020375981250 JavaThread "AWT-Shutdown" [_thread_blocked, id=7348, stack(0x0000005dd1e00000,0x0000005dd1f00000)]
=>0x0000020375c6b650 JavaThread "AWT-EventQueue-0" [_thread_in_native, id=7908, stack(0x0000005dd2100000,0x0000005dd2200000)]
  0x0000020375fca640 JavaThread "Reference Cleaner" daemon [_thread_blocked, id=11600, stack(0x0000005dd2000000,0x0000005dd2100000)]
  0x0000020375be6780 JavaThread "DefaultDispatcher-worker-1" daemon [_thread_blocked, id=1912, stack(0x0000005dd2300000,0x0000005dd2400000)]
  0x0000020375e14d70 JavaThread "DefaultDispatcher-worker-2" daemon [_thread_blocked, id=1712, stack(0x0000005dd2400000,0x0000005dd2500000)]
  0x0000020375e148a0 JavaThread "DefaultDispatcher-worker-3" daemon [_thread_blocked, id=10996, stack(0x0000005dd2500000,0x0000005dd2600000)]
  0x0000020375e13a30 JavaThread "kotlinx.coroutines.DefaultExecutor" daemon [_thread_blocked, id=14224, stack(0x0000005dd2600000,0x0000005dd2700000)]
  0x0000020375e11d50 JavaThread "SIGINT handler" daemon [_thread_blocked, id=12588, stack(0x0000005dd2200000,0x0000005dd2300000)]

Other Threads:
  0x0000020370bf4d20 VMThread "VM Thread" [stack: 0x0000005dd0c00000,0x0000005dd0d00000] [id=3048]
  0x0000020375436c00 WatcherThread [stack: 0x0000005dd1a00000,0x0000005dd1b00000] [id=20092]
  0x000002034e5b2b50 GCTaskThread "GC Thread#0" [stack: 0x0000005dd0700000,0x0000005dd0800000] [id=21224]
  0x000002037567e730 GCTaskThread "GC Thread#1" [stack: 0x0000005dd1b00000,0x0000005dd1c00000] [id=11404]
  0x00000203757ee170 GCTaskThread "GC Thread#2" [stack: 0x0000005dd1c00000,0x0000005dd1d00000] [id=5896]
  0x00000203757ee420 GCTaskThread "GC Thread#3" [stack: 0x0000005dd1d00000,0x0000005dd1e00000] [id=11028]
  0x000002034e5c3730 ConcurrentGCThread "G1 Main Marker" [stack: 0x0000005dd0800000,0x0000005dd0900000] [id=20832]
  0x000002034e5c4890 ConcurrentGCThread "G1 Conc#0" [stack: 0x0000005dd0900000,0x0000005dd0a00000] [id=19252]
  0x000002034e5fec50 ConcurrentGCThread "G1 Refine#0" [stack: 0x0000005dd0a00000,0x0000005dd0b00000] [id=20520]
  0x0000020370aa8b50 ConcurrentGCThread "G1 Service" [stack: 0x0000005dd0b00000,0x0000005dd0c00000] [id=21332]

Threads with active compile tasks:

VM state: not at safepoint (normal execution)

VM Mutex/Monitor currently owned by a thread: None

Heap address: 0x0000000702600000, size: 4058 MB, Compressed Oops mode: Zero based, Oop shift amount: 3

CDS archive(s) mapped at: [0x0000000800000000-0x0000000800bc0000-0x0000000800bc0000), size 12320768, SharedBaseAddress: 0x0000000800000000, ArchiveRelocationMode: 0.
Compressed class space mapped at: 0x0000000801000000-0x0000000841000000, reserved size: 1073741824
Narrow klass base: 0x0000000800000000, Narrow klass shift: 0, Narrow klass range: 0x100000000

GC Precious Log:
 CPUs: 4 total, 4 available
 Memory: 16224M
 Large Page Support: Disabled
 NUMA Support: Disabled
 Compressed Oops: Enabled (Zero based)
 Heap Region Size: 2M
 Heap Min Capacity: 8M
 Heap Initial Capacity: 254M
 Heap Max Capacity: 4058M
 Pre-touch: Disabled
 Parallel Workers: 4
 Concurrent Workers: 1
 Concurrent Refinement Workers: 4
 Periodic GC: Disabled

Heap:
 garbage-first heap   total 260096K, used 48351K [0x0000000702600000, 0x0000000800000000)
  region size 2048K, 22 young (45056K), 2 survivors (4096K)
 Metaspace       used 21086K, committed 21312K, reserved 1114112K
  class space    used 2250K, committed 2368K, reserved 1048576K

Heap Regions: E=young(eden), S=young(survivor), O=old, HS=humongous(starts), HC=humongous(continues), CS=collection set, F=free, OA=open archive, CA=closed archive, TAMS=top-at-mark-start (previous, next)
|   0|0x0000000702600000, 0x0000000702800000, 0x0000000702800000|100%|HS|  |TAMS 0x0000000702600000, 0x0000000702600000| Complete 
|   1|0x0000000702800000, 0x0000000702a00000, 0x0000000702a00000|100%| O|  |TAMS 0x0000000702800000, 0x0000000702800000| Untracked 
|   2|0x0000000702a00000, 0x0000000702c00000, 0x0000000702c00000|100%| O|  |TAMS 0x0000000702a00000, 0x0000000702a00000| Untracked 
|   3|0x0000000702c00000, 0x0000000702d18800, 0x0000000702e00000| 54%| O|  |TAMS 0x0000000702c00000, 0x0000000702c00000| Untracked 
|   4|0x0000000702e00000, 0x0000000702e00000, 0x0000000703000000|  0%| F|  |TAMS 0x0000000702e00000, 0x0000000702e00000| Untracked 
|   5|0x0000000703000000, 0x0000000703000000, 0x0000000703200000|  0%| F|  |TAMS 0x0000000703000000, 0x0000000703000000| Untracked 
|   6|0x0000000703200000, 0x0000000703200000, 0x0000000703400000|  0%| F|  |TAMS 0x0000000703200000, 0x0000000703200000| Untracked 
|   7|0x0000000703400000, 0x0000000703400000, 0x0000000703600000|  0%| F|  |TAMS 0x0000000703400000, 0x0000000703400000| Untracked 
|   8|0x0000000703600000, 0x0000000703600000, 0x0000000703800000|  0%| F|  |TAMS 0x0000000703600000, 0x0000000703600000| Untracked 
|   9|0x0000000703800000, 0x0000000703800000, 0x0000000703a00000|  0%| F|  |TAMS 0x0000000703800000, 0x0000000703800000| Untracked 
|  10|0x0000000703a00000, 0x0000000703a00000, 0x0000000703c00000|  0%| F|  |TAMS 0x0000000703a00000, 0x0000000703a00000| Untracked 
|  11|0x0000000703c00000, 0x0000000703c00000, 0x0000000703e00000|  0%| F|  |TAMS 0x0000000703c00000, 0x0000000703c00000| Untracked 
|  12|0x0000000703e00000, 0x0000000703e00000, 0x0000000704000000|  0%| F|  |TAMS 0x0000000703e00000, 0x0000000703e00000| Untracked 
|  13|0x0000000704000000, 0x0000000704000000, 0x0000000704200000|  0%| F|  |TAMS 0x0000000704000000, 0x0000000704000000| Untracked 
|  14|0x0000000704200000, 0x0000000704200000, 0x0000000704400000|  0%| F|  |TAMS 0x0000000704200000, 0x0000000704200000| Untracked 
|  15|0x0000000704400000, 0x0000000704400000, 0x0000000704600000|  0%| F|  |TAMS 0x0000000704400000, 0x0000000704400000| Untracked 
|  16|0x0000000704600000, 0x0000000704600000, 0x0000000704800000|  0%| F|  |TAMS 0x0000000704600000, 0x0000000704600000| Untracked 
|  17|0x0000000704800000, 0x0000000704800000, 0x0000000704a00000|  0%| F|  |TAMS 0x0000000704800000, 0x0000000704800000| Untracked 
|  18|0x0000000704a00000, 0x0000000704a00000, 0x0000000704c00000|  0%| F|  |TAMS 0x0000000704a00000, 0x0000000704a00000| Untracked 
|  19|0x0000000704c00000, 0x0000000704c00000, 0x0000000704e00000|  0%| F|  |TAMS 0x0000000704c00000, 0x0000000704c00000| Untracked 
|  20|0x0000000704e00000, 0x0000000704e00000, 0x0000000705000000|  0%| F|  |TAMS 0x0000000704e00000, 0x0000000704e00000| Untracked 
|  21|0x0000000705000000, 0x0000000705000000, 0x0000000705200000|  0%| F|  |TAMS 0x0000000705000000, 0x0000000705000000| Untracked 
|  22|0x0000000705200000, 0x0000000705200000, 0x0000000705400000|  0%| F|  |TAMS 0x0000000705200000, 0x0000000705200000| Untracked 
|  23|0x0000000705400000, 0x0000000705400000, 0x0000000705600000|  0%| F|  |TAMS 0x0000000705400000, 0x0000000705400000| Untracked 
|  24|0x0000000705600000, 0x0000000705600000, 0x0000000705800000|  0%| F|  |TAMS 0x0000000705600000, 0x0000000705600000| Untracked 
|  25|0x0000000705800000, 0x0000000705800000, 0x0000000705a00000|  0%| F|  |TAMS 0x0000000705800000, 0x0000000705800000| Untracked 
|  26|0x0000000705a00000, 0x0000000705a00000, 0x0000000705c00000|  0%| F|  |TAMS 0x0000000705a00000, 0x0000000705a00000| Untracked 
|  27|0x0000000705c00000, 0x0000000705c00000, 0x0000000705e00000|  0%| F|  |TAMS 0x0000000705c00000, 0x0000000705c00000| Untracked 
|  28|0x0000000705e00000, 0x0000000705e00000, 0x0000000706000000|  0%| F|  |TAMS 0x0000000705e00000, 0x0000000705e00000| Untracked 
|  29|0x0000000706000000, 0x0000000706000000, 0x0000000706200000|  0%| F|  |TAMS 0x0000000706000000, 0x0000000706000000| Untracked 
|  30|0x0000000706200000, 0x0000000706200000, 0x0000000706400000|  0%| F|  |TAMS 0x0000000706200000, 0x0000000706200000| Untracked 
|  31|0x0000000706400000, 0x0000000706400000, 0x0000000706600000|  0%| F|  |TAMS 0x0000000706400000, 0x0000000706400000| Untracked 
|  32|0x0000000706600000, 0x0000000706600000, 0x0000000706800000|  0%| F|  |TAMS 0x0000000706600000, 0x0000000706600000| Untracked 
|  33|0x0000000706800000, 0x0000000706800000, 0x0000000706a00000|  0%| F|  |TAMS 0x0000000706800000, 0x0000000706800000| Untracked 
|  34|0x0000000706a00000, 0x0000000706a00000, 0x0000000706c00000|  0%| F|  |TAMS 0x0000000706a00000, 0x0000000706a00000| Untracked 
|  35|0x0000000706c00000, 0x0000000706c00000, 0x0000000706e00000|  0%| F|  |TAMS 0x0000000706c00000, 0x0000000706c00000| Untracked 
|  36|0x0000000706e00000, 0x0000000706e00000, 0x0000000707000000|  0%| F|  |TAMS 0x0000000706e00000, 0x0000000706e00000| Untracked 
|  37|0x0000000707000000, 0x0000000707000000, 0x0000000707200000|  0%| F|  |TAMS 0x0000000707000000, 0x0000000707000000| Untracked 
|  38|0x0000000707200000, 0x0000000707200000, 0x0000000707400000|  0%| F|  |TAMS 0x0000000707200000, 0x0000000707200000| Untracked 
|  39|0x0000000707400000, 0x0000000707400000, 0x0000000707600000|  0%| F|  |TAMS 0x0000000707400000, 0x0000000707400000| Untracked 
|  40|0x0000000707600000, 0x0000000707600000, 0x0000000707800000|  0%| F|  |TAMS 0x0000000707600000, 0x0000000707600000| Untracked 
|  41|0x0000000707800000, 0x0000000707800000, 0x0000000707a00000|  0%| F|  |TAMS 0x0000000707800000, 0x0000000707800000| Untracked 
|  42|0x0000000707a00000, 0x0000000707a00000, 0x0000000707c00000|  0%| F|  |TAMS 0x0000000707a00000, 0x0000000707a00000| Untracked 
|  43|0x0000000707c00000, 0x0000000707c00000, 0x0000000707e00000|  0%| F|  |TAMS 0x0000000707c00000, 0x0000000707c00000| Untracked 
|  44|0x0000000707e00000, 0x0000000707e00000, 0x0000000708000000|  0%| F|  |TAMS 0x0000000707e00000, 0x0000000707e00000| Untracked 
|  45|0x0000000708000000, 0x0000000708000000, 0x0000000708200000|  0%| F|  |TAMS 0x0000000708000000, 0x0000000708000000| Untracked 
|  46|0x0000000708200000, 0x0000000708200000, 0x0000000708400000|  0%| F|  |TAMS 0x0000000708200000, 0x0000000708200000| Untracked 
|  47|0x0000000708400000, 0x0000000708400000, 0x0000000708600000|  0%| F|  |TAMS 0x0000000708400000, 0x0000000708400000| Untracked 
|  48|0x0000000708600000, 0x0000000708600000, 0x0000000708800000|  0%| F|  |TAMS 0x0000000708600000, 0x0000000708600000| Untracked 
|  49|0x0000000708800000, 0x0000000708800000, 0x0000000708a00000|  0%| F|  |TAMS 0x0000000708800000, 0x0000000708800000| Untracked 
|  50|0x0000000708a00000, 0x0000000708a00000, 0x0000000708c00000|  0%| F|  |TAMS 0x0000000708a00000, 0x0000000708a00000| Untracked 
|  51|0x0000000708c00000, 0x0000000708c00000, 0x0000000708e00000|  0%| F|  |TAMS 0x0000000708c00000, 0x0000000708c00000| Untracked 
|  52|0x0000000708e00000, 0x0000000708e00000, 0x0000000709000000|  0%| F|  |TAMS 0x0000000708e00000, 0x0000000708e00000| Untracked 
|  53|0x0000000709000000, 0x0000000709000000, 0x0000000709200000|  0%| F|  |TAMS 0x0000000709000000, 0x0000000709000000| Untracked 
|  54|0x0000000709200000, 0x0000000709200000, 0x0000000709400000|  0%| F|  |TAMS 0x0000000709200000, 0x0000000709200000| Untracked 
|  55|0x0000000709400000, 0x0000000709400000, 0x0000000709600000|  0%| F|  |TAMS 0x0000000709400000, 0x0000000709400000| Untracked 
|  56|0x0000000709600000, 0x0000000709600000, 0x0000000709800000|  0%| F|  |TAMS 0x0000000709600000, 0x0000000709600000| Untracked 
|  57|0x0000000709800000, 0x0000000709800000, 0x0000000709a00000|  0%| F|  |TAMS 0x0000000709800000, 0x0000000709800000| Untracked 
|  58|0x0000000709a00000, 0x0000000709a00000, 0x0000000709c00000|  0%| F|  |TAMS 0x0000000709a00000, 0x0000000709a00000| Untracked 
|  59|0x0000000709c00000, 0x0000000709c00000, 0x0000000709e00000|  0%| F|  |TAMS 0x0000000709c00000, 0x0000000709c00000| Untracked 
|  60|0x0000000709e00000, 0x0000000709e00000, 0x000000070a000000|  0%| F|  |TAMS 0x0000000709e00000, 0x0000000709e00000| Untracked 
|  61|0x000000070a000000, 0x000000070a000000, 0x000000070a200000|  0%| F|  |TAMS 0x000000070a000000, 0x000000070a000000| Untracked 
|  62|0x000000070a200000, 0x000000070a200000, 0x000000070a400000|  0%| F|  |TAMS 0x000000070a200000, 0x000000070a200000| Untracked 
|  63|0x000000070a400000, 0x000000070a400000, 0x000000070a600000|  0%| F|  |TAMS 0x000000070a400000, 0x000000070a400000| Untracked 
|  64|0x000000070a600000, 0x000000070a600000, 0x000000070a800000|  0%| F|  |TAMS 0x000000070a600000, 0x000000070a600000| Untracked 
|  65|0x000000070a800000, 0x000000070a800000, 0x000000070aa00000|  0%| F|  |TAMS 0x000000070a800000, 0x000000070a800000| Untracked 
|  66|0x000000070aa00000, 0x000000070aa00000, 0x000000070ac00000|  0%| F|  |TAMS 0x000000070aa00000, 0x000000070aa00000| Untracked 
|  67|0x000000070ac00000, 0x000000070ac00000, 0x000000070ae00000|  0%| F|  |TAMS 0x000000070ac00000, 0x000000070ac00000| Untracked 
|  68|0x000000070ae00000, 0x000000070ae00000, 0x000000070b000000|  0%| F|  |TAMS 0x000000070ae00000, 0x000000070ae00000| Untracked 
|  69|0x000000070b000000, 0x000000070b000000, 0x000000070b200000|  0%| F|  |TAMS 0x000000070b000000, 0x000000070b000000| Untracked 
|  70|0x000000070b200000, 0x000000070b200000, 0x000000070b400000|  0%| F|  |TAMS 0x000000070b200000, 0x000000070b200000| Untracked 
|  71|0x000000070b400000, 0x000000070b400000, 0x000000070b600000|  0%| F|  |TAMS 0x000000070b400000, 0x000000070b400000| Untracked 
|  72|0x000000070b600000, 0x000000070b600000, 0x000000070b800000|  0%| F|  |TAMS 0x000000070b600000, 0x000000070b600000| Untracked 
|  73|0x000000070b800000, 0x000000070b800000, 0x000000070ba00000|  0%| F|  |TAMS 0x000000070b800000, 0x000000070b800000| Untracked 
|  74|0x000000070ba00000, 0x000000070ba00000, 0x000000070bc00000|  0%| F|  |TAMS 0x000000070ba00000, 0x000000070ba00000| Untracked 
|  75|0x000000070bc00000, 0x000000070bc00000, 0x000000070be00000|  0%| F|  |TAMS 0x000000070bc00000, 0x000000070bc00000| Untracked 
|  76|0x000000070be00000, 0x000000070be00000, 0x000000070c000000|  0%| F|  |TAMS 0x000000070be00000, 0x000000070be00000| Untracked 
|  77|0x000000070c000000, 0x000000070c000000, 0x000000070c200000|  0%| F|  |TAMS 0x000000070c000000, 0x000000070c000000| Untracked 
|  78|0x000000070c200000, 0x000000070c200000, 0x000000070c400000|  0%| F|  |TAMS 0x000000070c200000, 0x000000070c200000| Untracked 
|  79|0x000000070c400000, 0x000000070c400000, 0x000000070c600000|  0%| F|  |TAMS 0x000000070c400000, 0x000000070c400000| Untracked 
|  80|0x000000070c600000, 0x000000070c600000, 0x000000070c800000|  0%| F|  |TAMS 0x000000070c600000, 0x000000070c600000| Untracked 
|  81|0x000000070c800000, 0x000000070c800000, 0x000000070ca00000|  0%| F|  |TAMS 0x000000070c800000, 0x000000070c800000| Untracked 
|  82|0x000000070ca00000, 0x000000070ca00000, 0x000000070cc00000|  0%| F|  |TAMS 0x000000070ca00000, 0x000000070ca00000| Untracked 
|  83|0x000000070cc00000, 0x000000070cc00000, 0x000000070ce00000|  0%| F|  |TAMS 0x000000070cc00000, 0x000000070cc00000| Untracked 
|  84|0x000000070ce00000, 0x000000070ce00000, 0x000000070d000000|  0%| F|  |TAMS 0x000000070ce00000, 0x000000070ce00000| Untracked 
|  85|0x000000070d000000, 0x000000070d000000, 0x000000070d200000|  0%| F|  |TAMS 0x000000070d000000, 0x000000070d000000| Untracked 
|  86|0x000000070d200000, 0x000000070d200000, 0x000000070d400000|  0%| F|  |TAMS 0x000000070d200000, 0x000000070d200000| Untracked 
|  87|0x000000070d400000, 0x000000070d400000, 0x000000070d600000|  0%| F|  |TAMS 0x000000070d400000, 0x000000070d400000| Untracked 
|  88|0x000000070d600000, 0x000000070d600000, 0x000000070d800000|  0%| F|  |TAMS 0x000000070d600000, 0x000000070d600000| Untracked 
|  89|0x000000070d800000, 0x000000070d800000, 0x000000070da00000|  0%| F|  |TAMS 0x000000070d800000, 0x000000070d800000| Untracked 
|  90|0x000000070da00000, 0x000000070da00000, 0x000000070dc00000|  0%| F|  |TAMS 0x000000070da00000, 0x000000070da00000| Untracked 
|  91|0x000000070dc00000, 0x000000070dc00000, 0x000000070de00000|  0%| F|  |TAMS 0x000000070dc00000, 0x000000070dc00000| Untracked 
|  92|0x000000070de00000, 0x000000070de00000, 0x000000070e000000|  0%| F|  |TAMS 0x000000070de00000, 0x000000070de00000| Untracked 
|  93|0x000000070e000000, 0x000000070e000000, 0x000000070e200000|  0%| F|  |TAMS 0x000000070e000000, 0x000000070e000000| Untracked 
|  94|0x000000070e200000, 0x000000070e200000, 0x000000070e400000|  0%| F|  |TAMS 0x000000070e200000, 0x000000070e200000| Untracked 
|  95|0x000000070e400000, 0x000000070e400000, 0x000000070e600000|  0%| F|  |TAMS 0x000000070e400000, 0x000000070e400000| Untracked 
|  96|0x000000070e600000, 0x000000070e600000, 0x000000070e800000|  0%| F|  |TAMS 0x000000070e600000, 0x000000070e600000| Untracked 
|  97|0x000000070e800000, 0x000000070e800000, 0x000000070ea00000|  0%| F|  |TAMS 0x000000070e800000, 0x000000070e800000| Untracked 
|  98|0x000000070ea00000, 0x000000070ea00000, 0x000000070ec00000|  0%| F|  |TAMS 0x000000070ea00000, 0x000000070ea00000| Untracked 
|  99|0x000000070ec00000, 0x000000070ec00000, 0x000000070ee00000|  0%| F|  |TAMS 0x000000070ec00000, 0x000000070ec00000| Untracked 
| 100|0x000000070ee00000, 0x000000070ee00000, 0x000000070f000000|  0%| F|  |TAMS 0x000000070ee00000, 0x000000070ee00000| Untracked 
| 101|0x000000070f000000, 0x000000070f000000, 0x000000070f200000|  0%| F|  |TAMS 0x000000070f000000, 0x000000070f000000| Untracked 
| 102|0x000000070f200000, 0x000000070f200000, 0x000000070f400000|  0%| F|  |TAMS 0x000000070f200000, 0x000000070f200000| Untracked 
| 103|0x000000070f400000, 0x000000070f400000, 0x000000070f600000|  0%| F|  |TAMS 0x000000070f400000, 0x000000070f400000| Untracked 
| 104|0x000000070f600000, 0x000000070f600000, 0x000000070f800000|  0%| F|  |TAMS 0x000000070f600000, 0x000000070f600000| Untracked 
| 105|0x000000070f800000, 0x000000070f97b638, 0x000000070fa00000| 74%| E|  |TAMS 0x000000070f800000, 0x000000070f800000| Complete 
| 106|0x000000070fa00000, 0x000000070fc00000, 0x000000070fc00000|100%| E|CS|TAMS 0x000000070fa00000, 0x000000070fa00000| Complete 
| 107|0x000000070fc00000, 0x000000070fe00000, 0x000000070fe00000|100%| E|CS|TAMS 0x000000070fc00000, 0x000000070fc00000| Complete 
| 108|0x000000070fe00000, 0x0000000710000000, 0x0000000710000000|100%| E|CS|TAMS 0x000000070fe00000, 0x000000070fe00000| Complete 
| 109|0x0000000710000000, 0x0000000710200000, 0x0000000710200000|100%| E|CS|TAMS 0x0000000710000000, 0x0000000710000000| Complete 
| 110|0x0000000710200000, 0x0000000710400000, 0x0000000710400000|100%| E|CS|TAMS 0x0000000710200000, 0x0000000710200000| Complete 
| 111|0x0000000710400000, 0x0000000710600000, 0x0000000710600000|100%| E|CS|TAMS 0x0000000710400000, 0x0000000710400000| Complete 
| 112|0x0000000710600000, 0x0000000710800000, 0x0000000710800000|100%| E|CS|TAMS 0x0000000710600000, 0x0000000710600000| Complete 
| 113|0x0000000710800000, 0x000000071081f740, 0x0000000710a00000|  6%| S|CS|TAMS 0x0000000710800000, 0x0000000710800000| Complete 
| 114|0x0000000710a00000, 0x0000000710c00000, 0x0000000710c00000|100%| S|CS|TAMS 0x0000000710a00000, 0x0000000710a00000| Complete 
| 115|0x0000000710c00000, 0x0000000710e00000, 0x0000000710e00000|100%| E|CS|TAMS 0x0000000710c00000, 0x0000000710c00000| Complete 
| 116|0x0000000710e00000, 0x0000000711000000, 0x0000000711000000|100%| E|CS|TAMS 0x0000000710e00000, 0x0000000710e00000| Complete 
| 117|0x0000000711000000, 0x0000000711200000, 0x0000000711200000|100%| E|CS|TAMS 0x0000000711000000, 0x0000000711000000| Complete 
| 118|0x0000000711200000, 0x0000000711400000, 0x0000000711400000|100%| E|CS|TAMS 0x0000000711200000, 0x0000000711200000| Complete 
| 119|0x0000000711400000, 0x0000000711600000, 0x0000000711600000|100%| E|CS|TAMS 0x0000000711400000, 0x0000000711400000| Complete 
| 120|0x0000000711600000, 0x0000000711800000, 0x0000000711800000|100%| E|CS|TAMS 0x0000000711600000, 0x0000000711600000| Complete 
| 121|0x0000000711800000, 0x0000000711a00000, 0x0000000711a00000|100%| E|CS|TAMS 0x0000000711800000, 0x0000000711800000| Complete 
| 122|0x0000000711a00000, 0x0000000711c00000, 0x0000000711c00000|100%| E|CS|TAMS 0x0000000711a00000, 0x0000000711a00000| Complete 
| 123|0x0000000711c00000, 0x0000000711e00000, 0x0000000711e00000|100%| E|CS|TAMS 0x0000000711c00000, 0x0000000711c00000| Complete 
| 124|0x0000000711e00000, 0x0000000712000000, 0x0000000712000000|100%| E|CS|TAMS 0x0000000711e00000, 0x0000000711e00000| Complete 
| 125|0x0000000712000000, 0x0000000712200000, 0x0000000712200000|100%| E|CS|TAMS 0x0000000712000000, 0x0000000712000000| Complete 
| 126|0x0000000712200000, 0x0000000712400000, 0x0000000712400000|100%| E|CS|TAMS 0x0000000712200000, 0x0000000712200000| Complete 

Card table byte_map: [0x0000020365830000,0x0000020366020000] _byte_map_base: 0x000002036201d000

Marking Bits (Prev, Next): (CMBitMap*) 0x000002034e5b3070, (CMBitMap*) 0x000002034e5b30b0
 Prev Bits: [0x0000020366810000, 0x000002036a778000)
 Next Bits: [0x000002036a780000, 0x000002036e6e8000)

Polling page: 0x000002034c360000

Metaspace:

Usage:
  Non-class:     18.40 MB used.
      Class:      2.20 MB used.
       Both:     20.59 MB used.

Virtual space:
  Non-class space:       64.00 MB reserved,      18.50 MB ( 29%) committed,  1 nodes.
      Class space:        1.00 GB reserved,       2.31 MB ( <1%) committed,  1 nodes.
             Both:        1.06 GB reserved,      20.81 MB (  2%) committed. 

Chunk freelists:
   Non-Class:  13.30 MB
       Class:  13.72 MB
        Both:  27.02 MB

MaxMetaspaceSize: unlimited
CompressedClassSpaceSize: 1.00 GB
Initial GC threshold: 21.00 MB
Current GC threshold: 21.00 MB
CDS: on
MetaspaceReclaimPolicy: balanced
 - commit_granule_bytes: 65536.
 - commit_granule_words: 8192.
 - virtual_space_node_default_size: 8388608.
 - enlarge_chunks_in_place: 1.
 - new_chunks_are_fully_committed: 0.
 - uncommit_free_chunks: 1.
 - use_allocation_guard: 0.
 - handle_deallocations: 1.


Internal statistics:

num_allocs_failed_limit: 0.
num_arena_births: 134.
num_arena_deaths: 0.
num_vsnodes_births: 2.
num_vsnodes_deaths: 0.
num_space_committed: 333.
num_space_uncommitted: 0.
num_chunks_returned_to_freelist: 0.
num_chunks_taken_from_freelist: 643.
num_chunk_merges: 0.
num_chunk_splits: 530.
num_chunks_enlarged: 470.
num_inconsistent_stats: 0.

CodeHeap 'non-profiled nmethods': size=120000Kb used=855Kb max_used=855Kb free=119144Kb
 bounds [0x000002035db10000, 0x000002035dd80000, 0x0000020365040000]
CodeHeap 'profiled nmethods': size=120000Kb used=3072Kb max_used=3072Kb free=116927Kb
 bounds [0x0000020356040000, 0x0000020356350000, 0x000002035d570000]
CodeHeap 'non-nmethods': size=5760Kb used=1659Kb max_used=1664Kb free=4100Kb
 bounds [0x000002035d570000, 0x000002035d7e0000, 0x000002035db10000]
 total_blobs=2824 nmethods=1738 adapters=999
 compilation: enabled
              stopped_count=0, restarted_count=0
 full_count=0

Compilation events (20 events):
Event: 4.267 Thread 0x0000020370c1d970 1732       1       androidx.compose.ui.graphics.drawscope.CanvasDrawScope::getDrawContext (5 bytes)
Event: 4.267 Thread 0x0000020370c1d970 nmethod 1732 0x000002035dbe5610 code [0x000002035dbe57a0, 0x000002035dbe5878]
Event: 4.267 Thread 0x0000020370c1d970 1729       1       org.jetbrains.skia.Matrix33::getMat (5 bytes)
Event: 4.267 Thread 0x0000020370c1d970 nmethod 1729 0x000002035dbe5910 code [0x000002035dbe5aa0, 0x000002035dbe5b78]
Event: 4.267 Thread 0x0000020370c1d970 1734       1       androidx.compose.ui.graphics.drawscope.CanvasDrawScope$DrawParams::getSize-NH-jbRc (5 bytes)
Event: 4.267 Thread 0x0000020370c1d970 nmethod 1734 0x000002035dbe5c10 code [0x000002035dbe5da0, 0x000002035dbe5e78]
Event: 4.267 Thread 0x0000020370c1d970 1730       3       kotlin.collections.CollectionsKt__CollectionsKt::getLastIndex (15 bytes)
Event: 4.268 Thread 0x0000020370c1d970 nmethod 1730 0x000002035633c710 code [0x000002035633c920, 0x000002035633cf68]
Event: 4.268 Thread 0x0000020370c1d970 1735       3       androidx.compose.runtime.SnapshotMutableStateImpl::getValue (21 bytes)
Event: 4.268 Thread 0x0000020370c1d970 nmethod 1735 0x000002035633d210 code [0x000002035633d3c0, 0x000002035633d628]
Event: 4.268 Thread 0x0000020370c1d970 1736       3       androidx.compose.runtime.snapshots.SnapshotKt::mergedReadObserver (49 bytes)
Event: 4.268 Thread 0x0000020370c1d970 nmethod 1736 0x000002035633d710 code [0x000002035633d900, 0x000002035633dfc8]
Event: 4.268 Thread 0x0000020370c1d970 1737       3       androidx.compose.ui.geometry.Offset::getX-impl (52 bytes)
Event: 4.268 Thread 0x0000020370c1d970 nmethod 1737 0x000002035633e190 code [0x000002035633e340, 0x000002035633e628]
Event: 4.268 Thread 0x0000020370c1d970 1738       3       org.jetbrains.skia.impl.InteropScope::toInterop (2 bytes)
Event: 4.268 Thread 0x0000020370c1d970 nmethod 1738 0x000002035633e790 code [0x000002035633e920, 0x000002035633ea38]
Event: 4.268 Thread 0x0000020370c1d970 1739       3       java.util.Arrays::rangeCheck (74 bytes)
Event: 4.269 Thread 0x0000020370c1d970 nmethod 1739 0x000002035633eb10 code [0x000002035633edc0, 0x000002035633f808]
Event: 4.269 Thread 0x0000020370c1d970 1740       3       androidx.compose.runtime.snapshots.Snapshot::restoreCurrent (8 bytes)
Event: 4.269 Thread 0x0000020370c1d970 nmethod 1740 0x000002035633fc10 code [0x000002035633fdc0, 0x000002035633ff68]

GC Heap History (6 events):
Event: 0.531 GC heap before
{Heap before GC invocations=0 (full 0):
 garbage-first heap   total 260096K, used 12288K [0x0000000702600000, 0x0000000800000000)
  region size 2048K, 6 young (12288K), 0 survivors (0K)
 Metaspace       used 1746K, committed 1792K, reserved 1114112K
  class space    used 158K, committed 192K, reserved 1048576K
}
Event: 0.535 GC heap after
{Heap after GC invocations=1 (full 0):
 garbage-first heap   total 260096K, used 7224K [0x0000000702600000, 0x0000000800000000)
  region size 2048K, 1 young (2048K), 1 survivors (2048K)
 Metaspace       used 1746K, committed 1792K, reserved 1114112K
  class space    used 158K, committed 192K, reserved 1048576K
}
Event: 1.727 GC heap before
{Heap before GC invocations=1 (full 0):
 garbage-first heap   total 260096K, used 15416K [0x0000000702600000, 0x0000000800000000)
  region size 2048K, 6 young (12288K), 1 survivors (2048K)
 Metaspace       used 5857K, committed 6016K, reserved 1114112K
  class space    used 464K, committed 512K, reserved 1048576K
}
Event: 1.731 GC heap after
{Heap after GC invocations=2 (full 0):
 garbage-first heap   total 260096K, used 8211K [0x0000000702600000, 0x0000000800000000)
  region size 2048K, 1 young (2048K), 1 survivors (2048K)
 Metaspace       used 5857K, committed 6016K, reserved 1114112K
  class space    used 464K, committed 512K, reserved 1048576K
}
Event: 3.187 GC heap before
{Heap before GC invocations=2 (full 0):
 garbage-first heap   total 260096K, used 30739K [0x0000000702600000, 0x0000000800000000)
  region size 2048K, 12 young (24576K), 1 survivors (2048K)
 Metaspace       used 12382K, committed 12608K, reserved 1114112K
  class space    used 1224K, committed 1344K, reserved 1048576K
}
Event: 3.192 GC heap after
{Heap after GC invocations=3 (full 0):
 garbage-first heap   total 260096K, used 9439K [0x0000000702600000, 0x0000000800000000)
  region size 2048K, 2 young (4096K), 2 survivors (4096K)
 Metaspace       used 12382K, committed 12608K, reserved 1114112K
  class space    used 1224K, committed 1344K, reserved 1048576K
}

Dll operation events (13 events):
Event: 0.044 Loaded shared library C:\Users\HP\.jdks\corretto-17.0.7\bin\java.dll
Event: 0.055 Loaded shared library C:\Users\HP\.jdks\corretto-17.0.7\bin\jsvml.dll
Event: 0.194 Loaded shared library C:\Users\HP\.jdks\corretto-17.0.7\bin\zip.dll
Event: 0.197 Loaded shared library C:\Users\HP\.jdks\corretto-17.0.7\bin\instrument.dll
Event: 0.204 Loaded shared library C:\Users\HP\.jdks\corretto-17.0.7\bin\net.dll
Event: 0.206 Loaded shared library C:\Users\HP\.jdks\corretto-17.0.7\bin\nio.dll
Event: 0.211 Loaded shared library C:\Users\HP\.jdks\corretto-17.0.7\bin\zip.dll
Event: 0.320 Loaded shared library C:\Program Files\JetBrains\IntelliJ IDEA Community Edition 2021.3.2\bin\breakgen64.dll
Event: 0.647 Loaded shared library C:\Users\HP\.jdks\corretto-17.0.7\bin\jimage.dll
Event: 0.667 Loaded shared library C:\Users\HP\.jdks\corretto-17.0.7\bin\awt.dll
Event: 2.717 Loaded shared library C:\Users\HP\.skiko\0de0d8dd8554d9bb66cfca3837db6514ff9b71080e998917280a3b777460a416\skiko-windows-x64.dll
Event: 3.386 Loaded shared library C:\Users\HP\.jdks\corretto-17.0.7\bin\freetype.dll
Event: 3.387 Loaded shared library C:\Users\HP\.jdks\corretto-17.0.7\bin\fontmanager.dll

Deoptimization events (20 events):
Event: 4.143 Thread 0x0000020375c6b650 Uncommon trap: trap_request=0xffffff45 fr.pc=0x000002035dbb1fb8 relative=0x0000000000000298
Event: 4.143 Thread 0x0000020375c6b650 Uncommon trap: reason=unstable_if action=reinterpret pc=0x000002035dbb1fb8 method=java.lang.String.indexOf([BBILjava/lang/String;I)I @ 21 c2
Event: 4.143 Thread 0x0000020375c6b650 DEOPT PACKING pc=0x000002035dbb1fb8 sp=0x0000005dd21f4550
Event: 4.143 Thread 0x0000020375c6b650 DEOPT UNPACKING pc=0x000002035d5c69a3 sp=0x0000005dd21f44e0 mode 2
Event: 4.200 Thread 0x0000020375c6b650 Uncommon trap: trap_request=0xffffff45 fr.pc=0x000002035db201a0 relative=0x00000000000001a0
Event: 4.200 Thread 0x0000020375c6b650 Uncommon trap: reason=unstable_if action=reinterpret pc=0x000002035db201a0 method=java.lang.String.equals(Ljava/lang/Object;)Z @ 33 c2
Event: 4.200 Thread 0x0000020375c6b650 DEOPT PACKING pc=0x000002035db201a0 sp=0x0000005dd21f5030
Event: 4.200 Thread 0x0000020375c6b650 DEOPT UNPACKING pc=0x000002035d5c69a3 sp=0x0000005dd21f4fc0 mode 2
Event: 4.232 Thread 0x0000020375c6b650 Uncommon trap: trap_request=0xffffffde fr.pc=0x000002035dbb044c relative=0x000000000000048c
Event: 4.232 Thread 0x0000020375c6b650 Uncommon trap: reason=class_check action=maybe_recompile pc=0x000002035dbb044c method=java.util.HashMap.getNode(Ljava/lang/Object;)Ljava/util/HashMap$Node; @ 128 c2
Event: 4.232 Thread 0x0000020375c6b650 DEOPT PACKING pc=0x000002035dbb044c sp=0x0000005dd21f5570
Event: 4.232 Thread 0x0000020375c6b650 DEOPT UNPACKING pc=0x000002035d5c69a3 sp=0x0000005dd21f54e8 mode 2
Event: 4.266 Thread 0x0000020375c6b650 Uncommon trap: trap_request=0xffffffde fr.pc=0x000002035dbb044c relative=0x000000000000048c
Event: 4.266 Thread 0x0000020375c6b650 Uncommon trap: reason=class_check action=maybe_recompile pc=0x000002035dbb044c method=java.util.HashMap.getNode(Ljava/lang/Object;)Ljava/util/HashMap$Node; @ 128 c2
Event: 4.266 Thread 0x0000020375c6b650 DEOPT PACKING pc=0x000002035dbb044c sp=0x0000005dd21f53b0
Event: 4.266 Thread 0x0000020375c6b650 DEOPT UNPACKING pc=0x000002035d5c69a3 sp=0x0000005dd21f5328 mode 2
Event: 4.266 Thread 0x0000020375c6b650 Uncommon trap: trap_request=0xffffffde fr.pc=0x000002035dbb044c relative=0x000000000000048c
Event: 4.266 Thread 0x0000020375c6b650 Uncommon trap: reason=class_check action=maybe_recompile pc=0x000002035dbb044c method=java.util.HashMap.getNode(Ljava/lang/Object;)Ljava/util/HashMap$Node; @ 128 c2
Event: 4.266 Thread 0x0000020375c6b650 DEOPT PACKING pc=0x000002035dbb044c sp=0x0000005dd21f55c0
Event: 4.266 Thread 0x0000020375c6b650 DEOPT UNPACKING pc=0x000002035d5c69a3 sp=0x0000005dd21f5538 mode 2

Classes unloaded (0 events):
No events

Classes redefined (0 events):
No events

Internal exceptions (20 events):
Event: 0.568 Thread 0x000002034e548ab0 Exception <a 'java/lang/ClassNotFoundException'{0x0000000712227a08}: sun/awt/resources/spi/awtProvider> (0x0000000712227a08) 
thrown [s\src\hotspot\share\classfile\systemDictionary.cpp, line 256]
Event: 0.749 Thread 0x000002034e548ab0 Exception <a 'java/io/FileNotFoundException'{0x0000000712296998}> (0x0000000712296998) 
thrown [s\src\hotspot\share\prims\jni.cpp, line 516]
Event: 0.759 Thread 0x000002034e548ab0 Exception <a 'java/io/FileNotFoundException'{0x00000007122c3b40}> (0x00000007122c3b40) 
thrown [s\src\hotspot\share\prims\jni.cpp, line 516]
Event: 1.891 Thread 0x0000020375c6b650 Exception <a 'java/lang/NoSuchMethodError'{0x00000007120ff560}: 'java.lang.Object java.lang.invoke.DirectMethodHandle$Holder.invokeStaticInit(java.lang.Object, int, int, int, int)'> (0x00000007120ff560) 
thrown [s\src\hotspot\share\interpreter\linkResolver.cpp, line 759]
Event: 2.029 Thread 0x0000020375c6b650 Exception <a 'java/lang/NoSuchMethodError'{0x00000007121d1658}: 'java.lang.Object java.lang.invoke.DirectMethodHandle$Holder.invokeStaticInit(java.lang.Object, java.lang.Object, int, int, int, int)'> (0x00000007121d1658) 
thrown [s\src\hotspot\share\interpreter\linkResolver.cpp, line 759]
Event: 2.345 Thread 0x0000020375c6b650 Exception <a 'java/lang/NoSuchMethodError'{0x0000000711d3e260}: 'double java.lang.invoke.DirectMethodHandle$Holder.invokeStatic(java.lang.Object, double)'> (0x0000000711d3e260) 
thrown [s\src\hotspot\share\interpreter\linkResolver.cpp, line 759]
Event: 2.345 Thread 0x0000020375c6b650 Exception <a 'java/lang/NoSuchMethodError'{0x0000000711d41cc0}: 'double java.lang.invoke.DirectMethodHandle$Holder.invokeStaticInit(java.lang.Object, double)'> (0x0000000711d41cc0) 
thrown [s\src\hotspot\share\interpreter\linkResolver.cpp, line 759]
Event: 2.376 Thread 0x0000020375c6b650 Exception <a 'java/lang/NoSuchMethodError'{0x0000000711d8a678}: 'java.lang.Object java.lang.invoke.DirectMethodHandle$Holder.newInvokeSpecial(java.lang.Object, double)'> (0x0000000711d8a678) 
thrown [s\src\hotspot\share\interpreter\linkResolver.cpp, line 759]
Event: 3.024 Thread 0x0000020375c6b650 Exception <a 'java/lang/NoSuchMethodError'{0x0000000710c2f608}: 'void java.lang.invoke.DirectMethodHandle$Holder.invokeSpecial(java.lang.Object, java.lang.Object, java.lang.Object)'> (0x0000000710c2f608) 
thrown [s\src\hotspot\share\interpreter\linkResolver.cpp, line 759]
Event: 3.047 Thread 0x0000020375c6b650 Exception <a 'java/lang/NoSuchMethodError'{0x0000000710c599e0}: 'java.lang.Object java.lang.invoke.DirectMethodHandle$Holder.newInvokeSpecial(java.lang.Object, java.lang.Object, java.lang.Object, java.lang.Object, java.lang.Object)'> (0x0000000710c599e0) 
thrown [s\src\hotspot\share\interpreter\linkResolver.cpp, line 759]
Event: 3.050 Thread 0x0000020375c6b650 Exception <a 'java/lang/NoSuchMethodError'{0x0000000710c65650}: 'java.lang.Object java.lang.invoke.DirectMethodHandle$Holder.invokeStatic(java.lang.Object, int, java.lang.Object, java.lang.Object, java.lang.Object, java.lang.Object)'> (0x0000000710c65650) 
thrown [s\src\hotspot\share\interpreter\linkResolver.cpp, line 759]
Event: 3.061 Thread 0x0000020375c6b650 Exception <a 'java/lang/NoSuchMethodError'{0x0000000710c8b3d8}: 'java.lang.Object java.lang.invoke.DirectMethodHandle$Holder.invokeStatic(java.lang.Object, int, java.lang.Object)'> (0x0000000710c8b3d8) 
thrown [s\src\hotspot\share\interpreter\linkResolver.cpp, line 759]
Event: 3.141 Thread 0x0000020375c6b650 Exception <a 'java/lang/ClassNotFoundException'{0x0000000710d47e18}: com/sun/swing/internal/plaf/metal/resources/spi/metalProvider> (0x0000000710d47e18) 
thrown [s\src\hotspot\share\classfile\systemDictionary.cpp, line 256]
Event: 3.142 Thread 0x0000020375c6b650 Exception <a 'java/lang/ClassNotFoundException'{0x0000000710d4bdb8}: com/sun/swing/internal/plaf/basic/resources/spi/basicProvider> (0x0000000710d4bdb8) 
thrown [s\src\hotspot\share\classfile\systemDictionary.cpp, line 256]
Event: 3.156 Thread 0x0000020375c6b650 Implicit null exception at 0x000002035db40610 to 0x000002035db409e4
Event: 3.157 Thread 0x0000020375c6b650 Implicit null exception at 0x000002035db39510 to 0x000002035db398c8
Event: 3.209 Thread 0x0000020375c6b650 Exception <a 'java/lang/NoSuchMethodError'{0x000000071225f690}: 'void java.lang.invoke.DirectMethodHandle$Holder.invokeStatic(java.lang.Object, java.lang.Object, java.lang.Object)'> (0x000000071225f690) 
thrown [s\src\hotspot\share\interpreter\linkResolver.cpp, line 759]
Event: 3.381 Thread 0x0000020375c6b650 Exception <a 'java/lang/NoSuchMethodError'{0x0000000711e2f5f0}: 'void java.lang.invoke.DirectMethodHandle$Holder.invokeStaticInit(java.lang.Object)'> (0x0000000711e2f5f0) 
thrown [s\src\hotspot\share\interpreter\linkResolver.cpp, line 759]
Event: 3.620 Thread 0x0000020375c6b650 Exception <a 'java/lang/NoSuchMethodError'{0x0000000711bf2780}: 'int java.lang.invoke.DirectMethodHandle$Holder.invokeStaticInit(java.lang.Object, java.lang.Object, java.lang.Object)'> (0x0000000711bf2780) 
thrown [s\src\hotspot\share\interpreter\linkResolver.cpp, line 759]
Event: 4.074 Thread 0x0000020375c3a810 Exception <a 'java/lang/NoSuchMethodError'{0x0000000711f0bc08}: 'void java.lang.invoke.DirectMethodHandle$Holder.invokeVirtual(java.lang.Object, java.lang.Object)'> (0x0000000711f0bc08) 
thrown [s\src\hotspot\share\interpreter\linkResolver.cpp, line 759]

VM Operations (20 events):
Event: 1.547 Executing VM operation: Cleanup
Event: 1.547 Executing VM operation: Cleanup done
Event: 1.727 Executing VM operation: G1CollectForAllocation
Event: 1.731 Executing VM operation: G1CollectForAllocation done
Event: 2.543 Executing VM operation: HandshakeAllThreads
Event: 2.543 Executing VM operation: HandshakeAllThreads done
Event: 2.710 Executing VM operation: HandshakeAllThreads
Event: 2.710 Executing VM operation: HandshakeAllThreads done
Event: 2.710 Executing VM operation: HandshakeAllThreads
Event: 2.710 Executing VM operation: HandshakeAllThreads done
Event: 3.179 Executing VM operation: HandshakeAllThreads
Event: 3.179 Executing VM operation: HandshakeAllThreads done
Event: 3.179 Executing VM operation: Cleanup
Event: 3.179 Executing VM operation: Cleanup done
Event: 3.187 Executing VM operation: G1CollectForAllocation
Event: 3.192 Executing VM operation: G1CollectForAllocation done
Event: 3.198 Executing VM operation: HandshakeAllThreads
Event: 3.198 Executing VM operation: HandshakeAllThreads done
Event: 4.202 Executing VM operation: Cleanup
Event: 4.203 Executing VM operation: Cleanup done

Events (20 events):
Event: 4.082 loading class sun/java2d/d3d/D3DSurfaceData$D3DWindowSurfaceData done
Event: 4.083 loading class java/awt/geom/Rectangle2D$Double
Event: 4.083 loading class java/awt/geom/Rectangle2D$Double done
Event: 4.083 loading class java/awt/geom/RectIterator
Event: 4.083 loading class java/awt/geom/PathIterator
Event: 4.083 loading class java/awt/geom/PathIterator done
Event: 4.083 loading class java/awt/geom/RectIterator done
Event: 4.104 loading class java/io/NotSerializableException
Event: 4.104 loading class java/io/ObjectStreamException
Event: 4.104 loading class java/io/ObjectStreamException done
Event: 4.104 loading class java/io/NotSerializableException done
Event: 4.217 loading class java/util/AbstractList$ListItr
Event: 4.217 loading class java/util/AbstractList$ListItr done
Event: 4.456 loading class jdk/internal/misc/Signal$1
Event: 4.457 loading class jdk/internal/misc/Signal$1 done
Event: 4.457 Thread 0x0000020375e11d50 Thread added: 0x0000020375e11d50
Event: 4.457 Thread 0x0000020375e11880 Thread added: 0x0000020375e11880
Event: 4.458 Thread 0x0000020375e15240 Thread added: 0x0000020375e15240
Event: 4.459 Thread 0x0000020375e11880 Thread exited: 0x0000020375e11880
Event: 4.577 Thread 0x0000020375c3a810 Thread exited: 0x0000020375c3a810


Dynamic libraries:
0x00007ff76c870000 - 0x00007ff76c87d000 	C:\Users\HP\.jdks\corretto-17.0.7\bin\java.exe
0x00007ffae8e70000 - 0x00007ffae9068000 	C:\Windows\SYSTEM32\ntdll.dll
0x00007ffae85d0000 - 0x00007ffae868f000 	C:\Windows\System32\KERNEL32.DLL
0x00007ffae6550000 - 0x00007ffae6846000 	C:\Windows\System32\KERNELBASE.dll
0x00007ffae6b90000 - 0x00007ffae6c90000 	C:\Windows\System32\ucrtbase.dll
0x00007ffac1d40000 - 0x00007ffac1d55000 	C:\Users\HP\.jdks\corretto-17.0.7\bin\VCRUNTIME140.dll
0x00007ffad3b70000 - 0x00007ffad3b87000 	C:\Users\HP\.jdks\corretto-17.0.7\bin\jli.dll
0x00007ffae7e80000 - 0x00007ffae801d000 	C:\Windows\System32\USER32.dll
0x00007ffae6c90000 - 0x00007ffae6cb2000 	C:\Windows\System32\win32u.dll
0x00007ffae7e20000 - 0x00007ffae7e4c000 	C:\Windows\System32\GDI32.dll
0x00007ffacc090000 - 0x00007ffacc32a000 	C:\Windows\WinSxS\amd64_microsoft.windows.common-controls_6595b64144ccf1df_6.0.19041.1110_none_60b5254171f9507e\COMCTL32.dll
0x00007ffae6d10000 - 0x00007ffae6e25000 	C:\Windows\System32\gdi32full.dll
0x00007ffae6e30000 - 0x00007ffae6ecd000 	C:\Windows\System32\msvcp_win.dll
0x00007ffae8900000 - 0x00007ffae899e000 	C:\Windows\System32\msvcrt.dll
0x00007ffae7e50000 - 0x00007ffae7e80000 	C:\Windows\System32\IMM32.DLL
0x00007ffa9d440000 - 0x00007ffa9d4db000 	C:\Users\HP\.jdks\corretto-17.0.7\bin\msvcp140.dll
0x00007ffa1ec20000 - 0x00007ffa1f83a000 	C:\Users\HP\.jdks\corretto-17.0.7\bin\server\jvm.dll
0x00007ffae7550000 - 0x00007ffae75ff000 	C:\Windows\System32\ADVAPI32.dll
0x00007ffae8730000 - 0x00007ffae87cc000 	C:\Windows\System32\sechost.dll
0x00007ffae87d0000 - 0x00007ffae88f6000 	C:\Windows\System32\RPCRT4.dll
0x00007ffacbdc0000 - 0x00007ffacbde7000 	C:\Windows\SYSTEM32\WINMM.dll
0x00007ffadc780000 - 0x00007ffadc78a000 	C:\Windows\SYSTEM32\VERSION.dll
0x00007ffadc340000 - 0x00007ffadc349000 	C:\Windows\SYSTEM32\WSOCK32.dll
0x00007ffae8560000 - 0x00007ffae85cb000 	C:\Windows\System32\ws2_32.DLL
0x00007ffae4d40000 - 0x00007ffae4d52000 	C:\Windows\SYSTEM32\kernel.appcore.dll
0x00007ffac90f0000 - 0x00007ffac90fa000 	C:\Users\HP\.jdks\corretto-17.0.7\bin\jimage.dll
0x00007ffae1260000 - 0x00007ffae1444000 	C:\Windows\SYSTEM32\DBGHELP.DLL
0x00007ffacded0000 - 0x00007ffacdf04000 	C:\Windows\SYSTEM32\dbgcore.DLL
0x00007ffae6b00000 - 0x00007ffae6b82000 	C:\Windows\System32\bcryptPrimitives.dll
0x00007ffade5d0000 - 0x00007ffade5de000 	C:\Users\HP\.jdks\corretto-17.0.7\bin\instrument.dll
0x00007ffabfe20000 - 0x00007ffabfe45000 	C:\Users\HP\.jdks\corretto-17.0.7\bin\java.dll
0x00007ffa70430000 - 0x00007ffa70506000 	C:\Users\HP\.jdks\corretto-17.0.7\bin\jsvml.dll
0x00007ffae76d0000 - 0x00007ffae7e14000 	C:\Windows\System32\SHELL32.dll
0x00007ffae4590000 - 0x00007ffae4d24000 	C:\Windows\SYSTEM32\windows.storage.dll
0x00007ffae89a0000 - 0x00007ffae8cf4000 	C:\Windows\System32\combase.dll
0x00007ffae5dd0000 - 0x00007ffae5dfe000 	C:\Windows\SYSTEM32\Wldp.dll
0x00007ffae6f80000 - 0x00007ffae702d000 	C:\Windows\System32\SHCORE.dll
0x00007ffae8020000 - 0x00007ffae8075000 	C:\Windows\System32\shlwapi.dll
0x00007ffae6480000 - 0x00007ffae64a5000 	C:\Windows\SYSTEM32\profapi.dll
0x00007ffab6270000 - 0x00007ffab6288000 	C:\Users\HP\.jdks\corretto-17.0.7\bin\zip.dll
0x00007ffabfe00000 - 0x00007ffabfe19000 	C:\Users\HP\.jdks\corretto-17.0.7\bin\net.dll
0x00007ffad78b0000 - 0x00007ffad79ba000 	C:\Windows\SYSTEM32\WINHTTP.dll
0x00007ffae5bb0000 - 0x00007ffae5c1a000 	C:\Windows\system32\mswsock.dll
0x00007ffabfde0000 - 0x00007ffabfdf5000 	C:\Users\HP\.jdks\corretto-17.0.7\bin\nio.dll
0x00007ffad3ac0000 - 0x00007ffad3ada000 	C:\Program Files\JetBrains\IntelliJ IDEA Community Edition 2021.3.2\bin\breakgen64.dll
0x00007ffa70f70000 - 0x00007ffa71119000 	C:\Users\HP\.jdks\corretto-17.0.7\bin\awt.dll
0x00007ffae7600000 - 0x00007ffae76cd000 	C:\Windows\System32\OLEAUT32.dll
0x00007ffae02d0000 - 0x00007ffae0361000 	C:\Windows\SYSTEM32\apphelp.dll
0x00007ffae0ac0000 - 0x00007ffae0b5e000 	C:\Windows\system32\uxtheme.dll
0x00007ffae7340000 - 0x00007ffae7454000 	C:\Windows\System32\MSCTF.dll
0x00007ffae8d00000 - 0x00007ffae8e2a000 	C:\Windows\System32\ole32.dll
0x00007ffae0bd0000 - 0x00007ffae0bff000 	C:\Windows\system32\DWMAPI.DLL
0x00007ffab5940000 - 0x00007ffab5a65000 	C:\Windows\system32\opengl32.dll
0x00007ffab58d0000 - 0x00007ffab58fc000 	C:\Windows\SYSTEM32\GLU32.dll
0x00007ffae5e10000 - 0x00007ffae5e28000 	C:\Windows\SYSTEM32\CRYPTSP.dll
0x00007ffae54f0000 - 0x00007ffae5524000 	C:\Windows\system32\rsaenh.dll
0x00007ffae6a60000 - 0x00007ffae6a87000 	C:\Windows\System32\bcrypt.dll
0x00007ffae6400000 - 0x00007ffae642e000 	C:\Windows\SYSTEM32\USERENV.dll
0x00007ffae5d40000 - 0x00007ffae5d4c000 	C:\Windows\SYSTEM32\CRYPTBASE.dll
0x00007ffae58c0000 - 0x00007ffae58fc000 	C:\Windows\SYSTEM32\IPHLPAPI.DLL
0x00007ffae8080000 - 0x00007ffae8088000 	C:\Windows\System32\NSI.dll
0x00007ffad7d60000 - 0x00007ffad7d77000 	C:\Windows\SYSTEM32\dhcpcsvc6.DLL
0x00007ffad7d40000 - 0x00007ffad7d5d000 	C:\Windows\SYSTEM32\dhcpcsvc.DLL
0x00007ffae5900000 - 0x00007ffae59ca000 	C:\Windows\SYSTEM32\DNSAPI.dll
0x00007ffa64d20000 - 0x00007ffa65d6c000 	C:\Users\HP\.skiko\0de0d8dd8554d9bb66cfca3837db6514ff9b71080e998917280a3b777460a416\skiko-windows-x64.dll
0x00007ffaa8760000 - 0x00007ffaa87e3000 	C:\Users\HP\.jdks\corretto-17.0.7\bin\freetype.dll
0x00007ffaa8600000 - 0x00007ffaa86c2000 	C:\Users\HP\.jdks\corretto-17.0.7\bin\fontmanager.dll
0x00007ffadaaa0000 - 0x00007ffadaaa7000 	C:\Users\HP\.jdks\corretto-17.0.7\bin\jawt.dll
0x00007ffae4db0000 - 0x00007ffae4ea3000 	C:\Windows\SYSTEM32\Dxgi.dll
0x00007ffad3a30000 - 0x00007ffad3a50000 	C:\Windows\SYSTEM32\D3D12.dll
0x00007ffa6acc0000 - 0x00007ffa6ae8d000 	C:\Windows\SYSTEM32\D3D12Core.dll
0x00007ffad9fc0000 - 0x00007ffad9ffb000 	C:\Windows\SYSTEM32\dxcore.dll
0x00007ffae6cc0000 - 0x00007ffae6d0e000 	C:\Windows\System32\cfgmgr32.dll
0x00007ffad4b80000 - 0x00007ffad7799000 	C:\Windows\System32\DriverStore\FileRepository\igdlh64.inf_amd64_e6daaea9afe1e6f6\igc64.dll
0x00007ffa63080000 - 0x00007ffa64553000 	C:\Windows\System32\DriverStore\FileRepository\igdlh64.inf_amd64_e6daaea9afe1e6f6\igd12umd64.dll
0x00007ffad7ac0000 - 0x00007ffad7d17000 	C:\Windows\System32\DriverStore\FileRepository\igdlh64.inf_amd64_e6daaea9afe1e6f6\igdgmm64.dll
0x00007ffa62c70000 - 0x00007ffa6307b000 	C:\Windows\System32\DriverStore\FileRepository\igdlh64.inf_amd64_e6daaea9afe1e6f6\igdml64.dll
0x00007ffaa89b0000 - 0x00007ffaa89db000 	C:\Windows\SYSTEM32\D3DSCache.dll
0x00007ffa54bb0000 - 0x00007ffa593b2000 	C:\Windows\System32\DriverStore\FileRepository\igdlh64.inf_amd64_e6daaea9afe1e6f6\igd12dxva64.dll
0x00007ffae80f0000 - 0x00007ffae855e000 	C:\Windows\System32\SETUPAPI.dll
0x00007ffa84fc0000 - 0x00007ffa84fe7000 	C:\Windows\System32\DriverStore\FileRepository\igdlh64.inf_amd64_e6daaea9afe1e6f6\igdinfo64.dll
0x00007ffadd380000 - 0x00007ffadd587000 	C:\Windows\SYSTEM32\twinapi.appcore.dll
0x00007ffae6ed0000 - 0x00007ffae6f79000 	C:\Windows\System32\clbcatq.dll
0x00007ffa61c90000 - 0x00007ffa62c62000 	C:\Windows\System32\DriverStore\FileRepository\igdlh64.inf_amd64_e6daaea9afe1e6f6\ig9icd64.dll
0x00007ffae63b0000 - 0x00007ffae63fb000 	C:\Windows\SYSTEM32\powrprof.dll
0x00007ffae6390000 - 0x00007ffae63a2000 	C:\Windows\SYSTEM32\UMPDC.dll
0x00007ffad15d0000 - 0x00007ffad184f000 	C:\Windows\SYSTEM32\dwrite.dll

dbghelp: loaded successfully - version: 4.0.5 - missing functions: none
symbol engine: initialized successfully - sym options: 0x614 - pdb path: .;C:\Users\HP\.jdks\corretto-17.0.7\bin;C:\Windows\SYSTEM32;C:\Windows\WinSxS\amd64_microsoft.windows.common-controls_6595b64144ccf1df_6.0.19041.1110_none_60b5254171f9507e;C:\Users\HP\.jdks\corretto-17.0.7\bin\server;C:\Program Files\JetBrains\IntelliJ IDEA Community Edition 2021.3.2\bin;C:\Users\HP\.skiko\0de0d8dd8554d9bb66cfca3837db6514ff9b71080e998917280a3b777460a416;C:\Windows\System32\DriverStore\FileRepository\igdlh64.inf_amd64_e6daaea9afe1e6f6

VM Arguments:
jvm_args: -Djava.library.path=C:\Users\HP\Desktop\demo-compose-desktop\build\classes\kotlin\jvm\main;C:\Users\HP\Desktop\demo-compose-desktop\build\processedResources\jvm\main -javaagent:C:\Program Files\JetBrains\IntelliJ IDEA Community Edition 2021.3.2\lib\idea_rt.jar=52063:C:\Program Files\JetBrains\IntelliJ IDEA Community Edition 2021.3.2\bin -Dfile.encoding=UTF-8 
java_command: MainKt
java_class_path (initial): C:\Users\HP\Desktop\demo-compose-desktop\build\classes\kotlin\jvm\main;C:\Users\HP\Desktop\demo-compose-desktop\build\processedResources\jvm\main;C:\Users\HP\.gradle\caches\modules-2\files-2.1\io.insert-koin\koin-androidx-compose\3.4.5\ae0a88b7a68d507e651c5a3d70a541594bea54cb\koin-androidx-compose-3.4.5.aar;C:\Users\HP\.gradle\caches\modules-2\files-2.1\androidx.navigation\navigation-compose\2.6.0\3f8ce7b0bad21cced0c47b42b6347c65a6e422c3\navigation-compose-2.6.0.aar;C:\Users\HP\.gradle\caches\modules-2\files-2.1\org.jetbrains.kotlin\kotlin-stdlib-jdk8\1.8.21\67f57e154437cd9e6e9cf368394b95814836ff88\kotlin-stdlib-jdk8-1.8.21.jar;C:\Users\HP\.gradle\caches\modules-2\files-2.1\org.apache.poi\poi-ooxml\4.1.2\87d9a22aa9a7dd26e80c360e709f7ee02e32ab3b\poi-ooxml-4.1.2.jar;C:\Users\HP\.gradle\caches\modules-2\files-2.1\org.apache.poi\poi\4.1.2\964bf41cf68bce08e4ef6b2279b559fdf8d454f4\poi-4.1.2.jar;C:\Users\HP\.gradle\caches\modules-2\files-2.1\org.lwjgl\lwjgl-nfd\3.3.1\622318116996ddcff449b46cb38f0fdee39b8ac3\lwjgl-nfd-3.3.1.jar;C:\Users\HP\.gradle\caches\modules-2\files-2.1\org.lwjgl\lwjgl-nfd\3.3.1\2e007667e04ed3281152ae5c6e677fb1c2211691\lwjgl-nfd-3.3.1-natives-linux.jar;C:\Users\HP\.gradle\caches\modules-2\files-2.1\org.lwjgl\lwjgl\3.3.1\ae58664f88e18a9bb2c77b063833ca7aaec484cb\lwjgl-3.3.1.jar;C:\Users\HP\.gradle\caches\modules-2\files-2.1\io.insert-koin\koin-android\3.4.0\48715fbe06102a59a30bd45b06ed2400c16c6f45\koin-android-3.4.0.aar;C:\Users\HP\.gradle\caches\modules-2\files-2.1\org.lwjgl\lwjgl-nfd\3.3.1\b3e04e317f55dd738d8a345cdafd15b39f85a2ea\lwjgl-nfd-3.3.1-natives-linux-arm32.jar;C:\Users\HP\.gradle\caches\modules-2\files-2.1\androidx.lifecycle\lifecycle-viewmodel-compose\2.6.1\38cf3bb65ff3e0e5c3d63de2ebf5411d0898108c\lifecycle-viewmodel-compose-2.6.1.aar;C:\Users\HP\.gradle\caches\modules-2\files-2.1\org.lwjgl\lwjgl-nfd\3.3.1\f41dc62336f7ee4ab35705cfa440cc903d199165\lwjgl-nfd-3.3.1-natives-linux-arm64.jar;C:\Users\HP\.gradle\caches\mo
Launcher Type: SUN_STANDARD

[Global flags]
     intx CICompilerCount                          = 3                                         {product} {ergonomic}
     uint ConcGCThreads                            = 1                                         {product} {ergonomic}
     uint G1ConcRefinementThreads                  = 4                                         {product} {ergonomic}
   size_t G1HeapRegionSize                         = 2097152                                   {product} {ergonomic}
    uintx GCDrainStackTargetSize                   = 64                                        {product} {ergonomic}
   size_t InitialHeapSize                          = 266338304                                 {product} {ergonomic}
   size_t MarkStackSize                            = 4194304                                   {product} {ergonomic}
   size_t MaxHeapSize                              = 4255121408                                {product} {ergonomic}
   size_t MaxNewSize                               = 2552233984                                {product} {ergonomic}
   size_t MinHeapDeltaBytes                        = 2097152                                   {product} {ergonomic}
   size_t MinHeapSize                              = 8388608                                   {product} {ergonomic}
    uintx NonNMethodCodeHeapSize                   = 5832780                                {pd product} {ergonomic}
    uintx NonProfiledCodeHeapSize                  = 122912730                              {pd product} {ergonomic}
    uintx ProfiledCodeHeapSize                     = 122912730                              {pd product} {ergonomic}
    uintx ReservedCodeCacheSize                    = 251658240                              {pd product} {ergonomic}
     bool SegmentedCodeCache                       = true                                      {product} {ergonomic}
   size_t SoftMaxHeapSize                          = 4255121408                             {manageable} {ergonomic}
     bool UseCompressedClassPointers               = true                           {product lp64_product} {ergonomic}
     bool UseCompressedOops                        = true                           {product lp64_product} {ergonomic}
     bool UseG1GC                                  = true                                      {product} {ergonomic}
     bool UseLargePagesIndividualAllocation        = false                                  {pd product} {ergonomic}

Logging:
Log output configuration:
 #0: stdout all=warning uptime,level,tags
 #1: stderr all=off uptime,level,tags

Environment Variables:
PATH=C:\Program Files\Common Files\Oracle\Java\javapath;C:\Program Files (x86)\Common Files\Oracle\Java\javapath;C:\Windows\system32;C:\Windows;C:\Windows\System32\Wbem;C:\Windows\System32\WindowsPowerShell\v1.0\;C:\Windows\System32\OpenSSH\;C:\xampp\php;C:\ProgramData\ComposerSetup\bin;C:\Program Files\nodejs\;C:\Program Files (x86)\Intel\Intel(R) Management Engine Components\DAL;C:\Program Files\Intel\Intel(R) Management Engine Components\DAL;C:\Program Files\Git\cmd;C:\Program Files\Fortect;C:\Users\HP\AppData\Local\Microsoft\WindowsApps;C:\Program Files\JetBrains\IntelliJ IDEA Community Edition 2021.3.2\bin;C:\Users\HP\AppData\Local\Programs\Microsoft VS Code\bin;C:\Users\HP\AppData\Local\JetBrains\Toolbox\scripts;C:\Users\HP\AppData\Local\GitHubDesktop\bin;C:\Users\HP\Desktop\camp\flutter_windows_3.7.6-stable\flutter\bin;C:\Users\HP\AppData\Roaming\Composer\vendor\bin;C:\Users\HP\AppData\Roaming\npm
USERNAME=HP
OS=Windows_NT
PROCESSOR_IDENTIFIER=Intel64 Family 6 Model 142 Stepping 9, GenuineIntel
TMP=C:\Users\HP\AppData\Local\Temp
TEMP=C:\Users\HP\AppData\Local\Temp



---------------  S Y S T E M  ---------------

OS:
 Windows 10 , 64 bit Build 19041 (10.0.19041.3155)
OS uptime: 1 days 6:41 hours
Hyper-V role detected

CPU: total 4 (initial active 4) (2 cores per cpu, 2 threads per core) family 6 model 142 stepping 9 microcode 0xf2, cx8, cmov, fxsr, ht, mmx, 3dnowpref, sse, sse2, sse3, ssse3, sse4.1, sse4.2, popcnt, lzcnt, tsc, tscinvbit, avx, avx2, aes, erms, clmul, bmi1, bmi2, rtm, adx, fma, vzeroupper, clflush, clflushopt, hv

Memory: 4k page, system-wide physical 16224M (6049M free)
TotalPageFile size 32096M (AvailPageFile size 18996M)
current process WorkingSet (physical memory assigned to process): 222M, peak: 222M
current process commit charge ("private bytes"): 433M, peak: 434M

vm_info: OpenJDK 64-Bit Server VM (17.0.7+7-LTS) for windows-amd64 JRE (17.0.7+7-LTS), built on Apr 14 2023 01:39:21 by "Administrator" with MS VC++ 15.9 (VS2017)

END.
