#
# A fatal error has been detected by the Java Runtime Environment:
#
#  EXCEPTION_ACCESS_VIOLATION (0xc0000005) at pc=0x00007ffa174eebe3, pid=15580, tid=15540
#
# JRE version: OpenJDK Runtime Environment Corretto-17.0.7.7.1 (17.0.7+7) (build 17.0.7+7-LTS)
# Java VM: OpenJDK 64-Bit Server VM Corretto-17.0.7.7.1 (17.0.7+7-LTS, mixed mode, sharing, tiered, compressed oops, compressed class ptrs, g1 gc, windows-amd64)
# Problematic frame:
# C  [ig9icd64.dll+0x9bebe3]
#
# No core dump will be written. Minidumps are not enabled by default on client versions of Windows
#
# If you would like to submit a bug report, please visit:
#   https://github.com/corretto/corretto-17/issues/
# The crash happened outside the Java Virtual Machine in native code.
# See problematic frame for where to report the bug.
#

---------------  S U M M A R Y ------------

Command Line: -Djava.library.path=C:\Users\HP\Desktop\demo-compose-desktop\build\classes\kotlin\jvm\main;C:\Users\HP\Desktop\demo-compose-desktop\build\processedResources\jvm\main -javaagent:C:\Program Files\JetBrains\IntelliJ IDEA Community Edition 2021.3.2\lib\idea_rt.jar=56112:C:\Program Files\JetBrains\IntelliJ IDEA Community Edition 2021.3.2\bin -Dfile.encoding=UTF-8 MainKt

Host: Intel(R) Core(TM) i5-7300U CPU @ 2.60GHz, 4 cores, 15G,  Windows 10 , 64 bit Build 19041 (10.0.19041.3155)
Time: Wed Jul 12 14:35:18 2023 Libya Standard Time elapsed time: 37.763567 seconds (0d 0h 0m 37s)

---------------  T H R E A D  ---------------

Current thread (0x0000015dfe7c1fd0):  JavaThread "AWT-EventQueue-0" [_thread_in_native, id=15540, stack(0x0000003896000000,0x0000003896100000)]

Stack: [0x0000003896000000,0x0000003896100000],  sp=0x00000038960fca98,  free space=1010k
Native frames: (J=compiled Java code, j=interpreted, Vv=VM code, C=native code)
C  [ig9icd64.dll+0x9bebe3]

Java frames: (J=compiled Java code, j=interpreted, Vv=VM code)
J 5018  org.jetbrains.skia.DirectContextKt.DirectContext_nFlush(J)V (0 bytes) @ 0x0000015de6a18869 [0x0000015de6a18820+0x0000000000000049]
J 4739 c1 org.jetbrains.skiko.context.ContextHandler.flush()V (17 bytes) @ 0x0000015ddf5f11dc [0x0000015ddf5f1060+0x000000000000017c]
J 4742 c1 org.jetbrains.skiko.context.ContextHandler.draw()V (91 bytes) @ 0x0000015ddf5f2a64 [0x0000015ddf5f1f60+0x0000000000000b04]
J 4638 c1 org.jetbrains.skiko.redrawer.WindowsOpenGLRedrawer.draw()V (288 bytes) @ 0x0000015ddf5a853c [0x0000015ddf5a7e20+0x000000000000071c]
J 4145 c1 org.jetbrains.skiko.redrawer.WindowsOpenGLRedrawer$Companion$frameDispatcher$1.invokeSuspend(Ljava/lang/Object;)Ljava/lang/Object; (379 bytes) @ 0x0000015ddf4763f4 [0x0000015ddf475080+0x0000000000001374]
J 4636 c1 org.jetbrains.skiko.redrawer.WindowsOpenGLRedrawer$Companion$frameDispatcher$1.invoke(Ljava/lang/Object;)Ljava/lang/Object; (9 bytes) @ 0x0000015ddf5a7584 [0x0000015ddf5a7020+0x0000000000000564]
J 4113 c1 org.jetbrains.skiko.FrameDispatcher$job$1.invokeSuspend(Ljava/lang/Object;)Ljava/lang/Object; (156 bytes) @ 0x0000015ddf465a44 [0x0000015ddf4650a0+0x00000000000009a4]
J 4549 c2 kotlin.coroutines.jvm.internal.BaseContinuationImpl.resumeWith(Ljava/lang/Object;)V (128 bytes) @ 0x0000015de69ab400 [0x0000015de69ab3a0+0x0000000000000060]
J 4650 c2 kotlinx.coroutines.DispatchedTask.run()V (571 bytes) @ 0x0000015de69b56ac [0x0000015de69b5320+0x000000000000038c]
J 4708 c2 java.awt.EventQueue.dispatchEvent(Ljava/awt/AWTEvent;)V java.desktop@17.0.7 (80 bytes) @ 0x0000015de69c379c [0x0000015de69c31a0+0x00000000000005fc]
J 4772 c2 java.awt.EventDispatchThread.pumpOneEventForFilters(I)V java.desktop@17.0.7 (113 bytes) @ 0x0000015de69dc22c [0x0000015de69dbb40+0x00000000000006ec]
j  java.awt.EventDispatchThread.pumpEventsForFilter(ILjava/awt/Conditional;Ljava/awt/EventFilter;)V+35 java.desktop@17.0.7
j  java.awt.EventDispatchThread.pumpEventsForHierarchy(ILjava/awt/Conditional;Ljava/awt/Component;)V+11 java.desktop@17.0.7
j  java.awt.EventDispatchThread.pumpEvents(ILjava/awt/Conditional;)V+4 java.desktop@17.0.7
j  java.awt.EventDispatchThread.pumpEvents(Ljava/awt/Conditional;)V+3 java.desktop@17.0.7
j  java.awt.EventDispatchThread.run()V+9 java.desktop@17.0.7
v  ~StubRoutines::call_stub

siginfo: EXCEPTION_ACCESS_VIOLATION (0xc0000005), reading address 0x00007ffd57711110


Register to memory mapping:

RIP=0x00007ffa174eebe3 ig9icd64.dll
RAX=0x000000000fff0fff is an unknown value
RBX=0x00007ffa16b30000 ig9icd64.dll
RCX=0x000000033fcf3fcc is an unknown value
RDX=0x00000038960fcfb0 is pointing into the stack for thread: 0x0000015dfe7c1fd0
RSP=0x00000038960fca98 is pointing into the stack for thread: 0x0000015dfe7c1fd0
RBP=0x00000038960fcba0 is pointing into the stack for thread: 0x0000015dfe7c1fd0
RSI=0x0000015d811f2040 points into unknown readable memory: 0x0000015dff5bc040 | 40 c0 5b ff 5d 01 00 00
RDI=0x00000038960fcda0 is pointing into the stack for thread: 0x0000015dfe7c1fd0
R8 =0x00000038960fcbd0 is pointing into the stack for thread: 0x0000015dfe7c1fd0
R9 =0x00000038960fcfb0 is pointing into the stack for thread: 0x0000015dfe7c1fd0
R10=0x00000038960fcda0 is pointing into the stack for thread: 0x0000015dfe7c1fd0
R11=0x0 is NULL
R12=0x00007ffa179615e0 ig9icd64.dll
R13=0x0 is NULL
R14=0x0 is NULL
R15=0x00000000000001c1 is an unknown value


Registers:
RAX=0x000000000fff0fff, RBX=0x00007ffa16b30000, RCX=0x000000033fcf3fcc, RDX=0x00000038960fcfb0
RSP=0x00000038960fca98, RBP=0x00000038960fcba0, RSI=0x0000015d811f2040, RDI=0x00000038960fcda0
R8 =0x00000038960fcbd0, R9 =0x00000038960fcfb0, R10=0x00000038960fcda0, R11=0x0000000000000000
R12=0x00007ffa179615e0, R13=0x0000000000000000, R14=0x0000000000000000, R15=0x00000000000001c1
RIP=0x00007ffa174eebe3, EFLAGS=0x0000000000010206

Top of Stack: (sp=0x00000038960fca98)
0x00000038960fca98:   00007ffa174ec31b 0000000000000001
0x00000038960fcaa8:   0000000000000000 0000015d81b20f00
0x00000038960fcab8:   00007ffad7ac2622 0000003800000065
0x00000038960fcac8:   00000038960fccd0 0000000000000000
0x00000038960fcad8:   0000015df9c245f0 0000000000000000
0x00000038960fcae8:   0000015df9c27270 0000015d81b20fc0
0x00000038960fcaf8:   0000000000001100 0000000000000000
0x00000038960fcb08:   0000000000000000 00000038960fcc80
0x00000038960fcb18:   00007ffa171879c0 0000000000000000
0x00000038960fcb28:   0000000000000000 0000000000000000
0x00000038960fcb38:   0000000000000000 0000a1417a7ce95a
0x00000038960fcb48:   00007ffa16b46555 0000015d81b20fc0
0x00000038960fcb58:   0000000000000001 0000000000000000
0x00000038960fcb68:   00007ffae8e9b86b 0000000000950648
0x00000038960fcb78:   000000000000009c 0000015dfef7f750
0x00000038960fcb88:   0000000000000000 0000000000000000 

Instructions: (pc=0x00007ffa174eebe3)
0x00007ffa174eeae3:   c1 75 31 00 48 89 51 08 48 89 01 8b 44 24 28 89
0x00007ffa174eeaf3:   41 20 8b 44 24 30 89 41 24 48 8b c1 4c 89 41 10
0x00007ffa174eeb03:   4c 89 49 18 c3 cc cc cc cc cc cc cc cc 48 89 5c
0x00007ffa174eeb13:   24 08 8b 41 5c 48 8d 1d e1 14 64 ff 41 89 40 08
0x00007ffa174eeb23:   4c 8b d1 8b 41 60 45 33 db 41 89 40 0c 4c 8b ca
0x00007ffa174eeb33:   8b 41 64 41 89 40 10 8b 41 68 41 89 40 14 8b 41
0x00007ffa174eeb43:   6c 41 89 40 18 8b 41 70 41 89 40 1c 48 63 41 74
0x00007ffa174eeb53:   48 6b c8 34 8b 84 19 44 d1 ee 00 41 89 40 20 8b
0x00007ffa174eeb63:   84 19 48 d1 ee 00 41 89 40 24 8b 84 19 4c d1 ee
0x00007ffa174eeb73:   00 41 89 40 28 8b 84 19 50 d1 ee 00 41 89 40 2c
0x00007ffa174eeb83:   8b 84 19 34 d1 ee 00 41 89 40 30 8b 84 19 38 d1
0x00007ffa174eeb93:   ee 00 41 89 40 34 8b 84 19 3c d1 ee 00 41 89 40
0x00007ffa174eeba3:   38 8b 84 19 40 d1 ee 00 41 89 40 3c 8b 84 19 24
0x00007ffa174eebb3:   d1 ee 00 41 89 40 40 8b 84 19 28 d1 ee 00 41 89
0x00007ffa174eebc3:   40 44 8b 84 19 2c d1 ee 00 41 89 40 48 8b 84 19
0x00007ffa174eebd3:   30 d1 ee 00 41 89 40 4c 49 63 42 78 48 6b c8 34
0x00007ffa174eebe3:   8b 84 19 44 d1 ee 00 41 89 40 50 8b 84 19 48 d1
0x00007ffa174eebf3:   ee 00 41 89 40 54 8b 84 19 4c d1 ee 00 41 89 40
0x00007ffa174eec03:   58 8b 84 19 50 d1 ee 00 41 89 40 5c 8b 84 19 34
0x00007ffa174eec13:   d1 ee 00 41 89 40 60 8b 84 19 38 d1 ee 00 41 89
0x00007ffa174eec23:   40 64 8b 84 19 3c d1 ee 00 41 89 40 68 8b 84 19
0x00007ffa174eec33:   40 d1 ee 00 41 89 40 6c 8b 84 19 24 d1 ee 00 41
0x00007ffa174eec43:   89 40 70 8b 84 19 28 d1 ee 00 41 89 40 74 8b 84
0x00007ffa174eec53:   19 2c d1 ee 00 41 89 40 78 8b 84 19 30 d1 ee 00
0x00007ffa174eec63:   41 89 40 7c 48 8b 42 18 8b 88 38 0b 00 00 f6 c1
0x00007ffa174eec73:   08 0f 84 86 00 00 00 8b 80 3c 0b 00 00 41 89 80
0x00007ffa174eec83:   80 00 00 00 48 8b 42 18 8b 88 40 0b 00 00 41 89
0x00007ffa174eec93:   88 84 00 00 00 48 8b 42 18 8b 88 44 0b 00 00 41
0x00007ffa174eeca3:   89 88 88 00 00 00 48 8b 42 18 8b 88 48 0b 00 00
0x00007ffa174eecb3:   41 89 88 8c 00 00 00 48 8b 42 18 8b 88 4c 0b 00
0x00007ffa174eecc3:   00 41 89 88 90 00 00 00 48 8b 42 18 8b 88 50 0b
0x00007ffa174eecd3:   00 00 41 89 88 94 00 00 00 48 8b 42 18 8b 88 54 


Stack slot to memory mapping:
stack at sp + 0 slots: 0x00007ffa174ec31b ig9icd64.dll
stack at sp + 1 slots: 0x0000000000000001 is an unknown value
stack at sp + 2 slots: 0x0 is NULL
stack at sp + 3 slots: 0x0000015d81b20f00 points into unknown readable memory: 0x23f023f800000003 | 03 00 00 00 f8 23 f0 23
stack at sp + 4 slots: 0x00007ffad7ac2622 igdgmm64.dll
stack at sp + 5 slots: 0x0000003800000065 is an unknown value
stack at sp + 6 slots: 0x00000038960fccd0 is pointing into the stack for thread: 0x0000015dfe7c1fd0
stack at sp + 7 slots: 0x0 is NULL


---------------  P R O C E S S  ---------------

Threads class SMR info:
_java_thread_list=0x0000015df9b83d40, length=28, elements={
0x0000015dd71c45e0, 0x0000015df9875be0, 0x0000015df9876a50, 0x0000015df9889a70,
0x0000015df988e630, 0x0000015df9891890, 0x0000015df9892240, 0x0000015df9892f20,
0x0000015df98969e0, 0x0000015df989b070, 0x0000015df9a95050, 0x0000015dfe047a00,
0x0000015dfe047ed0, 0x0000015dfe582130, 0x0000015dfe582600, 0x0000015dfe7c1fd0,
0x0000015dfe98c540, 0x0000015dfef4fd80, 0x0000015dfeae2040, 0x0000015dfeadf9c0,
0x0000015dfeae1b70, 0x0000015dfeadfe90, 0x0000015dfeae11d0, 0x0000015d81d42040,
0x0000015d81d441f0, 0x0000015d81d45060, 0x0000015d81d3f4f0, 0x0000015d81d40d00
}

Java Threads: ( => current thread )
  0x0000015dd71c45e0 JavaThread "main" [_thread_blocked, id=15184, stack(0x0000003894500000,0x0000003894600000)]
  0x0000015df9875be0 JavaThread "Reference Handler" daemon [_thread_blocked, id=3088, stack(0x0000003894c00000,0x0000003894d00000)]
  0x0000015df9876a50 JavaThread "Finalizer" daemon [_thread_blocked, id=20080, stack(0x0000003894d00000,0x0000003894e00000)]
  0x0000015df9889a70 JavaThread "Signal Dispatcher" daemon [_thread_blocked, id=15840, stack(0x0000003894e00000,0x0000003894f00000)]
  0x0000015df988e630 JavaThread "Attach Listener" daemon [_thread_blocked, id=11404, stack(0x0000003894f00000,0x0000003895000000)]
  0x0000015df9891890 JavaThread "Service Thread" daemon [_thread_blocked, id=20208, stack(0x0000003895000000,0x0000003895100000)]
  0x0000015df9892240 JavaThread "Monitor Deflation Thread" daemon [_thread_blocked, id=19656, stack(0x0000003895100000,0x0000003895200000)]
  0x0000015df9892f20 JavaThread "C2 CompilerThread0" daemon [_thread_blocked, id=13764, stack(0x0000003895200000,0x0000003895300000)]
  0x0000015df98969e0 JavaThread "C1 CompilerThread0" daemon [_thread_blocked, id=16112, stack(0x0000003895300000,0x0000003895400000)]
  0x0000015df989b070 JavaThread "Sweeper thread" daemon [_thread_blocked, id=4660, stack(0x0000003895400000,0x0000003895500000)]
  0x0000015df9a95050 JavaThread "Common-Cleaner" daemon [_thread_blocked, id=17640, stack(0x0000003895500000,0x0000003895600000)]
  0x0000015dfe047a00 JavaThread "Monitor Ctrl-Break" daemon [_thread_in_native, id=18096, stack(0x0000003895600000,0x0000003895700000)]
  0x0000015dfe047ed0 JavaThread "Notification Thread" daemon [_thread_blocked, id=2176, stack(0x0000003895700000,0x0000003895800000)]
  0x0000015dfe582130 JavaThread "Java2D Disposer" daemon [_thread_blocked, id=9952, stack(0x0000003895d00000,0x0000003895e00000)]
  0x0000015dfe582600 JavaThread "AWT-Shutdown" [_thread_blocked, id=10472, stack(0x0000003895e00000,0x0000003895f00000)]
=>0x0000015dfe7c1fd0 JavaThread "AWT-EventQueue-0" [_thread_in_native, id=15540, stack(0x0000003896000000,0x0000003896100000)]
  0x0000015dfe98c540 JavaThread "Reference Cleaner" daemon [_thread_blocked, id=13872, stack(0x0000003896100000,0x0000003896200000)]
  0x0000015dfef4fd80 JavaThread "DefaultDispatcher-worker-1" daemon [_thread_blocked, id=4076, stack(0x0000003896200000,0x0000003896300000)]
  0x0000015dfeae2040 JavaThread "DefaultDispatcher-worker-2" daemon [_thread_blocked, id=20128, stack(0x0000003896300000,0x0000003896400000)]
  0x0000015dfeadf9c0 JavaThread "DefaultDispatcher-worker-3" daemon [_thread_blocked, id=5328, stack(0x0000003896400000,0x0000003896500000)]
  0x0000015dfeae1b70 JavaThread "kotlinx.coroutines.DefaultExecutor" daemon [_thread_blocked, id=12052, stack(0x0000003896500000,0x0000003896600000)]
  0x0000015dfeadfe90 JavaThread "TimerQueue" daemon [_thread_blocked, id=10424, stack(0x0000003895c00000,0x0000003895d00000)]
  0x0000015dfeae11d0 JavaThread "RealmFinalizingDaemon" daemon [_thread_blocked, id=18164, stack(0x0000003896a00000,0x0000003896b00000)]
  0x0000015d81d42040 JavaThread "core-notifier" daemon [_thread_in_native, id=19540, stack(0x0000003896c00000,0x0000003896d00000)]
  0x0000015d81d441f0 JavaThread "DefaultDispatcher-worker-4" daemon [_thread_blocked, id=15568, stack(0x0000003896f00000,0x0000003897000000)]
  0x0000015d81d45060 JavaThread "DefaultDispatcher-worker-5" daemon [_thread_blocked, id=18336, stack(0x0000003897000000,0x0000003897100000)]
  0x0000015d81d3f4f0 JavaThread "DefaultDispatcher-worker-6" daemon [_thread_blocked, id=16108, stack(0x0000003897100000,0x0000003897200000)]
  0x0000015d81d40d00 JavaThread "SIGINT handler" daemon [_thread_blocked, id=9828, stack(0x0000003897200000,0x0000003897300000)]

Other Threads:
  0x0000015df986fb80 VMThread "VM Thread" [stack: 0x0000003894b00000,0x0000003894c00000] [id=11208]
  0x0000015dfe1a6c70 WatcherThread [stack: 0x0000003895800000,0x0000003895900000] [id=5904]
  0x0000015dd722f690 GCTaskThread "GC Thread#0" [stack: 0x0000003894600000,0x0000003894700000] [id=18008]
  0x0000015dfe4b8410 GCTaskThread "GC Thread#1" [stack: 0x0000003895900000,0x0000003895a00000] [id=1700]
  0x0000015dfe4b86c0 GCTaskThread "GC Thread#2" [stack: 0x0000003895a00000,0x0000003895b00000] [id=18680]
  0x0000015dfe56a290 GCTaskThread "GC Thread#3" [stack: 0x0000003895b00000,0x0000003895c00000] [id=9688]
  0x0000015dd7240360 ConcurrentGCThread "G1 Main Marker" [stack: 0x0000003894700000,0x0000003894800000] [id=18692]
  0x0000015dd7240d70 ConcurrentGCThread "G1 Conc#0" [stack: 0x0000003894800000,0x0000003894900000] [id=6480]
  0x0000015dd727e560 ConcurrentGCThread "G1 Refine#0" [stack: 0x0000003894900000,0x0000003894a00000] [id=16304]
  0x0000015df97240e0 ConcurrentGCThread "G1 Service" [stack: 0x0000003894a00000,0x0000003894b00000] [id=17428]

Threads with active compile tasks:

VM state: not at safepoint (normal execution)

VM Mutex/Monitor currently owned by a thread: None

Heap address: 0x0000000702600000, size: 4058 MB, Compressed Oops mode: Zero based, Oop shift amount: 3

CDS archive(s) mapped at: [0x0000000800000000-0x0000000800bc0000-0x0000000800bc0000), size 12320768, SharedBaseAddress: 0x0000000800000000, ArchiveRelocationMode: 0.
Compressed class space mapped at: 0x0000000801000000-0x0000000841000000, reserved size: 1073741824
Narrow klass base: 0x0000000800000000, Narrow klass shift: 0, Narrow klass range: 0x100000000

GC Precious Log:
 CPUs: 4 total, 4 available
 Memory: 16224M
 Large Page Support: Disabled
 NUMA Support: Disabled
 Compressed Oops: Enabled (Zero based)
 Heap Region Size: 2M
 Heap Min Capacity: 8M
 Heap Initial Capacity: 254M
 Heap Max Capacity: 4058M
 Pre-touch: Disabled
 Parallel Workers: 4
 Concurrent Workers: 1
 Concurrent Refinement Workers: 4
 Periodic GC: Disabled

Heap:
 garbage-first heap   total 90112K, used 28109K [0x0000000702600000, 0x0000000800000000)
  region size 2048K, 3 young (6144K), 0 survivors (0K)
 Metaspace       used 35334K, committed 35584K, reserved 1114112K
  class space    used 3804K, committed 3904K, reserved 1048576K

Heap Regions: E=young(eden), S=young(survivor), O=old, HS=humongous(starts), HC=humongous(continues), CS=collection set, F=free, OA=open archive, CA=closed archive, TAMS=top-at-mark-start (previous, next)
|   0|0x0000000702600000, 0x0000000702800000, 0x0000000702800000|100%|HS|  |TAMS 0x0000000702800000, 0x0000000702600000| Untracked 
|   1|0x0000000702800000, 0x0000000702a00000, 0x0000000702a00000|100%| O|  |TAMS 0x0000000702a00000, 0x0000000702800000| Untracked 
|   2|0x0000000702a00000, 0x0000000702bfffe8, 0x0000000702c00000| 99%| O|  |TAMS 0x0000000702a00000, 0x0000000702a00000| Untracked 
|   3|0x0000000702c00000, 0x0000000702dffff0, 0x0000000702e00000| 99%| O|  |TAMS 0x0000000702c00000, 0x0000000702c00000| Untracked 
|   4|0x0000000702e00000, 0x0000000703000000, 0x0000000703000000|100%| O|  |TAMS 0x0000000702e00000, 0x0000000702e00000| Untracked 
|   5|0x0000000703000000, 0x000000070313d820, 0x0000000703200000| 62%| O|  |TAMS 0x0000000703000000, 0x0000000703000000| Untracked 
|   6|0x0000000703200000, 0x0000000703200000, 0x0000000703400000|  0%| F|  |TAMS 0x0000000703200000, 0x0000000703200000| Untracked 
|   7|0x0000000703400000, 0x0000000703400000, 0x0000000703600000|  0%| F|  |TAMS 0x0000000703400000, 0x0000000703400000| Untracked 
|   8|0x0000000703600000, 0x0000000703600000, 0x0000000703800000|  0%| F|  |TAMS 0x0000000703600000, 0x0000000703600000| Untracked 
|   9|0x0000000703800000, 0x0000000703800000, 0x0000000703a00000|  0%| F|  |TAMS 0x0000000703800000, 0x0000000703800000| Untracked 
|  10|0x0000000703a00000, 0x0000000703c00000, 0x0000000703c00000|100%| O|  |TAMS 0x0000000703c00000, 0x0000000703a00000| Untracked 
|  11|0x0000000703c00000, 0x0000000703c00000, 0x0000000703e00000|  0%| F|  |TAMS 0x0000000703c00000, 0x0000000703c00000| Untracked 
|  12|0x0000000703e00000, 0x0000000703f70d98, 0x0000000704000000| 72%| O|  |TAMS 0x0000000703e00000, 0x0000000703e00000| Untracked 
|  13|0x0000000704000000, 0x0000000704200000, 0x0000000704200000|100%|HS|  |TAMS 0x0000000704200000, 0x0000000704000000| Untracked 
|  14|0x0000000704200000, 0x0000000704400000, 0x0000000704400000|100%|HC|  |TAMS 0x0000000704400000, 0x0000000704200000| Untracked 
|  15|0x0000000704400000, 0x0000000704600000, 0x0000000704600000|100%|HC|  |TAMS 0x0000000704600000, 0x0000000704400000| Untracked 
|  16|0x0000000704600000, 0x0000000704800000, 0x0000000704800000|100%|HC|  |TAMS 0x0000000704800000, 0x0000000704600000| Untracked 
|  17|0x0000000704800000, 0x0000000704800000, 0x0000000704a00000|  0%| F|  |TAMS 0x0000000704800000, 0x0000000704800000| Untracked 
|  18|0x0000000704a00000, 0x0000000704ac5190, 0x0000000704c00000| 38%| O|  |TAMS 0x0000000704a00000, 0x0000000704a00000| Untracked 
|  19|0x0000000704c00000, 0x0000000704c00000, 0x0000000704e00000|  0%| F|  |TAMS 0x0000000704c00000, 0x0000000704c00000| Untracked 
|  20|0x0000000704e00000, 0x0000000704e00000, 0x0000000705000000|  0%| F|  |TAMS 0x0000000704e00000, 0x0000000704e00000| Untracked 
|  21|0x0000000705000000, 0x0000000705000000, 0x0000000705200000|  0%| F|  |TAMS 0x0000000705000000, 0x0000000705000000| Untracked 
|  22|0x0000000705200000, 0x0000000705200000, 0x0000000705400000|  0%| F|  |TAMS 0x0000000705200000, 0x0000000705200000| Untracked 
|  23|0x0000000705400000, 0x0000000705400000, 0x0000000705600000|  0%| F|  |TAMS 0x0000000705400000, 0x0000000705400000| Untracked 
|  24|0x0000000705600000, 0x0000000705600000, 0x0000000705800000|  0%| F|  |TAMS 0x0000000705600000, 0x0000000705600000| Untracked 
|  25|0x0000000705800000, 0x0000000705800000, 0x0000000705a00000|  0%| F|  |TAMS 0x0000000705800000, 0x0000000705800000| Untracked 
|  26|0x0000000705a00000, 0x0000000705a00000, 0x0000000705c00000|  0%| F|  |TAMS 0x0000000705a00000, 0x0000000705a00000| Untracked 
|  27|0x0000000705c00000, 0x0000000705c00000, 0x0000000705e00000|  0%| F|  |TAMS 0x0000000705c00000, 0x0000000705c00000| Untracked 
|  28|0x0000000705e00000, 0x0000000705e00000, 0x0000000706000000|  0%| F|  |TAMS 0x0000000705e00000, 0x0000000705e00000| Untracked 
|  29|0x0000000706000000, 0x0000000706000000, 0x0000000706200000|  0%| F|  |TAMS 0x0000000706000000, 0x0000000706000000| Untracked 
|  30|0x0000000706200000, 0x0000000706200000, 0x0000000706400000|  0%| F|  |TAMS 0x0000000706200000, 0x0000000706200000| Untracked 
|  31|0x0000000706400000, 0x0000000706400000, 0x0000000706600000|  0%| F|  |TAMS 0x0000000706400000, 0x0000000706400000| Untracked 
|  32|0x0000000706600000, 0x0000000706600000, 0x0000000706800000|  0%| F|  |TAMS 0x0000000706600000, 0x0000000706600000| Untracked 
|  33|0x0000000706800000, 0x0000000706800000, 0x0000000706a00000|  0%| F|  |TAMS 0x0000000706800000, 0x0000000706800000| Untracked 
|  34|0x0000000706a00000, 0x0000000706a00000, 0x0000000706c00000|  0%| F|  |TAMS 0x0000000706a00000, 0x0000000706a00000| Untracked 
|  35|0x0000000706c00000, 0x0000000706c00000, 0x0000000706e00000|  0%| F|  |TAMS 0x0000000706c00000, 0x0000000706c00000| Untracked 
|  36|0x0000000706e00000, 0x0000000706e00000, 0x0000000707000000|  0%| F|  |TAMS 0x0000000706e00000, 0x0000000706e00000| Untracked 
|  37|0x0000000707000000, 0x0000000707000000, 0x0000000707200000|  0%| F|  |TAMS 0x0000000707000000, 0x0000000707000000| Untracked 
|  38|0x0000000707200000, 0x0000000707200000, 0x0000000707400000|  0%| F|  |TAMS 0x0000000707200000, 0x0000000707200000| Untracked 
|  39|0x0000000707400000, 0x0000000707400000, 0x0000000707600000|  0%| F|  |TAMS 0x0000000707400000, 0x0000000707400000| Untracked 
|  40|0x0000000707600000, 0x0000000707600000, 0x0000000707800000|  0%| F|  |TAMS 0x0000000707600000, 0x0000000707600000| Untracked 
|  41|0x0000000707800000, 0x0000000707867b30, 0x0000000707a00000| 20%| E|  |TAMS 0x0000000707800000, 0x0000000707800000| Complete 
|  42|0x0000000707a00000, 0x0000000707c00000, 0x0000000707c00000|100%| E|CS|TAMS 0x0000000707a00000, 0x0000000707a00000| Complete 
|  43|0x0000000707c00000, 0x0000000707e00000, 0x0000000707e00000|100%| E|CS|TAMS 0x0000000707c00000, 0x0000000707c00000| Complete 

Card table byte_map: [0x0000015dee4b0000,0x0000015deeca0000] _byte_map_base: 0x0000015deac9d000

Marking Bits (Prev, Next): (CMBitMap*) 0x0000015dd722fca0, (CMBitMap*) 0x0000015dd722fce0
 Prev Bits: [0x0000015def490000, 0x0000015df33f8000)
 Next Bits: [0x0000015df3400000, 0x0000015df7368000)

Polling page: 0x0000015dd4f00000

Metaspace:

Usage:
  Non-class:     30.79 MB used.
      Class:      3.72 MB used.
       Both:     34.51 MB used.

Virtual space:
  Non-class space:       64.00 MB reserved,      30.94 MB ( 48%) committed,  1 nodes.
      Class space:        1.00 GB reserved,       3.81 MB ( <1%) committed,  1 nodes.
             Both:        1.06 GB reserved,      34.75 MB (  3%) committed. 

Chunk freelists:
   Non-Class:  800.00 KB
       Class:  12.22 MB
        Both:  13.00 MB

MaxMetaspaceSize: unlimited
CompressedClassSpaceSize: 1.00 GB
Initial GC threshold: 21.00 MB
Current GC threshold: 57.81 MB
CDS: on
MetaspaceReclaimPolicy: balanced
 - commit_granule_bytes: 65536.
 - commit_granule_words: 8192.
 - virtual_space_node_default_size: 8388608.
 - enlarge_chunks_in_place: 1.
 - new_chunks_are_fully_committed: 0.
 - uncommit_free_chunks: 1.
 - use_allocation_guard: 0.
 - handle_deallocations: 1.


Internal statistics:

num_allocs_failed_limit: 3.
num_arena_births: 160.
num_arena_deaths: 0.
num_vsnodes_births: 2.
num_vsnodes_deaths: 0.
num_space_committed: 556.
num_space_uncommitted: 0.
num_chunks_returned_to_freelist: 3.
num_chunks_taken_from_freelist: 1088.
num_chunk_merges: 3.
num_chunk_splits: 941.
num_chunks_enlarged: 861.
num_inconsistent_stats: 0.

CodeHeap 'non-profiled nmethods': size=120000Kb used=3100Kb max_used=3100Kb free=116899Kb
 bounds [0x0000015de6790000, 0x0000015de6aa0000, 0x0000015dedcc0000]
CodeHeap 'profiled nmethods': size=120000Kb used=11330Kb max_used=11330Kb free=108669Kb
 bounds [0x0000015ddecc0000, 0x0000015ddf7e0000, 0x0000015de61f0000]
CodeHeap 'non-nmethods': size=5760Kb used=1898Kb max_used=1951Kb free=3861Kb
 bounds [0x0000015de61f0000, 0x0000015de6460000, 0x0000015de6790000]
 total_blobs=6980 nmethods=5596 adapters=1296
 compilation: enabled
              stopped_count=0, restarted_count=0
 full_count=0

Compilation events (20 events):
Event: 37.335 Thread 0x0000015df98969e0 5591   !   3       java.util.concurrent.DelayQueue::take (214 bytes)
Event: 37.336 Thread 0x0000015df98969e0 nmethod 5591 0x0000015ddf7c9290 code [0x0000015ddf7c9660, 0x0000015ddf7cb328]
Event: 37.336 Thread 0x0000015df98969e0 5593       3       androidx.compose.ui.platform.AccessibilityControllerImpl::syncLoop (163 bytes)
Event: 37.337 Thread 0x0000015df98969e0 

Event: 37.337 Thread 0x0000015df98969e0 5592       3       kotlinx.coroutines.CancellableContinuationImpl::resumeUndispatched (58 bytes)
Event: 37.337 Thread 0x0000015df98969e0 nmethod 5592 0x0000015ddf7cbf90 code [0x0000015ddf7cc160, 0x0000015ddf7cc648]
Event: 37.445 Thread 0x0000015df98969e0 5594       3       javax.swing.Timer::post (36 bytes)
Event: 37.447 Thread 0x0000015df98969e0 nmethod 5594 0x0000015ddf7cc790 code [0x0000015ddf7cca80, 0x0000015ddf7cda98]
Event: 37.447 Thread 0x0000015df98969e0 5595       3       javax.swing.Timer$1::<init> (10 bytes)
Event: 37.447 Thread 0x0000015df98969e0 nmethod 5595 0x0000015ddf7ce090 code [0x0000015ddf7ce220, 0x0000015ddf7ce3f8]
Event: 37.447 Thread 0x0000015df98969e0 5596       3       javax.swing.Timer::getAccessControlContext (22 bytes)
Event: 37.447 Thread 0x0000015df98969e0 nmethod 5596 0x0000015ddf7ce490 code [0x0000015ddf7ce640, 0x0000015ddf7ce868]
Event: 37.448 Thread 0x0000015df98969e0 5597       3       javax.swing.Timer$DoPostEvent::run (82 bytes)
Event: 37.448 Thread 0x0000015df98969e0 nmethod 5597 0x0000015ddf7ce990 code [0x0000015ddf7cebc0, 0x0000015ddf7cf2f8]
Event: 37.448 Thread 0x0000015df98969e0 5599       3       javax.swing.Timer::fireActionPerformed (46 bytes)
Event: 37.449 Thread 0x0000015df98969e0 nmethod 5599 0x0000015ddf7cf610 code [0x0000015ddf7cf7e0, 0x0000015ddf7cfc68]
Event: 37.449 Thread 0x0000015df98969e0 5598       3       java.awt.event.ActionEvent::<init> (24 bytes)
Event: 37.449 Thread 0x0000015df98969e0 nmethod 5598 0x0000015ddf7cfe10 code [0x0000015ddf7cffc0, 0x0000015ddf7d0188]
Event: 37.653 Thread 0x0000015df98969e0 5600       3       java.util.IdentityHashMap$IdentityHashMapIterator::nextIndex (72 bytes)
Event: 37.653 Thread 0x0000015df98969e0 nmethod 5600 0x0000015ddf7d0290 code [0x0000015ddf7d0460, 0x0000015ddf7d08a8]

GC Heap History (18 events):
Event: 0.882 GC heap before
{Heap before GC invocations=0 (full 0):
 garbage-first heap   total 260096K, used 12288K [0x0000000702600000, 0x0000000800000000)
  region size 2048K, 6 young (12288K), 0 survivors (0K)
 Metaspace       used 1752K, committed 1856K, reserved 1114112K
  class space    used 158K, committed 192K, reserved 1048576K
}
Event: 0.912 GC heap after
{Heap after GC invocations=1 (full 0):
 garbage-first heap   total 260096K, used 7148K [0x0000000702600000, 0x0000000800000000)
  region size 2048K, 1 young (2048K), 1 survivors (2048K)
 Metaspace       used 1752K, committed 1856K, reserved 1114112K
  class space    used 158K, committed 192K, reserved 1048576K
}
Event: 1.909 GC heap before
{Heap before GC invocations=1 (full 0):
 garbage-first heap   total 260096K, used 15340K [0x0000000702600000, 0x0000000800000000)
  region size 2048K, 6 young (12288K), 1 survivors (2048K)
 Metaspace       used 5749K, committed 5888K, reserved 1114112K
  class space    used 457K, committed 512K, reserved 1048576K
}
Event: 1.912 GC heap after
{Heap after GC invocations=2 (full 0):
 garbage-first heap   total 260096K, used 8110K [0x0000000702600000, 0x0000000800000000)
  region size 2048K, 1 young (2048K), 1 survivors (2048K)
 Metaspace       used 5749K, committed 5888K, reserved 1114112K
  class space    used 457K, committed 512K, reserved 1048576K
}
Event: 3.408 GC heap before
{Heap before GC invocations=2 (full 0):
 garbage-first heap   total 260096K, used 28590K [0x0000000702600000, 0x0000000800000000)
  region size 2048K, 12 young (24576K), 1 survivors (2048K)
 Metaspace       used 12201K, committed 12416K, reserved 1114112K
  class space    used 1198K, committed 1280K, reserved 1048576K
}
Event: 3.412 GC heap after
{Heap after GC invocations=3 (full 0):
 garbage-first heap   total 260096K, used 9371K [0x0000000702600000, 0x0000000800000000)
  region size 2048K, 2 young (4096K), 2 survivors (4096K)
 Metaspace       used 12201K, committed 12416K, reserved 1114112K
  class space    used 1198K, committed 1280K, reserved 1048576K
}
Event: 5.273 GC heap before
{Heap before GC invocations=3 (full 0):
 garbage-first heap   total 260096K, used 50331K [0x0000000702600000, 0x0000000800000000)
  region size 2048K, 23 young (47104K), 2 survivors (4096K)
 Metaspace       used 21313K, committed 21504K, reserved 1114112K
  class space    used 2274K, committed 2368K, reserved 1048576K
}
Event: 5.279 GC heap after
{Heap after GC invocations=4 (full 0):
 garbage-first heap   total 260096K, used 11157K [0x0000000702600000, 0x0000000800000000)
  region size 2048K, 2 young (4096K), 2 survivors (4096K)
 Metaspace       used 21313K, committed 21504K, reserved 1114112K
  class space    used 2274K, committed 2368K, reserved 1048576K
}
Event: 9.602 GC heap before
{Heap before GC invocations=5 (full 0):
 garbage-first heap   total 55296K, used 41877K [0x0000000702600000, 0x0000000800000000)
  region size 2048K, 12 young (24576K), 2 survivors (4096K)
 Metaspace       used 24356K, committed 24576K, reserved 1114112K
  class space    used 2637K, committed 2752K, reserved 1048576K
}
Event: 9.609 GC heap after
{Heap after GC invocations=6 (full 0):
 garbage-first heap   total 55296K, used 24022K [0x0000000702600000, 0x0000000800000000)
  region size 2048K, 2 young (4096K), 2 survivors (4096K)
 Metaspace       used 24356K, committed 24576K, reserved 1114112K
  class space    used 2637K, committed 2752K, reserved 1048576K
}
Event: 9.652 GC heap before
{Heap before GC invocations=6 (full 0):
 garbage-first heap   total 55296K, used 26070K [0x0000000702600000, 0x0000000800000000)
  region size 2048K, 3 young (6144K), 2 survivors (4096K)
 Metaspace       used 24730K, committed 24960K, reserved 1114112K
  class space    used 2680K, committed 2816K, reserved 1048576K
}
Event: 9.655 GC heap after
{Heap after GC invocations=7 (full 0):
 garbage-first heap   total 55296K, used 18061K [0x0000000702600000, 0x0000000800000000)
  region size 2048K, 1 young (2048K), 1 survivors (2048K)
 Metaspace       used 24730K, committed 24960K, reserved 1114112K
  class space    used 2680K, committed 2816K, reserved 1048576K
}
Event: 10.116 GC heap before
{Heap before GC invocations=7 (full 0):
 garbage-first heap   total 55296K, used 36493K [0x0000000702600000, 0x0000000800000000)
  region size 2048K, 11 young (22528K), 1 survivors (2048K)
 Metaspace       used 27882K, committed 28096K, reserved 1114112K
  class space    used 3115K, committed 3200K, reserved 1048576K
}
Event: 10.120 GC heap after
{Heap after GC invocations=8 (full 0):
 garbage-first heap   total 55296K, used 19981K [0x0000000702600000, 0x0000000800000000)
  region size 2048K, 2 young (4096K), 2 survivors (4096K)
 Metaspace       used 27882K, committed 28096K, reserved 1114112K
  class space    used 3115K, committed 3200K, reserved 1048576K
}
Event: 10.614 GC heap before
{Heap before GC invocations=8 (full 0):
 garbage-first heap   total 55296K, used 36365K [0x0000000702600000, 0x0000000800000000)
  region size 2048K, 11 young (22528K), 2 survivors (4096K)
 Metaspace       used 31751K, committed 32000K, reserved 1114112K
  class space    used 3533K, committed 3648K, reserved 1048576K
}
Event: 10.621 GC heap after
{Heap after GC invocations=9 (full 0):
 garbage-first heap   total 157696K, used 20832K [0x0000000702600000, 0x0000000800000000)
  region size 2048K, 1 young (2048K), 1 survivors (2048K)
 Metaspace       used 31751K, committed 32000K, reserved 1114112K
  class space    used 3533K, committed 3648K, reserved 1048576K
}
Event: 33.123 GC heap before
{Heap before GC invocations=9 (full 0):
 garbage-first heap   total 157696K, used 76128K [0x0000000702600000, 0x0000000800000000)
  region size 2048K, 25 young (51200K), 1 survivors (2048K)
 Metaspace       used 35304K, committed 35520K, reserved 1114112K
  class space    used 3800K, committed 3904K, reserved 1048576K
}
Event: 33.163 GC heap after
{Heap after GC invocations=10 (full 1):
 garbage-first heap   total 90112K, used 24013K [0x0000000702600000, 0x0000000800000000)
  region size 2048K, 0 young (0K), 0 survivors (0K)
 Metaspace       used 35304K, committed 35520K, reserved 1114112K
  class space    used 3800K, committed 3904K, reserved 1048576K
}

Dll operation events (14 events):
Event: 0.022 Loaded shared library C:\Users\HP\.jdks\corretto-17.0.7\bin\java.dll
Event: 0.053 Loaded shared library C:\Users\HP\.jdks\corretto-17.0.7\bin\jsvml.dll
Event: 0.246 Loaded shared library C:\Users\HP\.jdks\corretto-17.0.7\bin\zip.dll
Event: 0.249 Loaded shared library C:\Users\HP\.jdks\corretto-17.0.7\bin\instrument.dll
Event: 0.256 Loaded shared library C:\Users\HP\.jdks\corretto-17.0.7\bin\net.dll
Event: 0.258 Loaded shared library C:\Users\HP\.jdks\corretto-17.0.7\bin\nio.dll
Event: 0.267 Loaded shared library C:\Users\HP\.jdks\corretto-17.0.7\bin\zip.dll
Event: 0.471 Loaded shared library C:\Program Files\JetBrains\IntelliJ IDEA Community Edition 2021.3.2\bin\breakgen64.dll
Event: 0.943 Loaded shared library C:\Users\HP\.jdks\corretto-17.0.7\bin\jimage.dll
Event: 0.956 Loaded shared library C:\Users\HP\.jdks\corretto-17.0.7\bin\awt.dll
Event: 2.889 Loaded shared library C:\Users\HP\.skiko\0de0d8dd8554d9bb66cfca3837db6514ff9b71080e998917280a3b777460a416\skiko-windows-x64.dll
Event: 3.577 Loaded shared library C:\Users\HP\.jdks\corretto-17.0.7\bin\freetype.dll
Event: 3.579 Loaded shared library C:\Users\HP\.jdks\corretto-17.0.7\bin\fontmanager.dll
Event: 10.255 Loaded shared library C:\Users\HP\AppData\Local\io-realm-kotlin\f7113120ba00ba1ff91d696eecd3919e85a4e34e\realmc.dll

Deoptimization events (20 events):
Event: 29.152 Thread 0x0000015d81d441f0 Uncommon trap: trap_request=0xffffff45 fr.pc=0x0000015de699d6c0 relative=0x0000000000003760
Event: 29.152 Thread 0x0000015dfe7c1fd0 Uncommon trap: trap_request=0xffffff45 fr.pc=0x0000015de699ca84 relative=0x0000000000002b24
Event: 29.152 Thread 0x0000015d81d441f0 Uncommon trap: reason=unstable_if action=reinterpret pc=0x0000015de699d6c0 method=java.util.concurrent.locks.AbstractQueuedSynchronizer.signalNext(Ljava/util/concurrent/locks/AbstractQueuedSynchronizer$Node;)V @ 17 c2
Event: 29.152 Thread 0x0000015dfe7c1fd0 Uncommon trap: reason=unstable_if action=reinterpret pc=0x0000015de699ca84 method=sun.awt.PostEventQueue.flush()V @ 23 c2
Event: 29.152 Thread 0x0000015dfe7c1fd0 DEOPT PACKING pc=0x0000015de699ca84 sp=0x00000038960ff2e0
Event: 29.152 Thread 0x0000015d81d441f0 DEOPT PACKING pc=0x0000015de699d6c0 sp=0x0000003896ffed00
Event: 29.152 Thread 0x0000015dfe7c1fd0 DEOPT UNPACKING pc=0x0000015de62469a3 sp=0x00000038960ff2d8 mode 2
Event: 29.152 Thread 0x0000015d81d441f0 DEOPT UNPACKING pc=0x0000015de62469a3 sp=0x0000003896ffeb00 mode 2
Event: 30.278 Thread 0x0000015dfe7c1fd0 Uncommon trap: trap_request=0xffffffde fr.pc=0x0000015de6a3cfd4 relative=0x0000000000000a34
Event: 30.278 Thread 0x0000015dfe7c1fd0 Uncommon trap: reason=class_check action=maybe_recompile pc=0x0000015de6a3cfd4 method=java.awt.EventQueue.dispatchEventImpl(Ljava/awt/AWTEvent;Ljava/lang/Object;)V @ 18 c2
Event: 30.278 Thread 0x0000015dfe7c1fd0 DEOPT PACKING pc=0x0000015de6a3cfd4 sp=0x00000038960ff130
Event: 30.278 Thread 0x0000015dfe7c1fd0 DEOPT UNPACKING pc=0x0000015de62469a3 sp=0x00000038960ff0f8 mode 2
Event: 30.281 Thread 0x0000015dfe7c1fd0 Uncommon trap: trap_request=0xffffffde fr.pc=0x0000015de69c42a4 relative=0x0000000000001104
Event: 30.281 Thread 0x0000015dfe7c1fd0 Uncommon trap: reason=class_check action=maybe_recompile pc=0x0000015de69c42a4 method=java.awt.EventQueue.dispatchEventImpl(Ljava/awt/AWTEvent;Ljava/lang/Object;)V @ 18 c2
Event: 30.281 Thread 0x0000015dfe7c1fd0 DEOPT PACKING pc=0x0000015de69c42a4 sp=0x00000038960ff340
Event: 30.281 Thread 0x0000015dfe7c1fd0 DEOPT UNPACKING pc=0x0000015de62469a3 sp=0x00000038960ff068 mode 2
Event: 30.281 Thread 0x0000015dfe7c1fd0 Uncommon trap: trap_request=0xffffffde fr.pc=0x0000015de69c42a4 relative=0x0000000000001104
Event: 30.282 Thread 0x0000015dfe7c1fd0 Uncommon trap: reason=class_check action=maybe_recompile pc=0x0000015de69c42a4 method=java.awt.EventQueue.dispatchEventImpl(Ljava/awt/AWTEvent;Ljava/lang/Object;)V @ 18 c2
Event: 30.282 Thread 0x0000015dfe7c1fd0 DEOPT PACKING pc=0x0000015de69c42a4 sp=0x00000038960ff340
Event: 30.282 Thread 0x0000015dfe7c1fd0 DEOPT UNPACKING pc=0x0000015de62469a3 sp=0x00000038960ff068 mode 2

Classes unloaded (0 events):
No events

Classes redefined (0 events):
No events

Internal exceptions (20 events):
Event: 2.365 Thread 0x0000015dfe7c1fd0 Exception <a 'java/lang/NoSuchMethodError'{0x0000000711e4d9a0}: 'java.lang.Object java.lang.invoke.DirectMethodHandle$Holder.invokeStaticInit(java.lang.Object, java.lang.Object, int, int, int, int)'> (0x0000000711e4d9a0) 
thrown [s\src\hotspot\share\interpreter\linkResolver.cpp, line 759]
Event: 2.506 Thread 0x0000015dfe7c1fd0 Exception <a 'java/lang/NoSuchMethodError'{0x0000000711db8fa8}: 'double java.lang.invoke.DirectMethodHandle$Holder.invokeStatic(java.lang.Object, double)'> (0x0000000711db8fa8) 
thrown [s\src\hotspot\share\interpreter\linkResolver.cpp, line 759]
Event: 2.506 Thread 0x0000015dfe7c1fd0 Exception <a 'java/lang/NoSuchMethodError'{0x0000000711dbca08}: 'double java.lang.invoke.DirectMethodHandle$Holder.invokeStaticInit(java.lang.Object, double)'> (0x0000000711dbca08) 
thrown [s\src\hotspot\share\interpreter\linkResolver.cpp, line 759]
Event: 2.540 Thread 0x0000015dfe7c1fd0 Exception <a 'java/lang/NoSuchMethodError'{0x0000000711a05650}: 'java.lang.Object java.lang.invoke.DirectMethodHandle$Holder.newInvokeSpecial(java.lang.Object, double)'> (0x0000000711a05650) 
thrown [s\src\hotspot\share\interpreter\linkResolver.cpp, line 759]
Event: 3.300 Thread 0x0000015dfe7c1fd0 Exception <a 'java/lang/NoSuchMethodError'{0x0000000710cb7a90}: 'void java.lang.invoke.DirectMethodHandle$Holder.invokeSpecial(java.lang.Object, java.lang.Object, java.lang.Object)'> (0x0000000710cb7a90) 
thrown [s\src\hotspot\share\interpreter\linkResolver.cpp, line 759]
Event: 3.327 Thread 0x0000015dfe7c1fd0 Exception <a 'java/lang/NoSuchMethodError'{0x0000000710ce1e60}: 'java.lang.Object java.lang.invoke.DirectMethodHandle$Holder.newInvokeSpecial(java.lang.Object, java.lang.Object, java.lang.Object, java.lang.Object, java.lang.Object)'> (0x0000000710ce1e60) 
thrown [s\src\hotspot\share\interpreter\linkResolver.cpp, line 759]
Event: 3.335 Thread 0x0000015dfe7c1fd0 Exception <a 'java/lang/NoSuchMethodError'{0x0000000710cedad0}: 'java.lang.Object java.lang.invoke.DirectMethodHandle$Holder.invokeStatic(java.lang.Object, int, java.lang.Object, java.lang.Object, java.lang.Object, java.lang.Object)'> (0x0000000710cedad0) 
thrown [s\src\hotspot\share\interpreter\linkResolver.cpp, line 759]
Event: 3.345 Thread 0x0000015dfe7c1fd0 Exception <a 'java/lang/NoSuchMethodError'{0x0000000710d13780}: 'java.lang.Object java.lang.invoke.DirectMethodHandle$Holder.invokeStatic(java.lang.Object, int, java.lang.Object)'> (0x0000000710d13780) 
thrown [s\src\hotspot\share\interpreter\linkResolver.cpp, line 759]
Event: 3.396 Thread 0x0000015dfe7c1fd0 Exception <a 'java/lang/ClassNotFoundException'{0x0000000710dcff10}: com/sun/swing/internal/plaf/metal/resources/spi/metalProvider> (0x0000000710dcff10) 
thrown [s\src\hotspot\share\classfile\systemDictionary.cpp, line 256]
Event: 3.397 Thread 0x0000015dfe7c1fd0 Exception <a 'java/lang/ClassNotFoundException'{0x0000000710dd3eb0}: com/sun/swing/internal/plaf/basic/resources/spi/basicProvider> (0x0000000710dd3eb0) 
thrown [s\src\hotspot\share\classfile\systemDictionary.cpp, line 256]
Event: 3.407 Thread 0x0000015dfe7c1fd0 Implicit null exception at 0x0000015de67bd610 to 0x0000015de67bd9e4
Event: 3.407 Thread 0x0000015dfe7c1fd0 Implicit null exception at 0x0000015de67b9090 to 0x0000015de67b9448
Event: 3.407 Thread 0x0000015dfe7c1fd0 Implicit null exception at 0x0000015de6810b8f to 0x0000015de6810c09
Event: 3.447 Thread 0x0000015dfe7c1fd0 Exception <a 'java/lang/NoSuchMethodError'{0x00000007122ebf50}: 'void java.lang.invoke.DirectMethodHandle$Holder.invokeStatic(java.lang.Object, java.lang.Object, java.lang.Object)'> (0x00000007122ebf50) 
thrown [s\src\hotspot\share\interpreter\linkResolver.cpp, line 759]
Event: 3.570 Thread 0x0000015dfe7c1fd0 Exception <a 'java/lang/NoSuchMethodError'{0x0000000711eb4e00}: 'void java.lang.invoke.DirectMethodHandle$Holder.invokeStaticInit(java.lang.Object)'> (0x0000000711eb4e00) 
thrown [s\src\hotspot\share\interpreter\linkResolver.cpp, line 759]
Event: 3.999 Thread 0x0000015dfe7c1fd0 Exception <a 'java/lang/NoSuchMethodError'{0x00000007118799c0}: 'int java.lang.invoke.DirectMethodHandle$Holder.invokeStaticInit(java.lang.Object, java.lang.Object, java.lang.Object)'> (0x00000007118799c0) 
thrown [s\src\hotspot\share\interpreter\linkResolver.cpp, line 759]
Event: 4.569 Thread 0x0000015dfe636870 Exception <a 'java/lang/NoSuchMethodError'{0x0000000711f08860}: 'void java.lang.invoke.DirectMethodHandle$Holder.invokeVirtual(java.lang.Object, java.lang.Object)'> (0x0000000711f08860) 
thrown [s\src\hotspot\share\interpreter\linkResolver.cpp, line 759]
Event: 9.423 Thread 0x0000015dfe7c1fd0 Exception <a 'java/lang/NoSuchMethodError'{0x0000000704cee748}: 'int java.lang.invoke.DirectMethodHandle$Holder.invokeStaticInit(java.lang.Object, long, long)'> (0x0000000704cee748) 
thrown [s\src\hotspot\share\interpreter\linkResolver.cpp, line 759]
Event: 10.110 Thread 0x0000015dfe7c1fd0 Exception <a 'java/lang/NoSuchMethodError'{0x0000000704773ba0}: 'java.lang.Object java.lang.invoke.DirectMethodHandle$Holder.newInvokeSpecial(java.lang.Object, int, java.lang.Object)'> (0x0000000704773ba0) 
thrown [s\src\hotspot\share\interpreter\linkResolver.cpp, line 759]
Event: 10.138 Thread 0x0000015dfe7c1fd0 Implicit null exception at 0x0000015de67edfd3 to 0x0000015de67eea64

VM Operations (20 events):
Event: 26.679 Executing VM operation: Cleanup
Event: 26.679 Executing VM operation: Cleanup done
Event: 27.681 Executing VM operation: Cleanup
Event: 27.681 Executing VM operation: Cleanup done
Event: 28.682 Executing VM operation: Cleanup
Event: 28.682 Executing VM operation: Cleanup done
Event: 29.682 Executing VM operation: Cleanup
Event: 29.682 Executing VM operation: Cleanup done
Event: 30.693 Executing VM operation: Cleanup
Event: 30.694 Executing VM operation: Cleanup done
Event: 31.708 Executing VM operation: Cleanup
Event: 31.726 Executing VM operation: Cleanup done
Event: 32.726 Executing VM operation: Cleanup
Event: 32.726 Executing VM operation: Cleanup done
Event: 33.123 Executing VM operation: G1CollectFull
Event: 33.164 Executing VM operation: G1CollectFull done
Event: 34.165 Executing VM operation: Cleanup
Event: 34.165 Executing VM operation: Cleanup done
Event: 37.191 Executing VM operation: Cleanup
Event: 37.191 Executing VM operation: Cleanup done

Events (20 events):
Event: 19.673 loading class javax/swing/JInternalFrame done
Event: 19.673 loading class javax/swing/KeyboardManager
Event: 19.673 loading class javax/swing/KeyboardManager done
Event: 19.673 loading class javax/swing/Popup$HeavyWeightWindow
Event: 19.673 loading class sun/awt/ModalExclude
Event: 19.673 loading class sun/awt/ModalExclude done
Event: 19.673 loading class javax/swing/JWindow
Event: 19.673 loading class javax/swing/JWindow done
Event: 19.673 loading class javax/swing/Popup$HeavyWeightWindow done
Event: 37.652 loading class jdk/internal/misc/Signal$1
Event: 37.652 loading class jdk/internal/misc/Signal$1 done
Event: 37.652 Thread 0x0000015d81d40d00 Thread added: 0x0000015d81d40d00
Event: 37.653 Thread 0x0000015d81d45ed0 Thread added: 0x0000015d81d45ed0
Event: 37.653 Thread 0x0000015d81d463a0 Thread added: 0x0000015d81d463a0
Event: 37.653 Thread 0x0000015d81d40360 Thread added: 0x0000015d81d40360
Event: 37.653 Thread 0x0000015d81d463a0 Thread exited: 0x0000015d81d463a0
Event: 37.661 Thread 0x0000015d81d42510 Thread exited: 0x0000015d81d42510
Event: 37.662 Thread 0x0000015dfeadf4f0 Thread exited: 0x0000015dfeadf4f0
Event: 37.662 Thread 0x0000015d81d40360 Thread exited: 0x0000015d81d40360
Event: 37.667 Thread 0x0000015dfe636870 Thread exited: 0x0000015dfe636870


Dynamic libraries:
0x00007ff76c870000 - 0x00007ff76c87d000 	C:\Users\HP\.jdks\corretto-17.0.7\bin\java.exe
0x00007ffae8e70000 - 0x00007ffae9068000 	C:\Windows\SYSTEM32\ntdll.dll
0x00007ffae85d0000 - 0x00007ffae868f000 	C:\Windows\System32\KERNEL32.DLL
0x00007ffae6550000 - 0x00007ffae6846000 	C:\Windows\System32\KERNELBASE.dll
0x00007ffae6b90000 - 0x00007ffae6c90000 	C:\Windows\System32\ucrtbase.dll
0x00007ffac1d40000 - 0x00007ffac1d55000 	C:\Users\HP\.jdks\corretto-17.0.7\bin\VCRUNTIME140.dll
0x00007ffad3b70000 - 0x00007ffad3b87000 	C:\Users\HP\.jdks\corretto-17.0.7\bin\jli.dll
0x00007ffae7e80000 - 0x00007ffae801d000 	C:\Windows\System32\USER32.dll
0x00007ffacc090000 - 0x00007ffacc32a000 	C:\Windows\WinSxS\amd64_microsoft.windows.common-controls_6595b64144ccf1df_6.0.19041.1110_none_60b5254171f9507e\COMCTL32.dll
0x00007ffae6c90000 - 0x00007ffae6cb2000 	C:\Windows\System32\win32u.dll
0x00007ffae7e20000 - 0x00007ffae7e4c000 	C:\Windows\System32\GDI32.dll
0x00007ffae8900000 - 0x00007ffae899e000 	C:\Windows\System32\msvcrt.dll
0x00007ffae6d10000 - 0x00007ffae6e25000 	C:\Windows\System32\gdi32full.dll
0x00007ffae6e30000 - 0x00007ffae6ecd000 	C:\Windows\System32\msvcp_win.dll
0x00007ffae7e50000 - 0x00007ffae7e80000 	C:\Windows\System32\IMM32.DLL
0x00007ffa9d440000 - 0x00007ffa9d4db000 	C:\Users\HP\.jdks\corretto-17.0.7\bin\msvcp140.dll
0x00007ffa1ec20000 - 0x00007ffa1f83a000 	C:\Users\HP\.jdks\corretto-17.0.7\bin\server\jvm.dll
0x00007ffae7550000 - 0x00007ffae75ff000 	C:\Windows\System32\ADVAPI32.dll
0x00007ffae8730000 - 0x00007ffae87cc000 	C:\Windows\System32\sechost.dll
0x00007ffae87d0000 - 0x00007ffae88f6000 	C:\Windows\System32\RPCRT4.dll
0x00007ffadc340000 - 0x00007ffadc349000 	C:\Windows\SYSTEM32\WSOCK32.dll
0x00007ffacbdc0000 - 0x00007ffacbde7000 	C:\Windows\SYSTEM32\WINMM.dll
0x00007ffae8560000 - 0x00007ffae85cb000 	C:\Windows\System32\WS2_32.dll
0x00007ffadc780000 - 0x00007ffadc78a000 	C:\Windows\SYSTEM32\VERSION.dll
0x00007ffae4d40000 - 0x00007ffae4d52000 	C:\Windows\SYSTEM32\kernel.appcore.dll
0x00007ffac90f0000 - 0x00007ffac90fa000 	C:\Users\HP\.jdks\corretto-17.0.7\bin\jimage.dll
0x00007ffae1260000 - 0x00007ffae1444000 	C:\Windows\SYSTEM32\DBGHELP.DLL
0x00007ffacded0000 - 0x00007ffacdf04000 	C:\Windows\SYSTEM32\dbgcore.DLL
0x00007ffae6b00000 - 0x00007ffae6b82000 	C:\Windows\System32\bcryptPrimitives.dll
0x00007ffadcc90000 - 0x00007ffadcc9e000 	C:\Users\HP\.jdks\corretto-17.0.7\bin\instrument.dll
0x00007ffabfe20000 - 0x00007ffabfe45000 	C:\Users\HP\.jdks\corretto-17.0.7\bin\java.dll
0x00007ffa70430000 - 0x00007ffa70506000 	C:\Users\HP\.jdks\corretto-17.0.7\bin\jsvml.dll
0x00007ffae76d0000 - 0x00007ffae7e14000 	C:\Windows\System32\SHELL32.dll
0x00007ffae4590000 - 0x00007ffae4d24000 	C:\Windows\SYSTEM32\windows.storage.dll
0x00007ffae89a0000 - 0x00007ffae8cf4000 	C:\Windows\System32\combase.dll
0x00007ffae5dd0000 - 0x00007ffae5dfe000 	C:\Windows\SYSTEM32\Wldp.dll
0x00007ffae6f80000 - 0x00007ffae702d000 	C:\Windows\System32\SHCORE.dll
0x00007ffae8020000 - 0x00007ffae8075000 	C:\Windows\System32\shlwapi.dll
0x00007ffae6480000 - 0x00007ffae64a5000 	C:\Windows\SYSTEM32\profapi.dll
0x00007ffab6270000 - 0x00007ffab6288000 	C:\Users\HP\.jdks\corretto-17.0.7\bin\zip.dll
0x00007ffabfe00000 - 0x00007ffabfe19000 	C:\Users\HP\.jdks\corretto-17.0.7\bin\net.dll
0x00007ffad78b0000 - 0x00007ffad79ba000 	C:\Windows\SYSTEM32\WINHTTP.dll
0x00007ffae5bb0000 - 0x00007ffae5c1a000 	C:\Windows\system32\mswsock.dll
0x00007ffabfde0000 - 0x00007ffabfdf5000 	C:\Users\HP\.jdks\corretto-17.0.7\bin\nio.dll
0x00007ffad3c70000 - 0x00007ffad3c8a000 	C:\Program Files\JetBrains\IntelliJ IDEA Community Edition 2021.3.2\bin\breakgen64.dll
0x00007ffa70d90000 - 0x00007ffa70f39000 	C:\Users\HP\.jdks\corretto-17.0.7\bin\awt.dll
0x00007ffae7600000 - 0x00007ffae76cd000 	C:\Windows\System32\OLEAUT32.dll
0x00007ffae02d0000 - 0x00007ffae0361000 	C:\Windows\SYSTEM32\apphelp.dll
0x00007ffae0ac0000 - 0x00007ffae0b5e000 	C:\Windows\system32\uxtheme.dll
0x00007ffae7340000 - 0x00007ffae7454000 	C:\Windows\System32\MSCTF.dll
0x00007ffae8d00000 - 0x00007ffae8e2a000 	C:\Windows\System32\ole32.dll
0x00007ffae0bd0000 - 0x00007ffae0bff000 	C:\Windows\system32\DWMAPI.DLL
0x00007ffab5940000 - 0x00007ffab5a65000 	C:\Windows\system32\opengl32.dll
0x00007ffab58d0000 - 0x00007ffab58fc000 	C:\Windows\SYSTEM32\GLU32.dll
0x00007ffae5e10000 - 0x00007ffae5e28000 	C:\Windows\SYSTEM32\CRYPTSP.dll
0x00007ffae54f0000 - 0x00007ffae5524000 	C:\Windows\system32\rsaenh.dll
0x00007ffae6a60000 - 0x00007ffae6a87000 	C:\Windows\System32\bcrypt.dll
0x00007ffae6400000 - 0x00007ffae642e000 	C:\Windows\SYSTEM32\USERENV.dll
0x00007ffae5d40000 - 0x00007ffae5d4c000 	C:\Windows\SYSTEM32\CRYPTBASE.dll
0x00007ffae58c0000 - 0x00007ffae58fc000 	C:\Windows\SYSTEM32\IPHLPAPI.DLL
0x00007ffae8080000 - 0x00007ffae8088000 	C:\Windows\System32\NSI.dll
0x00007ffad7d60000 - 0x00007ffad7d77000 	C:\Windows\SYSTEM32\dhcpcsvc6.DLL
0x00007ffad7d40000 - 0x00007ffad7d5d000 	C:\Windows\SYSTEM32\dhcpcsvc.DLL
0x00007ffae5900000 - 0x00007ffae59ca000 	C:\Windows\SYSTEM32\DNSAPI.dll
0x00007ffa1dbd0000 - 0x00007ffa1ec1c000 	C:\Users\HP\.skiko\0de0d8dd8554d9bb66cfca3837db6514ff9b71080e998917280a3b777460a416\skiko-windows-x64.dll
0x00007ffaa7f20000 - 0x00007ffaa7fa3000 	C:\Users\HP\.jdks\corretto-17.0.7\bin\freetype.dll
0x00007ffaa7c20000 - 0x00007ffaa7ce2000 	C:\Users\HP\.jdks\corretto-17.0.7\bin\fontmanager.dll
0x00007ffad3ad0000 - 0x00007ffad3ad7000 	C:\Users\HP\.jdks\corretto-17.0.7\bin\jawt.dll
0x00007ffae4db0000 - 0x00007ffae4ea3000 	C:\Windows\SYSTEM32\Dxgi.dll
0x00007ffac9200000 - 0x00007ffac9220000 	C:\Windows\SYSTEM32\D3D12.dll
0x00007ffa70bc0000 - 0x00007ffa70d8d000 	C:\Windows\SYSTEM32\D3D12Core.dll
0x00007ffad9fc0000 - 0x00007ffad9ffb000 	C:\Windows\SYSTEM32\dxcore.dll
0x00007ffae6cc0000 - 0x00007ffae6d0e000 	C:\Windows\System32\cfgmgr32.dll
0x00007ffad4b80000 - 0x00007ffad7799000 	C:\Windows\System32\DriverStore\FileRepository\igdlh64.inf_amd64_e6daaea9afe1e6f6\igc64.dll
0x00007ffa1c6f0000 - 0x00007ffa1dbc3000 	C:\Windows\System32\DriverStore\FileRepository\igdlh64.inf_amd64_e6daaea9afe1e6f6\igd12umd64.dll
0x00007ffad7ac0000 - 0x00007ffad7d17000 	C:\Windows\System32\DriverStore\FileRepository\igdlh64.inf_amd64_e6daaea9afe1e6f6\igdgmm64.dll
0x00007ffa392a0000 - 0x00007ffa396ab000 	C:\Windows\System32\DriverStore\FileRepository\igdlh64.inf_amd64_e6daaea9afe1e6f6\igdml64.dll
0x00007ffac7070000 - 0x00007ffac709b000 	C:\Windows\SYSTEM32\D3DSCache.dll
0x00007ffa17ee0000 - 0x00007ffa1c6e2000 	C:\Windows\System32\DriverStore\FileRepository\igdlh64.inf_amd64_e6daaea9afe1e6f6\igd12dxva64.dll
0x00007ffae80f0000 - 0x00007ffae855e000 	C:\Windows\System32\SETUPAPI.dll
0x00007ffa84fc0000 - 0x00007ffa84fe7000 	C:\Windows\System32\DriverStore\FileRepository\igdlh64.inf_amd64_e6daaea9afe1e6f6\igdinfo64.dll
0x00007ffadd380000 - 0x00007ffadd587000 	C:\Windows\SYSTEM32\twinapi.appcore.dll
0x00007ffae6ed0000 - 0x00007ffae6f79000 	C:\Windows\System32\clbcatq.dll
0x00007ffa16b30000 - 0x00007ffa17b02000 	C:\Windows\System32\DriverStore\FileRepository\igdlh64.inf_amd64_e6daaea9afe1e6f6\ig9icd64.dll
0x00007ffae63b0000 - 0x00007ffae63fb000 	C:\Windows\SYSTEM32\powrprof.dll
0x00007ffae6390000 - 0x00007ffae63a2000 	C:\Windows\SYSTEM32\UMPDC.dll
0x00007ffad15d0000 - 0x00007ffad184f000 	C:\Windows\SYSTEM32\dwrite.dll
0x00007ffad3160000 - 0x00007ffad3259000 	C:\Windows\SYSTEM32\textinputframework.dll
0x00007ffadfc50000 - 0x00007ffadffae000 	C:\Windows\System32\CoreUIComponents.dll
0x00007ffadffb0000 - 0x00007ffae00a2000 	C:\Windows\System32\CoreMessaging.dll
0x00007ffade8f0000 - 0x00007ffadea44000 	C:\Windows\SYSTEM32\wintypes.dll
0x00007ffae5630000 - 0x00007ffae5663000 	C:\Windows\SYSTEM32\ntmarta.dll
0x00007ffa16270000 - 0x00007ffa16b22000 	C:\Users\HP\AppData\Local\io-realm-kotlin\f7113120ba00ba1ff91d696eecd3919e85a4e34e\realmc.dll
0x00007ffae6900000 - 0x00007ffae6a5e000 	C:\Windows\System32\CRYPT32.dll

dbghelp: loaded successfully - version: 4.0.5 - missing functions: none
symbol engine: initialized successfully - sym options: 0x614 - pdb path: .;C:\Users\HP\.jdks\corretto-17.0.7\bin;C:\Windows\SYSTEM32;C:\Windows\WinSxS\amd64_microsoft.windows.common-controls_6595b64144ccf1df_6.0.19041.1110_none_60b5254171f9507e;C:\Users\HP\.jdks\corretto-17.0.7\bin\server;C:\Program Files\JetBrains\IntelliJ IDEA Community Edition 2021.3.2\bin;C:\Users\HP\.skiko\0de0d8dd8554d9bb66cfca3837db6514ff9b71080e998917280a3b777460a416;C:\Windows\System32\DriverStore\FileRepository\igdlh64.inf_amd64_e6daaea9afe1e6f6;C:\Users\HP\AppData\Local\io-realm-kotlin\f7113120ba00ba1ff91d696eecd3919e85a4e34e

VM Arguments:
jvm_args: -Djava.library.path=C:\Users\HP\Desktop\demo-compose-desktop\build\classes\kotlin\jvm\main;C:\Users\HP\Desktop\demo-compose-desktop\build\processedResources\jvm\main -javaagent:C:\Program Files\JetBrains\IntelliJ IDEA Community Edition 2021.3.2\lib\idea_rt.jar=56112:C:\Program Files\JetBrains\IntelliJ IDEA Community Edition 2021.3.2\bin -Dfile.encoding=UTF-8 
java_command: MainKt
java_class_path (initial): C:\Users\HP\Desktop\demo-compose-desktop\build\classes\kotlin\jvm\main;C:\Users\HP\Desktop\demo-compose-desktop\build\processedResources\jvm\main;C:\Users\HP\.gradle\caches\modules-2\files-2.1\io.insert-koin\koin-androidx-compose\3.4.5\ae0a88b7a68d507e651c5a3d70a541594bea54cb\koin-androidx-compose-3.4.5.aar;C:\Users\HP\.gradle\caches\modules-2\files-2.1\androidx.navigation\navigation-compose\2.6.0\3f8ce7b0bad21cced0c47b42b6347c65a6e422c3\navigation-compose-2.6.0.aar;C:\Users\HP\.gradle\caches\modules-2\files-2.1\org.jetbrains.kotlin\kotlin-stdlib-jdk8\1.8.21\67f57e154437cd9e6e9cf368394b95814836ff88\kotlin-stdlib-jdk8-1.8.21.jar;C:\Users\HP\.gradle\caches\modules-2\files-2.1\org.apache.poi\poi-ooxml\4.1.2\87d9a22aa9a7dd26e80c360e709f7ee02e32ab3b\poi-ooxml-4.1.2.jar;C:\Users\HP\.gradle\caches\modules-2\files-2.1\org.apache.poi\poi\4.1.2\964bf41cf68bce08e4ef6b2279b559fdf8d454f4\poi-4.1.2.jar;C:\Users\HP\.gradle\caches\modules-2\files-2.1\org.lwjgl\lwjgl-nfd\3.3.1\622318116996ddcff449b46cb38f0fdee39b8ac3\lwjgl-nfd-3.3.1.jar;C:\Users\HP\.gradle\caches\modules-2\files-2.1\org.lwjgl\lwjgl-nfd\3.3.1\2e007667e04ed3281152ae5c6e677fb1c2211691\lwjgl-nfd-3.3.1-natives-linux.jar;C:\Users\HP\.gradle\caches\modules-2\files-2.1\org.lwjgl\lwjgl\3.3.1\ae58664f88e18a9bb2c77b063833ca7aaec484cb\lwjgl-3.3.1.jar;C:\Users\HP\.gradle\caches\modules-2\files-2.1\io.insert-koin\koin-android\3.4.0\48715fbe06102a59a30bd45b06ed2400c16c6f45\koin-android-3.4.0.aar;C:\Users\HP\.gradle\caches\modules-2\files-2.1\org.lwjgl\lwjgl-nfd\3.3.1\b3e04e317f55dd738d8a345cdafd15b39f85a2ea\lwjgl-nfd-3.3.1-natives-linux-arm32.jar;C:\Users\HP\.gradle\caches\modules-2\files-2.1\androidx.lifecycle\lifecycle-viewmodel-compose\2.6.1\38cf3bb65ff3e0e5c3d63de2ebf5411d0898108c\lifecycle-viewmodel-compose-2.6.1.aar;C:\Users\HP\.gradle\caches\modules-2\files-2.1\org.lwjgl\lwjgl-nfd\3.3.1\f41dc62336f7ee4ab35705cfa440cc903d199165\lwjgl-nfd-3.3.1-natives-linux-arm64.jar;C:\Users\HP\.gradle\caches\mo
Launcher Type: SUN_STANDARD

[Global flags]
     intx CICompilerCount                          = 3                                         {product} {ergonomic}
     uint ConcGCThreads                            = 1                                         {product} {ergonomic}
     uint G1ConcRefinementThreads                  = 4                                         {product} {ergonomic}
   size_t G1HeapRegionSize                         = 2097152                                   {product} {ergonomic}
    uintx GCDrainStackTargetSize                   = 64                                        {product} {ergonomic}
   size_t InitialHeapSize                          = 266338304                                 {product} {ergonomic}
   size_t MarkStackSize                            = 4194304                                   {product} {ergonomic}
   size_t MaxHeapSize                              = 4255121408                                {product} {ergonomic}
   size_t MaxNewSize                               = 2552233984                                {product} {ergonomic}
   size_t MinHeapDeltaBytes                        = 2097152                                   {product} {ergonomic}
   size_t MinHeapSize                              = 8388608                                   {product} {ergonomic}
    uintx NonNMethodCodeHeapSize                   = 5832780                                {pd product} {ergonomic}
    uintx NonProfiledCodeHeapSize                  = 122912730                              {pd product} {ergonomic}
    uintx ProfiledCodeHeapSize                     = 122912730                              {pd product} {ergonomic}
    uintx ReservedCodeCacheSize                    = 251658240                              {pd product} {ergonomic}
     bool SegmentedCodeCache                       = true                                      {product} {ergonomic}
   size_t SoftMaxHeapSize                          = 4255121408                             {manageable} {ergonomic}
     bool UseCompressedClassPointers               = true                           {product lp64_product} {ergonomic}
     bool UseCompressedOops                        = true                           {product lp64_product} {ergonomic}
     bool UseG1GC                                  = true                                      {product} {ergonomic}
     bool UseLargePagesIndividualAllocation        = false                                  {pd product} {ergonomic}

Logging:
Log output configuration:
 #0: stdout all=warning uptime,level,tags
 #1: stderr all=off uptime,level,tags

Environment Variables:
PATH=C:\Program Files\Common Files\Oracle\Java\javapath;C:\Program Files (x86)\Common Files\Oracle\Java\javapath;C:\Windows\system32;C:\Windows;C:\Windows\System32\Wbem;C:\Windows\System32\WindowsPowerShell\v1.0\;C:\Windows\System32\OpenSSH\;C:\xampp\php;C:\ProgramData\ComposerSetup\bin;C:\Program Files\nodejs\;C:\Program Files (x86)\Intel\Intel(R) Management Engine Components\DAL;C:\Program Files\Intel\Intel(R) Management Engine Components\DAL;C:\Program Files\Git\cmd;C:\Program Files\Fortect;C:\Users\HP\AppData\Local\Microsoft\WindowsApps;C:\Program Files\JetBrains\IntelliJ IDEA Community Edition 2021.3.2\bin;C:\Users\HP\AppData\Local\Programs\Microsoft VS Code\bin;C:\Users\HP\AppData\Local\JetBrains\Toolbox\scripts;C:\Users\HP\AppData\Local\GitHubDesktop\bin;C:\Users\HP\Desktop\camp\flutter_windows_3.7.6-stable\flutter\bin;C:\Users\HP\AppData\Roaming\Composer\vendor\bin;C:\Users\HP\AppData\Roaming\npm
USERNAME=HP
OS=Windows_NT
PROCESSOR_IDENTIFIER=Intel64 Family 6 Model 142 Stepping 9, GenuineIntel
TMP=C:\Users\HP\AppData\Local\Temp
TEMP=C:\Users\HP\AppData\Local\Temp



---------------  S Y S T E M  ---------------

OS:
 Windows 10 , 64 bit Build 19041 (10.0.19041.3155)
OS uptime: 0 days 18:19 hours
Hyper-V role detected

CPU: total 4 (initial active 4) (2 cores per cpu, 2 threads per core) family 6 model 142 stepping 9 microcode 0xf2, cx8, cmov, fxsr, ht, mmx, 3dnowpref, sse, sse2, sse3, ssse3, sse4.1, sse4.2, popcnt, lzcnt, tsc, tscinvbit, avx, avx2, aes, erms, clmul, bmi1, bmi2, rtm, adx, fma, vzeroupper, clflush, clflushopt, hv

Memory: 4k page, system-wide physical 16224M (5864M free)
TotalPageFile size 32096M (AvailPageFile size 19141M)
current process WorkingSet (physical memory assigned to process): 244M, peak: 322M
current process commit charge ("private bytes"): 291M, peak: 431M

vm_info: OpenJDK 64-Bit Server VM (17.0.7+7-LTS) for windows-amd64 JRE (17.0.7+7-LTS), built on Apr 14 2023 01:39:21 by "Administrator" with MS VC++ 15.9 (VS2017)

END.
