#
# A fatal error has been detected by the Java Runtime Environment:
#
#  EXCEPTION_ACCESS_VIOLATION (0xc0000005) at pc=0x00007ffe74e7ebe3, pid=10420, tid=4004
#
# JRE version: OpenJDK Runtime Environment Corretto-17.0.7.7.1 (17.0.7+7) (build 17.0.7+7-LTS)
# Java VM: OpenJDK 64-Bit Server VM Corretto-17.0.7.7.1 (17.0.7+7-LTS, mixed mode, sharing, tiered, compressed oops, compressed class ptrs, g1 gc, windows-amd64)
# Problematic frame:
# C  [ig9icd64.dll+0x9bebe3]
#
# No core dump will be written. Minidumps are not enabled by default on client versions of Windows
#
# If you would like to submit a bug report, please visit:
#   https://github.com/corretto/corretto-17/issues/
# The crash happened outside the Java Virtual Machine in native code.
# See problematic frame for where to report the bug.
#

---------------  S U M M A R Y ------------

Command Line: -Djava.library.path=C:\Users\HP\Desktop\newderar\build\classes\kotlin\jvm\main;C:\Users\HP\Desktop\newderar\build\processedResources\jvm\main -javaagent:C:\Program Files\JetBrains\IntelliJ IDEA Community Edition 2021.3.2\lib\idea_rt.jar=55360:C:\Program Files\JetBrains\IntelliJ IDEA Community Edition 2021.3.2\bin -Dfile.encoding=UTF-8 MainKt

Host: Intel(R) Core(TM) i5-7300U CPU @ 2.60GHz, 4 cores, 15G,  Windows 10 , 64 bit Build 19041 (10.0.19041.3155)
Time: Sat Jul  8 17:53:00 2023 Libya Standard Time elapsed time: 57.463721 seconds (0d 0h 0m 57s)

---------------  T H R E A D  ---------------

Current thread (0x000002e075af4d30):  JavaThread "AWT-EventQueue-0" [_thread_in_native, id=4004, stack(0x000000fb52400000,0x000000fb52500000)]

Stack: [0x000000fb52400000,0x000000fb52500000],  sp=0x000000fb524fca48,  free space=1010k
Native frames: (J=compiled Java code, j=interpreted, Vv=VM code, C=native code)
C  [ig9icd64.dll+0x9bebe3]

Java frames: (J=compiled Java code, j=interpreted, Vv=VM code)
J 5225  org.jetbrains.skia.DirectContextKt.DirectContext_nFlush(J)V (0 bytes) @ 0x000002e05dccab69 [0x000002e05dccab20+0x0000000000000049]
J 5222 c1 org.jetbrains.skiko.context.ContextHandler.flush()V (17 bytes) @ 0x000002e0569717dc [0x000002e056971660+0x000000000000017c]
J 5141 c1 org.jetbrains.skiko.context.ContextHandler.draw()V (91 bytes) @ 0x000002e056966d64 [0x000002e056966260+0x0000000000000b04]
J 4842 c1 org.jetbrains.skiko.redrawer.WindowsOpenGLRedrawer.draw()V (288 bytes) @ 0x000002e0568bbe3c [0x000002e0568bb720+0x000000000000071c]
J 4686 c1 org.jetbrains.skiko.redrawer.WindowsOpenGLRedrawer$Companion$frameDispatcher$1.invokeSuspend(Ljava/lang/Object;)Ljava/lang/Object; (379 bytes) @ 0x000002e056856b74 [0x000002e056855800+0x0000000000001374]
J 4840 c1 org.jetbrains.skiko.redrawer.WindowsOpenGLRedrawer$Companion$frameDispatcher$1.invoke(Ljava/lang/Object;)Ljava/lang/Object; (9 bytes) @ 0x000002e0568bae84 [0x000002e0568ba920+0x0000000000000564]
J 4681 c1 org.jetbrains.skiko.FrameDispatcher$job$1.invokeSuspend(Ljava/lang/Object;)Ljava/lang/Object; (156 bytes) @ 0x000002e056853544 [0x000002e056852ba0+0x00000000000009a4]
J 5020 c2 kotlin.coroutines.jvm.internal.BaseContinuationImpl.resumeWith(Ljava/lang/Object;)V (128 bytes) @ 0x000002e05dc73700 [0x000002e05dc736a0+0x0000000000000060]
J 5029 c2 kotlinx.coroutines.DispatchedTask.run()V (571 bytes) @ 0x000002e05dc75170 [0x000002e05dc74dc0+0x00000000000003b0]
J 5204 c2 java.awt.EventQueue.dispatchEvent(Ljava/awt/AWTEvent;)V java.desktop@17.0.7 (80 bytes) @ 0x000002e05dcc5a88 [0x000002e05dcc5460+0x0000000000000628]
J 5263 c2 java.awt.EventDispatchThread.pumpOneEventForFilters(I)V java.desktop@17.0.7 (113 bytes) @ 0x000002e05dcf4f6c [0x000002e05dcf4b40+0x000000000000042c]
j  java.awt.EventDispatchThread.pumpEventsForFilter(ILjava/awt/Conditional;Ljava/awt/EventFilter;)V+35 java.desktop@17.0.7
j  java.awt.EventDispatchThread.pumpEventsForHierarchy(ILjava/awt/Conditional;Ljava/awt/Component;)V+11 java.desktop@17.0.7
j  java.awt.EventDispatchThread.pumpEvents(ILjava/awt/Conditional;)V+4 java.desktop@17.0.7
j  java.awt.EventDispatchThread.pumpEvents(Ljava/awt/Conditional;)V+3 java.desktop@17.0.7
j  java.awt.EventDispatchThread.run()V+9 java.desktop@17.0.7
v  ~StubRoutines::call_stub

siginfo: EXCEPTION_ACCESS_VIOLATION (0xc0000005), reading address 0xffffffffffffffff


Register to memory mapping:

RIP=0x00007ffe74e7ebe3 ig9icd64.dll
RAX=0x000000000fff0fff is an unknown value
RBX=0x00007ffe744c0000 ig9icd64.dll
RCX=0x000000033fcf3fcc is an unknown value
RDX=0x000000fb524fcf60 is pointing into the stack for thread: 0x000002e075af4d30
RSP=0x000000fb524fca48 is pointing into the stack for thread: 0x000002e075af4d30
RBP=0x000000fb524fcb50 is pointing into the stack for thread: 0x000002e075af4d30
RSI=0x000002e07628fe80 points into unknown readable memory: 0x000002e076256b80 | 80 6b 25 76 e0 02 00 00
RDI=0x000000fb524fcd50 is pointing into the stack for thread: 0x000002e075af4d30
R8 =0x000000fb524fcb80 is pointing into the stack for thread: 0x000002e075af4d30
R9 =0x000000fb524fcf60 is pointing into the stack for thread: 0x000002e075af4d30
R10=0x000000fb524fcd50 is pointing into the stack for thread: 0x000002e075af4d30
R11=0x0 is NULL
R12=0x00007ffe752f15e0 ig9icd64.dll
R13=0x0 is NULL
R14=0x0 is NULL
R15=0x00000000000001c1 is an unknown value


Registers:
RAX=0x000000000fff0fff, RBX=0x00007ffe744c0000, RCX=0x000000033fcf3fcc, RDX=0x000000fb524fcf60
RSP=0x000000fb524fca48, RBP=0x000000fb524fcb50, RSI=0x000002e07628fe80, RDI=0x000000fb524fcd50
R8 =0x000000fb524fcb80, R9 =0x000000fb524fcf60, R10=0x000000fb524fcd50, R11=0x0000000000000000
R12=0x00007ffe752f15e0, R13=0x0000000000000000, R14=0x0000000000000000, R15=0x00000000000001c1
RIP=0x00007ffe74e7ebe3, EFLAGS=0x0000000000010206

Top of Stack: (sp=0x000000fb524fca48)
0x000000fb524fca48:   00007ffe74e7c31b 0000000000000001
0x000000fb524fca58:   0000000000000000 000002e07876d700
0x000000fb524fca68:   00007ffeda002622 000000fb00000065
0x000000fb524fca78:   000000fb524fcc80 0000000000000000
0x000000fb524fca88:   000002e07640b590 0000000000000000
0x000000fb524fca98:   000002e07640e210 000002e07876d760
0x000000fb524fcaa8:   0000000000001100 0000000000000000
0x000000fb524fcab8:   0000000000000000 000000fb524fcc30
0x000000fb524fcac8:   00007ffe74b179c0 0000000000000000
0x000000fb524fcad8:   0000000000000000 0000000000000000
0x000000fb524fcae8:   0000000000000000 0000f56c2c058b91
0x000000fb524fcaf8:   00007ffe744d6555 000002e07876d760
0x000000fb524fcb08:   0000000000004001 0000000000000000
0x000000fb524fcb18:   00007ffee9b7b86b 00000000035e020f
0x000000fb524fcb28:   000000000000009a 000002e0787f68a0
0x000000fb524fcb38:   0000000000000000 0000000000000000 

Instructions: (pc=0x00007ffe74e7ebe3)
0x00007ffe74e7eae3:   c1 75 31 00 48 89 51 08 48 89 01 8b 44 24 28 89
0x00007ffe74e7eaf3:   41 20 8b 44 24 30 89 41 24 48 8b c1 4c 89 41 10
0x00007ffe74e7eb03:   4c 89 49 18 c3 cc cc cc cc cc cc cc cc 48 89 5c
0x00007ffe74e7eb13:   24 08 8b 41 5c 48 8d 1d e1 14 64 ff 41 89 40 08
0x00007ffe74e7eb23:   4c 8b d1 8b 41 60 45 33 db 41 89 40 0c 4c 8b ca
0x00007ffe74e7eb33:   8b 41 64 41 89 40 10 8b 41 68 41 89 40 14 8b 41
0x00007ffe74e7eb43:   6c 41 89 40 18 8b 41 70 41 89 40 1c 48 63 41 74
0x00007ffe74e7eb53:   48 6b c8 34 8b 84 19 44 d1 ee 00 41 89 40 20 8b
0x00007ffe74e7eb63:   84 19 48 d1 ee 00 41 89 40 24 8b 84 19 4c d1 ee
0x00007ffe74e7eb73:   00 41 89 40 28 8b 84 19 50 d1 ee 00 41 89 40 2c
0x00007ffe74e7eb83:   8b 84 19 34 d1 ee 00 41 89 40 30 8b 84 19 38 d1
0x00007ffe74e7eb93:   ee 00 41 89 40 34 8b 84 19 3c d1 ee 00 41 89 40
0x00007ffe74e7eba3:   38 8b 84 19 40 d1 ee 00 41 89 40 3c 8b 84 19 24
0x00007ffe74e7ebb3:   d1 ee 00 41 89 40 40 8b 84 19 28 d1 ee 00 41 89
0x00007ffe74e7ebc3:   40 44 8b 84 19 2c d1 ee 00 41 89 40 48 8b 84 19
0x00007ffe74e7ebd3:   30 d1 ee 00 41 89 40 4c 49 63 42 78 48 6b c8 34
0x00007ffe74e7ebe3:   8b 84 19 44 d1 ee 00 41 89 40 50 8b 84 19 48 d1
0x00007ffe74e7ebf3:   ee 00 41 89 40 54 8b 84 19 4c d1 ee 00 41 89 40
0x00007ffe74e7ec03:   58 8b 84 19 50 d1 ee 00 41 89 40 5c 8b 84 19 34
0x00007ffe74e7ec13:   d1 ee 00 41 89 40 60 8b 84 19 38 d1 ee 00 41 89
0x00007ffe74e7ec23:   40 64 8b 84 19 3c d1 ee 00 41 89 40 68 8b 84 19
0x00007ffe74e7ec33:   40 d1 ee 00 41 89 40 6c 8b 84 19 24 d1 ee 00 41
0x00007ffe74e7ec43:   89 40 70 8b 84 19 28 d1 ee 00 41 89 40 74 8b 84
0x00007ffe74e7ec53:   19 2c d1 ee 00 41 89 40 78 8b 84 19 30 d1 ee 00
0x00007ffe74e7ec63:   41 89 40 7c 48 8b 42 18 8b 88 38 0b 00 00 f6 c1
0x00007ffe74e7ec73:   08 0f 84 86 00 00 00 8b 80 3c 0b 00 00 41 89 80
0x00007ffe74e7ec83:   80 00 00 00 48 8b 42 18 8b 88 40 0b 00 00 41 89
0x00007ffe74e7ec93:   88 84 00 00 00 48 8b 42 18 8b 88 44 0b 00 00 41
0x00007ffe74e7eca3:   89 88 88 00 00 00 48 8b 42 18 8b 88 48 0b 00 00
0x00007ffe74e7ecb3:   41 89 88 8c 00 00 00 48 8b 42 18 8b 88 4c 0b 00
0x00007ffe74e7ecc3:   00 41 89 88 90 00 00 00 48 8b 42 18 8b 88 50 0b
0x00007ffe74e7ecd3:   00 00 41 89 88 94 00 00 00 48 8b 42 18 8b 88 54 


Stack slot to memory mapping:
stack at sp + 0 slots: 0x00007ffe74e7c31b ig9icd64.dll
stack at sp + 1 slots: 0x0000000000000001 is an unknown value
stack at sp + 2 slots: 0x0 is NULL
stack at sp + 3 slots: 0x000002e07876d700 points into unknown readable memory: 0xffffffffffffff00 | 00 ff ff ff ff ff ff ff
stack at sp + 4 slots: 0x00007ffeda002622 igdgmm64.dll
stack at sp + 5 slots: 0x000000fb00000065 is an unknown value
stack at sp + 6 slots: 0x000000fb524fcc80 is pointing into the stack for thread: 0x000002e075af4d30
stack at sp + 7 slots: 0x0 is NULL


---------------  P R O C E S S  ---------------

Threads class SMR info:
_java_thread_list=0x000002e075873760, length=28, elements={
0x000002e04e437690, 0x000002e070af9a10, 0x000002e070afa880, 0x000002e070b0e3a0,
0x000002e070b0ef50, 0x000002e070b11910, 0x000002e070b122c0, 0x000002e070b13450,
0x000002e070b16710, 0x000002e070b1eaa0, 0x000002e0752c3e50, 0x000002e0753d7d10,
0x000002e0753d81e0, 0x000002e07574ffd0, 0x000002e0759dafd0, 0x000002e075af4d30,
0x000002e075e85b60, 0x000002e075eea2b0, 0x000002e075fa2e70, 0x000002e075fa3810,
0x000002e075fa24d0, 0x000002e075fa4680, 0x000002e075fa1660, 0x000002e00132ec70,
0x000002e0013312f0, 0x000002e001330950, 0x000002e00132f140, 0x000002e001332b00
}

Java Threads: ( => current thread )
  0x000002e04e437690 JavaThread "main" [_thread_blocked, id=19328, stack(0x000000fb50900000,0x000000fb50a00000)]
  0x000002e070af9a10 JavaThread "Reference Handler" daemon [_thread_blocked, id=18668, stack(0x000000fb51000000,0x000000fb51100000)]
  0x000002e070afa880 JavaThread "Finalizer" daemon [_thread_blocked, id=17804, stack(0x000000fb51100000,0x000000fb51200000)]
  0x000002e070b0e3a0 JavaThread "Signal Dispatcher" daemon [_thread_blocked, id=17304, stack(0x000000fb51200000,0x000000fb51300000)]
  0x000002e070b0ef50 JavaThread "Attach Listener" daemon [_thread_blocked, id=7524, stack(0x000000fb51300000,0x000000fb51400000)]
  0x000002e070b11910 JavaThread "Service Thread" daemon [_thread_blocked, id=5936, stack(0x000000fb51400000,0x000000fb51500000)]
  0x000002e070b122c0 JavaThread "Monitor Deflation Thread" daemon [_thread_blocked, id=14276, stack(0x000000fb51500000,0x000000fb51600000)]
  0x000002e070b13450 JavaThread "C2 CompilerThread0" daemon [_thread_blocked, id=4228, stack(0x000000fb51600000,0x000000fb51700000)]
  0x000002e070b16710 JavaThread "C1 CompilerThread0" daemon [_thread_blocked, id=404, stack(0x000000fb51700000,0x000000fb51800000)]
  0x000002e070b1eaa0 JavaThread "Sweeper thread" daemon [_thread_blocked, id=5448, stack(0x000000fb51800000,0x000000fb51900000)]
  0x000002e0752c3e50 JavaThread "Common-Cleaner" daemon [_thread_blocked, id=18776, stack(0x000000fb51900000,0x000000fb51a00000)]
  0x000002e0753d7d10 JavaThread "Monitor Ctrl-Break" daemon [_thread_in_native, id=4412, stack(0x000000fb51b00000,0x000000fb51c00000)]
  0x000002e0753d81e0 JavaThread "Notification Thread" daemon [_thread_blocked, id=9168, stack(0x000000fb51c00000,0x000000fb51d00000)]
  0x000002e07574ffd0 JavaThread "Java2D Disposer" daemon [_thread_blocked, id=18904, stack(0x000000fb52100000,0x000000fb52200000)]
  0x000002e0759dafd0 JavaThread "AWT-Shutdown" [_thread_blocked, id=18672, stack(0x000000fb52200000,0x000000fb52300000)]
=>0x000002e075af4d30 JavaThread "AWT-EventQueue-0" [_thread_in_native, id=4004, stack(0x000000fb52400000,0x000000fb52500000)]
  0x000002e075e85b60 JavaThread "Reference Cleaner" daemon [_thread_blocked, id=17192, stack(0x000000fb51a00000,0x000000fb51b00000)]
  0x000002e075eea2b0 JavaThread "DefaultDispatcher-worker-1" daemon [_thread_blocked, id=2556, stack(0x000000fb52500000,0x000000fb52600000)]
  0x000002e075fa2e70 JavaThread "DefaultDispatcher-worker-2" daemon [_thread_blocked, id=17464, stack(0x000000fb52600000,0x000000fb52700000)]
  0x000002e075fa3810 JavaThread "DefaultDispatcher-worker-3" daemon [_thread_blocked, id=2952, stack(0x000000fb52800000,0x000000fb52900000)]
  0x000002e075fa24d0 JavaThread "kotlinx.coroutines.DefaultExecutor" daemon [_thread_blocked, id=15936, stack(0x000000fb52900000,0x000000fb52a00000)]
  0x000002e075fa4680 JavaThread "TimerQueue" daemon [_thread_blocked, id=16200, stack(0x000000fb52700000,0x000000fb52800000)]
  0x000002e075fa1660 JavaThread "RealmFinalizingDaemon" daemon [_thread_blocked, id=3680, stack(0x000000fb52f00000,0x000000fb53000000)]
  0x000002e00132ec70 JavaThread "core-notifier" daemon [_thread_in_native, id=15712, stack(0x000000fb53100000,0x000000fb53200000)]
  0x000002e0013312f0 JavaThread "DefaultDispatcher-worker-4" daemon [_thread_blocked, id=10196, stack(0x000000fb53300000,0x000000fb53400000)]
  0x000002e001330950 JavaThread "DefaultDispatcher-worker-5" daemon [_thread_blocked, id=10276, stack(0x000000fb53400000,0x000000fb53500000)]
  0x000002e00132f140 JavaThread "DefaultDispatcher-worker-6" daemon [_thread_blocked, id=3816, stack(0x000000fb53500000,0x000000fb53600000)]
  0x000002e001332b00 JavaThread "SIGINT handler" daemon [_thread_blocked, id=19048, stack(0x000000fb53700000,0x000000fb53800000)]

Other Threads:
  0x000002e070af0a70 VMThread "VM Thread" [stack: 0x000000fb50f00000,0x000000fb51000000] [id=18860]
  0x000002e04e438450 WatcherThread [stack: 0x000000fb51d00000,0x000000fb51e00000] [id=14308]
  0x000002e04e4a1630 GCTaskThread "GC Thread#0" [stack: 0x000000fb50a00000,0x000000fb50b00000] [id=9820]
  0x000002e07563bd00 GCTaskThread "GC Thread#1" [stack: 0x000000fb51e00000,0x000000fb51f00000] [id=1540]
  0x000002e07563bfb0 GCTaskThread "GC Thread#2" [stack: 0x000000fb51f00000,0x000000fb52000000] [id=10376]
  0x000002e075ac7610 GCTaskThread "GC Thread#3" [stack: 0x000000fb52000000,0x000000fb52100000] [id=17240]
  0x000002e04e4b2300 ConcurrentGCThread "G1 Main Marker" [stack: 0x000000fb50b00000,0x000000fb50c00000] [id=4404]
  0x000002e04e4b2d10 ConcurrentGCThread "G1 Conc#0" [stack: 0x000000fb50c00000,0x000000fb50d00000] [id=7592]
  0x000002e04e4ee4f0 ConcurrentGCThread "G1 Refine#0" [stack: 0x000000fb50d00000,0x000000fb50e00000] [id=16532]
  0x000002e0709a60f0 ConcurrentGCThread "G1 Service" [stack: 0x000000fb50e00000,0x000000fb50f00000] [id=15628]

Threads with active compile tasks:

VM state: not at safepoint (normal execution)

VM Mutex/Monitor currently owned by a thread: None

Heap address: 0x0000000702600000, size: 4058 MB, Compressed Oops mode: Zero based, Oop shift amount: 3

CDS archive(s) mapped at: [0x0000000800000000-0x0000000800bc0000-0x0000000800bc0000), size 12320768, SharedBaseAddress: 0x0000000800000000, ArchiveRelocationMode: 0.
Compressed class space mapped at: 0x0000000801000000-0x0000000841000000, reserved size: 1073741824
Narrow klass base: 0x0000000800000000, Narrow klass shift: 0, Narrow klass range: 0x100000000

GC Precious Log:
 CPUs: 4 total, 4 available
 Memory: 16224M
 Large Page Support: Disabled
 NUMA Support: Disabled
 Compressed Oops: Enabled (Zero based)
 Heap Region Size: 2M
 Heap Min Capacity: 8M
 Heap Initial Capacity: 254M
 Heap Max Capacity: 4058M
 Pre-touch: Disabled
 Parallel Workers: 4
 Concurrent Workers: 1
 Concurrent Refinement Workers: 4
 Periodic GC: Disabled

Heap:
 garbage-first heap   total 96256K, used 34538K [0x0000000702600000, 0x0000000800000000)
  region size 2048K, 7 young (14336K), 1 survivors (2048K)
 Metaspace       used 34186K, committed 34432K, reserved 1114112K
  class space    used 3713K, committed 3840K, reserved 1048576K

Heap Regions: E=young(eden), S=young(survivor), O=old, HS=humongous(starts), HC=humongous(continues), CS=collection set, F=free, OA=open archive, CA=closed archive, TAMS=top-at-mark-start (previous, next)
|   0|0x0000000702600000, 0x0000000702800000, 0x0000000702800000|100%|HS|  |TAMS 0x0000000702800000, 0x0000000702600000| Untracked 
|   1|0x0000000702800000, 0x0000000702a00000, 0x0000000702a00000|100%| O|  |TAMS 0x0000000702a00000, 0x0000000702800000| Untracked 
|   2|0x0000000702a00000, 0x0000000702c00000, 0x0000000702c00000|100%| O|  |TAMS 0x0000000702c00000, 0x0000000702a00000| Untracked 
|   3|0x0000000702c00000, 0x0000000702dffa48, 0x0000000702e00000| 99%| O|  |TAMS 0x0000000702c00000, 0x0000000702c00000| Untracked 
|   4|0x0000000702e00000, 0x0000000702ffffc8, 0x0000000703000000| 99%| O|  |TAMS 0x0000000702e00000, 0x0000000702e00000| Untracked 
|   5|0x0000000703000000, 0x0000000703065b58, 0x0000000703200000| 19%| O|  |TAMS 0x0000000703000000, 0x0000000703000000| Untracked 
|   6|0x0000000703200000, 0x0000000703200000, 0x0000000703400000|  0%| F|  |TAMS 0x0000000703200000, 0x0000000703200000| Untracked 
|   7|0x0000000703400000, 0x0000000703400000, 0x0000000703600000|  0%| F|  |TAMS 0x0000000703400000, 0x0000000703400000| Untracked 
|   8|0x0000000703600000, 0x0000000703600000, 0x0000000703800000|  0%| F|  |TAMS 0x0000000703600000, 0x0000000703600000| Untracked 
|   9|0x0000000703800000, 0x0000000703800000, 0x0000000703a00000|  0%| F|  |TAMS 0x0000000703800000, 0x0000000703800000| Untracked 
|  10|0x0000000703a00000, 0x0000000703c00000, 0x0000000703c00000|100%| O|  |TAMS 0x0000000703c00000, 0x0000000703a00000| Untracked 
|  11|0x0000000703c00000, 0x0000000703c00000, 0x0000000703e00000|  0%| F|  |TAMS 0x0000000703c00000, 0x0000000703c00000| Untracked 
|  12|0x0000000703e00000, 0x0000000703fe66e8, 0x0000000704000000| 95%| O|  |TAMS 0x0000000703e00000, 0x0000000703e00000| Untracked 
|  13|0x0000000704000000, 0x00000007040890b8, 0x0000000704200000| 26%| O|  |TAMS 0x0000000704000000, 0x0000000704000000| Untracked 
|  14|0x0000000704200000, 0x0000000704200000, 0x0000000704400000|  0%| F|  |TAMS 0x0000000704200000, 0x0000000704200000| Untracked 
|  15|0x0000000704400000, 0x0000000704400000, 0x0000000704600000|  0%| F|  |TAMS 0x0000000704400000, 0x0000000704400000| Untracked 
|  16|0x0000000704600000, 0x0000000704600000, 0x0000000704800000|  0%| F|  |TAMS 0x0000000704600000, 0x0000000704600000| Untracked 
|  17|0x0000000704800000, 0x0000000704a00000, 0x0000000704a00000|100%|HS|  |TAMS 0x0000000704a00000, 0x0000000704800000| Untracked 
|  18|0x0000000704a00000, 0x0000000704c00000, 0x0000000704c00000|100%|HC|  |TAMS 0x0000000704c00000, 0x0000000704a00000| Untracked 
|  19|0x0000000704c00000, 0x0000000704e00000, 0x0000000704e00000|100%|HC|  |TAMS 0x0000000704e00000, 0x0000000704c00000| Untracked 
|  20|0x0000000704e00000, 0x0000000705000000, 0x0000000705000000|100%|HC|  |TAMS 0x0000000705000000, 0x0000000704e00000| Untracked 
|  21|0x0000000705000000, 0x0000000705000000, 0x0000000705200000|  0%| F|  |TAMS 0x0000000705000000, 0x0000000705000000| Untracked 
|  22|0x0000000705200000, 0x0000000705200000, 0x0000000705400000|  0%| F|  |TAMS 0x0000000705200000, 0x0000000705200000| Untracked 
|  23|0x0000000705400000, 0x0000000705400000, 0x0000000705600000|  0%| F|  |TAMS 0x0000000705400000, 0x0000000705400000| Untracked 
|  24|0x0000000705600000, 0x00000007056a9c88, 0x0000000705800000| 33%| O|  |TAMS 0x0000000705600000, 0x0000000705600000| Untracked 
|  25|0x0000000705800000, 0x000000070583bfa0, 0x0000000705a00000| 11%| S|CS|TAMS 0x0000000705800000, 0x0000000705800000| Complete 
|  26|0x0000000705a00000, 0x0000000705a00000, 0x0000000705c00000|  0%| F|  |TAMS 0x0000000705a00000, 0x0000000705a00000| Untracked 
|  27|0x0000000705c00000, 0x0000000705c00000, 0x0000000705e00000|  0%| F|  |TAMS 0x0000000705c00000, 0x0000000705c00000| Untracked 
|  28|0x0000000705e00000, 0x0000000705e00000, 0x0000000706000000|  0%| F|  |TAMS 0x0000000705e00000, 0x0000000705e00000| Untracked 
|  29|0x0000000706000000, 0x0000000706000000, 0x0000000706200000|  0%| F|  |TAMS 0x0000000706000000, 0x0000000706000000| Untracked 
|  30|0x0000000706200000, 0x0000000706200000, 0x0000000706400000|  0%| F|  |TAMS 0x0000000706200000, 0x0000000706200000| Untracked 
|  31|0x0000000706400000, 0x0000000706400000, 0x0000000706600000|  0%| F|  |TAMS 0x0000000706400000, 0x0000000706400000| Untracked 
|  32|0x0000000706600000, 0x0000000706600000, 0x0000000706800000|  0%| F|  |TAMS 0x0000000706600000, 0x0000000706600000| Untracked 
|  33|0x0000000706800000, 0x0000000706800000, 0x0000000706a00000|  0%| F|  |TAMS 0x0000000706800000, 0x0000000706800000| Untracked 
|  34|0x0000000706a00000, 0x0000000706a00000, 0x0000000706c00000|  0%| F|  |TAMS 0x0000000706a00000, 0x0000000706a00000| Untracked 
|  35|0x0000000706c00000, 0x0000000706c00000, 0x0000000706e00000|  0%| F|  |TAMS 0x0000000706c00000, 0x0000000706c00000| Untracked 
|  36|0x0000000706e00000, 0x0000000706e00000, 0x0000000707000000|  0%| F|  |TAMS 0x0000000706e00000, 0x0000000706e00000| Untracked 
|  37|0x0000000707000000, 0x0000000707000000, 0x0000000707200000|  0%| F|  |TAMS 0x0000000707000000, 0x0000000707000000| Untracked 
|  38|0x0000000707200000, 0x0000000707200000, 0x0000000707400000|  0%| F|  |TAMS 0x0000000707200000, 0x0000000707200000| Untracked 
|  39|0x0000000707400000, 0x0000000707400000, 0x0000000707600000|  0%| F|  |TAMS 0x0000000707400000, 0x0000000707400000| Untracked 
|  40|0x0000000707600000, 0x0000000707600000, 0x0000000707800000|  0%| F|  |TAMS 0x0000000707600000, 0x0000000707600000| Untracked 
|  41|0x0000000707800000, 0x00000007078940b0, 0x0000000707a00000| 28%| E|  |TAMS 0x0000000707800000, 0x0000000707800000| Complete 
|  42|0x0000000707a00000, 0x0000000707c00000, 0x0000000707c00000|100%| E|CS|TAMS 0x0000000707a00000, 0x0000000707a00000| Complete 
|  43|0x0000000707c00000, 0x0000000707e00000, 0x0000000707e00000|100%| E|CS|TAMS 0x0000000707c00000, 0x0000000707c00000| Complete 
|  44|0x0000000707e00000, 0x0000000708000000, 0x0000000708000000|100%| E|CS|TAMS 0x0000000707e00000, 0x0000000707e00000| Complete 
|  45|0x0000000708000000, 0x0000000708200000, 0x0000000708200000|100%| E|CS|TAMS 0x0000000708000000, 0x0000000708000000| Complete 
|  46|0x0000000708200000, 0x0000000708400000, 0x0000000708400000|100%| E|CS|TAMS 0x0000000708200000, 0x0000000708200000| Complete 

Card table byte_map: [0x000002e065720000,0x000002e065f10000] _byte_map_base: 0x000002e061f0d000

Marking Bits (Prev, Next): (CMBitMap*) 0x000002e04e4a1c40, (CMBitMap*) 0x000002e04e4a1c80
 Prev Bits: [0x000002e066700000, 0x000002e06a668000)
 Next Bits: [0x000002e06a670000, 0x000002e06e5d8000)

Polling page: 0x000002e04c430000

Metaspace:

Usage:
  Non-class:     29.76 MB used.
      Class:      3.63 MB used.
       Both:     33.39 MB used.

Virtual space:
  Non-class space:       64.00 MB reserved,      29.88 MB ( 47%) committed,  1 nodes.
      Class space:        1.00 GB reserved,       3.75 MB ( <1%) committed,  1 nodes.
             Both:        1.06 GB reserved,      33.63 MB (  3%) committed. 

Chunk freelists:
   Non-Class:  1.56 MB
       Class:  12.28 MB
        Both:  13.84 MB

MaxMetaspaceSize: unlimited
CompressedClassSpaceSize: 1.00 GB
Initial GC threshold: 21.00 MB
Current GC threshold: 55.94 MB
CDS: on
MetaspaceReclaimPolicy: balanced
 - commit_granule_bytes: 65536.
 - commit_granule_words: 8192.
 - virtual_space_node_default_size: 8388608.
 - enlarge_chunks_in_place: 1.
 - new_chunks_are_fully_committed: 0.
 - uncommit_free_chunks: 1.
 - use_allocation_guard: 0.
 - handle_deallocations: 1.


Internal statistics:

num_allocs_failed_limit: 3.
num_arena_births: 160.
num_arena_deaths: 0.
num_vsnodes_births: 2.
num_vsnodes_deaths: 0.
num_space_committed: 538.
num_space_uncommitted: 0.
num_chunks_returned_to_freelist: 3.
num_chunks_taken_from_freelist: 1058.
num_chunk_merges: 3.
num_chunk_splits: 913.
num_chunks_enlarged: 834.
num_inconsistent_stats: 0.

CodeHeap 'non-profiled nmethods': size=120000Kb used=3616Kb max_used=3616Kb free=116383Kb
 bounds [0x000002e05da00000, 0x000002e05dd90000, 0x000002e064f30000]
CodeHeap 'profiled nmethods': size=120000Kb used=8029Kb max_used=10536Kb free=111970Kb
 bounds [0x000002e055f30000, 0x000002e056980000, 0x000002e05d460000]
CodeHeap 'non-nmethods': size=5760Kb used=1868Kb max_used=1943Kb free=3892Kb
 bounds [0x000002e05d460000, 0x000002e05d6d0000, 0x000002e05da00000]
 total_blobs=6044 nmethods=4700 adapters=1255
 compilation: enabled
              stopped_count=0, restarted_count=0
 full_count=0

Compilation events (20 events):
Event: 56.578 Thread 0x000002e070b13450 5489       4       java.util.concurrent.atomic.AtomicReferenceFieldUpdater$AtomicReferenceFieldUpdaterImpl::getAndSet (23 bytes)
Event: 56.580 Thread 0x000002e070b13450 nmethod 5489 0x000002e05dd82c10 code [0x000002e05dd82da0, 0x000002e05dd83098]
Event: 56.621 Thread 0x000002e070b13450 5490       4       kotlinx.coroutines.internal.LockFreeLinkedListKt::unwrap (32 bytes)
Event: 56.621 Thread 0x000002e070b13450 nmethod 5490 0x000002e05dd83290 code [0x000002e05dd83420, 0x000002e05dd834d8]
Event: 56.837 Thread 0x000002e070b13450 5491       4       kotlinx.coroutines.CancellableContinuationImpl::tryResumeImpl (142 bytes)
Event: 56.845 Thread 0x000002e070b13450 nmethod 5491 0x000002e05dd83590 code [0x000002e05dd83760, 0x000002e05dd83eb8]
Event: 57.093 Thread 0x000002e070b13450 5492       4       kotlinx.coroutines.channels.AbstractSendChannel$SendBuffered::tryResumeSend (23 bytes)
Event: 57.094 Thread 0x000002e070b13450 nmethod 5492 0x000002e05dd84390 code [0x000002e05dd84500, 0x000002e05dd84598]
Event: 57.103 Thread 0x000002e070b13450 5493   !   4       androidx.compose.runtime.snapshots.MutableSnapshot::innerApplyLocked$runtime (621 bytes)
Event: 57.143 Thread 0x000002e070b13450 nmethod 5493 0x000002e05dd84690 code [0x000002e05dd848c0, 0x000002e05dd85f68]
Event: 57.143 Thread 0x000002e070b13450 5494       4       kotlinx.coroutines.scheduling.CoroutineScheduler$Worker::tryReleaseCpu (56 bytes)
Event: 57.145 Thread 0x000002e070b13450 nmethod 5494 0x000002e05dd87090 code [0x000002e05dd87220, 0x000002e05dd87418]
Event: 57.385 Thread 0x000002e070b13450 5495       4       androidx.compose.ui.graphics.Color$Companion::getWhite-0d7_KjU (4 bytes)
Event: 57.385 Thread 0x000002e070b13450 nmethod 5495 0x000002e05dd87590 code [0x000002e05dd87700, 0x000002e05dd87778]
Event: 57.424 Thread 0x000002e070b16710 5496       3       java.util.IdentityHashMap$IdentityHashMapIterator::nextIndex (72 bytes)
Event: 57.425 Thread 0x000002e070b16710 nmethod 5496 0x000002e055f95690 code [0x000002e055f95860, 0x000002e055f95ca8]
Event: 57.432 Thread 0x000002e070b13450 5497       4       kotlin.reflect.jvm.internal.pcollections.IntTree::get (60 bytes)
Event: 57.434 Thread 0x000002e070b13450 nmethod 5497 0x000002e05dd87890 code [0x000002e05dd87a40, 0x000002e05dd87c90]
Event: 57.441 Thread 0x000002e070b13450 5498       4       kotlinx.coroutines.JobSupport::isCompleted (16 bytes)
Event: 57.443 Thread 0x000002e070b13450 nmethod 5498 0x000002e05dd87e90 code [0x000002e05dd88000, 0x000002e05dd88118]

GC Heap History (20 events):
Event: 0.579 GC heap before
{Heap before GC invocations=0 (full 0):
 garbage-first heap   total 260096K, used 12288K [0x0000000702600000, 0x0000000800000000)
  region size 2048K, 6 young (12288K), 0 survivors (0K)
 Metaspace       used 1763K, committed 1856K, reserved 1114112K
  class space    used 161K, committed 192K, reserved 1048576K
}
Event: 0.585 GC heap after
{Heap after GC invocations=1 (full 0):
 garbage-first heap   total 260096K, used 7156K [0x0000000702600000, 0x0000000800000000)
  region size 2048K, 1 young (2048K), 1 survivors (2048K)
 Metaspace       used 1763K, committed 1856K, reserved 1114112K
  class space    used 161K, committed 192K, reserved 1048576K
}
Event: 0.995 GC heap before
{Heap before GC invocations=1 (full 0):
 garbage-first heap   total 260096K, used 15348K [0x0000000702600000, 0x0000000800000000)
  region size 2048K, 6 young (12288K), 1 survivors (2048K)
 Metaspace       used 5830K, committed 6016K, reserved 1114112K
  class space    used 468K, committed 576K, reserved 1048576K
}
Event: 0.997 GC heap after
{Heap after GC invocations=2 (full 0):
 garbage-first heap   total 260096K, used 7712K [0x0000000702600000, 0x0000000800000000)
  region size 2048K, 1 young (2048K), 1 survivors (2048K)
 Metaspace       used 5830K, committed 6016K, reserved 1114112K
  class space    used 468K, committed 576K, reserved 1048576K
}
Event: 2.409 GC heap before
{Heap before GC invocations=2 (full 0):
 garbage-first heap   total 260096K, used 36384K [0x0000000702600000, 0x0000000800000000)
  region size 2048K, 15 young (30720K), 1 survivors (2048K)
 Metaspace       used 14870K, committed 15040K, reserved 1114112K
  class space    used 1534K, committed 1600K, reserved 1048576K
}
Event: 2.412 GC heap after
{Heap after GC invocations=3 (full 0):
 garbage-first heap   total 260096K, used 9740K [0x0000000702600000, 0x0000000800000000)
  region size 2048K, 2 young (4096K), 2 survivors (4096K)
 Metaspace       used 14870K, committed 15040K, reserved 1114112K
  class space    used 1534K, committed 1600K, reserved 1048576K
}
Event: 3.703 GC heap before
{Heap before GC invocations=3 (full 0):
 garbage-first heap   total 260096K, used 42508K [0x0000000702600000, 0x0000000800000000)
  region size 2048K, 19 young (38912K), 2 survivors (4096K)
 Metaspace       used 21338K, committed 21504K, reserved 1114112K
  class space    used 2280K, committed 2368K, reserved 1048576K
}
Event: 3.707 GC heap after
{Heap after GC invocations=4 (full 0):
 garbage-first heap   total 260096K, used 11118K [0x0000000702600000, 0x0000000800000000)
  region size 2048K, 2 young (4096K), 2 survivors (4096K)
 Metaspace       used 21338K, committed 21504K, reserved 1114112K
  class space    used 2280K, committed 2368K, reserved 1048576K
}
Event: 7.146 GC heap before
{Heap before GC invocations=5 (full 0):
 garbage-first heap   total 49152K, used 37742K [0x0000000702600000, 0x0000000800000000)
  region size 2048K, 10 young (20480K), 2 survivors (4096K)
 Metaspace       used 24183K, committed 24384K, reserved 1114112K
  class space    used 2620K, committed 2752K, reserved 1048576K
}
Event: 7.151 GC heap after
{Heap after GC invocations=6 (full 0):
 garbage-first heap   total 49152K, used 23930K [0x0000000702600000, 0x0000000800000000)
  region size 2048K, 1 young (2048K), 1 survivors (2048K)
 Metaspace       used 24183K, committed 24384K, reserved 1114112K
  class space    used 2620K, committed 2752K, reserved 1048576K
}
Event: 7.194 GC heap before
{Heap before GC invocations=6 (full 0):
 garbage-first heap   total 49152K, used 25978K [0x0000000702600000, 0x0000000800000000)
  region size 2048K, 2 young (4096K), 1 survivors (2048K)
 Metaspace       used 24529K, committed 24768K, reserved 1114112K
  class space    used 2663K, committed 2816K, reserved 1048576K
}
Event: 7.197 GC heap after
{Heap after GC invocations=7 (full 0):
 garbage-first heap   total 49152K, used 17891K [0x0000000702600000, 0x0000000800000000)
  region size 2048K, 1 young (2048K), 1 survivors (2048K)
 Metaspace       used 24529K, committed 24768K, reserved 1114112K
  class space    used 2663K, committed 2816K, reserved 1048576K
}
Event: 7.500 GC heap before
{Heap before GC invocations=7 (full 0):
 garbage-first heap   total 49152K, used 30179K [0x0000000702600000, 0x0000000800000000)
  region size 2048K, 8 young (16384K), 1 survivors (2048K)
 Metaspace       used 26772K, committed 26944K, reserved 1114112K
  class space    used 2940K, committed 3008K, reserved 1048576K
}
Event: 7.505 GC heap after
{Heap after GC invocations=8 (full 0):
 garbage-first heap   total 49152K, used 18985K [0x0000000702600000, 0x0000000800000000)
  region size 2048K, 1 young (2048K), 1 survivors (2048K)
 Metaspace       used 26772K, committed 26944K, reserved 1114112K
  class space    used 2940K, committed 3008K, reserved 1048576K
}
Event: 7.937 GC heap before
{Heap before GC invocations=8 (full 0):
 garbage-first heap   total 49152K, used 33321K [0x0000000702600000, 0x0000000800000000)
  region size 2048K, 8 young (16384K), 1 survivors (2048K)
 Metaspace       used 29853K, committed 30080K, reserved 1114112K
  class space    used 3314K, committed 3456K, reserved 1048576K
}
Event: 7.942 GC heap after
{Heap after GC invocations=9 (full 0):
 garbage-first heap   total 155648K, used 20186K [0x0000000702600000, 0x0000000800000000)
  region size 2048K, 1 young (2048K), 1 survivors (2048K)
 Metaspace       used 29853K, committed 30080K, reserved 1114112K
  class space    used 3314K, committed 3456K, reserved 1048576K
}
Event: 31.733 GC heap before
{Heap before GC invocations=9 (full 0):
 garbage-first heap   total 155648K, used 98010K [0x0000000702600000, 0x0000000800000000)
  region size 2048K, 36 young (73728K), 1 survivors (2048K)
 Metaspace       used 34146K, committed 34368K, reserved 1114112K
  class space    used 3709K, committed 3840K, reserved 1048576K
}
Event: 31.759 GC heap after
{Heap after GC invocations=10 (full 1):
 garbage-first heap   total 96256K, used 24058K [0x0000000702600000, 0x0000000800000000)
  region size 2048K, 0 young (0K), 0 survivors (0K)
 Metaspace       used 34146K, committed 34368K, reserved 1114112K
  class space    used 3709K, committed 3840K, reserved 1048576K
}
Event: 52.289 GC heap before
{Heap before GC invocations=10 (full 1):
 garbage-first heap   total 96256K, used 67066K [0x0000000702600000, 0x0000000800000000)
  region size 2048K, 21 young (43008K), 0 survivors (0K)
 Metaspace       used 34161K, committed 34432K, reserved 1114112K
  class space    used 3709K, committed 3840K, reserved 1048576K
}
Event: 52.291 GC heap after
{Heap after GC invocations=11 (full 1):
 garbage-first heap   total 96256K, used 24298K [0x0000000702600000, 0x0000000800000000)
  region size 2048K, 1 young (2048K), 1 survivors (2048K)
 Metaspace       used 34161K, committed 34432K, reserved 1114112K
  class space    used 3709K, committed 3840K, reserved 1048576K
}

Dll operation events (14 events):
Event: 0.030 Loaded shared library C:\Users\HP\.jdks\corretto-17.0.7\bin\java.dll
Event: 0.042 Loaded shared library C:\Users\HP\.jdks\corretto-17.0.7\bin\jsvml.dll
Event: 0.227 Loaded shared library C:\Users\HP\.jdks\corretto-17.0.7\bin\zip.dll
Event: 0.230 Loaded shared library C:\Users\HP\.jdks\corretto-17.0.7\bin\instrument.dll
Event: 0.238 Loaded shared library C:\Users\HP\.jdks\corretto-17.0.7\bin\net.dll
Event: 0.240 Loaded shared library C:\Users\HP\.jdks\corretto-17.0.7\bin\nio.dll
Event: 0.244 Loaded shared library C:\Users\HP\.jdks\corretto-17.0.7\bin\zip.dll
Event: 0.364 Loaded shared library C:\Program Files\JetBrains\IntelliJ IDEA Community Edition 2021.3.2\bin\breakgen64.dll
Event: 0.604 Loaded shared library C:\Users\HP\.jdks\corretto-17.0.7\bin\jimage.dll
Event: 0.609 Loaded shared library C:\Users\HP\.jdks\corretto-17.0.7\bin\awt.dll
Event: 1.686 Loaded shared library C:\Users\HP\.skiko\0de0d8dd8554d9bb66cfca3837db6514ff9b71080e998917280a3b777460a416\skiko-windows-x64.dll
Event: 2.242 Loaded shared library C:\Users\HP\.jdks\corretto-17.0.7\bin\freetype.dll
Event: 2.243 Loaded shared library C:\Users\HP\.jdks\corretto-17.0.7\bin\fontmanager.dll
Event: 7.824 Loaded shared library C:\Users\HP\AppData\Local\io-realm-kotlin\f7113120ba00ba1ff91d696eecd3919e85a4e34e\realmc.dll

Deoptimization events (20 events):
Event: 18.685 Thread 0x000002e075af4d30 Uncommon trap: trap_request=0xffffffd6 fr.pc=0x000002e05dccfe80 relative=0x0000000000004a60
Event: 18.685 Thread 0x000002e075af4d30 Uncommon trap: reason=array_check action=maybe_recompile pc=0x000002e05dccfe80 method=androidx.compose.runtime.collection.MutableVector.add(Ljava/lang/Object;)Z @ 19 c2
Event: 18.685 Thread 0x000002e075af4d30 DEOPT PACKING pc=0x000002e05dccfe80 sp=0x000000fb524fe1e0
Event: 18.685 Thread 0x000002e075af4d30 DEOPT UNPACKING pc=0x000002e05d4b69a3 sp=0x000000fb524fe1c0 mode 2
Event: 18.685 Thread 0x000002e075af4d30 Uncommon trap: trap_request=0xffffffd6 fr.pc=0x000002e05dccfe80 relative=0x0000000000004a60
Event: 18.685 Thread 0x000002e075af4d30 Uncommon trap: reason=array_check action=maybe_recompile pc=0x000002e05dccfe80 method=androidx.compose.runtime.collection.MutableVector.add(Ljava/lang/Object;)Z @ 19 c2
Event: 18.685 Thread 0x000002e075af4d30 DEOPT PACKING pc=0x000002e05dccfe80 sp=0x000000fb524fe1e0
Event: 18.685 Thread 0x000002e075af4d30 DEOPT UNPACKING pc=0x000002e05d4b69a3 sp=0x000000fb524fe1c0 mode 2
Event: 18.685 Thread 0x000002e075af4d30 Uncommon trap: trap_request=0xffffffd6 fr.pc=0x000002e05dccfe80 relative=0x0000000000004a60
Event: 18.685 Thread 0x000002e075af4d30 Uncommon trap: reason=array_check action=maybe_recompile pc=0x000002e05dccfe80 method=androidx.compose.runtime.collection.MutableVector.add(Ljava/lang/Object;)Z @ 19 c2
Event: 18.685 Thread 0x000002e075af4d30 DEOPT PACKING pc=0x000002e05dccfe80 sp=0x000000fb524fe1e0
Event: 18.685 Thread 0x000002e075af4d30 DEOPT UNPACKING pc=0x000002e05d4b69a3 sp=0x000000fb524fe1c0 mode 2
Event: 18.686 Thread 0x000002e075af4d30 Uncommon trap: trap_request=0xffffffd6 fr.pc=0x000002e05dccfe80 relative=0x0000000000004a60
Event: 18.686 Thread 0x000002e075af4d30 Uncommon trap: reason=array_check action=maybe_recompile pc=0x000002e05dccfe80 method=androidx.compose.runtime.collection.MutableVector.add(Ljava/lang/Object;)Z @ 19 c2
Event: 18.686 Thread 0x000002e075af4d30 DEOPT PACKING pc=0x000002e05dccfe80 sp=0x000000fb524fe1e0
Event: 18.686 Thread 0x000002e075af4d30 DEOPT UNPACKING pc=0x000002e05d4b69a3 sp=0x000000fb524fe1c0 mode 2
Event: 57.429 Thread 0x000002e001332630 Uncommon trap: trap_request=0xffffff45 fr.pc=0x000002e05db29e24 relative=0x0000000000000084
Event: 57.429 Thread 0x000002e001332630 Uncommon trap: reason=unstable_if action=reinterpret pc=0x000002e05db29e24 method=kotlinx.coroutines.AbstractCoroutine.onCompletionInternal(Ljava/lang/Object;)V @ 4 c2
Event: 57.429 Thread 0x000002e001332630 DEOPT PACKING pc=0x000002e05db29e24 sp=0x000000fb532fee30
Event: 57.429 Thread 0x000002e001332630 DEOPT UNPACKING pc=0x000002e05d4b69a3 sp=0x000000fb532fedd0 mode 2

Classes unloaded (0 events):
No events

Classes redefined (0 events):
No events

Internal exceptions (20 events):
Event: 1.128 Thread 0x000002e075af4d30 Exception <a 'java/lang/NoSuchMethodError'{0x0000000712014b80}: 'java.lang.Object java.lang.invoke.DirectMethodHandle$Holder.invokeStaticInit(java.lang.Object, int, int, int, int)'> (0x0000000712014b80) 
thrown [s\src\hotspot\share\interpreter\linkResolver.cpp, line 759]
Event: 1.279 Thread 0x000002e075af4d30 Exception <a 'java/lang/NoSuchMethodError'{0x0000000711e04088}: 'java.lang.Object java.lang.invoke.DirectMethodHandle$Holder.invokeStaticInit(java.lang.Object, java.lang.Object, int, int, int, int)'> (0x0000000711e04088) 
thrown [s\src\hotspot\share\interpreter\linkResolver.cpp, line 759]
Event: 1.412 Thread 0x000002e075af4d30 Exception <a 'java/lang/NoSuchMethodError'{0x0000000711d5c348}: 'double java.lang.invoke.DirectMethodHandle$Holder.invokeStatic(java.lang.Object, double)'> (0x0000000711d5c348) 
thrown [s\src\hotspot\share\interpreter\linkResolver.cpp, line 759]
Event: 1.413 Thread 0x000002e075af4d30 Exception <a 'java/lang/NoSuchMethodError'{0x0000000711d5fda8}: 'double java.lang.invoke.DirectMethodHandle$Holder.invokeStaticInit(java.lang.Object, double)'> (0x0000000711d5fda8) 
thrown [s\src\hotspot\share\interpreter\linkResolver.cpp, line 759]
Event: 1.424 Thread 0x000002e075af4d30 Exception <a 'java/lang/NoSuchMethodError'{0x0000000711da7e68}: 'java.lang.Object java.lang.invoke.DirectMethodHandle$Holder.newInvokeSpecial(java.lang.Object, double)'> (0x0000000711da7e68) 
thrown [s\src\hotspot\share\interpreter\linkResolver.cpp, line 759]
Event: 1.984 Thread 0x000002e075af4d30 Exception <a 'java/lang/NoSuchMethodError'{0x0000000710c24578}: 'void java.lang.invoke.DirectMethodHandle$Holder.invokeSpecial(java.lang.Object, java.lang.Object, java.lang.Object)'> (0x0000000710c24578) 
thrown [s\src\hotspot\share\interpreter\linkResolver.cpp, line 759]
Event: 2.004 Thread 0x000002e075af4d30 Exception <a 'java/lang/NoSuchMethodError'{0x0000000710c4e708}: 'java.lang.Object java.lang.invoke.DirectMethodHandle$Holder.newInvokeSpecial(java.lang.Object, java.lang.Object, java.lang.Object, java.lang.Object, java.lang.Object)'> (0x0000000710c4e708) 
thrown [s\src\hotspot\share\interpreter\linkResolver.cpp, line 759]
Event: 2.006 Thread 0x000002e075af4d30 Exception <a 'java/lang/NoSuchMethodError'{0x0000000710c5a618}: 'java.lang.Object java.lang.invoke.DirectMethodHandle$Holder.invokeStatic(java.lang.Object, int, java.lang.Object, java.lang.Object, java.lang.Object, java.lang.Object)'> (0x0000000710c5a618) 
thrown [s\src\hotspot\share\interpreter\linkResolver.cpp, line 759]
Event: 2.016 Thread 0x000002e075af4d30 Exception <a 'java/lang/NoSuchMethodError'{0x0000000710c80080}: 'java.lang.Object java.lang.invoke.DirectMethodHandle$Holder.invokeStatic(java.lang.Object, int, java.lang.Object)'> (0x0000000710c80080) 
thrown [s\src\hotspot\share\interpreter\linkResolver.cpp, line 759]
Event: 2.053 Thread 0x000002e075af4d30 Exception <a 'java/lang/ClassNotFoundException'{0x0000000710d3c668}: com/sun/swing/internal/plaf/metal/resources/spi/metalProvider> (0x0000000710d3c668) 
thrown [s\src\hotspot\share\classfile\systemDictionary.cpp, line 256]
Event: 2.055 Thread 0x000002e075af4d30 Exception <a 'java/lang/ClassNotFoundException'{0x0000000710d40608}: com/sun/swing/internal/plaf/basic/resources/spi/basicProvider> (0x0000000710d40608) 
thrown [s\src\hotspot\share\classfile\systemDictionary.cpp, line 256]
Event: 2.061 Thread 0x000002e075af4d30 Implicit null exception at 0x000002e05da8c48f to 0x000002e05da8c509
Event: 2.066 Thread 0x000002e075af4d30 Implicit null exception at 0x000002e05da34810 to 0x000002e05da34be4
Event: 2.066 Thread 0x000002e075af4d30 Implicit null exception at 0x000002e05da28a90 to 0x000002e05da28e48
Event: 2.100 Thread 0x000002e075af4d30 Exception <a 'java/lang/NoSuchMethodError'{0x0000000710a52968}: 'void java.lang.invoke.DirectMethodHandle$Holder.invokeStatic(java.lang.Object, java.lang.Object, java.lang.Object)'> (0x0000000710a52968) 
thrown [s\src\hotspot\share\interpreter\linkResolver.cpp, line 759]
Event: 2.237 Thread 0x000002e075af4d30 Exception <a 'java/lang/NoSuchMethodError'{0x0000000710930d68}: 'void java.lang.invoke.DirectMethodHandle$Holder.invokeStaticInit(java.lang.Object)'> (0x0000000710930d68) 
thrown [s\src\hotspot\share\interpreter\linkResolver.cpp, line 759]
Event: 2.483 Thread 0x000002e075af4d30 Exception <a 'java/lang/NoSuchMethodError'{0x000000071216f330}: 'int java.lang.invoke.DirectMethodHandle$Holder.invokeStaticInit(java.lang.Object, java.lang.Object, java.lang.Object)'> (0x000000071216f330) 
thrown [s\src\hotspot\share\interpreter\linkResolver.cpp, line 759]
Event: 3.004 Thread 0x000002e075ae2920 Exception <a 'java/lang/NoSuchMethodError'{0x0000000710a00be8}: 'void java.lang.invoke.DirectMethodHandle$Holder.invokeVirtual(java.lang.Object, java.lang.Object)'> (0x0000000710a00be8) 
thrown [s\src\hotspot\share\interpreter\linkResolver.cpp, line 759]
Event: 7.012 Thread 0x000002e075af4d30 Exception <a 'java/lang/NoSuchMethodError'{0x0000000704bb1bd0}: 'int java.lang.invoke.DirectMethodHandle$Holder.invokeStaticInit(java.lang.Object, long, long)'> (0x0000000704bb1bd0) 
thrown [s\src\hotspot\share\interpreter\linkResolver.cpp, line 759]
Event: 7.682 Thread 0x000002e075af4d30 Exception <a 'java/lang/NoSuchMethodError'{0x0000000704e09168}: 'java.lang.Object java.lang.invoke.DirectMethodHandle$Holder.newInvokeSpecial(java.lang.Object, int, java.lang.Object)'> (0x0000000704e09168) 
thrown [s\src\hotspot\share\interpreter\linkResolver.cpp, line 759]

VM Operations (20 events):
Event: 37.821 Executing VM operation: Cleanup
Event: 37.821 Executing VM operation: Cleanup done
Event: 38.835 Executing VM operation: Cleanup
Event: 38.835 Executing VM operation: Cleanup done
Event: 40.848 Executing VM operation: Cleanup
Event: 40.848 Executing VM operation: Cleanup done
Event: 42.872 Executing VM operation: Cleanup
Event: 42.872 Executing VM operation: Cleanup done
Event: 46.912 Executing VM operation: Cleanup
Event: 46.912 Executing VM operation: Cleanup done
Event: 51.944 Executing VM operation: Cleanup
Event: 51.945 Executing VM operation: Cleanup done
Event: 52.289 Executing VM operation: G1CollectForAllocation
Event: 52.291 Executing VM operation: G1CollectForAllocation done
Event: 55.318 Executing VM operation: Cleanup
Event: 55.318 Executing VM operation: Cleanup done
Event: 56.322 Executing VM operation: Cleanup
Event: 56.322 Executing VM operation: Cleanup done
Event: 57.334 Executing VM operation: Cleanup
Event: 57.334 Executing VM operation: Cleanup done

Events (20 events):
Event: 23.738 Thread 0x000002e070b1eaa0 flushing nmethod 0x000002e0567c0090
Event: 23.738 Thread 0x000002e070b1eaa0 flushing nmethod 0x000002e0567eb710
Event: 23.738 Thread 0x000002e070b1eaa0 flushing nmethod 0x000002e05680d210
Event: 23.738 Thread 0x000002e070b1eaa0 flushing nmethod 0x000002e056836a90
Event: 23.738 Thread 0x000002e070b1eaa0 flushing nmethod 0x000002e05686ce10
Event: 23.738 Thread 0x000002e070b1eaa0 flushing nmethod 0x000002e0568d4710
Event: 23.738 Thread 0x000002e070b1eaa0 flushing nmethod 0x000002e0568e8d90
Event: 23.738 Thread 0x000002e070b1eaa0 flushing nmethod 0x000002e056968f10
Event: 23.738 Thread 0x000002e070b1eaa0 flushing nmethod 0x000002e056969290
Event: 57.423 loading class jdk/internal/misc/Signal$1
Event: 57.424 loading class jdk/internal/misc/Signal$1 done
Event: 57.424 Thread 0x000002e001332b00 Thread added: 0x000002e001332b00
Event: 57.424 Thread 0x000002e001332fd0 Thread added: 0x000002e001332fd0
Event: 57.424 Thread 0x000002e0013334a0 Thread added: 0x000002e0013334a0
Event: 57.424 Thread 0x000002e001334cb0 Thread added: 0x000002e001334cb0
Event: 57.425 Thread 0x000002e001334cb0 Thread exited: 0x000002e001334cb0
Event: 57.433 Thread 0x000002e075ae2920 Thread exited: 0x000002e075ae2920
Event: 57.443 Thread 0x000002e0013334a0 Thread exited: 0x000002e0013334a0
Event: 57.445 Thread 0x000002e001332630 Thread exited: 0x000002e001332630
Event: 57.445 Thread 0x000002e075fa1190 Thread exited: 0x000002e075fa1190


Dynamic libraries:
0x00007ff7eeda0000 - 0x00007ff7eedad000 	C:\Users\HP\.jdks\corretto-17.0.7\bin\java.exe
0x00007ffee9b50000 - 0x00007ffee9d48000 	C:\Windows\SYSTEM32\ntdll.dll
0x00007ffee90d0000 - 0x00007ffee918f000 	C:\Windows\System32\KERNEL32.DLL
0x00007ffee7790000 - 0x00007ffee7a86000 	C:\Windows\System32\KERNELBASE.dll
0x00007ffedbcc0000 - 0x00007ffedbcd7000 	C:\Users\HP\.jdks\corretto-17.0.7\bin\jli.dll
0x00007ffee7410000 - 0x00007ffee7510000 	C:\Windows\System32\ucrtbase.dll
0x00007ffee9970000 - 0x00007ffee9b0d000 	C:\Windows\System32\USER32.dll
0x00007ffee76c0000 - 0x00007ffee76e2000 	C:\Windows\System32\win32u.dll
0x00007ffeced70000 - 0x00007ffeced85000 	C:\Users\HP\.jdks\corretto-17.0.7\bin\VCRUNTIME140.dll
0x00007ffee90a0000 - 0x00007ffee90cc000 	C:\Windows\System32\GDI32.dll
0x00007ffee7a90000 - 0x00007ffee7ba5000 	C:\Windows\System32\gdi32full.dll
0x00007ffecd150000 - 0x00007ffecd3ea000 	C:\Windows\WinSxS\amd64_microsoft.windows.common-controls_6595b64144ccf1df_6.0.19041.1110_none_60b5254171f9507e\COMCTL32.dll
0x00007ffee72c0000 - 0x00007ffee735d000 	C:\Windows\System32\msvcp_win.dll
0x00007ffee8310000 - 0x00007ffee83ae000 	C:\Windows\System32\msvcrt.dll
0x00007ffee8600000 - 0x00007ffee8630000 	C:\Windows\System32\IMM32.DLL
0x00007ffec1e20000 - 0x00007ffec1ebb000 	C:\Users\HP\.jdks\corretto-17.0.7\bin\msvcp140.dll
0x00007ffea5510000 - 0x00007ffea612a000 	C:\Users\HP\.jdks\corretto-17.0.7\bin\server\jvm.dll
0x00007ffee8630000 - 0x00007ffee86df000 	C:\Windows\System32\ADVAPI32.dll
0x00007ffee8560000 - 0x00007ffee85fc000 	C:\Windows\System32\sechost.dll
0x00007ffee7d70000 - 0x00007ffee7e96000 	C:\Windows\System32\RPCRT4.dll
0x00007ffee0fa0000 - 0x00007ffee0fa9000 	C:\Windows\SYSTEM32\WSOCK32.dll
0x00007ffee8e70000 - 0x00007ffee8edb000 	C:\Windows\System32\WS2_32.dll
0x00007ffecca00000 - 0x00007ffecca27000 	C:\Windows\SYSTEM32\WINMM.dll
0x00007ffedb320000 - 0x00007ffedb32a000 	C:\Windows\SYSTEM32\VERSION.dll
0x00007ffee5a20000 - 0x00007ffee5a32000 	C:\Windows\SYSTEM32\kernel.appcore.dll
0x00007ffedf290000 - 0x00007ffedf29a000 	C:\Users\HP\.jdks\corretto-17.0.7\bin\jimage.dll
0x00007ffee1f40000 - 0x00007ffee2124000 	C:\Windows\SYSTEM32\DBGHELP.DLL
0x00007ffecec70000 - 0x00007ffececa4000 	C:\Windows\SYSTEM32\dbgcore.DLL
0x00007ffee7230000 - 0x00007ffee72b2000 	C:\Windows\System32\bcryptPrimitives.dll
0x00007ffedf230000 - 0x00007ffedf23e000 	C:\Users\HP\.jdks\corretto-17.0.7\bin\instrument.dll
0x00007ffeca980000 - 0x00007ffeca9a5000 	C:\Users\HP\.jdks\corretto-17.0.7\bin\java.dll
0x00007ffebaa40000 - 0x00007ffebab16000 	C:\Users\HP\.jdks\corretto-17.0.7\bin\jsvml.dll
0x00007ffee9190000 - 0x00007ffee98d4000 	C:\Windows\System32\SHELL32.dll
0x00007ffee2130000 - 0x00007ffee28c4000 	C:\Windows\SYSTEM32\windows.storage.dll
0x00007ffee8890000 - 0x00007ffee8be4000 	C:\Windows\System32\combase.dll
0x00007ffee6ab0000 - 0x00007ffee6ade000 	C:\Windows\SYSTEM32\Wldp.dll
0x00007ffee8f90000 - 0x00007ffee903d000 	C:\Windows\System32\SHCORE.dll
0x00007ffee9040000 - 0x00007ffee9095000 	C:\Windows\System32\shlwapi.dll
0x00007ffee7160000 - 0x00007ffee7185000 	C:\Windows\SYSTEM32\profapi.dll
0x00007ffec7110000 - 0x00007ffec7128000 	C:\Users\HP\.jdks\corretto-17.0.7\bin\zip.dll
0x00007ffeca7f0000 - 0x00007ffeca809000 	C:\Users\HP\.jdks\corretto-17.0.7\bin\net.dll
0x00007ffed8570000 - 0x00007ffed867a000 	C:\Windows\SYSTEM32\WINHTTP.dll
0x00007ffee6890000 - 0x00007ffee68fa000 	C:\Windows\system32\mswsock.dll
0x00007ffec73c0000 - 0x00007ffec73d5000 	C:\Users\HP\.jdks\corretto-17.0.7\bin\nio.dll
0x00007ffedd130000 - 0x00007ffedd14a000 	C:\Program Files\JetBrains\IntelliJ IDEA Community Edition 2021.3.2\bin\breakgen64.dll
0x00007ffea9440000 - 0x00007ffea95e9000 	C:\Users\HP\.jdks\corretto-17.0.7\bin\awt.dll
0x00007ffee87c0000 - 0x00007ffee888d000 	C:\Windows\System32\OLEAUT32.dll
0x00007ffee0ec0000 - 0x00007ffee0f51000 	C:\Windows\SYSTEM32\apphelp.dll
0x00007ffee1180000 - 0x00007ffee121e000 	C:\Windows\system32\uxtheme.dll
0x00007ffee8440000 - 0x00007ffee8554000 	C:\Windows\System32\MSCTF.dll
0x00007ffee8c00000 - 0x00007ffee8d2a000 	C:\Windows\System32\ole32.dll
0x00007ffee1320000 - 0x00007ffee134f000 	C:\Windows\system32\DWMAPI.DLL
0x00007ffeb5d50000 - 0x00007ffeb5e75000 	C:\Windows\system32\opengl32.dll
0x00007ffeb67f0000 - 0x00007ffeb681c000 	C:\Windows\SYSTEM32\GLU32.dll
0x00007ffee6af0000 - 0x00007ffee6b08000 	C:\Windows\SYSTEM32\CRYPTSP.dll
0x00007ffee61d0000 - 0x00007ffee6204000 	C:\Windows\system32\rsaenh.dll
0x00007ffee7760000 - 0x00007ffee7787000 	C:\Windows\System32\bcrypt.dll
0x00007ffee7120000 - 0x00007ffee714e000 	C:\Windows\SYSTEM32\USERENV.dll
0x00007ffee6a20000 - 0x00007ffee6a2c000 	C:\Windows\SYSTEM32\CRYPTBASE.dll
0x00007ffee65a0000 - 0x00007ffee65dc000 	C:\Windows\SYSTEM32\IPHLPAPI.DLL
0x00007ffee7d60000 - 0x00007ffee7d68000 	C:\Windows\System32\NSI.dll
0x00007ffeda430000 - 0x00007ffeda447000 	C:\Windows\SYSTEM32\dhcpcsvc6.DLL
0x00007ffed8d80000 - 0x00007ffed8d9d000 	C:\Windows\SYSTEM32\dhcpcsvc.DLL
0x00007ffee65e0000 - 0x00007ffee66aa000 	C:\Windows\SYSTEM32\DNSAPI.dll
0x00007ffe9d3a0000 - 0x00007ffe9e3ec000 	C:\Users\HP\.skiko\0de0d8dd8554d9bb66cfca3837db6514ff9b71080e998917280a3b777460a416\skiko-windows-x64.dll
0x00007ffec67f0000 - 0x00007ffec6873000 	C:\Users\HP\.jdks\corretto-17.0.7\bin\freetype.dll
0x00007ffeb1cf0000 - 0x00007ffeb1db2000 	C:\Users\HP\.jdks\corretto-17.0.7\bin\fontmanager.dll
0x00007ffedd5a0000 - 0x00007ffedd5a7000 	C:\Users\HP\.jdks\corretto-17.0.7\bin\jawt.dll
0x00007ffee5a90000 - 0x00007ffee5b83000 	C:\Windows\SYSTEM32\Dxgi.dll
0x00007ffedc060000 - 0x00007ffedc080000 	C:\Windows\SYSTEM32\D3D12.dll
0x00007ffea90c0000 - 0x00007ffea928d000 	C:\Windows\SYSTEM32\D3D12Core.dll
0x00007ffeda9e0000 - 0x00007ffedaa1b000 	C:\Windows\SYSTEM32\dxcore.dll
0x00007ffee7670000 - 0x00007ffee76be000 	C:\Windows\System32\cfgmgr32.dll
0x00007ffed4390000 - 0x00007ffed6fa9000 	C:\Windows\System32\DriverStore\FileRepository\igdlh64.inf_amd64_e6daaea9afe1e6f6\igc64.dll
0x00007ffe72ab0000 - 0x00007ffe73f83000 	C:\Windows\System32\DriverStore\FileRepository\igdlh64.inf_amd64_e6daaea9afe1e6f6\igd12umd64.dll
0x00007ffeda000000 - 0x00007ffeda257000 	C:\Windows\System32\DriverStore\FileRepository\igdlh64.inf_amd64_e6daaea9afe1e6f6\igdgmm64.dll
0x00007ffea4da0000 - 0x00007ffea51ab000 	C:\Windows\System32\DriverStore\FileRepository\igdlh64.inf_amd64_e6daaea9afe1e6f6\igdml64.dll
0x00007ffedbfd0000 - 0x00007ffedbffb000 	C:\Windows\SYSTEM32\D3DSCache.dll
0x00007ffe51780000 - 0x00007ffe55f82000 	C:\Windows\System32\DriverStore\FileRepository\igdlh64.inf_amd64_e6daaea9afe1e6f6\igd12dxva64.dll
0x00007ffee7ea0000 - 0x00007ffee830e000 	C:\Windows\System32\SETUPAPI.dll
0x00007ffe96bf0000 - 0x00007ffe96c17000 	C:\Windows\System32\DriverStore\FileRepository\igdlh64.inf_amd64_e6daaea9afe1e6f6\igdinfo64.dll
0x00007ffeddf50000 - 0x00007ffede157000 	C:\Windows\SYSTEM32\twinapi.appcore.dll
0x00007ffee8ee0000 - 0x00007ffee8f89000 	C:\Windows\System32\clbcatq.dll
0x00007ffe744c0000 - 0x00007ffe75492000 	C:\Windows\System32\DriverStore\FileRepository\igdlh64.inf_amd64_e6daaea9afe1e6f6\ig9icd64.dll
0x00007ffee7090000 - 0x00007ffee70db000 	C:\Windows\SYSTEM32\powrprof.dll
0x00007ffee7070000 - 0x00007ffee7082000 	C:\Windows\SYSTEM32\UMPDC.dll
0x00007ffed2250000 - 0x00007ffed24cf000 	C:\Windows\SYSTEM32\dwrite.dll
0x00007ffed3ec0000 - 0x00007ffed3fb9000 	C:\Windows\SYSTEM32\textinputframework.dll
0x00007ffee0b40000 - 0x00007ffee0c32000 	C:\Windows\System32\CoreMessaging.dll
0x00007ffee0460000 - 0x00007ffee07be000 	C:\Windows\System32\CoreUIComponents.dll
0x00007ffee62f0000 - 0x00007ffee6323000 	C:\Windows\SYSTEM32\ntmarta.dll
0x00007ffedf450000 - 0x00007ffedf5a4000 	C:\Windows\SYSTEM32\wintypes.dll
0x00007ffea2470000 - 0x00007ffea2d22000 	C:\Users\HP\AppData\Local\io-realm-kotlin\f7113120ba00ba1ff91d696eecd3919e85a4e34e\realmc.dll
0x00007ffee7510000 - 0x00007ffee766e000 	C:\Windows\System32\CRYPT32.dll

dbghelp: loaded successfully - version: 4.0.5 - missing functions: none
symbol engine: initialized successfully - sym options: 0x614 - pdb path: .;C:\Users\HP\.jdks\corretto-17.0.7\bin;C:\Windows\SYSTEM32;C:\Windows\WinSxS\amd64_microsoft.windows.common-controls_6595b64144ccf1df_6.0.19041.1110_none_60b5254171f9507e;C:\Users\HP\.jdks\corretto-17.0.7\bin\server;C:\Program Files\JetBrains\IntelliJ IDEA Community Edition 2021.3.2\bin;C:\Users\HP\.skiko\0de0d8dd8554d9bb66cfca3837db6514ff9b71080e998917280a3b777460a416;C:\Windows\System32\DriverStore\FileRepository\igdlh64.inf_amd64_e6daaea9afe1e6f6;C:\Users\HP\AppData\Local\io-realm-kotlin\f7113120ba00ba1ff91d696eecd3919e85a4e34e

VM Arguments:
jvm_args: -Djava.library.path=C:\Users\HP\Desktop\newderar\build\classes\kotlin\jvm\main;C:\Users\HP\Desktop\newderar\build\processedResources\jvm\main -javaagent:C:\Program Files\JetBrains\IntelliJ IDEA Community Edition 2021.3.2\lib\idea_rt.jar=55360:C:\Program Files\JetBrains\IntelliJ IDEA Community Edition 2021.3.2\bin -Dfile.encoding=UTF-8 
java_command: MainKt
java_class_path (initial): C:\Users\HP\Desktop\newderar\build\classes\kotlin\jvm\main;C:\Users\HP\Desktop\newderar\build\processedResources\jvm\main;C:\Users\HP\.gradle\caches\modules-2\files-2.1\io.insert-koin\koin-androidx-compose\3.4.5\ae0a88b7a68d507e651c5a3d70a541594bea54cb\koin-androidx-compose-3.4.5.aar;C:\Users\HP\.gradle\caches\modules-2\files-2.1\androidx.navigation\navigation-compose\2.6.0\3f8ce7b0bad21cced0c47b42b6347c65a6e422c3\navigation-compose-2.6.0.aar;C:\Users\HP\.gradle\caches\modules-2\files-2.1\org.jetbrains.kotlin\kotlin-stdlib-jdk8\1.8.21\67f57e154437cd9e6e9cf368394b95814836ff88\kotlin-stdlib-jdk8-1.8.21.jar;C:\Users\HP\.gradle\caches\modules-2\files-2.1\org.apache.poi\poi-ooxml\4.1.2\87d9a22aa9a7dd26e80c360e709f7ee02e32ab3b\poi-ooxml-4.1.2.jar;C:\Users\HP\.gradle\caches\modules-2\files-2.1\org.apache.poi\poi\4.1.2\964bf41cf68bce08e4ef6b2279b559fdf8d454f4\poi-4.1.2.jar;C:\Users\HP\.gradle\caches\modules-2\files-2.1\org.lwjgl\lwjgl-nfd\3.3.1\622318116996ddcff449b46cb38f0fdee39b8ac3\lwjgl-nfd-3.3.1.jar;C:\Users\HP\.gradle\caches\modules-2\files-2.1\org.lwjgl\lwjgl-nfd\3.3.1\2e007667e04ed3281152ae5c6e677fb1c2211691\lwjgl-nfd-3.3.1-natives-linux.jar;C:\Users\HP\.gradle\caches\modules-2\files-2.1\org.lwjgl\lwjgl\3.3.1\ae58664f88e18a9bb2c77b063833ca7aaec484cb\lwjgl-3.3.1.jar;C:\Users\HP\.gradle\caches\modules-2\files-2.1\io.insert-koin\koin-android\3.4.0\48715fbe06102a59a30bd45b06ed2400c16c6f45\koin-android-3.4.0.aar;C:\Users\HP\.gradle\caches\modules-2\files-2.1\org.lwjgl\lwjgl-nfd\3.3.1\b3e04e317f55dd738d8a345cdafd15b39f85a2ea\lwjgl-nfd-3.3.1-natives-linux-arm32.jar;C:\Users\HP\.gradle\caches\modules-2\files-2.1\androidx.lifecycle\lifecycle-viewmodel-compose\2.6.1\38cf3bb65ff3e0e5c3d63de2ebf5411d0898108c\lifecycle-viewmodel-compose-2.6.1.aar;C:\Users\HP\.gradle\caches\modules-2\files-2.1\org.lwjgl\lwjgl-nfd\3.3.1\f41dc62336f7ee4ab35705cfa440cc903d199165\lwjgl-nfd-3.3.1-natives-linux-arm64.jar;C:\Users\HP\.gradle\caches\modules-2\files-2.1\androi
Launcher Type: SUN_STANDARD

[Global flags]
     intx CICompilerCount                          = 3                                         {product} {ergonomic}
     uint ConcGCThreads                            = 1                                         {product} {ergonomic}
     uint G1ConcRefinementThreads                  = 4                                         {product} {ergonomic}
   size_t G1HeapRegionSize                         = 2097152                                   {product} {ergonomic}
    uintx GCDrainStackTargetSize                   = 64                                        {product} {ergonomic}
   size_t InitialHeapSize                          = 266338304                                 {product} {ergonomic}
   size_t MarkStackSize                            = 4194304                                   {product} {ergonomic}
   size_t MaxHeapSize                              = 4255121408                                {product} {ergonomic}
   size_t MaxNewSize                               = 2552233984                                {product} {ergonomic}
   size_t MinHeapDeltaBytes                        = 2097152                                   {product} {ergonomic}
   size_t MinHeapSize                              = 8388608                                   {product} {ergonomic}
    uintx NonNMethodCodeHeapSize                   = 5832780                                {pd product} {ergonomic}
    uintx NonProfiledCodeHeapSize                  = 122912730                              {pd product} {ergonomic}
    uintx ProfiledCodeHeapSize                     = 122912730                              {pd product} {ergonomic}
    uintx ReservedCodeCacheSize                    = 251658240                              {pd product} {ergonomic}
     bool SegmentedCodeCache                       = true                                      {product} {ergonomic}
   size_t SoftMaxHeapSize                          = 4255121408                             {manageable} {ergonomic}
     bool UseCompressedClassPointers               = true                           {product lp64_product} {ergonomic}
     bool UseCompressedOops                        = true                           {product lp64_product} {ergonomic}
     bool UseG1GC                                  = true                                      {product} {ergonomic}
     bool UseLargePagesIndividualAllocation        = false                                  {pd product} {ergonomic}

Logging:
Log output configuration:
 #0: stdout all=warning uptime,level,tags
 #1: stderr all=off uptime,level,tags

Environment Variables:
PATH=C:\Program Files\Common Files\Oracle\Java\javapath;C:\Program Files (x86)\Common Files\Oracle\Java\javapath;C:\Windows\system32;C:\Windows;C:\Windows\System32\Wbem;C:\Windows\System32\WindowsPowerShell\v1.0\;C:\Windows\System32\OpenSSH\;C:\xampp\php;C:\ProgramData\ComposerSetup\bin;C:\Program Files\nodejs\;C:\Program Files (x86)\Intel\Intel(R) Management Engine Components\DAL;C:\Program Files\Intel\Intel(R) Management Engine Components\DAL;C:\Program Files\Git\cmd;C:\Program Files\Fortect;C:\Users\HP\AppData\Local\Microsoft\WindowsApps;C:\Program Files\JetBrains\IntelliJ IDEA Community Edition 2021.3.2\bin;C:\Users\HP\AppData\Local\Programs\Microsoft VS Code\bin;C:\Users\HP\AppData\Local\JetBrains\Toolbox\scripts;C:\Users\HP\AppData\Local\GitHubDesktop\bin;C:\Users\HP\Desktop\camp\flutter_windows_3.7.6-stable\flutter\bin;C:\Users\HP\AppData\Roaming\Composer\vendor\bin;C:\Users\HP\AppData\Roaming\npm
USERNAME=HP
OS=Windows_NT
PROCESSOR_IDENTIFIER=Intel64 Family 6 Model 142 Stepping 9, GenuineIntel
TMP=C:\Users\HP\AppData\Local\Temp
TEMP=C:\Users\HP\AppData\Local\Temp



---------------  S Y S T E M  ---------------

OS:
 Windows 10 , 64 bit Build 19041 (10.0.19041.3155)
OS uptime: 2 days 14:25 hours
Hyper-V role detected

CPU: total 4 (initial active 4) (2 cores per cpu, 2 threads per core) family 6 model 142 stepping 9 microcode 0xf2, cx8, cmov, fxsr, ht, mmx, 3dnowpref, sse, sse2, sse3, ssse3, sse4.1, sse4.2, popcnt, lzcnt, tsc, tscinvbit, avx, avx2, aes, erms, clmul, bmi1, bmi2, rtm, adx, fma, vzeroupper, clflush, clflushopt, hv

Memory: 4k page, system-wide physical 16224M (5657M free)
TotalPageFile size 32096M (AvailPageFile size 19818M)
current process WorkingSet (physical memory assigned to process): 272M, peak: 330M
current process commit charge ("private bytes"): 290M, peak: 431M

vm_info: OpenJDK 64-Bit Server VM (17.0.7+7-LTS) for windows-amd64 JRE (17.0.7+7-LTS), built on Apr 14 2023 01:39:21 by "Administrator" with MS VC++ 15.9 (VS2017)

END.
