#
# A fatal error has been detected by the Java Runtime Environment:
#
#  EXCEPTION_ACCESS_VIOLATION (0xc0000005) at pc=0x00007ffa7dd5ebe3, pid=10180, tid=13744
#
# JRE version: OpenJDK Runtime Environment JBR-17.0.7+7-1000.5-nomod (17.0.7+7) (build 17.0.7+7-b1000.5)
# Java VM: OpenJDK 64-Bit Server VM JBR-17.0.7+7-1000.5-nomod (17.0.7+7-b1000.5, mixed mode, tiered, compressed oops, compressed class ptrs, g1 gc, windows-amd64)
# Problematic frame:
# C  [ig9icd64.dll+0x9bebe3]
#
# No core dump will be written. Minidumps are not enabled by default on client versions of Windows
#
# If you would like to submit a bug report, please visit:
#   https://youtrack.jetbrains.com/issues/JBR
# The crash happened outside the Java Virtual Machine in native code.
# See problematic frame for where to report the bug.
#

---------------  S U M M A R Y ------------

Command Line: -Djava.library.path=C:\Users\HP\Desktop\newderar\build\classes\kotlin\jvm\main;C:\Users\HP\Desktop\newderar\build\processedResources\jvm\main -javaagent:C:\Program Files\JetBrains\IntelliJ IDEA Community Edition 2021.3.2\lib\idea_rt.jar=53202:C:\Program Files\JetBrains\IntelliJ IDEA Community Edition 2021.3.2\bin -Dfile.encoding=UTF-8 MainKt

Host: Intel(R) Core(TM) i5-7300U CPU @ 2.60GHz, 4 cores, 15G,  Windows 10 , 64 bit Build 19041 (10.0.19041.3155)
Time: Thu Jul  6 00:46:42 2023 Libya Standard Time elapsed time: 51.438349 seconds (0d 0h 0m 51s)

---------------  T H R E A D  ---------------

Current thread (0x0000022bbbdf0a20):  JavaThread "AWT-EventQueue-0" [_thread_in_native, id=13744, stack(0x0000003472200000,0x0000003472300000)]

Stack: [0x0000003472200000,0x0000003472300000],  sp=0x00000034722fc818,  free space=1010k
Native frames: (J=compiled Java code, j=interpreted, Vv=VM code, C=native code)
C  [ig9icd64.dll+0x9bebe3]

Java frames: (J=compiled Java code, j=interpreted, Vv=VM code)
J 4835  org.jetbrains.skia.DirectContextKt.DirectContext_nFlush(J)V (0 bytes) @ 0x0000022ba8c002e9 [0x0000022ba8c002a0+0x0000000000000049]
J 4809 c1 org.jetbrains.skiko.context.ContextHandler.flush()V (17 bytes) @ 0x0000022ba17e12dc [0x0000022ba17e1160+0x000000000000017c]
J 4750 c1 org.jetbrains.skiko.context.ContextHandler.draw()V (91 bytes) @ 0x0000022ba17d9e74 [0x0000022ba17d9620+0x0000000000000854]
J 4679 c1 org.jetbrains.skiko.redrawer.WindowsOpenGLRedrawer.draw()V (245 bytes) @ 0x0000022ba17af95c [0x0000022ba17af240+0x000000000000071c]
J 4362 c1 org.jetbrains.skiko.redrawer.WindowsOpenGLRedrawer$Companion$frameDispatcher$1.invokeSuspend(Ljava/lang/Object;)Ljava/lang/Object; (379 bytes) @ 0x0000022ba16ee474 [0x0000022ba16ed100+0x0000000000001374]
J 4676 c1 org.jetbrains.skiko.redrawer.WindowsOpenGLRedrawer$Companion$frameDispatcher$1.invoke(Ljava/lang/Object;)Ljava/lang/Object; (9 bytes) @ 0x0000022ba17ad504 [0x0000022ba17acfa0+0x0000000000000564]
J 4345 c1 org.jetbrains.skiko.FrameDispatcher$job$1.invokeSuspend(Ljava/lang/Object;)Ljava/lang/Object; (156 bytes) @ 0x0000022ba16e1cc4 [0x0000022ba16e1320+0x00000000000009a4]
J 4636 c2 kotlin.coroutines.jvm.internal.BaseContinuationImpl.resumeWith(Ljava/lang/Object;)V (128 bytes) @ 0x0000022ba8b9b9f4 [0x0000022ba8b9b9a0+0x0000000000000054]
J 4717 c2 kotlinx.coroutines.DispatchedTask.run()V (571 bytes) @ 0x0000022ba8bbd2c8 [0x0000022ba8bbcf20+0x00000000000003a8]
J 4790 c2 java.awt.EventQueue.dispatchEvent(Ljava/awt/AWTEvent;)V java.desktop@17.0.7 (80 bytes) @ 0x0000022ba8bdb928 [0x0000022ba8bdb380+0x00000000000005a8]
J 4796 c2 java.awt.EventDispatchThread.pumpOneEventForFilters(I)V java.desktop@17.0.7 (113 bytes) @ 0x0000022ba8be3b34 [0x0000022ba8be3320+0x0000000000000814]
j  java.awt.EventDispatchThread.pumpEventsForFilter(ILjava/awt/Conditional;Ljava/awt/EventFilter;)V+35 java.desktop@17.0.7
j  java.awt.EventDispatchThread.pumpEventsForHierarchy(ILjava/awt/Conditional;Ljava/awt/Component;)V+11 java.desktop@17.0.7
j  java.awt.EventDispatchThread.pumpEvents(ILjava/awt/Conditional;)V+4 java.desktop@17.0.7
j  java.awt.EventDispatchThread.pumpEvents(Ljava/awt/Conditional;)V+3 java.desktop@17.0.7
j  java.awt.EventDispatchThread.run()V+18 java.desktop@17.0.7
v  ~StubRoutines::call_stub

siginfo: EXCEPTION_ACCESS_VIOLATION (0xc0000005), reading address 0x00007ffdbdf81110


Register to memory mapping:

RIP=0x00007ffa7dd5ebe3 ig9icd64.dll
RAX=0x000000000fff0fff is an unknown value
RBX=0x00007ffa7d3a0000 ig9icd64.dll
RCX=0x000000033fcf3fcc is an unknown value
RDX=0x00000034722fcd30 is pointing into the stack for thread: 0x0000022bbbdf0a20
RSP=0x00000034722fc818 is pointing into the stack for thread: 0x0000022bbbdf0a20
RBP=0x00000034722fc920 is pointing into the stack for thread: 0x0000022bbbdf0a20
RSI=0x0000022bc15601c0 points into unknown readable memory: 0x0000022bc1522ec0 | c0 2e 52 c1 2b 02 00 00
RDI=0x00000034722fcb20 is pointing into the stack for thread: 0x0000022bbbdf0a20
R8 =0x00000034722fc950 is pointing into the stack for thread: 0x0000022bbbdf0a20
R9 =0x00000034722fcd30 is pointing into the stack for thread: 0x0000022bbbdf0a20
R10=0x00000034722fcb20 is pointing into the stack for thread: 0x0000022bbbdf0a20
R11=0x0 is NULL
R12=0x00007ffa7e1d15e0 ig9icd64.dll
R13=0x0 is NULL
R14=0x0 is NULL
R15=0x00000000000001c1 is an unknown value


Registers:
RAX=0x000000000fff0fff, RBX=0x00007ffa7d3a0000, RCX=0x000000033fcf3fcc, RDX=0x00000034722fcd30
RSP=0x00000034722fc818, RBP=0x00000034722fc920, RSI=0x0000022bc15601c0, RDI=0x00000034722fcb20
R8 =0x00000034722fc950, R9 =0x00000034722fcd30, R10=0x00000034722fcb20, R11=0x0000000000000000
R12=0x00007ffa7e1d15e0, R13=0x0000000000000000, R14=0x0000000000000000, R15=0x00000000000001c1
RIP=0x00007ffa7dd5ebe3, EFLAGS=0x0000000000010206

Top of Stack: (sp=0x00000034722fc818)
0x00000034722fc818:   00007ffa7dd5c31b 0000000000000001
0x00000034722fc828:   0000000000000000 0000022bc0514500
0x00000034722fc838:   00007ffaf6782622 0000003400000065
0x00000034722fc848:   00000034722fca50 0000000000000000
0x00000034722fc858:   0000022bc0765ea0 0000000000000000
0x00000034722fc868:   0000022bc412eb40 0000022bc05145e0
0x00000034722fc878:   0000000000001100 0000000000000000
0x00000034722fc888:   0000000000000000 00000034722fca00
0x00000034722fc898:   00007ffa7d9f79c0 0000000000000000
0x00000034722fc8a8:   0000000000000000 0000000000000000
0x00000034722fc8b8:   0000000000000000 00004aedab08a3b0
0x00000034722fc8c8:   00007ffa7d3b6555 0000022bc05145e0
0x00000034722fc8d8:   0000000000000001 0000000000000000
0x00000034722fc8e8:   00007ffb07c5b86b 00000000013e0099
0x00000034722fc8f8:   00000000000000b5 0000022bc3c2e4c0
0x00000034722fc908:   0000000000000000 0000000000000000 

Instructions: (pc=0x00007ffa7dd5ebe3)
0x00007ffa7dd5eae3:   c1 75 31 00 48 89 51 08 48 89 01 8b 44 24 28 89
0x00007ffa7dd5eaf3:   41 20 8b 44 24 30 89 41 24 48 8b c1 4c 89 41 10
0x00007ffa7dd5eb03:   4c 89 49 18 c3 cc cc cc cc cc cc cc cc 48 89 5c
0x00007ffa7dd5eb13:   24 08 8b 41 5c 48 8d 1d e1 14 64 ff 41 89 40 08
0x00007ffa7dd5eb23:   4c 8b d1 8b 41 60 45 33 db 41 89 40 0c 4c 8b ca
0x00007ffa7dd5eb33:   8b 41 64 41 89 40 10 8b 41 68 41 89 40 14 8b 41
0x00007ffa7dd5eb43:   6c 41 89 40 18 8b 41 70 41 89 40 1c 48 63 41 74
0x00007ffa7dd5eb53:   48 6b c8 34 8b 84 19 44 d1 ee 00 41 89 40 20 8b
0x00007ffa7dd5eb63:   84 19 48 d1 ee 00 41 89 40 24 8b 84 19 4c d1 ee
0x00007ffa7dd5eb73:   00 41 89 40 28 8b 84 19 50 d1 ee 00 41 89 40 2c
0x00007ffa7dd5eb83:   8b 84 19 34 d1 ee 00 41 89 40 30 8b 84 19 38 d1
0x00007ffa7dd5eb93:   ee 00 41 89 40 34 8b 84 19 3c d1 ee 00 41 89 40
0x00007ffa7dd5eba3:   38 8b 84 19 40 d1 ee 00 41 89 40 3c 8b 84 19 24
0x00007ffa7dd5ebb3:   d1 ee 00 41 89 40 40 8b 84 19 28 d1 ee 00 41 89
0x00007ffa7dd5ebc3:   40 44 8b 84 19 2c d1 ee 00 41 89 40 48 8b 84 19
0x00007ffa7dd5ebd3:   30 d1 ee 00 41 89 40 4c 49 63 42 78 48 6b c8 34
0x00007ffa7dd5ebe3:   8b 84 19 44 d1 ee 00 41 89 40 50 8b 84 19 48 d1
0x00007ffa7dd5ebf3:   ee 00 41 89 40 54 8b 84 19 4c d1 ee 00 41 89 40
0x00007ffa7dd5ec03:   58 8b 84 19 50 d1 ee 00 41 89 40 5c 8b 84 19 34
0x00007ffa7dd5ec13:   d1 ee 00 41 89 40 60 8b 84 19 38 d1 ee 00 41 89
0x00007ffa7dd5ec23:   40 64 8b 84 19 3c d1 ee 00 41 89 40 68 8b 84 19
0x00007ffa7dd5ec33:   40 d1 ee 00 41 89 40 6c 8b 84 19 24 d1 ee 00 41
0x00007ffa7dd5ec43:   89 40 70 8b 84 19 28 d1 ee 00 41 89 40 74 8b 84
0x00007ffa7dd5ec53:   19 2c d1 ee 00 41 89 40 78 8b 84 19 30 d1 ee 00
0x00007ffa7dd5ec63:   41 89 40 7c 48 8b 42 18 8b 88 38 0b 00 00 f6 c1
0x00007ffa7dd5ec73:   08 0f 84 86 00 00 00 8b 80 3c 0b 00 00 41 89 80
0x00007ffa7dd5ec83:   80 00 00 00 48 8b 42 18 8b 88 40 0b 00 00 41 89
0x00007ffa7dd5ec93:   88 84 00 00 00 48 8b 42 18 8b 88 44 0b 00 00 41
0x00007ffa7dd5eca3:   89 88 88 00 00 00 48 8b 42 18 8b 88 48 0b 00 00
0x00007ffa7dd5ecb3:   41 89 88 8c 00 00 00 48 8b 42 18 8b 88 4c 0b 00
0x00007ffa7dd5ecc3:   00 41 89 88 90 00 00 00 48 8b 42 18 8b 88 50 0b
0x00007ffa7dd5ecd3:   00 00 41 89 88 94 00 00 00 48 8b 42 18 8b 88 54 


Stack slot to memory mapping:
stack at sp + 0 slots: 0x00007ffa7dd5c31b ig9icd64.dll
stack at sp + 1 slots: 0x0000000000000001 is an unknown value
stack at sp + 2 slots: 0x0 is NULL
stack at sp + 3 slots: 0x0000022bc0514500 points into unknown readable memory: 0x0000000000000000 | 00 00 00 00 00 00 00 00
stack at sp + 4 slots: 0x00007ffaf6782622 igdgmm64.dll
stack at sp + 5 slots: 0x0000003400000065 is an unknown value
stack at sp + 6 slots: 0x00000034722fca50 is pointing into the stack for thread: 0x0000022bbbdf0a20
stack at sp + 7 slots: 0x0 is NULL


---------------  P R O C E S S  ---------------

Threads class SMR info:
_java_thread_list=0x0000022bc452b6e0, length=28, elements={
0x0000022b9d6c97d0, 0x0000022bbbbf0630, 0x0000022bbbbf23a0, 0x0000022bbbc1f260,
0x0000022bbbc1fd20, 0x0000022bbbc20bf0, 0x0000022bbbc244e0, 0x0000022bbbc26d60,
0x0000022bbbc48400, 0x0000022bbbc48910, 0x0000022bbbded530, 0x0000022bbbdf0080,
0x0000022bbbdeda00, 0x0000022bbbdee3a0, 0x0000022bbbded060, 0x0000022bbbdf0a20,
0x0000022bbbdeed40, 0x0000022bbbdf0550, 0x0000022bbbdef6e0, 0x0000022bbbdefbb0,
0x0000022bbbdef210, 0x0000022bc1369880, 0x0000022bc136abc0, 0x0000022bc13676d0,
0x0000022bc1366390, 0x0000022bc1367ba0, 0x0000022bc1368070, 0x0000022bc136bf00
}

Java Threads: ( => current thread )
  0x0000022b9d6c97d0 JavaThread "main" [_thread_blocked, id=11040, stack(0x0000003471100000,0x0000003471200000)]
  0x0000022bbbbf0630 JavaThread "Reference Handler" daemon [_thread_blocked, id=8224, stack(0x0000003471800000,0x0000003471900000)]
  0x0000022bbbbf23a0 JavaThread "Finalizer" daemon [_thread_blocked, id=8664, stack(0x0000003471900000,0x0000003471a00000)]
  0x0000022bbbc1f260 JavaThread "Signal Dispatcher" daemon [_thread_blocked, id=5424, stack(0x0000003471a00000,0x0000003471b00000)]
  0x0000022bbbc1fd20 JavaThread "Attach Listener" daemon [_thread_blocked, id=2396, stack(0x0000003471b00000,0x0000003471c00000)]
  0x0000022bbbc20bf0 JavaThread "Service Thread" daemon [_thread_blocked, id=8000, stack(0x0000003471c00000,0x0000003471d00000)]
  0x0000022bbbc244e0 JavaThread "Monitor Deflation Thread" daemon [_thread_blocked, id=7952, stack(0x0000003471d00000,0x0000003471e00000)]
  0x0000022bbbc26d60 JavaThread "C2 CompilerThread0" daemon [_thread_blocked, id=2788, stack(0x0000003471e00000,0x0000003471f00000)]
  0x0000022bbbc48400 JavaThread "C1 CompilerThread0" daemon [_thread_blocked, id=10096, stack(0x0000003471f00000,0x0000003472000000)]
  0x0000022bbbc48910 JavaThread "Sweeper thread" daemon [_thread_blocked, id=412, stack(0x0000003472000000,0x0000003472100000)]
  0x0000022bbbded530 JavaThread "Common-Cleaner" daemon [_thread_blocked, id=2940, stack(0x0000003472100000,0x0000003472200000)]
  0x0000022bbbdf0080 JavaThread "Monitor Ctrl-Break" daemon [_thread_in_native, id=4596, stack(0x0000003472300000,0x0000003472400000)]
  0x0000022bbbdeda00 JavaThread "Notification Thread" daemon [_thread_blocked, id=5724, stack(0x0000003472400000,0x0000003472500000)]
  0x0000022bbbdee3a0 JavaThread "Java2D Disposer" daemon [_thread_blocked, id=11736, stack(0x0000003472900000,0x0000003472a00000)]
  0x0000022bbbded060 JavaThread "AWT-Shutdown" [_thread_blocked, id=4836, stack(0x0000003472a00000,0x0000003472b00000)]
=>0x0000022bbbdf0a20 JavaThread "AWT-EventQueue-0" [_thread_in_native, id=13744, stack(0x0000003472200000,0x0000003472300000)]
  0x0000022bbbdeed40 JavaThread "Reference Cleaner" daemon [_thread_blocked, id=5556, stack(0x0000003472d00000,0x0000003472e00000)]
  0x0000022bbbdf0550 JavaThread "DefaultDispatcher-worker-1" daemon [_thread_blocked, id=11824, stack(0x0000003472e00000,0x0000003472f00000)]
  0x0000022bbbdef6e0 JavaThread "DefaultDispatcher-worker-2" daemon [_thread_blocked, id=7848, stack(0x0000003472f00000,0x0000003473000000)]
  0x0000022bbbdefbb0 JavaThread "DefaultDispatcher-worker-3" daemon [_thread_blocked, id=14776, stack(0x0000003473000000,0x0000003473100000)]
  0x0000022bbbdef210 JavaThread "kotlinx.coroutines.DefaultExecutor" daemon [_thread_blocked, id=8540, stack(0x0000003473100000,0x0000003473200000)]
  0x0000022bc1369880 JavaThread "TimerQueue" daemon [_thread_blocked, id=14760, stack(0x0000003472c00000,0x0000003472d00000)]
  0x0000022bc136abc0 JavaThread "RealmFinalizingDaemon" daemon [_thread_blocked, id=10576, stack(0x0000003473800000,0x0000003473900000)]
  0x0000022bc13676d0 JavaThread "core-notifier" daemon [_thread_in_native, id=9512, stack(0x0000003473a00000,0x0000003473b00000)]
  0x0000022bc1366390 JavaThread "DefaultDispatcher-worker-4" daemon [_thread_blocked, id=15764, stack(0x0000003473600000,0x0000003473700000)]
  0x0000022bc1367ba0 JavaThread "DefaultDispatcher-worker-5" daemon [_thread_blocked, id=4380, stack(0x0000003473c00000,0x0000003473d00000)]
  0x0000022bc1368070 JavaThread "DefaultDispatcher-worker-6" daemon [_thread_blocked, id=5596, stack(0x0000003473d00000,0x0000003473e00000)]
  0x0000022bc136bf00 JavaThread "SIGINT handler" daemon [_thread_blocked, id=9928, stack(0x0000003474000000,0x0000003474100000)]

Other Threads:
  0x0000022bbbbcce10 VMThread "VM Thread" [stack: 0x0000003471700000,0x0000003471800000] [id=5244]
  0x0000022b9d756eb0 WatcherThread [stack: 0x0000003472500000,0x0000003472600000] [id=13088]
  0x0000022b9d7347f0 GCTaskThread "GC Thread#0" [stack: 0x0000003471200000,0x0000003471300000] [id=9320]
  0x0000022bbbdb3b50 GCTaskThread "GC Thread#1" [stack: 0x0000003472600000,0x0000003472700000] [id=4200]
  0x0000022bc075b850 GCTaskThread "GC Thread#2" [stack: 0x0000003472700000,0x0000003472800000] [id=16076]
  0x0000022bc075bb00 GCTaskThread "GC Thread#3" [stack: 0x0000003472800000,0x0000003472900000] [id=14956]
  0x0000022b9d7463e0 ConcurrentGCThread "G1 Main Marker" [stack: 0x0000003471300000,0x0000003471400000] [id=10224]
  0x0000022b9d746d00 ConcurrentGCThread "G1 Conc#0" [stack: 0x0000003471400000,0x0000003471500000] [id=3888]
  0x0000022bbb8f40f0 ConcurrentGCThread "G1 Refine#0" [stack: 0x0000003471500000,0x0000003471600000] [id=1368]
  0x0000022bbb8f4a20 ConcurrentGCThread "G1 Service" [stack: 0x0000003471600000,0x0000003471700000] [id=8272]

Threads with active compile tasks:

VM state: not at safepoint (normal execution)

VM Mutex/Monitor currently owned by a thread: None

Heap address: 0x0000000702600000, size: 4058 MB, Compressed Oops mode: Zero based, Oop shift amount: 3

CDS archive(s) not mapped
Compressed class space mapped at: 0x0000000800000000-0x0000000840000000, reserved size: 1073741824
Narrow klass base: 0x0000000800000000, Narrow klass shift: 0, Narrow klass range: 0x40000000

GC Precious Log:
 CPUs: 4 total, 4 available
 Memory: 16224M
 Large Page Support: Disabled
 NUMA Support: Disabled
 Compressed Oops: Enabled (Zero based)
 Heap Region Size: 2M
 Heap Min Capacity: 8M
 Heap Initial Capacity: 254M
 Heap Max Capacity: 4058M
 Pre-touch: Disabled
 Parallel Workers: 4
 Concurrent Workers: 1
 Concurrent Refinement Workers: 4
 Periodic GC: Disabled

Heap:
 garbage-first heap   total 81920K, used 40050K [0x0000000702600000, 0x0000000800000000)
  region size 2048K, 10 young (20480K), 1 survivors (2048K)
 Metaspace       used 42934K, committed 43136K, reserved 1114112K
  class space    used 4651K, committed 4736K, reserved 1048576K

Heap Regions: E=young(eden), S=young(survivor), O=old, HS=humongous(starts), HC=humongous(continues), CS=collection set, F=free, OA=open archive, CA=closed archive, TAMS=top-at-mark-start (previous, next)
|   0|0x0000000702600000, 0x0000000702800000, 0x0000000702800000|100%|HS|  |TAMS 0x0000000702800000, 0x0000000702600000| Complete 
|   1|0x0000000702800000, 0x0000000702a00000, 0x0000000702a00000|100%| O|  |TAMS 0x0000000702a00000, 0x0000000702800000| Untracked 
|   2|0x0000000702a00000, 0x0000000702c00000, 0x0000000702c00000|100%| O|  |TAMS 0x0000000702c00000, 0x0000000702a00000| Untracked 
|   3|0x0000000702c00000, 0x0000000702c00000, 0x0000000702e00000|  0%| F|  |TAMS 0x0000000702c00000, 0x0000000702c00000| Untracked 
|   4|0x0000000702e00000, 0x0000000703000000, 0x0000000703000000|100%| O|  |TAMS 0x0000000703000000, 0x0000000702e00000| Untracked 
|   5|0x0000000703000000, 0x0000000703200000, 0x0000000703200000|100%| O|  |TAMS 0x000000070312f000, 0x0000000703000000| Untracked 
|   6|0x0000000703200000, 0x0000000703200000, 0x0000000703400000|  0%| F|  |TAMS 0x0000000703200000, 0x0000000703200000| Untracked 
|   7|0x0000000703400000, 0x0000000703400000, 0x0000000703600000|  0%| F|  |TAMS 0x0000000703400000, 0x0000000703400000| Untracked 
|   8|0x0000000703600000, 0x0000000703600000, 0x0000000703800000|  0%| F|  |TAMS 0x0000000703600000, 0x0000000703600000| Untracked 
|   9|0x0000000703800000, 0x0000000703a00000, 0x0000000703a00000|100%|HS|  |TAMS 0x0000000703800000, 0x0000000703800000| Complete 
|  10|0x0000000703a00000, 0x0000000703c00000, 0x0000000703c00000|100%|HC|  |TAMS 0x0000000703a00000, 0x0000000703a00000| Complete 
|  11|0x0000000703c00000, 0x0000000703e00000, 0x0000000703e00000|100%|HC|  |TAMS 0x0000000703c00000, 0x0000000703c00000| Complete 
|  12|0x0000000703e00000, 0x0000000704000000, 0x0000000704000000|100%|HC|  |TAMS 0x0000000703e00000, 0x0000000703e00000| Complete 
|  13|0x0000000704000000, 0x0000000704200000, 0x0000000704200000|100%| O|  |TAMS 0x0000000704000000, 0x0000000704000000| Untracked 
|  14|0x0000000704200000, 0x0000000704400000, 0x0000000704400000|100%| O|  |TAMS 0x0000000704200000, 0x0000000704200000| Untracked 
|  15|0x0000000704400000, 0x0000000704400000, 0x0000000704600000|  0%| F|  |TAMS 0x0000000704400000, 0x0000000704400000| Untracked 
|  16|0x0000000704600000, 0x0000000704600000, 0x0000000704800000|  0%| F|  |TAMS 0x0000000704600000, 0x0000000704600000| Untracked 
|  17|0x0000000704800000, 0x0000000704800000, 0x0000000704a00000|  0%| F|  |TAMS 0x0000000704800000, 0x0000000704800000| Untracked 
|  18|0x0000000704a00000, 0x0000000704ae8200, 0x0000000704c00000| 45%| O|  |TAMS 0x0000000704a00000, 0x0000000704a00000| Untracked 
|  19|0x0000000704c00000, 0x0000000704c00000, 0x0000000704e00000|  0%| F|  |TAMS 0x0000000704c00000, 0x0000000704c00000| Untracked 
|  20|0x0000000704e00000, 0x0000000704e34740, 0x0000000705000000| 10%| S|CS|TAMS 0x0000000704e00000, 0x0000000704e00000| Complete 
|  21|0x0000000705000000, 0x0000000705000000, 0x0000000705200000|  0%| F|  |TAMS 0x0000000705000000, 0x0000000705000000| Untracked 
|  22|0x0000000705200000, 0x0000000705200000, 0x0000000705400000|  0%| F|  |TAMS 0x0000000705200000, 0x0000000705200000| Untracked 
|  23|0x0000000705400000, 0x0000000705400000, 0x0000000705600000|  0%| F|  |TAMS 0x0000000705400000, 0x0000000705400000| Untracked 
|  24|0x0000000705600000, 0x0000000705600000, 0x0000000705800000|  0%| F|  |TAMS 0x0000000705600000, 0x0000000705600000| Untracked 
|  25|0x0000000705800000, 0x0000000705800000, 0x0000000705a00000|  0%| F|  |TAMS 0x0000000705800000, 0x0000000705800000| Untracked 
|  26|0x0000000705a00000, 0x0000000705a00000, 0x0000000705c00000|  0%| F|  |TAMS 0x0000000705a00000, 0x0000000705a00000| Untracked 
|  27|0x0000000705c00000, 0x0000000705c00000, 0x0000000705e00000|  0%| F|  |TAMS 0x0000000705c00000, 0x0000000705c00000| Untracked 
|  28|0x0000000705e00000, 0x0000000705e00000, 0x0000000706000000|  0%| F|  |TAMS 0x0000000705e00000, 0x0000000705e00000| Untracked 
|  29|0x0000000706000000, 0x0000000706000000, 0x0000000706200000|  0%| F|  |TAMS 0x0000000706000000, 0x0000000706000000| Untracked 
|  30|0x0000000706200000, 0x0000000706200000, 0x0000000706400000|  0%| F|  |TAMS 0x0000000706200000, 0x0000000706200000| Untracked 
|  31|0x0000000706400000, 0x0000000706600000, 0x0000000706600000|100%| E|  |TAMS 0x0000000706400000, 0x0000000706400000| Complete 
|  32|0x0000000706600000, 0x0000000706800000, 0x0000000706800000|100%| E|CS|TAMS 0x0000000706600000, 0x0000000706600000| Complete 
|  33|0x0000000706800000, 0x0000000706a00000, 0x0000000706a00000|100%| E|CS|TAMS 0x0000000706800000, 0x0000000706800000| Complete 
|  34|0x0000000706a00000, 0x0000000706c00000, 0x0000000706c00000|100%| E|CS|TAMS 0x0000000706a00000, 0x0000000706a00000| Complete 
|  35|0x0000000706c00000, 0x0000000706e00000, 0x0000000706e00000|100%| E|CS|TAMS 0x0000000706c00000, 0x0000000706c00000| Complete 
|  36|0x0000000706e00000, 0x0000000707000000, 0x0000000707000000|100%| E|CS|TAMS 0x0000000706e00000, 0x0000000706e00000| Complete 
|  37|0x0000000707000000, 0x0000000707200000, 0x0000000707200000|100%| E|CS|TAMS 0x0000000707000000, 0x0000000707000000| Complete 
|  38|0x0000000707200000, 0x0000000707400000, 0x0000000707400000|100%| E|CS|TAMS 0x0000000707200000, 0x0000000707200000| Complete 
| 126|0x0000000712200000, 0x0000000712400000, 0x0000000712400000|100%| E|CS|TAMS 0x0000000712200000, 0x0000000712200000| Complete 

Card table byte_map: [0x0000022bb0670000,0x0000022bb0e60000] _byte_map_base: 0x0000022bace5d000

Marking Bits (Prev, Next): (CMBitMap*) 0x0000022b9d735d20, (CMBitMap*) 0x0000022b9d735d60
 Prev Bits: [0x0000022bb1650000, 0x0000022bb55b8000)
 Next Bits: [0x0000022bb55c0000, 0x0000022bb9528000)

Polling page: 0x0000022b9b4b0000

Metaspace:

Usage:
  Non-class:     37.39 MB used.
      Class:      4.54 MB used.
       Both:     41.93 MB used.

Virtual space:
  Non-class space:       64.00 MB reserved,      37.50 MB ( 59%) committed,  1 nodes.
      Class space:        1.00 GB reserved,       4.62 MB ( <1%) committed,  1 nodes.
             Both:        1.06 GB reserved,      42.12 MB (  4%) committed. 

Chunk freelists:
   Non-Class:  9.88 MB
       Class:  11.27 MB
        Both:  21.14 MB

MaxMetaspaceSize: unlimited
CompressedClassSpaceSize: 1.00 GB
Initial GC threshold: 21.00 MB
Current GC threshold: 59.00 MB
CDS: off
MetaspaceReclaimPolicy: balanced
 - commit_granule_bytes: 65536.
 - commit_granule_words: 8192.
 - virtual_space_node_default_size: 8388608.
 - enlarge_chunks_in_place: 1.
 - new_chunks_are_fully_committed: 0.
 - uncommit_free_chunks: 1.
 - use_allocation_guard: 0.
 - handle_deallocations: 1.


Internal statistics:

num_allocs_failed_limit: 6.
num_arena_births: 226.
num_arena_deaths: 0.
num_vsnodes_births: 2.
num_vsnodes_deaths: 0.
num_space_committed: 674.
num_space_uncommitted: 0.
num_chunks_returned_to_freelist: 6.
num_chunks_taken_from_freelist: 1115.
num_chunk_merges: 3.
num_chunk_splits: 963.
num_chunks_enlarged: 869.
num_inconsistent_stats: 0.

CodeHeap 'non-profiled nmethods': size=120000Kb used=3088Kb max_used=3328Kb free=116911Kb
 bounds [0x0000022ba8950000, 0x0000022ba8ca0000, 0x0000022bafe80000]
CodeHeap 'profiled nmethods': size=120000Kb used=7135Kb max_used=9679Kb free=112864Kb
 bounds [0x0000022ba0e80000, 0x0000022ba1800000, 0x0000022ba83b0000]
CodeHeap 'non-nmethods': size=5760Kb used=1845Kb max_used=1931Kb free=3914Kb
 bounds [0x0000022ba83b0000, 0x0000022ba8620000, 0x0000022ba8950000]
 total_blobs=5569 nmethods=4251 adapters=1230
 compilation: enabled
              stopped_count=0, restarted_count=0
 full_count=0

Compilation events (20 events):
Event: 48.836 Thread 0x0000022bbbc48400 5025   !   3       javax.swing.TimerQueue::addTimer (82 bytes)
Event: 48.837 Thread 0x0000022bbbc48400 nmethod 5025 0x0000022ba1045810 code [0x0000022ba1045a00, 0x0000022ba1045f98]
Event: 48.837 Thread 0x0000022bbbc48400 5026       3       java.util.PriorityQueue::offer (58 bytes)
Event: 48.837 Thread 0x0000022bbbc48400 nmethod 5026 0x0000022ba0e86610 code [0x0000022ba0e86800, 0x0000022ba0e86bf8]
Event: 48.948 Thread 0x0000022bbbc48400 5027       3       javax.swing.Timer$DoPostEvent::run (82 bytes)
Event: 48.949 Thread 0x0000022bbbc48400 nmethod 5027 0x0000022ba1169790 code [0x0000022ba11699c0, 0x0000022ba116a0f8]
Event: 48.949 Thread 0x0000022bbbc48400 5028       3       org.jetbrains.skiko.SwingDispatcher$$Lambda$174/0x000000080032e770::actionPerformed (9 bytes)
Event: 48.949 Thread 0x0000022bbbc48400 nmethod 5028 0x0000022ba0eac110 code [0x0000022ba0eac2a0, 0x0000022ba0eac3e8]
Event: 48.949 Thread 0x0000022bbbc48400 5029       3       androidx.compose.ui.platform.FlushCoroutineDispatcher$scheduleResumeAfterDelay$2$1::invoke (8 bytes)
Event: 48.949 Thread 0x0000022bbbc48400 nmethod 5029 0x0000022ba0eb4d90 code [0x0000022ba0eb4f40, 0x0000022ba0eb5088]
Event: 48.949 Thread 0x0000022bbbc48400 5030       3       androidx.compose.ui.platform.FlushCoroutineDispatcher$scheduleResumeAfterDelay$$inlined$Runnable$1::run (16 bytes)
Event: 48.949 Thread 0x0000022bbbc48400 nmethod 5030 0x0000022ba1211190 code [0x0000022ba1211340, 0x0000022ba1211568]
Event: 48.949 Thread 0x0000022bbbc48400 5031       3       androidx.compose.ui.platform.AccessibilityControllerImpl$syncLoop$1::invokeSuspend (28 bytes)
Event: 48.950 Thread 0x0000022bbbc48400 nmethod 5031 0x0000022ba0e83d90 code [0x0000022ba0e83f40, 0x0000022ba0e84108]
Event: 49.424 Thread 0x0000022bbbc26d60 5032       4       androidx.compose.runtime.snapshots.SnapshotIdSet::or (235 bytes)
Event: 49.425 Thread 0x0000022bbbc26d60 nmethod 5032 0x0000022ba8995610 code [0x0000022ba8995780, 0x0000022ba8995838]
Event: 49.749 Thread 0x0000022bbbc26d60 5033       4       kotlinx.coroutines.CancellableContinuationImpl::resumeImpl (135 bytes)
Event: 49.762 Thread 0x0000022bbbc26d60 nmethod 5033 0x0000022ba899d710 code [0x0000022ba899d9a0, 0x0000022ba899e578]
Event: 51.400 Thread 0x0000022bbbc26d60 5034       4       kotlinx.coroutines.JobSupport::isCompleted (16 bytes)
Event: 51.401 Thread 0x0000022bbbc26d60 nmethod 5034 0x0000022ba8995090 code [0x0000022ba8995200, 0x0000022ba8995318]

GC Heap History (20 events):
Event: 1.520 GC heap before
{Heap before GC invocations=1 (full 0):
 garbage-first heap   total 260096K, used 15386K [0x0000000702600000, 0x0000000800000000)
  region size 2048K, 6 young (12288K), 1 survivors (2048K)
 Metaspace       used 13621K, committed 13760K, reserved 1114112K
  class space    used 1191K, committed 1216K, reserved 1048576K
}
Event: 1.522 GC heap after
{Heap after GC invocations=2 (full 0):
 garbage-first heap   total 260096K, used 8216K [0x0000000702600000, 0x0000000800000000)
  region size 2048K, 1 young (2048K), 1 survivors (2048K)
 Metaspace       used 13621K, committed 13760K, reserved 1114112K
  class space    used 1191K, committed 1216K, reserved 1048576K
}
Event: 2.428 GC heap before
{Heap before GC invocations=2 (full 0):
 garbage-first heap   total 260096K, used 30744K [0x0000000702600000, 0x0000000800000000)
  region size 2048K, 13 young (26624K), 1 survivors (2048K)
 Metaspace       used 21383K, committed 21504K, reserved 1114112K
  class space    used 2163K, committed 2240K, reserved 1048576K
}
Event: 2.431 GC heap after
{Heap after GC invocations=3 (full 0):
 garbage-first heap   total 260096K, used 9497K [0x0000000702600000, 0x0000000800000000)
  region size 2048K, 2 young (4096K), 2 survivors (4096K)
 Metaspace       used 21383K, committed 21504K, reserved 1114112K
  class space    used 2163K, committed 2240K, reserved 1048576K
}
Event: 3.040 GC heap before
{Heap before GC invocations=4 (full 0):
 garbage-first heap   total 49152K, used 34073K [0x0000000702600000, 0x0000000800000000)
  region size 2048K, 14 young (28672K), 2 survivors (4096K)
 Metaspace       used 27331K, committed 27584K, reserved 1114112K
  class space    used 2887K, committed 3008K, reserved 1048576K
}
Event: 3.044 GC heap after
{Heap after GC invocations=5 (full 0):
 garbage-first heap   total 49152K, used 10565K [0x0000000702600000, 0x0000000800000000)
  region size 2048K, 2 young (4096K), 2 survivors (4096K)
 Metaspace       used 27331K, committed 27584K, reserved 1114112K
  class space    used 2887K, committed 3008K, reserved 1048576K
}
Event: 3.107 GC heap before
{Heap before GC invocations=5 (full 0):
 garbage-first heap   total 49152K, used 12613K [0x0000000702600000, 0x0000000800000000)
  region size 2048K, 3 young (6144K), 2 survivors (4096K)
 Metaspace       used 27757K, committed 27968K, reserved 1114112K
  class space    used 2939K, committed 3008K, reserved 1048576K
}
Event: 3.110 GC heap after
{Heap after GC invocations=6 (full 0):
 garbage-first heap   total 49152K, used 10945K [0x0000000702600000, 0x0000000800000000)
  region size 2048K, 1 young (2048K), 1 survivors (2048K)
 Metaspace       used 27757K, committed 27968K, reserved 1114112K
  class space    used 2939K, committed 3008K, reserved 1048576K
}
Event: 14.797 GC heap before
{Heap before GC invocations=6 (full 0):
 garbage-first heap   total 49152K, used 37569K [0x0000000702600000, 0x0000000800000000)
  region size 2048K, 11 young (22528K), 1 survivors (2048K)
 Metaspace       used 32292K, committed 32576K, reserved 1114112K
  class space    used 3456K, committed 3584K, reserved 1048576K
}
Event: 14.802 GC heap after
{Heap after GC invocations=7 (full 0):
 garbage-first heap   total 49152K, used 17596K [0x0000000702600000, 0x0000000800000000)
  region size 2048K, 1 young (2048K), 1 survivors (2048K)
 Metaspace       used 32292K, committed 32576K, reserved 1114112K
  class space    used 3456K, committed 3584K, reserved 1048576K
}
Event: 15.166 GC heap before
{Heap before GC invocations=7 (full 0):
 garbage-first heap   total 49152K, used 33980K [0x0000000702600000, 0x0000000800000000)
  region size 2048K, 9 young (18432K), 1 survivors (2048K)
 Metaspace       used 35214K, committed 35392K, reserved 1114112K
  class space    used 3827K, committed 3904K, reserved 1048576K
}
Event: 15.170 GC heap after
{Heap after GC invocations=8 (full 0):
 garbage-first heap   total 49152K, used 18714K [0x0000000702600000, 0x0000000800000000)
  region size 2048K, 2 young (4096K), 2 survivors (4096K)
 Metaspace       used 35214K, committed 35392K, reserved 1114112K
  class space    used 3827K, committed 3904K, reserved 1048576K
}
Event: 15.276 GC heap before
{Heap before GC invocations=8 (full 0):
 garbage-first heap   total 49152K, used 22810K [0x0000000702600000, 0x0000000800000000)
  region size 2048K, 5 young (10240K), 2 survivors (4096K)
 Metaspace       used 35863K, committed 36096K, reserved 1114112K
  class space    used 3921K, committed 4032K, reserved 1048576K
}
Event: 15.280 GC heap after
{Heap after GC invocations=9 (full 0):
 garbage-first heap   total 155648K, used 19582K [0x0000000702600000, 0x0000000800000000)
  region size 2048K, 2 young (4096K), 2 survivors (4096K)
 Metaspace       used 35863K, committed 36096K, reserved 1114112K
  class space    used 3921K, committed 4032K, reserved 1048576K
}
Event: 19.434 GC heap before
{Heap before GC invocations=10 (full 0):
 garbage-first heap   total 81920K, used 66686K [0x0000000702600000, 0x0000000800000000)
  region size 2048K, 22 young (45056K), 2 survivors (4096K)
 Metaspace       used 42734K, committed 42944K, reserved 1114112K
  class space    used 4646K, committed 4736K, reserved 1048576K
}
Event: 19.440 GC heap after
{Heap after GC invocations=11 (full 0):
 garbage-first heap   total 81920K, used 30068K [0x0000000702600000, 0x0000000800000000)
  region size 2048K, 3 young (6144K), 3 survivors (6144K)
 Metaspace       used 42734K, committed 42944K, reserved 1114112K
  class space    used 4646K, committed 4736K, reserved 1048576K
}
Event: 20.604 GC heap before
{Heap before GC invocations=11 (full 0):
 garbage-first heap   total 81920K, used 32116K [0x0000000702600000, 0x0000000800000000)
  region size 2048K, 4 young (8192K), 3 survivors (6144K)
 Metaspace       used 42804K, committed 43008K, reserved 1114112K
  class space    used 4647K, committed 4736K, reserved 1048576K
}
Event: 20.611 GC heap after
{Heap after GC invocations=12 (full 0):
 garbage-first heap   total 81920K, used 24075K [0x0000000702600000, 0x0000000800000000)
  region size 2048K, 1 young (2048K), 1 survivors (2048K)
 Metaspace       used 42804K, committed 43008K, reserved 1114112K
  class space    used 4647K, committed 4736K, reserved 1048576K
}
Event: 41.531 GC heap before
{Heap before GC invocations=12 (full 0):
 garbage-first heap   total 81920K, used 60939K [0x0000000702600000, 0x0000000800000000)
  region size 2048K, 19 young (38912K), 1 survivors (2048K)
 Metaspace       used 42891K, committed 43136K, reserved 1114112K
  class space    used 4648K, committed 4736K, reserved 1048576K
}
Event: 41.533 GC heap after
{Heap after GC invocations=13 (full 0):
 garbage-first heap   total 81920K, used 23666K [0x0000000702600000, 0x0000000800000000)
  region size 2048K, 1 young (2048K), 1 survivors (2048K)
 Metaspace       used 42891K, committed 43136K, reserved 1114112K
  class space    used 4648K, committed 4736K, reserved 1048576K
}

Dll operation events (3 events):
Event: 0.008 Loaded shared library C:\Users\HP\.jdks\jbr-17.0.7-1\bin\java.dll
Event: 0.061 Loaded shared library C:\Users\HP\.jdks\jbr-17.0.7-1\bin\jsvml.dll
Event: 0.297 Loaded shared library C:\Users\HP\.jdks\jbr-17.0.7-1\bin\zip.dll

Deoptimization events (20 events):
Event: 19.657 Thread 0x0000022bbbdf0a20 Uncommon trap: trap_request=0xffffff45 fr.pc=0x0000022ba8b56a74 relative=0x00000000000001d4
Event: 19.657 Thread 0x0000022bbbdf0a20 Uncommon trap: reason=unstable_if action=reinterpret pc=0x0000022ba8b56a74 method=androidx.compose.foundation.layout.SizeModifier.<init>(FFFFZLkotlin/jvm/functions/Function1;ILkotlin/jvm/internal/DefaultConstructorMarker;)V @ 4 c2
Event: 19.657 Thread 0x0000022bbbdf0a20 DEOPT PACKING pc=0x0000022ba8b56a74 sp=0x00000034722fc810
Event: 19.657 Thread 0x0000022bbbdf0a20 DEOPT UNPACKING pc=0x0000022ba84069a3 sp=0x00000034722fc7f0 mode 2
Event: 28.276 Thread 0x0000022bbbdf0a20 Uncommon trap: trap_request=0xffffffd6 fr.pc=0x0000022ba8c05378 relative=0x0000000000004898
Event: 28.276 Thread 0x0000022bbbdf0a20 Uncommon trap: reason=array_check action=maybe_recompile pc=0x0000022ba8c05378 method=androidx.compose.runtime.collection.MutableVector.add(Ljava/lang/Object;)Z @ 19 c2
Event: 28.276 Thread 0x0000022bbbdf0a20 DEOPT PACKING pc=0x0000022ba8c05378 sp=0x00000034722fdf70
Event: 28.276 Thread 0x0000022bbbdf0a20 DEOPT UNPACKING pc=0x0000022ba84069a3 sp=0x00000034722fdf20 mode 2
Event: 28.276 Thread 0x0000022bbbdf0a20 Uncommon trap: trap_request=0xffffffd6 fr.pc=0x0000022ba8c05378 relative=0x0000000000004898
Event: 28.276 Thread 0x0000022bbbdf0a20 Uncommon trap: reason=array_check action=maybe_recompile pc=0x0000022ba8c05378 method=androidx.compose.runtime.collection.MutableVector.add(Ljava/lang/Object;)Z @ 19 c2
Event: 28.276 Thread 0x0000022bbbdf0a20 DEOPT PACKING pc=0x0000022ba8c05378 sp=0x00000034722fdf70
Event: 28.276 Thread 0x0000022bbbdf0a20 DEOPT UNPACKING pc=0x0000022ba84069a3 sp=0x00000034722fdf20 mode 2
Event: 28.276 Thread 0x0000022bbbdf0a20 Uncommon trap: trap_request=0xffffffd6 fr.pc=0x0000022ba8c05378 relative=0x0000000000004898
Event: 28.276 Thread 0x0000022bbbdf0a20 Uncommon trap: reason=array_check action=maybe_recompile pc=0x0000022ba8c05378 method=androidx.compose.runtime.collection.MutableVector.add(Ljava/lang/Object;)Z @ 19 c2
Event: 28.276 Thread 0x0000022bbbdf0a20 DEOPT PACKING pc=0x0000022ba8c05378 sp=0x00000034722fdf70
Event: 28.276 Thread 0x0000022bbbdf0a20 DEOPT UNPACKING pc=0x0000022ba84069a3 sp=0x00000034722fdf20 mode 2
Event: 28.276 Thread 0x0000022bbbdf0a20 Uncommon trap: trap_request=0xffffffd6 fr.pc=0x0000022ba8c05378 relative=0x0000000000004898
Event: 28.276 Thread 0x0000022bbbdf0a20 Uncommon trap: reason=array_check action=maybe_recompile pc=0x0000022ba8c05378 method=androidx.compose.runtime.collection.MutableVector.add(Ljava/lang/Object;)Z @ 19 c2
Event: 28.276 Thread 0x0000022bbbdf0a20 DEOPT PACKING pc=0x0000022ba8c05378 sp=0x00000034722fdf70
Event: 28.276 Thread 0x0000022bbbdf0a20 DEOPT UNPACKING pc=0x0000022ba84069a3 sp=0x00000034722fdf20 mode 2

Classes unloaded (0 events):
No events

Classes redefined (0 events):
No events

Internal exceptions (20 events):
Event: 2.412 Thread 0x0000022bbbdf0a20 Exception <a 'java/lang/NoSuchMethodError'{0x0000000710b084d0}: 'java.lang.Object java.lang.invoke.DirectMethodHandle$Holder.newInvokeSpecial(java.lang.Object, java.lang.Object, int, int)'> (0x0000000710b084d0) 
thrown [s\src\hotspot\share\interpreter\linkResolver.cpp, line 771]
Event: 2.414 Thread 0x0000022bbbdf0a20 Exception <a 'java/lang/NoSuchMethodError'{0x0000000710b19b68}: 'java.lang.Object java.lang.invoke.DirectMethodHandle$Holder.newInvokeSpecial(java.lang.Object, java.lang.Object, int, int, int, int)'> (0x0000000710b19b68) 
thrown [s\src\hotspot\share\interpreter\linkResolver.cpp, line 771]
Event: 2.435 Thread 0x0000022bbbdee870 Exception <a 'java/lang/NoSuchMethodError'{0x0000000712200b30}: 'void java.lang.invoke.DirectMethodHandle$Holder.invokeVirtual(java.lang.Object, java.lang.Object)'> (0x0000000712200b30) 
thrown [s\src\hotspot\share\interpreter\linkResolver.cpp, line 771]
Event: 2.530 Thread 0x0000022bbbdf0a20 Exception <a 'java/lang/NoSuchMethodError'{0x0000000704f28bc0}: 'java.lang.Object java.lang.invoke.DirectMethodHandle$Holder.invokeStaticInit(java.lang.Object, java.lang.Object, java.lang.Object, java.lang.Object, java.lang.Object, java.lang.Object, java.lang.Object)'> (0x0000000704f28bc0) 
thrown [s\src\hotspot\share\interpreter\linkResolver.cpp, line 771]
Event: 2.531 Thread 0x0000022bbbdf0a20 Exception <a 'java/lang/NoSuchMethodError'{0x0000000704f324a0}: 'java.lang.Object java.lang.invoke.DirectMethodHandle$Holder.invokeSpecial(java.lang.Object, java.lang.Object, java.lang.Object, java.lang.Object, java.lang.Object, java.lang.Object, java.lang.Object, java.lang.Object, java.lang.Object, java.lang.Object)'> (0x0000000704f324a0) 
thrown [s\src\hotspot\share\interpreter\linkResolver.cpp, line 771]
Event: 2.531 Thread 0x0000022bbbdf0a20 Exception <a 'java/lang/NoSuchMethodError'{0x0000000704f36d30}: 'java.lang.Object java.lang.invoke.Invokers$Holder.invoke_MT(java.lang.Object, java.lang.Object, java.lang.Object, java.lang.Object, java.lang.Object, java.lang.Object, java.lang.Object, java.lang.Object, java.lang.Object, java.lang.Object)'> (0x0000000704f36d30) 
thrown [s\src\hotspot\share\interpreter\linkResolver.cpp, line 771]
Event: 2.533 Thread 0x0000022bbbdf0a20 Exception <a 'java/lang/NoSuchMethodError'{0x0000000704f3d478}: 'java.lang.Object java.lang.invoke.DirectMethodHandle$Holder.invokeStatic(java.lang.Object, java.lang.Object, int)'> (0x0000000704f3d478) 
thrown [s\src\hotspot\share\interpreter\linkResolver.cpp, line 771]
Event: 2.535 Thread 0x0000022bbbdf0a20 Exception <a 'java/lang/NoSuchMethodError'{0x0000000704f4ffe0}: 'void java.lang.invoke.DelegatingMethodHandle$Holder.delegate(java.lang.Object, java.lang.Object, int, java.lang.Object)'> (0x0000000704f4ffe0) 
thrown [s\src\hotspot\share\interpreter\linkResolver.cpp, line 771]
Event: 2.535 Thread 0x0000022bbbdf0a20 Exception <a 'java/lang/NoSuchMethodError'{0x0000000704f543c8}: 'int java.lang.invoke.DirectMethodHandle$Holder.invokeSpecial(java.lang.Object, java.lang.Object, java.lang.Object)'> (0x0000000704f543c8) 
thrown [s\src\hotspot\share\interpreter\linkResolver.cpp, line 771]
Event: 2.539 Thread 0x0000022bbbdf0a20 Exception <a 'java/lang/NoSuchMethodError'{0x0000000704f74a10}: 'int java.lang.invoke.DirectMethodHandle$Holder.invokeVirtual(java.lang.Object, java.lang.Object, java.lang.Object)'> (0x0000000704f74a10) 
thrown [s\src\hotspot\share\interpreter\linkResolver.cpp, line 771]
Event: 2.540 Thread 0x0000022bbbdf0a20 Exception <a 'java/lang/NoSuchMethodError'{0x0000000704f78848}: 'int java.lang.invoke.DirectMethodHandle$Holder.invokeVirtual(java.lang.Object, java.lang.Object)'> (0x0000000704f78848) 
thrown [s\src\hotspot\share\interpreter\linkResolver.cpp, line 771]
Event: 2.540 Thread 0x0000022bbbdf0a20 Exception <a 'java/lang/NoSuchMethodError'{0x0000000704f7d040}: 'int java.lang.invoke.DirectMethodHandle$Holder.invokeStaticInit(java.lang.Object, java.lang.Object, java.lang.Object)'> (0x0000000704f7d040) 
thrown [s\src\hotspot\share\interpreter\linkResolver.cpp, line 771]
Event: 2.541 Thread 0x0000022bbbdf0a20 Exception <a 'java/lang/NoSuchMethodError'{0x0000000704f80ec8}: 'int java.lang.invoke.DirectMethodHandle$Holder.invokeStaticInit(java.lang.Object, int, int)'> (0x0000000704f80ec8) 
thrown [s\src\hotspot\share\interpreter\linkResolver.cpp, line 771]
Event: 2.541 Thread 0x0000022bbbdf0a20 Exception <a 'java/lang/NoSuchMethodError'{0x0000000704f88d00}: 'int java.lang.invoke.DirectMethodHandle$Holder.invokeStaticInit(java.lang.Object, long, long)'> (0x0000000704f88d00) 
thrown [s\src\hotspot\share\interpreter\linkResolver.cpp, line 771]
Event: 2.542 Thread 0x0000022bbbdf0a20 Exception <a 'java/lang/NoSuchMethodError'{0x0000000704f900a0}: 'int java.lang.invoke.DirectMethodHandle$Holder.invokeStaticInit(java.lang.Object, float, float)'> (0x0000000704f900a0) 
thrown [s\src\hotspot\share\interpreter\linkResolver.cpp, line 771]
Event: 2.543 Thread 0x0000022bbbdf0a20 Exception <a 'java/lang/NoSuchMethodError'{0x0000000704f97448}: 'int java.lang.invoke.DirectMethodHandle$Holder.invokeStaticInit(java.lang.Object, double, double)'> (0x0000000704f97448) 
thrown [s\src\hotspot\share\interpreter\linkResolver.cpp, line 771]
Event: 2.543 Thread 0x0000022bbbdf0a20 Exception <a 'java/lang/NoSuchMethodError'{0x0000000704f9bfa0}: 'int java.lang.invoke.DirectMethodHandle$Holder.invokeStatic(java.lang.Object, long)'> (0x0000000704f9bfa0) 
thrown [s\src\hotspot\share\interpreter\linkResolver.cpp, line 771]
Event: 2.547 Thread 0x0000022bbbdf0a20 Exception <a 'java/lang/NoSuchMethodError'{0x0000000704fc06e8}: 'int java.lang.invoke.Invokers$Holder.linkToTargetMethod(java.lang.Object, java.lang.Object)'> (0x0000000704fc06e8) 
thrown [s\src\hotspot\share\interpreter\linkResolver.cpp, line 771]
Event: 15.330 Thread 0x0000022bbbdf0a20 Exception <a 'java/lang/NoSuchMethodError'{0x00000007123c2058}: 'java.lang.Object java.lang.invoke.DirectMethodHandle$Holder.newInvokeSpecial(java.lang.Object, int, java.lang.Object)'> (0x00000007123c2058) 
thrown [s\src\hotspot\share\interpreter\linkResolver.cpp, line 771]
Event: 15.362 Thread 0x0000022bbbdf0a20 Implicit null exception at 0x0000022ba89ac953 to 0x0000022ba89ad3e4

VM Operations (20 events):
Event: 35.738 Executing VM operation: HandshakeAllThreads
Event: 35.738 Executing VM operation: HandshakeAllThreads done
Event: 35.738 Executing VM operation: Cleanup
Event: 35.738 Executing VM operation: Cleanup done
Event: 36.743 Executing VM operation: Cleanup
Event: 36.743 Executing VM operation: Cleanup done
Event: 37.748 Executing VM operation: Cleanup
Event: 37.748 Executing VM operation: Cleanup done
Event: 39.751 Executing VM operation: Cleanup
Event: 39.751 Executing VM operation: Cleanup done
Event: 40.766 Executing VM operation: Cleanup
Event: 40.766 Executing VM operation: Cleanup done
Event: 41.531 Executing VM operation: G1CollectForAllocation
Event: 41.533 Executing VM operation: G1CollectForAllocation done
Event: 44.563 Executing VM operation: Cleanup
Event: 44.563 Executing VM operation: Cleanup done
Event: 48.608 Executing VM operation: Cleanup
Event: 48.608 Executing VM operation: Cleanup done
Event: 50.627 Executing VM operation: Cleanup
Event: 50.627 Executing VM operation: Cleanup done

Events (20 events):
Event: 35.743 Thread 0x0000022bbbc48910 flushing nmethod 0x0000022ba1676f10
Event: 35.743 Thread 0x0000022bbbc48910 flushing nmethod 0x0000022ba1694310
Event: 35.743 Thread 0x0000022bbbc48910 flushing nmethod 0x0000022ba16baf10
Event: 35.744 Thread 0x0000022bbbc48910 flushing nmethod 0x0000022ba16d3b10
Event: 35.744 Thread 0x0000022bbbc48910 flushing nmethod 0x0000022ba176dd10
Event: 35.744 Thread 0x0000022bbbc48910 flushing nmethod 0x0000022ba1773c90
Event: 35.744 Thread 0x0000022bbbc48910 flushing nmethod 0x0000022ba17b8190
Event: 35.744 Thread 0x0000022bbbc48910 flushing nmethod 0x0000022ba17b8510
Event: 35.744 Thread 0x0000022bbbc48910 flushing nmethod 0x0000022ba17c2b90
Event: 51.391 loading class jdk/internal/misc/Signal$1
Event: 51.391 loading class jdk/internal/misc/Signal$1 done
Event: 51.391 Thread 0x0000022bc136bf00 Thread added: 0x0000022bc136bf00
Event: 51.392 Thread 0x0000022bc136d240 Thread added: 0x0000022bc136d240
Event: 51.392 Thread 0x0000022bc136d710 Thread added: 0x0000022bc136d710
Event: 51.392 Thread 0x0000022bc11f8a30 Thread added: 0x0000022bc11f8a30
Event: 51.393 Thread 0x0000022bc11f8a30 Thread exited: 0x0000022bc11f8a30
Event: 51.402 Thread 0x0000022bbbdee870 Thread exited: 0x0000022bbbdee870
Event: 51.413 Thread 0x0000022bc136d710 Thread exited: 0x0000022bc136d710
Event: 51.413 Thread 0x0000022bc1366860 Thread exited: 0x0000022bc1366860
Event: 51.413 Thread 0x0000022bc1369d50 Thread exited: 0x0000022bc1369d50


Dynamic libraries:
0x00007ff762bd0000 - 0x00007ff762bda000 	C:\Users\HP\.jdks\jbr-17.0.7-1\bin\java.exe
0x00007ffb07c30000 - 0x00007ffb07e28000 	C:\Windows\SYSTEM32\ntdll.dll
0x00007ffb07050000 - 0x00007ffb0710f000 	C:\Windows\System32\KERNEL32.DLL
0x00007ffb056e0000 - 0x00007ffb059d6000 	C:\Windows\System32\KERNELBASE.dll
0x00007ffb055e0000 - 0x00007ffb056e0000 	C:\Windows\System32\ucrtbase.dll
0x00007ffadbca0000 - 0x00007ffadbcbb000 	C:\Users\HP\.jdks\jbr-17.0.7-1\bin\VCRUNTIME140.dll
0x00007ffad9850000 - 0x00007ffad9867000 	C:\Users\HP\.jdks\jbr-17.0.7-1\bin\jli.dll
0x00007ffb075e0000 - 0x00007ffb0777d000 	C:\Windows\System32\USER32.dll
0x00007ffb059e0000 - 0x00007ffb05a02000 	C:\Windows\System32\win32u.dll
0x00007ffaee100000 - 0x00007ffaee39a000 	C:\Windows\WinSxS\amd64_microsoft.windows.common-controls_6595b64144ccf1df_6.0.19041.1110_none_60b5254171f9507e\COMCTL32.dll
0x00007ffb05c90000 - 0x00007ffb05cbc000 	C:\Windows\System32\GDI32.dll
0x00007ffb073c0000 - 0x00007ffb0745e000 	C:\Windows\System32\msvcrt.dll
0x00007ffb05b70000 - 0x00007ffb05c85000 	C:\Windows\System32\gdi32full.dll
0x00007ffb05540000 - 0x00007ffb055dd000 	C:\Windows\System32\msvcp_win.dll
0x00007ffb06900000 - 0x00007ffb06930000 	C:\Windows\System32\IMM32.DLL
0x00007ffafd350000 - 0x00007ffafd35c000 	C:\Users\HP\.jdks\jbr-17.0.7-1\bin\vcruntime140_1.dll
0x00007ffad13e0000 - 0x00007ffad146d000 	C:\Users\HP\.jdks\jbr-17.0.7-1\bin\msvcp140.dll
0x00007ffad0760000 - 0x00007ffad13e0000 	C:\Users\HP\.jdks\jbr-17.0.7-1\bin\server\jvm.dll
0x00007ffb05df0000 - 0x00007ffb05e9f000 	C:\Windows\System32\ADVAPI32.dll
0x00007ffb07110000 - 0x00007ffb071ac000 	C:\Windows\System32\sechost.dll
0x00007ffb06080000 - 0x00007ffb061a6000 	C:\Windows\System32\RPCRT4.dll
0x00007ffaeee70000 - 0x00007ffaeee79000 	C:\Windows\SYSTEM32\WSOCK32.dll
0x00007ffaec5c0000 - 0x00007ffaec5e7000 	C:\Windows\SYSTEM32\WINMM.dll
0x00007ffb069c0000 - 0x00007ffb06a2b000 	C:\Windows\System32\WS2_32.dll
0x00007ffafadf0000 - 0x00007ffafadfa000 	C:\Windows\SYSTEM32\VERSION.dll
0x00007ffb03b00000 - 0x00007ffb03b12000 	C:\Windows\SYSTEM32\kernel.appcore.dll
0x00007ffafd260000 - 0x00007ffafd26a000 	C:\Users\HP\.jdks\jbr-17.0.7-1\bin\jimage.dll
0x00007ffb00020000 - 0x00007ffb00204000 	C:\Windows\SYSTEM32\DBGHELP.DLL
0x00007ffaeec60000 - 0x00007ffaeec94000 	C:\Windows\SYSTEM32\dbgcore.DLL
0x00007ffb054b0000 - 0x00007ffb05532000 	C:\Windows\System32\bcryptPrimitives.dll
0x00007ffafd390000 - 0x00007ffafd39e000 	C:\Users\HP\.jdks\jbr-17.0.7-1\bin\instrument.dll
0x00007ffad9820000 - 0x00007ffad9845000 	C:\Users\HP\.jdks\jbr-17.0.7-1\bin\java.dll
0x00007ffad72e0000 - 0x00007ffad72f8000 	C:\Users\HP\.jdks\jbr-17.0.7-1\bin\zip.dll
0x00007ffad0680000 - 0x00007ffad0757000 	C:\Users\HP\.jdks\jbr-17.0.7-1\bin\jsvml.dll
0x00007ffb061b0000 - 0x00007ffb068f4000 	C:\Windows\System32\SHELL32.dll
0x00007ffb00210000 - 0x00007ffb009a4000 	C:\Windows\SYSTEM32\windows.storage.dll
0x00007ffb06b80000 - 0x00007ffb06ed4000 	C:\Windows\System32\combase.dll
0x00007ffb04b90000 - 0x00007ffb04bbe000 	C:\Windows\SYSTEM32\Wldp.dll
0x00007ffb06ef0000 - 0x00007ffb06f9d000 	C:\Windows\System32\SHCORE.dll
0x00007ffb07580000 - 0x00007ffb075d5000 	C:\Windows\System32\shlwapi.dll
0x00007ffb05240000 - 0x00007ffb05265000 	C:\Windows\SYSTEM32\profapi.dll
0x00007ffad6a10000 - 0x00007ffad6a29000 	C:\Users\HP\.jdks\jbr-17.0.7-1\bin\net.dll
0x00007ffaf65e0000 - 0x00007ffaf66ea000 	C:\Windows\SYSTEM32\WINHTTP.dll
0x00007ffb04970000 - 0x00007ffb049da000 	C:\Windows\system32\mswsock.dll
0x00007ffad0660000 - 0x00007ffad0676000 	C:\Users\HP\.jdks\jbr-17.0.7-1\bin\nio.dll
0x00007ffafd370000 - 0x00007ffafd38a000 	C:\Program Files\JetBrains\IntelliJ IDEA Community Edition 2021.3.2\bin\breakgen64.dll
0x00007ffa9a140000 - 0x00007ffa9a2d8000 	C:\Users\HP\.jdks\jbr-17.0.7-1\bin\awt.dll
0x00007ffb05d20000 - 0x00007ffb05ded000 	C:\Windows\System32\OLEAUT32.dll
0x00007ffaff9b0000 - 0x00007ffaff9df000 	C:\Windows\SYSTEM32\dwmapi.dll
0x00007ffaca2e0000 - 0x00007ffaca324000 	C:\Users\HP\.jdks\jbr-17.0.7-1\bin\nvdaControllerClient64.dll
0x00007ffafefa0000 - 0x00007ffaff031000 	C:\Windows\SYSTEM32\apphelp.dll
0x00007ffaff300000 - 0x00007ffaff39e000 	C:\Windows\system32\uxtheme.dll
0x00007ffb07460000 - 0x00007ffb07574000 	C:\Windows\System32\MSCTF.dll
0x00007ffb071b0000 - 0x00007ffb072da000 	C:\Windows\System32\ole32.dll
0x00007ffadd9f0000 - 0x00007ffaddb15000 	C:\Windows\system32\opengl32.dll
0x00007ffade740000 - 0x00007ffade76c000 	C:\Windows\SYSTEM32\GLU32.dll
0x00007ffb04bd0000 - 0x00007ffb04be8000 	C:\Windows\SYSTEM32\CRYPTSP.dll
0x00007ffb042b0000 - 0x00007ffb042e4000 	C:\Windows\system32\rsaenh.dll
0x00007ffb05310000 - 0x00007ffb05337000 	C:\Windows\System32\bcrypt.dll
0x00007ffb051c0000 - 0x00007ffb051ee000 	C:\Windows\SYSTEM32\USERENV.dll
0x00007ffb04b00000 - 0x00007ffb04b0c000 	C:\Windows\SYSTEM32\CRYPTBASE.dll
0x00007ffb04680000 - 0x00007ffb046bc000 	C:\Windows\SYSTEM32\IPHLPAPI.DLL
0x00007ffb05ea0000 - 0x00007ffb05ea8000 	C:\Windows\System32\NSI.dll
0x00007ffaf8ab0000 - 0x00007ffaf8ac7000 	C:\Windows\SYSTEM32\dhcpcsvc6.DLL
0x00007ffaf83c0000 - 0x00007ffaf83dd000 	C:\Windows\SYSTEM32\dhcpcsvc.DLL
0x00007ffb046c0000 - 0x00007ffb0478a000 	C:\Windows\SYSTEM32\DNSAPI.dll
0x00007ffa84070000 - 0x00007ffa8507f000 	C:\Users\HP\.skiko\58752788008ddd92aea4562f2a41915f7f74e689ca70e0fbada57f009a92b9cf\skiko-windows-x64.dll
0x00007ffaedc90000 - 0x00007ffaede35000 	C:\Windows\WinSxS\amd64_microsoft.windows.gdiplus_6595b64144ccf1df_1.1.19041.2251_none_91a40448cc8846c1\gdiplus.dll
0x00007ffa9a0b0000 - 0x00007ffa9a136000 	C:\Users\HP\.jdks\jbr-17.0.7-1\bin\freetype.dll
0x00007ffa99fe0000 - 0x00007ffa9a0a9000 	C:\Users\HP\.jdks\jbr-17.0.7-1\bin\fontmanager.dll
0x00007ffafd360000 - 0x00007ffafd367000 	C:\Users\HP\.jdks\jbr-17.0.7-1\bin\jawt.dll
0x00007ffb03b70000 - 0x00007ffb03c63000 	C:\Windows\SYSTEM32\Dxgi.dll
0x00007ffadc4e0000 - 0x00007ffadc500000 	C:\Windows\SYSTEM32\D3D12.dll
0x00007ffa99e10000 - 0x00007ffa99fdd000 	C:\Windows\SYSTEM32\D3D12Core.dll
0x00007ffaf84e0000 - 0x00007ffaf851b000 	C:\Windows\SYSTEM32\dxcore.dll
0x00007ffb05460000 - 0x00007ffb054ae000 	C:\Windows\System32\cfgmgr32.dll
0x00007ffaf3540000 - 0x00007ffaf6159000 	C:\Windows\System32\DriverStore\FileRepository\igdlh64.inf_amd64_e6daaea9afe1e6f6\igc64.dll
0x00007ffa82b90000 - 0x00007ffa84063000 	C:\Windows\System32\DriverStore\FileRepository\igdlh64.inf_amd64_e6daaea9afe1e6f6\igd12umd64.dll
0x00007ffaf6780000 - 0x00007ffaf69d7000 	C:\Windows\System32\DriverStore\FileRepository\igdlh64.inf_amd64_e6daaea9afe1e6f6\igdgmm64.dll
0x00007ffa8b1a0000 - 0x00007ffa8b5ab000 	C:\Windows\System32\DriverStore\FileRepository\igdlh64.inf_amd64_e6daaea9afe1e6f6\igdml64.dll
0x00007ffaa4900000 - 0x00007ffaa492b000 	C:\Windows\SYSTEM32\D3DSCache.dll
0x00007ffa7e380000 - 0x00007ffa82b82000 	C:\Windows\System32\DriverStore\FileRepository\igdlh64.inf_amd64_e6daaea9afe1e6f6\igd12dxva64.dll
0x00007ffb07780000 - 0x00007ffb07bee000 	C:\Windows\System32\SETUPAPI.dll
0x00007ffa8cd00000 - 0x00007ffa8cd27000 	C:\Windows\System32\DriverStore\FileRepository\igdlh64.inf_amd64_e6daaea9afe1e6f6\igdinfo64.dll
0x00007ffafbb60000 - 0x00007ffafbd67000 	C:\Windows\SYSTEM32\twinapi.appcore.dll
0x00007ffb06fa0000 - 0x00007ffb07049000 	C:\Windows\System32\clbcatq.dll
0x00007ffa7d3a0000 - 0x00007ffa7e372000 	C:\Windows\System32\DriverStore\FileRepository\igdlh64.inf_amd64_e6daaea9afe1e6f6\ig9icd64.dll
0x00007ffb05170000 - 0x00007ffb051bb000 	C:\Windows\SYSTEM32\powrprof.dll
0x00007ffb05150000 - 0x00007ffb05162000 	C:\Windows\SYSTEM32\UMPDC.dll
0x00007ffadace0000 - 0x00007ffadaf5f000 	C:\Windows\SYSTEM32\dwrite.dll
0x00007ffae0b50000 - 0x00007ffae0c49000 	C:\Windows\SYSTEM32\textinputframework.dll
0x00007ffafec20000 - 0x00007ffafed12000 	C:\Windows\System32\CoreMessaging.dll
0x00007ffafe8c0000 - 0x00007ffafec1e000 	C:\Windows\System32\CoreUIComponents.dll
0x00007ffafe1c0000 - 0x00007ffafe314000 	C:\Windows\SYSTEM32\wintypes.dll
0x00007ffb043d0000 - 0x00007ffb04403000 	C:\Windows\SYSTEM32\ntmarta.dll
0x00007ffa88630000 - 0x00007ffa88ee2000 	C:\Users\HP\AppData\Local\io-realm-kotlin\f7113120ba00ba1ff91d696eecd3919e85a4e34e\realmc.dll
0x00007ffb05a10000 - 0x00007ffb05b6e000 	C:\Windows\System32\CRYPT32.dll

dbghelp: loaded successfully - version: 4.0.5 - missing functions: none
symbol engine: initialized successfully - sym options: 0x614 - pdb path: .;C:\Users\HP\.jdks\jbr-17.0.7-1\bin;C:\Windows\SYSTEM32;C:\Windows\WinSxS\amd64_microsoft.windows.common-controls_6595b64144ccf1df_6.0.19041.1110_none_60b5254171f9507e;C:\Users\HP\.jdks\jbr-17.0.7-1\bin\server;C:\Program Files\JetBrains\IntelliJ IDEA Community Edition 2021.3.2\bin;C:\Users\HP\.skiko\58752788008ddd92aea4562f2a41915f7f74e689ca70e0fbada57f009a92b9cf;C:\Windows\WinSxS\amd64_microsoft.windows.gdiplus_6595b64144ccf1df_1.1.19041.2251_none_91a40448cc8846c1;C:\Windows\System32\DriverStore\FileRepository\igdlh64.inf_amd64_e6daaea9afe1e6f6;C:\Users\HP\AppData\Local\io-realm-kotlin\f7113120ba00ba1ff91d696eecd3919e85a4e34e

VM Arguments:
jvm_args: -Djava.library.path=C:\Users\HP\Desktop\newderar\build\classes\kotlin\jvm\main;C:\Users\HP\Desktop\newderar\build\processedResources\jvm\main -javaagent:C:\Program Files\JetBrains\IntelliJ IDEA Community Edition 2021.3.2\lib\idea_rt.jar=53202:C:\Program Files\JetBrains\IntelliJ IDEA Community Edition 2021.3.2\bin -Dfile.encoding=UTF-8 
java_command: MainKt
java_class_path (initial): C:\Users\HP\Desktop\newderar\build\classes\kotlin\jvm\main;C:\Users\HP\Desktop\newderar\build\processedResources\jvm\main;C:\Users\HP\.gradle\caches\modules-2\files-2.1\io.insert-koin\koin-androidx-compose\3.4.5\ae0a88b7a68d507e651c5a3d70a541594bea54cb\koin-androidx-compose-3.4.5.aar;C:\Users\HP\.gradle\caches\modules-2\files-2.1\org.jetbrains.kotlin\kotlin-stdlib-jdk8\1.8.21\67f57e154437cd9e6e9cf368394b95814836ff88\kotlin-stdlib-jdk8-1.8.21.jar;C:\Users\HP\.gradle\caches\modules-2\files-2.1\org.apache.poi\poi-ooxml\4.1.2\87d9a22aa9a7dd26e80c360e709f7ee02e32ab3b\poi-ooxml-4.1.2.jar;C:\Users\HP\.gradle\caches\modules-2\files-2.1\org.apache.poi\poi\4.1.2\964bf41cf68bce08e4ef6b2279b559fdf8d454f4\poi-4.1.2.jar;C:\Users\HP\.gradle\caches\modules-2\files-2.1\org.lwjgl\lwjgl-nfd\3.3.1\622318116996ddcff449b46cb38f0fdee39b8ac3\lwjgl-nfd-3.3.1.jar;C:\Users\HP\.gradle\caches\modules-2\files-2.1\org.lwjgl\lwjgl-nfd\3.3.1\2e007667e04ed3281152ae5c6e677fb1c2211691\lwjgl-nfd-3.3.1-natives-linux.jar;C:\Users\HP\.gradle\caches\modules-2\files-2.1\org.lwjgl\lwjgl\3.3.1\ae58664f88e18a9bb2c77b063833ca7aaec484cb\lwjgl-3.3.1.jar;C:\Users\HP\.gradle\caches\modules-2\files-2.1\io.insert-koin\koin-android\3.4.0\48715fbe06102a59a30bd45b06ed2400c16c6f45\koin-android-3.4.0.aar;C:\Users\HP\.gradle\caches\modules-2\files-2.1\org.lwjgl\lwjgl-nfd\3.3.1\b3e04e317f55dd738d8a345cdafd15b39f85a2ea\lwjgl-nfd-3.3.1-natives-linux-arm32.jar;C:\Users\HP\.gradle\caches\modules-2\files-2.1\androidx.lifecycle\lifecycle-viewmodel-compose\2.6.1\38cf3bb65ff3e0e5c3d63de2ebf5411d0898108c\lifecycle-viewmodel-compose-2.6.1.aar;C:\Users\HP\.gradle\caches\modules-2\files-2.1\org.lwjgl\lwjgl-nfd\3.3.1\f41dc62336f7ee4ab35705cfa440cc903d199165\lwjgl-nfd-3.3.1-natives-linux-arm64.jar;C:\Users\HP\.gradle\caches\modules-2\files-2.1\androidx.compose.runtime\runtime\1.4.3\6e52f81bd60023ca9be12a878ae161d2e7571aeb\runtime-1.4.3.aar;C:\Users\HP\.gradle\caches\modules-2\files-2.1\org.lwjgl\lwjgl-nfd\3.3
Launcher Type: SUN_STANDARD

[Global flags]
     intx CICompilerCount                          = 3                                         {product} {ergonomic}
     uint ConcGCThreads                            = 1                                         {product} {ergonomic}
     uint G1ConcRefinementThreads                  = 4                                         {product} {ergonomic}
   size_t G1HeapRegionSize                         = 2097152                                   {product} {ergonomic}
    uintx GCDrainStackTargetSize                   = 64                                        {product} {ergonomic}
   size_t InitialHeapSize                          = 266338304                                 {product} {ergonomic}
   size_t MarkStackSize                            = 4194304                                   {product} {ergonomic}
   size_t MaxHeapSize                              = 4255121408                                {product} {ergonomic}
   size_t MaxNewSize                               = 2552233984                                {product} {ergonomic}
   size_t MinHeapDeltaBytes                        = 2097152                                   {product} {ergonomic}
   size_t MinHeapSize                              = 8388608                                   {product} {ergonomic}
    uintx NonNMethodCodeHeapSize                   = 5832780                                {pd product} {ergonomic}
    uintx NonProfiledCodeHeapSize                  = 122912730                              {pd product} {ergonomic}
    uintx ProfiledCodeHeapSize                     = 122912730                              {pd product} {ergonomic}
    uintx ReservedCodeCacheSize                    = 251658240                              {pd product} {ergonomic}
     bool SegmentedCodeCache                       = true                                      {product} {ergonomic}
   size_t SoftMaxHeapSize                          = 4255121408                             {manageable} {ergonomic}
     bool UseCompressedClassPointers               = true                           {product lp64_product} {ergonomic}
     bool UseCompressedOops                        = true                           {product lp64_product} {ergonomic}
     bool UseG1GC                                  = true                                      {product} {ergonomic}
     bool UseLargePagesIndividualAllocation        = false                                  {pd product} {ergonomic}

Logging:
Log output configuration:
 #0: stdout all=warning uptime,level,tags
 #1: stderr all=off uptime,level,tags

Environment Variables:
PATH=C:\Program Files\Common Files\Oracle\Java\javapath;C:\Program Files (x86)\Common Files\Oracle\Java\javapath;C:\Windows\system32;C:\Windows;C:\Windows\System32\Wbem;C:\Windows\System32\WindowsPowerShell\v1.0\;C:\Windows\System32\OpenSSH\;C:\xampp\php;C:\ProgramData\ComposerSetup\bin;C:\Program Files\nodejs\;C:\Program Files (x86)\Intel\Intel(R) Management Engine Components\DAL;C:\Program Files\Intel\Intel(R) Management Engine Components\DAL;C:\Program Files\Git\cmd;C:\Program Files\Fortect;C:\Users\HP\AppData\Local\Microsoft\WindowsApps;C:\Program Files\JetBrains\IntelliJ IDEA Community Edition 2021.3.2\bin;C:\Users\HP\AppData\Local\Programs\Microsoft VS Code\bin;C:\Users\HP\AppData\Local\JetBrains\Toolbox\scripts;C:\Users\HP\AppData\Local\GitHubDesktop\bin;C:\Users\HP\Desktop\camp\flutter_windows_3.7.6-stable\flutter\bin;C:\Users\HP\AppData\Roaming\Composer\vendor\bin;C:\Users\HP\AppData\Roaming\npm
USERNAME=HP
OS=Windows_NT
PROCESSOR_IDENTIFIER=Intel64 Family 6 Model 142 Stepping 9, GenuineIntel
TMP=C:\Users\HP\AppData\Local\Temp
TEMP=C:\Users\HP\AppData\Local\Temp


JNI global refs:
JNI global refs: 167, weak refs: 11

JNI global refs memory usage: 2107, weak refs: 841

OOME stack traces (most recent first):
Classloader memory used:
Loader jdk.internal.loader.ClassLoaders$AppClassLoader                                 : 3143K
Loader bootstrap                                                                       : 2222K
Loader jdk.internal.loader.ClassLoaders$PlatformClassLoader                            : 764B


---------------  S Y S T E M  ---------------

OS:
 Windows 10 , 64 bit Build 19041 (10.0.19041.3155)
OS uptime: 0 days 0:18 hours
Hyper-V role detected

CPU: total 4 (initial active 4) (2 cores per cpu, 2 threads per core) family 6 model 142 stepping 9 microcode 0xf2, cx8, cmov, fxsr, ht, mmx, 3dnowpref, sse, sse2, sse3, ssse3, sse4.1, sse4.2, popcnt, lzcnt, tsc, tscinvbit, avx, avx2, aes, erms, clmul, bmi1, bmi2, rtm, adx, fma, vzeroupper, clflush, clflushopt, hv

Memory: 4k page, system-wide physical 16224M (7342M free)
TotalPageFile size 32096M (AvailPageFile size 23048M)
current process WorkingSet (physical memory assigned to process): 271M, peak: 347M
current process commit charge ("private bytes"): 277M, peak: 381M

vm_info: OpenJDK 64-Bit Server VM (17.0.7+7-b1000.5) for windows-amd64 JRE (17.0.7+7-b1000.5), built on 2023-07-03 by "builduser" with MS VC++ 16.10 / 16.11 (VS2019)

END.
