#
# A fatal error has been detected by the Java Runtime Environment:
#
#  EXCEPTION_ACCESS_VIOLATION (0xc0000005) at pc=0x00007ffe74e7ebe3, pid=9480, tid=6648
#
# JRE version: OpenJDK Runtime Environment Corretto-17.0.7.7.1 (17.0.7+7) (build 17.0.7+7-LTS)
# Java VM: OpenJDK 64-Bit Server VM Corretto-17.0.7.7.1 (17.0.7+7-LTS, mixed mode, sharing, tiered, compressed oops, compressed class ptrs, g1 gc, windows-amd64)
# Problematic frame:
# C  [ig9icd64.dll+0x9bebe3]
#
# No core dump will be written. Minidumps are not enabled by default on client versions of Windows
#
# If you would like to submit a bug report, please visit:
#   https://github.com/corretto/corretto-17/issues/
# The crash happened outside the Java Virtual Machine in native code.
# See problematic frame for where to report the bug.
#

---------------  S U M M A R Y ------------

Command Line: -Djava.library.path=C:\Users\HP\Desktop\newderar\build\classes\kotlin\jvm\main;C:\Users\HP\Desktop\newderar\build\processedResources\jvm\main -javaagent:C:\Program Files\JetBrains\IntelliJ IDEA Community Edition 2021.3.2\lib\idea_rt.jar=51486:C:\Program Files\JetBrains\IntelliJ IDEA Community Edition 2021.3.2\bin -Dfile.encoding=UTF-8 MainKt

Host: Intel(R) Core(TM) i5-7300U CPU @ 2.60GHz, 4 cores, 15G,  Windows 10 , 64 bit Build 19041 (10.0.19041.3155)
Time: Sat Jul  8 17:07:56 2023 Libya Standard Time elapsed time: 44.728423 seconds (0d 0h 0m 44s)

---------------  T H R E A D  ---------------

Current thread (0x000002a064d358a0):  JavaThread "AWT-EventQueue-0" [_thread_in_native, id=6648, stack(0x000000c875300000,0x000000c875400000)]

Stack: [0x000000c875300000,0x000000c875400000],  sp=0x000000c8753fc7b8,  free space=1009k
Native frames: (J=compiled Java code, j=interpreted, Vv=VM code, C=native code)
C  [ig9icd64.dll+0x9bebe3]

Java frames: (J=compiled Java code, j=interpreted, Vv=VM code)
J 5312  org.jetbrains.skia.DirectContextKt.DirectContext_nFlush(J)V (0 bytes) @ 0x000002a051312b69 [0x000002a051312b20+0x0000000000000049]
J 5238 c1 org.jetbrains.skiko.context.ContextHandler.flush()V (17 bytes) @ 0x000002a049fee15c [0x000002a049fedfe0+0x000000000000017c]
J 5245 c1 org.jetbrains.skiko.context.ContextHandler.draw()V (91 bytes) @ 0x000002a049fefce4 [0x000002a049fef1e0+0x0000000000000b04]
J 5093 c1 org.jetbrains.skiko.redrawer.WindowsOpenGLRedrawer.draw()V (288 bytes) @ 0x000002a049f9b9bc [0x000002a049f9b2a0+0x000000000000071c]
J 4863 c1 org.jetbrains.skiko.redrawer.WindowsOpenGLRedrawer$Companion$frameDispatcher$1.invokeSuspend(Ljava/lang/Object;)Ljava/lang/Object; (379 bytes) @ 0x000002a049f18d74 [0x000002a049f17a00+0x0000000000001374]
J 5091 c1 org.jetbrains.skiko.redrawer.WindowsOpenGLRedrawer$Companion$frameDispatcher$1.invoke(Ljava/lang/Object;)Ljava/lang/Object; (9 bytes) @ 0x000002a049f99f04 [0x000002a049f999a0+0x0000000000000564]
J 4853 c1 org.jetbrains.skiko.FrameDispatcher$job$1.invokeSuspend(Ljava/lang/Object;)Ljava/lang/Object; (156 bytes) @ 0x000002a049f14844 [0x000002a049f13ea0+0x00000000000009a4]
J 4991 c2 kotlin.coroutines.jvm.internal.BaseContinuationImpl.resumeWith(Ljava/lang/Object;)V (128 bytes) @ 0x000002a05129e774 [0x000002a05129e720+0x0000000000000054]
J 5126 c2 kotlinx.coroutines.DispatchedTask.run()V (571 bytes) @ 0x000002a0512b6aa8 [0x000002a0512b6720+0x0000000000000388]
J 5285 c2 java.awt.EventQueue$4.run()Ljava/lang/Void; java.desktop@17.0.7 (60 bytes) @ 0x000002a0512fc240 [0x000002a0512fbea0+0x00000000000003a0]
J 5323 c2 java.awt.EventDispatchThread.pumpOneEventForFilters(I)V java.desktop@17.0.7 (113 bytes) @ 0x000002a05132c344 [0x000002a05132bce0+0x0000000000000664]
j  java.awt.EventDispatchThread.pumpEventsForFilter(ILjava/awt/Conditional;Ljava/awt/EventFilter;)V+35 java.desktop@17.0.7
j  java.awt.EventDispatchThread.pumpEventsForHierarchy(ILjava/awt/Conditional;Ljava/awt/Component;)V+11 java.desktop@17.0.7
j  java.awt.EventDispatchThread.pumpEvents(ILjava/awt/Conditional;)V+4 java.desktop@17.0.7
j  java.awt.EventDispatchThread.pumpEvents(Ljava/awt/Conditional;)V+3 java.desktop@17.0.7
j  java.awt.EventDispatchThread.run()V+9 java.desktop@17.0.7
v  ~StubRoutines::call_stub

siginfo: EXCEPTION_ACCESS_VIOLATION (0xc0000005), reading address 0xffffffffffffffff


Register to memory mapping:

RIP=0x00007ffe74e7ebe3 ig9icd64.dll
RAX=0x000000000fff0fff is an unknown value
RBX=0x00007ffe744c0000 ig9icd64.dll
RCX=0x000000033fcf3fcc is an unknown value
RDX=0x000000c8753fccd0 is pointing into the stack for thread: 0x000002a064d358a0
RSP=0x000000c8753fc7b8 is pointing into the stack for thread: 0x000002a064d358a0
RBP=0x000000c8753fc8c0 is pointing into the stack for thread: 0x000002a064d358a0
RSI=0x000002a069daa340 points into unknown readable memory: 0x000002a069d71040 | 40 10 d7 69 a0 02 00 00
RDI=0x000000c8753fcac0 is pointing into the stack for thread: 0x000002a064d358a0
R8 =0x000000c8753fc8f0 is pointing into the stack for thread: 0x000002a064d358a0
R9 =0x000000c8753fccd0 is pointing into the stack for thread: 0x000002a064d358a0
R10=0x000000c8753fcac0 is pointing into the stack for thread: 0x000002a064d358a0
R11=0x0 is NULL
R12=0x00007ffe752f15e0 ig9icd64.dll
R13=0x0 is NULL
R14=0x0 is NULL
R15=0x00000000000001c1 is an unknown value


Registers:
RAX=0x000000000fff0fff, RBX=0x00007ffe744c0000, RCX=0x000000033fcf3fcc, RDX=0x000000c8753fccd0
RSP=0x000000c8753fc7b8, RBP=0x000000c8753fc8c0, RSI=0x000002a069daa340, RDI=0x000000c8753fcac0
R8 =0x000000c8753fc8f0, R9 =0x000000c8753fccd0, R10=0x000000c8753fcac0, R11=0x0000000000000000
R12=0x00007ffe752f15e0, R13=0x0000000000000000, R14=0x0000000000000000, R15=0x00000000000001c1
RIP=0x00007ffe74e7ebe3, EFLAGS=0x0000000000010206

Top of Stack: (sp=0x000000c8753fc7b8)
0x000000c8753fc7b8:   00007ffe74e7c31b 0000000000000001
0x000000c8753fc7c8:   0000000000000000 000002a0746f8900
0x000000c8753fc7d8:   00007ffeda002622 000000c800000065
0x000000c8753fc7e8:   000000c8753fc9f0 0000000000000000
0x000000c8753fc7f8:   000002a0743cba60 0000000000000000
0x000000c8753fc808:   000002a06c2ce430 000002a0746f8960
0x000000c8753fc818:   0000000000001100 0000000000000000
0x000000c8753fc828:   0000000000000000 000000c8753fc9a0
0x000000c8753fc838:   00007ffe74b179c0 0000000000000000
0x000000c8753fc848:   0000000000000000 0000000000000000
0x000000c8753fc858:   0000000000000000 0000cd8ad1a5aa32
0x000000c8753fc868:   00007ffe744d6555 000002a0746f8960
0x000000c8753fc878:   0000000000000001 0000000000000000
0x000000c8753fc888:   00007ffee9b7b86b 0000000001040268
0x000000c8753fc898:   00000000000000ff 000002a074804cd0
0x000000c8753fc8a8:   0000000000000000 0000000000000000 

Instructions: (pc=0x00007ffe74e7ebe3)
0x00007ffe74e7eae3:   c1 75 31 00 48 89 51 08 48 89 01 8b 44 24 28 89
0x00007ffe74e7eaf3:   41 20 8b 44 24 30 89 41 24 48 8b c1 4c 89 41 10
0x00007ffe74e7eb03:   4c 89 49 18 c3 cc cc cc cc cc cc cc cc 48 89 5c
0x00007ffe74e7eb13:   24 08 8b 41 5c 48 8d 1d e1 14 64 ff 41 89 40 08
0x00007ffe74e7eb23:   4c 8b d1 8b 41 60 45 33 db 41 89 40 0c 4c 8b ca
0x00007ffe74e7eb33:   8b 41 64 41 89 40 10 8b 41 68 41 89 40 14 8b 41
0x00007ffe74e7eb43:   6c 41 89 40 18 8b 41 70 41 89 40 1c 48 63 41 74
0x00007ffe74e7eb53:   48 6b c8 34 8b 84 19 44 d1 ee 00 41 89 40 20 8b
0x00007ffe74e7eb63:   84 19 48 d1 ee 00 41 89 40 24 8b 84 19 4c d1 ee
0x00007ffe74e7eb73:   00 41 89 40 28 8b 84 19 50 d1 ee 00 41 89 40 2c
0x00007ffe74e7eb83:   8b 84 19 34 d1 ee 00 41 89 40 30 8b 84 19 38 d1
0x00007ffe74e7eb93:   ee 00 41 89 40 34 8b 84 19 3c d1 ee 00 41 89 40
0x00007ffe74e7eba3:   38 8b 84 19 40 d1 ee 00 41 89 40 3c 8b 84 19 24
0x00007ffe74e7ebb3:   d1 ee 00 41 89 40 40 8b 84 19 28 d1 ee 00 41 89
0x00007ffe74e7ebc3:   40 44 8b 84 19 2c d1 ee 00 41 89 40 48 8b 84 19
0x00007ffe74e7ebd3:   30 d1 ee 00 41 89 40 4c 49 63 42 78 48 6b c8 34
0x00007ffe74e7ebe3:   8b 84 19 44 d1 ee 00 41 89 40 50 8b 84 19 48 d1
0x00007ffe74e7ebf3:   ee 00 41 89 40 54 8b 84 19 4c d1 ee 00 41 89 40
0x00007ffe74e7ec03:   58 8b 84 19 50 d1 ee 00 41 89 40 5c 8b 84 19 34
0x00007ffe74e7ec13:   d1 ee 00 41 89 40 60 8b 84 19 38 d1 ee 00 41 89
0x00007ffe74e7ec23:   40 64 8b 84 19 3c d1 ee 00 41 89 40 68 8b 84 19
0x00007ffe74e7ec33:   40 d1 ee 00 41 89 40 6c 8b 84 19 24 d1 ee 00 41
0x00007ffe74e7ec43:   89 40 70 8b 84 19 28 d1 ee 00 41 89 40 74 8b 84
0x00007ffe74e7ec53:   19 2c d1 ee 00 41 89 40 78 8b 84 19 30 d1 ee 00
0x00007ffe74e7ec63:   41 89 40 7c 48 8b 42 18 8b 88 38 0b 00 00 f6 c1
0x00007ffe74e7ec73:   08 0f 84 86 00 00 00 8b 80 3c 0b 00 00 41 89 80
0x00007ffe74e7ec83:   80 00 00 00 48 8b 42 18 8b 88 40 0b 00 00 41 89
0x00007ffe74e7ec93:   88 84 00 00 00 48 8b 42 18 8b 88 44 0b 00 00 41
0x00007ffe74e7eca3:   89 88 88 00 00 00 48 8b 42 18 8b 88 48 0b 00 00
0x00007ffe74e7ecb3:   41 89 88 8c 00 00 00 48 8b 42 18 8b 88 4c 0b 00
0x00007ffe74e7ecc3:   00 41 89 88 90 00 00 00 48 8b 42 18 8b 88 50 0b
0x00007ffe74e7ecd3:   00 00 41 89 88 94 00 00 00 48 8b 42 18 8b 88 54 


Stack slot to memory mapping:
stack at sp + 0 slots: 0x00007ffe74e7c31b ig9icd64.dll
stack at sp + 1 slots: 0x0000000000000001 is an unknown value
stack at sp + 2 slots: 0x0 is NULL
stack at sp + 3 slots: 0x000002a0746f8900 points into unknown readable memory: 0x0000000000000000 | 00 00 00 00 00 00 00 00
stack at sp + 4 slots: 0x00007ffeda002622 igdgmm64.dll
stack at sp + 5 slots: 0x000000c800000065 is an unknown value
stack at sp + 6 slots: 0x000000c8753fc9f0 is pointing into the stack for thread: 0x000002a064d358a0
stack at sp + 7 slots: 0x0 is NULL


---------------  P R O C E S S  ---------------

Threads class SMR info:
_java_thread_list=0x000002a0736d4f90, length=28, elements={
0x000002a041a86c50, 0x000002a064135210, 0x000002a064136820, 0x000002a0641482f0,
0x000002a06414cdc0, 0x000002a06414f880, 0x000002a064150230, 0x000002a064280090,
0x000002a06415e800, 0x000002a0642de5f0, 0x000002a0643906d0, 0x000002a064685470,
0x000002a064685940, 0x000002a064953520, 0x000002a064953be0, 0x000002a064d358a0,
0x000002a069140020, 0x000002a0692b2ac0, 0x000002a06941b9e0, 0x000002a06967cb40,
0x000002a06967b800, 0x000002a06967d010, 0x000002a06967ae60, 0x000002a064935c80,
0x000002a06493a980, 0x000002a06493ae50, 0x000002a064938ca0, 0x000002a064939640
}

Java Threads: ( => current thread )
  0x000002a041a86c50 JavaThread "main" [_thread_blocked, id=14484, stack(0x000000c873800000,0x000000c873900000)]
  0x000002a064135210 JavaThread "Reference Handler" daemon [_thread_blocked, id=4896, stack(0x000000c873f00000,0x000000c874000000)]
  0x000002a064136820 JavaThread "Finalizer" daemon [_thread_blocked, id=13840, stack(0x000000c874000000,0x000000c874100000)]
  0x000002a0641482f0 JavaThread "Signal Dispatcher" daemon [_thread_blocked, id=18880, stack(0x000000c874100000,0x000000c874200000)]
  0x000002a06414cdc0 JavaThread "Attach Listener" daemon [_thread_blocked, id=12664, stack(0x000000c874200000,0x000000c874300000)]
  0x000002a06414f880 JavaThread "Service Thread" daemon [_thread_blocked, id=16672, stack(0x000000c874300000,0x000000c874400000)]
  0x000002a064150230 JavaThread "Monitor Deflation Thread" daemon [_thread_blocked, id=16460, stack(0x000000c874400000,0x000000c874500000)]
  0x000002a064280090 JavaThread "C2 CompilerThread0" daemon [_thread_blocked, id=17828, stack(0x000000c874500000,0x000000c874600000)]
  0x000002a06415e800 JavaThread "C1 CompilerThread0" daemon [_thread_blocked, id=13656, stack(0x000000c874600000,0x000000c874700000)]
  0x000002a0642de5f0 JavaThread "Sweeper thread" daemon [_thread_blocked, id=10168, stack(0x000000c874700000,0x000000c874800000)]
  0x000002a0643906d0 JavaThread "Common-Cleaner" daemon [_thread_blocked, id=4468, stack(0x000000c874800000,0x000000c874900000)]
  0x000002a064685470 JavaThread "Monitor Ctrl-Break" daemon [_thread_in_native, id=7972, stack(0x000000c874a00000,0x000000c874b00000)]
  0x000002a064685940 JavaThread "Notification Thread" daemon [_thread_blocked, id=17212, stack(0x000000c874b00000,0x000000c874c00000)]
  0x000002a064953520 JavaThread "Java2D Disposer" daemon [_thread_blocked, id=8172, stack(0x000000c875000000,0x000000c875100000)]
  0x000002a064953be0 JavaThread "AWT-Shutdown" [_thread_blocked, id=12360, stack(0x000000c875100000,0x000000c875200000)]
=>0x000002a064d358a0 JavaThread "AWT-EventQueue-0" [_thread_in_native, id=6648, stack(0x000000c875300000,0x000000c875400000)]
  0x000002a069140020 JavaThread "Reference Cleaner" daemon [_thread_blocked, id=10312, stack(0x000000c875400000,0x000000c875500000)]
  0x000002a0692b2ac0 JavaThread "DefaultDispatcher-worker-1" daemon [_thread_blocked, id=7584, stack(0x000000c875500000,0x000000c875600000)]
  0x000002a06941b9e0 JavaThread "DefaultDispatcher-worker-2" daemon [_thread_blocked, id=15300, stack(0x000000c875600000,0x000000c875700000)]
  0x000002a06967cb40 JavaThread "DefaultDispatcher-worker-3" daemon [_thread_blocked, id=5016, stack(0x000000c875700000,0x000000c875800000)]
  0x000002a06967b800 JavaThread "kotlinx.coroutines.DefaultExecutor" daemon [_thread_blocked, id=16856, stack(0x000000c875800000,0x000000c875900000)]
  0x000002a06967d010 JavaThread "TimerQueue" daemon [_thread_blocked, id=4476, stack(0x000000c874900000,0x000000c874a00000)]
  0x000002a06967ae60 JavaThread "RealmFinalizingDaemon" daemon [_thread_blocked, id=17360, stack(0x000000c875e00000,0x000000c875f00000)]
  0x000002a064935c80 JavaThread "core-notifier" daemon [_thread_in_native, id=17560, stack(0x000000c876000000,0x000000c876100000)]
  0x000002a06493a980 JavaThread "DefaultDispatcher-worker-4" daemon [_thread_blocked, id=8884, stack(0x000000c875c00000,0x000000c875d00000)]
  0x000002a06493ae50 JavaThread "DefaultDispatcher-worker-5" daemon [_thread_blocked, id=10060, stack(0x000000c876200000,0x000000c876300000)]
  0x000002a064938ca0 JavaThread "DefaultDispatcher-worker-6" daemon [_thread_blocked, id=14832, stack(0x000000c876300000,0x000000c876400000)]
  0x000002a064939640 JavaThread "SIGINT handler" daemon [_thread_blocked, id=3120, stack(0x000000c876600000,0x000000c876700000)]

Other Threads:
  0x000002a06412e270 VMThread "VM Thread" [stack: 0x000000c873e00000,0x000000c873f00000] [id=8988]
  0x000002a06458cbe0 WatcherThread [stack: 0x000000c874c00000,0x000000c874d00000] [id=8908]
  0x000002a041af09e0 GCTaskThread "GC Thread#0" [stack: 0x000000c873900000,0x000000c873a00000] [id=17504]
  0x000002a064903ff0 GCTaskThread "GC Thread#1" [stack: 0x000000c874d00000,0x000000c874e00000] [id=17552]
  0x000002a0649042a0 GCTaskThread "GC Thread#2" [stack: 0x000000c874e00000,0x000000c874f00000] [id=14472]
  0x000002a064904550 GCTaskThread "GC Thread#3" [stack: 0x000000c874f00000,0x000000c875000000] [id=7328]
  0x000002a041b016b0 ConcurrentGCThread "G1 Main Marker" [stack: 0x000000c873a00000,0x000000c873b00000] [id=12108]
  0x000002a041b020c0 ConcurrentGCThread "G1 Conc#0" [stack: 0x000000c873b00000,0x000000c873c00000] [id=12400]
  0x000002a041b3e220 ConcurrentGCThread "G1 Refine#0" [stack: 0x000000c873c00000,0x000000c873d00000] [id=18724]
  0x000002a041b3ec40 ConcurrentGCThread "G1 Service" [stack: 0x000000c873d00000,0x000000c873e00000] [id=6748]

Threads with active compile tasks:

VM state: not at safepoint (normal execution)

VM Mutex/Monitor currently owned by a thread: None

Heap address: 0x0000000702600000, size: 4058 MB, Compressed Oops mode: Zero based, Oop shift amount: 3

CDS archive(s) mapped at: [0x0000000800000000-0x0000000800bc0000-0x0000000800bc0000), size 12320768, SharedBaseAddress: 0x0000000800000000, ArchiveRelocationMode: 0.
Compressed class space mapped at: 0x0000000801000000-0x0000000841000000, reserved size: 1073741824
Narrow klass base: 0x0000000800000000, Narrow klass shift: 0, Narrow klass range: 0x100000000

GC Precious Log:
 CPUs: 4 total, 4 available
 Memory: 16224M
 Large Page Support: Disabled
 NUMA Support: Disabled
 Compressed Oops: Enabled (Zero based)
 Heap Region Size: 2M
 Heap Min Capacity: 8M
 Heap Initial Capacity: 254M
 Heap Max Capacity: 4058M
 Pre-touch: Disabled
 Parallel Workers: 4
 Concurrent Workers: 1
 Concurrent Refinement Workers: 4
 Periodic GC: Disabled

Heap:
 garbage-first heap   total 90112K, used 48513K [0x0000000702600000, 0x0000000800000000)
  region size 2048K, 13 young (26624K), 0 survivors (0K)
 Metaspace       used 34504K, committed 34688K, reserved 1114112K
  class space    used 3743K, committed 3840K, reserved 1048576K

Heap Regions: E=young(eden), S=young(survivor), O=old, HS=humongous(starts), HC=humongous(continues), CS=collection set, F=free, OA=open archive, CA=closed archive, TAMS=top-at-mark-start (previous, next)
|   0|0x0000000702600000, 0x0000000702800000, 0x0000000702800000|100%|HS|  |TAMS 0x0000000702800000, 0x0000000702600000| Untracked 
|   1|0x0000000702800000, 0x00000007029fffd0, 0x0000000702a00000| 99%| O|  |TAMS 0x0000000702800000, 0x0000000702800000| Untracked 
|   2|0x0000000702a00000, 0x0000000702c00000, 0x0000000702c00000|100%| O|  |TAMS 0x0000000702c00000, 0x0000000702a00000| Untracked 
|   3|0x0000000702c00000, 0x0000000702dffff0, 0x0000000702e00000| 99%| O|  |TAMS 0x0000000702c00000, 0x0000000702c00000| Untracked 
|   4|0x0000000702e00000, 0x0000000703000000, 0x0000000703000000|100%| O|  |TAMS 0x0000000702e00000, 0x0000000702e00000| Untracked 
|   5|0x0000000703000000, 0x000000070316b690, 0x0000000703200000| 70%| O|  |TAMS 0x0000000703000000, 0x0000000703000000| Untracked 
|   6|0x0000000703200000, 0x0000000703263c08, 0x0000000703400000| 19%| O|  |TAMS 0x0000000703200000, 0x0000000703200000| Untracked 
|   7|0x0000000703400000, 0x0000000703400000, 0x0000000703600000|  0%| F|  |TAMS 0x0000000703400000, 0x0000000703400000| Untracked 
|   8|0x0000000703600000, 0x0000000703600000, 0x0000000703800000|  0%| F|  |TAMS 0x0000000703600000, 0x0000000703600000| Untracked 
|   9|0x0000000703800000, 0x0000000703800000, 0x0000000703a00000|  0%| F|  |TAMS 0x0000000703800000, 0x0000000703800000| Untracked 
|  10|0x0000000703a00000, 0x0000000703c00000, 0x0000000703c00000|100%| O|  |TAMS 0x0000000703c00000, 0x0000000703a00000| Untracked 
|  11|0x0000000703c00000, 0x0000000703c00000, 0x0000000703e00000|  0%| F|  |TAMS 0x0000000703c00000, 0x0000000703c00000| Untracked 
|  12|0x0000000703e00000, 0x0000000703f912d0, 0x0000000704000000| 78%| O|  |TAMS 0x0000000703e00000, 0x0000000703e00000| Untracked 
|  13|0x0000000704000000, 0x0000000704200000, 0x0000000704200000|100%|HS|  |TAMS 0x0000000704200000, 0x0000000704000000| Untracked 
|  14|0x0000000704200000, 0x0000000704400000, 0x0000000704400000|100%|HC|  |TAMS 0x0000000704400000, 0x0000000704200000| Untracked 
|  15|0x0000000704400000, 0x0000000704600000, 0x0000000704600000|100%|HC|  |TAMS 0x0000000704600000, 0x0000000704400000| Untracked 
|  16|0x0000000704600000, 0x0000000704800000, 0x0000000704800000|100%|HC|  |TAMS 0x0000000704800000, 0x0000000704600000| Untracked 
|  17|0x0000000704800000, 0x0000000704800000, 0x0000000704a00000|  0%| F|  |TAMS 0x0000000704800000, 0x0000000704800000| Untracked 
|  18|0x0000000704a00000, 0x0000000704a00000, 0x0000000704c00000|  0%| F|  |TAMS 0x0000000704a00000, 0x0000000704a00000| Untracked 
|  19|0x0000000704c00000, 0x0000000704c00000, 0x0000000704e00000|  0%| F|  |TAMS 0x0000000704c00000, 0x0000000704c00000| Untracked 
|  20|0x0000000704e00000, 0x0000000704e00000, 0x0000000705000000|  0%| F|  |TAMS 0x0000000704e00000, 0x0000000704e00000| Untracked 
|  21|0x0000000705000000, 0x0000000705000000, 0x0000000705200000|  0%| F|  |TAMS 0x0000000705000000, 0x0000000705000000| Untracked 
|  22|0x0000000705200000, 0x0000000705200000, 0x0000000705400000|  0%| F|  |TAMS 0x0000000705200000, 0x0000000705200000| Untracked 
|  23|0x0000000705400000, 0x0000000705400000, 0x0000000705600000|  0%| F|  |TAMS 0x0000000705400000, 0x0000000705400000| Untracked 
|  24|0x0000000705600000, 0x0000000705600000, 0x0000000705800000|  0%| F|  |TAMS 0x0000000705600000, 0x0000000705600000| Untracked 
|  25|0x0000000705800000, 0x0000000705800000, 0x0000000705a00000|  0%| F|  |TAMS 0x0000000705800000, 0x0000000705800000| Untracked 
|  26|0x0000000705a00000, 0x0000000705a00000, 0x0000000705c00000|  0%| F|  |TAMS 0x0000000705a00000, 0x0000000705a00000| Untracked 
|  27|0x0000000705c00000, 0x0000000705c00000, 0x0000000705e00000|  0%| F|  |TAMS 0x0000000705c00000, 0x0000000705c00000| Untracked 
|  28|0x0000000705e00000, 0x0000000705e00000, 0x0000000706000000|  0%| F|  |TAMS 0x0000000705e00000, 0x0000000705e00000| Untracked 
|  29|0x0000000706000000, 0x0000000706000000, 0x0000000706200000|  0%| F|  |TAMS 0x0000000706000000, 0x0000000706000000| Untracked 
|  30|0x0000000706200000, 0x0000000706200000, 0x0000000706400000|  0%| F|  |TAMS 0x0000000706200000, 0x0000000706200000| Untracked 
|  31|0x0000000706400000, 0x000000070647e7e0, 0x0000000706600000| 24%| E|  |TAMS 0x0000000706400000, 0x0000000706400000| Complete 
|  32|0x0000000706600000, 0x0000000706800000, 0x0000000706800000|100%| E|CS|TAMS 0x0000000706600000, 0x0000000706600000| Complete 
|  33|0x0000000706800000, 0x0000000706a00000, 0x0000000706a00000|100%| E|CS|TAMS 0x0000000706800000, 0x0000000706800000| Complete 
|  34|0x0000000706a00000, 0x0000000706c00000, 0x0000000706c00000|100%| E|CS|TAMS 0x0000000706a00000, 0x0000000706a00000| Complete 
|  35|0x0000000706c00000, 0x0000000706e00000, 0x0000000706e00000|100%| E|CS|TAMS 0x0000000706c00000, 0x0000000706c00000| Complete 
|  36|0x0000000706e00000, 0x0000000707000000, 0x0000000707000000|100%| E|CS|TAMS 0x0000000706e00000, 0x0000000706e00000| Complete 
|  37|0x0000000707000000, 0x0000000707200000, 0x0000000707200000|100%| E|CS|TAMS 0x0000000707000000, 0x0000000707000000| Complete 
|  38|0x0000000707200000, 0x0000000707400000, 0x0000000707400000|100%| E|CS|TAMS 0x0000000707200000, 0x0000000707200000| Complete 
|  39|0x0000000707400000, 0x0000000707600000, 0x0000000707600000|100%| E|CS|TAMS 0x0000000707400000, 0x0000000707400000| Complete 
|  40|0x0000000707600000, 0x0000000707800000, 0x0000000707800000|100%| E|CS|TAMS 0x0000000707600000, 0x0000000707600000| Complete 
|  41|0x0000000707800000, 0x0000000707a00000, 0x0000000707a00000|100%| E|CS|TAMS 0x0000000707800000, 0x0000000707800000| Complete 
|  42|0x0000000707a00000, 0x0000000707c00000, 0x0000000707c00000|100%| E|CS|TAMS 0x0000000707a00000, 0x0000000707a00000| Complete 
|  43|0x0000000707c00000, 0x0000000707e00000, 0x0000000707e00000|100%| E|CS|TAMS 0x0000000707c00000, 0x0000000707c00000| Complete 

Card table byte_map: [0x000002a058d70000,0x000002a059560000] _byte_map_base: 0x000002a05555d000

Marking Bits (Prev, Next): (CMBitMap*) 0x000002a041af0ff0, (CMBitMap*) 0x000002a041af1030
 Prev Bits: [0x000002a059d50000, 0x000002a05dcb8000)
 Next Bits: [0x000002a05dcc0000, 0x000002a061c28000)

Polling page: 0x000002a03f8e0000

Metaspace:

Usage:
  Non-class:     30.04 MB used.
      Class:      3.66 MB used.
       Both:     33.70 MB used.

Virtual space:
  Non-class space:       64.00 MB reserved,      30.13 MB ( 47%) committed,  1 nodes.
      Class space:        1.00 GB reserved,       3.75 MB ( <1%) committed,  1 nodes.
             Both:        1.06 GB reserved,      33.88 MB (  3%) committed. 

Chunk freelists:
   Non-Class:  1.31 MB
       Class:  12.27 MB
        Both:  13.58 MB

MaxMetaspaceSize: unlimited
CompressedClassSpaceSize: 1.00 GB
Initial GC threshold: 21.00 MB
Current GC threshold: 56.50 MB
CDS: on
MetaspaceReclaimPolicy: balanced
 - commit_granule_bytes: 65536.
 - commit_granule_words: 8192.
 - virtual_space_node_default_size: 8388608.
 - enlarge_chunks_in_place: 1.
 - new_chunks_are_fully_committed: 0.
 - uncommit_free_chunks: 1.
 - use_allocation_guard: 0.
 - handle_deallocations: 1.


Internal statistics:

num_allocs_failed_limit: 3.
num_arena_births: 160.
num_arena_deaths: 0.
num_vsnodes_births: 2.
num_vsnodes_deaths: 0.
num_space_committed: 542.
num_space_uncommitted: 0.
num_chunks_returned_to_freelist: 3.
num_chunks_taken_from_freelist: 1077.
num_chunk_merges: 3.
num_chunk_splits: 924.
num_chunks_enlarged: 839.
num_inconsistent_stats: 0.

CodeHeap 'non-profiled nmethods': size=120000Kb used=3255Kb max_used=3369Kb free=116744Kb
 bounds [0x000002a051050000, 0x000002a0513a0000, 0x000002a058580000]
CodeHeap 'profiled nmethods': size=120000Kb used=8225Kb max_used=10782Kb free=111774Kb
 bounds [0x000002a049580000, 0x000002a04a010000, 0x000002a050ab0000]
CodeHeap 'non-nmethods': size=5760Kb used=1870Kb max_used=1959Kb free=3890Kb
 bounds [0x000002a050ab0000, 0x000002a050d20000, 0x000002a051050000]
 total_blobs=6078 nmethods=4734 adapters=1255
 compilation: enabled
              stopped_count=0, restarted_count=0
 full_count=0

Compilation events (20 events):
Event: 40.968 Thread 0x000002a064280090 5509       4       kotlinx.coroutines.channels.AbstractChannel::receive (28 bytes)
Event: 41.060 Thread 0x000002a064280090 nmethod 5509 0x000002a05113cc10 code [0x000002a05113cfa0, 0x000002a051140350]
Event: 41.353 Thread 0x000002a064280090 5510   !   4       androidx.compose.runtime.Recomposer::getHasSchedulingWork (92 bytes)
Event: 41.356 Thread 0x000002a064280090 nmethod 5510 0x000002a0510e1810 code [0x000002a0510e19a0, 0x000002a0510e1f18]
Event: 43.733 Thread 0x000002a06415e800 5511       3       kotlin.collections.CollectionsKt___CollectionsKt::toIntArray (60 bytes)
Event: 43.733 Thread 0x000002a064280090 5512   !   4       org.jetbrains.skia.Canvas::drawPicture (103 bytes)
Event: 43.734 Thread 0x000002a06415e800 nmethod 5511 0x000002a04966ad10 code [0x000002a04966af80, 0x000002a04966bba8]
Event: 43.735 Thread 0x000002a064280090 nmethod 5512 0x000002a0510a6b90 code [0x000002a0510a6d20, 0x000002a0510a6e88]
Event: 43.735 Thread 0x000002a064280090 5513       4       org.jetbrains.skia.CanvasKt::access$_nDrawPicture (10 bytes)
Event: 43.735 Thread 0x000002a064280090 nmethod 5513 0x000002a0510cab90 code [0x000002a0510cad20, 0x000002a0510cada8]
Event: 44.399 Thread 0x000002a064280090 5514       4       androidx.compose.runtime.snapshots.SnapshotIdSet::or (235 bytes)
Event: 44.400 Thread 0x000002a064280090 nmethod 5514 0x000002a0510ca710 code [0x000002a0510ca880, 0x000002a0510ca938]
Event: 44.669 Thread 0x000002a06415e800 5515       3       java.util.IdentityHashMap$IdentityHashMapIterator::nextIndex (72 bytes)
Event: 44.670 Thread 0x000002a06415e800 nmethod 5515 0x000002a049977c10 code [0x000002a049977de0, 0x000002a049978228]
Event: 44.707 Thread 0x000002a064280090 5516       4       kotlinx.coroutines.JobSupport::onCancelling (1 bytes)
Event: 44.707 Thread 0x000002a064280090 nmethod 5516 0x000002a05107df10 code [0x000002a05107e080, 0x000002a05107e0f8]
Event: 44.707 Thread 0x000002a064280090 5517       4       kotlinx.coroutines.JobSupportKt::boxIncomplete (23 bytes)
Event: 44.708 Thread 0x000002a064280090 nmethod 5517 0x000002a05107dc10 code [0x000002a05107dd80, 0x000002a05107de38]
Event: 44.709 Thread 0x000002a06415e800 5518       3       java.lang.StringCoding::implEncodeAsciiArray (47 bytes)
Event: 44.709 Thread 0x000002a06415e800 nmethod 5518 0x000002a04959b210 code [0x000002a04959b3c0, 0x000002a04959b618]

GC Heap History (20 events):
Event: 2.347 GC heap before
{Heap before GC invocations=2 (full 0):
 garbage-first heap   total 260096K, used 35384K [0x0000000702600000, 0x0000000800000000)
  region size 2048K, 14 young (28672K), 1 survivors (2048K)
 Metaspace       used 14308K, committed 14528K, reserved 1114112K
  class space    used 1466K, committed 1536K, reserved 1048576K
}
Event: 2.351 GC heap after
{Heap after GC invocations=3 (full 0):
 garbage-first heap   total 260096K, used 10441K [0x0000000702600000, 0x0000000800000000)
  region size 2048K, 2 young (4096K), 2 survivors (4096K)
 Metaspace       used 14308K, committed 14528K, reserved 1114112K
  class space    used 1466K, committed 1536K, reserved 1048576K
}
Event: 3.718 GC heap before
{Heap before GC invocations=3 (full 0):
 garbage-first heap   total 260096K, used 43209K [0x0000000702600000, 0x0000000800000000)
  region size 2048K, 20 young (40960K), 2 survivors (4096K)
 Metaspace       used 21349K, committed 21504K, reserved 1114112K
  class space    used 2280K, committed 2368K, reserved 1048576K
}
Event: 3.722 GC heap after
{Heap after GC invocations=4 (full 0):
 garbage-first heap   total 260096K, used 11985K [0x0000000702600000, 0x0000000800000000)
  region size 2048K, 2 young (4096K), 2 survivors (4096K)
 Metaspace       used 21349K, committed 21504K, reserved 1114112K
  class space    used 2280K, committed 2368K, reserved 1048576K
}
Event: 5.570 GC heap before
{Heap before GC invocations=5 (full 0):
 garbage-first heap   total 49152K, used 38609K [0x0000000702600000, 0x0000000800000000)
  region size 2048K, 10 young (20480K), 2 survivors (4096K)
 Metaspace       used 24132K, committed 24384K, reserved 1114112K
  class space    used 2621K, committed 2752K, reserved 1048576K
}
Event: 5.576 GC heap after
{Heap after GC invocations=6 (full 0):
 garbage-first heap   total 49152K, used 24666K [0x0000000702600000, 0x0000000800000000)
  region size 2048K, 1 young (2048K), 1 survivors (2048K)
 Metaspace       used 24132K, committed 24384K, reserved 1114112K
  class space    used 2621K, committed 2752K, reserved 1048576K
}
Event: 5.610 GC heap before
{Heap before GC invocations=6 (full 0):
 garbage-first heap   total 49152K, used 26714K [0x0000000702600000, 0x0000000800000000)
  region size 2048K, 2 young (4096K), 1 survivors (2048K)
 Metaspace       used 24477K, committed 24640K, reserved 1114112K
  class space    used 2662K, committed 2752K, reserved 1048576K
}
Event: 5.614 GC heap after
{Heap after GC invocations=7 (full 0):
 garbage-first heap   total 49152K, used 17866K [0x0000000702600000, 0x0000000800000000)
  region size 2048K, 1 young (2048K), 1 survivors (2048K)
 Metaspace       used 24477K, committed 24640K, reserved 1114112K
  class space    used 2662K, committed 2752K, reserved 1048576K
}
Event: 5.958 GC heap before
{Heap before GC invocations=7 (full 0):
 garbage-first heap   total 49152K, used 32202K [0x0000000702600000, 0x0000000800000000)
  region size 2048K, 8 young (16384K), 1 survivors (2048K)
 Metaspace       used 26734K, committed 26880K, reserved 1114112K
  class space    used 2943K, committed 3008K, reserved 1048576K
}
Event: 5.963 GC heap after
{Heap after GC invocations=8 (full 0):
 garbage-first heap   total 49152K, used 19008K [0x0000000702600000, 0x0000000800000000)
  region size 2048K, 1 young (2048K), 1 survivors (2048K)
 Metaspace       used 26734K, committed 26880K, reserved 1114112K
  class space    used 2943K, committed 3008K, reserved 1048576K
}
Event: 6.510 GC heap before
{Heap before GC invocations=8 (full 0):
 garbage-first heap   total 49152K, used 33344K [0x0000000702600000, 0x0000000800000000)
  region size 2048K, 8 young (16384K), 1 survivors (2048K)
 Metaspace       used 29819K, committed 30080K, reserved 1114112K
  class space    used 3314K, committed 3456K, reserved 1048576K
}
Event: 6.514 GC heap after
{Heap after GC invocations=9 (full 0):
 garbage-first heap   total 49152K, used 20127K [0x0000000702600000, 0x0000000800000000)
  region size 2048K, 1 young (2048K), 1 survivors (2048K)
 Metaspace       used 29819K, committed 30080K, reserved 1114112K
  class space    used 3314K, committed 3456K, reserved 1048576K
}
Event: 6.832 GC heap before
{Heap before GC invocations=9 (full 0):
 garbage-first heap   total 49152K, used 32415K [0x0000000702600000, 0x0000000800000000)
  region size 2048K, 8 young (16384K), 1 survivors (2048K)
 Metaspace       used 32223K, committed 32448K, reserved 1114112K
  class space    used 3607K, committed 3712K, reserved 1048576K
}
Event: 6.835 GC heap after
{Heap after GC invocations=10 (full 0):
 garbage-first heap   total 49152K, used 20689K [0x0000000702600000, 0x0000000800000000)
  region size 2048K, 1 young (2048K), 1 survivors (2048K)
 Metaspace       used 32223K, committed 32448K, reserved 1114112K
  class space    used 3607K, committed 3712K, reserved 1048576K
}
Event: 7.020 GC heap before
{Heap before GC invocations=10 (full 0):
 garbage-first heap   total 49152K, used 24785K [0x0000000702600000, 0x0000000800000000)
  region size 2048K, 4 young (8192K), 1 survivors (2048K)
 Metaspace       used 33015K, committed 33280K, reserved 1114112K
  class space    used 3694K, committed 3840K, reserved 1048576K
}
Event: 7.023 GC heap after
{Heap after GC invocations=11 (full 0):
 garbage-first heap   total 49152K, used 21105K [0x0000000702600000, 0x0000000800000000)
  region size 2048K, 1 young (2048K), 1 survivors (2048K)
 Metaspace       used 33015K, committed 33280K, reserved 1114112K
  class space    used 3694K, committed 3840K, reserved 1048576K
}
Event: 11.445 GC heap before
{Heap before GC invocations=11 (full 0):
 garbage-first heap   total 49152K, used 39537K [0x0000000702600000, 0x0000000800000000)
  region size 2048K, 8 young (16384K), 1 survivors (2048K)
 Metaspace       used 34277K, committed 34496K, reserved 1114112K
  class space    used 3737K, committed 3840K, reserved 1048576K
}
Event: 11.451 GC heap after
{Heap after GC invocations=12 (full 0):
 garbage-first heap   total 155648K, used 31465K [0x0000000702600000, 0x0000000800000000)
  region size 2048K, 1 young (2048K), 1 survivors (2048K)
 Metaspace       used 34277K, committed 34496K, reserved 1114112K
  class space    used 3737K, committed 3840K, reserved 1048576K
}
Event: 31.881 GC heap before
{Heap before GC invocations=12 (full 0):
 garbage-first heap   total 155648K, used 72425K [0x0000000702600000, 0x0000000800000000)
  region size 2048K, 22 young (45056K), 1 survivors (2048K)
 Metaspace       used 34452K, committed 34688K, reserved 1114112K
  class space    used 3738K, committed 3840K, reserved 1048576K
}
Event: 31.906 GC heap after
{Heap after GC invocations=13 (full 1):
 garbage-first heap   total 90112K, used 23937K [0x0000000702600000, 0x0000000800000000)
  region size 2048K, 0 young (0K), 0 survivors (0K)
 Metaspace       used 34452K, committed 34688K, reserved 1114112K
  class space    used 3738K, committed 3840K, reserved 1048576K
}

Dll operation events (14 events):
Event: 0.012 Loaded shared library C:\Users\HP\.jdks\corretto-17.0.7\bin\java.dll
Event: 0.027 Loaded shared library C:\Users\HP\.jdks\corretto-17.0.7\bin\jsvml.dll
Event: 0.216 Loaded shared library C:\Users\HP\.jdks\corretto-17.0.7\bin\zip.dll
Event: 0.219 Loaded shared library C:\Users\HP\.jdks\corretto-17.0.7\bin\instrument.dll
Event: 0.227 Loaded shared library C:\Users\HP\.jdks\corretto-17.0.7\bin\net.dll
Event: 0.229 Loaded shared library C:\Users\HP\.jdks\corretto-17.0.7\bin\nio.dll
Event: 0.234 Loaded shared library C:\Users\HP\.jdks\corretto-17.0.7\bin\zip.dll
Event: 0.368 Loaded shared library C:\Program Files\JetBrains\IntelliJ IDEA Community Edition 2021.3.2\bin\breakgen64.dll
Event: 0.636 Loaded shared library C:\Users\HP\.jdks\corretto-17.0.7\bin\jimage.dll
Event: 0.640 Loaded shared library C:\Users\HP\.jdks\corretto-17.0.7\bin\awt.dll
Event: 1.753 Loaded shared library C:\Users\HP\.skiko\0de0d8dd8554d9bb66cfca3837db6514ff9b71080e998917280a3b777460a416\skiko-windows-x64.dll
Event: 2.283 Loaded shared library C:\Users\HP\.jdks\corretto-17.0.7\bin\freetype.dll
Event: 2.285 Loaded shared library C:\Users\HP\.jdks\corretto-17.0.7\bin\fontmanager.dll
Event: 6.348 Loaded shared library C:\Users\HP\AppData\Local\io-realm-kotlin\f7113120ba00ba1ff91d696eecd3919e85a4e34e\realmc.dll

Deoptimization events (20 events):
Event: 44.702 Thread 0x000002a06493d4d0 Uncommon trap: trap_request=0xffffffc6 fr.pc=0x000002a051065c88 relative=0x0000000000000068
Event: 44.702 Thread 0x000002a06493d4d0 Uncommon trap: reason=bimorphic_or_optimized_type_check action=maybe_recompile pc=0x000002a051065c88 method=kotlinx.coroutines.AbstractCoroutine.afterResume(Ljava/lang/Object;)V @ 2 c2
Event: 44.702 Thread 0x000002a06493d4d0 DEOPT PACKING pc=0x000002a051065c88 sp=0x000000c8761ff390
Event: 44.702 Thread 0x000002a06493d4d0 DEOPT UNPACKING pc=0x000002a050b069a3 sp=0x000000c8761ff318 mode 2
Event: 44.706 Thread 0x000002a06493bcc0 Uncommon trap: trap_request=0xffffffc6 fr.pc=0x000002a051065c88 relative=0x0000000000000068
Event: 44.706 Thread 0x000002a06493bcc0 Uncommon trap: reason=bimorphic_or_optimized_type_check action=maybe_recompile pc=0x000002a051065c88 method=kotlinx.coroutines.AbstractCoroutine.afterResume(Ljava/lang/Object;)V @ 2 c2
Event: 44.706 Thread 0x000002a06493bcc0 DEOPT PACKING pc=0x000002a051065c88 sp=0x000000c876aff250
Event: 44.707 Thread 0x000002a06493bcc0 DEOPT UNPACKING pc=0x000002a050b069a3 sp=0x000000c876aff1d8 mode 2
Event: 44.707 Thread 0x000002a06493b7f0 Uncommon trap: trap_request=0xffffffc6 fr.pc=0x000002a051065c88 relative=0x0000000000000068
Event: 44.707 Thread 0x000002a06493b7f0 Uncommon trap: reason=bimorphic_or_optimized_type_check action=maybe_recompile pc=0x000002a051065c88 method=kotlinx.coroutines.AbstractCoroutine.afterResume(Ljava/lang/Object;)V @ 2 c2
Event: 44.707 Thread 0x000002a06493b7f0 DEOPT PACKING pc=0x000002a051065c88 sp=0x000000c8769fe860
Event: 44.707 Thread 0x000002a06493b7f0 DEOPT UNPACKING pc=0x000002a050b069a3 sp=0x000000c8769fe7e8 mode 2
Event: 44.708 Thread 0x000002a06493b7f0 Uncommon trap: trap_request=0xffffff45 fr.pc=0x000002a05135d058 relative=0x0000000000000058
Event: 44.708 Thread 0x000002a06493b7f0 Uncommon trap: reason=unstable_if action=reinterpret pc=0x000002a05135d058 method=java.util.IdentityHashMap.isEmpty()Z @ 4 c2
Event: 44.708 Thread 0x000002a06493b7f0 DEOPT PACKING pc=0x000002a05135d058 sp=0x000000c8769fefc0
Event: 44.708 Thread 0x000002a06493b7f0 DEOPT UNPACKING pc=0x000002a050b069a3 sp=0x000000c8769fef50 mode 2
Event: 44.708 Thread 0x000002a06493b7f0 Uncommon trap: trap_request=0xffffffde fr.pc=0x000002a051177c74 relative=0x0000000000000074
Event: 44.708 Thread 0x000002a06493b7f0 Uncommon trap: reason=class_check action=maybe_recompile pc=0x000002a051177c74 method=java.util.Collections$UnmodifiableCollection.size()I @ 4 c2
Event: 44.708 Thread 0x000002a06493b7f0 DEOPT PACKING pc=0x000002a051177c74 sp=0x000000c8769fe260
Event: 44.708 Thread 0x000002a06493b7f0 DEOPT UNPACKING pc=0x000002a050b069a3 sp=0x000000c8769fe1f0 mode 2

Classes unloaded (0 events):
No events

Classes redefined (0 events):
No events

Internal exceptions (20 events):
Event: 1.226 Thread 0x000002a064d358a0 Exception <a 'java/lang/NoSuchMethodError'{0x000000071210e168}: 'java.lang.Object java.lang.invoke.DirectMethodHandle$Holder.invokeStaticInit(java.lang.Object, int, int, int, int)'> (0x000000071210e168) 
thrown [s\src\hotspot\share\interpreter\linkResolver.cpp, line 759]
Event: 1.337 Thread 0x000002a064d358a0 Exception <a 'java/lang/NoSuchMethodError'{0x00000007121dea48}: 'java.lang.Object java.lang.invoke.DirectMethodHandle$Holder.invokeStaticInit(java.lang.Object, java.lang.Object, int, int, int, int)'> (0x00000007121dea48) 
thrown [s\src\hotspot\share\interpreter\linkResolver.cpp, line 759]
Event: 1.476 Thread 0x000002a064d358a0 Exception <a 'java/lang/NoSuchMethodError'{0x0000000711d355f0}: 'double java.lang.invoke.DirectMethodHandle$Holder.invokeStatic(java.lang.Object, double)'> (0x0000000711d355f0) 
thrown [s\src\hotspot\share\interpreter\linkResolver.cpp, line 759]
Event: 1.477 Thread 0x000002a064d358a0 Exception <a 'java/lang/NoSuchMethodError'{0x0000000711d39050}: 'double java.lang.invoke.DirectMethodHandle$Holder.invokeStaticInit(java.lang.Object, double)'> (0x0000000711d39050) 
thrown [s\src\hotspot\share\interpreter\linkResolver.cpp, line 759]
Event: 1.496 Thread 0x000002a064d358a0 Exception <a 'java/lang/NoSuchMethodError'{0x0000000711d80fb8}: 'java.lang.Object java.lang.invoke.DirectMethodHandle$Holder.newInvokeSpecial(java.lang.Object, double)'> (0x0000000711d80fb8) 
thrown [s\src\hotspot\share\interpreter\linkResolver.cpp, line 759]
Event: 2.063 Thread 0x000002a064d358a0 Exception <a 'java/lang/NoSuchMethodError'{0x0000000710f96870}: 'void java.lang.invoke.DirectMethodHandle$Holder.invokeSpecial(java.lang.Object, java.lang.Object, java.lang.Object)'> (0x0000000710f96870) 
thrown [s\src\hotspot\share\interpreter\linkResolver.cpp, line 759]
Event: 2.079 Thread 0x000002a064d358a0 Exception <a 'java/lang/NoSuchMethodError'{0x0000000710fc0c78}: 'java.lang.Object java.lang.invoke.DirectMethodHandle$Holder.newInvokeSpecial(java.lang.Object, java.lang.Object, java.lang.Object, java.lang.Object, java.lang.Object)'> (0x0000000710fc0c78) 
thrown [s\src\hotspot\share\interpreter\linkResolver.cpp, line 759]
Event: 2.085 Thread 0x000002a064d358a0 Exception <a 'java/lang/NoSuchMethodError'{0x0000000710fcc8e8}: 'java.lang.Object java.lang.invoke.DirectMethodHandle$Holder.invokeStatic(java.lang.Object, int, java.lang.Object, java.lang.Object, java.lang.Object, java.lang.Object)'> (0x0000000710fcc8e8) 
thrown [s\src\hotspot\share\interpreter\linkResolver.cpp, line 759]
Event: 2.093 Thread 0x000002a064d358a0 Exception <a 'java/lang/NoSuchMethodError'{0x0000000710ff2350}: 'java.lang.Object java.lang.invoke.DirectMethodHandle$Holder.invokeStatic(java.lang.Object, int, java.lang.Object)'> (0x0000000710ff2350) 
thrown [s\src\hotspot\share\interpreter\linkResolver.cpp, line 759]
Event: 2.139 Thread 0x000002a064d358a0 Exception <a 'java/lang/ClassNotFoundException'{0x0000000710caec28}: com/sun/swing/internal/plaf/metal/resources/spi/metalProvider> (0x0000000710caec28) 
thrown [s\src\hotspot\share\classfile\systemDictionary.cpp, line 256]
Event: 2.141 Thread 0x000002a064d358a0 Exception <a 'java/lang/ClassNotFoundException'{0x0000000710cb2bc8}: com/sun/swing/internal/plaf/basic/resources/spi/basicProvider> (0x0000000710cb2bc8) 
thrown [s\src\hotspot\share\classfile\systemDictionary.cpp, line 256]
Event: 2.153 Thread 0x000002a064d358a0 Implicit null exception at 0x000002a05107da90 to 0x000002a05107de64
Event: 2.153 Thread 0x000002a064d358a0 Implicit null exception at 0x000002a051078f10 to 0x000002a0510792c8
Event: 2.182 Thread 0x000002a064d358a0 Exception <a 'java/lang/NoSuchMethodError'{0x0000000710dc4128}: 'void java.lang.invoke.DirectMethodHandle$Holder.invokeStatic(java.lang.Object, java.lang.Object, java.lang.Object)'> (0x0000000710dc4128) 
thrown [s\src\hotspot\share\interpreter\linkResolver.cpp, line 759]
Event: 2.278 Thread 0x000002a064d358a0 Exception <a 'java/lang/NoSuchMethodError'{0x000000071088ba58}: 'void java.lang.invoke.DirectMethodHandle$Holder.invokeStaticInit(java.lang.Object)'> (0x000000071088ba58) 
thrown [s\src\hotspot\share\interpreter\linkResolver.cpp, line 759]
Event: 2.547 Thread 0x000002a064d358a0 Exception <a 'java/lang/NoSuchMethodError'{0x0000000711f0b350}: 'int java.lang.invoke.DirectMethodHandle$Holder.invokeStaticInit(java.lang.Object, java.lang.Object, java.lang.Object)'> (0x0000000711f0b350) 
thrown [s\src\hotspot\share\interpreter\linkResolver.cpp, line 759]
Event: 3.129 Thread 0x000002a064bbe930 Exception <a 'java/lang/NoSuchMethodError'{0x0000000710800300}: 'void java.lang.invoke.DirectMethodHandle$Holder.invokeVirtual(java.lang.Object, java.lang.Object)'> (0x0000000710800300) 
thrown [s\src\hotspot\share\interpreter\linkResolver.cpp, line 759]
Event: 5.413 Thread 0x000002a064d358a0 Exception <a 'java/lang/NoSuchMethodError'{0x0000000704b96810}: 'int java.lang.invoke.DirectMethodHandle$Holder.invokeStaticInit(java.lang.Object, long, long)'> (0x0000000704b96810) 
thrown [s\src\hotspot\share\interpreter\linkResolver.cpp, line 759]
Event: 6.174 Thread 0x000002a064d358a0 Exception <a 'java/lang/NoSuchMethodError'{0x0000000704e2c4c8}: 'java.lang.Object java.lang.invoke.DirectMethodHandle$Holder.newInvokeSpecial(java.lang.Object, int, java.lang.Object)'> (0x0000000704e2c4c8) 
thrown [s\src\hotspot\share\interpreter\linkResolver.cpp, line 759]
Event: 8.466 Thread 0x000002a06941b9e0 Implicit null exception at 0x000002a0511a55c3 to 0x000002a0511a6248

VM Operations (20 events):
Event: 26.504 Executing VM operation: Cleanup
Event: 26.504 Executing VM operation: Cleanup done
Event: 27.515 Executing VM operation: Cleanup
Event: 27.515 Executing VM operation: Cleanup done
Event: 28.529 Executing VM operation: Cleanup
Event: 28.529 Executing VM operation: Cleanup done
Event: 30.545 Executing VM operation: Cleanup
Event: 30.545 Executing VM operation: Cleanup done
Event: 31.546 Executing VM operation: Cleanup
Event: 31.547 Executing VM operation: Cleanup done
Event: 31.881 Executing VM operation: G1CollectFull
Event: 31.907 Executing VM operation: G1CollectFull done
Event: 32.919 Executing VM operation: Cleanup
Event: 32.919 Executing VM operation: Cleanup done
Event: 36.953 Executing VM operation: Cleanup
Event: 36.953 Executing VM operation: Cleanup done
Event: 37.958 Executing VM operation: Cleanup
Event: 37.958 Executing VM operation: Cleanup done
Event: 41.992 Executing VM operation: Cleanup
Event: 41.992 Executing VM operation: Cleanup done

Events (20 events):
Event: 25.506 Thread 0x000002a0642de5f0 flushing nmethod 0x000002a049ff4f90
Event: 44.668 loading class jdk/internal/misc/Signal$1
Event: 44.668 loading class jdk/internal/misc/Signal$1 done
Event: 44.669 Thread 0x000002a064939640 Thread added: 0x000002a064939640
Event: 44.669 Thread 0x000002a064937e30 Thread added: 0x000002a064937e30
Event: 44.669 Thread 0x000002a064939b10 Thread added: 0x000002a064939b10
Event: 44.669 Thread 0x000002a06493b7f0 Thread added: 0x000002a06493b7f0
Event: 44.669 Thread 0x000002a06493bcc0 Thread added: 0x000002a06493bcc0
Event: 44.670 Thread 0x000002a064939b10 Thread exited: 0x000002a064939b10
Event: 44.699 Thread 0x000002a064bbe930 Thread exited: 0x000002a064bbe930
Event: 44.707 Thread 0x000002a06493d4d0 Thread exited: 0x000002a06493d4d0
Event: 44.707 loading class java/lang/Throwable$WrappedPrintStream
Event: 44.707 loading class java/lang/Throwable$PrintStreamOrWriter
Event: 44.707 loading class java/lang/Throwable$PrintStreamOrWriter done
Event: 44.707 loading class java/lang/Throwable$WrappedPrintStream done
Event: 44.708 loading class java/lang/StackTraceElement$HashedModules
Event: 44.708 loading class java/lang/StackTraceElement$HashedModules done
Event: 44.708 Thread 0x000002a069679b20 Thread exited: 0x000002a069679b20
Event: 44.709 Thread 0x000002a06493b7f0 Thread exited: 0x000002a06493b7f0
Event: 44.709 Thread 0x000002a06493bcc0 Thread exited: 0x000002a06493bcc0


Dynamic libraries:
0x00007ff7eeda0000 - 0x00007ff7eedad000 	C:\Users\HP\.jdks\corretto-17.0.7\bin\java.exe
0x00007ffee9b50000 - 0x00007ffee9d48000 	C:\Windows\SYSTEM32\ntdll.dll
0x00007ffee90d0000 - 0x00007ffee918f000 	C:\Windows\System32\KERNEL32.DLL
0x00007ffee7790000 - 0x00007ffee7a86000 	C:\Windows\System32\KERNELBASE.dll
0x00007ffee7410000 - 0x00007ffee7510000 	C:\Windows\System32\ucrtbase.dll
0x00007ffedbcc0000 - 0x00007ffedbcd7000 	C:\Users\HP\.jdks\corretto-17.0.7\bin\jli.dll
0x00007ffeced70000 - 0x00007ffeced85000 	C:\Users\HP\.jdks\corretto-17.0.7\bin\VCRUNTIME140.dll
0x00007ffee9970000 - 0x00007ffee9b0d000 	C:\Windows\System32\USER32.dll
0x00007ffee76c0000 - 0x00007ffee76e2000 	C:\Windows\System32\win32u.dll
0x00007ffee90a0000 - 0x00007ffee90cc000 	C:\Windows\System32\GDI32.dll
0x00007ffee7a90000 - 0x00007ffee7ba5000 	C:\Windows\System32\gdi32full.dll
0x00007ffee72c0000 - 0x00007ffee735d000 	C:\Windows\System32\msvcp_win.dll
0x00007ffecd150000 - 0x00007ffecd3ea000 	C:\Windows\WinSxS\amd64_microsoft.windows.common-controls_6595b64144ccf1df_6.0.19041.1110_none_60b5254171f9507e\COMCTL32.dll
0x00007ffee8310000 - 0x00007ffee83ae000 	C:\Windows\System32\msvcrt.dll
0x00007ffee8600000 - 0x00007ffee8630000 	C:\Windows\System32\IMM32.DLL
0x00007ffec1e20000 - 0x00007ffec1ebb000 	C:\Users\HP\.jdks\corretto-17.0.7\bin\msvcp140.dll
0x00007ffea5510000 - 0x00007ffea612a000 	C:\Users\HP\.jdks\corretto-17.0.7\bin\server\jvm.dll
0x00007ffee8630000 - 0x00007ffee86df000 	C:\Windows\System32\ADVAPI32.dll
0x00007ffee8560000 - 0x00007ffee85fc000 	C:\Windows\System32\sechost.dll
0x00007ffee7d70000 - 0x00007ffee7e96000 	C:\Windows\System32\RPCRT4.dll
0x00007ffee0fa0000 - 0x00007ffee0fa9000 	C:\Windows\SYSTEM32\WSOCK32.dll
0x00007ffee8e70000 - 0x00007ffee8edb000 	C:\Windows\System32\WS2_32.dll
0x00007ffecca00000 - 0x00007ffecca27000 	C:\Windows\SYSTEM32\WINMM.dll
0x00007ffedb320000 - 0x00007ffedb32a000 	C:\Windows\SYSTEM32\VERSION.dll
0x00007ffee5a20000 - 0x00007ffee5a32000 	C:\Windows\SYSTEM32\kernel.appcore.dll
0x00007ffedf290000 - 0x00007ffedf29a000 	C:\Users\HP\.jdks\corretto-17.0.7\bin\jimage.dll
0x00007ffee1f40000 - 0x00007ffee2124000 	C:\Windows\SYSTEM32\DBGHELP.DLL
0x00007ffecec70000 - 0x00007ffececa4000 	C:\Windows\SYSTEM32\dbgcore.DLL
0x00007ffee7230000 - 0x00007ffee72b2000 	C:\Windows\System32\bcryptPrimitives.dll
0x00007ffedf250000 - 0x00007ffedf25e000 	C:\Users\HP\.jdks\corretto-17.0.7\bin\instrument.dll
0x00007ffeca980000 - 0x00007ffeca9a5000 	C:\Users\HP\.jdks\corretto-17.0.7\bin\java.dll
0x00007ffebaa40000 - 0x00007ffebab16000 	C:\Users\HP\.jdks\corretto-17.0.7\bin\jsvml.dll
0x00007ffee9190000 - 0x00007ffee98d4000 	C:\Windows\System32\SHELL32.dll
0x00007ffee2130000 - 0x00007ffee28c4000 	C:\Windows\SYSTEM32\windows.storage.dll
0x00007ffee8890000 - 0x00007ffee8be4000 	C:\Windows\System32\combase.dll
0x00007ffee6ab0000 - 0x00007ffee6ade000 	C:\Windows\SYSTEM32\Wldp.dll
0x00007ffee8f90000 - 0x00007ffee903d000 	C:\Windows\System32\SHCORE.dll
0x00007ffee9040000 - 0x00007ffee9095000 	C:\Windows\System32\shlwapi.dll
0x00007ffee7160000 - 0x00007ffee7185000 	C:\Windows\SYSTEM32\profapi.dll
0x00007ffec7110000 - 0x00007ffec7128000 	C:\Users\HP\.jdks\corretto-17.0.7\bin\zip.dll
0x00007ffeca7f0000 - 0x00007ffeca809000 	C:\Users\HP\.jdks\corretto-17.0.7\bin\net.dll
0x00007ffed8570000 - 0x00007ffed867a000 	C:\Windows\SYSTEM32\WINHTTP.dll
0x00007ffee6890000 - 0x00007ffee68fa000 	C:\Windows\system32\mswsock.dll
0x00007ffec73c0000 - 0x00007ffec73d5000 	C:\Users\HP\.jdks\corretto-17.0.7\bin\nio.dll
0x00007ffedbfe0000 - 0x00007ffedbffa000 	C:\Program Files\JetBrains\IntelliJ IDEA Community Edition 2021.3.2\bin\breakgen64.dll
0x00007ffea90e0000 - 0x00007ffea9289000 	C:\Users\HP\.jdks\corretto-17.0.7\bin\awt.dll
0x00007ffee87c0000 - 0x00007ffee888d000 	C:\Windows\System32\OLEAUT32.dll
0x00007ffee0ec0000 - 0x00007ffee0f51000 	C:\Windows\SYSTEM32\apphelp.dll
0x00007ffee1180000 - 0x00007ffee121e000 	C:\Windows\system32\uxtheme.dll
0x00007ffee8440000 - 0x00007ffee8554000 	C:\Windows\System32\MSCTF.dll
0x00007ffee8c00000 - 0x00007ffee8d2a000 	C:\Windows\System32\ole32.dll
0x00007ffee1320000 - 0x00007ffee134f000 	C:\Windows\system32\DWMAPI.DLL
0x00007ffeb5d50000 - 0x00007ffeb5e75000 	C:\Windows\system32\opengl32.dll
0x00007ffeb67f0000 - 0x00007ffeb681c000 	C:\Windows\SYSTEM32\GLU32.dll
0x00007ffee6af0000 - 0x00007ffee6b08000 	C:\Windows\SYSTEM32\CRYPTSP.dll
0x00007ffee61d0000 - 0x00007ffee6204000 	C:\Windows\system32\rsaenh.dll
0x00007ffee7760000 - 0x00007ffee7787000 	C:\Windows\System32\bcrypt.dll
0x00007ffee7120000 - 0x00007ffee714e000 	C:\Windows\SYSTEM32\USERENV.dll
0x00007ffee6a20000 - 0x00007ffee6a2c000 	C:\Windows\SYSTEM32\CRYPTBASE.dll
0x00007ffee65a0000 - 0x00007ffee65dc000 	C:\Windows\SYSTEM32\IPHLPAPI.DLL
0x00007ffee7d60000 - 0x00007ffee7d68000 	C:\Windows\System32\NSI.dll
0x00007ffeda430000 - 0x00007ffeda447000 	C:\Windows\SYSTEM32\dhcpcsvc6.DLL
0x00007ffed8d80000 - 0x00007ffed8d9d000 	C:\Windows\SYSTEM32\dhcpcsvc.DLL
0x00007ffee65e0000 - 0x00007ffee66aa000 	C:\Windows\SYSTEM32\DNSAPI.dll
0x00007ffe9d3a0000 - 0x00007ffe9e3ec000 	C:\Users\HP\.skiko\0de0d8dd8554d9bb66cfca3837db6514ff9b71080e998917280a3b777460a416\skiko-windows-x64.dll
0x00007ffec1fc0000 - 0x00007ffec2043000 	C:\Users\HP\.jdks\corretto-17.0.7\bin\freetype.dll
0x00007ffeba390000 - 0x00007ffeba452000 	C:\Users\HP\.jdks\corretto-17.0.7\bin\fontmanager.dll
0x00007ffedf230000 - 0x00007ffedf237000 	C:\Users\HP\.jdks\corretto-17.0.7\bin\jawt.dll
0x00007ffee5a90000 - 0x00007ffee5b83000 	C:\Windows\SYSTEM32\Dxgi.dll
0x00007ffedbaf0000 - 0x00007ffedbb10000 	C:\Windows\SYSTEM32\D3D12.dll
0x00007ffea8ae0000 - 0x00007ffea8cad000 	C:\Windows\SYSTEM32\D3D12Core.dll
0x00007ffeda9e0000 - 0x00007ffedaa1b000 	C:\Windows\SYSTEM32\dxcore.dll
0x00007ffee7670000 - 0x00007ffee76be000 	C:\Windows\System32\cfgmgr32.dll
0x00007ffed4390000 - 0x00007ffed6fa9000 	C:\Windows\System32\DriverStore\FileRepository\igdlh64.inf_amd64_e6daaea9afe1e6f6\igc64.dll
0x00007ffe72ab0000 - 0x00007ffe73f83000 	C:\Windows\System32\DriverStore\FileRepository\igdlh64.inf_amd64_e6daaea9afe1e6f6\igd12umd64.dll
0x00007ffeda000000 - 0x00007ffeda257000 	C:\Windows\System32\DriverStore\FileRepository\igdlh64.inf_amd64_e6daaea9afe1e6f6\igdgmm64.dll
0x00007ffea4da0000 - 0x00007ffea51ab000 	C:\Windows\System32\DriverStore\FileRepository\igdlh64.inf_amd64_e6daaea9afe1e6f6\igdml64.dll
0x00007ffedba30000 - 0x00007ffedba5b000 	C:\Windows\SYSTEM32\D3DSCache.dll
0x00007ffe51780000 - 0x00007ffe55f82000 	C:\Windows\System32\DriverStore\FileRepository\igdlh64.inf_amd64_e6daaea9afe1e6f6\igd12dxva64.dll
0x00007ffee7ea0000 - 0x00007ffee830e000 	C:\Windows\System32\SETUPAPI.dll
0x00007ffe96bf0000 - 0x00007ffe96c17000 	C:\Windows\System32\DriverStore\FileRepository\igdlh64.inf_amd64_e6daaea9afe1e6f6\igdinfo64.dll
0x00007ffeddf50000 - 0x00007ffede157000 	C:\Windows\SYSTEM32\twinapi.appcore.dll
0x00007ffee8ee0000 - 0x00007ffee8f89000 	C:\Windows\System32\clbcatq.dll
0x00007ffe744c0000 - 0x00007ffe75492000 	C:\Windows\System32\DriverStore\FileRepository\igdlh64.inf_amd64_e6daaea9afe1e6f6\ig9icd64.dll
0x00007ffee7090000 - 0x00007ffee70db000 	C:\Windows\SYSTEM32\powrprof.dll
0x00007ffee7070000 - 0x00007ffee7082000 	C:\Windows\SYSTEM32\UMPDC.dll
0x00007ffed2250000 - 0x00007ffed24cf000 	C:\Windows\SYSTEM32\dwrite.dll
0x00007ffed3ec0000 - 0x00007ffed3fb9000 	C:\Windows\SYSTEM32\textinputframework.dll
0x00007ffee0460000 - 0x00007ffee07be000 	C:\Windows\System32\CoreUIComponents.dll
0x00007ffee0b40000 - 0x00007ffee0c32000 	C:\Windows\System32\CoreMessaging.dll
0x00007ffee62f0000 - 0x00007ffee6323000 	C:\Windows\SYSTEM32\ntmarta.dll
0x00007ffedf450000 - 0x00007ffedf5a4000 	C:\Windows\SYSTEM32\wintypes.dll
0x00007ffea2470000 - 0x00007ffea2d22000 	C:\Users\HP\AppData\Local\io-realm-kotlin\f7113120ba00ba1ff91d696eecd3919e85a4e34e\realmc.dll
0x00007ffee7510000 - 0x00007ffee766e000 	C:\Windows\System32\CRYPT32.dll

dbghelp: loaded successfully - version: 4.0.5 - missing functions: none
symbol engine: initialized successfully - sym options: 0x614 - pdb path: .;C:\Users\HP\.jdks\corretto-17.0.7\bin;C:\Windows\SYSTEM32;C:\Windows\WinSxS\amd64_microsoft.windows.common-controls_6595b64144ccf1df_6.0.19041.1110_none_60b5254171f9507e;C:\Users\HP\.jdks\corretto-17.0.7\bin\server;C:\Program Files\JetBrains\IntelliJ IDEA Community Edition 2021.3.2\bin;C:\Users\HP\.skiko\0de0d8dd8554d9bb66cfca3837db6514ff9b71080e998917280a3b777460a416;C:\Windows\System32\DriverStore\FileRepository\igdlh64.inf_amd64_e6daaea9afe1e6f6;C:\Users\HP\AppData\Local\io-realm-kotlin\f7113120ba00ba1ff91d696eecd3919e85a4e34e

VM Arguments:
jvm_args: -Djava.library.path=C:\Users\HP\Desktop\newderar\build\classes\kotlin\jvm\main;C:\Users\HP\Desktop\newderar\build\processedResources\jvm\main -javaagent:C:\Program Files\JetBrains\IntelliJ IDEA Community Edition 2021.3.2\lib\idea_rt.jar=51486:C:\Program Files\JetBrains\IntelliJ IDEA Community Edition 2021.3.2\bin -Dfile.encoding=UTF-8 
java_command: MainKt
java_class_path (initial): C:\Users\HP\Desktop\newderar\build\classes\kotlin\jvm\main;C:\Users\HP\Desktop\newderar\build\processedResources\jvm\main;C:\Users\HP\.gradle\caches\modules-2\files-2.1\io.insert-koin\koin-androidx-compose\3.4.5\ae0a88b7a68d507e651c5a3d70a541594bea54cb\koin-androidx-compose-3.4.5.aar;C:\Users\HP\.gradle\caches\modules-2\files-2.1\androidx.navigation\navigation-compose\2.6.0\3f8ce7b0bad21cced0c47b42b6347c65a6e422c3\navigation-compose-2.6.0.aar;C:\Users\HP\.gradle\caches\modules-2\files-2.1\org.jetbrains.kotlin\kotlin-stdlib-jdk8\1.8.21\67f57e154437cd9e6e9cf368394b95814836ff88\kotlin-stdlib-jdk8-1.8.21.jar;C:\Users\HP\.gradle\caches\modules-2\files-2.1\org.apache.poi\poi-ooxml\4.1.2\87d9a22aa9a7dd26e80c360e709f7ee02e32ab3b\poi-ooxml-4.1.2.jar;C:\Users\HP\.gradle\caches\modules-2\files-2.1\org.apache.poi\poi\4.1.2\964bf41cf68bce08e4ef6b2279b559fdf8d454f4\poi-4.1.2.jar;C:\Users\HP\.gradle\caches\modules-2\files-2.1\org.lwjgl\lwjgl-nfd\3.3.1\622318116996ddcff449b46cb38f0fdee39b8ac3\lwjgl-nfd-3.3.1.jar;C:\Users\HP\.gradle\caches\modules-2\files-2.1\org.lwjgl\lwjgl-nfd\3.3.1\2e007667e04ed3281152ae5c6e677fb1c2211691\lwjgl-nfd-3.3.1-natives-linux.jar;C:\Users\HP\.gradle\caches\modules-2\files-2.1\org.lwjgl\lwjgl\3.3.1\ae58664f88e18a9bb2c77b063833ca7aaec484cb\lwjgl-3.3.1.jar;C:\Users\HP\.gradle\caches\modules-2\files-2.1\io.insert-koin\koin-android\3.4.0\48715fbe06102a59a30bd45b06ed2400c16c6f45\koin-android-3.4.0.aar;C:\Users\HP\.gradle\caches\modules-2\files-2.1\org.lwjgl\lwjgl-nfd\3.3.1\b3e04e317f55dd738d8a345cdafd15b39f85a2ea\lwjgl-nfd-3.3.1-natives-linux-arm32.jar;C:\Users\HP\.gradle\caches\modules-2\files-2.1\androidx.lifecycle\lifecycle-viewmodel-compose\2.6.1\38cf3bb65ff3e0e5c3d63de2ebf5411d0898108c\lifecycle-viewmodel-compose-2.6.1.aar;C:\Users\HP\.gradle\caches\modules-2\files-2.1\org.lwjgl\lwjgl-nfd\3.3.1\f41dc62336f7ee4ab35705cfa440cc903d199165\lwjgl-nfd-3.3.1-natives-linux-arm64.jar;C:\Users\HP\.gradle\caches\modules-2\files-2.1\androi
Launcher Type: SUN_STANDARD

[Global flags]
     intx CICompilerCount                          = 3                                         {product} {ergonomic}
     uint ConcGCThreads                            = 1                                         {product} {ergonomic}
     uint G1ConcRefinementThreads                  = 4                                         {product} {ergonomic}
   size_t G1HeapRegionSize                         = 2097152                                   {product} {ergonomic}
    uintx GCDrainStackTargetSize                   = 64                                        {product} {ergonomic}
   size_t InitialHeapSize                          = 266338304                                 {product} {ergonomic}
   size_t MarkStackSize                            = 4194304                                   {product} {ergonomic}
   size_t MaxHeapSize                              = 4255121408                                {product} {ergonomic}
   size_t MaxNewSize                               = 2552233984                                {product} {ergonomic}
   size_t MinHeapDeltaBytes                        = 2097152                                   {product} {ergonomic}
   size_t MinHeapSize                              = 8388608                                   {product} {ergonomic}
    uintx NonNMethodCodeHeapSize                   = 5832780                                {pd product} {ergonomic}
    uintx NonProfiledCodeHeapSize                  = 122912730                              {pd product} {ergonomic}
    uintx ProfiledCodeHeapSize                     = 122912730                              {pd product} {ergonomic}
    uintx ReservedCodeCacheSize                    = 251658240                              {pd product} {ergonomic}
     bool SegmentedCodeCache                       = true                                      {product} {ergonomic}
   size_t SoftMaxHeapSize                          = 4255121408                             {manageable} {ergonomic}
     bool UseCompressedClassPointers               = true                           {product lp64_product} {ergonomic}
     bool UseCompressedOops                        = true                           {product lp64_product} {ergonomic}
     bool UseG1GC                                  = true                                      {product} {ergonomic}
     bool UseLargePagesIndividualAllocation        = false                                  {pd product} {ergonomic}

Logging:
Log output configuration:
 #0: stdout all=warning uptime,level,tags
 #1: stderr all=off uptime,level,tags

Environment Variables:
PATH=C:\Program Files\Common Files\Oracle\Java\javapath;C:\Program Files (x86)\Common Files\Oracle\Java\javapath;C:\Windows\system32;C:\Windows;C:\Windows\System32\Wbem;C:\Windows\System32\WindowsPowerShell\v1.0\;C:\Windows\System32\OpenSSH\;C:\xampp\php;C:\ProgramData\ComposerSetup\bin;C:\Program Files\nodejs\;C:\Program Files (x86)\Intel\Intel(R) Management Engine Components\DAL;C:\Program Files\Intel\Intel(R) Management Engine Components\DAL;C:\Program Files\Git\cmd;C:\Program Files\Fortect;C:\Users\HP\AppData\Local\Microsoft\WindowsApps;C:\Program Files\JetBrains\IntelliJ IDEA Community Edition 2021.3.2\bin;C:\Users\HP\AppData\Local\Programs\Microsoft VS Code\bin;C:\Users\HP\AppData\Local\JetBrains\Toolbox\scripts;C:\Users\HP\AppData\Local\GitHubDesktop\bin;C:\Users\HP\Desktop\camp\flutter_windows_3.7.6-stable\flutter\bin;C:\Users\HP\AppData\Roaming\Composer\vendor\bin;C:\Users\HP\AppData\Roaming\npm
USERNAME=HP
OS=Windows_NT
PROCESSOR_IDENTIFIER=Intel64 Family 6 Model 142 Stepping 9, GenuineIntel
TMP=C:\Users\HP\AppData\Local\Temp
TEMP=C:\Users\HP\AppData\Local\Temp



---------------  S Y S T E M  ---------------

OS:
 Windows 10 , 64 bit Build 19041 (10.0.19041.3155)
OS uptime: 2 days 13:40 hours
Hyper-V role detected

CPU: total 4 (initial active 4) (2 cores per cpu, 2 threads per core) family 6 model 142 stepping 9 microcode 0xf2, cx8, cmov, fxsr, ht, mmx, 3dnowpref, sse, sse2, sse3, ssse3, sse4.1, sse4.2, popcnt, lzcnt, tsc, tscinvbit, avx, avx2, aes, erms, clmul, bmi1, bmi2, rtm, adx, fma, vzeroupper, clflush, clflushopt, hv

Memory: 4k page, system-wide physical 16224M (5388M free)
TotalPageFile size 32096M (AvailPageFile size 19732M)
current process WorkingSet (physical memory assigned to process): 265M, peak: 310M
current process commit charge ("private bytes"): 294M, peak: 431M

vm_info: OpenJDK 64-Bit Server VM (17.0.7+7-LTS) for windows-amd64 JRE (17.0.7+7-LTS), built on Apr 14 2023 01:39:21 by "Administrator" with MS VC++ 15.9 (VS2017)

END.
