#
# A fatal error has been detected by the Java Runtime Environment:
#
#  EXCEPTION_ACCESS_VIOLATION (0xc0000005) at pc=0x00007ffe5e3febe3, pid=7776, tid=17712
#
# JRE version: OpenJDK Runtime Environment Corretto-17.0.7.7.1 (17.0.7+7) (build 17.0.7+7-LTS)
# Java VM: OpenJDK 64-Bit Server VM Corretto-17.0.7.7.1 (17.0.7+7-LTS, mixed mode, sharing, tiered, compressed oops, compressed class ptrs, g1 gc, windows-amd64)
# Problematic frame:
# C  [ig9icd64.dll+0x9bebe3]
#
# No core dump will be written. Minidumps are not enabled by default on client versions of Windows
#
# If you would like to submit a bug report, please visit:
#   https://github.com/corretto/corretto-17/issues/
# The crash happened outside the Java Virtual Machine in native code.
# See problematic frame for where to report the bug.
#

---------------  S U M M A R Y ------------

Command Line: -Djava.library.path=C:\Users\HP\Desktop\newderar\build\classes\kotlin\jvm\main;C:\Users\HP\Desktop\newderar\build\processedResources\jvm\main -javaagent:C:\Program Files\JetBrains\IntelliJ IDEA Community Edition 2021.3.2\lib\idea_rt.jar=59549:C:\Program Files\JetBrains\IntelliJ IDEA Community Edition 2021.3.2\bin -Dfile.encoding=UTF-8 MainKt

Host: Intel(R) Core(TM) i5-7300U CPU @ 2.60GHz, 4 cores, 15G,  Windows 10 , 64 bit Build 19041 (10.0.19041.3155)
Time: Sun Jul  9 01:14:37 2023 Libya Standard Time elapsed time: 26.417912 seconds (0d 0h 0m 26s)

---------------  T H R E A D  ---------------

Current thread (0x000002117f9a0020):  JavaThread "AWT-EventQueue-0" [_thread_in_native, id=17712, stack(0x0000008ed4100000,0x0000008ed4200000)]

Stack: [0x0000008ed4100000,0x0000008ed4200000],  sp=0x0000008ed41fc818,  free space=1010k
Native frames: (J=compiled Java code, j=interpreted, Vv=VM code, C=native code)
C  [ig9icd64.dll+0x9bebe3]

Java frames: (J=compiled Java code, j=interpreted, Vv=VM code)
J 5603  org.jetbrains.skia.DirectContextKt.DirectContext_nFlush(J)V (0 bytes) @ 0x0000021107dc4169 [0x0000021107dc4120+0x0000000000000049]
J 5602 c1 org.jetbrains.skiko.context.ContextHandler.flush()V (17 bytes) @ 0x0000021100b843dc [0x0000021100b84260+0x000000000000017c]
J 5592 c1 org.jetbrains.skiko.context.ContextHandler.draw()V (91 bytes) @ 0x0000021100b7a1e4 [0x0000021100b796e0+0x0000000000000b04]
J 5625 c1 org.jetbrains.skiko.redrawer.WindowsOpenGLRedrawer.draw()V (288 bytes) @ 0x0000021100b90abc [0x0000021100b903a0+0x000000000000071c]
J 5328 c1 org.jetbrains.skiko.redrawer.WindowsOpenGLRedrawer$Companion$frameDispatcher$1.invokeSuspend(Ljava/lang/Object;)Ljava/lang/Object; (379 bytes) @ 0x0000021100afd0f4 [0x0000021100afbd80+0x0000000000001374]
J 5622 c1 org.jetbrains.skiko.redrawer.WindowsOpenGLRedrawer$Companion$frameDispatcher$1.invoke(Ljava/lang/Object;)Ljava/lang/Object; (9 bytes) @ 0x0000021100b8fb04 [0x0000021100b8f5a0+0x0000000000000564]
J 5320 c1 org.jetbrains.skiko.FrameDispatcher$job$1.invokeSuspend(Ljava/lang/Object;)Ljava/lang/Object; (156 bytes) @ 0x0000021100af6a44 [0x0000021100af60a0+0x00000000000009a4]
J 5226 c2 kotlin.coroutines.jvm.internal.BaseContinuationImpl.resumeWith(Ljava/lang/Object;)V (128 bytes) @ 0x0000021107d58f00 [0x0000021107d58ea0+0x0000000000000060]
J 5409 c2 kotlinx.coroutines.DispatchedTask.run()V (571 bytes) @ 0x0000021107d8b1ac [0x0000021107d8ae20+0x000000000000038c]
J 5661 c2 java.awt.EventQueue.dispatchEvent(Ljava/awt/AWTEvent;)V java.desktop@17.0.7 (80 bytes) @ 0x0000021107de0220 [0x0000021107ddfbe0+0x0000000000000640]
J 5668 c2 java.awt.EventDispatchThread.pumpOneEventForFilters(I)V java.desktop@17.0.7 (113 bytes) @ 0x0000021107de6bac [0x0000021107de64c0+0x00000000000006ec]
j  java.awt.EventDispatchThread.pumpEventsForFilter(ILjava/awt/Conditional;Ljava/awt/EventFilter;)V+35 java.desktop@17.0.7
j  java.awt.EventDispatchThread.pumpEventsForHierarchy(ILjava/awt/Conditional;Ljava/awt/Component;)V+11 java.desktop@17.0.7
j  java.awt.EventDispatchThread.pumpEvents(ILjava/awt/Conditional;)V+4 java.desktop@17.0.7
j  java.awt.EventDispatchThread.pumpEvents(Ljava/awt/Conditional;)V+3 java.desktop@17.0.7
j  java.awt.EventDispatchThread.run()V+9 java.desktop@17.0.7
v  ~StubRoutines::call_stub

siginfo: EXCEPTION_ACCESS_VIOLATION (0xc0000005), reading address 0xffffffffffffffff


Register to memory mapping:

RIP=0x00007ffe5e3febe3 ig9icd64.dll
RAX=0x000000000fff0fff is an unknown value
RBX=0x00007ffe5da40000 ig9icd64.dll
RCX=0x000000033fcf3fcc is an unknown value
RDX=0x0000008ed41fcd30 is pointing into the stack for thread: 0x000002117f9a0020
RSP=0x0000008ed41fc818 is pointing into the stack for thread: 0x000002117f9a0020
RBP=0x0000008ed41fc920 is pointing into the stack for thread: 0x000002117f9a0020
RSI=0x0000021115120080 points into unknown readable memory: 0x000002111547de40 | 40 de 47 15 11 02 00 00
RDI=0x0000008ed41fcb20 is pointing into the stack for thread: 0x000002117f9a0020
R8 =0x0000008ed41fc950 is pointing into the stack for thread: 0x000002117f9a0020
R9 =0x0000008ed41fcd30 is pointing into the stack for thread: 0x000002117f9a0020
R10=0x0000008ed41fcb20 is pointing into the stack for thread: 0x000002117f9a0020
R11=0x0 is NULL
R12=0x00007ffe5e8715e0 ig9icd64.dll
R13=0x0 is NULL
R14=0x0 is NULL
R15=0x00000000000001c1 is an unknown value


Registers:
RAX=0x000000000fff0fff, RBX=0x00007ffe5da40000, RCX=0x000000033fcf3fcc, RDX=0x0000008ed41fcd30
RSP=0x0000008ed41fc818, RBP=0x0000008ed41fc920, RSI=0x0000021115120080, RDI=0x0000008ed41fcb20
R8 =0x0000008ed41fc950, R9 =0x0000008ed41fcd30, R10=0x0000008ed41fcb20, R11=0x0000000000000000
R12=0x00007ffe5e8715e0, R13=0x0000000000000000, R14=0x0000000000000000, R15=0x00000000000001c1
RIP=0x00007ffe5e3febe3, EFLAGS=0x0000000000010206

Top of Stack: (sp=0x0000008ed41fc818)
0x0000008ed41fc818:   00007ffe5e3fc31b 0000000000000001
0x0000008ed41fc828:   0000000000000000 0000021115e79600
0x0000008ed41fc838:   00007ffeda002622 0000008e00000065
0x0000008ed41fc848:   0000008ed41fca50 0000000000000000
0x0000008ed41fc858:   00000211155aec10 0000000000000000
0x0000008ed41fc868:   000002111577a640 0000021115e79610
0x0000008ed41fc878:   0000000000001100 0000000000000000
0x0000008ed41fc888:   0000000000000000 0000008ed41fca00
0x0000008ed41fc898:   00007ffe5e0979c0 0000000000000000
0x0000008ed41fc8a8:   0000000000000000 0000000000000000
0x0000008ed41fc8b8:   0000000000000000 00000a7592fbf50f
0x0000008ed41fc8c8:   00007ffe5da56555 0000021115e79610
0x0000008ed41fc8d8:   0000000000004001 0000000000000000
0x0000008ed41fc8e8:   00007ffee9b7b86b 000000000128033f
0x0000008ed41fc8f8:   00000000000000dd 0000021114197930
0x0000008ed41fc908:   0000000000000000 0000000000000000 

Instructions: (pc=0x00007ffe5e3febe3)
0x00007ffe5e3feae3:   c1 75 31 00 48 89 51 08 48 89 01 8b 44 24 28 89
0x00007ffe5e3feaf3:   41 20 8b 44 24 30 89 41 24 48 8b c1 4c 89 41 10
0x00007ffe5e3feb03:   4c 89 49 18 c3 cc cc cc cc cc cc cc cc 48 89 5c
0x00007ffe5e3feb13:   24 08 8b 41 5c 48 8d 1d e1 14 64 ff 41 89 40 08
0x00007ffe5e3feb23:   4c 8b d1 8b 41 60 45 33 db 41 89 40 0c 4c 8b ca
0x00007ffe5e3feb33:   8b 41 64 41 89 40 10 8b 41 68 41 89 40 14 8b 41
0x00007ffe5e3feb43:   6c 41 89 40 18 8b 41 70 41 89 40 1c 48 63 41 74
0x00007ffe5e3feb53:   48 6b c8 34 8b 84 19 44 d1 ee 00 41 89 40 20 8b
0x00007ffe5e3feb63:   84 19 48 d1 ee 00 41 89 40 24 8b 84 19 4c d1 ee
0x00007ffe5e3feb73:   00 41 89 40 28 8b 84 19 50 d1 ee 00 41 89 40 2c
0x00007ffe5e3feb83:   8b 84 19 34 d1 ee 00 41 89 40 30 8b 84 19 38 d1
0x00007ffe5e3feb93:   ee 00 41 89 40 34 8b 84 19 3c d1 ee 00 41 89 40
0x00007ffe5e3feba3:   38 8b 84 19 40 d1 ee 00 41 89 40 3c 8b 84 19 24
0x00007ffe5e3febb3:   d1 ee 00 41 89 40 40 8b 84 19 28 d1 ee 00 41 89
0x00007ffe5e3febc3:   40 44 8b 84 19 2c d1 ee 00 41 89 40 48 8b 84 19
0x00007ffe5e3febd3:   30 d1 ee 00 41 89 40 4c 49 63 42 78 48 6b c8 34
0x00007ffe5e3febe3:   8b 84 19 44 d1 ee 00 41 89 40 50 8b 84 19 48 d1
0x00007ffe5e3febf3:   ee 00 41 89 40 54 8b 84 19 4c d1 ee 00 41 89 40
0x00007ffe5e3fec03:   58 8b 84 19 50 d1 ee 00 41 89 40 5c 8b 84 19 34
0x00007ffe5e3fec13:   d1 ee 00 41 89 40 60 8b 84 19 38 d1 ee 00 41 89
0x00007ffe5e3fec23:   40 64 8b 84 19 3c d1 ee 00 41 89 40 68 8b 84 19
0x00007ffe5e3fec33:   40 d1 ee 00 41 89 40 6c 8b 84 19 24 d1 ee 00 41
0x00007ffe5e3fec43:   89 40 70 8b 84 19 28 d1 ee 00 41 89 40 74 8b 84
0x00007ffe5e3fec53:   19 2c d1 ee 00 41 89 40 78 8b 84 19 30 d1 ee 00
0x00007ffe5e3fec63:   41 89 40 7c 48 8b 42 18 8b 88 38 0b 00 00 f6 c1
0x00007ffe5e3fec73:   08 0f 84 86 00 00 00 8b 80 3c 0b 00 00 41 89 80
0x00007ffe5e3fec83:   80 00 00 00 48 8b 42 18 8b 88 40 0b 00 00 41 89
0x00007ffe5e3fec93:   88 84 00 00 00 48 8b 42 18 8b 88 44 0b 00 00 41
0x00007ffe5e3feca3:   89 88 88 00 00 00 48 8b 42 18 8b 88 48 0b 00 00
0x00007ffe5e3fecb3:   41 89 88 8c 00 00 00 48 8b 42 18 8b 88 4c 0b 00
0x00007ffe5e3fecc3:   00 41 89 88 90 00 00 00 48 8b 42 18 8b 88 50 0b
0x00007ffe5e3fecd3:   00 00 41 89 88 94 00 00 00 48 8b 42 18 8b 88 54 


Stack slot to memory mapping:
stack at sp + 0 slots: 0x00007ffe5e3fc31b ig9icd64.dll
stack at sp + 1 slots: 0x0000000000000001 is an unknown value
stack at sp + 2 slots: 0x0 is NULL
stack at sp + 3 slots: 0x0000021115e79600 points into unknown readable memory: 0x0000000000000000 | 00 00 00 00 00 00 00 00
stack at sp + 4 slots: 0x00007ffeda002622 igdgmm64.dll
stack at sp + 5 slots: 0x0000008e00000065 is an unknown value
stack at sp + 6 slots: 0x0000008ed41fca50 is pointing into the stack for thread: 0x000002117f9a0020
stack at sp + 7 slots: 0x0 is NULL


---------------  P R O C E S S  ---------------

Threads class SMR info:
_java_thread_list=0x0000021122b704c0, length=27, elements={
0x000002116baa5940, 0x000002117f153ea0, 0x000002117f154d10, 0x000002117f167380,
0x000002117f16bf40, 0x000002117f1711e0, 0x000002117f16ea00, 0x000002117f1700f0,
0x000002117f288090, 0x000002117f17ae00, 0x000002117f37e8a0, 0x000002117f6267d0,
0x000002117f6274b0, 0x000002117fc7fd20, 0x000002117fc80670, 0x000002117f9a0020,
0x000002117fe6d770, 0x000002111353a580, 0x0000021113428940, 0x00000211134292e0,
0x0000021113428470, 0x000002111342aaf0, 0x000002111342a620, 0x0000021113eeb0b0,
0x0000021113ee7220, 0x0000021113eebf20, 0x0000021113ee5ee0
}

Java Threads: ( => current thread )
  0x000002116baa5940 JavaThread "main" [_thread_blocked, id=20388, stack(0x0000008ed2600000,0x0000008ed2700000)]
  0x000002117f153ea0 JavaThread "Reference Handler" daemon [_thread_blocked, id=17420, stack(0x0000008ed2d00000,0x0000008ed2e00000)]
  0x000002117f154d10 JavaThread "Finalizer" daemon [_thread_blocked, id=4884, stack(0x0000008ed2e00000,0x0000008ed2f00000)]
  0x000002117f167380 JavaThread "Signal Dispatcher" daemon [_thread_blocked, id=9900, stack(0x0000008ed2f00000,0x0000008ed3000000)]
  0x000002117f16bf40 JavaThread "Attach Listener" daemon [_thread_blocked, id=20756, stack(0x0000008ed3000000,0x0000008ed3100000)]
  0x000002117f1711e0 JavaThread "Service Thread" daemon [_thread_blocked, id=13196, stack(0x0000008ed3100000,0x0000008ed3200000)]
  0x000002117f16ea00 JavaThread "Monitor Deflation Thread" daemon [_thread_blocked, id=20316, stack(0x0000008ed3200000,0x0000008ed3300000)]
  0x000002117f1700f0 JavaThread "C2 CompilerThread0" daemon [_thread_blocked, id=3676, stack(0x0000008ed3300000,0x0000008ed3400000)]
  0x000002117f288090 JavaThread "C1 CompilerThread0" daemon [_thread_blocked, id=18404, stack(0x0000008ed3400000,0x0000008ed3500000)]
  0x000002117f17ae00 JavaThread "Sweeper thread" daemon [_thread_blocked, id=20124, stack(0x0000008ed3500000,0x0000008ed3600000)]
  0x000002117f37e8a0 JavaThread "Common-Cleaner" daemon [_thread_blocked, id=12544, stack(0x0000008ed3600000,0x0000008ed3700000)]
  0x000002117f6267d0 JavaThread "Monitor Ctrl-Break" daemon [_thread_in_native, id=12856, stack(0x0000008ed3800000,0x0000008ed3900000)]
  0x000002117f6274b0 JavaThread "Notification Thread" daemon [_thread_blocked, id=16840, stack(0x0000008ed3900000,0x0000008ed3a00000)]
  0x000002117fc7fd20 JavaThread "Java2D Disposer" daemon [_thread_blocked, id=5460, stack(0x0000008ed3e00000,0x0000008ed3f00000)]
  0x000002117fc80670 JavaThread "AWT-Shutdown" [_thread_blocked, id=20420, stack(0x0000008ed3f00000,0x0000008ed4000000)]
=>0x000002117f9a0020 JavaThread "AWT-EventQueue-0" [_thread_in_native, id=17712, stack(0x0000008ed4100000,0x0000008ed4200000)]
  0x000002117fe6d770 JavaThread "Reference Cleaner" daemon [_thread_blocked, id=4292, stack(0x0000008ed4200000,0x0000008ed4300000)]
  0x000002111353a580 JavaThread "DefaultDispatcher-worker-1" daemon [_thread_blocked, id=12756, stack(0x0000008ed4300000,0x0000008ed4400000)]
  0x0000021113428940 JavaThread "DefaultDispatcher-worker-2" daemon [_thread_blocked, id=16288, stack(0x0000008ed4400000,0x0000008ed4500000)]
  0x00000211134292e0 JavaThread "DefaultDispatcher-worker-3" daemon [_thread_blocked, id=18972, stack(0x0000008ed4500000,0x0000008ed4600000)]
  0x0000021113428470 JavaThread "kotlinx.coroutines.DefaultExecutor" daemon [_thread_blocked, id=7768, stack(0x0000008ed4600000,0x0000008ed4700000)]
  0x000002111342aaf0 JavaThread "TimerQueue" daemon [_thread_blocked, id=17404, stack(0x0000008ed4a00000,0x0000008ed4b00000)]
  0x000002111342a620 JavaThread "RealmFinalizingDaemon" daemon [_thread_blocked, id=12028, stack(0x0000008ed4d00000,0x0000008ed4e00000)]
  0x0000021113eeb0b0 JavaThread "core-notifier" daemon [_thread_in_native, id=13144, stack(0x0000008ed4f00000,0x0000008ed5000000)]
  0x0000021113ee7220 JavaThread "DefaultDispatcher-worker-4" daemon [_thread_blocked, id=19700, stack(0x0000008ed4b00000,0x0000008ed4c00000)]
  0x0000021113eebf20 JavaThread "DefaultDispatcher-worker-5" daemon [_thread_blocked, id=6544, stack(0x0000008ed5100000,0x0000008ed5200000)]
  0x0000021113ee5ee0 JavaThread "SIGINT handler" daemon [_thread_blocked, id=20040, stack(0x0000008ed5200000,0x0000008ed5300000)]

Other Threads:
  0x000002117f14cf00 VMThread "VM Thread" [stack: 0x0000008ed2c00000,0x0000008ed2d00000] [id=3092]
  0x000002116baa68f0 WatcherThread [stack: 0x0000008ed3a00000,0x0000008ed3b00000] [id=18556]
  0x000002116bb0fad0 GCTaskThread "GC Thread#0" [stack: 0x0000008ed2700000,0x0000008ed2800000] [id=4948]
  0x000002117f95d9b0 GCTaskThread "GC Thread#1" [stack: 0x0000008ed3b00000,0x0000008ed3c00000] [id=20340]
  0x000002117f5533f0 GCTaskThread "GC Thread#2" [stack: 0x0000008ed3c00000,0x0000008ed3d00000] [id=7692]
  0x000002117fb47140 GCTaskThread "GC Thread#3" [stack: 0x0000008ed3d00000,0x0000008ed3e00000] [id=9684]
  0x000002116bb207a0 ConcurrentGCThread "G1 Main Marker" [stack: 0x0000008ed2800000,0x0000008ed2900000] [id=19808]
  0x000002116bb211b0 ConcurrentGCThread "G1 Conc#0" [stack: 0x0000008ed2900000,0x0000008ed2a00000] [id=21076]
  0x000002116bb5e5b0 ConcurrentGCThread "G1 Refine#0" [stack: 0x0000008ed2a00000,0x0000008ed2b00000] [id=9328]
  0x000002117f0040e0 ConcurrentGCThread "G1 Service" [stack: 0x0000008ed2b00000,0x0000008ed2c00000] [id=7284]

Threads with active compile tasks:

VM state: not at safepoint (normal execution)

VM Mutex/Monitor currently owned by a thread: None

Heap address: 0x0000000702600000, size: 4058 MB, Compressed Oops mode: Zero based, Oop shift amount: 3

CDS archive(s) mapped at: [0x0000000800000000-0x0000000800bc0000-0x0000000800bc0000), size 12320768, SharedBaseAddress: 0x0000000800000000, ArchiveRelocationMode: 0.
Compressed class space mapped at: 0x0000000801000000-0x0000000841000000, reserved size: 1073741824
Narrow klass base: 0x0000000800000000, Narrow klass shift: 0, Narrow klass range: 0x100000000

GC Precious Log:
 CPUs: 4 total, 4 available
 Memory: 16224M
 Large Page Support: Disabled
 NUMA Support: Disabled
 Compressed Oops: Enabled (Zero based)
 Heap Region Size: 2M
 Heap Min Capacity: 8M
 Heap Initial Capacity: 254M
 Heap Max Capacity: 4058M
 Pre-touch: Disabled
 Parallel Workers: 4
 Concurrent Workers: 1
 Concurrent Refinement Workers: 4
 Periodic GC: Disabled

Heap:
 garbage-first heap   total 155648K, used 66262K [0x0000000702600000, 0x0000000800000000)
  region size 2048K, 20 young (40960K), 2 survivors (4096K)
 Metaspace       used 34646K, committed 34816K, reserved 1114112K
  class space    used 3739K, committed 3840K, reserved 1048576K

Heap Regions: E=young(eden), S=young(survivor), O=old, HS=humongous(starts), HC=humongous(continues), CS=collection set, F=free, OA=open archive, CA=closed archive, TAMS=top-at-mark-start (previous, next)
|   0|0x0000000702600000, 0x0000000702800000, 0x0000000702800000|100%|HS|  |TAMS 0x0000000702800000, 0x0000000702600000| Complete 
|   1|0x0000000702800000, 0x0000000702a00000, 0x0000000702a00000|100%| O|  |TAMS 0x0000000702a00000, 0x0000000702800000| Untracked 
|   2|0x0000000702a00000, 0x0000000702c00000, 0x0000000702c00000|100%| O|  |TAMS 0x0000000702c00000, 0x0000000702a00000| Untracked 
|   3|0x0000000702c00000, 0x0000000702d0fa00, 0x0000000702e00000| 53%| O|  |TAMS 0x0000000702c00000, 0x0000000702c00000| Untracked 
|   4|0x0000000702e00000, 0x0000000702e00000, 0x0000000703000000|  0%| F|  |TAMS 0x0000000702e00000, 0x0000000702e00000| Untracked 
|   5|0x0000000703000000, 0x0000000703000000, 0x0000000703200000|  0%| F|  |TAMS 0x0000000703000000, 0x0000000703000000| Untracked 
|   6|0x0000000703200000, 0x0000000703200000, 0x0000000703400000|  0%| F|  |TAMS 0x0000000703200000, 0x0000000703200000| Untracked 
|   7|0x0000000703400000, 0x0000000703600000, 0x0000000703600000|100%|HS|  |TAMS 0x0000000703400000, 0x0000000703400000| Complete 
|   8|0x0000000703600000, 0x0000000703800000, 0x0000000703800000|100%|HC|  |TAMS 0x0000000703600000, 0x0000000703600000| Complete 
|   9|0x0000000703800000, 0x0000000703a00000, 0x0000000703a00000|100%|HC|  |TAMS 0x0000000703800000, 0x0000000703800000| Complete 
|  10|0x0000000703a00000, 0x0000000703c00000, 0x0000000703c00000|100%| O|  |TAMS 0x0000000703a00000, 0x0000000703a00000| Untracked 
|  11|0x0000000703c00000, 0x0000000703e00000, 0x0000000703e00000|100%| O|  |TAMS 0x0000000703c00000, 0x0000000703c00000| Untracked 
|  12|0x0000000703e00000, 0x0000000704000000, 0x0000000704000000|100%| O|  |TAMS 0x0000000703e00000, 0x0000000703e00000| Untracked 
|  13|0x0000000704000000, 0x0000000704000000, 0x0000000704200000|  0%| F|  |TAMS 0x0000000704000000, 0x0000000704000000| Untracked 
|  14|0x0000000704200000, 0x0000000704200000, 0x0000000704400000|  0%| F|  |TAMS 0x0000000704200000, 0x0000000704200000| Untracked 
|  15|0x0000000704400000, 0x0000000704400000, 0x0000000704600000|  0%| F|  |TAMS 0x0000000704400000, 0x0000000704400000| Untracked 
|  16|0x0000000704600000, 0x0000000704600000, 0x0000000704800000|  0%| F|  |TAMS 0x0000000704600000, 0x0000000704600000| Untracked 
|  17|0x0000000704800000, 0x0000000704a00000, 0x0000000704a00000|100%|HS|  |TAMS 0x0000000704800000, 0x0000000704800000| Complete 
|  18|0x0000000704a00000, 0x0000000704c00000, 0x0000000704c00000|100%|HC|  |TAMS 0x0000000704a00000, 0x0000000704a00000| Complete 
|  19|0x0000000704c00000, 0x0000000704e00000, 0x0000000704e00000|100%|HC|  |TAMS 0x0000000704c00000, 0x0000000704c00000| Complete 
|  20|0x0000000704e00000, 0x0000000705000000, 0x0000000705000000|100%|HC|  |TAMS 0x0000000704e00000, 0x0000000704e00000| Complete 
|  21|0x0000000705000000, 0x0000000705000000, 0x0000000705200000|  0%| F|  |TAMS 0x0000000705000000, 0x0000000705000000| Untracked 
|  22|0x0000000705200000, 0x0000000705200000, 0x0000000705400000|  0%| F|  |TAMS 0x0000000705200000, 0x0000000705200000| Untracked 
|  23|0x0000000705400000, 0x0000000705400000, 0x0000000705600000|  0%| F|  |TAMS 0x0000000705400000, 0x0000000705400000| Untracked 
|  24|0x0000000705600000, 0x0000000705600000, 0x0000000705800000|  0%| F|  |TAMS 0x0000000705600000, 0x0000000705600000| Untracked 
|  25|0x0000000705800000, 0x0000000705800000, 0x0000000705a00000|  0%| F|  |TAMS 0x0000000705800000, 0x0000000705800000| Untracked 
|  26|0x0000000705a00000, 0x0000000705a00000, 0x0000000705c00000|  0%| F|  |TAMS 0x0000000705a00000, 0x0000000705a00000| Untracked 
|  27|0x0000000705c00000, 0x0000000705c00000, 0x0000000705e00000|  0%| F|  |TAMS 0x0000000705c00000, 0x0000000705c00000| Untracked 
|  28|0x0000000705e00000, 0x0000000705e00000, 0x0000000706000000|  0%| F|  |TAMS 0x0000000705e00000, 0x0000000705e00000| Untracked 
|  29|0x0000000706000000, 0x0000000706000000, 0x0000000706200000|  0%| F|  |TAMS 0x0000000706000000, 0x0000000706000000| Untracked 
|  30|0x0000000706200000, 0x00000007063a61c8, 0x0000000706400000| 82%| S|CS|TAMS 0x0000000706200000, 0x0000000706200000| Complete 
|  31|0x0000000706400000, 0x0000000706600000, 0x0000000706600000|100%| S|CS|TAMS 0x0000000706400000, 0x0000000706400000| Complete 
|  32|0x0000000706600000, 0x0000000706600000, 0x0000000706800000|  0%| F|  |TAMS 0x0000000706600000, 0x0000000706600000| Untracked 
|  33|0x0000000706800000, 0x0000000706800000, 0x0000000706a00000|  0%| F|  |TAMS 0x0000000706800000, 0x0000000706800000| Untracked 
|  34|0x0000000706a00000, 0x0000000706a00000, 0x0000000706c00000|  0%| F|  |TAMS 0x0000000706a00000, 0x0000000706a00000| Untracked 
|  35|0x0000000706c00000, 0x0000000706c00000, 0x0000000706e00000|  0%| F|  |TAMS 0x0000000706c00000, 0x0000000706c00000| Untracked 
|  36|0x0000000706e00000, 0x0000000706e00000, 0x0000000707000000|  0%| F|  |TAMS 0x0000000706e00000, 0x0000000706e00000| Untracked 
|  37|0x0000000707000000, 0x0000000707000000, 0x0000000707200000|  0%| F|  |TAMS 0x0000000707000000, 0x0000000707000000| Untracked 
|  38|0x0000000707200000, 0x0000000707200000, 0x0000000707400000|  0%| F|  |TAMS 0x0000000707200000, 0x0000000707200000| Untracked 
|  39|0x0000000707400000, 0x0000000707400000, 0x0000000707600000|  0%| F|  |TAMS 0x0000000707400000, 0x0000000707400000| Untracked 
|  40|0x0000000707600000, 0x0000000707600000, 0x0000000707800000|  0%| F|  |TAMS 0x0000000707600000, 0x0000000707600000| Untracked 
|  41|0x0000000707800000, 0x0000000707800000, 0x0000000707a00000|  0%| F|  |TAMS 0x0000000707800000, 0x0000000707800000| Untracked 
|  42|0x0000000707a00000, 0x0000000707a00000, 0x0000000707c00000|  0%| F|  |TAMS 0x0000000707a00000, 0x0000000707a00000| Untracked 
|  43|0x0000000707c00000, 0x0000000707c00000, 0x0000000707e00000|  0%| F|  |TAMS 0x0000000707c00000, 0x0000000707c00000| Untracked 
|  44|0x0000000707e00000, 0x0000000707e00000, 0x0000000708000000|  0%| F|  |TAMS 0x0000000707e00000, 0x0000000707e00000| Untracked 
|  45|0x0000000708000000, 0x0000000708000000, 0x0000000708200000|  0%| F|  |TAMS 0x0000000708000000, 0x0000000708000000| Untracked 
|  46|0x0000000708200000, 0x0000000708200000, 0x0000000708400000|  0%| F|  |TAMS 0x0000000708200000, 0x0000000708200000| Untracked 
|  47|0x0000000708400000, 0x0000000708400000, 0x0000000708600000|  0%| F|  |TAMS 0x0000000708400000, 0x0000000708400000| Untracked 
|  48|0x0000000708600000, 0x0000000708600000, 0x0000000708800000|  0%| F|  |TAMS 0x0000000708600000, 0x0000000708600000| Untracked 
|  49|0x0000000708800000, 0x0000000708800000, 0x0000000708a00000|  0%| F|  |TAMS 0x0000000708800000, 0x0000000708800000| Untracked 
|  50|0x0000000708a00000, 0x0000000708a00000, 0x0000000708c00000|  0%| F|  |TAMS 0x0000000708a00000, 0x0000000708a00000| Untracked 
|  51|0x0000000708c00000, 0x0000000708c00000, 0x0000000708e00000|  0%| F|  |TAMS 0x0000000708c00000, 0x0000000708c00000| Untracked 
|  52|0x0000000708e00000, 0x0000000708e00000, 0x0000000709000000|  0%| F|  |TAMS 0x0000000708e00000, 0x0000000708e00000| Untracked 
|  53|0x0000000709000000, 0x0000000709000000, 0x0000000709200000|  0%| F|  |TAMS 0x0000000709000000, 0x0000000709000000| Untracked 
|  54|0x0000000709200000, 0x0000000709200000, 0x0000000709400000|  0%| F|  |TAMS 0x0000000709200000, 0x0000000709200000| Untracked 
|  55|0x0000000709400000, 0x0000000709400000, 0x0000000709600000|  0%| F|  |TAMS 0x0000000709400000, 0x0000000709400000| Untracked 
|  56|0x0000000709600000, 0x0000000709600000, 0x0000000709800000|  0%| F|  |TAMS 0x0000000709600000, 0x0000000709600000| Untracked 
|  57|0x0000000709800000, 0x0000000709800000, 0x0000000709a00000|  0%| F|  |TAMS 0x0000000709800000, 0x0000000709800000| Untracked 
|  58|0x0000000709a00000, 0x0000000709ae2970, 0x0000000709c00000| 44%| E|  |TAMS 0x0000000709a00000, 0x0000000709a00000| Complete 
|  59|0x0000000709c00000, 0x0000000709e00000, 0x0000000709e00000|100%| E|CS|TAMS 0x0000000709c00000, 0x0000000709c00000| Complete 
|  60|0x0000000709e00000, 0x000000070a000000, 0x000000070a000000|100%| E|CS|TAMS 0x0000000709e00000, 0x0000000709e00000| Complete 
|  61|0x000000070a000000, 0x000000070a200000, 0x000000070a200000|100%| E|CS|TAMS 0x000000070a000000, 0x000000070a000000| Complete 
|  62|0x000000070a200000, 0x000000070a400000, 0x000000070a400000|100%| E|CS|TAMS 0x000000070a200000, 0x000000070a200000| Complete 
|  63|0x000000070a400000, 0x000000070a600000, 0x000000070a600000|100%| E|CS|TAMS 0x000000070a400000, 0x000000070a400000| Complete 
|  64|0x000000070a600000, 0x000000070a800000, 0x000000070a800000|100%| E|CS|TAMS 0x000000070a600000, 0x000000070a600000| Complete 
|  65|0x000000070a800000, 0x000000070aa00000, 0x000000070aa00000|100%| E|CS|TAMS 0x000000070a800000, 0x000000070a800000| Complete 
|  66|0x000000070aa00000, 0x000000070ac00000, 0x000000070ac00000|100%| E|CS|TAMS 0x000000070aa00000, 0x000000070aa00000| Complete 
|  67|0x000000070ac00000, 0x000000070ae00000, 0x000000070ae00000|100%| E|CS|TAMS 0x000000070ac00000, 0x000000070ac00000| Complete 
|  68|0x000000070ae00000, 0x000000070b000000, 0x000000070b000000|100%| E|CS|TAMS 0x000000070ae00000, 0x000000070ae00000| Complete 
|  69|0x000000070b000000, 0x000000070b200000, 0x000000070b200000|100%| E|CS|TAMS 0x000000070b000000, 0x000000070b000000| Complete 
|  70|0x000000070b200000, 0x000000070b400000, 0x000000070b400000|100%| E|CS|TAMS 0x000000070b200000, 0x000000070b200000| Complete 
|  71|0x000000070b400000, 0x000000070b600000, 0x000000070b600000|100%| E|CS|TAMS 0x000000070b400000, 0x000000070b400000| Complete 
|  72|0x000000070b600000, 0x000000070b800000, 0x000000070b800000|100%| E|CS|TAMS 0x000000070b600000, 0x000000070b600000| Complete 
| 106|0x000000070fa00000, 0x000000070fc00000, 0x000000070fc00000|100%| E|CS|TAMS 0x000000070fa00000, 0x000000070fa00000| Complete 
| 107|0x000000070fc00000, 0x000000070fe00000, 0x000000070fe00000|100%| E|CS|TAMS 0x000000070fc00000, 0x000000070fc00000| Complete 
| 126|0x0000000712200000, 0x0000000712400000, 0x0000000712400000|100%| E|CS|TAMS 0x0000000712200000, 0x0000000712200000| Complete 

Card table byte_map: [0x0000021173d90000,0x0000021174580000] _byte_map_base: 0x000002117057d000

Marking Bits (Prev, Next): (CMBitMap*) 0x000002116bb10120, (CMBitMap*) 0x000002116bb100e0
 Prev Bits: [0x0000021178ce0000, 0x000002117cc48000)
 Next Bits: [0x0000021174d70000, 0x0000021178cd8000)

Polling page: 0x0000021169910000

Metaspace:

Usage:
  Non-class:     30.18 MB used.
      Class:      3.65 MB used.
       Both:     33.83 MB used.

Virtual space:
  Non-class space:       64.00 MB reserved,      30.25 MB ( 47%) committed,  1 nodes.
      Class space:        1.00 GB reserved,       3.75 MB ( <1%) committed,  1 nodes.
             Both:        1.06 GB reserved,      34.00 MB (  3%) committed. 

Chunk freelists:
   Non-Class:  1.19 MB
       Class:  12.27 MB
        Both:  13.45 MB

MaxMetaspaceSize: unlimited
CompressedClassSpaceSize: 1.00 GB
Initial GC threshold: 21.00 MB
Current GC threshold: 35.25 MB
CDS: on
MetaspaceReclaimPolicy: balanced
 - commit_granule_bytes: 65536.
 - commit_granule_words: 8192.
 - virtual_space_node_default_size: 8388608.
 - enlarge_chunks_in_place: 1.
 - new_chunks_are_fully_committed: 0.
 - uncommit_free_chunks: 1.
 - use_allocation_guard: 0.
 - handle_deallocations: 1.


Internal statistics:

num_allocs_failed_limit: 3.
num_arena_births: 160.
num_arena_deaths: 0.
num_vsnodes_births: 2.
num_vsnodes_deaths: 0.
num_space_committed: 544.
num_space_uncommitted: 0.
num_chunks_returned_to_freelist: 3.
num_chunks_taken_from_freelist: 1076.
num_chunk_merges: 3.
num_chunk_splits: 927.
num_chunks_enlarged: 845.
num_inconsistent_stats: 0.

CodeHeap 'non-profiled nmethods': size=120000Kb used=3835Kb max_used=3835Kb free=116164Kb
 bounds [0x0000021107ad0000, 0x0000021107e90000, 0x000002110f000000]
CodeHeap 'profiled nmethods': size=120000Kb used=9531Kb max_used=11965Kb free=110468Kb
 bounds [0x0000021100000000, 0x0000021100bb0000, 0x0000021107530000]
CodeHeap 'non-nmethods': size=5760Kb used=1896Kb max_used=1971Kb free=3863Kb
 bounds [0x0000021107530000, 0x00000211077a0000, 0x0000021107ad0000]
 total_blobs=6493 nmethods=5111 adapters=1294
 compilation: enabled
              stopped_count=0, restarted_count=0
 full_count=0

Compilation events (20 events):
Event: 25.889 Thread 0x000002117f1700f0 5960       4       androidx.compose.runtime.snapshots.SnapshotMapEntrySet::iterator (38 bytes)
Event: 25.936 Thread 0x000002117f1700f0 nmethod 5960 0x0000021107e85f10 code [0x0000021107e86180, 0x0000021107e87570]
Event: 25.936 Thread 0x000002117f1700f0 5961       4       androidx.compose.ui.graphics.Color$Companion::getWhite-0d7_KjU (4 bytes)
Event: 25.936 Thread 0x000002117f1700f0 nmethod 5961 0x0000021107e88610 code [0x0000021107e88780, 0x0000021107e887f8]
Event: 26.071 Thread 0x000002117f1700f0 5962       4       androidx.compose.ui.node.LayoutNodeDrawScope::toPx-0680j_4 (9 bytes)
Event: 26.073 Thread 0x000002117f1700f0 nmethod 5962 0x0000021107e88910 code [0x0000021107e88aa0, 0x0000021107e88c38]
Event: 26.088 Thread 0x000002117f1700f0 5963       4       androidx.compose.runtime.OpaqueKey::equals (39 bytes)
Event: 26.088 Thread 0x000002117f1700f0 nmethod 5963 0x0000021107e88e90 code [0x0000021107e89000, 0x0000021107e89098]
Event: 26.105 Thread 0x000002117f1700f0 5964       4       java.util.AbstractList::equals (117 bytes)
Event: 26.122 Thread 0x000002117f1700f0 nmethod 5964 0x0000021107e89190 code [0x0000021107e893e0, 0x0000021107e89e78]
Event: 26.122 Thread 0x000002117f1700f0 5965       4       androidx.compose.runtime.snapshots.StateMapMutableIterator::hasNext (13 bytes)
Event: 26.122 Thread 0x000002117f1700f0 nmethod 5965 0x0000021107e8a810 code [0x0000021107e8a980, 0x0000021107e8aa18]
Event: 26.205 Thread 0x000002117f1700f0 5966       4       androidx.compose.material.ripple.StateLayer::drawStateLayer-H2RKhps (278 bytes)
Event: 26.246 Thread 0x000002117f1700f0 nmethod 5966 0x0000021107e8ab10 code [0x0000021107e8ae20, 0x0000021107e8bf60]
Event: 26.246 Thread 0x000002117f1700f0 5967       4       kotlinx.coroutines.scheduling.CoroutineScheduler$Worker::trySteal (262 bytes)
Event: 26.254 Thread 0x000002117f1700f0 nmethod 5967 0x0000021107e8d590 code [0x0000021107e8d780, 0x0000021107e8df80]
Event: 26.377 Thread 0x000002117f288090 5968       3       java.util.IdentityHashMap$IdentityHashMapIterator::nextIndex (72 bytes)
Event: 26.378 Thread 0x000002117f288090 nmethod 5968 0x0000021100006d90 code [0x0000021100006f60, 0x00000211000073a8]
Event: 26.383 Thread 0x000002117f1700f0 5969       4       kotlin.reflect.jvm.internal.pcollections.IntTree::get (60 bytes)
Event: 26.386 Thread 0x000002117f1700f0 nmethod 5969 0x0000021107e8e810 code [0x0000021107e8e9c0, 0x0000021107e8ec10]

GC Heap History (18 events):
Event: 0.687 GC heap before
{Heap before GC invocations=0 (full 0):
 garbage-first heap   total 260096K, used 12288K [0x0000000702600000, 0x0000000800000000)
  region size 2048K, 6 young (12288K), 0 survivors (0K)
 Metaspace       used 1765K, committed 1856K, reserved 1114112K
  class space    used 161K, committed 192K, reserved 1048576K
}
Event: 0.696 GC heap after
{Heap after GC invocations=1 (full 0):
 garbage-first heap   total 260096K, used 7273K [0x0000000702600000, 0x0000000800000000)
  region size 2048K, 1 young (2048K), 1 survivors (2048K)
 Metaspace       used 1765K, committed 1856K, reserved 1114112K
  class space    used 161K, committed 192K, reserved 1048576K
}
Event: 1.153 GC heap before
{Heap before GC invocations=1 (full 0):
 garbage-first heap   total 260096K, used 15465K [0x0000000702600000, 0x0000000800000000)
  region size 2048K, 6 young (12288K), 1 survivors (2048K)
 Metaspace       used 5820K, committed 6016K, reserved 1114112K
  class space    used 468K, committed 576K, reserved 1048576K
}
Event: 1.155 GC heap after
{Heap after GC invocations=2 (full 0):
 garbage-first heap   total 260096K, used 7822K [0x0000000702600000, 0x0000000800000000)
  region size 2048K, 1 young (2048K), 1 survivors (2048K)
 Metaspace       used 5820K, committed 6016K, reserved 1114112K
  class space    used 468K, committed 576K, reserved 1048576K
}
Event: 2.436 GC heap before
{Heap before GC invocations=2 (full 0):
 garbage-first heap   total 260096K, used 36494K [0x0000000702600000, 0x0000000800000000)
  region size 2048K, 15 young (30720K), 1 survivors (2048K)
 Metaspace       used 14864K, committed 15040K, reserved 1114112K
  class space    used 1531K, committed 1600K, reserved 1048576K
}
Event: 2.439 GC heap after
{Heap after GC invocations=3 (full 0):
 garbage-first heap   total 260096K, used 9786K [0x0000000702600000, 0x0000000800000000)
  region size 2048K, 2 young (4096K), 2 survivors (4096K)
 Metaspace       used 14864K, committed 15040K, reserved 1114112K
  class space    used 1531K, committed 1600K, reserved 1048576K
}
Event: 3.721 GC heap before
{Heap before GC invocations=3 (full 0):
 garbage-first heap   total 260096K, used 42554K [0x0000000702600000, 0x0000000800000000)
  region size 2048K, 19 young (38912K), 2 survivors (4096K)
 Metaspace       used 21344K, committed 21504K, reserved 1114112K
  class space    used 2281K, committed 2368K, reserved 1048576K
}
Event: 3.726 GC heap after
{Heap after GC invocations=4 (full 0):
 garbage-first heap   total 260096K, used 11203K [0x0000000702600000, 0x0000000800000000)
  region size 2048K, 2 young (4096K), 2 survivors (4096K)
 Metaspace       used 21344K, committed 21504K, reserved 1114112K
  class space    used 2281K, committed 2368K, reserved 1048576K
}
Event: 7.577 GC heap before
{Heap before GC invocations=5 (full 0):
 garbage-first heap   total 49152K, used 37827K [0x0000000702600000, 0x0000000800000000)
  region size 2048K, 10 young (20480K), 2 survivors (4096K)
 Metaspace       used 24336K, committed 24576K, reserved 1114112K
  class space    used 2625K, committed 2752K, reserved 1048576K
}
Event: 7.582 GC heap after
{Heap after GC invocations=6 (full 0):
 garbage-first heap   total 49152K, used 24051K [0x0000000702600000, 0x0000000800000000)
  region size 2048K, 1 young (2048K), 1 survivors (2048K)
 Metaspace       used 24336K, committed 24576K, reserved 1114112K
  class space    used 2625K, committed 2752K, reserved 1048576K
}
Event: 7.624 GC heap before
{Heap before GC invocations=6 (full 0):
 garbage-first heap   total 49152K, used 24051K [0x0000000702600000, 0x0000000800000000)
  region size 2048K, 2 young (4096K), 1 survivors (2048K)
 Metaspace       used 24658K, committed 24896K, reserved 1114112K
  class space    used 2668K, committed 2816K, reserved 1048576K
}
Event: 7.627 GC heap after
{Heap after GC invocations=7 (full 0):
 garbage-first heap   total 49152K, used 18003K [0x0000000702600000, 0x0000000800000000)
  region size 2048K, 1 young (2048K), 1 survivors (2048K)
 Metaspace       used 24658K, committed 24896K, reserved 1114112K
  class space    used 2668K, committed 2816K, reserved 1048576K
}
Event: 7.917 GC heap before
{Heap before GC invocations=7 (full 0):
 garbage-first heap   total 49152K, used 32339K [0x0000000702600000, 0x0000000800000000)
  region size 2048K, 8 young (16384K), 1 survivors (2048K)
 Metaspace       used 26908K, committed 27072K, reserved 1114112K
  class space    used 2944K, committed 3008K, reserved 1048576K
}
Event: 7.920 GC heap after
{Heap after GC invocations=8 (full 0):
 garbage-first heap   total 49152K, used 19504K [0x0000000702600000, 0x0000000800000000)
  region size 2048K, 1 young (2048K), 1 survivors (2048K)
 Metaspace       used 26908K, committed 27072K, reserved 1114112K
  class space    used 2944K, committed 3008K, reserved 1048576K
}
Event: 8.324 GC heap before
{Heap before GC invocations=8 (full 0):
 garbage-first heap   total 49152K, used 33840K [0x0000000702600000, 0x0000000800000000)
  region size 2048K, 8 young (16384K), 1 survivors (2048K)
 Metaspace       used 30113K, committed 30336K, reserved 1114112K
  class space    used 3333K, committed 3456K, reserved 1048576K
}
Event: 8.329 GC heap after
{Heap after GC invocations=9 (full 0):
 garbage-first heap   total 155648K, used 20745K [0x0000000702600000, 0x0000000800000000)
  region size 2048K, 1 young (2048K), 1 survivors (2048K)
 Metaspace       used 30113K, committed 30336K, reserved 1114112K
  class space    used 3333K, committed 3456K, reserved 1048576K
}
Event: 21.509 GC heap before
{Heap before GC invocations=9 (full 0):
 garbage-first heap   total 155648K, used 119049K [0x0000000702600000, 0x0000000800000000)
  region size 2048K, 45 young (92160K), 1 survivors (2048K)
 Metaspace       used 34617K, committed 34816K, reserved 1114112K
  class space    used 3736K, committed 3840K, reserved 1048576K
}
Event: 21.515 GC heap after
{Heap after GC invocations=10 (full 0):
 garbage-first heap   total 155648K, used 31446K [0x0000000702600000, 0x0000000800000000)
  region size 2048K, 2 young (4096K), 2 survivors (4096K)
 Metaspace       used 34617K, committed 34816K, reserved 1114112K
  class space    used 3736K, committed 3840K, reserved 1048576K
}

Dll operation events (14 events):
Event: 0.045 Loaded shared library C:\Users\HP\.jdks\corretto-17.0.7\bin\java.dll
Event: 0.083 Loaded shared library C:\Users\HP\.jdks\corretto-17.0.7\bin\jsvml.dll
Event: 0.273 Loaded shared library C:\Users\HP\.jdks\corretto-17.0.7\bin\zip.dll
Event: 0.277 Loaded shared library C:\Users\HP\.jdks\corretto-17.0.7\bin\instrument.dll
Event: 0.287 Loaded shared library C:\Users\HP\.jdks\corretto-17.0.7\bin\net.dll
Event: 0.290 Loaded shared library C:\Users\HP\.jdks\corretto-17.0.7\bin\nio.dll
Event: 0.296 Loaded shared library C:\Users\HP\.jdks\corretto-17.0.7\bin\zip.dll
Event: 0.446 Loaded shared library C:\Program Files\JetBrains\IntelliJ IDEA Community Edition 2021.3.2\bin\breakgen64.dll
Event: 0.719 Loaded shared library C:\Users\HP\.jdks\corretto-17.0.7\bin\jimage.dll
Event: 0.729 Loaded shared library C:\Users\HP\.jdks\corretto-17.0.7\bin\awt.dll
Event: 1.785 Loaded shared library C:\Users\HP\.skiko\0de0d8dd8554d9bb66cfca3837db6514ff9b71080e998917280a3b777460a416\skiko-windows-x64.dll
Event: 2.277 Loaded shared library C:\Users\HP\.jdks\corretto-17.0.7\bin\freetype.dll
Event: 2.278 Loaded shared library C:\Users\HP\.jdks\corretto-17.0.7\bin\fontmanager.dll
Event: 8.196 Loaded shared library C:\Users\HP\AppData\Local\io-realm-kotlin\f7113120ba00ba1ff91d696eecd3919e85a4e34e\realmc.dll

Deoptimization events (20 events):
Event: 9.327 Thread 0x000002117f9a0020 Uncommon trap: trap_request=0xffffffd6 fr.pc=0x0000021107c9833c relative=0x000000000000049c
Event: 9.327 Thread 0x000002117f9a0020 Uncommon trap: reason=array_check action=maybe_recompile pc=0x0000021107c9833c method=androidx.compose.runtime.collection.MutableVector.add(Ljava/lang/Object;)Z @ 19 c2
Event: 9.327 Thread 0x000002117f9a0020 DEOPT PACKING pc=0x0000021107c9833c sp=0x0000008ed41fa860
Event: 9.327 Thread 0x000002117f9a0020 DEOPT UNPACKING pc=0x00000211075869a3 sp=0x0000008ed41fa838 mode 2
Event: 9.341 Thread 0x000002117f9a0020 Uncommon trap: trap_request=0xffffffd6 fr.pc=0x0000021107c9833c relative=0x000000000000049c
Event: 9.341 Thread 0x000002117f9a0020 Uncommon trap: reason=array_check action=maybe_recompile pc=0x0000021107c9833c method=androidx.compose.runtime.collection.MutableVector.add(Ljava/lang/Object;)Z @ 19 c2
Event: 9.341 Thread 0x000002117f9a0020 DEOPT PACKING pc=0x0000021107c9833c sp=0x0000008ed41fd780
Event: 9.341 Thread 0x000002117f9a0020 DEOPT UNPACKING pc=0x00000211075869a3 sp=0x0000008ed41fd758 mode 2
Event: 9.342 Thread 0x000002117f9a0020 Uncommon trap: trap_request=0xffffffd6 fr.pc=0x0000021107c9833c relative=0x000000000000049c
Event: 9.342 Thread 0x000002117f9a0020 Uncommon trap: reason=array_check action=maybe_recompile pc=0x0000021107c9833c method=androidx.compose.runtime.collection.MutableVector.add(Ljava/lang/Object;)Z @ 19 c2
Event: 9.342 Thread 0x000002117f9a0020 DEOPT PACKING pc=0x0000021107c9833c sp=0x0000008ed41fdd60
Event: 9.342 Thread 0x000002117f9a0020 DEOPT UNPACKING pc=0x00000211075869a3 sp=0x0000008ed41fdd38 mode 2
Event: 10.006 Thread 0x000002117f9a0020 Uncommon trap: trap_request=0xffffff45 fr.pc=0x0000021107c791b8 relative=0x0000000000000138
Event: 10.006 Thread 0x000002117f9a0020 Uncommon trap: reason=unstable_if action=reinterpret pc=0x0000021107c791b8 method=androidx.compose.runtime.snapshots.SnapshotIdSet.get(I)Z @ 82 c2
Event: 10.006 Thread 0x000002117f9a0020 DEOPT PACKING pc=0x0000021107c791b8 sp=0x0000008ed41fddb0
Event: 10.006 Thread 0x000002117f9a0020 DEOPT UNPACKING pc=0x00000211075869a3 sp=0x0000008ed41fdbe8 mode 2
Event: 10.870 Thread 0x000002117f9a0020 Uncommon trap: trap_request=0xffffffde fr.pc=0x0000021107cf8e9c relative=0x00000000000000fc
Event: 10.870 Thread 0x000002117f9a0020 Uncommon trap: reason=class_check action=maybe_recompile pc=0x0000021107cf8e9c method=androidx.compose.ui.CombinedModifier.equals(Ljava/lang/Object;)Z @ 1 c2
Event: 10.870 Thread 0x000002117f9a0020 DEOPT PACKING pc=0x0000021107cf8e9c sp=0x0000008ed41fcf20
Event: 10.870 Thread 0x000002117f9a0020 DEOPT UNPACKING pc=0x00000211075869a3 sp=0x0000008ed41fceb0 mode 2

Classes unloaded (0 events):
No events

Classes redefined (0 events):
No events

Internal exceptions (20 events):
Event: 0.764 Thread 0x000002116baa5940 Exception <a 'java/io/FileNotFoundException'{0x00000007122b6d30}> (0x00000007122b6d30) 
thrown [s\src\hotspot\share\prims\jni.cpp, line 516]
Event: 1.266 Thread 0x000002117f9a0020 Exception <a 'java/lang/NoSuchMethodError'{0x0000000712134b30}: 'java.lang.Object java.lang.invoke.DirectMethodHandle$Holder.invokeStaticInit(java.lang.Object, int, int, int, int)'> (0x0000000712134b30) 
thrown [s\src\hotspot\share\interpreter\linkResolver.cpp, line 759]
Event: 1.384 Thread 0x000002117f9a0020 Exception <a 'java/lang/NoSuchMethodError'{0x0000000711e05ab0}: 'java.lang.Object java.lang.invoke.DirectMethodHandle$Holder.invokeStaticInit(java.lang.Object, java.lang.Object, int, int, int, int)'> (0x0000000711e05ab0) 
thrown [s\src\hotspot\share\interpreter\linkResolver.cpp, line 759]
Event: 1.519 Thread 0x000002117f9a0020 Exception <a 'java/lang/NoSuchMethodError'{0x0000000711d5bba0}: 'double java.lang.invoke.DirectMethodHandle$Holder.invokeStatic(java.lang.Object, double)'> (0x0000000711d5bba0) 
thrown [s\src\hotspot\share\interpreter\linkResolver.cpp, line 759]
Event: 1.520 Thread 0x000002117f9a0020 Exception <a 'java/lang/NoSuchMethodError'{0x0000000711d5f600}: 'double java.lang.invoke.DirectMethodHandle$Holder.invokeStaticInit(java.lang.Object, double)'> (0x0000000711d5f600) 
thrown [s\src\hotspot\share\interpreter\linkResolver.cpp, line 759]
Event: 1.542 Thread 0x000002117f9a0020 Exception <a 'java/lang/NoSuchMethodError'{0x0000000711da76e0}: 'java.lang.Object java.lang.invoke.DirectMethodHandle$Holder.newInvokeSpecial(java.lang.Object, double)'> (0x0000000711da76e0) 
thrown [s\src\hotspot\share\interpreter\linkResolver.cpp, line 759]
Event: 2.049 Thread 0x000002117f9a0020 Exception <a 'java/lang/NoSuchMethodError'{0x0000000710c3f7e0}: 'void java.lang.invoke.DirectMethodHandle$Holder.invokeSpecial(java.lang.Object, java.lang.Object, java.lang.Object)'> (0x0000000710c3f7e0) 
thrown [s\src\hotspot\share\interpreter\linkResolver.cpp, line 759]
Event: 2.063 Thread 0x000002117f9a0020 Exception <a 'java/lang/NoSuchMethodError'{0x0000000710c69ce8}: 'java.lang.Object java.lang.invoke.DirectMethodHandle$Holder.newInvokeSpecial(java.lang.Object, java.lang.Object, java.lang.Object, java.lang.Object, java.lang.Object)'> (0x0000000710c69ce8) 
thrown [s\src\hotspot\share\interpreter\linkResolver.cpp, line 759]
Event: 2.065 Thread 0x000002117f9a0020 Exception <a 'java/lang/NoSuchMethodError'{0x0000000710c75958}: 'java.lang.Object java.lang.invoke.DirectMethodHandle$Holder.invokeStatic(java.lang.Object, int, java.lang.Object, java.lang.Object, java.lang.Object, java.lang.Object)'> (0x0000000710c75958) 
thrown [s\src\hotspot\share\interpreter\linkResolver.cpp, line 759]
Event: 2.073 Thread 0x000002117f9a0020 Exception <a 'java/lang/NoSuchMethodError'{0x0000000710c9b3c0}: 'java.lang.Object java.lang.invoke.DirectMethodHandle$Holder.invokeStatic(java.lang.Object, int, java.lang.Object)'> (0x0000000710c9b3c0) 
thrown [s\src\hotspot\share\interpreter\linkResolver.cpp, line 759]
Event: 2.114 Thread 0x000002117f9a0020 Exception <a 'java/lang/ClassNotFoundException'{0x0000000710d57980}: com/sun/swing/internal/plaf/metal/resources/spi/metalProvider> (0x0000000710d57980) 
thrown [s\src\hotspot\share\classfile\systemDictionary.cpp, line 256]
Event: 2.115 Thread 0x000002117f9a0020 Exception <a 'java/lang/ClassNotFoundException'{0x0000000710d5bb70}: com/sun/swing/internal/plaf/basic/resources/spi/basicProvider> (0x0000000710d5bb70) 
thrown [s\src\hotspot\share\classfile\systemDictionary.cpp, line 256]
Event: 2.126 Thread 0x000002117f9a0020 Implicit null exception at 0x0000021107aff990 to 0x0000021107affd64
Event: 2.126 Thread 0x000002117f9a0020 Implicit null exception at 0x0000021107af9810 to 0x0000021107af9bc8
Event: 2.156 Thread 0x000002117f9a0020 Exception <a 'java/lang/NoSuchMethodError'{0x0000000710a6d128}: 'void java.lang.invoke.DirectMethodHandle$Holder.invokeStatic(java.lang.Object, java.lang.Object, java.lang.Object)'> (0x0000000710a6d128) 
thrown [s\src\hotspot\share\interpreter\linkResolver.cpp, line 759]
Event: 2.269 Thread 0x000002117f9a0020 Exception <a 'java/lang/NoSuchMethodError'{0x00000007109345a0}: 'void java.lang.invoke.DirectMethodHandle$Holder.invokeStaticInit(java.lang.Object)'> (0x00000007109345a0) 
thrown [s\src\hotspot\share\interpreter\linkResolver.cpp, line 759]
Event: 2.516 Thread 0x000002117f9a0020 Exception <a 'java/lang/NoSuchMethodError'{0x000000071213f3a0}: 'int java.lang.invoke.DirectMethodHandle$Holder.invokeStaticInit(java.lang.Object, java.lang.Object, java.lang.Object)'> (0x000000071213f3a0) 
thrown [s\src\hotspot\share\interpreter\linkResolver.cpp, line 759]
Event: 3.073 Thread 0x000002117fc80fc0 Exception <a 'java/lang/NoSuchMethodError'{0x0000000710d82268}: 'void java.lang.invoke.DirectMethodHandle$Holder.invokeVirtual(java.lang.Object, java.lang.Object)'> (0x0000000710d82268) 
thrown [s\src\hotspot\share\interpreter\linkResolver.cpp, line 759]
Event: 7.434 Thread 0x000002117f9a0020 Exception <a 'java/lang/NoSuchMethodError'{0x0000000704b933e8}: 'int java.lang.invoke.DirectMethodHandle$Holder.invokeStaticInit(java.lang.Object, long, long)'> (0x0000000704b933e8) 
thrown [s\src\hotspot\share\interpreter\linkResolver.cpp, line 759]
Event: 8.074 Thread 0x000002117f9a0020 Exception <a 'java/lang/NoSuchMethodError'{0x000000070fb53538}: 'java.lang.Object java.lang.invoke.DirectMethodHandle$Holder.newInvokeSpecial(java.lang.Object, int, java.lang.Object)'> (0x000000070fb53538) 
thrown [s\src\hotspot\share\interpreter\linkResolver.cpp, line 759]

VM Operations (20 events):
Event: 17.834 Executing VM operation: HandshakeAllThreads
Event: 17.834 Executing VM operation: HandshakeAllThreads done
Event: 17.967 Executing VM operation: HandshakeAllThreads
Event: 17.968 Executing VM operation: HandshakeAllThreads done
Event: 18.013 Executing VM operation: HandshakeAllThreads
Event: 18.013 Executing VM operation: HandshakeAllThreads done
Event: 19.019 Executing VM operation: Cleanup
Event: 19.019 Executing VM operation: Cleanup done
Event: 20.020 Executing VM operation: Cleanup
Event: 20.020 Executing VM operation: Cleanup done
Event: 21.509 Executing VM operation: G1CollectForAllocation
Event: 21.515 Executing VM operation: G1CollectForAllocation done
Event: 22.528 Executing VM operation: Cleanup
Event: 22.528 Executing VM operation: Cleanup done
Event: 23.543 Executing VM operation: Cleanup
Event: 23.543 Executing VM operation: Cleanup done
Event: 24.556 Executing VM operation: Cleanup
Event: 24.556 Executing VM operation: Cleanup done
Event: 25.559 Executing VM operation: Cleanup
Event: 25.559 Executing VM operation: Cleanup done

Events (20 events):
Event: 18.019 Thread 0x000002117f17ae00 flushing nmethod 0x000002110086fe90
Event: 18.019 Thread 0x000002117f17ae00 flushing nmethod 0x0000021100883d90
Event: 18.019 Thread 0x000002117f17ae00 flushing nmethod 0x00000211008c8290
Event: 18.019 Thread 0x000002117f17ae00 flushing nmethod 0x00000211008d5a90
Event: 18.020 Thread 0x000002117f17ae00 flushing nmethod 0x00000211008de710
Event: 18.020 Thread 0x000002117f17ae00 flushing nmethod 0x0000021100a21390
Event: 18.020 Thread 0x000002117f17ae00 flushing nmethod 0x0000021100a81810
Event: 21.276 Thread 0x000002111e1dea60 Thread added: 0x000002111e1dea60
Event: 21.425 Thread 0x000002111e1dea60 Thread exited: 0x000002111e1dea60
Event: 26.376 loading class jdk/internal/misc/Signal$1
Event: 26.376 loading class jdk/internal/misc/Signal$1 done
Event: 26.377 Thread 0x0000021113ee5ee0 Thread added: 0x0000021113ee5ee0
Event: 26.377 Thread 0x0000021113ee63b0 Thread added: 0x0000021113ee63b0
Event: 26.377 Thread 0x0000021113ee6880 Thread added: 0x0000021113ee6880
Event: 26.377 Thread 0x0000021113ee6d50 Thread added: 0x0000021113ee6d50
Event: 26.379 Thread 0x0000021113ee6d50 Thread exited: 0x0000021113ee6d50
Event: 26.389 Thread 0x0000021113ee6880 Thread exited: 0x0000021113ee6880
Event: 26.389 Thread 0x0000021113eec3f0 Thread exited: 0x0000021113eec3f0
Event: 26.390 Thread 0x0000021113429c80 Thread exited: 0x0000021113429c80
Event: 26.393 Thread 0x000002117fc80fc0 Thread exited: 0x000002117fc80fc0


Dynamic libraries:
0x00007ff7eeda0000 - 0x00007ff7eedad000 	C:\Users\HP\.jdks\corretto-17.0.7\bin\java.exe
0x00007ffee9b50000 - 0x00007ffee9d48000 	C:\Windows\SYSTEM32\ntdll.dll
0x00007ffee90d0000 - 0x00007ffee918f000 	C:\Windows\System32\KERNEL32.DLL
0x00007ffee7790000 - 0x00007ffee7a86000 	C:\Windows\System32\KERNELBASE.dll
0x00007ffee7410000 - 0x00007ffee7510000 	C:\Windows\System32\ucrtbase.dll
0x00007ffedd130000 - 0x00007ffedd147000 	C:\Users\HP\.jdks\corretto-17.0.7\bin\jli.dll
0x00007ffee9970000 - 0x00007ffee9b0d000 	C:\Windows\System32\USER32.dll
0x00007ffee76c0000 - 0x00007ffee76e2000 	C:\Windows\System32\win32u.dll
0x00007ffee90a0000 - 0x00007ffee90cc000 	C:\Windows\System32\GDI32.dll
0x00007ffee7a90000 - 0x00007ffee7ba5000 	C:\Windows\System32\gdi32full.dll
0x00007ffee72c0000 - 0x00007ffee735d000 	C:\Windows\System32\msvcp_win.dll
0x00007ffedf250000 - 0x00007ffedf265000 	C:\Users\HP\.jdks\corretto-17.0.7\bin\VCRUNTIME140.dll
0x00007ffecd150000 - 0x00007ffecd3ea000 	C:\Windows\WinSxS\amd64_microsoft.windows.common-controls_6595b64144ccf1df_6.0.19041.1110_none_60b5254171f9507e\COMCTL32.dll
0x00007ffee8310000 - 0x00007ffee83ae000 	C:\Windows\System32\msvcrt.dll
0x00007ffee8600000 - 0x00007ffee8630000 	C:\Windows\System32\IMM32.DLL
0x00007ffec73d0000 - 0x00007ffec746b000 	C:\Users\HP\.jdks\corretto-17.0.7\bin\msvcp140.dll
0x00007ffea5510000 - 0x00007ffea612a000 	C:\Users\HP\.jdks\corretto-17.0.7\bin\server\jvm.dll
0x00007ffee8630000 - 0x00007ffee86df000 	C:\Windows\System32\ADVAPI32.dll
0x00007ffee8560000 - 0x00007ffee85fc000 	C:\Windows\System32\sechost.dll
0x00007ffee7d70000 - 0x00007ffee7e96000 	C:\Windows\System32\RPCRT4.dll
0x00007ffee0fa0000 - 0x00007ffee0fa9000 	C:\Windows\SYSTEM32\WSOCK32.dll
0x00007ffee8e70000 - 0x00007ffee8edb000 	C:\Windows\System32\WS2_32.dll
0x00007ffecca00000 - 0x00007ffecca27000 	C:\Windows\SYSTEM32\WINMM.dll
0x00007ffedb320000 - 0x00007ffedb32a000 	C:\Windows\SYSTEM32\VERSION.dll
0x00007ffee5a20000 - 0x00007ffee5a32000 	C:\Windows\SYSTEM32\kernel.appcore.dll
0x00007ffedf290000 - 0x00007ffedf29a000 	C:\Users\HP\.jdks\corretto-17.0.7\bin\jimage.dll
0x00007ffee1f40000 - 0x00007ffee2124000 	C:\Windows\SYSTEM32\DBGHELP.DLL
0x00007ffecec70000 - 0x00007ffececa4000 	C:\Windows\SYSTEM32\dbgcore.DLL
0x00007ffee7230000 - 0x00007ffee72b2000 	C:\Windows\System32\bcryptPrimitives.dll
0x00007ffedbd50000 - 0x00007ffedbd5e000 	C:\Users\HP\.jdks\corretto-17.0.7\bin\instrument.dll
0x00007ffedbcf0000 - 0x00007ffedbd15000 	C:\Users\HP\.jdks\corretto-17.0.7\bin\java.dll
0x00007ffebaa40000 - 0x00007ffebab16000 	C:\Users\HP\.jdks\corretto-17.0.7\bin\jsvml.dll
0x00007ffee9190000 - 0x00007ffee98d4000 	C:\Windows\System32\SHELL32.dll
0x00007ffee2130000 - 0x00007ffee28c4000 	C:\Windows\SYSTEM32\windows.storage.dll
0x00007ffee8890000 - 0x00007ffee8be4000 	C:\Windows\System32\combase.dll
0x00007ffee6ab0000 - 0x00007ffee6ade000 	C:\Windows\SYSTEM32\Wldp.dll
0x00007ffee8f90000 - 0x00007ffee903d000 	C:\Windows\System32\SHCORE.dll
0x00007ffee9040000 - 0x00007ffee9095000 	C:\Windows\System32\shlwapi.dll
0x00007ffee7160000 - 0x00007ffee7185000 	C:\Windows\SYSTEM32\profapi.dll
0x00007ffedbcc0000 - 0x00007ffedbcd8000 	C:\Users\HP\.jdks\corretto-17.0.7\bin\zip.dll
0x00007ffedc060000 - 0x00007ffedc079000 	C:\Users\HP\.jdks\corretto-17.0.7\bin\net.dll
0x00007ffed8570000 - 0x00007ffed867a000 	C:\Windows\SYSTEM32\WINHTTP.dll
0x00007ffee6890000 - 0x00007ffee68fa000 	C:\Windows\system32\mswsock.dll
0x00007ffedbfe0000 - 0x00007ffedbff5000 	C:\Users\HP\.jdks\corretto-17.0.7\bin\nio.dll
0x00007ffedbd20000 - 0x00007ffedbd3a000 	C:\Program Files\JetBrains\IntelliJ IDEA Community Edition 2021.3.2\bin\breakgen64.dll
0x00007ffea8a20000 - 0x00007ffea8bc9000 	C:\Users\HP\.jdks\corretto-17.0.7\bin\awt.dll
0x00007ffee87c0000 - 0x00007ffee888d000 	C:\Windows\System32\OLEAUT32.dll
0x00007ffee0ec0000 - 0x00007ffee0f51000 	C:\Windows\SYSTEM32\apphelp.dll
0x00007ffee1180000 - 0x00007ffee121e000 	C:\Windows\system32\uxtheme.dll
0x00007ffee8440000 - 0x00007ffee8554000 	C:\Windows\System32\MSCTF.dll
0x00007ffee8c00000 - 0x00007ffee8d2a000 	C:\Windows\System32\ole32.dll
0x00007ffee1320000 - 0x00007ffee134f000 	C:\Windows\system32\DWMAPI.DLL
0x00007ffeb5d50000 - 0x00007ffeb5e75000 	C:\Windows\system32\opengl32.dll
0x00007ffeb67f0000 - 0x00007ffeb681c000 	C:\Windows\SYSTEM32\GLU32.dll
0x00007ffee6af0000 - 0x00007ffee6b08000 	C:\Windows\SYSTEM32\CRYPTSP.dll
0x00007ffee61d0000 - 0x00007ffee6204000 	C:\Windows\system32\rsaenh.dll
0x00007ffee7760000 - 0x00007ffee7787000 	C:\Windows\System32\bcrypt.dll
0x00007ffee7120000 - 0x00007ffee714e000 	C:\Windows\SYSTEM32\USERENV.dll
0x00007ffee6a20000 - 0x00007ffee6a2c000 	C:\Windows\SYSTEM32\CRYPTBASE.dll
0x00007ffee65a0000 - 0x00007ffee65dc000 	C:\Windows\SYSTEM32\IPHLPAPI.DLL
0x00007ffee7d60000 - 0x00007ffee7d68000 	C:\Windows\System32\NSI.dll
0x00007ffeda430000 - 0x00007ffeda447000 	C:\Windows\SYSTEM32\dhcpcsvc6.DLL
0x00007ffed8d80000 - 0x00007ffed8d9d000 	C:\Windows\SYSTEM32\dhcpcsvc.DLL
0x00007ffee65e0000 - 0x00007ffee66aa000 	C:\Windows\SYSTEM32\DNSAPI.dll
0x00007ffe9d3a0000 - 0x00007ffe9e3ec000 	C:\Users\HP\.skiko\0de0d8dd8554d9bb66cfca3837db6514ff9b71080e998917280a3b777460a416\skiko-windows-x64.dll
0x00007ffeba1a0000 - 0x00007ffeba223000 	C:\Users\HP\.jdks\corretto-17.0.7\bin\freetype.dll
0x00007ffeb1cf0000 - 0x00007ffeb1db2000 	C:\Users\HP\.jdks\corretto-17.0.7\bin\fontmanager.dll
0x00007ffedba90000 - 0x00007ffedba97000 	C:\Users\HP\.jdks\corretto-17.0.7\bin\jawt.dll
0x00007ffee5a90000 - 0x00007ffee5b83000 	C:\Windows\SYSTEM32\Dxgi.dll
0x00007ffedba70000 - 0x00007ffedba90000 	C:\Windows\SYSTEM32\D3D12.dll
0x00007ffea4fe0000 - 0x00007ffea51ad000 	C:\Windows\SYSTEM32\D3D12Core.dll
0x00007ffeda9e0000 - 0x00007ffedaa1b000 	C:\Windows\SYSTEM32\dxcore.dll
0x00007ffee7670000 - 0x00007ffee76be000 	C:\Windows\System32\cfgmgr32.dll
0x00007ffed4390000 - 0x00007ffed6fa9000 	C:\Windows\System32\DriverStore\FileRepository\igdlh64.inf_amd64_e6daaea9afe1e6f6\igc64.dll
0x00007ffe72ab0000 - 0x00007ffe73f83000 	C:\Windows\System32\DriverStore\FileRepository\igdlh64.inf_amd64_e6daaea9afe1e6f6\igd12umd64.dll
0x00007ffeda000000 - 0x00007ffeda257000 	C:\Windows\System32\DriverStore\FileRepository\igdlh64.inf_amd64_e6daaea9afe1e6f6\igdgmm64.dll
0x00007ffea2920000 - 0x00007ffea2d2b000 	C:\Windows\System32\DriverStore\FileRepository\igdlh64.inf_amd64_e6daaea9afe1e6f6\igdml64.dll
0x00007ffeca230000 - 0x00007ffeca25b000 	C:\Windows\SYSTEM32\D3DSCache.dll
0x00007ffe51780000 - 0x00007ffe55f82000 	C:\Windows\System32\DriverStore\FileRepository\igdlh64.inf_amd64_e6daaea9afe1e6f6\igd12dxva64.dll
0x00007ffee7ea0000 - 0x00007ffee830e000 	C:\Windows\System32\SETUPAPI.dll
0x00007ffe96bf0000 - 0x00007ffe96c17000 	C:\Windows\System32\DriverStore\FileRepository\igdlh64.inf_amd64_e6daaea9afe1e6f6\igdinfo64.dll
0x00007ffee8ee0000 - 0x00007ffee8f89000 	C:\Windows\System32\clbcatq.dll
0x00007ffe5da40000 - 0x00007ffe5ea12000 	C:\Windows\System32\DriverStore\FileRepository\igdlh64.inf_amd64_e6daaea9afe1e6f6\ig9icd64.dll
0x00007ffee7090000 - 0x00007ffee70db000 	C:\Windows\SYSTEM32\powrprof.dll
0x00007ffee7070000 - 0x00007ffee7082000 	C:\Windows\SYSTEM32\UMPDC.dll
0x00007ffed2250000 - 0x00007ffed24cf000 	C:\Windows\SYSTEM32\dwrite.dll
0x00007ffed3ec0000 - 0x00007ffed3fb9000 	C:\Windows\SYSTEM32\textinputframework.dll
0x00007ffee0b40000 - 0x00007ffee0c32000 	C:\Windows\System32\CoreMessaging.dll
0x00007ffee0460000 - 0x00007ffee07be000 	C:\Windows\System32\CoreUIComponents.dll
0x00007ffee62f0000 - 0x00007ffee6323000 	C:\Windows\SYSTEM32\ntmarta.dll
0x00007ffedf450000 - 0x00007ffedf5a4000 	C:\Windows\SYSTEM32\wintypes.dll
0x00007ffe74810000 - 0x00007ffe750c2000 	C:\Users\HP\AppData\Local\io-realm-kotlin\f7113120ba00ba1ff91d696eecd3919e85a4e34e\realmc.dll
0x00007ffee7510000 - 0x00007ffee766e000 	C:\Windows\System32\CRYPT32.dll

dbghelp: loaded successfully - version: 4.0.5 - missing functions: none
symbol engine: initialized successfully - sym options: 0x614 - pdb path: .;C:\Users\HP\.jdks\corretto-17.0.7\bin;C:\Windows\SYSTEM32;C:\Windows\WinSxS\amd64_microsoft.windows.common-controls_6595b64144ccf1df_6.0.19041.1110_none_60b5254171f9507e;C:\Users\HP\.jdks\corretto-17.0.7\bin\server;C:\Program Files\JetBrains\IntelliJ IDEA Community Edition 2021.3.2\bin;C:\Users\HP\.skiko\0de0d8dd8554d9bb66cfca3837db6514ff9b71080e998917280a3b777460a416;C:\Windows\System32\DriverStore\FileRepository\igdlh64.inf_amd64_e6daaea9afe1e6f6;C:\Users\HP\AppData\Local\io-realm-kotlin\f7113120ba00ba1ff91d696eecd3919e85a4e34e

VM Arguments:
jvm_args: -Djava.library.path=C:\Users\HP\Desktop\newderar\build\classes\kotlin\jvm\main;C:\Users\HP\Desktop\newderar\build\processedResources\jvm\main -javaagent:C:\Program Files\JetBrains\IntelliJ IDEA Community Edition 2021.3.2\lib\idea_rt.jar=59549:C:\Program Files\JetBrains\IntelliJ IDEA Community Edition 2021.3.2\bin -Dfile.encoding=UTF-8 
java_command: MainKt
java_class_path (initial): C:\Users\HP\Desktop\newderar\build\classes\kotlin\jvm\main;C:\Users\HP\Desktop\newderar\build\processedResources\jvm\main;C:\Users\HP\.gradle\caches\modules-2\files-2.1\io.insert-koin\koin-androidx-compose\3.4.5\ae0a88b7a68d507e651c5a3d70a541594bea54cb\koin-androidx-compose-3.4.5.aar;C:\Users\HP\.gradle\caches\modules-2\files-2.1\androidx.navigation\navigation-compose\2.6.0\3f8ce7b0bad21cced0c47b42b6347c65a6e422c3\navigation-compose-2.6.0.aar;C:\Users\HP\.gradle\caches\modules-2\files-2.1\org.jetbrains.kotlin\kotlin-stdlib-jdk8\1.8.21\67f57e154437cd9e6e9cf368394b95814836ff88\kotlin-stdlib-jdk8-1.8.21.jar;C:\Users\HP\.gradle\caches\modules-2\files-2.1\org.apache.poi\poi-ooxml\4.1.2\87d9a22aa9a7dd26e80c360e709f7ee02e32ab3b\poi-ooxml-4.1.2.jar;C:\Users\HP\.gradle\caches\modules-2\files-2.1\org.apache.poi\poi\4.1.2\964bf41cf68bce08e4ef6b2279b559fdf8d454f4\poi-4.1.2.jar;C:\Users\HP\.gradle\caches\modules-2\files-2.1\org.lwjgl\lwjgl-nfd\3.3.1\622318116996ddcff449b46cb38f0fdee39b8ac3\lwjgl-nfd-3.3.1.jar;C:\Users\HP\.gradle\caches\modules-2\files-2.1\org.lwjgl\lwjgl-nfd\3.3.1\2e007667e04ed3281152ae5c6e677fb1c2211691\lwjgl-nfd-3.3.1-natives-linux.jar;C:\Users\HP\.gradle\caches\modules-2\files-2.1\org.lwjgl\lwjgl\3.3.1\ae58664f88e18a9bb2c77b063833ca7aaec484cb\lwjgl-3.3.1.jar;C:\Users\HP\.gradle\caches\modules-2\files-2.1\io.insert-koin\koin-android\3.4.0\48715fbe06102a59a30bd45b06ed2400c16c6f45\koin-android-3.4.0.aar;C:\Users\HP\.gradle\caches\modules-2\files-2.1\org.lwjgl\lwjgl-nfd\3.3.1\b3e04e317f55dd738d8a345cdafd15b39f85a2ea\lwjgl-nfd-3.3.1-natives-linux-arm32.jar;C:\Users\HP\.gradle\caches\modules-2\files-2.1\androidx.lifecycle\lifecycle-viewmodel-compose\2.6.1\38cf3bb65ff3e0e5c3d63de2ebf5411d0898108c\lifecycle-viewmodel-compose-2.6.1.aar;C:\Users\HP\.gradle\caches\modules-2\files-2.1\org.lwjgl\lwjgl-nfd\3.3.1\f41dc62336f7ee4ab35705cfa440cc903d199165\lwjgl-nfd-3.3.1-natives-linux-arm64.jar;C:\Users\HP\.gradle\caches\modules-2\files-2.1\androi
Launcher Type: SUN_STANDARD

[Global flags]
     intx CICompilerCount                          = 3                                         {product} {ergonomic}
     uint ConcGCThreads                            = 1                                         {product} {ergonomic}
     uint G1ConcRefinementThreads                  = 4                                         {product} {ergonomic}
   size_t G1HeapRegionSize                         = 2097152                                   {product} {ergonomic}
    uintx GCDrainStackTargetSize                   = 64                                        {product} {ergonomic}
   size_t InitialHeapSize                          = 266338304                                 {product} {ergonomic}
   size_t MarkStackSize                            = 4194304                                   {product} {ergonomic}
   size_t MaxHeapSize                              = 4255121408                                {product} {ergonomic}
   size_t MaxNewSize                               = 2552233984                                {product} {ergonomic}
   size_t MinHeapDeltaBytes                        = 2097152                                   {product} {ergonomic}
   size_t MinHeapSize                              = 8388608                                   {product} {ergonomic}
    uintx NonNMethodCodeHeapSize                   = 5832780                                {pd product} {ergonomic}
    uintx NonProfiledCodeHeapSize                  = 122912730                              {pd product} {ergonomic}
    uintx ProfiledCodeHeapSize                     = 122912730                              {pd product} {ergonomic}
    uintx ReservedCodeCacheSize                    = 251658240                              {pd product} {ergonomic}
     bool SegmentedCodeCache                       = true                                      {product} {ergonomic}
   size_t SoftMaxHeapSize                          = 4255121408                             {manageable} {ergonomic}
     bool UseCompressedClassPointers               = true                           {product lp64_product} {ergonomic}
     bool UseCompressedOops                        = true                           {product lp64_product} {ergonomic}
     bool UseG1GC                                  = true                                      {product} {ergonomic}
     bool UseLargePagesIndividualAllocation        = false                                  {pd product} {ergonomic}

Logging:
Log output configuration:
 #0: stdout all=warning uptime,level,tags
 #1: stderr all=off uptime,level,tags

Environment Variables:
PATH=C:\Program Files\Common Files\Oracle\Java\javapath;C:\Program Files (x86)\Common Files\Oracle\Java\javapath;C:\Windows\system32;C:\Windows;C:\Windows\System32\Wbem;C:\Windows\System32\WindowsPowerShell\v1.0\;C:\Windows\System32\OpenSSH\;C:\xampp\php;C:\ProgramData\ComposerSetup\bin;C:\Program Files\nodejs\;C:\Program Files (x86)\Intel\Intel(R) Management Engine Components\DAL;C:\Program Files\Intel\Intel(R) Management Engine Components\DAL;C:\Program Files\Git\cmd;C:\Program Files\Fortect;C:\Users\HP\AppData\Local\Microsoft\WindowsApps;C:\Program Files\JetBrains\IntelliJ IDEA Community Edition 2021.3.2\bin;C:\Users\HP\AppData\Local\Programs\Microsoft VS Code\bin;C:\Users\HP\AppData\Local\JetBrains\Toolbox\scripts;C:\Users\HP\AppData\Local\GitHubDesktop\bin;C:\Users\HP\Desktop\camp\flutter_windows_3.7.6-stable\flutter\bin;C:\Users\HP\AppData\Roaming\Composer\vendor\bin;C:\Users\HP\AppData\Roaming\npm
USERNAME=HP
OS=Windows_NT
PROCESSOR_IDENTIFIER=Intel64 Family 6 Model 142 Stepping 9, GenuineIntel
TMP=C:\Users\HP\AppData\Local\Temp
TEMP=C:\Users\HP\AppData\Local\Temp



---------------  S Y S T E M  ---------------

OS:
 Windows 10 , 64 bit Build 19041 (10.0.19041.3155)
OS uptime: 2 days 21:46 hours
Hyper-V role detected

CPU: total 4 (initial active 4) (2 cores per cpu, 2 threads per core) family 6 model 142 stepping 9 microcode 0xf2, cx8, cmov, fxsr, ht, mmx, 3dnowpref, sse, sse2, sse3, ssse3, sse4.1, sse4.2, popcnt, lzcnt, tsc, tscinvbit, avx, avx2, aes, erms, clmul, bmi1, bmi2, rtm, adx, fma, vzeroupper, clflush, clflushopt, hv

Memory: 4k page, system-wide physical 16224M (6634M free)
TotalPageFile size 32096M (AvailPageFile size 20540M)
current process WorkingSet (physical memory assigned to process): 331M, peak: 371M
current process commit charge ("private bytes"): 367M, peak: 433M

vm_info: OpenJDK 64-Bit Server VM (17.0.7+7-LTS) for windows-amd64 JRE (17.0.7+7-LTS), built on Apr 14 2023 01:39:21 by "Administrator" with MS VC++ 15.9 (VS2017)

END.
