#
# A fatal error has been detected by the Java Runtime Environment:
#
#  EXCEPTION_ACCESS_VIOLATION (0xc0000005) at pc=0x00007ffe74e7ebe3, pid=17344, tid=1280
#
# JRE version: OpenJDK Runtime Environment Corretto-17.0.7.7.1 (17.0.7+7) (build 17.0.7+7-LTS)
# Java VM: OpenJDK 64-Bit Server VM Corretto-17.0.7.7.1 (17.0.7+7-LTS, mixed mode, sharing, tiered, compressed oops, compressed class ptrs, g1 gc, windows-amd64)
# Problematic frame:
# C  [ig9icd64.dll+0x9bebe3]
#
# No core dump will be written. Minidumps are not enabled by default on client versions of Windows
#
# If you would like to submit a bug report, please visit:
#   https://github.com/corretto/corretto-17/issues/
# The crash happened outside the Java Virtual Machine in native code.
# See problematic frame for where to report the bug.
#

---------------  S U M M A R Y ------------

Command Line: -Djava.library.path=C:\Users\HP\Desktop\newderar\build\classes\kotlin\jvm\main;C:\Users\HP\Desktop\newderar\build\processedResources\jvm\main -javaagent:C:\Program Files\JetBrains\IntelliJ IDEA Community Edition 2021.3.2\lib\idea_rt.jar=51987:C:\Program Files\JetBrains\IntelliJ IDEA Community Edition 2021.3.2\bin -Dfile.encoding=UTF-8 MainKt

Host: Intel(R) Core(TM) i5-7300U CPU @ 2.60GHz, 4 cores, 15G,  Windows 10 , 64 bit Build 19041 (10.0.19041.3155)
Time: Sat Jul  8 17:14:05 2023 Libya Standard Time elapsed time: 19.562866 seconds (0d 0h 0m 19s)

---------------  T H R E A D  ---------------

Current thread (0x000001efc0c049e0):  JavaThread "AWT-EventQueue-0" [_thread_in_native, id=1280, stack(0x000000eee5800000,0x000000eee5900000)]

Stack: [0x000000eee5800000,0x000000eee5900000],  sp=0x000000eee58fc5e8,  free space=1009k
Native frames: (J=compiled Java code, j=interpreted, Vv=VM code, C=native code)
C  [ig9icd64.dll+0x9bebe3]

Java frames: (J=compiled Java code, j=interpreted, Vv=VM code)
J 5012  org.jetbrains.skia.DirectContextKt.DirectContext_nFlush(J)V (0 bytes) @ 0x000001efad8d1869 [0x000001efad8d1820+0x0000000000000049]
J 4927 c1 org.jetbrains.skiko.context.ContextHandler.flush()V (17 bytes) @ 0x000001efa65184dc [0x000001efa6518360+0x000000000000017c]
J 4926 c1 org.jetbrains.skiko.context.ContextHandler.draw()V (91 bytes) @ 0x000001efa65177e4 [0x000001efa6516ce0+0x0000000000000b04]
J 4940 c1 org.jetbrains.skiko.redrawer.WindowsOpenGLRedrawer.draw()V (288 bytes) @ 0x000001efa6520e3c [0x000001efa6520720+0x000000000000071c]
J 4609 c1 org.jetbrains.skiko.redrawer.WindowsOpenGLRedrawer$Companion$frameDispatcher$1.invokeSuspend(Ljava/lang/Object;)Ljava/lang/Object; (379 bytes) @ 0x000001efa6451774 [0x000001efa6450400+0x0000000000001374]
J 4939 c1 org.jetbrains.skiko.redrawer.WindowsOpenGLRedrawer$Companion$frameDispatcher$1.invoke(Ljava/lang/Object;)Ljava/lang/Object; (9 bytes) @ 0x000001efa651fe84 [0x000001efa651f920+0x0000000000000564]
J 4602 c1 org.jetbrains.skiko.FrameDispatcher$job$1.invokeSuspend(Ljava/lang/Object;)Ljava/lang/Object; (156 bytes) @ 0x000001efa644b0c4 [0x000001efa644a720+0x00000000000009a4]
J 4954 c2 kotlin.coroutines.jvm.internal.BaseContinuationImpl.resumeWith(Ljava/lang/Object;)V (128 bytes) @ 0x000001efad8ad000 [0x000001efad8acfa0+0x0000000000000060]
J 4987 c2 kotlinx.coroutines.DispatchedTask.run()V (571 bytes) @ 0x000001efad8c60f0 [0x000001efad8c5d40+0x00000000000003b0]
J 5069 c2 java.awt.EventQueue.dispatchEvent(Ljava/awt/AWTEvent;)V java.desktop@17.0.7 (80 bytes) @ 0x000001efad8f5d20 [0x000001efad8f56e0+0x0000000000000640]
J 5093 c2 java.awt.EventDispatchThread.pumpOneEventForFilters(I)V java.desktop@17.0.7 (113 bytes) @ 0x000001efad91e42c [0x000001efad91dd40+0x00000000000006ec]
j  java.awt.EventDispatchThread.pumpEventsForFilter(ILjava/awt/Conditional;Ljava/awt/EventFilter;)V+35 java.desktop@17.0.7
j  java.awt.EventDispatchThread.pumpEventsForHierarchy(ILjava/awt/Conditional;Ljava/awt/Component;)V+11 java.desktop@17.0.7
j  java.awt.EventDispatchThread.pumpEvents(ILjava/awt/Conditional;)V+4 java.desktop@17.0.7
j  java.awt.EventDispatchThread.pumpEvents(Ljava/awt/Conditional;)V+3 java.desktop@17.0.7
j  java.awt.EventDispatchThread.run()V+9 java.desktop@17.0.7
v  ~StubRoutines::call_stub

siginfo: EXCEPTION_ACCESS_VIOLATION (0xc0000005), reading address 0xffffffffffffffff


Register to memory mapping:

RIP=0x00007ffe74e7ebe3 ig9icd64.dll
RAX=0x000000000fff0fff is an unknown value
RBX=0x00007ffe744c0000 ig9icd64.dll
RCX=0x000000033fcf3fcc is an unknown value
RDX=0x000000eee58fcb00 is pointing into the stack for thread: 0x000001efc0c049e0
RSP=0x000000eee58fc5e8 is pointing into the stack for thread: 0x000001efc0c049e0
RBP=0x000000eee58fc6f0 is pointing into the stack for thread: 0x000001efc0c049e0
RSI=0x000001efc80dabc0 points into unknown readable memory: 0x000001efc80a0d80 | 80 0d 0a c8 ef 01 00 00
RDI=0x000000eee58fc8f0 is pointing into the stack for thread: 0x000001efc0c049e0
R8 =0x000000eee58fc720 is pointing into the stack for thread: 0x000001efc0c049e0
R9 =0x000000eee58fcb00 is pointing into the stack for thread: 0x000001efc0c049e0
R10=0x000000eee58fc8f0 is pointing into the stack for thread: 0x000001efc0c049e0
R11=0x0 is NULL
R12=0x00007ffe752f15e0 ig9icd64.dll
R13=0x0 is NULL
R14=0x0 is NULL
R15=0x00000000000001c1 is an unknown value


Registers:
RAX=0x000000000fff0fff, RBX=0x00007ffe744c0000, RCX=0x000000033fcf3fcc, RDX=0x000000eee58fcb00
RSP=0x000000eee58fc5e8, RBP=0x000000eee58fc6f0, RSI=0x000001efc80dabc0, RDI=0x000000eee58fc8f0
R8 =0x000000eee58fc720, R9 =0x000000eee58fcb00, R10=0x000000eee58fc8f0, R11=0x0000000000000000
R12=0x00007ffe752f15e0, R13=0x0000000000000000, R14=0x0000000000000000, R15=0x00000000000001c1
RIP=0x00007ffe74e7ebe3, EFLAGS=0x0000000000010206

Top of Stack: (sp=0x000000eee58fc5e8)
0x000000eee58fc5e8:   00007ffe74e7c31b 0000000000000001
0x000000eee58fc5f8:   0000000000000000 000001efc88ba200
0x000000eee58fc608:   00007ffeda002622 000000ee00000065
0x000000eee58fc618:   000000eee58fc820 0000000000000000
0x000000eee58fc628:   000001efc8b67b40 0000000000000000
0x000000eee58fc638:   000001efc8976d80 000001efc88ba2d0
0x000000eee58fc648:   0000000000001100 0000000000000000
0x000000eee58fc658:   0000000000000000 000000eee58fc7d0
0x000000eee58fc668:   00007ffe74b179c0 0000000000000000
0x000000eee58fc678:   0000000000000000 0000000000000000
0x000000eee58fc688:   0000000000000000 00003c2cad0640f6
0x000000eee58fc698:   00007ffe744d6555 000001efc88ba2d0
0x000000eee58fc6a8:   0000000000000001 0000000000000000
0x000000eee58fc6b8:   00007ffee9b7b86b 0000000003590330
0x000000eee58fc6c8:   00000000000000bf 000001efd03849f0
0x000000eee58fc6d8:   0000000000000000 0000000000000000 

Instructions: (pc=0x00007ffe74e7ebe3)
0x00007ffe74e7eae3:   c1 75 31 00 48 89 51 08 48 89 01 8b 44 24 28 89
0x00007ffe74e7eaf3:   41 20 8b 44 24 30 89 41 24 48 8b c1 4c 89 41 10
0x00007ffe74e7eb03:   4c 89 49 18 c3 cc cc cc cc cc cc cc cc 48 89 5c
0x00007ffe74e7eb13:   24 08 8b 41 5c 48 8d 1d e1 14 64 ff 41 89 40 08
0x00007ffe74e7eb23:   4c 8b d1 8b 41 60 45 33 db 41 89 40 0c 4c 8b ca
0x00007ffe74e7eb33:   8b 41 64 41 89 40 10 8b 41 68 41 89 40 14 8b 41
0x00007ffe74e7eb43:   6c 41 89 40 18 8b 41 70 41 89 40 1c 48 63 41 74
0x00007ffe74e7eb53:   48 6b c8 34 8b 84 19 44 d1 ee 00 41 89 40 20 8b
0x00007ffe74e7eb63:   84 19 48 d1 ee 00 41 89 40 24 8b 84 19 4c d1 ee
0x00007ffe74e7eb73:   00 41 89 40 28 8b 84 19 50 d1 ee 00 41 89 40 2c
0x00007ffe74e7eb83:   8b 84 19 34 d1 ee 00 41 89 40 30 8b 84 19 38 d1
0x00007ffe74e7eb93:   ee 00 41 89 40 34 8b 84 19 3c d1 ee 00 41 89 40
0x00007ffe74e7eba3:   38 8b 84 19 40 d1 ee 00 41 89 40 3c 8b 84 19 24
0x00007ffe74e7ebb3:   d1 ee 00 41 89 40 40 8b 84 19 28 d1 ee 00 41 89
0x00007ffe74e7ebc3:   40 44 8b 84 19 2c d1 ee 00 41 89 40 48 8b 84 19
0x00007ffe74e7ebd3:   30 d1 ee 00 41 89 40 4c 49 63 42 78 48 6b c8 34
0x00007ffe74e7ebe3:   8b 84 19 44 d1 ee 00 41 89 40 50 8b 84 19 48 d1
0x00007ffe74e7ebf3:   ee 00 41 89 40 54 8b 84 19 4c d1 ee 00 41 89 40
0x00007ffe74e7ec03:   58 8b 84 19 50 d1 ee 00 41 89 40 5c 8b 84 19 34
0x00007ffe74e7ec13:   d1 ee 00 41 89 40 60 8b 84 19 38 d1 ee 00 41 89
0x00007ffe74e7ec23:   40 64 8b 84 19 3c d1 ee 00 41 89 40 68 8b 84 19
0x00007ffe74e7ec33:   40 d1 ee 00 41 89 40 6c 8b 84 19 24 d1 ee 00 41
0x00007ffe74e7ec43:   89 40 70 8b 84 19 28 d1 ee 00 41 89 40 74 8b 84
0x00007ffe74e7ec53:   19 2c d1 ee 00 41 89 40 78 8b 84 19 30 d1 ee 00
0x00007ffe74e7ec63:   41 89 40 7c 48 8b 42 18 8b 88 38 0b 00 00 f6 c1
0x00007ffe74e7ec73:   08 0f 84 86 00 00 00 8b 80 3c 0b 00 00 41 89 80
0x00007ffe74e7ec83:   80 00 00 00 48 8b 42 18 8b 88 40 0b 00 00 41 89
0x00007ffe74e7ec93:   88 84 00 00 00 48 8b 42 18 8b 88 44 0b 00 00 41
0x00007ffe74e7eca3:   89 88 88 00 00 00 48 8b 42 18 8b 88 48 0b 00 00
0x00007ffe74e7ecb3:   41 89 88 8c 00 00 00 48 8b 42 18 8b 88 4c 0b 00
0x00007ffe74e7ecc3:   00 41 89 88 90 00 00 00 48 8b 42 18 8b 88 50 0b
0x00007ffe74e7ecd3:   00 00 41 89 88 94 00 00 00 48 8b 42 18 8b 88 54 


Stack slot to memory mapping:
stack at sp + 0 slots: 0x00007ffe74e7c31b ig9icd64.dll
stack at sp + 1 slots: 0x0000000000000001 is an unknown value
stack at sp + 2 slots: 0x0 is NULL
stack at sp + 3 slots: 0x000001efc88ba200 points into unknown readable memory: 0x0000000000000000 | 00 00 00 00 00 00 00 00
stack at sp + 4 slots: 0x00007ffeda002622 igdgmm64.dll
stack at sp + 5 slots: 0x000000ee00000065 is an unknown value
stack at sp + 6 slots: 0x000000eee58fc820 is pointing into the stack for thread: 0x000001efc0c049e0
stack at sp + 7 slots: 0x0 is NULL


---------------  P R O C E S S  ---------------

Threads class SMR info:
_java_thread_list=0x000001efd0a65e50, length=30, elements={
0x000001ef9e077b60, 0x000001efc07289e0, 0x000001efc0729ad0, 0x000001efc073ae70,
0x000001efc073fa30, 0x000001efc07424f0, 0x000001efc0742ea0, 0x000001efc0743c30,
0x000001efc074b0d0, 0x000001efc086bfd0, 0x000001efc07125c0, 0x000001efc0c019c0,
0x000001efc0c03b70, 0x000001efc0c014f0, 0x000001efc0c036a0, 0x000001efc0c01e90,
0x000001efc0c049e0, 0x000001efc0c01020, 0x000001efc0c02830, 0x000001efc0c04510,
0x000001efc0c02d00, 0x000001efc0c02360, 0x000001efc5da83e0, 0x000001efc5da53c0,
0x000001efc5da7a40, 0x000001efc5da1a00, 0x000001efc5da3210, 0x000001efc5da1ed0,
0x000001efc5da3bb0, 0x000001efd0c29460
}

Java Threads: ( => current thread )
  0x000001ef9e077b60 JavaThread "main" [_thread_blocked, id=5956, stack(0x000000eee3d00000,0x000000eee3e00000)]
  0x000001efc07289e0 JavaThread "Reference Handler" daemon [_thread_blocked, id=7508, stack(0x000000eee4400000,0x000000eee4500000)]
  0x000001efc0729ad0 JavaThread "Finalizer" daemon [_thread_blocked, id=17900, stack(0x000000eee4500000,0x000000eee4600000)]
  0x000001efc073ae70 JavaThread "Signal Dispatcher" daemon [_thread_blocked, id=18260, stack(0x000000eee4600000,0x000000eee4700000)]
  0x000001efc073fa30 JavaThread "Attach Listener" daemon [_thread_blocked, id=13540, stack(0x000000eee4700000,0x000000eee4800000)]
  0x000001efc07424f0 JavaThread "Service Thread" daemon [_thread_blocked, id=18016, stack(0x000000eee4800000,0x000000eee4900000)]
  0x000001efc0742ea0 JavaThread "Monitor Deflation Thread" daemon [_thread_blocked, id=1120, stack(0x000000eee4900000,0x000000eee4a00000)]
  0x000001efc0743c30 JavaThread "C2 CompilerThread0" daemon [_thread_blocked, id=13592, stack(0x000000eee4a00000,0x000000eee4b00000)]
  0x000001efc074b0d0 JavaThread "C1 CompilerThread0" daemon [_thread_blocked, id=12320, stack(0x000000eee4b00000,0x000000eee4c00000)]
  0x000001efc086bfd0 JavaThread "Sweeper thread" daemon [_thread_blocked, id=16944, stack(0x000000eee4c00000,0x000000eee4d00000)]
  0x000001efc07125c0 JavaThread "Common-Cleaner" daemon [_thread_blocked, id=18392, stack(0x000000eee4d00000,0x000000eee4e00000)]
  0x000001efc0c019c0 JavaThread "Monitor Ctrl-Break" daemon [_thread_in_native, id=8132, stack(0x000000eee4f00000,0x000000eee5000000)]
  0x000001efc0c03b70 JavaThread "Notification Thread" daemon [_thread_blocked, id=7484, stack(0x000000eee5000000,0x000000eee5100000)]
  0x000001efc0c014f0 JavaThread "Java2D Disposer" daemon [_thread_blocked, id=14848, stack(0x000000eee5500000,0x000000eee5600000)]
  0x000001efc0c036a0 JavaThread "AWT-Shutdown" [_thread_blocked, id=11664, stack(0x000000eee5600000,0x000000eee5700000)]
  0x000001efc0c01e90 JavaThread "AWT-Windows" daemon [_thread_in_native, id=19040, stack(0x000000eee5700000,0x000000eee5800000)]
=>0x000001efc0c049e0 JavaThread "AWT-EventQueue-0" [_thread_in_native, id=1280, stack(0x000000eee5800000,0x000000eee5900000)]
  0x000001efc0c01020 JavaThread "Reference Cleaner" daemon [_thread_blocked, id=7476, stack(0x000000eee5900000,0x000000eee5a00000)]
  0x000001efc0c02830 JavaThread "DefaultDispatcher-worker-1" daemon [_thread_blocked, id=2952, stack(0x000000eee5a00000,0x000000eee5b00000)]
  0x000001efc0c04510 JavaThread "DefaultDispatcher-worker-2" daemon [_thread_blocked, id=11140, stack(0x000000eee5b00000,0x000000eee5c00000)]
  0x000001efc0c02d00 JavaThread "DefaultDispatcher-worker-3" daemon [_thread_blocked, id=8908, stack(0x000000eee5c00000,0x000000eee5d00000)]
  0x000001efc0c02360 JavaThread "kotlinx.coroutines.DefaultExecutor" daemon [_thread_blocked, id=6784, stack(0x000000eee5d00000,0x000000eee5e00000)]
  0x000001efc5da83e0 JavaThread "TimerQueue" daemon [_thread_blocked, id=10132, stack(0x000000eee6000000,0x000000eee6100000)]
  0x000001efc5da53c0 JavaThread "RealmFinalizingDaemon" daemon [_thread_blocked, id=8368, stack(0x000000eee6300000,0x000000eee6400000)]
  0x000001efc5da7a40 JavaThread "core-notifier" daemon [_thread_in_native, id=14276, stack(0x000000eee6500000,0x000000eee6600000)]
  0x000001efc5da1a00 JavaThread "DefaultDispatcher-worker-4" daemon [_thread_blocked, id=18468, stack(0x000000eee6700000,0x000000eee6800000)]
  0x000001efc5da3210 JavaThread "DefaultDispatcher-worker-5" daemon [_thread_blocked, id=17072, stack(0x000000eee6800000,0x000000eee6900000)]
  0x000001efc5da1ed0 JavaThread "DefaultDispatcher-worker-6" daemon [_thread_blocked, id=16088, stack(0x000000eee6900000,0x000000eee6a00000)]
  0x000001efc5da3bb0 JavaThread "SIGINT handler" daemon [_thread_blocked, id=19388, stack(0x000000eee6100000,0x000000eee6200000)]
  0x000001efd0c29460 JavaThread "ToolkitShutdown" daemon [_thread_in_native, id=3120, stack(0x000000eee6b00000,0x000000eee6c00000)]

Other Threads:
  0x000001efc0723120 VMThread "VM Thread" [stack: 0x000000eee4300000,0x000000eee4400000] [id=14208]
  0x000001efc5015680 WatcherThread [stack: 0x000000eee5100000,0x000000eee5200000] [id=19364]
  0x000001ef9e0e1cf0 GCTaskThread "GC Thread#0" [stack: 0x000000eee3e00000,0x000000eee3f00000] [id=14308]
  0x000001efc529cd30 GCTaskThread "GC Thread#1" [stack: 0x000000eee5200000,0x000000eee5300000] [id=18656]
  0x000001efc529cfe0 GCTaskThread "GC Thread#2" [stack: 0x000000eee5300000,0x000000eee5400000] [id=18996]
  0x000001efc529d290 GCTaskThread "GC Thread#3" [stack: 0x000000eee5400000,0x000000eee5500000] [id=8804]
  0x000001ef9e0f29c0 ConcurrentGCThread "G1 Main Marker" [stack: 0x000000eee3f00000,0x000000eee4000000] [id=4984]
  0x000001ef9e0f3c10 ConcurrentGCThread "G1 Conc#0" [stack: 0x000000eee4000000,0x000000eee4100000] [id=16324]
  0x000001ef9e12e1a0 ConcurrentGCThread "G1 Refine#0" [stack: 0x000000eee4100000,0x000000eee4200000] [id=12992]
  0x000001ef9e12ebc0 ConcurrentGCThread "G1 Service" [stack: 0x000000eee4200000,0x000000eee4300000] [id=16300]

Threads with active compile tasks:

VM state: not at safepoint (normal execution)

VM Mutex/Monitor currently owned by a thread: None

Heap address: 0x0000000702600000, size: 4058 MB, Compressed Oops mode: Zero based, Oop shift amount: 3

CDS archive(s) mapped at: [0x0000000800000000-0x0000000800bc0000-0x0000000800bc0000), size 12320768, SharedBaseAddress: 0x0000000800000000, ArchiveRelocationMode: 0.
Compressed class space mapped at: 0x0000000801000000-0x0000000841000000, reserved size: 1073741824
Narrow klass base: 0x0000000800000000, Narrow klass shift: 0, Narrow klass range: 0x100000000

GC Precious Log:
 CPUs: 4 total, 4 available
 Memory: 16224M
 Large Page Support: Disabled
 NUMA Support: Disabled
 Compressed Oops: Enabled (Zero based)
 Heap Region Size: 2M
 Heap Min Capacity: 8M
 Heap Initial Capacity: 254M
 Heap Max Capacity: 4058M
 Pre-touch: Disabled
 Parallel Workers: 4
 Concurrent Workers: 1
 Concurrent Refinement Workers: 4
 Periodic GC: Disabled

Heap:
 garbage-first heap   total 59392K, used 31702K [0x0000000702600000, 0x0000000800000000)
  region size 2048K, 5 young (10240K), 1 survivors (2048K)
 Metaspace       used 34077K, committed 34304K, reserved 1114112K
  class space    used 3708K, committed 3840K, reserved 1048576K

Heap Regions: E=young(eden), S=young(survivor), O=old, HS=humongous(starts), HC=humongous(continues), CS=collection set, F=free, OA=open archive, CA=closed archive, TAMS=top-at-mark-start (previous, next)
|   0|0x0000000702600000, 0x0000000702800000, 0x0000000702800000|100%|HS|  |TAMS 0x0000000702800000, 0x0000000702600000| Complete 
|   1|0x0000000702800000, 0x0000000702a00000, 0x0000000702a00000|100%| O|  |TAMS 0x0000000702a00000, 0x0000000702800000| Untracked 
|   2|0x0000000702a00000, 0x0000000702c00000, 0x0000000702c00000|100%| O|  |TAMS 0x0000000702c00000, 0x0000000702a00000| Untracked 
|   3|0x0000000702c00000, 0x0000000702dad800, 0x0000000702e00000| 83%| O|  |TAMS 0x0000000702dad800, 0x0000000702c00000| Untracked 
|   4|0x0000000702e00000, 0x0000000703000000, 0x0000000703000000|100%| O|  |TAMS 0x0000000703000000, 0x0000000702e00000| Untracked 
|   5|0x0000000703000000, 0x0000000703200000, 0x0000000703200000|100%| O|  |TAMS 0x0000000703125800, 0x0000000703000000| Untracked 
|   6|0x0000000703200000, 0x00000007032ff200, 0x0000000703400000| 49%| O|  |TAMS 0x0000000703200000, 0x0000000703200000| Untracked 
|   7|0x0000000703400000, 0x0000000703400000, 0x0000000703600000|  0%| F|  |TAMS 0x0000000703400000, 0x0000000703400000| Untracked 
|   8|0x0000000703600000, 0x0000000703600000, 0x0000000703800000|  0%| F|  |TAMS 0x0000000703600000, 0x0000000703600000| Untracked 
|   9|0x0000000703800000, 0x0000000703800000, 0x0000000703a00000|  0%| F|  |TAMS 0x0000000703800000, 0x0000000703800000| Untracked 
|  10|0x0000000703a00000, 0x0000000703c00000, 0x0000000703c00000|100%| O|  |TAMS 0x0000000703c00000, 0x0000000703a00000| Untracked 
|  11|0x0000000703c00000, 0x0000000703e00000, 0x0000000703e00000|100%| O|  |TAMS 0x0000000703e00000, 0x0000000703c00000| Untracked 
|  12|0x0000000703e00000, 0x0000000704000000, 0x0000000704000000|100%|HS|  |TAMS 0x0000000704000000, 0x0000000703e00000| Complete 
|  13|0x0000000704000000, 0x0000000704200000, 0x0000000704200000|100%|HC|  |TAMS 0x0000000704200000, 0x0000000704000000| Complete 
|  14|0x0000000704200000, 0x0000000704400000, 0x0000000704400000|100%|HC|  |TAMS 0x0000000704400000, 0x0000000704200000| Complete 
|  15|0x0000000704400000, 0x0000000704600000, 0x0000000704600000|100%|HC|  |TAMS 0x0000000704600000, 0x0000000704400000| Complete 
|  16|0x0000000704600000, 0x0000000704600000, 0x0000000704800000|  0%| F|  |TAMS 0x0000000704600000, 0x0000000704600000| Untracked 
|  17|0x0000000704800000, 0x0000000704800000, 0x0000000704a00000|  0%| F|  |TAMS 0x0000000704800000, 0x0000000704800000| Untracked 
|  18|0x0000000704a00000, 0x0000000704a00000, 0x0000000704c00000|  0%| F|  |TAMS 0x0000000704a00000, 0x0000000704a00000| Untracked 
|  19|0x0000000704c00000, 0x0000000704c00000, 0x0000000704e00000|  0%| F|  |TAMS 0x0000000704c00000, 0x0000000704c00000| Untracked 
|  20|0x0000000704e00000, 0x0000000704e00000, 0x0000000705000000|  0%| F|  |TAMS 0x0000000704e00000, 0x0000000704e00000| Untracked 
|  21|0x0000000705000000, 0x0000000705048ec0, 0x0000000705200000| 14%| S|CS|TAMS 0x0000000705000000, 0x0000000705000000| Complete 
|  22|0x0000000705200000, 0x0000000705200000, 0x0000000705400000|  0%| F|  |TAMS 0x0000000705200000, 0x0000000705200000| Untracked 
|  23|0x0000000705400000, 0x0000000705400000, 0x0000000705600000|  0%| F|  |TAMS 0x0000000705400000, 0x0000000705400000| Untracked 
|  24|0x0000000705600000, 0x0000000705600000, 0x0000000705800000|  0%| F|  |TAMS 0x0000000705600000, 0x0000000705600000| Untracked 
|  25|0x0000000705800000, 0x0000000705815278, 0x0000000705a00000|  4%| E|  |TAMS 0x0000000705800000, 0x0000000705800000| Complete 
| 106|0x000000070fa00000, 0x000000070fc00000, 0x000000070fc00000|100%| E|CS|TAMS 0x000000070fa00000, 0x000000070fa00000| Complete 
| 107|0x000000070fc00000, 0x000000070fe00000, 0x000000070fe00000|100%| E|CS|TAMS 0x000000070fc00000, 0x000000070fc00000| Complete 
| 126|0x0000000712200000, 0x0000000712400000, 0x0000000712400000|100%| E|CS|TAMS 0x0000000712200000, 0x0000000712200000| Complete 

Card table byte_map: [0x000001efb5360000,0x000001efb5b50000] _byte_map_base: 0x000001efb1b4d000

Marking Bits (Prev, Next): (CMBitMap*) 0x000001ef9e0e2300, (CMBitMap*) 0x000001ef9e0e2340
 Prev Bits: [0x000001efb6340000, 0x000001efba2a8000)
 Next Bits: [0x000001efba2b0000, 0x000001efbe218000)

Polling page: 0x000001ef9d830000

Metaspace:

Usage:
  Non-class:     29.66 MB used.
      Class:      3.62 MB used.
       Both:     33.28 MB used.

Virtual space:
  Non-class space:       64.00 MB reserved,      29.75 MB ( 46%) committed,  1 nodes.
      Class space:        1.00 GB reserved,       3.75 MB ( <1%) committed,  1 nodes.
             Both:        1.06 GB reserved,      33.50 MB (  3%) committed. 

Chunk freelists:
   Non-Class:  1.66 MB
       Class:  12.30 MB
        Both:  13.95 MB

MaxMetaspaceSize: unlimited
CompressedClassSpaceSize: 1.00 GB
Initial GC threshold: 21.00 MB
Current GC threshold: 55.88 MB
CDS: on
MetaspaceReclaimPolicy: balanced
 - commit_granule_bytes: 65536.
 - commit_granule_words: 8192.
 - virtual_space_node_default_size: 8388608.
 - enlarge_chunks_in_place: 1.
 - new_chunks_are_fully_committed: 0.
 - uncommit_free_chunks: 1.
 - use_allocation_guard: 0.
 - handle_deallocations: 1.


Internal statistics:

num_allocs_failed_limit: 3.
num_arena_births: 160.
num_arena_deaths: 0.
num_vsnodes_births: 2.
num_vsnodes_deaths: 0.
num_space_committed: 536.
num_space_uncommitted: 0.
num_chunks_returned_to_freelist: 3.
num_chunks_taken_from_freelist: 1055.
num_chunk_merges: 3.
num_chunk_splits: 912.
num_chunks_enlarged: 831.
num_inconsistent_stats: 0.

CodeHeap 'non-profiled nmethods': size=120000Kb used=2969Kb max_used=2969Kb free=117030Kb
 bounds [0x000001efad640000, 0x000001efad930000, 0x000001efb4b70000]
CodeHeap 'profiled nmethods': size=120000Kb used=10102Kb max_used=10102Kb free=109897Kb
 bounds [0x000001efa5b70000, 0x000001efa6550000, 0x000001efad0a0000]
CodeHeap 'non-nmethods': size=5760Kb used=1867Kb max_used=1947Kb free=3892Kb
 bounds [0x000001efad0a0000, 0x000001efad310000, 0x000001efad640000]
 total_blobs=6439 nmethods=5096 adapters=1255
 compilation: enabled
              stopped_count=0, restarted_count=0
 full_count=0

Compilation events (20 events):
Event: 18.818 Thread 0x000001efc0743c30 5087       4       androidx.compose.runtime.ComposerImpl::realizeOperationLocation (99 bytes)
Event: 18.823 Thread 0x000001efc0743c30 nmethod 5087 0x000001efad91c990 code [0x000001efad91cb40, 0x000001efad91cee8]
Event: 18.985 Thread 0x000001efc0743c30 5088       4       androidx.compose.runtime.snapshots.SnapshotStateObserver::removeChanges (157 bytes)
Event: 18.985 Thread 0x000001efc074b0d0 5089       3       org.jetbrains.skiko.SkiaLayer$draw$2::invoke (9 bytes)
Event: 18.986 Thread 0x000001efc074b0d0 nmethod 5089 0x000001efa654b710 code [0x000001efa654b8c0, 0x000001efa654bae8]
Event: 18.986 Thread 0x000001efc074b0d0 5090       3       org.jetbrains.skiko.SkiaLayer$draw$2::invoke (23 bytes)
Event: 18.986 Thread 0x000001efc074b0d0 nmethod 5090 0x000001efa654bb90 code [0x000001efa654bdc0, 0x000001efa654c408]
Event: 18.986 Thread 0x000001efc074b0d0 5091       3       org.jetbrains.skia.Canvas::drawPicture$default (42 bytes)
Event: 18.986 Thread 0x000001efc074b0d0 nmethod 5091 0x000001efa654c690 code [0x000001efa654c860, 0x000001efa654cb18]
Event: 18.987 Thread 0x000001efc0743c30 nmethod 5088 0x000001efad91d190 code [0x000001efad91d320, 0x000001efad91d498]
Event: 19.122 Thread 0x000001efc0743c30 5092       4       kotlin.sequences.FilteringSequence$iterator$1::next (44 bytes)
Event: 19.123 Thread 0x000001efc0743c30 nmethod 5092 0x000001efad91d610 code [0x000001efad91d780, 0x000001efad91d898]
Event: 19.172 Thread 0x000001efc0743c30 5093   !   4       java.awt.EventDispatchThread::pumpOneEventForFilters (113 bytes)
Event: 19.280 Thread 0x000001efc0743c30 nmethod 5093 0x000001efad91d990 code [0x000001efad91dd40, 0x000001efad920d60]
Event: 19.280 Thread 0x000001efc0743c30 5095   !   4       java.awt.EventDispatchThread::filterAndCheckEvent (108 bytes)
Event: 19.285 Thread 0x000001efc0743c30 nmethod 5095 0x000001efad922810 code [0x000001efad9229a0, 0x000001efad922d38]
Event: 19.285 Thread 0x000001efc0743c30 5094   !   4       java.awt.EventQueue::getNextEvent (84 bytes)
Event: 19.340 Thread 0x000001efc0743c30 nmethod 5094 0x000001efad923010 code [0x000001efad923320, 0x000001efad924f28]
Event: 19.531 Thread 0x000001efc074b0d0 5096       3       java.util.IdentityHashMap$IdentityHashMapIterator::nextIndex (72 bytes)
Event: 19.531 Thread 0x000001efc074b0d0 nmethod 5096 0x000001efa654cc90 code [0x000001efa654ce60, 0x000001efa654d2a8]

GC Heap History (20 events):
Event: 0.724 GC heap before
{Heap before GC invocations=1 (full 0):
 garbage-first heap   total 260096K, used 15383K [0x0000000702600000, 0x0000000800000000)
  region size 2048K, 6 young (12288K), 1 survivors (2048K)
 Metaspace       used 5814K, committed 6016K, reserved 1114112K
  class space    used 468K, committed 576K, reserved 1048576K
}
Event: 0.726 GC heap after
{Heap after GC invocations=2 (full 0):
 garbage-first heap   total 260096K, used 8310K [0x0000000702600000, 0x0000000800000000)
  region size 2048K, 1 young (2048K), 1 survivors (2048K)
 Metaspace       used 5814K, committed 6016K, reserved 1114112K
  class space    used 468K, committed 576K, reserved 1048576K
}
Event: 2.048 GC heap before
{Heap before GC invocations=2 (full 0):
 garbage-first heap   total 260096K, used 36982K [0x0000000702600000, 0x0000000800000000)
  region size 2048K, 15 young (30720K), 1 survivors (2048K)
 Metaspace       used 14862K, committed 15040K, reserved 1114112K
  class space    used 1532K, committed 1600K, reserved 1048576K
}
Event: 2.052 GC heap after
{Heap after GC invocations=3 (full 0):
 garbage-first heap   total 260096K, used 10339K [0x0000000702600000, 0x0000000800000000)
  region size 2048K, 2 young (4096K), 2 survivors (4096K)
 Metaspace       used 14862K, committed 15040K, reserved 1114112K
  class space    used 1532K, committed 1600K, reserved 1048576K
}
Event: 3.306 GC heap before
{Heap before GC invocations=3 (full 0):
 garbage-first heap   total 260096K, used 43107K [0x0000000702600000, 0x0000000800000000)
  region size 2048K, 19 young (38912K), 2 survivors (4096K)
 Metaspace       used 21331K, committed 21504K, reserved 1114112K
  class space    used 2277K, committed 2368K, reserved 1048576K
}
Event: 3.311 GC heap after
{Heap after GC invocations=4 (full 0):
 garbage-first heap   total 260096K, used 11827K [0x0000000702600000, 0x0000000800000000)
  region size 2048K, 2 young (4096K), 2 survivors (4096K)
 Metaspace       used 21331K, committed 21504K, reserved 1114112K
  class space    used 2277K, committed 2368K, reserved 1048576K
}
Event: 5.120 GC heap before
{Heap before GC invocations=5 (full 0):
 garbage-first heap   total 49152K, used 38451K [0x0000000702600000, 0x0000000800000000)
  region size 2048K, 10 young (20480K), 2 survivors (4096K)
 Metaspace       used 24185K, committed 24448K, reserved 1114112K
  class space    used 2618K, committed 2752K, reserved 1048576K
}
Event: 5.126 GC heap after
{Heap after GC invocations=6 (full 0):
 garbage-first heap   total 49152K, used 24572K [0x0000000702600000, 0x0000000800000000)
  region size 2048K, 1 young (2048K), 1 survivors (2048K)
 Metaspace       used 24185K, committed 24448K, reserved 1114112K
  class space    used 2618K, committed 2752K, reserved 1048576K
}
Event: 5.319 GC heap before
{Heap before GC invocations=6 (full 0):
 garbage-first heap   total 49152K, used 32764K [0x0000000702600000, 0x0000000800000000)
  region size 2048K, 5 young (10240K), 1 survivors (2048K)
 Metaspace       used 25352K, committed 25600K, reserved 1114112K
  class space    used 2740K, committed 2880K, reserved 1048576K
}
Event: 5.323 GC heap after
{Heap after GC invocations=7 (full 0):
 garbage-first heap   total 49152K, used 19370K [0x0000000702600000, 0x0000000800000000)
  region size 2048K, 1 young (2048K), 1 survivors (2048K)
 Metaspace       used 25352K, committed 25600K, reserved 1114112K
  class space    used 2740K, committed 2880K, reserved 1048576K
}
Event: 5.720 GC heap before
{Heap before GC invocations=8 (full 0):
 garbage-first heap   total 49152K, used 31658K [0x0000000702600000, 0x0000000800000000)
  region size 2048K, 8 young (16384K), 1 survivors (2048K)
 Metaspace       used 27733K, committed 27968K, reserved 1114112K
  class space    used 3098K, committed 3200K, reserved 1048576K
}
Event: 5.724 GC heap after
{Heap after GC invocations=9 (full 0):
 garbage-first heap   total 49152K, used 20396K [0x0000000702600000, 0x0000000800000000)
  region size 2048K, 1 young (2048K), 1 survivors (2048K)
 Metaspace       used 27733K, committed 27968K, reserved 1114112K
  class space    used 3098K, committed 3200K, reserved 1048576K
}
Event: 6.030 GC heap before
{Heap before GC invocations=9 (full 0):
 garbage-first heap   total 49152K, used 32684K [0x0000000702600000, 0x0000000800000000)
  region size 2048K, 8 young (16384K), 1 survivors (2048K)
 Metaspace       used 30925K, committed 31168K, reserved 1114112K
  class space    used 3447K, committed 3584K, reserved 1048576K
}
Event: 6.037 GC heap after
{Heap after GC invocations=10 (full 0):
 garbage-first heap   total 49152K, used 21220K [0x0000000702600000, 0x0000000800000000)
  region size 2048K, 1 young (2048K), 1 survivors (2048K)
 Metaspace       used 30925K, committed 31168K, reserved 1114112K
  class space    used 3447K, committed 3584K, reserved 1048576K
}
Event: 6.368 GC heap before
{Heap before GC invocations=10 (full 0):
 garbage-first heap   total 49152K, used 31460K [0x0000000702600000, 0x0000000800000000)
  region size 2048K, 7 young (14336K), 1 survivors (2048K)
 Metaspace       used 32970K, committed 33216K, reserved 1114112K
  class space    used 3683K, committed 3776K, reserved 1048576K
}
Event: 6.371 GC heap after
{Heap after GC invocations=11 (full 0):
 garbage-first heap   total 49152K, used 21898K [0x0000000702600000, 0x0000000800000000)
  region size 2048K, 1 young (2048K), 1 survivors (2048K)
 Metaspace       used 32970K, committed 33216K, reserved 1114112K
  class space    used 3683K, committed 3776K, reserved 1048576K
}
Event: 10.166 GC heap before
{Heap before GC invocations=12 (full 0):
 garbage-first heap   total 59392K, used 42378K [0x0000000702600000, 0x0000000800000000)
  region size 2048K, 7 young (14336K), 1 survivors (2048K)
 Metaspace       used 33908K, committed 34176K, reserved 1114112K
  class space    used 3702K, committed 3840K, reserved 1048576K
}
Event: 10.175 GC heap after
{Heap after GC invocations=13 (full 0):
 garbage-first heap   total 59392K, used 31564K [0x0000000702600000, 0x0000000800000000)
  region size 2048K, 1 young (2048K), 1 survivors (2048K)
 Metaspace       used 33908K, committed 34176K, reserved 1114112K
  class space    used 3702K, committed 3840K, reserved 1048576K
}
Event: 16.376 GC heap before
{Heap before GC invocations=13 (full 0):
 garbage-first heap   total 59392K, used 43852K [0x0000000702600000, 0x0000000800000000)
  region size 2048K, 7 young (14336K), 1 survivors (2048K)
 Metaspace       used 34042K, committed 34304K, reserved 1114112K
  class space    used 3705K, committed 3840K, reserved 1048576K
}
Event: 16.379 GC heap after
{Heap after GC invocations=14 (full 0):
 garbage-first heap   total 59392K, used 31702K [0x0000000702600000, 0x0000000800000000)
  region size 2048K, 1 young (2048K), 1 survivors (2048K)
 Metaspace       used 34042K, committed 34304K, reserved 1114112K
  class space    used 3705K, committed 3840K, reserved 1048576K
}

Dll operation events (14 events):
Event: 0.009 Loaded shared library C:\Users\HP\.jdks\corretto-17.0.7\bin\java.dll
Event: 0.020 Loaded shared library C:\Users\HP\.jdks\corretto-17.0.7\bin\jsvml.dll
Event: 0.198 Loaded shared library C:\Users\HP\.jdks\corretto-17.0.7\bin\zip.dll
Event: 0.201 Loaded shared library C:\Users\HP\.jdks\corretto-17.0.7\bin\instrument.dll
Event: 0.207 Loaded shared library C:\Users\HP\.jdks\corretto-17.0.7\bin\net.dll
Event: 0.209 Loaded shared library C:\Users\HP\.jdks\corretto-17.0.7\bin\nio.dll
Event: 0.214 Loaded shared library C:\Users\HP\.jdks\corretto-17.0.7\bin\zip.dll
Event: 0.314 Loaded shared library C:\Program Files\JetBrains\IntelliJ IDEA Community Edition 2021.3.2\bin\breakgen64.dll
Event: 0.499 Loaded shared library C:\Users\HP\.jdks\corretto-17.0.7\bin\jimage.dll
Event: 0.504 Loaded shared library C:\Users\HP\.jdks\corretto-17.0.7\bin\awt.dll
Event: 1.464 Loaded shared library C:\Users\HP\.skiko\0de0d8dd8554d9bb66cfca3837db6514ff9b71080e998917280a3b777460a416\skiko-windows-x64.dll
Event: 1.915 Loaded shared library C:\Users\HP\.jdks\corretto-17.0.7\bin\freetype.dll
Event: 1.916 Loaded shared library C:\Users\HP\.jdks\corretto-17.0.7\bin\fontmanager.dll
Event: 5.856 Loaded shared library C:\Users\HP\AppData\Local\io-realm-kotlin\f7113120ba00ba1ff91d696eecd3919e85a4e34e\realmc.dll

Deoptimization events (20 events):
Event: 17.519 Thread 0x000001efc0c049e0 Uncommon trap: trap_request=0xffffffd6 fr.pc=0x000001efad8fcad4 relative=0x0000000000004554
Event: 17.519 Thread 0x000001efc0c049e0 Uncommon trap: reason=array_check action=maybe_recompile pc=0x000001efad8fcad4 method=androidx.compose.runtime.collection.MutableVector.add(Ljava/lang/Object;)Z @ 19 c2
Event: 17.519 Thread 0x000001efc0c049e0 DEOPT PACKING pc=0x000001efad8fcad4 sp=0x000000eee58fddd0
Event: 17.519 Thread 0x000001efc0c049e0 DEOPT UNPACKING pc=0x000001efad0f69a3 sp=0x000000eee58fdd80 mode 2
Event: 17.520 Thread 0x000001efc0c049e0 Uncommon trap: trap_request=0xffffffd6 fr.pc=0x000001efad8fcad4 relative=0x0000000000004554
Event: 17.520 Thread 0x000001efc0c049e0 Uncommon trap: reason=array_check action=maybe_recompile pc=0x000001efad8fcad4 method=androidx.compose.runtime.collection.MutableVector.add(Ljava/lang/Object;)Z @ 19 c2
Event: 17.520 Thread 0x000001efc0c049e0 DEOPT PACKING pc=0x000001efad8fcad4 sp=0x000000eee58fddd0
Event: 17.520 Thread 0x000001efc0c049e0 DEOPT UNPACKING pc=0x000001efad0f69a3 sp=0x000000eee58fdd80 mode 2
Event: 17.520 Thread 0x000001efc0c049e0 Uncommon trap: trap_request=0xffffffd6 fr.pc=0x000001efad8fcad4 relative=0x0000000000004554
Event: 17.520 Thread 0x000001efc0c049e0 Uncommon trap: reason=array_check action=maybe_recompile pc=0x000001efad8fcad4 method=androidx.compose.runtime.collection.MutableVector.add(Ljava/lang/Object;)Z @ 19 c2
Event: 17.520 Thread 0x000001efc0c049e0 DEOPT PACKING pc=0x000001efad8fcad4 sp=0x000000eee58fddd0
Event: 17.520 Thread 0x000001efc0c049e0 DEOPT UNPACKING pc=0x000001efad0f69a3 sp=0x000000eee58fdd80 mode 2
Event: 17.520 Thread 0x000001efc0c049e0 Uncommon trap: trap_request=0xffffffd6 fr.pc=0x000001efad8fcad4 relative=0x0000000000004554
Event: 17.520 Thread 0x000001efc0c049e0 Uncommon trap: reason=array_check action=maybe_recompile pc=0x000001efad8fcad4 method=androidx.compose.runtime.collection.MutableVector.add(Ljava/lang/Object;)Z @ 19 c2
Event: 17.520 Thread 0x000001efc0c049e0 DEOPT PACKING pc=0x000001efad8fcad4 sp=0x000000eee58fddd0
Event: 17.520 Thread 0x000001efc0c049e0 DEOPT UNPACKING pc=0x000001efad0f69a3 sp=0x000000eee58fdd80 mode 2
Event: 17.520 Thread 0x000001efc0c049e0 Uncommon trap: trap_request=0xffffffd6 fr.pc=0x000001efad895b3c relative=0x000000000000049c
Event: 17.520 Thread 0x000001efc0c049e0 Uncommon trap: reason=array_check action=maybe_recompile pc=0x000001efad895b3c method=androidx.compose.runtime.collection.MutableVector.add(Ljava/lang/Object;)Z @ 19 c2
Event: 17.520 Thread 0x000001efc0c049e0 DEOPT PACKING pc=0x000001efad895b3c sp=0x000000eee58fdda0
Event: 17.520 Thread 0x000001efc0c049e0 DEOPT UNPACKING pc=0x000001efad0f69a3 sp=0x000000eee58fdd78 mode 2

Classes unloaded (0 events):
No events

Classes redefined (0 events):
No events

Internal exceptions (20 events):
Event: 0.959 Thread 0x000001efc0c049e0 Exception <a 'java/lang/NoSuchMethodError'{0x00000007120e5258}: 'java.lang.Object java.lang.invoke.DirectMethodHandle$Holder.invokeStaticInit(java.lang.Object, java.lang.Object, int, int, int, int)'> (0x00000007120e5258) 
thrown [s\src\hotspot\share\interpreter\linkResolver.cpp, line 759]
Event: 1.198 Thread 0x000001efc0c049e0 Exception <a 'java/lang/NoSuchMethodError'{0x0000000711d0ca18}: 'double java.lang.invoke.DirectMethodHandle$Holder.invokeStatic(java.lang.Object, double)'> (0x0000000711d0ca18) 
thrown [s\src\hotspot\share\interpreter\linkResolver.cpp, line 759]
Event: 1.201 Thread 0x000001efc0c049e0 Exception <a 'java/lang/NoSuchMethodError'{0x0000000711d10478}: 'double java.lang.invoke.DirectMethodHandle$Holder.invokeStaticInit(java.lang.Object, double)'> (0x0000000711d10478) 
thrown [s\src\hotspot\share\interpreter\linkResolver.cpp, line 759]
Event: 1.213 Thread 0x000001efc0c049e0 Exception <a 'java/lang/NoSuchMethodError'{0x0000000711defcb0}: 'java.lang.Object java.lang.invoke.DirectMethodHandle$Holder.newInvokeSpecial(java.lang.Object, double)'> (0x0000000711defcb0) 
thrown [s\src\hotspot\share\interpreter\linkResolver.cpp, line 759]
Event: 1.712 Thread 0x000001efc0c049e0 Exception <a 'java/lang/NoSuchMethodError'{0x0000000710c2f220}: 'void java.lang.invoke.DirectMethodHandle$Holder.invokeSpecial(java.lang.Object, java.lang.Object, java.lang.Object)'> (0x0000000710c2f220) 
thrown [s\src\hotspot\share\interpreter\linkResolver.cpp, line 759]
Event: 1.724 Thread 0x000001efc0c049e0 Exception <a 'java/lang/NoSuchMethodError'{0x0000000710c59630}: 'java.lang.Object java.lang.invoke.DirectMethodHandle$Holder.newInvokeSpecial(java.lang.Object, java.lang.Object, java.lang.Object, java.lang.Object, java.lang.Object)'> (0x0000000710c59630) 
thrown [s\src\hotspot\share\interpreter\linkResolver.cpp, line 759]
Event: 1.726 Thread 0x000001efc0c049e0 Exception <a 'java/lang/NoSuchMethodError'{0x0000000710c652a0}: 'java.lang.Object java.lang.invoke.DirectMethodHandle$Holder.invokeStatic(java.lang.Object, int, java.lang.Object, java.lang.Object, java.lang.Object, java.lang.Object)'> (0x0000000710c652a0) 
thrown [s\src\hotspot\share\interpreter\linkResolver.cpp, line 759]
Event: 1.731 Thread 0x000001efc0c049e0 Exception <a 'java/lang/NoSuchMethodError'{0x0000000710c8ad08}: 'java.lang.Object java.lang.invoke.DirectMethodHandle$Holder.invokeStatic(java.lang.Object, int, java.lang.Object)'> (0x0000000710c8ad08) 
thrown [s\src\hotspot\share\interpreter\linkResolver.cpp, line 759]
Event: 1.764 Thread 0x000001efc0c049e0 Exception <a 'java/lang/ClassNotFoundException'{0x0000000710d46ed0}: com/sun/swing/internal/plaf/metal/resources/spi/metalProvider> (0x0000000710d46ed0) 
thrown [s\src\hotspot\share\classfile\systemDictionary.cpp, line 256]
Event: 1.765 Thread 0x000001efc0c049e0 Exception <a 'java/lang/ClassNotFoundException'{0x0000000710d4ae70}: com/sun/swing/internal/plaf/basic/resources/spi/basicProvider> (0x0000000710d4ae70) 
thrown [s\src\hotspot\share\classfile\systemDictionary.cpp, line 256]
Event: 1.770 Thread 0x000001efc0c049e0 Implicit null exception at 0x000001efad6be60f to 0x000001efad6be689
Event: 1.773 Thread 0x000001efc0c049e0 Implicit null exception at 0x000001efad66dc10 to 0x000001efad66dfe4
Event: 1.773 Thread 0x000001efc0c049e0 Implicit null exception at 0x000001efad668890 to 0x000001efad668c48
Event: 1.800 Thread 0x000001efc0c049e0 Exception <a 'java/lang/NoSuchMethodError'{0x0000000710a5d400}: 'void java.lang.invoke.DirectMethodHandle$Holder.invokeStatic(java.lang.Object, java.lang.Object, java.lang.Object)'> (0x0000000710a5d400) 
thrown [s\src\hotspot\share\interpreter\linkResolver.cpp, line 759]
Event: 1.910 Thread 0x000001efc0c049e0 Exception <a 'java/lang/NoSuchMethodError'{0x000000071093b5e8}: 'void java.lang.invoke.DirectMethodHandle$Holder.invokeStaticInit(java.lang.Object)'> (0x000000071093b5e8) 
thrown [s\src\hotspot\share\interpreter\linkResolver.cpp, line 759]
Event: 2.133 Thread 0x000001efc0c049e0 Exception <a 'java/lang/NoSuchMethodError'{0x000000071217c0c0}: 'int java.lang.invoke.DirectMethodHandle$Holder.invokeStaticInit(java.lang.Object, java.lang.Object, java.lang.Object)'> (0x000000071217c0c0) 
thrown [s\src\hotspot\share\interpreter\linkResolver.cpp, line 759]
Event: 2.635 Thread 0x000001efc0c01e90 Exception <a 'java/lang/NoSuchMethodError'{0x0000000710a00be8}: 'void java.lang.invoke.DirectMethodHandle$Holder.invokeVirtual(java.lang.Object, java.lang.Object)'> (0x0000000710a00be8) 
thrown [s\src\hotspot\share\interpreter\linkResolver.cpp, line 759]
Event: 4.950 Thread 0x000001efc0c049e0 Exception <a 'java/lang/NoSuchMethodError'{0x0000000704b5e938}: 'int java.lang.invoke.DirectMethodHandle$Holder.invokeStaticInit(java.lang.Object, long, long)'> (0x0000000704b5e938) 
thrown [s\src\hotspot\share\interpreter\linkResolver.cpp, line 759]
Event: 5.719 Thread 0x000001efc0c049e0 Exception <a 'java/lang/NoSuchMethodError'{0x00000007047f5c30}: 'java.lang.Object java.lang.invoke.DirectMethodHandle$Holder.newInvokeSpecial(java.lang.Object, int, java.lang.Object)'> (0x00000007047f5c30) 
thrown [s\src\hotspot\share\interpreter\linkResolver.cpp, line 759]
Event: 5.746 Thread 0x000001efc0c049e0 Implicit null exception at 0x000001efad697f53 to 0x000001efad6989e4

VM Operations (20 events):
Event: 13.255 Executing VM operation: Cleanup
Event: 13.255 Executing VM operation: Cleanup done
Event: 14.270 Executing VM operation: Cleanup
Event: 14.270 Executing VM operation: Cleanup done
Event: 15.280 Executing VM operation: Cleanup
Event: 15.280 Executing VM operation: Cleanup done
Event: 16.293 Executing VM operation: Cleanup
Event: 16.293 Executing VM operation: Cleanup done
Event: 16.376 Executing VM operation: G1CollectForAllocation
Event: 16.380 Executing VM operation: G1CollectForAllocation done
Event: 16.404 Executing VM operation: G1Concurrent
Event: 16.407 Executing VM operation: G1Concurrent done
Event: 16.421 Executing VM operation: G1Concurrent
Event: 16.421 Executing VM operation: G1Concurrent done
Event: 17.432 Executing VM operation: Cleanup
Event: 17.432 Executing VM operation: Cleanup done
Event: 18.461 Executing VM operation: Cleanup
Event: 18.467 Executing VM operation: Cleanup done
Event: 19.482 Executing VM operation: Cleanup
Event: 19.482 Executing VM operation: Cleanup done

Events (20 events):
Event: 6.345 loading class java/awt/DisplayMode
Event: 6.345 loading class java/awt/DisplayMode done
Event: 6.345 loading class sun/awt/Win32GraphicsDevice$Win32FSWindowAdapter
Event: 6.346 loading class sun/awt/Win32GraphicsDevice$Win32FSWindowAdapter done
Event: 6.346 loading class sun/awt/Win32GraphicsDevice$1
Event: 6.346 loading class sun/awt/Win32GraphicsDevice$1 done
Event: 7.473 Thread 0x000001efc896feb0 Thread exited: 0x000001efc896feb0
Event: 8.756 Thread 0x000001efc87524c0 Thread added: 0x000001efc87524c0
Event: 9.253 Thread 0x000001efc87524c0 Thread exited: 0x000001efc87524c0
Event: 10.870 Thread 0x000001efc87524c0 Thread added: 0x000001efc87524c0
Event: 11.662 Thread 0x000001efc87524c0 Thread exited: 0x000001efc87524c0
Event: 16.274 loading class java/security/DomainCombiner
Event: 16.274 loading class java/security/DomainCombiner done
Event: 19.530 loading class jdk/internal/misc/Signal$1
Event: 19.530 loading class jdk/internal/misc/Signal$1 done
Event: 19.530 Thread 0x000001efc5da3bb0 Thread added: 0x000001efc5da3bb0
Event: 19.531 Thread 0x000001efc5da4080 Thread added: 0x000001efc5da4080
Event: 19.531 Thread 0x000001efd0c29460 Thread added: 0x000001efd0c29460
Event: 19.531 Thread 0x000001efd0c2a2d0 Thread added: 0x000001efd0c2a2d0
Event: 19.533 Thread 0x000001efd0c2a2d0 Thread exited: 0x000001efd0c2a2d0


Dynamic libraries:
0x00007ff7eeda0000 - 0x00007ff7eedad000 	C:\Users\HP\.jdks\corretto-17.0.7\bin\java.exe
0x00007ffee9b50000 - 0x00007ffee9d48000 	C:\Windows\SYSTEM32\ntdll.dll
0x00007ffee90d0000 - 0x00007ffee918f000 	C:\Windows\System32\KERNEL32.DLL
0x00007ffee7790000 - 0x00007ffee7a86000 	C:\Windows\System32\KERNELBASE.dll
0x00007ffee7410000 - 0x00007ffee7510000 	C:\Windows\System32\ucrtbase.dll
0x00007ffeced70000 - 0x00007ffeced85000 	C:\Users\HP\.jdks\corretto-17.0.7\bin\VCRUNTIME140.dll
0x00007ffedbcc0000 - 0x00007ffedbcd7000 	C:\Users\HP\.jdks\corretto-17.0.7\bin\jli.dll
0x00007ffee9970000 - 0x00007ffee9b0d000 	C:\Windows\System32\USER32.dll
0x00007ffee76c0000 - 0x00007ffee76e2000 	C:\Windows\System32\win32u.dll
0x00007ffecd150000 - 0x00007ffecd3ea000 	C:\Windows\WinSxS\amd64_microsoft.windows.common-controls_6595b64144ccf1df_6.0.19041.1110_none_60b5254171f9507e\COMCTL32.dll
0x00007ffee90a0000 - 0x00007ffee90cc000 	C:\Windows\System32\GDI32.dll
0x00007ffee8310000 - 0x00007ffee83ae000 	C:\Windows\System32\msvcrt.dll
0x00007ffee7a90000 - 0x00007ffee7ba5000 	C:\Windows\System32\gdi32full.dll
0x00007ffee72c0000 - 0x00007ffee735d000 	C:\Windows\System32\msvcp_win.dll
0x00007ffee8600000 - 0x00007ffee8630000 	C:\Windows\System32\IMM32.DLL
0x00007ffec1e20000 - 0x00007ffec1ebb000 	C:\Users\HP\.jdks\corretto-17.0.7\bin\msvcp140.dll
0x00007ffea5510000 - 0x00007ffea612a000 	C:\Users\HP\.jdks\corretto-17.0.7\bin\server\jvm.dll
0x00007ffee8630000 - 0x00007ffee86df000 	C:\Windows\System32\ADVAPI32.dll
0x00007ffee8560000 - 0x00007ffee85fc000 	C:\Windows\System32\sechost.dll
0x00007ffee7d70000 - 0x00007ffee7e96000 	C:\Windows\System32\RPCRT4.dll
0x00007ffee0fa0000 - 0x00007ffee0fa9000 	C:\Windows\SYSTEM32\WSOCK32.dll
0x00007ffee8e70000 - 0x00007ffee8edb000 	C:\Windows\System32\WS2_32.dll
0x00007ffecca00000 - 0x00007ffecca27000 	C:\Windows\SYSTEM32\WINMM.dll
0x00007ffedb320000 - 0x00007ffedb32a000 	C:\Windows\SYSTEM32\VERSION.dll
0x00007ffee5a20000 - 0x00007ffee5a32000 	C:\Windows\SYSTEM32\kernel.appcore.dll
0x00007ffedf290000 - 0x00007ffedf29a000 	C:\Users\HP\.jdks\corretto-17.0.7\bin\jimage.dll
0x00007ffee1f40000 - 0x00007ffee2124000 	C:\Windows\SYSTEM32\DBGHELP.DLL
0x00007ffecec70000 - 0x00007ffececa4000 	C:\Windows\SYSTEM32\dbgcore.DLL
0x00007ffee7230000 - 0x00007ffee72b2000 	C:\Windows\System32\bcryptPrimitives.dll
0x00007ffedf230000 - 0x00007ffedf23e000 	C:\Users\HP\.jdks\corretto-17.0.7\bin\instrument.dll
0x00007ffeca980000 - 0x00007ffeca9a5000 	C:\Users\HP\.jdks\corretto-17.0.7\bin\java.dll
0x00007ffebaa40000 - 0x00007ffebab16000 	C:\Users\HP\.jdks\corretto-17.0.7\bin\jsvml.dll
0x00007ffee9190000 - 0x00007ffee98d4000 	C:\Windows\System32\SHELL32.dll
0x00007ffee2130000 - 0x00007ffee28c4000 	C:\Windows\SYSTEM32\windows.storage.dll
0x00007ffee8890000 - 0x00007ffee8be4000 	C:\Windows\System32\combase.dll
0x00007ffee6ab0000 - 0x00007ffee6ade000 	C:\Windows\SYSTEM32\Wldp.dll
0x00007ffee8f90000 - 0x00007ffee903d000 	C:\Windows\System32\SHCORE.dll
0x00007ffee9040000 - 0x00007ffee9095000 	C:\Windows\System32\shlwapi.dll
0x00007ffee7160000 - 0x00007ffee7185000 	C:\Windows\SYSTEM32\profapi.dll
0x00007ffec7110000 - 0x00007ffec7128000 	C:\Users\HP\.jdks\corretto-17.0.7\bin\zip.dll
0x00007ffeca7f0000 - 0x00007ffeca809000 	C:\Users\HP\.jdks\corretto-17.0.7\bin\net.dll
0x00007ffed8570000 - 0x00007ffed867a000 	C:\Windows\SYSTEM32\WINHTTP.dll
0x00007ffee6890000 - 0x00007ffee68fa000 	C:\Windows\system32\mswsock.dll
0x00007ffec73c0000 - 0x00007ffec73d5000 	C:\Users\HP\.jdks\corretto-17.0.7\bin\nio.dll
0x00007ffedd130000 - 0x00007ffedd14a000 	C:\Program Files\JetBrains\IntelliJ IDEA Community Edition 2021.3.2\bin\breakgen64.dll
0x00007ffea9440000 - 0x00007ffea95e9000 	C:\Users\HP\.jdks\corretto-17.0.7\bin\awt.dll
0x00007ffee87c0000 - 0x00007ffee888d000 	C:\Windows\System32\OLEAUT32.dll
0x00007ffee0ec0000 - 0x00007ffee0f51000 	C:\Windows\SYSTEM32\apphelp.dll
0x00007ffee1180000 - 0x00007ffee121e000 	C:\Windows\system32\uxtheme.dll
0x00007ffee8440000 - 0x00007ffee8554000 	C:\Windows\System32\MSCTF.dll
0x00007ffee8c00000 - 0x00007ffee8d2a000 	C:\Windows\System32\ole32.dll
0x00007ffee1320000 - 0x00007ffee134f000 	C:\Windows\system32\DWMAPI.DLL
0x00007ffeb5d50000 - 0x00007ffeb5e75000 	C:\Windows\system32\opengl32.dll
0x00007ffeb67f0000 - 0x00007ffeb681c000 	C:\Windows\SYSTEM32\GLU32.dll
0x00007ffee6af0000 - 0x00007ffee6b08000 	C:\Windows\SYSTEM32\CRYPTSP.dll
0x00007ffee61d0000 - 0x00007ffee6204000 	C:\Windows\system32\rsaenh.dll
0x00007ffee7760000 - 0x00007ffee7787000 	C:\Windows\System32\bcrypt.dll
0x00007ffee7120000 - 0x00007ffee714e000 	C:\Windows\SYSTEM32\USERENV.dll
0x00007ffee6a20000 - 0x00007ffee6a2c000 	C:\Windows\SYSTEM32\CRYPTBASE.dll
0x00007ffee65a0000 - 0x00007ffee65dc000 	C:\Windows\SYSTEM32\IPHLPAPI.DLL
0x00007ffee7d60000 - 0x00007ffee7d68000 	C:\Windows\System32\NSI.dll
0x00007ffeda430000 - 0x00007ffeda447000 	C:\Windows\SYSTEM32\dhcpcsvc6.DLL
0x00007ffed8d80000 - 0x00007ffed8d9d000 	C:\Windows\SYSTEM32\dhcpcsvc.DLL
0x00007ffee65e0000 - 0x00007ffee66aa000 	C:\Windows\SYSTEM32\DNSAPI.dll
0x00007ffe9d3a0000 - 0x00007ffe9e3ec000 	C:\Users\HP\.skiko\0de0d8dd8554d9bb66cfca3837db6514ff9b71080e998917280a3b777460a416\skiko-windows-x64.dll
0x00007ffec1fc0000 - 0x00007ffec2043000 	C:\Users\HP\.jdks\corretto-17.0.7\bin\freetype.dll
0x00007ffeba390000 - 0x00007ffeba452000 	C:\Users\HP\.jdks\corretto-17.0.7\bin\fontmanager.dll
0x00007ffedd5a0000 - 0x00007ffedd5a7000 	C:\Users\HP\.jdks\corretto-17.0.7\bin\jawt.dll
0x00007ffee5a90000 - 0x00007ffee5b83000 	C:\Windows\SYSTEM32\Dxgi.dll
0x00007ffedc060000 - 0x00007ffedc080000 	C:\Windows\SYSTEM32\D3D12.dll
0x00007ffea90c0000 - 0x00007ffea928d000 	C:\Windows\SYSTEM32\D3D12Core.dll
0x00007ffeda9e0000 - 0x00007ffedaa1b000 	C:\Windows\SYSTEM32\dxcore.dll
0x00007ffee7670000 - 0x00007ffee76be000 	C:\Windows\System32\cfgmgr32.dll
0x00007ffed4390000 - 0x00007ffed6fa9000 	C:\Windows\System32\DriverStore\FileRepository\igdlh64.inf_amd64_e6daaea9afe1e6f6\igc64.dll
0x00007ffe72ab0000 - 0x00007ffe73f83000 	C:\Windows\System32\DriverStore\FileRepository\igdlh64.inf_amd64_e6daaea9afe1e6f6\igd12umd64.dll
0x00007ffeda000000 - 0x00007ffeda257000 	C:\Windows\System32\DriverStore\FileRepository\igdlh64.inf_amd64_e6daaea9afe1e6f6\igdgmm64.dll
0x00007ffea4da0000 - 0x00007ffea51ab000 	C:\Windows\System32\DriverStore\FileRepository\igdlh64.inf_amd64_e6daaea9afe1e6f6\igdml64.dll
0x00007ffedba30000 - 0x00007ffedba5b000 	C:\Windows\SYSTEM32\D3DSCache.dll
0x00007ffe51780000 - 0x00007ffe55f82000 	C:\Windows\System32\DriverStore\FileRepository\igdlh64.inf_amd64_e6daaea9afe1e6f6\igd12dxva64.dll
0x00007ffee7ea0000 - 0x00007ffee830e000 	C:\Windows\System32\SETUPAPI.dll
0x00007ffe96bf0000 - 0x00007ffe96c17000 	C:\Windows\System32\DriverStore\FileRepository\igdlh64.inf_amd64_e6daaea9afe1e6f6\igdinfo64.dll
0x00007ffeddf50000 - 0x00007ffede157000 	C:\Windows\SYSTEM32\twinapi.appcore.dll
0x00007ffee8ee0000 - 0x00007ffee8f89000 	C:\Windows\System32\clbcatq.dll
0x00007ffedb410000 - 0x00007ffedb514000 	C:\Windows\System32\AppXDeploymentClient.dll
0x00007ffe744c0000 - 0x00007ffe75492000 	C:\Windows\System32\DriverStore\FileRepository\igdlh64.inf_amd64_e6daaea9afe1e6f6\ig9icd64.dll
0x00007ffee7090000 - 0x00007ffee70db000 	C:\Windows\SYSTEM32\powrprof.dll
0x00007ffee7070000 - 0x00007ffee7082000 	C:\Windows\SYSTEM32\UMPDC.dll
0x00007ffed2250000 - 0x00007ffed24cf000 	C:\Windows\SYSTEM32\dwrite.dll
0x00007ffed3ec0000 - 0x00007ffed3fb9000 	C:\Windows\SYSTEM32\textinputframework.dll
0x00007ffee0b40000 - 0x00007ffee0c32000 	C:\Windows\System32\CoreMessaging.dll
0x00007ffee0460000 - 0x00007ffee07be000 	C:\Windows\System32\CoreUIComponents.dll
0x00007ffee62f0000 - 0x00007ffee6323000 	C:\Windows\SYSTEM32\ntmarta.dll
0x00007ffedf450000 - 0x00007ffedf5a4000 	C:\Windows\SYSTEM32\wintypes.dll
0x00007ffea2470000 - 0x00007ffea2d22000 	C:\Users\HP\AppData\Local\io-realm-kotlin\f7113120ba00ba1ff91d696eecd3919e85a4e34e\realmc.dll
0x00007ffee7510000 - 0x00007ffee766e000 	C:\Windows\System32\CRYPT32.dll

dbghelp: loaded successfully - version: 4.0.5 - missing functions: none
symbol engine: initialized successfully - sym options: 0x614 - pdb path: .;C:\Users\HP\.jdks\corretto-17.0.7\bin;C:\Windows\SYSTEM32;C:\Windows\WinSxS\amd64_microsoft.windows.common-controls_6595b64144ccf1df_6.0.19041.1110_none_60b5254171f9507e;C:\Users\HP\.jdks\corretto-17.0.7\bin\server;C:\Program Files\JetBrains\IntelliJ IDEA Community Edition 2021.3.2\bin;C:\Users\HP\.skiko\0de0d8dd8554d9bb66cfca3837db6514ff9b71080e998917280a3b777460a416;C:\Windows\System32\DriverStore\FileRepository\igdlh64.inf_amd64_e6daaea9afe1e6f6;C:\Users\HP\AppData\Local\io-realm-kotlin\f7113120ba00ba1ff91d696eecd3919e85a4e34e

VM Arguments:
jvm_args: -Djava.library.path=C:\Users\HP\Desktop\newderar\build\classes\kotlin\jvm\main;C:\Users\HP\Desktop\newderar\build\processedResources\jvm\main -javaagent:C:\Program Files\JetBrains\IntelliJ IDEA Community Edition 2021.3.2\lib\idea_rt.jar=51987:C:\Program Files\JetBrains\IntelliJ IDEA Community Edition 2021.3.2\bin -Dfile.encoding=UTF-8 
java_command: MainKt
java_class_path (initial): C:\Users\HP\Desktop\newderar\build\classes\kotlin\jvm\main;C:\Users\HP\Desktop\newderar\build\processedResources\jvm\main;C:\Users\HP\.gradle\caches\modules-2\files-2.1\io.insert-koin\koin-androidx-compose\3.4.5\ae0a88b7a68d507e651c5a3d70a541594bea54cb\koin-androidx-compose-3.4.5.aar;C:\Users\HP\.gradle\caches\modules-2\files-2.1\androidx.navigation\navigation-compose\2.6.0\3f8ce7b0bad21cced0c47b42b6347c65a6e422c3\navigation-compose-2.6.0.aar;C:\Users\HP\.gradle\caches\modules-2\files-2.1\org.jetbrains.kotlin\kotlin-stdlib-jdk8\1.8.21\67f57e154437cd9e6e9cf368394b95814836ff88\kotlin-stdlib-jdk8-1.8.21.jar;C:\Users\HP\.gradle\caches\modules-2\files-2.1\org.apache.poi\poi-ooxml\4.1.2\87d9a22aa9a7dd26e80c360e709f7ee02e32ab3b\poi-ooxml-4.1.2.jar;C:\Users\HP\.gradle\caches\modules-2\files-2.1\org.apache.poi\poi\4.1.2\964bf41cf68bce08e4ef6b2279b559fdf8d454f4\poi-4.1.2.jar;C:\Users\HP\.gradle\caches\modules-2\files-2.1\org.lwjgl\lwjgl-nfd\3.3.1\622318116996ddcff449b46cb38f0fdee39b8ac3\lwjgl-nfd-3.3.1.jar;C:\Users\HP\.gradle\caches\modules-2\files-2.1\org.lwjgl\lwjgl-nfd\3.3.1\2e007667e04ed3281152ae5c6e677fb1c2211691\lwjgl-nfd-3.3.1-natives-linux.jar;C:\Users\HP\.gradle\caches\modules-2\files-2.1\org.lwjgl\lwjgl\3.3.1\ae58664f88e18a9bb2c77b063833ca7aaec484cb\lwjgl-3.3.1.jar;C:\Users\HP\.gradle\caches\modules-2\files-2.1\io.insert-koin\koin-android\3.4.0\48715fbe06102a59a30bd45b06ed2400c16c6f45\koin-android-3.4.0.aar;C:\Users\HP\.gradle\caches\modules-2\files-2.1\org.lwjgl\lwjgl-nfd\3.3.1\b3e04e317f55dd738d8a345cdafd15b39f85a2ea\lwjgl-nfd-3.3.1-natives-linux-arm32.jar;C:\Users\HP\.gradle\caches\modules-2\files-2.1\androidx.lifecycle\lifecycle-viewmodel-compose\2.6.1\38cf3bb65ff3e0e5c3d63de2ebf5411d0898108c\lifecycle-viewmodel-compose-2.6.1.aar;C:\Users\HP\.gradle\caches\modules-2\files-2.1\org.lwjgl\lwjgl-nfd\3.3.1\f41dc62336f7ee4ab35705cfa440cc903d199165\lwjgl-nfd-3.3.1-natives-linux-arm64.jar;C:\Users\HP\.gradle\caches\modules-2\files-2.1\androi
Launcher Type: SUN_STANDARD

[Global flags]
     intx CICompilerCount                          = 3                                         {product} {ergonomic}
     uint ConcGCThreads                            = 1                                         {product} {ergonomic}
     uint G1ConcRefinementThreads                  = 4                                         {product} {ergonomic}
   size_t G1HeapRegionSize                         = 2097152                                   {product} {ergonomic}
    uintx GCDrainStackTargetSize                   = 64                                        {product} {ergonomic}
   size_t InitialHeapSize                          = 266338304                                 {product} {ergonomic}
   size_t MarkStackSize                            = 4194304                                   {product} {ergonomic}
   size_t MaxHeapSize                              = 4255121408                                {product} {ergonomic}
   size_t MaxNewSize                               = 2552233984                                {product} {ergonomic}
   size_t MinHeapDeltaBytes                        = 2097152                                   {product} {ergonomic}
   size_t MinHeapSize                              = 8388608                                   {product} {ergonomic}
    uintx NonNMethodCodeHeapSize                   = 5832780                                {pd product} {ergonomic}
    uintx NonProfiledCodeHeapSize                  = 122912730                              {pd product} {ergonomic}
    uintx ProfiledCodeHeapSize                     = 122912730                              {pd product} {ergonomic}
    uintx ReservedCodeCacheSize                    = 251658240                              {pd product} {ergonomic}
     bool SegmentedCodeCache                       = true                                      {product} {ergonomic}
   size_t SoftMaxHeapSize                          = 4255121408                             {manageable} {ergonomic}
     bool UseCompressedClassPointers               = true                           {product lp64_product} {ergonomic}
     bool UseCompressedOops                        = true                           {product lp64_product} {ergonomic}
     bool UseG1GC                                  = true                                      {product} {ergonomic}
     bool UseLargePagesIndividualAllocation        = false                                  {pd product} {ergonomic}

Logging:
Log output configuration:
 #0: stdout all=warning uptime,level,tags
 #1: stderr all=off uptime,level,tags

Environment Variables:
PATH=C:\Program Files\Common Files\Oracle\Java\javapath;C:\Program Files (x86)\Common Files\Oracle\Java\javapath;C:\Windows\system32;C:\Windows;C:\Windows\System32\Wbem;C:\Windows\System32\WindowsPowerShell\v1.0\;C:\Windows\System32\OpenSSH\;C:\xampp\php;C:\ProgramData\ComposerSetup\bin;C:\Program Files\nodejs\;C:\Program Files (x86)\Intel\Intel(R) Management Engine Components\DAL;C:\Program Files\Intel\Intel(R) Management Engine Components\DAL;C:\Program Files\Git\cmd;C:\Program Files\Fortect;C:\Users\HP\AppData\Local\Microsoft\WindowsApps;C:\Program Files\JetBrains\IntelliJ IDEA Community Edition 2021.3.2\bin;C:\Users\HP\AppData\Local\Programs\Microsoft VS Code\bin;C:\Users\HP\AppData\Local\JetBrains\Toolbox\scripts;C:\Users\HP\AppData\Local\GitHubDesktop\bin;C:\Users\HP\Desktop\camp\flutter_windows_3.7.6-stable\flutter\bin;C:\Users\HP\AppData\Roaming\Composer\vendor\bin;C:\Users\HP\AppData\Roaming\npm
USERNAME=HP
OS=Windows_NT
PROCESSOR_IDENTIFIER=Intel64 Family 6 Model 142 Stepping 9, GenuineIntel
TMP=C:\Users\HP\AppData\Local\Temp
TEMP=C:\Users\HP\AppData\Local\Temp



---------------  S Y S T E M  ---------------

OS:
 Windows 10 , 64 bit Build 19041 (10.0.19041.3155)
OS uptime: 2 days 13:46 hours
Hyper-V role detected

CPU: total 4 (initial active 4) (2 cores per cpu, 2 threads per core) family 6 model 142 stepping 9 microcode 0xf2, cx8, cmov, fxsr, ht, mmx, 3dnowpref, sse, sse2, sse3, ssse3, sse4.1, sse4.2, popcnt, lzcnt, tsc, tscinvbit, avx, avx2, aes, erms, clmul, bmi1, bmi2, rtm, adx, fma, vzeroupper, clflush, clflushopt, hv

Memory: 4k page, system-wide physical 16224M (5438M free)
TotalPageFile size 32096M (AvailPageFile size 19723M)
current process WorkingSet (physical memory assigned to process): 265M, peak: 306M
current process commit charge ("private bytes"): 274M, peak: 433M

vm_info: OpenJDK 64-Bit Server VM (17.0.7+7-LTS) for windows-amd64 JRE (17.0.7+7-LTS), built on Apr 14 2023 01:39:21 by "Administrator" with MS VC++ 15.9 (VS2017)

END.
