#
# A fatal error has been detected by the Java Runtime Environment:
#
#  EXCEPTION_ACCESS_VIOLATION (0xc0000005) at pc=0x00007ffa7c4aebe3, pid=6296, tid=4996
#
# JRE version: OpenJDK Runtime Environment JBR-17.0.7+7-1000.5-nomod (17.0.7+7) (build 17.0.7+7-b1000.5)
# Java VM: OpenJDK 64-Bit Server VM JBR-17.0.7+7-1000.5-nomod (17.0.7+7-b1000.5, mixed mode, tiered, compressed oops, compressed class ptrs, g1 gc, windows-amd64)
# Problematic frame:
# C  [ig9icd64.dll+0x9bebe3]
#
# No core dump will be written. Minidumps are not enabled by default on client versions of Windows
#
# If you would like to submit a bug report, please visit:
#   https://youtrack.jetbrains.com/issues/JBR
# The crash happened outside the Java Virtual Machine in native code.
# See problematic frame for where to report the bug.
#

---------------  S U M M A R Y ------------

Command Line: -Djava.library.path=C:\Users\HP\Desktop\newderar\build\classes\kotlin\jvm\main;C:\Users\HP\Desktop\newderar\build\processedResources\jvm\main -javaagent:C:\Program Files\JetBrains\IntelliJ IDEA Community Edition 2021.3.2\lib\idea_rt.jar=56439:C:\Program Files\JetBrains\IntelliJ IDEA Community Edition 2021.3.2\bin -Dfile.encoding=UTF-8 MainKt

Host: Intel(R) Core(TM) i5-7300U CPU @ 2.60GHz, 4 cores, 15G,  Windows 10 , 64 bit Build 19041 (10.0.19041.3155)
Time: Thu Jul  6 02:52:15 2023 Libya Standard Time elapsed time: 89.616934 seconds (0d 0h 1m 29s)

---------------  T H R E A D  ---------------

Current thread (0x0000021d44833e30):  JavaThread "AWT-EventQueue-0" [_thread_in_native, id=4996, stack(0x000000f5ab400000,0x000000f5ab500000)]

Stack: [0x000000f5ab400000,0x000000f5ab500000],  sp=0x000000f5ab4fcdc8,  free space=1011k
Native frames: (J=compiled Java code, j=interpreted, Vv=VM code, C=native code)
C  [ig9icd64.dll+0x9bebe3]

Java frames: (J=compiled Java code, j=interpreted, Vv=VM code)
J 5465  org.jetbrains.skia.DirectContextKt.DirectContext_nFlush(J)V (0 bytes) @ 0x0000021d2c05cf69 [0x0000021d2c05cf20+0x0000000000000049]
J 5691 c2 org.jetbrains.skiko.redrawer.WindowsOpenGLRedrawer$Companion$frameDispatcher$1.invokeSuspend(Ljava/lang/Object;)Ljava/lang/Object; (379 bytes) @ 0x0000021d2c0d3888 [0x0000021d2c0d24a0+0x00000000000013e8]
J 5690 c2 org.jetbrains.skiko.FrameDispatcher$job$1.invokeSuspend(Ljava/lang/Object;)Ljava/lang/Object; (156 bytes) @ 0x0000021d2c0d0170 [0x0000021d2c0cff20+0x0000000000000250]
J 5049 c2 kotlin.coroutines.jvm.internal.BaseContinuationImpl.resumeWith(Ljava/lang/Object;)V (128 bytes) @ 0x0000021d2bfdf9f4 [0x0000021d2bfdf9a0+0x0000000000000054]
J 5285 c2 kotlinx.coroutines.DispatchedTask.run()V (571 bytes) @ 0x0000021d2c009cdc [0x0000021d2c009a80+0x000000000000025c]
J 5413 c2 java.awt.EventQueue.dispatchEvent(Ljava/awt/AWTEvent;)V java.desktop@17.0.7 (80 bytes) @ 0x0000021d2c03dbe8 [0x0000021d2c03d020+0x0000000000000bc8]
J 5469 c2 java.awt.EventDispatchThread.pumpOneEventForFilters(I)V java.desktop@17.0.7 (113 bytes) @ 0x0000021d2c05ef58 [0x0000021d2c05e740+0x0000000000000818]
j  java.awt.EventDispatchThread.pumpEventsForFilter(ILjava/awt/Conditional;Ljava/awt/EventFilter;)V+35 java.desktop@17.0.7
j  java.awt.EventDispatchThread.pumpEventsForHierarchy(ILjava/awt/Conditional;Ljava/awt/Component;)V+11 java.desktop@17.0.7
j  java.awt.EventDispatchThread.pumpEvents(ILjava/awt/Conditional;)V+4 java.desktop@17.0.7
j  java.awt.EventDispatchThread.pumpEvents(Ljava/awt/Conditional;)V+3 java.desktop@17.0.7
j  java.awt.EventDispatchThread.run()V+18 java.desktop@17.0.7
v  ~StubRoutines::call_stub

siginfo: EXCEPTION_ACCESS_VIOLATION (0xc0000005), reading address 0x00007ffdbc6d1110


Register to memory mapping:

RIP=0x00007ffa7c4aebe3 ig9icd64.dll
RAX=0x000000000fff0fff is an unknown value
RBX=0x00007ffa7baf0000 ig9icd64.dll
RCX=0x000000033fcf3fcc is an unknown value
RDX=0x000000f5ab4fd2e0 is pointing into the stack for thread: 0x0000021d44833e30
RSP=0x000000f5ab4fcdc8 is pointing into the stack for thread: 0x0000021d44833e30
RBP=0x000000f5ab4fced0 is pointing into the stack for thread: 0x0000021d44833e30
RSI=0x0000021d47a2ee40 points into unknown readable memory: 0x0000021d479f5b40 | 40 5b 9f 47 1d 02 00 00
RDI=0x000000f5ab4fd0d0 is pointing into the stack for thread: 0x0000021d44833e30
R8 =0x000000f5ab4fcf00 is pointing into the stack for thread: 0x0000021d44833e30
R9 =0x000000f5ab4fd2e0 is pointing into the stack for thread: 0x0000021d44833e30
R10=0x000000f5ab4fd0d0 is pointing into the stack for thread: 0x0000021d44833e30
R11=0x0 is NULL
R12=0x00007ffa7c9215e0 ig9icd64.dll
R13=0x0 is NULL
R14=0x0 is NULL
R15=0x00000000000001c1 is an unknown value


Registers:
RAX=0x000000000fff0fff, RBX=0x00007ffa7baf0000, RCX=0x000000033fcf3fcc, RDX=0x000000f5ab4fd2e0
RSP=0x000000f5ab4fcdc8, RBP=0x000000f5ab4fced0, RSI=0x0000021d47a2ee40, RDI=0x000000f5ab4fd0d0
R8 =0x000000f5ab4fcf00, R9 =0x000000f5ab4fd2e0, R10=0x000000f5ab4fd0d0, R11=0x0000000000000000
R12=0x00007ffa7c9215e0, R13=0x0000000000000000, R14=0x0000000000000000, R15=0x00000000000001c1
RIP=0x00007ffa7c4aebe3, EFLAGS=0x0000000000010206

Top of Stack: (sp=0x000000f5ab4fcdc8)
0x000000f5ab4fcdc8:   00007ffa7c4ac31b 0000000000000001
0x000000f5ab4fcdd8:   0000000000000000 0000021d44ba2300
0x000000f5ab4fcde8:   00007ffaf6782622 000000f500000065
0x000000f5ab4fcdf8:   000000f5ab4fd000 0000000000000000
0x000000f5ab4fce08:   0000021d44e21680 0000000000000000
0x000000f5ab4fce18:   0000021d44e24300 0000021d44ba23e0
0x000000f5ab4fce28:   0000000000001100 0000000000000000
0x000000f5ab4fce38:   0000000000000000 000000f5ab4fcfb0
0x000000f5ab4fce48:   00007ffa7c1479c0 0000000000000000
0x000000f5ab4fce58:   0000000000000000 0000000000000000
0x000000f5ab4fce68:   0000000000000000 000041f6907e0313
0x000000f5ab4fce78:   00007ffa7bb06555 0000021d44ba23e0
0x000000f5ab4fce88:   0000000000004001 0000000000000000
0x000000f5ab4fce98:   00007ffb07c5b86b 0000000003270365
0x000000f5ab4fcea8:   000000000000003d 0000021d3faf8530
0x000000f5ab4fceb8:   0000000000000000 0000000000000000 

Instructions: (pc=0x00007ffa7c4aebe3)
0x00007ffa7c4aeae3:   c1 75 31 00 48 89 51 08 48 89 01 8b 44 24 28 89
0x00007ffa7c4aeaf3:   41 20 8b 44 24 30 89 41 24 48 8b c1 4c 89 41 10
0x00007ffa7c4aeb03:   4c 89 49 18 c3 cc cc cc cc cc cc cc cc 48 89 5c
0x00007ffa7c4aeb13:   24 08 8b 41 5c 48 8d 1d e1 14 64 ff 41 89 40 08
0x00007ffa7c4aeb23:   4c 8b d1 8b 41 60 45 33 db 41 89 40 0c 4c 8b ca
0x00007ffa7c4aeb33:   8b 41 64 41 89 40 10 8b 41 68 41 89 40 14 8b 41
0x00007ffa7c4aeb43:   6c 41 89 40 18 8b 41 70 41 89 40 1c 48 63 41 74
0x00007ffa7c4aeb53:   48 6b c8 34 8b 84 19 44 d1 ee 00 41 89 40 20 8b
0x00007ffa7c4aeb63:   84 19 48 d1 ee 00 41 89 40 24 8b 84 19 4c d1 ee
0x00007ffa7c4aeb73:   00 41 89 40 28 8b 84 19 50 d1 ee 00 41 89 40 2c
0x00007ffa7c4aeb83:   8b 84 19 34 d1 ee 00 41 89 40 30 8b 84 19 38 d1
0x00007ffa7c4aeb93:   ee 00 41 89 40 34 8b 84 19 3c d1 ee 00 41 89 40
0x00007ffa7c4aeba3:   38 8b 84 19 40 d1 ee 00 41 89 40 3c 8b 84 19 24
0x00007ffa7c4aebb3:   d1 ee 00 41 89 40 40 8b 84 19 28 d1 ee 00 41 89
0x00007ffa7c4aebc3:   40 44 8b 84 19 2c d1 ee 00 41 89 40 48 8b 84 19
0x00007ffa7c4aebd3:   30 d1 ee 00 41 89 40 4c 49 63 42 78 48 6b c8 34
0x00007ffa7c4aebe3:   8b 84 19 44 d1 ee 00 41 89 40 50 8b 84 19 48 d1
0x00007ffa7c4aebf3:   ee 00 41 89 40 54 8b 84 19 4c d1 ee 00 41 89 40
0x00007ffa7c4aec03:   58 8b 84 19 50 d1 ee 00 41 89 40 5c 8b 84 19 34
0x00007ffa7c4aec13:   d1 ee 00 41 89 40 60 8b 84 19 38 d1 ee 00 41 89
0x00007ffa7c4aec23:   40 64 8b 84 19 3c d1 ee 00 41 89 40 68 8b 84 19
0x00007ffa7c4aec33:   40 d1 ee 00 41 89 40 6c 8b 84 19 24 d1 ee 00 41
0x00007ffa7c4aec43:   89 40 70 8b 84 19 28 d1 ee 00 41 89 40 74 8b 84
0x00007ffa7c4aec53:   19 2c d1 ee 00 41 89 40 78 8b 84 19 30 d1 ee 00
0x00007ffa7c4aec63:   41 89 40 7c 48 8b 42 18 8b 88 38 0b 00 00 f6 c1
0x00007ffa7c4aec73:   08 0f 84 86 00 00 00 8b 80 3c 0b 00 00 41 89 80
0x00007ffa7c4aec83:   80 00 00 00 48 8b 42 18 8b 88 40 0b 00 00 41 89
0x00007ffa7c4aec93:   88 84 00 00 00 48 8b 42 18 8b 88 44 0b 00 00 41
0x00007ffa7c4aeca3:   89 88 88 00 00 00 48 8b 42 18 8b 88 48 0b 00 00
0x00007ffa7c4aecb3:   41 89 88 8c 00 00 00 48 8b 42 18 8b 88 4c 0b 00
0x00007ffa7c4aecc3:   00 41 89 88 90 00 00 00 48 8b 42 18 8b 88 50 0b
0x00007ffa7c4aecd3:   00 00 41 89 88 94 00 00 00 48 8b 42 18 8b 88 54 


Stack slot to memory mapping:
stack at sp + 0 slots: 0x00007ffa7c4ac31b ig9icd64.dll
stack at sp + 1 slots: 0x0000000000000001 is an unknown value
stack at sp + 2 slots: 0x0 is NULL
stack at sp + 3 slots: 0x0000021d44ba2300 points into unknown readable memory: 0x0000000000004000 | 00 40 00 00 00 00 00 00
stack at sp + 4 slots: 0x00007ffaf6782622 igdgmm64.dll
stack at sp + 5 slots: 0x000000f500000065 is an unknown value
stack at sp + 6 slots: 0x000000f5ab4fd000 is pointing into the stack for thread: 0x0000021d44833e30
stack at sp + 7 slots: 0x0 is NULL


---------------  P R O C E S S  ---------------

Threads class SMR info:
_java_thread_list=0x0000021d4434df50, length=26, elements={
0x0000021d1f31c2a0, 0x0000021d3f770f10, 0x0000021d3f772570, 0x0000021d3f60cc80,
0x0000021d3f60d740, 0x0000021d3f7d17a0, 0x0000021d3f7d1c70, 0x0000021d3f7d2c70,
0x0000021d3f7d6de0, 0x0000021d3f7f6f50, 0x0000021d3f5ceb40, 0x0000021d440e3da0,
0x0000021d440e4270, 0x0000021d44765510, 0x0000021d4482f050, 0x0000021d44833e30,
0x0000021d4488a560, 0x0000021d4488aa30, 0x0000021d448883b0, 0x0000021d44889220,
0x0000021d4fe08930, 0x0000021d4fe07120, 0x0000021d4fe075f0, 0x0000021d4fe07ac0,
0x0000021d3f95cd30, 0x0000021d3f95d200
}

Java Threads: ( => current thread )
  0x0000021d1f31c2a0 JavaThread "main" [_thread_blocked, id=13576, stack(0x000000f5a9900000,0x000000f5a9a00000)]
  0x0000021d3f770f10 JavaThread "Reference Handler" daemon [_thread_blocked, id=10452, stack(0x000000f5aa000000,0x000000f5aa100000)]
  0x0000021d3f772570 JavaThread "Finalizer" daemon [_thread_blocked, id=1040, stack(0x000000f5aa100000,0x000000f5aa200000)]
  0x0000021d3f60cc80 JavaThread "Signal Dispatcher" daemon [_thread_blocked, id=3588, stack(0x000000f5aa200000,0x000000f5aa300000)]
  0x0000021d3f60d740 JavaThread "Attach Listener" daemon [_thread_blocked, id=16032, stack(0x000000f5aa300000,0x000000f5aa400000)]
  0x0000021d3f7d17a0 JavaThread "Service Thread" daemon [_thread_blocked, id=7500, stack(0x000000f5aa400000,0x000000f5aa500000)]
  0x0000021d3f7d1c70 JavaThread "Monitor Deflation Thread" daemon [_thread_blocked, id=8736, stack(0x000000f5aa500000,0x000000f5aa600000)]
  0x0000021d3f7d2c70 JavaThread "C2 CompilerThread0" daemon [_thread_blocked, id=16356, stack(0x000000f5aa600000,0x000000f5aa700000)]
  0x0000021d3f7d6de0 JavaThread "C1 CompilerThread0" daemon [_thread_blocked, id=9764, stack(0x000000f5aa700000,0x000000f5aa800000)]
  0x0000021d3f7f6f50 JavaThread "Sweeper thread" daemon [_thread_blocked, id=9348, stack(0x000000f5aa800000,0x000000f5aa900000)]
  0x0000021d3f5ceb40 JavaThread "Common-Cleaner" daemon [_thread_blocked, id=15836, stack(0x000000f5aa900000,0x000000f5aaa00000)]
  0x0000021d440e3da0 JavaThread "Monitor Ctrl-Break" daemon [_thread_in_native, id=8740, stack(0x000000f5aab00000,0x000000f5aac00000)]
  0x0000021d440e4270 JavaThread "Notification Thread" daemon [_thread_blocked, id=2416, stack(0x000000f5aac00000,0x000000f5aad00000)]
  0x0000021d44765510 JavaThread "Java2D Disposer" daemon [_thread_blocked, id=14760, stack(0x000000f5ab100000,0x000000f5ab200000)]
  0x0000021d4482f050 JavaThread "AWT-Shutdown" [_thread_blocked, id=13532, stack(0x000000f5ab200000,0x000000f5ab300000)]
=>0x0000021d44833e30 JavaThread "AWT-EventQueue-0" [_thread_in_native, id=4996, stack(0x000000f5ab400000,0x000000f5ab500000)]
  0x0000021d4488a560 JavaThread "Reference Cleaner" daemon [_thread_blocked, id=15124, stack(0x000000f5ab500000,0x000000f5ab600000)]
  0x0000021d4488aa30 JavaThread "DefaultDispatcher-worker-1" daemon [_thread_blocked, id=7360, stack(0x000000f5ab600000,0x000000f5ab700000)]
  0x0000021d448883b0 JavaThread "kotlinx.coroutines.DefaultExecutor" daemon [_thread_blocked, id=13028, stack(0x000000f5ab900000,0x000000f5aba00000)]
  0x0000021d44889220 JavaThread "TimerQueue" daemon [_thread_blocked, id=11864, stack(0x000000f5aaa00000,0x000000f5aab00000)]
  0x0000021d4fe08930 JavaThread "RealmFinalizingDaemon" daemon [_thread_blocked, id=8832, stack(0x000000f5ac000000,0x000000f5ac100000)]
  0x0000021d4fe07120 JavaThread "core-notifier" daemon [_thread_in_native, id=4268, stack(0x000000f5ac200000,0x000000f5ac300000)]
  0x0000021d4fe075f0 JavaThread "DefaultDispatcher-worker-4" daemon [_thread_blocked, id=11260, stack(0x000000f5abe00000,0x000000f5abf00000)]
  0x0000021d4fe07ac0 JavaThread "DefaultDispatcher-worker-2" daemon [_thread_blocked, id=10612, stack(0x000000f5ac400000,0x000000f5ac500000)]
  0x0000021d3f95cd30 JavaThread "DefaultDispatcher-worker-3" daemon [_thread_blocked, id=13408, stack(0x000000f5ac500000,0x000000f5ac600000)]
  0x0000021d3f95d200 JavaThread "SIGINT handler" daemon [_thread_blocked, id=8912, stack(0x000000f5a9600000,0x000000f5a9700000)]

Other Threads:
  0x0000021d3f5ffaf0 VMThread "VM Thread" [stack: 0x000000f5a9f00000,0x000000f5aa000000] [id=1416]
  0x0000021d1f31d160 WatcherThread [stack: 0x000000f5aad00000,0x000000f5aae00000] [id=2180]
  0x0000021d1f386270 GCTaskThread "GC Thread#0" [stack: 0x000000f5a9a00000,0x000000f5a9b00000] [id=14648]
  0x0000021d447b67f0 GCTaskThread "GC Thread#1" [stack: 0x000000f5aae00000,0x000000f5aaf00000] [id=2476]
  0x0000021d447bc8b0 GCTaskThread "GC Thread#2" [stack: 0x000000f5aaf00000,0x000000f5ab000000] [id=6780]
  0x0000021d447bcb60 GCTaskThread "GC Thread#3" [stack: 0x000000f5ab000000,0x000000f5ab100000] [id=8628]
  0x0000021d1f396e50 ConcurrentGCThread "G1 Main Marker" [stack: 0x000000f5a9b00000,0x000000f5a9c00000] [id=2144]
  0x0000021d1f397770 ConcurrentGCThread "G1 Conc#0" [stack: 0x000000f5a9c00000,0x000000f5a9d00000] [id=1340]
  0x0000021d3f49a110 ConcurrentGCThread "G1 Refine#0" [stack: 0x000000f5a9d00000,0x000000f5a9e00000] [id=9820]
  0x0000021d3f49a7e0 ConcurrentGCThread "G1 Service" [stack: 0x000000f5a9e00000,0x000000f5a9f00000] [id=9084]

Threads with active compile tasks:

VM state: not at safepoint (normal execution)

VM Mutex/Monitor currently owned by a thread: None

Heap address: 0x0000000702600000, size: 4058 MB, Compressed Oops mode: Zero based, Oop shift amount: 3

CDS archive(s) not mapped
Compressed class space mapped at: 0x0000000800000000-0x0000000840000000, reserved size: 1073741824
Narrow klass base: 0x0000000800000000, Narrow klass shift: 0, Narrow klass range: 0x40000000

GC Precious Log:
 CPUs: 4 total, 4 available
 Memory: 16224M
 Large Page Support: Disabled
 NUMA Support: Disabled
 Compressed Oops: Enabled (Zero based)
 Heap Region Size: 2M
 Heap Min Capacity: 8M
 Heap Initial Capacity: 254M
 Heap Max Capacity: 4058M
 Pre-touch: Disabled
 Parallel Workers: 4
 Concurrent Workers: 1
 Concurrent Refinement Workers: 4
 Periodic GC: Disabled

Heap:
 garbage-first heap   total 59392K, used 33952K [0x0000000702600000, 0x0000000800000000)
  region size 2048K, 7 young (14336K), 1 survivors (2048K)
 Metaspace       used 43997K, committed 44224K, reserved 1114112K
  class space    used 4725K, committed 4864K, reserved 1048576K

Heap Regions: E=young(eden), S=young(survivor), O=old, HS=humongous(starts), HC=humongous(continues), CS=collection set, F=free, OA=open archive, CA=closed archive, TAMS=top-at-mark-start (previous, next)
|   0|0x0000000702600000, 0x0000000702800000, 0x0000000702800000|100%|HS|  |TAMS 0x0000000702800000, 0x0000000702600000| Untracked 
|   1|0x0000000702800000, 0x0000000702a00000, 0x0000000702a00000|100%| O|  |TAMS 0x0000000702a00000, 0x0000000702800000| Untracked 
|   2|0x0000000702a00000, 0x0000000702c00000, 0x0000000702c00000|100%| O|  |TAMS 0x0000000702c00000, 0x0000000702a00000| Untracked 
|   3|0x0000000702c00000, 0x0000000702e00000, 0x0000000702e00000|100%| O|  |TAMS 0x0000000702c00000, 0x0000000702c00000| Untracked 
|   4|0x0000000702e00000, 0x0000000702ff8bb0, 0x0000000703000000| 98%| O|  |TAMS 0x0000000702e00000, 0x0000000702e00000| Untracked 
|   5|0x0000000703000000, 0x0000000703200000, 0x0000000703200000|100%| O|  |TAMS 0x0000000703200000, 0x0000000703000000| Untracked 
|   6|0x0000000703200000, 0x00000007033fd960, 0x0000000703400000| 99%| O|  |TAMS 0x0000000703200000, 0x0000000703200000| Untracked 
|   7|0x0000000703400000, 0x00000007034f2470, 0x0000000703600000| 47%| O|  |TAMS 0x0000000703400000, 0x0000000703400000| Untracked 
|   8|0x0000000703600000, 0x0000000703600000, 0x0000000703800000|  0%| F|  |TAMS 0x0000000703600000, 0x0000000703600000| Untracked 
|   9|0x0000000703800000, 0x0000000703800000, 0x0000000703a00000|  0%| F|  |TAMS 0x0000000703800000, 0x0000000703800000| Untracked 
|  10|0x0000000703a00000, 0x0000000703a00000, 0x0000000703c00000|  0%| F|  |TAMS 0x0000000703a00000, 0x0000000703a00000| Untracked 
|  11|0x0000000703c00000, 0x0000000703e00000, 0x0000000703e00000|100%|HS|  |TAMS 0x0000000703e00000, 0x0000000703c00000| Untracked 
|  12|0x0000000703e00000, 0x0000000704000000, 0x0000000704000000|100%|HC|  |TAMS 0x0000000704000000, 0x0000000703e00000| Untracked 
|  13|0x0000000704000000, 0x0000000704200000, 0x0000000704200000|100%|HC|  |TAMS 0x0000000704200000, 0x0000000704000000| Untracked 
|  14|0x0000000704200000, 0x0000000704400000, 0x0000000704400000|100%|HC|  |TAMS 0x0000000704400000, 0x0000000704200000| Untracked 
|  15|0x0000000704400000, 0x0000000704400000, 0x0000000704600000|  0%| F|  |TAMS 0x0000000704400000, 0x0000000704400000| Untracked 
|  16|0x0000000704600000, 0x0000000704612b48, 0x0000000704800000|  3%| O|  |TAMS 0x0000000704600000, 0x0000000704600000| Untracked 
|  17|0x0000000704800000, 0x000000070482ce20, 0x0000000704a00000|  8%| S|CS|TAMS 0x0000000704800000, 0x0000000704800000| Complete 
|  18|0x0000000704a00000, 0x0000000704a00000, 0x0000000704c00000|  0%| F|  |TAMS 0x0000000704a00000, 0x0000000704a00000| Untracked 
|  19|0x0000000704c00000, 0x0000000704c00000, 0x0000000704e00000|  0%| F|  |TAMS 0x0000000704c00000, 0x0000000704c00000| Untracked 
|  20|0x0000000704e00000, 0x0000000704e00000, 0x0000000705000000|  0%| F|  |TAMS 0x0000000704e00000, 0x0000000704e00000| Untracked 
|  21|0x0000000705000000, 0x0000000705000000, 0x0000000705200000|  0%| F|  |TAMS 0x0000000705000000, 0x0000000705000000| Untracked 
|  22|0x0000000705200000, 0x0000000705200000, 0x0000000705400000|  0%| F|  |TAMS 0x0000000705200000, 0x0000000705200000| Untracked 
|  23|0x0000000705400000, 0x0000000705453698, 0x0000000705600000| 16%| E|  |TAMS 0x0000000705400000, 0x0000000705400000| Complete 
|  24|0x0000000705600000, 0x0000000705800000, 0x0000000705800000|100%| E|CS|TAMS 0x0000000705600000, 0x0000000705600000| Complete 
|  25|0x0000000705800000, 0x0000000705a00000, 0x0000000705a00000|100%| E|CS|TAMS 0x0000000705800000, 0x0000000705800000| Complete 
| 112|0x0000000710600000, 0x0000000710800000, 0x0000000710800000|100%| E|CS|TAMS 0x0000000710600000, 0x0000000710600000| Complete 
| 113|0x0000000710800000, 0x0000000710a00000, 0x0000000710a00000|100%| E|CS|TAMS 0x0000000710800000, 0x0000000710800000| Complete 
| 126|0x0000000712200000, 0x0000000712400000, 0x0000000712400000|100%| E|CS|TAMS 0x0000000712200000, 0x0000000712200000| Complete 

Card table byte_map: [0x0000021d340c0000,0x0000021d348b0000] _byte_map_base: 0x0000021d308ad000

Marking Bits (Prev, Next): (CMBitMap*) 0x0000021d1f3867d0, (CMBitMap*) 0x0000021d1f386790
 Prev Bits: [0x0000021d39010000, 0x0000021d3cf78000)
 Next Bits: [0x0000021d350a0000, 0x0000021d39008000)

Polling page: 0x0000021d1f3d0000

Metaspace:

Usage:
  Non-class:     38.35 MB used.
      Class:      4.61 MB used.
       Both:     42.97 MB used.

Virtual space:
  Non-class space:       64.00 MB reserved,      38.44 MB ( 60%) committed,  1 nodes.
      Class space:        1.00 GB reserved,       4.75 MB ( <1%) committed,  1 nodes.
             Both:        1.06 GB reserved,      43.19 MB (  4%) committed. 

Chunk freelists:
   Non-Class:  8.81 MB
       Class:  11.20 MB
        Both:  20.02 MB

MaxMetaspaceSize: unlimited
CompressedClassSpaceSize: 1.00 GB
Initial GC threshold: 21.00 MB
Current GC threshold: 72.00 MB
CDS: off
MetaspaceReclaimPolicy: balanced
 - commit_granule_bytes: 65536.
 - commit_granule_words: 8192.
 - virtual_space_node_default_size: 8388608.
 - enlarge_chunks_in_place: 1.
 - new_chunks_are_fully_committed: 0.
 - uncommit_free_chunks: 1.
 - use_allocation_guard: 0.
 - handle_deallocations: 1.


Internal statistics:

num_allocs_failed_limit: 6.
num_arena_births: 226.
num_arena_deaths: 0.
num_vsnodes_births: 2.
num_vsnodes_deaths: 0.
num_space_committed: 691.
num_space_uncommitted: 0.
num_chunks_returned_to_freelist: 6.
num_chunks_taken_from_freelist: 1138.
num_chunk_merges: 3.
num_chunk_splits: 990.
num_chunks_enlarged: 900.
num_inconsistent_stats: 0.

CodeHeap 'non-profiled nmethods': size=120000Kb used=3563Kb max_used=3563Kb free=116436Kb
 bounds [0x0000021d2bd70000, 0x0000021d2c0f0000, 0x0000021d332a0000]
CodeHeap 'profiled nmethods': size=120000Kb used=9020Kb max_used=11348Kb free=110980Kb
 bounds [0x0000021d242a0000, 0x0000021d24dc0000, 0x0000021d2b7d0000]
CodeHeap 'non-nmethods': size=5760Kb used=1865Kb max_used=1955Kb free=3894Kb
 bounds [0x0000021d2b7d0000, 0x0000021d2ba40000, 0x0000021d2bd70000]
 total_blobs=6286 nmethods=4947 adapters=1251
 compilation: enabled
              stopped_count=0, restarted_count=0
 full_count=0

Compilation events (20 events):
Event: 78.431 Thread 0x0000021d3f7d6de0 5723       3       java.util.PriorityQueue::offer (58 bytes)
Event: 78.431 Thread 0x0000021d3f7d6de0 nmethod 5723 0x0000021d24309590 code [0x0000021d24309780, 0x0000021d24309b78]
Event: 78.431 Thread 0x0000021d3f7d6de0 5724       3       java.util.PriorityQueue::siftUp (33 bytes)
Event: 78.431 Thread 0x0000021d3f7d6de0 nmethod 5724 0x0000021d2451fa90 code [0x0000021d2451fc40, 0x0000021d2451fe38]
Event: 78.431 Thread 0x0000021d3f7d6de0 5725       3       java.util.PriorityQueue::siftUpComparable (52 bytes)
Event: 78.431 Thread 0x0000021d3f7d6de0 nmethod 5725 0x0000021d24427090 code [0x0000021d24427280, 0x0000021d24427a28]
Event: 79.195 Thread 0x0000021d3f7d6de0 5726       3       kotlinx.coroutines.scheduling.CoroutineScheduler$Worker::tryReleaseCpu (56 bytes)
Event: 79.195 Thread 0x0000021d3f7d6de0 nmethod 5726 0x0000021d24426610 code [0x0000021d244267c0, 0x0000021d24426b08]
Event: 79.543 Thread 0x0000021d3f7d2c70 5727       4       org.jetbrains.skia.impl.Managed::close (124 bytes)
Event: 79.550 Thread 0x0000021d3f7d2c70 nmethod 5727 0x0000021d2c0e8790 code [0x0000021d2c0e8960, 0x0000021d2c0e9238]
Event: 80.542 Thread 0x0000021d3f7d2c70 5728       4       java.util.Arrays::rangeCheck (74 bytes)
Event: 80.542 Thread 0x0000021d3f7d2c70 nmethod 5728 0x0000021d2c0e9610 code [0x0000021d2c0e9780, 0x0000021d2c0e9838]
Event: 85.376 Thread 0x0000021d3f7d2c70 5729       4       java.util.concurrent.ForkJoinPool::managedBlock (36 bytes)
Event: 85.382 Thread 0x0000021d3f7d2c70 nmethod 5729 0x0000021d2c0e9910 code [0x0000021d2c0e9aa0, 0x0000021d2c0e9c48]
Event: 85.404 Thread 0x0000021d3f7d2c70 5730       4       java.util.concurrent.locks.AbstractQueuedSynchronizer::enqueue (60 bytes)
Event: 85.409 Thread 0x0000021d3f7d2c70 nmethod 5730 0x0000021d2c0e9e10 code [0x0000021d2c0e9f80, 0x0000021d2c0ea358]
Event: 88.135 Thread 0x0000021d3f7d2c70 5731   !   4       org.jetbrains.skia.PictureRecorder::beginRecording (62 bytes)
Event: 88.138 Thread 0x0000021d3f7d2c70 nmethod 5731 0x0000021d2c0ea490 code [0x0000021d2c0ea620, 0x0000021d2c0ea8b8]
Event: 88.138 Thread 0x0000021d3f7d2c70 5732   !   4       org.jetbrains.skia.PictureRecorder::finishRecordingAsPicture (38 bytes)
Event: 88.139 Thread 0x0000021d3f7d2c70 nmethod 5732 0x0000021d2c0eaa90 code [0x0000021d2c0eac20, 0x0000021d2c0ead98]

GC Heap History (20 events):
Event: 13.736 GC heap before
{Heap before GC invocations=12 (full 0):
 garbage-first heap   total 49152K, used 21862K [0x0000000702600000, 0x0000000800000000)
  region size 2048K, 2 young (4096K), 1 survivors (2048K)
 Metaspace       used 41483K, committed 41792K, reserved 1114112K
  class space    used 4550K, committed 4672K, reserved 1048576K
}
Event: 13.739 GC heap after
{Heap after GC invocations=13 (full 0):
 garbage-first heap   total 49152K, used 22255K [0x0000000702600000, 0x0000000800000000)
  region size 2048K, 1 young (2048K), 1 survivors (2048K)
 Metaspace       used 41483K, committed 41792K, reserved 1114112K
  class space    used 4550K, committed 4672K, reserved 1048576K
}
Event: 17.128 GC heap before
{Heap before GC invocations=14 (full 0):
 garbage-first heap   total 59392K, used 40687K [0x0000000702600000, 0x0000000800000000)
  region size 2048K, 7 young (14336K), 1 survivors (2048K)
 Metaspace       used 43300K, committed 43584K, reserved 1114112K
  class space    used 4719K, committed 4864K, reserved 1048576K
}
Event: 17.133 GC heap after
{Heap after GC invocations=15 (full 0):
 garbage-first heap   total 59392K, used 31532K [0x0000000702600000, 0x0000000800000000)
  region size 2048K, 1 young (2048K), 1 survivors (2048K)
 Metaspace       used 43300K, committed 43584K, reserved 1114112K
  class space    used 4719K, committed 4864K, reserved 1048576K
}
Event: 23.845 GC heap before
{Heap before GC invocations=15 (full 0):
 garbage-first heap   total 59392K, used 45868K [0x0000000702600000, 0x0000000800000000)
  region size 2048K, 8 young (16384K), 1 survivors (2048K)
 Metaspace       used 43921K, committed 44224K, reserved 1114112K
  class space    used 4720K, committed 4864K, reserved 1048576K
}
Event: 23.849 GC heap after
{Heap after GC invocations=16 (full 0):
 garbage-first heap   total 59392K, used 32364K [0x0000000702600000, 0x0000000800000000)
  region size 2048K, 1 young (2048K), 1 survivors (2048K)
 Metaspace       used 43921K, committed 44224K, reserved 1114112K
  class space    used 4720K, committed 4864K, reserved 1048576K
}
Event: 31.567 GC heap before
{Heap before GC invocations=17 (full 0):
 garbage-first heap   total 59392K, used 38508K [0x0000000702600000, 0x0000000800000000)
  region size 2048K, 7 young (14336K), 1 survivors (2048K)
 Metaspace       used 43933K, committed 44224K, reserved 1114112K
  class space    used 4721K, committed 4864K, reserved 1048576K
}
Event: 31.570 GC heap after
{Heap after GC invocations=18 (full 0):
 garbage-first heap   total 59392K, used 26268K [0x0000000702600000, 0x0000000800000000)
  region size 2048K, 1 young (2048K), 1 survivors (2048K)
 Metaspace       used 43933K, committed 44224K, reserved 1114112K
  class space    used 4721K, committed 4864K, reserved 1048576K
}
Event: 32.700 GC heap before
{Heap before GC invocations=18 (full 0):
 garbage-first heap   total 59392K, used 28316K [0x0000000702600000, 0x0000000800000000)
  region size 2048K, 2 young (4096K), 1 survivors (2048K)
 Metaspace       used 43935K, committed 44224K, reserved 1114112K
  class space    used 4721K, committed 4864K, reserved 1048576K
}
Event: 32.704 GC heap after
{Heap after GC invocations=19 (full 0):
 garbage-first heap   total 59392K, used 25535K [0x0000000702600000, 0x0000000800000000)
  region size 2048K, 1 young (2048K), 1 survivors (2048K)
 Metaspace       used 43935K, committed 44224K, reserved 1114112K
  class space    used 4721K, committed 4864K, reserved 1048576K
}
Event: 43.341 GC heap before
{Heap before GC invocations=19 (full 0):
 garbage-first heap   total 59392K, used 43967K [0x0000000702600000, 0x0000000800000000)
  region size 2048K, 10 young (20480K), 1 survivors (2048K)
 Metaspace       used 43947K, committed 44224K, reserved 1114112K
  class space    used 4721K, committed 4864K, reserved 1048576K
}
Event: 43.344 GC heap after
{Heap after GC invocations=20 (full 0):
 garbage-first heap   total 59392K, used 25586K [0x0000000702600000, 0x0000000800000000)
  region size 2048K, 1 young (2048K), 1 survivors (2048K)
 Metaspace       used 43947K, committed 44224K, reserved 1114112K
  class space    used 4721K, committed 4864K, reserved 1048576K
}
Event: 53.649 GC heap before
{Heap before GC invocations=20 (full 0):
 garbage-first heap   total 59392K, used 44018K [0x0000000702600000, 0x0000000800000000)
  region size 2048K, 10 young (20480K), 1 survivors (2048K)
 Metaspace       used 43956K, committed 44224K, reserved 1114112K
  class space    used 4721K, committed 4864K, reserved 1048576K
}
Event: 53.651 GC heap after
{Heap after GC invocations=21 (full 0):
 garbage-first heap   total 59392K, used 25633K [0x0000000702600000, 0x0000000800000000)
  region size 2048K, 1 young (2048K), 1 survivors (2048K)
 Metaspace       used 43956K, committed 44224K, reserved 1114112K
  class space    used 4721K, committed 4864K, reserved 1048576K
}
Event: 61.600 GC heap before
{Heap before GC invocations=21 (full 0):
 garbage-first heap   total 59392K, used 37921K [0x0000000702600000, 0x0000000800000000)
  region size 2048K, 8 young (16384K), 1 survivors (2048K)
 Metaspace       used 43956K, committed 44224K, reserved 1114112K
  class space    used 4721K, committed 4864K, reserved 1048576K
}
Event: 61.624 GC heap after
{Heap after GC invocations=22 (full 1):
 garbage-first heap   total 59392K, used 23533K [0x0000000702600000, 0x0000000800000000)
  region size 2048K, 0 young (0K), 0 survivors (0K)
 Metaspace       used 43956K, committed 44224K, reserved 1114112K
  class space    used 4721K, committed 4864K, reserved 1048576K
}
Event: 72.932 GC heap before
{Heap before GC invocations=22 (full 1):
 garbage-first heap   total 59392K, used 44013K [0x0000000702600000, 0x0000000800000000)
  region size 2048K, 10 young (20480K), 0 survivors (0K)
 Metaspace       used 43969K, committed 44224K, reserved 1114112K
  class space    used 4721K, committed 4864K, reserved 1048576K
}
Event: 72.932 GC heap after
{Heap after GC invocations=23 (full 1):
 garbage-first heap   total 59392K, used 23792K [0x0000000702600000, 0x0000000800000000)
  region size 2048K, 1 young (2048K), 1 survivors (2048K)
 Metaspace       used 43969K, committed 44224K, reserved 1114112K
  class space    used 4721K, committed 4864K, reserved 1048576K
}
Event: 84.272 GC heap before
{Heap before GC invocations=23 (full 1):
 garbage-first heap   total 59392K, used 44272K [0x0000000702600000, 0x0000000800000000)
  region size 2048K, 11 young (22528K), 1 survivors (2048K)
 Metaspace       used 43973K, committed 44224K, reserved 1114112K
  class space    used 4721K, committed 4864K, reserved 1048576K
}
Event: 84.273 GC heap after
{Heap after GC invocations=24 (full 1):
 garbage-first heap   total 59392K, used 23712K [0x0000000702600000, 0x0000000800000000)
  region size 2048K, 1 young (2048K), 1 survivors (2048K)
 Metaspace       used 43973K, committed 44224K, reserved 1114112K
  class space    used 4721K, committed 4864K, reserved 1048576K
}

Dll operation events (3 events):
Event: 0.014 Loaded shared library C:\Users\HP\.jdks\jbr-17.0.7-1\bin\java.dll
Event: 0.062 Loaded shared library C:\Users\HP\.jdks\jbr-17.0.7-1\bin\jsvml.dll
Event: 0.281 Loaded shared library C:\Users\HP\.jdks\jbr-17.0.7-1\bin\zip.dll

Deoptimization events (20 events):
Event: 26.922 Thread 0x0000021d44833e30 Uncommon trap: trap_request=0xffffffd6 fr.pc=0x0000021d2c079250 relative=0x0000000000004330
Event: 26.922 Thread 0x0000021d44833e30 Uncommon trap: reason=array_check action=maybe_recompile pc=0x0000021d2c079250 method=androidx.compose.runtime.collection.MutableVector.add(Ljava/lang/Object;)Z @ 19 c2
Event: 26.922 Thread 0x0000021d44833e30 DEOPT PACKING pc=0x0000021d2c079250 sp=0x000000f5ab4fe1b0
Event: 26.922 Thread 0x0000021d44833e30 DEOPT UNPACKING pc=0x0000021d2b8269a3 sp=0x000000f5ab4fe160 mode 2
Event: 77.103 Thread 0x0000021d4488aa30 Uncommon trap: trap_request=0xffffff45 fr.pc=0x0000021d2c0bd1b4 relative=0x0000000000000194
Event: 77.103 Thread 0x0000021d4488aa30 Uncommon trap: reason=unstable_if action=reinterpret pc=0x0000021d2c0bd1b4 method=kotlinx.coroutines.scheduling.CoroutineScheduler$Worker.tryReleaseCpu(Lkotlinx/coroutines/scheduling/CoroutineScheduler$WorkerState;)Z @ 9 c2
Event: 77.103 Thread 0x0000021d4488aa30 DEOPT PACKING pc=0x0000021d2c0bd1b4 sp=0x000000f5ab6ff1a0
Event: 77.103 Thread 0x0000021d4488aa30 DEOPT UNPACKING pc=0x0000021d2b8269a3 sp=0x000000f5ab6ff128 mode 2
Event: 89.571 Thread 0x0000021d3f9589d0 Uncommon trap: trap_request=0xffffff5c fr.pc=0x0000021d2c0ea280 relative=0x0000000000000300
Event: 89.571 Thread 0x0000021d3f9589d0 Uncommon trap: reason=speculate_null_check action=make_not_entrant pc=0x0000021d2c0ea280 method=java.util.concurrent.locks.AbstractQueuedSynchronizer.enqueue(Ljava/util/concurrent/locks/AbstractQueuedSynchronizer$Node;)V @ 15 c2
Event: 89.571 Thread 0x0000021d3f9589d0 DEOPT PACKING pc=0x0000021d2c0ea280 sp=0x000000f5a98fe120
Event: 89.571 Thread 0x0000021d3f9589d0 DEOPT UNPACKING pc=0x0000021d2b8269a3 sp=0x000000f5a98fe0d8 mode 2
Event: 89.575 Thread 0x0000021d4fe09c70 Uncommon trap: trap_request=0xffffff45 fr.pc=0x0000021d2c0e9b80 relative=0x00000000000000e0
Event: 89.575 Thread 0x0000021d4fe09c70 Uncommon trap: reason=unstable_if action=reinterpret pc=0x0000021d2c0e9b80 method=java.util.concurrent.locks.AbstractQueuedSynchronizer$ConditionNode.isReleasable()Z @ 14 c2
Event: 89.575 Thread 0x0000021d4fe09c70 DEOPT PACKING pc=0x0000021d2c0e9b80 sp=0x000000f5ac3ff300
Event: 89.575 Thread 0x0000021d4fe09c70 DEOPT UNPACKING pc=0x0000021d2b8269a3 sp=0x000000f5ac3ff168 mode 2
Event: 89.575 Thread 0x0000021d4fe08460 Uncommon trap: trap_request=0xffffff45 fr.pc=0x0000021d2c0e9b80 relative=0x00000000000000e0
Event: 89.575 Thread 0x0000021d4fe08460 Uncommon trap: reason=unstable_if action=reinterpret pc=0x0000021d2c0e9b80 method=java.util.concurrent.locks.AbstractQueuedSynchronizer$ConditionNode.isReleasable()Z @ 14 c2
Event: 89.575 Thread 0x0000021d4fe08460 DEOPT PACKING pc=0x0000021d2c0e9b80 sp=0x000000f5abffefb0
Event: 89.575 Thread 0x0000021d4fe08460 DEOPT UNPACKING pc=0x0000021d2b8269a3 sp=0x000000f5abffee18 mode 2

Classes unloaded (0 events):
No events

Classes redefined (0 events):
No events

Internal exceptions (20 events):
Event: 1.917 Thread 0x0000021d44833e30 Exception <a 'java/lang/NoSuchMethodError'{0x0000000710b2fe00}: 'java.lang.Object java.lang.invoke.DirectMethodHandle$Holder.newInvokeSpecial(java.lang.Object, java.lang.Object, int, int)'> (0x0000000710b2fe00) 
thrown [s\src\hotspot\share\interpreter\linkResolver.cpp, line 771]
Event: 1.919 Thread 0x0000021d44833e30 Exception <a 'java/lang/NoSuchMethodError'{0x0000000710b41250}: 'java.lang.Object java.lang.invoke.DirectMethodHandle$Holder.newInvokeSpecial(java.lang.Object, java.lang.Object, int, int, int, int)'> (0x0000000710b41250) 
thrown [s\src\hotspot\share\interpreter\linkResolver.cpp, line 771]
Event: 1.948 Thread 0x0000021d44830a70 Exception <a 'java/lang/NoSuchMethodError'{0x0000000712215f50}: 'void java.lang.invoke.DirectMethodHandle$Holder.invokeVirtual(java.lang.Object, java.lang.Object)'> (0x0000000712215f50) 
thrown [s\src\hotspot\share\interpreter\linkResolver.cpp, line 771]
Event: 2.059 Thread 0x0000021d44833e30 Exception <a 'java/lang/NoSuchMethodError'{0x0000000704e8e8b8}: 'java.lang.Object java.lang.invoke.DirectMethodHandle$Holder.invokeStaticInit(java.lang.Object, java.lang.Object, java.lang.Object, java.lang.Object, java.lang.Object, java.lang.Object, java.lang.Object)'> (0x0000000704e8e8b8) 
thrown [s\src\hotspot\share\interpreter\linkResolver.cpp, line 771]
Event: 2.060 Thread 0x0000021d44833e30 Exception <a 'java/lang/NoSuchMethodError'{0x0000000704e98198}: 'java.lang.Object java.lang.invoke.DirectMethodHandle$Holder.invokeSpecial(java.lang.Object, java.lang.Object, java.lang.Object, java.lang.Object, java.lang.Object, java.lang.Object, java.lang.Object, java.lang.Object, java.lang.Object, java.lang.Object)'> (0x0000000704e98198) 
thrown [s\src\hotspot\share\interpreter\linkResolver.cpp, line 771]
Event: 2.060 Thread 0x0000021d44833e30 Exception <a 'java/lang/NoSuchMethodError'{0x0000000704e9ca28}: 'java.lang.Object java.lang.invoke.Invokers$Holder.invoke_MT(java.lang.Object, java.lang.Object, java.lang.Object, java.lang.Object, java.lang.Object, java.lang.Object, java.lang.Object, java.lang.Object, java.lang.Object, java.lang.Object)'> (0x0000000704e9ca28) 
thrown [s\src\hotspot\share\interpreter\linkResolver.cpp, line 771]
Event: 2.062 Thread 0x0000021d44833e30 Exception <a 'java/lang/NoSuchMethodError'{0x0000000704ea3170}: 'java.lang.Object java.lang.invoke.DirectMethodHandle$Holder.invokeStatic(java.lang.Object, java.lang.Object, int)'> (0x0000000704ea3170) 
thrown [s\src\hotspot\share\interpreter\linkResolver.cpp, line 771]
Event: 2.064 Thread 0x0000021d44833e30 Exception <a 'java/lang/NoSuchMethodError'{0x0000000704eb5cd8}: 'void java.lang.invoke.DelegatingMethodHandle$Holder.delegate(java.lang.Object, java.lang.Object, int, java.lang.Object)'> (0x0000000704eb5cd8) 
thrown [s\src\hotspot\share\interpreter\linkResolver.cpp, line 771]
Event: 2.064 Thread 0x0000021d44833e30 Exception <a 'java/lang/NoSuchMethodError'{0x0000000704eba308}: 'int java.lang.invoke.DirectMethodHandle$Holder.invokeSpecial(java.lang.Object, java.lang.Object, java.lang.Object)'> (0x0000000704eba308) 
thrown [s\src\hotspot\share\interpreter\linkResolver.cpp, line 771]
Event: 2.069 Thread 0x0000021d44833e30 Exception <a 'java/lang/NoSuchMethodError'{0x0000000704eda950}: 'int java.lang.invoke.DirectMethodHandle$Holder.invokeVirtual(java.lang.Object, java.lang.Object, java.lang.Object)'> (0x0000000704eda950) 
thrown [s\src\hotspot\share\interpreter\linkResolver.cpp, line 771]
Event: 2.070 Thread 0x0000021d44833e30 Exception <a 'java/lang/NoSuchMethodError'{0x0000000704ede788}: 'int java.lang.invoke.DirectMethodHandle$Holder.invokeVirtual(java.lang.Object, java.lang.Object)'> (0x0000000704ede788) 
thrown [s\src\hotspot\share\interpreter\linkResolver.cpp, line 771]
Event: 2.070 Thread 0x0000021d44833e30 Exception <a 'java/lang/NoSuchMethodError'{0x0000000704ee2f80}: 'int java.lang.invoke.DirectMethodHandle$Holder.invokeStaticInit(java.lang.Object, java.lang.Object, java.lang.Object)'> (0x0000000704ee2f80) 
thrown [s\src\hotspot\share\interpreter\linkResolver.cpp, line 771]
Event: 2.070 Thread 0x0000021d44833e30 Exception <a 'java/lang/NoSuchMethodError'{0x0000000704ee6e08}: 'int java.lang.invoke.DirectMethodHandle$Holder.invokeStaticInit(java.lang.Object, int, int)'> (0x0000000704ee6e08) 
thrown [s\src\hotspot\share\interpreter\linkResolver.cpp, line 771]
Event: 2.071 Thread 0x0000021d44833e30 Exception <a 'java/lang/NoSuchMethodError'{0x0000000704eeec40}: 'int java.lang.invoke.DirectMethodHandle$Holder.invokeStaticInit(java.lang.Object, long, long)'> (0x0000000704eeec40) 
thrown [s\src\hotspot\share\interpreter\linkResolver.cpp, line 771]
Event: 2.071 Thread 0x0000021d44833e30 Exception <a 'java/lang/NoSuchMethodError'{0x0000000704ef5fe0}: 'int java.lang.invoke.DirectMethodHandle$Holder.invokeStaticInit(java.lang.Object, float, float)'> (0x0000000704ef5fe0) 
thrown [s\src\hotspot\share\interpreter\linkResolver.cpp, line 771]
Event: 2.072 Thread 0x0000021d44833e30 Exception <a 'java/lang/NoSuchMethodError'{0x0000000704efd388}: 'int java.lang.invoke.DirectMethodHandle$Holder.invokeStaticInit(java.lang.Object, double, double)'> (0x0000000704efd388) 
thrown [s\src\hotspot\share\interpreter\linkResolver.cpp, line 771]
Event: 2.073 Thread 0x0000021d44833e30 Exception <a 'java/lang/NoSuchMethodError'{0x0000000704f01ee0}: 'int java.lang.invoke.DirectMethodHandle$Holder.invokeStatic(java.lang.Object, long)'> (0x0000000704f01ee0) 
thrown [s\src\hotspot\share\interpreter\linkResolver.cpp, line 771]
Event: 2.076 Thread 0x0000021d44833e30 Exception <a 'java/lang/NoSuchMethodError'{0x0000000704f26628}: 'int java.lang.invoke.Invokers$Holder.linkToTargetMethod(java.lang.Object, java.lang.Object)'> (0x0000000704f26628) 
thrown [s\src\hotspot\share\interpreter\linkResolver.cpp, line 771]
Event: 12.944 Thread 0x0000021d44833e30 Exception <a 'java/lang/NoSuchMethodError'{0x00000007109eff08}: 'java.lang.Object java.lang.invoke.DirectMethodHandle$Holder.newInvokeSpecial(java.lang.Object, int, java.lang.Object)'> (0x00000007109eff08) 
thrown [s\src\hotspot\share\interpreter\linkResolver.cpp, line 771]
Event: 17.005 Thread 0x0000021d4fe07120 Implicit null exception at 0x0000021d2bf7e52b to 0x0000021d2bf7f324

VM Operations (20 events):
Event: 53.432 Executing VM operation: Cleanup
Event: 53.432 Executing VM operation: Cleanup done
Event: 53.649 Executing VM operation: G1CollectForAllocation
Event: 53.651 Executing VM operation: G1CollectForAllocation done
Event: 55.679 Executing VM operation: Cleanup
Event: 55.679 Executing VM operation: Cleanup done
Event: 56.693 Executing VM operation: Cleanup
Event: 56.693 Executing VM operation: Cleanup done
Event: 61.599 Executing VM operation: G1CollectFull
Event: 61.625 Executing VM operation: G1CollectFull done
Event: 64.656 Executing VM operation: Cleanup
Event: 64.656 Executing VM operation: Cleanup done
Event: 65.670 Executing VM operation: Cleanup
Event: 65.670 Executing VM operation: Cleanup done
Event: 70.697 Executing VM operation: Cleanup
Event: 70.697 Executing VM operation: Cleanup done
Event: 72.932 Executing VM operation: G1CollectForAllocation
Event: 72.932 Executing VM operation: G1CollectForAllocation done
Event: 84.272 Executing VM operation: G1CollectForAllocation
Event: 84.273 Executing VM operation: G1CollectForAllocation done

Events (20 events):
Event: 27.530 Thread 0x0000021d3f7f6f50 flushing nmethod 0x0000021d24bd5c10
Event: 27.530 Thread 0x0000021d3f7f6f50 flushing nmethod 0x0000021d24bdfd10
Event: 27.530 Thread 0x0000021d3f7f6f50 flushing nmethod 0x0000021d24c01d90
Event: 27.530 Thread 0x0000021d3f7f6f50 flushing nmethod 0x0000021d24c02a90
Event: 27.531 Thread 0x0000021d3f7f6f50 flushing nmethod 0x0000021d24c7dc90
Event: 27.531 Thread 0x0000021d3f7f6f50 flushing nmethod 0x0000021d24cd2890
Event: 27.531 Thread 0x0000021d3f7f6f50 flushing nmethod 0x0000021d24d8b710
Event: 77.103 Thread 0x0000021d44887ee0 Thread exited: 0x0000021d44887ee0
Event: 77.119 Thread 0x0000021d44887070 Thread exited: 0x0000021d44887070
Event: 89.566 loading class jdk/internal/misc/Signal$1
Event: 89.566 loading class jdk/internal/misc/Signal$1 done
Event: 89.567 Thread 0x0000021d3f95d200 Thread added: 0x0000021d3f95d200
Event: 89.567 Thread 0x0000021d3f95e540 Thread added: 0x0000021d3f95e540
Event: 89.567 Thread 0x0000021d3f9589d0 Thread added: 0x0000021d3f9589d0
Event: 89.567 Thread 0x0000021d3f958030 Thread added: 0x0000021d3f958030
Event: 89.569 Thread 0x0000021d3f958030 Thread exited: 0x0000021d3f958030
Event: 89.575 Thread 0x0000021d3f9589d0 Thread exited: 0x0000021d3f9589d0
Event: 89.576 Thread 0x0000021d4fe08460 Thread exited: 0x0000021d4fe08460
Event: 89.576 Thread 0x0000021d4fe09c70 Thread exited: 0x0000021d4fe09c70
Event: 89.577 Thread 0x0000021d44830a70 Thread exited: 0x0000021d44830a70


Dynamic libraries:
0x00007ff762bd0000 - 0x00007ff762bda000 	C:\Users\HP\.jdks\jbr-17.0.7-1\bin\java.exe
0x00007ffb07c30000 - 0x00007ffb07e28000 	C:\Windows\SYSTEM32\ntdll.dll
0x00007ffb07050000 - 0x00007ffb0710f000 	C:\Windows\System32\KERNEL32.DLL
0x00007ffb056e0000 - 0x00007ffb059d6000 	C:\Windows\System32\KERNELBASE.dll
0x00007ffad9850000 - 0x00007ffad9867000 	C:\Users\HP\.jdks\jbr-17.0.7-1\bin\jli.dll
0x00007ffb055e0000 - 0x00007ffb056e0000 	C:\Windows\System32\ucrtbase.dll
0x00007ffb075e0000 - 0x00007ffb0777d000 	C:\Windows\System32\USER32.dll
0x00007ffb059e0000 - 0x00007ffb05a02000 	C:\Windows\System32\win32u.dll
0x00007ffb05c90000 - 0x00007ffb05cbc000 	C:\Windows\System32\GDI32.dll
0x00007ffadbca0000 - 0x00007ffadbcbb000 	C:\Users\HP\.jdks\jbr-17.0.7-1\bin\VCRUNTIME140.dll
0x00007ffb05b70000 - 0x00007ffb05c85000 	C:\Windows\System32\gdi32full.dll
0x00007ffb05540000 - 0x00007ffb055dd000 	C:\Windows\System32\msvcp_win.dll
0x00007ffaee100000 - 0x00007ffaee39a000 	C:\Windows\WinSxS\amd64_microsoft.windows.common-controls_6595b64144ccf1df_6.0.19041.1110_none_60b5254171f9507e\COMCTL32.dll
0x00007ffb073c0000 - 0x00007ffb0745e000 	C:\Windows\System32\msvcrt.dll
0x00007ffb06900000 - 0x00007ffb06930000 	C:\Windows\System32\IMM32.DLL
0x00007ffafd350000 - 0x00007ffafd35c000 	C:\Users\HP\.jdks\jbr-17.0.7-1\bin\vcruntime140_1.dll
0x00007ffad13e0000 - 0x00007ffad146d000 	C:\Users\HP\.jdks\jbr-17.0.7-1\bin\msvcp140.dll
0x00007ffad0760000 - 0x00007ffad13e0000 	C:\Users\HP\.jdks\jbr-17.0.7-1\bin\server\jvm.dll
0x00007ffb05df0000 - 0x00007ffb05e9f000 	C:\Windows\System32\ADVAPI32.dll
0x00007ffb07110000 - 0x00007ffb071ac000 	C:\Windows\System32\sechost.dll
0x00007ffb06080000 - 0x00007ffb061a6000 	C:\Windows\System32\RPCRT4.dll
0x00007ffaeee70000 - 0x00007ffaeee79000 	C:\Windows\SYSTEM32\WSOCK32.dll
0x00007ffb069c0000 - 0x00007ffb06a2b000 	C:\Windows\System32\WS2_32.dll
0x00007ffafadf0000 - 0x00007ffafadfa000 	C:\Windows\SYSTEM32\VERSION.dll
0x00007ffaec5c0000 - 0x00007ffaec5e7000 	C:\Windows\SYSTEM32\WINMM.dll
0x00007ffb03b00000 - 0x00007ffb03b12000 	C:\Windows\SYSTEM32\kernel.appcore.dll
0x00007ffafd260000 - 0x00007ffafd26a000 	C:\Users\HP\.jdks\jbr-17.0.7-1\bin\jimage.dll
0x00007ffb00020000 - 0x00007ffb00204000 	C:\Windows\SYSTEM32\DBGHELP.DLL
0x00007ffaeec60000 - 0x00007ffaeec94000 	C:\Windows\SYSTEM32\dbgcore.DLL
0x00007ffb054b0000 - 0x00007ffb05532000 	C:\Windows\System32\bcryptPrimitives.dll
0x00007ffafd370000 - 0x00007ffafd37e000 	C:\Users\HP\.jdks\jbr-17.0.7-1\bin\instrument.dll
0x00007ffad9820000 - 0x00007ffad9845000 	C:\Users\HP\.jdks\jbr-17.0.7-1\bin\java.dll
0x00007ffad72e0000 - 0x00007ffad72f8000 	C:\Users\HP\.jdks\jbr-17.0.7-1\bin\zip.dll
0x00007ffad0680000 - 0x00007ffad0757000 	C:\Users\HP\.jdks\jbr-17.0.7-1\bin\jsvml.dll
0x00007ffb061b0000 - 0x00007ffb068f4000 	C:\Windows\System32\SHELL32.dll
0x00007ffb00210000 - 0x00007ffb009a4000 	C:\Windows\SYSTEM32\windows.storage.dll
0x00007ffb06b80000 - 0x00007ffb06ed4000 	C:\Windows\System32\combase.dll
0x00007ffb04b90000 - 0x00007ffb04bbe000 	C:\Windows\SYSTEM32\Wldp.dll
0x00007ffb06ef0000 - 0x00007ffb06f9d000 	C:\Windows\System32\SHCORE.dll
0x00007ffb07580000 - 0x00007ffb075d5000 	C:\Windows\System32\shlwapi.dll
0x00007ffb05240000 - 0x00007ffb05265000 	C:\Windows\SYSTEM32\profapi.dll
0x00007ffad6a10000 - 0x00007ffad6a29000 	C:\Users\HP\.jdks\jbr-17.0.7-1\bin\net.dll
0x00007ffaf65e0000 - 0x00007ffaf66ea000 	C:\Windows\SYSTEM32\WINHTTP.dll
0x00007ffb04970000 - 0x00007ffb049da000 	C:\Windows\system32\mswsock.dll
0x00007ffad0660000 - 0x00007ffad0676000 	C:\Users\HP\.jdks\jbr-17.0.7-1\bin\nio.dll
0x00007ffaf9440000 - 0x00007ffaf945a000 	C:\Program Files\JetBrains\IntelliJ IDEA Community Edition 2021.3.2\bin\breakgen64.dll
0x00007ffa9ca00000 - 0x00007ffa9cb98000 	C:\Users\HP\.jdks\jbr-17.0.7-1\bin\awt.dll
0x00007ffb05d20000 - 0x00007ffb05ded000 	C:\Windows\System32\OLEAUT32.dll
0x00007ffadbd10000 - 0x00007ffadbd54000 	C:\Users\HP\.jdks\jbr-17.0.7-1\bin\nvdaControllerClient64.dll
0x00007ffaff9b0000 - 0x00007ffaff9df000 	C:\Windows\SYSTEM32\dwmapi.dll
0x00007ffafefa0000 - 0x00007ffaff031000 	C:\Windows\SYSTEM32\apphelp.dll
0x00007ffaff300000 - 0x00007ffaff39e000 	C:\Windows\system32\uxtheme.dll
0x00007ffb07460000 - 0x00007ffb07574000 	C:\Windows\System32\MSCTF.dll
0x00007ffb071b0000 - 0x00007ffb072da000 	C:\Windows\System32\ole32.dll
0x00007ffadd9f0000 - 0x00007ffaddb15000 	C:\Windows\system32\opengl32.dll
0x00007ffade740000 - 0x00007ffade76c000 	C:\Windows\SYSTEM32\GLU32.dll
0x00007ffb04bd0000 - 0x00007ffb04be8000 	C:\Windows\SYSTEM32\CRYPTSP.dll
0x00007ffb042b0000 - 0x00007ffb042e4000 	C:\Windows\system32\rsaenh.dll
0x00007ffb05310000 - 0x00007ffb05337000 	C:\Windows\System32\bcrypt.dll
0x00007ffb051c0000 - 0x00007ffb051ee000 	C:\Windows\SYSTEM32\USERENV.dll
0x00007ffb04b00000 - 0x00007ffb04b0c000 	C:\Windows\SYSTEM32\CRYPTBASE.dll
0x00007ffb04680000 - 0x00007ffb046bc000 	C:\Windows\SYSTEM32\IPHLPAPI.DLL
0x00007ffb05ea0000 - 0x00007ffb05ea8000 	C:\Windows\System32\NSI.dll
0x00007ffaf8ab0000 - 0x00007ffaf8ac7000 	C:\Windows\SYSTEM32\dhcpcsvc6.DLL
0x00007ffaf83c0000 - 0x00007ffaf83dd000 	C:\Windows\SYSTEM32\dhcpcsvc.DLL
0x00007ffb046c0000 - 0x00007ffb0478a000 	C:\Windows\SYSTEM32\DNSAPI.dll
0x00007ffa83920000 - 0x00007ffa8492f000 	C:\Users\HP\.skiko\58752788008ddd92aea4562f2a41915f7f74e689ca70e0fbada57f009a92b9cf\skiko-windows-x64.dll
0x00007ffaedc90000 - 0x00007ffaede35000 	C:\Windows\WinSxS\amd64_microsoft.windows.gdiplus_6595b64144ccf1df_1.1.19041.2251_none_91a40448cc8846c1\gdiplus.dll
0x00007ffacf0e0000 - 0x00007ffacf166000 	C:\Users\HP\.jdks\jbr-17.0.7-1\bin\freetype.dll
0x00007ffacf010000 - 0x00007ffacf0d9000 	C:\Users\HP\.jdks\jbr-17.0.7-1\bin\fontmanager.dll
0x00007ffafd300000 - 0x00007ffafd307000 	C:\Users\HP\.jdks\jbr-17.0.7-1\bin\jawt.dll
0x00007ffb03b70000 - 0x00007ffb03c63000 	C:\Windows\SYSTEM32\Dxgi.dll
0x00007ffaf93f0000 - 0x00007ffaf9410000 	C:\Windows\SYSTEM32\D3D12.dll
0x00007ffa8c980000 - 0x00007ffa8cb4d000 	C:\Windows\SYSTEM32\D3D12Core.dll
0x00007ffaf84e0000 - 0x00007ffaf851b000 	C:\Windows\SYSTEM32\dxcore.dll
0x00007ffb05460000 - 0x00007ffb054ae000 	C:\Windows\System32\cfgmgr32.dll
0x00007ffaf3540000 - 0x00007ffaf6159000 	C:\Windows\System32\DriverStore\FileRepository\igdlh64.inf_amd64_e6daaea9afe1e6f6\igc64.dll
0x00007ffa812e0000 - 0x00007ffa827b3000 	C:\Windows\System32\DriverStore\FileRepository\igdlh64.inf_amd64_e6daaea9afe1e6f6\igd12umd64.dll
0x00007ffaf6780000 - 0x00007ffaf69d7000 	C:\Windows\System32\DriverStore\FileRepository\igdlh64.inf_amd64_e6daaea9afe1e6f6\igdgmm64.dll
0x00007ffa8b970000 - 0x00007ffa8bd7b000 	C:\Windows\System32\DriverStore\FileRepository\igdlh64.inf_amd64_e6daaea9afe1e6f6\igdml64.dll
0x00007ffadbcc0000 - 0x00007ffadbceb000 	C:\Windows\SYSTEM32\D3DSCache.dll
0x00007ffa7cad0000 - 0x00007ffa812d2000 	C:\Windows\System32\DriverStore\FileRepository\igdlh64.inf_amd64_e6daaea9afe1e6f6\igd12dxva64.dll
0x00007ffb07780000 - 0x00007ffb07bee000 	C:\Windows\System32\SETUPAPI.dll
0x00007ffa8cd00000 - 0x00007ffa8cd27000 	C:\Windows\System32\DriverStore\FileRepository\igdlh64.inf_amd64_e6daaea9afe1e6f6\igdinfo64.dll
0x00007ffb06fa0000 - 0x00007ffb07049000 	C:\Windows\System32\clbcatq.dll
0x00007ffa7baf0000 - 0x00007ffa7cac2000 	C:\Windows\System32\DriverStore\FileRepository\igdlh64.inf_amd64_e6daaea9afe1e6f6\ig9icd64.dll
0x00007ffb05170000 - 0x00007ffb051bb000 	C:\Windows\SYSTEM32\powrprof.dll
0x00007ffb05150000 - 0x00007ffb05162000 	C:\Windows\SYSTEM32\UMPDC.dll
0x00007ffadace0000 - 0x00007ffadaf5f000 	C:\Windows\SYSTEM32\dwrite.dll
0x00007ffae0b50000 - 0x00007ffae0c49000 	C:\Windows\SYSTEM32\textinputframework.dll
0x00007ffafe8c0000 - 0x00007ffafec1e000 	C:\Windows\System32\CoreUIComponents.dll
0x00007ffafec20000 - 0x00007ffafed12000 	C:\Windows\System32\CoreMessaging.dll
0x00007ffb043d0000 - 0x00007ffb04403000 	C:\Windows\SYSTEM32\ntmarta.dll
0x00007ffafe1c0000 - 0x00007ffafe314000 	C:\Windows\SYSTEM32\wintypes.dll
0x00007ffa83060000 - 0x00007ffa83912000 	C:\Users\HP\AppData\Local\io-realm-kotlin\f7113120ba00ba1ff91d696eecd3919e85a4e34e\realmc.dll
0x00007ffb05a10000 - 0x00007ffb05b6e000 	C:\Windows\System32\CRYPT32.dll

dbghelp: loaded successfully - version: 4.0.5 - missing functions: none
symbol engine: initialized successfully - sym options: 0x614 - pdb path: .;C:\Users\HP\.jdks\jbr-17.0.7-1\bin;C:\Windows\SYSTEM32;C:\Windows\WinSxS\amd64_microsoft.windows.common-controls_6595b64144ccf1df_6.0.19041.1110_none_60b5254171f9507e;C:\Users\HP\.jdks\jbr-17.0.7-1\bin\server;C:\Program Files\JetBrains\IntelliJ IDEA Community Edition 2021.3.2\bin;C:\Users\HP\.skiko\58752788008ddd92aea4562f2a41915f7f74e689ca70e0fbada57f009a92b9cf;C:\Windows\WinSxS\amd64_microsoft.windows.gdiplus_6595b64144ccf1df_1.1.19041.2251_none_91a40448cc8846c1;C:\Windows\System32\DriverStore\FileRepository\igdlh64.inf_amd64_e6daaea9afe1e6f6;C:\Users\HP\AppData\Local\io-realm-kotlin\f7113120ba00ba1ff91d696eecd3919e85a4e34e

VM Arguments:
jvm_args: -Djava.library.path=C:\Users\HP\Desktop\newderar\build\classes\kotlin\jvm\main;C:\Users\HP\Desktop\newderar\build\processedResources\jvm\main -javaagent:C:\Program Files\JetBrains\IntelliJ IDEA Community Edition 2021.3.2\lib\idea_rt.jar=56439:C:\Program Files\JetBrains\IntelliJ IDEA Community Edition 2021.3.2\bin -Dfile.encoding=UTF-8 
java_command: MainKt
java_class_path (initial): C:\Users\HP\Desktop\newderar\build\classes\kotlin\jvm\main;C:\Users\HP\Desktop\newderar\build\processedResources\jvm\main;C:\Users\HP\.gradle\caches\modules-2\files-2.1\io.insert-koin\koin-androidx-compose\3.4.5\ae0a88b7a68d507e651c5a3d70a541594bea54cb\koin-androidx-compose-3.4.5.aar;C:\Users\HP\.gradle\caches\modules-2\files-2.1\org.jetbrains.kotlin\kotlin-stdlib-jdk8\1.8.21\67f57e154437cd9e6e9cf368394b95814836ff88\kotlin-stdlib-jdk8-1.8.21.jar;C:\Users\HP\.gradle\caches\modules-2\files-2.1\org.apache.poi\poi-ooxml\4.1.2\87d9a22aa9a7dd26e80c360e709f7ee02e32ab3b\poi-ooxml-4.1.2.jar;C:\Users\HP\.gradle\caches\modules-2\files-2.1\org.apache.poi\poi\4.1.2\964bf41cf68bce08e4ef6b2279b559fdf8d454f4\poi-4.1.2.jar;C:\Users\HP\.gradle\caches\modules-2\files-2.1\org.lwjgl\lwjgl-nfd\3.3.1\622318116996ddcff449b46cb38f0fdee39b8ac3\lwjgl-nfd-3.3.1.jar;C:\Users\HP\.gradle\caches\modules-2\files-2.1\org.lwjgl\lwjgl-nfd\3.3.1\2e007667e04ed3281152ae5c6e677fb1c2211691\lwjgl-nfd-3.3.1-natives-linux.jar;C:\Users\HP\.gradle\caches\modules-2\files-2.1\org.lwjgl\lwjgl\3.3.1\ae58664f88e18a9bb2c77b063833ca7aaec484cb\lwjgl-3.3.1.jar;C:\Users\HP\.gradle\caches\modules-2\files-2.1\io.insert-koin\koin-android\3.4.0\48715fbe06102a59a30bd45b06ed2400c16c6f45\koin-android-3.4.0.aar;C:\Users\HP\.gradle\caches\modules-2\files-2.1\org.lwjgl\lwjgl-nfd\3.3.1\b3e04e317f55dd738d8a345cdafd15b39f85a2ea\lwjgl-nfd-3.3.1-natives-linux-arm32.jar;C:\Users\HP\.gradle\caches\modules-2\files-2.1\androidx.lifecycle\lifecycle-viewmodel-compose\2.6.1\38cf3bb65ff3e0e5c3d63de2ebf5411d0898108c\lifecycle-viewmodel-compose-2.6.1.aar;C:\Users\HP\.gradle\caches\modules-2\files-2.1\org.lwjgl\lwjgl-nfd\3.3.1\f41dc62336f7ee4ab35705cfa440cc903d199165\lwjgl-nfd-3.3.1-natives-linux-arm64.jar;C:\Users\HP\.gradle\caches\modules-2\files-2.1\androidx.compose.runtime\runtime\1.4.3\6e52f81bd60023ca9be12a878ae161d2e7571aeb\runtime-1.4.3.aar;C:\Users\HP\.gradle\caches\modules-2\files-2.1\org.lwjgl\lwjgl-nfd\3.3
Launcher Type: SUN_STANDARD

[Global flags]
     intx CICompilerCount                          = 3                                         {product} {ergonomic}
     uint ConcGCThreads                            = 1                                         {product} {ergonomic}
     uint G1ConcRefinementThreads                  = 4                                         {product} {ergonomic}
   size_t G1HeapRegionSize                         = 2097152                                   {product} {ergonomic}
    uintx GCDrainStackTargetSize                   = 64                                        {product} {ergonomic}
   size_t InitialHeapSize                          = 266338304                                 {product} {ergonomic}
   size_t MarkStackSize                            = 4194304                                   {product} {ergonomic}
   size_t MaxHeapSize                              = 4255121408                                {product} {ergonomic}
   size_t MaxNewSize                               = 2552233984                                {product} {ergonomic}
   size_t MinHeapDeltaBytes                        = 2097152                                   {product} {ergonomic}
   size_t MinHeapSize                              = 8388608                                   {product} {ergonomic}
    uintx NonNMethodCodeHeapSize                   = 5832780                                {pd product} {ergonomic}
    uintx NonProfiledCodeHeapSize                  = 122912730                              {pd product} {ergonomic}
    uintx ProfiledCodeHeapSize                     = 122912730                              {pd product} {ergonomic}
    uintx ReservedCodeCacheSize                    = 251658240                              {pd product} {ergonomic}
     bool SegmentedCodeCache                       = true                                      {product} {ergonomic}
   size_t SoftMaxHeapSize                          = 4255121408                             {manageable} {ergonomic}
     bool UseCompressedClassPointers               = true                           {product lp64_product} {ergonomic}
     bool UseCompressedOops                        = true                           {product lp64_product} {ergonomic}
     bool UseG1GC                                  = true                                      {product} {ergonomic}
     bool UseLargePagesIndividualAllocation        = false                                  {pd product} {ergonomic}

Logging:
Log output configuration:
 #0: stdout all=warning uptime,level,tags
 #1: stderr all=off uptime,level,tags

Environment Variables:
PATH=C:\Program Files\Common Files\Oracle\Java\javapath;C:\Program Files (x86)\Common Files\Oracle\Java\javapath;C:\Windows\system32;C:\Windows;C:\Windows\System32\Wbem;C:\Windows\System32\WindowsPowerShell\v1.0\;C:\Windows\System32\OpenSSH\;C:\xampp\php;C:\ProgramData\ComposerSetup\bin;C:\Program Files\nodejs\;C:\Program Files (x86)\Intel\Intel(R) Management Engine Components\DAL;C:\Program Files\Intel\Intel(R) Management Engine Components\DAL;C:\Program Files\Git\cmd;C:\Program Files\Fortect;C:\Users\HP\AppData\Local\Microsoft\WindowsApps;C:\Program Files\JetBrains\IntelliJ IDEA Community Edition 2021.3.2\bin;C:\Users\HP\AppData\Local\Programs\Microsoft VS Code\bin;C:\Users\HP\AppData\Local\JetBrains\Toolbox\scripts;C:\Users\HP\AppData\Local\GitHubDesktop\bin;C:\Users\HP\Desktop\camp\flutter_windows_3.7.6-stable\flutter\bin;C:\Users\HP\AppData\Roaming\Composer\vendor\bin;C:\Users\HP\AppData\Roaming\npm
USERNAME=HP
OS=Windows_NT
PROCESSOR_IDENTIFIER=Intel64 Family 6 Model 142 Stepping 9, GenuineIntel
TMP=C:\Users\HP\AppData\Local\Temp
TEMP=C:\Users\HP\AppData\Local\Temp


JNI global refs:
JNI global refs: 167, weak refs: 9

JNI global refs memory usage: 2107, weak refs: 841

OOME stack traces (most recent first):
Classloader memory used:
Loader jdk.internal.loader.ClassLoaders$AppClassLoader                                 : 3261K
Loader bootstrap                                                                       : 2237K
Loader jdk.internal.loader.ClassLoaders$PlatformClassLoader                            : 764B


---------------  S Y S T E M  ---------------

OS:
 Windows 10 , 64 bit Build 19041 (10.0.19041.3155)
OS uptime: 0 days 2:24 hours
Hyper-V role detected

CPU: total 4 (initial active 4) (2 cores per cpu, 2 threads per core) family 6 model 142 stepping 9 microcode 0xf2, cx8, cmov, fxsr, ht, mmx, 3dnowpref, sse, sse2, sse3, ssse3, sse4.1, sse4.2, popcnt, lzcnt, tsc, tscinvbit, avx, avx2, aes, erms, clmul, bmi1, bmi2, rtm, adx, fma, vzeroupper, clflush, clflushopt, hv

Memory: 4k page, system-wide physical 16224M (7419M free)
TotalPageFile size 32096M (AvailPageFile size 21595M)
current process WorkingSet (physical memory assigned to process): 261M, peak: 331M
current process commit charge ("private bytes"): 263M, peak: 381M

vm_info: OpenJDK 64-Bit Server VM (17.0.7+7-b1000.5) for windows-amd64 JRE (17.0.7+7-b1000.5), built on 2023-07-03 by "builduser" with MS VC++ 16.10 / 16.11 (VS2019)

END.
