#
# A fatal error has been detected by the Java Runtime Environment:
#
#  EXCEPTION_ACCESS_VIOLATION (0xc0000005) at pc=0x00007ffe74e7ebe3, pid=21388, tid=11540
#
# JRE version: OpenJDK Runtime Environment Corretto-17.0.7.7.1 (17.0.7+7) (build 17.0.7+7-LTS)
# Java VM: OpenJDK 64-Bit Server VM Corretto-17.0.7.7.1 (17.0.7+7-LTS, mixed mode, sharing, tiered, compressed oops, compressed class ptrs, g1 gc, windows-amd64)
# Problematic frame:
# C  [ig9icd64.dll+0x9bebe3]
#
# No core dump will be written. Minidumps are not enabled by default on client versions of Windows
#
# If you would like to submit a bug report, please visit:
#   https://github.com/corretto/corretto-17/issues/
# The crash happened outside the Java Virtual Machine in native code.
# See problematic frame for where to report the bug.
#

---------------  S U M M A R Y ------------

Command Line: -Djava.library.path=C:\Users\HP\Desktop\newderar\build\classes\kotlin\jvm\main;C:\Users\HP\Desktop\newderar\build\processedResources\jvm\main -javaagent:C:\Program Files\JetBrains\IntelliJ IDEA Community Edition 2021.3.2\lib\idea_rt.jar=55207:C:\Program Files\JetBrains\IntelliJ IDEA Community Edition 2021.3.2\bin -Dfile.encoding=UTF-8 MainKt

Host: Intel(R) Core(TM) i5-7300U CPU @ 2.60GHz, 4 cores, 15G,  Windows 10 , 64 bit Build 19041 (10.0.19041.3155)
Time: Sun Jul  9 00:19:53 2023 Libya Standard Time elapsed time: 210.404814 seconds (0d 0h 3m 30s)

---------------  T H R E A D  ---------------

Current thread (0x00000145e701e410):  JavaThread "AWT-EventQueue-0" [_thread_in_native, id=11540, stack(0x0000001623600000,0x0000001623700000)]

Stack: [0x0000001623600000,0x0000001623700000],  sp=0x00000016236fcf88,  free space=1011k
Native frames: (J=compiled Java code, j=interpreted, Vv=VM code, C=native code)
C  [ig9icd64.dll+0x9bebe3]

Java frames: (J=compiled Java code, j=interpreted, Vv=VM code)
J 5379  org.jetbrains.skia.DirectContextKt.DirectContext_nFlush(J)V (0 bytes) @ 0x00000145cf07b4e9 [0x00000145cf07b4a0+0x0000000000000049]
J 6387 c2 org.jetbrains.skiko.redrawer.WindowsOpenGLRedrawer$Companion$frameDispatcher$1.invokeSuspend(Ljava/lang/Object;)Ljava/lang/Object; (379 bytes) @ 0x00000145cf1bfb28 [0x00000145cf1be580+0x00000000000015a8]
J 6386 c2 org.jetbrains.skiko.FrameDispatcher$job$1.invokeSuspend(Ljava/lang/Object;)Ljava/lang/Object; (156 bytes) @ 0x00000145cf1bc0f0 [0x00000145cf1bbea0+0x0000000000000250]
J 4926 c2 kotlin.coroutines.jvm.internal.BaseContinuationImpl.resumeWith(Ljava/lang/Object;)V (128 bytes) @ 0x00000145cf025000 [0x00000145cf024fa0+0x0000000000000060]
J 5036 c2 kotlinx.coroutines.DispatchedTask.run()V (571 bytes) @ 0x00000145cf0326c8 [0x00000145cf032320+0x00000000000003a8]
J 5391 c2 java.awt.EventQueue.dispatchEvent(Ljava/awt/AWTEvent;)V java.desktop@17.0.7 (80 bytes) @ 0x00000145cf09b21c [0x00000145cf09ac20+0x00000000000005fc]
J 5415 c2 java.awt.EventDispatchThread.pumpOneEventForFilters(I)V java.desktop@17.0.7 (113 bytes) @ 0x00000145cf0a9714 [0x00000145cf0a8ee0+0x0000000000000834]
J 6461% c2 java.awt.EventDispatchThread.pumpEventsForFilter(ILjava/awt/Conditional;Ljava/awt/EventFilter;)V java.desktop@17.0.7 (47 bytes) @ 0x00000145cf2063c0 [0x00000145cf2062a0+0x0000000000000120]
j  java.awt.EventDispatchThread.pumpEventsForHierarchy(ILjava/awt/Conditional;Ljava/awt/Component;)V+11 java.desktop@17.0.7
j  java.awt.EventDispatchThread.pumpEvents(ILjava/awt/Conditional;)V+4 java.desktop@17.0.7
j  java.awt.EventDispatchThread.pumpEvents(Ljava/awt/Conditional;)V+3 java.desktop@17.0.7
j  java.awt.EventDispatchThread.run()V+9 java.desktop@17.0.7
v  ~StubRoutines::call_stub

siginfo: EXCEPTION_ACCESS_VIOLATION (0xc0000005), reading address 0xffffffffffffffff


Register to memory mapping:

RIP=0x00007ffe74e7ebe3 ig9icd64.dll
RAX=0x000000000fff0fff is an unknown value
RBX=0x00007ffe744c0000 ig9icd64.dll
RCX=0x000000033fcf3fcc is an unknown value
RDX=0x00000016236fd4a0 is pointing into the stack for thread: 0x00000145e701e410
RSP=0x00000016236fcf88 is pointing into the stack for thread: 0x00000145e701e410
RBP=0x00000016236fd090 is pointing into the stack for thread: 0x00000145e701e410
RSI=0x00000145e7828cc0 points into unknown readable memory: 0x00000145e75ff040 | 40 f0 5f e7 45 01 00 00
RDI=0x00000016236fd290 is pointing into the stack for thread: 0x00000145e701e410
R8 =0x00000016236fd0c0 is pointing into the stack for thread: 0x00000145e701e410
R9 =0x00000016236fd4a0 is pointing into the stack for thread: 0x00000145e701e410
R10=0x00000016236fd290 is pointing into the stack for thread: 0x00000145e701e410
R11=0x0 is NULL
R12=0x00007ffe752f15e0 ig9icd64.dll
R13=0x0 is NULL
R14=0x0 is NULL
R15=0x00000000000001c1 is an unknown value


Registers:
RAX=0x000000000fff0fff, RBX=0x00007ffe744c0000, RCX=0x000000033fcf3fcc, RDX=0x00000016236fd4a0
RSP=0x00000016236fcf88, RBP=0x00000016236fd090, RSI=0x00000145e7828cc0, RDI=0x00000016236fd290
R8 =0x00000016236fd0c0, R9 =0x00000016236fd4a0, R10=0x00000016236fd290, R11=0x0000000000000000
R12=0x00007ffe752f15e0, R13=0x0000000000000000, R14=0x0000000000000000, R15=0x00000000000001c1
RIP=0x00007ffe74e7ebe3, EFLAGS=0x0000000000010206

Top of Stack: (sp=0x00000016236fcf88)
0x00000016236fcf88:   00007ffe74e7c31b 0000000000000001
0x00000016236fcf98:   0000000000000000 00000145ea545200
0x00000016236fcfa8:   00007ffeda002622 0000001600000065
0x00000016236fcfb8:   00000016236fd1c0 0000000000000000
0x00000016236fcfc8:   00000145e76a0340 0000000000000000
0x00000016236fcfd8:   00000145e76a2a30 00000145ea5452c0
0x00000016236fcfe8:   0000000000001100 0000000000000000
0x00000016236fcff8:   0000000000000000 00000016236fd170
0x00000016236fd008:   00007ffe74b179c0 0000000000000000
0x00000016236fd018:   0000000000000000 0000000000000000
0x00000016236fd028:   0000000000000000 0000bbd052ff79da
0x00000016236fd038:   00007ffe744d6555 00000145ea5452c0
0x00000016236fd048:   0000000000004001 0000000000000000
0x00000016236fd058:   00007ffee9b7b86b 00000000021801bf
0x00000016236fd068:   00000000000000eb 00000145ea0d8420
0x00000016236fd078:   0000000000000000 0000000000000000 

Instructions: (pc=0x00007ffe74e7ebe3)
0x00007ffe74e7eae3:   c1 75 31 00 48 89 51 08 48 89 01 8b 44 24 28 89
0x00007ffe74e7eaf3:   41 20 8b 44 24 30 89 41 24 48 8b c1 4c 89 41 10
0x00007ffe74e7eb03:   4c 89 49 18 c3 cc cc cc cc cc cc cc cc 48 89 5c
0x00007ffe74e7eb13:   24 08 8b 41 5c 48 8d 1d e1 14 64 ff 41 89 40 08
0x00007ffe74e7eb23:   4c 8b d1 8b 41 60 45 33 db 41 89 40 0c 4c 8b ca
0x00007ffe74e7eb33:   8b 41 64 41 89 40 10 8b 41 68 41 89 40 14 8b 41
0x00007ffe74e7eb43:   6c 41 89 40 18 8b 41 70 41 89 40 1c 48 63 41 74
0x00007ffe74e7eb53:   48 6b c8 34 8b 84 19 44 d1 ee 00 41 89 40 20 8b
0x00007ffe74e7eb63:   84 19 48 d1 ee 00 41 89 40 24 8b 84 19 4c d1 ee
0x00007ffe74e7eb73:   00 41 89 40 28 8b 84 19 50 d1 ee 00 41 89 40 2c
0x00007ffe74e7eb83:   8b 84 19 34 d1 ee 00 41 89 40 30 8b 84 19 38 d1
0x00007ffe74e7eb93:   ee 00 41 89 40 34 8b 84 19 3c d1 ee 00 41 89 40
0x00007ffe74e7eba3:   38 8b 84 19 40 d1 ee 00 41 89 40 3c 8b 84 19 24
0x00007ffe74e7ebb3:   d1 ee 00 41 89 40 40 8b 84 19 28 d1 ee 00 41 89
0x00007ffe74e7ebc3:   40 44 8b 84 19 2c d1 ee 00 41 89 40 48 8b 84 19
0x00007ffe74e7ebd3:   30 d1 ee 00 41 89 40 4c 49 63 42 78 48 6b c8 34
0x00007ffe74e7ebe3:   8b 84 19 44 d1 ee 00 41 89 40 50 8b 84 19 48 d1
0x00007ffe74e7ebf3:   ee 00 41 89 40 54 8b 84 19 4c d1 ee 00 41 89 40
0x00007ffe74e7ec03:   58 8b 84 19 50 d1 ee 00 41 89 40 5c 8b 84 19 34
0x00007ffe74e7ec13:   d1 ee 00 41 89 40 60 8b 84 19 38 d1 ee 00 41 89
0x00007ffe74e7ec23:   40 64 8b 84 19 3c d1 ee 00 41 89 40 68 8b 84 19
0x00007ffe74e7ec33:   40 d1 ee 00 41 89 40 6c 8b 84 19 24 d1 ee 00 41
0x00007ffe74e7ec43:   89 40 70 8b 84 19 28 d1 ee 00 41 89 40 74 8b 84
0x00007ffe74e7ec53:   19 2c d1 ee 00 41 89 40 78 8b 84 19 30 d1 ee 00
0x00007ffe74e7ec63:   41 89 40 7c 48 8b 42 18 8b 88 38 0b 00 00 f6 c1
0x00007ffe74e7ec73:   08 0f 84 86 00 00 00 8b 80 3c 0b 00 00 41 89 80
0x00007ffe74e7ec83:   80 00 00 00 48 8b 42 18 8b 88 40 0b 00 00 41 89
0x00007ffe74e7ec93:   88 84 00 00 00 48 8b 42 18 8b 88 44 0b 00 00 41
0x00007ffe74e7eca3:   89 88 88 00 00 00 48 8b 42 18 8b 88 48 0b 00 00
0x00007ffe74e7ecb3:   41 89 88 8c 00 00 00 48 8b 42 18 8b 88 4c 0b 00
0x00007ffe74e7ecc3:   00 41 89 88 90 00 00 00 48 8b 42 18 8b 88 50 0b
0x00007ffe74e7ecd3:   00 00 41 89 88 94 00 00 00 48 8b 42 18 8b 88 54 


Stack slot to memory mapping:
stack at sp + 0 slots: 0x00007ffe74e7c31b ig9icd64.dll
stack at sp + 1 slots: 0x0000000000000001 is an unknown value
stack at sp + 2 slots: 0x0 is NULL
stack at sp + 3 slots: 0x00000145ea545200 points into unknown readable memory: 0x0000000000000000 | 00 00 00 00 00 00 00 00
stack at sp + 4 slots: 0x00007ffeda002622 igdgmm64.dll
stack at sp + 5 slots: 0x0000001600000065 is an unknown value
stack at sp + 6 slots: 0x00000016236fd1c0 is pointing into the stack for thread: 0x00000145e701e410
stack at sp + 7 slots: 0x0 is NULL


---------------  P R O C E S S  ---------------

Threads class SMR info:
_java_thread_list=0x00000145e67a89e0, length=28, elements={
0x00000145bf7d7140, 0x00000145e1e86ca0, 0x00000145e1e87a20, 0x00000145e1ea1de0,
0x00000145e1ea46b0, 0x00000145e1ea4f70, 0x00000145e1ea5830, 0x00000145e1ea64d0,
0x00000145e1ea9ea0, 0x00000145e6062bb0, 0x00000145e61030d0, 0x00000145e6333b40,
0x00000145e65b0420, 0x00000145e682eef0, 0x00000145e6daa390, 0x00000145e6d2a640,
0x00000145e701e410, 0x00000145e7144300, 0x00000145e7261c20, 0x00000145e7261750,
0x00000145e725fa70, 0x00000145e725f0d0, 0x00000145e76874c0, 0x00000145e76891a0,
0x00000145e768a010, 0x00000145e7688330, 0x00000145e7684e40, 0x00000145e7685cb0
}

Java Threads: ( => current thread )
  0x00000145bf7d7140 JavaThread "main" [_thread_blocked, id=14920, stack(0x0000001621b00000,0x0000001621c00000)]
  0x00000145e1e86ca0 JavaThread "Reference Handler" daemon [_thread_blocked, id=2680, stack(0x0000001622200000,0x0000001622300000)]
  0x00000145e1e87a20 JavaThread "Finalizer" daemon [_thread_blocked, id=16440, stack(0x0000001622300000,0x0000001622400000)]
  0x00000145e1ea1de0 JavaThread "Signal Dispatcher" daemon [_thread_blocked, id=21420, stack(0x0000001622400000,0x0000001622500000)]
  0x00000145e1ea46b0 JavaThread "Attach Listener" daemon [_thread_blocked, id=17136, stack(0x0000001622500000,0x0000001622600000)]
  0x00000145e1ea4f70 JavaThread "Service Thread" daemon [_thread_blocked, id=16256, stack(0x0000001622600000,0x0000001622700000)]
  0x00000145e1ea5830 JavaThread "Monitor Deflation Thread" daemon [_thread_blocked, id=9408, stack(0x0000001622700000,0x0000001622800000)]
  0x00000145e1ea64d0 JavaThread "C2 CompilerThread0" daemon [_thread_blocked, id=20744, stack(0x0000001622800000,0x0000001622900000)]
  0x00000145e1ea9ea0 JavaThread "C1 CompilerThread0" daemon [_thread_blocked, id=11380, stack(0x0000001622900000,0x0000001622a00000)]
  0x00000145e6062bb0 JavaThread "Sweeper thread" daemon [_thread_blocked, id=19364, stack(0x0000001622a00000,0x0000001622b00000)]
  0x00000145e61030d0 JavaThread "Common-Cleaner" daemon [_thread_blocked, id=18452, stack(0x0000001622b00000,0x0000001622c00000)]
  0x00000145e6333b40 JavaThread "Monitor Ctrl-Break" daemon [_thread_in_native, id=7840, stack(0x0000001622d00000,0x0000001622e00000)]
  0x00000145e65b0420 JavaThread "Notification Thread" daemon [_thread_blocked, id=20236, stack(0x0000001622e00000,0x0000001622f00000)]
  0x00000145e682eef0 JavaThread "Java2D Disposer" daemon [_thread_blocked, id=21424, stack(0x0000001623300000,0x0000001623400000)]
  0x00000145e6daa390 JavaThread "AWT-Shutdown" [_thread_blocked, id=8520, stack(0x0000001623400000,0x0000001623500000)]
  0x00000145e6d2a640 JavaThread "AWT-Windows" daemon [_thread_in_native, id=5240, stack(0x0000001623500000,0x0000001623600000)]
=>0x00000145e701e410 JavaThread "AWT-EventQueue-0" [_thread_in_native, id=11540, stack(0x0000001623600000,0x0000001623700000)]
  0x00000145e7144300 JavaThread "Reference Cleaner" daemon [_thread_blocked, id=5084, stack(0x0000001623700000,0x0000001623800000)]
  0x00000145e7261c20 JavaThread "DefaultDispatcher-worker-3" daemon [_thread_blocked, id=1892, stack(0x0000001623a00000,0x0000001623b00000)]
  0x00000145e7261750 JavaThread "kotlinx.coroutines.DefaultExecutor" daemon [_thread_blocked, id=3320, stack(0x0000001623b00000,0x0000001623c00000)]
  0x00000145e725fa70 JavaThread "TimerQueue" daemon [_thread_blocked, id=10276, stack(0x0000001623e00000,0x0000001623f00000)]
  0x00000145e725f0d0 JavaThread "RealmFinalizingDaemon" daemon [_thread_blocked, id=18144, stack(0x0000001624100000,0x0000001624200000)]
  0x00000145e76874c0 JavaThread "core-notifier" daemon [_thread_in_native, id=18184, stack(0x0000001624300000,0x0000001624400000)]
  0x00000145e76891a0 JavaThread "DefaultDispatcher-worker-4" daemon [_thread_blocked, id=21004, stack(0x0000001624500000,0x0000001624600000)]
  0x00000145e768a010 JavaThread "DefaultDispatcher-worker-1" daemon [_thread_blocked, id=15156, stack(0x0000001624600000,0x0000001624700000)]
  0x00000145e7688330 JavaThread "DefaultDispatcher-worker-2" daemon [_thread_blocked, id=16364, stack(0x0000001624700000,0x0000001624800000)]
  0x00000145e7684e40 JavaThread "SIGINT handler" daemon [_thread_blocked, id=14196, stack(0x0000001621800000,0x0000001621900000)]
  0x00000145e7685cb0 JavaThread "ToolkitShutdown" daemon [_thread_in_native, id=18388, stack(0x0000001621900000,0x0000001621a00000)]

Other Threads:
  0x00000145e1e801f0 VMThread "VM Thread" [stack: 0x0000001622100000,0x0000001622200000] [id=17260]
  0x00000145e65b1510 WatcherThread [stack: 0x0000001622f00000,0x0000001623000000] [id=19784]
  0x00000145bf8410e0 GCTaskThread "GC Thread#0" [stack: 0x0000001621c00000,0x0000001621d00000] [id=5784]
  0x00000145e6a30320 GCTaskThread "GC Thread#1" [stack: 0x0000001623000000,0x0000001623100000] [id=6668]
  0x00000145e6ab93b0 GCTaskThread "GC Thread#2" [stack: 0x0000001623100000,0x0000001623200000] [id=16056]
  0x00000145e6ab9a70 GCTaskThread "GC Thread#3" [stack: 0x0000001623200000,0x0000001623300000] [id=12104]
  0x00000145bf851cc0 ConcurrentGCThread "G1 Main Marker" [stack: 0x0000001621d00000,0x0000001621e00000] [id=20904]
  0x00000145bf8525e0 ConcurrentGCThread "G1 Conc#0" [stack: 0x0000001621e00000,0x0000001621f00000] [id=20784]
  0x00000145bf88d630 ConcurrentGCThread "G1 Refine#0" [stack: 0x0000001621f00000,0x0000001622000000] [id=5252]
  0x00000145bf88df60 ConcurrentGCThread "G1 Service" [stack: 0x0000001622000000,0x0000001622100000] [id=2492]

Threads with active compile tasks:

VM state: not at safepoint (normal execution)

VM Mutex/Monitor currently owned by a thread: None

Heap address: 0x0000000702600000, size: 4058 MB, Compressed Oops mode: Zero based, Oop shift amount: 3

CDS archive(s) mapped at: [0x0000000800000000-0x0000000800bc0000-0x0000000800bc0000), size 12320768, SharedBaseAddress: 0x0000000800000000, ArchiveRelocationMode: 0.
Compressed class space mapped at: 0x0000000801000000-0x0000000841000000, reserved size: 1073741824
Narrow klass base: 0x0000000800000000, Narrow klass shift: 0, Narrow klass range: 0x100000000

GC Precious Log:
 CPUs: 4 total, 4 available
 Memory: 16224M
 Large Page Support: Disabled
 NUMA Support: Disabled
 Compressed Oops: Enabled (Zero based)
 Heap Region Size: 2M
 Heap Min Capacity: 8M
 Heap Initial Capacity: 254M
 Heap Max Capacity: 4058M
 Pre-touch: Disabled
 Parallel Workers: 4
 Concurrent Workers: 1
 Concurrent Refinement Workers: 4
 Periodic GC: Disabled

Heap:
 garbage-first heap   total 59392K, used 39455K [0x0000000702600000, 0x0000000800000000)
  region size 2048K, 9 young (18432K), 1 survivors (2048K)
 Metaspace       used 35157K, committed 35392K, reserved 1114112K
  class space    used 3758K, committed 3840K, reserved 1048576K

Heap Regions: E=young(eden), S=young(survivor), O=old, HS=humongous(starts), HC=humongous(continues), CS=collection set, F=free, OA=open archive, CA=closed archive, TAMS=top-at-mark-start (previous, next)
|   0|0x0000000702600000, 0x0000000702800000, 0x0000000702800000|100%|HS|  |TAMS 0x0000000702800000, 0x0000000702600000| Untracked 
|   1|0x0000000702800000, 0x00000007029fffe0, 0x0000000702a00000| 99%| O|  |TAMS 0x00000007029fffe0, 0x0000000702800000| Untracked 
|   2|0x0000000702a00000, 0x0000000702c00000, 0x0000000702c00000|100%| O|  |TAMS 0x0000000702c00000, 0x0000000702a00000| Untracked 
|   3|0x0000000702c00000, 0x0000000702dfb200, 0x0000000702e00000| 99%| O|  |TAMS 0x0000000702dfb200, 0x0000000702c00000| Untracked 
|   4|0x0000000702e00000, 0x0000000703000000, 0x0000000703000000|100%| O|  |TAMS 0x0000000703000000, 0x0000000702e00000| Untracked 
|   5|0x0000000703000000, 0x000000070313a2f0, 0x0000000703200000| 61%| O|  |TAMS 0x0000000703000000, 0x0000000703000000| Untracked 
|   6|0x0000000703200000, 0x00000007033fff90, 0x0000000703400000| 99%| O|  |TAMS 0x00000007033fff90, 0x0000000703200000| Untracked 
|   7|0x0000000703400000, 0x00000007034cbdb0, 0x0000000703600000| 39%| O|  |TAMS 0x0000000703400000, 0x0000000703400000| Untracked 
|   8|0x0000000703600000, 0x0000000703600000, 0x0000000703800000|  0%| F|  |TAMS 0x0000000703600000, 0x0000000703600000| Untracked 
|   9|0x0000000703800000, 0x0000000703800000, 0x0000000703a00000|  0%| F|  |TAMS 0x0000000703800000, 0x0000000703800000| Untracked 
|  10|0x0000000703a00000, 0x0000000703c00000, 0x0000000703c00000|100%| O|  |TAMS 0x0000000703c00000, 0x0000000703a00000| Untracked 
|  11|0x0000000703c00000, 0x0000000703c00000, 0x0000000703e00000|  0%| F|  |TAMS 0x0000000703c00000, 0x0000000703c00000| Untracked 
|  12|0x0000000703e00000, 0x0000000704000000, 0x0000000704000000|100%|HS|  |TAMS 0x0000000704000000, 0x0000000703e00000| Untracked 
|  13|0x0000000704000000, 0x0000000704200000, 0x0000000704200000|100%|HC|  |TAMS 0x0000000704200000, 0x0000000704000000| Untracked 
|  14|0x0000000704200000, 0x0000000704400000, 0x0000000704400000|100%|HC|  |TAMS 0x0000000704400000, 0x0000000704200000| Untracked 
|  15|0x0000000704400000, 0x0000000704600000, 0x0000000704600000|100%|HC|  |TAMS 0x0000000704600000, 0x0000000704400000| Untracked 
|  16|0x0000000704600000, 0x0000000704600000, 0x0000000704800000|  0%| F|  |TAMS 0x0000000704600000, 0x0000000704600000| Untracked 
|  17|0x0000000704800000, 0x0000000704886a30, 0x0000000704a00000| 26%| S|CS|TAMS 0x0000000704800000, 0x0000000704800000| Complete 
|  18|0x0000000704a00000, 0x0000000704a00000, 0x0000000704c00000|  0%| F|  |TAMS 0x0000000704a00000, 0x0000000704a00000| Untracked 
|  19|0x0000000704c00000, 0x0000000704c00000, 0x0000000704e00000|  0%| F|  |TAMS 0x0000000704c00000, 0x0000000704c00000| Untracked 
|  20|0x0000000704e00000, 0x0000000704e00000, 0x0000000705000000|  0%| F|  |TAMS 0x0000000704e00000, 0x0000000704e00000| Untracked 
|  21|0x0000000705000000, 0x0000000705070808, 0x0000000705200000| 21%| E|  |TAMS 0x0000000705000000, 0x0000000705000000| Complete 
|  22|0x0000000705200000, 0x0000000705400000, 0x0000000705400000|100%| E|CS|TAMS 0x0000000705200000, 0x0000000705200000| Complete 
|  23|0x0000000705400000, 0x0000000705600000, 0x0000000705600000|100%| E|CS|TAMS 0x0000000705400000, 0x0000000705400000| Complete 
|  24|0x0000000705600000, 0x0000000705800000, 0x0000000705800000|100%| E|CS|TAMS 0x0000000705600000, 0x0000000705600000| Complete 
|  25|0x0000000705800000, 0x0000000705a00000, 0x0000000705a00000|100%| E|CS|TAMS 0x0000000705800000, 0x0000000705800000| Complete 
| 105|0x000000070f800000, 0x000000070fa00000, 0x000000070fa00000|100%| E|CS|TAMS 0x000000070f800000, 0x000000070f800000| Complete 
| 106|0x000000070fa00000, 0x000000070fc00000, 0x000000070fc00000|100%| E|CS|TAMS 0x000000070fa00000, 0x000000070fa00000| Complete 
| 126|0x0000000712200000, 0x0000000712400000, 0x0000000712400000|100%| E|CS|TAMS 0x0000000712200000, 0x0000000712200000| Complete 

Card table byte_map: [0x00000145d6ac0000,0x00000145d72b0000] _byte_map_base: 0x00000145d32ad000

Marking Bits (Prev, Next): (CMBitMap*) 0x00000145bf841640, (CMBitMap*) 0x00000145bf841600
 Prev Bits: [0x00000145dba10000, 0x00000145df978000)
 Next Bits: [0x00000145d7aa0000, 0x00000145dba08000)

Polling page: 0x00000145bef90000

Metaspace:

Usage:
  Non-class:     30.66 MB used.
      Class:      3.67 MB used.
       Both:     34.33 MB used.

Virtual space:
  Non-class space:       64.00 MB reserved,      30.81 MB ( 48%) committed,  1 nodes.
      Class space:        1.00 GB reserved,       3.75 MB ( <1%) committed,  1 nodes.
             Both:        1.06 GB reserved,      34.56 MB (  3%) committed. 

Chunk freelists:
   Non-Class:  880.00 KB
       Class:  12.25 MB
        Both:  13.11 MB

MaxMetaspaceSize: unlimited
CompressedClassSpaceSize: 1.00 GB
Initial GC threshold: 21.00 MB
Current GC threshold: 57.31 MB
CDS: on
MetaspaceReclaimPolicy: balanced
 - commit_granule_bytes: 65536.
 - commit_granule_words: 8192.
 - virtual_space_node_default_size: 8388608.
 - enlarge_chunks_in_place: 1.
 - new_chunks_are_fully_committed: 0.
 - uncommit_free_chunks: 1.
 - use_allocation_guard: 0.
 - handle_deallocations: 1.


Internal statistics:

num_allocs_failed_limit: 3.
num_arena_births: 160.
num_arena_deaths: 0.
num_vsnodes_births: 2.
num_vsnodes_deaths: 0.
num_space_committed: 553.
num_space_uncommitted: 0.
num_chunks_returned_to_freelist: 3.
num_chunks_taken_from_freelist: 1083.
num_chunk_merges: 3.
num_chunk_splits: 936.
num_chunks_enlarged: 858.
num_inconsistent_stats: 0.

CodeHeap 'non-profiled nmethods': size=120000Kb used=4508Kb max_used=4508Kb free=115492Kb
 bounds [0x00000145ceda0000, 0x00000145cf210000, 0x00000145d62d0000]
CodeHeap 'profiled nmethods': size=120000Kb used=10731Kb max_used=11299Kb free=109268Kb
 bounds [0x00000145c72d0000, 0x00000145c7de0000, 0x00000145ce800000]
CodeHeap 'non-nmethods': size=5760Kb used=1900Kb max_used=1984Kb free=3859Kb
 bounds [0x00000145ce800000, 0x00000145cea70000, 0x00000145ceda0000]
 total_blobs=7053 nmethods=5668 adapters=1297
 compilation: enabled
              stopped_count=0, restarted_count=0
 full_count=0

Compilation events (20 events):
Event: 118.081 Thread 0x00000145e1ea64d0 6457       4       kotlinx.coroutines.DispatchedCoroutine::tryResume (70 bytes)
Event: 118.081 Thread 0x00000145e1ea64d0 nmethod 6457 0x00000145cf205490 code [0x00000145cf205600, 0x00000145cf205698]
Event: 118.107 Thread 0x00000145e1ea64d0 6458       4       org.jetbrains.skiko.redrawer.WindowsOpenGLRedrawer$Companion$frameDispatcher$1$1::invokeSuspend (49 bytes)
Event: 118.109 Thread 0x00000145e1ea64d0 nmethod 6458 0x00000145cf205790 code [0x00000145cf205920, 0x00000145cf205a08]
Event: 124.435 Thread 0x00000145e1ea64d0 6459       4       java.util.concurrent.locks.AbstractQueuedSynchronizer$Node::getAndUnsetStatus (14 bytes)
Event: 124.436 Thread 0x00000145e1ea64d0 nmethod 6459 0x00000145cf205b10 code [0x00000145cf205c80, 0x00000145cf205d38]
Event: 148.774 Thread 0x00000145e1ea64d0 6460       4       java.util.concurrent.atomic.AtomicLong::getAndIncrement (12 bytes)
Event: 148.775 Thread 0x00000145e1ea64d0 nmethod 6460 0x00000145cf205e10 code [0x00000145cf205f80, 0x00000145cf205ff8]
Event: 191.276 Thread 0x00000145e1ea64d0 6461 %     4       java.awt.EventDispatchThread::pumpEventsForFilter @ 10 (47 bytes)
Event: 191.279 Thread 0x00000145e1ea64d0 nmethod 6461% 0x00000145cf206110 code [0x00000145cf2062a0, 0x00000145cf206528]
Event: 192.846 Thread 0x00000145e1ea64d0 6462       4       java.util.concurrent.locks.AbstractQueuedSynchronizer$Node::clearStatus (12 bytes)
Event: 192.847 Thread 0x00000145e1ea64d0 nmethod 6462 0x00000145cf206690 code [0x00000145cf206800, 0x00000145cf206878]
Event: 201.067 Thread 0x00000145e1ea9ea0 6463       3       java.util.concurrent.locks.ReentrantLock$NonfairSync::initialTryLock (58 bytes)
Event: 201.067 Thread 0x00000145e1ea9ea0 nmethod 6463 0x00000145c72ecd90 code [0x00000145c72ecf60, 0x00000145c72ed378]
Event: 205.668 Thread 0x00000145e1ea64d0 6464       4       java.util.concurrent.TimeUnit::toNanos (45 bytes)
Event: 205.668 Thread 0x00000145e1ea64d0 nmethod 6464 0x00000145cf206990 code [0x00000145cf206b00, 0x00000145cf206bf8]
Event: 210.372 Thread 0x00000145e1ea9ea0 6465       3       java.util.IdentityHashMap$IdentityHashMapIterator::nextIndex (72 bytes)
Event: 210.373 Thread 0x00000145e1ea9ea0 nmethod 6465 0x00000145c72ec610 code [0x00000145c72ec7e0, 0x00000145c72ecc28]
Event: 210.378 Thread 0x00000145e1ea64d0 6466       4       kotlinx.coroutines.JobSupport::isCompleted (16 bytes)
Event: 210.379 Thread 0x00000145e1ea64d0 nmethod 6466 0x00000145cf206c90 code [0x00000145cf206e00, 0x00000145cf206f18]

GC Heap History (20 events):
Event: 113.641 GC heap before
{Heap before GC invocations=29 (full 3):
 garbage-first heap   total 59392K, used 47261K [0x0000000702600000, 0x0000000800000000)
  region size 2048K, 12 young (24576K), 1 survivors (2048K)
 Metaspace       used 35133K, committed 35328K, reserved 1114112K
  class space    used 3755K, committed 3840K, reserved 1048576K
}
Event: 113.642 GC heap after
{Heap after GC invocations=30 (full 3):
 garbage-first heap   total 59392K, used 24757K [0x0000000702600000, 0x0000000800000000)
  region size 2048K, 1 young (2048K), 1 survivors (2048K)
 Metaspace       used 35133K, committed 35328K, reserved 1114112K
  class space    used 3755K, committed 3840K, reserved 1048576K
}
Event: 121.835 GC heap before
{Heap before GC invocations=30 (full 3):
 garbage-first heap   total 59392K, used 41141K [0x0000000702600000, 0x0000000800000000)
  region size 2048K, 10 young (20480K), 1 survivors (2048K)
 Metaspace       used 35133K, committed 35328K, reserved 1114112K
  class space    used 3755K, committed 3840K, reserved 1048576K
}
Event: 121.865 GC heap after
{Heap after GC invocations=31 (full 4):
 garbage-first heap   total 59392K, used 24581K [0x0000000702600000, 0x0000000800000000)
  region size 2048K, 0 young (0K), 0 survivors (0K)
 Metaspace       used 35133K, committed 35328K, reserved 1114112K
  class space    used 3755K, committed 3840K, reserved 1048576K
}
Event: 133.174 GC heap before
{Heap before GC invocations=31 (full 4):
 garbage-first heap   total 59392K, used 49157K [0x0000000702600000, 0x0000000800000000)
  region size 2048K, 12 young (24576K), 0 survivors (0K)
 Metaspace       used 35133K, committed 35328K, reserved 1114112K
  class space    used 3755K, committed 3840K, reserved 1048576K
}
Event: 133.175 GC heap after
{Heap after GC invocations=32 (full 4):
 garbage-first heap   total 59392K, used 24616K [0x0000000702600000, 0x0000000800000000)
  region size 2048K, 1 young (2048K), 1 survivors (2048K)
 Metaspace       used 35133K, committed 35328K, reserved 1114112K
  class space    used 3755K, committed 3840K, reserved 1048576K
}
Event: 143.433 GC heap before
{Heap before GC invocations=32 (full 4):
 garbage-first heap   total 59392K, used 47144K [0x0000000702600000, 0x0000000800000000)
  region size 2048K, 12 young (24576K), 1 survivors (2048K)
 Metaspace       used 35133K, committed 35328K, reserved 1114112K
  class space    used 3755K, committed 3840K, reserved 1048576K
}
Event: 143.434 GC heap after
{Heap after GC invocations=33 (full 4):
 garbage-first heap   total 59392K, used 24641K [0x0000000702600000, 0x0000000800000000)
  region size 2048K, 1 young (2048K), 1 survivors (2048K)
 Metaspace       used 35133K, committed 35328K, reserved 1114112K
  class space    used 3755K, committed 3840K, reserved 1048576K
}
Event: 151.879 GC heap before
{Heap before GC invocations=33 (full 4):
 garbage-first heap   total 59392K, used 43073K [0x0000000702600000, 0x0000000800000000)
  region size 2048K, 11 young (22528K), 1 survivors (2048K)
 Metaspace       used 35133K, committed 35328K, reserved 1114112K
  class space    used 3755K, committed 3840K, reserved 1048576K
}
Event: 151.908 GC heap after
{Heap after GC invocations=34 (full 5):
 garbage-first heap   total 59392K, used 24580K [0x0000000702600000, 0x0000000800000000)
  region size 2048K, 0 young (0K), 0 survivors (0K)
 Metaspace       used 35133K, committed 35328K, reserved 1114112K
  class space    used 3755K, committed 3840K, reserved 1048576K
}
Event: 163.381 GC heap before
{Heap before GC invocations=34 (full 5):
 garbage-first heap   total 59392K, used 49156K [0x0000000702600000, 0x0000000800000000)
  region size 2048K, 12 young (24576K), 0 survivors (0K)
 Metaspace       used 35133K, committed 35328K, reserved 1114112K
  class space    used 3755K, committed 3840K, reserved 1048576K
}
Event: 163.382 GC heap after
{Heap after GC invocations=35 (full 5):
 garbage-first heap   total 59392K, used 24618K [0x0000000702600000, 0x0000000800000000)
  region size 2048K, 1 young (2048K), 1 survivors (2048K)
 Metaspace       used 35133K, committed 35328K, reserved 1114112K
  class space    used 3755K, committed 3840K, reserved 1048576K
}
Event: 173.839 GC heap before
{Heap before GC invocations=35 (full 5):
 garbage-first heap   total 59392K, used 47146K [0x0000000702600000, 0x0000000800000000)
  region size 2048K, 12 young (24576K), 1 survivors (2048K)
 Metaspace       used 35133K, committed 35328K, reserved 1114112K
  class space    used 3755K, committed 3840K, reserved 1048576K
}
Event: 173.840 GC heap after
{Heap after GC invocations=36 (full 5):
 garbage-first heap   total 59392K, used 24640K [0x0000000702600000, 0x0000000800000000)
  region size 2048K, 1 young (2048K), 1 survivors (2048K)
 Metaspace       used 35133K, committed 35328K, reserved 1114112K
  class space    used 3755K, committed 3840K, reserved 1048576K
}
Event: 181.911 GC heap before
{Heap before GC invocations=36 (full 5):
 garbage-first heap   total 59392K, used 41024K [0x0000000702600000, 0x0000000800000000)
  region size 2048K, 10 young (20480K), 1 survivors (2048K)
 Metaspace       used 35133K, committed 35328K, reserved 1114112K
  class space    used 3755K, committed 3840K, reserved 1048576K
}
Event: 181.934 GC heap after
{Heap after GC invocations=37 (full 6):
 garbage-first heap   total 59392K, used 24580K [0x0000000702600000, 0x0000000800000000)
  region size 2048K, 0 young (0K), 0 survivors (0K)
 Metaspace       used 35133K, committed 35328K, reserved 1114112K
  class space    used 3755K, committed 3840K, reserved 1048576K
}
Event: 193.056 GC heap before
{Heap before GC invocations=37 (full 6):
 garbage-first heap   total 59392K, used 49156K [0x0000000702600000, 0x0000000800000000)
  region size 2048K, 12 young (24576K), 0 survivors (0K)
 Metaspace       used 35133K, committed 35328K, reserved 1114112K
  class space    used 3755K, committed 3840K, reserved 1048576K
}
Event: 193.057 GC heap after
{Heap after GC invocations=38 (full 6):
 garbage-first heap   total 59392K, used 25098K [0x0000000702600000, 0x0000000800000000)
  region size 2048K, 1 young (2048K), 1 survivors (2048K)
 Metaspace       used 35133K, committed 35328K, reserved 1114112K
  class space    used 3755K, committed 3840K, reserved 1048576K
}
Event: 203.630 GC heap before
{Heap before GC invocations=38 (full 6):
 garbage-first heap   total 59392K, used 47626K [0x0000000702600000, 0x0000000800000000)
  region size 2048K, 12 young (24576K), 1 survivors (2048K)
 Metaspace       used 35133K, committed 35328K, reserved 1114112K
  class space    used 3755K, committed 3840K, reserved 1048576K
}
Event: 203.631 GC heap after
{Heap after GC invocations=39 (full 6):
 garbage-first heap   total 59392K, used 25119K [0x0000000702600000, 0x0000000800000000)
  region size 2048K, 1 young (2048K), 1 survivors (2048K)
 Metaspace       used 35133K, committed 35328K, reserved 1114112K
  class space    used 3755K, committed 3840K, reserved 1048576K
}

Dll operation events (14 events):
Event: 0.013 Loaded shared library C:\Users\HP\.jdks\corretto-17.0.7\bin\java.dll
Event: 0.037 Loaded shared library C:\Users\HP\.jdks\corretto-17.0.7\bin\jsvml.dll
Event: 0.248 Loaded shared library C:\Users\HP\.jdks\corretto-17.0.7\bin\zip.dll
Event: 0.251 Loaded shared library C:\Users\HP\.jdks\corretto-17.0.7\bin\instrument.dll
Event: 0.257 Loaded shared library C:\Users\HP\.jdks\corretto-17.0.7\bin\net.dll
Event: 0.259 Loaded shared library C:\Users\HP\.jdks\corretto-17.0.7\bin\nio.dll
Event: 0.263 Loaded shared library C:\Users\HP\.jdks\corretto-17.0.7\bin\zip.dll
Event: 0.375 Loaded shared library C:\Program Files\JetBrains\IntelliJ IDEA Community Edition 2021.3.2\bin\breakgen64.dll
Event: 0.561 Loaded shared library C:\Users\HP\.jdks\corretto-17.0.7\bin\jimage.dll
Event: 0.566 Loaded shared library C:\Users\HP\.jdks\corretto-17.0.7\bin\awt.dll
Event: 1.673 Loaded shared library C:\Users\HP\.skiko\0de0d8dd8554d9bb66cfca3837db6514ff9b71080e998917280a3b777460a416\skiko-windows-x64.dll
Event: 2.169 Loaded shared library C:\Users\HP\.jdks\corretto-17.0.7\bin\freetype.dll
Event: 2.170 Loaded shared library C:\Users\HP\.jdks\corretto-17.0.7\bin\fontmanager.dll
Event: 7.043 Loaded shared library C:\Users\HP\AppData\Local\io-realm-kotlin\f7113120ba00ba1ff91d696eecd3919e85a4e34e\realmc.dll

Deoptimization events (20 events):
Event: 210.376 Thread 0x00000145e7686180 Uncommon trap: trap_request=0xffffff5c fr.pc=0x00000145cf1e3500 relative=0x0000000000000300
Event: 210.376 Thread 0x00000145e7686180 Uncommon trap: reason=speculate_null_check action=make_not_entrant pc=0x00000145cf1e3500 method=java.util.concurrent.locks.AbstractQueuedSynchronizer.enqueue(Ljava/util/concurrent/locks/AbstractQueuedSynchronizer$Node;)V @ 15 c2
Event: 210.376 Thread 0x00000145e7686180 DEOPT PACKING pc=0x00000145cf1e3500 sp=0x0000001621afe430
Event: 210.376 Thread 0x00000145e7686180 DEOPT UNPACKING pc=0x00000145ce8569a3 sp=0x0000001621afe3e8 mode 2
Event: 210.380 Thread 0x00000145e7686180 Uncommon trap: trap_request=0xffffffc6 fr.pc=0x00000145cf0a8498 relative=0x0000000000000078
Event: 210.380 Thread 0x00000145e7686180 Uncommon trap: reason=bimorphic_or_optimized_type_check action=maybe_recompile pc=0x00000145cf0a8498 method=java.util.AbstractCollection.isEmpty()Z @ 1 c2
Event: 210.380 Thread 0x00000145e7686180 DEOPT PACKING pc=0x00000145cf0a8498 sp=0x0000001621aff130
Event: 210.380 Thread 0x00000145e7686180 DEOPT UNPACKING pc=0x00000145ce8569a3 sp=0x0000001621aff0c0 mode 2
Event: 210.380 Thread 0x00000145e7686180 Uncommon trap: trap_request=0xffffffc6 fr.pc=0x00000145cf0a8498 relative=0x0000000000000078
Event: 210.380 Thread 0x00000145e7686180 Uncommon trap: reason=bimorphic_or_optimized_type_check action=maybe_recompile pc=0x00000145cf0a8498 method=java.util.AbstractCollection.isEmpty()Z @ 1 c2
Event: 210.380 Thread 0x00000145e7686180 DEOPT PACKING pc=0x00000145cf0a8498 sp=0x0000001621aff130
Event: 210.380 Thread 0x00000145e7686180 DEOPT UNPACKING pc=0x00000145ce8569a3 sp=0x0000001621aff0c0 mode 2
Event: 210.380 Thread 0x00000145e7685310 Uncommon trap: trap_request=0xffffff45 fr.pc=0x00000145cf1e2e00 relative=0x00000000000000e0
Event: 210.380 Thread 0x00000145e72620f0 Uncommon trap: trap_request=0xffffff45 fr.pc=0x00000145cf1e2e00 relative=0x00000000000000e0
Event: 210.380 Thread 0x00000145e7685310 Uncommon trap: reason=unstable_if action=reinterpret pc=0x00000145cf1e2e00 method=java.util.concurrent.locks.AbstractQueuedSynchronizer$ConditionNode.isReleasable()Z @ 14 c2
Event: 210.380 Thread 0x00000145e72620f0 Uncommon trap: reason=unstable_if action=reinterpret pc=0x00000145cf1e2e00 method=java.util.concurrent.locks.AbstractQueuedSynchronizer$ConditionNode.isReleasable()Z @ 14 c2
Event: 210.380 Thread 0x00000145e7685310 DEOPT PACKING pc=0x00000145cf1e2e00 sp=0x00000016244fee20
Event: 210.380 Thread 0x00000145e7685310 DEOPT UNPACKING pc=0x00000145ce8569a3 sp=0x00000016244fec88 mode 2
Event: 210.380 Thread 0x00000145e72620f0 DEOPT PACKING pc=0x00000145cf1e2e00 sp=0x00000016240fed70
Event: 210.380 Thread 0x00000145e72620f0 DEOPT UNPACKING pc=0x00000145ce8569a3 sp=0x00000016240febd8 mode 2

Classes unloaded (0 events):
No events

Classes redefined (0 events):
No events

Internal exceptions (20 events):
Event: 1.282 Thread 0x00000145e701e410 Exception <a 'java/lang/NoSuchMethodError'{0x0000000711e4c310}: 'java.lang.Object java.lang.invoke.DirectMethodHandle$Holder.invokeStaticInit(java.lang.Object, java.lang.Object, int, int, int, int)'> (0x0000000711e4c310) 
thrown [s\src\hotspot\share\interpreter\linkResolver.cpp, line 759]
Event: 1.409 Thread 0x00000145e701e410 Exception <a 'java/lang/NoSuchMethodError'{0x0000000711da1510}: 'double java.lang.invoke.DirectMethodHandle$Holder.invokeStatic(java.lang.Object, double)'> (0x0000000711da1510) 
thrown [s\src\hotspot\share\interpreter\linkResolver.cpp, line 759]
Event: 1.409 Thread 0x00000145e701e410 Exception <a 'java/lang/NoSuchMethodError'{0x0000000711da4f70}: 'double java.lang.invoke.DirectMethodHandle$Holder.invokeStaticInit(java.lang.Object, double)'> (0x0000000711da4f70) 
thrown [s\src\hotspot\share\interpreter\linkResolver.cpp, line 759]
Event: 1.426 Thread 0x00000145e701e410 Exception <a 'java/lang/NoSuchMethodError'{0x0000000711deced0}: 'java.lang.Object java.lang.invoke.DirectMethodHandle$Holder.newInvokeSpecial(java.lang.Object, double)'> (0x0000000711deced0) 
thrown [s\src\hotspot\share\interpreter\linkResolver.cpp, line 759]
Event: 1.907 Thread 0x00000145e701e410 Exception <a 'java/lang/NoSuchMethodError'{0x0000000710cd0e98}: 'void java.lang.invoke.DirectMethodHandle$Holder.invokeSpecial(java.lang.Object, java.lang.Object, java.lang.Object)'> (0x0000000710cd0e98) 
thrown [s\src\hotspot\share\interpreter\linkResolver.cpp, line 759]
Event: 1.919 Thread 0x00000145e701e410 Exception <a 'java/lang/NoSuchMethodError'{0x0000000710cfb028}: 'java.lang.Object java.lang.invoke.DirectMethodHandle$Holder.newInvokeSpecial(java.lang.Object, java.lang.Object, java.lang.Object, java.lang.Object, java.lang.Object)'> (0x0000000710cfb028) 
thrown [s\src\hotspot\share\interpreter\linkResolver.cpp, line 759]
Event: 1.921 Thread 0x00000145e701e410 Exception <a 'java/lang/NoSuchMethodError'{0x0000000710d06f08}: 'java.lang.Object java.lang.invoke.DirectMethodHandle$Holder.invokeStatic(java.lang.Object, int, java.lang.Object, java.lang.Object, java.lang.Object, java.lang.Object)'> (0x0000000710d06f08) 
thrown [s\src\hotspot\share\interpreter\linkResolver.cpp, line 759]
Event: 1.928 Thread 0x00000145e701e410 Exception <a 'java/lang/NoSuchMethodError'{0x0000000710d2c970}: 'java.lang.Object java.lang.invoke.DirectMethodHandle$Holder.invokeStatic(java.lang.Object, int, java.lang.Object)'> (0x0000000710d2c970) 
thrown [s\src\hotspot\share\interpreter\linkResolver.cpp, line 759]
Event: 1.973 Thread 0x00000145e701e410 Exception <a 'java/lang/ClassNotFoundException'{0x0000000710de8f20}: com/sun/swing/internal/plaf/metal/resources/spi/metalProvider> (0x0000000710de8f20) 
thrown [s\src\hotspot\share\classfile\systemDictionary.cpp, line 256]
Event: 1.974 Thread 0x00000145e701e410 Exception <a 'java/lang/ClassNotFoundException'{0x0000000710decec0}: com/sun/swing/internal/plaf/basic/resources/spi/basicProvider> (0x0000000710decec0) 
thrown [s\src\hotspot\share\classfile\systemDictionary.cpp, line 256]
Event: 1.991 Thread 0x00000145e701e410 Implicit null exception at 0x00000145cee316a0 to 0x00000145cee31dd5
Event: 1.995 Thread 0x00000145e701e410 Implicit null exception at 0x00000145cedd4390 to 0x00000145cedd4764
Event: 1.996 Thread 0x00000145e701e410 Implicit null exception at 0x00000145cedc8f90 to 0x00000145cedc9348
Event: 2.031 Thread 0x00000145e701e410 Exception <a 'java/lang/NoSuchMethodError'{0x0000000710afda80}: 'void java.lang.invoke.DirectMethodHandle$Holder.invokeStatic(java.lang.Object, java.lang.Object, java.lang.Object)'> (0x0000000710afda80) 
thrown [s\src\hotspot\share\interpreter\linkResolver.cpp, line 759]
Event: 2.163 Thread 0x00000145e701e410 Exception <a 'java/lang/NoSuchMethodError'{0x00000007109dbdc8}: 'void java.lang.invoke.DirectMethodHandle$Holder.invokeStaticInit(java.lang.Object)'> (0x00000007109dbdc8) 
thrown [s\src\hotspot\share\interpreter\linkResolver.cpp, line 759]
Event: 2.417 Thread 0x00000145e701e410 Exception <a 'java/lang/NoSuchMethodError'{0x0000000711e1b388}: 'int java.lang.invoke.DirectMethodHandle$Holder.invokeStaticInit(java.lang.Object, java.lang.Object, java.lang.Object)'> (0x0000000711e1b388) 
thrown [s\src\hotspot\share\interpreter\linkResolver.cpp, line 759]
Event: 2.917 Thread 0x00000145e6d2a640 Exception <a 'java/lang/NoSuchMethodError'{0x0000000710b01198}: 'void java.lang.invoke.DirectMethodHandle$Holder.invokeVirtual(java.lang.Object, java.lang.Object)'> (0x0000000710b01198) 
thrown [s\src\hotspot\share\interpreter\linkResolver.cpp, line 759]
Event: 6.142 Thread 0x00000145e701e410 Exception <a 'java/lang/NoSuchMethodError'{0x0000000704b4d7c8}: 'int java.lang.invoke.DirectMethodHandle$Holder.invokeStaticInit(java.lang.Object, long, long)'> (0x0000000704b4d7c8) 
thrown [s\src\hotspot\share\interpreter\linkResolver.cpp, line 759]
Event: 6.899 Thread 0x00000145e701e410 Exception <a 'java/lang/NoSuchMethodError'{0x0000000712314d98}: 'java.lang.Object java.lang.invoke.DirectMethodHandle$Holder.newInvokeSpecial(java.lang.Object, int, java.lang.Object)'> (0x0000000712314d98) 
thrown [s\src\hotspot\share\interpreter\linkResolver.cpp, line 759]
Event: 46.934 Thread 0x00000145e701e410 Implicit null exception at 0x00000145cf1a0c80 to 0x00000145cf1a0cfd

VM Operations (20 events):
Event: 143.432 Executing VM operation: G1CollectForAllocation
Event: 143.434 Executing VM operation: G1CollectForAllocation done
Event: 151.878 Executing VM operation: G1CollectFull
Event: 151.908 Executing VM operation: G1CollectFull done
Event: 163.381 Executing VM operation: G1CollectForAllocation
Event: 163.382 Executing VM operation: G1CollectForAllocation done
Event: 173.839 Executing VM operation: G1CollectForAllocation
Event: 173.840 Executing VM operation: G1CollectForAllocation done
Event: 181.911 Executing VM operation: G1CollectFull
Event: 181.934 Executing VM operation: G1CollectFull done
Event: 193.056 Executing VM operation: G1CollectForAllocation
Event: 193.057 Executing VM operation: G1CollectForAllocation done
Event: 196.079 Executing VM operation: Cleanup
Event: 196.079 Executing VM operation: Cleanup done
Event: 201.130 Executing VM operation: Cleanup
Event: 201.130 Executing VM operation: Cleanup done
Event: 202.132 Executing VM operation: Cleanup
Event: 202.132 Executing VM operation: Cleanup done
Event: 203.630 Executing VM operation: G1CollectForAllocation
Event: 203.631 Executing VM operation: G1CollectForAllocation done

Events (20 events):
Event: 16.120 Thread 0x00000145e6062bb0 flushing nmethod 0x00000145c7d22390
Event: 16.120 Thread 0x00000145e6062bb0 flushing nmethod 0x00000145c7d52990
Event: 16.512 Thread 0x00000145e67195d0 Thread exited: 0x00000145e67195d0
Event: 16.740 Thread 0x00000145e67195d0 Thread added: 0x00000145e67195d0
Event: 16.943 Thread 0x00000145e67195d0 Thread exited: 0x00000145e67195d0
Event: 22.008 Thread 0x00000145e671dcb0 Thread added: 0x00000145e671dcb0
Event: 22.405 Thread 0x00000145e671dcb0 Thread exited: 0x00000145e671dcb0
Event: 67.241 Thread 0x00000145e725f5a0 Thread exited: 0x00000145e725f5a0
Event: 67.241 Thread 0x00000145e73eed10 Thread exited: 0x00000145e73eed10
Event: 91.215 Thread 0x00000145e6062bb0 flushing nmethod 0x00000145cefdbc10
Event: 210.371 loading class jdk/internal/misc/Signal$1
Event: 210.372 loading class jdk/internal/misc/Signal$1 done
Event: 210.372 Thread 0x00000145e7684e40 Thread added: 0x00000145e7684e40
Event: 210.372 Thread 0x00000145e7685cb0 Thread added: 0x00000145e7685cb0
Event: 210.372 Thread 0x00000145e7686180 Thread added: 0x00000145e7686180
Event: 210.372 Thread 0x00000145e725f5a0 Thread added: 0x00000145e725f5a0
Event: 210.373 Thread 0x00000145e725f5a0 Thread exited: 0x00000145e725f5a0
Event: 210.380 Thread 0x00000145e7686180 Thread exited: 0x00000145e7686180
Event: 210.380 Thread 0x00000145e72620f0 Thread exited: 0x00000145e72620f0
Event: 210.380 Thread 0x00000145e7685310 Thread exited: 0x00000145e7685310


Dynamic libraries:
0x00007ff7eeda0000 - 0x00007ff7eedad000 	C:\Users\HP\.jdks\corretto-17.0.7\bin\java.exe
0x00007ffee9b50000 - 0x00007ffee9d48000 	C:\Windows\SYSTEM32\ntdll.dll
0x00007ffee90d0000 - 0x00007ffee918f000 	C:\Windows\System32\KERNEL32.DLL
0x00007ffee7790000 - 0x00007ffee7a86000 	C:\Windows\System32\KERNELBASE.dll
0x00007ffee7410000 - 0x00007ffee7510000 	C:\Windows\System32\ucrtbase.dll
0x00007ffedd130000 - 0x00007ffedd147000 	C:\Users\HP\.jdks\corretto-17.0.7\bin\jli.dll
0x00007ffedf250000 - 0x00007ffedf265000 	C:\Users\HP\.jdks\corretto-17.0.7\bin\VCRUNTIME140.dll
0x00007ffee9970000 - 0x00007ffee9b0d000 	C:\Windows\System32\USER32.dll
0x00007ffee76c0000 - 0x00007ffee76e2000 	C:\Windows\System32\win32u.dll
0x00007ffecd150000 - 0x00007ffecd3ea000 	C:\Windows\WinSxS\amd64_microsoft.windows.common-controls_6595b64144ccf1df_6.0.19041.1110_none_60b5254171f9507e\COMCTL32.dll
0x00007ffee90a0000 - 0x00007ffee90cc000 	C:\Windows\System32\GDI32.dll
0x00007ffee8310000 - 0x00007ffee83ae000 	C:\Windows\System32\msvcrt.dll
0x00007ffee7a90000 - 0x00007ffee7ba5000 	C:\Windows\System32\gdi32full.dll
0x00007ffee72c0000 - 0x00007ffee735d000 	C:\Windows\System32\msvcp_win.dll
0x00007ffee8600000 - 0x00007ffee8630000 	C:\Windows\System32\IMM32.DLL
0x00007ffec73d0000 - 0x00007ffec746b000 	C:\Users\HP\.jdks\corretto-17.0.7\bin\msvcp140.dll
0x00007ffea5510000 - 0x00007ffea612a000 	C:\Users\HP\.jdks\corretto-17.0.7\bin\server\jvm.dll
0x00007ffee8630000 - 0x00007ffee86df000 	C:\Windows\System32\ADVAPI32.dll
0x00007ffee8560000 - 0x00007ffee85fc000 	C:\Windows\System32\sechost.dll
0x00007ffee7d70000 - 0x00007ffee7e96000 	C:\Windows\System32\RPCRT4.dll
0x00007ffee0fa0000 - 0x00007ffee0fa9000 	C:\Windows\SYSTEM32\WSOCK32.dll
0x00007ffee8e70000 - 0x00007ffee8edb000 	C:\Windows\System32\WS2_32.dll
0x00007ffecca00000 - 0x00007ffecca27000 	C:\Windows\SYSTEM32\WINMM.dll
0x00007ffedb320000 - 0x00007ffedb32a000 	C:\Windows\SYSTEM32\VERSION.dll
0x00007ffee5a20000 - 0x00007ffee5a32000 	C:\Windows\SYSTEM32\kernel.appcore.dll
0x00007ffedf290000 - 0x00007ffedf29a000 	C:\Users\HP\.jdks\corretto-17.0.7\bin\jimage.dll
0x00007ffee1f40000 - 0x00007ffee2124000 	C:\Windows\SYSTEM32\DBGHELP.DLL
0x00007ffecec70000 - 0x00007ffececa4000 	C:\Windows\SYSTEM32\dbgcore.DLL
0x00007ffee7230000 - 0x00007ffee72b2000 	C:\Windows\System32\bcryptPrimitives.dll
0x00007ffedba70000 - 0x00007ffedba7e000 	C:\Users\HP\.jdks\corretto-17.0.7\bin\instrument.dll
0x00007ffedbcf0000 - 0x00007ffedbd15000 	C:\Users\HP\.jdks\corretto-17.0.7\bin\java.dll
0x00007ffebaa40000 - 0x00007ffebab16000 	C:\Users\HP\.jdks\corretto-17.0.7\bin\jsvml.dll
0x00007ffee9190000 - 0x00007ffee98d4000 	C:\Windows\System32\SHELL32.dll
0x00007ffee2130000 - 0x00007ffee28c4000 	C:\Windows\SYSTEM32\windows.storage.dll
0x00007ffee8890000 - 0x00007ffee8be4000 	C:\Windows\System32\combase.dll
0x00007ffee6ab0000 - 0x00007ffee6ade000 	C:\Windows\SYSTEM32\Wldp.dll
0x00007ffee8f90000 - 0x00007ffee903d000 	C:\Windows\System32\SHCORE.dll
0x00007ffee9040000 - 0x00007ffee9095000 	C:\Windows\System32\shlwapi.dll
0x00007ffee7160000 - 0x00007ffee7185000 	C:\Windows\SYSTEM32\profapi.dll
0x00007ffedbcc0000 - 0x00007ffedbcd8000 	C:\Users\HP\.jdks\corretto-17.0.7\bin\zip.dll
0x00007ffedc060000 - 0x00007ffedc079000 	C:\Users\HP\.jdks\corretto-17.0.7\bin\net.dll
0x00007ffed8570000 - 0x00007ffed867a000 	C:\Windows\SYSTEM32\WINHTTP.dll
0x00007ffee6890000 - 0x00007ffee68fa000 	C:\Windows\system32\mswsock.dll
0x00007ffedbfe0000 - 0x00007ffedbff5000 	C:\Users\HP\.jdks\corretto-17.0.7\bin\nio.dll
0x00007ffec7110000 - 0x00007ffec712a000 	C:\Program Files\JetBrains\IntelliJ IDEA Community Edition 2021.3.2\bin\breakgen64.dll
0x00007ffea8a40000 - 0x00007ffea8be9000 	C:\Users\HP\.jdks\corretto-17.0.7\bin\awt.dll
0x00007ffee87c0000 - 0x00007ffee888d000 	C:\Windows\System32\OLEAUT32.dll
0x00007ffee0ec0000 - 0x00007ffee0f51000 	C:\Windows\SYSTEM32\apphelp.dll
0x00007ffee1180000 - 0x00007ffee121e000 	C:\Windows\system32\uxtheme.dll
0x00007ffee8440000 - 0x00007ffee8554000 	C:\Windows\System32\MSCTF.dll
0x00007ffee8c00000 - 0x00007ffee8d2a000 	C:\Windows\System32\ole32.dll
0x00007ffee1320000 - 0x00007ffee134f000 	C:\Windows\system32\DWMAPI.DLL
0x00007ffeb5d50000 - 0x00007ffeb5e75000 	C:\Windows\system32\opengl32.dll
0x00007ffeb67f0000 - 0x00007ffeb681c000 	C:\Windows\SYSTEM32\GLU32.dll
0x00007ffee6af0000 - 0x00007ffee6b08000 	C:\Windows\SYSTEM32\CRYPTSP.dll
0x00007ffee61d0000 - 0x00007ffee6204000 	C:\Windows\system32\rsaenh.dll
0x00007ffee7760000 - 0x00007ffee7787000 	C:\Windows\System32\bcrypt.dll
0x00007ffee7120000 - 0x00007ffee714e000 	C:\Windows\SYSTEM32\USERENV.dll
0x00007ffee6a20000 - 0x00007ffee6a2c000 	C:\Windows\SYSTEM32\CRYPTBASE.dll
0x00007ffee65a0000 - 0x00007ffee65dc000 	C:\Windows\SYSTEM32\IPHLPAPI.DLL
0x00007ffee7d60000 - 0x00007ffee7d68000 	C:\Windows\System32\NSI.dll
0x00007ffeda430000 - 0x00007ffeda447000 	C:\Windows\SYSTEM32\dhcpcsvc6.DLL
0x00007ffed8d80000 - 0x00007ffed8d9d000 	C:\Windows\SYSTEM32\dhcpcsvc.DLL
0x00007ffee65e0000 - 0x00007ffee66aa000 	C:\Windows\SYSTEM32\DNSAPI.dll
0x00007ffe9d3a0000 - 0x00007ffe9e3ec000 	C:\Users\HP\.skiko\0de0d8dd8554d9bb66cfca3837db6514ff9b71080e998917280a3b777460a416\skiko-windows-x64.dll
0x00007ffea90f0000 - 0x00007ffea9173000 	C:\Users\HP\.jdks\corretto-17.0.7\bin\freetype.dll
0x00007ffea6c00000 - 0x00007ffea6cc2000 	C:\Users\HP\.jdks\corretto-17.0.7\bin\fontmanager.dll
0x00007ffedb9d0000 - 0x00007ffedb9d7000 	C:\Users\HP\.jdks\corretto-17.0.7\bin\jawt.dll
0x00007ffee5a90000 - 0x00007ffee5b83000 	C:\Windows\SYSTEM32\Dxgi.dll
0x00007ffec67e0000 - 0x00007ffec6800000 	C:\Windows\SYSTEM32\D3D12.dll
0x00007ffea2b60000 - 0x00007ffea2d2d000 	C:\Windows\SYSTEM32\D3D12Core.dll
0x00007ffeda9e0000 - 0x00007ffedaa1b000 	C:\Windows\SYSTEM32\dxcore.dll
0x00007ffee7670000 - 0x00007ffee76be000 	C:\Windows\System32\cfgmgr32.dll
0x00007ffed4390000 - 0x00007ffed6fa9000 	C:\Windows\System32\DriverStore\FileRepository\igdlh64.inf_amd64_e6daaea9afe1e6f6\igc64.dll
0x00007ffe72ab0000 - 0x00007ffe73f83000 	C:\Windows\System32\DriverStore\FileRepository\igdlh64.inf_amd64_e6daaea9afe1e6f6\igd12umd64.dll
0x00007ffeda000000 - 0x00007ffeda257000 	C:\Windows\System32\DriverStore\FileRepository\igdlh64.inf_amd64_e6daaea9afe1e6f6\igdgmm64.dll
0x00007ffe8f620000 - 0x00007ffe8fa2b000 	C:\Windows\System32\DriverStore\FileRepository\igdlh64.inf_amd64_e6daaea9afe1e6f6\igdml64.dll
0x00007ffeba190000 - 0x00007ffeba1bb000 	C:\Windows\SYSTEM32\D3DSCache.dll
0x00007ffe51780000 - 0x00007ffe55f82000 	C:\Windows\System32\DriverStore\FileRepository\igdlh64.inf_amd64_e6daaea9afe1e6f6\igd12dxva64.dll
0x00007ffee7ea0000 - 0x00007ffee830e000 	C:\Windows\System32\SETUPAPI.dll
0x00007ffe96bf0000 - 0x00007ffe96c17000 	C:\Windows\System32\DriverStore\FileRepository\igdlh64.inf_amd64_e6daaea9afe1e6f6\igdinfo64.dll
0x00007ffeddf50000 - 0x00007ffede157000 	C:\Windows\SYSTEM32\twinapi.appcore.dll
0x00007ffee8ee0000 - 0x00007ffee8f89000 	C:\Windows\System32\clbcatq.dll
0x00007ffedb410000 - 0x00007ffedb514000 	C:\Windows\System32\AppXDeploymentClient.dll
0x00007ffe744c0000 - 0x00007ffe75492000 	C:\Windows\System32\DriverStore\FileRepository\igdlh64.inf_amd64_e6daaea9afe1e6f6\ig9icd64.dll
0x00007ffee7090000 - 0x00007ffee70db000 	C:\Windows\SYSTEM32\powrprof.dll
0x00007ffee7070000 - 0x00007ffee7082000 	C:\Windows\SYSTEM32\UMPDC.dll
0x00007ffed2250000 - 0x00007ffed24cf000 	C:\Windows\SYSTEM32\dwrite.dll
0x00007ffed3ec0000 - 0x00007ffed3fb9000 	C:\Windows\SYSTEM32\textinputframework.dll
0x00007ffee0b40000 - 0x00007ffee0c32000 	C:\Windows\System32\CoreMessaging.dll
0x00007ffee0460000 - 0x00007ffee07be000 	C:\Windows\System32\CoreUIComponents.dll
0x00007ffee62f0000 - 0x00007ffee6323000 	C:\Windows\SYSTEM32\ntmarta.dll
0x00007ffedf450000 - 0x00007ffedf5a4000 	C:\Windows\SYSTEM32\wintypes.dll
0x00007ffe60f60000 - 0x00007ffe61812000 	C:\Users\HP\AppData\Local\io-realm-kotlin\f7113120ba00ba1ff91d696eecd3919e85a4e34e\realmc.dll
0x00007ffee7510000 - 0x00007ffee766e000 	C:\Windows\System32\CRYPT32.dll

dbghelp: loaded successfully - version: 4.0.5 - missing functions: none
symbol engine: initialized successfully - sym options: 0x614 - pdb path: .;C:\Users\HP\.jdks\corretto-17.0.7\bin;C:\Windows\SYSTEM32;C:\Windows\WinSxS\amd64_microsoft.windows.common-controls_6595b64144ccf1df_6.0.19041.1110_none_60b5254171f9507e;C:\Users\HP\.jdks\corretto-17.0.7\bin\server;C:\Program Files\JetBrains\IntelliJ IDEA Community Edition 2021.3.2\bin;C:\Users\HP\.skiko\0de0d8dd8554d9bb66cfca3837db6514ff9b71080e998917280a3b777460a416;C:\Windows\System32\DriverStore\FileRepository\igdlh64.inf_amd64_e6daaea9afe1e6f6;C:\Users\HP\AppData\Local\io-realm-kotlin\f7113120ba00ba1ff91d696eecd3919e85a4e34e

VM Arguments:
jvm_args: -Djava.library.path=C:\Users\HP\Desktop\newderar\build\classes\kotlin\jvm\main;C:\Users\HP\Desktop\newderar\build\processedResources\jvm\main -javaagent:C:\Program Files\JetBrains\IntelliJ IDEA Community Edition 2021.3.2\lib\idea_rt.jar=55207:C:\Program Files\JetBrains\IntelliJ IDEA Community Edition 2021.3.2\bin -Dfile.encoding=UTF-8 
java_command: MainKt
java_class_path (initial): C:\Users\HP\Desktop\newderar\build\classes\kotlin\jvm\main;C:\Users\HP\Desktop\newderar\build\processedResources\jvm\main;C:\Users\HP\.gradle\caches\modules-2\files-2.1\io.insert-koin\koin-androidx-compose\3.4.5\ae0a88b7a68d507e651c5a3d70a541594bea54cb\koin-androidx-compose-3.4.5.aar;C:\Users\HP\.gradle\caches\modules-2\files-2.1\androidx.navigation\navigation-compose\2.6.0\3f8ce7b0bad21cced0c47b42b6347c65a6e422c3\navigation-compose-2.6.0.aar;C:\Users\HP\.gradle\caches\modules-2\files-2.1\org.jetbrains.kotlin\kotlin-stdlib-jdk8\1.8.21\67f57e154437cd9e6e9cf368394b95814836ff88\kotlin-stdlib-jdk8-1.8.21.jar;C:\Users\HP\.gradle\caches\modules-2\files-2.1\org.apache.poi\poi-ooxml\4.1.2\87d9a22aa9a7dd26e80c360e709f7ee02e32ab3b\poi-ooxml-4.1.2.jar;C:\Users\HP\.gradle\caches\modules-2\files-2.1\org.apache.poi\poi\4.1.2\964bf41cf68bce08e4ef6b2279b559fdf8d454f4\poi-4.1.2.jar;C:\Users\HP\.gradle\caches\modules-2\files-2.1\org.lwjgl\lwjgl-nfd\3.3.1\622318116996ddcff449b46cb38f0fdee39b8ac3\lwjgl-nfd-3.3.1.jar;C:\Users\HP\.gradle\caches\modules-2\files-2.1\org.lwjgl\lwjgl-nfd\3.3.1\2e007667e04ed3281152ae5c6e677fb1c2211691\lwjgl-nfd-3.3.1-natives-linux.jar;C:\Users\HP\.gradle\caches\modules-2\files-2.1\org.lwjgl\lwjgl\3.3.1\ae58664f88e18a9bb2c77b063833ca7aaec484cb\lwjgl-3.3.1.jar;C:\Users\HP\.gradle\caches\modules-2\files-2.1\io.insert-koin\koin-android\3.4.0\48715fbe06102a59a30bd45b06ed2400c16c6f45\koin-android-3.4.0.aar;C:\Users\HP\.gradle\caches\modules-2\files-2.1\org.lwjgl\lwjgl-nfd\3.3.1\b3e04e317f55dd738d8a345cdafd15b39f85a2ea\lwjgl-nfd-3.3.1-natives-linux-arm32.jar;C:\Users\HP\.gradle\caches\modules-2\files-2.1\androidx.lifecycle\lifecycle-viewmodel-compose\2.6.1\38cf3bb65ff3e0e5c3d63de2ebf5411d0898108c\lifecycle-viewmodel-compose-2.6.1.aar;C:\Users\HP\.gradle\caches\modules-2\files-2.1\org.lwjgl\lwjgl-nfd\3.3.1\f41dc62336f7ee4ab35705cfa440cc903d199165\lwjgl-nfd-3.3.1-natives-linux-arm64.jar;C:\Users\HP\.gradle\caches\modules-2\files-2.1\androi
Launcher Type: SUN_STANDARD

[Global flags]
     intx CICompilerCount                          = 3                                         {product} {ergonomic}
     uint ConcGCThreads                            = 1                                         {product} {ergonomic}
     uint G1ConcRefinementThreads                  = 4                                         {product} {ergonomic}
   size_t G1HeapRegionSize                         = 2097152                                   {product} {ergonomic}
    uintx GCDrainStackTargetSize                   = 64                                        {product} {ergonomic}
   size_t InitialHeapSize                          = 266338304                                 {product} {ergonomic}
   size_t MarkStackSize                            = 4194304                                   {product} {ergonomic}
   size_t MaxHeapSize                              = 4255121408                                {product} {ergonomic}
   size_t MaxNewSize                               = 2552233984                                {product} {ergonomic}
   size_t MinHeapDeltaBytes                        = 2097152                                   {product} {ergonomic}
   size_t MinHeapSize                              = 8388608                                   {product} {ergonomic}
    uintx NonNMethodCodeHeapSize                   = 5832780                                {pd product} {ergonomic}
    uintx NonProfiledCodeHeapSize                  = 122912730                              {pd product} {ergonomic}
    uintx ProfiledCodeHeapSize                     = 122912730                              {pd product} {ergonomic}
    uintx ReservedCodeCacheSize                    = 251658240                              {pd product} {ergonomic}
     bool SegmentedCodeCache                       = true                                      {product} {ergonomic}
   size_t SoftMaxHeapSize                          = 4255121408                             {manageable} {ergonomic}
     bool UseCompressedClassPointers               = true                           {product lp64_product} {ergonomic}
     bool UseCompressedOops                        = true                           {product lp64_product} {ergonomic}
     bool UseG1GC                                  = true                                      {product} {ergonomic}
     bool UseLargePagesIndividualAllocation        = false                                  {pd product} {ergonomic}

Logging:
Log output configuration:
 #0: stdout all=warning uptime,level,tags
 #1: stderr all=off uptime,level,tags

Environment Variables:
PATH=C:\Program Files\Common Files\Oracle\Java\javapath;C:\Program Files (x86)\Common Files\Oracle\Java\javapath;C:\Windows\system32;C:\Windows;C:\Windows\System32\Wbem;C:\Windows\System32\WindowsPowerShell\v1.0\;C:\Windows\System32\OpenSSH\;C:\xampp\php;C:\ProgramData\ComposerSetup\bin;C:\Program Files\nodejs\;C:\Program Files (x86)\Intel\Intel(R) Management Engine Components\DAL;C:\Program Files\Intel\Intel(R) Management Engine Components\DAL;C:\Program Files\Git\cmd;C:\Program Files\Fortect;C:\Users\HP\AppData\Local\Microsoft\WindowsApps;C:\Program Files\JetBrains\IntelliJ IDEA Community Edition 2021.3.2\bin;C:\Users\HP\AppData\Local\Programs\Microsoft VS Code\bin;C:\Users\HP\AppData\Local\JetBrains\Toolbox\scripts;C:\Users\HP\AppData\Local\GitHubDesktop\bin;C:\Users\HP\Desktop\camp\flutter_windows_3.7.6-stable\flutter\bin;C:\Users\HP\AppData\Roaming\Composer\vendor\bin;C:\Users\HP\AppData\Roaming\npm
USERNAME=HP
OS=Windows_NT
PROCESSOR_IDENTIFIER=Intel64 Family 6 Model 142 Stepping 9, GenuineIntel
TMP=C:\Users\HP\AppData\Local\Temp
TEMP=C:\Users\HP\AppData\Local\Temp



---------------  S Y S T E M  ---------------

OS:
 Windows 10 , 64 bit Build 19041 (10.0.19041.3155)
OS uptime: 2 days 20:52 hours
Hyper-V role detected

CPU: total 4 (initial active 4) (2 cores per cpu, 2 threads per core) family 6 model 142 stepping 9 microcode 0xf2, cx8, cmov, fxsr, ht, mmx, 3dnowpref, sse, sse2, sse3, ssse3, sse4.1, sse4.2, popcnt, lzcnt, tsc, tscinvbit, avx, avx2, aes, erms, clmul, bmi1, bmi2, rtm, adx, fma, vzeroupper, clflush, clflushopt, hv

Memory: 4k page, system-wide physical 16224M (5855M free)
TotalPageFile size 32096M (AvailPageFile size 19503M)
current process WorkingSet (physical memory assigned to process): 248M, peak: 301M
current process commit charge ("private bytes"): 253M, peak: 432M

vm_info: OpenJDK 64-Bit Server VM (17.0.7+7-LTS) for windows-amd64 JRE (17.0.7+7-LTS), built on Apr 14 2023 01:39:21 by "Administrator" with MS VC++ 15.9 (VS2017)

END.
