#
# A fatal error has been detected by the Java Runtime Environment:
#
#  EXCEPTION_ACCESS_VIOLATION (0xc0000005) at pc=0x00007ffa7c4aebe3, pid=6392, tid=7436
#
# JRE version: OpenJDK Runtime Environment JBR-17.0.7+7-1000.5-nomod (17.0.7+7) (build 17.0.7+7-b1000.5)
# Java VM: OpenJDK 64-Bit Server VM JBR-17.0.7+7-1000.5-nomod (17.0.7+7-b1000.5, mixed mode, tiered, compressed oops, compressed class ptrs, g1 gc, windows-amd64)
# Problematic frame:
# C  [ig9icd64.dll+0x9bebe3]
#
# No core dump will be written. Minidumps are not enabled by default on client versions of Windows
#
# If you would like to submit a bug report, please visit:
#   https://youtrack.jetbrains.com/issues/JBR
# The crash happened outside the Java Virtual Machine in native code.
# See problematic frame for where to report the bug.
#

---------------  S U M M A R Y ------------

Command Line: -Djava.library.path=C:\Users\HP\Desktop\newderar\build\classes\kotlin\jvm\main;C:\Users\HP\Desktop\newderar\build\processedResources\jvm\main -javaagent:C:\Program Files\JetBrains\IntelliJ IDEA Community Edition 2021.3.2\lib\idea_rt.jar=56928:C:\Program Files\JetBrains\IntelliJ IDEA Community Edition 2021.3.2\bin -Dfile.encoding=UTF-8 MainKt

Host: Intel(R) Core(TM) i5-7300U CPU @ 2.60GHz, 4 cores, 15G,  Windows 10 , 64 bit Build 19041 (10.0.19041.3155)
Time: Thu Jul  6 02:57:11 2023 Libya Standard Time elapsed time: 96.850979 seconds (0d 0h 1m 36s)

---------------  T H R E A D  ---------------

Current thread (0x0000019a358d40f0):  JavaThread "AWT-EventQueue-0" [_thread_in_native, id=7436, stack(0x0000006911900000,0x0000006911a00000)]

Stack: [0x0000006911900000,0x0000006911a00000],  sp=0x00000069119fcf68,  free space=1011k
Native frames: (J=compiled Java code, j=interpreted, Vv=VM code, C=native code)
C  [ig9icd64.dll+0x9bebe3]

Java frames: (J=compiled Java code, j=interpreted, Vv=VM code)
J 4667  org.jetbrains.skia.DirectContextKt.DirectContext_nFlush(J)V (0 bytes) @ 0x0000019a1d362569 [0x0000019a1d362520+0x0000000000000049]
J 5291 c2 org.jetbrains.skiko.redrawer.WindowsOpenGLRedrawer$Companion$frameDispatcher$1.invokeSuspend(Ljava/lang/Object;)Ljava/lang/Object; (379 bytes) @ 0x0000019a1d438820 [0x0000019a1d4374e0+0x0000000000001340]
J 5290 c2 org.jetbrains.skiko.FrameDispatcher$job$1.invokeSuspend(Ljava/lang/Object;)Ljava/lang/Object; (156 bytes) @ 0x0000019a1d435170 [0x0000019a1d434f20+0x0000000000000250]
J 4445 c2 kotlin.coroutines.jvm.internal.BaseContinuationImpl.resumeWith(Ljava/lang/Object;)V (128 bytes) @ 0x0000019a1d323ff4 [0x0000019a1d323fa0+0x0000000000000054]
J 4484 c2 kotlinx.coroutines.DispatchedTask.run()V (571 bytes) @ 0x0000019a1d3376a8 [0x0000019a1d337360+0x0000000000000348]
J 5202 c2 java.awt.EventQueue.dispatchEventImpl(Ljava/awt/AWTEvent;Ljava/lang/Object;)V java.desktop@17.0.7 (136 bytes) @ 0x0000019a1d20dc78 [0x0000019a1d20d940+0x0000000000000338]
J 5262 c2 java.awt.EventQueue.dispatchEvent(Ljava/awt/AWTEvent;)V java.desktop@17.0.7 (80 bytes) @ 0x0000019a1d41c8d4 [0x0000019a1d41c600+0x00000000000002d4]
J 4714 c2 java.awt.EventDispatchThread.pumpOneEventForFilters(I)V java.desktop@17.0.7 (113 bytes) @ 0x0000019a1d3819ec [0x0000019a1d3815c0+0x000000000000042c]
j  java.awt.EventDispatchThread.pumpEventsForFilter(ILjava/awt/Conditional;Ljava/awt/EventFilter;)V+35 java.desktop@17.0.7
j  java.awt.EventDispatchThread.pumpEventsForHierarchy(ILjava/awt/Conditional;Ljava/awt/Component;)V+11 java.desktop@17.0.7
j  java.awt.EventDispatchThread.pumpEvents(ILjava/awt/Conditional;)V+4 java.desktop@17.0.7
j  java.awt.EventDispatchThread.pumpEvents(Ljava/awt/Conditional;)V+3 java.desktop@17.0.7
j  java.awt.EventDispatchThread.run()V+18 java.desktop@17.0.7
v  ~StubRoutines::call_stub

siginfo: EXCEPTION_ACCESS_VIOLATION (0xc0000005), reading address 0x00007ffdbc6d1110


Register to memory mapping:

RIP=0x00007ffa7c4aebe3 ig9icd64.dll
RAX=0x000000000fff0fff is an unknown value
RBX=0x00007ffa7baf0000 ig9icd64.dll
RCX=0x000000033fcf3fcc is an unknown value
RDX=0x00000069119fd480 is pointing into the stack for thread: 0x0000019a358d40f0
RSP=0x00000069119fcf68 is pointing into the stack for thread: 0x0000019a358d40f0
RBP=0x00000069119fd070 is pointing into the stack for thread: 0x0000019a358d40f0
RSI=0x0000019a386a6340 points into unknown readable memory: 0x0000019a3866d040 | 40 d0 66 38 9a 01 00 00
RDI=0x00000069119fd270 is pointing into the stack for thread: 0x0000019a358d40f0
R8 =0x00000069119fd0a0 is pointing into the stack for thread: 0x0000019a358d40f0
R9 =0x00000069119fd480 is pointing into the stack for thread: 0x0000019a358d40f0
R10=0x00000069119fd270 is pointing into the stack for thread: 0x0000019a358d40f0
R11=0x0 is NULL
R12=0x00007ffa7c9215e0 ig9icd64.dll
R13=0x0 is NULL
R14=0x0 is NULL
R15=0x00000000000001c1 is an unknown value


Registers:
RAX=0x000000000fff0fff, RBX=0x00007ffa7baf0000, RCX=0x000000033fcf3fcc, RDX=0x00000069119fd480
RSP=0x00000069119fcf68, RBP=0x00000069119fd070, RSI=0x0000019a386a6340, RDI=0x00000069119fd270
R8 =0x00000069119fd0a0, R9 =0x00000069119fd480, R10=0x00000069119fd270, R11=0x0000000000000000
R12=0x00007ffa7c9215e0, R13=0x0000000000000000, R14=0x0000000000000000, R15=0x00000000000001c1
RIP=0x00007ffa7c4aebe3, EFLAGS=0x0000000000010206

Top of Stack: (sp=0x00000069119fcf68)
0x00000069119fcf68:   00007ffa7c4ac31b 0000000000000001
0x00000069119fcf78:   0000000000000000 0000019a364a3d00
0x00000069119fcf88:   00007ffaf6782622 0000006900000065
0x00000069119fcf98:   00000069119fd1a0 0000000000000000
0x00000069119fcfa8:   0000019a389def80 0000000000000000
0x00000069119fcfb8:   0000019a389da730 0000019a364a3d40
0x00000069119fcfc8:   0000000000001100 0000000000000000
0x00000069119fcfd8:   0000000000000000 00000069119fd150
0x00000069119fcfe8:   00007ffa7c1479c0 0000000000000000
0x00000069119fcff8:   0000000000000000 0000000000000000
0x00000069119fd008:   0000000000000000 0000d8e3f6ca5acb
0x00000069119fd018:   00007ffa7bb06555 0000019a364a3d40
0x00000069119fd028:   0000000000000001 0000000000000000
0x00000069119fd038:   00007ffb07c5b86b 0000000002cd03cc
0x00000069119fd048:   00000000000000b4 0000019a38c68690
0x00000069119fd058:   0000000000000000 0000000000000000 

Instructions: (pc=0x00007ffa7c4aebe3)
0x00007ffa7c4aeae3:   c1 75 31 00 48 89 51 08 48 89 01 8b 44 24 28 89
0x00007ffa7c4aeaf3:   41 20 8b 44 24 30 89 41 24 48 8b c1 4c 89 41 10
0x00007ffa7c4aeb03:   4c 89 49 18 c3 cc cc cc cc cc cc cc cc 48 89 5c
0x00007ffa7c4aeb13:   24 08 8b 41 5c 48 8d 1d e1 14 64 ff 41 89 40 08
0x00007ffa7c4aeb23:   4c 8b d1 8b 41 60 45 33 db 41 89 40 0c 4c 8b ca
0x00007ffa7c4aeb33:   8b 41 64 41 89 40 10 8b 41 68 41 89 40 14 8b 41
0x00007ffa7c4aeb43:   6c 41 89 40 18 8b 41 70 41 89 40 1c 48 63 41 74
0x00007ffa7c4aeb53:   48 6b c8 34 8b 84 19 44 d1 ee 00 41 89 40 20 8b
0x00007ffa7c4aeb63:   84 19 48 d1 ee 00 41 89 40 24 8b 84 19 4c d1 ee
0x00007ffa7c4aeb73:   00 41 89 40 28 8b 84 19 50 d1 ee 00 41 89 40 2c
0x00007ffa7c4aeb83:   8b 84 19 34 d1 ee 00 41 89 40 30 8b 84 19 38 d1
0x00007ffa7c4aeb93:   ee 00 41 89 40 34 8b 84 19 3c d1 ee 00 41 89 40
0x00007ffa7c4aeba3:   38 8b 84 19 40 d1 ee 00 41 89 40 3c 8b 84 19 24
0x00007ffa7c4aebb3:   d1 ee 00 41 89 40 40 8b 84 19 28 d1 ee 00 41 89
0x00007ffa7c4aebc3:   40 44 8b 84 19 2c d1 ee 00 41 89 40 48 8b 84 19
0x00007ffa7c4aebd3:   30 d1 ee 00 41 89 40 4c 49 63 42 78 48 6b c8 34
0x00007ffa7c4aebe3:   8b 84 19 44 d1 ee 00 41 89 40 50 8b 84 19 48 d1
0x00007ffa7c4aebf3:   ee 00 41 89 40 54 8b 84 19 4c d1 ee 00 41 89 40
0x00007ffa7c4aec03:   58 8b 84 19 50 d1 ee 00 41 89 40 5c 8b 84 19 34
0x00007ffa7c4aec13:   d1 ee 00 41 89 40 60 8b 84 19 38 d1 ee 00 41 89
0x00007ffa7c4aec23:   40 64 8b 84 19 3c d1 ee 00 41 89 40 68 8b 84 19
0x00007ffa7c4aec33:   40 d1 ee 00 41 89 40 6c 8b 84 19 24 d1 ee 00 41
0x00007ffa7c4aec43:   89 40 70 8b 84 19 28 d1 ee 00 41 89 40 74 8b 84
0x00007ffa7c4aec53:   19 2c d1 ee 00 41 89 40 78 8b 84 19 30 d1 ee 00
0x00007ffa7c4aec63:   41 89 40 7c 48 8b 42 18 8b 88 38 0b 00 00 f6 c1
0x00007ffa7c4aec73:   08 0f 84 86 00 00 00 8b 80 3c 0b 00 00 41 89 80
0x00007ffa7c4aec83:   80 00 00 00 48 8b 42 18 8b 88 40 0b 00 00 41 89
0x00007ffa7c4aec93:   88 84 00 00 00 48 8b 42 18 8b 88 44 0b 00 00 41
0x00007ffa7c4aeca3:   89 88 88 00 00 00 48 8b 42 18 8b 88 48 0b 00 00
0x00007ffa7c4aecb3:   41 89 88 8c 00 00 00 48 8b 42 18 8b 88 4c 0b 00
0x00007ffa7c4aecc3:   00 41 89 88 90 00 00 00 48 8b 42 18 8b 88 50 0b
0x00007ffa7c4aecd3:   00 00 41 89 88 94 00 00 00 48 8b 42 18 8b 88 54 


Stack slot to memory mapping:
stack at sp + 0 slots: 0x00007ffa7c4ac31b ig9icd64.dll
stack at sp + 1 slots: 0x0000000000000001 is an unknown value
stack at sp + 2 slots: 0x0 is NULL
stack at sp + 3 slots: 0x0000019a364a3d00 points into unknown readable memory: 0x0000000000000000 | 00 00 00 00 00 00 00 00
stack at sp + 4 slots: 0x00007ffaf6782622 igdgmm64.dll
stack at sp + 5 slots: 0x0000006900000065 is an unknown value
stack at sp + 6 slots: 0x00000069119fd1a0 is pointing into the stack for thread: 0x0000019a358d40f0
stack at sp + 7 slots: 0x0 is NULL


---------------  P R O C E S S  ---------------

Threads class SMR info:
_java_thread_list=0x0000019a38e0a750, length=28, elements={
0x0000019a11e6a030, 0x0000019a301f89e0, 0x0000019a303625a0, 0x0000019a301fb9d0,
0x0000019a301fc490, 0x0000019a303952f0, 0x0000019a30395ca0, 0x0000019a30396980,
0x0000019a303bc510, 0x0000019a303deff0, 0x0000019a30472860, 0x0000019a35074c50,
0x0000019a35341260, 0x0000019a35424820, 0x0000019a358d66d0, 0x0000019a358d76c0,
0x0000019a358d40f0, 0x0000019a35f5c3e0, 0x0000019a35ea0540, 0x0000019a35e037a0,
0x0000019a35e01f90, 0x0000019a35e05950, 0x0000019a35e02e00, 0x0000019a35ca50c0,
0x0000019a35c9fef0, 0x0000019a35ca5a60, 0x0000019a38fbf630, 0x0000019a38fbffd0
}

Java Threads: ( => current thread )
  0x0000019a11e6a030 JavaThread "main" [_thread_blocked, id=6548, stack(0x000000690fd00000,0x000000690fe00000)]
  0x0000019a301f89e0 JavaThread "Reference Handler" daemon [_thread_blocked, id=2132, stack(0x0000006910400000,0x0000006910500000)]
  0x0000019a303625a0 JavaThread "Finalizer" daemon [_thread_blocked, id=10056, stack(0x0000006910500000,0x0000006910600000)]
  0x0000019a301fb9d0 JavaThread "Signal Dispatcher" daemon [_thread_blocked, id=13944, stack(0x0000006910600000,0x0000006910700000)]
  0x0000019a301fc490 JavaThread "Attach Listener" daemon [_thread_blocked, id=220, stack(0x0000006910700000,0x0000006910800000)]
  0x0000019a303952f0 JavaThread "Service Thread" daemon [_thread_blocked, id=1472, stack(0x0000006910800000,0x0000006910900000)]
  0x0000019a30395ca0 JavaThread "Monitor Deflation Thread" daemon [_thread_blocked, id=7468, stack(0x0000006910900000,0x0000006910a00000)]
  0x0000019a30396980 JavaThread "C2 CompilerThread0" daemon [_thread_blocked, id=8428, stack(0x0000006910a00000,0x0000006910b00000)]
  0x0000019a303bc510 JavaThread "C1 CompilerThread0" daemon [_thread_blocked, id=12788, stack(0x0000006910b00000,0x0000006910c00000)]
  0x0000019a303deff0 JavaThread "Sweeper thread" daemon [_thread_blocked, id=8516, stack(0x0000006910c00000,0x0000006910d00000)]
  0x0000019a30472860 JavaThread "Common-Cleaner" daemon [_thread_blocked, id=3304, stack(0x0000006910d00000,0x0000006910e00000)]
  0x0000019a35074c50 JavaThread "Monitor Ctrl-Break" daemon [_thread_in_native, id=3244, stack(0x0000006911000000,0x0000006911100000)]
  0x0000019a35341260 JavaThread "Notification Thread" daemon [_thread_blocked, id=15036, stack(0x0000006911100000,0x0000006911200000)]
  0x0000019a35424820 JavaThread "Java2D Disposer" daemon [_thread_blocked, id=15580, stack(0x0000006911600000,0x0000006911700000)]
  0x0000019a358d66d0 JavaThread "AWT-Shutdown" [_thread_blocked, id=7116, stack(0x0000006911700000,0x0000006911800000)]
  0x0000019a358d76c0 JavaThread "AWT-Windows" daemon [_thread_in_native, id=9956, stack(0x0000006911800000,0x0000006911900000)]
=>0x0000019a358d40f0 JavaThread "AWT-EventQueue-0" [_thread_in_native, id=7436, stack(0x0000006911900000,0x0000006911a00000)]
  0x0000019a35f5c3e0 JavaThread "Reference Cleaner" daemon [_thread_blocked, id=12020, stack(0x0000006911a00000,0x0000006911b00000)]
  0x0000019a35ea0540 JavaThread "DefaultDispatcher-worker-1" daemon [_thread_blocked, id=15928, stack(0x0000006911b00000,0x0000006911c00000)]
  0x0000019a35e037a0 JavaThread "DefaultDispatcher-worker-2" daemon [_thread_blocked, id=7640, stack(0x0000006911c00000,0x0000006911d00000)]
  0x0000019a35e01f90 JavaThread "kotlinx.coroutines.DefaultExecutor" daemon [_thread_blocked, id=15748, stack(0x0000006911e00000,0x0000006911f00000)]
  0x0000019a35e05950 JavaThread "TimerQueue" daemon [_thread_blocked, id=1928, stack(0x0000006910f00000,0x0000006911000000)]
  0x0000019a35e02e00 JavaThread "RealmFinalizingDaemon" daemon [_thread_blocked, id=4552, stack(0x0000006912500000,0x0000006912600000)]
  0x0000019a35ca50c0 JavaThread "core-notifier" daemon [_thread_in_native, id=15844, stack(0x0000006912700000,0x0000006912800000)]
  0x0000019a35c9fef0 JavaThread "DefaultDispatcher-worker-3" daemon [_thread_blocked, id=13852, stack(0x0000006912900000,0x0000006912a00000)]
  0x0000019a35ca5a60 JavaThread "DefaultDispatcher-worker-4" daemon [_thread_blocked, id=9828, stack(0x0000006912a00000,0x0000006912b00000)]
  0x0000019a38fbf630 JavaThread "SIGINT handler" daemon [_thread_blocked, id=16072, stack(0x000000690fb00000,0x000000690fc00000)]
  0x0000019a38fbffd0 JavaThread "ToolkitShutdown" daemon [_thread_in_native, id=592, stack(0x0000006910e00000,0x0000006910f00000)]

Other Threads:
  0x0000019a301dbcf0 VMThread "VM Thread" [stack: 0x0000006910300000,0x0000006910400000] [id=9848]
  0x0000019a35341730 WatcherThread [stack: 0x0000006911200000,0x0000006911300000] [id=8228]
  0x0000019a11ed41c0 GCTaskThread "GC Thread#0" [stack: 0x000000690fe00000,0x000000690ff00000] [id=7008]
  0x0000019a35775530 GCTaskThread "GC Thread#1" [stack: 0x0000006911300000,0x0000006911400000] [id=9528]
  0x0000019a354522b0 GCTaskThread "GC Thread#2" [stack: 0x0000006911400000,0x0000006911500000] [id=6420]
  0x0000019a355d5260 GCTaskThread "GC Thread#3" [stack: 0x0000006911500000,0x0000006911600000] [id=8912]
  0x0000019a11ee4e90 ConcurrentGCThread "G1 Main Marker" [stack: 0x000000690ff00000,0x0000006910000000] [id=4752]
  0x0000019a11ee58a0 ConcurrentGCThread "G1 Conc#0" [stack: 0x0000006910000000,0x0000006910100000] [id=13208]
  0x0000019a11f1ec70 ConcurrentGCThread "G1 Refine#0" [stack: 0x0000006910100000,0x0000006910200000] [id=12068]
  0x0000019a30088c40 ConcurrentGCThread "G1 Service" [stack: 0x0000006910200000,0x0000006910300000] [id=8436]

Threads with active compile tasks:

VM state: not at safepoint (normal execution)

VM Mutex/Monitor currently owned by a thread: None

Heap address: 0x0000000702600000, size: 4058 MB, Compressed Oops mode: Zero based, Oop shift amount: 3

CDS archive(s) not mapped
Compressed class space mapped at: 0x0000000800000000-0x0000000840000000, reserved size: 1073741824
Narrow klass base: 0x0000000800000000, Narrow klass shift: 0, Narrow klass range: 0x40000000

GC Precious Log:
 CPUs: 4 total, 4 available
 Memory: 16224M
 Large Page Support: Disabled
 NUMA Support: Disabled
 Compressed Oops: Enabled (Zero based)
 Heap Region Size: 2M
 Heap Min Capacity: 8M
 Heap Initial Capacity: 254M
 Heap Max Capacity: 4058M
 Pre-touch: Disabled
 Parallel Workers: 4
 Concurrent Workers: 1
 Concurrent Refinement Workers: 4
 Periodic GC: Disabled

Heap:
 garbage-first heap   total 49152K, used 31628K [0x0000000702600000, 0x0000000800000000)
  region size 2048K, 5 young (10240K), 0 survivors (0K)
 Metaspace       used 43231K, committed 43520K, reserved 1114112K
  class space    used 4649K, committed 4800K, reserved 1048576K

Heap Regions: E=young(eden), S=young(survivor), O=old, HS=humongous(starts), HC=humongous(continues), CS=collection set, F=free, OA=open archive, CA=closed archive, TAMS=top-at-mark-start (previous, next)
|   0|0x0000000702600000, 0x0000000702800000, 0x0000000702800000|100%|HS|  |TAMS 0x0000000702800000, 0x0000000702600000| Untracked 
|   1|0x0000000702800000, 0x0000000702a00000, 0x0000000702a00000|100%| O|  |TAMS 0x0000000702a00000, 0x0000000702800000| Untracked 
|   2|0x0000000702a00000, 0x0000000702c00000, 0x0000000702c00000|100%| O|  |TAMS 0x0000000702c00000, 0x0000000702a00000| Untracked 
|   3|0x0000000702c00000, 0x0000000702dffff0, 0x0000000702e00000| 99%| O|  |TAMS 0x0000000702dffff0, 0x0000000702c00000| Untracked 
|   4|0x0000000702e00000, 0x0000000702ffffe8, 0x0000000703000000| 99%| O|  |TAMS 0x0000000702ffffe8, 0x0000000702e00000| Untracked 
|   5|0x0000000703000000, 0x0000000703200000, 0x0000000703200000|100%| O|  |TAMS 0x0000000703200000, 0x0000000703000000| Untracked 
|   6|0x0000000703200000, 0x00000007033aa8b8, 0x0000000703400000| 83%| O|  |TAMS 0x0000000703200000, 0x0000000703200000| Untracked 
|   7|0x0000000703400000, 0x00000007035389f0, 0x0000000703600000| 61%| O|  |TAMS 0x0000000703400000, 0x0000000703400000| Untracked 
|   8|0x0000000703600000, 0x0000000703600000, 0x0000000703800000|  0%| F|  |TAMS 0x0000000703600000, 0x0000000703600000| Untracked 
|   9|0x0000000703800000, 0x0000000703800000, 0x0000000703a00000|  0%| F|  |TAMS 0x0000000703800000, 0x0000000703800000| Untracked 
|  10|0x0000000703a00000, 0x0000000703c00000, 0x0000000703c00000|100%|HS|  |TAMS 0x0000000703c00000, 0x0000000703a00000| Untracked 
|  11|0x0000000703c00000, 0x0000000703e00000, 0x0000000703e00000|100%|HC|  |TAMS 0x0000000703e00000, 0x0000000703c00000| Untracked 
|  12|0x0000000703e00000, 0x0000000704000000, 0x0000000704000000|100%|HC|  |TAMS 0x0000000704000000, 0x0000000703e00000| Untracked 
|  13|0x0000000704000000, 0x0000000704200000, 0x0000000704200000|100%|HC|  |TAMS 0x0000000704200000, 0x0000000704000000| Untracked 
|  14|0x0000000704200000, 0x0000000704200000, 0x0000000704400000|  0%| F|  |TAMS 0x0000000704200000, 0x0000000704200000| Untracked 
|  15|0x0000000704400000, 0x0000000704400000, 0x0000000704600000|  0%| F|  |TAMS 0x0000000704400000, 0x0000000704400000| Untracked 
|  16|0x0000000704600000, 0x0000000704600000, 0x0000000704800000|  0%| F|  |TAMS 0x0000000704600000, 0x0000000704600000| Untracked 
|  17|0x0000000704800000, 0x0000000704800000, 0x0000000704a00000|  0%| F|  |TAMS 0x0000000704800000, 0x0000000704800000| Untracked 
|  18|0x0000000704a00000, 0x0000000704a00000, 0x0000000704c00000|  0%| F|  |TAMS 0x0000000704a00000, 0x0000000704a00000| Untracked 
|  19|0x0000000704c00000, 0x0000000704da03e8, 0x0000000704e00000| 81%| E|  |TAMS 0x0000000704c00000, 0x0000000704c00000| Complete 
|  20|0x0000000704e00000, 0x0000000705000000, 0x0000000705000000|100%| E|CS|TAMS 0x0000000704e00000, 0x0000000704e00000| Complete 
| 112|0x0000000710600000, 0x0000000710800000, 0x0000000710800000|100%| E|CS|TAMS 0x0000000710600000, 0x0000000710600000| Complete 
| 113|0x0000000710800000, 0x0000000710a00000, 0x0000000710a00000|100%| E|CS|TAMS 0x0000000710800000, 0x0000000710800000| Complete 
| 126|0x0000000712200000, 0x0000000712400000, 0x0000000712400000|100%| E|CS|TAMS 0x0000000712200000, 0x0000000712200000| Complete 

Card table byte_map: [0x0000019a24e10000,0x0000019a25600000] _byte_map_base: 0x0000019a215fd000

Marking Bits (Prev, Next): (CMBitMap*) 0x0000019a11ed4810, (CMBitMap*) 0x0000019a11ed47d0
 Prev Bits: [0x0000019a29d60000, 0x0000019a2dcc8000)
 Next Bits: [0x0000019a25df0000, 0x0000019a29d58000)

Polling page: 0x0000019a11620000

Metaspace:

Usage:
  Non-class:     37.68 MB used.
      Class:      4.54 MB used.
       Both:     42.22 MB used.

Virtual space:
  Non-class space:       64.00 MB reserved,      37.81 MB ( 59%) committed,  1 nodes.
      Class space:        1.00 GB reserved,       4.69 MB ( <1%) committed,  1 nodes.
             Both:        1.06 GB reserved,      42.50 MB (  4%) committed. 

Chunk freelists:
   Non-Class:  9.73 MB
       Class:  11.28 MB
        Both:  21.02 MB

MaxMetaspaceSize: unlimited
CompressedClassSpaceSize: 1.00 GB
Initial GC threshold: 21.00 MB
Current GC threshold: 70.62 MB
CDS: off
MetaspaceReclaimPolicy: balanced
 - commit_granule_bytes: 65536.
 - commit_granule_words: 8192.
 - virtual_space_node_default_size: 8388608.
 - enlarge_chunks_in_place: 1.
 - new_chunks_are_fully_committed: 0.
 - uncommit_free_chunks: 1.
 - use_allocation_guard: 0.
 - handle_deallocations: 1.


Internal statistics:

num_allocs_failed_limit: 6.
num_arena_births: 226.
num_arena_deaths: 0.
num_vsnodes_births: 2.
num_vsnodes_deaths: 0.
num_space_committed: 680.
num_space_uncommitted: 0.
num_chunks_returned_to_freelist: 6.
num_chunks_taken_from_freelist: 1112.
num_chunk_merges: 3.
num_chunk_splits: 963.
num_chunks_enlarged: 880.
num_inconsistent_stats: 0.

CodeHeap 'non-profiled nmethods': size=120000Kb used=3659Kb max_used=3659Kb free=116340Kb
 bounds [0x0000019a1d0f0000, 0x0000019a1d490000, 0x0000019a24620000]
CodeHeap 'profiled nmethods': size=120000Kb used=8296Kb max_used=9509Kb free=111704Kb
 bounds [0x0000019a15620000, 0x0000019a15f70000, 0x0000019a1cb50000]
CodeHeap 'non-nmethods': size=5760Kb used=1844Kb max_used=1919Kb free=3916Kb
 bounds [0x0000019a1cb50000, 0x0000019a1cdc0000, 0x0000019a1d0f0000]
 total_blobs=5998 nmethods=4680 adapters=1230
 compilation: enabled
              stopped_count=0, restarted_count=0
 full_count=0

Compilation events (20 events):
Event: 91.086 Thread 0x0000019a30396980 5427       4       kotlinx.coroutines.CompletedContinuation::<init> (52 bytes)
Event: 91.091 Thread 0x0000019a30396980 nmethod 5427 0x0000019a1d477290 code [0x0000019a1d477400, 0x0000019a1d477a18]
Event: 91.469 Thread 0x0000019a30396980 5428   !   4       org.jetbrains.skia.PictureRecorder::finishRecordingAsPicture (38 bytes)
Event: 91.471 Thread 0x0000019a30396980 nmethod 5428 0x0000019a1d477a90 code [0x0000019a1d477c20, 0x0000019a1d477d98]
Event: 91.669 Thread 0x0000019a30396980 5429   !   4       org.jetbrains.skia.PictureRecorder::beginRecording (62 bytes)
Event: 91.672 Thread 0x0000019a30396980 nmethod 5429 0x0000019a1d477f10 code [0x0000019a1d4780a0, 0x0000019a1d478338]
Event: 92.135 Thread 0x0000019a303bc510 5430       3       kotlinx.coroutines.scheduling.CoroutineScheduler$Worker::tryPark (114 bytes)
Event: 92.135 Thread 0x0000019a303bc510 nmethod 5430 0x0000019a15b59190 code [0x0000019a15b593c0, 0x0000019a15b59ab8]
Event: 92.687 Thread 0x0000019a303bc510 5431       3       kotlinx.coroutines.scheduling.CoroutineScheduler::tryUnpark (35 bytes)
Event: 92.687 Thread 0x0000019a303bc510 nmethod 5431 0x0000019a15b58990 code [0x0000019a15b58b60, 0x0000019a15b58f08]
Event: 94.453 Thread 0x0000019a30396980 5432       4       kotlin.sequences.SequenceBuilderIterator::yield (47 bytes)
Event: 94.455 Thread 0x0000019a30396980 nmethod 5432 0x0000019a1d478510 code [0x0000019a1d478680, 0x0000019a1d4788f8]
Event: 94.900 Thread 0x0000019a30396980 5433       4       androidx.compose.runtime.snapshots.SnapshotKt$advanceGlobalSnapshot$3::invoke (12 bytes)
Event: 94.901 Thread 0x0000019a30396980 nmethod 5433 0x0000019a1d478a10 code [0x0000019a1d478ba0, 0x0000019a1d478c58]
Event: 95.132 Thread 0x0000019a30396980 5434       4       androidx.compose.material.ButtonKt::Button (1209 bytes)
Event: 95.301 Thread 0x0000019a30396980 nmethod 5434 0x0000019a1d478d10 code [0x0000019a1d479260, 0x0000019a1d47e450]
Event: 96.734 Thread 0x0000019a30396980 5435       4       kotlinx.coroutines.JobSupport::getChildren (16 bytes)
Event: 96.736 Thread 0x0000019a30396980 nmethod 5435 0x0000019a1d482310 code [0x0000019a1d4824a0, 0x0000019a1d4825f8]
Event: 96.748 Thread 0x0000019a30396980 5436   !   4       androidx.compose.runtime.Recomposer$runRecomposeAndApplyChanges$2::invokeSuspend$fillToInsert (119 bytes)
Event: 96.753 Thread 0x0000019a30396980 nmethod 5436 0x0000019a1d482710 code [0x0000019a1d4828a0, 0x0000019a1d482c58]

GC Heap History (20 events):
Event: 39.482 GC heap before
{Heap before GC invocations=19 (full 1):
 garbage-first heap   total 49152K, used 37715K [0x0000000702600000, 0x0000000800000000)
  region size 2048K, 7 young (14336K), 0 survivors (0K)
 Metaspace       used 42850K, committed 43136K, reserved 1114112K
  class space    used 4640K, committed 4800K, reserved 1048576K
}
Event: 39.483 GC heap after
{Heap after GC invocations=20 (full 1):
 garbage-first heap   total 49152K, used 23414K [0x0000000702600000, 0x0000000800000000)
  region size 2048K, 1 young (2048K), 1 survivors (2048K)
 Metaspace       used 42850K, committed 43136K, reserved 1114112K
  class space    used 4640K, committed 4800K, reserved 1048576K
}
Event: 44.627 GC heap before
{Heap before GC invocations=21 (full 1):
 garbage-first heap   total 49152K, used 35702K [0x0000000702600000, 0x0000000800000000)
  region size 2048K, 7 young (14336K), 1 survivors (2048K)
 Metaspace       used 43093K, committed 43392K, reserved 1114112K
  class space    used 4642K, committed 4800K, reserved 1048576K
}
Event: 44.628 GC heap after
{Heap after GC invocations=22 (full 1):
 garbage-first heap   total 49152K, used 23440K [0x0000000702600000, 0x0000000800000000)
  region size 2048K, 1 young (2048K), 1 survivors (2048K)
 Metaspace       used 43093K, committed 43392K, reserved 1114112K
  class space    used 4642K, committed 4800K, reserved 1048576K
}
Event: 45.734 GC heap before
{Heap before GC invocations=22 (full 1):
 garbage-first heap   total 49152K, used 25488K [0x0000000702600000, 0x0000000800000000)
  region size 2048K, 2 young (4096K), 1 survivors (2048K)
 Metaspace       used 43093K, committed 43392K, reserved 1114112K
  class space    used 4642K, committed 4800K, reserved 1048576K
}
Event: 45.739 GC heap after
{Heap after GC invocations=23 (full 1):
 garbage-first heap   total 49152K, used 23456K [0x0000000702600000, 0x0000000800000000)
  region size 2048K, 1 young (2048K), 1 survivors (2048K)
 Metaspace       used 43093K, committed 43392K, reserved 1114112K
  class space    used 4642K, committed 4800K, reserved 1048576K
}
Event: 52.337 GC heap before
{Heap before GC invocations=23 (full 1):
 garbage-first heap   total 49152K, used 35744K [0x0000000702600000, 0x0000000800000000)
  region size 2048K, 7 young (14336K), 1 survivors (2048K)
 Metaspace       used 43121K, committed 43392K, reserved 1114112K
  class space    used 4643K, committed 4800K, reserved 1048576K
}
Event: 52.338 GC heap after
{Heap after GC invocations=24 (full 1):
 garbage-first heap   total 49152K, used 23580K [0x0000000702600000, 0x0000000800000000)
  region size 2048K, 1 young (2048K), 1 survivors (2048K)
 Metaspace       used 43121K, committed 43392K, reserved 1114112K
  class space    used 4643K, committed 4800K, reserved 1048576K
}
Event: 60.596 GC heap before
{Heap before GC invocations=25 (full 1):
 garbage-first heap   total 49152K, used 37916K [0x0000000702600000, 0x0000000800000000)
  region size 2048K, 8 young (16384K), 1 survivors (2048K)
 Metaspace       used 43121K, committed 43392K, reserved 1114112K
  class space    used 4643K, committed 4800K, reserved 1048576K
}
Event: 60.598 GC heap after
{Heap after GC invocations=26 (full 1):
 garbage-first heap   total 49152K, used 23592K [0x0000000702600000, 0x0000000800000000)
  region size 2048K, 1 young (2048K), 1 survivors (2048K)
 Metaspace       used 43121K, committed 43392K, reserved 1114112K
  class space    used 4643K, committed 4800K, reserved 1048576K
}
Event: 61.569 GC heap before
{Heap before GC invocations=26 (full 1):
 garbage-first heap   total 49152K, used 23592K [0x0000000702600000, 0x0000000800000000)
  region size 2048K, 2 young (4096K), 1 survivors (2048K)
 Metaspace       used 43121K, committed 43392K, reserved 1114112K
  class space    used 4643K, committed 4800K, reserved 1048576K
}
Event: 61.598 GC heap after
{Heap after GC invocations=27 (full 2):
 garbage-first heap   total 49152K, used 23433K [0x0000000702600000, 0x0000000800000000)
  region size 2048K, 0 young (0K), 0 survivors (0K)
 Metaspace       used 43121K, committed 43392K, reserved 1114112K
  class space    used 4643K, committed 4800K, reserved 1048576K
}
Event: 70.687 GC heap before
{Heap before GC invocations=27 (full 2):
 garbage-first heap   total 49152K, used 39817K [0x0000000702600000, 0x0000000800000000)
  region size 2048K, 8 young (16384K), 0 survivors (0K)
 Metaspace       used 43133K, committed 43392K, reserved 1114112K
  class space    used 4643K, committed 4800K, reserved 1048576K
}
Event: 70.688 GC heap after
{Heap after GC invocations=28 (full 2):
 garbage-first heap   total 49152K, used 23467K [0x0000000702600000, 0x0000000800000000)
  region size 2048K, 1 young (2048K), 1 survivors (2048K)
 Metaspace       used 43133K, committed 43392K, reserved 1114112K
  class space    used 4643K, committed 4800K, reserved 1048576K
}
Event: 78.752 GC heap before
{Heap before GC invocations=29 (full 2):
 garbage-first heap   total 49152K, used 37803K [0x0000000702600000, 0x0000000800000000)
  region size 2048K, 8 young (16384K), 1 survivors (2048K)
 Metaspace       used 43157K, committed 43456K, reserved 1114112K
  class space    used 4644K, committed 4800K, reserved 1048576K
}
Event: 78.753 GC heap after
{Heap after GC invocations=30 (full 2):
 garbage-first heap   total 49152K, used 23450K [0x0000000702600000, 0x0000000800000000)
  region size 2048K, 1 young (2048K), 1 survivors (2048K)
 Metaspace       used 43157K, committed 43456K, reserved 1114112K
  class space    used 4644K, committed 4800K, reserved 1048576K
}
Event: 86.611 GC heap before
{Heap before GC invocations=30 (full 2):
 garbage-first heap   total 49152K, used 37786K [0x0000000702600000, 0x0000000800000000)
  region size 2048K, 8 young (16384K), 1 survivors (2048K)
 Metaspace       used 43158K, committed 43456K, reserved 1114112K
  class space    used 4644K, committed 4800K, reserved 1048576K
}
Event: 86.612 GC heap after
{Heap after GC invocations=31 (full 2):
 garbage-first heap   total 49152K, used 23457K [0x0000000702600000, 0x0000000800000000)
  region size 2048K, 1 young (2048K), 1 survivors (2048K)
 Metaspace       used 43158K, committed 43456K, reserved 1114112K
  class space    used 4644K, committed 4800K, reserved 1048576K
}
Event: 91.611 GC heap before
{Heap before GC invocations=32 (full 2):
 garbage-first heap   total 49152K, used 31649K [0x0000000702600000, 0x0000000800000000)
  region size 2048K, 6 young (12288K), 1 survivors (2048K)
 Metaspace       used 43208K, committed 43456K, reserved 1114112K
  class space    used 4646K, committed 4800K, reserved 1048576K
}
Event: 91.637 GC heap after
{Heap after GC invocations=33 (full 3):
 garbage-first heap   total 49152K, used 23436K [0x0000000702600000, 0x0000000800000000)
  region size 2048K, 0 young (0K), 0 survivors (0K)
 Metaspace       used 43208K, committed 43456K, reserved 1114112K
  class space    used 4646K, committed 4800K, reserved 1048576K
}

Dll operation events (3 events):
Event: 0.021 Loaded shared library C:\Users\HP\.jdks\jbr-17.0.7-1\bin\java.dll
Event: 0.061 Loaded shared library C:\Users\HP\.jdks\jbr-17.0.7-1\bin\jsvml.dll
Event: 0.289 Loaded shared library C:\Users\HP\.jdks\jbr-17.0.7-1\bin\zip.dll

Deoptimization events (20 events):
Event: 91.610 Thread 0x0000019a35e037a0 Uncommon trap: trap_request=0xffffff45 fr.pc=0x0000019a1d0fea9c relative=0x000000000000053c
Event: 91.610 Thread 0x0000019a35e037a0 Uncommon trap: reason=unstable_if action=reinterpret pc=0x0000019a1d0fea9c method=kotlinx.coroutines.scheduling.CoroutineScheduler$Worker.park()V @ 44 c2
Event: 91.610 Thread 0x0000019a35e037a0 DEOPT PACKING pc=0x0000019a1d0fea9c sp=0x0000006911cff030
Event: 91.610 Thread 0x0000019a35e037a0 DEOPT UNPACKING pc=0x0000019a1cba69a3 sp=0x0000006911cfefa8 mode 2
Event: 96.815 Thread 0x0000019a38fc04a0 Uncommon trap: trap_request=0xffffff5c fr.pc=0x0000019a1d458f80 relative=0x0000000000000300
Event: 96.815 Thread 0x0000019a38fc04a0 Uncommon trap: reason=speculate_null_check action=make_not_entrant pc=0x0000019a1d458f80 method=java.util.concurrent.locks.AbstractQueuedSynchronizer.enqueue(Ljava/util/concurrent/locks/AbstractQueuedSynchronizer$Node;)V @ 15 c2
Event: 96.816 Thread 0x0000019a38fc04a0 DEOPT PACKING pc=0x0000019a1d458f80 sp=0x0000006911dfe240
Event: 96.816 Thread 0x0000019a38fc04a0 DEOPT UNPACKING pc=0x0000019a1cba69a3 sp=0x0000006911dfe1f8 mode 2
Event: 96.816 Thread 0x0000019a38fc04a0 Uncommon trap: trap_request=0xffffffde fr.pc=0x0000019a1d37d760 relative=0x0000000000000060
Event: 96.816 Thread 0x0000019a38fc04a0 Uncommon trap: reason=class_check action=maybe_recompile pc=0x0000019a1d37d760 method=kotlinx.coroutines.AbstractCoroutine.afterResume(Ljava/lang/Object;)V @ 2 c2
Event: 96.816 Thread 0x0000019a38fc04a0 DEOPT PACKING pc=0x0000019a1d37d760 sp=0x0000006911dfe8a0
Event: 96.816 Thread 0x0000019a38fc04a0 DEOPT UNPACKING pc=0x0000019a1cba69a3 sp=0x0000006911dfe828 mode 2
Event: 96.816 Thread 0x0000019a38fc04a0 Uncommon trap: trap_request=0xffffffc6 fr.pc=0x0000019a1d401e24 relative=0x0000000000000104
Event: 96.816 Thread 0x0000019a38fc04a0 Uncommon trap: reason=bimorphic_or_optimized_type_check action=maybe_recompile pc=0x0000019a1d401e24 method=kotlinx.coroutines.DispatchedTaskKt.dispatch(Lkotlinx/coroutines/DispatchedTask;I)V @ 91 c2
Event: 96.816 Thread 0x0000019a38fc04a0 DEOPT PACKING pc=0x0000019a1d401e24 sp=0x0000006911dfe240
Event: 96.816 Thread 0x0000019a38fc04a0 DEOPT UNPACKING pc=0x0000019a1cba69a3 sp=0x0000006911dfe208 mode 2
Event: 96.816 Thread 0x0000019a35ca5590 Uncommon trap: trap_request=0xffffff45 fr.pc=0x0000019a1d337be8 relative=0x0000000000000888
Event: 96.816 Thread 0x0000019a35ca5590 Uncommon trap: reason=unstable_if action=reinterpret pc=0x0000019a1d337be8 method=kotlinx.coroutines.CancellableContinuationImpl.getExceptionalResult$kotlinx_coroutines_core(Ljava/lang/Object;)Ljava/lang/Throwable; @ 6 c2
Event: 96.817 Thread 0x0000019a35ca5590 DEOPT PACKING pc=0x0000019a1d337be8 sp=0x00000069128ff2c0
Event: 96.817 Thread 0x0000019a35ca5590 DEOPT UNPACKING pc=0x0000019a1cba69a3 sp=0x00000069128ff190 mode 2

Classes unloaded (0 events):
No events

Classes redefined (0 events):
No events

Internal exceptions (20 events):
Event: 1.848 Thread 0x0000019a358d40f0 Exception <a 'java/lang/NoSuchMethodError'{0x0000000710b18928}: 'java.lang.Object java.lang.invoke.DirectMethodHandle$Holder.newInvokeSpecial(java.lang.Object, java.lang.Object, int, int)'> (0x0000000710b18928) 
thrown [s\src\hotspot\share\interpreter\linkResolver.cpp, line 771]
Event: 1.852 Thread 0x0000019a358d40f0 Exception <a 'java/lang/NoSuchMethodError'{0x0000000710b29d78}: 'java.lang.Object java.lang.invoke.DirectMethodHandle$Holder.newInvokeSpecial(java.lang.Object, java.lang.Object, int, int, int, int)'> (0x0000000710b29d78) 
thrown [s\src\hotspot\share\interpreter\linkResolver.cpp, line 771]
Event: 1.874 Thread 0x0000019a358d76c0 Exception <a 'java/lang/NoSuchMethodError'{0x0000000712208500}: 'void java.lang.invoke.DirectMethodHandle$Holder.invokeVirtual(java.lang.Object, java.lang.Object)'> (0x0000000712208500) 
thrown [s\src\hotspot\share\interpreter\linkResolver.cpp, line 771]
Event: 1.976 Thread 0x0000019a358d40f0 Exception <a 'java/lang/NoSuchMethodError'{0x0000000704edb950}: 'java.lang.Object java.lang.invoke.DirectMethodHandle$Holder.invokeStaticInit(java.lang.Object, java.lang.Object, java.lang.Object, java.lang.Object, java.lang.Object, java.lang.Object, java.lang.Object)'> (0x0000000704edb950) 
thrown [s\src\hotspot\share\interpreter\linkResolver.cpp, line 771]
Event: 1.977 Thread 0x0000019a358d40f0 Exception <a 'java/lang/NoSuchMethodError'{0x0000000704ee5230}: 'java.lang.Object java.lang.invoke.DirectMethodHandle$Holder.invokeSpecial(java.lang.Object, java.lang.Object, java.lang.Object, java.lang.Object, java.lang.Object, java.lang.Object, java.lang.Object, java.lang.Object, java.lang.Object, java.lang.Object)'> (0x0000000704ee5230) 
thrown [s\src\hotspot\share\interpreter\linkResolver.cpp, line 771]
Event: 1.977 Thread 0x0000019a358d40f0 Exception <a 'java/lang/NoSuchMethodError'{0x0000000704ee9ac0}: 'java.lang.Object java.lang.invoke.Invokers$Holder.invoke_MT(java.lang.Object, java.lang.Object, java.lang.Object, java.lang.Object, java.lang.Object, java.lang.Object, java.lang.Object, java.lang.Object, java.lang.Object, java.lang.Object)'> (0x0000000704ee9ac0) 
thrown [s\src\hotspot\share\interpreter\linkResolver.cpp, line 771]
Event: 1.978 Thread 0x0000019a358d40f0 Exception <a 'java/lang/NoSuchMethodError'{0x0000000704ef0208}: 'java.lang.Object java.lang.invoke.DirectMethodHandle$Holder.invokeStatic(java.lang.Object, java.lang.Object, int)'> (0x0000000704ef0208) 
thrown [s\src\hotspot\share\interpreter\linkResolver.cpp, line 771]
Event: 1.981 Thread 0x0000019a358d40f0 Exception <a 'java/lang/NoSuchMethodError'{0x0000000704f02d70}: 'void java.lang.invoke.DelegatingMethodHandle$Holder.delegate(java.lang.Object, java.lang.Object, int, java.lang.Object)'> (0x0000000704f02d70) 
thrown [s\src\hotspot\share\interpreter\linkResolver.cpp, line 771]
Event: 1.981 Thread 0x0000019a358d40f0 Exception <a 'java/lang/NoSuchMethodError'{0x0000000704f07530}: 'int java.lang.invoke.DirectMethodHandle$Holder.invokeSpecial(java.lang.Object, java.lang.Object, java.lang.Object)'> (0x0000000704f07530) 
thrown [s\src\hotspot\share\interpreter\linkResolver.cpp, line 771]
Event: 1.985 Thread 0x0000019a358d40f0 Exception <a 'java/lang/NoSuchMethodError'{0x0000000704f27b78}: 'int java.lang.invoke.DirectMethodHandle$Holder.invokeVirtual(java.lang.Object, java.lang.Object, java.lang.Object)'> (0x0000000704f27b78) 
thrown [s\src\hotspot\share\interpreter\linkResolver.cpp, line 771]
Event: 1.986 Thread 0x0000019a358d40f0 Exception <a 'java/lang/NoSuchMethodError'{0x0000000704f2b9b0}: 'int java.lang.invoke.DirectMethodHandle$Holder.invokeVirtual(java.lang.Object, java.lang.Object)'> (0x0000000704f2b9b0) 
thrown [s\src\hotspot\share\interpreter\linkResolver.cpp, line 771]
Event: 1.986 Thread 0x0000019a358d40f0 Exception <a 'java/lang/NoSuchMethodError'{0x0000000704f301a8}: 'int java.lang.invoke.DirectMethodHandle$Holder.invokeStaticInit(java.lang.Object, java.lang.Object, java.lang.Object)'> (0x0000000704f301a8) 
thrown [s\src\hotspot\share\interpreter\linkResolver.cpp, line 771]
Event: 1.987 Thread 0x0000019a358d40f0 Exception <a 'java/lang/NoSuchMethodError'{0x0000000704f34030}: 'int java.lang.invoke.DirectMethodHandle$Holder.invokeStaticInit(java.lang.Object, int, int)'> (0x0000000704f34030) 
thrown [s\src\hotspot\share\interpreter\linkResolver.cpp, line 771]
Event: 1.988 Thread 0x0000019a358d40f0 Exception <a 'java/lang/NoSuchMethodError'{0x0000000704f3be68}: 'int java.lang.invoke.DirectMethodHandle$Holder.invokeStaticInit(java.lang.Object, long, long)'> (0x0000000704f3be68) 
thrown [s\src\hotspot\share\interpreter\linkResolver.cpp, line 771]
Event: 1.988 Thread 0x0000019a358d40f0 Exception <a 'java/lang/NoSuchMethodError'{0x0000000704f43208}: 'int java.lang.invoke.DirectMethodHandle$Holder.invokeStaticInit(java.lang.Object, float, float)'> (0x0000000704f43208) 
thrown [s\src\hotspot\share\interpreter\linkResolver.cpp, line 771]
Event: 1.989 Thread 0x0000019a358d40f0 Exception <a 'java/lang/NoSuchMethodError'{0x0000000704f4a5b0}: 'int java.lang.invoke.DirectMethodHandle$Holder.invokeStaticInit(java.lang.Object, double, double)'> (0x0000000704f4a5b0) 
thrown [s\src\hotspot\share\interpreter\linkResolver.cpp, line 771]
Event: 1.990 Thread 0x0000019a358d40f0 Exception <a 'java/lang/NoSuchMethodError'{0x0000000704f4f108}: 'int java.lang.invoke.DirectMethodHandle$Holder.invokeStatic(java.lang.Object, long)'> (0x0000000704f4f108) 
thrown [s\src\hotspot\share\interpreter\linkResolver.cpp, line 771]
Event: 1.995 Thread 0x0000019a358d40f0 Exception <a 'java/lang/NoSuchMethodError'{0x0000000704f73850}: 'int java.lang.invoke.Invokers$Holder.linkToTargetMethod(java.lang.Object, java.lang.Object)'> (0x0000000704f73850) 
thrown [s\src\hotspot\share\interpreter\linkResolver.cpp, line 771]
Event: 5.359 Thread 0x0000019a358d40f0 Exception <a 'java/lang/NoSuchMethodError'{0x0000000710814b08}: 'java.lang.Object java.lang.invoke.DirectMethodHandle$Holder.newInvokeSpecial(java.lang.Object, int, java.lang.Object)'> (0x0000000710814b08) 
thrown [s\src\hotspot\share\interpreter\linkResolver.cpp, line 771]
Event: 42.296 Thread 0x0000019a358d40f0 Implicit null exception at 0x0000019a1d11d92b to 0x0000019a1d11ea40

VM Operations (20 events):
Event: 78.752 Executing VM operation: G1CollectForAllocation
Event: 78.753 Executing VM operation: G1CollectForAllocation done
Event: 79.765 Executing VM operation: Cleanup
Event: 79.765 Executing VM operation: Cleanup done
Event: 86.611 Executing VM operation: G1CollectForAllocation
Event: 86.612 Executing VM operation: G1CollectForAllocation done
Event: 86.631 Executing VM operation: G1Concurrent
Event: 86.634 Executing VM operation: G1Concurrent done
Event: 86.642 Executing VM operation: G1Concurrent
Event: 86.642 Executing VM operation: G1Concurrent done
Event: 87.245 Executing VM operation: HandshakeAllThreads
Event: 87.245 Executing VM operation: HandshakeAllThreads done
Event: 88.255 Executing VM operation: Cleanup
Event: 88.255 Executing VM operation: Cleanup done
Event: 89.258 Executing VM operation: Cleanup
Event: 89.258 Executing VM operation: Cleanup done
Event: 90.262 Executing VM operation: Cleanup
Event: 90.262 Executing VM operation: Cleanup done
Event: 91.610 Executing VM operation: G1CollectFull
Event: 91.637 Executing VM operation: G1CollectFull done

Events (20 events):
Event: 24.708 Thread 0x0000019a303deff0 flushing nmethod 0x0000019a15e19d90
Event: 24.708 Thread 0x0000019a303deff0 flushing nmethod 0x0000019a15e1b290
Event: 24.708 Thread 0x0000019a303deff0 flushing nmethod 0x0000019a15e68c10
Event: 24.708 Thread 0x0000019a303deff0 flushing nmethod 0x0000019a15e7db90
Event: 24.708 Thread 0x0000019a303deff0 flushing nmethod 0x0000019a15e86710
Event: 24.708 Thread 0x0000019a303deff0 flushing nmethod 0x0000019a15e86a90
Event: 24.708 Thread 0x0000019a303deff0 flushing nmethod 0x0000019a15eba910
Event: 24.708 Thread 0x0000019a303deff0 flushing nmethod 0x0000019a15f1c510
Event: 24.708 Thread 0x0000019a303deff0 flushing nmethod 0x0000019a15f34f10
Event: 24.708 Thread 0x0000019a303deff0 flushing nmethod 0x0000019a15f44610
Event: 24.708 Thread 0x0000019a303deff0 flushing nmethod 0x0000019a15f61110
Event: 65.646 Thread 0x0000019a35ca5f30 Thread exited: 0x0000019a35ca5f30
Event: 65.646 Thread 0x0000019a35e04ae0 Thread exited: 0x0000019a35e04ae0
Event: 96.810 loading class jdk/internal/misc/Signal$1
Event: 96.810 loading class jdk/internal/misc/Signal$1 done
Event: 96.811 Thread 0x0000019a38fbf630 Thread added: 0x0000019a38fbf630
Event: 96.811 Thread 0x0000019a38fbec90 Thread added: 0x0000019a38fbec90
Event: 96.811 Thread 0x0000019a38fbffd0 Thread added: 0x0000019a38fbffd0
Event: 96.811 Thread 0x0000019a38fc04a0 Thread added: 0x0000019a38fc04a0
Event: 96.812 Thread 0x0000019a38fbec90 Thread exited: 0x0000019a38fbec90


Dynamic libraries:
0x00007ff762bd0000 - 0x00007ff762bda000 	C:\Users\HP\.jdks\jbr-17.0.7-1\bin\java.exe
0x00007ffb07c30000 - 0x00007ffb07e28000 	C:\Windows\SYSTEM32\ntdll.dll
0x00007ffb07050000 - 0x00007ffb0710f000 	C:\Windows\System32\KERNEL32.DLL
0x00007ffb056e0000 - 0x00007ffb059d6000 	C:\Windows\System32\KERNELBASE.dll
0x00007ffb055e0000 - 0x00007ffb056e0000 	C:\Windows\System32\ucrtbase.dll
0x00007ffad9850000 - 0x00007ffad9867000 	C:\Users\HP\.jdks\jbr-17.0.7-1\bin\jli.dll
0x00007ffadbca0000 - 0x00007ffadbcbb000 	C:\Users\HP\.jdks\jbr-17.0.7-1\bin\VCRUNTIME140.dll
0x00007ffb075e0000 - 0x00007ffb0777d000 	C:\Windows\System32\USER32.dll
0x00007ffb059e0000 - 0x00007ffb05a02000 	C:\Windows\System32\win32u.dll
0x00007ffaee100000 - 0x00007ffaee39a000 	C:\Windows\WinSxS\amd64_microsoft.windows.common-controls_6595b64144ccf1df_6.0.19041.1110_none_60b5254171f9507e\COMCTL32.dll
0x00007ffb073c0000 - 0x00007ffb0745e000 	C:\Windows\System32\msvcrt.dll
0x00007ffb05c90000 - 0x00007ffb05cbc000 	C:\Windows\System32\GDI32.dll
0x00007ffb05b70000 - 0x00007ffb05c85000 	C:\Windows\System32\gdi32full.dll
0x00007ffb05540000 - 0x00007ffb055dd000 	C:\Windows\System32\msvcp_win.dll
0x00007ffb06900000 - 0x00007ffb06930000 	C:\Windows\System32\IMM32.DLL
0x00007ffafd350000 - 0x00007ffafd35c000 	C:\Users\HP\.jdks\jbr-17.0.7-1\bin\vcruntime140_1.dll
0x00007ffad13e0000 - 0x00007ffad146d000 	C:\Users\HP\.jdks\jbr-17.0.7-1\bin\msvcp140.dll
0x00007ffad0760000 - 0x00007ffad13e0000 	C:\Users\HP\.jdks\jbr-17.0.7-1\bin\server\jvm.dll
0x00007ffb05df0000 - 0x00007ffb05e9f000 	C:\Windows\System32\ADVAPI32.dll
0x00007ffb07110000 - 0x00007ffb071ac000 	C:\Windows\System32\sechost.dll
0x00007ffb06080000 - 0x00007ffb061a6000 	C:\Windows\System32\RPCRT4.dll
0x00007ffaeee70000 - 0x00007ffaeee79000 	C:\Windows\SYSTEM32\WSOCK32.dll
0x00007ffb069c0000 - 0x00007ffb06a2b000 	C:\Windows\System32\WS2_32.dll
0x00007ffaec5c0000 - 0x00007ffaec5e7000 	C:\Windows\SYSTEM32\WINMM.dll
0x00007ffafadf0000 - 0x00007ffafadfa000 	C:\Windows\SYSTEM32\VERSION.dll
0x00007ffb03b00000 - 0x00007ffb03b12000 	C:\Windows\SYSTEM32\kernel.appcore.dll
0x00007ffafd260000 - 0x00007ffafd26a000 	C:\Users\HP\.jdks\jbr-17.0.7-1\bin\jimage.dll
0x00007ffb00020000 - 0x00007ffb00204000 	C:\Windows\SYSTEM32\DBGHELP.DLL
0x00007ffaeec60000 - 0x00007ffaeec94000 	C:\Windows\SYSTEM32\dbgcore.DLL
0x00007ffb054b0000 - 0x00007ffb05532000 	C:\Windows\System32\bcryptPrimitives.dll
0x00007ffafd370000 - 0x00007ffafd37e000 	C:\Users\HP\.jdks\jbr-17.0.7-1\bin\instrument.dll
0x00007ffad9820000 - 0x00007ffad9845000 	C:\Users\HP\.jdks\jbr-17.0.7-1\bin\java.dll
0x00007ffad72e0000 - 0x00007ffad72f8000 	C:\Users\HP\.jdks\jbr-17.0.7-1\bin\zip.dll
0x00007ffad0680000 - 0x00007ffad0757000 	C:\Users\HP\.jdks\jbr-17.0.7-1\bin\jsvml.dll
0x00007ffb061b0000 - 0x00007ffb068f4000 	C:\Windows\System32\SHELL32.dll
0x00007ffb00210000 - 0x00007ffb009a4000 	C:\Windows\SYSTEM32\windows.storage.dll
0x00007ffb06b80000 - 0x00007ffb06ed4000 	C:\Windows\System32\combase.dll
0x00007ffb04b90000 - 0x00007ffb04bbe000 	C:\Windows\SYSTEM32\Wldp.dll
0x00007ffb06ef0000 - 0x00007ffb06f9d000 	C:\Windows\System32\SHCORE.dll
0x00007ffb07580000 - 0x00007ffb075d5000 	C:\Windows\System32\shlwapi.dll
0x00007ffb05240000 - 0x00007ffb05265000 	C:\Windows\SYSTEM32\profapi.dll
0x00007ffad6a10000 - 0x00007ffad6a29000 	C:\Users\HP\.jdks\jbr-17.0.7-1\bin\net.dll
0x00007ffaf65e0000 - 0x00007ffaf66ea000 	C:\Windows\SYSTEM32\WINHTTP.dll
0x00007ffb04970000 - 0x00007ffb049da000 	C:\Windows\system32\mswsock.dll
0x00007ffad0660000 - 0x00007ffad0676000 	C:\Users\HP\.jdks\jbr-17.0.7-1\bin\nio.dll
0x00007ffaf9440000 - 0x00007ffaf945a000 	C:\Program Files\JetBrains\IntelliJ IDEA Community Edition 2021.3.2\bin\breakgen64.dll
0x00007ffa9ca00000 - 0x00007ffa9cb98000 	C:\Users\HP\.jdks\jbr-17.0.7-1\bin\awt.dll
0x00007ffb05d20000 - 0x00007ffb05ded000 	C:\Windows\System32\OLEAUT32.dll
0x00007ffadbd10000 - 0x00007ffadbd54000 	C:\Users\HP\.jdks\jbr-17.0.7-1\bin\nvdaControllerClient64.dll
0x00007ffaff9b0000 - 0x00007ffaff9df000 	C:\Windows\SYSTEM32\dwmapi.dll
0x00007ffafefa0000 - 0x00007ffaff031000 	C:\Windows\SYSTEM32\apphelp.dll
0x00007ffaff300000 - 0x00007ffaff39e000 	C:\Windows\system32\uxtheme.dll
0x00007ffb07460000 - 0x00007ffb07574000 	C:\Windows\System32\MSCTF.dll
0x00007ffb071b0000 - 0x00007ffb072da000 	C:\Windows\System32\ole32.dll
0x00007ffadd9f0000 - 0x00007ffaddb15000 	C:\Windows\system32\opengl32.dll
0x00007ffade740000 - 0x00007ffade76c000 	C:\Windows\SYSTEM32\GLU32.dll
0x00007ffb04bd0000 - 0x00007ffb04be8000 	C:\Windows\SYSTEM32\CRYPTSP.dll
0x00007ffb042b0000 - 0x00007ffb042e4000 	C:\Windows\system32\rsaenh.dll
0x00007ffb05310000 - 0x00007ffb05337000 	C:\Windows\System32\bcrypt.dll
0x00007ffb051c0000 - 0x00007ffb051ee000 	C:\Windows\SYSTEM32\USERENV.dll
0x00007ffb04b00000 - 0x00007ffb04b0c000 	C:\Windows\SYSTEM32\CRYPTBASE.dll
0x00007ffb04680000 - 0x00007ffb046bc000 	C:\Windows\SYSTEM32\IPHLPAPI.DLL
0x00007ffb05ea0000 - 0x00007ffb05ea8000 	C:\Windows\System32\NSI.dll
0x00007ffaf8ab0000 - 0x00007ffaf8ac7000 	C:\Windows\SYSTEM32\dhcpcsvc6.DLL
0x00007ffaf83c0000 - 0x00007ffaf83dd000 	C:\Windows\SYSTEM32\dhcpcsvc.DLL
0x00007ffb046c0000 - 0x00007ffb0478a000 	C:\Windows\SYSTEM32\DNSAPI.dll
0x00007ffa83920000 - 0x00007ffa8492f000 	C:\Users\HP\.skiko\58752788008ddd92aea4562f2a41915f7f74e689ca70e0fbada57f009a92b9cf\skiko-windows-x64.dll
0x00007ffaedc90000 - 0x00007ffaede35000 	C:\Windows\WinSxS\amd64_microsoft.windows.gdiplus_6595b64144ccf1df_1.1.19041.2251_none_91a40448cc8846c1\gdiplus.dll
0x00007ffacf0e0000 - 0x00007ffacf166000 	C:\Users\HP\.jdks\jbr-17.0.7-1\bin\freetype.dll
0x00007ffacf010000 - 0x00007ffacf0d9000 	C:\Users\HP\.jdks\jbr-17.0.7-1\bin\fontmanager.dll
0x00007ffafd300000 - 0x00007ffafd307000 	C:\Users\HP\.jdks\jbr-17.0.7-1\bin\jawt.dll
0x00007ffb03b70000 - 0x00007ffb03c63000 	C:\Windows\SYSTEM32\Dxgi.dll
0x00007ffaf93f0000 - 0x00007ffaf9410000 	C:\Windows\SYSTEM32\D3D12.dll
0x00007ffa8c980000 - 0x00007ffa8cb4d000 	C:\Windows\SYSTEM32\D3D12Core.dll
0x00007ffaf84e0000 - 0x00007ffaf851b000 	C:\Windows\SYSTEM32\dxcore.dll
0x00007ffb05460000 - 0x00007ffb054ae000 	C:\Windows\System32\cfgmgr32.dll
0x00007ffaf3540000 - 0x00007ffaf6159000 	C:\Windows\System32\DriverStore\FileRepository\igdlh64.inf_amd64_e6daaea9afe1e6f6\igc64.dll
0x00007ffa812e0000 - 0x00007ffa827b3000 	C:\Windows\System32\DriverStore\FileRepository\igdlh64.inf_amd64_e6daaea9afe1e6f6\igd12umd64.dll
0x00007ffaf6780000 - 0x00007ffaf69d7000 	C:\Windows\System32\DriverStore\FileRepository\igdlh64.inf_amd64_e6daaea9afe1e6f6\igdgmm64.dll
0x00007ffa8b970000 - 0x00007ffa8bd7b000 	C:\Windows\System32\DriverStore\FileRepository\igdlh64.inf_amd64_e6daaea9afe1e6f6\igdml64.dll
0x00007ffadbcc0000 - 0x00007ffadbceb000 	C:\Windows\SYSTEM32\D3DSCache.dll
0x00007ffa7cad0000 - 0x00007ffa812d2000 	C:\Windows\System32\DriverStore\FileRepository\igdlh64.inf_amd64_e6daaea9afe1e6f6\igd12dxva64.dll
0x00007ffb07780000 - 0x00007ffb07bee000 	C:\Windows\System32\SETUPAPI.dll
0x00007ffa8cd00000 - 0x00007ffa8cd27000 	C:\Windows\System32\DriverStore\FileRepository\igdlh64.inf_amd64_e6daaea9afe1e6f6\igdinfo64.dll
0x00007ffb06fa0000 - 0x00007ffb07049000 	C:\Windows\System32\clbcatq.dll
0x00007ffaf9640000 - 0x00007ffaf9744000 	C:\Windows\System32\AppXDeploymentClient.dll
0x00007ffa7baf0000 - 0x00007ffa7cac2000 	C:\Windows\System32\DriverStore\FileRepository\igdlh64.inf_amd64_e6daaea9afe1e6f6\ig9icd64.dll
0x00007ffb05170000 - 0x00007ffb051bb000 	C:\Windows\SYSTEM32\powrprof.dll
0x00007ffb05150000 - 0x00007ffb05162000 	C:\Windows\SYSTEM32\UMPDC.dll
0x00007ffadace0000 - 0x00007ffadaf5f000 	C:\Windows\SYSTEM32\dwrite.dll
0x00007ffae0b50000 - 0x00007ffae0c49000 	C:\Windows\SYSTEM32\textinputframework.dll
0x00007ffafec20000 - 0x00007ffafed12000 	C:\Windows\System32\CoreMessaging.dll
0x00007ffafe8c0000 - 0x00007ffafec1e000 	C:\Windows\System32\CoreUIComponents.dll
0x00007ffafe1c0000 - 0x00007ffafe314000 	C:\Windows\SYSTEM32\wintypes.dll
0x00007ffb043d0000 - 0x00007ffb04403000 	C:\Windows\SYSTEM32\ntmarta.dll
0x00007ffa83060000 - 0x00007ffa83912000 	C:\Users\HP\AppData\Local\io-realm-kotlin\f7113120ba00ba1ff91d696eecd3919e85a4e34e\realmc.dll
0x00007ffb05a10000 - 0x00007ffb05b6e000 	C:\Windows\System32\CRYPT32.dll

dbghelp: loaded successfully - version: 4.0.5 - missing functions: none
symbol engine: initialized successfully - sym options: 0x614 - pdb path: .;C:\Users\HP\.jdks\jbr-17.0.7-1\bin;C:\Windows\SYSTEM32;C:\Windows\WinSxS\amd64_microsoft.windows.common-controls_6595b64144ccf1df_6.0.19041.1110_none_60b5254171f9507e;C:\Users\HP\.jdks\jbr-17.0.7-1\bin\server;C:\Program Files\JetBrains\IntelliJ IDEA Community Edition 2021.3.2\bin;C:\Users\HP\.skiko\58752788008ddd92aea4562f2a41915f7f74e689ca70e0fbada57f009a92b9cf;C:\Windows\WinSxS\amd64_microsoft.windows.gdiplus_6595b64144ccf1df_1.1.19041.2251_none_91a40448cc8846c1;C:\Windows\System32\DriverStore\FileRepository\igdlh64.inf_amd64_e6daaea9afe1e6f6;C:\Users\HP\AppData\Local\io-realm-kotlin\f7113120ba00ba1ff91d696eecd3919e85a4e34e

VM Arguments:
jvm_args: -Djava.library.path=C:\Users\HP\Desktop\newderar\build\classes\kotlin\jvm\main;C:\Users\HP\Desktop\newderar\build\processedResources\jvm\main -javaagent:C:\Program Files\JetBrains\IntelliJ IDEA Community Edition 2021.3.2\lib\idea_rt.jar=56928:C:\Program Files\JetBrains\IntelliJ IDEA Community Edition 2021.3.2\bin -Dfile.encoding=UTF-8 
java_command: MainKt
java_class_path (initial): C:\Users\HP\Desktop\newderar\build\classes\kotlin\jvm\main;C:\Users\HP\Desktop\newderar\build\processedResources\jvm\main;C:\Users\HP\.gradle\caches\modules-2\files-2.1\io.insert-koin\koin-androidx-compose\3.4.5\ae0a88b7a68d507e651c5a3d70a541594bea54cb\koin-androidx-compose-3.4.5.aar;C:\Users\HP\.gradle\caches\modules-2\files-2.1\org.jetbrains.kotlin\kotlin-stdlib-jdk8\1.8.21\67f57e154437cd9e6e9cf368394b95814836ff88\kotlin-stdlib-jdk8-1.8.21.jar;C:\Users\HP\.gradle\caches\modules-2\files-2.1\org.apache.poi\poi-ooxml\4.1.2\87d9a22aa9a7dd26e80c360e709f7ee02e32ab3b\poi-ooxml-4.1.2.jar;C:\Users\HP\.gradle\caches\modules-2\files-2.1\org.apache.poi\poi\4.1.2\964bf41cf68bce08e4ef6b2279b559fdf8d454f4\poi-4.1.2.jar;C:\Users\HP\.gradle\caches\modules-2\files-2.1\org.lwjgl\lwjgl-nfd\3.3.1\622318116996ddcff449b46cb38f0fdee39b8ac3\lwjgl-nfd-3.3.1.jar;C:\Users\HP\.gradle\caches\modules-2\files-2.1\org.lwjgl\lwjgl-nfd\3.3.1\2e007667e04ed3281152ae5c6e677fb1c2211691\lwjgl-nfd-3.3.1-natives-linux.jar;C:\Users\HP\.gradle\caches\modules-2\files-2.1\org.lwjgl\lwjgl\3.3.1\ae58664f88e18a9bb2c77b063833ca7aaec484cb\lwjgl-3.3.1.jar;C:\Users\HP\.gradle\caches\modules-2\files-2.1\io.insert-koin\koin-android\3.4.0\48715fbe06102a59a30bd45b06ed2400c16c6f45\koin-android-3.4.0.aar;C:\Users\HP\.gradle\caches\modules-2\files-2.1\org.lwjgl\lwjgl-nfd\3.3.1\b3e04e317f55dd738d8a345cdafd15b39f85a2ea\lwjgl-nfd-3.3.1-natives-linux-arm32.jar;C:\Users\HP\.gradle\caches\modules-2\files-2.1\androidx.lifecycle\lifecycle-viewmodel-compose\2.6.1\38cf3bb65ff3e0e5c3d63de2ebf5411d0898108c\lifecycle-viewmodel-compose-2.6.1.aar;C:\Users\HP\.gradle\caches\modules-2\files-2.1\org.lwjgl\lwjgl-nfd\3.3.1\f41dc62336f7ee4ab35705cfa440cc903d199165\lwjgl-nfd-3.3.1-natives-linux-arm64.jar;C:\Users\HP\.gradle\caches\modules-2\files-2.1\androidx.compose.runtime\runtime\1.4.3\6e52f81bd60023ca9be12a878ae161d2e7571aeb\runtime-1.4.3.aar;C:\Users\HP\.gradle\caches\modules-2\files-2.1\org.lwjgl\lwjgl-nfd\3.3
Launcher Type: SUN_STANDARD

[Global flags]
     intx CICompilerCount                          = 3                                         {product} {ergonomic}
     uint ConcGCThreads                            = 1                                         {product} {ergonomic}
     uint G1ConcRefinementThreads                  = 4                                         {product} {ergonomic}
   size_t G1HeapRegionSize                         = 2097152                                   {product} {ergonomic}
    uintx GCDrainStackTargetSize                   = 64                                        {product} {ergonomic}
   size_t InitialHeapSize                          = 266338304                                 {product} {ergonomic}
   size_t MarkStackSize                            = 4194304                                   {product} {ergonomic}
   size_t MaxHeapSize                              = 4255121408                                {product} {ergonomic}
   size_t MaxNewSize                               = 2552233984                                {product} {ergonomic}
   size_t MinHeapDeltaBytes                        = 2097152                                   {product} {ergonomic}
   size_t MinHeapSize                              = 8388608                                   {product} {ergonomic}
    uintx NonNMethodCodeHeapSize                   = 5832780                                {pd product} {ergonomic}
    uintx NonProfiledCodeHeapSize                  = 122912730                              {pd product} {ergonomic}
    uintx ProfiledCodeHeapSize                     = 122912730                              {pd product} {ergonomic}
    uintx ReservedCodeCacheSize                    = 251658240                              {pd product} {ergonomic}
     bool SegmentedCodeCache                       = true                                      {product} {ergonomic}
   size_t SoftMaxHeapSize                          = 4255121408                             {manageable} {ergonomic}
     bool UseCompressedClassPointers               = true                           {product lp64_product} {ergonomic}
     bool UseCompressedOops                        = true                           {product lp64_product} {ergonomic}
     bool UseG1GC                                  = true                                      {product} {ergonomic}
     bool UseLargePagesIndividualAllocation        = false                                  {pd product} {ergonomic}

Logging:
Log output configuration:
 #0: stdout all=warning uptime,level,tags
 #1: stderr all=off uptime,level,tags

Environment Variables:
PATH=C:\Program Files\Common Files\Oracle\Java\javapath;C:\Program Files (x86)\Common Files\Oracle\Java\javapath;C:\Windows\system32;C:\Windows;C:\Windows\System32\Wbem;C:\Windows\System32\WindowsPowerShell\v1.0\;C:\Windows\System32\OpenSSH\;C:\xampp\php;C:\ProgramData\ComposerSetup\bin;C:\Program Files\nodejs\;C:\Program Files (x86)\Intel\Intel(R) Management Engine Components\DAL;C:\Program Files\Intel\Intel(R) Management Engine Components\DAL;C:\Program Files\Git\cmd;C:\Program Files\Fortect;C:\Users\HP\AppData\Local\Microsoft\WindowsApps;C:\Program Files\JetBrains\IntelliJ IDEA Community Edition 2021.3.2\bin;C:\Users\HP\AppData\Local\Programs\Microsoft VS Code\bin;C:\Users\HP\AppData\Local\JetBrains\Toolbox\scripts;C:\Users\HP\AppData\Local\GitHubDesktop\bin;C:\Users\HP\Desktop\camp\flutter_windows_3.7.6-stable\flutter\bin;C:\Users\HP\AppData\Roaming\Composer\vendor\bin;C:\Users\HP\AppData\Roaming\npm
USERNAME=HP
OS=Windows_NT
PROCESSOR_IDENTIFIER=Intel64 Family 6 Model 142 Stepping 9, GenuineIntel
TMP=C:\Users\HP\AppData\Local\Temp
TEMP=C:\Users\HP\AppData\Local\Temp


JNI global refs:
JNI global refs: 168, weak refs: 9

JNI global refs memory usage: 2107, weak refs: 841

OOME stack traces (most recent first):
Classloader memory used:
Loader jdk.internal.loader.ClassLoaders$AppClassLoader                                 : 3165K
Loader bootstrap                                                                       : 2237K
Loader jdk.internal.loader.ClassLoaders$PlatformClassLoader                            : 764B


---------------  S Y S T E M  ---------------

OS:
 Windows 10 , 64 bit Build 19041 (10.0.19041.3155)
OS uptime: 0 days 2:28 hours
Hyper-V role detected

CPU: total 4 (initial active 4) (2 cores per cpu, 2 threads per core) family 6 model 142 stepping 9 microcode 0xf2, cx8, cmov, fxsr, ht, mmx, 3dnowpref, sse, sse2, sse3, ssse3, sse4.1, sse4.2, popcnt, lzcnt, tsc, tscinvbit, avx, avx2, aes, erms, clmul, bmi1, bmi2, rtm, adx, fma, vzeroupper, clflush, clflushopt, hv

Memory: 4k page, system-wide physical 16224M (7436M free)
TotalPageFile size 32096M (AvailPageFile size 21669M)
current process WorkingSet (physical memory assigned to process): 250M, peak: 314M
current process commit charge ("private bytes"): 254M, peak: 382M

vm_info: OpenJDK 64-Bit Server VM (17.0.7+7-b1000.5) for windows-amd64 JRE (17.0.7+7-b1000.5), built on 2023-07-03 by "builduser" with MS VC++ 16.10 / 16.11 (VS2019)

END.
