#
# A fatal error has been detected by the Java Runtime Environment:
#
#  EXCEPTION_ACCESS_VIOLATION (0xc0000005) at pc=0x00007ffe74e7ebe3, pid=3304, tid=18284
#
# JRE version: OpenJDK Runtime Environment Corretto-17.0.7.7.1 (17.0.7+7) (build 17.0.7+7-LTS)
# Java VM: OpenJDK 64-Bit Server VM Corretto-17.0.7.7.1 (17.0.7+7-LTS, mixed mode, sharing, tiered, compressed oops, compressed class ptrs, g1 gc, windows-amd64)
# Problematic frame:
# C  [ig9icd64.dll+0x9bebe3]
#
# No core dump will be written. Minidumps are not enabled by default on client versions of Windows
#
# If you would like to submit a bug report, please visit:
#   https://github.com/corretto/corretto-17/issues/
# The crash happened outside the Java Virtual Machine in native code.
# See problematic frame for where to report the bug.
#

---------------  S U M M A R Y ------------

Command Line: -Djava.library.path=C:\Users\HP\Desktop\newderar\build\classes\kotlin\jvm\main;C:\Users\HP\Desktop\newderar\build\processedResources\jvm\main -javaagent:C:\Program Files\JetBrains\IntelliJ IDEA Community Edition 2021.3.2\lib\idea_rt.jar=59070:C:\Program Files\JetBrains\IntelliJ IDEA Community Edition 2021.3.2\bin -Dfile.encoding=UTF-8 MainKt

Host: Intel(R) Core(TM) i5-7300U CPU @ 2.60GHz, 4 cores, 15G,  Windows 10 , 64 bit Build 19041 (10.0.19041.3155)
Time: Sat Jul  8 23:13:40 2023 Libya Standard Time elapsed time: 16274.678485 seconds (0d 4h 31m 14s)

---------------  T H R E A D  ---------------

Current thread (0x000001c0874beb60):  JavaThread "AWT-EventQueue-0" [_thread_in_native, id=18284, stack(0x00000048da600000,0x00000048da700000)]

Stack: [0x00000048da600000,0x00000048da700000],  sp=0x00000048da6fc998,  free space=1010k
Native frames: (J=compiled Java code, j=interpreted, Vv=VM code, C=native code)
C  [ig9icd64.dll+0x9bebe3]

Java frames: (J=compiled Java code, j=interpreted, Vv=VM code)
J 5686  org.jetbrains.skia.DirectContextKt.DirectContext_nFlush(J)V (0 bytes) @ 0x000001c0eede8769 [0x000001c0eede8720+0x0000000000000049]
J 7601 c2 org.jetbrains.skiko.redrawer.WindowsOpenGLRedrawer$Companion$frameDispatcher$1.invokeSuspend(Ljava/lang/Object;)Ljava/lang/Object; (379 bytes) @ 0x000001c0ef03c38c [0x000001c0ef03ad40+0x000000000000164c]
J 7599 c2 org.jetbrains.skiko.FrameDispatcher$job$1.invokeSuspend(Ljava/lang/Object;)Ljava/lang/Object; (156 bytes) @ 0x000001c0ef038558 [0x000001c0ef0382a0+0x00000000000002b8]
J 4791 c2 kotlin.coroutines.jvm.internal.BaseContinuationImpl.resumeWith(Ljava/lang/Object;)V (128 bytes) @ 0x000001c0eed64a74 [0x000001c0eed64a20+0x0000000000000054]
J 5314 c2 kotlinx.coroutines.DispatchedTask.run()V (571 bytes) @ 0x000001c0eeda4648 [0x000001c0eeda42a0+0x00000000000003a8]
J 7606 c2 java.awt.EventQueue.dispatchEvent(Ljava/awt/AWTEvent;)V java.desktop@17.0.7 (80 bytes) @ 0x000001c0ef04c2c8 [0x000001c0ef04bcc0+0x0000000000000608]
J 5833 c2 java.awt.EventDispatchThread.pumpOneEventForFilters(I)V java.desktop@17.0.7 (113 bytes) @ 0x000001c0eee0576c [0x000001c0eee05340+0x000000000000042c]
J 8513% c2 java.awt.EventDispatchThread.pumpEventsForFilter(ILjava/awt/Conditional;Ljava/awt/EventFilter;)V java.desktop@17.0.7 (47 bytes) @ 0x000001c0eeeb91c0 [0x000001c0eeeb90a0+0x0000000000000120]
j  java.awt.EventDispatchThread.pumpEventsForHierarchy(ILjava/awt/Conditional;Ljava/awt/Component;)V+11 java.desktop@17.0.7
j  java.awt.EventDispatchThread.pumpEvents(ILjava/awt/Conditional;)V+4 java.desktop@17.0.7
j  java.awt.EventDispatchThread.pumpEvents(Ljava/awt/Conditional;)V+3 java.desktop@17.0.7
j  java.awt.EventDispatchThread.run()V+9 java.desktop@17.0.7
v  ~StubRoutines::call_stub

siginfo: EXCEPTION_ACCESS_VIOLATION (0xc0000005), reading address 0xffffffffffffffff


Register to memory mapping:

RIP=0x00007ffe74e7ebe3 ig9icd64.dll
RAX=0x000000000fff0fff is an unknown value
RBX=0x00007ffe744c0000 ig9icd64.dll
RCX=0x000000033fcf3fcc is an unknown value
RDX=0x00000048da6fceb0 is pointing into the stack for thread: 0x000001c0874beb60
RSP=0x00000048da6fc998 is pointing into the stack for thread: 0x000001c0874beb60
RBP=0x00000048da6fcaa0 is pointing into the stack for thread: 0x000001c0874beb60
RSI=0x000001c08836b500 points into unknown readable memory: 0x000001c08851d4c0 | c0 d4 51 88 c0 01 00 00
RDI=0x00000048da6fcca0 is pointing into the stack for thread: 0x000001c0874beb60
R8 =0x00000048da6fcad0 is pointing into the stack for thread: 0x000001c0874beb60
R9 =0x00000048da6fceb0 is pointing into the stack for thread: 0x000001c0874beb60
R10=0x00000048da6fcca0 is pointing into the stack for thread: 0x000001c0874beb60
R11=0x0 is NULL
R12=0x00007ffe752f15e0 ig9icd64.dll
R13=0x0 is NULL
R14=0x0 is NULL
R15=0x00000000000001c1 is an unknown value


Registers:
RAX=0x000000000fff0fff, RBX=0x00007ffe744c0000, RCX=0x000000033fcf3fcc, RDX=0x00000048da6fceb0
RSP=0x00000048da6fc998, RBP=0x00000048da6fcaa0, RSI=0x000001c08836b500, RDI=0x00000048da6fcca0
R8 =0x00000048da6fcad0, R9 =0x00000048da6fceb0, R10=0x00000048da6fcca0, R11=0x0000000000000000
R12=0x00007ffe752f15e0, R13=0x0000000000000000, R14=0x0000000000000000, R15=0x00000000000001c1
RIP=0x00007ffe74e7ebe3, EFLAGS=0x0000000000010206

Top of Stack: (sp=0x00000048da6fc998)
0x00000048da6fc998:   00007ffe74e7c31b 0000000000000001
0x00000048da6fc9a8:   0000000000000000 000001c087590c00
0x00000048da6fc9b8:   00007ffeda002622 0000004800000065
0x00000048da6fc9c8:   00000048da6fcbd0 0000000000000000
0x00000048da6fc9d8:   000001c093bd12e0 0000000000000000
0x00000048da6fc9e8:   000001c093bcebf0 000001c087590cd0
0x00000048da6fc9f8:   0000000000001100 0000000000000000
0x00000048da6fca08:   0000000000000000 00000048da6fcb80
0x00000048da6fca18:   00007ffe74b179c0 0000000000000000
0x00000048da6fca28:   0000000000000000 0000000000000000
0x00000048da6fca38:   0000000000000000 0000e1613681489e
0x00000048da6fca48:   00007ffe744d6555 000001c087590cd0
0x00000048da6fca58:   0000000000004001 0000000000000000
0x00000048da6fca68:   00007ffee9b7b86b 00000000001c005e
0x00000048da6fca78:   0000000000000014 000001c087610080
0x00000048da6fca88:   0000000000000000 0000000000000000 

Instructions: (pc=0x00007ffe74e7ebe3)
0x00007ffe74e7eae3:   c1 75 31 00 48 89 51 08 48 89 01 8b 44 24 28 89
0x00007ffe74e7eaf3:   41 20 8b 44 24 30 89 41 24 48 8b c1 4c 89 41 10
0x00007ffe74e7eb03:   4c 89 49 18 c3 cc cc cc cc cc cc cc cc 48 89 5c
0x00007ffe74e7eb13:   24 08 8b 41 5c 48 8d 1d e1 14 64 ff 41 89 40 08
0x00007ffe74e7eb23:   4c 8b d1 8b 41 60 45 33 db 41 89 40 0c 4c 8b ca
0x00007ffe74e7eb33:   8b 41 64 41 89 40 10 8b 41 68 41 89 40 14 8b 41
0x00007ffe74e7eb43:   6c 41 89 40 18 8b 41 70 41 89 40 1c 48 63 41 74
0x00007ffe74e7eb53:   48 6b c8 34 8b 84 19 44 d1 ee 00 41 89 40 20 8b
0x00007ffe74e7eb63:   84 19 48 d1 ee 00 41 89 40 24 8b 84 19 4c d1 ee
0x00007ffe74e7eb73:   00 41 89 40 28 8b 84 19 50 d1 ee 00 41 89 40 2c
0x00007ffe74e7eb83:   8b 84 19 34 d1 ee 00 41 89 40 30 8b 84 19 38 d1
0x00007ffe74e7eb93:   ee 00 41 89 40 34 8b 84 19 3c d1 ee 00 41 89 40
0x00007ffe74e7eba3:   38 8b 84 19 40 d1 ee 00 41 89 40 3c 8b 84 19 24
0x00007ffe74e7ebb3:   d1 ee 00 41 89 40 40 8b 84 19 28 d1 ee 00 41 89
0x00007ffe74e7ebc3:   40 44 8b 84 19 2c d1 ee 00 41 89 40 48 8b 84 19
0x00007ffe74e7ebd3:   30 d1 ee 00 41 89 40 4c 49 63 42 78 48 6b c8 34
0x00007ffe74e7ebe3:   8b 84 19 44 d1 ee 00 41 89 40 50 8b 84 19 48 d1
0x00007ffe74e7ebf3:   ee 00 41 89 40 54 8b 84 19 4c d1 ee 00 41 89 40
0x00007ffe74e7ec03:   58 8b 84 19 50 d1 ee 00 41 89 40 5c 8b 84 19 34
0x00007ffe74e7ec13:   d1 ee 00 41 89 40 60 8b 84 19 38 d1 ee 00 41 89
0x00007ffe74e7ec23:   40 64 8b 84 19 3c d1 ee 00 41 89 40 68 8b 84 19
0x00007ffe74e7ec33:   40 d1 ee 00 41 89 40 6c 8b 84 19 24 d1 ee 00 41
0x00007ffe74e7ec43:   89 40 70 8b 84 19 28 d1 ee 00 41 89 40 74 8b 84
0x00007ffe74e7ec53:   19 2c d1 ee 00 41 89 40 78 8b 84 19 30 d1 ee 00
0x00007ffe74e7ec63:   41 89 40 7c 48 8b 42 18 8b 88 38 0b 00 00 f6 c1
0x00007ffe74e7ec73:   08 0f 84 86 00 00 00 8b 80 3c 0b 00 00 41 89 80
0x00007ffe74e7ec83:   80 00 00 00 48 8b 42 18 8b 88 40 0b 00 00 41 89
0x00007ffe74e7ec93:   88 84 00 00 00 48 8b 42 18 8b 88 44 0b 00 00 41
0x00007ffe74e7eca3:   89 88 88 00 00 00 48 8b 42 18 8b 88 48 0b 00 00
0x00007ffe74e7ecb3:   41 89 88 8c 00 00 00 48 8b 42 18 8b 88 4c 0b 00
0x00007ffe74e7ecc3:   00 41 89 88 90 00 00 00 48 8b 42 18 8b 88 50 0b
0x00007ffe74e7ecd3:   00 00 41 89 88 94 00 00 00 48 8b 42 18 8b 88 54 


Stack slot to memory mapping:
stack at sp + 0 slots: 0x00007ffe74e7c31b ig9icd64.dll
stack at sp + 1 slots: 0x0000000000000001 is an unknown value
stack at sp + 2 slots: 0x0 is NULL
stack at sp + 3 slots: 0x000001c087590c00 points into unknown readable memory: 0x00007f0000000000 | 00 00 00 00 00 7f 00 00
stack at sp + 4 slots: 0x00007ffeda002622 igdgmm64.dll
stack at sp + 5 slots: 0x0000004800000065 is an unknown value
stack at sp + 6 slots: 0x00000048da6fcbd0 is pointing into the stack for thread: 0x000001c0874beb60
stack at sp + 7 slots: 0x0 is NULL


---------------  P R O C E S S  ---------------

Threads class SMR info:
_java_thread_list=0x000001c087f366f0, length=28, elements={
0x000001c0ddd76cd0, 0x000001c0823f5220, 0x000001c0823f6090, 0x000001c0824086c0,
0x000001c08240d190, 0x000001c08240fc50, 0x000001c082410600, 0x000001c082411390,
0x000001c082414e50, 0x000001c0825bce50, 0x000001c082650d10, 0x000001c0870281c0,
0x000001c08715a660, 0x000001c0875419c0, 0x000001c087694a50, 0x000001c0874beb60,
0x000001c0879cb4c0, 0x000001c087b45ee0, 0x000001c087b47220, 0x000001c087b45070,
0x000001c08f3b6260, 0x000001c08f3b70d0, 0x000001c08f3b3be0, 0x000001c09293c550,
0x000001c0828b0bc0, 0x000001c09293e700, 0x000001c0875e8490, 0x000001c0875ed660
}

Java Threads: ( => current thread )
  0x000001c0ddd76cd0 JavaThread "main" [_thread_blocked, id=19208, stack(0x00000048d8b00000,0x00000048d8c00000)]
  0x000001c0823f5220 JavaThread "Reference Handler" daemon [_thread_blocked, id=17492, stack(0x00000048d9200000,0x00000048d9300000)]
  0x000001c0823f6090 JavaThread "Finalizer" daemon [_thread_blocked, id=11072, stack(0x00000048d9300000,0x00000048d9400000)]
  0x000001c0824086c0 JavaThread "Signal Dispatcher" daemon [_thread_blocked, id=17360, stack(0x00000048d9400000,0x00000048d9500000)]
  0x000001c08240d190 JavaThread "Attach Listener" daemon [_thread_blocked, id=420, stack(0x00000048d9500000,0x00000048d9600000)]
  0x000001c08240fc50 JavaThread "Service Thread" daemon [_thread_blocked, id=7704, stack(0x00000048d9600000,0x00000048d9700000)]
  0x000001c082410600 JavaThread "Monitor Deflation Thread" daemon [_thread_blocked, id=19020, stack(0x00000048d9700000,0x00000048d9800000)]
  0x000001c082411390 JavaThread "C2 CompilerThread0" daemon [_thread_blocked, id=124, stack(0x00000048d9800000,0x00000048d9900000)]
  0x000001c082414e50 JavaThread "C1 CompilerThread0" daemon [_thread_blocked, id=16628, stack(0x00000048d9900000,0x00000048d9a00000)]
  0x000001c0825bce50 JavaThread "Sweeper thread" daemon [_thread_blocked, id=9040, stack(0x00000048d9a00000,0x00000048d9b00000)]
  0x000001c082650d10 JavaThread "Common-Cleaner" daemon [_thread_blocked, id=6612, stack(0x00000048d9b00000,0x00000048d9c00000)]
  0x000001c0870281c0 JavaThread "Monitor Ctrl-Break" daemon [_thread_in_native, id=10880, stack(0x00000048d9d00000,0x00000048d9e00000)]
  0x000001c08715a660 JavaThread "Notification Thread" daemon [_thread_blocked, id=15972, stack(0x00000048d9e00000,0x00000048d9f00000)]
  0x000001c0875419c0 JavaThread "Java2D Disposer" daemon [_thread_blocked, id=15796, stack(0x00000048da300000,0x00000048da400000)]
  0x000001c087694a50 JavaThread "AWT-Shutdown" [_thread_blocked, id=4596, stack(0x00000048da400000,0x00000048da500000)]
=>0x000001c0874beb60 JavaThread "AWT-EventQueue-0" [_thread_in_native, id=18284, stack(0x00000048da600000,0x00000048da700000)]
  0x000001c0879cb4c0 JavaThread "Reference Cleaner" daemon [_thread_blocked, id=19228, stack(0x00000048da800000,0x00000048da900000)]
  0x000001c087b45ee0 JavaThread "kotlinx.coroutines.DefaultExecutor" daemon [_thread_blocked, id=9888, stack(0x00000048dab00000,0x00000048dac00000)]
  0x000001c087b47220 JavaThread "TimerQueue" daemon [_thread_blocked, id=15892, stack(0x00000048dae00000,0x00000048daf00000)]
  0x000001c087b45070 JavaThread "RealmFinalizingDaemon" daemon [_thread_blocked, id=3260, stack(0x00000048db100000,0x00000048db200000)]
  0x000001c08f3b6260 JavaThread "core-notifier" daemon [_thread_in_native, id=2796, stack(0x00000048db300000,0x00000048db400000)]
  0x000001c08f3b70d0 JavaThread "DefaultDispatcher-worker-1" daemon [_thread_blocked, id=12060, stack(0x00000048db600000,0x00000048db700000)]
  0x000001c08f3b3be0 JavaThread "DefaultDispatcher-worker-2" daemon [_thread_blocked, id=21372, stack(0x00000048d8800000,0x00000048d8900000)]
  0x000001c09293c550 JavaThread "DefaultDispatcher-worker-4" daemon [_thread_blocked, id=15740, stack(0x00000048d8a00000,0x00000048d8b00000)]
  0x000001c0828b0bc0 JavaThread "DefaultDispatcher-worker-3" daemon [_thread_blocked, id=20500, stack(0x00000048da700000,0x00000048da800000)]
  0x000001c09293e700 JavaThread "DefaultDispatcher-worker-5" daemon [_thread_blocked, id=19396, stack(0x00000048d8900000,0x00000048d8a00000)]
  0x000001c0875e8490 JavaThread "DefaultDispatcher-worker-6" daemon [_thread_blocked, id=10644, stack(0x00000048da900000,0x00000048daa00000)]
  0x000001c0875ed660 JavaThread "SIGINT handler" daemon [_thread_blocked, id=1976, stack(0x00000048daa00000,0x00000048dab00000)]

Other Threads:
  0x000001c0823eea20 VMThread "VM Thread" [stack: 0x00000048d9100000,0x00000048d9200000] [id=8104]
  0x000001c087028690 WatcherThread [stack: 0x00000048d9f00000,0x00000048da000000] [id=7884]
  0x000001c0ddde0a60 GCTaskThread "GC Thread#0" [stack: 0x00000048d8c00000,0x00000048d8d00000] [id=17712]
  0x000001c087737840 GCTaskThread "GC Thread#1" [stack: 0x00000048da000000,0x00000048da100000] [id=19184]
  0x000001c087736d90 GCTaskThread "GC Thread#2" [stack: 0x00000048da100000,0x00000048da200000] [id=18184]
  0x000001c087737040 GCTaskThread "GC Thread#3" [stack: 0x00000048da200000,0x00000048da300000] [id=1732]
  0x000001c0dddf1730 ConcurrentGCThread "G1 Main Marker" [stack: 0x00000048d8d00000,0x00000048d8e00000] [id=8216]
  0x000001c0dddf2140 ConcurrentGCThread "G1 Conc#0" [stack: 0x00000048d8e00000,0x00000048d8f00000] [id=7996]
  0x000001c0dde2d920 ConcurrentGCThread "G1 Refine#0" [stack: 0x00000048d8f00000,0x00000048d9000000] [id=11156]
  0x000001c0dde2e340 ConcurrentGCThread "G1 Service" [stack: 0x00000048d9000000,0x00000048d9100000] [id=17528]

Threads with active compile tasks:

VM state: not at safepoint (normal execution)

VM Mutex/Monitor currently owned by a thread: None

Heap address: 0x0000000702600000, size: 4058 MB, Compressed Oops mode: Zero based, Oop shift amount: 3

CDS archive(s) mapped at: [0x0000000800000000-0x0000000800bc0000-0x0000000800bc0000), size 12320768, SharedBaseAddress: 0x0000000800000000, ArchiveRelocationMode: 0.
Compressed class space mapped at: 0x0000000801000000-0x0000000841000000, reserved size: 1073741824
Narrow klass base: 0x0000000800000000, Narrow klass shift: 0, Narrow klass range: 0x100000000

GC Precious Log:
 CPUs: 4 total, 4 available
 Memory: 16224M
 Large Page Support: Disabled
 NUMA Support: Disabled
 Compressed Oops: Enabled (Zero based)
 Heap Region Size: 2M
 Heap Min Capacity: 8M
 Heap Initial Capacity: 254M
 Heap Max Capacity: 4058M
 Pre-touch: Disabled
 Parallel Workers: 4
 Concurrent Workers: 1
 Concurrent Refinement Workers: 4
 Periodic GC: Disabled

Heap:
 garbage-first heap   total 90112K, used 57330K [0x0000000702600000, 0x0000000800000000)
  region size 2048K, 17 young (34816K), 0 survivors (0K)
 Metaspace       used 38440K, committed 38656K, reserved 1114112K
  class space    used 3990K, committed 4096K, reserved 1048576K

Heap Regions: E=young(eden), S=young(survivor), O=old, HS=humongous(starts), HC=humongous(continues), CS=collection set, F=free, OA=open archive, CA=closed archive, TAMS=top-at-mark-start (previous, next)
|   0|0x0000000702600000, 0x0000000702800000, 0x0000000702800000|100%|HS|  |TAMS 0x0000000702800000, 0x0000000702600000| Untracked 
|   1|0x0000000702800000, 0x0000000702a00000, 0x0000000702a00000|100%| O|  |TAMS 0x0000000702a00000, 0x0000000702800000| Untracked 
|   2|0x0000000702a00000, 0x0000000702bffff8, 0x0000000702c00000| 99%| O|  |TAMS 0x0000000702bffff8, 0x0000000702a00000| Untracked 
|   3|0x0000000702c00000, 0x0000000702dffff8, 0x0000000702e00000| 99%| O|  |TAMS 0x0000000702dffff8, 0x0000000702c00000| Untracked 
|   4|0x0000000702e00000, 0x0000000702fffff8, 0x0000000703000000| 99%| O|  |TAMS 0x0000000702fffff8, 0x0000000702e00000| Untracked 
|   5|0x0000000703000000, 0x00000007031fffb8, 0x0000000703200000| 99%| O|  |TAMS 0x0000000703000000, 0x0000000703000000| Untracked 
|   6|0x0000000703200000, 0x00000007033e5df0, 0x0000000703400000| 94%| O|  |TAMS 0x0000000703200000, 0x0000000703200000| Untracked 
|   7|0x0000000703400000, 0x00000007034edf00, 0x0000000703600000| 46%| O|  |TAMS 0x0000000703400000, 0x0000000703400000| Untracked 
|   8|0x0000000703600000, 0x0000000703600000, 0x0000000703800000|  0%| F|  |TAMS 0x0000000703600000, 0x0000000703600000| Untracked 
|   9|0x0000000703800000, 0x0000000703800000, 0x0000000703a00000|  0%| F|  |TAMS 0x0000000703800000, 0x0000000703800000| Untracked 
|  10|0x0000000703a00000, 0x0000000703a00000, 0x0000000703c00000|  0%| F|  |TAMS 0x0000000703a00000, 0x0000000703a00000| Untracked 
|  11|0x0000000703c00000, 0x0000000703c00000, 0x0000000703e00000|  0%| F|  |TAMS 0x0000000703c00000, 0x0000000703c00000| Untracked 
|  12|0x0000000703e00000, 0x0000000704000000, 0x0000000704000000|100%|HS|  |TAMS 0x0000000704000000, 0x0000000703e00000| Untracked 
|  13|0x0000000704000000, 0x0000000704200000, 0x0000000704200000|100%|HC|  |TAMS 0x0000000704200000, 0x0000000704000000| Untracked 
|  14|0x0000000704200000, 0x0000000704400000, 0x0000000704400000|100%|HC|  |TAMS 0x0000000704400000, 0x0000000704200000| Untracked 
|  15|0x0000000704400000, 0x0000000704600000, 0x0000000704600000|100%|HC|  |TAMS 0x0000000704600000, 0x0000000704400000| Untracked 
|  16|0x0000000704600000, 0x0000000704600000, 0x0000000704800000|  0%| F|  |TAMS 0x0000000704600000, 0x0000000704600000| Untracked 
|  17|0x0000000704800000, 0x0000000704800000, 0x0000000704a00000|  0%| F|  |TAMS 0x0000000704800000, 0x0000000704800000| Untracked 
|  18|0x0000000704a00000, 0x0000000704a00000, 0x0000000704c00000|  0%| F|  |TAMS 0x0000000704a00000, 0x0000000704a00000| Untracked 
|  19|0x0000000704c00000, 0x0000000704d28d80, 0x0000000704e00000| 57%| O|  |TAMS 0x0000000704c00000, 0x0000000704c00000| Untracked 
|  20|0x0000000704e00000, 0x0000000704e00000, 0x0000000705000000|  0%| F|  |TAMS 0x0000000704e00000, 0x0000000704e00000| Untracked 
|  21|0x0000000705000000, 0x0000000705000000, 0x0000000705200000|  0%| F|  |TAMS 0x0000000705000000, 0x0000000705000000| Untracked 
|  22|0x0000000705200000, 0x0000000705200000, 0x0000000705400000|  0%| F|  |TAMS 0x0000000705200000, 0x0000000705200000| Untracked 
|  23|0x0000000705400000, 0x0000000705400000, 0x0000000705600000|  0%| F|  |TAMS 0x0000000705400000, 0x0000000705400000| Untracked 
|  24|0x0000000705600000, 0x0000000705600000, 0x0000000705800000|  0%| F|  |TAMS 0x0000000705600000, 0x0000000705600000| Untracked 
|  25|0x0000000705800000, 0x0000000705800000, 0x0000000705a00000|  0%| F|  |TAMS 0x0000000705800000, 0x0000000705800000| Untracked 
|  26|0x0000000705a00000, 0x0000000705a00000, 0x0000000705c00000|  0%| F|  |TAMS 0x0000000705a00000, 0x0000000705a00000| Untracked 
|  27|0x0000000705c00000, 0x0000000705ceaa00, 0x0000000705e00000| 45%| E|  |TAMS 0x0000000705c00000, 0x0000000705c00000| Complete 
|  28|0x0000000705e00000, 0x0000000706000000, 0x0000000706000000|100%| E|CS|TAMS 0x0000000705e00000, 0x0000000705e00000| Complete 
|  29|0x0000000706000000, 0x0000000706200000, 0x0000000706200000|100%| E|CS|TAMS 0x0000000706000000, 0x0000000706000000| Complete 
|  30|0x0000000706200000, 0x0000000706400000, 0x0000000706400000|100%| E|CS|TAMS 0x0000000706200000, 0x0000000706200000| Complete 
|  31|0x0000000706400000, 0x0000000706600000, 0x0000000706600000|100%| E|CS|TAMS 0x0000000706400000, 0x0000000706400000| Complete 
|  32|0x0000000706600000, 0x0000000706800000, 0x0000000706800000|100%| E|CS|TAMS 0x0000000706600000, 0x0000000706600000| Complete 
|  33|0x0000000706800000, 0x0000000706a00000, 0x0000000706a00000|100%| E|CS|TAMS 0x0000000706800000, 0x0000000706800000| Complete 
|  34|0x0000000706a00000, 0x0000000706c00000, 0x0000000706c00000|100%| E|CS|TAMS 0x0000000706a00000, 0x0000000706a00000| Complete 
|  35|0x0000000706c00000, 0x0000000706e00000, 0x0000000706e00000|100%| E|CS|TAMS 0x0000000706c00000, 0x0000000706c00000| Complete 
|  36|0x0000000706e00000, 0x0000000707000000, 0x0000000707000000|100%| E|CS|TAMS 0x0000000706e00000, 0x0000000706e00000| Complete 
|  37|0x0000000707000000, 0x0000000707200000, 0x0000000707200000|100%| E|CS|TAMS 0x0000000707000000, 0x0000000707000000| Complete 
|  38|0x0000000707200000, 0x0000000707400000, 0x0000000707400000|100%| E|CS|TAMS 0x0000000707200000, 0x0000000707200000| Complete 
|  39|0x0000000707400000, 0x0000000707600000, 0x0000000707600000|100%| E|CS|TAMS 0x0000000707400000, 0x0000000707400000| Complete 
|  40|0x0000000707600000, 0x0000000707800000, 0x0000000707800000|100%| E|CS|TAMS 0x0000000707600000, 0x0000000707600000| Complete 
|  41|0x0000000707800000, 0x0000000707a00000, 0x0000000707a00000|100%| E|CS|TAMS 0x0000000707800000, 0x0000000707800000| Complete 
|  42|0x0000000707a00000, 0x0000000707c00000, 0x0000000707c00000|100%| E|CS|TAMS 0x0000000707a00000, 0x0000000707a00000| Complete 
|  43|0x0000000707c00000, 0x0000000707e00000, 0x0000000707e00000|100%| E|CS|TAMS 0x0000000707c00000, 0x0000000707c00000| Complete 

Card table byte_map: [0x000001c0f6e80000,0x000001c0f7670000] _byte_map_base: 0x000001c0f366d000

Marking Bits (Prev, Next): (CMBitMap*) 0x000001c0ddde1070, (CMBitMap*) 0x000001c0ddde10b0
 Prev Bits: [0x000001c0f7e60000, 0x000001c0fbdc8000)
 Next Bits: [0x000001c0fbdd0000, 0x000001c0ffd38000)

Polling page: 0x000001c0ddc00000

Metaspace:

Usage:
  Non-class:     33.64 MB used.
      Class:      3.90 MB used.
       Both:     37.54 MB used.

Virtual space:
  Non-class space:       64.00 MB reserved,      33.75 MB ( 53%) committed,  1 nodes.
      Class space:        1.00 GB reserved,       4.00 MB ( <1%) committed,  1 nodes.
             Both:        1.06 GB reserved,      37.75 MB (  3%) committed. 

Chunk freelists:
   Non-Class:  14.06 MB
       Class:  12.06 MB
        Both:  26.13 MB

MaxMetaspaceSize: unlimited
CompressedClassSpaceSize: 1.00 GB
Initial GC threshold: 21.00 MB
Current GC threshold: 62.81 MB
CDS: on
MetaspaceReclaimPolicy: balanced
 - commit_granule_bytes: 65536.
 - commit_granule_words: 8192.
 - virtual_space_node_default_size: 8388608.
 - enlarge_chunks_in_place: 1.
 - new_chunks_are_fully_committed: 0.
 - uncommit_free_chunks: 1.
 - use_allocation_guard: 0.
 - handle_deallocations: 1.


Internal statistics:

num_allocs_failed_limit: 3.
num_arena_births: 162.
num_arena_deaths: 64.
num_vsnodes_births: 2.
num_vsnodes_deaths: 0.
num_space_committed: 604.
num_space_uncommitted: 0.
num_chunks_returned_to_freelist: 70.
num_chunks_taken_from_freelist: 1211.
num_chunk_merges: 22.
num_chunk_splits: 1034.
num_chunks_enlarged: 954.
num_inconsistent_stats: 0.

CodeHeap 'non-profiled nmethods': size=120000Kb used=6486Kb max_used=6486Kb free=113513Kb
 bounds [0x000001c0eeb40000, 0x000001c0ef1a0000, 0x000001c0f6070000]
CodeHeap 'profiled nmethods': size=120000Kb used=16113Kb max_used=16113Kb free=103886Kb
 bounds [0x000001c0e7070000, 0x000001c0e8030000, 0x000001c0ee5a0000]
CodeHeap 'non-nmethods': size=5760Kb used=1902Kb max_used=1982Kb free=3857Kb
 bounds [0x000001c0ee5a0000, 0x000001c0ee810000, 0x000001c0eeb40000]
 total_blobs=8995 nmethods=7611 adapters=1296
 compilation: enabled
              stopped_count=0, restarted_count=0
 full_count=0

Compilation events (20 events):
Event: 16255.593 Thread 0x000001c082414e50 8989   !   3       jdk.internal.ref.PhantomCleanable::isListEmpty (34 bytes)
Event: 16255.593 Thread 0x000001c082414e50 nmethod 8989 0x000001c0e8027710 code [0x000001c0e80278a0, 0x000001c0e8027af8]
Event: 16255.593 Thread 0x000001c082414e50 8990       3       jdk.internal.misc.InnocuousThread::eraseThreadLocals (23 bytes)
Event: 16255.593 Thread 0x000001c082414e50 nmethod 8990 0x000001c0e7ab8b10 code [0x000001c0e7ab8ca0, 0x000001c0e7ab8e98]
Event: 16274.624 Thread 0x000001c082414e50 8991       3       java.util.IdentityHashMap$IdentityHashMapIterator::nextIndex (72 bytes)
Event: 16274.624 Thread 0x000001c082414e50 nmethod 8991 0x000001c0e8027c10 code [0x000001c0e8027de0, 0x000001c0e8028228]
Event: 16274.634 Thread 0x000001c082414e50 8992   !   3       java.util.concurrent.locks.AbstractQueuedSynchronizer$ConditionObject::await (183 bytes)
Event: 16274.637 Thread 0x000001c082414e50 nmethod 8992 0x000001c0e8028390 code [0x000001c0e80286e0, 0x000001c0e8029c18]
Event: 16274.639 Thread 0x000001c082414e50 8993       1       java.lang.reflect.Method::getDeclaringClass (5 bytes)
Event: 16274.639 Thread 0x000001c082414e50 nmethod 8993 0x000001c0ef195090 code [0x000001c0ef195220, 0x000001c0ef1952f8]
Event: 16274.641 Thread 0x000001c082414e50 8994       3       jdk.internal.org.objectweb.asm.Frame::accept (264 bytes)
Event: 16274.642 Thread 0x000001c082414e50 nmethod 8994 0x000001c0e802a410 code [0x000001c0e802a640, 0x000001c0e802af78]
Event: 16274.642 Thread 0x000001c082414e50 8995       3       jdk.internal.org.objectweb.asm.MethodWriter::visitFrameStart (55 bytes)
Event: 16274.642 Thread 0x000001c082414e50 nmethod 8995 0x000001c0e802b310 code [0x000001c0e802b4c0, 0x000001c0e802b7f8]
Event: 16274.642 Thread 0x000001c082414e50 8996       3       jdk.internal.org.objectweb.asm.MethodWriter::visitFrameEnd (53 bytes)
Event: 16274.643 Thread 0x000001c082414e50 nmethod 8996 0x000001c0e802b990 code [0x000001c0e802bb60, 0x000001c0e802c068]
Event: 16274.643 Thread 0x000001c082414e50 8997       3       java.lang.PublicMethods$Key::matches (31 bytes)
Event: 16274.644 Thread 0x000001c082414e50 nmethod 8997 0x000001c0e802c190 code [0x000001c0e802c360, 0x000001c0e802c6d8]
Event: 16274.644 Thread 0x000001c082414e50 8998       1       java.lang.reflect.Method::getSharedParameterTypes (5 bytes)
Event: 16274.644 Thread 0x000001c082414e50 nmethod 8998 0x000001c0ef195390 code [0x000001c0ef195520, 0x000001c0ef1955f8]

GC Heap History (20 events):
Event: 16131.185 GC heap before
{Heap before GC invocations=39 (full 11):
 garbage-first heap   total 90112K, used 73945K [0x0000000702600000, 0x0000000800000000)
  region size 2048K, 24 young (49152K), 0 survivors (0K)
 Metaspace       used 38156K, committed 38400K, reserved 1114112K
  class space    used 3974K, committed 4096K, reserved 1048576K
}
Event: 16131.189 GC heap after
{Heap after GC invocations=40 (full 11):
 garbage-first heap   total 90112K, used 24864K [0x0000000702600000, 0x0000000800000000)
  region size 2048K, 1 young (2048K), 1 survivors (2048K)
 Metaspace       used 38156K, committed 38400K, reserved 1114112K
  class space    used 3974K, committed 4096K, reserved 1048576K
}
Event: 16138.178 GC heap before
{Heap before GC invocations=40 (full 11):
 garbage-first heap   total 90112K, used 39200K [0x0000000702600000, 0x0000000800000000)
  region size 2048K, 9 young (18432K), 1 survivors (2048K)
 Metaspace       used 38156K, committed 38400K, reserved 1114112K
  class space    used 3974K, committed 4096K, reserved 1048576K
}
Event: 16138.216 GC heap after
{Heap after GC invocations=41 (full 12):
 garbage-first heap   total 90112K, used 24792K [0x0000000702600000, 0x0000000800000000)
  region size 2048K, 0 young (0K), 0 survivors (0K)
 Metaspace       used 38156K, committed 38400K, reserved 1114112K
  class space    used 3974K, committed 4096K, reserved 1048576K
}
Event: 16161.278 GC heap before
{Heap before GC invocations=41 (full 12):
 garbage-first heap   total 90112K, used 73944K [0x0000000702600000, 0x0000000800000000)
  region size 2048K, 24 young (49152K), 0 survivors (0K)
 Metaspace       used 38156K, committed 38400K, reserved 1114112K
  class space    used 3974K, committed 4096K, reserved 1048576K
}
Event: 16161.280 GC heap after
{Heap after GC invocations=42 (full 12):
 garbage-first heap   total 90112K, used 24857K [0x0000000702600000, 0x0000000800000000)
  region size 2048K, 1 young (2048K), 1 survivors (2048K)
 Metaspace       used 38156K, committed 38400K, reserved 1114112K
  class space    used 3974K, committed 4096K, reserved 1048576K
}
Event: 16168.232 GC heap before
{Heap before GC invocations=42 (full 12):
 garbage-first heap   total 90112K, used 39193K [0x0000000702600000, 0x0000000800000000)
  region size 2048K, 9 young (18432K), 1 survivors (2048K)
 Metaspace       used 38156K, committed 38400K, reserved 1114112K
  class space    used 3974K, committed 4096K, reserved 1048576K
}
Event: 16168.281 GC heap after
{Heap after GC invocations=43 (full 13):
 garbage-first heap   total 90112K, used 24792K [0x0000000702600000, 0x0000000800000000)
  region size 2048K, 0 young (0K), 0 survivors (0K)
 Metaspace       used 38156K, committed 38400K, reserved 1114112K
  class space    used 3974K, committed 4096K, reserved 1048576K
}
Event: 16191.801 GC heap before
{Heap before GC invocations=43 (full 13):
 garbage-first heap   total 90112K, used 75992K [0x0000000702600000, 0x0000000800000000)
  region size 2048K, 25 young (51200K), 0 survivors (0K)
 Metaspace       used 38156K, committed 38400K, reserved 1114112K
  class space    used 3974K, committed 4096K, reserved 1048576K
}
Event: 16191.802 GC heap after
{Heap after GC invocations=44 (full 13):
 garbage-first heap   total 90112K, used 24862K [0x0000000702600000, 0x0000000800000000)
  region size 2048K, 1 young (2048K), 1 survivors (2048K)
 Metaspace       used 38156K, committed 38400K, reserved 1114112K
  class space    used 3974K, committed 4096K, reserved 1048576K
}
Event: 16198.285 GC heap before
{Heap before GC invocations=44 (full 13):
 garbage-first heap   total 90112K, used 37150K [0x0000000702600000, 0x0000000800000000)
  region size 2048K, 8 young (16384K), 1 survivors (2048K)
 Metaspace       used 38156K, committed 38400K, reserved 1114112K
  class space    used 3974K, committed 4096K, reserved 1048576K
}
Event: 16198.334 GC heap after
{Heap after GC invocations=45 (full 14):
 garbage-first heap   total 90112K, used 24792K [0x0000000702600000, 0x0000000800000000)
  region size 2048K, 0 young (0K), 0 survivors (0K)
 Metaspace       used 38156K, committed 38400K, reserved 1114112K
  class space    used 3974K, committed 4096K, reserved 1048576K
}
Event: 16216.116 GC heap before
{Heap before GC invocations=45 (full 14):
 garbage-first heap   total 90112K, used 73944K [0x0000000702600000, 0x0000000800000000)
  region size 2048K, 24 young (49152K), 0 survivors (0K)
 Metaspace       used 38192K, committed 38400K, reserved 1114112K
  class space    used 3975K, committed 4096K, reserved 1048576K
}
Event: 16216.119 GC heap after
{Heap after GC invocations=46 (full 14):
 garbage-first heap   total 90112K, used 25145K [0x0000000702600000, 0x0000000800000000)
  region size 2048K, 1 young (2048K), 1 survivors (2048K)
 Metaspace       used 38192K, committed 38400K, reserved 1114112K
  class space    used 3975K, committed 4096K, reserved 1048576K
}
Event: 16228.347 GC heap before
{Heap before GC invocations=46 (full 14):
 garbage-first heap   total 90112K, used 57913K [0x0000000702600000, 0x0000000800000000)
  region size 2048K, 18 young (36864K), 1 survivors (2048K)
 Metaspace       used 38250K, committed 38464K, reserved 1114112K
  class space    used 3976K, committed 4096K, reserved 1048576K
}
Event: 16228.386 GC heap after
{Heap after GC invocations=47 (full 15):
 garbage-first heap   total 90112K, used 25366K [0x0000000702600000, 0x0000000800000000)
  region size 2048K, 0 young (0K), 0 survivors (0K)
 Metaspace       used 38250K, committed 38464K, reserved 1114112K
  class space    used 3976K, committed 4096K, reserved 1048576K
}
Event: 16243.390 GC heap before
{Heap before GC invocations=47 (full 15):
 garbage-first heap   total 90112K, used 74518K [0x0000000702600000, 0x0000000800000000)
  region size 2048K, 24 young (49152K), 0 survivors (0K)
 Metaspace       used 38350K, committed 38592K, reserved 1114112K
  class space    used 3976K, committed 4096K, reserved 1048576K
}
Event: 16243.398 GC heap after
{Heap after GC invocations=48 (full 15):
 garbage-first heap   total 90112K, used 28587K [0x0000000702600000, 0x0000000800000000)
  region size 2048K, 2 young (4096K), 2 survivors (4096K)
 Metaspace       used 38350K, committed 38592K, reserved 1114112K
  class space    used 3976K, committed 4096K, reserved 1048576K
}
Event: 16258.393 GC heap before
{Heap before GC invocations=48 (full 15):
 garbage-first heap   total 90112K, used 59307K [0x0000000702600000, 0x0000000800000000)
  region size 2048K, 18 young (36864K), 2 survivors (4096K)
 Metaspace       used 38351K, committed 38592K, reserved 1114112K
  class space    used 3976K, committed 4096K, reserved 1048576K
}
Event: 16258.437 GC heap after
{Heap after GC invocations=49 (full 16):
 garbage-first heap   total 90112K, used 24562K [0x0000000702600000, 0x0000000800000000)
  region size 2048K, 0 young (0K), 0 survivors (0K)
 Metaspace       used 38351K, committed 38592K, reserved 1114112K
  class space    used 3976K, committed 4096K, reserved 1048576K
}

Dll operation events (14 events):
Event: 0.009 Loaded shared library C:\Users\HP\.jdks\corretto-17.0.7\bin\java.dll
Event: 0.030 Loaded shared library C:\Users\HP\.jdks\corretto-17.0.7\bin\jsvml.dll
Event: 0.206 Loaded shared library C:\Users\HP\.jdks\corretto-17.0.7\bin\zip.dll
Event: 0.208 Loaded shared library C:\Users\HP\.jdks\corretto-17.0.7\bin\instrument.dll
Event: 0.216 Loaded shared library C:\Users\HP\.jdks\corretto-17.0.7\bin\net.dll
Event: 0.218 Loaded shared library C:\Users\HP\.jdks\corretto-17.0.7\bin\nio.dll
Event: 0.223 Loaded shared library C:\Users\HP\.jdks\corretto-17.0.7\bin\zip.dll
Event: 0.317 Loaded shared library C:\Program Files\JetBrains\IntelliJ IDEA Community Edition 2021.3.2\bin\breakgen64.dll
Event: 0.471 Loaded shared library C:\Users\HP\.jdks\corretto-17.0.7\bin\jimage.dll
Event: 0.475 Loaded shared library C:\Users\HP\.jdks\corretto-17.0.7\bin\awt.dll
Event: 1.116 Loaded shared library C:\Users\HP\.skiko\0de0d8dd8554d9bb66cfca3837db6514ff9b71080e998917280a3b777460a416\skiko-windows-x64.dll
Event: 1.521 Loaded shared library C:\Users\HP\.jdks\corretto-17.0.7\bin\freetype.dll
Event: 1.522 Loaded shared library C:\Users\HP\.jdks\corretto-17.0.7\bin\fontmanager.dll
Event: 5.266 Loaded shared library C:\Users\HP\AppData\Local\io-realm-kotlin\f7113120ba00ba1ff91d696eecd3919e85a4e34e\realmc.dll

Deoptimization events (20 events):
Event: 16274.628 Thread 0x000001c0875e8e30 Uncommon trap: trap_request=0xffffff45 fr.pc=0x000001c0ef17e618 relative=0x0000000000000178
Event: 16274.628 Thread 0x000001c0875e8e30 Uncommon trap: reason=unstable_if action=reinterpret pc=0x000001c0ef17e618 method=kotlinx.coroutines.JobSupport.cancelParent(Ljava/lang/Throwable;)Z @ 39 c2
Event: 16274.628 Thread 0x000001c0875e8e30 DEOPT PACKING pc=0x000001c0ef17e618 sp=0x00000048db7fe220
Event: 16274.628 Thread 0x000001c0875e8e30 DEOPT UNPACKING pc=0x000001c0ee5f69a3 sp=0x00000048db7fe1a0 mode 2
Event: 16274.634 Thread 0x000001c08f3b1090 Uncommon trap: trap_request=0xffffff45 fr.pc=0x000001c0eeeb7c34 relative=0x00000000000004b4
Event: 16274.634 Thread 0x000001c08f3b1090 Uncommon trap: reason=unstable_if action=reinterpret pc=0x000001c0eeeb7c34 method=java.util.concurrent.locks.AbstractQueuedSynchronizer$ConditionNode.isReleasable()Z @ 14 c2
Event: 16274.634 Thread 0x000001c08f3b1090 DEOPT PACKING pc=0x000001c0eeeb7c34 sp=0x00000048db4feef0
Event: 16274.634 Thread 0x000001c08f3b1090 DEOPT UNPACKING pc=0x000001c0ee5f69a3 sp=0x00000048db4fed20 mode 2
Event: 16274.634 Thread 0x000001c08f3b1090 Uncommon trap: trap_request=0xffffff45 fr.pc=0x000001c0eeb40bcc relative=0x000000000000004c
Event: 16274.634 Thread 0x000001c08f3b1090 Uncommon trap: reason=unstable_if action=reinterpret pc=0x000001c0eeb40bcc method=java.lang.Thread.interrupted()Z @ 10 c2
Event: 16274.635 Thread 0x000001c08f3b1090 DEOPT PACKING pc=0x000001c0eeb40bcc sp=0x00000048db4feea0
Event: 16274.635 Thread 0x000001c08f3b1090 DEOPT UNPACKING pc=0x000001c0ee5f69a3 sp=0x00000048db4fee30 mode 2
Event: 16274.635 Thread 0x000001c087b44ba0 Uncommon trap: trap_request=0xffffff45 fr.pc=0x000001c0eeeb7c34 relative=0x00000000000004b4
Event: 16274.635 Thread 0x000001c087b44ba0 Uncommon trap: reason=unstable_if action=reinterpret pc=0x000001c0eeeb7c34 method=java.util.concurrent.locks.AbstractQueuedSynchronizer$ConditionNode.isReleasable()Z @ 14 c2
Event: 16274.635 Thread 0x000001c087b44ba0 DEOPT PACKING pc=0x000001c0eeeb7c34 sp=0x00000048db0fee90
Event: 16274.635 Thread 0x000001c087b44ba0 DEOPT UNPACKING pc=0x000001c0ee5f69a3 sp=0x00000048db0fecc0 mode 2
Event: 16274.650 Thread 0x000001c0875eee70 Uncommon trap: trap_request=0xffffff45 fr.pc=0x000001c0eed3d688 relative=0x00000000000006c8
Event: 16274.650 Thread 0x000001c0875eee70 Uncommon trap: reason=unstable_if action=reinterpret pc=0x000001c0eed3d688 method=java.util.HashMap$HashIterator.<init>(Ljava/util/HashMap;)V @ 45 c2
Event: 16274.650 Thread 0x000001c0875eee70 DEOPT PACKING pc=0x000001c0eed3d688 sp=0x00000048db9fe610
Event: 16274.650 Thread 0x000001c0875eee70 DEOPT UNPACKING pc=0x000001c0ee5f69a3 sp=0x00000048db9fe4a0 mode 2

Classes unloaded (20 events):
Event: 15717.704 Thread 0x000001c0823eea20 Unloading class 0x00000008010a4000 'java/lang/invoke/LambdaForm$DMH+0x00000008010a4000'
Event: 15717.704 Thread 0x000001c0823eea20 Unloading class 0x000000080108c800 'java/lang/invoke/LambdaForm$DMH+0x000000080108c800'
Event: 15717.704 Thread 0x000001c0823eea20 Unloading class 0x000000080108c000 'java/lang/invoke/LambdaForm$DMH+0x000000080108c000'
Event: 15717.704 Thread 0x000001c0823eea20 Unloading class 0x0000000801021800 'java/lang/invoke/LambdaForm$MH+0x0000000801021800'
Event: 15717.704 Thread 0x000001c0823eea20 Unloading class 0x0000000801021400 'java/lang/invoke/LambdaForm$MH+0x0000000801021400'
Event: 15717.704 Thread 0x000001c0823eea20 Unloading class 0x0000000801020c00 'java/lang/invoke/LambdaForm$MH+0x0000000801020c00'
Event: 15717.704 Thread 0x000001c0823eea20 Unloading class 0x0000000801020400 'java/lang/invoke/LambdaForm$MH+0x0000000801020400'
Event: 15717.704 Thread 0x000001c0823eea20 Unloading class 0x0000000801020000 'java/lang/invoke/LambdaForm$MH+0x0000000801020000'
Event: 15717.704 Thread 0x000001c0823eea20 Unloading class 0x000000080101fc00 'java/lang/invoke/LambdaForm$MH+0x000000080101fc00'
Event: 15717.704 Thread 0x000001c0823eea20 Unloading class 0x000000080101f800 'java/lang/invoke/LambdaForm$MH+0x000000080101f800'
Event: 15717.704 Thread 0x000001c0823eea20 Unloading class 0x000000080101f400 'java/lang/invoke/LambdaForm$MH+0x000000080101f400'
Event: 15717.704 Thread 0x000001c0823eea20 Unloading class 0x000000080101f000 'java/lang/invoke/LambdaForm$MH+0x000000080101f000'
Event: 15717.704 Thread 0x000001c0823eea20 Unloading class 0x000000080101ec00 'java/lang/invoke/LambdaForm$MH+0x000000080101ec00'
Event: 15717.704 Thread 0x000001c0823eea20 Unloading class 0x000000080101e800 'java/lang/invoke/LambdaForm$MH+0x000000080101e800'
Event: 15717.704 Thread 0x000001c0823eea20 Unloading class 0x000000080101e000 'java/lang/invoke/LambdaForm$MH+0x000000080101e000'
Event: 15717.704 Thread 0x000001c0823eea20 Unloading class 0x000000080101d800 'java/lang/invoke/LambdaForm$MH+0x000000080101d800'
Event: 15717.704 Thread 0x000001c0823eea20 Unloading class 0x000000080101d400 'java/lang/invoke/LambdaForm$MH+0x000000080101d400'
Event: 15717.704 Thread 0x000001c0823eea20 Unloading class 0x000000080101cc00 'java/lang/invoke/LambdaForm$MH+0x000000080101cc00'
Event: 15717.704 Thread 0x000001c0823eea20 Unloading class 0x000000080101c800 'java/lang/invoke/LambdaForm$MH+0x000000080101c800'
Event: 15717.704 Thread 0x000001c0823eea20 Unloading class 0x000000080101c000 'java/lang/invoke/LambdaForm$MH+0x000000080101c000'

Classes redefined (0 events):
No events

Internal exceptions (20 events):
Event: 1.349 Thread 0x000001c0874beb60 Exception <a 'java/lang/NoSuchMethodError'{0x0000000710ff2908}: 'java.lang.Object java.lang.invoke.DirectMethodHandle$Holder.invokeStatic(java.lang.Object, int, java.lang.Object, java.lang.Object, java.lang.Object, java.lang.Object)'> (0x0000000710ff2908) 
thrown [s\src\hotspot\share\interpreter\linkResolver.cpp, line 759]
Event: 1.355 Thread 0x000001c0874beb60 Exception <a 'java/lang/NoSuchMethodError'{0x0000000710c18b80}: 'java.lang.Object java.lang.invoke.DirectMethodHandle$Holder.invokeStatic(java.lang.Object, int, java.lang.Object)'> (0x0000000710c18b80) 
thrown [s\src\hotspot\share\interpreter\linkResolver.cpp, line 759]
Event: 1.379 Thread 0x000001c0874beb60 Exception <a 'java/lang/ClassNotFoundException'{0x0000000710cd5148}: com/sun/swing/internal/plaf/metal/resources/spi/metalProvider> (0x0000000710cd5148) 
thrown [s\src\hotspot\share\classfile\systemDictionary.cpp, line 256]
Event: 1.380 Thread 0x000001c0874beb60 Exception <a 'java/lang/ClassNotFoundException'{0x0000000710cd90e8}: com/sun/swing/internal/plaf/basic/resources/spi/basicProvider> (0x0000000710cd90e8) 
thrown [s\src\hotspot\share\classfile\systemDictionary.cpp, line 256]
Event: 1.388 Thread 0x000001c0874beb60 Implicit null exception at 0x000001c0eeb6b310 to 0x000001c0eeb6b6e4
Event: 1.388 Thread 0x000001c0874beb60 Implicit null exception at 0x000001c0eeb68490 to 0x000001c0eeb68848
Event: 1.415 Thread 0x000001c0874beb60 Exception <a 'java/lang/NoSuchMethodError'{0x0000000710deab58}: 'void java.lang.invoke.DirectMethodHandle$Holder.invokeStatic(java.lang.Object, java.lang.Object, java.lang.Object)'> (0x0000000710deab58) 
thrown [s\src\hotspot\share\interpreter\linkResolver.cpp, line 759]
Event: 1.515 Thread 0x000001c0874beb60 Exception <a 'java/lang/NoSuchMethodError'{0x00000007108ca220}: 'void java.lang.invoke.DirectMethodHandle$Holder.invokeStaticInit(java.lang.Object)'> (0x00000007108ca220) 
thrown [s\src\hotspot\share\interpreter\linkResolver.cpp, line 759]
Event: 1.740 Thread 0x000001c0874beb60 Exception <a 'java/lang/NoSuchMethodError'{0x000000071210c340}: 'int java.lang.invoke.DirectMethodHandle$Holder.invokeStaticInit(java.lang.Object, java.lang.Object, java.lang.Object)'> (0x000000071210c340) 
thrown [s\src\hotspot\share\interpreter\linkResolver.cpp, line 759]
Event: 2.185 Thread 0x000001c087467d00 Exception <a 'java/lang/NoSuchMethodError'{0x0000000710a00be8}: 'void java.lang.invoke.DirectMethodHandle$Holder.invokeVirtual(java.lang.Object, java.lang.Object)'> (0x0000000710a00be8) 
thrown [s\src\hotspot\share\interpreter\linkResolver.cpp, line 759]
Event: 4.555 Thread 0x000001c0874beb60 Exception <a 'java/lang/NoSuchMethodError'{0x0000000704be14f0}: 'int java.lang.invoke.DirectMethodHandle$Holder.invokeStaticInit(java.lang.Object, long, long)'> (0x0000000704be14f0) 
thrown [s\src\hotspot\share\interpreter\linkResolver.cpp, line 759]
Event: 5.141 Thread 0x000001c0874beb60 Exception <a 'java/lang/NoSuchMethodError'{0x0000000712221ab8}: 'java.lang.Object java.lang.invoke.DirectMethodHandle$Holder.newInvokeSpecial(java.lang.Object, int, java.lang.Object)'> (0x0000000712221ab8) 
thrown [s\src\hotspot\share\interpreter\linkResolver.cpp, line 759]
Event: 39.188 Thread 0x000001c0874beb60 Implicit null exception at 0x000001c0eee87780 to 0x000001c0eee8f3ac
Event: 39.189 Thread 0x000001c0874beb60 Implicit null exception at 0x000001c0eeedb2a0 to 0x000001c0eeedb6f0
Event: 39.215 Thread 0x000001c0874beb60 Implicit null exception at 0x000001c0eee2f920 to 0x000001c0eee2fc52
Event: 15631.265 Thread 0x000001c0874beb60 Implicit null exception at 0x000001c0eef14963 to 0x000001c0eef14f94
Event: 15631.385 Thread 0x000001c0874beb60 Implicit null exception at 0x000001c0eee95e75 to 0x000001c0eee988c8
Event: 15694.554 Thread 0x000001c0874beb60 Exception <a 'java/lang/NoSuchMethodError'{0x00000007074ebd58}: 'void java.lang.invoke.DirectMethodHandle$Holder.invokeStatic(java.lang.Object, java.lang.Object, java.lang.Object, java.lang.Object)'> (0x00000007074ebd58) 
thrown [s\src\hotspot\share\interpreter\linkResolver.cpp, line 759]
Event: 15710.168 Thread 0x000001c0874beb60 Implicit null exception at 0x000001c0eef954c0 to 0x000001c0eef95ea8
Event: 16220.554 Thread 0x000001c0874beb60 Implicit null exception at 0x000001c0eed8b100 to 0x000001c0eed8c000

VM Operations (20 events):
Event: 16233.441 Executing VM operation: Cleanup
Event: 16233.441 Executing VM operation: Cleanup done
Event: 16237.475 Executing VM operation: Cleanup
Event: 16237.475 Executing VM operation: Cleanup done
Event: 16239.480 Executing VM operation: Cleanup
Event: 16239.481 Executing VM operation: Cleanup done
Event: 16240.493 Executing VM operation: Cleanup
Event: 16240.493 Executing VM operation: Cleanup done
Event: 16241.496 Executing VM operation: Cleanup
Event: 16241.496 Executing VM operation: Cleanup done
Event: 16242.502 Executing VM operation: Cleanup
Event: 16242.502 Executing VM operation: Cleanup done
Event: 16243.390 Executing VM operation: G1CollectForAllocation
Event: 16243.398 Executing VM operation: G1CollectForAllocation done
Event: 16244.409 Executing VM operation: Cleanup
Event: 16244.409 Executing VM operation: Cleanup done
Event: 16246.418 Executing VM operation: Cleanup
Event: 16246.418 Executing VM operation: Cleanup done
Event: 16258.393 Executing VM operation: G1CollectFull
Event: 16258.437 Executing VM operation: G1CollectFull done

Events (20 events):
Event: 16274.624 Thread 0x000001c0875eee70 Thread added: 0x000001c0875eee70
Event: 16274.626 Thread 0x000001c0875e9300 Thread exited: 0x000001c0875e9300
Event: 16274.634 Thread 0x000001c0875e8e30 Thread exited: 0x000001c0875e8e30
Event: 16274.635 Thread 0x000001c08f3b1090 Thread exited: 0x000001c08f3b1090
Event: 16274.635 Thread 0x000001c087b44ba0 Thread exited: 0x000001c087b44ba0
Event: 16274.639 Thread 0x000001c087467d00 Thread exited: 0x000001c087467d00
Event: 16274.646 loading class jdk/internal/reflect/UnsafeIntegerFieldAccessorImpl
Event: 16274.646 loading class jdk/internal/reflect/UnsafeIntegerFieldAccessorImpl done
Event: 16274.648 loading class java/lang/reflect/TypeVariable
Event: 16274.648 loading class java/lang/reflect/TypeVariable done
Event: 16274.648 loading class sun/reflect/generics/repository/ClassRepository
Event: 16274.648 loading class sun/reflect/generics/repository/GenericDeclRepository
Event: 16274.648 loading class sun/reflect/generics/repository/AbstractRepository
Event: 16274.648 loading class sun/reflect/generics/repository/AbstractRepository done
Event: 16274.648 loading class sun/reflect/generics/repository/GenericDeclRepository done
Event: 16274.648 loading class sun/reflect/generics/repository/ClassRepository done
Event: 16274.648 loading class java/lang/Class$EnclosingMethodInfo
Event: 16274.648 loading class java/lang/Class$EnclosingMethodInfo done
Event: 16274.649 loading class java/lang/reflect/AnnotatedType
Event: 16274.649 loading class java/lang/reflect/AnnotatedType done


Dynamic libraries:
0x00007ff7eeda0000 - 0x00007ff7eedad000 	C:\Users\HP\.jdks\corretto-17.0.7\bin\java.exe
0x00007ffee9b50000 - 0x00007ffee9d48000 	C:\Windows\SYSTEM32\ntdll.dll
0x00007ffee90d0000 - 0x00007ffee918f000 	C:\Windows\System32\KERNEL32.DLL
0x00007ffee7790000 - 0x00007ffee7a86000 	C:\Windows\System32\KERNELBASE.dll
0x00007ffee7410000 - 0x00007ffee7510000 	C:\Windows\System32\ucrtbase.dll
0x00007ffeced70000 - 0x00007ffeced85000 	C:\Users\HP\.jdks\corretto-17.0.7\bin\VCRUNTIME140.dll
0x00007ffedbcc0000 - 0x00007ffedbcd7000 	C:\Users\HP\.jdks\corretto-17.0.7\bin\jli.dll
0x00007ffee9970000 - 0x00007ffee9b0d000 	C:\Windows\System32\USER32.dll
0x00007ffee76c0000 - 0x00007ffee76e2000 	C:\Windows\System32\win32u.dll
0x00007ffee90a0000 - 0x00007ffee90cc000 	C:\Windows\System32\GDI32.dll
0x00007ffee7a90000 - 0x00007ffee7ba5000 	C:\Windows\System32\gdi32full.dll
0x00007ffee72c0000 - 0x00007ffee735d000 	C:\Windows\System32\msvcp_win.dll
0x00007ffecd150000 - 0x00007ffecd3ea000 	C:\Windows\WinSxS\amd64_microsoft.windows.common-controls_6595b64144ccf1df_6.0.19041.1110_none_60b5254171f9507e\COMCTL32.dll
0x00007ffee8310000 - 0x00007ffee83ae000 	C:\Windows\System32\msvcrt.dll
0x00007ffee8600000 - 0x00007ffee8630000 	C:\Windows\System32\IMM32.DLL
0x00007ffec1e20000 - 0x00007ffec1ebb000 	C:\Users\HP\.jdks\corretto-17.0.7\bin\msvcp140.dll
0x00007ffea5510000 - 0x00007ffea612a000 	C:\Users\HP\.jdks\corretto-17.0.7\bin\server\jvm.dll
0x00007ffee8630000 - 0x00007ffee86df000 	C:\Windows\System32\ADVAPI32.dll
0x00007ffee8560000 - 0x00007ffee85fc000 	C:\Windows\System32\sechost.dll
0x00007ffee7d70000 - 0x00007ffee7e96000 	C:\Windows\System32\RPCRT4.dll
0x00007ffee0fa0000 - 0x00007ffee0fa9000 	C:\Windows\SYSTEM32\WSOCK32.dll
0x00007ffee8e70000 - 0x00007ffee8edb000 	C:\Windows\System32\WS2_32.dll
0x00007ffecca00000 - 0x00007ffecca27000 	C:\Windows\SYSTEM32\WINMM.dll
0x00007ffedb320000 - 0x00007ffedb32a000 	C:\Windows\SYSTEM32\VERSION.dll
0x00007ffee5a20000 - 0x00007ffee5a32000 	C:\Windows\SYSTEM32\kernel.appcore.dll
0x00007ffedf290000 - 0x00007ffedf29a000 	C:\Users\HP\.jdks\corretto-17.0.7\bin\jimage.dll
0x00007ffee1f40000 - 0x00007ffee2124000 	C:\Windows\SYSTEM32\DBGHELP.DLL
0x00007ffecec70000 - 0x00007ffececa4000 	C:\Windows\SYSTEM32\dbgcore.DLL
0x00007ffee7230000 - 0x00007ffee72b2000 	C:\Windows\System32\bcryptPrimitives.dll
0x00007ffedf230000 - 0x00007ffedf23e000 	C:\Users\HP\.jdks\corretto-17.0.7\bin\instrument.dll
0x00007ffeca980000 - 0x00007ffeca9a5000 	C:\Users\HP\.jdks\corretto-17.0.7\bin\java.dll
0x00007ffebaa40000 - 0x00007ffebab16000 	C:\Users\HP\.jdks\corretto-17.0.7\bin\jsvml.dll
0x00007ffee9190000 - 0x00007ffee98d4000 	C:\Windows\System32\SHELL32.dll
0x00007ffee2130000 - 0x00007ffee28c4000 	C:\Windows\SYSTEM32\windows.storage.dll
0x00007ffee8890000 - 0x00007ffee8be4000 	C:\Windows\System32\combase.dll
0x00007ffee6ab0000 - 0x00007ffee6ade000 	C:\Windows\SYSTEM32\Wldp.dll
0x00007ffee8f90000 - 0x00007ffee903d000 	C:\Windows\System32\SHCORE.dll
0x00007ffee9040000 - 0x00007ffee9095000 	C:\Windows\System32\shlwapi.dll
0x00007ffee7160000 - 0x00007ffee7185000 	C:\Windows\SYSTEM32\profapi.dll
0x00007ffec7110000 - 0x00007ffec7128000 	C:\Users\HP\.jdks\corretto-17.0.7\bin\zip.dll
0x00007ffeca7f0000 - 0x00007ffeca809000 	C:\Users\HP\.jdks\corretto-17.0.7\bin\net.dll
0x00007ffed8570000 - 0x00007ffed867a000 	C:\Windows\SYSTEM32\WINHTTP.dll
0x00007ffee6890000 - 0x00007ffee68fa000 	C:\Windows\system32\mswsock.dll
0x00007ffec73c0000 - 0x00007ffec73d5000 	C:\Users\HP\.jdks\corretto-17.0.7\bin\nio.dll
0x00007ffedc060000 - 0x00007ffedc07a000 	C:\Program Files\JetBrains\IntelliJ IDEA Community Edition 2021.3.2\bin\breakgen64.dll
0x00007ffea90e0000 - 0x00007ffea9289000 	C:\Users\HP\.jdks\corretto-17.0.7\bin\awt.dll
0x00007ffee87c0000 - 0x00007ffee888d000 	C:\Windows\System32\OLEAUT32.dll
0x00007ffee0ec0000 - 0x00007ffee0f51000 	C:\Windows\SYSTEM32\apphelp.dll
0x00007ffee1180000 - 0x00007ffee121e000 	C:\Windows\system32\uxtheme.dll
0x00007ffee8440000 - 0x00007ffee8554000 	C:\Windows\System32\MSCTF.dll
0x00007ffee8c00000 - 0x00007ffee8d2a000 	C:\Windows\System32\ole32.dll
0x00007ffee1320000 - 0x00007ffee134f000 	C:\Windows\system32\DWMAPI.DLL
0x00007ffeb5d50000 - 0x00007ffeb5e75000 	C:\Windows\system32\opengl32.dll
0x00007ffeb67f0000 - 0x00007ffeb681c000 	C:\Windows\SYSTEM32\GLU32.dll
0x00007ffee6af0000 - 0x00007ffee6b08000 	C:\Windows\SYSTEM32\CRYPTSP.dll
0x00007ffee61d0000 - 0x00007ffee6204000 	C:\Windows\system32\rsaenh.dll
0x00007ffee7760000 - 0x00007ffee7787000 	C:\Windows\System32\bcrypt.dll
0x00007ffee7120000 - 0x00007ffee714e000 	C:\Windows\SYSTEM32\USERENV.dll
0x00007ffee6a20000 - 0x00007ffee6a2c000 	C:\Windows\SYSTEM32\CRYPTBASE.dll
0x00007ffee65a0000 - 0x00007ffee65dc000 	C:\Windows\SYSTEM32\IPHLPAPI.DLL
0x00007ffee7d60000 - 0x00007ffee7d68000 	C:\Windows\System32\NSI.dll
0x00007ffeda430000 - 0x00007ffeda447000 	C:\Windows\SYSTEM32\dhcpcsvc6.DLL
0x00007ffed8d80000 - 0x00007ffed8d9d000 	C:\Windows\SYSTEM32\dhcpcsvc.DLL
0x00007ffee65e0000 - 0x00007ffee66aa000 	C:\Windows\SYSTEM32\DNSAPI.dll
0x00007ffe9d3a0000 - 0x00007ffe9e3ec000 	C:\Users\HP\.skiko\0de0d8dd8554d9bb66cfca3837db6514ff9b71080e998917280a3b777460a416\skiko-windows-x64.dll
0x00007ffec1f70000 - 0x00007ffec1ff3000 	C:\Users\HP\.jdks\corretto-17.0.7\bin\freetype.dll
0x00007ffeba3c0000 - 0x00007ffeba482000 	C:\Users\HP\.jdks\corretto-17.0.7\bin\fontmanager.dll
0x00007ffedd5a0000 - 0x00007ffedd5a7000 	C:\Users\HP\.jdks\corretto-17.0.7\bin\jawt.dll
0x00007ffee5a90000 - 0x00007ffee5b83000 	C:\Windows\SYSTEM32\Dxgi.dll
0x00007ffedbfe0000 - 0x00007ffedc000000 	C:\Windows\SYSTEM32\D3D12.dll
0x00007ffea8ae0000 - 0x00007ffea8cad000 	C:\Windows\SYSTEM32\D3D12Core.dll
0x00007ffeda9e0000 - 0x00007ffedaa1b000 	C:\Windows\SYSTEM32\dxcore.dll
0x00007ffee7670000 - 0x00007ffee76be000 	C:\Windows\System32\cfgmgr32.dll
0x00007ffed4390000 - 0x00007ffed6fa9000 	C:\Windows\System32\DriverStore\FileRepository\igdlh64.inf_amd64_e6daaea9afe1e6f6\igc64.dll
0x00007ffe72ab0000 - 0x00007ffe73f83000 	C:\Windows\System32\DriverStore\FileRepository\igdlh64.inf_amd64_e6daaea9afe1e6f6\igd12umd64.dll
0x00007ffeda000000 - 0x00007ffeda257000 	C:\Windows\System32\DriverStore\FileRepository\igdlh64.inf_amd64_e6daaea9afe1e6f6\igdgmm64.dll
0x00007ffea2920000 - 0x00007ffea2d2b000 	C:\Windows\System32\DriverStore\FileRepository\igdlh64.inf_amd64_e6daaea9afe1e6f6\igdml64.dll
0x00007ffedb7a0000 - 0x00007ffedb7cb000 	C:\Windows\SYSTEM32\D3DSCache.dll
0x00007ffe51780000 - 0x00007ffe55f82000 	C:\Windows\System32\DriverStore\FileRepository\igdlh64.inf_amd64_e6daaea9afe1e6f6\igd12dxva64.dll
0x00007ffee7ea0000 - 0x00007ffee830e000 	C:\Windows\System32\SETUPAPI.dll
0x00007ffe96bf0000 - 0x00007ffe96c17000 	C:\Windows\System32\DriverStore\FileRepository\igdlh64.inf_amd64_e6daaea9afe1e6f6\igdinfo64.dll
0x00007ffeddf50000 - 0x00007ffede157000 	C:\Windows\SYSTEM32\twinapi.appcore.dll
0x00007ffee8ee0000 - 0x00007ffee8f89000 	C:\Windows\System32\clbcatq.dll
0x00007ffe744c0000 - 0x00007ffe75492000 	C:\Windows\System32\DriverStore\FileRepository\igdlh64.inf_amd64_e6daaea9afe1e6f6\ig9icd64.dll
0x00007ffee7090000 - 0x00007ffee70db000 	C:\Windows\SYSTEM32\powrprof.dll
0x00007ffee7070000 - 0x00007ffee7082000 	C:\Windows\SYSTEM32\UMPDC.dll
0x00007ffed2250000 - 0x00007ffed24cf000 	C:\Windows\SYSTEM32\dwrite.dll
0x00007ffed3ec0000 - 0x00007ffed3fb9000 	C:\Windows\SYSTEM32\textinputframework.dll
0x00007ffee0460000 - 0x00007ffee07be000 	C:\Windows\System32\CoreUIComponents.dll
0x00007ffee0b40000 - 0x00007ffee0c32000 	C:\Windows\System32\CoreMessaging.dll
0x00007ffee62f0000 - 0x00007ffee6323000 	C:\Windows\SYSTEM32\ntmarta.dll
0x00007ffedf450000 - 0x00007ffedf5a4000 	C:\Windows\SYSTEM32\wintypes.dll
0x00007ffe60f60000 - 0x00007ffe61812000 	C:\Users\HP\AppData\Local\io-realm-kotlin\f7113120ba00ba1ff91d696eecd3919e85a4e34e\realmc.dll
0x00007ffee7510000 - 0x00007ffee766e000 	C:\Windows\System32\CRYPT32.dll
0x00007ffede280000 - 0x00007ffede2ea000 	C:\Windows\system32\Ninput.dll

dbghelp: loaded successfully - version: 4.0.5 - missing functions: none
symbol engine: initialized successfully - sym options: 0x614 - pdb path: .;C:\Users\HP\.jdks\corretto-17.0.7\bin;C:\Windows\SYSTEM32;C:\Windows\WinSxS\amd64_microsoft.windows.common-controls_6595b64144ccf1df_6.0.19041.1110_none_60b5254171f9507e;C:\Users\HP\.jdks\corretto-17.0.7\bin\server;C:\Program Files\JetBrains\IntelliJ IDEA Community Edition 2021.3.2\bin;C:\Users\HP\.skiko\0de0d8dd8554d9bb66cfca3837db6514ff9b71080e998917280a3b777460a416;C:\Windows\System32\DriverStore\FileRepository\igdlh64.inf_amd64_e6daaea9afe1e6f6;C:\Users\HP\AppData\Local\io-realm-kotlin\f7113120ba00ba1ff91d696eecd3919e85a4e34e

VM Arguments:
jvm_args: -Djava.library.path=C:\Users\HP\Desktop\newderar\build\classes\kotlin\jvm\main;C:\Users\HP\Desktop\newderar\build\processedResources\jvm\main -javaagent:C:\Program Files\JetBrains\IntelliJ IDEA Community Edition 2021.3.2\lib\idea_rt.jar=59070:C:\Program Files\JetBrains\IntelliJ IDEA Community Edition 2021.3.2\bin -Dfile.encoding=UTF-8 
java_command: MainKt
java_class_path (initial): C:\Users\HP\Desktop\newderar\build\classes\kotlin\jvm\main;C:\Users\HP\Desktop\newderar\build\processedResources\jvm\main;C:\Users\HP\.gradle\caches\modules-2\files-2.1\io.insert-koin\koin-androidx-compose\3.4.5\ae0a88b7a68d507e651c5a3d70a541594bea54cb\koin-androidx-compose-3.4.5.aar;C:\Users\HP\.gradle\caches\modules-2\files-2.1\androidx.navigation\navigation-compose\2.6.0\3f8ce7b0bad21cced0c47b42b6347c65a6e422c3\navigation-compose-2.6.0.aar;C:\Users\HP\.gradle\caches\modules-2\files-2.1\org.jetbrains.kotlin\kotlin-stdlib-jdk8\1.8.21\67f57e154437cd9e6e9cf368394b95814836ff88\kotlin-stdlib-jdk8-1.8.21.jar;C:\Users\HP\.gradle\caches\modules-2\files-2.1\org.apache.poi\poi-ooxml\4.1.2\87d9a22aa9a7dd26e80c360e709f7ee02e32ab3b\poi-ooxml-4.1.2.jar;C:\Users\HP\.gradle\caches\modules-2\files-2.1\org.apache.poi\poi\4.1.2\964bf41cf68bce08e4ef6b2279b559fdf8d454f4\poi-4.1.2.jar;C:\Users\HP\.gradle\caches\modules-2\files-2.1\org.lwjgl\lwjgl-nfd\3.3.1\622318116996ddcff449b46cb38f0fdee39b8ac3\lwjgl-nfd-3.3.1.jar;C:\Users\HP\.gradle\caches\modules-2\files-2.1\org.lwjgl\lwjgl-nfd\3.3.1\2e007667e04ed3281152ae5c6e677fb1c2211691\lwjgl-nfd-3.3.1-natives-linux.jar;C:\Users\HP\.gradle\caches\modules-2\files-2.1\org.lwjgl\lwjgl\3.3.1\ae58664f88e18a9bb2c77b063833ca7aaec484cb\lwjgl-3.3.1.jar;C:\Users\HP\.gradle\caches\modules-2\files-2.1\io.insert-koin\koin-android\3.4.0\48715fbe06102a59a30bd45b06ed2400c16c6f45\koin-android-3.4.0.aar;C:\Users\HP\.gradle\caches\modules-2\files-2.1\org.lwjgl\lwjgl-nfd\3.3.1\b3e04e317f55dd738d8a345cdafd15b39f85a2ea\lwjgl-nfd-3.3.1-natives-linux-arm32.jar;C:\Users\HP\.gradle\caches\modules-2\files-2.1\androidx.lifecycle\lifecycle-viewmodel-compose\2.6.1\38cf3bb65ff3e0e5c3d63de2ebf5411d0898108c\lifecycle-viewmodel-compose-2.6.1.aar;C:\Users\HP\.gradle\caches\modules-2\files-2.1\org.lwjgl\lwjgl-nfd\3.3.1\f41dc62336f7ee4ab35705cfa440cc903d199165\lwjgl-nfd-3.3.1-natives-linux-arm64.jar;C:\Users\HP\.gradle\caches\modules-2\files-2.1\androi
Launcher Type: SUN_STANDARD

[Global flags]
     intx CICompilerCount                          = 3                                         {product} {ergonomic}
     uint ConcGCThreads                            = 1                                         {product} {ergonomic}
     uint G1ConcRefinementThreads                  = 4                                         {product} {ergonomic}
   size_t G1HeapRegionSize                         = 2097152                                   {product} {ergonomic}
    uintx GCDrainStackTargetSize                   = 64                                        {product} {ergonomic}
   size_t InitialHeapSize                          = 266338304                                 {product} {ergonomic}
   size_t MarkStackSize                            = 4194304                                   {product} {ergonomic}
   size_t MaxHeapSize                              = 4255121408                                {product} {ergonomic}
   size_t MaxNewSize                               = 2552233984                                {product} {ergonomic}
   size_t MinHeapDeltaBytes                        = 2097152                                   {product} {ergonomic}
   size_t MinHeapSize                              = 8388608                                   {product} {ergonomic}
    uintx NonNMethodCodeHeapSize                   = 5832780                                {pd product} {ergonomic}
    uintx NonProfiledCodeHeapSize                  = 122912730                              {pd product} {ergonomic}
    uintx ProfiledCodeHeapSize                     = 122912730                              {pd product} {ergonomic}
    uintx ReservedCodeCacheSize                    = 251658240                              {pd product} {ergonomic}
     bool SegmentedCodeCache                       = true                                      {product} {ergonomic}
   size_t SoftMaxHeapSize                          = 4255121408                             {manageable} {ergonomic}
     bool UseCompressedClassPointers               = true                           {product lp64_product} {ergonomic}
     bool UseCompressedOops                        = true                           {product lp64_product} {ergonomic}
     bool UseG1GC                                  = true                                      {product} {ergonomic}
     bool UseLargePagesIndividualAllocation        = false                                  {pd product} {ergonomic}

Logging:
Log output configuration:
 #0: stdout all=warning uptime,level,tags
 #1: stderr all=off uptime,level,tags

Environment Variables:
PATH=C:\Program Files\Common Files\Oracle\Java\javapath;C:\Program Files (x86)\Common Files\Oracle\Java\javapath;C:\Windows\system32;C:\Windows;C:\Windows\System32\Wbem;C:\Windows\System32\WindowsPowerShell\v1.0\;C:\Windows\System32\OpenSSH\;C:\xampp\php;C:\ProgramData\ComposerSetup\bin;C:\Program Files\nodejs\;C:\Program Files (x86)\Intel\Intel(R) Management Engine Components\DAL;C:\Program Files\Intel\Intel(R) Management Engine Components\DAL;C:\Program Files\Git\cmd;C:\Program Files\Fortect;C:\Users\HP\AppData\Local\Microsoft\WindowsApps;C:\Program Files\JetBrains\IntelliJ IDEA Community Edition 2021.3.2\bin;C:\Users\HP\AppData\Local\Programs\Microsoft VS Code\bin;C:\Users\HP\AppData\Local\JetBrains\Toolbox\scripts;C:\Users\HP\AppData\Local\GitHubDesktop\bin;C:\Users\HP\Desktop\camp\flutter_windows_3.7.6-stable\flutter\bin;C:\Users\HP\AppData\Roaming\Composer\vendor\bin;C:\Users\HP\AppData\Roaming\npm
USERNAME=HP
OS=Windows_NT
PROCESSOR_IDENTIFIER=Intel64 Family 6 Model 142 Stepping 9, GenuineIntel
TMP=C:\Users\HP\AppData\Local\Temp
TEMP=C:\Users\HP\AppData\Local\Temp



---------------  S Y S T E M  ---------------

OS:
 Windows 10 , 64 bit Build 19041 (10.0.19041.3155)
OS uptime: 2 days 19:45 hours
Hyper-V role detected

CPU: total 4 (initial active 4) (2 cores per cpu, 2 threads per core) family 6 model 142 stepping 9 microcode 0xf2, cx8, cmov, fxsr, ht, mmx, 3dnowpref, sse, sse2, sse3, ssse3, sse4.1, sse4.2, popcnt, lzcnt, tsc, tscinvbit, avx, avx2, aes, erms, clmul, bmi1, bmi2, rtm, adx, fma, vzeroupper, clflush, clflushopt, hv

Memory: 4k page, system-wide physical 16224M (6111M free)
TotalPageFile size 32096M (AvailPageFile size 20513M)
current process WorkingSet (physical memory assigned to process): 313M, peak: 353M
current process commit charge ("private bytes"): 317M, peak: 430M

vm_info: OpenJDK 64-Bit Server VM (17.0.7+7-LTS) for windows-amd64 JRE (17.0.7+7-LTS), built on Apr 14 2023 01:39:21 by "Administrator" with MS VC++ 15.9 (VS2017)

END.
