#
# A fatal error has been detected by the Java Runtime Environment:
#
#  EXCEPTION_ACCESS_VIOLATION (0xc0000005) at pc=0x00007ffe74e7ebe3, pid=1412, tid=18476
#
# JRE version: OpenJDK Runtime Environment Corretto-17.0.7.7.1 (17.0.7+7) (build 17.0.7+7-LTS)
# Java VM: OpenJDK 64-Bit Server VM Corretto-17.0.7.7.1 (17.0.7+7-LTS, mixed mode, sharing, tiered, compressed oops, compressed class ptrs, g1 gc, windows-amd64)
# Problematic frame:
# C  [ig9icd64.dll+0x9bebe3]
#
# No core dump will be written. Minidumps are not enabled by default on client versions of Windows
#
# If you would like to submit a bug report, please visit:
#   https://github.com/corretto/corretto-17/issues/
# The crash happened outside the Java Virtual Machine in native code.
# See problematic frame for where to report the bug.
#

---------------  S U M M A R Y ------------

Command Line: -Djava.library.path=C:\Users\HP\Desktop\newderar\build\classes\kotlin\jvm\main;C:\Users\HP\Desktop\newderar\build\processedResources\jvm\main -javaagent:C:\Program Files\JetBrains\IntelliJ IDEA Community Edition 2021.3.2\lib\idea_rt.jar=51557:C:\Program Files\JetBrains\IntelliJ IDEA Community Edition 2021.3.2\bin -Dfile.encoding=UTF-8 MainKt

Host: Intel(R) Core(TM) i5-7300U CPU @ 2.60GHz, 4 cores, 15G,  Windows 10 , 64 bit Build 19041 (10.0.19041.3155)
Time: Sat Jul  8 23:37:40 2023 Libya Standard Time elapsed time: 112.558790 seconds (0d 0h 1m 52s)

---------------  T H R E A D  ---------------

Current thread (0x000002e96db34280):  JavaThread "AWT-EventQueue-0" [_thread_in_native, id=18476, stack(0x000000fe46a00000,0x000000fe46b00000)]

Stack: [0x000000fe46a00000,0x000000fe46b00000],  sp=0x000000fe46afcd38,  free space=1011k
Native frames: (J=compiled Java code, j=interpreted, Vv=VM code, C=native code)
C  [ig9icd64.dll+0x9bebe3]

Java frames: (J=compiled Java code, j=interpreted, Vv=VM code)
J 5027  org.jetbrains.skia.DirectContextKt.DirectContext_nFlush(J)V (0 bytes) @ 0x000002e9560a30e9 [0x000002e9560a30a0+0x0000000000000049]
J 5450 c2 org.jetbrains.skiko.redrawer.WindowsOpenGLRedrawer$Companion$frameDispatcher$1.invokeSuspend(Ljava/lang/Object;)Ljava/lang/Object; (379 bytes) @ 0x000002e95616f1a8 [0x000002e95616dc00+0x00000000000015a8]
J 5449 c2 org.jetbrains.skiko.FrameDispatcher$job$1.invokeSuspend(Ljava/lang/Object;)Ljava/lang/Object; (156 bytes) @ 0x000002e95616b870 [0x000002e95616b620+0x0000000000000250]
J 4852 c2 kotlin.coroutines.jvm.internal.BaseContinuationImpl.resumeWith(Ljava/lang/Object;)V (128 bytes) @ 0x000002e95604bdf4 [0x000002e95604bda0+0x0000000000000054]
J 5099 c2 kotlinx.coroutines.DispatchedTask.run()V (571 bytes) @ 0x000002e9560caf70 [0x000002e9560cabc0+0x00000000000003b0]
J 5126 c2 java.awt.EventQueue$4.run()Ljava/lang/Void; java.desktop@17.0.7 (60 bytes) @ 0x000002e9560d39b0 [0x000002e9560d3620+0x0000000000000390]
J 5127 c2 java.awt.EventDispatchThread.pumpOneEventForFilters(I)V java.desktop@17.0.7 (113 bytes) @ 0x000002e9560d82c4 [0x000002e9560d7c60+0x0000000000000664]
j  java.awt.EventDispatchThread.pumpEventsForFilter(ILjava/awt/Conditional;Ljava/awt/EventFilter;)V+35 java.desktop@17.0.7
j  java.awt.EventDispatchThread.pumpEventsForHierarchy(ILjava/awt/Conditional;Ljava/awt/Component;)V+11 java.desktop@17.0.7
j  java.awt.EventDispatchThread.pumpEvents(ILjava/awt/Conditional;)V+4 java.desktop@17.0.7
j  java.awt.EventDispatchThread.pumpEvents(Ljava/awt/Conditional;)V+3 java.desktop@17.0.7
j  java.awt.EventDispatchThread.run()V+9 java.desktop@17.0.7
v  ~StubRoutines::call_stub

siginfo: EXCEPTION_ACCESS_VIOLATION (0xc0000005), reading address 0xffffffffffffffff


Register to memory mapping:

RIP=0x00007ffe74e7ebe3 ig9icd64.dll
RAX=0x000000000fff0fff is an unknown value
RBX=0x00007ffe744c0000 ig9icd64.dll
RCX=0x000000033fcf3fcc is an unknown value
RDX=0x000000fe46afd250 is pointing into the stack for thread: 0x000002e96db34280
RSP=0x000000fe46afcd38 is pointing into the stack for thread: 0x000002e96db34280
RBP=0x000000fe46afce40 is pointing into the stack for thread: 0x000002e96db34280
RSI=0x000002e96e9d3ac0 points into unknown readable memory: 0x000002e96e97a780 | 80 a7 97 6e e9 02 00 00
RDI=0x000000fe46afd040 is pointing into the stack for thread: 0x000002e96db34280
R8 =0x000000fe46afce70 is pointing into the stack for thread: 0x000002e96db34280
R9 =0x000000fe46afd250 is pointing into the stack for thread: 0x000002e96db34280
R10=0x000000fe46afd040 is pointing into the stack for thread: 0x000002e96db34280
R11=0x0 is NULL
R12=0x00007ffe752f15e0 ig9icd64.dll
R13=0x0 is NULL
R14=0x0 is NULL
R15=0x00000000000001c1 is an unknown value


Registers:
RAX=0x000000000fff0fff, RBX=0x00007ffe744c0000, RCX=0x000000033fcf3fcc, RDX=0x000000fe46afd250
RSP=0x000000fe46afcd38, RBP=0x000000fe46afce40, RSI=0x000002e96e9d3ac0, RDI=0x000000fe46afd040
R8 =0x000000fe46afce70, R9 =0x000000fe46afd250, R10=0x000000fe46afd040, R11=0x0000000000000000
R12=0x00007ffe752f15e0, R13=0x0000000000000000, R14=0x0000000000000000, R15=0x00000000000001c1
RIP=0x00007ffe74e7ebe3, EFLAGS=0x0000000000010206

Top of Stack: (sp=0x000000fe46afcd38)
0x000000fe46afcd38:   00007ffe74e7c31b 0000000000000001
0x000000fe46afcd48:   0000000000000000 000002e978462400
0x000000fe46afcd58:   00007ffeda002622 000000fe00000065
0x000000fe46afcd68:   000000fe46afcf70 0000000000000000
0x000000fe46afcd78:   000002e96feebab0 0000000000000000
0x000000fe46afcd88:   000002e96fee9950 000002e978462490
0x000000fe46afcd98:   0000000000001100 0000000000000000
0x000000fe46afcda8:   0000000000000000 000000fe46afcf20
0x000000fe46afcdb8:   00007ffe74b179c0 0000000000000000
0x000000fe46afcdc8:   0000000000000000 0000000000000000
0x000000fe46afcdd8:   0000000000000000 00001f24a8f9ecf3
0x000000fe46afcde8:   00007ffe744d6555 000002e978462490
0x000000fe46afcdf8:   0000000000004001 0000000000000000
0x000000fe46afce08:   00007ffee9b7b86b 00000000062e0025
0x000000fe46afce18:   0000000000000071 000002e9702d33c0
0x000000fe46afce28:   0000000000000000 0000000000000000 

Instructions: (pc=0x00007ffe74e7ebe3)
0x00007ffe74e7eae3:   c1 75 31 00 48 89 51 08 48 89 01 8b 44 24 28 89
0x00007ffe74e7eaf3:   41 20 8b 44 24 30 89 41 24 48 8b c1 4c 89 41 10
0x00007ffe74e7eb03:   4c 89 49 18 c3 cc cc cc cc cc cc cc cc 48 89 5c
0x00007ffe74e7eb13:   24 08 8b 41 5c 48 8d 1d e1 14 64 ff 41 89 40 08
0x00007ffe74e7eb23:   4c 8b d1 8b 41 60 45 33 db 41 89 40 0c 4c 8b ca
0x00007ffe74e7eb33:   8b 41 64 41 89 40 10 8b 41 68 41 89 40 14 8b 41
0x00007ffe74e7eb43:   6c 41 89 40 18 8b 41 70 41 89 40 1c 48 63 41 74
0x00007ffe74e7eb53:   48 6b c8 34 8b 84 19 44 d1 ee 00 41 89 40 20 8b
0x00007ffe74e7eb63:   84 19 48 d1 ee 00 41 89 40 24 8b 84 19 4c d1 ee
0x00007ffe74e7eb73:   00 41 89 40 28 8b 84 19 50 d1 ee 00 41 89 40 2c
0x00007ffe74e7eb83:   8b 84 19 34 d1 ee 00 41 89 40 30 8b 84 19 38 d1
0x00007ffe74e7eb93:   ee 00 41 89 40 34 8b 84 19 3c d1 ee 00 41 89 40
0x00007ffe74e7eba3:   38 8b 84 19 40 d1 ee 00 41 89 40 3c 8b 84 19 24
0x00007ffe74e7ebb3:   d1 ee 00 41 89 40 40 8b 84 19 28 d1 ee 00 41 89
0x00007ffe74e7ebc3:   40 44 8b 84 19 2c d1 ee 00 41 89 40 48 8b 84 19
0x00007ffe74e7ebd3:   30 d1 ee 00 41 89 40 4c 49 63 42 78 48 6b c8 34
0x00007ffe74e7ebe3:   8b 84 19 44 d1 ee 00 41 89 40 50 8b 84 19 48 d1
0x00007ffe74e7ebf3:   ee 00 41 89 40 54 8b 84 19 4c d1 ee 00 41 89 40
0x00007ffe74e7ec03:   58 8b 84 19 50 d1 ee 00 41 89 40 5c 8b 84 19 34
0x00007ffe74e7ec13:   d1 ee 00 41 89 40 60 8b 84 19 38 d1 ee 00 41 89
0x00007ffe74e7ec23:   40 64 8b 84 19 3c d1 ee 00 41 89 40 68 8b 84 19
0x00007ffe74e7ec33:   40 d1 ee 00 41 89 40 6c 8b 84 19 24 d1 ee 00 41
0x00007ffe74e7ec43:   89 40 70 8b 84 19 28 d1 ee 00 41 89 40 74 8b 84
0x00007ffe74e7ec53:   19 2c d1 ee 00 41 89 40 78 8b 84 19 30 d1 ee 00
0x00007ffe74e7ec63:   41 89 40 7c 48 8b 42 18 8b 88 38 0b 00 00 f6 c1
0x00007ffe74e7ec73:   08 0f 84 86 00 00 00 8b 80 3c 0b 00 00 41 89 80
0x00007ffe74e7ec83:   80 00 00 00 48 8b 42 18 8b 88 40 0b 00 00 41 89
0x00007ffe74e7ec93:   88 84 00 00 00 48 8b 42 18 8b 88 44 0b 00 00 41
0x00007ffe74e7eca3:   89 88 88 00 00 00 48 8b 42 18 8b 88 48 0b 00 00
0x00007ffe74e7ecb3:   41 89 88 8c 00 00 00 48 8b 42 18 8b 88 4c 0b 00
0x00007ffe74e7ecc3:   00 41 89 88 90 00 00 00 48 8b 42 18 8b 88 50 0b
0x00007ffe74e7ecd3:   00 00 41 89 88 94 00 00 00 48 8b 42 18 8b 88 54 


Stack slot to memory mapping:
stack at sp + 0 slots: 0x00007ffe74e7c31b ig9icd64.dll
stack at sp + 1 slots: 0x0000000000000001 is an unknown value
stack at sp + 2 slots: 0x0 is NULL
stack at sp + 3 slots: 0x000002e978462400 points into unknown readable memory: 0x000002e96e8a8020 | 20 80 8a 6e e9 02 00 00
stack at sp + 4 slots: 0x00007ffeda002622 igdgmm64.dll
stack at sp + 5 slots: 0x000000fe00000065 is an unknown value
stack at sp + 6 slots: 0x000000fe46afcf70 is pointing into the stack for thread: 0x000002e96db34280
stack at sp + 7 slots: 0x0 is NULL


---------------  P R O C E S S  ---------------

Threads class SMR info:
_java_thread_list=0x000002e970ad4a30, length=27, elements={
0x000002e946817b60, 0x000002e968ec6930, 0x000002e968ec7f40, 0x000002e968eda1b0,
0x000002e968eded70, 0x000002e968ee1fd0, 0x000002e968ee2980, 0x000002e968ee3710,
0x000002e968eea050, 0x000002e96d010800, 0x000002e968eadbf0, 0x000002e96d541f60,
0x000002e96d5eaf80, 0x000002e96d821c70, 0x000002e96d822140, 0x000002e96db350f0,
0x000002e96db34280, 0x000002e96db34c20, 0x000002e96db320d0, 0x000002e96db33db0,
0x000002e96db325a0, 0x000002e96db35a90, 0x000002e96db33410, 0x000002e96e19b860,
0x000002e96e19c200, 0x000002e96e19aec0, 0x000002e96e197500
}

Java Threads: ( => current thread )
  0x000002e946817b60 JavaThread "main" [_thread_blocked, id=20232, stack(0x000000fe44f00000,0x000000fe45000000)]
  0x000002e968ec6930 JavaThread "Reference Handler" daemon [_thread_blocked, id=3532, stack(0x000000fe45600000,0x000000fe45700000)]
  0x000002e968ec7f40 JavaThread "Finalizer" daemon [_thread_blocked, id=19864, stack(0x000000fe45700000,0x000000fe45800000)]
  0x000002e968eda1b0 JavaThread "Signal Dispatcher" daemon [_thread_blocked, id=16192, stack(0x000000fe45800000,0x000000fe45900000)]
  0x000002e968eded70 JavaThread "Attach Listener" daemon [_thread_blocked, id=12820, stack(0x000000fe45900000,0x000000fe45a00000)]
  0x000002e968ee1fd0 JavaThread "Service Thread" daemon [_thread_blocked, id=19180, stack(0x000000fe45a00000,0x000000fe45b00000)]
  0x000002e968ee2980 JavaThread "Monitor Deflation Thread" daemon [_thread_blocked, id=20960, stack(0x000000fe45b00000,0x000000fe45c00000)]
  0x000002e968ee3710 JavaThread "C2 CompilerThread0" daemon [_thread_blocked, id=12492, stack(0x000000fe45c00000,0x000000fe45d00000)]
  0x000002e968eea050 JavaThread "C1 CompilerThread0" daemon [_thread_blocked, id=8252, stack(0x000000fe45d00000,0x000000fe45e00000)]
  0x000002e96d010800 JavaThread "Sweeper thread" daemon [_thread_blocked, id=10292, stack(0x000000fe45e00000,0x000000fe45f00000)]
  0x000002e968eadbf0 JavaThread "Common-Cleaner" daemon [_thread_blocked, id=16892, stack(0x000000fe45f00000,0x000000fe46000000)]
  0x000002e96d541f60 JavaThread "Monitor Ctrl-Break" daemon [_thread_in_native, id=16088, stack(0x000000fe46100000,0x000000fe46200000)]
  0x000002e96d5eaf80 JavaThread "Notification Thread" daemon [_thread_blocked, id=8172, stack(0x000000fe46200000,0x000000fe46300000)]
  0x000002e96d821c70 JavaThread "Java2D Disposer" daemon [_thread_blocked, id=10596, stack(0x000000fe46700000,0x000000fe46800000)]
  0x000002e96d822140 JavaThread "AWT-Shutdown" [_thread_blocked, id=16404, stack(0x000000fe46800000,0x000000fe46900000)]
  0x000002e96db350f0 JavaThread "AWT-Windows" daemon [_thread_in_native, id=10416, stack(0x000000fe46900000,0x000000fe46a00000)]
=>0x000002e96db34280 JavaThread "AWT-EventQueue-0" [_thread_in_native, id=18476, stack(0x000000fe46a00000,0x000000fe46b00000)]
  0x000002e96db34c20 JavaThread "Reference Cleaner" daemon [_thread_blocked, id=1068, stack(0x000000fe46b00000,0x000000fe46c00000)]
  0x000002e96db320d0 JavaThread "DefaultDispatcher-worker-1" daemon [_thread_blocked, id=19740, stack(0x000000fe46c00000,0x000000fe46d00000)]
  0x000002e96db33db0 JavaThread "DefaultDispatcher-worker-2" daemon [_thread_blocked, id=6680, stack(0x000000fe46d00000,0x000000fe46e00000)]
  0x000002e96db325a0 JavaThread "DefaultDispatcher-worker-3" daemon [_thread_blocked, id=19216, stack(0x000000fe46e00000,0x000000fe46f00000)]
  0x000002e96db35a90 JavaThread "kotlinx.coroutines.DefaultExecutor" daemon [_thread_blocked, id=6476, stack(0x000000fe46f00000,0x000000fe47000000)]
  0x000002e96db33410 JavaThread "TimerQueue" daemon [_thread_blocked, id=12344, stack(0x000000fe46000000,0x000000fe46100000)]
  0x000002e96e19b860 JavaThread "RealmFinalizingDaemon" daemon [_thread_blocked, id=2660, stack(0x000000fe47500000,0x000000fe47600000)]
  0x000002e96e19c200 JavaThread "core-notifier" daemon [_thread_in_native, id=9584, stack(0x000000fe47700000,0x000000fe47800000)]
  0x000002e96e19aec0 JavaThread "SIGINT handler" daemon [_thread_blocked, id=15856, stack(0x000000fe44c00000,0x000000fe44d00000)]
  0x000002e96e197500 JavaThread "ToolkitShutdown" daemon [_thread_in_native, id=9492, stack(0x000000fe44d00000,0x000000fe44e00000)]

Other Threads:
  0x000002e968ec08d0 VMThread "VM Thread" [stack: 0x000000fe45500000,0x000000fe45600000] [id=4756]
  0x000002e96d18bed0 WatcherThread [stack: 0x000000fe46300000,0x000000fe46400000] [id=2980]
  0x000002e946881cf0 GCTaskThread "GC Thread#0" [stack: 0x000000fe45000000,0x000000fe45100000] [id=19584]
  0x000002e96d867c80 GCTaskThread "GC Thread#1" [stack: 0x000000fe46400000,0x000000fe46500000] [id=1272]
  0x000002e96d93dd80 GCTaskThread "GC Thread#2" [stack: 0x000000fe46500000,0x000000fe46600000] [id=4864]
  0x000002e96d63d970 GCTaskThread "GC Thread#3" [stack: 0x000000fe46600000,0x000000fe46700000] [id=16612]
  0x000002e9468931d0 ConcurrentGCThread "G1 Main Marker" [stack: 0x000000fe45100000,0x000000fe45200000] [id=19936]
  0x000002e946893be0 ConcurrentGCThread "G1 Conc#0" [stack: 0x000000fe45200000,0x000000fe45300000] [id=18656]
  0x000002e968d78100 ConcurrentGCThread "G1 Refine#0" [stack: 0x000000fe45300000,0x000000fe45400000] [id=21064]
  0x000002e968d78930 ConcurrentGCThread "G1 Service" [stack: 0x000000fe45400000,0x000000fe45500000] [id=13208]

Threads with active compile tasks:

VM state: not at safepoint (normal execution)

VM Mutex/Monitor currently owned by a thread: None

Heap address: 0x0000000702600000, size: 4058 MB, Compressed Oops mode: Zero based, Oop shift amount: 3

CDS archive(s) mapped at: [0x0000000800000000-0x0000000800bc0000-0x0000000800bc0000), size 12320768, SharedBaseAddress: 0x0000000800000000, ArchiveRelocationMode: 0.
Compressed class space mapped at: 0x0000000801000000-0x0000000841000000, reserved size: 1073741824
Narrow klass base: 0x0000000800000000, Narrow klass shift: 0, Narrow klass range: 0x100000000

GC Precious Log:
 CPUs: 4 total, 4 available
 Memory: 16224M
 Large Page Support: Disabled
 NUMA Support: Disabled
 Compressed Oops: Enabled (Zero based)
 Heap Region Size: 2M
 Heap Min Capacity: 8M
 Heap Initial Capacity: 254M
 Heap Max Capacity: 4058M
 Pre-touch: Disabled
 Parallel Workers: 4
 Concurrent Workers: 1
 Concurrent Refinement Workers: 4
 Periodic GC: Disabled

Heap:
 garbage-first heap   total 90112K, used 67307K [0x0000000702600000, 0x0000000800000000)
  region size 2048K, 22 young (45056K), 0 survivors (0K)
 Metaspace       used 34339K, committed 34560K, reserved 1114112K
  class space    used 3729K, committed 3840K, reserved 1048576K

Heap Regions: E=young(eden), S=young(survivor), O=old, HS=humongous(starts), HC=humongous(continues), CS=collection set, F=free, OA=open archive, CA=closed archive, TAMS=top-at-mark-start (previous, next)
|   0|0x0000000702600000, 0x0000000702800000, 0x0000000702800000|100%|HS|  |TAMS 0x0000000702800000, 0x0000000702600000| Untracked 
|   1|0x0000000702800000, 0x00000007029ffff0, 0x0000000702a00000| 99%| O|  |TAMS 0x00000007029ffff0, 0x0000000702800000| Untracked 
|   2|0x0000000702a00000, 0x0000000702c00000, 0x0000000702c00000|100%| O|  |TAMS 0x0000000702c00000, 0x0000000702a00000| Untracked 
|   3|0x0000000702c00000, 0x0000000702dfffb8, 0x0000000702e00000| 99%| O|  |TAMS 0x0000000702dfffb8, 0x0000000702c00000| Untracked 
|   4|0x0000000702e00000, 0x0000000702fffff8, 0x0000000703000000| 99%| O|  |TAMS 0x0000000702fffff8, 0x0000000702e00000| Untracked 
|   5|0x0000000703000000, 0x00000007030d41d0, 0x0000000703200000| 41%| O|  |TAMS 0x0000000703000000, 0x0000000703000000| Untracked 
|   6|0x0000000703200000, 0x00000007032e6bf8, 0x0000000703400000| 45%| O|  |TAMS 0x0000000703200000, 0x0000000703200000| Untracked 
|   7|0x0000000703400000, 0x0000000703400000, 0x0000000703600000|  0%| F|  |TAMS 0x0000000703400000, 0x0000000703400000| Untracked 
|   8|0x0000000703600000, 0x0000000703600000, 0x0000000703800000|  0%| F|  |TAMS 0x0000000703600000, 0x0000000703600000| Untracked 
|   9|0x0000000703800000, 0x0000000703800000, 0x0000000703a00000|  0%| F|  |TAMS 0x0000000703800000, 0x0000000703800000| Untracked 
|  10|0x0000000703a00000, 0x0000000703c00000, 0x0000000703c00000|100%| O|  |TAMS 0x0000000703c00000, 0x0000000703a00000| Untracked 
|  11|0x0000000703c00000, 0x0000000703c00000, 0x0000000703e00000|  0%| F|  |TAMS 0x0000000703c00000, 0x0000000703c00000| Untracked 
|  12|0x0000000703e00000, 0x0000000703e00000, 0x0000000704000000|  0%| F|  |TAMS 0x0000000703e00000, 0x0000000703e00000| Untracked 
|  13|0x0000000704000000, 0x0000000704000000, 0x0000000704200000|  0%| F|  |TAMS 0x0000000704000000, 0x0000000704000000| Untracked 
|  14|0x0000000704200000, 0x0000000704200000, 0x0000000704400000|  0%| F|  |TAMS 0x0000000704200000, 0x0000000704200000| Untracked 
|  15|0x0000000704400000, 0x00000007045fffe0, 0x0000000704600000| 99%| O|  |TAMS 0x00000007045fffe0, 0x0000000704400000| Untracked 
|  16|0x0000000704600000, 0x0000000704600000, 0x0000000704800000|  0%| F|  |TAMS 0x0000000704600000, 0x0000000704600000| Untracked 
|  17|0x0000000704800000, 0x0000000704a00000, 0x0000000704a00000|100%|HS|  |TAMS 0x0000000704a00000, 0x0000000704800000| Untracked 
|  18|0x0000000704a00000, 0x0000000704c00000, 0x0000000704c00000|100%|HC|  |TAMS 0x0000000704c00000, 0x0000000704a00000| Untracked 
|  19|0x0000000704c00000, 0x0000000704e00000, 0x0000000704e00000|100%|HC|  |TAMS 0x0000000704e00000, 0x0000000704c00000| Untracked 
|  20|0x0000000704e00000, 0x0000000705000000, 0x0000000705000000|100%|HC|  |TAMS 0x0000000705000000, 0x0000000704e00000| Untracked 
|  21|0x0000000705000000, 0x0000000705000000, 0x0000000705200000|  0%| F|  |TAMS 0x0000000705000000, 0x0000000705000000| Untracked 
|  22|0x0000000705200000, 0x00000007052933c8, 0x0000000705400000| 28%| E|  |TAMS 0x0000000705200000, 0x0000000705200000| Complete 
|  23|0x0000000705400000, 0x0000000705600000, 0x0000000705600000|100%| E|CS|TAMS 0x0000000705400000, 0x0000000705400000| Complete 
|  24|0x0000000705600000, 0x0000000705800000, 0x0000000705800000|100%| E|CS|TAMS 0x0000000705600000, 0x0000000705600000| Complete 
|  25|0x0000000705800000, 0x0000000705a00000, 0x0000000705a00000|100%| E|CS|TAMS 0x0000000705800000, 0x0000000705800000| Complete 
|  26|0x0000000705a00000, 0x0000000705c00000, 0x0000000705c00000|100%| E|CS|TAMS 0x0000000705a00000, 0x0000000705a00000| Complete 
|  27|0x0000000705c00000, 0x0000000705e00000, 0x0000000705e00000|100%| E|CS|TAMS 0x0000000705c00000, 0x0000000705c00000| Complete 
|  28|0x0000000705e00000, 0x0000000706000000, 0x0000000706000000|100%| E|CS|TAMS 0x0000000705e00000, 0x0000000705e00000| Complete 
|  29|0x0000000706000000, 0x0000000706200000, 0x0000000706200000|100%| E|CS|TAMS 0x0000000706000000, 0x0000000706000000| Complete 
|  30|0x0000000706200000, 0x0000000706400000, 0x0000000706400000|100%| E|CS|TAMS 0x0000000706200000, 0x0000000706200000| Complete 
|  31|0x0000000706400000, 0x0000000706600000, 0x0000000706600000|100%| E|CS|TAMS 0x0000000706400000, 0x0000000706400000| Complete 
|  32|0x0000000706600000, 0x0000000706800000, 0x0000000706800000|100%| E|CS|TAMS 0x0000000706600000, 0x0000000706600000| Complete 
|  33|0x0000000706800000, 0x0000000706a00000, 0x0000000706a00000|100%| E|CS|TAMS 0x0000000706800000, 0x0000000706800000| Complete 
|  34|0x0000000706a00000, 0x0000000706c00000, 0x0000000706c00000|100%| E|CS|TAMS 0x0000000706a00000, 0x0000000706a00000| Complete 
|  35|0x0000000706c00000, 0x0000000706e00000, 0x0000000706e00000|100%| E|CS|TAMS 0x0000000706c00000, 0x0000000706c00000| Complete 
|  36|0x0000000706e00000, 0x0000000707000000, 0x0000000707000000|100%| E|CS|TAMS 0x0000000706e00000, 0x0000000706e00000| Complete 
|  37|0x0000000707000000, 0x0000000707200000, 0x0000000707200000|100%| E|CS|TAMS 0x0000000707000000, 0x0000000707000000| Complete 
|  38|0x0000000707200000, 0x0000000707400000, 0x0000000707400000|100%| E|CS|TAMS 0x0000000707200000, 0x0000000707200000| Complete 
|  39|0x0000000707400000, 0x0000000707600000, 0x0000000707600000|100%| E|CS|TAMS 0x0000000707400000, 0x0000000707400000| Complete 
|  40|0x0000000707600000, 0x0000000707800000, 0x0000000707800000|100%| E|CS|TAMS 0x0000000707600000, 0x0000000707600000| Complete 
|  41|0x0000000707800000, 0x0000000707a00000, 0x0000000707a00000|100%| E|CS|TAMS 0x0000000707800000, 0x0000000707800000| Complete 
|  42|0x0000000707a00000, 0x0000000707c00000, 0x0000000707c00000|100%| E|CS|TAMS 0x0000000707a00000, 0x0000000707a00000| Complete 
|  43|0x0000000707c00000, 0x0000000707e00000, 0x0000000707e00000|100%| E|CS|TAMS 0x0000000707c00000, 0x0000000707c00000| Complete 

Card table byte_map: [0x000002e95db00000,0x000002e95e2f0000] _byte_map_base: 0x000002e95a2ed000

Marking Bits (Prev, Next): (CMBitMap*) 0x000002e946882300, (CMBitMap*) 0x000002e946882340
 Prev Bits: [0x000002e95eae0000, 0x000002e962a48000)
 Next Bits: [0x000002e962a50000, 0x000002e9669b8000)

Polling page: 0x000002e9447f0000

Metaspace:

Usage:
  Non-class:     29.89 MB used.
      Class:      3.64 MB used.
       Both:     33.53 MB used.

Virtual space:
  Non-class space:       64.00 MB reserved,      30.00 MB ( 47%) committed,  1 nodes.
      Class space:        1.00 GB reserved,       3.75 MB ( <1%) committed,  1 nodes.
             Both:        1.06 GB reserved,      33.75 MB (  3%) committed. 

Chunk freelists:
   Non-Class:  1.48 MB
       Class:  12.28 MB
        Both:  13.77 MB

MaxMetaspaceSize: unlimited
CompressedClassSpaceSize: 1.00 GB
Initial GC threshold: 21.00 MB
Current GC threshold: 56.19 MB
CDS: on
MetaspaceReclaimPolicy: balanced
 - commit_granule_bytes: 65536.
 - commit_granule_words: 8192.
 - virtual_space_node_default_size: 8388608.
 - enlarge_chunks_in_place: 1.
 - new_chunks_are_fully_committed: 0.
 - uncommit_free_chunks: 1.
 - use_allocation_guard: 0.
 - handle_deallocations: 1.


Internal statistics:

num_allocs_failed_limit: 3.
num_arena_births: 160.
num_arena_deaths: 0.
num_vsnodes_births: 2.
num_vsnodes_deaths: 0.
num_space_committed: 540.
num_space_uncommitted: 0.
num_chunks_returned_to_freelist: 3.
num_chunks_taken_from_freelist: 1066.
num_chunk_merges: 3.
num_chunk_splits: 916.
num_chunks_enlarged: 834.
num_inconsistent_stats: 0.

CodeHeap 'non-profiled nmethods': size=120000Kb used=3862Kb max_used=3862Kb free=116137Kb
 bounds [0x000002e955de0000, 0x000002e9561b0000, 0x000002e95d310000]
CodeHeap 'profiled nmethods': size=120000Kb used=8045Kb max_used=10472Kb free=111954Kb
 bounds [0x000002e94e310000, 0x000002e94ed50000, 0x000002e955840000]
CodeHeap 'non-nmethods': size=5760Kb used=1894Kb max_used=1969Kb free=3865Kb
 bounds [0x000002e955840000, 0x000002e955ab0000, 0x000002e955de0000]
 total_blobs=6116 nmethods=4737 adapters=1291
 compilation: enabled
              stopped_count=0, restarted_count=0
 full_count=0

Compilation events (20 events):
Event: 99.224 Thread 0x000002e968ee3710 5517       4       kotlinx.coroutines.scheduling.CoroutineScheduler$Worker::afterTask (76 bytes)
Event: 99.228 Thread 0x000002e968ee3710 nmethod 5517 0x000002e95619b510 code [0x000002e95619b6a0, 0x000002e95619b878]
Event: 99.230 Thread 0x000002e968ee3710 5518       4       kotlinx.coroutines.scheduling.DefaultIoScheduler::dispatch (9 bytes)
Event: 99.258 Thread 0x000002e968ee3710 nmethod 5518 0x000002e95619ba10 code [0x000002e95619bc80, 0x000002e95619ceb8]
Event: 99.259 Thread 0x000002e968ee3710 5519       4       org.jetbrains.skiko.SkiaLayer::checkContentScale (31 bytes)
Event: 99.261 Thread 0x000002e968ee3710 nmethod 5519 0x000002e95619df90 code [0x000002e95619e140, 0x000002e95619e4b8]
Event: 99.357 Thread 0x000002e968ee3710 5520   !   4       org.jetbrains.skiko.SkiaLayer::update$skiko (338 bytes)
Event: 99.413 Thread 0x000002e968ee3710 nmethod 5520 0x000002e95619e910 code [0x000002e95619ec60, 0x000002e9561a1000]
Event: 99.413 Thread 0x000002e968ee3710 5521       4       org.jetbrains.skia.Rect$Companion::makeWH (108 bytes)
Event: 99.414 Thread 0x000002e968ee3710 nmethod 5521 0x000002e9561a2b10 code [0x000002e9561a2cc0, 0x000002e9561a2e58]
Event: 103.774 Thread 0x000002e968ee3710 5522   !   4       kotlinx.coroutines.scheduling.TaskImpl::run (35 bytes)
Event: 103.786 Thread 0x000002e968ee3710 nmethod 5522 0x000002e9561a2f90 code [0x000002e9561a3180, 0x000002e9561a3a28]
Event: 103.786 Thread 0x000002e968ee3710 5523   !   4       kotlinx.coroutines.internal.LimitedDispatcher::run (170 bytes)
Event: 103.797 Thread 0x000002e968ee3710 nmethod 5523 0x000002e9561a4290 code [0x000002e9561a4460, 0x000002e9561a4be8]
Event: 105.806 Thread 0x000002e968ee3710 5524       4       kotlinx.coroutines.AbstractTimeSourceKt::getTimeSource (4 bytes)
Event: 105.806 Thread 0x000002e968ee3710 nmethod 5524 0x000002e9561a5390 code [0x000002e9561a5500, 0x000002e9561a5578]
Event: 112.527 Thread 0x000002e968eea050 5525       3       java.util.IdentityHashMap$IdentityHashMapIterator::nextIndex (72 bytes)
Event: 112.527 Thread 0x000002e968eea050 nmethod 5525 0x000002e94e36b810 code [0x000002e94e36b9e0, 0x000002e94e36be28]
Event: 112.532 Thread 0x000002e968ee3710 5526       4       java.util.concurrent.locks.AbstractQueuedSynchronizer$ConditionNode::block (15 bytes)
Event: 112.534 Thread 0x000002e968ee3710 nmethod 5526 0x000002e9561a5690 code [0x000002e9561a5820, 0x000002e9561a5948]

GC Heap History (20 events):
Event: 5.667 GC heap before
{Heap before GC invocations=5 (full 0):
 garbage-first heap   total 49152K, used 37755K [0x0000000702600000, 0x0000000800000000)
  region size 2048K, 10 young (20480K), 2 survivors (4096K)
 Metaspace       used 24073K, committed 24320K, reserved 1114112K
  class space    used 2613K, committed 2752K, reserved 1048576K
}
Event: 5.672 GC heap after
{Heap after GC invocations=6 (full 0):
 garbage-first heap   total 49152K, used 24114K [0x0000000702600000, 0x0000000800000000)
  region size 2048K, 2 young (4096K), 2 survivors (4096K)
 Metaspace       used 24073K, committed 24320K, reserved 1114112K
  class space    used 2613K, committed 2752K, reserved 1048576K
}
Event: 5.705 GC heap before
{Heap before GC invocations=6 (full 0):
 garbage-first heap   total 49152K, used 26162K [0x0000000702600000, 0x0000000800000000)
  region size 2048K, 3 young (6144K), 2 survivors (4096K)
 Metaspace       used 24422K, committed 24640K, reserved 1114112K
  class space    used 2655K, committed 2752K, reserved 1048576K
}
Event: 5.709 GC heap after
{Heap after GC invocations=7 (full 0):
 garbage-first heap   total 49152K, used 18395K [0x0000000702600000, 0x0000000800000000)
  region size 2048K, 1 young (2048K), 1 survivors (2048K)
 Metaspace       used 24422K, committed 24640K, reserved 1114112K
  class space    used 2655K, committed 2752K, reserved 1048576K
}
Event: 5.992 GC heap before
{Heap before GC invocations=7 (full 0):
 garbage-first heap   total 49152K, used 32731K [0x0000000702600000, 0x0000000800000000)
  region size 2048K, 8 young (16384K), 1 survivors (2048K)
 Metaspace       used 26625K, committed 26816K, reserved 1114112K
  class space    used 2932K, committed 3008K, reserved 1048576K
}
Event: 5.996 GC heap after
{Heap after GC invocations=8 (full 0):
 garbage-first heap   total 49152K, used 19311K [0x0000000702600000, 0x0000000800000000)
  region size 2048K, 1 young (2048K), 1 survivors (2048K)
 Metaspace       used 26625K, committed 26816K, reserved 1114112K
  class space    used 2932K, committed 3008K, reserved 1048576K
}
Event: 6.387 GC heap before
{Heap before GC invocations=8 (full 0):
 garbage-first heap   total 49152K, used 35695K [0x0000000702600000, 0x0000000800000000)
  region size 2048K, 9 young (18432K), 1 survivors (2048K)
 Metaspace       used 29995K, committed 30208K, reserved 1114112K
  class space    used 3341K, committed 3456K, reserved 1048576K
}
Event: 6.391 GC heap after
{Heap after GC invocations=9 (full 0):
 garbage-first heap   total 49152K, used 20968K [0x0000000702600000, 0x0000000800000000)
  region size 2048K, 2 young (4096K), 2 survivors (4096K)
 Metaspace       used 29995K, committed 30208K, reserved 1114112K
  class space    used 3341K, committed 3456K, reserved 1048576K
}
Event: 6.698 GC heap before
{Heap before GC invocations=9 (full 0):
 garbage-first heap   total 49152K, used 35304K [0x0000000702600000, 0x0000000800000000)
  region size 2048K, 9 young (18432K), 2 survivors (4096K)
 Metaspace       used 32397K, committed 32576K, reserved 1114112K
  class space    used 3626K, committed 3712K, reserved 1048576K
}
Event: 6.703 GC heap after
{Heap after GC invocations=10 (full 0):
 garbage-first heap   total 155648K, used 21608K [0x0000000702600000, 0x0000000800000000)
  region size 2048K, 2 young (4096K), 2 survivors (4096K)
 Metaspace       used 32397K, committed 32576K, reserved 1114112K
  class space    used 3626K, committed 3712K, reserved 1048576K
}
Event: 31.482 GC heap before
{Heap before GC invocations=10 (full 0):
 garbage-first heap   total 155648K, used 93288K [0x0000000702600000, 0x0000000800000000)
  region size 2048K, 34 young (69632K), 2 survivors (4096K)
 Metaspace       used 34284K, committed 34496K, reserved 1114112K
  class space    used 3725K, committed 3840K, reserved 1048576K
}
Event: 31.511 GC heap after
{Heap after GC invocations=11 (full 1):
 garbage-first heap   total 96256K, used 24288K [0x0000000702600000, 0x0000000800000000)
  region size 2048K, 0 young (0K), 0 survivors (0K)
 Metaspace       used 34284K, committed 34496K, reserved 1114112K
  class space    used 3725K, committed 3840K, reserved 1048576K
}
Event: 51.099 GC heap before
{Heap before GC invocations=11 (full 1):
 garbage-first heap   total 96256K, used 67296K [0x0000000702600000, 0x0000000800000000)
  region size 2048K, 21 young (43008K), 0 survivors (0K)
 Metaspace       used 34298K, committed 34496K, reserved 1114112K
  class space    used 3725K, committed 3840K, reserved 1048576K
}
Event: 51.100 GC heap after
{Heap after GC invocations=12 (full 1):
 garbage-first heap   total 96256K, used 24747K [0x0000000702600000, 0x0000000800000000)
  region size 2048K, 1 young (2048K), 1 survivors (2048K)
 Metaspace       used 34298K, committed 34496K, reserved 1114112K
  class space    used 3725K, committed 3840K, reserved 1048576K
}
Event: 61.525 GC heap before
{Heap before GC invocations=12 (full 1):
 garbage-first heap   total 96256K, used 47275K [0x0000000702600000, 0x0000000800000000)
  region size 2048K, 13 young (26624K), 1 survivors (2048K)
 Metaspace       used 34301K, committed 34496K, reserved 1114112K
  class space    used 3726K, committed 3840K, reserved 1048576K
}
Event: 61.548 GC heap after
{Heap after GC invocations=13 (full 2):
 garbage-first heap   total 96256K, used 24299K [0x0000000702600000, 0x0000000800000000)
  region size 2048K, 0 young (0K), 0 survivors (0K)
 Metaspace       used 34301K, committed 34496K, reserved 1114112K
  class space    used 3726K, committed 3840K, reserved 1048576K
}
Event: 84.158 GC heap before
{Heap before GC invocations=13 (full 2):
 garbage-first heap   total 96256K, used 71403K [0x0000000702600000, 0x0000000800000000)
  region size 2048K, 23 young (47104K), 0 survivors (0K)
 Metaspace       used 34314K, committed 34496K, reserved 1114112K
  class space    used 3726K, committed 3840K, reserved 1048576K
}
Event: 84.158 GC heap after
{Heap after GC invocations=14 (full 2):
 garbage-first heap   total 96256K, used 24439K [0x0000000702600000, 0x0000000800000000)
  region size 2048K, 1 young (2048K), 1 survivors (2048K)
 Metaspace       used 34314K, committed 34496K, reserved 1114112K
  class space    used 3726K, committed 3840K, reserved 1048576K
}
Event: 91.563 GC heap before
{Heap before GC invocations=14 (full 2):
 garbage-first heap   total 96256K, used 38775K [0x0000000702600000, 0x0000000800000000)
  region size 2048K, 9 young (18432K), 1 survivors (2048K)
 Metaspace       used 34314K, committed 34496K, reserved 1114112K
  class space    used 3726K, committed 3840K, reserved 1048576K
}
Event: 91.588 GC heap after
{Heap after GC invocations=15 (full 3):
 garbage-first heap   total 90112K, used 24299K [0x0000000702600000, 0x0000000800000000)
  region size 2048K, 0 young (0K), 0 survivors (0K)
 Metaspace       used 34314K, committed 34496K, reserved 1114112K
  class space    used 3726K, committed 3840K, reserved 1048576K
}

Dll operation events (14 events):
Event: 0.010 Loaded shared library C:\Users\HP\.jdks\corretto-17.0.7\bin\java.dll
Event: 0.023 Loaded shared library C:\Users\HP\.jdks\corretto-17.0.7\bin\jsvml.dll
Event: 0.168 Loaded shared library C:\Users\HP\.jdks\corretto-17.0.7\bin\zip.dll
Event: 0.171 Loaded shared library C:\Users\HP\.jdks\corretto-17.0.7\bin\instrument.dll
Event: 0.177 Loaded shared library C:\Users\HP\.jdks\corretto-17.0.7\bin\net.dll
Event: 0.178 Loaded shared library C:\Users\HP\.jdks\corretto-17.0.7\bin\nio.dll
Event: 0.182 Loaded shared library C:\Users\HP\.jdks\corretto-17.0.7\bin\zip.dll
Event: 0.298 Loaded shared library C:\Program Files\JetBrains\IntelliJ IDEA Community Edition 2021.3.2\bin\breakgen64.dll
Event: 0.481 Loaded shared library C:\Users\HP\.jdks\corretto-17.0.7\bin\jimage.dll
Event: 0.486 Loaded shared library C:\Users\HP\.jdks\corretto-17.0.7\bin\awt.dll
Event: 1.435 Loaded shared library C:\Users\HP\.skiko\0de0d8dd8554d9bb66cfca3837db6514ff9b71080e998917280a3b777460a416\skiko-windows-x64.dll
Event: 1.937 Loaded shared library C:\Users\HP\.jdks\corretto-17.0.7\bin\freetype.dll
Event: 1.938 Loaded shared library C:\Users\HP\.jdks\corretto-17.0.7\bin\fontmanager.dll
Event: 6.264 Loaded shared library C:\Users\HP\AppData\Local\io-realm-kotlin\f7113120ba00ba1ff91d696eecd3919e85a4e34e\realmc.dll

Deoptimization events (20 events):
Event: 112.533 Thread 0x000002e96e1961c0 Uncommon trap: trap_request=0xffffffde fr.pc=0x000002e95613afe0 relative=0x0000000000000060
Event: 112.533 Thread 0x000002e96e1961c0 Uncommon trap: reason=class_check action=maybe_recompile pc=0x000002e95613afe0 method=kotlinx.coroutines.AbstractCoroutine.afterResume(Ljava/lang/Object;)V @ 2 c2
Event: 112.533 Thread 0x000002e96e1961c0 DEOPT PACKING pc=0x000002e95613afe0 sp=0x000000fe44efe9d0
Event: 112.533 Thread 0x000002e96e1961c0 DEOPT UNPACKING pc=0x000002e9558969a3 sp=0x000000fe44efe958 mode 2
Event: 112.535 Thread 0x000002e96e1996b0 Uncommon trap: trap_request=0xffffffde fr.pc=0x000002e95613afe0 relative=0x0000000000000060
Event: 112.535 Thread 0x000002e96e1996b0 Uncommon trap: reason=class_check action=maybe_recompile pc=0x000002e95613afe0 method=kotlinx.coroutines.AbstractCoroutine.afterResume(Ljava/lang/Object;)V @ 2 c2
Event: 112.535 Thread 0x000002e96e1996b0 DEOPT PACKING pc=0x000002e95613afe0 sp=0x000000fe478ff250
Event: 112.535 Thread 0x000002e96e1996b0 DEOPT UNPACKING pc=0x000002e9558969a3 sp=0x000000fe478ff1d8 mode 2
Event: 112.536 Thread 0x000002e96e1961c0 Uncommon trap: trap_request=0xffffffde fr.pc=0x000002e95613afe0 relative=0x0000000000000060
Event: 112.536 Thread 0x000002e96e1961c0 Uncommon trap: reason=class_check action=maybe_recompile pc=0x000002e95613afe0 method=kotlinx.coroutines.AbstractCoroutine.afterResume(Ljava/lang/Object;)V @ 2 c2
Event: 112.536 Thread 0x000002e96e1961c0 DEOPT PACKING pc=0x000002e95613afe0 sp=0x000000fe44efeee0
Event: 112.536 Thread 0x000002e96e1961c0 DEOPT UNPACKING pc=0x000002e9558969a3 sp=0x000000fe44efee68 mode 2
Event: 112.537 Thread 0x000002e96e1996b0 Uncommon trap: trap_request=0xffffff45 fr.pc=0x000002e956187500 relative=0x00000000000000e0
Event: 112.537 Thread 0x000002e96e1996b0 Uncommon trap: reason=unstable_if action=reinterpret pc=0x000002e956187500 method=java.util.concurrent.locks.AbstractQueuedSynchronizer$ConditionNode.isReleasable()Z @ 14 c2
Event: 112.537 Thread 0x000002e96e1996b0 DEOPT PACKING pc=0x000002e956187500 sp=0x000000fe478ff140
Event: 112.537 Thread 0x000002e96e1996b0 DEOPT UNPACKING pc=0x000002e9558969a3 sp=0x000000fe478fefa8 mode 2
Event: 112.537 Thread 0x000002e96e19bd30 Uncommon trap: trap_request=0xffffff45 fr.pc=0x000002e956187500 relative=0x00000000000000e0
Event: 112.537 Thread 0x000002e96e19bd30 Uncommon trap: reason=unstable_if action=reinterpret pc=0x000002e956187500 method=java.util.concurrent.locks.AbstractQueuedSynchronizer$ConditionNode.isReleasable()Z @ 14 c2
Event: 112.537 Thread 0x000002e96e19bd30 DEOPT PACKING pc=0x000002e956187500 sp=0x000000fe474ff0c0
Event: 112.537 Thread 0x000002e96e19bd30 DEOPT UNPACKING pc=0x000002e9558969a3 sp=0x000000fe474fef28 mode 2

Classes unloaded (0 events):
No events

Classes redefined (0 events):
No events

Internal exceptions (20 events):
Event: 0.847 Thread 0x000002e96db34280 Exception <a 'java/lang/NoSuchMethodError'{0x0000000712018f80}: 'java.lang.Object java.lang.invoke.DirectMethodHandle$Holder.invokeStaticInit(java.lang.Object, int, int, int, int)'> (0x0000000712018f80) 
thrown [s\src\hotspot\share\interpreter\linkResolver.cpp, line 759]
Event: 0.945 Thread 0x000002e96db34280 Exception <a 'java/lang/NoSuchMethodError'{0x00000007120e9690}: 'java.lang.Object java.lang.invoke.DirectMethodHandle$Holder.invokeStaticInit(java.lang.Object, java.lang.Object, int, int, int, int)'> (0x00000007120e9690) 
thrown [s\src\hotspot\share\interpreter\linkResolver.cpp, line 759]
Event: 1.107 Thread 0x000002e96db34280 Exception <a 'java/lang/NoSuchMethodError'{0x0000000711c3f9e0}: 'double java.lang.invoke.DirectMethodHandle$Holder.invokeStatic(java.lang.Object, double)'> (0x0000000711c3f9e0) 
thrown [s\src\hotspot\share\interpreter\linkResolver.cpp, line 759]
Event: 1.108 Thread 0x000002e96db34280 Exception <a 'java/lang/NoSuchMethodError'{0x0000000711c43440}: 'double java.lang.invoke.DirectMethodHandle$Holder.invokeStaticInit(java.lang.Object, double)'> (0x0000000711c43440) 
thrown [s\src\hotspot\share\interpreter\linkResolver.cpp, line 759]
Event: 1.120 Thread 0x000002e96db34280 Exception <a 'java/lang/NoSuchMethodError'{0x0000000711c8bc18}: 'java.lang.Object java.lang.invoke.DirectMethodHandle$Holder.newInvokeSpecial(java.lang.Object, double)'> (0x0000000711c8bc18) 
thrown [s\src\hotspot\share\interpreter\linkResolver.cpp, line 759]
Event: 1.726 Thread 0x000002e96db34280 Exception <a 'java/lang/NoSuchMethodError'{0x0000000710fb7860}: 'void java.lang.invoke.DirectMethodHandle$Holder.invokeSpecial(java.lang.Object, java.lang.Object, java.lang.Object)'> (0x0000000710fb7860) 
thrown [s\src\hotspot\share\interpreter\linkResolver.cpp, line 759]
Event: 1.739 Thread 0x000002e96db34280 Exception <a 'java/lang/NoSuchMethodError'{0x0000000710fe1d78}: 'java.lang.Object java.lang.invoke.DirectMethodHandle$Holder.newInvokeSpecial(java.lang.Object, java.lang.Object, java.lang.Object, java.lang.Object, java.lang.Object)'> (0x0000000710fe1d78) 
thrown [s\src\hotspot\share\interpreter\linkResolver.cpp, line 759]
Event: 1.742 Thread 0x000002e96db34280 Exception <a 'java/lang/NoSuchMethodError'{0x0000000710fed9e8}: 'java.lang.Object java.lang.invoke.DirectMethodHandle$Holder.invokeStatic(java.lang.Object, int, java.lang.Object, java.lang.Object, java.lang.Object, java.lang.Object)'> (0x0000000710fed9e8) 
thrown [s\src\hotspot\share\interpreter\linkResolver.cpp, line 759]
Event: 1.751 Thread 0x000002e96db34280 Exception <a 'java/lang/NoSuchMethodError'{0x0000000710c13910}: 'java.lang.Object java.lang.invoke.DirectMethodHandle$Holder.invokeStatic(java.lang.Object, int, java.lang.Object)'> (0x0000000710c13910) 
thrown [s\src\hotspot\share\interpreter\linkResolver.cpp, line 759]
Event: 1.800 Thread 0x000002e96db34280 Exception <a 'java/lang/ClassNotFoundException'{0x0000000710ccfb40}: com/sun/swing/internal/plaf/metal/resources/spi/metalProvider> (0x0000000710ccfb40) 
thrown [s\src\hotspot\share\classfile\systemDictionary.cpp, line 256]
Event: 1.802 Thread 0x000002e96db34280 Exception <a 'java/lang/ClassNotFoundException'{0x0000000710cd3ae0}: com/sun/swing/internal/plaf/basic/resources/spi/basicProvider> (0x0000000710cd3ae0) 
thrown [s\src\hotspot\share\classfile\systemDictionary.cpp, line 256]
Event: 1.816 Thread 0x000002e96db34280 Implicit null exception at 0x000002e955e6efa0 to 0x000002e955e6f6d5
Event: 1.822 Thread 0x000002e96db34280 Implicit null exception at 0x000002e955e12510 to 0x000002e955e128e4
Event: 1.822 Thread 0x000002e96db34280 Implicit null exception at 0x000002e955e07c10 to 0x000002e955e07fc8
Event: 1.851 Thread 0x000002e96db34280 Exception <a 'java/lang/NoSuchMethodError'{0x0000000710de4738}: 'void java.lang.invoke.DirectMethodHandle$Holder.invokeStatic(java.lang.Object, java.lang.Object, java.lang.Object)'> (0x0000000710de4738) 
thrown [s\src\hotspot\share\interpreter\linkResolver.cpp, line 759]
Event: 1.933 Thread 0x000002e96db34280 Exception <a 'java/lang/NoSuchMethodError'{0x00000007108c24a0}: 'void java.lang.invoke.DirectMethodHandle$Holder.invokeStaticInit(java.lang.Object)'> (0x00000007108c24a0) 
thrown [s\src\hotspot\share\interpreter\linkResolver.cpp, line 759]
Event: 2.157 Thread 0x000002e96db34280 Exception <a 'java/lang/NoSuchMethodError'{0x0000000711f92750}: 'int java.lang.invoke.DirectMethodHandle$Holder.invokeStaticInit(java.lang.Object, java.lang.Object, java.lang.Object)'> (0x0000000711f92750) 
thrown [s\src\hotspot\share\interpreter\linkResolver.cpp, line 759]
Event: 2.599 Thread 0x000002e96db350f0 Exception <a 'java/lang/NoSuchMethodError'{0x0000000710800b68}: 'void java.lang.invoke.DirectMethodHandle$Holder.invokeVirtual(java.lang.Object, java.lang.Object)'> (0x0000000710800b68) 
thrown [s\src\hotspot\share\interpreter\linkResolver.cpp, line 759]
Event: 5.520 Thread 0x000002e96db34280 Exception <a 'java/lang/NoSuchMethodError'{0x0000000704ab8230}: 'int java.lang.invoke.DirectMethodHandle$Holder.invokeStaticInit(java.lang.Object, long, long)'> (0x0000000704ab8230) 
thrown [s\src\hotspot\share\interpreter\linkResolver.cpp, line 759]
Event: 6.152 Thread 0x000002e96db34280 Exception <a 'java/lang/NoSuchMethodError'{0x0000000704ee4278}: 'java.lang.Object java.lang.invoke.DirectMethodHandle$Holder.newInvokeSpecial(java.lang.Object, int, java.lang.Object)'> (0x0000000704ee4278) 
thrown [s\src\hotspot\share\interpreter\linkResolver.cpp, line 759]

VM Operations (20 events):
Event: 53.120 Executing VM operation: Cleanup
Event: 53.120 Executing VM operation: Cleanup done
Event: 61.525 Executing VM operation: G1CollectFull
Event: 61.548 Executing VM operation: G1CollectFull done
Event: 65.577 Executing VM operation: Cleanup
Event: 65.577 Executing VM operation: Cleanup done
Event: 66.590 Executing VM operation: Cleanup
Event: 66.590 Executing VM operation: Cleanup done
Event: 70.650 Executing VM operation: Cleanup
Event: 70.650 Executing VM operation: Cleanup done
Event: 82.782 Executing VM operation: Cleanup
Event: 82.782 Executing VM operation: Cleanup done
Event: 84.158 Executing VM operation: G1CollectForAllocation
Event: 84.158 Executing VM operation: G1CollectForAllocation done
Event: 91.563 Executing VM operation: G1CollectFull
Event: 91.588 Executing VM operation: G1CollectFull done
Event: 99.671 Executing VM operation: Cleanup
Event: 99.671 Executing VM operation: Cleanup done
Event: 104.723 Executing VM operation: Cleanup
Event: 104.723 Executing VM operation: Cleanup done

Events (20 events):
Event: 21.803 Thread 0x000002e96d010800 flushing nmethod 0x000002e94eb6bf90
Event: 21.803 Thread 0x000002e96d010800 flushing nmethod 0x000002e94eb6fa90
Event: 21.803 Thread 0x000002e96d010800 flushing nmethod 0x000002e94eb76290
Event: 21.803 Thread 0x000002e96d010800 flushing nmethod 0x000002e94eb93110
Event: 21.803 Thread 0x000002e96d010800 flushing nmethod 0x000002e94ebd1d90
Event: 21.803 Thread 0x000002e96d010800 flushing nmethod 0x000002e94ebf5e90
Event: 21.803 Thread 0x000002e96d010800 flushing nmethod 0x000002e94ec3ac90
Event: 21.803 Thread 0x000002e96d010800 flushing nmethod 0x000002e94ec60210
Event: 21.804 Thread 0x000002e96d010800 flushing nmethod 0x000002e94ecef710
Event: 21.804 Thread 0x000002e96d010800 flushing nmethod 0x000002e94ecefa90
Event: 112.526 loading class jdk/internal/misc/Signal$1
Event: 112.526 loading class jdk/internal/misc/Signal$1 done
Event: 112.526 Thread 0x000002e96e19aec0 Thread added: 0x000002e96e19aec0
Event: 112.527 Thread 0x000002e96e197500 Thread added: 0x000002e96e197500
Event: 112.527 Thread 0x000002e96e1961c0 Thread added: 0x000002e96e1961c0
Event: 112.527 Thread 0x000002e96e198370 Thread added: 0x000002e96e198370
Event: 112.528 Thread 0x000002e96e198370 Thread exited: 0x000002e96e198370
Event: 112.537 Thread 0x000002e96e1961c0 Thread exited: 0x000002e96e1961c0
Event: 112.537 Thread 0x000002e96e19bd30 Thread exited: 0x000002e96e19bd30
Event: 112.537 Thread 0x000002e96e1996b0 Thread exited: 0x000002e96e1996b0


Dynamic libraries:
0x00007ff7eeda0000 - 0x00007ff7eedad000 	C:\Users\HP\.jdks\corretto-17.0.7\bin\java.exe
0x00007ffee9b50000 - 0x00007ffee9d48000 	C:\Windows\SYSTEM32\ntdll.dll
0x00007ffee90d0000 - 0x00007ffee918f000 	C:\Windows\System32\KERNEL32.DLL
0x00007ffee7790000 - 0x00007ffee7a86000 	C:\Windows\System32\KERNELBASE.dll
0x00007ffee7410000 - 0x00007ffee7510000 	C:\Windows\System32\ucrtbase.dll
0x00007ffedf250000 - 0x00007ffedf265000 	C:\Users\HP\.jdks\corretto-17.0.7\bin\VCRUNTIME140.dll
0x00007ffedd130000 - 0x00007ffedd147000 	C:\Users\HP\.jdks\corretto-17.0.7\bin\jli.dll
0x00007ffecd150000 - 0x00007ffecd3ea000 	C:\Windows\WinSxS\amd64_microsoft.windows.common-controls_6595b64144ccf1df_6.0.19041.1110_none_60b5254171f9507e\COMCTL32.dll
0x00007ffee9970000 - 0x00007ffee9b0d000 	C:\Windows\System32\USER32.dll
0x00007ffee76c0000 - 0x00007ffee76e2000 	C:\Windows\System32\win32u.dll
0x00007ffee90a0000 - 0x00007ffee90cc000 	C:\Windows\System32\GDI32.dll
0x00007ffee8310000 - 0x00007ffee83ae000 	C:\Windows\System32\msvcrt.dll
0x00007ffee7a90000 - 0x00007ffee7ba5000 	C:\Windows\System32\gdi32full.dll
0x00007ffee72c0000 - 0x00007ffee735d000 	C:\Windows\System32\msvcp_win.dll
0x00007ffee8600000 - 0x00007ffee8630000 	C:\Windows\System32\IMM32.DLL
0x00007ffec73d0000 - 0x00007ffec746b000 	C:\Users\HP\.jdks\corretto-17.0.7\bin\msvcp140.dll
0x00007ffea5510000 - 0x00007ffea612a000 	C:\Users\HP\.jdks\corretto-17.0.7\bin\server\jvm.dll
0x00007ffee8630000 - 0x00007ffee86df000 	C:\Windows\System32\ADVAPI32.dll
0x00007ffee8560000 - 0x00007ffee85fc000 	C:\Windows\System32\sechost.dll
0x00007ffee7d70000 - 0x00007ffee7e96000 	C:\Windows\System32\RPCRT4.dll
0x00007ffee0fa0000 - 0x00007ffee0fa9000 	C:\Windows\SYSTEM32\WSOCK32.dll
0x00007ffee8e70000 - 0x00007ffee8edb000 	C:\Windows\System32\WS2_32.dll
0x00007ffedb320000 - 0x00007ffedb32a000 	C:\Windows\SYSTEM32\VERSION.dll
0x00007ffecca00000 - 0x00007ffecca27000 	C:\Windows\SYSTEM32\WINMM.dll
0x00007ffee5a20000 - 0x00007ffee5a32000 	C:\Windows\SYSTEM32\kernel.appcore.dll
0x00007ffedf290000 - 0x00007ffedf29a000 	C:\Users\HP\.jdks\corretto-17.0.7\bin\jimage.dll
0x00007ffee1f40000 - 0x00007ffee2124000 	C:\Windows\SYSTEM32\DBGHELP.DLL
0x00007ffecec70000 - 0x00007ffececa4000 	C:\Windows\SYSTEM32\dbgcore.DLL
0x00007ffee7230000 - 0x00007ffee72b2000 	C:\Windows\System32\bcryptPrimitives.dll
0x00007ffede550000 - 0x00007ffede55e000 	C:\Users\HP\.jdks\corretto-17.0.7\bin\instrument.dll
0x00007ffedbcf0000 - 0x00007ffedbd15000 	C:\Users\HP\.jdks\corretto-17.0.7\bin\java.dll
0x00007ffebaa40000 - 0x00007ffebab16000 	C:\Users\HP\.jdks\corretto-17.0.7\bin\jsvml.dll
0x00007ffee9190000 - 0x00007ffee98d4000 	C:\Windows\System32\SHELL32.dll
0x00007ffee2130000 - 0x00007ffee28c4000 	C:\Windows\SYSTEM32\windows.storage.dll
0x00007ffee8890000 - 0x00007ffee8be4000 	C:\Windows\System32\combase.dll
0x00007ffee6ab0000 - 0x00007ffee6ade000 	C:\Windows\SYSTEM32\Wldp.dll
0x00007ffee8f90000 - 0x00007ffee903d000 	C:\Windows\System32\SHCORE.dll
0x00007ffee9040000 - 0x00007ffee9095000 	C:\Windows\System32\shlwapi.dll
0x00007ffee7160000 - 0x00007ffee7185000 	C:\Windows\SYSTEM32\profapi.dll
0x00007ffedbcc0000 - 0x00007ffedbcd8000 	C:\Users\HP\.jdks\corretto-17.0.7\bin\zip.dll
0x00007ffedc060000 - 0x00007ffedc079000 	C:\Users\HP\.jdks\corretto-17.0.7\bin\net.dll
0x00007ffed8570000 - 0x00007ffed867a000 	C:\Windows\SYSTEM32\WINHTTP.dll
0x00007ffee6890000 - 0x00007ffee68fa000 	C:\Windows\system32\mswsock.dll
0x00007ffedbfe0000 - 0x00007ffedbff5000 	C:\Users\HP\.jdks\corretto-17.0.7\bin\nio.dll
0x00007ffedbd20000 - 0x00007ffedbd3a000 	C:\Program Files\JetBrains\IntelliJ IDEA Community Edition 2021.3.2\bin\breakgen64.dll
0x00007ffeba410000 - 0x00007ffeba5b9000 	C:\Users\HP\.jdks\corretto-17.0.7\bin\awt.dll
0x00007ffee87c0000 - 0x00007ffee888d000 	C:\Windows\System32\OLEAUT32.dll
0x00007ffee0ec0000 - 0x00007ffee0f51000 	C:\Windows\SYSTEM32\apphelp.dll
0x00007ffee1180000 - 0x00007ffee121e000 	C:\Windows\system32\uxtheme.dll
0x00007ffee8440000 - 0x00007ffee8554000 	C:\Windows\System32\MSCTF.dll
0x00007ffee8c00000 - 0x00007ffee8d2a000 	C:\Windows\System32\ole32.dll
0x00007ffee1320000 - 0x00007ffee134f000 	C:\Windows\system32\DWMAPI.DLL
0x00007ffeb5d50000 - 0x00007ffeb5e75000 	C:\Windows\system32\opengl32.dll
0x00007ffeb67f0000 - 0x00007ffeb681c000 	C:\Windows\SYSTEM32\GLU32.dll
0x00007ffee6af0000 - 0x00007ffee6b08000 	C:\Windows\SYSTEM32\CRYPTSP.dll
0x00007ffee61d0000 - 0x00007ffee6204000 	C:\Windows\system32\rsaenh.dll
0x00007ffee7760000 - 0x00007ffee7787000 	C:\Windows\System32\bcrypt.dll
0x00007ffee7120000 - 0x00007ffee714e000 	C:\Windows\SYSTEM32\USERENV.dll
0x00007ffee6a20000 - 0x00007ffee6a2c000 	C:\Windows\SYSTEM32\CRYPTBASE.dll
0x00007ffee65a0000 - 0x00007ffee65dc000 	C:\Windows\SYSTEM32\IPHLPAPI.DLL
0x00007ffee7d60000 - 0x00007ffee7d68000 	C:\Windows\System32\NSI.dll
0x00007ffeda430000 - 0x00007ffeda447000 	C:\Windows\SYSTEM32\dhcpcsvc6.DLL
0x00007ffed8d80000 - 0x00007ffed8d9d000 	C:\Windows\SYSTEM32\dhcpcsvc.DLL
0x00007ffee65e0000 - 0x00007ffee66aa000 	C:\Windows\SYSTEM32\DNSAPI.dll
0x00007ffe9d3a0000 - 0x00007ffe9e3ec000 	C:\Users\HP\.skiko\0de0d8dd8554d9bb66cfca3837db6514ff9b71080e998917280a3b777460a416\skiko-windows-x64.dll
0x00007ffec5a30000 - 0x00007ffec5ab3000 	C:\Users\HP\.jdks\corretto-17.0.7\bin\freetype.dll
0x00007ffec1f80000 - 0x00007ffec2042000 	C:\Users\HP\.jdks\corretto-17.0.7\bin\fontmanager.dll
0x00007ffedbd50000 - 0x00007ffedbd57000 	C:\Users\HP\.jdks\corretto-17.0.7\bin\jawt.dll
0x00007ffee5a90000 - 0x00007ffee5b83000 	C:\Windows\SYSTEM32\Dxgi.dll
0x00007ffedb970000 - 0x00007ffedb990000 	C:\Windows\SYSTEM32\D3D12.dll
0x00007ffea94a0000 - 0x00007ffea966d000 	C:\Windows\SYSTEM32\D3D12Core.dll
0x00007ffeda9e0000 - 0x00007ffedaa1b000 	C:\Windows\SYSTEM32\dxcore.dll
0x00007ffee7670000 - 0x00007ffee76be000 	C:\Windows\System32\cfgmgr32.dll
0x00007ffed4390000 - 0x00007ffed6fa9000 	C:\Windows\System32\DriverStore\FileRepository\igdlh64.inf_amd64_e6daaea9afe1e6f6\igc64.dll
0x00007ffe72ab0000 - 0x00007ffe73f83000 	C:\Windows\System32\DriverStore\FileRepository\igdlh64.inf_amd64_e6daaea9afe1e6f6\igd12umd64.dll
0x00007ffeda000000 - 0x00007ffeda257000 	C:\Windows\System32\DriverStore\FileRepository\igdlh64.inf_amd64_e6daaea9afe1e6f6\igdgmm64.dll
0x00007ffea2920000 - 0x00007ffea2d2b000 	C:\Windows\System32\DriverStore\FileRepository\igdlh64.inf_amd64_e6daaea9afe1e6f6\igdml64.dll
0x00007ffeca980000 - 0x00007ffeca9ab000 	C:\Windows\SYSTEM32\D3DSCache.dll
0x00007ffe51780000 - 0x00007ffe55f82000 	C:\Windows\System32\DriverStore\FileRepository\igdlh64.inf_amd64_e6daaea9afe1e6f6\igd12dxva64.dll
0x00007ffee7ea0000 - 0x00007ffee830e000 	C:\Windows\System32\SETUPAPI.dll
0x00007ffe96bf0000 - 0x00007ffe96c17000 	C:\Windows\System32\DriverStore\FileRepository\igdlh64.inf_amd64_e6daaea9afe1e6f6\igdinfo64.dll
0x00007ffeddf50000 - 0x00007ffede157000 	C:\Windows\SYSTEM32\twinapi.appcore.dll
0x00007ffee8ee0000 - 0x00007ffee8f89000 	C:\Windows\System32\clbcatq.dll
0x00007ffedb410000 - 0x00007ffedb514000 	C:\Windows\System32\AppXDeploymentClient.dll
0x00007ffe744c0000 - 0x00007ffe75492000 	C:\Windows\System32\DriverStore\FileRepository\igdlh64.inf_amd64_e6daaea9afe1e6f6\ig9icd64.dll
0x00007ffee7090000 - 0x00007ffee70db000 	C:\Windows\SYSTEM32\powrprof.dll
0x00007ffee7070000 - 0x00007ffee7082000 	C:\Windows\SYSTEM32\UMPDC.dll
0x00007ffed2250000 - 0x00007ffed24cf000 	C:\Windows\SYSTEM32\dwrite.dll
0x00007ffed3ec0000 - 0x00007ffed3fb9000 	C:\Windows\SYSTEM32\textinputframework.dll
0x00007ffee0b40000 - 0x00007ffee0c32000 	C:\Windows\System32\CoreMessaging.dll
0x00007ffee0460000 - 0x00007ffee07be000 	C:\Windows\System32\CoreUIComponents.dll
0x00007ffee62f0000 - 0x00007ffee6323000 	C:\Windows\SYSTEM32\ntmarta.dll
0x00007ffedf450000 - 0x00007ffedf5a4000 	C:\Windows\SYSTEM32\wintypes.dll
0x00007ffe60f60000 - 0x00007ffe61812000 	C:\Users\HP\AppData\Local\io-realm-kotlin\f7113120ba00ba1ff91d696eecd3919e85a4e34e\realmc.dll
0x00007ffee7510000 - 0x00007ffee766e000 	C:\Windows\System32\CRYPT32.dll

dbghelp: loaded successfully - version: 4.0.5 - missing functions: none
symbol engine: initialized successfully - sym options: 0x614 - pdb path: .;C:\Users\HP\.jdks\corretto-17.0.7\bin;C:\Windows\SYSTEM32;C:\Windows\WinSxS\amd64_microsoft.windows.common-controls_6595b64144ccf1df_6.0.19041.1110_none_60b5254171f9507e;C:\Users\HP\.jdks\corretto-17.0.7\bin\server;C:\Program Files\JetBrains\IntelliJ IDEA Community Edition 2021.3.2\bin;C:\Users\HP\.skiko\0de0d8dd8554d9bb66cfca3837db6514ff9b71080e998917280a3b777460a416;C:\Windows\System32\DriverStore\FileRepository\igdlh64.inf_amd64_e6daaea9afe1e6f6;C:\Users\HP\AppData\Local\io-realm-kotlin\f7113120ba00ba1ff91d696eecd3919e85a4e34e

VM Arguments:
jvm_args: -Djava.library.path=C:\Users\HP\Desktop\newderar\build\classes\kotlin\jvm\main;C:\Users\HP\Desktop\newderar\build\processedResources\jvm\main -javaagent:C:\Program Files\JetBrains\IntelliJ IDEA Community Edition 2021.3.2\lib\idea_rt.jar=51557:C:\Program Files\JetBrains\IntelliJ IDEA Community Edition 2021.3.2\bin -Dfile.encoding=UTF-8 
java_command: MainKt
java_class_path (initial): C:\Users\HP\Desktop\newderar\build\classes\kotlin\jvm\main;C:\Users\HP\Desktop\newderar\build\processedResources\jvm\main;C:\Users\HP\.gradle\caches\modules-2\files-2.1\io.insert-koin\koin-androidx-compose\3.4.5\ae0a88b7a68d507e651c5a3d70a541594bea54cb\koin-androidx-compose-3.4.5.aar;C:\Users\HP\.gradle\caches\modules-2\files-2.1\androidx.navigation\navigation-compose\2.6.0\3f8ce7b0bad21cced0c47b42b6347c65a6e422c3\navigation-compose-2.6.0.aar;C:\Users\HP\.gradle\caches\modules-2\files-2.1\org.jetbrains.kotlin\kotlin-stdlib-jdk8\1.8.21\67f57e154437cd9e6e9cf368394b95814836ff88\kotlin-stdlib-jdk8-1.8.21.jar;C:\Users\HP\.gradle\caches\modules-2\files-2.1\org.apache.poi\poi-ooxml\4.1.2\87d9a22aa9a7dd26e80c360e709f7ee02e32ab3b\poi-ooxml-4.1.2.jar;C:\Users\HP\.gradle\caches\modules-2\files-2.1\org.apache.poi\poi\4.1.2\964bf41cf68bce08e4ef6b2279b559fdf8d454f4\poi-4.1.2.jar;C:\Users\HP\.gradle\caches\modules-2\files-2.1\org.lwjgl\lwjgl-nfd\3.3.1\622318116996ddcff449b46cb38f0fdee39b8ac3\lwjgl-nfd-3.3.1.jar;C:\Users\HP\.gradle\caches\modules-2\files-2.1\org.lwjgl\lwjgl-nfd\3.3.1\2e007667e04ed3281152ae5c6e677fb1c2211691\lwjgl-nfd-3.3.1-natives-linux.jar;C:\Users\HP\.gradle\caches\modules-2\files-2.1\org.lwjgl\lwjgl\3.3.1\ae58664f88e18a9bb2c77b063833ca7aaec484cb\lwjgl-3.3.1.jar;C:\Users\HP\.gradle\caches\modules-2\files-2.1\io.insert-koin\koin-android\3.4.0\48715fbe06102a59a30bd45b06ed2400c16c6f45\koin-android-3.4.0.aar;C:\Users\HP\.gradle\caches\modules-2\files-2.1\org.lwjgl\lwjgl-nfd\3.3.1\b3e04e317f55dd738d8a345cdafd15b39f85a2ea\lwjgl-nfd-3.3.1-natives-linux-arm32.jar;C:\Users\HP\.gradle\caches\modules-2\files-2.1\androidx.lifecycle\lifecycle-viewmodel-compose\2.6.1\38cf3bb65ff3e0e5c3d63de2ebf5411d0898108c\lifecycle-viewmodel-compose-2.6.1.aar;C:\Users\HP\.gradle\caches\modules-2\files-2.1\org.lwjgl\lwjgl-nfd\3.3.1\f41dc62336f7ee4ab35705cfa440cc903d199165\lwjgl-nfd-3.3.1-natives-linux-arm64.jar;C:\Users\HP\.gradle\caches\modules-2\files-2.1\androi
Launcher Type: SUN_STANDARD

[Global flags]
     intx CICompilerCount                          = 3                                         {product} {ergonomic}
     uint ConcGCThreads                            = 1                                         {product} {ergonomic}
     uint G1ConcRefinementThreads                  = 4                                         {product} {ergonomic}
   size_t G1HeapRegionSize                         = 2097152                                   {product} {ergonomic}
    uintx GCDrainStackTargetSize                   = 64                                        {product} {ergonomic}
   size_t InitialHeapSize                          = 266338304                                 {product} {ergonomic}
   size_t MarkStackSize                            = 4194304                                   {product} {ergonomic}
   size_t MaxHeapSize                              = 4255121408                                {product} {ergonomic}
   size_t MaxNewSize                               = 2552233984                                {product} {ergonomic}
   size_t MinHeapDeltaBytes                        = 2097152                                   {product} {ergonomic}
   size_t MinHeapSize                              = 8388608                                   {product} {ergonomic}
    uintx NonNMethodCodeHeapSize                   = 5832780                                {pd product} {ergonomic}
    uintx NonProfiledCodeHeapSize                  = 122912730                              {pd product} {ergonomic}
    uintx ProfiledCodeHeapSize                     = 122912730                              {pd product} {ergonomic}
    uintx ReservedCodeCacheSize                    = 251658240                              {pd product} {ergonomic}
     bool SegmentedCodeCache                       = true                                      {product} {ergonomic}
   size_t SoftMaxHeapSize                          = 4255121408                             {manageable} {ergonomic}
     bool UseCompressedClassPointers               = true                           {product lp64_product} {ergonomic}
     bool UseCompressedOops                        = true                           {product lp64_product} {ergonomic}
     bool UseG1GC                                  = true                                      {product} {ergonomic}
     bool UseLargePagesIndividualAllocation        = false                                  {pd product} {ergonomic}

Logging:
Log output configuration:
 #0: stdout all=warning uptime,level,tags
 #1: stderr all=off uptime,level,tags

Environment Variables:
PATH=C:\Program Files\Common Files\Oracle\Java\javapath;C:\Program Files (x86)\Common Files\Oracle\Java\javapath;C:\Windows\system32;C:\Windows;C:\Windows\System32\Wbem;C:\Windows\System32\WindowsPowerShell\v1.0\;C:\Windows\System32\OpenSSH\;C:\xampp\php;C:\ProgramData\ComposerSetup\bin;C:\Program Files\nodejs\;C:\Program Files (x86)\Intel\Intel(R) Management Engine Components\DAL;C:\Program Files\Intel\Intel(R) Management Engine Components\DAL;C:\Program Files\Git\cmd;C:\Program Files\Fortect;C:\Users\HP\AppData\Local\Microsoft\WindowsApps;C:\Program Files\JetBrains\IntelliJ IDEA Community Edition 2021.3.2\bin;C:\Users\HP\AppData\Local\Programs\Microsoft VS Code\bin;C:\Users\HP\AppData\Local\JetBrains\Toolbox\scripts;C:\Users\HP\AppData\Local\GitHubDesktop\bin;C:\Users\HP\Desktop\camp\flutter_windows_3.7.6-stable\flutter\bin;C:\Users\HP\AppData\Roaming\Composer\vendor\bin;C:\Users\HP\AppData\Roaming\npm
USERNAME=HP
OS=Windows_NT
PROCESSOR_IDENTIFIER=Intel64 Family 6 Model 142 Stepping 9, GenuineIntel
TMP=C:\Users\HP\AppData\Local\Temp
TEMP=C:\Users\HP\AppData\Local\Temp



---------------  S Y S T E M  ---------------

OS:
 Windows 10 , 64 bit Build 19041 (10.0.19041.3155)
OS uptime: 2 days 20:09 hours
Hyper-V role detected

CPU: total 4 (initial active 4) (2 cores per cpu, 2 threads per core) family 6 model 142 stepping 9 microcode 0xf2, cx8, cmov, fxsr, ht, mmx, 3dnowpref, sse, sse2, sse3, ssse3, sse4.1, sse4.2, popcnt, lzcnt, tsc, tscinvbit, avx, avx2, aes, erms, clmul, bmi1, bmi2, rtm, adx, fma, vzeroupper, clflush, clflushopt, hv

Memory: 4k page, system-wide physical 16224M (6068M free)
TotalPageFile size 32096M (AvailPageFile size 20151M)
current process WorkingSet (physical memory assigned to process): 269M, peak: 316M
current process commit charge ("private bytes"): 280M, peak: 430M

vm_info: OpenJDK 64-Bit Server VM (17.0.7+7-LTS) for windows-amd64 JRE (17.0.7+7-LTS), built on Apr 14 2023 01:39:21 by "Administrator" with MS VC++ 15.9 (VS2017)

END.
