#
# A fatal error has been detected by the Java Runtime Environment:
#
#  EXCEPTION_ACCESS_VIOLATION (0xc0000005) at pc=0x00007ffa62a5ebe3, pid=3048, tid=18056
#
# JRE version: OpenJDK Runtime Environment Corretto-17.0.7.7.1 (17.0.7+7) (build 17.0.7+7-LTS)
# Java VM: OpenJDK 64-Bit Server VM Corretto-17.0.7.7.1 (17.0.7+7-LTS, mixed mode, sharing, tiered, compressed oops, compressed class ptrs, g1 gc, windows-amd64)
# Problematic frame:
# C  [ig9icd64.dll+0x9bebe3]
#
# No core dump will be written. Minidumps are not enabled by default on client versions of Windows
#
# If you would like to submit a bug report, please visit:
#   https://github.com/corretto/corretto-17/issues/
# The crash happened outside the Java Virtual Machine in native code.
# See problematic frame for where to report the bug.
#

---------------  S U M M A R Y ------------

Command Line: -Djava.library.path=C:\Users\HP\Desktop\demo-compose-desktop\build\classes\kotlin\jvm\main;C:\Users\HP\Desktop\demo-compose-desktop\build\processedResources\jvm\main -javaagent:C:\Program Files\JetBrains\IntelliJ IDEA Community Edition 2021.3.2\lib\idea_rt.jar=54567:C:\Program Files\JetBrains\IntelliJ IDEA Community Edition 2021.3.2\bin -Dfile.encoding=UTF-8 MainKt

Host: Intel(R) Core(TM) i5-7300U CPU @ 2.60GHz, 4 cores, 15G,  Windows 10 , 64 bit Build 19041 (10.0.19041.3155)
Time: Wed Jul 12 19:00:45 2023 Libya Standard Time elapsed time: 110.280556 seconds (0d 0h 1m 50s)

---------------  T H R E A D  ---------------

Current thread (0x0000016b6fc9f980):  JavaThread "AWT-EventQueue-0" [_thread_in_native, id=18056, stack(0x0000002beeb00000,0x0000002beec00000)]

Stack: [0x0000002beeb00000,0x0000002beec00000],  sp=0x0000002beebfcaf8,  free space=1010k
Native frames: (J=compiled Java code, j=interpreted, Vv=VM code, C=native code)
C  [ig9icd64.dll+0x9bebe3]

Java frames: (J=compiled Java code, j=interpreted, Vv=VM code)
J 5879  org.jetbrains.skia.DirectContextKt.DirectContext_nFlush(J)V (0 bytes) @ 0x0000016b58244f69 [0x0000016b58244f20+0x0000000000000049]
J 6332 c2 org.jetbrains.skiko.redrawer.WindowsOpenGLRedrawer$Companion$frameDispatcher$1.invokeSuspend(Ljava/lang/Object;)Ljava/lang/Object; (379 bytes) @ 0x0000016b58373d40 [0x0000016b58372780+0x00000000000015c0]
J 6331 c2 org.jetbrains.skiko.FrameDispatcher$job$1.invokeSuspend(Ljava/lang/Object;)Ljava/lang/Object; (156 bytes) @ 0x0000016b58370478 [0x0000016b58370220+0x0000000000000258]
J 5181 c2 kotlin.coroutines.jvm.internal.BaseContinuationImpl.resumeWith(Ljava/lang/Object;)V (128 bytes) @ 0x0000016b581817cc [0x0000016b58181760+0x000000000000006c]
J 5244 c2 kotlinx.coroutines.DispatchedTask.run()V (571 bytes) @ 0x0000016b5818e52c [0x0000016b5818e1a0+0x000000000000038c]
J 5599 c2 java.awt.EventQueue.dispatchEvent(Ljava/awt/AWTEvent;)V java.desktop@17.0.7 (80 bytes) @ 0x0000016b581d28dc [0x0000016b581d2300+0x00000000000005dc]
J 5706 c2 java.awt.EventDispatchThread.pumpOneEventForFilters(I)V java.desktop@17.0.7 (113 bytes) @ 0x0000016b581f90ac [0x0000016b581f89c0+0x00000000000006ec]
j  java.awt.EventDispatchThread.pumpEventsForFilter(ILjava/awt/Conditional;Ljava/awt/EventFilter;)V+35 java.desktop@17.0.7
j  java.awt.EventDispatchThread.pumpEventsForHierarchy(ILjava/awt/Conditional;Ljava/awt/Component;)V+11 java.desktop@17.0.7
j  java.awt.EventDispatchThread.pumpEvents(ILjava/awt/Conditional;)V+4 java.desktop@17.0.7
j  java.awt.EventDispatchThread.pumpEvents(Ljava/awt/Conditional;)V+3 java.desktop@17.0.7
j  java.awt.EventDispatchThread.run()V+9 java.desktop@17.0.7
v  ~StubRoutines::call_stub

siginfo: EXCEPTION_ACCESS_VIOLATION (0xc0000005), reading address 0x00007ffda2c81110


Register to memory mapping:

RIP=0x00007ffa62a5ebe3 ig9icd64.dll
RAX=0x000000000fff0fff is an unknown value
RBX=0x00007ffa620a0000 ig9icd64.dll
RCX=0x000000033fcf3fcc is an unknown value
RDX=0x0000002beebfd010 is pointing into the stack for thread: 0x0000016b6fc9f980
RSP=0x0000002beebfcaf8 is pointing into the stack for thread: 0x0000016b6fc9f980
RBP=0x0000002beebfcc00 is pointing into the stack for thread: 0x0000016b6fc9f980
RSI=0x0000016b727b93c0 points into unknown readable memory: 0x0000016b72780080 | 80 00 78 72 6b 01 00 00
RDI=0x0000002beebfce00 is pointing into the stack for thread: 0x0000016b6fc9f980
R8 =0x0000002beebfcc30 is pointing into the stack for thread: 0x0000016b6fc9f980
R9 =0x0000002beebfd010 is pointing into the stack for thread: 0x0000016b6fc9f980
R10=0x0000002beebfce00 is pointing into the stack for thread: 0x0000016b6fc9f980
R11=0x0 is NULL
R12=0x00007ffa62ed15e0 ig9icd64.dll
R13=0x0 is NULL
R14=0x0 is NULL
R15=0x00000000000001c1 is an unknown value


Registers:
RAX=0x000000000fff0fff, RBX=0x00007ffa620a0000, RCX=0x000000033fcf3fcc, RDX=0x0000002beebfd010
RSP=0x0000002beebfcaf8, RBP=0x0000002beebfcc00, RSI=0x0000016b727b93c0, RDI=0x0000002beebfce00
R8 =0x0000002beebfcc30, R9 =0x0000002beebfd010, R10=0x0000002beebfce00, R11=0x0000000000000000
R12=0x00007ffa62ed15e0, R13=0x0000000000000000, R14=0x0000000000000000, R15=0x00000000000001c1
RIP=0x00007ffa62a5ebe3, EFLAGS=0x0000000000010206

Top of Stack: (sp=0x0000002beebfcaf8)
0x0000002beebfcaf8:   00007ffa62a5c31b 0000000000000001
0x0000002beebfcb08:   0000000000000000 0000016b7af39600
0x0000002beebfcb18:   00007ffad7ac2622 0000002b00000065
0x0000002beebfcb28:   0000002beebfcd30 0000000000000000
0x0000002beebfcb38:   0000016b7049d830 0000000000000000
0x0000002beebfcb48:   0000016b7049a620 0000016b7af396a0
0x0000002beebfcb58:   0000000000001100 0000000000000000
0x0000002beebfcb68:   0000000000000000 0000002beebfcce0
0x0000002beebfcb78:   00007ffa626f79c0 0000000000000000
0x0000002beebfcb88:   0000000000000000 0000000000000000
0x0000002beebfcb98:   0000000000000000 0000e203f11506bf
0x0000002beebfcba8:   00007ffa620b6555 0000016b7af396a0
0x0000002beebfcbb8:   0000000000004001 0000000000000000
0x0000002beebfcbc8:   00007ffae8e9b86b 0000000001910047
0x0000002beebfcbd8:   0000000000000015 0000016b735e7cb0
0x0000002beebfcbe8:   0000000000000000 0000000000000000 

Instructions: (pc=0x00007ffa62a5ebe3)
0x00007ffa62a5eae3:   c1 75 31 00 48 89 51 08 48 89 01 8b 44 24 28 89
0x00007ffa62a5eaf3:   41 20 8b 44 24 30 89 41 24 48 8b c1 4c 89 41 10
0x00007ffa62a5eb03:   4c 89 49 18 c3 cc cc cc cc cc cc cc cc 48 89 5c
0x00007ffa62a5eb13:   24 08 8b 41 5c 48 8d 1d e1 14 64 ff 41 89 40 08
0x00007ffa62a5eb23:   4c 8b d1 8b 41 60 45 33 db 41 89 40 0c 4c 8b ca
0x00007ffa62a5eb33:   8b 41 64 41 89 40 10 8b 41 68 41 89 40 14 8b 41
0x00007ffa62a5eb43:   6c 41 89 40 18 8b 41 70 41 89 40 1c 48 63 41 74
0x00007ffa62a5eb53:   48 6b c8 34 8b 84 19 44 d1 ee 00 41 89 40 20 8b
0x00007ffa62a5eb63:   84 19 48 d1 ee 00 41 89 40 24 8b 84 19 4c d1 ee
0x00007ffa62a5eb73:   00 41 89 40 28 8b 84 19 50 d1 ee 00 41 89 40 2c
0x00007ffa62a5eb83:   8b 84 19 34 d1 ee 00 41 89 40 30 8b 84 19 38 d1
0x00007ffa62a5eb93:   ee 00 41 89 40 34 8b 84 19 3c d1 ee 00 41 89 40
0x00007ffa62a5eba3:   38 8b 84 19 40 d1 ee 00 41 89 40 3c 8b 84 19 24
0x00007ffa62a5ebb3:   d1 ee 00 41 89 40 40 8b 84 19 28 d1 ee 00 41 89
0x00007ffa62a5ebc3:   40 44 8b 84 19 2c d1 ee 00 41 89 40 48 8b 84 19
0x00007ffa62a5ebd3:   30 d1 ee 00 41 89 40 4c 49 63 42 78 48 6b c8 34
0x00007ffa62a5ebe3:   8b 84 19 44 d1 ee 00 41 89 40 50 8b 84 19 48 d1
0x00007ffa62a5ebf3:   ee 00 41 89 40 54 8b 84 19 4c d1 ee 00 41 89 40
0x00007ffa62a5ec03:   58 8b 84 19 50 d1 ee 00 41 89 40 5c 8b 84 19 34
0x00007ffa62a5ec13:   d1 ee 00 41 89 40 60 8b 84 19 38 d1 ee 00 41 89
0x00007ffa62a5ec23:   40 64 8b 84 19 3c d1 ee 00 41 89 40 68 8b 84 19
0x00007ffa62a5ec33:   40 d1 ee 00 41 89 40 6c 8b 84 19 24 d1 ee 00 41
0x00007ffa62a5ec43:   89 40 70 8b 84 19 28 d1 ee 00 41 89 40 74 8b 84
0x00007ffa62a5ec53:   19 2c d1 ee 00 41 89 40 78 8b 84 19 30 d1 ee 00
0x00007ffa62a5ec63:   41 89 40 7c 48 8b 42 18 8b 88 38 0b 00 00 f6 c1
0x00007ffa62a5ec73:   08 0f 84 86 00 00 00 8b 80 3c 0b 00 00 41 89 80
0x00007ffa62a5ec83:   80 00 00 00 48 8b 42 18 8b 88 40 0b 00 00 41 89
0x00007ffa62a5ec93:   88 84 00 00 00 48 8b 42 18 8b 88 44 0b 00 00 41
0x00007ffa62a5eca3:   89 88 88 00 00 00 48 8b 42 18 8b 88 48 0b 00 00
0x00007ffa62a5ecb3:   41 89 88 8c 00 00 00 48 8b 42 18 8b 88 4c 0b 00
0x00007ffa62a5ecc3:   00 41 89 88 90 00 00 00 48 8b 42 18 8b 88 50 0b
0x00007ffa62a5ecd3:   00 00 41 89 88 94 00 00 00 48 8b 42 18 8b 88 54 


Stack slot to memory mapping:
stack at sp + 0 slots: 0x00007ffa62a5c31b ig9icd64.dll
stack at sp + 1 slots: 0x0000000000000001 is an unknown value
stack at sp + 2 slots: 0x0 is NULL
stack at sp + 3 slots: 0x0000016b7af39600 points into unknown readable memory: 0x0000000000000000 | 00 00 00 00 00 00 00 00
stack at sp + 4 slots: 0x00007ffad7ac2622 igdgmm64.dll
stack at sp + 5 slots: 0x0000002b00000065 is an unknown value
stack at sp + 6 slots: 0x0000002beebfcd30 is pointing into the stack for thread: 0x0000016b6fc9f980
stack at sp + 7 slots: 0x0 is NULL


---------------  P R O C E S S  ---------------

Threads class SMR info:
_java_thread_list=0x0000016b7ac18e30, length=26, elements={
0x0000016b4892cbb0, 0x0000016b6afda040, 0x0000016b6afdaeb0, 0x0000016b6afee7c0,
0x0000016b6aff3380, 0x0000016b6aff5e40, 0x0000016b6aff67f0, 0x0000016b6aff7580,
0x0000016b6f162c50, 0x0000016b6affdb80, 0x0000016b6f211f80, 0x0000016b6f4f7da0,
0x0000016b6f4f8270, 0x0000016b6fcb7380, 0x0000016b6f91dc80, 0x0000016b6fc9f980,
0x0000016b70080fd0, 0x0000016b6fedee10, 0x0000016b6fede470, 0x0000016b6fedf2e0,
0x0000016b6fedc790, 0x0000016b7ae52ac0, 0x0000016b7ae57c90, 0x0000016b7ae525f0,
0x0000016b7ae58160, 0x0000016b7ae53460
}

Java Threads: ( => current thread )
  0x0000016b4892cbb0 JavaThread "main" [_thread_blocked, id=11504, stack(0x0000002bed000000,0x0000002bed100000)]
  0x0000016b6afda040 JavaThread "Reference Handler" daemon [_thread_blocked, id=9492, stack(0x0000002bed700000,0x0000002bed800000)]
  0x0000016b6afdaeb0 JavaThread "Finalizer" daemon [_thread_blocked, id=15560, stack(0x0000002bed800000,0x0000002bed900000)]
  0x0000016b6afee7c0 JavaThread "Signal Dispatcher" daemon [_thread_blocked, id=10064, stack(0x0000002bed900000,0x0000002beda00000)]
  0x0000016b6aff3380 JavaThread "Attach Listener" daemon [_thread_blocked, id=17464, stack(0x0000002beda00000,0x0000002bedb00000)]
  0x0000016b6aff5e40 JavaThread "Service Thread" daemon [_thread_blocked, id=6508, stack(0x0000002bedb00000,0x0000002bedc00000)]
  0x0000016b6aff67f0 JavaThread "Monitor Deflation Thread" daemon [_thread_blocked, id=17116, stack(0x0000002bedc00000,0x0000002bedd00000)]
  0x0000016b6aff7580 JavaThread "C2 CompilerThread0" daemon [_thread_blocked, id=12420, stack(0x0000002bedd00000,0x0000002bede00000)]
  0x0000016b6f162c50 JavaThread "C1 CompilerThread0" daemon [_thread_blocked, id=6180, stack(0x0000002bede00000,0x0000002bedf00000)]
  0x0000016b6affdb80 JavaThread "Sweeper thread" daemon [_thread_blocked, id=12068, stack(0x0000002bedf00000,0x0000002bee000000)]
  0x0000016b6f211f80 JavaThread "Common-Cleaner" daemon [_thread_blocked, id=3004, stack(0x0000002bee000000,0x0000002bee100000)]
  0x0000016b6f4f7da0 JavaThread "Monitor Ctrl-Break" daemon [_thread_in_native, id=17480, stack(0x0000002bee200000,0x0000002bee300000)]
  0x0000016b6f4f8270 JavaThread "Notification Thread" daemon [_thread_blocked, id=10872, stack(0x0000002bee300000,0x0000002bee400000)]
  0x0000016b6fcb7380 JavaThread "Java2D Disposer" daemon [_thread_blocked, id=5048, stack(0x0000002bee800000,0x0000002bee900000)]
  0x0000016b6f91dc80 JavaThread "AWT-Shutdown" [_thread_blocked, id=14216, stack(0x0000002bee900000,0x0000002beea00000)]
=>0x0000016b6fc9f980 JavaThread "AWT-EventQueue-0" [_thread_in_native, id=18056, stack(0x0000002beeb00000,0x0000002beec00000)]
  0x0000016b70080fd0 JavaThread "Reference Cleaner" daemon [_thread_blocked, id=15540, stack(0x0000002beec00000,0x0000002beed00000)]
  0x0000016b6fedee10 JavaThread "DefaultDispatcher-worker-3" daemon [_thread_blocked, id=7156, stack(0x0000002beef00000,0x0000002bef000000)]
  0x0000016b6fede470 JavaThread "kotlinx.coroutines.DefaultExecutor" daemon [_thread_blocked, id=7196, stack(0x0000002bef000000,0x0000002bef100000)]
  0x0000016b6fedf2e0 JavaThread "TimerQueue" daemon [_thread_blocked, id=20052, stack(0x0000002bee100000,0x0000002bee200000)]
  0x0000016b6fedc790 JavaThread "RealmFinalizingDaemon" daemon [_thread_blocked, id=9264, stack(0x0000002bef700000,0x0000002bef800000)]
  0x0000016b7ae52ac0 JavaThread "core-notifier" daemon [_thread_in_native, id=10488, stack(0x0000002bef900000,0x0000002befa00000)]
  0x0000016b7ae57c90 JavaThread "DefaultDispatcher-worker-4" daemon [_thread_blocked, id=7272, stack(0x0000002befb00000,0x0000002befc00000)]
  0x0000016b7ae525f0 JavaThread "DefaultDispatcher-worker-1" daemon [_thread_blocked, id=2484, stack(0x0000002befc00000,0x0000002befd00000)]
  0x0000016b7ae58160 JavaThread "DefaultDispatcher-worker-2" daemon [_thread_blocked, id=17296, stack(0x0000002befd00000,0x0000002befe00000)]
  0x0000016b7ae53460 JavaThread "SIGINT handler" daemon [_thread_blocked, id=11776, stack(0x0000002becd00000,0x0000002bece00000)]

Other Threads:
  0x0000016b6afd1030 VMThread "VM Thread" [stack: 0x0000002bed600000,0x0000002bed700000] [id=12388]
  0x0000016b4892db60 WatcherThread [stack: 0x0000002bee400000,0x0000002bee500000] [id=10916]
  0x0000016b48996d40 GCTaskThread "GC Thread#0" [stack: 0x0000002bed100000,0x0000002bed200000] [id=11320]
  0x0000016b6fa3f5a0 GCTaskThread "GC Thread#1" [stack: 0x0000002bee500000,0x0000002bee600000] [id=16680]
  0x0000016b6fb17d90 GCTaskThread "GC Thread#2" [stack: 0x0000002bee600000,0x0000002bee700000] [id=14116]
  0x0000016b6f9f84f0 GCTaskThread "GC Thread#3" [stack: 0x0000002bee700000,0x0000002bee800000] [id=2468]
  0x0000016b4693def0 ConcurrentGCThread "G1 Main Marker" [stack: 0x0000002bed200000,0x0000002bed300000] [id=2020]
  0x0000016b4693e9a0 ConcurrentGCThread "G1 Conc#0" [stack: 0x0000002bed300000,0x0000002bed400000] [id=5776]
  0x0000016b489de5d0 ConcurrentGCThread "G1 Refine#0" [stack: 0x0000002bed400000,0x0000002bed500000] [id=11884]
  0x0000016b72cba750 ConcurrentGCThread "G1 Refine#1" [stack: 0x0000002bef400000,0x0000002bef500000] [id=18384]
  0x0000016b6ae88260 ConcurrentGCThread "G1 Service" [stack: 0x0000002bed500000,0x0000002bed600000] [id=16544]

Threads with active compile tasks:

VM state: not at safepoint (normal execution)

VM Mutex/Monitor currently owned by a thread: None

Heap address: 0x0000000702600000, size: 4058 MB, Compressed Oops mode: Zero based, Oop shift amount: 3

CDS archive(s) mapped at: [0x0000000800000000-0x0000000800bc0000-0x0000000800bc0000), size 12320768, SharedBaseAddress: 0x0000000800000000, ArchiveRelocationMode: 0.
Compressed class space mapped at: 0x0000000801000000-0x0000000841000000, reserved size: 1073741824
Narrow klass base: 0x0000000800000000, Narrow klass shift: 0, Narrow klass range: 0x100000000

GC Precious Log:
 CPUs: 4 total, 4 available
 Memory: 16224M
 Large Page Support: Disabled
 NUMA Support: Disabled
 Compressed Oops: Enabled (Zero based)
 Heap Region Size: 2M
 Heap Min Capacity: 8M
 Heap Initial Capacity: 254M
 Heap Max Capacity: 4058M
 Pre-touch: Disabled
 Parallel Workers: 4
 Concurrent Workers: 1
 Concurrent Refinement Workers: 4
 Periodic GC: Disabled

Heap:
 garbage-first heap   total 81920K, used 63275K [0x0000000702600000, 0x0000000800000000)
  region size 2048K, 21 young (43008K), 1 survivors (2048K)
 Metaspace       used 35008K, committed 35200K, reserved 1114112K
  class space    used 3750K, committed 3840K, reserved 1048576K

Heap Regions: E=young(eden), S=young(survivor), O=old, HS=humongous(starts), HC=humongous(continues), CS=collection set, F=free, OA=open archive, CA=closed archive, TAMS=top-at-mark-start (previous, next)
|   0|0x0000000702600000, 0x0000000702800000, 0x0000000702800000|100%|HS|  |TAMS 0x0000000702800000, 0x0000000702600000| Untracked 
|   1|0x0000000702800000, 0x0000000702a00000, 0x0000000702a00000|100%| O|  |TAMS 0x0000000702a00000, 0x0000000702800000| Untracked 
|   2|0x0000000702a00000, 0x0000000702c00000, 0x0000000702c00000|100%| O|  |TAMS 0x0000000702c00000, 0x0000000702a00000| Untracked 
|   3|0x0000000702c00000, 0x0000000702dfffe0, 0x0000000702e00000| 99%| O|  |TAMS 0x0000000702dfffe0, 0x0000000702c00000| Untracked 
|   4|0x0000000702e00000, 0x0000000702fe0218, 0x0000000703000000| 93%| O|  |TAMS 0x0000000702e00000, 0x0000000702e00000| Untracked 
|   5|0x0000000703000000, 0x00000007031dc510, 0x0000000703200000| 93%| O|  |TAMS 0x0000000703000000, 0x0000000703000000| Untracked 
|   6|0x0000000703200000, 0x00000007033e3e10, 0x0000000703400000| 94%| O|  |TAMS 0x0000000703200000, 0x0000000703200000| Untracked 
|   7|0x0000000703400000, 0x0000000703400000, 0x0000000703600000|  0%| F|  |TAMS 0x0000000703400000, 0x0000000703400000| Untracked 
|   8|0x0000000703600000, 0x0000000703600000, 0x0000000703800000|  0%| F|  |TAMS 0x0000000703600000, 0x0000000703600000| Untracked 
|   9|0x0000000703800000, 0x0000000703800000, 0x0000000703a00000|  0%| F|  |TAMS 0x0000000703800000, 0x0000000703800000| Untracked 
|  10|0x0000000703a00000, 0x0000000703c00000, 0x0000000703c00000|100%| O|  |TAMS 0x0000000703c00000, 0x0000000703a00000| Untracked 
|  11|0x0000000703c00000, 0x0000000703c00000, 0x0000000703e00000|  0%| F|  |TAMS 0x0000000703c00000, 0x0000000703c00000| Untracked 
|  12|0x0000000703e00000, 0x0000000703e00000, 0x0000000704000000|  0%| F|  |TAMS 0x0000000703e00000, 0x0000000703e00000| Untracked 
|  13|0x0000000704000000, 0x0000000704200000, 0x0000000704200000|100%|HS|  |TAMS 0x0000000704200000, 0x0000000704000000| Untracked 
|  14|0x0000000704200000, 0x0000000704400000, 0x0000000704400000|100%|HC|  |TAMS 0x0000000704400000, 0x0000000704200000| Untracked 
|  15|0x0000000704400000, 0x0000000704600000, 0x0000000704600000|100%|HC|  |TAMS 0x0000000704600000, 0x0000000704400000| Untracked 
|  16|0x0000000704600000, 0x0000000704800000, 0x0000000704800000|100%|HC|  |TAMS 0x0000000704800000, 0x0000000704600000| Untracked 
|  17|0x0000000704800000, 0x000000070482a8a0, 0x0000000704a00000|  8%| S|CS|TAMS 0x0000000704800000, 0x0000000704800000| Complete 
|  18|0x0000000704a00000, 0x0000000704a00000, 0x0000000704c00000|  0%| F|  |TAMS 0x0000000704a00000, 0x0000000704a00000| Untracked 
|  19|0x0000000704c00000, 0x0000000704c00000, 0x0000000704e00000|  0%| F|  |TAMS 0x0000000704c00000, 0x0000000704c00000| Untracked 
|  20|0x0000000704e00000, 0x0000000704ecb5c0, 0x0000000705000000| 39%| E|  |TAMS 0x0000000704e00000, 0x0000000704e00000| Complete 
|  21|0x0000000705000000, 0x0000000705200000, 0x0000000705200000|100%| E|CS|TAMS 0x0000000705000000, 0x0000000705000000| Complete 
|  22|0x0000000705200000, 0x0000000705400000, 0x0000000705400000|100%| E|CS|TAMS 0x0000000705200000, 0x0000000705200000| Complete 
|  23|0x0000000705400000, 0x0000000705600000, 0x0000000705600000|100%| E|CS|TAMS 0x0000000705400000, 0x0000000705400000| Complete 
|  24|0x0000000705600000, 0x0000000705800000, 0x0000000705800000|100%| E|CS|TAMS 0x0000000705600000, 0x0000000705600000| Complete 
|  25|0x0000000705800000, 0x0000000705a00000, 0x0000000705a00000|100%| E|CS|TAMS 0x0000000705800000, 0x0000000705800000| Complete 
|  26|0x0000000705a00000, 0x0000000705c00000, 0x0000000705c00000|100%| E|CS|TAMS 0x0000000705a00000, 0x0000000705a00000| Complete 
|  27|0x0000000705c00000, 0x0000000705e00000, 0x0000000705e00000|100%| E|CS|TAMS 0x0000000705c00000, 0x0000000705c00000| Complete 
|  28|0x0000000705e00000, 0x0000000706000000, 0x0000000706000000|100%| E|CS|TAMS 0x0000000705e00000, 0x0000000705e00000| Complete 
|  29|0x0000000706000000, 0x0000000706200000, 0x0000000706200000|100%| E|CS|TAMS 0x0000000706000000, 0x0000000706000000| Complete 
|  30|0x0000000706200000, 0x0000000706400000, 0x0000000706400000|100%| E|CS|TAMS 0x0000000706200000, 0x0000000706200000| Complete 
|  31|0x0000000706400000, 0x0000000706600000, 0x0000000706600000|100%| E|CS|TAMS 0x0000000706400000, 0x0000000706400000| Complete 
|  32|0x0000000706600000, 0x0000000706800000, 0x0000000706800000|100%| E|CS|TAMS 0x0000000706600000, 0x0000000706600000| Complete 
|  33|0x0000000706800000, 0x0000000706a00000, 0x0000000706a00000|100%| E|CS|TAMS 0x0000000706800000, 0x0000000706800000| Complete 
|  34|0x0000000706a00000, 0x0000000706c00000, 0x0000000706c00000|100%| E|CS|TAMS 0x0000000706a00000, 0x0000000706a00000| Complete 
|  35|0x0000000706c00000, 0x0000000706e00000, 0x0000000706e00000|100%| E|CS|TAMS 0x0000000706c00000, 0x0000000706c00000| Complete 
|  36|0x0000000706e00000, 0x0000000707000000, 0x0000000707000000|100%| E|CS|TAMS 0x0000000706e00000, 0x0000000706e00000| Complete 
|  37|0x0000000707000000, 0x0000000707200000, 0x0000000707200000|100%| E|CS|TAMS 0x0000000707000000, 0x0000000707000000| Complete 
|  38|0x0000000707200000, 0x0000000707400000, 0x0000000707400000|100%| E|CS|TAMS 0x0000000707200000, 0x0000000707200000| Complete 
|  39|0x0000000707400000, 0x0000000707600000, 0x0000000707600000|100%| E|CS|TAMS 0x0000000707400000, 0x0000000707400000| Complete 

Card table byte_map: [0x0000016b5fc10000,0x0000016b60400000] _byte_map_base: 0x0000016b5c3fd000

Marking Bits (Prev, Next): (CMBitMap*) 0x0000016b48997350, (CMBitMap*) 0x0000016b48997390
 Prev Bits: [0x0000016b60bf0000, 0x0000016b64b58000)
 Next Bits: [0x0000016b64b60000, 0x0000016b68ac8000)

Polling page: 0x0000016b467c0000

Metaspace:

Usage:
  Non-class:     30.53 MB used.
      Class:      3.66 MB used.
       Both:     34.19 MB used.

Virtual space:
  Non-class space:       64.00 MB reserved,      30.63 MB ( 48%) committed,  1 nodes.
      Class space:        1.00 GB reserved,       3.75 MB ( <1%) committed,  1 nodes.
             Both:        1.06 GB reserved,      34.38 MB (  3%) committed. 

Chunk freelists:
   Non-Class:  960.00 KB
       Class:  12.27 MB
        Both:  13.20 MB

MaxMetaspaceSize: unlimited
CompressedClassSpaceSize: 1.00 GB
Initial GC threshold: 21.00 MB
Current GC threshold: 57.19 MB
CDS: on
MetaspaceReclaimPolicy: balanced
 - commit_granule_bytes: 65536.
 - commit_granule_words: 8192.
 - virtual_space_node_default_size: 8388608.
 - enlarge_chunks_in_place: 1.
 - new_chunks_are_fully_committed: 0.
 - uncommit_free_chunks: 1.
 - use_allocation_guard: 0.
 - handle_deallocations: 1.


Internal statistics:

num_allocs_failed_limit: 3.
num_arena_births: 160.
num_arena_deaths: 0.
num_vsnodes_births: 2.
num_vsnodes_deaths: 0.
num_space_committed: 550.
num_space_uncommitted: 0.
num_chunks_returned_to_freelist: 3.
num_chunks_taken_from_freelist: 1092.
num_chunk_merges: 3.
num_chunk_splits: 939.
num_chunks_enlarged: 853.
num_inconsistent_stats: 0.

CodeHeap 'non-profiled nmethods': size=120000Kb used=5404Kb max_used=5404Kb free=114595Kb
 bounds [0x0000016b57ef0000, 0x0000016b58440000, 0x0000016b5f420000]
CodeHeap 'profiled nmethods': size=120000Kb used=10847Kb max_used=13132Kb free=109152Kb
 bounds [0x0000016b50420000, 0x0000016b51100000, 0x0000016b57950000]
CodeHeap 'non-nmethods': size=5760Kb used=1901Kb max_used=2002Kb free=3858Kb
 bounds [0x0000016b57950000, 0x0000016b57bc0000, 0x0000016b57ef0000]
 total_blobs=7057 nmethods=5671 adapters=1297
 compilation: enabled
              stopped_count=0, restarted_count=0
 full_count=0

Compilation events (20 events):
Event: 109.458 Thread 0x0000016b6aff7580 6534       4       androidx.compose.material.DefaultButtonColors::equals (107 bytes)
Event: 109.459 Thread 0x0000016b6aff7580 nmethod 6534 0x0000016b5842ae10 code [0x0000016b5842afa0, 0x0000016b5842b158]
Event: 109.925 Thread 0x0000016b6aff7580 6535       4       androidx.compose.ui.ComposeScene::sendAndPerformSnapshotChanges (14 bytes)
Event: 109.927 Thread 0x0000016b6aff7580 nmethod 6535 0x0000016b5842b290 code [0x0000016b5842b440, 0x0000016b5842b758]
Event: 109.941 Thread 0x0000016b6aff7580 6536       4       androidx.compose.foundation.relocation.BringIntoViewRequesterKt$bringIntoViewRequester$2::invoke (20 bytes)
Event: 109.957 Thread 0x0000016b6aff7580 nmethod 6536 0x0000016b5842b990 code [0x0000016b5842bc80, 0x0000016b5842ca28]
Event: 109.958 Thread 0x0000016b6aff7580 6537       4       androidx.compose.ui.input.pointer.SuspendingPointerInputFilterKt$pointerInput$4::invoke (20 bytes)
Event: 109.985 Thread 0x0000016b6aff7580 nmethod 6537 0x0000016b5842dc10 code [0x0000016b5842dfa0, 0x0000016b5842f350]
Event: 109.985 Thread 0x0000016b6aff7580 6538       4       androidx.compose.runtime.EffectsKt::LaunchedEffect (197 bytes)
Event: 110.000 Thread 0x0000016b6aff7580 nmethod 6538 0x0000016b58431610 code [0x0000016b58431880, 0x0000016b584325d0]
Event: 110.074 Thread 0x0000016b6aff7580 6539       4       androidx.compose.foundation.FocusableKt$focusable$2$5::<init> (45 bytes)
Event: 110.083 Thread 0x0000016b6aff7580 nmethod 6539 0x0000016b58433590 code [0x0000016b58433700, 0x0000016b58433e98]
Event: 110.090 Thread 0x0000016b6aff7580 6540       4       androidx.compose.foundation.FocusableKt$focusable$2$4$1::invoke (12 bytes)
Event: 110.109 Thread 0x0000016b6aff7580 nmethod 6540 0x0000016b58433f10 code [0x0000016b58434140, 0x0000016b58434af8]
Event: 110.158 Thread 0x0000016b6aff7580 6541       4       androidx.compose.material.ripple.CommonRipple::rememberUpdatedRippleInstance-942rkJo (219 bytes)
Event: 110.172 Thread 0x0000016b6aff7580 nmethod 6541 0x0000016b58435690 code [0x0000016b584358c0, 0x0000016b58436390]
Event: 110.213 Thread 0x0000016b6f162c50 6542       3       java.util.IdentityHashMap$IdentityHashMapIterator::nextIndex (72 bytes)
Event: 110.213 Thread 0x0000016b6f162c50 nmethod 6542 0x0000016b5080e090 code [0x0000016b5080e260, 0x0000016b5080e6a8]
Event: 110.229 Thread 0x0000016b6f162c50 6543       3       java.lang.StringBuilder::toString (35 bytes)
Event: 110.229 Thread 0x0000016b6f162c50 nmethod 6543 0x0000016b50b7c110 code [0x0000016b50b7c2e0, 0x0000016b50b7c5b8]

GC Heap History (20 events):
Event: 32.048 GC heap before
{Heap before GC invocations=12 (full 0):
 garbage-first heap   total 155648K, used 41617K [0x0000000702600000, 0x0000000800000000)
  region size 2048K, 8 young (16384K), 2 survivors (4096K)
 Metaspace       used 34951K, committed 35136K, reserved 1114112K
  class space    used 3745K, committed 3840K, reserved 1048576K
}
Event: 32.076 GC heap after
{Heap after GC invocations=13 (full 1):
 garbage-first heap   total 81920K, used 24147K [0x0000000702600000, 0x0000000800000000)
  region size 2048K, 0 young (0K), 0 survivors (0K)
 Metaspace       used 34951K, committed 35136K, reserved 1114112K
  class space    used 3745K, committed 3840K, reserved 1048576K
}
Event: 41.151 GC heap before
{Heap before GC invocations=13 (full 1):
 garbage-first heap   total 81920K, used 63059K [0x0000000702600000, 0x0000000800000000)
  region size 2048K, 19 young (38912K), 0 survivors (0K)
 Metaspace       used 34961K, committed 35136K, reserved 1114112K
  class space    used 3745K, committed 3840K, reserved 1048576K
}
Event: 41.152 GC heap after
{Heap after GC invocations=14 (full 1):
 garbage-first heap   total 81920K, used 24573K [0x0000000702600000, 0x0000000800000000)
  region size 2048K, 1 young (2048K), 1 survivors (2048K)
 Metaspace       used 34961K, committed 35136K, reserved 1114112K
  class space    used 3745K, committed 3840K, reserved 1048576K
}
Event: 49.061 GC heap before
{Heap before GC invocations=14 (full 1):
 garbage-first heap   total 81920K, used 63485K [0x0000000702600000, 0x0000000800000000)
  region size 2048K, 20 young (40960K), 1 survivors (2048K)
 Metaspace       used 34963K, committed 35136K, reserved 1114112K
  class space    used 3745K, committed 3840K, reserved 1048576K
}
Event: 49.062 GC heap after
{Heap after GC invocations=15 (full 1):
 garbage-first heap   total 81920K, used 24408K [0x0000000702600000, 0x0000000800000000)
  region size 2048K, 1 young (2048K), 1 survivors (2048K)
 Metaspace       used 34963K, committed 35136K, reserved 1114112K
  class space    used 3745K, committed 3840K, reserved 1048576K
}
Event: 57.403 GC heap before
{Heap before GC invocations=15 (full 1):
 garbage-first heap   total 81920K, used 65368K [0x0000000702600000, 0x0000000800000000)
  region size 2048K, 21 young (43008K), 1 survivors (2048K)
 Metaspace       used 34969K, committed 35136K, reserved 1114112K
  class space    used 3745K, committed 3840K, reserved 1048576K
}
Event: 57.404 GC heap after
{Heap after GC invocations=16 (full 1):
 garbage-first heap   total 81920K, used 24373K [0x0000000702600000, 0x0000000800000000)
  region size 2048K, 1 young (2048K), 1 survivors (2048K)
 Metaspace       used 34969K, committed 35136K, reserved 1114112K
  class space    used 3745K, committed 3840K, reserved 1048576K
}
Event: 62.088 GC heap before
{Heap before GC invocations=16 (full 1):
 garbage-first heap   total 81920K, used 46901K [0x0000000702600000, 0x0000000800000000)
  region size 2048K, 13 young (26624K), 1 survivors (2048K)
 Metaspace       used 34969K, committed 35136K, reserved 1114112K
  class space    used 3745K, committed 3840K, reserved 1048576K
}
Event: 62.117 GC heap after
{Heap after GC invocations=17 (full 2):
 garbage-first heap   total 81920K, used 24220K [0x0000000702600000, 0x0000000800000000)
  region size 2048K, 0 young (0K), 0 survivors (0K)
 Metaspace       used 34969K, committed 35136K, reserved 1114112K
  class space    used 3745K, committed 3840K, reserved 1048576K
}
Event: 71.325 GC heap before
{Heap before GC invocations=17 (full 2):
 garbage-first heap   total 81920K, used 67228K [0x0000000702600000, 0x0000000800000000)
  region size 2048K, 21 young (43008K), 0 survivors (0K)
 Metaspace       used 34979K, committed 35200K, reserved 1114112K
  class space    used 3745K, committed 3840K, reserved 1048576K
}
Event: 71.327 GC heap after
{Heap after GC invocations=18 (full 2):
 garbage-first heap   total 81920K, used 24395K [0x0000000702600000, 0x0000000800000000)
  region size 2048K, 1 young (2048K), 1 survivors (2048K)
 Metaspace       used 34979K, committed 35200K, reserved 1114112K
  class space    used 3745K, committed 3840K, reserved 1048576K
}
Event: 80.521 GC heap before
{Heap before GC invocations=18 (full 2):
 garbage-first heap   total 81920K, used 67403K [0x0000000702600000, 0x0000000800000000)
  region size 2048K, 22 young (45056K), 1 survivors (2048K)
 Metaspace       used 34981K, committed 35200K, reserved 1114112K
  class space    used 3745K, committed 3840K, reserved 1048576K
}
Event: 80.522 GC heap after
{Heap after GC invocations=19 (full 2):
 garbage-first heap   total 81920K, used 24402K [0x0000000702600000, 0x0000000800000000)
  region size 2048K, 1 young (2048K), 1 survivors (2048K)
 Metaspace       used 34981K, committed 35200K, reserved 1114112K
  class space    used 3745K, committed 3840K, reserved 1048576K
}
Event: 89.842 GC heap before
{Heap before GC invocations=19 (full 2):
 garbage-first heap   total 81920K, used 67410K [0x0000000702600000, 0x0000000800000000)
  region size 2048K, 22 young (45056K), 1 survivors (2048K)
 Metaspace       used 34981K, committed 35200K, reserved 1114112K
  class space    used 3745K, committed 3840K, reserved 1048576K
}
Event: 89.843 GC heap after
{Heap after GC invocations=20 (full 2):
 garbage-first heap   total 81920K, used 24436K [0x0000000702600000, 0x0000000800000000)
  region size 2048K, 1 young (2048K), 1 survivors (2048K)
 Metaspace       used 34981K, committed 35200K, reserved 1114112K
  class space    used 3745K, committed 3840K, reserved 1048576K
}
Event: 92.127 GC heap before
{Heap before GC invocations=20 (full 2):
 garbage-first heap   total 81920K, used 34676K [0x0000000702600000, 0x0000000800000000)
  region size 2048K, 7 young (14336K), 1 survivors (2048K)
 Metaspace       used 34981K, committed 35200K, reserved 1114112K
  class space    used 3745K, committed 3840K, reserved 1048576K
}
Event: 92.156 GC heap after
{Heap after GC invocations=21 (full 3):
 garbage-first heap   total 81920K, used 24193K [0x0000000702600000, 0x0000000800000000)
  region size 2048K, 0 young (0K), 0 survivors (0K)
 Metaspace       used 34981K, committed 35200K, reserved 1114112K
  class space    used 3745K, committed 3840K, reserved 1048576K
}
Event: 101.718 GC heap before
{Heap before GC invocations=21 (full 3):
 garbage-first heap   total 81920K, used 69249K [0x0000000702600000, 0x0000000800000000)
  region size 2048K, 22 young (45056K), 0 survivors (0K)
 Metaspace       used 34981K, committed 35200K, reserved 1114112K
  class space    used 3745K, committed 3840K, reserved 1048576K
}
Event: 101.719 GC heap after
{Heap after GC invocations=22 (full 3):
 garbage-first heap   total 81920K, used 24363K [0x0000000702600000, 0x0000000800000000)
  region size 2048K, 1 young (2048K), 1 survivors (2048K)
 Metaspace       used 34981K, committed 35200K, reserved 1114112K
  class space    used 3745K, committed 3840K, reserved 1048576K
}

Dll operation events (14 events):
Event: 0.009 Loaded shared library C:\Users\HP\.jdks\corretto-17.0.7\bin\java.dll
Event: 0.021 Loaded shared library C:\Users\HP\.jdks\corretto-17.0.7\bin\jsvml.dll
Event: 0.260 Loaded shared library C:\Users\HP\.jdks\corretto-17.0.7\bin\zip.dll
Event: 0.264 Loaded shared library C:\Users\HP\.jdks\corretto-17.0.7\bin\instrument.dll
Event: 0.273 Loaded shared library C:\Users\HP\.jdks\corretto-17.0.7\bin\net.dll
Event: 0.275 Loaded shared library C:\Users\HP\.jdks\corretto-17.0.7\bin\nio.dll
Event: 0.281 Loaded shared library C:\Users\HP\.jdks\corretto-17.0.7\bin\zip.dll
Event: 0.402 Loaded shared library C:\Program Files\JetBrains\IntelliJ IDEA Community Edition 2021.3.2\bin\breakgen64.dll
Event: 0.606 Loaded shared library C:\Users\HP\.jdks\corretto-17.0.7\bin\jimage.dll
Event: 0.611 Loaded shared library C:\Users\HP\.jdks\corretto-17.0.7\bin\awt.dll
Event: 1.967 Loaded shared library C:\Users\HP\.skiko\0de0d8dd8554d9bb66cfca3837db6514ff9b71080e998917280a3b777460a416\skiko-windows-x64.dll
Event: 2.463 Loaded shared library C:\Users\HP\.jdks\corretto-17.0.7\bin\freetype.dll
Event: 2.463 Loaded shared library C:\Users\HP\.jdks\corretto-17.0.7\bin\fontmanager.dll
Event: 12.949 Loaded shared library C:\Users\HP\AppData\Local\io-realm-kotlin\f7113120ba00ba1ff91d696eecd3919e85a4e34e\realmc.dll

Deoptimization events (20 events):
Event: 73.140 Thread 0x0000016b6fede940 Uncommon trap: trap_request=0xffffff45 fr.pc=0x0000016b58348734 relative=0x0000000000000194
Event: 73.140 Thread 0x0000016b6fede940 Uncommon trap: reason=unstable_if action=reinterpret pc=0x0000016b58348734 method=kotlinx.coroutines.scheduling.CoroutineScheduler$Worker.tryReleaseCpu(Lkotlinx/coroutines/scheduling/CoroutineScheduler$WorkerState;)Z @ 9 c2
Event: 73.140 Thread 0x0000016b6fede940 DEOPT PACKING pc=0x0000016b58348734 sp=0x0000002beeeff1a0
Event: 73.140 Thread 0x0000016b6fede940 DEOPT UNPACKING pc=0x0000016b579a69a3 sp=0x0000002beeeff138 mode 2
Event: 105.128 Thread 0x0000016b6fc9f980 Uncommon trap: trap_request=0xffffff6e fr.pc=0x0000016b583d4744 relative=0x0000000000000ea4
Event: 105.128 Thread 0x0000016b6fc9f980 Uncommon trap: reason=loop_limit_check action=maybe_recompile pc=0x0000016b583d4744 method=androidx.compose.ui.ComposeScene.hoveredOwner(Landroidx/compose/ui/input/pointer/PointerInputEvent;)Landroidx/compose/ui/platform/SkiaBasedOwner; @ 28 c2
Event: 105.128 Thread 0x0000016b6fc9f980 DEOPT PACKING pc=0x0000016b583d4744 sp=0x0000002beebfe6f0
Event: 105.128 Thread 0x0000016b6fc9f980 DEOPT UNPACKING pc=0x0000016b579a69a3 sp=0x0000002beebfe618 mode 2
Event: 110.215 Thread 0x0000016b7ae542d0 Uncommon trap: trap_request=0xffffff45 fr.pc=0x0000016b58405f48 relative=0x00000000000000a8
Event: 110.215 Thread 0x0000016b7ae542d0 Uncommon trap: reason=unstable_if action=reinterpret pc=0x0000016b58405f48 method=kotlin.coroutines.ContinuationInterceptor$DefaultImpls.minusKey(Lkotlin/coroutines/ContinuationInterceptor;Lkotlin/coroutines/CoroutineContext$Key;)Lkotlin/coroutines/Corout
Event: 110.215 Thread 0x0000016b7ae542d0 DEOPT PACKING pc=0x0000016b58405f48 sp=0x0000002beedfee00
Event: 110.215 Thread 0x0000016b7ae542d0 DEOPT UNPACKING pc=0x0000016b579a69a3 sp=0x0000002beedfed20 mode 2
Event: 110.217 Thread 0x0000016b7ae542d0 Uncommon trap: trap_request=0xffffff45 fr.pc=0x0000016b584062a8 relative=0x0000000000000088
Event: 110.217 Thread 0x0000016b7ae542d0 Uncommon trap: reason=unstable_if action=reinterpret pc=0x0000016b584062a8 method=kotlin.coroutines.ContinuationInterceptor$DefaultImpls.minusKey(Lkotlin/coroutines/ContinuationInterceptor;Lkotlin/coroutines/CoroutineContext$Key;)Lkotlin/coroutines/Corout
Event: 110.217 Thread 0x0000016b7ae542d0 DEOPT PACKING pc=0x0000016b584062a8 sp=0x0000002beedfe7c0
Event: 110.217 Thread 0x0000016b7ae542d0 DEOPT UNPACKING pc=0x0000016b579a69a3 sp=0x0000002beedfe758 mode 2
Event: 110.218 Thread 0x0000016b7ae542d0 Uncommon trap: trap_request=0xffffff45 fr.pc=0x0000016b583a8de0 relative=0x0000000000000360
Event: 110.218 Thread 0x0000016b7ae542d0 Uncommon trap: reason=unstable_if action=reinterpret pc=0x0000016b583a8de0 method=java.util.concurrent.locks.AbstractQueuedSynchronizer.enqueue(Ljava/util/concurrent/locks/AbstractQueuedSynchronizer$Node;)V @ 15 c2
Event: 110.218 Thread 0x0000016b7ae542d0 DEOPT PACKING pc=0x0000016b583a8de0 sp=0x0000002beedfe2a0
Event: 110.218 Thread 0x0000016b7ae542d0 DEOPT UNPACKING pc=0x0000016b579a69a3 sp=0x0000002beedfe258 mode 2

Classes unloaded (0 events):
No events

Classes redefined (0 events):
No events

Internal exceptions (20 events):
Event: 0.634 Thread 0x0000016b4892cbb0 Exception <a 'java/io/FileNotFoundException'{0x00000007122c1450}> (0x00000007122c1450) 
thrown [s\src\hotspot\share\prims\jni.cpp, line 516]
Event: 1.035 Thread 0x0000016b6fc9f980 Exception <a 'java/lang/NoSuchMethodError'{0x0000000712027080}: 'java.lang.Object java.lang.invoke.DirectMethodHandle$Holder.invokeStaticInit(java.lang.Object, int, int, int, int)'> (0x0000000712027080) 
thrown [s\src\hotspot\share\interpreter\linkResolver.cpp, line 759]
Event: 1.397 Thread 0x0000016b6fc9f980 Exception <a 'java/lang/NoSuchMethodError'{0x0000000711e02f50}: 'java.lang.Object java.lang.invoke.DirectMethodHandle$Holder.invokeStaticInit(java.lang.Object, java.lang.Object, int, int, int, int)'> (0x0000000711e02f50) 
thrown [s\src\hotspot\share\interpreter\linkResolver.cpp, line 759]
Event: 1.668 Thread 0x0000016b6fc9f980 Exception <a 'java/lang/NoSuchMethodError'{0x0000000711d6e998}: 'double java.lang.invoke.DirectMethodHandle$Holder.invokeStatic(java.lang.Object, double)'> (0x0000000711d6e998) 
thrown [s\src\hotspot\share\interpreter\linkResolver.cpp, line 759]
Event: 1.669 Thread 0x0000016b6fc9f980 Exception <a 'java/lang/NoSuchMethodError'{0x0000000711d723f8}: 'double java.lang.invoke.DirectMethodHandle$Holder.invokeStaticInit(java.lang.Object, double)'> (0x0000000711d723f8) 
thrown [s\src\hotspot\share\interpreter\linkResolver.cpp, line 759]
Event: 1.685 Thread 0x0000016b6fc9f980 Exception <a 'java/lang/NoSuchMethodError'{0x0000000711dbac00}: 'java.lang.Object java.lang.invoke.DirectMethodHandle$Holder.newInvokeSpecial(java.lang.Object, double)'> (0x0000000711dbac00) 
thrown [s\src\hotspot\share\interpreter\linkResolver.cpp, line 759]
Event: 2.215 Thread 0x0000016b6fc9f980 Exception <a 'java/lang/NoSuchMethodError'{0x0000000710cd1318}: 'void java.lang.invoke.DirectMethodHandle$Holder.invokeSpecial(java.lang.Object, java.lang.Object, java.lang.Object)'> (0x0000000710cd1318) 
thrown [s\src\hotspot\share\interpreter\linkResolver.cpp, line 759]
Event: 2.229 Thread 0x0000016b6fc9f980 Exception <a 'java/lang/NoSuchMethodError'{0x0000000710cfb6e8}: 'java.lang.Object java.lang.invoke.DirectMethodHandle$Holder.newInvokeSpecial(java.lang.Object, java.lang.Object, java.lang.Object, java.lang.Object, java.lang.Object)'> (0x0000000710cfb6e8) 
thrown [s\src\hotspot\share\interpreter\linkResolver.cpp, line 759]
Event: 2.232 Thread 0x0000016b6fc9f980 Exception <a 'java/lang/NoSuchMethodError'{0x0000000710d07358}: 'java.lang.Object java.lang.invoke.DirectMethodHandle$Holder.invokeStatic(java.lang.Object, int, java.lang.Object, java.lang.Object, java.lang.Object, java.lang.Object)'> (0x0000000710d07358) 
thrown [s\src\hotspot\share\interpreter\linkResolver.cpp, line 759]
Event: 2.241 Thread 0x0000016b6fc9f980 Exception <a 'java/lang/NoSuchMethodError'{0x0000000710d2cdc0}: 'java.lang.Object java.lang.invoke.DirectMethodHandle$Holder.invokeStatic(java.lang.Object, int, java.lang.Object)'> (0x0000000710d2cdc0) 
thrown [s\src\hotspot\share\interpreter\linkResolver.cpp, line 759]
Event: 2.288 Thread 0x0000016b6fc9f980 Exception <a 'java/lang/ClassNotFoundException'{0x0000000710de9698}: com/sun/swing/internal/plaf/metal/resources/spi/metalProvider> (0x0000000710de9698) 
thrown [s\src\hotspot\share\classfile\systemDictionary.cpp, line 256]
Event: 2.290 Thread 0x0000016b6fc9f980 Exception <a 'java/lang/ClassNotFoundException'{0x0000000710ded638}: com/sun/swing/internal/plaf/basic/resources/spi/basicProvider> (0x0000000710ded638) 
thrown [s\src\hotspot\share\classfile\systemDictionary.cpp, line 256]
Event: 2.304 Thread 0x0000016b6fc9f980 Implicit null exception at 0x0000016b57f24610 to 0x0000016b57f249e4
Event: 2.304 Thread 0x0000016b6fc9f980 Implicit null exception at 0x0000016b57f1a010 to 0x0000016b57f1a3c8
Event: 2.347 Thread 0x0000016b6fc9f980 Exception <a 'java/lang/NoSuchMethodError'{0x0000000710b00a08}: 'void java.lang.invoke.DirectMethodHandle$Holder.invokeStatic(java.lang.Object, java.lang.Object, java.lang.Object)'> (0x0000000710b00a08) 
thrown [s\src\hotspot\share\interpreter\linkResolver.cpp, line 759]
Event: 2.459 Thread 0x0000016b6fc9f980 Exception <a 'java/lang/NoSuchMethodError'{0x00000007109d01b0}: 'void java.lang.invoke.DirectMethodHandle$Holder.invokeStaticInit(java.lang.Object)'> (0x00000007109d01b0) 
thrown [s\src\hotspot\share\interpreter\linkResolver.cpp, line 759]
Event: 2.673 Thread 0x0000016b6fc9f980 Exception <a 'java/lang/NoSuchMethodError'{0x0000000711cb06f0}: 'int java.lang.invoke.DirectMethodHandle$Holder.invokeStaticInit(java.lang.Object, java.lang.Object, java.lang.Object)'> (0x0000000711cb06f0) 
thrown [s\src\hotspot\share\interpreter\linkResolver.cpp, line 759]
Event: 3.117 Thread 0x0000016b6f91e5d0 Exception <a 'java/lang/NoSuchMethodError'{0x0000000710901118}: 'void java.lang.invoke.DirectMethodHandle$Holder.invokeVirtual(java.lang.Object, java.lang.Object)'> (0x0000000710901118) 
thrown [s\src\hotspot\share\interpreter\linkResolver.cpp, line 759]
Event: 12.008 Thread 0x0000016b6fc9f980 Exception <a 'java/lang/NoSuchMethodError'{0x0000000704822190}: 'int java.lang.invoke.DirectMethodHandle$Holder.invokeStaticInit(java.lang.Object, long, long)'> (0x0000000704822190) 
thrown [s\src\hotspot\share\interpreter\linkResolver.cpp, line 759]
Event: 12.778 Thread 0x0000016b6fc9f980 Exception <a 'java/lang/NoSuchMethodError'{0x0000000704eec180}: 'java.lang.Object java.lang.invoke.DirectMethodHandle$Holder.newInvokeSpecial(java.lang.Object, int, java.lang.Object)'> (0x0000000704eec180) 
thrown [s\src\hotspot\share\interpreter\linkResolver.cpp, line 759]

VM Operations (20 events):
Event: 80.521 Executing VM operation: G1CollectForAllocation
Event: 80.522 Executing VM operation: G1CollectForAllocation done
Event: 89.842 Executing VM operation: G1CollectForAllocation
Event: 89.843 Executing VM operation: G1CollectForAllocation done
Event: 92.127 Executing VM operation: G1CollectFull
Event: 92.156 Executing VM operation: G1CollectFull done
Event: 101.718 Executing VM operation: G1CollectForAllocation
Event: 101.719 Executing VM operation: G1CollectForAllocation done
Event: 104.746 Executing VM operation: Cleanup
Event: 104.746 Executing VM operation: Cleanup done
Event: 105.758 Executing VM operation: Cleanup
Event: 105.758 Executing VM operation: Cleanup done
Event: 106.764 Executing VM operation: Cleanup
Event: 106.764 Executing VM operation: Cleanup done
Event: 107.793 Executing VM operation: Cleanup
Event: 107.793 Executing VM operation: Cleanup done
Event: 108.803 Executing VM operation: Cleanup
Event: 108.803 Executing VM operation: Cleanup done
Event: 109.804 Executing VM operation: Cleanup
Event: 109.804 Executing VM operation: Cleanup done

Events (20 events):
Event: 23.612 Thread 0x0000016b6affdb80 flushing nmethod 0x0000016b50c5cc10
Event: 23.612 Thread 0x0000016b6affdb80 flushing nmethod 0x0000016b50c81490
Event: 23.612 Thread 0x0000016b6affdb80 flushing nmethod 0x0000016b50c83110
Event: 23.612 Thread 0x0000016b6affdb80 flushing nmethod 0x0000016b50cc8f90
Event: 23.612 Thread 0x0000016b6affdb80 flushing nmethod 0x0000016b50ceea10
Event: 23.612 Thread 0x0000016b6affdb80 flushing nmethod 0x0000016b50d20410
Event: 23.612 Thread 0x0000016b6affdb80 flushing nmethod 0x0000016b50d30c90
Event: 23.612 Thread 0x0000016b6affdb80 flushing nmethod 0x0000016b50d69810
Event: 23.612 Thread 0x0000016b6affdb80 flushing nmethod 0x0000016b50d80510
Event: 60.539 Thread 0x0000016b6affdb80 flushing nmethod 0x0000016b5071f110
Event: 73.140 Thread 0x0000016b6fede940 Thread exited: 0x0000016b6fede940
Event: 73.156 Thread 0x0000016b705dfa60 Thread exited: 0x0000016b705dfa60
Event: 110.212 loading class jdk/internal/misc/Signal$1
Event: 110.212 loading class jdk/internal/misc/Signal$1 done
Event: 110.212 Thread 0x0000016b7ae53460 Thread added: 0x0000016b7ae53460
Event: 110.213 Thread 0x0000016b7ae53930 Thread added: 0x0000016b7ae53930
Event: 110.213 Thread 0x0000016b7ae55610 Thread added: 0x0000016b7ae55610
Event: 110.213 Thread 0x0000016b7ae542d0 Thread added: 0x0000016b7ae542d0
Event: 110.214 Thread 0x0000016b7ae55610 Thread exited: 0x0000016b7ae55610
Event: 110.222 Thread 0x0000016b6f91e5d0 Thread exited: 0x0000016b6f91e5d0


Dynamic libraries:
0x00007ff76c870000 - 0x00007ff76c87d000 	C:\Users\HP\.jdks\corretto-17.0.7\bin\java.exe
0x00007ffae8e70000 - 0x00007ffae9068000 	C:\Windows\SYSTEM32\ntdll.dll
0x00007ffae85d0000 - 0x00007ffae868f000 	C:\Windows\System32\KERNEL32.DLL
0x00007ffae6550000 - 0x00007ffae6846000 	C:\Windows\System32\KERNELBASE.dll
0x00007ffae6b90000 - 0x00007ffae6c90000 	C:\Windows\System32\ucrtbase.dll
0x00007ffac1d40000 - 0x00007ffac1d55000 	C:\Users\HP\.jdks\corretto-17.0.7\bin\VCRUNTIME140.dll
0x00007ffad3b70000 - 0x00007ffad3b87000 	C:\Users\HP\.jdks\corretto-17.0.7\bin\jli.dll
0x00007ffae7e80000 - 0x00007ffae801d000 	C:\Windows\System32\USER32.dll
0x00007ffacc090000 - 0x00007ffacc32a000 	C:\Windows\WinSxS\amd64_microsoft.windows.common-controls_6595b64144ccf1df_6.0.19041.1110_none_60b5254171f9507e\COMCTL32.dll
0x00007ffae8900000 - 0x00007ffae899e000 	C:\Windows\System32\msvcrt.dll
0x00007ffae6c90000 - 0x00007ffae6cb2000 	C:\Windows\System32\win32u.dll
0x00007ffae7e20000 - 0x00007ffae7e4c000 	C:\Windows\System32\GDI32.dll
0x00007ffae6d10000 - 0x00007ffae6e25000 	C:\Windows\System32\gdi32full.dll
0x00007ffae6e30000 - 0x00007ffae6ecd000 	C:\Windows\System32\msvcp_win.dll
0x00007ffae7e50000 - 0x00007ffae7e80000 	C:\Windows\System32\IMM32.DLL
0x00007ffa9d440000 - 0x00007ffa9d4db000 	C:\Users\HP\.jdks\corretto-17.0.7\bin\msvcp140.dll
0x00007ffa1ec20000 - 0x00007ffa1f83a000 	C:\Users\HP\.jdks\corretto-17.0.7\bin\server\jvm.dll
0x00007ffae7550000 - 0x00007ffae75ff000 	C:\Windows\System32\ADVAPI32.dll
0x00007ffae8730000 - 0x00007ffae87cc000 	C:\Windows\System32\sechost.dll
0x00007ffae87d0000 - 0x00007ffae88f6000 	C:\Windows\System32\RPCRT4.dll
0x00007ffadc340000 - 0x00007ffadc349000 	C:\Windows\SYSTEM32\WSOCK32.dll
0x00007ffae8560000 - 0x00007ffae85cb000 	C:\Windows\System32\WS2_32.dll
0x00007ffacbdc0000 - 0x00007ffacbde7000 	C:\Windows\SYSTEM32\WINMM.dll
0x00007ffadc780000 - 0x00007ffadc78a000 	C:\Windows\SYSTEM32\VERSION.dll
0x00007ffae4d40000 - 0x00007ffae4d52000 	C:\Windows\SYSTEM32\kernel.appcore.dll
0x00007ffac90f0000 - 0x00007ffac90fa000 	C:\Users\HP\.jdks\corretto-17.0.7\bin\jimage.dll
0x00007ffae1260000 - 0x00007ffae1444000 	C:\Windows\SYSTEM32\DBGHELP.DLL
0x00007ffacded0000 - 0x00007ffacdf04000 	C:\Windows\SYSTEM32\dbgcore.DLL
0x00007ffae6b00000 - 0x00007ffae6b82000 	C:\Windows\System32\bcryptPrimitives.dll
0x00007ffadcc90000 - 0x00007ffadcc9e000 	C:\Users\HP\.jdks\corretto-17.0.7\bin\instrument.dll
0x00007ffabfe20000 - 0x00007ffabfe45000 	C:\Users\HP\.jdks\corretto-17.0.7\bin\java.dll
0x00007ffa70430000 - 0x00007ffa70506000 	C:\Users\HP\.jdks\corretto-17.0.7\bin\jsvml.dll
0x00007ffae76d0000 - 0x00007ffae7e14000 	C:\Windows\System32\SHELL32.dll
0x00007ffae4590000 - 0x00007ffae4d24000 	C:\Windows\SYSTEM32\windows.storage.dll
0x00007ffae89a0000 - 0x00007ffae8cf4000 	C:\Windows\System32\combase.dll
0x00007ffae5dd0000 - 0x00007ffae5dfe000 	C:\Windows\SYSTEM32\Wldp.dll
0x00007ffae6f80000 - 0x00007ffae702d000 	C:\Windows\System32\SHCORE.dll
0x00007ffae8020000 - 0x00007ffae8075000 	C:\Windows\System32\shlwapi.dll
0x00007ffae6480000 - 0x00007ffae64a5000 	C:\Windows\SYSTEM32\profapi.dll
0x00007ffab6270000 - 0x00007ffab6288000 	C:\Users\HP\.jdks\corretto-17.0.7\bin\zip.dll
0x00007ffabfe00000 - 0x00007ffabfe19000 	C:\Users\HP\.jdks\corretto-17.0.7\bin\net.dll
0x00007ffad78b0000 - 0x00007ffad79ba000 	C:\Windows\SYSTEM32\WINHTTP.dll
0x00007ffae5bb0000 - 0x00007ffae5c1a000 	C:\Windows\system32\mswsock.dll
0x00007ffabfde0000 - 0x00007ffabfdf5000 	C:\Users\HP\.jdks\corretto-17.0.7\bin\nio.dll
0x00007ffad3c70000 - 0x00007ffad3c8a000 	C:\Program Files\JetBrains\IntelliJ IDEA Community Edition 2021.3.2\bin\breakgen64.dll
0x00007ffa71490000 - 0x00007ffa71639000 	C:\Users\HP\.jdks\corretto-17.0.7\bin\awt.dll
0x00007ffae7600000 - 0x00007ffae76cd000 	C:\Windows\System32\OLEAUT32.dll
0x00007ffae02d0000 - 0x00007ffae0361000 	C:\Windows\SYSTEM32\apphelp.dll
0x00007ffae0ac0000 - 0x00007ffae0b5e000 	C:\Windows\system32\uxtheme.dll
0x00007ffae7340000 - 0x00007ffae7454000 	C:\Windows\System32\MSCTF.dll
0x00007ffae8d00000 - 0x00007ffae8e2a000 	C:\Windows\System32\ole32.dll
0x00007ffae0bd0000 - 0x00007ffae0bff000 	C:\Windows\system32\DWMAPI.DLL
0x00007ffab5940000 - 0x00007ffab5a65000 	C:\Windows\system32\opengl32.dll
0x00007ffab58d0000 - 0x00007ffab58fc000 	C:\Windows\SYSTEM32\GLU32.dll
0x00007ffae5e10000 - 0x00007ffae5e28000 	C:\Windows\SYSTEM32\CRYPTSP.dll
0x00007ffae54f0000 - 0x00007ffae5524000 	C:\Windows\system32\rsaenh.dll
0x00007ffae6a60000 - 0x00007ffae6a87000 	C:\Windows\System32\bcrypt.dll
0x00007ffae6400000 - 0x00007ffae642e000 	C:\Windows\SYSTEM32\USERENV.dll
0x00007ffae5d40000 - 0x00007ffae5d4c000 	C:\Windows\SYSTEM32\CRYPTBASE.dll
0x00007ffae58c0000 - 0x00007ffae58fc000 	C:\Windows\SYSTEM32\IPHLPAPI.DLL
0x00007ffae8080000 - 0x00007ffae8088000 	C:\Windows\System32\NSI.dll
0x00007ffad7d60000 - 0x00007ffad7d77000 	C:\Windows\SYSTEM32\dhcpcsvc6.DLL
0x00007ffad7d40000 - 0x00007ffad7d5d000 	C:\Windows\SYSTEM32\dhcpcsvc.DLL
0x00007ffae5900000 - 0x00007ffae59ca000 	C:\Windows\SYSTEM32\DNSAPI.dll
0x00007ffa65290000 - 0x00007ffa662dc000 	C:\Users\HP\.skiko\0de0d8dd8554d9bb66cfca3837db6514ff9b71080e998917280a3b777460a416\skiko-windows-x64.dll
0x00007ffaa7c40000 - 0x00007ffaa7cc3000 	C:\Users\HP\.jdks\corretto-17.0.7\bin\freetype.dll
0x00007ffa9d1b0000 - 0x00007ffa9d272000 	C:\Users\HP\.jdks\corretto-17.0.7\bin\fontmanager.dll
0x00007ffadcbe0000 - 0x00007ffadcbe7000 	C:\Users\HP\.jdks\corretto-17.0.7\bin\jawt.dll
0x00007ffae4db0000 - 0x00007ffae4ea3000 	C:\Windows\SYSTEM32\Dxgi.dll
0x00007ffad3b30000 - 0x00007ffad3b50000 	C:\Windows\SYSTEM32\D3D12.dll
0x00007ffa71090000 - 0x00007ffa7125d000 	C:\Windows\SYSTEM32\D3D12Core.dll
0x00007ffad9fc0000 - 0x00007ffad9ffb000 	C:\Windows\SYSTEM32\dxcore.dll
0x00007ffae6cc0000 - 0x00007ffae6d0e000 	C:\Windows\System32\cfgmgr32.dll
0x00007ffad4b80000 - 0x00007ffad7799000 	C:\Windows\System32\DriverStore\FileRepository\igdlh64.inf_amd64_e6daaea9afe1e6f6\igc64.dll
0x00007ffa63080000 - 0x00007ffa64553000 	C:\Windows\System32\DriverStore\FileRepository\igdlh64.inf_amd64_e6daaea9afe1e6f6\igd12umd64.dll
0x00007ffad7ac0000 - 0x00007ffad7d17000 	C:\Windows\System32\DriverStore\FileRepository\igdlh64.inf_amd64_e6daaea9afe1e6f6\igdgmm64.dll
0x00007ffa64e80000 - 0x00007ffa6528b000 	C:\Windows\System32\DriverStore\FileRepository\igdlh64.inf_amd64_e6daaea9afe1e6f6\igdml64.dll
0x00007ffac7070000 - 0x00007ffac709b000 	C:\Windows\SYSTEM32\D3DSCache.dll
0x00007ffa59780000 - 0x00007ffa5df82000 	C:\Windows\System32\DriverStore\FileRepository\igdlh64.inf_amd64_e6daaea9afe1e6f6\igd12dxva64.dll
0x00007ffae80f0000 - 0x00007ffae855e000 	C:\Windows\System32\SETUPAPI.dll
0x00007ffa84fc0000 - 0x00007ffa84fe7000 	C:\Windows\System32\DriverStore\FileRepository\igdlh64.inf_amd64_e6daaea9afe1e6f6\igdinfo64.dll
0x00007ffadd380000 - 0x00007ffadd587000 	C:\Windows\SYSTEM32\twinapi.appcore.dll
0x00007ffae6ed0000 - 0x00007ffae6f79000 	C:\Windows\System32\clbcatq.dll
0x00007ffa620a0000 - 0x00007ffa63072000 	C:\Windows\System32\DriverStore\FileRepository\igdlh64.inf_amd64_e6daaea9afe1e6f6\ig9icd64.dll
0x00007ffae63b0000 - 0x00007ffae63fb000 	C:\Windows\SYSTEM32\powrprof.dll
0x00007ffae6390000 - 0x00007ffae63a2000 	C:\Windows\SYSTEM32\UMPDC.dll
0x00007ffad15d0000 - 0x00007ffad184f000 	C:\Windows\SYSTEM32\dwrite.dll
0x00007ffad3160000 - 0x00007ffad3259000 	C:\Windows\SYSTEM32\textinputframework.dll
0x00007ffadffb0000 - 0x00007ffae00a2000 	C:\Windows\System32\CoreMessaging.dll
0x00007ffadfc50000 - 0x00007ffadffae000 	C:\Windows\System32\CoreUIComponents.dll
0x00007ffae5630000 - 0x00007ffae5663000 	C:\Windows\SYSTEM32\ntmarta.dll
0x00007ffade8f0000 - 0x00007ffadea44000 	C:\Windows\SYSTEM32\wintypes.dll
0x00007ffa617e0000 - 0x00007ffa62092000 	C:\Users\HP\AppData\Local\io-realm-kotlin\f7113120ba00ba1ff91d696eecd3919e85a4e34e\realmc.dll
0x00007ffae6900000 - 0x00007ffae6a5e000 	C:\Windows\System32\CRYPT32.dll

dbghelp: loaded successfully - version: 4.0.5 - missing functions: none
symbol engine: initialized successfully - sym options: 0x614 - pdb path: .;C:\Users\HP\.jdks\corretto-17.0.7\bin;C:\Windows\SYSTEM32;C:\Windows\WinSxS\amd64_microsoft.windows.common-controls_6595b64144ccf1df_6.0.19041.1110_none_60b5254171f9507e;C:\Users\HP\.jdks\corretto-17.0.7\bin\server;C:\Program Files\JetBrains\IntelliJ IDEA Community Edition 2021.3.2\bin;C:\Users\HP\.skiko\0de0d8dd8554d9bb66cfca3837db6514ff9b71080e998917280a3b777460a416;C:\Windows\System32\DriverStore\FileRepository\igdlh64.inf_amd64_e6daaea9afe1e6f6;C:\Users\HP\AppData\Local\io-realm-kotlin\f7113120ba00ba1ff91d696eecd3919e85a4e34e

VM Arguments:
jvm_args: -Djava.library.path=C:\Users\HP\Desktop\demo-compose-desktop\build\classes\kotlin\jvm\main;C:\Users\HP\Desktop\demo-compose-desktop\build\processedResources\jvm\main -javaagent:C:\Program Files\JetBrains\IntelliJ IDEA Community Edition 2021.3.2\lib\idea_rt.jar=54567:C:\Program Files\JetBrains\IntelliJ IDEA Community Edition 2021.3.2\bin -Dfile.encoding=UTF-8 
java_command: MainKt
java_class_path (initial): C:\Users\HP\Desktop\demo-compose-desktop\build\classes\kotlin\jvm\main;C:\Users\HP\Desktop\demo-compose-desktop\build\processedResources\jvm\main;C:\Users\HP\.gradle\caches\modules-2\files-2.1\io.insert-koin\koin-androidx-compose\3.4.5\ae0a88b7a68d507e651c5a3d70a541594bea54cb\koin-androidx-compose-3.4.5.aar;C:\Users\HP\.gradle\caches\modules-2\files-2.1\androidx.navigation\navigation-compose\2.6.0\3f8ce7b0bad21cced0c47b42b6347c65a6e422c3\navigation-compose-2.6.0.aar;C:\Users\HP\.gradle\caches\modules-2\files-2.1\org.jetbrains.kotlin\kotlin-stdlib-jdk8\1.8.21\67f57e154437cd9e6e9cf368394b95814836ff88\kotlin-stdlib-jdk8-1.8.21.jar;C:\Users\HP\.gradle\caches\modules-2\files-2.1\org.apache.poi\poi-ooxml\4.1.2\87d9a22aa9a7dd26e80c360e709f7ee02e32ab3b\poi-ooxml-4.1.2.jar;C:\Users\HP\.gradle\caches\modules-2\files-2.1\org.apache.poi\poi\4.1.2\964bf41cf68bce08e4ef6b2279b559fdf8d454f4\poi-4.1.2.jar;C:\Users\HP\.gradle\caches\modules-2\files-2.1\org.lwjgl\lwjgl-nfd\3.3.1\622318116996ddcff449b46cb38f0fdee39b8ac3\lwjgl-nfd-3.3.1.jar;C:\Users\HP\.gradle\caches\modules-2\files-2.1\org.lwjgl\lwjgl-nfd\3.3.1\2e007667e04ed3281152ae5c6e677fb1c2211691\lwjgl-nfd-3.3.1-natives-linux.jar;C:\Users\HP\.gradle\caches\modules-2\files-2.1\org.lwjgl\lwjgl\3.3.1\ae58664f88e18a9bb2c77b063833ca7aaec484cb\lwjgl-3.3.1.jar;C:\Users\HP\.gradle\caches\modules-2\files-2.1\io.insert-koin\koin-android\3.4.0\48715fbe06102a59a30bd45b06ed2400c16c6f45\koin-android-3.4.0.aar;C:\Users\HP\.gradle\caches\modules-2\files-2.1\org.lwjgl\lwjgl-nfd\3.3.1\b3e04e317f55dd738d8a345cdafd15b39f85a2ea\lwjgl-nfd-3.3.1-natives-linux-arm32.jar;C:\Users\HP\.gradle\caches\modules-2\files-2.1\androidx.lifecycle\lifecycle-viewmodel-compose\2.6.1\38cf3bb65ff3e0e5c3d63de2ebf5411d0898108c\lifecycle-viewmodel-compose-2.6.1.aar;C:\Users\HP\.gradle\caches\modules-2\files-2.1\org.lwjgl\lwjgl-nfd\3.3.1\f41dc62336f7ee4ab35705cfa440cc903d199165\lwjgl-nfd-3.3.1-natives-linux-arm64.jar;C:\Users\HP\.gradle\caches\mo
Launcher Type: SUN_STANDARD

[Global flags]
     intx CICompilerCount                          = 3                                         {product} {ergonomic}
     uint ConcGCThreads                            = 1                                         {product} {ergonomic}
     uint G1ConcRefinementThreads                  = 4                                         {product} {ergonomic}
   size_t G1HeapRegionSize                         = 2097152                                   {product} {ergonomic}
    uintx GCDrainStackTargetSize                   = 64                                        {product} {ergonomic}
   size_t InitialHeapSize                          = 266338304                                 {product} {ergonomic}
   size_t MarkStackSize                            = 4194304                                   {product} {ergonomic}
   size_t MaxHeapSize                              = 4255121408                                {product} {ergonomic}
   size_t MaxNewSize                               = 2552233984                                {product} {ergonomic}
   size_t MinHeapDeltaBytes                        = 2097152                                   {product} {ergonomic}
   size_t MinHeapSize                              = 8388608                                   {product} {ergonomic}
    uintx NonNMethodCodeHeapSize                   = 5832780                                {pd product} {ergonomic}
    uintx NonProfiledCodeHeapSize                  = 122912730                              {pd product} {ergonomic}
    uintx ProfiledCodeHeapSize                     = 122912730                              {pd product} {ergonomic}
    uintx ReservedCodeCacheSize                    = 251658240                              {pd product} {ergonomic}
     bool SegmentedCodeCache                       = true                                      {product} {ergonomic}
   size_t SoftMaxHeapSize                          = 4255121408                             {manageable} {ergonomic}
     bool UseCompressedClassPointers               = true                           {product lp64_product} {ergonomic}
     bool UseCompressedOops                        = true                           {product lp64_product} {ergonomic}
     bool UseG1GC                                  = true                                      {product} {ergonomic}
     bool UseLargePagesIndividualAllocation        = false                                  {pd product} {ergonomic}

Logging:
Log output configuration:
 #0: stdout all=warning uptime,level,tags
 #1: stderr all=off uptime,level,tags

Environment Variables:
PATH=C:\Program Files\Common Files\Oracle\Java\javapath;C:\Program Files (x86)\Common Files\Oracle\Java\javapath;C:\Windows\system32;C:\Windows;C:\Windows\System32\Wbem;C:\Windows\System32\WindowsPowerShell\v1.0\;C:\Windows\System32\OpenSSH\;C:\xampp\php;C:\ProgramData\ComposerSetup\bin;C:\Program Files\nodejs\;C:\Program Files (x86)\Intel\Intel(R) Management Engine Components\DAL;C:\Program Files\Intel\Intel(R) Management Engine Components\DAL;C:\Program Files\Git\cmd;C:\Program Files\Fortect;C:\Users\HP\AppData\Local\Microsoft\WindowsApps;C:\Program Files\JetBrains\IntelliJ IDEA Community Edition 2021.3.2\bin;C:\Users\HP\AppData\Local\Programs\Microsoft VS Code\bin;C:\Users\HP\AppData\Local\JetBrains\Toolbox\scripts;C:\Users\HP\AppData\Local\GitHubDesktop\bin;C:\Users\HP\Desktop\camp\flutter_windows_3.7.6-stable\flutter\bin;C:\Users\HP\AppData\Roaming\Composer\vendor\bin;C:\Users\HP\AppData\Roaming\npm
USERNAME=HP
OS=Windows_NT
PROCESSOR_IDENTIFIER=Intel64 Family 6 Model 142 Stepping 9, GenuineIntel
TMP=C:\Users\HP\AppData\Local\Temp
TEMP=C:\Users\HP\AppData\Local\Temp



---------------  S Y S T E M  ---------------

OS:
 Windows 10 , 64 bit Build 19041 (10.0.19041.3155)
OS uptime: 0 days 22:44 hours
Hyper-V role detected

CPU: total 4 (initial active 4) (2 cores per cpu, 2 threads per core) family 6 model 142 stepping 9 microcode 0xf2, cx8, cmov, fxsr, ht, mmx, 3dnowpref, sse, sse2, sse3, ssse3, sse4.1, sse4.2, popcnt, lzcnt, tsc, tscinvbit, avx, avx2, aes, erms, clmul, bmi1, bmi2, rtm, adx, fma, vzeroupper, clflush, clflushopt, hv

Memory: 4k page, system-wide physical 16224M (6442M free)
TotalPageFile size 32096M (AvailPageFile size 19999M)
current process WorkingSet (physical memory assigned to process): 293M, peak: 372M
current process commit charge ("private bytes"): 297M, peak: 431M

vm_info: OpenJDK 64-Bit Server VM (17.0.7+7-LTS) for windows-amd64 JRE (17.0.7+7-LTS), built on Apr 14 2023 01:39:21 by "Administrator" with MS VC++ 15.9 (VS2017)

END.
