#
# A fatal error has been detected by the Java Runtime Environment:
#
#  EXCEPTION_ACCESS_VIOLATION (0xc0000005) at pc=0x00007ffe74e7ebe3, pid=16688, tid=16856
#
# JRE version: OpenJDK Runtime Environment Corretto-17.0.7.7.1 (17.0.7+7) (build 17.0.7+7-LTS)
# Java VM: OpenJDK 64-Bit Server VM Corretto-17.0.7.7.1 (17.0.7+7-LTS, mixed mode, sharing, tiered, compressed oops, compressed class ptrs, g1 gc, windows-amd64)
# Problematic frame:
# C  [ig9icd64.dll+0x9bebe3]
#
# No core dump will be written. Minidumps are not enabled by default on client versions of Windows
#
# If you would like to submit a bug report, please visit:
#   https://github.com/corretto/corretto-17/issues/
# The crash happened outside the Java Virtual Machine in native code.
# See problematic frame for where to report the bug.
#

---------------  S U M M A R Y ------------

Command Line: -Djava.library.path=C:\Users\HP\Desktop\newderar\build\classes\kotlin\jvm\main;C:\Users\HP\Desktop\newderar\build\processedResources\jvm\main -javaagent:C:\Program Files\JetBrains\IntelliJ IDEA Community Edition 2021.3.2\lib\idea_rt.jar=52583:C:\Program Files\JetBrains\IntelliJ IDEA Community Edition 2021.3.2\bin -Dfile.encoding=UTF-8 MainKt

Host: Intel(R) Core(TM) i5-7300U CPU @ 2.60GHz, 4 cores, 15G,  Windows 10 , 64 bit Build 19041 (10.0.19041.3155)
Time: Sat Jul  8 17:20:34 2023 Libya Standard Time elapsed time: 73.003179 seconds (0d 0h 1m 13s)

---------------  T H R E A D  ---------------

Current thread (0x000001ec7e8560a0):  JavaThread "AWT-EventQueue-0" [_thread_in_native, id=16856, stack(0x0000005c22e00000,0x0000005c22f00000)]

Stack: [0x0000005c22e00000,0x0000005c22f00000],  sp=0x0000005c22efc7c8,  free space=1009k
Native frames: (J=compiled Java code, j=interpreted, Vv=VM code, C=native code)
C  [ig9icd64.dll+0x9bebe3]

Java frames: (J=compiled Java code, j=interpreted, Vv=VM code)
J 5448  org.jetbrains.skia.DirectContextKt.DirectContext_nFlush(J)V (0 bytes) @ 0x000001ec07db58e9 [0x000001ec07db58a0+0x0000000000000049]
J 6453 c2 org.jetbrains.skiko.redrawer.WindowsOpenGLRedrawer$Companion$frameDispatcher$1.invokeSuspend(Ljava/lang/Object;)Ljava/lang/Object; (379 bytes) @ 0x000001ec07e98788 [0x000001ec07e97100+0x0000000000001688]
J 6452 c2 org.jetbrains.skiko.FrameDispatcher$job$1.invokeSuspend(Ljava/lang/Object;)Ljava/lang/Object; (156 bytes) @ 0x000001ec07e94958 [0x000001ec07e946a0+0x00000000000002b8]
J 4818 c2 kotlin.coroutines.jvm.internal.BaseContinuationImpl.resumeWith(Ljava/lang/Object;)V (128 bytes) @ 0x000001ec07d22e00 [0x000001ec07d22da0+0x0000000000000060]
J 6037 c2 kotlinx.coroutines.DispatchedTask.run()V (571 bytes) @ 0x000001ec07b71a28 [0x000001ec07b716a0+0x0000000000000388]
J 6469 c2 java.awt.EventQueue$4.run()Ljava/lang/Void; java.desktop@17.0.7 (60 bytes) @ 0x000001ec07ea71a8 [0x000001ec07ea6e40+0x0000000000000368]
J 6405 c2 java.awt.EventQueue.dispatchEvent(Ljava/awt/AWTEvent;)V java.desktop@17.0.7 (80 bytes) @ 0x000001ec07e6d724 [0x000001ec07e6d480+0x00000000000002a4]
J 5701 c2 java.awt.EventDispatchThread.pumpOneEventForFilters(I)V java.desktop@17.0.7 (113 bytes) @ 0x000001ec07dd9f0c [0x000001ec07dd9840+0x00000000000006cc]
j  java.awt.EventDispatchThread.pumpEventsForFilter(ILjava/awt/Conditional;Ljava/awt/EventFilter;)V+35 java.desktop@17.0.7
j  java.awt.EventDispatchThread.pumpEventsForHierarchy(ILjava/awt/Conditional;Ljava/awt/Component;)V+11 java.desktop@17.0.7
j  java.awt.EventDispatchThread.pumpEvents(ILjava/awt/Conditional;)V+4 java.desktop@17.0.7
j  java.awt.EventDispatchThread.pumpEvents(Ljava/awt/Conditional;)V+3 java.desktop@17.0.7
j  java.awt.EventDispatchThread.run()V+9 java.desktop@17.0.7
v  ~StubRoutines::call_stub

siginfo: EXCEPTION_ACCESS_VIOLATION (0xc0000005), reading address 0xffffffffffffffff


Register to memory mapping:

RIP=0x00007ffe74e7ebe3 ig9icd64.dll
RAX=0x000000000fff0fff is an unknown value
RBX=0x00007ffe744c0000 ig9icd64.dll
RCX=0x000000033fcf3fcc is an unknown value
RDX=0x0000005c22efcce0 is pointing into the stack for thread: 0x000001ec7e8560a0
RSP=0x0000005c22efc7c8 is pointing into the stack for thread: 0x000001ec7e8560a0
RBP=0x0000005c22efc8d0 is pointing into the stack for thread: 0x000001ec7e8560a0
RSI=0x000001ec1484f040 points into unknown readable memory: 0x000001ec7f368540 | 40 85 36 7f ec 01 00 00
RDI=0x0000005c22efcad0 is pointing into the stack for thread: 0x000001ec7e8560a0
R8 =0x0000005c22efc900 is pointing into the stack for thread: 0x000001ec7e8560a0
R9 =0x0000005c22efcce0 is pointing into the stack for thread: 0x000001ec7e8560a0
R10=0x0000005c22efcad0 is pointing into the stack for thread: 0x000001ec7e8560a0
R11=0x0 is NULL
R12=0x00007ffe752f15e0 ig9icd64.dll
R13=0x0 is NULL
R14=0x0 is NULL
R15=0x00000000000001c1 is an unknown value


Registers:
RAX=0x000000000fff0fff, RBX=0x00007ffe744c0000, RCX=0x000000033fcf3fcc, RDX=0x0000005c22efcce0
RSP=0x0000005c22efc7c8, RBP=0x0000005c22efc8d0, RSI=0x000001ec1484f040, RDI=0x0000005c22efcad0
R8 =0x0000005c22efc900, R9 =0x0000005c22efcce0, R10=0x0000005c22efcad0, R11=0x0000000000000000
R12=0x00007ffe752f15e0, R13=0x0000000000000000, R14=0x0000000000000000, R15=0x00000000000001c1
RIP=0x00007ffe74e7ebe3, EFLAGS=0x0000000000010206

Top of Stack: (sp=0x0000005c22efc7c8)
0x0000005c22efc7c8:   00007ffe74e7c31b 0000000000000001
0x0000005c22efc7d8:   0000000000000000 000001ec15629300
0x0000005c22efc7e8:   00007ffeda002622 0000005c00000065
0x0000005c22efc7f8:   0000005c22efca00 0000000000000000
0x0000005c22efc808:   000001ec1c64f330 0000000000000000
0x0000005c22efc818:   000001ec1510e480 000001ec15629380
0x0000005c22efc828:   0000000000001100 0000000000000000
0x0000005c22efc838:   0000000000000000 0000005c22efc9b0
0x0000005c22efc848:   00007ffe74b179c0 0000000000000000
0x0000005c22efc858:   0000000000000000 0000000000000000
0x0000005c22efc868:   0000000000000000 00008bcd98817aca
0x0000005c22efc878:   00007ffe744d6555 000001ec15629380
0x0000005c22efc888:   0000000000000001 0000000000000000
0x0000005c22efc898:   00007ffee9b7b86b 00000000025f0363
0x0000005c22efc8a8:   0000000000000031 000001ec7de02ef0
0x0000005c22efc8b8:   0000000000000000 0000000000000000 

Instructions: (pc=0x00007ffe74e7ebe3)
0x00007ffe74e7eae3:   c1 75 31 00 48 89 51 08 48 89 01 8b 44 24 28 89
0x00007ffe74e7eaf3:   41 20 8b 44 24 30 89 41 24 48 8b c1 4c 89 41 10
0x00007ffe74e7eb03:   4c 89 49 18 c3 cc cc cc cc cc cc cc cc 48 89 5c
0x00007ffe74e7eb13:   24 08 8b 41 5c 48 8d 1d e1 14 64 ff 41 89 40 08
0x00007ffe74e7eb23:   4c 8b d1 8b 41 60 45 33 db 41 89 40 0c 4c 8b ca
0x00007ffe74e7eb33:   8b 41 64 41 89 40 10 8b 41 68 41 89 40 14 8b 41
0x00007ffe74e7eb43:   6c 41 89 40 18 8b 41 70 41 89 40 1c 48 63 41 74
0x00007ffe74e7eb53:   48 6b c8 34 8b 84 19 44 d1 ee 00 41 89 40 20 8b
0x00007ffe74e7eb63:   84 19 48 d1 ee 00 41 89 40 24 8b 84 19 4c d1 ee
0x00007ffe74e7eb73:   00 41 89 40 28 8b 84 19 50 d1 ee 00 41 89 40 2c
0x00007ffe74e7eb83:   8b 84 19 34 d1 ee 00 41 89 40 30 8b 84 19 38 d1
0x00007ffe74e7eb93:   ee 00 41 89 40 34 8b 84 19 3c d1 ee 00 41 89 40
0x00007ffe74e7eba3:   38 8b 84 19 40 d1 ee 00 41 89 40 3c 8b 84 19 24
0x00007ffe74e7ebb3:   d1 ee 00 41 89 40 40 8b 84 19 28 d1 ee 00 41 89
0x00007ffe74e7ebc3:   40 44 8b 84 19 2c d1 ee 00 41 89 40 48 8b 84 19
0x00007ffe74e7ebd3:   30 d1 ee 00 41 89 40 4c 49 63 42 78 48 6b c8 34
0x00007ffe74e7ebe3:   8b 84 19 44 d1 ee 00 41 89 40 50 8b 84 19 48 d1
0x00007ffe74e7ebf3:   ee 00 41 89 40 54 8b 84 19 4c d1 ee 00 41 89 40
0x00007ffe74e7ec03:   58 8b 84 19 50 d1 ee 00 41 89 40 5c 8b 84 19 34
0x00007ffe74e7ec13:   d1 ee 00 41 89 40 60 8b 84 19 38 d1 ee 00 41 89
0x00007ffe74e7ec23:   40 64 8b 84 19 3c d1 ee 00 41 89 40 68 8b 84 19
0x00007ffe74e7ec33:   40 d1 ee 00 41 89 40 6c 8b 84 19 24 d1 ee 00 41
0x00007ffe74e7ec43:   89 40 70 8b 84 19 28 d1 ee 00 41 89 40 74 8b 84
0x00007ffe74e7ec53:   19 2c d1 ee 00 41 89 40 78 8b 84 19 30 d1 ee 00
0x00007ffe74e7ec63:   41 89 40 7c 48 8b 42 18 8b 88 38 0b 00 00 f6 c1
0x00007ffe74e7ec73:   08 0f 84 86 00 00 00 8b 80 3c 0b 00 00 41 89 80
0x00007ffe74e7ec83:   80 00 00 00 48 8b 42 18 8b 88 40 0b 00 00 41 89
0x00007ffe74e7ec93:   88 84 00 00 00 48 8b 42 18 8b 88 44 0b 00 00 41
0x00007ffe74e7eca3:   89 88 88 00 00 00 48 8b 42 18 8b 88 48 0b 00 00
0x00007ffe74e7ecb3:   41 89 88 8c 00 00 00 48 8b 42 18 8b 88 4c 0b 00
0x00007ffe74e7ecc3:   00 41 89 88 90 00 00 00 48 8b 42 18 8b 88 50 0b
0x00007ffe74e7ecd3:   00 00 41 89 88 94 00 00 00 48 8b 42 18 8b 88 54 


Stack slot to memory mapping:
stack at sp + 0 slots: 0x00007ffe74e7c31b ig9icd64.dll
stack at sp + 1 slots: 0x0000000000000001 is an unknown value
stack at sp + 2 slots: 0x0 is NULL
stack at sp + 3 slots: 0x000001ec15629300 points into unknown readable memory: 0x0000000000000000 | 00 00 00 00 00 00 00 00
stack at sp + 4 slots: 0x00007ffeda002622 igdgmm64.dll
stack at sp + 5 slots: 0x0000005c00000065 is an unknown value
stack at sp + 6 slots: 0x0000005c22efca00 is pointing into the stack for thread: 0x000001ec7e8560a0
stack at sp + 7 slots: 0x0 is NULL


---------------  P R O C E S S  ---------------

Threads class SMR info:
_java_thread_list=0x000001ec1c51ed30, length=28, elements={
0x000001ec6a5b6370, 0x000001ec7dcd3b00, 0x000001ec7dc6a200, 0x000001ec7dc83670,
0x000001ec7dc84130, 0x000001ec7dc86b00, 0x000001ec7dc873c0, 0x000001ec7dc88060,
0x000001ec7dc8d4b0, 0x000001ec7dcf47b0, 0x000001ec7ddde200, 0x000001ec7e3b07e0,
0x000001ec7e3b0cb0, 0x000001ec7e4f4bb0, 0x000001ec7e4f5500, 0x000001ec7e8560a0,
0x000001ec7ec7e230, 0x000001ec7eb476d0, 0x000001ec7effb840, 0x000001ec7effbd10,
0x000001ec7effd050, 0x000001ec7effc6b0, 0x000001ec7eff9b60, 0x000001ec15324760,
0x000001ec15321740, 0x000001ec15326910, 0x000001ec15323420, 0x000001ec7ecd36e0
}

Java Threads: ( => current thread )
  0x000001ec6a5b6370 JavaThread "main" [_thread_blocked, id=14736, stack(0x0000005c21300000,0x0000005c21400000)]
  0x000001ec7dcd3b00 JavaThread "Reference Handler" daemon [_thread_blocked, id=10620, stack(0x0000005c21a00000,0x0000005c21b00000)]
  0x000001ec7dc6a200 JavaThread "Finalizer" daemon [_thread_blocked, id=9328, stack(0x0000005c21b00000,0x0000005c21c00000)]
  0x000001ec7dc83670 JavaThread "Signal Dispatcher" daemon [_thread_blocked, id=14832, stack(0x0000005c21c00000,0x0000005c21d00000)]
  0x000001ec7dc84130 JavaThread "Attach Listener" daemon [_thread_blocked, id=13760, stack(0x0000005c21d00000,0x0000005c21e00000)]
  0x000001ec7dc86b00 JavaThread "Service Thread" daemon [_thread_blocked, id=17164, stack(0x0000005c21e00000,0x0000005c21f00000)]
  0x000001ec7dc873c0 JavaThread "Monitor Deflation Thread" daemon [_thread_blocked, id=6520, stack(0x0000005c21f00000,0x0000005c22000000)]
  0x000001ec7dc88060 JavaThread "C2 CompilerThread0" daemon [_thread_blocked, id=17376, stack(0x0000005c22000000,0x0000005c22100000)]
  0x000001ec7dc8d4b0 JavaThread "C1 CompilerThread0" daemon [_thread_blocked, id=10676, stack(0x0000005c22100000,0x0000005c22200000)]
  0x000001ec7dcf47b0 JavaThread "Sweeper thread" daemon [_thread_blocked, id=16048, stack(0x0000005c22200000,0x0000005c22300000)]
  0x000001ec7ddde200 JavaThread "Common-Cleaner" daemon [_thread_blocked, id=3160, stack(0x0000005c22300000,0x0000005c22400000)]
  0x000001ec7e3b07e0 JavaThread "Monitor Ctrl-Break" daemon [_thread_in_native, id=16684, stack(0x0000005c22500000,0x0000005c22600000)]
  0x000001ec7e3b0cb0 JavaThread "Notification Thread" daemon [_thread_blocked, id=224, stack(0x0000005c22600000,0x0000005c22700000)]
  0x000001ec7e4f4bb0 JavaThread "Java2D Disposer" daemon [_thread_blocked, id=7740, stack(0x0000005c22b00000,0x0000005c22c00000)]
  0x000001ec7e4f5500 JavaThread "AWT-Shutdown" [_thread_blocked, id=15188, stack(0x0000005c22c00000,0x0000005c22d00000)]
=>0x000001ec7e8560a0 JavaThread "AWT-EventQueue-0" [_thread_in_native, id=16856, stack(0x0000005c22e00000,0x0000005c22f00000)]
  0x000001ec7ec7e230 JavaThread "Reference Cleaner" daemon [_thread_blocked, id=16440, stack(0x0000005c22f00000,0x0000005c23000000)]
  0x000001ec7eb476d0 JavaThread "DefaultDispatcher-worker-1" daemon [_thread_blocked, id=8372, stack(0x0000005c23000000,0x0000005c23100000)]
  0x000001ec7effb840 JavaThread "DefaultDispatcher-worker-2" daemon [_thread_blocked, id=16924, stack(0x0000005c23100000,0x0000005c23200000)]
  0x000001ec7effbd10 JavaThread "DefaultDispatcher-worker-3" daemon [_thread_blocked, id=7272, stack(0x0000005c23200000,0x0000005c23300000)]
  0x000001ec7effd050 JavaThread "kotlinx.coroutines.DefaultExecutor" daemon [_thread_blocked, id=14848, stack(0x0000005c23300000,0x0000005c23400000)]
  0x000001ec7effc6b0 JavaThread "TimerQueue" daemon [_thread_blocked, id=18492, stack(0x0000005c22400000,0x0000005c22500000)]
  0x000001ec7eff9b60 JavaThread "RealmFinalizingDaemon" daemon [_thread_blocked, id=18488, stack(0x0000005c23900000,0x0000005c23a00000)]
  0x000001ec15324760 JavaThread "core-notifier" daemon [_thread_in_native, id=14024, stack(0x0000005c23b00000,0x0000005c23c00000)]
  0x000001ec15321740 JavaThread "DefaultDispatcher-worker-4" daemon [_thread_blocked, id=4272, stack(0x0000005c23d00000,0x0000005c23e00000)]
  0x000001ec15326910 JavaThread "DefaultDispatcher-worker-5" daemon [_thread_blocked, id=13228, stack(0x0000005c23e00000,0x0000005c23f00000)]
  0x000001ec15323420 JavaThread "DefaultDispatcher-worker-6" daemon [_thread_blocked, id=15404, stack(0x0000005c23f00000,0x0000005c24000000)]
  0x000001ec7ecd36e0 JavaThread "SIGINT handler" daemon [_thread_blocked, id=13344, stack(0x0000005c21000000,0x0000005c21100000)]

Other Threads:
  0x000001ec7dcd2010 VMThread "VM Thread" [stack: 0x0000005c21900000,0x0000005c21a00000] [id=18244]
  0x000001ec6a6389f0 WatcherThread [stack: 0x0000005c22700000,0x0000005c22800000] [id=2660]
  0x000001ec6a61f4f0 GCTaskThread "GC Thread#0" [stack: 0x0000005c21400000,0x0000005c21500000] [id=6700]
  0x000001ec7e858840 GCTaskThread "GC Thread#1" [stack: 0x0000005c22800000,0x0000005c22900000] [id=18460]
  0x000001ec7e733780 GCTaskThread "GC Thread#2" [stack: 0x0000005c22900000,0x0000005c22a00000] [id=10956]
  0x000001ec7e733a30 GCTaskThread "GC Thread#3" [stack: 0x0000005c22a00000,0x0000005c22b00000] [id=2788]
  0x000001ec6a6310e0 ConcurrentGCThread "G1 Main Marker" [stack: 0x0000005c21500000,0x0000005c21600000] [id=15996]
  0x000001ec6a631a00 ConcurrentGCThread "G1 Conc#0" [stack: 0x0000005c21600000,0x0000005c21700000] [id=11872]
  0x000001ec6a66ecf0 ConcurrentGCThread "G1 Refine#0" [stack: 0x0000005c21700000,0x0000005c21800000] [id=3844]
  0x000001ec7db1db80 ConcurrentGCThread "G1 Service" [stack: 0x0000005c21800000,0x0000005c21900000] [id=12096]

Threads with active compile tasks:

VM state: not at safepoint (normal execution)

VM Mutex/Monitor currently owned by a thread: None

Heap address: 0x0000000702600000, size: 4058 MB, Compressed Oops mode: Zero based, Oop shift amount: 3

CDS archive(s) mapped at: [0x0000000800000000-0x0000000800bc0000-0x0000000800bc0000), size 12320768, SharedBaseAddress: 0x0000000800000000, ArchiveRelocationMode: 0.
Compressed class space mapped at: 0x0000000801000000-0x0000000841000000, reserved size: 1073741824
Narrow klass base: 0x0000000800000000, Narrow klass shift: 0, Narrow klass range: 0x100000000

GC Precious Log:
 CPUs: 4 total, 4 available
 Memory: 16224M
 Large Page Support: Disabled
 NUMA Support: Disabled
 Compressed Oops: Enabled (Zero based)
 Heap Region Size: 2M
 Heap Min Capacity: 8M
 Heap Initial Capacity: 254M
 Heap Max Capacity: 4058M
 Pre-touch: Disabled
 Parallel Workers: 4
 Concurrent Workers: 1
 Concurrent Refinement Workers: 4
 Periodic GC: Disabled

Heap:
 garbage-first heap   total 90112K, used 48645K [0x0000000702600000, 0x0000000800000000)
  region size 2048K, 13 young (26624K), 0 survivors (0K)
 Metaspace       used 35321K, committed 35584K, reserved 1114112K
  class space    used 3767K, committed 3904K, reserved 1048576K

Heap Regions: E=young(eden), S=young(survivor), O=old, HS=humongous(starts), HC=humongous(continues), CS=collection set, F=free, OA=open archive, CA=closed archive, TAMS=top-at-mark-start (previous, next)
|   0|0x0000000702600000, 0x0000000702800000, 0x0000000702800000|100%|HS|  |TAMS 0x0000000702800000, 0x0000000702600000| Untracked 
|   1|0x0000000702800000, 0x0000000702a00000, 0x0000000702a00000|100%| O|  |TAMS 0x0000000702a00000, 0x0000000702800000| Untracked 
|   2|0x0000000702a00000, 0x0000000702c00000, 0x0000000702c00000|100%| O|  |TAMS 0x0000000702c00000, 0x0000000702a00000| Untracked 
|   3|0x0000000702c00000, 0x0000000702dfffc8, 0x0000000702e00000| 99%| O|  |TAMS 0x0000000702dfffc8, 0x0000000702c00000| Untracked 
|   4|0x0000000702e00000, 0x0000000702fffff8, 0x0000000703000000| 99%| O|  |TAMS 0x0000000702e00000, 0x0000000702e00000| Untracked 
|   5|0x0000000703000000, 0x00000007031f7128, 0x0000000703200000| 98%| O|  |TAMS 0x0000000703000000, 0x0000000703000000| Untracked 
|   6|0x0000000703200000, 0x0000000703200000, 0x0000000703400000|  0%| F|  |TAMS 0x0000000703200000, 0x0000000703200000| Untracked 
|   7|0x0000000703400000, 0x0000000703400000, 0x0000000703600000|  0%| F|  |TAMS 0x0000000703400000, 0x0000000703400000| Untracked 
|   8|0x0000000703600000, 0x00000007037766b0, 0x0000000703800000| 73%| O|  |TAMS 0x0000000703600000, 0x0000000703600000| Untracked 
|   9|0x0000000703800000, 0x0000000703800000, 0x0000000703a00000|  0%| F|  |TAMS 0x0000000703800000, 0x0000000703800000| Untracked 
|  10|0x0000000703a00000, 0x0000000703c00000, 0x0000000703c00000|100%| O|  |TAMS 0x0000000703c00000, 0x0000000703a00000| Untracked 
|  11|0x0000000703c00000, 0x0000000703c00000, 0x0000000703e00000|  0%| F|  |TAMS 0x0000000703c00000, 0x0000000703c00000| Untracked 
|  12|0x0000000703e00000, 0x0000000703e00000, 0x0000000704000000|  0%| F|  |TAMS 0x0000000703e00000, 0x0000000703e00000| Untracked 
|  13|0x0000000704000000, 0x0000000704200000, 0x0000000704200000|100%|HS|  |TAMS 0x0000000704200000, 0x0000000704000000| Untracked 
|  14|0x0000000704200000, 0x0000000704400000, 0x0000000704400000|100%|HC|  |TAMS 0x0000000704400000, 0x0000000704200000| Untracked 
|  15|0x0000000704400000, 0x0000000704600000, 0x0000000704600000|100%|HC|  |TAMS 0x0000000704600000, 0x0000000704400000| Untracked 
|  16|0x0000000704600000, 0x0000000704800000, 0x0000000704800000|100%|HC|  |TAMS 0x0000000704800000, 0x0000000704600000| Untracked 
|  17|0x0000000704800000, 0x0000000704814008, 0x0000000704a00000|  3%| O|  |TAMS 0x0000000704800000, 0x0000000704800000| Untracked 
|  18|0x0000000704a00000, 0x0000000704a00000, 0x0000000704c00000|  0%| F|  |TAMS 0x0000000704a00000, 0x0000000704a00000| Untracked 
|  19|0x0000000704c00000, 0x0000000704c00000, 0x0000000704e00000|  0%| F|  |TAMS 0x0000000704c00000, 0x0000000704c00000| Untracked 
|  20|0x0000000704e00000, 0x0000000704e00000, 0x0000000705000000|  0%| F|  |TAMS 0x0000000704e00000, 0x0000000704e00000| Untracked 
|  21|0x0000000705000000, 0x0000000705000000, 0x0000000705200000|  0%| F|  |TAMS 0x0000000705000000, 0x0000000705000000| Untracked 
|  22|0x0000000705200000, 0x0000000705200000, 0x0000000705400000|  0%| F|  |TAMS 0x0000000705200000, 0x0000000705200000| Untracked 
|  23|0x0000000705400000, 0x0000000705400000, 0x0000000705600000|  0%| F|  |TAMS 0x0000000705400000, 0x0000000705400000| Untracked 
|  24|0x0000000705600000, 0x0000000705600000, 0x0000000705800000|  0%| F|  |TAMS 0x0000000705600000, 0x0000000705600000| Untracked 
|  25|0x0000000705800000, 0x0000000705800000, 0x0000000705a00000|  0%| F|  |TAMS 0x0000000705800000, 0x0000000705800000| Untracked 
|  26|0x0000000705a00000, 0x0000000705a00000, 0x0000000705c00000|  0%| F|  |TAMS 0x0000000705a00000, 0x0000000705a00000| Untracked 
|  27|0x0000000705c00000, 0x0000000705c00000, 0x0000000705e00000|  0%| F|  |TAMS 0x0000000705c00000, 0x0000000705c00000| Untracked 
|  28|0x0000000705e00000, 0x0000000705e00000, 0x0000000706000000|  0%| F|  |TAMS 0x0000000705e00000, 0x0000000705e00000| Untracked 
|  29|0x0000000706000000, 0x0000000706000000, 0x0000000706200000|  0%| F|  |TAMS 0x0000000706000000, 0x0000000706000000| Untracked 
|  30|0x0000000706200000, 0x0000000706200000, 0x0000000706400000|  0%| F|  |TAMS 0x0000000706200000, 0x0000000706200000| Untracked 
|  31|0x0000000706400000, 0x0000000706444f20, 0x0000000706600000| 13%| E|  |TAMS 0x0000000706400000, 0x0000000706400000| Complete 
|  32|0x0000000706600000, 0x0000000706800000, 0x0000000706800000|100%| E|CS|TAMS 0x0000000706600000, 0x0000000706600000| Complete 
|  33|0x0000000706800000, 0x0000000706a00000, 0x0000000706a00000|100%| E|CS|TAMS 0x0000000706800000, 0x0000000706800000| Complete 
|  34|0x0000000706a00000, 0x0000000706c00000, 0x0000000706c00000|100%| E|CS|TAMS 0x0000000706a00000, 0x0000000706a00000| Complete 
|  35|0x0000000706c00000, 0x0000000706e00000, 0x0000000706e00000|100%| E|CS|TAMS 0x0000000706c00000, 0x0000000706c00000| Complete 
|  36|0x0000000706e00000, 0x0000000707000000, 0x0000000707000000|100%| E|CS|TAMS 0x0000000706e00000, 0x0000000706e00000| Complete 
|  37|0x0000000707000000, 0x0000000707200000, 0x0000000707200000|100%| E|CS|TAMS 0x0000000707000000, 0x0000000707000000| Complete 
|  38|0x0000000707200000, 0x0000000707400000, 0x0000000707400000|100%| E|CS|TAMS 0x0000000707200000, 0x0000000707200000| Complete 
|  39|0x0000000707400000, 0x0000000707600000, 0x0000000707600000|100%| E|CS|TAMS 0x0000000707400000, 0x0000000707400000| Complete 
|  40|0x0000000707600000, 0x0000000707800000, 0x0000000707800000|100%| E|CS|TAMS 0x0000000707600000, 0x0000000707600000| Complete 
|  41|0x0000000707800000, 0x0000000707a00000, 0x0000000707a00000|100%| E|CS|TAMS 0x0000000707800000, 0x0000000707800000| Complete 
|  42|0x0000000707a00000, 0x0000000707c00000, 0x0000000707c00000|100%| E|CS|TAMS 0x0000000707a00000, 0x0000000707a00000| Complete 
|  43|0x0000000707c00000, 0x0000000707e00000, 0x0000000707e00000|100%| E|CS|TAMS 0x0000000707c00000, 0x0000000707c00000| Complete 

Card table byte_map: [0x000001ec728a0000,0x000001ec73090000] _byte_map_base: 0x000001ec6f08d000

Marking Bits (Prev, Next): (CMBitMap*) 0x000001ec6a620a60, (CMBitMap*) 0x000001ec6a620a20
 Prev Bits: [0x000001ec777f0000, 0x000001ec7b758000)
 Next Bits: [0x000001ec73880000, 0x000001ec777e8000)

Polling page: 0x000001ec68460000

Metaspace:

Usage:
  Non-class:     30.81 MB used.
      Class:      3.68 MB used.
       Both:     34.49 MB used.

Virtual space:
  Non-class space:       64.00 MB reserved,      30.94 MB ( 48%) committed,  1 nodes.
      Class space:        1.00 GB reserved,       3.81 MB ( <1%) committed,  1 nodes.
             Both:        1.06 GB reserved,      34.75 MB (  3%) committed. 

Chunk freelists:
   Non-Class:  656.00 KB
       Class:  12.23 MB
        Both:  12.88 MB

MaxMetaspaceSize: unlimited
CompressedClassSpaceSize: 1.00 GB
Initial GC threshold: 21.00 MB
Current GC threshold: 57.81 MB
CDS: on
MetaspaceReclaimPolicy: balanced
 - commit_granule_bytes: 65536.
 - commit_granule_words: 8192.
 - virtual_space_node_default_size: 8388608.
 - enlarge_chunks_in_place: 1.
 - new_chunks_are_fully_committed: 0.
 - uncommit_free_chunks: 1.
 - use_allocation_guard: 0.
 - handle_deallocations: 1.


Internal statistics:

num_allocs_failed_limit: 3.
num_arena_births: 160.
num_arena_deaths: 0.
num_vsnodes_births: 2.
num_vsnodes_deaths: 0.
num_space_committed: 556.
num_space_uncommitted: 0.
num_chunks_returned_to_freelist: 3.
num_chunks_taken_from_freelist: 1102.
num_chunk_merges: 3.
num_chunk_splits: 947.
num_chunks_enlarged: 861.
num_inconsistent_stats: 0.

CodeHeap 'non-profiled nmethods': size=120000Kb used=4201Kb max_used=4201Kb free=115798Kb
 bounds [0x000001ec07ad0000, 0x000001ec07ef0000, 0x000001ec0f000000]
CodeHeap 'profiled nmethods': size=120000Kb used=11248Kb max_used=12794Kb free=108751Kb
 bounds [0x000001ec00000000, 0x000001ec00ca0000, 0x000001ec07530000]
CodeHeap 'non-nmethods': size=5760Kb used=1871Kb max_used=1962Kb free=3889Kb
 bounds [0x000001ec07530000, 0x000001ec077a0000, 0x000001ec07ad0000]
 total_blobs=7037 nmethods=5694 adapters=1255
 compilation: enabled
              stopped_count=0, restarted_count=0
 full_count=0

Compilation events (20 events):
Event: 70.181 Thread 0x000001ec7dc88060 6498   !   4       org.jetbrains.skia.PictureRecorder::finishRecordingAsPicture (38 bytes)
Event: 70.183 Thread 0x000001ec7dc88060 nmethod 6498 0x000001ec07ee9290 code [0x000001ec07ee9420, 0x000001ec07ee9598]
Event: 70.230 Thread 0x000001ec7dc88060 6499       4       java.util.AbstractMap::isEmpty (13 bytes)
Event: 70.231 Thread 0x000001ec7dc88060 nmethod 6499 0x000001ec07ee9710 code [0x000001ec07ee9880, 0x000001ec07ee9938]
Event: 70.280 Thread 0x000001ec7dc88060 6500   !   4       org.jetbrains.skia.PictureRecorder::beginRecording (62 bytes)
Event: 70.283 Thread 0x000001ec7dc88060 nmethod 6500 0x000001ec07ee9a10 code [0x000001ec07ee9ba0, 0x000001ec07ee9e38]
Event: 71.079 Thread 0x000001ec7dc88060 6501       4       java.util.Arrays::rangeCheck (74 bytes)
Event: 71.080 Thread 0x000001ec7dc88060 nmethod 6501 0x000001ec07eea010 code [0x000001ec07eea180, 0x000001ec07eea238]
Event: 72.949 Thread 0x000001ec7dc8d4b0 6502       3       java.util.IdentityHashMap$IdentityHashMapIterator::nextIndex (72 bytes)
Event: 72.950 Thread 0x000001ec7dc8d4b0 nmethod 6502 0x000001ec003b0f10 code [0x000001ec003b10e0, 0x000001ec003b1528]
Event: 72.953 Thread 0x000001ec7dc88060 6503       4       kotlinx.coroutines.JobSupport::isCompleted (16 bytes)
Event: 72.954 Thread 0x000001ec7dc88060 nmethod 6503 0x000001ec07eea310 code [0x000001ec07eea480, 0x000001ec07eea598]
Event: 72.976 Thread 0x000001ec7dc8d4b0 6504       3       kotlinx.coroutines.JobSupport$Finishing::sealLocked (150 bytes)
Event: 72.978 Thread 0x000001ec7dc8d4b0 nmethod 6504 0x000001ec0001af90 code [0x000001ec0001b340, 0x000001ec0001d078]
Event: 72.978 Thread 0x000001ec7dc8d4b0 6505       3       kotlinx.coroutines.JobSupport::getFinalRootCause (239 bytes)
Event: 72.979 Thread 0x000001ec7dc8d4b0 nmethod 6505 0x000001ec00067090 code [0x000001ec000673a0, 0x000001ec00068e38]
Event: 72.979 Thread 0x000001ec7dc8d4b0 6506       3       java.nio.ByteBuffer::position (6 bytes)
Event: 72.979 Thread 0x000001ec7dc8d4b0 nmethod 6506 0x000001ec00687a10 code [0x000001ec00687bc0, 0x000001ec00687d88]
Event: 72.980 Thread 0x000001ec7dc8d4b0 6507       3       java.nio.Buffer::clear (20 bytes)
Event: 72.980 Thread 0x000001ec7dc8d4b0 nmethod 6507 0x000001ec00764e10 code [0x000001ec00764fa0, 0x000001ec007650b8]

GC Heap History (20 events):
Event: 6.638 GC heap before
{Heap before GC invocations=10 (full 0):
 garbage-first heap   total 49152K, used 24965K [0x0000000702600000, 0x0000000800000000)
  region size 2048K, 4 young (8192K), 1 survivors (2048K)
 Metaspace       used 33112K, committed 33280K, reserved 1114112K
  class space    used 3693K, committed 3776K, reserved 1048576K
}
Event: 6.640 GC heap after
{Heap after GC invocations=11 (full 0):
 garbage-first heap   total 49152K, used 21282K [0x0000000702600000, 0x0000000800000000)
  region size 2048K, 1 young (2048K), 1 survivors (2048K)
 Metaspace       used 33112K, committed 33280K, reserved 1114112K
  class space    used 3693K, committed 3776K, reserved 1048576K
}
Event: 11.499 GC heap before
{Heap before GC invocations=11 (full 0):
 garbage-first heap   total 49152K, used 41762K [0x0000000702600000, 0x0000000800000000)
  region size 2048K, 8 young (16384K), 1 survivors (2048K)
 Metaspace       used 33975K, committed 34240K, reserved 1114112K
  class space    used 3705K, committed 3840K, reserved 1048576K
}
Event: 11.504 GC heap after
{Heap after GC invocations=12 (full 0):
 garbage-first heap   total 49152K, used 30915K [0x0000000702600000, 0x0000000800000000)
  region size 2048K, 1 young (2048K), 1 survivors (2048K)
 Metaspace       used 33975K, committed 34240K, reserved 1114112K
  class space    used 3705K, committed 3840K, reserved 1048576K
}
Event: 14.097 GC heap before
{Heap before GC invocations=12 (full 0):
 garbage-first heap   total 49152K, used 37059K [0x0000000702600000, 0x0000000800000000)
  region size 2048K, 4 young (8192K), 1 survivors (2048K)
 Metaspace       used 34038K, committed 34304K, reserved 1114112K
  class space    used 3705K, committed 3840K, reserved 1048576K
}
Event: 14.101 GC heap after
{Heap after GC invocations=13 (full 0):
 garbage-first heap   total 49152K, used 31150K [0x0000000702600000, 0x0000000800000000)
  region size 2048K, 1 young (2048K), 1 survivors (2048K)
 Metaspace       used 34038K, committed 34304K, reserved 1114112K
  class space    used 3705K, committed 3840K, reserved 1048576K
}
Event: 16.560 GC heap before
{Heap before GC invocations=14 (full 0):
 garbage-first heap   total 51200K, used 31150K [0x0000000702600000, 0x0000000800000000)
  region size 2048K, 4 young (8192K), 1 survivors (2048K)
 Metaspace       used 34498K, committed 34688K, reserved 1114112K
  class space    used 3733K, committed 3840K, reserved 1048576K
}
Event: 16.569 GC heap after
{Heap after GC invocations=15 (full 0):
 garbage-first heap   total 51200K, used 25852K [0x0000000702600000, 0x0000000800000000)
  region size 2048K, 1 young (2048K), 1 survivors (2048K)
 Metaspace       used 34498K, committed 34688K, reserved 1114112K
  class space    used 3733K, committed 3840K, reserved 1048576K
}
Event: 21.866 GC heap before
{Heap before GC invocations=15 (full 0):
 garbage-first heap   total 51200K, used 36092K [0x0000000702600000, 0x0000000800000000)
  region size 2048K, 6 young (12288K), 1 survivors (2048K)
 Metaspace       used 35077K, committed 35328K, reserved 1114112K
  class space    used 3760K, committed 3904K, reserved 1048576K
}
Event: 21.871 GC heap after
{Heap after GC invocations=16 (full 0):
 garbage-first heap   total 51200K, used 27308K [0x0000000702600000, 0x0000000800000000)
  region size 2048K, 1 young (2048K), 1 survivors (2048K)
 Metaspace       used 35077K, committed 35328K, reserved 1114112K
  class space    used 3760K, committed 3904K, reserved 1048576K
}
Event: 26.320 GC heap before
{Heap before GC invocations=17 (full 0):
 garbage-first heap   total 51200K, used 37548K [0x0000000702600000, 0x0000000800000000)
  region size 2048K, 6 young (12288K), 1 survivors (2048K)
 Metaspace       used 35097K, committed 35392K, reserved 1114112K
  class space    used 3760K, committed 3904K, reserved 1048576K
}
Event: 26.324 GC heap after
{Heap after GC invocations=18 (full 0):
 garbage-first heap   total 155648K, used 27442K [0x0000000702600000, 0x0000000800000000)
  region size 2048K, 1 young (2048K), 1 survivors (2048K)
 Metaspace       used 35097K, committed 35392K, reserved 1114112K
  class space    used 3760K, committed 3904K, reserved 1048576K
}
Event: 28.195 GC heap before
{Heap before GC invocations=18 (full 0):
 garbage-first heap   total 155648K, used 31538K [0x0000000702600000, 0x0000000800000000)
  region size 2048K, 3 young (6144K), 1 survivors (2048K)
 Metaspace       used 35103K, committed 35392K, reserved 1114112K
  class space    used 3760K, committed 3904K, reserved 1048576K
}
Event: 28.199 GC heap after
{Heap after GC invocations=19 (full 0):
 garbage-first heap   total 155648K, used 26754K [0x0000000702600000, 0x0000000800000000)
  region size 2048K, 1 young (2048K), 1 survivors (2048K)
 Metaspace       used 35103K, committed 35392K, reserved 1114112K
  class space    used 3760K, committed 3904K, reserved 1048576K
}
Event: 31.437 GC heap before
{Heap before GC invocations=19 (full 0):
 garbage-first heap   total 155648K, used 34946K [0x0000000702600000, 0x0000000800000000)
  region size 2048K, 6 young (12288K), 1 survivors (2048K)
 Metaspace       used 35205K, committed 35456K, reserved 1114112K
  class space    used 3761K, committed 3904K, reserved 1048576K
}
Event: 31.464 GC heap after
{Heap after GC invocations=20 (full 1):
 garbage-first heap   total 90112K, used 24033K [0x0000000702600000, 0x0000000800000000)
  region size 2048K, 0 young (0K), 0 survivors (0K)
 Metaspace       used 35205K, committed 35456K, reserved 1114112K
  class space    used 3761K, committed 3904K, reserved 1048576K
}
Event: 51.631 GC heap before
{Heap before GC invocations=20 (full 1):
 garbage-first heap   total 90112K, used 62945K [0x0000000702600000, 0x0000000800000000)
  region size 2048K, 19 young (38912K), 0 survivors (0K)
 Metaspace       used 35251K, committed 35456K, reserved 1114112K
  class space    used 3761K, committed 3904K, reserved 1048576K
}
Event: 51.633 GC heap after
{Heap after GC invocations=21 (full 1):
 garbage-first heap   total 90112K, used 24315K [0x0000000702600000, 0x0000000800000000)
  region size 2048K, 1 young (2048K), 1 survivors (2048K)
 Metaspace       used 35251K, committed 35456K, reserved 1114112K
  class space    used 3761K, committed 3904K, reserved 1048576K
}
Event: 61.472 GC heap before
{Heap before GC invocations=21 (full 1):
 garbage-first heap   total 90112K, used 44795K [0x0000000702600000, 0x0000000800000000)
  region size 2048K, 12 young (24576K), 1 survivors (2048K)
 Metaspace       used 35273K, committed 35520K, reserved 1114112K
  class space    used 3762K, committed 3904K, reserved 1048576K
}
Event: 61.500 GC heap after
{Heap after GC invocations=22 (full 2):
 garbage-first heap   total 90112K, used 24069K [0x0000000702600000, 0x0000000800000000)
  region size 2048K, 0 young (0K), 0 survivors (0K)
 Metaspace       used 35273K, committed 35520K, reserved 1114112K
  class space    used 3762K, committed 3904K, reserved 1048576K
}

Dll operation events (14 events):
Event: 0.009 Loaded shared library C:\Users\HP\.jdks\corretto-17.0.7\bin\java.dll
Event: 0.020 Loaded shared library C:\Users\HP\.jdks\corretto-17.0.7\bin\jsvml.dll
Event: 0.159 Loaded shared library C:\Users\HP\.jdks\corretto-17.0.7\bin\zip.dll
Event: 0.161 Loaded shared library C:\Users\HP\.jdks\corretto-17.0.7\bin\instrument.dll
Event: 0.168 Loaded shared library C:\Users\HP\.jdks\corretto-17.0.7\bin\net.dll
Event: 0.170 Loaded shared library C:\Users\HP\.jdks\corretto-17.0.7\bin\nio.dll
Event: 0.174 Loaded shared library C:\Users\HP\.jdks\corretto-17.0.7\bin\zip.dll
Event: 0.277 Loaded shared library C:\Program Files\JetBrains\IntelliJ IDEA Community Edition 2021.3.2\bin\breakgen64.dll
Event: 0.471 Loaded shared library C:\Users\HP\.jdks\corretto-17.0.7\bin\jimage.dll
Event: 0.476 Loaded shared library C:\Users\HP\.jdks\corretto-17.0.7\bin\awt.dll
Event: 1.314 Loaded shared library C:\Users\HP\.skiko\0de0d8dd8554d9bb66cfca3837db6514ff9b71080e998917280a3b777460a416\skiko-windows-x64.dll
Event: 1.867 Loaded shared library C:\Users\HP\.jdks\corretto-17.0.7\bin\freetype.dll
Event: 1.869 Loaded shared library C:\Users\HP\.jdks\corretto-17.0.7\bin\fontmanager.dll
Event: 6.038 Loaded shared library C:\Users\HP\AppData\Local\io-realm-kotlin\f7113120ba00ba1ff91d696eecd3919e85a4e34e\realmc.dll

Deoptimization events (20 events):
Event: 59.540 Thread 0x000001ec7effbd10 DEOPT PACKING pc=0x000001ec07d13aec sp=0x0000005c232fefc0
Event: 59.540 Thread 0x000001ec7e8560a0 DEOPT PACKING pc=0x000001ec07d12b40 sp=0x0000005c22efed10
Event: 59.540 Thread 0x000001ec7e8560a0 DEOPT UNPACKING pc=0x000001ec075869a3 sp=0x0000005c22efed08 mode 2
Event: 59.540 Thread 0x000001ec7effbd10 DEOPT UNPACKING pc=0x000001ec075869a3 sp=0x0000005c232fedc0 mode 2
Event: 60.096 Thread 0x000001ec7e8560a0 Uncommon trap: trap_request=0xffffffde fr.pc=0x000001ec07d4c7dc relative=0x0000000000000b9c
Event: 60.096 Thread 0x000001ec7e8560a0 Uncommon trap: reason=class_check action=maybe_recompile pc=0x000001ec07d4c7dc method=java.awt.EventQueue.dispatchEventImpl(Ljava/awt/AWTEvent;Ljava/lang/Object;)V @ 18 c2
Event: 60.096 Thread 0x000001ec7e8560a0 DEOPT PACKING pc=0x000001ec07d4c7dc sp=0x0000005c22efece0
Event: 60.096 Thread 0x000001ec7e8560a0 DEOPT UNPACKING pc=0x000001ec075869a3 sp=0x0000005c22efec58 mode 2
Event: 72.953 Thread 0x000001ec7eccdb70 Uncommon trap: trap_request=0xffffff45 fr.pc=0x000001ec07c34d58 relative=0x0000000000005678
Event: 72.953 Thread 0x000001ec7eccdb70 Uncommon trap: reason=unstable_if action=reinterpret pc=0x000001ec07c34d58 method=jdk.internal.loader.BuiltinClassLoader.loadClassOrNull(Ljava/lang/String;Z)Ljava/lang/Class; @ 17 c2
Event: 72.953 Thread 0x000001ec7eccdb70 DEOPT PACKING pc=0x000001ec07c34d58 sp=0x0000005c211fe770
Event: 72.953 Thread 0x000001ec7eccdb70 DEOPT UNPACKING pc=0x000001ec075869a3 sp=0x0000005c211fe820 mode 2
Event: 72.953 Thread 0x000001ec7ecd23a0 Uncommon trap: trap_request=0xffffff45 fr.pc=0x000001ec07c34d58 relative=0x0000000000005678
Event: 72.953 Thread 0x000001ec7ecd23a0 Uncommon trap: reason=unstable_if action=reinterpret pc=0x000001ec07c34d58 method=jdk.internal.loader.BuiltinClassLoader.loadClassOrNull(Ljava/lang/String;Z)Ljava/lang/Class; @ 17 c2
Event: 72.953 Thread 0x000001ec7ecd23a0 DEOPT PACKING pc=0x000001ec07c34d58 sp=0x0000005c242fe760
Event: 72.953 Thread 0x000001ec7ecd23a0 DEOPT UNPACKING pc=0x000001ec075869a3 sp=0x0000005c242fe810 mode 2
Event: 72.980 Thread 0x000001ec15322f50 Uncommon trap: trap_request=0xffffff5c fr.pc=0x000001ec07ee8b08 relative=0x0000000000000e28
Event: 72.980 Thread 0x000001ec15322f50 Uncommon trap: reason=speculate_null_check action=make_not_entrant pc=0x000001ec07ee8b08 method=java.util.concurrent.locks.AbstractQueuedSynchronizer.acquire(Ljava/util/concurrent/locks/AbstractQueuedSynchronizer$Node;IZZZJ)I @ 254 c2
Event: 72.980 Thread 0x000001ec15322f50 DEOPT PACKING pc=0x000001ec07ee8b08 sp=0x0000005c23cff1c0
Event: 72.980 Thread 0x000001ec15322f50 DEOPT UNPACKING pc=0x000001ec075869a3 sp=0x0000005c23cff190 mode 2

Classes unloaded (0 events):
No events

Classes redefined (0 events):
No events

Internal exceptions (20 events):
Event: 0.504 Thread 0x000001ec6a5b6370 Exception <a 'java/io/FileNotFoundException'{0x00000007122b9d78}> (0x00000007122b9d78) 
thrown [s\src\hotspot\share\prims\jni.cpp, line 516]
Event: 0.779 Thread 0x000001ec7e8560a0 Exception <a 'java/lang/NoSuchMethodError'{0x00000007123e4280}: 'java.lang.Object java.lang.invoke.DirectMethodHandle$Holder.invokeStaticInit(java.lang.Object, int, int, int, int)'> (0x00000007123e4280) 
thrown [s\src\hotspot\share\interpreter\linkResolver.cpp, line 759]
Event: 0.868 Thread 0x000001ec7e8560a0 Exception <a 'java/lang/NoSuchMethodError'{0x00000007120b58c0}: 'java.lang.Object java.lang.invoke.DirectMethodHandle$Holder.invokeStaticInit(java.lang.Object, java.lang.Object, int, int, int, int)'> (0x00000007120b58c0) 
thrown [s\src\hotspot\share\interpreter\linkResolver.cpp, line 759]
Event: 1.028 Thread 0x000001ec7e8560a0 Exception <a 'java/lang/NoSuchMethodError'{0x0000000711c0c1b0}: 'double java.lang.invoke.DirectMethodHandle$Holder.invokeStatic(java.lang.Object, double)'> (0x0000000711c0c1b0) 
thrown [s\src\hotspot\share\interpreter\linkResolver.cpp, line 759]
Event: 1.030 Thread 0x000001ec7e8560a0 Exception <a 'java/lang/NoSuchMethodError'{0x0000000711c0fc10}: 'double java.lang.invoke.DirectMethodHandle$Holder.invokeStaticInit(java.lang.Object, double)'> (0x0000000711c0fc10) 
thrown [s\src\hotspot\share\interpreter\linkResolver.cpp, line 759]
Event: 1.048 Thread 0x000001ec7e8560a0 Exception <a 'java/lang/NoSuchMethodError'{0x0000000711c57920}: 'java.lang.Object java.lang.invoke.DirectMethodHandle$Holder.newInvokeSpecial(java.lang.Object, double)'> (0x0000000711c57920) 
thrown [s\src\hotspot\share\interpreter\linkResolver.cpp, line 759]
Event: 1.599 Thread 0x000001ec7e8560a0 Exception <a 'java/lang/NoSuchMethodError'{0x0000000710f8b420}: 'void java.lang.invoke.DirectMethodHandle$Holder.invokeSpecial(java.lang.Object, java.lang.Object, java.lang.Object)'> (0x0000000710f8b420) 
thrown [s\src\hotspot\share\interpreter\linkResolver.cpp, line 759]
Event: 1.622 Thread 0x000001ec7e8560a0 Exception <a 'java/lang/NoSuchMethodError'{0x0000000710fb5830}: 'java.lang.Object java.lang.invoke.DirectMethodHandle$Holder.newInvokeSpecial(java.lang.Object, java.lang.Object, java.lang.Object, java.lang.Object, java.lang.Object)'> (0x0000000710fb5830) 
thrown [s\src\hotspot\share\interpreter\linkResolver.cpp, line 759]
Event: 1.625 Thread 0x000001ec7e8560a0 Exception <a 'java/lang/NoSuchMethodError'{0x0000000710fc14a0}: 'java.lang.Object java.lang.invoke.DirectMethodHandle$Holder.invokeStatic(java.lang.Object, int, java.lang.Object, java.lang.Object, java.lang.Object, java.lang.Object)'> (0x0000000710fc14a0) 
thrown [s\src\hotspot\share\interpreter\linkResolver.cpp, line 759]
Event: 1.633 Thread 0x000001ec7e8560a0 Exception <a 'java/lang/NoSuchMethodError'{0x0000000710fe6ed8}: 'java.lang.Object java.lang.invoke.DirectMethodHandle$Holder.invokeStatic(java.lang.Object, int, java.lang.Object)'> (0x0000000710fe6ed8) 
thrown [s\src\hotspot\share\interpreter\linkResolver.cpp, line 759]
Event: 1.676 Thread 0x000001ec7e8560a0 Exception <a 'java/lang/ClassNotFoundException'{0x0000000710ca3718}: com/sun/swing/internal/plaf/metal/resources/spi/metalProvider> (0x0000000710ca3718) 
thrown [s\src\hotspot\share\classfile\systemDictionary.cpp, line 256]
Event: 1.677 Thread 0x000001ec7e8560a0 Exception <a 'java/lang/ClassNotFoundException'{0x0000000710ca76b8}: com/sun/swing/internal/plaf/basic/resources/spi/basicProvider> (0x0000000710ca76b8) 
thrown [s\src\hotspot\share\classfile\systemDictionary.cpp, line 256]
Event: 1.689 Thread 0x000001ec7e8560a0 Implicit null exception at 0x000001ec07afcd90 to 0x000001ec07afd164
Event: 1.689 Thread 0x000001ec7e8560a0 Implicit null exception at 0x000001ec07af8690 to 0x000001ec07af8a48
Event: 1.721 Thread 0x000001ec7e8560a0 Exception <a 'java/lang/NoSuchMethodError'{0x0000000710db82e8}: 'void java.lang.invoke.DirectMethodHandle$Holder.invokeStatic(java.lang.Object, java.lang.Object, java.lang.Object)'> (0x0000000710db82e8) 
thrown [s\src\hotspot\share\interpreter\linkResolver.cpp, line 759]
Event: 1.860 Thread 0x000001ec7e8560a0 Exception <a 'java/lang/NoSuchMethodError'{0x000000071087f448}: 'void java.lang.invoke.DirectMethodHandle$Holder.invokeStaticInit(java.lang.Object)'> (0x000000071087f448) 
thrown [s\src\hotspot\share\interpreter\linkResolver.cpp, line 759]
Event: 2.129 Thread 0x000001ec7e8560a0 Exception <a 'java/lang/NoSuchMethodError'{0x000000071213a548}: 'int java.lang.invoke.DirectMethodHandle$Holder.invokeStaticInit(java.lang.Object, java.lang.Object, java.lang.Object)'> (0x000000071213a548) 
thrown [s\src\hotspot\share\interpreter\linkResolver.cpp, line 759]
Event: 2.554 Thread 0x000001ec7e4ff6e0 Exception <a 'java/lang/NoSuchMethodError'{0x0000000710a00be8}: 'void java.lang.invoke.DirectMethodHandle$Holder.invokeVirtual(java.lang.Object, java.lang.Object)'> (0x0000000710a00be8) 
thrown [s\src\hotspot\share\interpreter\linkResolver.cpp, line 759]
Event: 5.299 Thread 0x000001ec7e8560a0 Exception <a 'java/lang/NoSuchMethodError'{0x0000000704826778}: 'int java.lang.invoke.DirectMethodHandle$Holder.invokeStaticInit(java.lang.Object, long, long)'> (0x0000000704826778) 
thrown [s\src\hotspot\share\interpreter\linkResolver.cpp, line 759]
Event: 5.925 Thread 0x000001ec7e8560a0 Exception <a 'java/lang/NoSuchMethodError'{0x0000000704e9ea78}: 'java.lang.Object java.lang.invoke.DirectMethodHandle$Holder.newInvokeSpecial(java.lang.Object, int, java.lang.Object)'> (0x0000000704e9ea78) 
thrown [s\src\hotspot\share\interpreter\linkResolver.cpp, line 759]

VM Operations (20 events):
Event: 51.631 Executing VM operation: G1CollectForAllocation
Event: 51.633 Executing VM operation: G1CollectForAllocation done
Event: 54.648 Executing VM operation: Cleanup
Event: 54.648 Executing VM operation: Cleanup done
Event: 59.183 Executing VM operation: HandshakeAllThreads
Event: 59.183 Executing VM operation: HandshakeAllThreads done
Event: 59.183 Executing VM operation: Cleanup
Event: 59.183 Executing VM operation: Cleanup done
Event: 60.198 Executing VM operation: Cleanup
Event: 60.198 Executing VM operation: Cleanup done
Event: 61.202 Executing VM operation: Cleanup
Event: 61.202 Executing VM operation: Cleanup done
Event: 61.472 Executing VM operation: G1CollectFull
Event: 61.500 Executing VM operation: G1CollectFull done
Event: 62.962 Executing VM operation: HandshakeAllThreads
Event: 62.962 Executing VM operation: HandshakeAllThreads done
Event: 70.019 Executing VM operation: Cleanup
Event: 70.019 Executing VM operation: Cleanup done
Event: 71.034 Executing VM operation: Cleanup
Event: 71.034 Executing VM operation: Cleanup done

Events (20 events):
Event: 72.949 loading class jdk/internal/misc/Signal$1 done
Event: 72.949 Thread 0x000001ec7ecd36e0 Thread added: 0x000001ec7ecd36e0
Event: 72.949 Thread 0x000001ec7eccdb70 Thread added: 0x000001ec7eccdb70
Event: 72.949 Thread 0x000001ec7ecce9e0 Thread added: 0x000001ec7ecce9e0
Event: 72.949 Thread 0x000001ec7ecce040 Thread added: 0x000001ec7ecce040
Event: 72.950 Thread 0x000001ec7ecd23a0 Thread added: 0x000001ec7ecd23a0
Event: 72.950 Thread 0x000001ec7eccd1d0 Thread added: 0x000001ec7eccd1d0
Event: 72.952 Thread 0x000001ec7eccd1d0 Thread exited: 0x000001ec7eccd1d0
Event: 72.958 Thread 0x000001ec7e4ff6e0 Thread exited: 0x000001ec7e4ff6e0
Event: 72.977 loading class java/lang/Throwable$WrappedPrintStream
Event: 72.977 loading class java/lang/Throwable$PrintStreamOrWriter
Event: 72.977 loading class java/lang/Throwable$PrintStreamOrWriter done
Event: 72.977 loading class java/lang/Throwable$WrappedPrintStream done
Event: 72.978 loading class java/lang/StackTraceElement$HashedModules
Event: 72.978 loading class java/lang/StackTraceElement$HashedModules done
Event: 72.978 Thread 0x000001ec7ecce9e0 Thread exited: 0x000001ec7ecce9e0
Event: 72.980 Thread 0x000001ec7ecd23a0 Thread exited: 0x000001ec7ecd23a0
Event: 72.980 Thread 0x000001ec15322f50 Thread exited: 0x000001ec15322f50
Event: 72.980 Thread 0x000001ec7effaea0 Thread exited: 0x000001ec7effaea0
Event: 72.980 Thread 0x000001ec7eccdb70 Thread exited: 0x000001ec7eccdb70


Dynamic libraries:
0x00007ff7eeda0000 - 0x00007ff7eedad000 	C:\Users\HP\.jdks\corretto-17.0.7\bin\java.exe
0x00007ffee9b50000 - 0x00007ffee9d48000 	C:\Windows\SYSTEM32\ntdll.dll
0x00007ffee90d0000 - 0x00007ffee918f000 	C:\Windows\System32\KERNEL32.DLL
0x00007ffee7790000 - 0x00007ffee7a86000 	C:\Windows\System32\KERNELBASE.dll
0x00007ffee7410000 - 0x00007ffee7510000 	C:\Windows\System32\ucrtbase.dll
0x00007ffeced70000 - 0x00007ffeced85000 	C:\Users\HP\.jdks\corretto-17.0.7\bin\VCRUNTIME140.dll
0x00007ffedbcc0000 - 0x00007ffedbcd7000 	C:\Users\HP\.jdks\corretto-17.0.7\bin\jli.dll
0x00007ffee9970000 - 0x00007ffee9b0d000 	C:\Windows\System32\USER32.dll
0x00007ffecd150000 - 0x00007ffecd3ea000 	C:\Windows\WinSxS\amd64_microsoft.windows.common-controls_6595b64144ccf1df_6.0.19041.1110_none_60b5254171f9507e\COMCTL32.dll
0x00007ffee76c0000 - 0x00007ffee76e2000 	C:\Windows\System32\win32u.dll
0x00007ffee8310000 - 0x00007ffee83ae000 	C:\Windows\System32\msvcrt.dll
0x00007ffee90a0000 - 0x00007ffee90cc000 	C:\Windows\System32\GDI32.dll
0x00007ffee7a90000 - 0x00007ffee7ba5000 	C:\Windows\System32\gdi32full.dll
0x00007ffee72c0000 - 0x00007ffee735d000 	C:\Windows\System32\msvcp_win.dll
0x00007ffee8600000 - 0x00007ffee8630000 	C:\Windows\System32\IMM32.DLL
0x00007ffec1e20000 - 0x00007ffec1ebb000 	C:\Users\HP\.jdks\corretto-17.0.7\bin\msvcp140.dll
0x00007ffea5510000 - 0x00007ffea612a000 	C:\Users\HP\.jdks\corretto-17.0.7\bin\server\jvm.dll
0x00007ffee8630000 - 0x00007ffee86df000 	C:\Windows\System32\ADVAPI32.dll
0x00007ffee8560000 - 0x00007ffee85fc000 	C:\Windows\System32\sechost.dll
0x00007ffee7d70000 - 0x00007ffee7e96000 	C:\Windows\System32\RPCRT4.dll
0x00007ffee0fa0000 - 0x00007ffee0fa9000 	C:\Windows\SYSTEM32\WSOCK32.dll
0x00007ffecca00000 - 0x00007ffecca27000 	C:\Windows\SYSTEM32\WINMM.dll
0x00007ffedb320000 - 0x00007ffedb32a000 	C:\Windows\SYSTEM32\VERSION.dll
0x00007ffee8e70000 - 0x00007ffee8edb000 	C:\Windows\System32\WS2_32.dll
0x00007ffee5a20000 - 0x00007ffee5a32000 	C:\Windows\SYSTEM32\kernel.appcore.dll
0x00007ffedf290000 - 0x00007ffedf29a000 	C:\Users\HP\.jdks\corretto-17.0.7\bin\jimage.dll
0x00007ffee1f40000 - 0x00007ffee2124000 	C:\Windows\SYSTEM32\DBGHELP.DLL
0x00007ffecec70000 - 0x00007ffececa4000 	C:\Windows\SYSTEM32\dbgcore.DLL
0x00007ffee7230000 - 0x00007ffee72b2000 	C:\Windows\System32\bcryptPrimitives.dll
0x00007ffedf230000 - 0x00007ffedf23e000 	C:\Users\HP\.jdks\corretto-17.0.7\bin\instrument.dll
0x00007ffeca980000 - 0x00007ffeca9a5000 	C:\Users\HP\.jdks\corretto-17.0.7\bin\java.dll
0x00007ffebaa40000 - 0x00007ffebab16000 	C:\Users\HP\.jdks\corretto-17.0.7\bin\jsvml.dll
0x00007ffee9190000 - 0x00007ffee98d4000 	C:\Windows\System32\SHELL32.dll
0x00007ffee2130000 - 0x00007ffee28c4000 	C:\Windows\SYSTEM32\windows.storage.dll
0x00007ffee8890000 - 0x00007ffee8be4000 	C:\Windows\System32\combase.dll
0x00007ffee6ab0000 - 0x00007ffee6ade000 	C:\Windows\SYSTEM32\Wldp.dll
0x00007ffee8f90000 - 0x00007ffee903d000 	C:\Windows\System32\SHCORE.dll
0x00007ffee9040000 - 0x00007ffee9095000 	C:\Windows\System32\shlwapi.dll
0x00007ffee7160000 - 0x00007ffee7185000 	C:\Windows\SYSTEM32\profapi.dll
0x00007ffec7110000 - 0x00007ffec7128000 	C:\Users\HP\.jdks\corretto-17.0.7\bin\zip.dll
0x00007ffeca7f0000 - 0x00007ffeca809000 	C:\Users\HP\.jdks\corretto-17.0.7\bin\net.dll
0x00007ffed8570000 - 0x00007ffed867a000 	C:\Windows\SYSTEM32\WINHTTP.dll
0x00007ffee6890000 - 0x00007ffee68fa000 	C:\Windows\system32\mswsock.dll
0x00007ffec73c0000 - 0x00007ffec73d5000 	C:\Users\HP\.jdks\corretto-17.0.7\bin\nio.dll
0x00007ffedd130000 - 0x00007ffedd14a000 	C:\Program Files\JetBrains\IntelliJ IDEA Community Edition 2021.3.2\bin\breakgen64.dll
0x00007ffea9440000 - 0x00007ffea95e9000 	C:\Users\HP\.jdks\corretto-17.0.7\bin\awt.dll
0x00007ffee87c0000 - 0x00007ffee888d000 	C:\Windows\System32\OLEAUT32.dll
0x00007ffee0ec0000 - 0x00007ffee0f51000 	C:\Windows\SYSTEM32\apphelp.dll
0x00007ffee1180000 - 0x00007ffee121e000 	C:\Windows\system32\uxtheme.dll
0x00007ffee8440000 - 0x00007ffee8554000 	C:\Windows\System32\MSCTF.dll
0x00007ffee8c00000 - 0x00007ffee8d2a000 	C:\Windows\System32\ole32.dll
0x00007ffee1320000 - 0x00007ffee134f000 	C:\Windows\system32\DWMAPI.DLL
0x00007ffeb5d50000 - 0x00007ffeb5e75000 	C:\Windows\system32\opengl32.dll
0x00007ffeb67f0000 - 0x00007ffeb681c000 	C:\Windows\SYSTEM32\GLU32.dll
0x00007ffee6af0000 - 0x00007ffee6b08000 	C:\Windows\SYSTEM32\CRYPTSP.dll
0x00007ffee61d0000 - 0x00007ffee6204000 	C:\Windows\system32\rsaenh.dll
0x00007ffee7760000 - 0x00007ffee7787000 	C:\Windows\System32\bcrypt.dll
0x00007ffee7120000 - 0x00007ffee714e000 	C:\Windows\SYSTEM32\USERENV.dll
0x00007ffee6a20000 - 0x00007ffee6a2c000 	C:\Windows\SYSTEM32\CRYPTBASE.dll
0x00007ffee65a0000 - 0x00007ffee65dc000 	C:\Windows\SYSTEM32\IPHLPAPI.DLL
0x00007ffee7d60000 - 0x00007ffee7d68000 	C:\Windows\System32\NSI.dll
0x00007ffeda430000 - 0x00007ffeda447000 	C:\Windows\SYSTEM32\dhcpcsvc6.DLL
0x00007ffed8d80000 - 0x00007ffed8d9d000 	C:\Windows\SYSTEM32\dhcpcsvc.DLL
0x00007ffee65e0000 - 0x00007ffee66aa000 	C:\Windows\SYSTEM32\DNSAPI.dll
0x00007ffe9d3a0000 - 0x00007ffe9e3ec000 	C:\Users\HP\.skiko\0de0d8dd8554d9bb66cfca3837db6514ff9b71080e998917280a3b777460a416\skiko-windows-x64.dll
0x00007ffeba3d0000 - 0x00007ffeba453000 	C:\Users\HP\.jdks\corretto-17.0.7\bin\freetype.dll
0x00007ffeb9a50000 - 0x00007ffeb9b12000 	C:\Users\HP\.jdks\corretto-17.0.7\bin\fontmanager.dll
0x00007ffedd5a0000 - 0x00007ffedd5a7000 	C:\Users\HP\.jdks\corretto-17.0.7\bin\jawt.dll
0x00007ffee5a90000 - 0x00007ffee5b83000 	C:\Windows\SYSTEM32\Dxgi.dll
0x00007ffedc060000 - 0x00007ffedc080000 	C:\Windows\SYSTEM32\D3D12.dll
0x00007ffea4fe0000 - 0x00007ffea51ad000 	C:\Windows\SYSTEM32\D3D12Core.dll
0x00007ffeda9e0000 - 0x00007ffedaa1b000 	C:\Windows\SYSTEM32\dxcore.dll
0x00007ffee7670000 - 0x00007ffee76be000 	C:\Windows\System32\cfgmgr32.dll
0x00007ffed4390000 - 0x00007ffed6fa9000 	C:\Windows\System32\DriverStore\FileRepository\igdlh64.inf_amd64_e6daaea9afe1e6f6\igc64.dll
0x00007ffe72ab0000 - 0x00007ffe73f83000 	C:\Windows\System32\DriverStore\FileRepository\igdlh64.inf_amd64_e6daaea9afe1e6f6\igd12umd64.dll
0x00007ffeda000000 - 0x00007ffeda257000 	C:\Windows\System32\DriverStore\FileRepository\igdlh64.inf_amd64_e6daaea9afe1e6f6\igdgmm64.dll
0x00007ffea2920000 - 0x00007ffea2d2b000 	C:\Windows\System32\DriverStore\FileRepository\igdlh64.inf_amd64_e6daaea9afe1e6f6\igdml64.dll
0x00007ffedb7a0000 - 0x00007ffedb7cb000 	C:\Windows\SYSTEM32\D3DSCache.dll
0x00007ffe51780000 - 0x00007ffe55f82000 	C:\Windows\System32\DriverStore\FileRepository\igdlh64.inf_amd64_e6daaea9afe1e6f6\igd12dxva64.dll
0x00007ffee7ea0000 - 0x00007ffee830e000 	C:\Windows\System32\SETUPAPI.dll
0x00007ffe96bf0000 - 0x00007ffe96c17000 	C:\Windows\System32\DriverStore\FileRepository\igdlh64.inf_amd64_e6daaea9afe1e6f6\igdinfo64.dll
0x00007ffeddf50000 - 0x00007ffede157000 	C:\Windows\SYSTEM32\twinapi.appcore.dll
0x00007ffee8ee0000 - 0x00007ffee8f89000 	C:\Windows\System32\clbcatq.dll
0x00007ffe744c0000 - 0x00007ffe75492000 	C:\Windows\System32\DriverStore\FileRepository\igdlh64.inf_amd64_e6daaea9afe1e6f6\ig9icd64.dll
0x00007ffee7090000 - 0x00007ffee70db000 	C:\Windows\SYSTEM32\powrprof.dll
0x00007ffee7070000 - 0x00007ffee7082000 	C:\Windows\SYSTEM32\UMPDC.dll
0x00007ffed2250000 - 0x00007ffed24cf000 	C:\Windows\SYSTEM32\dwrite.dll
0x00007ffed3ec0000 - 0x00007ffed3fb9000 	C:\Windows\SYSTEM32\textinputframework.dll
0x00007ffee0b40000 - 0x00007ffee0c32000 	C:\Windows\System32\CoreMessaging.dll
0x00007ffee0460000 - 0x00007ffee07be000 	C:\Windows\System32\CoreUIComponents.dll
0x00007ffee62f0000 - 0x00007ffee6323000 	C:\Windows\SYSTEM32\ntmarta.dll
0x00007ffedf450000 - 0x00007ffedf5a4000 	C:\Windows\SYSTEM32\wintypes.dll
0x00007ffe60f60000 - 0x00007ffe61812000 	C:\Users\HP\AppData\Local\io-realm-kotlin\f7113120ba00ba1ff91d696eecd3919e85a4e34e\realmc.dll
0x00007ffee7510000 - 0x00007ffee766e000 	C:\Windows\System32\CRYPT32.dll

dbghelp: loaded successfully - version: 4.0.5 - missing functions: none
symbol engine: initialized successfully - sym options: 0x614 - pdb path: .;C:\Users\HP\.jdks\corretto-17.0.7\bin;C:\Windows\SYSTEM32;C:\Windows\WinSxS\amd64_microsoft.windows.common-controls_6595b64144ccf1df_6.0.19041.1110_none_60b5254171f9507e;C:\Users\HP\.jdks\corretto-17.0.7\bin\server;C:\Program Files\JetBrains\IntelliJ IDEA Community Edition 2021.3.2\bin;C:\Users\HP\.skiko\0de0d8dd8554d9bb66cfca3837db6514ff9b71080e998917280a3b777460a416;C:\Windows\System32\DriverStore\FileRepository\igdlh64.inf_amd64_e6daaea9afe1e6f6;C:\Users\HP\AppData\Local\io-realm-kotlin\f7113120ba00ba1ff91d696eecd3919e85a4e34e

VM Arguments:
jvm_args: -Djava.library.path=C:\Users\HP\Desktop\newderar\build\classes\kotlin\jvm\main;C:\Users\HP\Desktop\newderar\build\processedResources\jvm\main -javaagent:C:\Program Files\JetBrains\IntelliJ IDEA Community Edition 2021.3.2\lib\idea_rt.jar=52583:C:\Program Files\JetBrains\IntelliJ IDEA Community Edition 2021.3.2\bin -Dfile.encoding=UTF-8 
java_command: MainKt
java_class_path (initial): C:\Users\HP\Desktop\newderar\build\classes\kotlin\jvm\main;C:\Users\HP\Desktop\newderar\build\processedResources\jvm\main;C:\Users\HP\.gradle\caches\modules-2\files-2.1\io.insert-koin\koin-androidx-compose\3.4.5\ae0a88b7a68d507e651c5a3d70a541594bea54cb\koin-androidx-compose-3.4.5.aar;C:\Users\HP\.gradle\caches\modules-2\files-2.1\androidx.navigation\navigation-compose\2.6.0\3f8ce7b0bad21cced0c47b42b6347c65a6e422c3\navigation-compose-2.6.0.aar;C:\Users\HP\.gradle\caches\modules-2\files-2.1\org.jetbrains.kotlin\kotlin-stdlib-jdk8\1.8.21\67f57e154437cd9e6e9cf368394b95814836ff88\kotlin-stdlib-jdk8-1.8.21.jar;C:\Users\HP\.gradle\caches\modules-2\files-2.1\org.apache.poi\poi-ooxml\4.1.2\87d9a22aa9a7dd26e80c360e709f7ee02e32ab3b\poi-ooxml-4.1.2.jar;C:\Users\HP\.gradle\caches\modules-2\files-2.1\org.apache.poi\poi\4.1.2\964bf41cf68bce08e4ef6b2279b559fdf8d454f4\poi-4.1.2.jar;C:\Users\HP\.gradle\caches\modules-2\files-2.1\org.lwjgl\lwjgl-nfd\3.3.1\622318116996ddcff449b46cb38f0fdee39b8ac3\lwjgl-nfd-3.3.1.jar;C:\Users\HP\.gradle\caches\modules-2\files-2.1\org.lwjgl\lwjgl-nfd\3.3.1\2e007667e04ed3281152ae5c6e677fb1c2211691\lwjgl-nfd-3.3.1-natives-linux.jar;C:\Users\HP\.gradle\caches\modules-2\files-2.1\org.lwjgl\lwjgl\3.3.1\ae58664f88e18a9bb2c77b063833ca7aaec484cb\lwjgl-3.3.1.jar;C:\Users\HP\.gradle\caches\modules-2\files-2.1\io.insert-koin\koin-android\3.4.0\48715fbe06102a59a30bd45b06ed2400c16c6f45\koin-android-3.4.0.aar;C:\Users\HP\.gradle\caches\modules-2\files-2.1\org.lwjgl\lwjgl-nfd\3.3.1\b3e04e317f55dd738d8a345cdafd15b39f85a2ea\lwjgl-nfd-3.3.1-natives-linux-arm32.jar;C:\Users\HP\.gradle\caches\modules-2\files-2.1\androidx.lifecycle\lifecycle-viewmodel-compose\2.6.1\38cf3bb65ff3e0e5c3d63de2ebf5411d0898108c\lifecycle-viewmodel-compose-2.6.1.aar;C:\Users\HP\.gradle\caches\modules-2\files-2.1\org.lwjgl\lwjgl-nfd\3.3.1\f41dc62336f7ee4ab35705cfa440cc903d199165\lwjgl-nfd-3.3.1-natives-linux-arm64.jar;C:\Users\HP\.gradle\caches\modules-2\files-2.1\androi
Launcher Type: SUN_STANDARD

[Global flags]
     intx CICompilerCount                          = 3                                         {product} {ergonomic}
     uint ConcGCThreads                            = 1                                         {product} {ergonomic}
     uint G1ConcRefinementThreads                  = 4                                         {product} {ergonomic}
   size_t G1HeapRegionSize                         = 2097152                                   {product} {ergonomic}
    uintx GCDrainStackTargetSize                   = 64                                        {product} {ergonomic}
   size_t InitialHeapSize                          = 266338304                                 {product} {ergonomic}
   size_t MarkStackSize                            = 4194304                                   {product} {ergonomic}
   size_t MaxHeapSize                              = 4255121408                                {product} {ergonomic}
   size_t MaxNewSize                               = 2552233984                                {product} {ergonomic}
   size_t MinHeapDeltaBytes                        = 2097152                                   {product} {ergonomic}
   size_t MinHeapSize                              = 8388608                                   {product} {ergonomic}
    uintx NonNMethodCodeHeapSize                   = 5832780                                {pd product} {ergonomic}
    uintx NonProfiledCodeHeapSize                  = 122912730                              {pd product} {ergonomic}
    uintx ProfiledCodeHeapSize                     = 122912730                              {pd product} {ergonomic}
    uintx ReservedCodeCacheSize                    = 251658240                              {pd product} {ergonomic}
     bool SegmentedCodeCache                       = true                                      {product} {ergonomic}
   size_t SoftMaxHeapSize                          = 4255121408                             {manageable} {ergonomic}
     bool UseCompressedClassPointers               = true                           {product lp64_product} {ergonomic}
     bool UseCompressedOops                        = true                           {product lp64_product} {ergonomic}
     bool UseG1GC                                  = true                                      {product} {ergonomic}
     bool UseLargePagesIndividualAllocation        = false                                  {pd product} {ergonomic}

Logging:
Log output configuration:
 #0: stdout all=warning uptime,level,tags
 #1: stderr all=off uptime,level,tags

Environment Variables:
PATH=C:\Program Files\Common Files\Oracle\Java\javapath;C:\Program Files (x86)\Common Files\Oracle\Java\javapath;C:\Windows\system32;C:\Windows;C:\Windows\System32\Wbem;C:\Windows\System32\WindowsPowerShell\v1.0\;C:\Windows\System32\OpenSSH\;C:\xampp\php;C:\ProgramData\ComposerSetup\bin;C:\Program Files\nodejs\;C:\Program Files (x86)\Intel\Intel(R) Management Engine Components\DAL;C:\Program Files\Intel\Intel(R) Management Engine Components\DAL;C:\Program Files\Git\cmd;C:\Program Files\Fortect;C:\Users\HP\AppData\Local\Microsoft\WindowsApps;C:\Program Files\JetBrains\IntelliJ IDEA Community Edition 2021.3.2\bin;C:\Users\HP\AppData\Local\Programs\Microsoft VS Code\bin;C:\Users\HP\AppData\Local\JetBrains\Toolbox\scripts;C:\Users\HP\AppData\Local\GitHubDesktop\bin;C:\Users\HP\Desktop\camp\flutter_windows_3.7.6-stable\flutter\bin;C:\Users\HP\AppData\Roaming\Composer\vendor\bin;C:\Users\HP\AppData\Roaming\npm
USERNAME=HP
OS=Windows_NT
PROCESSOR_IDENTIFIER=Intel64 Family 6 Model 142 Stepping 9, GenuineIntel
TMP=C:\Users\HP\AppData\Local\Temp
TEMP=C:\Users\HP\AppData\Local\Temp



---------------  S Y S T E M  ---------------

OS:
 Windows 10 , 64 bit Build 19041 (10.0.19041.3155)
OS uptime: 2 days 13:52 hours
Hyper-V role detected

CPU: total 4 (initial active 4) (2 cores per cpu, 2 threads per core) family 6 model 142 stepping 9 microcode 0xf2, cx8, cmov, fxsr, ht, mmx, 3dnowpref, sse, sse2, sse3, ssse3, sse4.1, sse4.2, popcnt, lzcnt, tsc, tscinvbit, avx, avx2, aes, erms, clmul, bmi1, bmi2, rtm, adx, fma, vzeroupper, clflush, clflushopt, hv

Memory: 4k page, system-wide physical 16224M (5447M free)
TotalPageFile size 32096M (AvailPageFile size 19714M)
current process WorkingSet (physical memory assigned to process): 277M, peak: 329M
current process commit charge ("private bytes"): 292M, peak: 434M

vm_info: OpenJDK 64-Bit Server VM (17.0.7+7-LTS) for windows-amd64 JRE (17.0.7+7-LTS), built on Apr 14 2023 01:39:21 by "Administrator" with MS VC++ 15.9 (VS2017)

END.
