#
# A fatal error has been detected by the Java Runtime Environment:
#
#  EXCEPTION_ACCESS_VIOLATION (0xc0000005) at pc=0x00007ffe74e7ebe3, pid=3920, tid=18108
#
# JRE version: OpenJDK Runtime Environment Corretto-17.0.7.7.1 (17.0.7+7) (build 17.0.7+7-LTS)
# Java VM: OpenJDK 64-Bit Server VM Corretto-17.0.7.7.1 (17.0.7+7-LTS, mixed mode, sharing, tiered, compressed oops, compressed class ptrs, g1 gc, windows-amd64)
# Problematic frame:
# C  [ig9icd64.dll+0x9bebe3]
#
# No core dump will be written. Minidumps are not enabled by default on client versions of Windows
#
# If you would like to submit a bug report, please visit:
#   https://github.com/corretto/corretto-17/issues/
# The crash happened outside the Java Virtual Machine in native code.
# See problematic frame for where to report the bug.
#

---------------  S U M M A R Y ------------

Command Line: -Djava.library.path=C:\Users\HP\Desktop\newderar\build\classes\kotlin\jvm\main;C:\Users\HP\Desktop\newderar\build\processedResources\jvm\main -javaagent:C:\Program Files\JetBrains\IntelliJ IDEA Community Edition 2021.3.2\lib\idea_rt.jar=50264:C:\Program Files\JetBrains\IntelliJ IDEA Community Edition 2021.3.2\bin -Dfile.encoding=UTF-8 MainKt

Host: Intel(R) Core(TM) i5-7300U CPU @ 2.60GHz, 4 cores, 15G,  Windows 10 , 64 bit Build 19041 (10.0.19041.3155)
Time: Sat Jul  8 23:23:28 2023 Libya Standard Time elapsed time: 60.727010 seconds (0d 0h 1m 0s)

---------------  T H R E A D  ---------------

Current thread (0x000002a27d6cc690):  JavaThread "AWT-EventQueue-0" [_thread_in_native, id=18108, stack(0x000000dddea00000,0x000000dddeb00000)]

Stack: [0x000000dddea00000,0x000000dddeb00000],  sp=0x000000dddeafcb18,  free space=1010k
Native frames: (J=compiled Java code, j=interpreted, Vv=VM code, C=native code)
C  [ig9icd64.dll+0x9bebe3]

Java frames: (J=compiled Java code, j=interpreted, Vv=VM code)
J 4961  org.jetbrains.skia.DirectContextKt.DirectContext_nFlush(J)V (0 bytes) @ 0x000002a26539d0e9 [0x000002a26539d0a0+0x0000000000000049]
J 5453 c2 org.jetbrains.skiko.redrawer.WindowsOpenGLRedrawer$Companion$frameDispatcher$1.invokeSuspend(Ljava/lang/Object;)Ljava/lang/Object; (379 bytes) @ 0x000002a2654a7e40 [0x000002a2654a6920+0x0000000000001520]
J 5451 c2 org.jetbrains.skiko.FrameDispatcher$job$1.invokeSuspend(Ljava/lang/Object;)Ljava/lang/Object; (156 bytes) @ 0x000002a2654a3970 [0x000002a2654a3720+0x0000000000000250]
J 4874 c2 kotlin.coroutines.jvm.internal.BaseContinuationImpl.resumeWith(Ljava/lang/Object;)V (128 bytes) @ 0x000002a265382400 [0x000002a2653823a0+0x0000000000000060]
J 4935 c2 kotlinx.coroutines.DispatchedTask.run()V (571 bytes) @ 0x000002a2653990f0 [0x000002a265398d40+0x00000000000003b0]
J 5211 c2 java.awt.EventQueue.dispatchEvent(Ljava/awt/AWTEvent;)V java.desktop@17.0.7 (80 bytes) @ 0x000002a2654024a0 [0x000002a265401e60+0x0000000000000640]
J 5259 c2 java.awt.EventDispatchThread.pumpOneEventForFilters(I)V java.desktop@17.0.7 (113 bytes) @ 0x000002a2654347ac [0x000002a2654340c0+0x00000000000006ec]
j  java.awt.EventDispatchThread.pumpEventsForFilter(ILjava/awt/Conditional;Ljava/awt/EventFilter;)V+35 java.desktop@17.0.7
j  java.awt.EventDispatchThread.pumpEventsForHierarchy(ILjava/awt/Conditional;Ljava/awt/Component;)V+11 java.desktop@17.0.7
j  java.awt.EventDispatchThread.pumpEvents(ILjava/awt/Conditional;)V+4 java.desktop@17.0.7
j  java.awt.EventDispatchThread.pumpEvents(Ljava/awt/Conditional;)V+3 java.desktop@17.0.7
j  java.awt.EventDispatchThread.run()V+9 java.desktop@17.0.7
v  ~StubRoutines::call_stub

siginfo: EXCEPTION_ACCESS_VIOLATION (0xc0000005), reading address 0xffffffffffffffff


Register to memory mapping:

RIP=0x00007ffe74e7ebe3 ig9icd64.dll
RAX=0x000000000fff0fff is an unknown value
RBX=0x00007ffe744c0000 ig9icd64.dll
RCX=0x000000033fcf3fcc is an unknown value
RDX=0x000000dddeafd030 is pointing into the stack for thread: 0x000002a27d6cc690
RSP=0x000000dddeafcb18 is pointing into the stack for thread: 0x000002a27d6cc690
RBP=0x000000dddeafcc20 is pointing into the stack for thread: 0x000002a27d6cc690
RSI=0x000002a27e1d3fc0 points into unknown readable memory: 0x000002a27e19acc0 | c0 ac 19 7e a2 02 00 00
RDI=0x000000dddeafce20 is pointing into the stack for thread: 0x000002a27d6cc690
R8 =0x000000dddeafcc50 is pointing into the stack for thread: 0x000002a27d6cc690
R9 =0x000000dddeafd030 is pointing into the stack for thread: 0x000002a27d6cc690
R10=0x000000dddeafce20 is pointing into the stack for thread: 0x000002a27d6cc690
R11=0x0 is NULL
R12=0x00007ffe752f15e0 ig9icd64.dll
R13=0x0 is NULL
R14=0x0 is NULL
R15=0x00000000000001c1 is an unknown value


Registers:
RAX=0x000000000fff0fff, RBX=0x00007ffe744c0000, RCX=0x000000033fcf3fcc, RDX=0x000000dddeafd030
RSP=0x000000dddeafcb18, RBP=0x000000dddeafcc20, RSI=0x000002a27e1d3fc0, RDI=0x000000dddeafce20
R8 =0x000000dddeafcc50, R9 =0x000000dddeafd030, R10=0x000000dddeafce20, R11=0x0000000000000000
R12=0x00007ffe752f15e0, R13=0x0000000000000000, R14=0x0000000000000000, R15=0x00000000000001c1
RIP=0x00007ffe74e7ebe3, EFLAGS=0x0000000000010206

Top of Stack: (sp=0x000000dddeafcb18)
0x000000dddeafcb18:   00007ffe74e7c31b 0000000000000001
0x000000dddeafcb28:   0000000000000000 000002a201404800
0x000000dddeafcb38:   00007ffeda002622 000000dd00000065
0x000000dddeafcb48:   000000dddeafcd50 0000000000000000
0x000000dddeafcb58:   000002a201751c10 0000000000000000
0x000000dddeafcb68:   000002a2009c8010 000002a2014048b0
0x000000dddeafcb78:   0000000000001100 0000000000000000
0x000000dddeafcb88:   0000000000000000 000000dddeafcd00
0x000000dddeafcb98:   00007ffe74b179c0 0000000000000000
0x000000dddeafcba8:   0000000000000000 0000000000000000
0x000000dddeafcbb8:   0000000000000000 0000503aac0dc237
0x000000dddeafcbc8:   00007ffe744d6555 000002a2014048b0
0x000000dddeafcbd8:   0000000000004001 0000000000000000
0x000000dddeafcbe8:   00007ffee9b7b86b 00000000004b0280
0x000000dddeafcbf8:   000000000000002f 000002a2081636a0
0x000000dddeafcc08:   0000000000000000 0000000000000000 

Instructions: (pc=0x00007ffe74e7ebe3)
0x00007ffe74e7eae3:   c1 75 31 00 48 89 51 08 48 89 01 8b 44 24 28 89
0x00007ffe74e7eaf3:   41 20 8b 44 24 30 89 41 24 48 8b c1 4c 89 41 10
0x00007ffe74e7eb03:   4c 89 49 18 c3 cc cc cc cc cc cc cc cc 48 89 5c
0x00007ffe74e7eb13:   24 08 8b 41 5c 48 8d 1d e1 14 64 ff 41 89 40 08
0x00007ffe74e7eb23:   4c 8b d1 8b 41 60 45 33 db 41 89 40 0c 4c 8b ca
0x00007ffe74e7eb33:   8b 41 64 41 89 40 10 8b 41 68 41 89 40 14 8b 41
0x00007ffe74e7eb43:   6c 41 89 40 18 8b 41 70 41 89 40 1c 48 63 41 74
0x00007ffe74e7eb53:   48 6b c8 34 8b 84 19 44 d1 ee 00 41 89 40 20 8b
0x00007ffe74e7eb63:   84 19 48 d1 ee 00 41 89 40 24 8b 84 19 4c d1 ee
0x00007ffe74e7eb73:   00 41 89 40 28 8b 84 19 50 d1 ee 00 41 89 40 2c
0x00007ffe74e7eb83:   8b 84 19 34 d1 ee 00 41 89 40 30 8b 84 19 38 d1
0x00007ffe74e7eb93:   ee 00 41 89 40 34 8b 84 19 3c d1 ee 00 41 89 40
0x00007ffe74e7eba3:   38 8b 84 19 40 d1 ee 00 41 89 40 3c 8b 84 19 24
0x00007ffe74e7ebb3:   d1 ee 00 41 89 40 40 8b 84 19 28 d1 ee 00 41 89
0x00007ffe74e7ebc3:   40 44 8b 84 19 2c d1 ee 00 41 89 40 48 8b 84 19
0x00007ffe74e7ebd3:   30 d1 ee 00 41 89 40 4c 49 63 42 78 48 6b c8 34
0x00007ffe74e7ebe3:   8b 84 19 44 d1 ee 00 41 89 40 50 8b 84 19 48 d1
0x00007ffe74e7ebf3:   ee 00 41 89 40 54 8b 84 19 4c d1 ee 00 41 89 40
0x00007ffe74e7ec03:   58 8b 84 19 50 d1 ee 00 41 89 40 5c 8b 84 19 34
0x00007ffe74e7ec13:   d1 ee 00 41 89 40 60 8b 84 19 38 d1 ee 00 41 89
0x00007ffe74e7ec23:   40 64 8b 84 19 3c d1 ee 00 41 89 40 68 8b 84 19
0x00007ffe74e7ec33:   40 d1 ee 00 41 89 40 6c 8b 84 19 24 d1 ee 00 41
0x00007ffe74e7ec43:   89 40 70 8b 84 19 28 d1 ee 00 41 89 40 74 8b 84
0x00007ffe74e7ec53:   19 2c d1 ee 00 41 89 40 78 8b 84 19 30 d1 ee 00
0x00007ffe74e7ec63:   41 89 40 7c 48 8b 42 18 8b 88 38 0b 00 00 f6 c1
0x00007ffe74e7ec73:   08 0f 84 86 00 00 00 8b 80 3c 0b 00 00 41 89 80
0x00007ffe74e7ec83:   80 00 00 00 48 8b 42 18 8b 88 40 0b 00 00 41 89
0x00007ffe74e7ec93:   88 84 00 00 00 48 8b 42 18 8b 88 44 0b 00 00 41
0x00007ffe74e7eca3:   89 88 88 00 00 00 48 8b 42 18 8b 88 48 0b 00 00
0x00007ffe74e7ecb3:   41 89 88 8c 00 00 00 48 8b 42 18 8b 88 4c 0b 00
0x00007ffe74e7ecc3:   00 41 89 88 90 00 00 00 48 8b 42 18 8b 88 50 0b
0x00007ffe74e7ecd3:   00 00 41 89 88 94 00 00 00 48 8b 42 18 8b 88 54 


Stack slot to memory mapping:
stack at sp + 0 slots: 0x00007ffe74e7c31b ig9icd64.dll
stack at sp + 1 slots: 0x0000000000000001 is an unknown value
stack at sp + 2 slots: 0x0 is NULL
stack at sp + 3 slots: 0x000002a201404800 points into unknown readable memory: 0x0000000000000000 | 00 00 00 00 00 00 00 00
stack at sp + 4 slots: 0x00007ffeda002622 igdgmm64.dll
stack at sp + 5 slots: 0x000000dd00000065 is an unknown value
stack at sp + 6 slots: 0x000000dddeafcd50 is pointing into the stack for thread: 0x000002a27d6cc690
stack at sp + 7 slots: 0x0 is NULL


---------------  P R O C E S S  ---------------

Threads class SMR info:
_java_thread_list=0x000002a20806d9e0, length=30, elements={
0x000002a254355cd0, 0x000002a278945f70, 0x000002a278946de0, 0x000002a27895bf10,
0x000002a2789609e0, 0x000002a2789634a0, 0x000002a278963e50, 0x000002a278964be0,
0x000002a278968aa0, 0x000002a278b02b00, 0x000002a278b6ee50, 0x000002a27d1e4be0,
0x000002a27d1e50b0, 0x000002a27d562420, 0x000002a27d5628f0, 0x000002a27d317410,
0x000002a27d6cc690, 0x000002a27d9501b0, 0x000002a27d950680, 0x000002a27de8c390,
0x000002a27de8bec0, 0x000002a27de8ab80, 0x000002a27de8b9f0, 0x000002a27de89840,
0x000002a20883ea30, 0x000002a20883e560, 0x000002a20883c3b0, 0x000002a20883cd50,
0x000002a27d1888d0, 0x000002a27d188da0
}

Java Threads: ( => current thread )
  0x000002a254355cd0 JavaThread "main" [_thread_blocked, id=7480, stack(0x000000dddd900000,0x000000dddda00000)]
  0x000002a278945f70 JavaThread "Reference Handler" daemon [_thread_blocked, id=18924, stack(0x000000ddde000000,0x000000ddde100000)]
  0x000002a278946de0 JavaThread "Finalizer" daemon [_thread_blocked, id=12216, stack(0x000000ddde100000,0x000000ddde200000)]
  0x000002a27895bf10 JavaThread "Signal Dispatcher" daemon [_thread_blocked, id=19464, stack(0x000000ddde200000,0x000000ddde300000)]
  0x000002a2789609e0 JavaThread "Attach Listener" daemon [_thread_blocked, id=18360, stack(0x000000ddde300000,0x000000ddde400000)]
  0x000002a2789634a0 JavaThread "Service Thread" daemon [_thread_blocked, id=16532, stack(0x000000ddde400000,0x000000ddde500000)]
  0x000002a278963e50 JavaThread "Monitor Deflation Thread" daemon [_thread_blocked, id=20544, stack(0x000000ddde500000,0x000000ddde600000)]
  0x000002a278964be0 JavaThread "C2 CompilerThread0" daemon [_thread_blocked, id=13220, stack(0x000000ddde600000,0x000000ddde700000)]
  0x000002a278968aa0 JavaThread "C1 CompilerThread0" daemon [_thread_blocked, id=14676, stack(0x000000ddde700000,0x000000ddde800000)]
  0x000002a278b02b00 JavaThread "Sweeper thread" daemon [_thread_blocked, id=20524, stack(0x000000ddde800000,0x000000ddde900000)]
  0x000002a278b6ee50 JavaThread "Common-Cleaner" daemon [_thread_blocked, id=4348, stack(0x000000ddde900000,0x000000dddea00000)]
  0x000002a27d1e4be0 JavaThread "Monitor Ctrl-Break" daemon [_thread_in_native, id=18796, stack(0x000000dddeb00000,0x000000dddec00000)]
  0x000002a27d1e50b0 JavaThread "Notification Thread" daemon [_thread_blocked, id=13688, stack(0x000000dddec00000,0x000000ddded00000)]
  0x000002a27d562420 JavaThread "Java2D Disposer" daemon [_thread_blocked, id=20192, stack(0x000000dddf100000,0x000000dddf200000)]
  0x000002a27d5628f0 JavaThread "AWT-Shutdown" [_thread_blocked, id=18696, stack(0x000000dddf200000,0x000000dddf300000)]
  0x000002a27d317410 JavaThread "AWT-Windows" daemon [_thread_in_native, id=9864, stack(0x000000dddf300000,0x000000dddf400000)]
=>0x000002a27d6cc690 JavaThread "AWT-EventQueue-0" [_thread_in_native, id=18108, stack(0x000000dddea00000,0x000000dddeb00000)]
  0x000002a27d9501b0 JavaThread "Reference Cleaner" daemon [_thread_blocked, id=1700, stack(0x000000dddf400000,0x000000dddf500000)]
  0x000002a27d950680 JavaThread "DefaultDispatcher-worker-1" daemon [_thread_blocked, id=20372, stack(0x000000dddf600000,0x000000dddf700000)]
  0x000002a27de8c390 JavaThread "DefaultDispatcher-worker-2" daemon [_thread_blocked, id=5712, stack(0x000000dddf700000,0x000000dddf800000)]
  0x000002a27de8bec0 JavaThread "DefaultDispatcher-worker-3" daemon [_thread_blocked, id=21408, stack(0x000000dddf800000,0x000000dddf900000)]
  0x000002a27de8ab80 JavaThread "kotlinx.coroutines.DefaultExecutor" daemon [_thread_blocked, id=16736, stack(0x000000dddf900000,0x000000dddfa00000)]
  0x000002a27de8b9f0 JavaThread "TimerQueue" daemon [_thread_blocked, id=18208, stack(0x000000dddfc00000,0x000000dddfd00000)]
  0x000002a27de89840 JavaThread "RealmFinalizingDaemon" daemon [_thread_blocked, id=12964, stack(0x000000dddff00000,0x000000dde0000000)]
  0x000002a20883ea30 JavaThread "core-notifier" daemon [_thread_in_native, id=3092, stack(0x000000dde0100000,0x000000dde0200000)]
  0x000002a20883e560 JavaThread "DefaultDispatcher-worker-4" daemon [_thread_blocked, id=3948, stack(0x000000dde0300000,0x000000dde0400000)]
  0x000002a20883c3b0 JavaThread "DefaultDispatcher-worker-5" daemon [_thread_blocked, id=20528, stack(0x000000dde0400000,0x000000dde0500000)]
  0x000002a20883cd50 JavaThread "DefaultDispatcher-worker-6" daemon [_thread_blocked, id=18972, stack(0x000000dde0500000,0x000000dde0600000)]
  0x000002a27d1888d0 JavaThread "SIGINT handler" daemon [_thread_blocked, id=21444, stack(0x000000dddd600000,0x000000dddd700000)]
  0x000002a27d188da0 JavaThread "ToolkitShutdown" daemon [_thread_in_native, id=1980, stack(0x000000dddd800000,0x000000dddd900000)]

Other Threads:
  0x000002a2789407d0 VMThread "VM Thread" [stack: 0x000000ddddf00000,0x000000ddde000000] [id=10636]
  0x000002a2543d78c0 WatcherThread [stack: 0x000000ddded00000,0x000000dddee00000] [id=15204]
  0x000002a2543bfe60 GCTaskThread "GC Thread#0" [stack: 0x000000dddda00000,0x000000ddddb00000] [id=10616]
  0x000002a278d541f0 GCTaskThread "GC Thread#1" [stack: 0x000000dddee00000,0x000000dddef00000] [id=18936]
  0x000002a27d45a750 GCTaskThread "GC Thread#2" [stack: 0x000000dddef00000,0x000000dddf000000] [id=13720]
  0x000002a27d45aa00 GCTaskThread "GC Thread#3" [stack: 0x000000dddf000000,0x000000dddf100000] [id=3568]
  0x000002a2543d0b30 ConcurrentGCThread "G1 Main Marker" [stack: 0x000000ddddb00000,0x000000ddddc00000] [id=17672]
  0x000002a2543d1540 ConcurrentGCThread "G1 Conc#0" [stack: 0x000000ddddc00000,0x000000ddddd00000] [id=5824]
  0x000002a2787f8100 ConcurrentGCThread "G1 Refine#0" [stack: 0x000000ddddd00000,0x000000dddde00000] [id=20652]
  0x000002a2787f8b20 ConcurrentGCThread "G1 Service" [stack: 0x000000dddde00000,0x000000ddddf00000] [id=17524]

Threads with active compile tasks:

VM state: not at safepoint (normal execution)

VM Mutex/Monitor currently owned by a thread: None

Heap address: 0x0000000702600000, size: 4058 MB, Compressed Oops mode: Zero based, Oop shift amount: 3

CDS archive(s) mapped at: [0x0000000800000000-0x0000000800bc0000-0x0000000800bc0000), size 12320768, SharedBaseAddress: 0x0000000800000000, ArchiveRelocationMode: 0.
Compressed class space mapped at: 0x0000000801000000-0x0000000841000000, reserved size: 1073741824
Narrow klass base: 0x0000000800000000, Narrow klass shift: 0, Narrow klass range: 0x100000000

GC Precious Log:
 CPUs: 4 total, 4 available
 Memory: 16224M
 Large Page Support: Disabled
 NUMA Support: Disabled
 Compressed Oops: Enabled (Zero based)
 Heap Region Size: 2M
 Heap Min Capacity: 8M
 Heap Initial Capacity: 254M
 Heap Max Capacity: 4058M
 Pre-touch: Disabled
 Parallel Workers: 4
 Concurrent Workers: 1
 Concurrent Refinement Workers: 4
 Periodic GC: Disabled

Heap:
 garbage-first heap   total 90112K, used 45119K [0x0000000702600000, 0x0000000800000000)
  region size 2048K, 12 young (24576K), 1 survivors (2048K)
 Metaspace       used 34231K, committed 34496K, reserved 1114112K
  class space    used 3718K, committed 3840K, reserved 1048576K

Heap Regions: E=young(eden), S=young(survivor), O=old, HS=humongous(starts), HC=humongous(continues), CS=collection set, F=free, OA=open archive, CA=closed archive, TAMS=top-at-mark-start (previous, next)
|   0|0x0000000702600000, 0x0000000702800000, 0x0000000702800000|100%|HS|  |TAMS 0x0000000702800000, 0x0000000702600000| Untracked 
|   1|0x0000000702800000, 0x0000000702a00000, 0x0000000702a00000|100%| O|  |TAMS 0x0000000702a00000, 0x0000000702800000| Untracked 
|   2|0x0000000702a00000, 0x0000000702c00000, 0x0000000702c00000|100%| O|  |TAMS 0x0000000702c00000, 0x0000000702a00000| Untracked 
|   3|0x0000000702c00000, 0x0000000702dff340, 0x0000000702e00000| 99%| O|  |TAMS 0x0000000702c00000, 0x0000000702c00000| Untracked 
|   4|0x0000000702e00000, 0x0000000702ffa948, 0x0000000703000000| 98%| O|  |TAMS 0x0000000702e00000, 0x0000000702e00000| Untracked 
|   5|0x0000000703000000, 0x0000000703000000, 0x0000000703200000|  0%| F|  |TAMS 0x0000000703000000, 0x0000000703000000| Untracked 
|   6|0x0000000703200000, 0x0000000703200000, 0x0000000703400000|  0%| F|  |TAMS 0x0000000703200000, 0x0000000703200000| Untracked 
|   7|0x0000000703400000, 0x0000000703400000, 0x0000000703600000|  0%| F|  |TAMS 0x0000000703400000, 0x0000000703400000| Untracked 
|   8|0x0000000703600000, 0x0000000703600000, 0x0000000703800000|  0%| F|  |TAMS 0x0000000703600000, 0x0000000703600000| Untracked 
|   9|0x0000000703800000, 0x0000000703800000, 0x0000000703a00000|  0%| F|  |TAMS 0x0000000703800000, 0x0000000703800000| Untracked 
|  10|0x0000000703a00000, 0x0000000703c00000, 0x0000000703c00000|100%| O|  |TAMS 0x0000000703c00000, 0x0000000703a00000| Untracked 
|  11|0x0000000703c00000, 0x0000000703e00000, 0x0000000703e00000|100%| O|  |TAMS 0x0000000703e00000, 0x0000000703c00000| Untracked 
|  12|0x0000000703e00000, 0x0000000703e00000, 0x0000000704000000|  0%| F|  |TAMS 0x0000000703e00000, 0x0000000703e00000| Untracked 
|  13|0x0000000704000000, 0x0000000704200000, 0x0000000704200000|100%|HS|  |TAMS 0x0000000704200000, 0x0000000704000000| Untracked 
|  14|0x0000000704200000, 0x0000000704400000, 0x0000000704400000|100%|HC|  |TAMS 0x0000000704400000, 0x0000000704200000| Untracked 
|  15|0x0000000704400000, 0x0000000704600000, 0x0000000704600000|100%|HC|  |TAMS 0x0000000704600000, 0x0000000704400000| Untracked 
|  16|0x0000000704600000, 0x0000000704800000, 0x0000000704800000|100%|HC|  |TAMS 0x0000000704800000, 0x0000000704600000| Untracked 
|  17|0x0000000704800000, 0x000000070497cd30, 0x0000000704a00000| 74%| O|  |TAMS 0x0000000704800000, 0x0000000704800000| Untracked 
|  18|0x0000000704a00000, 0x0000000704a00000, 0x0000000704c00000|  0%| F|  |TAMS 0x0000000704a00000, 0x0000000704a00000| Untracked 
|  19|0x0000000704c00000, 0x0000000704c00000, 0x0000000704e00000|  0%| F|  |TAMS 0x0000000704c00000, 0x0000000704c00000| Untracked 
|  20|0x0000000704e00000, 0x0000000704e00000, 0x0000000705000000|  0%| F|  |TAMS 0x0000000704e00000, 0x0000000704e00000| Untracked 
|  21|0x0000000705000000, 0x0000000705000000, 0x0000000705200000|  0%| F|  |TAMS 0x0000000705000000, 0x0000000705000000| Untracked 
|  22|0x0000000705200000, 0x0000000705200000, 0x0000000705400000|  0%| F|  |TAMS 0x0000000705200000, 0x0000000705200000| Untracked 
|  23|0x0000000705400000, 0x0000000705440ed8, 0x0000000705600000| 12%| O|  |TAMS 0x0000000705400000, 0x0000000705400000| Untracked 
|  24|0x0000000705600000, 0x00000007056584e0, 0x0000000705800000| 17%| S|CS|TAMS 0x0000000705600000, 0x0000000705600000| Complete 
|  25|0x0000000705800000, 0x0000000705800000, 0x0000000705a00000|  0%| F|  |TAMS 0x0000000705800000, 0x0000000705800000| Untracked 
|  26|0x0000000705a00000, 0x0000000705a00000, 0x0000000705c00000|  0%| F|  |TAMS 0x0000000705a00000, 0x0000000705a00000| Untracked 
|  27|0x0000000705c00000, 0x0000000705c00000, 0x0000000705e00000|  0%| F|  |TAMS 0x0000000705c00000, 0x0000000705c00000| Untracked 
|  28|0x0000000705e00000, 0x0000000705e00000, 0x0000000706000000|  0%| F|  |TAMS 0x0000000705e00000, 0x0000000705e00000| Untracked 
|  29|0x0000000706000000, 0x0000000706000000, 0x0000000706200000|  0%| F|  |TAMS 0x0000000706000000, 0x0000000706000000| Untracked 
|  30|0x0000000706200000, 0x0000000706200000, 0x0000000706400000|  0%| F|  |TAMS 0x0000000706200000, 0x0000000706200000| Untracked 
|  31|0x0000000706400000, 0x0000000706400000, 0x0000000706600000|  0%| F|  |TAMS 0x0000000706400000, 0x0000000706400000| Untracked 
|  32|0x0000000706600000, 0x0000000706600000, 0x0000000706800000|  0%| F|  |TAMS 0x0000000706600000, 0x0000000706600000| Untracked 
|  33|0x0000000706800000, 0x0000000706898f10, 0x0000000706a00000| 29%| E|  |TAMS 0x0000000706800000, 0x0000000706800000| Complete 
|  34|0x0000000706a00000, 0x0000000706c00000, 0x0000000706c00000|100%| E|CS|TAMS 0x0000000706a00000, 0x0000000706a00000| Complete 
|  35|0x0000000706c00000, 0x0000000706e00000, 0x0000000706e00000|100%| E|CS|TAMS 0x0000000706c00000, 0x0000000706c00000| Complete 
|  36|0x0000000706e00000, 0x0000000707000000, 0x0000000707000000|100%| E|CS|TAMS 0x0000000706e00000, 0x0000000706e00000| Complete 
|  37|0x0000000707000000, 0x0000000707200000, 0x0000000707200000|100%| E|CS|TAMS 0x0000000707000000, 0x0000000707000000| Complete 
|  38|0x0000000707200000, 0x0000000707400000, 0x0000000707400000|100%| E|CS|TAMS 0x0000000707200000, 0x0000000707200000| Complete 
|  39|0x0000000707400000, 0x0000000707600000, 0x0000000707600000|100%| E|CS|TAMS 0x0000000707400000, 0x0000000707400000| Complete 
|  40|0x0000000707600000, 0x0000000707800000, 0x0000000707800000|100%| E|CS|TAMS 0x0000000707600000, 0x0000000707600000| Complete 
|  41|0x0000000707800000, 0x0000000707a00000, 0x0000000707a00000|100%| E|CS|TAMS 0x0000000707800000, 0x0000000707800000| Complete 
|  42|0x0000000707a00000, 0x0000000707c00000, 0x0000000707c00000|100%| E|CS|TAMS 0x0000000707a00000, 0x0000000707a00000| Complete 
|  43|0x0000000707c00000, 0x0000000707e00000, 0x0000000707e00000|100%| E|CS|TAMS 0x0000000707c00000, 0x0000000707c00000| Complete 

Card table byte_map: [0x000002a26d470000,0x000002a26dc60000] _byte_map_base: 0x000002a269c5d000

Marking Bits (Prev, Next): (CMBitMap*) 0x000002a2543c0470, (CMBitMap*) 0x000002a2543c04b0
 Prev Bits: [0x000002a26e450000, 0x000002a2723b8000)
 Next Bits: [0x000002a2723c0000, 0x000002a276328000)

Polling page: 0x000002a254100000

Metaspace:

Usage:
  Non-class:     29.80 MB used.
      Class:      3.63 MB used.
       Both:     33.43 MB used.

Virtual space:
  Non-class space:       64.00 MB reserved,      29.94 MB ( 47%) committed,  1 nodes.
      Class space:        1.00 GB reserved,       3.75 MB ( <1%) committed,  1 nodes.
             Both:        1.06 GB reserved,      33.69 MB (  3%) committed. 

Chunk freelists:
   Non-Class:  1.55 MB
       Class:  12.30 MB
        Both:  13.84 MB

MaxMetaspaceSize: unlimited
CompressedClassSpaceSize: 1.00 GB
Initial GC threshold: 21.00 MB
Current GC threshold: 56.06 MB
CDS: on
MetaspaceReclaimPolicy: balanced
 - commit_granule_bytes: 65536.
 - commit_granule_words: 8192.
 - virtual_space_node_default_size: 8388608.
 - enlarge_chunks_in_place: 1.
 - new_chunks_are_fully_committed: 0.
 - uncommit_free_chunks: 1.
 - use_allocation_guard: 0.
 - handle_deallocations: 1.


Internal statistics:

num_allocs_failed_limit: 3.
num_arena_births: 160.
num_arena_deaths: 0.
num_vsnodes_births: 2.
num_vsnodes_deaths: 0.
num_space_committed: 539.
num_space_uncommitted: 0.
num_chunks_returned_to_freelist: 3.
num_chunks_taken_from_freelist: 1061.
num_chunk_merges: 3.
num_chunk_splits: 913.
num_chunks_enlarged: 833.
num_inconsistent_stats: 0.

CodeHeap 'non-profiled nmethods': size=120000Kb used=3588Kb max_used=3588Kb free=116411Kb
 bounds [0x000002a265130000, 0x000002a2654c0000, 0x000002a26c660000]
CodeHeap 'profiled nmethods': size=120000Kb used=7883Kb max_used=10412Kb free=112117Kb
 bounds [0x000002a25d660000, 0x000002a25e090000, 0x000002a264b90000]
CodeHeap 'non-nmethods': size=5760Kb used=1872Kb max_used=1963Kb free=3887Kb
 bounds [0x000002a264b90000, 0x000002a264e00000, 0x000002a265130000]
 total_blobs=6011 nmethods=4664 adapters=1259
 compilation: enabled
              stopped_count=0, restarted_count=0
 full_count=0

Compilation events (20 events):
Event: 55.487 Thread 0x000002a278964be0 5451       4       org.jetbrains.skiko.FrameDispatcher$job$1::invokeSuspend (156 bytes)
Event: 55.505 Thread 0x000002a278964be0 nmethod 5451 0x000002a2654a3490 code [0x000002a2654a3720, 0x000002a2654a4788]
Event: 55.505 Thread 0x000002a278964be0 5452       4       kotlinx.coroutines.flow.FlowKt__ReduceKt$first$$inlined$collectWhile$2::emit (225 bytes)
Event: 55.511 Thread 0x000002a278964be0 nmethod 5452 0x000002a2654a5610 code [0x000002a2654a57c0, 0x000002a2654a5e18]
Event: 55.520 Thread 0x000002a278964be0 5453   !   4       org.jetbrains.skiko.redrawer.WindowsOpenGLRedrawer$Companion$frameDispatcher$1::invokeSuspend (379 bytes)
Event: 55.722 Thread 0x000002a278968aa0 5454       3       kotlin.sequences.SequencesKt__SequenceBuilderKt::sequence (18 bytes)
Event: 55.723 Thread 0x000002a278968aa0 nmethod 5454 0x000002a25d698310 code [0x000002a25d698540, 0x000002a25d698c58]
Event: 55.723 Thread 0x000002a278968aa0 5455       3       kotlin.sequences.SequencesKt__SequenceBuilderKt$sequence$$inlined$Sequence$1::<init> (10 bytes)
Event: 55.723 Thread 0x000002a278968aa0 nmethod 5455 0x000002a25d8b0f10 code [0x000002a25d8b10a0, 0x000002a25d8b1278]
Event: 55.728 Thread 0x000002a278964be0 nmethod 5453 0x000002a2654a6210 code [0x000002a2654a6920, 0x000002a2654ac2b8]
Event: 56.074 Thread 0x000002a278968aa0 5456       3       kotlinx.coroutines.JobSupport::getChildren (16 bytes)
Event: 56.074 Thread 0x000002a278968aa0 nmethod 5456 0x000002a25d667d90 code [0x000002a25d667f80, 0x000002a25d6684a8]
Event: 58.453 Thread 0x000002a278964be0 5457       4       kotlinx.coroutines.CancellableContinuationImpl::isCompleted (16 bytes)
Event: 58.454 Thread 0x000002a278964be0 nmethod 5457 0x000002a2654afd90 code [0x000002a2654aff00, 0x000002a2654affb8]
Event: 59.334 Thread 0x000002a278964be0 5458       4       java.util.HashSet::clear (8 bytes)
Event: 59.349 Thread 0x000002a278964be0 nmethod 5458 0x000002a2654b0090 code [0x000002a2654b0220, 0x000002a2654b0838]
Event: 60.535 Thread 0x000002a278964be0 5459       4       kotlin.coroutines.jvm.internal.DebugProbesKt::probeCoroutineSuspended (7 bytes)
Event: 60.535 Thread 0x000002a278964be0 nmethod 5459 0x000002a2654b0990 code [0x000002a2654b0b00, 0x000002a2654b0b78]
Event: 60.698 Thread 0x000002a278968aa0 5460       3       java.util.IdentityHashMap$IdentityHashMapIterator::nextIndex (72 bytes)
Event: 60.698 Thread 0x000002a278968aa0 nmethod 5460 0x000002a25d69d990 code [0x000002a25d69db60, 0x000002a25d69dfa8]

GC Heap History (20 events):
Event: 1.562 GC heap before
{Heap before GC invocations=1 (full 0):
 garbage-first heap   total 260096K, used 15357K [0x0000000702600000, 0x0000000800000000)
  region size 2048K, 6 young (12288K), 1 survivors (2048K)
 Metaspace       used 5902K, committed 6016K, reserved 1114112K
  class space    used 465K, committed 512K, reserved 1048576K
}
Event: 1.569 GC heap after
{Heap after GC invocations=2 (full 0):
 garbage-first heap   total 260096K, used 8072K [0x0000000702600000, 0x0000000800000000)
  region size 2048K, 1 young (2048K), 1 survivors (2048K)
 Metaspace       used 5902K, committed 6016K, reserved 1114112K
  class space    used 465K, committed 512K, reserved 1048576K
}
Event: 2.978 GC heap before
{Heap before GC invocations=2 (full 0):
 garbage-first heap   total 260096K, used 30600K [0x0000000702600000, 0x0000000800000000)
  region size 2048K, 12 young (24576K), 1 survivors (2048K)
 Metaspace       used 12541K, committed 12736K, reserved 1114112K
  class space    used 1256K, committed 1344K, reserved 1048576K
}
Event: 2.981 GC heap after
{Heap after GC invocations=3 (full 0):
 garbage-first heap   total 260096K, used 9360K [0x0000000702600000, 0x0000000800000000)
  region size 2048K, 2 young (4096K), 2 survivors (4096K)
 Metaspace       used 12541K, committed 12736K, reserved 1114112K
  class space    used 1256K, committed 1344K, reserved 1048576K
}
Event: 4.550 GC heap before
{Heap before GC invocations=3 (full 0):
 garbage-first heap   total 260096K, used 48272K [0x0000000702600000, 0x0000000800000000)
  region size 2048K, 22 young (45056K), 2 survivors (4096K)
 Metaspace       used 21363K, committed 21504K, reserved 1114112K
  class space    used 2283K, committed 2368K, reserved 1048576K
}
Event: 4.554 GC heap after
{Heap after GC invocations=4 (full 0):
 garbage-first heap   total 260096K, used 11069K [0x0000000702600000, 0x0000000800000000)
  region size 2048K, 2 young (4096K), 2 survivors (4096K)
 Metaspace       used 21363K, committed 21504K, reserved 1114112K
  class space    used 2283K, committed 2368K, reserved 1048576K
}
Event: 7.423 GC heap before
{Heap before GC invocations=5 (full 0):
 garbage-first heap   total 55296K, used 41789K [0x0000000702600000, 0x0000000800000000)
  region size 2048K, 12 young (24576K), 2 survivors (4096K)
 Metaspace       used 24747K, committed 25024K, reserved 1114112K
  class space    used 2680K, committed 2816K, reserved 1048576K
}
Event: 7.429 GC heap after
{Heap after GC invocations=6 (full 0):
 garbage-first heap   total 55296K, used 24046K [0x0000000702600000, 0x0000000800000000)
  region size 2048K, 2 young (4096K), 2 survivors (4096K)
 Metaspace       used 24747K, committed 25024K, reserved 1114112K
  class space    used 2680K, committed 2816K, reserved 1048576K
}
Event: 7.480 GC heap before
{Heap before GC invocations=6 (full 0):
 garbage-first heap   total 55296K, used 26094K [0x0000000702600000, 0x0000000800000000)
  region size 2048K, 3 young (6144K), 2 survivors (4096K)
 Metaspace       used 25079K, committed 25280K, reserved 1114112K
  class space    used 2718K, committed 2816K, reserved 1048576K
}
Event: 7.485 GC heap after
{Heap after GC invocations=7 (full 0):
 garbage-first heap   total 55296K, used 18020K [0x0000000702600000, 0x0000000800000000)
  region size 2048K, 1 young (2048K), 1 survivors (2048K)
 Metaspace       used 25079K, committed 25280K, reserved 1114112K
  class space    used 2718K, committed 2816K, reserved 1048576K
}
Event: 8.129 GC heap before
{Heap before GC invocations=7 (full 0):
 garbage-first heap   total 55296K, used 38500K [0x0000000702600000, 0x0000000800000000)
  region size 2048K, 11 young (22528K), 1 survivors (2048K)
 Metaspace       used 28790K, committed 29056K, reserved 1114112K
  class space    used 3185K, committed 3328K, reserved 1048576K
}
Event: 8.133 GC heap after
{Heap after GC invocations=8 (full 0):
 garbage-first heap   total 55296K, used 19753K [0x0000000702600000, 0x0000000800000000)
  region size 2048K, 2 young (4096K), 2 survivors (4096K)
 Metaspace       used 28790K, committed 29056K, reserved 1114112K
  class space    used 3185K, committed 3328K, reserved 1048576K
}
Event: 8.468 GC heap before
{Heap before GC invocations=8 (full 0):
 garbage-first heap   total 55296K, used 36137K [0x0000000702600000, 0x0000000800000000)
  region size 2048K, 11 young (22528K), 2 survivors (4096K)
 Metaspace       used 32147K, committed 32384K, reserved 1114112K
  class space    used 3583K, committed 3712K, reserved 1048576K
}
Event: 8.472 GC heap after
{Heap after GC invocations=9 (full 0):
 garbage-first heap   total 55296K, used 20864K [0x0000000702600000, 0x0000000800000000)
  region size 2048K, 2 young (4096K), 2 survivors (4096K)
 Metaspace       used 32147K, committed 32384K, reserved 1114112K
  class space    used 3583K, committed 3712K, reserved 1048576K
}
Event: 8.746 GC heap before
{Heap before GC invocations=9 (full 0):
 garbage-first heap   total 55296K, used 27008K [0x0000000702600000, 0x0000000800000000)
  region size 2048K, 6 young (12288K), 2 survivors (4096K)
 Metaspace       used 33166K, committed 33408K, reserved 1114112K
  class space    used 3699K, committed 3776K, reserved 1048576K
}
Event: 8.750 GC heap after
{Heap after GC invocations=10 (full 0):
 garbage-first heap   total 157696K, used 21747K [0x0000000702600000, 0x0000000800000000)
  region size 2048K, 1 young (2048K), 1 survivors (2048K)
 Metaspace       used 33166K, committed 33408K, reserved 1114112K
  class space    used 3699K, committed 3776K, reserved 1048576K
}
Event: 32.662 GC heap before
{Heap before GC invocations=10 (full 0):
 garbage-first heap   total 157696K, used 85235K [0x0000000702600000, 0x0000000800000000)
  region size 2048K, 29 young (59392K), 1 survivors (2048K)
 Metaspace       used 34193K, committed 34432K, reserved 1114112K
  class space    used 3714K, committed 3840K, reserved 1048576K
}
Event: 32.687 GC heap after
{Heap after GC invocations=11 (full 1):
 garbage-first heap   total 90112K, used 24286K [0x0000000702600000, 0x0000000800000000)
  region size 2048K, 0 young (0K), 0 survivors (0K)
 Metaspace       used 34193K, committed 34432K, reserved 1114112K
  class space    used 3714K, committed 3840K, reserved 1048576K
}
Event: 50.760 GC heap before
{Heap before GC invocations=11 (full 1):
 garbage-first heap   total 90112K, used 63198K [0x0000000702600000, 0x0000000800000000)
  region size 2048K, 19 young (38912K), 0 survivors (0K)
 Metaspace       used 34207K, committed 34432K, reserved 1114112K
  class space    used 3714K, committed 3840K, reserved 1048576K
}
Event: 50.761 GC heap after
{Heap after GC invocations=12 (full 1):
 garbage-first heap   total 90112K, used 24639K [0x0000000702600000, 0x0000000800000000)
  region size 2048K, 1 young (2048K), 1 survivors (2048K)
 Metaspace       used 34207K, committed 34432K, reserved 1114112K
  class space    used 3714K, committed 3840K, reserved 1048576K
}

Dll operation events (14 events):
Event: 0.011 Loaded shared library C:\Users\HP\.jdks\corretto-17.0.7\bin\java.dll
Event: 0.064 Loaded shared library C:\Users\HP\.jdks\corretto-17.0.7\bin\jsvml.dll
Event: 0.299 Loaded shared library C:\Users\HP\.jdks\corretto-17.0.7\bin\zip.dll
Event: 0.302 Loaded shared library C:\Users\HP\.jdks\corretto-17.0.7\bin\instrument.dll
Event: 0.311 Loaded shared library C:\Users\HP\.jdks\corretto-17.0.7\bin\net.dll
Event: 0.313 Loaded shared library C:\Users\HP\.jdks\corretto-17.0.7\bin\nio.dll
Event: 0.318 Loaded shared library C:\Users\HP\.jdks\corretto-17.0.7\bin\zip.dll
Event: 0.556 Loaded shared library C:\Program Files\JetBrains\IntelliJ IDEA Community Edition 2021.3.2\bin\breakgen64.dll
Event: 0.858 Loaded shared library C:\Users\HP\.jdks\corretto-17.0.7\bin\jimage.dll
Event: 0.862 Loaded shared library C:\Users\HP\.jdks\corretto-17.0.7\bin\awt.dll
Event: 2.506 Loaded shared library C:\Users\HP\.skiko\0de0d8dd8554d9bb66cfca3837db6514ff9b71080e998917280a3b777460a416\skiko-windows-x64.dll
Event: 3.125 Loaded shared library C:\Users\HP\.jdks\corretto-17.0.7\bin\freetype.dll
Event: 3.126 Loaded shared library C:\Users\HP\.jdks\corretto-17.0.7\bin\fontmanager.dll
Event: 8.095 Loaded shared library C:\Users\HP\AppData\Local\io-realm-kotlin\f7113120ba00ba1ff91d696eecd3919e85a4e34e\realmc.dll

Deoptimization events (20 events):
Event: 18.454 Thread 0x000002a27d6cc690 Uncommon trap: trap_request=0xffffffd6 fr.pc=0x000002a2653e5f50 relative=0x00000000000047b0
Event: 18.454 Thread 0x000002a27d6cc690 Uncommon trap: reason=array_check action=maybe_recompile pc=0x000002a2653e5f50 method=androidx.compose.runtime.collection.MutableVector.add(Ljava/lang/Object;)Z @ 19 c2
Event: 18.454 Thread 0x000002a27d6cc690 DEOPT PACKING pc=0x000002a2653e5f50 sp=0x000000dddeafdcf0
Event: 18.454 Thread 0x000002a27d6cc690 DEOPT UNPACKING pc=0x000002a264be69a3 sp=0x000000dddeafdc90 mode 2
Event: 19.414 Thread 0x000002a27d6cc690 Uncommon trap: trap_request=0xffffffde fr.pc=0x000002a2653f4c0c relative=0x000000000000112c
Event: 19.414 Thread 0x000002a27d6cc690 Uncommon trap: reason=class_check action=maybe_recompile pc=0x000002a2653f4c0c method=androidx.compose.runtime.snapshots.SnapshotKt.advanceGlobalSnapshot(Lkotlin/jvm/functions/Function1;)Ljava/lang/Object; @ 263 c2
Event: 19.414 Thread 0x000002a27d6cc690 DEOPT PACKING pc=0x000002a2653f4c0c sp=0x000000dddeafeb50
Event: 19.414 Thread 0x000002a27d6cc690 DEOPT UNPACKING pc=0x000002a264be69a3 sp=0x000000dddeafeab8 mode 2
Event: 19.670 Thread 0x000002a27d6cc690 Uncommon trap: trap_request=0xffffff45 fr.pc=0x000002a265362620 relative=0x00000000000002e0
Event: 19.670 Thread 0x000002a27d6cc690 Uncommon trap: reason=unstable_if action=reinterpret pc=0x000002a265362620 method=androidx.compose.runtime.ComposerImpl.nodeIndexOf(IIII)I @ 25 c2
Event: 19.670 Thread 0x000002a27d6cc690 DEOPT PACKING pc=0x000002a265362620 sp=0x000000dddeafd920
Event: 19.670 Thread 0x000002a27d6cc690 DEOPT UNPACKING pc=0x000002a264be69a3 sp=0x000000dddeafd890 mode 2
Event: 19.670 Thread 0x000002a27d6cc690 Uncommon trap: trap_request=0xffffff45 fr.pc=0x000002a2653605f8 relative=0x0000000000000078
Event: 19.670 Thread 0x000002a27d6cc690 Uncommon trap: reason=unstable_if action=reinterpret pc=0x000002a2653605f8 method=androidx.compose.runtime.ComposerKt.nearestCommonRootOf(Landroidx/compose/runtime/SlotReader;III)I @ 14 c2
Event: 19.670 Thread 0x000002a27d6cc690 DEOPT PACKING pc=0x000002a2653605f8 sp=0x000000dddeafd900
Event: 19.671 Thread 0x000002a27d6cc690 DEOPT UNPACKING pc=0x000002a264be69a3 sp=0x000000dddeafd770 mode 2
Event: 19.872 Thread 0x000002a27d6cc690 Uncommon trap: trap_request=0xffffffde fr.pc=0x000002a2653f4c0c relative=0x000000000000112c
Event: 19.872 Thread 0x000002a27d6cc690 Uncommon trap: reason=class_check action=maybe_recompile pc=0x000002a2653f4c0c method=androidx.compose.runtime.snapshots.SnapshotKt.advanceGlobalSnapshot(Lkotlin/jvm/functions/Function1;)Ljava/lang/Object; @ 263 c2
Event: 19.872 Thread 0x000002a27d6cc690 DEOPT PACKING pc=0x000002a2653f4c0c sp=0x000000dddeafedf0
Event: 19.872 Thread 0x000002a27d6cc690 DEOPT UNPACKING pc=0x000002a264be69a3 sp=0x000000dddeafed58 mode 2

Classes unloaded (0 events):
No events

Classes redefined (0 events):
No events

Internal exceptions (20 events):
Event: 0.896 Thread 0x000002a254355cd0 Exception <a 'java/io/FileNotFoundException'{0x00000007122ab4f0}> (0x00000007122ab4f0) 
thrown [s\src\hotspot\share\prims\jni.cpp, line 516]
Event: 1.954 Thread 0x000002a27d6cc690 Exception <a 'java/lang/NoSuchMethodError'{0x00000007120eb260}: 'java.lang.Object java.lang.invoke.DirectMethodHandle$Holder.invokeStaticInit(java.lang.Object, int, int, int, int)'> (0x00000007120eb260) 
thrown [s\src\hotspot\share\interpreter\linkResolver.cpp, line 759]
Event: 2.101 Thread 0x000002a27d6cc690 Exception <a 'java/lang/NoSuchMethodError'{0x00000007121bc1f0}: 'java.lang.Object java.lang.invoke.DirectMethodHandle$Holder.invokeStaticInit(java.lang.Object, java.lang.Object, int, int, int, int)'> (0x00000007121bc1f0) 
thrown [s\src\hotspot\share\interpreter\linkResolver.cpp, line 759]
Event: 2.239 Thread 0x000002a27d6cc690 Exception <a 'java/lang/NoSuchMethodError'{0x0000000711d14610}: 'double java.lang.invoke.DirectMethodHandle$Holder.invokeStatic(java.lang.Object, double)'> (0x0000000711d14610) 
thrown [s\src\hotspot\share\interpreter\linkResolver.cpp, line 759]
Event: 2.240 Thread 0x000002a27d6cc690 Exception <a 'java/lang/NoSuchMethodError'{0x0000000711d18070}: 'double java.lang.invoke.DirectMethodHandle$Holder.invokeStaticInit(java.lang.Object, double)'> (0x0000000711d18070) 
thrown [s\src\hotspot\share\interpreter\linkResolver.cpp, line 759]
Event: 2.268 Thread 0x000002a27d6cc690 Exception <a 'java/lang/NoSuchMethodError'{0x0000000711d5ffc0}: 'java.lang.Object java.lang.invoke.DirectMethodHandle$Holder.newInvokeSpecial(java.lang.Object, double)'> (0x0000000711d5ffc0) 
thrown [s\src\hotspot\share\interpreter\linkResolver.cpp, line 759]
Event: 2.861 Thread 0x000002a27d6cc690 Exception <a 'java/lang/NoSuchMethodError'{0x0000000710fa2b18}: 'void java.lang.invoke.DirectMethodHandle$Holder.invokeSpecial(java.lang.Object, java.lang.Object, java.lang.Object)'> (0x0000000710fa2b18) 
thrown [s\src\hotspot\share\interpreter\linkResolver.cpp, line 759]
Event: 2.874 Thread 0x000002a27d6cc690 Exception <a 'java/lang/NoSuchMethodError'{0x0000000710fccef0}: 'java.lang.Object java.lang.invoke.DirectMethodHandle$Holder.newInvokeSpecial(java.lang.Object, java.lang.Object, java.lang.Object, java.lang.Object, java.lang.Object)'> (0x0000000710fccef0) 
thrown [s\src\hotspot\share\interpreter\linkResolver.cpp, line 759]
Event: 2.877 Thread 0x000002a27d6cc690 Exception <a 'java/lang/NoSuchMethodError'{0x0000000710fd8b60}: 'java.lang.Object java.lang.invoke.DirectMethodHandle$Holder.invokeStatic(java.lang.Object, int, java.lang.Object, java.lang.Object, java.lang.Object, java.lang.Object)'> (0x0000000710fd8b60) 
thrown [s\src\hotspot\share\interpreter\linkResolver.cpp, line 759]
Event: 2.885 Thread 0x000002a27d6cc690 Exception <a 'java/lang/NoSuchMethodError'{0x0000000710ffe860}: 'java.lang.Object java.lang.invoke.DirectMethodHandle$Holder.invokeStatic(java.lang.Object, int, java.lang.Object)'> (0x0000000710ffe860) 
thrown [s\src\hotspot\share\interpreter\linkResolver.cpp, line 759]
Event: 2.923 Thread 0x000002a27d6cc690 Exception <a 'java/lang/ClassNotFoundException'{0x0000000710cbb5a0}: com/sun/swing/internal/plaf/metal/resources/spi/metalProvider> (0x0000000710cbb5a0) 
thrown [s\src\hotspot\share\classfile\systemDictionary.cpp, line 256]
Event: 2.924 Thread 0x000002a27d6cc690 Exception <a 'java/lang/ClassNotFoundException'{0x0000000710cbf788}: com/sun/swing/internal/plaf/basic/resources/spi/basicProvider> (0x0000000710cbf788) 
thrown [s\src\hotspot\share\classfile\systemDictionary.cpp, line 256]
Event: 2.936 Thread 0x000002a27d6cc690 Implicit null exception at 0x000002a265160510 to 0x000002a2651608e4
Event: 2.936 Thread 0x000002a27d6cc690 Implicit null exception at 0x000002a265159e10 to 0x000002a26515a1c8
Event: 2.970 Thread 0x000002a27d6cc690 Exception <a 'java/lang/NoSuchMethodError'{0x0000000710dd0458}: 'void java.lang.invoke.DirectMethodHandle$Holder.invokeStatic(java.lang.Object, java.lang.Object, java.lang.Object)'> (0x0000000710dd0458) 
thrown [s\src\hotspot\share\interpreter\linkResolver.cpp, line 759]
Event: 3.121 Thread 0x000002a27d6cc690 Exception <a 'java/lang/NoSuchMethodError'{0x0000000712195f08}: 'void java.lang.invoke.DirectMethodHandle$Holder.invokeStaticInit(java.lang.Object)'> (0x0000000712195f08) 
thrown [s\src\hotspot\share\interpreter\linkResolver.cpp, line 759]
Event: 3.363 Thread 0x000002a27d6cc690 Exception <a 'java/lang/NoSuchMethodError'{0x0000000711b4d668}: 'int java.lang.invoke.DirectMethodHandle$Holder.invokeStaticInit(java.lang.Object, java.lang.Object, java.lang.Object)'> (0x0000000711b4d668) 
thrown [s\src\hotspot\share\interpreter\linkResolver.cpp, line 759]
Event: 3.867 Thread 0x000002a27d317410 Exception <a 'java/lang/NoSuchMethodError'{0x0000000711e083b8}: 'void java.lang.invoke.DirectMethodHandle$Holder.invokeVirtual(java.lang.Object, java.lang.Object)'> (0x0000000711e083b8) 
thrown [s\src\hotspot\share\interpreter\linkResolver.cpp, line 759]
Event: 7.198 Thread 0x000002a27d6cc690 Exception <a 'java/lang/NoSuchMethodError'{0x0000000704e181c0}: 'int java.lang.invoke.DirectMethodHandle$Holder.invokeStaticInit(java.lang.Object, long, long)'> (0x0000000704e181c0) 
thrown [s\src\hotspot\share\interpreter\linkResolver.cpp, line 759]
Event: 7.948 Thread 0x000002a27d6cc690 Exception <a 'java/lang/NoSuchMethodError'{0x0000000704921b08}: 'java.lang.Object java.lang.invoke.DirectMethodHandle$Holder.newInvokeSpecial(java.lang.Object, int, java.lang.Object)'> (0x0000000704921b08) 
thrown [s\src\hotspot\share\interpreter\linkResolver.cpp, line 759]

VM Operations (20 events):
Event: 33.690 Executing VM operation: Cleanup
Event: 33.690 Executing VM operation: Cleanup done
Event: 34.705 Executing VM operation: Cleanup
Event: 34.705 Executing VM operation: Cleanup done
Event: 37.724 Executing VM operation: Cleanup
Event: 37.724 Executing VM operation: Cleanup done
Event: 40.766 Executing VM operation: Cleanup
Event: 40.766 Executing VM operation: Cleanup done
Event: 46.819 Executing VM operation: Cleanup
Event: 46.819 Executing VM operation: Cleanup done
Event: 50.760 Executing VM operation: G1CollectForAllocation
Event: 50.761 Executing VM operation: G1CollectForAllocation done
Event: 52.788 Executing VM operation: Cleanup
Event: 52.788 Executing VM operation: Cleanup done
Event: 53.792 Executing VM operation: Cleanup
Event: 53.792 Executing VM operation: Cleanup done
Event: 55.799 Executing VM operation: Cleanup
Event: 55.799 Executing VM operation: Cleanup done
Event: 59.824 Executing VM operation: Cleanup
Event: 59.824 Executing VM operation: Cleanup done

Events (20 events):
Event: 24.186 Thread 0x000002a278b02b00 flushing nmethod 0x000002a25dec8010
Event: 24.186 Thread 0x000002a278b02b00 flushing nmethod 0x000002a25dee1c90
Event: 24.187 Thread 0x000002a278b02b00 flushing nmethod 0x000002a25df16090
Event: 24.187 Thread 0x000002a278b02b00 flushing nmethod 0x000002a25df16810
Event: 24.187 Thread 0x000002a278b02b00 flushing nmethod 0x000002a25df19290
Event: 24.187 Thread 0x000002a278b02b00 flushing nmethod 0x000002a25df2fb10
Event: 24.187 Thread 0x000002a278b02b00 flushing nmethod 0x000002a25df53310
Event: 24.187 Thread 0x000002a278b02b00 flushing nmethod 0x000002a25dfa8d10
Event: 24.187 Thread 0x000002a278b02b00 flushing nmethod 0x000002a25e03ec10
Event: 24.187 Thread 0x000002a278b02b00 flushing nmethod 0x000002a25e048890
Event: 24.187 Thread 0x000002a278b02b00 flushing nmethod 0x000002a25e048c10
Event: 24.187 Thread 0x000002a278b02b00 flushing nmethod 0x000002a25e07db90
Event: 24.187 Thread 0x000002a278b02b00 flushing nmethod 0x000002a25e07f290
Event: 60.697 loading class jdk/internal/misc/Signal$1
Event: 60.697 loading class jdk/internal/misc/Signal$1 done
Event: 60.697 Thread 0x000002a27d1888d0 Thread added: 0x000002a27d1888d0
Event: 60.698 Thread 0x000002a27d18af50 Thread added: 0x000002a27d18af50
Event: 60.698 Thread 0x000002a27d188da0 Thread added: 0x000002a27d188da0
Event: 60.698 Thread 0x000002a27d189270 Thread added: 0x000002a27d189270
Event: 60.699 Thread 0x000002a27d189270 Thread exited: 0x000002a27d189270


Dynamic libraries:
0x00007ff7eeda0000 - 0x00007ff7eedad000 	C:\Users\HP\.jdks\corretto-17.0.7\bin\java.exe
0x00007ffee9b50000 - 0x00007ffee9d48000 	C:\Windows\SYSTEM32\ntdll.dll
0x00007ffee90d0000 - 0x00007ffee918f000 	C:\Windows\System32\KERNEL32.DLL
0x00007ffee7790000 - 0x00007ffee7a86000 	C:\Windows\System32\KERNELBASE.dll
0x00007ffee7410000 - 0x00007ffee7510000 	C:\Windows\System32\ucrtbase.dll
0x00007ffedd130000 - 0x00007ffedd147000 	C:\Users\HP\.jdks\corretto-17.0.7\bin\jli.dll
0x00007ffedf250000 - 0x00007ffedf265000 	C:\Users\HP\.jdks\corretto-17.0.7\bin\VCRUNTIME140.dll
0x00007ffee9970000 - 0x00007ffee9b0d000 	C:\Windows\System32\USER32.dll
0x00007ffee76c0000 - 0x00007ffee76e2000 	C:\Windows\System32\win32u.dll
0x00007ffecd150000 - 0x00007ffecd3ea000 	C:\Windows\WinSxS\amd64_microsoft.windows.common-controls_6595b64144ccf1df_6.0.19041.1110_none_60b5254171f9507e\COMCTL32.dll
0x00007ffee90a0000 - 0x00007ffee90cc000 	C:\Windows\System32\GDI32.dll
0x00007ffee8310000 - 0x00007ffee83ae000 	C:\Windows\System32\msvcrt.dll
0x00007ffee7a90000 - 0x00007ffee7ba5000 	C:\Windows\System32\gdi32full.dll
0x00007ffee72c0000 - 0x00007ffee735d000 	C:\Windows\System32\msvcp_win.dll
0x00007ffee8600000 - 0x00007ffee8630000 	C:\Windows\System32\IMM32.DLL
0x00007ffec73d0000 - 0x00007ffec746b000 	C:\Users\HP\.jdks\corretto-17.0.7\bin\msvcp140.dll
0x00007ffea5510000 - 0x00007ffea612a000 	C:\Users\HP\.jdks\corretto-17.0.7\bin\server\jvm.dll
0x00007ffee8630000 - 0x00007ffee86df000 	C:\Windows\System32\ADVAPI32.dll
0x00007ffee8560000 - 0x00007ffee85fc000 	C:\Windows\System32\sechost.dll
0x00007ffee7d70000 - 0x00007ffee7e96000 	C:\Windows\System32\RPCRT4.dll
0x00007ffee0fa0000 - 0x00007ffee0fa9000 	C:\Windows\SYSTEM32\WSOCK32.dll
0x00007ffee8e70000 - 0x00007ffee8edb000 	C:\Windows\System32\WS2_32.dll
0x00007ffecca00000 - 0x00007ffecca27000 	C:\Windows\SYSTEM32\WINMM.dll
0x00007ffedb320000 - 0x00007ffedb32a000 	C:\Windows\SYSTEM32\VERSION.dll
0x00007ffee5a20000 - 0x00007ffee5a32000 	C:\Windows\SYSTEM32\kernel.appcore.dll
0x00007ffedf290000 - 0x00007ffedf29a000 	C:\Users\HP\.jdks\corretto-17.0.7\bin\jimage.dll
0x00007ffee1f40000 - 0x00007ffee2124000 	C:\Windows\SYSTEM32\DBGHELP.DLL
0x00007ffecec70000 - 0x00007ffececa4000 	C:\Windows\SYSTEM32\dbgcore.DLL
0x00007ffee7230000 - 0x00007ffee72b2000 	C:\Windows\System32\bcryptPrimitives.dll
0x00007ffedf240000 - 0x00007ffedf24e000 	C:\Users\HP\.jdks\corretto-17.0.7\bin\instrument.dll
0x00007ffedbcf0000 - 0x00007ffedbd15000 	C:\Users\HP\.jdks\corretto-17.0.7\bin\java.dll
0x00007ffebaa40000 - 0x00007ffebab16000 	C:\Users\HP\.jdks\corretto-17.0.7\bin\jsvml.dll
0x00007ffee9190000 - 0x00007ffee98d4000 	C:\Windows\System32\SHELL32.dll
0x00007ffee2130000 - 0x00007ffee28c4000 	C:\Windows\SYSTEM32\windows.storage.dll
0x00007ffee8890000 - 0x00007ffee8be4000 	C:\Windows\System32\combase.dll
0x00007ffee6ab0000 - 0x00007ffee6ade000 	C:\Windows\SYSTEM32\Wldp.dll
0x00007ffee8f90000 - 0x00007ffee903d000 	C:\Windows\System32\SHCORE.dll
0x00007ffee9040000 - 0x00007ffee9095000 	C:\Windows\System32\shlwapi.dll
0x00007ffee7160000 - 0x00007ffee7185000 	C:\Windows\SYSTEM32\profapi.dll
0x00007ffedbcc0000 - 0x00007ffedbcd8000 	C:\Users\HP\.jdks\corretto-17.0.7\bin\zip.dll
0x00007ffedc060000 - 0x00007ffedc079000 	C:\Users\HP\.jdks\corretto-17.0.7\bin\net.dll
0x00007ffed8570000 - 0x00007ffed867a000 	C:\Windows\SYSTEM32\WINHTTP.dll
0x00007ffee6890000 - 0x00007ffee68fa000 	C:\Windows\system32\mswsock.dll
0x00007ffedbfe0000 - 0x00007ffedbff5000 	C:\Users\HP\.jdks\corretto-17.0.7\bin\nio.dll
0x00007ffedbd20000 - 0x00007ffedbd3a000 	C:\Program Files\JetBrains\IntelliJ IDEA Community Edition 2021.3.2\bin\breakgen64.dll
0x00007ffea8bb0000 - 0x00007ffea8d59000 	C:\Users\HP\.jdks\corretto-17.0.7\bin\awt.dll
0x00007ffee87c0000 - 0x00007ffee888d000 	C:\Windows\System32\OLEAUT32.dll
0x00007ffee0ec0000 - 0x00007ffee0f51000 	C:\Windows\SYSTEM32\apphelp.dll
0x00007ffee1180000 - 0x00007ffee121e000 	C:\Windows\system32\uxtheme.dll
0x00007ffee8440000 - 0x00007ffee8554000 	C:\Windows\System32\MSCTF.dll
0x00007ffee8c00000 - 0x00007ffee8d2a000 	C:\Windows\System32\ole32.dll
0x00007ffee1320000 - 0x00007ffee134f000 	C:\Windows\system32\DWMAPI.DLL
0x00007ffeb5d50000 - 0x00007ffeb5e75000 	C:\Windows\system32\opengl32.dll
0x00007ffeb67f0000 - 0x00007ffeb681c000 	C:\Windows\SYSTEM32\GLU32.dll
0x00007ffee6af0000 - 0x00007ffee6b08000 	C:\Windows\SYSTEM32\CRYPTSP.dll
0x00007ffee61d0000 - 0x00007ffee6204000 	C:\Windows\system32\rsaenh.dll
0x00007ffee7760000 - 0x00007ffee7787000 	C:\Windows\System32\bcrypt.dll
0x00007ffee7120000 - 0x00007ffee714e000 	C:\Windows\SYSTEM32\USERENV.dll
0x00007ffee6a20000 - 0x00007ffee6a2c000 	C:\Windows\SYSTEM32\CRYPTBASE.dll
0x00007ffee65a0000 - 0x00007ffee65dc000 	C:\Windows\SYSTEM32\IPHLPAPI.DLL
0x00007ffee7d60000 - 0x00007ffee7d68000 	C:\Windows\System32\NSI.dll
0x00007ffeda430000 - 0x00007ffeda447000 	C:\Windows\SYSTEM32\dhcpcsvc6.DLL
0x00007ffed8d80000 - 0x00007ffed8d9d000 	C:\Windows\SYSTEM32\dhcpcsvc.DLL
0x00007ffee65e0000 - 0x00007ffee66aa000 	C:\Windows\SYSTEM32\DNSAPI.dll
0x00007ffe9d3a0000 - 0x00007ffe9e3ec000 	C:\Users\HP\.skiko\0de0d8dd8554d9bb66cfca3837db6514ff9b71080e998917280a3b777460a416\skiko-windows-x64.dll
0x00007ffec59a0000 - 0x00007ffec5a23000 	C:\Users\HP\.jdks\corretto-17.0.7\bin\freetype.dll
0x00007ffeba4f0000 - 0x00007ffeba5b2000 	C:\Users\HP\.jdks\corretto-17.0.7\bin\fontmanager.dll
0x00007ffedbd50000 - 0x00007ffedbd57000 	C:\Users\HP\.jdks\corretto-17.0.7\bin\jawt.dll
0x00007ffee5a90000 - 0x00007ffee5b83000 	C:\Windows\SYSTEM32\Dxgi.dll
0x00007ffedba10000 - 0x00007ffedba30000 	C:\Windows\SYSTEM32\D3D12.dll
0x00007ffea89e0000 - 0x00007ffea8bad000 	C:\Windows\SYSTEM32\D3D12Core.dll
0x00007ffeda9e0000 - 0x00007ffedaa1b000 	C:\Windows\SYSTEM32\dxcore.dll
0x00007ffee7670000 - 0x00007ffee76be000 	C:\Windows\System32\cfgmgr32.dll
0x00007ffed4390000 - 0x00007ffed6fa9000 	C:\Windows\System32\DriverStore\FileRepository\igdlh64.inf_amd64_e6daaea9afe1e6f6\igc64.dll
0x00007ffe72ab0000 - 0x00007ffe73f83000 	C:\Windows\System32\DriverStore\FileRepository\igdlh64.inf_amd64_e6daaea9afe1e6f6\igd12umd64.dll
0x00007ffeda000000 - 0x00007ffeda257000 	C:\Windows\System32\DriverStore\FileRepository\igdlh64.inf_amd64_e6daaea9afe1e6f6\igdgmm64.dll
0x00007ffea2920000 - 0x00007ffea2d2b000 	C:\Windows\System32\DriverStore\FileRepository\igdlh64.inf_amd64_e6daaea9afe1e6f6\igdml64.dll
0x00007ffeca230000 - 0x00007ffeca25b000 	C:\Windows\SYSTEM32\D3DSCache.dll
0x00007ffe51780000 - 0x00007ffe55f82000 	C:\Windows\System32\DriverStore\FileRepository\igdlh64.inf_amd64_e6daaea9afe1e6f6\igd12dxva64.dll
0x00007ffee7ea0000 - 0x00007ffee830e000 	C:\Windows\System32\SETUPAPI.dll
0x00007ffe96bf0000 - 0x00007ffe96c17000 	C:\Windows\System32\DriverStore\FileRepository\igdlh64.inf_amd64_e6daaea9afe1e6f6\igdinfo64.dll
0x00007ffeddf50000 - 0x00007ffede157000 	C:\Windows\SYSTEM32\twinapi.appcore.dll
0x00007ffee8ee0000 - 0x00007ffee8f89000 	C:\Windows\System32\clbcatq.dll
0x00007ffedb410000 - 0x00007ffedb514000 	C:\Windows\System32\AppXDeploymentClient.dll
0x00007ffe744c0000 - 0x00007ffe75492000 	C:\Windows\System32\DriverStore\FileRepository\igdlh64.inf_amd64_e6daaea9afe1e6f6\ig9icd64.dll
0x00007ffee7090000 - 0x00007ffee70db000 	C:\Windows\SYSTEM32\powrprof.dll
0x00007ffee7070000 - 0x00007ffee7082000 	C:\Windows\SYSTEM32\UMPDC.dll
0x00007ffed2250000 - 0x00007ffed24cf000 	C:\Windows\SYSTEM32\dwrite.dll
0x00007ffed3ec0000 - 0x00007ffed3fb9000 	C:\Windows\SYSTEM32\textinputframework.dll
0x00007ffee0b40000 - 0x00007ffee0c32000 	C:\Windows\System32\CoreMessaging.dll
0x00007ffee0460000 - 0x00007ffee07be000 	C:\Windows\System32\CoreUIComponents.dll
0x00007ffee62f0000 - 0x00007ffee6323000 	C:\Windows\SYSTEM32\ntmarta.dll
0x00007ffedf450000 - 0x00007ffedf5a4000 	C:\Windows\SYSTEM32\wintypes.dll
0x00007ffe60f60000 - 0x00007ffe61812000 	C:\Users\HP\AppData\Local\io-realm-kotlin\f7113120ba00ba1ff91d696eecd3919e85a4e34e\realmc.dll
0x00007ffee7510000 - 0x00007ffee766e000 	C:\Windows\System32\CRYPT32.dll

dbghelp: loaded successfully - version: 4.0.5 - missing functions: none
symbol engine: initialized successfully - sym options: 0x614 - pdb path: .;C:\Users\HP\.jdks\corretto-17.0.7\bin;C:\Windows\SYSTEM32;C:\Windows\WinSxS\amd64_microsoft.windows.common-controls_6595b64144ccf1df_6.0.19041.1110_none_60b5254171f9507e;C:\Users\HP\.jdks\corretto-17.0.7\bin\server;C:\Program Files\JetBrains\IntelliJ IDEA Community Edition 2021.3.2\bin;C:\Users\HP\.skiko\0de0d8dd8554d9bb66cfca3837db6514ff9b71080e998917280a3b777460a416;C:\Windows\System32\DriverStore\FileRepository\igdlh64.inf_amd64_e6daaea9afe1e6f6;C:\Users\HP\AppData\Local\io-realm-kotlin\f7113120ba00ba1ff91d696eecd3919e85a4e34e

VM Arguments:
jvm_args: -Djava.library.path=C:\Users\HP\Desktop\newderar\build\classes\kotlin\jvm\main;C:\Users\HP\Desktop\newderar\build\processedResources\jvm\main -javaagent:C:\Program Files\JetBrains\IntelliJ IDEA Community Edition 2021.3.2\lib\idea_rt.jar=50264:C:\Program Files\JetBrains\IntelliJ IDEA Community Edition 2021.3.2\bin -Dfile.encoding=UTF-8 
java_command: MainKt
java_class_path (initial): C:\Users\HP\Desktop\newderar\build\classes\kotlin\jvm\main;C:\Users\HP\Desktop\newderar\build\processedResources\jvm\main;C:\Users\HP\.gradle\caches\modules-2\files-2.1\io.insert-koin\koin-androidx-compose\3.4.5\ae0a88b7a68d507e651c5a3d70a541594bea54cb\koin-androidx-compose-3.4.5.aar;C:\Users\HP\.gradle\caches\modules-2\files-2.1\androidx.navigation\navigation-compose\2.6.0\3f8ce7b0bad21cced0c47b42b6347c65a6e422c3\navigation-compose-2.6.0.aar;C:\Users\HP\.gradle\caches\modules-2\files-2.1\org.jetbrains.kotlin\kotlin-stdlib-jdk8\1.8.21\67f57e154437cd9e6e9cf368394b95814836ff88\kotlin-stdlib-jdk8-1.8.21.jar;C:\Users\HP\.gradle\caches\modules-2\files-2.1\org.apache.poi\poi-ooxml\4.1.2\87d9a22aa9a7dd26e80c360e709f7ee02e32ab3b\poi-ooxml-4.1.2.jar;C:\Users\HP\.gradle\caches\modules-2\files-2.1\org.apache.poi\poi\4.1.2\964bf41cf68bce08e4ef6b2279b559fdf8d454f4\poi-4.1.2.jar;C:\Users\HP\.gradle\caches\modules-2\files-2.1\org.lwjgl\lwjgl-nfd\3.3.1\622318116996ddcff449b46cb38f0fdee39b8ac3\lwjgl-nfd-3.3.1.jar;C:\Users\HP\.gradle\caches\modules-2\files-2.1\org.lwjgl\lwjgl-nfd\3.3.1\2e007667e04ed3281152ae5c6e677fb1c2211691\lwjgl-nfd-3.3.1-natives-linux.jar;C:\Users\HP\.gradle\caches\modules-2\files-2.1\org.lwjgl\lwjgl\3.3.1\ae58664f88e18a9bb2c77b063833ca7aaec484cb\lwjgl-3.3.1.jar;C:\Users\HP\.gradle\caches\modules-2\files-2.1\io.insert-koin\koin-android\3.4.0\48715fbe06102a59a30bd45b06ed2400c16c6f45\koin-android-3.4.0.aar;C:\Users\HP\.gradle\caches\modules-2\files-2.1\org.lwjgl\lwjgl-nfd\3.3.1\b3e04e317f55dd738d8a345cdafd15b39f85a2ea\lwjgl-nfd-3.3.1-natives-linux-arm32.jar;C:\Users\HP\.gradle\caches\modules-2\files-2.1\androidx.lifecycle\lifecycle-viewmodel-compose\2.6.1\38cf3bb65ff3e0e5c3d63de2ebf5411d0898108c\lifecycle-viewmodel-compose-2.6.1.aar;C:\Users\HP\.gradle\caches\modules-2\files-2.1\org.lwjgl\lwjgl-nfd\3.3.1\f41dc62336f7ee4ab35705cfa440cc903d199165\lwjgl-nfd-3.3.1-natives-linux-arm64.jar;C:\Users\HP\.gradle\caches\modules-2\files-2.1\androi
Launcher Type: SUN_STANDARD

[Global flags]
     intx CICompilerCount                          = 3                                         {product} {ergonomic}
     uint ConcGCThreads                            = 1                                         {product} {ergonomic}
     uint G1ConcRefinementThreads                  = 4                                         {product} {ergonomic}
   size_t G1HeapRegionSize                         = 2097152                                   {product} {ergonomic}
    uintx GCDrainStackTargetSize                   = 64                                        {product} {ergonomic}
   size_t InitialHeapSize                          = 266338304                                 {product} {ergonomic}
   size_t MarkStackSize                            = 4194304                                   {product} {ergonomic}
   size_t MaxHeapSize                              = 4255121408                                {product} {ergonomic}
   size_t MaxNewSize                               = 2552233984                                {product} {ergonomic}
   size_t MinHeapDeltaBytes                        = 2097152                                   {product} {ergonomic}
   size_t MinHeapSize                              = 8388608                                   {product} {ergonomic}
    uintx NonNMethodCodeHeapSize                   = 5832780                                {pd product} {ergonomic}
    uintx NonProfiledCodeHeapSize                  = 122912730                              {pd product} {ergonomic}
    uintx ProfiledCodeHeapSize                     = 122912730                              {pd product} {ergonomic}
    uintx ReservedCodeCacheSize                    = 251658240                              {pd product} {ergonomic}
     bool SegmentedCodeCache                       = true                                      {product} {ergonomic}
   size_t SoftMaxHeapSize                          = 4255121408                             {manageable} {ergonomic}
     bool UseCompressedClassPointers               = true                           {product lp64_product} {ergonomic}
     bool UseCompressedOops                        = true                           {product lp64_product} {ergonomic}
     bool UseG1GC                                  = true                                      {product} {ergonomic}
     bool UseLargePagesIndividualAllocation        = false                                  {pd product} {ergonomic}

Logging:
Log output configuration:
 #0: stdout all=warning uptime,level,tags
 #1: stderr all=off uptime,level,tags

Environment Variables:
PATH=C:\Program Files\Common Files\Oracle\Java\javapath;C:\Program Files (x86)\Common Files\Oracle\Java\javapath;C:\Windows\system32;C:\Windows;C:\Windows\System32\Wbem;C:\Windows\System32\WindowsPowerShell\v1.0\;C:\Windows\System32\OpenSSH\;C:\xampp\php;C:\ProgramData\ComposerSetup\bin;C:\Program Files\nodejs\;C:\Program Files (x86)\Intel\Intel(R) Management Engine Components\DAL;C:\Program Files\Intel\Intel(R) Management Engine Components\DAL;C:\Program Files\Git\cmd;C:\Program Files\Fortect;C:\Users\HP\AppData\Local\Microsoft\WindowsApps;C:\Program Files\JetBrains\IntelliJ IDEA Community Edition 2021.3.2\bin;C:\Users\HP\AppData\Local\Programs\Microsoft VS Code\bin;C:\Users\HP\AppData\Local\JetBrains\Toolbox\scripts;C:\Users\HP\AppData\Local\GitHubDesktop\bin;C:\Users\HP\Desktop\camp\flutter_windows_3.7.6-stable\flutter\bin;C:\Users\HP\AppData\Roaming\Composer\vendor\bin;C:\Users\HP\AppData\Roaming\npm
USERNAME=HP
OS=Windows_NT
PROCESSOR_IDENTIFIER=Intel64 Family 6 Model 142 Stepping 9, GenuineIntel
TMP=C:\Users\HP\AppData\Local\Temp
TEMP=C:\Users\HP\AppData\Local\Temp



---------------  S Y S T E M  ---------------

OS:
 Windows 10 , 64 bit Build 19041 (10.0.19041.3155)
OS uptime: 2 days 19:55 hours
Hyper-V role detected

CPU: total 4 (initial active 4) (2 cores per cpu, 2 threads per core) family 6 model 142 stepping 9 microcode 0xf2, cx8, cmov, fxsr, ht, mmx, 3dnowpref, sse, sse2, sse3, ssse3, sse4.1, sse4.2, popcnt, lzcnt, tsc, tscinvbit, avx, avx2, aes, erms, clmul, bmi1, bmi2, rtm, adx, fma, vzeroupper, clflush, clflushopt, hv

Memory: 4k page, system-wide physical 16224M (6104M free)
TotalPageFile size 32096M (AvailPageFile size 20258M)
current process WorkingSet (physical memory assigned to process): 269M, peak: 319M
current process commit charge ("private bytes"): 281M, peak: 431M

vm_info: OpenJDK 64-Bit Server VM (17.0.7+7-LTS) for windows-amd64 JRE (17.0.7+7-LTS), built on Apr 14 2023 01:39:21 by "Administrator" with MS VC++ 15.9 (VS2017)

END.
