#
# A fatal error has been detected by the Java Runtime Environment:
#
#  EXCEPTION_ACCESS_VIOLATION (0xc0000005) at pc=0x00007ffe74e7ebe3, pid=20720, tid=4348
#
# JRE version: OpenJDK Runtime Environment Corretto-17.0.7.7.1 (17.0.7+7) (build 17.0.7+7-LTS)
# Java VM: OpenJDK 64-Bit Server VM Corretto-17.0.7.7.1 (17.0.7+7-LTS, mixed mode, sharing, tiered, compressed oops, compressed class ptrs, g1 gc, windows-amd64)
# Problematic frame:
# C  [ig9icd64.dll+0x9bebe3]
#
# No core dump will be written. Minidumps are not enabled by default on client versions of Windows
#
# If you would like to submit a bug report, please visit:
#   https://github.com/corretto/corretto-17/issues/
# The crash happened outside the Java Virtual Machine in native code.
# See problematic frame for where to report the bug.
#

---------------  S U M M A R Y ------------

Command Line: -Djava.library.path=C:\Users\HP\Desktop\newderar\build\classes\kotlin\jvm\main;C:\Users\HP\Desktop\newderar\build\processedResources\jvm\main -javaagent:C:\Program Files\JetBrains\IntelliJ IDEA Community Edition 2021.3.2\lib\idea_rt.jar=51900:C:\Program Files\JetBrains\IntelliJ IDEA Community Edition 2021.3.2\bin -Dfile.encoding=UTF-8 MainKt

Host: Intel(R) Core(TM) i5-7300U CPU @ 2.60GHz, 4 cores, 15G,  Windows 10 , 64 bit Build 19041 (10.0.19041.3155)
Time: Sat Jul  8 23:43:17 2023 Libya Standard Time elapsed time: 255.569294 seconds (0d 0h 4m 15s)

---------------  T H R E A D  ---------------

Current thread (0x00000220b5274090):  JavaThread "AWT-EventQueue-0" [_thread_in_native, id=4348, stack(0x000000b893700000,0x000000b893800000)]

Stack: [0x000000b893700000,0x000000b893800000],  sp=0x000000b8937fc818,  free space=1010k
Native frames: (J=compiled Java code, j=interpreted, Vv=VM code, C=native code)
C  [ig9icd64.dll+0x9bebe3]

Java frames: (J=compiled Java code, j=interpreted, Vv=VM code)
J 5257  org.jetbrains.skia.DirectContextKt.DirectContext_nFlush(J)V (0 bytes) @ 0x000002209dace669 [0x000002209dace620+0x0000000000000049]
J 6250 c2 org.jetbrains.skiko.redrawer.WindowsOpenGLRedrawer$Companion$frameDispatcher$1.invokeSuspend(Ljava/lang/Object;)Ljava/lang/Object; (379 bytes) @ 0x000002209dc761b8 [0x000002209dc74c00+0x00000000000015b8]
J 6249 c2 org.jetbrains.skiko.FrameDispatcher$job$1.invokeSuspend(Ljava/lang/Object;)Ljava/lang/Object; (156 bytes) @ 0x000002209dc7e270 [0x000002209dc7e020+0x0000000000000250]
J 5193 c2 kotlin.coroutines.jvm.internal.BaseContinuationImpl.resumeWith(Ljava/lang/Object;)V (128 bytes) @ 0x000002209daa8a80 [0x000002209daa8a20+0x0000000000000060]
J 5213 c2 kotlinx.coroutines.DispatchedTask.run()V (571 bytes) @ 0x000002209dac2670 [0x000002209dac22c0+0x00000000000003b0]
J 6109 c2 java.awt.EventQueue.dispatchEventImpl(Ljava/awt/AWTEvent;Ljava/lang/Object;)V java.desktop@17.0.7 (136 bytes) @ 0x000002209dc04f7c [0x000002209dc04c40+0x000000000000033c]
J 5397 c2 java.awt.EventQueue.dispatchEvent(Ljava/awt/AWTEvent;)V java.desktop@17.0.7 (80 bytes) @ 0x000002209db2ad54 [0x000002209db2aa80+0x00000000000002d4]
J 5438 c2 java.awt.EventDispatchThread.pumpOneEventForFilters(I)V java.desktop@17.0.7 (113 bytes) @ 0x000002209db39b2c [0x000002209db39440+0x00000000000006ec]
J 6482% c2 java.awt.EventDispatchThread.pumpEventsForFilter(ILjava/awt/Conditional;Ljava/awt/EventFilter;)V java.desktop@17.0.7 (47 bytes) @ 0x000002209dcceb40 [0x000002209dccea20+0x0000000000000120]
j  java.awt.EventDispatchThread.pumpEventsForHierarchy(ILjava/awt/Conditional;Ljava/awt/Component;)V+11 java.desktop@17.0.7
j  java.awt.EventDispatchThread.pumpEvents(ILjava/awt/Conditional;)V+4 java.desktop@17.0.7
j  java.awt.EventDispatchThread.pumpEvents(Ljava/awt/Conditional;)V+3 java.desktop@17.0.7
j  java.awt.EventDispatchThread.run()V+9 java.desktop@17.0.7
v  ~StubRoutines::call_stub

siginfo: EXCEPTION_ACCESS_VIOLATION (0xc0000005), reading address 0xffffffffffffffff


Register to memory mapping:

RIP=0x00007ffe74e7ebe3 ig9icd64.dll
RAX=0x000000000fff0fff is an unknown value
RBX=0x00007ffe744c0000 ig9icd64.dll
RCX=0x000000033fcf3fcc is an unknown value
RDX=0x000000b8937fcd30 is pointing into the stack for thread: 0x00000220b5274090
RSP=0x000000b8937fc818 is pointing into the stack for thread: 0x00000220b5274090
RBP=0x000000b8937fc920 is pointing into the stack for thread: 0x00000220b5274090
RSI=0x00000220b5dec040 points into unknown readable memory: 0x00000220b79a0080 | 80 00 9a b7 20 02 00 00
RDI=0x000000b8937fcb20 is pointing into the stack for thread: 0x00000220b5274090
R8 =0x000000b8937fc950 is pointing into the stack for thread: 0x00000220b5274090
R9 =0x000000b8937fcd30 is pointing into the stack for thread: 0x00000220b5274090
R10=0x000000b8937fcb20 is pointing into the stack for thread: 0x00000220b5274090
R11=0x0 is NULL
R12=0x00007ffe752f15e0 ig9icd64.dll
R13=0x0 is NULL
R14=0x0 is NULL
R15=0x00000000000001c1 is an unknown value


Registers:
RAX=0x000000000fff0fff, RBX=0x00007ffe744c0000, RCX=0x000000033fcf3fcc, RDX=0x000000b8937fcd30
RSP=0x000000b8937fc818, RBP=0x000000b8937fc920, RSI=0x00000220b5dec040, RDI=0x000000b8937fcb20
R8 =0x000000b8937fc950, R9 =0x000000b8937fcd30, R10=0x000000b8937fcb20, R11=0x0000000000000000
R12=0x00007ffe752f15e0, R13=0x0000000000000000, R14=0x0000000000000000, R15=0x00000000000001c1
RIP=0x00007ffe74e7ebe3, EFLAGS=0x0000000000010206

Top of Stack: (sp=0x000000b8937fc818)
0x000000b8937fc818:   00007ffe74e7c31b 0000000000000001
0x000000b8937fc828:   0000000000000000 00000220c13f6f00
0x000000b8937fc838:   00007ffeda002622 000000b800000065
0x000000b8937fc848:   000000b8937fca50 0000000000000000
0x000000b8937fc858:   00000220b605f0c0 0000000000000000
0x000000b8937fc868:   00000220b8605180 00000220c13f6fe0
0x000000b8937fc878:   0000000000001100 0000000000000000
0x000000b8937fc888:   0000000000000000 000000b8937fca00
0x000000b8937fc898:   00007ffe74b179c0 0000000000000000
0x000000b8937fc8a8:   0000000000000000 0000000000000000
0x000000b8937fc8b8:   0000000000000000 0000078391d38893
0x000000b8937fc8c8:   00007ffe744d6555 00000220c13f6fe0
0x000000b8937fc8d8:   0000000000004001 0000000000000000
0x000000b8937fc8e8:   00007ffee9b7b86b 0000000003390341
0x000000b8937fc8f8:   0000000000000097 00000220b56a9520
0x000000b8937fc908:   0000000000000000 0000000000000000 

Instructions: (pc=0x00007ffe74e7ebe3)
0x00007ffe74e7eae3:   c1 75 31 00 48 89 51 08 48 89 01 8b 44 24 28 89
0x00007ffe74e7eaf3:   41 20 8b 44 24 30 89 41 24 48 8b c1 4c 89 41 10
0x00007ffe74e7eb03:   4c 89 49 18 c3 cc cc cc cc cc cc cc cc 48 89 5c
0x00007ffe74e7eb13:   24 08 8b 41 5c 48 8d 1d e1 14 64 ff 41 89 40 08
0x00007ffe74e7eb23:   4c 8b d1 8b 41 60 45 33 db 41 89 40 0c 4c 8b ca
0x00007ffe74e7eb33:   8b 41 64 41 89 40 10 8b 41 68 41 89 40 14 8b 41
0x00007ffe74e7eb43:   6c 41 89 40 18 8b 41 70 41 89 40 1c 48 63 41 74
0x00007ffe74e7eb53:   48 6b c8 34 8b 84 19 44 d1 ee 00 41 89 40 20 8b
0x00007ffe74e7eb63:   84 19 48 d1 ee 00 41 89 40 24 8b 84 19 4c d1 ee
0x00007ffe74e7eb73:   00 41 89 40 28 8b 84 19 50 d1 ee 00 41 89 40 2c
0x00007ffe74e7eb83:   8b 84 19 34 d1 ee 00 41 89 40 30 8b 84 19 38 d1
0x00007ffe74e7eb93:   ee 00 41 89 40 34 8b 84 19 3c d1 ee 00 41 89 40
0x00007ffe74e7eba3:   38 8b 84 19 40 d1 ee 00 41 89 40 3c 8b 84 19 24
0x00007ffe74e7ebb3:   d1 ee 00 41 89 40 40 8b 84 19 28 d1 ee 00 41 89
0x00007ffe74e7ebc3:   40 44 8b 84 19 2c d1 ee 00 41 89 40 48 8b 84 19
0x00007ffe74e7ebd3:   30 d1 ee 00 41 89 40 4c 49 63 42 78 48 6b c8 34
0x00007ffe74e7ebe3:   8b 84 19 44 d1 ee 00 41 89 40 50 8b 84 19 48 d1
0x00007ffe74e7ebf3:   ee 00 41 89 40 54 8b 84 19 4c d1 ee 00 41 89 40
0x00007ffe74e7ec03:   58 8b 84 19 50 d1 ee 00 41 89 40 5c 8b 84 19 34
0x00007ffe74e7ec13:   d1 ee 00 41 89 40 60 8b 84 19 38 d1 ee 00 41 89
0x00007ffe74e7ec23:   40 64 8b 84 19 3c d1 ee 00 41 89 40 68 8b 84 19
0x00007ffe74e7ec33:   40 d1 ee 00 41 89 40 6c 8b 84 19 24 d1 ee 00 41
0x00007ffe74e7ec43:   89 40 70 8b 84 19 28 d1 ee 00 41 89 40 74 8b 84
0x00007ffe74e7ec53:   19 2c d1 ee 00 41 89 40 78 8b 84 19 30 d1 ee 00
0x00007ffe74e7ec63:   41 89 40 7c 48 8b 42 18 8b 88 38 0b 00 00 f6 c1
0x00007ffe74e7ec73:   08 0f 84 86 00 00 00 8b 80 3c 0b 00 00 41 89 80
0x00007ffe74e7ec83:   80 00 00 00 48 8b 42 18 8b 88 40 0b 00 00 41 89
0x00007ffe74e7ec93:   88 84 00 00 00 48 8b 42 18 8b 88 44 0b 00 00 41
0x00007ffe74e7eca3:   89 88 88 00 00 00 48 8b 42 18 8b 88 48 0b 00 00
0x00007ffe74e7ecb3:   41 89 88 8c 00 00 00 48 8b 42 18 8b 88 4c 0b 00
0x00007ffe74e7ecc3:   00 41 89 88 90 00 00 00 48 8b 42 18 8b 88 50 0b
0x00007ffe74e7ecd3:   00 00 41 89 88 94 00 00 00 48 8b 42 18 8b 88 54 


Stack slot to memory mapping:
stack at sp + 0 slots: 0x00007ffe74e7c31b ig9icd64.dll
stack at sp + 1 slots: 0x0000000000000001 is an unknown value
stack at sp + 2 slots: 0x0 is NULL
stack at sp + 3 slots: 0x00000220c13f6f00 points into unknown readable memory: 0x0000000000000000 | 00 00 00 00 00 00 00 00
stack at sp + 4 slots: 0x00007ffeda002622 igdgmm64.dll
stack at sp + 5 slots: 0x000000b800000065 is an unknown value
stack at sp + 6 slots: 0x000000b8937fca50 is pointing into the stack for thread: 0x00000220b5274090
stack at sp + 7 slots: 0x0 is NULL


---------------  P R O C E S S  ---------------

Threads class SMR info:
_java_thread_list=0x00000220c14cd140, length=26, elements={
0x000002208e256dc0, 0x00000220b090bdb0, 0x00000220b090d3c0, 0x00000220b0921d80,
0x00000220b0926850, 0x00000220b0929310, 0x00000220b0929cc0, 0x00000220b092a9a0,
0x00000220b0a95390, 0x00000220b0a9c4c0, 0x00000220b0b26d40, 0x00000220b51c4ff0,
0x00000220b0dbcd30, 0x00000220b56ef810, 0x00000220b528d0b0, 0x00000220b5274090,
0x00000220b5b566f0, 0x00000220b5c96540, 0x00000220b5c96070, 0x00000220b5c94860,
0x00000220c06125b0, 0x00000220c0610400, 0x00000220c06108d0, 0x00000220c060f590,
0x00000220c060fa60, 0x00000220b5458700
}

Java Threads: ( => current thread )
  0x000002208e256dc0 JavaThread "main" [_thread_blocked, id=16720, stack(0x000000b891b00000,0x000000b891c00000)]
  0x00000220b090bdb0 JavaThread "Reference Handler" daemon [_thread_blocked, id=20572, stack(0x000000b892300000,0x000000b892400000)]
  0x00000220b090d3c0 JavaThread "Finalizer" daemon [_thread_blocked, id=19468, stack(0x000000b892400000,0x000000b892500000)]
  0x00000220b0921d80 JavaThread "Signal Dispatcher" daemon [_thread_blocked, id=11064, stack(0x000000b892500000,0x000000b892600000)]
  0x00000220b0926850 JavaThread "Attach Listener" daemon [_thread_blocked, id=16552, stack(0x000000b892600000,0x000000b892700000)]
  0x00000220b0929310 JavaThread "Service Thread" daemon [_thread_blocked, id=15916, stack(0x000000b892700000,0x000000b892800000)]
  0x00000220b0929cc0 JavaThread "Monitor Deflation Thread" daemon [_thread_blocked, id=13688, stack(0x000000b892800000,0x000000b892900000)]
  0x00000220b092a9a0 JavaThread "C2 CompilerThread0" daemon [_thread_blocked, id=11940, stack(0x000000b892900000,0x000000b892a00000)]
  0x00000220b0a95390 JavaThread "C1 CompilerThread0" daemon [_thread_blocked, id=20436, stack(0x000000b892a00000,0x000000b892b00000)]
  0x00000220b0a9c4c0 JavaThread "Sweeper thread" daemon [_thread_blocked, id=14440, stack(0x000000b892b00000,0x000000b892c00000)]
  0x00000220b0b26d40 JavaThread "Common-Cleaner" daemon [_thread_blocked, id=16980, stack(0x000000b892c00000,0x000000b892d00000)]
  0x00000220b51c4ff0 JavaThread "Monitor Ctrl-Break" daemon [_thread_in_native, id=14400, stack(0x000000b892e00000,0x000000b892f00000)]
  0x00000220b0dbcd30 JavaThread "Notification Thread" daemon [_thread_blocked, id=21256, stack(0x000000b892f00000,0x000000b893000000)]
  0x00000220b56ef810 JavaThread "Java2D Disposer" daemon [_thread_blocked, id=14520, stack(0x000000b893400000,0x000000b893500000)]
  0x00000220b528d0b0 JavaThread "AWT-Shutdown" [_thread_blocked, id=10320, stack(0x000000b893500000,0x000000b893600000)]
=>0x00000220b5274090 JavaThread "AWT-EventQueue-0" [_thread_in_native, id=4348, stack(0x000000b893700000,0x000000b893800000)]
  0x00000220b5b566f0 JavaThread "Reference Cleaner" daemon [_thread_blocked, id=18076, stack(0x000000b892d00000,0x000000b892e00000)]
  0x00000220b5c96540 JavaThread "DefaultDispatcher-worker-2" daemon [_thread_blocked, id=14656, stack(0x000000b893900000,0x000000b893a00000)]
  0x00000220b5c96070 JavaThread "kotlinx.coroutines.DefaultExecutor" daemon [_thread_blocked, id=12684, stack(0x000000b893b00000,0x000000b893c00000)]
  0x00000220b5c94860 JavaThread "TimerQueue" daemon [_thread_blocked, id=2892, stack(0x000000b893c00000,0x000000b893d00000)]
  0x00000220c06125b0 JavaThread "RealmFinalizingDaemon" daemon [_thread_blocked, id=15920, stack(0x000000b894200000,0x000000b894300000)]
  0x00000220c0610400 JavaThread "core-notifier" daemon [_thread_in_native, id=19856, stack(0x000000b894400000,0x000000b894500000)]
  0x00000220c06108d0 JavaThread "DefaultDispatcher-worker-4" daemon [_thread_blocked, id=12952, stack(0x000000b894600000,0x000000b894700000)]
  0x00000220c060f590 JavaThread "DefaultDispatcher-worker-3" daemon [_thread_blocked, id=19532, stack(0x000000b894700000,0x000000b894800000)]
  0x00000220c060fa60 JavaThread "DefaultDispatcher-worker-1" daemon [_thread_blocked, id=18388, stack(0x000000b894800000,0x000000b894900000)]
  0x00000220b5458700 JavaThread "SIGINT handler" daemon [_thread_blocked, id=21224, stack(0x000000b891900000,0x000000b891a00000)]

Other Threads:
  0x00000220b0905ad0 VMThread "VM Thread" [stack: 0x000000b892200000,0x000000b892300000] [id=9804]
  0x000002208e2d8aa0 WatcherThread [stack: 0x000000b893000000,0x000000b893100000] [id=19704]
  0x000002208e2c0db0 GCTaskThread "GC Thread#0" [stack: 0x000000b891d00000,0x000000b891e00000] [id=16944]
  0x00000220b525ba80 GCTaskThread "GC Thread#1" [stack: 0x000000b893100000,0x000000b893200000] [id=13300]
  0x00000220b557b320 GCTaskThread "GC Thread#2" [stack: 0x000000b893200000,0x000000b893300000] [id=7628]
  0x00000220b557b5d0 GCTaskThread "GC Thread#3" [stack: 0x000000b893300000,0x000000b893400000] [id=8500]
  0x000002208e2d1a80 ConcurrentGCThread "G1 Main Marker" [stack: 0x000000b891e00000,0x000000b891f00000] [id=9968]
  0x000002208e2d2490 ConcurrentGCThread "G1 Conc#0" [stack: 0x000000b891f00000,0x000000b892000000] [id=21040]
  0x000002208e30de40 ConcurrentGCThread "G1 Refine#0" [stack: 0x000000b892000000,0x000000b892100000] [id=2788]
  0x000002208e30e860 ConcurrentGCThread "G1 Service" [stack: 0x000000b892100000,0x000000b892200000] [id=5784]

Threads with active compile tasks:

VM state: not at safepoint (normal execution)

VM Mutex/Monitor currently owned by a thread: None

Heap address: 0x0000000702600000, size: 4058 MB, Compressed Oops mode: Zero based, Oop shift amount: 3

CDS archive(s) mapped at: [0x0000000800000000-0x0000000800bc0000-0x0000000800bc0000), size 12320768, SharedBaseAddress: 0x0000000800000000, ArchiveRelocationMode: 0.
Compressed class space mapped at: 0x0000000801000000-0x0000000841000000, reserved size: 1073741824
Narrow klass base: 0x0000000800000000, Narrow klass shift: 0, Narrow klass range: 0x100000000

GC Precious Log:
 CPUs: 4 total, 4 available
 Memory: 16224M
 Large Page Support: Disabled
 NUMA Support: Disabled
 Compressed Oops: Enabled (Zero based)
 Heap Region Size: 2M
 Heap Min Capacity: 8M
 Heap Initial Capacity: 254M
 Heap Max Capacity: 4058M
 Pre-touch: Disabled
 Parallel Workers: 4
 Concurrent Workers: 1
 Concurrent Refinement Workers: 4
 Periodic GC: Disabled

Heap:
 garbage-first heap   total 90112K, used 53416K [0x0000000702600000, 0x0000000800000000)
  region size 2048K, 15 young (30720K), 0 survivors (0K)
 Metaspace       used 35043K, committed 35264K, reserved 1114112K
  class space    used 3741K, committed 3840K, reserved 1048576K

Heap Regions: E=young(eden), S=young(survivor), O=old, HS=humongous(starts), HC=humongous(continues), CS=collection set, F=free, OA=open archive, CA=closed archive, TAMS=top-at-mark-start (previous, next)
|   0|0x0000000702600000, 0x0000000702800000, 0x0000000702800000|100%|HS|  |TAMS 0x0000000702800000, 0x0000000702600000| Untracked 
|   1|0x0000000702800000, 0x0000000702a00000, 0x0000000702a00000|100%| O|  |TAMS 0x0000000702a00000, 0x0000000702800000| Untracked 
|   2|0x0000000702a00000, 0x0000000702bffda8, 0x0000000702c00000| 99%| O|  |TAMS 0x0000000702bffda8, 0x0000000702a00000| Untracked 
|   3|0x0000000702c00000, 0x0000000702e00000, 0x0000000702e00000|100%|HS|  |TAMS 0x0000000702e00000, 0x0000000702c00000| Untracked 
|   4|0x0000000702e00000, 0x0000000703000000, 0x0000000703000000|100%|HC|  |TAMS 0x0000000703000000, 0x0000000702e00000| Untracked 
|   5|0x0000000703000000, 0x0000000703200000, 0x0000000703200000|100%|HC|  |TAMS 0x0000000703200000, 0x0000000703000000| Untracked 
|   6|0x0000000703200000, 0x0000000703400000, 0x0000000703400000|100%|HC|  |TAMS 0x0000000703400000, 0x0000000703200000| Untracked 
|   7|0x0000000703400000, 0x00000007035fdad8, 0x0000000703600000| 99%| O|  |TAMS 0x00000007035fdad8, 0x0000000703400000| Untracked 
|   8|0x0000000703600000, 0x00000007037fffe8, 0x0000000703800000| 99%| O|  |TAMS 0x00000007037fffe8, 0x0000000703600000| Untracked 
|   9|0x0000000703800000, 0x00000007039caaa0, 0x0000000703a00000| 89%| O|  |TAMS 0x0000000703800000, 0x0000000703800000| Untracked 
|  10|0x0000000703a00000, 0x0000000703c00000, 0x0000000703c00000|100%| O|  |TAMS 0x0000000703c00000, 0x0000000703a00000| Untracked 
|  11|0x0000000703c00000, 0x0000000703e00000, 0x0000000703e00000|100%| O|  |TAMS 0x0000000703e00000, 0x0000000703c00000| Untracked 
|  12|0x0000000703e00000, 0x0000000703e604e8, 0x0000000704000000| 18%| O|  |TAMS 0x0000000703e00000, 0x0000000703e00000| Untracked 
|  13|0x0000000704000000, 0x0000000704000000, 0x0000000704200000|  0%| F|  |TAMS 0x0000000704000000, 0x0000000704000000| Untracked 
|  14|0x0000000704200000, 0x0000000704201bb8, 0x0000000704400000|  0%| O|  |TAMS 0x0000000704200000, 0x0000000704200000| Untracked 
|  15|0x0000000704400000, 0x0000000704400000, 0x0000000704600000|  0%| F|  |TAMS 0x0000000704400000, 0x0000000704400000| Untracked 
|  16|0x0000000704600000, 0x0000000704600000, 0x0000000704800000|  0%| F|  |TAMS 0x0000000704600000, 0x0000000704600000| Untracked 
|  17|0x0000000704800000, 0x0000000704800000, 0x0000000704a00000|  0%| F|  |TAMS 0x0000000704800000, 0x0000000704800000| Untracked 
|  18|0x0000000704a00000, 0x0000000704a00000, 0x0000000704c00000|  0%| F|  |TAMS 0x0000000704a00000, 0x0000000704a00000| Untracked 
|  19|0x0000000704c00000, 0x0000000704c00000, 0x0000000704e00000|  0%| F|  |TAMS 0x0000000704c00000, 0x0000000704c00000| Untracked 
|  20|0x0000000704e00000, 0x0000000704e00000, 0x0000000705000000|  0%| F|  |TAMS 0x0000000704e00000, 0x0000000704e00000| Untracked 
|  21|0x0000000705000000, 0x0000000705000000, 0x0000000705200000|  0%| F|  |TAMS 0x0000000705000000, 0x0000000705000000| Untracked 
|  22|0x0000000705200000, 0x0000000705200000, 0x0000000705400000|  0%| F|  |TAMS 0x0000000705200000, 0x0000000705200000| Untracked 
|  23|0x0000000705400000, 0x0000000705400000, 0x0000000705600000|  0%| F|  |TAMS 0x0000000705400000, 0x0000000705400000| Untracked 
|  24|0x0000000705600000, 0x0000000705600000, 0x0000000705800000|  0%| F|  |TAMS 0x0000000705600000, 0x0000000705600000| Untracked 
|  25|0x0000000705800000, 0x0000000705800000, 0x0000000705a00000|  0%| F|  |TAMS 0x0000000705800000, 0x0000000705800000| Untracked 
|  26|0x0000000705a00000, 0x0000000705a00000, 0x0000000705c00000|  0%| F|  |TAMS 0x0000000705a00000, 0x0000000705a00000| Untracked 
|  27|0x0000000705c00000, 0x0000000705c00000, 0x0000000705e00000|  0%| F|  |TAMS 0x0000000705c00000, 0x0000000705c00000| Untracked 
|  28|0x0000000705e00000, 0x0000000705e00000, 0x0000000706000000|  0%| F|  |TAMS 0x0000000705e00000, 0x0000000705e00000| Untracked 
|  29|0x0000000706000000, 0x00000007060abe60, 0x0000000706200000| 33%| E|  |TAMS 0x0000000706000000, 0x0000000706000000| Complete 
|  30|0x0000000706200000, 0x0000000706400000, 0x0000000706400000|100%| E|CS|TAMS 0x0000000706200000, 0x0000000706200000| Complete 
|  31|0x0000000706400000, 0x0000000706600000, 0x0000000706600000|100%| E|CS|TAMS 0x0000000706400000, 0x0000000706400000| Complete 
|  32|0x0000000706600000, 0x0000000706800000, 0x0000000706800000|100%| E|CS|TAMS 0x0000000706600000, 0x0000000706600000| Complete 
|  33|0x0000000706800000, 0x0000000706a00000, 0x0000000706a00000|100%| E|CS|TAMS 0x0000000706800000, 0x0000000706800000| Complete 
|  34|0x0000000706a00000, 0x0000000706c00000, 0x0000000706c00000|100%| E|CS|TAMS 0x0000000706a00000, 0x0000000706a00000| Complete 
|  35|0x0000000706c00000, 0x0000000706e00000, 0x0000000706e00000|100%| E|CS|TAMS 0x0000000706c00000, 0x0000000706c00000| Complete 
|  36|0x0000000706e00000, 0x0000000707000000, 0x0000000707000000|100%| E|CS|TAMS 0x0000000706e00000, 0x0000000706e00000| Complete 
|  37|0x0000000707000000, 0x0000000707200000, 0x0000000707200000|100%| E|CS|TAMS 0x0000000707000000, 0x0000000707000000| Complete 
|  38|0x0000000707200000, 0x0000000707400000, 0x0000000707400000|100%| E|CS|TAMS 0x0000000707200000, 0x0000000707200000| Complete 
|  39|0x0000000707400000, 0x0000000707600000, 0x0000000707600000|100%| E|CS|TAMS 0x0000000707400000, 0x0000000707400000| Complete 
|  40|0x0000000707600000, 0x0000000707800000, 0x0000000707800000|100%| E|CS|TAMS 0x0000000707600000, 0x0000000707600000| Complete 
|  41|0x0000000707800000, 0x0000000707a00000, 0x0000000707a00000|100%| E|CS|TAMS 0x0000000707800000, 0x0000000707800000| Complete 
|  42|0x0000000707a00000, 0x0000000707c00000, 0x0000000707c00000|100%| E|CS|TAMS 0x0000000707a00000, 0x0000000707a00000| Complete 
|  43|0x0000000707c00000, 0x0000000707e00000, 0x0000000707e00000|100%| E|CS|TAMS 0x0000000707c00000, 0x0000000707c00000| Complete 

Card table byte_map: [0x00000220a5540000,0x00000220a5d30000] _byte_map_base: 0x00000220a1d2d000

Marking Bits (Prev, Next): (CMBitMap*) 0x000002208e2c1400, (CMBitMap*) 0x000002208e2c13c0
 Prev Bits: [0x00000220aa490000, 0x00000220ae3f8000)
 Next Bits: [0x00000220a6520000, 0x00000220aa488000)

Polling page: 0x000002208da10000

Metaspace:

Usage:
  Non-class:     30.57 MB used.
      Class:      3.65 MB used.
       Both:     34.22 MB used.

Virtual space:
  Non-class space:       64.00 MB reserved,      30.69 MB ( 48%) committed,  1 nodes.
      Class space:        1.00 GB reserved,       3.75 MB ( <1%) committed,  1 nodes.
             Both:        1.06 GB reserved,      34.44 MB (  3%) committed. 

Chunk freelists:
   Non-Class:  496.00 KB
       Class:  12.27 MB
        Both:  12.75 MB

MaxMetaspaceSize: unlimited
CompressedClassSpaceSize: 1.00 GB
Initial GC threshold: 21.00 MB
Current GC threshold: 57.13 MB
CDS: on
MetaspaceReclaimPolicy: balanced
 - commit_granule_bytes: 65536.
 - commit_granule_words: 8192.
 - virtual_space_node_default_size: 8388608.
 - enlarge_chunks_in_place: 1.
 - new_chunks_are_fully_committed: 0.
 - uncommit_free_chunks: 1.
 - use_allocation_guard: 0.
 - handle_deallocations: 1.


Internal statistics:

num_allocs_failed_limit: 3.
num_arena_births: 160.
num_arena_deaths: 0.
num_vsnodes_births: 2.
num_vsnodes_deaths: 0.
num_space_committed: 551.
num_space_uncommitted: 0.
num_chunks_returned_to_freelist: 3.
num_chunks_taken_from_freelist: 1078.
num_chunk_merges: 3.
num_chunk_splits: 936.
num_chunks_enlarged: 852.
num_inconsistent_stats: 0.

CodeHeap 'non-profiled nmethods': size=120000Kb used=4797Kb max_used=4797Kb free=115202Kb
 bounds [0x000002209d820000, 0x000002209dcd0000, 0x00000220a4d50000]
CodeHeap 'profiled nmethods': size=120000Kb used=11198Kb max_used=11525Kb free=108801Kb
 bounds [0x0000022095d50000, 0x00000220968c0000, 0x000002209d280000]
CodeHeap 'non-nmethods': size=5760Kb used=1895Kb max_used=2001Kb free=3865Kb
 bounds [0x000002209d280000, 0x000002209d4f0000, 0x000002209d820000]
 total_blobs=7054 nmethods=5673 adapters=1292
 compilation: enabled
              stopped_count=0, restarted_count=0
 full_count=0

Compilation events (20 events):
Event: 198.678 Thread 0x00000220b0a95390 6479       3       androidx.compose.ui.platform.SkiaBasedOwner$snapshotObserver$1::invoke (12 bytes)
Event: 198.679 Thread 0x00000220b0a95390 nmethod 6479 0x0000022095feb390 code [0x0000022095feb5c0, 0x0000022095febe48]
Event: 198.679 Thread 0x00000220b0a95390 6480       3       androidx.compose.ui.platform.SkiaBasedOwner$snapshotObserver$1::invoke (29 bytes)
Event: 198.679 Thread 0x00000220b0a95390 nmethod 6480 0x0000022095dc2a90 code [0x0000022095dc2cc0, 0x0000022095dc33c8]
Event: 198.679 Thread 0x00000220b0a95390 6481       3       androidx.compose.ui.ComposeScene$attach$4::invoke (12 bytes)
Event: 198.680 Thread 0x00000220b0a95390 nmethod 6481 0x0000022095dc1d10 code [0x0000022095dc1f40, 0x0000022095dc27c8]
Event: 202.727 Thread 0x00000220b092a9a0 6482 %     4       java.awt.EventDispatchThread::pumpEventsForFilter @ 10 (47 bytes)
Event: 202.729 Thread 0x00000220b092a9a0 nmethod 6482% 0x000002209dcce890 code [0x000002209dccea20, 0x000002209dcceca8]
Event: 205.533 Thread 0x00000220b092a9a0 6483       4       java.util.concurrent.TimeUnit::toNanos (45 bytes)
Event: 205.534 Thread 0x00000220b092a9a0 nmethod 6483 0x000002209dccee10 code [0x000002209dccef80, 0x000002209dccf078]
Event: 211.918 Thread 0x00000220b0a95390 6484 %     3       kotlinx.coroutines.scheduling.CoroutineScheduler$Worker::runWorker @ 2 (118 bytes)
Event: 211.919 Thread 0x00000220b0a95390 nmethod 6484% 0x0000022095dc1090 code [0x0000022095dc12e0, 0x0000022095dc1a88]
Event: 215.332 Thread 0x00000220b0a95390 6485       3       kotlinx.coroutines.scheduling.CoroutineScheduler$Worker::runWorker (118 bytes)
Event: 215.332 Thread 0x00000220b0a95390 nmethod 6485 0x0000022095dc0490 code [0x0000022095dc06e0, 0x0000022095dc0e28]
Event: 240.822 Thread 0x00000220b0a95390 6486   !   3       java.util.concurrent.locks.AbstractQueuedSynchronizer::acquire (407 bytes)
Event: 240.824 Thread 0x00000220b0a95390 nmethod 6486 0x0000022095ff4810 code [0x0000022095ff4ba0, 0x0000022095ff65f8]
Event: 249.789 Thread 0x00000220b092a9a0 6487       4       java.util.concurrent.locks.LockSupport::setCurrentBlocker (14 bytes)
Event: 249.790 Thread 0x00000220b092a9a0 nmethod 6487 0x000002209dccf110 code [0x000002209dccf280, 0x000002209dccf3d8]
Event: 255.531 Thread 0x00000220b0a95390 6488       3       java.util.IdentityHashMap$IdentityHashMapIterator::nextIndex (72 bytes)
Event: 255.532 Thread 0x00000220b0a95390 nmethod 6488 0x0000022095feab10 code [0x0000022095feace0, 0x0000022095feb128]

GC Heap History (20 events):
Event: 113.554 GC heap before
{Heap before GC invocations=15 (full 3):
 garbage-first heap   total 90112K, used 71478K [0x0000000702600000, 0x0000000800000000)
  region size 2048K, 23 young (47104K), 0 survivors (0K)
 Metaspace       used 34933K, committed 35136K, reserved 1114112K
  class space    used 3738K, committed 3840K, reserved 1048576K
}
Event: 113.555 GC heap after
{Heap after GC invocations=16 (full 3):
 garbage-first heap   total 90112K, used 24711K [0x0000000702600000, 0x0000000800000000)
  region size 2048K, 1 young (2048K), 1 survivors (2048K)
 Metaspace       used 34933K, committed 35136K, reserved 1114112K
  class space    used 3738K, committed 3840K, reserved 1048576K
}
Event: 121.937 GC heap before
{Heap before GC invocations=16 (full 3):
 garbage-first heap   total 90112K, used 41095K [0x0000000702600000, 0x0000000800000000)
  region size 2048K, 10 young (20480K), 1 survivors (2048K)
 Metaspace       used 34935K, committed 35136K, reserved 1114112K
  class space    used 3738K, committed 3840K, reserved 1048576K
}
Event: 121.966 GC heap after
{Heap after GC invocations=17 (full 4):
 garbage-first heap   total 90112K, used 24495K [0x0000000702600000, 0x0000000800000000)
  region size 2048K, 0 young (0K), 0 survivors (0K)
 Metaspace       used 34935K, committed 35136K, reserved 1114112K
  class space    used 3738K, committed 3840K, reserved 1048576K
}
Event: 143.845 GC heap before
{Heap before GC invocations=17 (full 4):
 garbage-first heap   total 90112K, used 71599K [0x0000000702600000, 0x0000000800000000)
  region size 2048K, 23 young (47104K), 0 survivors (0K)
 Metaspace       used 34935K, committed 35136K, reserved 1114112K
  class space    used 3738K, committed 3840K, reserved 1048576K
}
Event: 143.846 GC heap after
{Heap after GC invocations=18 (full 4):
 garbage-first heap   total 90112K, used 24565K [0x0000000702600000, 0x0000000800000000)
  region size 2048K, 1 young (2048K), 1 survivors (2048K)
 Metaspace       used 34935K, committed 35136K, reserved 1114112K
  class space    used 3738K, committed 3840K, reserved 1048576K
}
Event: 151.968 GC heap before
{Heap before GC invocations=18 (full 4):
 garbage-first heap   total 90112K, used 40949K [0x0000000702600000, 0x0000000800000000)
  region size 2048K, 10 young (20480K), 1 survivors (2048K)
 Metaspace       used 34935K, committed 35136K, reserved 1114112K
  class space    used 3738K, committed 3840K, reserved 1048576K
}
Event: 151.997 GC heap after
{Heap after GC invocations=19 (full 5):
 garbage-first heap   total 90112K, used 24495K [0x0000000702600000, 0x0000000800000000)
  region size 2048K, 0 young (0K), 0 survivors (0K)
 Metaspace       used 34935K, committed 35136K, reserved 1114112K
  class space    used 3738K, committed 3840K, reserved 1048576K
}
Event: 176.314 GC heap before
{Heap before GC invocations=19 (full 5):
 garbage-first heap   total 90112K, used 73647K [0x0000000702600000, 0x0000000800000000)
  region size 2048K, 24 young (49152K), 0 survivors (0K)
 Metaspace       used 34935K, committed 35136K, reserved 1114112K
  class space    used 3738K, committed 3840K, reserved 1048576K
}
Event: 176.315 GC heap after
{Heap after GC invocations=20 (full 5):
 garbage-first heap   total 90112K, used 24565K [0x0000000702600000, 0x0000000800000000)
  region size 2048K, 1 young (2048K), 1 survivors (2048K)
 Metaspace       used 34935K, committed 35136K, reserved 1114112K
  class space    used 3738K, committed 3840K, reserved 1048576K
}
Event: 181.999 GC heap before
{Heap before GC invocations=20 (full 5):
 garbage-first heap   total 90112K, used 36853K [0x0000000702600000, 0x0000000800000000)
  region size 2048K, 8 young (16384K), 1 survivors (2048K)
 Metaspace       used 34935K, committed 35136K, reserved 1114112K
  class space    used 3738K, committed 3840K, reserved 1048576K
}
Event: 182.025 GC heap after
{Heap after GC invocations=21 (full 6):
 garbage-first heap   total 90112K, used 24735K [0x0000000702600000, 0x0000000800000000)
  region size 2048K, 0 young (0K), 0 survivors (0K)
 Metaspace       used 34935K, committed 35136K, reserved 1114112K
  class space    used 3738K, committed 3840K, reserved 1048576K
}
Event: 203.690 GC heap before
{Heap before GC invocations=21 (full 6):
 garbage-first heap   total 90112K, used 73887K [0x0000000702600000, 0x0000000800000000)
  region size 2048K, 24 young (49152K), 0 survivors (0K)
 Metaspace       used 35019K, committed 35200K, reserved 1114112K
  class space    used 3738K, committed 3840K, reserved 1048576K
}
Event: 203.691 GC heap after
{Heap after GC invocations=22 (full 6):
 garbage-first heap   total 90112K, used 24981K [0x0000000702600000, 0x0000000800000000)
  region size 2048K, 1 young (2048K), 1 survivors (2048K)
 Metaspace       used 35019K, committed 35200K, reserved 1114112K
  class space    used 3738K, committed 3840K, reserved 1048576K
}
Event: 212.029 GC heap before
{Heap before GC invocations=22 (full 6):
 garbage-first heap   total 90112K, used 41365K [0x0000000702600000, 0x0000000800000000)
  region size 2048K, 10 young (20480K), 1 survivors (2048K)
 Metaspace       used 35020K, committed 35200K, reserved 1114112K
  class space    used 3738K, committed 3840K, reserved 1048576K
}
Event: 212.058 GC heap after
{Heap after GC invocations=23 (full 7):
 garbage-first heap   total 90112K, used 24744K [0x0000000702600000, 0x0000000800000000)
  region size 2048K, 0 young (0K), 0 survivors (0K)
 Metaspace       used 35020K, committed 35200K, reserved 1114112K
  class space    used 3738K, committed 3840K, reserved 1048576K
}
Event: 234.321 GC heap before
{Heap before GC invocations=23 (full 7):
 garbage-first heap   total 90112K, used 71848K [0x0000000702600000, 0x0000000800000000)
  region size 2048K, 23 young (47104K), 0 survivors (0K)
 Metaspace       used 35020K, committed 35200K, reserved 1114112K
  class space    used 3738K, committed 3840K, reserved 1048576K
}
Event: 234.323 GC heap after
{Heap after GC invocations=24 (full 7):
 garbage-first heap   total 90112K, used 24812K [0x0000000702600000, 0x0000000800000000)
  region size 2048K, 1 young (2048K), 1 survivors (2048K)
 Metaspace       used 35020K, committed 35200K, reserved 1114112K
  class space    used 3738K, committed 3840K, reserved 1048576K
}
Event: 242.073 GC heap before
{Heap before GC invocations=24 (full 7):
 garbage-first heap   total 90112K, used 39148K [0x0000000702600000, 0x0000000800000000)
  region size 2048K, 9 young (18432K), 1 survivors (2048K)
 Metaspace       used 35020K, committed 35200K, reserved 1114112K
  class space    used 3738K, committed 3840K, reserved 1048576K
}
Event: 242.103 GC heap after
{Heap after GC invocations=25 (full 8):
 garbage-first heap   total 90112K, used 24744K [0x0000000702600000, 0x0000000800000000)
  region size 2048K, 0 young (0K), 0 survivors (0K)
 Metaspace       used 35020K, committed 35200K, reserved 1114112K
  class space    used 3738K, committed 3840K, reserved 1048576K
}

Dll operation events (14 events):
Event: 0.009 Loaded shared library C:\Users\HP\.jdks\corretto-17.0.7\bin\java.dll
Event: 0.021 Loaded shared library C:\Users\HP\.jdks\corretto-17.0.7\bin\jsvml.dll
Event: 0.213 Loaded shared library C:\Users\HP\.jdks\corretto-17.0.7\bin\zip.dll
Event: 0.216 Loaded shared library C:\Users\HP\.jdks\corretto-17.0.7\bin\instrument.dll
Event: 0.226 Loaded shared library C:\Users\HP\.jdks\corretto-17.0.7\bin\net.dll
Event: 0.228 Loaded shared library C:\Users\HP\.jdks\corretto-17.0.7\bin\nio.dll
Event: 0.232 Loaded shared library C:\Users\HP\.jdks\corretto-17.0.7\bin\zip.dll
Event: 0.366 Loaded shared library C:\Program Files\JetBrains\IntelliJ IDEA Community Edition 2021.3.2\bin\breakgen64.dll
Event: 0.575 Loaded shared library C:\Users\HP\.jdks\corretto-17.0.7\bin\jimage.dll
Event: 0.579 Loaded shared library C:\Users\HP\.jdks\corretto-17.0.7\bin\awt.dll
Event: 1.686 Loaded shared library C:\Users\HP\.skiko\0de0d8dd8554d9bb66cfca3837db6514ff9b71080e998917280a3b777460a416\skiko-windows-x64.dll
Event: 2.284 Loaded shared library C:\Users\HP\.jdks\corretto-17.0.7\bin\freetype.dll
Event: 2.286 Loaded shared library C:\Users\HP\.jdks\corretto-17.0.7\bin\fontmanager.dll
Event: 6.657 Loaded shared library C:\Users\HP\AppData\Local\io-realm-kotlin\f7113120ba00ba1ff91d696eecd3919e85a4e34e\realmc.dll

Deoptimization events (20 events):
Event: 255.540 Thread 0x00000220b5456a20 Uncommon trap: trap_request=0xffffff5c fr.pc=0x000002209dc9d280 relative=0x0000000000000300
Event: 255.540 Thread 0x00000220b5456a20 Uncommon trap: reason=speculate_null_check action=make_not_entrant pc=0x000002209dc9d280 method=java.util.concurrent.locks.AbstractQueuedSynchronizer.enqueue(Ljava/util/concurrent/locks/AbstractQueuedSynchronizer$Node;)V @ 15 c2
Event: 255.540 Thread 0x00000220b5456a20 DEOPT PACKING pc=0x000002209dc9d280 sp=0x000000b891afe010
Event: 255.540 Thread 0x00000220b5456a20 DEOPT UNPACKING pc=0x000002209d2d69a3 sp=0x000000b891afdfc8 mode 2
Event: 255.540 Thread 0x00000220b5c95200 Uncommon trap: trap_request=0xffffff45 fr.pc=0x000002209dcbb754 relative=0x00000000000006b4
Event: 255.540 Thread 0x00000220b5c95200 Uncommon trap: reason=unstable_if action=reinterpret pc=0x000002209dcbb754 method=kotlinx.coroutines.DispatchedCoroutine.tryResume()Z @ 14 c2
Event: 255.540 Thread 0x00000220b5c95200 DEOPT PACKING pc=0x000002209dcbb754 sp=0x000000b8941ff270
Event: 255.540 Thread 0x00000220b5c95200 DEOPT UNPACKING pc=0x000002209d2d69a3 sp=0x000000b8941ff1e0 mode 2
Event: 255.540 Thread 0x00000220b5456a20 Uncommon trap: trap_request=0xffffff45 fr.pc=0x000002209dcbad88 relative=0x0000000000000088
Event: 255.540 Thread 0x00000220b5456a20 Uncommon trap: reason=unstable_if action=reinterpret pc=0x000002209dcbad88 method=kotlinx.coroutines.DispatchedCoroutine.trySuspend()Z @ 14 c2
Event: 255.540 Thread 0x00000220b5456a20 DEOPT PACKING pc=0x000002209dcbad88 sp=0x000000b891afe440
Event: 255.540 Thread 0x00000220b5456a20 DEOPT UNPACKING pc=0x000002209d2d69a3 sp=0x000000b891afe360 mode 2
Event: 255.544 Thread 0x00000220c060ff30 Uncommon trap: trap_request=0xffffff45 fr.pc=0x000002209dc9cb80 relative=0x00000000000000e0
Event: 255.544 Thread 0x00000220c060ff30 Uncommon trap: reason=unstable_if action=reinterpret pc=0x000002209dc9cb80 method=java.util.concurrent.locks.AbstractQueuedSynchronizer$ConditionNode.isReleasable()Z @ 14 c2
Event: 255.544 Thread 0x00000220c060ff30 DEOPT PACKING pc=0x000002209dc9cb80 sp=0x000000b8945ff000
Event: 255.544 Thread 0x00000220c060ff30 DEOPT UNPACKING pc=0x000002209d2d69a3 sp=0x000000b8945fee68 mode 2
Event: 255.545 Thread 0x00000220b5c95200 Uncommon trap: trap_request=0xffffff45 fr.pc=0x000002209dc9cb80 relative=0x00000000000000e0
Event: 255.545 Thread 0x00000220b5c95200 Uncommon trap: reason=unstable_if action=reinterpret pc=0x000002209dc9cb80 method=java.util.concurrent.locks.AbstractQueuedSynchronizer$ConditionNode.isReleasable()Z @ 14 c2
Event: 255.545 Thread 0x00000220b5c95200 DEOPT PACKING pc=0x000002209dc9cb80 sp=0x000000b8941ff1c0
Event: 255.545 Thread 0x00000220b5c95200 DEOPT UNPACKING pc=0x000002209d2d69a3 sp=0x000000b8941ff028 mode 2

Classes unloaded (0 events):
No events

Classes redefined (0 events):
No events

Internal exceptions (20 events):
Event: 1.080 Thread 0x00000220b5274090 Exception <a 'java/lang/NoSuchMethodError'{0x0000000712013050}: 'java.lang.Object java.lang.invoke.DirectMethodHandle$Holder.invokeStaticInit(java.lang.Object, int, int, int, int)'> (0x0000000712013050) 
thrown [s\src\hotspot\share\interpreter\linkResolver.cpp, line 759]
Event: 1.290 Thread 0x00000220b5274090 Exception <a 'java/lang/NoSuchMethodError'{0x0000000711e02eb8}: 'java.lang.Object java.lang.invoke.DirectMethodHandle$Holder.invokeStaticInit(java.lang.Object, java.lang.Object, int, int, int, int)'> (0x0000000711e02eb8) 
thrown [s\src\hotspot\share\interpreter\linkResolver.cpp, line 759]
Event: 1.430 Thread 0x00000220b5274090 Exception <a 'java/lang/NoSuchMethodError'{0x0000000711d59f78}: 'double java.lang.invoke.DirectMethodHandle$Holder.invokeStatic(java.lang.Object, double)'> (0x0000000711d59f78) 
thrown [s\src\hotspot\share\interpreter\linkResolver.cpp, line 759]
Event: 1.430 Thread 0x00000220b5274090 Exception <a 'java/lang/NoSuchMethodError'{0x0000000711d5d9d8}: 'double java.lang.invoke.DirectMethodHandle$Holder.invokeStaticInit(java.lang.Object, double)'> (0x0000000711d5d9d8) 
thrown [s\src\hotspot\share\interpreter\linkResolver.cpp, line 759]
Event: 1.447 Thread 0x00000220b5274090 Exception <a 'java/lang/NoSuchMethodError'{0x0000000711da5af0}: 'java.lang.Object java.lang.invoke.DirectMethodHandle$Holder.newInvokeSpecial(java.lang.Object, double)'> (0x0000000711da5af0) 
thrown [s\src\hotspot\share\interpreter\linkResolver.cpp, line 759]
Event: 1.961 Thread 0x00000220b5274090 Exception <a 'java/lang/NoSuchMethodError'{0x0000000710c8d238}: 'void java.lang.invoke.DirectMethodHandle$Holder.invokeSpecial(java.lang.Object, java.lang.Object, java.lang.Object)'> (0x0000000710c8d238) 
thrown [s\src\hotspot\share\interpreter\linkResolver.cpp, line 759]
Event: 1.978 Thread 0x00000220b5274090 Exception <a 'java/lang/NoSuchMethodError'{0x0000000710cb7610}: 'java.lang.Object java.lang.invoke.DirectMethodHandle$Holder.newInvokeSpecial(java.lang.Object, java.lang.Object, java.lang.Object, java.lang.Object, java.lang.Object)'> (0x0000000710cb7610) 
thrown [s\src\hotspot\share\interpreter\linkResolver.cpp, line 759]
Event: 1.987 Thread 0x00000220b5274090 Exception <a 'java/lang/NoSuchMethodError'{0x0000000710cc3280}: 'java.lang.Object java.lang.invoke.DirectMethodHandle$Holder.invokeStatic(java.lang.Object, int, java.lang.Object, java.lang.Object, java.lang.Object, java.lang.Object)'> (0x0000000710cc3280) 
thrown [s\src\hotspot\share\interpreter\linkResolver.cpp, line 759]
Event: 1.997 Thread 0x00000220b5274090 Exception <a 'java/lang/NoSuchMethodError'{0x0000000710ce8ce8}: 'java.lang.Object java.lang.invoke.DirectMethodHandle$Holder.invokeStatic(java.lang.Object, int, java.lang.Object)'> (0x0000000710ce8ce8) 
thrown [s\src\hotspot\share\interpreter\linkResolver.cpp, line 759]
Event: 2.054 Thread 0x00000220b5274090 Exception <a 'java/lang/ClassNotFoundException'{0x0000000710da51c0}: com/sun/swing/internal/plaf/metal/resources/spi/metalProvider> (0x0000000710da51c0) 
thrown [s\src\hotspot\share\classfile\systemDictionary.cpp, line 256]
Event: 2.055 Thread 0x00000220b5274090 Exception <a 'java/lang/ClassNotFoundException'{0x0000000710da9160}: com/sun/swing/internal/plaf/basic/resources/spi/basicProvider> (0x0000000710da9160) 
thrown [s\src\hotspot\share\classfile\systemDictionary.cpp, line 256]
Event: 2.071 Thread 0x00000220b5274090 Implicit null exception at 0x000002209d84de90 to 0x000002209d84e264
Event: 2.071 Thread 0x00000220b5274090 Implicit null exception at 0x000002209d849e90 to 0x000002209d84a248
Event: 2.113 Thread 0x00000220b5274090 Exception <a 'java/lang/NoSuchMethodError'{0x0000000710aba4f0}: 'void java.lang.invoke.DirectMethodHandle$Holder.invokeStatic(java.lang.Object, java.lang.Object, java.lang.Object)'> (0x0000000710aba4f0) 
thrown [s\src\hotspot\share\interpreter\linkResolver.cpp, line 759]
Event: 2.279 Thread 0x00000220b5274090 Exception <a 'java/lang/NoSuchMethodError'{0x0000000710983828}: 'void java.lang.invoke.DirectMethodHandle$Holder.invokeStaticInit(java.lang.Object)'> (0x0000000710983828) 
thrown [s\src\hotspot\share\interpreter\linkResolver.cpp, line 759]
Event: 2.568 Thread 0x00000220b5274090 Exception <a 'java/lang/NoSuchMethodError'{0x00000007121e0370}: 'int java.lang.invoke.DirectMethodHandle$Holder.invokeStaticInit(java.lang.Object, java.lang.Object, java.lang.Object)'> (0x00000007121e0370) 
thrown [s\src\hotspot\share\interpreter\linkResolver.cpp, line 759]
Event: 3.115 Thread 0x00000220b56de4d0 Exception <a 'java/lang/NoSuchMethodError'{0x0000000710a00b68}: 'void java.lang.invoke.DirectMethodHandle$Holder.invokeVirtual(java.lang.Object, java.lang.Object)'> (0x0000000710a00b68) 
thrown [s\src\hotspot\share\interpreter\linkResolver.cpp, line 759]
Event: 5.716 Thread 0x00000220b5274090 Exception <a 'java/lang/NoSuchMethodError'{0x00000007048020d8}: 'int java.lang.invoke.DirectMethodHandle$Holder.invokeStaticInit(java.lang.Object, long, long)'> (0x00000007048020d8) 
thrown [s\src\hotspot\share\interpreter\linkResolver.cpp, line 759]
Event: 6.491 Thread 0x00000220b5274090 Exception <a 'java/lang/NoSuchMethodError'{0x0000000704f22618}: 'java.lang.Object java.lang.invoke.DirectMethodHandle$Holder.newInvokeSpecial(java.lang.Object, int, java.lang.Object)'> (0x0000000704f22618) 
thrown [s\src\hotspot\share\interpreter\linkResolver.cpp, line 759]
Event: 44.979 Thread 0x00000220b5274090 Implicit null exception at 0x000002209dc32d80 to 0x000002209dc32dfd

VM Operations (20 events):
Event: 181.998 Executing VM operation: G1CollectFull
Event: 182.025 Executing VM operation: G1CollectFull done
Event: 195.137 Executing VM operation: Cleanup
Event: 195.137 Executing VM operation: Cleanup done
Event: 196.140 Executing VM operation: Cleanup
Event: 196.140 Executing VM operation: Cleanup done
Event: 197.147 Executing VM operation: Cleanup
Event: 197.147 Executing VM operation: Cleanup done
Event: 198.150 Executing VM operation: Cleanup
Event: 198.150 Executing VM operation: Cleanup done
Event: 199.162 Executing VM operation: Cleanup
Event: 199.162 Executing VM operation: Cleanup done
Event: 203.690 Executing VM operation: G1CollectForAllocation
Event: 203.691 Executing VM operation: G1CollectForAllocation done
Event: 212.028 Executing VM operation: G1CollectFull
Event: 212.059 Executing VM operation: G1CollectFull done
Event: 234.321 Executing VM operation: G1CollectForAllocation
Event: 234.323 Executing VM operation: G1CollectForAllocation done
Event: 242.073 Executing VM operation: G1CollectFull
Event: 242.104 Executing VM operation: G1CollectFull done

Events (20 events):
Event: 18.965 Thread 0x00000220b0a9c4c0 flushing nmethod 0x00000220967e5010
Event: 18.965 Thread 0x00000220b0a9c4c0 flushing nmethod 0x00000220967e5390
Event: 19.052 Thread 0x00000220b5fdf860 Thread added: 0x00000220b5fdf860
Event: 19.452 Thread 0x00000220b5fdf860 Thread exited: 0x00000220b5fdf860
Event: 33.241 Thread 0x00000220b0a9c4c0 flushing nmethod 0x000002209da52a90
Event: 33.242 Thread 0x00000220b0a9c4c0 flushing nmethod 0x000002209db0ab90
Event: 33.247 Thread 0x00000220b0a9c4c0 flushing nmethod 0x00000220960db910
Event: 79.829 Thread 0x00000220b5c95ba0 Thread exited: 0x00000220b5c95ba0
Event: 79.829 Thread 0x00000220b5e63770 Thread exited: 0x00000220b5e63770
Event: 255.530 loading class jdk/internal/misc/Signal$1
Event: 255.530 loading class jdk/internal/misc/Signal$1 done
Event: 255.531 Thread 0x00000220b5458700 Thread added: 0x00000220b5458700
Event: 255.531 Thread 0x00000220b5456a20 Thread added: 0x00000220b5456a20
Event: 255.531 Thread 0x00000220b5457890 Thread added: 0x00000220b5457890
Event: 255.531 Thread 0x00000220b5453060 Thread added: 0x00000220b5453060
Event: 255.533 Thread 0x00000220b5453060 Thread exited: 0x00000220b5453060
Event: 255.540 Thread 0x00000220b56de4d0 Thread exited: 0x00000220b56de4d0
Event: 255.544 Thread 0x00000220b5456a20 Thread exited: 0x00000220b5456a20
Event: 255.545 Thread 0x00000220c060ff30 Thread exited: 0x00000220c060ff30
Event: 255.545 Thread 0x00000220b5c95200 Thread exited: 0x00000220b5c95200


Dynamic libraries:
0x00007ff7eeda0000 - 0x00007ff7eedad000 	C:\Users\HP\.jdks\corretto-17.0.7\bin\java.exe
0x00007ffee9b50000 - 0x00007ffee9d48000 	C:\Windows\SYSTEM32\ntdll.dll
0x00007ffee90d0000 - 0x00007ffee918f000 	C:\Windows\System32\KERNEL32.DLL
0x00007ffee7790000 - 0x00007ffee7a86000 	C:\Windows\System32\KERNELBASE.dll
0x00007ffee7410000 - 0x00007ffee7510000 	C:\Windows\System32\ucrtbase.dll
0x00007ffedd130000 - 0x00007ffedd147000 	C:\Users\HP\.jdks\corretto-17.0.7\bin\jli.dll
0x00007ffee9970000 - 0x00007ffee9b0d000 	C:\Windows\System32\USER32.dll
0x00007ffee76c0000 - 0x00007ffee76e2000 	C:\Windows\System32\win32u.dll
0x00007ffee90a0000 - 0x00007ffee90cc000 	C:\Windows\System32\GDI32.dll
0x00007ffee7a90000 - 0x00007ffee7ba5000 	C:\Windows\System32\gdi32full.dll
0x00007ffedf250000 - 0x00007ffedf265000 	C:\Users\HP\.jdks\corretto-17.0.7\bin\VCRUNTIME140.dll
0x00007ffecd150000 - 0x00007ffecd3ea000 	C:\Windows\WinSxS\amd64_microsoft.windows.common-controls_6595b64144ccf1df_6.0.19041.1110_none_60b5254171f9507e\COMCTL32.dll
0x00007ffee8310000 - 0x00007ffee83ae000 	C:\Windows\System32\msvcrt.dll
0x00007ffee72c0000 - 0x00007ffee735d000 	C:\Windows\System32\msvcp_win.dll
0x00007ffee8600000 - 0x00007ffee8630000 	C:\Windows\System32\IMM32.DLL
0x00007ffec73d0000 - 0x00007ffec746b000 	C:\Users\HP\.jdks\corretto-17.0.7\bin\msvcp140.dll
0x00007ffea5510000 - 0x00007ffea612a000 	C:\Users\HP\.jdks\corretto-17.0.7\bin\server\jvm.dll
0x00007ffee8630000 - 0x00007ffee86df000 	C:\Windows\System32\ADVAPI32.dll
0x00007ffee8560000 - 0x00007ffee85fc000 	C:\Windows\System32\sechost.dll
0x00007ffee7d70000 - 0x00007ffee7e96000 	C:\Windows\System32\RPCRT4.dll
0x00007ffee0fa0000 - 0x00007ffee0fa9000 	C:\Windows\SYSTEM32\WSOCK32.dll
0x00007ffee8e70000 - 0x00007ffee8edb000 	C:\Windows\System32\WS2_32.dll
0x00007ffecca00000 - 0x00007ffecca27000 	C:\Windows\SYSTEM32\WINMM.dll
0x00007ffedb320000 - 0x00007ffedb32a000 	C:\Windows\SYSTEM32\VERSION.dll
0x00007ffee5a20000 - 0x00007ffee5a32000 	C:\Windows\SYSTEM32\kernel.appcore.dll
0x00007ffedf290000 - 0x00007ffedf29a000 	C:\Users\HP\.jdks\corretto-17.0.7\bin\jimage.dll
0x00007ffee1f40000 - 0x00007ffee2124000 	C:\Windows\SYSTEM32\DBGHELP.DLL
0x00007ffecec70000 - 0x00007ffececa4000 	C:\Windows\SYSTEM32\dbgcore.DLL
0x00007ffee7230000 - 0x00007ffee72b2000 	C:\Windows\System32\bcryptPrimitives.dll
0x00007ffede550000 - 0x00007ffede55e000 	C:\Users\HP\.jdks\corretto-17.0.7\bin\instrument.dll
0x00007ffedbcf0000 - 0x00007ffedbd15000 	C:\Users\HP\.jdks\corretto-17.0.7\bin\java.dll
0x00007ffebaa40000 - 0x00007ffebab16000 	C:\Users\HP\.jdks\corretto-17.0.7\bin\jsvml.dll
0x00007ffee9190000 - 0x00007ffee98d4000 	C:\Windows\System32\SHELL32.dll
0x00007ffee2130000 - 0x00007ffee28c4000 	C:\Windows\SYSTEM32\windows.storage.dll
0x00007ffee8890000 - 0x00007ffee8be4000 	C:\Windows\System32\combase.dll
0x00007ffee6ab0000 - 0x00007ffee6ade000 	C:\Windows\SYSTEM32\Wldp.dll
0x00007ffee8f90000 - 0x00007ffee903d000 	C:\Windows\System32\SHCORE.dll
0x00007ffee9040000 - 0x00007ffee9095000 	C:\Windows\System32\shlwapi.dll
0x00007ffee7160000 - 0x00007ffee7185000 	C:\Windows\SYSTEM32\profapi.dll
0x00007ffedbcc0000 - 0x00007ffedbcd8000 	C:\Users\HP\.jdks\corretto-17.0.7\bin\zip.dll
0x00007ffedc060000 - 0x00007ffedc079000 	C:\Users\HP\.jdks\corretto-17.0.7\bin\net.dll
0x00007ffed8570000 - 0x00007ffed867a000 	C:\Windows\SYSTEM32\WINHTTP.dll
0x00007ffee6890000 - 0x00007ffee68fa000 	C:\Windows\system32\mswsock.dll
0x00007ffedbfe0000 - 0x00007ffedbff5000 	C:\Users\HP\.jdks\corretto-17.0.7\bin\nio.dll
0x00007ffedb970000 - 0x00007ffedb98a000 	C:\Program Files\JetBrains\IntelliJ IDEA Community Edition 2021.3.2\bin\breakgen64.dll
0x00007ffeba160000 - 0x00007ffeba309000 	C:\Users\HP\.jdks\corretto-17.0.7\bin\awt.dll
0x00007ffee87c0000 - 0x00007ffee888d000 	C:\Windows\System32\OLEAUT32.dll
0x00007ffee0ec0000 - 0x00007ffee0f51000 	C:\Windows\SYSTEM32\apphelp.dll
0x00007ffee1180000 - 0x00007ffee121e000 	C:\Windows\system32\uxtheme.dll
0x00007ffee8440000 - 0x00007ffee8554000 	C:\Windows\System32\MSCTF.dll
0x00007ffee8c00000 - 0x00007ffee8d2a000 	C:\Windows\System32\ole32.dll
0x00007ffee1320000 - 0x00007ffee134f000 	C:\Windows\system32\DWMAPI.DLL
0x00007ffeb5d50000 - 0x00007ffeb5e75000 	C:\Windows\system32\opengl32.dll
0x00007ffeb67f0000 - 0x00007ffeb681c000 	C:\Windows\SYSTEM32\GLU32.dll
0x00007ffee6af0000 - 0x00007ffee6b08000 	C:\Windows\SYSTEM32\CRYPTSP.dll
0x00007ffee61d0000 - 0x00007ffee6204000 	C:\Windows\system32\rsaenh.dll
0x00007ffee7760000 - 0x00007ffee7787000 	C:\Windows\System32\bcrypt.dll
0x00007ffee7120000 - 0x00007ffee714e000 	C:\Windows\SYSTEM32\USERENV.dll
0x00007ffee6a20000 - 0x00007ffee6a2c000 	C:\Windows\SYSTEM32\CRYPTBASE.dll
0x00007ffee65a0000 - 0x00007ffee65dc000 	C:\Windows\SYSTEM32\IPHLPAPI.DLL
0x00007ffee7d60000 - 0x00007ffee7d68000 	C:\Windows\System32\NSI.dll
0x00007ffeda430000 - 0x00007ffeda447000 	C:\Windows\SYSTEM32\dhcpcsvc6.DLL
0x00007ffed8d80000 - 0x00007ffed8d9d000 	C:\Windows\SYSTEM32\dhcpcsvc.DLL
0x00007ffee65e0000 - 0x00007ffee66aa000 	C:\Windows\SYSTEM32\DNSAPI.dll
0x00007ffe9d3a0000 - 0x00007ffe9e3ec000 	C:\Users\HP\.skiko\0de0d8dd8554d9bb66cfca3837db6514ff9b71080e998917280a3b777460a416\skiko-windows-x64.dll
0x00007ffec59a0000 - 0x00007ffec5a23000 	C:\Users\HP\.jdks\corretto-17.0.7\bin\freetype.dll
0x00007ffec1f80000 - 0x00007ffec2042000 	C:\Users\HP\.jdks\corretto-17.0.7\bin\fontmanager.dll
0x00007ffedbd50000 - 0x00007ffedbd57000 	C:\Users\HP\.jdks\corretto-17.0.7\bin\jawt.dll
0x00007ffee5a90000 - 0x00007ffee5b83000 	C:\Windows\SYSTEM32\Dxgi.dll
0x00007ffeced70000 - 0x00007ffeced90000 	C:\Windows\SYSTEM32\D3D12.dll
0x00007ffea94a0000 - 0x00007ffea966d000 	C:\Windows\SYSTEM32\D3D12Core.dll
0x00007ffeda9e0000 - 0x00007ffedaa1b000 	C:\Windows\SYSTEM32\dxcore.dll
0x00007ffee7670000 - 0x00007ffee76be000 	C:\Windows\System32\cfgmgr32.dll
0x00007ffed4390000 - 0x00007ffed6fa9000 	C:\Windows\System32\DriverStore\FileRepository\igdlh64.inf_amd64_e6daaea9afe1e6f6\igc64.dll
0x00007ffe72ab0000 - 0x00007ffe73f83000 	C:\Windows\System32\DriverStore\FileRepository\igdlh64.inf_amd64_e6daaea9afe1e6f6\igd12umd64.dll
0x00007ffeda000000 - 0x00007ffeda257000 	C:\Windows\System32\DriverStore\FileRepository\igdlh64.inf_amd64_e6daaea9afe1e6f6\igdgmm64.dll
0x00007ffea2920000 - 0x00007ffea2d2b000 	C:\Windows\System32\DriverStore\FileRepository\igdlh64.inf_amd64_e6daaea9afe1e6f6\igdml64.dll
0x00007ffeca980000 - 0x00007ffeca9ab000 	C:\Windows\SYSTEM32\D3DSCache.dll
0x00007ffe51780000 - 0x00007ffe55f82000 	C:\Windows\System32\DriverStore\FileRepository\igdlh64.inf_amd64_e6daaea9afe1e6f6\igd12dxva64.dll
0x00007ffee7ea0000 - 0x00007ffee830e000 	C:\Windows\System32\SETUPAPI.dll
0x00007ffe96bf0000 - 0x00007ffe96c17000 	C:\Windows\System32\DriverStore\FileRepository\igdlh64.inf_amd64_e6daaea9afe1e6f6\igdinfo64.dll
0x00007ffeddf50000 - 0x00007ffede157000 	C:\Windows\SYSTEM32\twinapi.appcore.dll
0x00007ffee8ee0000 - 0x00007ffee8f89000 	C:\Windows\System32\clbcatq.dll
0x00007ffe744c0000 - 0x00007ffe75492000 	C:\Windows\System32\DriverStore\FileRepository\igdlh64.inf_amd64_e6daaea9afe1e6f6\ig9icd64.dll
0x00007ffee7090000 - 0x00007ffee70db000 	C:\Windows\SYSTEM32\powrprof.dll
0x00007ffee7070000 - 0x00007ffee7082000 	C:\Windows\SYSTEM32\UMPDC.dll
0x00007ffed2250000 - 0x00007ffed24cf000 	C:\Windows\SYSTEM32\dwrite.dll
0x00007ffed3ec0000 - 0x00007ffed3fb9000 	C:\Windows\SYSTEM32\textinputframework.dll
0x00007ffee0460000 - 0x00007ffee07be000 	C:\Windows\System32\CoreUIComponents.dll
0x00007ffee0b40000 - 0x00007ffee0c32000 	C:\Windows\System32\CoreMessaging.dll
0x00007ffee62f0000 - 0x00007ffee6323000 	C:\Windows\SYSTEM32\ntmarta.dll
0x00007ffedf450000 - 0x00007ffedf5a4000 	C:\Windows\SYSTEM32\wintypes.dll
0x00007ffe60f60000 - 0x00007ffe61812000 	C:\Users\HP\AppData\Local\io-realm-kotlin\f7113120ba00ba1ff91d696eecd3919e85a4e34e\realmc.dll
0x00007ffee7510000 - 0x00007ffee766e000 	C:\Windows\System32\CRYPT32.dll

dbghelp: loaded successfully - version: 4.0.5 - missing functions: none
symbol engine: initialized successfully - sym options: 0x614 - pdb path: .;C:\Users\HP\.jdks\corretto-17.0.7\bin;C:\Windows\SYSTEM32;C:\Windows\WinSxS\amd64_microsoft.windows.common-controls_6595b64144ccf1df_6.0.19041.1110_none_60b5254171f9507e;C:\Users\HP\.jdks\corretto-17.0.7\bin\server;C:\Program Files\JetBrains\IntelliJ IDEA Community Edition 2021.3.2\bin;C:\Users\HP\.skiko\0de0d8dd8554d9bb66cfca3837db6514ff9b71080e998917280a3b777460a416;C:\Windows\System32\DriverStore\FileRepository\igdlh64.inf_amd64_e6daaea9afe1e6f6;C:\Users\HP\AppData\Local\io-realm-kotlin\f7113120ba00ba1ff91d696eecd3919e85a4e34e

VM Arguments:
jvm_args: -Djava.library.path=C:\Users\HP\Desktop\newderar\build\classes\kotlin\jvm\main;C:\Users\HP\Desktop\newderar\build\processedResources\jvm\main -javaagent:C:\Program Files\JetBrains\IntelliJ IDEA Community Edition 2021.3.2\lib\idea_rt.jar=51900:C:\Program Files\JetBrains\IntelliJ IDEA Community Edition 2021.3.2\bin -Dfile.encoding=UTF-8 
java_command: MainKt
java_class_path (initial): C:\Users\HP\Desktop\newderar\build\classes\kotlin\jvm\main;C:\Users\HP\Desktop\newderar\build\processedResources\jvm\main;C:\Users\HP\.gradle\caches\modules-2\files-2.1\io.insert-koin\koin-androidx-compose\3.4.5\ae0a88b7a68d507e651c5a3d70a541594bea54cb\koin-androidx-compose-3.4.5.aar;C:\Users\HP\.gradle\caches\modules-2\files-2.1\androidx.navigation\navigation-compose\2.6.0\3f8ce7b0bad21cced0c47b42b6347c65a6e422c3\navigation-compose-2.6.0.aar;C:\Users\HP\.gradle\caches\modules-2\files-2.1\org.jetbrains.kotlin\kotlin-stdlib-jdk8\1.8.21\67f57e154437cd9e6e9cf368394b95814836ff88\kotlin-stdlib-jdk8-1.8.21.jar;C:\Users\HP\.gradle\caches\modules-2\files-2.1\org.apache.poi\poi-ooxml\4.1.2\87d9a22aa9a7dd26e80c360e709f7ee02e32ab3b\poi-ooxml-4.1.2.jar;C:\Users\HP\.gradle\caches\modules-2\files-2.1\org.apache.poi\poi\4.1.2\964bf41cf68bce08e4ef6b2279b559fdf8d454f4\poi-4.1.2.jar;C:\Users\HP\.gradle\caches\modules-2\files-2.1\org.lwjgl\lwjgl-nfd\3.3.1\622318116996ddcff449b46cb38f0fdee39b8ac3\lwjgl-nfd-3.3.1.jar;C:\Users\HP\.gradle\caches\modules-2\files-2.1\org.lwjgl\lwjgl-nfd\3.3.1\2e007667e04ed3281152ae5c6e677fb1c2211691\lwjgl-nfd-3.3.1-natives-linux.jar;C:\Users\HP\.gradle\caches\modules-2\files-2.1\org.lwjgl\lwjgl\3.3.1\ae58664f88e18a9bb2c77b063833ca7aaec484cb\lwjgl-3.3.1.jar;C:\Users\HP\.gradle\caches\modules-2\files-2.1\io.insert-koin\koin-android\3.4.0\48715fbe06102a59a30bd45b06ed2400c16c6f45\koin-android-3.4.0.aar;C:\Users\HP\.gradle\caches\modules-2\files-2.1\org.lwjgl\lwjgl-nfd\3.3.1\b3e04e317f55dd738d8a345cdafd15b39f85a2ea\lwjgl-nfd-3.3.1-natives-linux-arm32.jar;C:\Users\HP\.gradle\caches\modules-2\files-2.1\androidx.lifecycle\lifecycle-viewmodel-compose\2.6.1\38cf3bb65ff3e0e5c3d63de2ebf5411d0898108c\lifecycle-viewmodel-compose-2.6.1.aar;C:\Users\HP\.gradle\caches\modules-2\files-2.1\org.lwjgl\lwjgl-nfd\3.3.1\f41dc62336f7ee4ab35705cfa440cc903d199165\lwjgl-nfd-3.3.1-natives-linux-arm64.jar;C:\Users\HP\.gradle\caches\modules-2\files-2.1\androi
Launcher Type: SUN_STANDARD

[Global flags]
     intx CICompilerCount                          = 3                                         {product} {ergonomic}
     uint ConcGCThreads                            = 1                                         {product} {ergonomic}
     uint G1ConcRefinementThreads                  = 4                                         {product} {ergonomic}
   size_t G1HeapRegionSize                         = 2097152                                   {product} {ergonomic}
    uintx GCDrainStackTargetSize                   = 64                                        {product} {ergonomic}
   size_t InitialHeapSize                          = 266338304                                 {product} {ergonomic}
   size_t MarkStackSize                            = 4194304                                   {product} {ergonomic}
   size_t MaxHeapSize                              = 4255121408                                {product} {ergonomic}
   size_t MaxNewSize                               = 2552233984                                {product} {ergonomic}
   size_t MinHeapDeltaBytes                        = 2097152                                   {product} {ergonomic}
   size_t MinHeapSize                              = 8388608                                   {product} {ergonomic}
    uintx NonNMethodCodeHeapSize                   = 5832780                                {pd product} {ergonomic}
    uintx NonProfiledCodeHeapSize                  = 122912730                              {pd product} {ergonomic}
    uintx ProfiledCodeHeapSize                     = 122912730                              {pd product} {ergonomic}
    uintx ReservedCodeCacheSize                    = 251658240                              {pd product} {ergonomic}
     bool SegmentedCodeCache                       = true                                      {product} {ergonomic}
   size_t SoftMaxHeapSize                          = 4255121408                             {manageable} {ergonomic}
     bool UseCompressedClassPointers               = true                           {product lp64_product} {ergonomic}
     bool UseCompressedOops                        = true                           {product lp64_product} {ergonomic}
     bool UseG1GC                                  = true                                      {product} {ergonomic}
     bool UseLargePagesIndividualAllocation        = false                                  {pd product} {ergonomic}

Logging:
Log output configuration:
 #0: stdout all=warning uptime,level,tags
 #1: stderr all=off uptime,level,tags

Environment Variables:
PATH=C:\Program Files\Common Files\Oracle\Java\javapath;C:\Program Files (x86)\Common Files\Oracle\Java\javapath;C:\Windows\system32;C:\Windows;C:\Windows\System32\Wbem;C:\Windows\System32\WindowsPowerShell\v1.0\;C:\Windows\System32\OpenSSH\;C:\xampp\php;C:\ProgramData\ComposerSetup\bin;C:\Program Files\nodejs\;C:\Program Files (x86)\Intel\Intel(R) Management Engine Components\DAL;C:\Program Files\Intel\Intel(R) Management Engine Components\DAL;C:\Program Files\Git\cmd;C:\Program Files\Fortect;C:\Users\HP\AppData\Local\Microsoft\WindowsApps;C:\Program Files\JetBrains\IntelliJ IDEA Community Edition 2021.3.2\bin;C:\Users\HP\AppData\Local\Programs\Microsoft VS Code\bin;C:\Users\HP\AppData\Local\JetBrains\Toolbox\scripts;C:\Users\HP\AppData\Local\GitHubDesktop\bin;C:\Users\HP\Desktop\camp\flutter_windows_3.7.6-stable\flutter\bin;C:\Users\HP\AppData\Roaming\Composer\vendor\bin;C:\Users\HP\AppData\Roaming\npm
USERNAME=HP
OS=Windows_NT
PROCESSOR_IDENTIFIER=Intel64 Family 6 Model 142 Stepping 9, GenuineIntel
TMP=C:\Users\HP\AppData\Local\Temp
TEMP=C:\Users\HP\AppData\Local\Temp



---------------  S Y S T E M  ---------------

OS:
 Windows 10 , 64 bit Build 19041 (10.0.19041.3155)
OS uptime: 2 days 20:15 hours
Hyper-V role detected

CPU: total 4 (initial active 4) (2 cores per cpu, 2 threads per core) family 6 model 142 stepping 9 microcode 0xf2, cx8, cmov, fxsr, ht, mmx, 3dnowpref, sse, sse2, sse3, ssse3, sse4.1, sse4.2, popcnt, lzcnt, tsc, tscinvbit, avx, avx2, aes, erms, clmul, bmi1, bmi2, rtm, adx, fma, vzeroupper, clflush, clflushopt, hv

Memory: 4k page, system-wide physical 16224M (6111M free)
TotalPageFile size 32096M (AvailPageFile size 20106M)
current process WorkingSet (physical memory assigned to process): 284M, peak: 377M
current process commit charge ("private bytes"): 289M, peak: 437M

vm_info: OpenJDK 64-Bit Server VM (17.0.7+7-LTS) for windows-amd64 JRE (17.0.7+7-LTS), built on Apr 14 2023 01:39:21 by "Administrator" with MS VC++ 15.9 (VS2017)

END.
