#
# A fatal error has been detected by the Java Runtime Environment:
#
#  EXCEPTION_ACCESS_VIOLATION (0xc0000005) at pc=0x00007ffe74e7ebe3, pid=12860, tid=9696
#
# JRE version: OpenJDK Runtime Environment Corretto-17.0.7.7.1 (17.0.7+7) (build 17.0.7+7-LTS)
# Java VM: OpenJDK 64-Bit Server VM Corretto-17.0.7.7.1 (17.0.7+7-LTS, mixed mode, sharing, tiered, compressed oops, compressed class ptrs, g1 gc, windows-amd64)
# Problematic frame:
# C  [ig9icd64.dll+0x9bebe3]
#
# No core dump will be written. Minidumps are not enabled by default on client versions of Windows
#
# If you would like to submit a bug report, please visit:
#   https://github.com/corretto/corretto-17/issues/
# The crash happened outside the Java Virtual Machine in native code.
# See problematic frame for where to report the bug.
#

---------------  S U M M A R Y ------------

Command Line: -Djava.library.path=C:\Users\HP\Desktop\newderar\build\classes\kotlin\jvm\main;C:\Users\HP\Desktop\newderar\build\processedResources\jvm\main -javaagent:C:\Program Files\JetBrains\IntelliJ IDEA Community Edition 2021.3.2\lib\idea_rt.jar=52883:C:\Program Files\JetBrains\IntelliJ IDEA Community Edition 2021.3.2\bin -Dfile.encoding=UTF-8 MainKt

Host: Intel(R) Core(TM) i5-7300U CPU @ 2.60GHz, 4 cores, 15G,  Windows 10 , 64 bit Build 19041 (10.0.19041.3155)
Time: Sat Jul  8 17:22:57 2023 Libya Standard Time elapsed time: 72.086561 seconds (0d 0h 1m 12s)

---------------  T H R E A D  ---------------

Current thread (0x000001b397c1d850):  JavaThread "AWT-EventQueue-0" [_thread_in_native, id=9696, stack(0x00000065a8a00000,0x00000065a8b00000)]

Stack: [0x00000065a8a00000,0x00000065a8b00000],  sp=0x00000065a8afc888,  free space=1010k
Native frames: (J=compiled Java code, j=interpreted, Vv=VM code, C=native code)
C  [ig9icd64.dll+0x9bebe3]

Java frames: (J=compiled Java code, j=interpreted, Vv=VM code)
J 6033  org.jetbrains.skia.DirectContextKt.DirectContext_nFlush(J)V (0 bytes) @ 0x000001b387dc3be9 [0x000001b387dc3ba0+0x0000000000000049]
J 6437 c2 org.jetbrains.skiko.redrawer.WindowsOpenGLRedrawer$Companion$frameDispatcher$1.invokeSuspend(Ljava/lang/Object;)Ljava/lang/Object; (379 bytes) @ 0x000001b387e8a64c [0x000001b387e89120+0x000000000000152c]
J 6436 c2 org.jetbrains.skiko.FrameDispatcher$job$1.invokeSuspend(Ljava/lang/Object;)Ljava/lang/Object; (156 bytes) @ 0x000001b387e86d2c [0x000001b387e86aa0+0x000000000000028c]
J 5104 c2 kotlin.coroutines.jvm.internal.BaseContinuationImpl.resumeWith(Ljava/lang/Object;)V (128 bytes) @ 0x000001b387d2bd00 [0x000001b387d2bca0+0x0000000000000060]
J 5427 c2 kotlinx.coroutines.DispatchedTask.run()V (571 bytes) @ 0x000001b387d59f28 [0x000001b387d59ba0+0x0000000000000388]
J 6004 c2 java.awt.EventQueue.dispatchEvent(Ljava/awt/AWTEvent;)V java.desktop@17.0.7 (80 bytes) @ 0x000001b387dad418 [0x000001b387dacde0+0x0000000000000638]
J 6017 c2 java.awt.EventDispatchThread.pumpOneEventForFilters(I)V java.desktop@17.0.7 (113 bytes) @ 0x000001b387dbe8ac [0x000001b387dbe1c0+0x00000000000006ec]
j  java.awt.EventDispatchThread.pumpEventsForFilter(ILjava/awt/Conditional;Ljava/awt/EventFilter;)V+35 java.desktop@17.0.7
j  java.awt.EventDispatchThread.pumpEventsForHierarchy(ILjava/awt/Conditional;Ljava/awt/Component;)V+11 java.desktop@17.0.7
j  java.awt.EventDispatchThread.pumpEvents(ILjava/awt/Conditional;)V+4 java.desktop@17.0.7
j  java.awt.EventDispatchThread.pumpEvents(Ljava/awt/Conditional;)V+3 java.desktop@17.0.7
j  java.awt.EventDispatchThread.run()V+9 java.desktop@17.0.7
v  ~StubRoutines::call_stub

siginfo: EXCEPTION_ACCESS_VIOLATION (0xc0000005), reading address 0xffffffffffffffff


Register to memory mapping:

RIP=0x00007ffe74e7ebe3 ig9icd64.dll
RAX=0x000000000fff0fff is an unknown value
RBX=0x00007ffe744c0000 ig9icd64.dll
RCX=0x000000033fcf3fcc is an unknown value
RDX=0x00000065a8afcda0 is pointing into the stack for thread: 0x000001b397c1d850
RSP=0x00000065a8afc888 is pointing into the stack for thread: 0x000001b397c1d850
RBP=0x00000065a8afc990 is pointing into the stack for thread: 0x000001b397c1d850
RSI=0x000001b39cf17f00 points into unknown readable memory: 0x000001b39d0d0e40 | 40 0e 0d 9d b3 01 00 00
RDI=0x00000065a8afcb90 is pointing into the stack for thread: 0x000001b397c1d850
R8 =0x00000065a8afc9c0 is pointing into the stack for thread: 0x000001b397c1d850
R9 =0x00000065a8afcda0 is pointing into the stack for thread: 0x000001b397c1d850
R10=0x00000065a8afcb90 is pointing into the stack for thread: 0x000001b397c1d850
R11=0x0 is NULL
R12=0x00007ffe752f15e0 ig9icd64.dll
R13=0x0 is NULL
R14=0x0 is NULL
R15=0x00000000000001c1 is an unknown value


Registers:
RAX=0x000000000fff0fff, RBX=0x00007ffe744c0000, RCX=0x000000033fcf3fcc, RDX=0x00000065a8afcda0
RSP=0x00000065a8afc888, RBP=0x00000065a8afc990, RSI=0x000001b39cf17f00, RDI=0x00000065a8afcb90
R8 =0x00000065a8afc9c0, R9 =0x00000065a8afcda0, R10=0x00000065a8afcb90, R11=0x0000000000000000
R12=0x00007ffe752f15e0, R13=0x0000000000000000, R14=0x0000000000000000, R15=0x00000000000001c1
RIP=0x00007ffe74e7ebe3, EFLAGS=0x0000000000010206

Top of Stack: (sp=0x00000065a8afc888)
0x00000065a8afc888:   00007ffe74e7c31b 0000000000000001
0x00000065a8afc898:   0000000000000000 000001b3a67fc400
0x00000065a8afc8a8:   00007ffeda002622 0000006500000065
0x00000065a8afc8b8:   00000065a8afcac0 0000000000000000
0x00000065a8afc8c8:   000001b3978e8690 0000000000000000
0x00000065a8afc8d8:   000001b3978e91b0 000001b3a67fc4a0
0x00000065a8afc8e8:   0000000000001100 0000000000000000
0x00000065a8afc8f8:   0000000000000000 00000065a8afca70
0x00000065a8afc908:   00007ffe74b179c0 0000000000000000
0x00000065a8afc918:   0000000000000000 0000000000000000
0x00000065a8afc928:   0000000000000000 00003b6876284a7b
0x00000065a8afc938:   00007ffe744d6555 000001b3a67fc4a0
0x00000065a8afc948:   0000000000000001 0000000000000000
0x00000065a8afc958:   00007ffee9b7b86b 00000000000b0001
0x00000065a8afc968:   00000000000000ac 000001b3a3611d00
0x00000065a8afc978:   0000000000000000 0000000000000000 

Instructions: (pc=0x00007ffe74e7ebe3)
0x00007ffe74e7eae3:   c1 75 31 00 48 89 51 08 48 89 01 8b 44 24 28 89
0x00007ffe74e7eaf3:   41 20 8b 44 24 30 89 41 24 48 8b c1 4c 89 41 10
0x00007ffe74e7eb03:   4c 89 49 18 c3 cc cc cc cc cc cc cc cc 48 89 5c
0x00007ffe74e7eb13:   24 08 8b 41 5c 48 8d 1d e1 14 64 ff 41 89 40 08
0x00007ffe74e7eb23:   4c 8b d1 8b 41 60 45 33 db 41 89 40 0c 4c 8b ca
0x00007ffe74e7eb33:   8b 41 64 41 89 40 10 8b 41 68 41 89 40 14 8b 41
0x00007ffe74e7eb43:   6c 41 89 40 18 8b 41 70 41 89 40 1c 48 63 41 74
0x00007ffe74e7eb53:   48 6b c8 34 8b 84 19 44 d1 ee 00 41 89 40 20 8b
0x00007ffe74e7eb63:   84 19 48 d1 ee 00 41 89 40 24 8b 84 19 4c d1 ee
0x00007ffe74e7eb73:   00 41 89 40 28 8b 84 19 50 d1 ee 00 41 89 40 2c
0x00007ffe74e7eb83:   8b 84 19 34 d1 ee 00 41 89 40 30 8b 84 19 38 d1
0x00007ffe74e7eb93:   ee 00 41 89 40 34 8b 84 19 3c d1 ee 00 41 89 40
0x00007ffe74e7eba3:   38 8b 84 19 40 d1 ee 00 41 89 40 3c 8b 84 19 24
0x00007ffe74e7ebb3:   d1 ee 00 41 89 40 40 8b 84 19 28 d1 ee 00 41 89
0x00007ffe74e7ebc3:   40 44 8b 84 19 2c d1 ee 00 41 89 40 48 8b 84 19
0x00007ffe74e7ebd3:   30 d1 ee 00 41 89 40 4c 49 63 42 78 48 6b c8 34
0x00007ffe74e7ebe3:   8b 84 19 44 d1 ee 00 41 89 40 50 8b 84 19 48 d1
0x00007ffe74e7ebf3:   ee 00 41 89 40 54 8b 84 19 4c d1 ee 00 41 89 40
0x00007ffe74e7ec03:   58 8b 84 19 50 d1 ee 00 41 89 40 5c 8b 84 19 34
0x00007ffe74e7ec13:   d1 ee 00 41 89 40 60 8b 84 19 38 d1 ee 00 41 89
0x00007ffe74e7ec23:   40 64 8b 84 19 3c d1 ee 00 41 89 40 68 8b 84 19
0x00007ffe74e7ec33:   40 d1 ee 00 41 89 40 6c 8b 84 19 24 d1 ee 00 41
0x00007ffe74e7ec43:   89 40 70 8b 84 19 28 d1 ee 00 41 89 40 74 8b 84
0x00007ffe74e7ec53:   19 2c d1 ee 00 41 89 40 78 8b 84 19 30 d1 ee 00
0x00007ffe74e7ec63:   41 89 40 7c 48 8b 42 18 8b 88 38 0b 00 00 f6 c1
0x00007ffe74e7ec73:   08 0f 84 86 00 00 00 8b 80 3c 0b 00 00 41 89 80
0x00007ffe74e7ec83:   80 00 00 00 48 8b 42 18 8b 88 40 0b 00 00 41 89
0x00007ffe74e7ec93:   88 84 00 00 00 48 8b 42 18 8b 88 44 0b 00 00 41
0x00007ffe74e7eca3:   89 88 88 00 00 00 48 8b 42 18 8b 88 48 0b 00 00
0x00007ffe74e7ecb3:   41 89 88 8c 00 00 00 48 8b 42 18 8b 88 4c 0b 00
0x00007ffe74e7ecc3:   00 41 89 88 90 00 00 00 48 8b 42 18 8b 88 50 0b
0x00007ffe74e7ecd3:   00 00 41 89 88 94 00 00 00 48 8b 42 18 8b 88 54 


Stack slot to memory mapping:
stack at sp + 0 slots: 0x00007ffe74e7c31b ig9icd64.dll
stack at sp + 1 slots: 0x0000000000000001 is an unknown value
stack at sp + 2 slots: 0x0 is NULL
stack at sp + 3 slots: 0x000001b3a67fc400 points into unknown readable memory: 0x0000000000000000 | 00 00 00 00 00 00 00 00
stack at sp + 4 slots: 0x00007ffeda002622 igdgmm64.dll
stack at sp + 5 slots: 0x0000006500000065 is an unknown value
stack at sp + 6 slots: 0x00000065a8afcac0 is pointing into the stack for thread: 0x000001b397c1d850
stack at sp + 7 slots: 0x0 is NULL


---------------  P R O C E S S  ---------------

Threads class SMR info:
_java_thread_list=0x000001b3a67e9c90, length=30, elements={
0x000001b3f48e8210, 0x000001b3970ba6f0, 0x000001b3970bbd00, 0x000001b3970d1ba0,
0x000001b3970d2660, 0x000001b3970d5120, 0x000001b3970d5ad0, 0x000001b3970d6860,
0x000001b397275560, 0x000001b397279dd0, 0x000001b39729dd00, 0x000001b397549150,
0x000001b397549620, 0x000001b397bf5a30, 0x000001b397bf5f00, 0x000001b397bf74e0,
0x000001b397c1d850, 0x000001b39c213c90, 0x000001b39c775ce0, 0x000001b39c5e15b0,
0x000001b39c5e1a80, 0x000001b39c5e4100, 0x000001b39c5e45d0, 0x000001b39c5e10e0,
0x000001b3a3485d80, 0x000001b3a348a0e0, 0x000001b3a348b8f0, 0x000001b3a348c290,
0x000001b3a99fbef0, 0x000001b3a99f8060
}

Java Threads: ( => current thread )
  0x000001b3f48e8210 JavaThread "main" [_thread_blocked, id=5960, stack(0x00000065a7000000,0x00000065a7100000)]
  0x000001b3970ba6f0 JavaThread "Reference Handler" daemon [_thread_blocked, id=5732, stack(0x00000065a7700000,0x00000065a7800000)]
  0x000001b3970bbd00 JavaThread "Finalizer" daemon [_thread_blocked, id=9928, stack(0x00000065a7800000,0x00000065a7900000)]
  0x000001b3970d1ba0 JavaThread "Signal Dispatcher" daemon [_thread_blocked, id=5656, stack(0x00000065a7900000,0x00000065a7a00000)]
  0x000001b3970d2660 JavaThread "Attach Listener" daemon [_thread_blocked, id=1796, stack(0x00000065a7a00000,0x00000065a7b00000)]
  0x000001b3970d5120 JavaThread "Service Thread" daemon [_thread_blocked, id=9044, stack(0x00000065a7b00000,0x00000065a7c00000)]
  0x000001b3970d5ad0 JavaThread "Monitor Deflation Thread" daemon [_thread_blocked, id=3092, stack(0x00000065a7c00000,0x00000065a7d00000)]
  0x000001b3970d6860 JavaThread "C2 CompilerThread0" daemon [_thread_blocked, id=14344, stack(0x00000065a7d00000,0x00000065a7e00000)]
  0x000001b397275560 JavaThread "C1 CompilerThread0" daemon [_thread_blocked, id=18952, stack(0x00000065a7e00000,0x00000065a7f00000)]
  0x000001b397279dd0 JavaThread "Sweeper thread" daemon [_thread_blocked, id=16292, stack(0x00000065a7f00000,0x00000065a8000000)]
  0x000001b39729dd00 JavaThread "Common-Cleaner" daemon [_thread_blocked, id=3820, stack(0x00000065a8000000,0x00000065a8100000)]
  0x000001b397549150 JavaThread "Monitor Ctrl-Break" daemon [_thread_in_native, id=4484, stack(0x00000065a8200000,0x00000065a8300000)]
  0x000001b397549620 JavaThread "Notification Thread" daemon [_thread_blocked, id=16460, stack(0x00000065a8300000,0x00000065a8400000)]
  0x000001b397bf5a30 JavaThread "Java2D Disposer" daemon [_thread_blocked, id=3348, stack(0x00000065a8100000,0x00000065a8200000)]
  0x000001b397bf5f00 JavaThread "AWT-Shutdown" [_thread_blocked, id=10880, stack(0x00000065a8800000,0x00000065a8900000)]
  0x000001b397bf74e0 JavaThread "AWT-Windows" daemon [_thread_in_native, id=6244, stack(0x00000065a8900000,0x00000065a8a00000)]
=>0x000001b397c1d850 JavaThread "AWT-EventQueue-0" [_thread_in_native, id=9696, stack(0x00000065a8a00000,0x00000065a8b00000)]
  0x000001b39c213c90 JavaThread "Reference Cleaner" daemon [_thread_blocked, id=10276, stack(0x00000065a8b00000,0x00000065a8c00000)]
  0x000001b39c775ce0 JavaThread "DefaultDispatcher-worker-1" daemon [_thread_blocked, id=8812, stack(0x00000065a8d00000,0x00000065a8e00000)]
  0x000001b39c5e15b0 JavaThread "DefaultDispatcher-worker-2" daemon [_thread_blocked, id=18616, stack(0x00000065a8e00000,0x00000065a8f00000)]
  0x000001b39c5e1a80 JavaThread "DefaultDispatcher-worker-3" daemon [_thread_blocked, id=10164, stack(0x00000065a8f00000,0x00000065a9000000)]
  0x000001b39c5e4100 JavaThread "kotlinx.coroutines.DefaultExecutor" daemon [_thread_blocked, id=16736, stack(0x00000065a9000000,0x00000065a9100000)]
  0x000001b39c5e45d0 JavaThread "TimerQueue" daemon [_thread_blocked, id=10980, stack(0x00000065a9400000,0x00000065a9500000)]
  0x000001b39c5e10e0 JavaThread "RealmFinalizingDaemon" daemon [_thread_blocked, id=18572, stack(0x00000065a9700000,0x00000065a9800000)]
  0x000001b3a3485d80 JavaThread "core-notifier" daemon [_thread_in_native, id=304, stack(0x00000065a9900000,0x00000065a9a00000)]
  0x000001b3a348a0e0 JavaThread "DefaultDispatcher-worker-4" daemon [_thread_blocked, id=5952, stack(0x00000065a9500000,0x00000065a9600000)]
  0x000001b3a348b8f0 JavaThread "DefaultDispatcher-worker-5" daemon [_thread_blocked, id=5696, stack(0x00000065a9b00000,0x00000065a9c00000)]
  0x000001b3a348c290 JavaThread "DefaultDispatcher-worker-6" daemon [_thread_blocked, id=16800, stack(0x00000065a9c00000,0x00000065a9d00000)]
  0x000001b3a99fbef0 JavaThread "SIGINT handler" daemon [_thread_blocked, id=9840, stack(0x00000065a6e00000,0x00000065a6f00000)]
  0x000001b3a99f8060 JavaThread "ToolkitShutdown" daemon [_thread_in_native, id=18564, stack(0x00000065a8c00000,0x00000065a8d00000)]

Other Threads:
  0x000001b3970b2680 VMThread "VM Thread" [stack: 0x00000065a7600000,0x00000065a7700000] [id=3404]
  0x000001b39761a5b0 WatcherThread [stack: 0x00000065a8400000,0x00000065a8500000] [id=12224]
  0x000001b3f49522b0 GCTaskThread "GC Thread#0" [stack: 0x00000065a7100000,0x00000065a7200000] [id=10844]
  0x000001b39793dfe0 GCTaskThread "GC Thread#1" [stack: 0x00000065a8500000,0x00000065a8600000] [id=17276]
  0x000001b39793e290 GCTaskThread "GC Thread#2" [stack: 0x00000065a8600000,0x00000065a8700000] [id=18280]
  0x000001b39793e540 GCTaskThread "GC Thread#3" [stack: 0x00000065a8700000,0x00000065a8800000] [id=10724]
  0x000001b3f4962f80 ConcurrentGCThread "G1 Main Marker" [stack: 0x00000065a7200000,0x00000065a7300000] [id=560]
  0x000001b3f4963990 ConcurrentGCThread "G1 Conc#0" [stack: 0x00000065a7300000,0x00000065a7400000] [id=15792]
  0x000001b396f660f0 ConcurrentGCThread "G1 Refine#0" [stack: 0x00000065a7400000,0x00000065a7500000] [id=764]
  0x000001b396f66920 ConcurrentGCThread "G1 Service" [stack: 0x00000065a7500000,0x00000065a7600000] [id=16516]

Threads with active compile tasks:

VM state: not at safepoint (normal execution)

VM Mutex/Monitor currently owned by a thread: None

Heap address: 0x0000000702600000, size: 4058 MB, Compressed Oops mode: Zero based, Oop shift amount: 3

CDS archive(s) mapped at: [0x0000000800000000-0x0000000800bc0000-0x0000000800bc0000), size 12320768, SharedBaseAddress: 0x0000000800000000, ArchiveRelocationMode: 0.
Compressed class space mapped at: 0x0000000801000000-0x0000000841000000, reserved size: 1073741824
Narrow klass base: 0x0000000800000000, Narrow klass shift: 0, Narrow klass range: 0x100000000

GC Precious Log:
 CPUs: 4 total, 4 available
 Memory: 16224M
 Large Page Support: Disabled
 NUMA Support: Disabled
 Compressed Oops: Enabled (Zero based)
 Heap Region Size: 2M
 Heap Min Capacity: 8M
 Heap Initial Capacity: 254M
 Heap Max Capacity: 4058M
 Pre-touch: Disabled
 Parallel Workers: 4
 Concurrent Workers: 1
 Concurrent Refinement Workers: 4
 Periodic GC: Disabled

Heap:
 garbage-first heap   total 90112K, used 42603K [0x0000000702600000, 0x0000000800000000)
  region size 2048K, 10 young (20480K), 0 survivors (0K)
 Metaspace       used 35422K, committed 35648K, reserved 1114112K
  class space    used 3775K, committed 3904K, reserved 1048576K

Heap Regions: E=young(eden), S=young(survivor), O=old, HS=humongous(starts), HC=humongous(continues), CS=collection set, F=free, OA=open archive, CA=closed archive, TAMS=top-at-mark-start (previous, next)
|   0|0x0000000702600000, 0x0000000702800000, 0x0000000702800000|100%|HS|  |TAMS 0x0000000702800000, 0x0000000702600000| Untracked 
|   1|0x0000000702800000, 0x0000000702a00000, 0x0000000702a00000|100%| O|  |TAMS 0x0000000702a00000, 0x0000000702800000| Untracked 
|   2|0x0000000702a00000, 0x0000000702bfffe8, 0x0000000702c00000| 99%| O|  |TAMS 0x0000000702bfffe8, 0x0000000702a00000| Untracked 
|   3|0x0000000702c00000, 0x0000000702dffff8, 0x0000000702e00000| 99%| O|  |TAMS 0x0000000702c00000, 0x0000000702c00000| Untracked 
|   4|0x0000000702e00000, 0x0000000702fc7d38, 0x0000000703000000| 89%| O|  |TAMS 0x0000000702e00000, 0x0000000702e00000| Untracked 
|   5|0x0000000703000000, 0x000000070318c410, 0x0000000703200000| 77%| O|  |TAMS 0x0000000703000000, 0x0000000703000000| Untracked 
|   6|0x0000000703200000, 0x0000000703200000, 0x0000000703400000|  0%| F|  |TAMS 0x0000000703200000, 0x0000000703200000| Untracked 
|   7|0x0000000703400000, 0x0000000703400000, 0x0000000703600000|  0%| F|  |TAMS 0x0000000703400000, 0x0000000703400000| Untracked 
|   8|0x0000000703600000, 0x0000000703600000, 0x0000000703800000|  0%| F|  |TAMS 0x0000000703600000, 0x0000000703600000| Untracked 
|   9|0x0000000703800000, 0x0000000703800000, 0x0000000703a00000|  0%| F|  |TAMS 0x0000000703800000, 0x0000000703800000| Untracked 
|  10|0x0000000703a00000, 0x0000000703c00000, 0x0000000703c00000|100%| O|  |TAMS 0x0000000703c00000, 0x0000000703a00000| Untracked 
|  11|0x0000000703c00000, 0x0000000703c00000, 0x0000000703e00000|  0%| F|  |TAMS 0x0000000703c00000, 0x0000000703c00000| Untracked 
|  12|0x0000000703e00000, 0x0000000703ffffa0, 0x0000000704000000| 99%| O|  |TAMS 0x0000000703ffffa0, 0x0000000703e00000| Untracked 
|  13|0x0000000704000000, 0x0000000704000000, 0x0000000704200000|  0%| F|  |TAMS 0x0000000704000000, 0x0000000704000000| Untracked 
|  14|0x0000000704200000, 0x0000000704246df0, 0x0000000704400000| 13%| O|  |TAMS 0x0000000704200000, 0x0000000704200000| Untracked 
|  15|0x0000000704400000, 0x0000000704400000, 0x0000000704600000|  0%| F|  |TAMS 0x0000000704400000, 0x0000000704400000| Untracked 
|  16|0x0000000704600000, 0x0000000704800000, 0x0000000704800000|100%|HS|  |TAMS 0x0000000704800000, 0x0000000704600000| Untracked 
|  17|0x0000000704800000, 0x0000000704a00000, 0x0000000704a00000|100%|HC|  |TAMS 0x0000000704a00000, 0x0000000704800000| Untracked 
|  18|0x0000000704a00000, 0x0000000704c00000, 0x0000000704c00000|100%|HC|  |TAMS 0x0000000704c00000, 0x0000000704a00000| Untracked 
|  19|0x0000000704c00000, 0x0000000704e00000, 0x0000000704e00000|100%|HC|  |TAMS 0x0000000704e00000, 0x0000000704c00000| Untracked 
|  20|0x0000000704e00000, 0x0000000704e00000, 0x0000000705000000|  0%| F|  |TAMS 0x0000000704e00000, 0x0000000704e00000| Untracked 
|  21|0x0000000705000000, 0x0000000705000000, 0x0000000705200000|  0%| F|  |TAMS 0x0000000705000000, 0x0000000705000000| Untracked 
|  22|0x0000000705200000, 0x0000000705200000, 0x0000000705400000|  0%| F|  |TAMS 0x0000000705200000, 0x0000000705200000| Untracked 
|  23|0x0000000705400000, 0x0000000705400000, 0x0000000705600000|  0%| F|  |TAMS 0x0000000705400000, 0x0000000705400000| Untracked 
|  24|0x0000000705600000, 0x0000000705600000, 0x0000000705800000|  0%| F|  |TAMS 0x0000000705600000, 0x0000000705600000| Untracked 
|  25|0x0000000705800000, 0x0000000705800000, 0x0000000705a00000|  0%| F|  |TAMS 0x0000000705800000, 0x0000000705800000| Untracked 
|  26|0x0000000705a00000, 0x0000000705a00000, 0x0000000705c00000|  0%| F|  |TAMS 0x0000000705a00000, 0x0000000705a00000| Untracked 
|  27|0x0000000705c00000, 0x0000000705c00000, 0x0000000705e00000|  0%| F|  |TAMS 0x0000000705c00000, 0x0000000705c00000| Untracked 
|  28|0x0000000705e00000, 0x0000000705e00000, 0x0000000706000000|  0%| F|  |TAMS 0x0000000705e00000, 0x0000000705e00000| Untracked 
|  29|0x0000000706000000, 0x0000000706000000, 0x0000000706200000|  0%| F|  |TAMS 0x0000000706000000, 0x0000000706000000| Untracked 
|  30|0x0000000706200000, 0x0000000706200000, 0x0000000706400000|  0%| F|  |TAMS 0x0000000706200000, 0x0000000706200000| Untracked 
|  31|0x0000000706400000, 0x0000000706400000, 0x0000000706600000|  0%| F|  |TAMS 0x0000000706400000, 0x0000000706400000| Untracked 
|  32|0x0000000706600000, 0x0000000706600000, 0x0000000706800000|  0%| F|  |TAMS 0x0000000706600000, 0x0000000706600000| Untracked 
|  33|0x0000000706800000, 0x0000000706800000, 0x0000000706a00000|  0%| F|  |TAMS 0x0000000706800000, 0x0000000706800000| Untracked 
|  34|0x0000000706a00000, 0x0000000706b01b78, 0x0000000706c00000| 50%| E|  |TAMS 0x0000000706a00000, 0x0000000706a00000| Complete 
|  35|0x0000000706c00000, 0x0000000706e00000, 0x0000000706e00000|100%| E|CS|TAMS 0x0000000706c00000, 0x0000000706c00000| Complete 
|  36|0x0000000706e00000, 0x0000000707000000, 0x0000000707000000|100%| E|CS|TAMS 0x0000000706e00000, 0x0000000706e00000| Complete 
|  37|0x0000000707000000, 0x0000000707200000, 0x0000000707200000|100%| E|CS|TAMS 0x0000000707000000, 0x0000000707000000| Complete 
|  38|0x0000000707200000, 0x0000000707400000, 0x0000000707400000|100%| E|CS|TAMS 0x0000000707200000, 0x0000000707200000| Complete 
|  39|0x0000000707400000, 0x0000000707600000, 0x0000000707600000|100%| E|CS|TAMS 0x0000000707400000, 0x0000000707400000| Complete 
|  40|0x0000000707600000, 0x0000000707800000, 0x0000000707800000|100%| E|CS|TAMS 0x0000000707600000, 0x0000000707600000| Complete 
|  41|0x0000000707800000, 0x0000000707a00000, 0x0000000707a00000|100%| E|CS|TAMS 0x0000000707800000, 0x0000000707800000| Complete 
|  42|0x0000000707a00000, 0x0000000707c00000, 0x0000000707c00000|100%| E|CS|TAMS 0x0000000707a00000, 0x0000000707a00000| Complete 
|  43|0x0000000707c00000, 0x0000000707e00000, 0x0000000707e00000|100%| E|CS|TAMS 0x0000000707c00000, 0x0000000707c00000| Complete 

Card table byte_map: [0x000001b3fcbd0000,0x000001b3fd3c0000] _byte_map_base: 0x000001b3f93bd000

Marking Bits (Prev, Next): (CMBitMap*) 0x000001b3f4952900, (CMBitMap*) 0x000001b3f49528c0
 Prev Bits: [0x000001b392f70000, 0x000001b396ed8000)
 Next Bits: [0x000001b38f000000, 0x000001b392f68000)

Polling page: 0x000001b3f2770000

Metaspace:

Usage:
  Non-class:     30.90 MB used.
      Class:      3.69 MB used.
       Both:     34.59 MB used.

Virtual space:
  Non-class space:       64.00 MB reserved,      31.00 MB ( 48%) committed,  1 nodes.
      Class space:        1.00 GB reserved,       3.81 MB ( <1%) committed,  1 nodes.
             Both:        1.06 GB reserved,      34.81 MB (  3%) committed. 

Chunk freelists:
   Non-Class:  592.00 KB
       Class:  12.23 MB
        Both:  12.81 MB

MaxMetaspaceSize: unlimited
CompressedClassSpaceSize: 1.00 GB
Initial GC threshold: 21.00 MB
Current GC threshold: 57.81 MB
CDS: on
MetaspaceReclaimPolicy: balanced
 - commit_granule_bytes: 65536.
 - commit_granule_words: 8192.
 - virtual_space_node_default_size: 8388608.
 - enlarge_chunks_in_place: 1.
 - new_chunks_are_fully_committed: 0.
 - uncommit_free_chunks: 1.
 - use_allocation_guard: 0.
 - handle_deallocations: 1.


Internal statistics:

num_allocs_failed_limit: 3.
num_arena_births: 160.
num_arena_deaths: 0.
num_vsnodes_births: 2.
num_vsnodes_deaths: 0.
num_space_committed: 557.
num_space_uncommitted: 0.
num_chunks_returned_to_freelist: 3.
num_chunks_taken_from_freelist: 1100.
num_chunk_merges: 3.
num_chunk_splits: 948.
num_chunks_enlarged: 862.
num_inconsistent_stats: 0.

CodeHeap 'non-profiled nmethods': size=120000Kb used=3912Kb max_used=3912Kb free=116088Kb
 bounds [0x000001b387ad0000, 0x000001b387eb0000, 0x000001b38f000000]
CodeHeap 'profiled nmethods': size=120000Kb used=10929Kb max_used=13048Kb free=109070Kb
 bounds [0x000001b380000000, 0x000001b380cc0000, 0x000001b387530000]
CodeHeap 'non-nmethods': size=5760Kb used=1868Kb max_used=1960Kb free=3891Kb
 bounds [0x000001b387530000, 0x000001b3877a0000, 0x000001b387ad0000]
 total_blobs=6990 nmethods=5647 adapters=1255
 compilation: enabled
              stopped_count=0, restarted_count=0
 full_count=0

Compilation events (20 events):
Event: 64.954 Thread 0x000001b3970d6860 nmethod 6452 0x000001b387e98790 code [0x000001b387e98a40, 0x000001b387e9a6d8]
Event: 64.954 Thread 0x000001b3970d6860 6453       4       kotlinx.coroutines.flow.StateFlowImpl$collect$1::invokeSuspend (29 bytes)
Event: 64.956 Thread 0x000001b3970d6860 nmethod 6453 0x000001b387e9b510 code [0x000001b387e9b6a0, 0x000001b387e9b868]
Event: 66.272 Thread 0x000001b3970d6860 6454       4       kotlinx.coroutines.intrinsics.CancellableKt::startCoroutineCancellable$default (17 bytes)
Event: 66.291 Thread 0x000001b3970d6860 nmethod 6454 0x000001b387e9b910 code [0x000001b387e9bb20, 0x000001b387e9c438]
Event: 67.946 Thread 0x000001b3970d6860 6455       4       java.util.concurrent.locks.ReentrantLock$NonfairSync::tryAcquire (27 bytes)
Event: 67.948 Thread 0x000001b3970d6860 nmethod 6455 0x000001b387e9cb90 code [0x000001b387e9cd00, 0x000001b387e9ceb8]
Event: 68.354 Thread 0x000001b3970d6860 6456       4       java.util.concurrent.locks.AbstractQueuedSynchronizer$ConditionObject::enableWait (84 bytes)
Event: 68.359 Thread 0x000001b3970d6860 nmethod 6456 0x000001b387e9cf90 code [0x000001b387e9d140, 0x000001b387e9d7e8]
Event: 69.860 Thread 0x000001b3970d6860 6457   !   4       java.util.concurrent.locks.AbstractQueuedSynchronizer::acquire (407 bytes)
Event: 69.897 Thread 0x000001b3970d6860 nmethod 6457 0x000001b387e9db10 code [0x000001b387e9dce0, 0x000001b387e9ec50]
Event: 70.917 Thread 0x000001b3970d6860 6458       4       org.jetbrains.skia.impl.Managed::close (124 bytes)
Event: 70.934 Thread 0x000001b3970d6860 nmethod 6458 0x000001b387e9f290 code [0x000001b387e9f460, 0x000001b387e9fd38]
Event: 72.047 Thread 0x000001b397275560 6459       3       java.util.IdentityHashMap$IdentityHashMapIterator::nextIndex (72 bytes)
Event: 72.047 Thread 0x000001b397275560 nmethod 6459 0x000001b380780f90 code [0x000001b380781160, 0x000001b3807815a8]
Event: 72.056 Thread 0x000001b397275560 6460       3       jdk.internal.org.objectweb.asm.Frame::getInputStackSize (6 bytes)
Event: 72.056 Thread 0x000001b397275560 nmethod 6460 0x000001b38035b810 code [0x000001b38035b9a0, 0x000001b38035bab8]
Event: 72.056 Thread 0x000001b3970d6860 6461       4       jdk.internal.org.objectweb.asm.SymbolTable::get (13 bytes)
Event: 72.056 Thread 0x000001b397275560 6462       3       jdk.internal.org.objectweb.asm.Frame::accept (264 bytes)
Event: 72.057 Thread 0x000001b3970d6860 nmethod 6461 0x000001b387ea0110 code [0x000001b387ea0280, 0x000001b387ea0358]

GC Heap History (20 events):
Event: 2.871 GC heap before
{Heap before GC invocations=2 (full 0):
 garbage-first heap   total 260096K, used 34899K [0x0000000702600000, 0x0000000800000000)
  region size 2048K, 14 young (28672K), 1 survivors (2048K)
 Metaspace       used 14322K, committed 14528K, reserved 1114112K
  class space    used 1467K, committed 1536K, reserved 1048576K
}
Event: 2.874 GC heap after
{Heap after GC invocations=3 (full 0):
 garbage-first heap   total 260096K, used 9821K [0x0000000702600000, 0x0000000800000000)
  region size 2048K, 2 young (4096K), 2 survivors (4096K)
 Metaspace       used 14322K, committed 14528K, reserved 1114112K
  class space    used 1467K, committed 1536K, reserved 1048576K
}
Event: 4.271 GC heap before
{Heap before GC invocations=3 (full 0):
 garbage-first heap   total 260096K, used 46685K [0x0000000702600000, 0x0000000800000000)
  region size 2048K, 21 young (43008K), 2 survivors (4096K)
 Metaspace       used 21349K, committed 21504K, reserved 1114112K
  class space    used 2279K, committed 2368K, reserved 1048576K
}
Event: 4.276 GC heap after
{Heap after GC invocations=4 (full 0):
 garbage-first heap   total 260096K, used 11305K [0x0000000702600000, 0x0000000800000000)
  region size 2048K, 2 young (4096K), 2 survivors (4096K)
 Metaspace       used 21349K, committed 21504K, reserved 1114112K
  class space    used 2279K, committed 2368K, reserved 1048576K
}
Event: 5.846 GC heap before
{Heap before GC invocations=5 (full 0):
 garbage-first heap   total 49152K, used 37929K [0x0000000702600000, 0x0000000800000000)
  region size 2048K, 10 young (20480K), 2 survivors (4096K)
 Metaspace       used 24167K, committed 24384K, reserved 1114112K
  class space    used 2617K, committed 2752K, reserved 1048576K
}
Event: 5.851 GC heap after
{Heap after GC invocations=6 (full 0):
 garbage-first heap   total 49152K, used 23927K [0x0000000702600000, 0x0000000800000000)
  region size 2048K, 1 young (2048K), 1 survivors (2048K)
 Metaspace       used 24167K, committed 24384K, reserved 1114112K
  class space    used 2617K, committed 2752K, reserved 1048576K
}
Event: 5.899 GC heap before
{Heap before GC invocations=6 (full 0):
 garbage-first heap   total 49152K, used 23927K [0x0000000702600000, 0x0000000800000000)
  region size 2048K, 2 young (4096K), 1 survivors (2048K)
 Metaspace       used 24481K, committed 24640K, reserved 1114112K
  class space    used 2660K, committed 2752K, reserved 1048576K
}
Event: 5.902 GC heap after
{Heap after GC invocations=7 (full 0):
 garbage-first heap   total 49152K, used 18559K [0x0000000702600000, 0x0000000800000000)
  region size 2048K, 1 young (2048K), 1 survivors (2048K)
 Metaspace       used 24481K, committed 24640K, reserved 1114112K
  class space    used 2660K, committed 2752K, reserved 1048576K
}
Event: 6.152 GC heap before
{Heap before GC invocations=7 (full 0):
 garbage-first heap   total 49152K, used 32895K [0x0000000702600000, 0x0000000800000000)
  region size 2048K, 8 young (16384K), 1 survivors (2048K)
 Metaspace       used 26721K, committed 26880K, reserved 1114112K
  class space    used 2935K, committed 3008K, reserved 1048576K
}
Event: 6.156 GC heap after
{Heap after GC invocations=8 (full 0):
 garbage-first heap   total 49152K, used 19855K [0x0000000702600000, 0x0000000800000000)
  region size 2048K, 1 young (2048K), 1 survivors (2048K)
 Metaspace       used 26721K, committed 26880K, reserved 1114112K
  class space    used 2935K, committed 3008K, reserved 1048576K
}
Event: 6.494 GC heap before
{Heap before GC invocations=8 (full 0):
 garbage-first heap   total 49152K, used 34191K [0x0000000702600000, 0x0000000800000000)
  region size 2048K, 8 young (16384K), 1 survivors (2048K)
 Metaspace       used 29862K, committed 30144K, reserved 1114112K
  class space    used 3314K, committed 3456K, reserved 1048576K
}
Event: 6.498 GC heap after
{Heap after GC invocations=9 (full 0):
 garbage-first heap   total 49152K, used 20932K [0x0000000702600000, 0x0000000800000000)
  region size 2048K, 1 young (2048K), 1 survivors (2048K)
 Metaspace       used 29862K, committed 30144K, reserved 1114112K
  class space    used 3314K, committed 3456K, reserved 1048576K
}
Event: 6.721 GC heap before
{Heap before GC invocations=9 (full 0):
 garbage-first heap   total 49152K, used 35268K [0x0000000702600000, 0x0000000800000000)
  region size 2048K, 8 young (16384K), 1 survivors (2048K)
 Metaspace       used 32246K, committed 32448K, reserved 1114112K
  class space    used 3603K, committed 3712K, reserved 1048576K
}
Event: 6.724 GC heap after
{Heap after GC invocations=10 (full 0):
 garbage-first heap   total 155648K, used 21449K [0x0000000702600000, 0x0000000800000000)
  region size 2048K, 1 young (2048K), 1 survivors (2048K)
 Metaspace       used 32246K, committed 32448K, reserved 1114112K
  class space    used 3603K, committed 3712K, reserved 1048576K
}
Event: 32.306 GC heap before
{Heap before GC invocations=10 (full 0):
 garbage-first heap   total 155648K, used 103369K [0x0000000702600000, 0x0000000800000000)
  region size 2048K, 38 young (77824K), 1 survivors (2048K)
 Metaspace       used 35278K, committed 35520K, reserved 1114112K
  class space    used 3760K, committed 3904K, reserved 1048576K
}
Event: 32.336 GC heap after
{Heap after GC invocations=11 (full 1):
 garbage-first heap   total 90112K, used 24390K [0x0000000702600000, 0x0000000800000000)
  region size 2048K, 0 young (0K), 0 survivors (0K)
 Metaspace       used 35278K, committed 35520K, reserved 1114112K
  class space    used 3760K, committed 3904K, reserved 1048576K
}
Event: 52.689 GC heap before
{Heap before GC invocations=11 (full 1):
 garbage-first heap   total 90112K, used 67398K [0x0000000702600000, 0x0000000800000000)
  region size 2048K, 21 young (43008K), 0 survivors (0K)
 Metaspace       used 35295K, committed 35520K, reserved 1114112K
  class space    used 3760K, committed 3904K, reserved 1048576K
}
Event: 52.690 GC heap after
{Heap after GC invocations=12 (full 1):
 garbage-first heap   total 90112K, used 24660K [0x0000000702600000, 0x0000000800000000)
  region size 2048K, 1 young (2048K), 1 survivors (2048K)
 Metaspace       used 35295K, committed 35520K, reserved 1114112K
  class space    used 3760K, committed 3904K, reserved 1048576K
}
Event: 62.402 GC heap before
{Heap before GC invocations=12 (full 1):
 garbage-first heap   total 90112K, used 43092K [0x0000000702600000, 0x0000000800000000)
  region size 2048K, 11 young (22528K), 1 survivors (2048K)
 Metaspace       used 35315K, committed 35520K, reserved 1114112K
  class space    used 3761K, committed 3904K, reserved 1048576K
}
Event: 62.430 GC heap after
{Heap after GC invocations=13 (full 2):
 garbage-first heap   total 90112K, used 24171K [0x0000000702600000, 0x0000000800000000)
  region size 2048K, 0 young (0K), 0 survivors (0K)
 Metaspace       used 35315K, committed 35520K, reserved 1114112K
  class space    used 3761K, committed 3904K, reserved 1048576K
}

Dll operation events (14 events):
Event: 0.012 Loaded shared library C:\Users\HP\.jdks\corretto-17.0.7\bin\java.dll
Event: 0.024 Loaded shared library C:\Users\HP\.jdks\corretto-17.0.7\bin\jsvml.dll
Event: 0.245 Loaded shared library C:\Users\HP\.jdks\corretto-17.0.7\bin\zip.dll
Event: 0.248 Loaded shared library C:\Users\HP\.jdks\corretto-17.0.7\bin\instrument.dll
Event: 0.257 Loaded shared library C:\Users\HP\.jdks\corretto-17.0.7\bin\net.dll
Event: 0.259 Loaded shared library C:\Users\HP\.jdks\corretto-17.0.7\bin\nio.dll
Event: 0.264 Loaded shared library C:\Users\HP\.jdks\corretto-17.0.7\bin\zip.dll
Event: 0.376 Loaded shared library C:\Program Files\JetBrains\IntelliJ IDEA Community Edition 2021.3.2\bin\breakgen64.dll
Event: 0.659 Loaded shared library C:\Users\HP\.jdks\corretto-17.0.7\bin\jimage.dll
Event: 0.665 Loaded shared library C:\Users\HP\.jdks\corretto-17.0.7\bin\awt.dll
Event: 2.141 Loaded shared library C:\Users\HP\.skiko\0de0d8dd8554d9bb66cfca3837db6514ff9b71080e998917280a3b777460a416\skiko-windows-x64.dll
Event: 2.823 Loaded shared library C:\Users\HP\.jdks\corretto-17.0.7\bin\freetype.dll
Event: 2.824 Loaded shared library C:\Users\HP\.jdks\corretto-17.0.7\bin\fontmanager.dll
Event: 6.390 Loaded shared library C:\Users\HP\AppData\Local\io-realm-kotlin\f7113120ba00ba1ff91d696eecd3919e85a4e34e\realmc.dll

Deoptimization events (20 events):
Event: 72.051 Thread 0x000001b3a99fea40 Uncommon trap: trap_request=0xffffffc6 fr.pc=0x000001b387d7bf08 relative=0x0000000000000068
Event: 72.051 Thread 0x000001b3a99fea40 Uncommon trap: reason=bimorphic_or_optimized_type_check action=maybe_recompile pc=0x000001b387d7bf08 method=kotlinx.coroutines.AbstractCoroutine.afterResume(Ljava/lang/Object;)V @ 2 c2
Event: 72.051 Thread 0x000001b3a99fea40 DEOPT PACKING pc=0x000001b387d7bf08 sp=0x00000065a9ffe860
Event: 72.051 Thread 0x000001b3a99fea40 DEOPT UNPACKING pc=0x000001b3875869a3 sp=0x00000065a9ffe7e8 mode 2
Event: 72.052 Thread 0x000001b3a348bdc0 Uncommon trap: trap_request=0xffffffc6 fr.pc=0x000001b387d7bf08 relative=0x0000000000000068
Event: 72.052 Thread 0x000001b3a348bdc0 Uncommon trap: reason=bimorphic_or_optimized_type_check action=maybe_recompile pc=0x000001b387d7bf08 method=kotlinx.coroutines.AbstractCoroutine.afterResume(Ljava/lang/Object;)V @ 2 c2
Event: 72.052 Thread 0x000001b3a348bdc0 DEOPT PACKING pc=0x000001b387d7bf08 sp=0x00000065a9aff4d0
Event: 72.052 Thread 0x000001b3a348bdc0 DEOPT UNPACKING pc=0x000001b3875869a3 sp=0x00000065a9aff458 mode 2
Event: 72.054 Thread 0x000001b3a99fea40 Uncommon trap: trap_request=0xffffffc6 fr.pc=0x000001b387d7bf08 relative=0x0000000000000068
Event: 72.054 Thread 0x000001b3a99fea40 Uncommon trap: reason=bimorphic_or_optimized_type_check action=maybe_recompile pc=0x000001b387d7bf08 method=kotlinx.coroutines.AbstractCoroutine.afterResume(Ljava/lang/Object;)V @ 2 c2
Event: 72.054 Thread 0x000001b3a99fea40 DEOPT PACKING pc=0x000001b387d7bf08 sp=0x00000065a9ffed80
Event: 72.054 Thread 0x000001b3a99fea40 DEOPT UNPACKING pc=0x000001b3875869a3 sp=0x00000065a9ffed08 mode 2
Event: 72.054 Thread 0x000001b3a99fa210 Uncommon trap: trap_request=0xffffffc6 fr.pc=0x000001b387d7bf08 relative=0x0000000000000068
Event: 72.054 Thread 0x000001b3a99fa210 Uncommon trap: reason=bimorphic_or_optimized_type_check action=maybe_recompile pc=0x000001b387d7bf08 method=kotlinx.coroutines.AbstractCoroutine.afterResume(Ljava/lang/Object;)V @ 2 c2
Event: 72.054 Thread 0x000001b3a99fa210 DEOPT PACKING pc=0x000001b387d7bf08 sp=0x00000065aa1fe5f0
Event: 72.054 Thread 0x000001b3a99fa210 DEOPT UNPACKING pc=0x000001b3875869a3 sp=0x00000065aa1fe578 mode 2
Event: 72.057 Thread 0x000001b3a99fa210 Uncommon trap: trap_request=0xffffff45 fr.pc=0x000001b387c0328c relative=0x0000000000000b2c
Event: 72.057 Thread 0x000001b3a99fa210 Uncommon trap: reason=unstable_if action=reinterpret pc=0x000001b387c0328c method=jdk.internal.org.objectweb.asm.SymbolTable.put(Ljdk/internal/org/objectweb/asm/SymbolTable$Entry;)Ljdk/internal/org/objectweb/asm/SymbolTable$Entry; @ 13 c2
Event: 72.057 Thread 0x000001b3a99fa210 DEOPT PACKING pc=0x000001b387c0328c sp=0x00000065aa1fd490
Event: 72.057 Thread 0x000001b3a99fa210 DEOPT UNPACKING pc=0x000001b3875869a3 sp=0x00000065aa1fd3c8 mode 2

Classes unloaded (0 events):
No events

Classes redefined (0 events):
No events

Internal exceptions (20 events):
Event: 1.546 Thread 0x000001b397c1d850 Exception <a 'java/lang/NoSuchMethodError'{0x0000000712125678}: 'java.lang.Object java.lang.invoke.DirectMethodHandle$Holder.invokeStaticInit(java.lang.Object, int, int, int, int)'> (0x0000000712125678) 
thrown [s\src\hotspot\share\interpreter\linkResolver.cpp, line 759]
Event: 1.695 Thread 0x000001b397c1d850 Exception <a 'java/lang/NoSuchMethodError'{0x00000007121f5c40}: 'java.lang.Object java.lang.invoke.DirectMethodHandle$Holder.invokeStaticInit(java.lang.Object, java.lang.Object, int, int, int, int)'> (0x00000007121f5c40) 
thrown [s\src\hotspot\share\interpreter\linkResolver.cpp, line 759]
Event: 1.840 Thread 0x000001b397c1d850 Exception <a 'java/lang/NoSuchMethodError'{0x0000000711d4e840}: 'double java.lang.invoke.DirectMethodHandle$Holder.invokeStatic(java.lang.Object, double)'> (0x0000000711d4e840) 
thrown [s\src\hotspot\share\interpreter\linkResolver.cpp, line 759]
Event: 1.841 Thread 0x000001b397c1d850 Exception <a 'java/lang/NoSuchMethodError'{0x0000000711d522a0}: 'double java.lang.invoke.DirectMethodHandle$Holder.invokeStaticInit(java.lang.Object, double)'> (0x0000000711d522a0) 
thrown [s\src\hotspot\share\interpreter\linkResolver.cpp, line 759]
Event: 1.854 Thread 0x000001b397c1d850 Exception <a 'java/lang/NoSuchMethodError'{0x0000000711d9a200}: 'java.lang.Object java.lang.invoke.DirectMethodHandle$Holder.newInvokeSpecial(java.lang.Object, double)'> (0x0000000711d9a200) 
thrown [s\src\hotspot\share\interpreter\linkResolver.cpp, line 759]
Event: 2.478 Thread 0x000001b397c1d850 Exception <a 'java/lang/NoSuchMethodError'{0x0000000710f8df58}: 'void java.lang.invoke.DirectMethodHandle$Holder.invokeSpecial(java.lang.Object, java.lang.Object, java.lang.Object)'> (0x0000000710f8df58) 
thrown [s\src\hotspot\share\interpreter\linkResolver.cpp, line 759]
Event: 2.496 Thread 0x000001b397c1d850 Exception <a 'java/lang/NoSuchMethodError'{0x0000000710fb80e8}: 'java.lang.Object java.lang.invoke.DirectMethodHandle$Holder.newInvokeSpecial(java.lang.Object, java.lang.Object, java.lang.Object, java.lang.Object, java.lang.Object)'> (0x0000000710fb80e8) 
thrown [s\src\hotspot\share\interpreter\linkResolver.cpp, line 759]
Event: 2.502 Thread 0x000001b397c1d850 Exception <a 'java/lang/NoSuchMethodError'{0x0000000710fc3d58}: 'java.lang.Object java.lang.invoke.DirectMethodHandle$Holder.invokeStatic(java.lang.Object, int, java.lang.Object, java.lang.Object, java.lang.Object, java.lang.Object)'> (0x0000000710fc3d58) 
thrown [s\src\hotspot\share\interpreter\linkResolver.cpp, line 759]
Event: 2.525 Thread 0x000001b397c1d850 Exception <a 'java/lang/NoSuchMethodError'{0x0000000710fe9a98}: 'java.lang.Object java.lang.invoke.DirectMethodHandle$Holder.invokeStatic(java.lang.Object, int, java.lang.Object)'> (0x0000000710fe9a98) 
thrown [s\src\hotspot\share\interpreter\linkResolver.cpp, line 759]
Event: 2.610 Thread 0x000001b397c1d850 Exception <a 'java/lang/ClassNotFoundException'{0x0000000710ca6500}: com/sun/swing/internal/plaf/metal/resources/spi/metalProvider> (0x0000000710ca6500) 
thrown [s\src\hotspot\share\classfile\systemDictionary.cpp, line 256]
Event: 2.611 Thread 0x000001b397c1d850 Exception <a 'java/lang/ClassNotFoundException'{0x0000000710caa4a0}: com/sun/swing/internal/plaf/basic/resources/spi/basicProvider> (0x0000000710caa4a0) 
thrown [s\src\hotspot\share\classfile\systemDictionary.cpp, line 256]
Event: 2.625 Thread 0x000001b397c1d850 Implicit null exception at 0x000001b387b00390 to 0x000001b387b00764
Event: 2.625 Thread 0x000001b397c1d850 Implicit null exception at 0x000001b387afa490 to 0x000001b387afa848
Event: 2.625 Thread 0x000001b397c1d850 Implicit null exception at 0x000001b387b2d30f to 0x000001b387b2d389
Event: 2.667 Thread 0x000001b397c1d850 Exception <a 'java/lang/NoSuchMethodError'{0x0000000710dbc028}: 'void java.lang.invoke.DirectMethodHandle$Holder.invokeStatic(java.lang.Object, java.lang.Object, java.lang.Object)'> (0x0000000710dbc028) 
thrown [s\src\hotspot\share\interpreter\linkResolver.cpp, line 759]
Event: 2.816 Thread 0x000001b397c1d850 Exception <a 'java/lang/NoSuchMethodError'{0x00000007108839a8}: 'void java.lang.invoke.DirectMethodHandle$Holder.invokeStaticInit(java.lang.Object)'> (0x00000007108839a8) 
thrown [s\src\hotspot\share\interpreter\linkResolver.cpp, line 759]
Event: 3.029 Thread 0x000001b397c1d850 Exception <a 'java/lang/NoSuchMethodError'{0x0000000711cd2fe8}: 'int java.lang.invoke.DirectMethodHandle$Holder.invokeStaticInit(java.lang.Object, java.lang.Object, java.lang.Object)'> (0x0000000711cd2fe8) 
thrown [s\src\hotspot\share\interpreter\linkResolver.cpp, line 759]
Event: 3.650 Thread 0x000001b397bf74e0 Exception <a 'java/lang/NoSuchMethodError'{0x0000000710901118}: 'void java.lang.invoke.DirectMethodHandle$Holder.invokeVirtual(java.lang.Object, java.lang.Object)'> (0x0000000710901118) 
thrown [s\src\hotspot\share\interpreter\linkResolver.cpp, line 759]
Event: 5.702 Thread 0x000001b397c1d850 Exception <a 'java/lang/NoSuchMethodError'{0x0000000704b46338}: 'int java.lang.invoke.DirectMethodHandle$Holder.invokeStaticInit(java.lang.Object, long, long)'> (0x0000000704b46338) 
thrown [s\src\hotspot\share\interpreter\linkResolver.cpp, line 759]
Event: 6.288 Thread 0x000001b397c1d850 Exception <a 'java/lang/NoSuchMethodError'{0x000000070f7b99d8}: 'java.lang.Object java.lang.invoke.DirectMethodHandle$Holder.newInvokeSpecial(java.lang.Object, int, java.lang.Object)'> (0x000000070f7b99d8) 
thrown [s\src\hotspot\share\interpreter\linkResolver.cpp, line 759]

VM Operations (20 events):
Event: 40.378 Executing VM operation: Cleanup
Event: 40.378 Executing VM operation: Cleanup done
Event: 41.385 Executing VM operation: Cleanup
Event: 41.385 Executing VM operation: Cleanup done
Event: 49.434 Executing VM operation: Cleanup
Event: 49.434 Executing VM operation: Cleanup done
Event: 51.441 Executing VM operation: Cleanup
Event: 51.442 Executing VM operation: Cleanup done
Event: 52.689 Executing VM operation: G1CollectForAllocation
Event: 52.690 Executing VM operation: G1CollectForAllocation done
Event: 53.692 Executing VM operation: Cleanup
Event: 53.692 Executing VM operation: Cleanup done
Event: 54.704 Executing VM operation: Cleanup
Event: 54.704 Executing VM operation: Cleanup done
Event: 55.716 Executing VM operation: Cleanup
Event: 55.716 Executing VM operation: Cleanup done
Event: 62.402 Executing VM operation: G1CollectFull
Event: 62.430 Executing VM operation: G1CollectFull done
Event: 68.505 Executing VM operation: Cleanup
Event: 68.505 Executing VM operation: Cleanup done

Events (20 events):
Event: 19.740 Thread 0x000001b397279dd0 flushing nmethod 0x000001b38096e610
Event: 19.740 Thread 0x000001b397279dd0 flushing nmethod 0x000001b380982f90
Event: 19.740 Thread 0x000001b397279dd0 flushing nmethod 0x000001b38098af10
Event: 19.741 Thread 0x000001b397279dd0 flushing nmethod 0x000001b3809a1510
Event: 19.741 Thread 0x000001b397279dd0 flushing nmethod 0x000001b3809ab790
Event: 19.741 Thread 0x000001b397279dd0 flushing nmethod 0x000001b380a62990
Event: 19.742 Thread 0x000001b397279dd0 flushing nmethod 0x000001b380c18610
Event: 19.742 Thread 0x000001b397279dd0 flushing nmethod 0x000001b380c80610
Event: 72.046 loading class jdk/internal/misc/Signal$1
Event: 72.046 loading class jdk/internal/misc/Signal$1 done
Event: 72.046 Thread 0x000001b3a99fbef0 Thread added: 0x000001b3a99fbef0
Event: 72.047 Thread 0x000001b3a99f8530 Thread added: 0x000001b3a99f8530
Event: 72.047 Thread 0x000001b3a99f8060 Thread added: 0x000001b3a99f8060
Event: 72.047 Thread 0x000001b3a99fea40 Thread added: 0x000001b3a99fea40
Event: 72.047 Thread 0x000001b3a99fef10 Thread added: 0x000001b3a99fef10
Event: 72.047 Thread 0x000001b3a99fa210 Thread added: 0x000001b3a99fa210
Event: 72.048 Thread 0x000001b3a99fef10 Thread exited: 0x000001b3a99fef10
Event: 72.054 Thread 0x000001b3a99fea40 Thread exited: 0x000001b3a99fea40
Event: 72.054 Thread 0x000001b3a348bdc0 Thread exited: 0x000001b3a348bdc0
Event: 72.054 Thread 0x000001b39c5e2420 Thread exited: 0x000001b39c5e2420


Dynamic libraries:
0x00007ff7eeda0000 - 0x00007ff7eedad000 	C:\Users\HP\.jdks\corretto-17.0.7\bin\java.exe
0x00007ffee9b50000 - 0x00007ffee9d48000 	C:\Windows\SYSTEM32\ntdll.dll
0x00007ffee90d0000 - 0x00007ffee918f000 	C:\Windows\System32\KERNEL32.DLL
0x00007ffee7790000 - 0x00007ffee7a86000 	C:\Windows\System32\KERNELBASE.dll
0x00007ffee7410000 - 0x00007ffee7510000 	C:\Windows\System32\ucrtbase.dll
0x00007ffedbcc0000 - 0x00007ffedbcd7000 	C:\Users\HP\.jdks\corretto-17.0.7\bin\jli.dll
0x00007ffee9970000 - 0x00007ffee9b0d000 	C:\Windows\System32\USER32.dll
0x00007ffee76c0000 - 0x00007ffee76e2000 	C:\Windows\System32\win32u.dll
0x00007ffee90a0000 - 0x00007ffee90cc000 	C:\Windows\System32\GDI32.dll
0x00007ffee7a90000 - 0x00007ffee7ba5000 	C:\Windows\System32\gdi32full.dll
0x00007ffee72c0000 - 0x00007ffee735d000 	C:\Windows\System32\msvcp_win.dll
0x00007ffeced70000 - 0x00007ffeced85000 	C:\Users\HP\.jdks\corretto-17.0.7\bin\VCRUNTIME140.dll
0x00007ffecd150000 - 0x00007ffecd3ea000 	C:\Windows\WinSxS\amd64_microsoft.windows.common-controls_6595b64144ccf1df_6.0.19041.1110_none_60b5254171f9507e\COMCTL32.dll
0x00007ffee8310000 - 0x00007ffee83ae000 	C:\Windows\System32\msvcrt.dll
0x00007ffee8600000 - 0x00007ffee8630000 	C:\Windows\System32\IMM32.DLL
0x00007ffec1e20000 - 0x00007ffec1ebb000 	C:\Users\HP\.jdks\corretto-17.0.7\bin\msvcp140.dll
0x00007ffea5510000 - 0x00007ffea612a000 	C:\Users\HP\.jdks\corretto-17.0.7\bin\server\jvm.dll
0x00007ffee8630000 - 0x00007ffee86df000 	C:\Windows\System32\ADVAPI32.dll
0x00007ffee8560000 - 0x00007ffee85fc000 	C:\Windows\System32\sechost.dll
0x00007ffee7d70000 - 0x00007ffee7e96000 	C:\Windows\System32\RPCRT4.dll
0x00007ffee0fa0000 - 0x00007ffee0fa9000 	C:\Windows\SYSTEM32\WSOCK32.dll
0x00007ffee8e70000 - 0x00007ffee8edb000 	C:\Windows\System32\WS2_32.dll
0x00007ffedb320000 - 0x00007ffedb32a000 	C:\Windows\SYSTEM32\VERSION.dll
0x00007ffecca00000 - 0x00007ffecca27000 	C:\Windows\SYSTEM32\WINMM.dll
0x00007ffee5a20000 - 0x00007ffee5a32000 	C:\Windows\SYSTEM32\kernel.appcore.dll
0x00007ffedf290000 - 0x00007ffedf29a000 	C:\Users\HP\.jdks\corretto-17.0.7\bin\jimage.dll
0x00007ffee1f40000 - 0x00007ffee2124000 	C:\Windows\SYSTEM32\DBGHELP.DLL
0x00007ffecec70000 - 0x00007ffececa4000 	C:\Windows\SYSTEM32\dbgcore.DLL
0x00007ffee7230000 - 0x00007ffee72b2000 	C:\Windows\System32\bcryptPrimitives.dll
0x00007ffedf230000 - 0x00007ffedf23e000 	C:\Users\HP\.jdks\corretto-17.0.7\bin\instrument.dll
0x00007ffeca980000 - 0x00007ffeca9a5000 	C:\Users\HP\.jdks\corretto-17.0.7\bin\java.dll
0x00007ffebaa40000 - 0x00007ffebab16000 	C:\Users\HP\.jdks\corretto-17.0.7\bin\jsvml.dll
0x00007ffee9190000 - 0x00007ffee98d4000 	C:\Windows\System32\SHELL32.dll
0x00007ffee2130000 - 0x00007ffee28c4000 	C:\Windows\SYSTEM32\windows.storage.dll
0x00007ffee8890000 - 0x00007ffee8be4000 	C:\Windows\System32\combase.dll
0x00007ffee6ab0000 - 0x00007ffee6ade000 	C:\Windows\SYSTEM32\Wldp.dll
0x00007ffee8f90000 - 0x00007ffee903d000 	C:\Windows\System32\SHCORE.dll
0x00007ffee9040000 - 0x00007ffee9095000 	C:\Windows\System32\shlwapi.dll
0x00007ffee7160000 - 0x00007ffee7185000 	C:\Windows\SYSTEM32\profapi.dll
0x00007ffec7110000 - 0x00007ffec7128000 	C:\Users\HP\.jdks\corretto-17.0.7\bin\zip.dll
0x00007ffeca7f0000 - 0x00007ffeca809000 	C:\Users\HP\.jdks\corretto-17.0.7\bin\net.dll
0x00007ffed8570000 - 0x00007ffed867a000 	C:\Windows\SYSTEM32\WINHTTP.dll
0x00007ffee6890000 - 0x00007ffee68fa000 	C:\Windows\system32\mswsock.dll
0x00007ffec73c0000 - 0x00007ffec73d5000 	C:\Users\HP\.jdks\corretto-17.0.7\bin\nio.dll
0x00007ffedd130000 - 0x00007ffedd14a000 	C:\Program Files\JetBrains\IntelliJ IDEA Community Edition 2021.3.2\bin\breakgen64.dll
0x00007ffea95d0000 - 0x00007ffea9779000 	C:\Users\HP\.jdks\corretto-17.0.7\bin\awt.dll
0x00007ffee87c0000 - 0x00007ffee888d000 	C:\Windows\System32\OLEAUT32.dll
0x00007ffee0ec0000 - 0x00007ffee0f51000 	C:\Windows\SYSTEM32\apphelp.dll
0x00007ffee1180000 - 0x00007ffee121e000 	C:\Windows\system32\uxtheme.dll
0x00007ffee8440000 - 0x00007ffee8554000 	C:\Windows\System32\MSCTF.dll
0x00007ffee8c00000 - 0x00007ffee8d2a000 	C:\Windows\System32\ole32.dll
0x00007ffee1320000 - 0x00007ffee134f000 	C:\Windows\system32\DWMAPI.DLL
0x00007ffeb5d50000 - 0x00007ffeb5e75000 	C:\Windows\system32\opengl32.dll
0x00007ffeb67f0000 - 0x00007ffeb681c000 	C:\Windows\SYSTEM32\GLU32.dll
0x00007ffee6af0000 - 0x00007ffee6b08000 	C:\Windows\SYSTEM32\CRYPTSP.dll
0x00007ffee61d0000 - 0x00007ffee6204000 	C:\Windows\system32\rsaenh.dll
0x00007ffee7760000 - 0x00007ffee7787000 	C:\Windows\System32\bcrypt.dll
0x00007ffee7120000 - 0x00007ffee714e000 	C:\Windows\SYSTEM32\USERENV.dll
0x00007ffee6a20000 - 0x00007ffee6a2c000 	C:\Windows\SYSTEM32\CRYPTBASE.dll
0x00007ffee65a0000 - 0x00007ffee65dc000 	C:\Windows\SYSTEM32\IPHLPAPI.DLL
0x00007ffee7d60000 - 0x00007ffee7d68000 	C:\Windows\System32\NSI.dll
0x00007ffeda430000 - 0x00007ffeda447000 	C:\Windows\SYSTEM32\dhcpcsvc6.DLL
0x00007ffed8d80000 - 0x00007ffed8d9d000 	C:\Windows\SYSTEM32\dhcpcsvc.DLL
0x00007ffee65e0000 - 0x00007ffee66aa000 	C:\Windows\SYSTEM32\DNSAPI.dll
0x00007ffe9d3a0000 - 0x00007ffe9e3ec000 	C:\Users\HP\.skiko\0de0d8dd8554d9bb66cfca3837db6514ff9b71080e998917280a3b777460a416\skiko-windows-x64.dll
0x00007ffec1fc0000 - 0x00007ffec2043000 	C:\Users\HP\.jdks\corretto-17.0.7\bin\freetype.dll
0x00007ffeba390000 - 0x00007ffeba452000 	C:\Users\HP\.jdks\corretto-17.0.7\bin\fontmanager.dll
0x00007ffedd5a0000 - 0x00007ffedd5a7000 	C:\Users\HP\.jdks\corretto-17.0.7\bin\jawt.dll
0x00007ffee5a90000 - 0x00007ffee5b83000 	C:\Windows\SYSTEM32\Dxgi.dll
0x00007ffedc060000 - 0x00007ffedc080000 	C:\Windows\SYSTEM32\D3D12.dll
0x00007ffea4fe0000 - 0x00007ffea51ad000 	C:\Windows\SYSTEM32\D3D12Core.dll
0x00007ffeda9e0000 - 0x00007ffedaa1b000 	C:\Windows\SYSTEM32\dxcore.dll
0x00007ffee7670000 - 0x00007ffee76be000 	C:\Windows\System32\cfgmgr32.dll
0x00007ffed4390000 - 0x00007ffed6fa9000 	C:\Windows\System32\DriverStore\FileRepository\igdlh64.inf_amd64_e6daaea9afe1e6f6\igc64.dll
0x00007ffe72ab0000 - 0x00007ffe73f83000 	C:\Windows\System32\DriverStore\FileRepository\igdlh64.inf_amd64_e6daaea9afe1e6f6\igd12umd64.dll
0x00007ffeda000000 - 0x00007ffeda257000 	C:\Windows\System32\DriverStore\FileRepository\igdlh64.inf_amd64_e6daaea9afe1e6f6\igdgmm64.dll
0x00007ffea2920000 - 0x00007ffea2d2b000 	C:\Windows\System32\DriverStore\FileRepository\igdlh64.inf_amd64_e6daaea9afe1e6f6\igdml64.dll
0x00007ffedba30000 - 0x00007ffedba5b000 	C:\Windows\SYSTEM32\D3DSCache.dll
0x00007ffe51780000 - 0x00007ffe55f82000 	C:\Windows\System32\DriverStore\FileRepository\igdlh64.inf_amd64_e6daaea9afe1e6f6\igd12dxva64.dll
0x00007ffee7ea0000 - 0x00007ffee830e000 	C:\Windows\System32\SETUPAPI.dll
0x00007ffe96bf0000 - 0x00007ffe96c17000 	C:\Windows\System32\DriverStore\FileRepository\igdlh64.inf_amd64_e6daaea9afe1e6f6\igdinfo64.dll
0x00007ffeddf50000 - 0x00007ffede157000 	C:\Windows\SYSTEM32\twinapi.appcore.dll
0x00007ffee8ee0000 - 0x00007ffee8f89000 	C:\Windows\System32\clbcatq.dll
0x00007ffedb410000 - 0x00007ffedb514000 	C:\Windows\System32\AppXDeploymentClient.dll
0x00007ffe744c0000 - 0x00007ffe75492000 	C:\Windows\System32\DriverStore\FileRepository\igdlh64.inf_amd64_e6daaea9afe1e6f6\ig9icd64.dll
0x00007ffee7090000 - 0x00007ffee70db000 	C:\Windows\SYSTEM32\powrprof.dll
0x00007ffee7070000 - 0x00007ffee7082000 	C:\Windows\SYSTEM32\UMPDC.dll
0x00007ffed2250000 - 0x00007ffed24cf000 	C:\Windows\SYSTEM32\dwrite.dll
0x00007ffed3ec0000 - 0x00007ffed3fb9000 	C:\Windows\SYSTEM32\textinputframework.dll
0x00007ffee0b40000 - 0x00007ffee0c32000 	C:\Windows\System32\CoreMessaging.dll
0x00007ffee0460000 - 0x00007ffee07be000 	C:\Windows\System32\CoreUIComponents.dll
0x00007ffee62f0000 - 0x00007ffee6323000 	C:\Windows\SYSTEM32\ntmarta.dll
0x00007ffedf450000 - 0x00007ffedf5a4000 	C:\Windows\SYSTEM32\wintypes.dll
0x00007ffe60f60000 - 0x00007ffe61812000 	C:\Users\HP\AppData\Local\io-realm-kotlin\f7113120ba00ba1ff91d696eecd3919e85a4e34e\realmc.dll
0x00007ffee7510000 - 0x00007ffee766e000 	C:\Windows\System32\CRYPT32.dll

dbghelp: loaded successfully - version: 4.0.5 - missing functions: none
symbol engine: initialized successfully - sym options: 0x614 - pdb path: .;C:\Users\HP\.jdks\corretto-17.0.7\bin;C:\Windows\SYSTEM32;C:\Windows\WinSxS\amd64_microsoft.windows.common-controls_6595b64144ccf1df_6.0.19041.1110_none_60b5254171f9507e;C:\Users\HP\.jdks\corretto-17.0.7\bin\server;C:\Program Files\JetBrains\IntelliJ IDEA Community Edition 2021.3.2\bin;C:\Users\HP\.skiko\0de0d8dd8554d9bb66cfca3837db6514ff9b71080e998917280a3b777460a416;C:\Windows\System32\DriverStore\FileRepository\igdlh64.inf_amd64_e6daaea9afe1e6f6;C:\Users\HP\AppData\Local\io-realm-kotlin\f7113120ba00ba1ff91d696eecd3919e85a4e34e

VM Arguments:
jvm_args: -Djava.library.path=C:\Users\HP\Desktop\newderar\build\classes\kotlin\jvm\main;C:\Users\HP\Desktop\newderar\build\processedResources\jvm\main -javaagent:C:\Program Files\JetBrains\IntelliJ IDEA Community Edition 2021.3.2\lib\idea_rt.jar=52883:C:\Program Files\JetBrains\IntelliJ IDEA Community Edition 2021.3.2\bin -Dfile.encoding=UTF-8 
java_command: MainKt
java_class_path (initial): C:\Users\HP\Desktop\newderar\build\classes\kotlin\jvm\main;C:\Users\HP\Desktop\newderar\build\processedResources\jvm\main;C:\Users\HP\.gradle\caches\modules-2\files-2.1\io.insert-koin\koin-androidx-compose\3.4.5\ae0a88b7a68d507e651c5a3d70a541594bea54cb\koin-androidx-compose-3.4.5.aar;C:\Users\HP\.gradle\caches\modules-2\files-2.1\androidx.navigation\navigation-compose\2.6.0\3f8ce7b0bad21cced0c47b42b6347c65a6e422c3\navigation-compose-2.6.0.aar;C:\Users\HP\.gradle\caches\modules-2\files-2.1\org.jetbrains.kotlin\kotlin-stdlib-jdk8\1.8.21\67f57e154437cd9e6e9cf368394b95814836ff88\kotlin-stdlib-jdk8-1.8.21.jar;C:\Users\HP\.gradle\caches\modules-2\files-2.1\org.apache.poi\poi-ooxml\4.1.2\87d9a22aa9a7dd26e80c360e709f7ee02e32ab3b\poi-ooxml-4.1.2.jar;C:\Users\HP\.gradle\caches\modules-2\files-2.1\org.apache.poi\poi\4.1.2\964bf41cf68bce08e4ef6b2279b559fdf8d454f4\poi-4.1.2.jar;C:\Users\HP\.gradle\caches\modules-2\files-2.1\org.lwjgl\lwjgl-nfd\3.3.1\622318116996ddcff449b46cb38f0fdee39b8ac3\lwjgl-nfd-3.3.1.jar;C:\Users\HP\.gradle\caches\modules-2\files-2.1\org.lwjgl\lwjgl-nfd\3.3.1\2e007667e04ed3281152ae5c6e677fb1c2211691\lwjgl-nfd-3.3.1-natives-linux.jar;C:\Users\HP\.gradle\caches\modules-2\files-2.1\org.lwjgl\lwjgl\3.3.1\ae58664f88e18a9bb2c77b063833ca7aaec484cb\lwjgl-3.3.1.jar;C:\Users\HP\.gradle\caches\modules-2\files-2.1\io.insert-koin\koin-android\3.4.0\48715fbe06102a59a30bd45b06ed2400c16c6f45\koin-android-3.4.0.aar;C:\Users\HP\.gradle\caches\modules-2\files-2.1\org.lwjgl\lwjgl-nfd\3.3.1\b3e04e317f55dd738d8a345cdafd15b39f85a2ea\lwjgl-nfd-3.3.1-natives-linux-arm32.jar;C:\Users\HP\.gradle\caches\modules-2\files-2.1\androidx.lifecycle\lifecycle-viewmodel-compose\2.6.1\38cf3bb65ff3e0e5c3d63de2ebf5411d0898108c\lifecycle-viewmodel-compose-2.6.1.aar;C:\Users\HP\.gradle\caches\modules-2\files-2.1\org.lwjgl\lwjgl-nfd\3.3.1\f41dc62336f7ee4ab35705cfa440cc903d199165\lwjgl-nfd-3.3.1-natives-linux-arm64.jar;C:\Users\HP\.gradle\caches\modules-2\files-2.1\androi
Launcher Type: SUN_STANDARD

[Global flags]
     intx CICompilerCount                          = 3                                         {product} {ergonomic}
     uint ConcGCThreads                            = 1                                         {product} {ergonomic}
     uint G1ConcRefinementThreads                  = 4                                         {product} {ergonomic}
   size_t G1HeapRegionSize                         = 2097152                                   {product} {ergonomic}
    uintx GCDrainStackTargetSize                   = 64                                        {product} {ergonomic}
   size_t InitialHeapSize                          = 266338304                                 {product} {ergonomic}
   size_t MarkStackSize                            = 4194304                                   {product} {ergonomic}
   size_t MaxHeapSize                              = 4255121408                                {product} {ergonomic}
   size_t MaxNewSize                               = 2552233984                                {product} {ergonomic}
   size_t MinHeapDeltaBytes                        = 2097152                                   {product} {ergonomic}
   size_t MinHeapSize                              = 8388608                                   {product} {ergonomic}
    uintx NonNMethodCodeHeapSize                   = 5832780                                {pd product} {ergonomic}
    uintx NonProfiledCodeHeapSize                  = 122912730                              {pd product} {ergonomic}
    uintx ProfiledCodeHeapSize                     = 122912730                              {pd product} {ergonomic}
    uintx ReservedCodeCacheSize                    = 251658240                              {pd product} {ergonomic}
     bool SegmentedCodeCache                       = true                                      {product} {ergonomic}
   size_t SoftMaxHeapSize                          = 4255121408                             {manageable} {ergonomic}
     bool UseCompressedClassPointers               = true                           {product lp64_product} {ergonomic}
     bool UseCompressedOops                        = true                           {product lp64_product} {ergonomic}
     bool UseG1GC                                  = true                                      {product} {ergonomic}
     bool UseLargePagesIndividualAllocation        = false                                  {pd product} {ergonomic}

Logging:
Log output configuration:
 #0: stdout all=warning uptime,level,tags
 #1: stderr all=off uptime,level,tags

Environment Variables:
PATH=C:\Program Files\Common Files\Oracle\Java\javapath;C:\Program Files (x86)\Common Files\Oracle\Java\javapath;C:\Windows\system32;C:\Windows;C:\Windows\System32\Wbem;C:\Windows\System32\WindowsPowerShell\v1.0\;C:\Windows\System32\OpenSSH\;C:\xampp\php;C:\ProgramData\ComposerSetup\bin;C:\Program Files\nodejs\;C:\Program Files (x86)\Intel\Intel(R) Management Engine Components\DAL;C:\Program Files\Intel\Intel(R) Management Engine Components\DAL;C:\Program Files\Git\cmd;C:\Program Files\Fortect;C:\Users\HP\AppData\Local\Microsoft\WindowsApps;C:\Program Files\JetBrains\IntelliJ IDEA Community Edition 2021.3.2\bin;C:\Users\HP\AppData\Local\Programs\Microsoft VS Code\bin;C:\Users\HP\AppData\Local\JetBrains\Toolbox\scripts;C:\Users\HP\AppData\Local\GitHubDesktop\bin;C:\Users\HP\Desktop\camp\flutter_windows_3.7.6-stable\flutter\bin;C:\Users\HP\AppData\Roaming\Composer\vendor\bin;C:\Users\HP\AppData\Roaming\npm
USERNAME=HP
OS=Windows_NT
PROCESSOR_IDENTIFIER=Intel64 Family 6 Model 142 Stepping 9, GenuineIntel
TMP=C:\Users\HP\AppData\Local\Temp
TEMP=C:\Users\HP\AppData\Local\Temp



---------------  S Y S T E M  ---------------

OS:
 Windows 10 , 64 bit Build 19041 (10.0.19041.3155)
OS uptime: 2 days 13:55 hours
Hyper-V role detected

CPU: total 4 (initial active 4) (2 cores per cpu, 2 threads per core) family 6 model 142 stepping 9 microcode 0xf2, cx8, cmov, fxsr, ht, mmx, 3dnowpref, sse, sse2, sse3, ssse3, sse4.1, sse4.2, popcnt, lzcnt, tsc, tscinvbit, avx, avx2, aes, erms, clmul, bmi1, bmi2, rtm, adx, fma, vzeroupper, clflush, clflushopt, hv

Memory: 4k page, system-wide physical 16224M (5469M free)
TotalPageFile size 32096M (AvailPageFile size 19740M)
current process WorkingSet (physical memory assigned to process): 281M, peak: 354M
current process commit charge ("private bytes"): 293M, peak: 431M

vm_info: OpenJDK 64-Bit Server VM (17.0.7+7-LTS) for windows-amd64 JRE (17.0.7+7-LTS), built on Apr 14 2023 01:39:21 by "Administrator" with MS VC++ 15.9 (VS2017)

END.
