#
# A fatal error has been detected by the Java Runtime Environment:
#
#  EXCEPTION_ACCESS_VIOLATION (0xc0000005) at pc=0x00007ffa7c4aebe3, pid=10508, tid=6072
#
# JRE version: OpenJDK Runtime Environment JBR-17.0.7+7-1000.5-nomod (17.0.7+7) (build 17.0.7+7-b1000.5)
# Java VM: OpenJDK 64-Bit Server VM JBR-17.0.7+7-1000.5-nomod (17.0.7+7-b1000.5, mixed mode, tiered, compressed oops, compressed class ptrs, g1 gc, windows-amd64)
# Problematic frame:
# C  [ig9icd64.dll+0x9bebe3]
#
# No core dump will be written. Minidumps are not enabled by default on client versions of Windows
#
# If you would like to submit a bug report, please visit:
#   https://youtrack.jetbrains.com/issues/JBR
# The crash happened outside the Java Virtual Machine in native code.
# See problematic frame for where to report the bug.
#

---------------  S U M M A R Y ------------

Command Line: -Djava.library.path=C:\Users\HP\Desktop\newderar\build\classes\kotlin\jvm\main;C:\Users\HP\Desktop\newderar\build\processedResources\jvm\main -javaagent:C:\Program Files\JetBrains\IntelliJ IDEA Community Edition 2021.3.2\lib\idea_rt.jar=50700:C:\Program Files\JetBrains\IntelliJ IDEA Community Edition 2021.3.2\bin -Dfile.encoding=UTF-8 MainKt

Host: Intel(R) Core(TM) i5-7300U CPU @ 2.60GHz, 4 cores, 15G,  Windows 10 , 64 bit Build 19041 (10.0.19041.3155)
Time: Thu Jul  6 01:45:07 2023 Libya Standard Time elapsed time: 50.200410 seconds (0d 0h 0m 50s)

---------------  T H R E A D  ---------------

Current thread (0x0000022ddc0ace60):  JavaThread "AWT-EventQueue-0" [_thread_in_native, id=6072, stack(0x0000005483300000,0x0000005483400000)]

Stack: [0x0000005483300000,0x0000005483400000],  sp=0x00000054833fc6f8,  free space=1009k
Native frames: (J=compiled Java code, j=interpreted, Vv=VM code, C=native code)
C  [ig9icd64.dll+0x9bebe3]

Java frames: (J=compiled Java code, j=interpreted, Vv=VM code)
J 5134  org.jetbrains.skia.DirectContextKt.DirectContext_nFlush(J)V (0 bytes) @ 0x0000022dc41f3669 [0x0000022dc41f3620+0x0000000000000049]
J 4928 c1 org.jetbrains.skiko.context.ContextHandler.flush()V (17 bytes) @ 0x0000022dbce5615c [0x0000022dbce55fe0+0x000000000000017c]
J 5141 c1 org.jetbrains.skiko.context.ContextHandler.draw()V (91 bytes) @ 0x0000022dbcedf2f4 [0x0000022dbcedeaa0+0x0000000000000854]
J 4937 c1 org.jetbrains.skiko.redrawer.WindowsOpenGLRedrawer.draw()V (245 bytes) @ 0x0000022dbce5af5c [0x0000022dbce5a840+0x000000000000071c]
J 4579 c1 org.jetbrains.skiko.redrawer.WindowsOpenGLRedrawer$Companion$frameDispatcher$1.invokeSuspend(Ljava/lang/Object;)Ljava/lang/Object; (379 bytes) @ 0x0000022dbcd6fe74 [0x0000022dbcd6eb00+0x0000000000001374]
J 4935 c1 org.jetbrains.skiko.redrawer.WindowsOpenGLRedrawer$Companion$frameDispatcher$1.invoke(Ljava/lang/Object;)Ljava/lang/Object; (9 bytes) @ 0x0000022dbce5a004 [0x0000022dbce59aa0+0x0000000000000564]
J 4549 c1 org.jetbrains.skiko.FrameDispatcher$job$1.invokeSuspend(Ljava/lang/Object;)Ljava/lang/Object; (156 bytes) @ 0x0000022dbcd5bb44 [0x0000022dbcd5b1a0+0x00000000000009a4]
J 4841 c2 kotlin.coroutines.jvm.internal.BaseContinuationImpl.resumeWith(Ljava/lang/Object;)V (128 bytes) @ 0x0000022dc4198474 [0x0000022dc4198420+0x0000000000000054]
J 5016 c2 kotlinx.coroutines.DispatchedTask.run()V (571 bytes) @ 0x0000022dc41d4dc8 [0x0000022dc41d4a20+0x00000000000003a8]
J 5150 c2 java.awt.EventQueue.dispatchEventImpl(Ljava/awt/AWTEvent;Ljava/lang/Object;)V java.desktop@17.0.7 (136 bytes) @ 0x0000022dc41fcdfc [0x0000022dc41fcac0+0x000000000000033c]
J 5189 c2 java.awt.EventQueue.dispatchEvent(Ljava/awt/AWTEvent;)V java.desktop@17.0.7 (80 bytes) @ 0x0000022dc4248d10 [0x0000022dc4248760+0x00000000000005b0]
J 5152 c2 java.awt.EventDispatchThread.pumpOneEventForFilters(I)V java.desktop@17.0.7 (113 bytes) @ 0x0000022dc420e660 [0x0000022dc420e040+0x0000000000000620]
j  java.awt.EventDispatchThread.pumpEventsForFilter(ILjava/awt/Conditional;Ljava/awt/EventFilter;)V+35 java.desktop@17.0.7
j  java.awt.EventDispatchThread.pumpEventsForHierarchy(ILjava/awt/Conditional;Ljava/awt/Component;)V+11 java.desktop@17.0.7
j  java.awt.EventDispatchThread.pumpEvents(ILjava/awt/Conditional;)V+4 java.desktop@17.0.7
j  java.awt.EventDispatchThread.pumpEvents(Ljava/awt/Conditional;)V+3 java.desktop@17.0.7
j  java.awt.EventDispatchThread.run()V+18 java.desktop@17.0.7
v  ~StubRoutines::call_stub

siginfo: EXCEPTION_ACCESS_VIOLATION (0xc0000005), reading address 0x00007ffdbc6d1110


Register to memory mapping:

RIP=0x00007ffa7c4aebe3 ig9icd64.dll
RAX=0x000000000fff0fff is an unknown value
RBX=0x00007ffa7baf0000 ig9icd64.dll
RCX=0x000000033fcf3fcc is an unknown value
RDX=0x00000054833fcc10 is pointing into the stack for thread: 0x0000022ddc0ace60
RSP=0x00000054833fc6f8 is pointing into the stack for thread: 0x0000022ddc0ace60
RBP=0x00000054833fc800 is pointing into the stack for thread: 0x0000022ddc0ace60
RSI=0x0000022ddce08340 points into unknown readable memory: 0x0000022ddcdcf040 | 40 f0 dc dc 2d 02 00 00
RDI=0x00000054833fca00 is pointing into the stack for thread: 0x0000022ddc0ace60
R8 =0x00000054833fc830 is pointing into the stack for thread: 0x0000022ddc0ace60
R9 =0x00000054833fcc10 is pointing into the stack for thread: 0x0000022ddc0ace60
R10=0x00000054833fca00 is pointing into the stack for thread: 0x0000022ddc0ace60
R11=0x0 is NULL
R12=0x00007ffa7c9215e0 ig9icd64.dll
R13=0x0 is NULL
R14=0x0 is NULL
R15=0x00000000000001c1 is an unknown value


Registers:
RAX=0x000000000fff0fff, RBX=0x00007ffa7baf0000, RCX=0x000000033fcf3fcc, RDX=0x00000054833fcc10
RSP=0x00000054833fc6f8, RBP=0x00000054833fc800, RSI=0x0000022ddce08340, RDI=0x00000054833fca00
R8 =0x00000054833fc830, R9 =0x00000054833fcc10, R10=0x00000054833fca00, R11=0x0000000000000000
R12=0x00007ffa7c9215e0, R13=0x0000000000000000, R14=0x0000000000000000, R15=0x00000000000001c1
RIP=0x00007ffa7c4aebe3, EFLAGS=0x0000000000010206

Top of Stack: (sp=0x00000054833fc6f8)
0x00000054833fc6f8:   00007ffa7c4ac31b 0000000000000001
0x00000054833fc708:   0000000000000000 0000022de91a7300
0x00000054833fc718:   00007ffaf6782622 0000005400000065
0x00000054833fc728:   00000054833fc930 0000000000000000
0x00000054833fc738:   0000022de465e160 0000000000000000
0x00000054833fc748:   0000022de9875d00 0000022de91a73f0
0x00000054833fc758:   0000000000001100 0000000000000000
0x00000054833fc768:   0000000000000000 00000054833fc8e0
0x00000054833fc778:   00007ffa7c1479c0 0000000000000000
0x00000054833fc788:   0000000000000000 0000000000000000
0x00000054833fc798:   0000000000000000 0000ab186a1bae21
0x00000054833fc7a8:   00007ffa7bb06555 0000022de91a73f0
0x00000054833fc7b8:   0000000000004001 0000000000000000
0x00000054833fc7c8:   00007ffb07c5b86b 0000000001d201f8
0x00000054833fc7d8:   000000000000009f 0000022de3adce20
0x00000054833fc7e8:   0000000000000000 0000000000000000 

Instructions: (pc=0x00007ffa7c4aebe3)
0x00007ffa7c4aeae3:   c1 75 31 00 48 89 51 08 48 89 01 8b 44 24 28 89
0x00007ffa7c4aeaf3:   41 20 8b 44 24 30 89 41 24 48 8b c1 4c 89 41 10
0x00007ffa7c4aeb03:   4c 89 49 18 c3 cc cc cc cc cc cc cc cc 48 89 5c
0x00007ffa7c4aeb13:   24 08 8b 41 5c 48 8d 1d e1 14 64 ff 41 89 40 08
0x00007ffa7c4aeb23:   4c 8b d1 8b 41 60 45 33 db 41 89 40 0c 4c 8b ca
0x00007ffa7c4aeb33:   8b 41 64 41 89 40 10 8b 41 68 41 89 40 14 8b 41
0x00007ffa7c4aeb43:   6c 41 89 40 18 8b 41 70 41 89 40 1c 48 63 41 74
0x00007ffa7c4aeb53:   48 6b c8 34 8b 84 19 44 d1 ee 00 41 89 40 20 8b
0x00007ffa7c4aeb63:   84 19 48 d1 ee 00 41 89 40 24 8b 84 19 4c d1 ee
0x00007ffa7c4aeb73:   00 41 89 40 28 8b 84 19 50 d1 ee 00 41 89 40 2c
0x00007ffa7c4aeb83:   8b 84 19 34 d1 ee 00 41 89 40 30 8b 84 19 38 d1
0x00007ffa7c4aeb93:   ee 00 41 89 40 34 8b 84 19 3c d1 ee 00 41 89 40
0x00007ffa7c4aeba3:   38 8b 84 19 40 d1 ee 00 41 89 40 3c 8b 84 19 24
0x00007ffa7c4aebb3:   d1 ee 00 41 89 40 40 8b 84 19 28 d1 ee 00 41 89
0x00007ffa7c4aebc3:   40 44 8b 84 19 2c d1 ee 00 41 89 40 48 8b 84 19
0x00007ffa7c4aebd3:   30 d1 ee 00 41 89 40 4c 49 63 42 78 48 6b c8 34
0x00007ffa7c4aebe3:   8b 84 19 44 d1 ee 00 41 89 40 50 8b 84 19 48 d1
0x00007ffa7c4aebf3:   ee 00 41 89 40 54 8b 84 19 4c d1 ee 00 41 89 40
0x00007ffa7c4aec03:   58 8b 84 19 50 d1 ee 00 41 89 40 5c 8b 84 19 34
0x00007ffa7c4aec13:   d1 ee 00 41 89 40 60 8b 84 19 38 d1 ee 00 41 89
0x00007ffa7c4aec23:   40 64 8b 84 19 3c d1 ee 00 41 89 40 68 8b 84 19
0x00007ffa7c4aec33:   40 d1 ee 00 41 89 40 6c 8b 84 19 24 d1 ee 00 41
0x00007ffa7c4aec43:   89 40 70 8b 84 19 28 d1 ee 00 41 89 40 74 8b 84
0x00007ffa7c4aec53:   19 2c d1 ee 00 41 89 40 78 8b 84 19 30 d1 ee 00
0x00007ffa7c4aec63:   41 89 40 7c 48 8b 42 18 8b 88 38 0b 00 00 f6 c1
0x00007ffa7c4aec73:   08 0f 84 86 00 00 00 8b 80 3c 0b 00 00 41 89 80
0x00007ffa7c4aec83:   80 00 00 00 48 8b 42 18 8b 88 40 0b 00 00 41 89
0x00007ffa7c4aec93:   88 84 00 00 00 48 8b 42 18 8b 88 44 0b 00 00 41
0x00007ffa7c4aeca3:   89 88 88 00 00 00 48 8b 42 18 8b 88 48 0b 00 00
0x00007ffa7c4aecb3:   41 89 88 8c 00 00 00 48 8b 42 18 8b 88 4c 0b 00
0x00007ffa7c4aecc3:   00 41 89 88 90 00 00 00 48 8b 42 18 8b 88 50 0b
0x00007ffa7c4aecd3:   00 00 41 89 88 94 00 00 00 48 8b 42 18 8b 88 54 


Stack slot to memory mapping:
stack at sp + 0 slots: 0x00007ffa7c4ac31b ig9icd64.dll
stack at sp + 1 slots: 0x0000000000000001 is an unknown value
stack at sp + 2 slots: 0x0 is NULL
stack at sp + 3 slots: 0x0000022de91a7300 points into unknown readable memory: 0x0000000000000000 | 00 00 00 00 00 00 00 00
stack at sp + 4 slots: 0x00007ffaf6782622 igdgmm64.dll
stack at sp + 5 slots: 0x0000005400000065 is an unknown value
stack at sp + 6 slots: 0x00000054833fc930 is pointing into the stack for thread: 0x0000022ddc0ace60
stack at sp + 7 slots: 0x0 is NULL


---------------  P R O C E S S  ---------------

Threads class SMR info:
_java_thread_list=0x0000022de93695b0, length=28, elements={
0x0000022db8cc8280, 0x0000022dd71d7c90, 0x0000022dd71d9520, 0x0000022dd722b440,
0x0000022dd722e6a0, 0x0000022dd7231830, 0x0000022dd7236260, 0x0000022dd723a040,
0x0000022dd723b5e0, 0x0000022dd73cf030, 0x0000022dd77fb4e0, 0x0000022dd7990a10,
0x0000022ddc095e80, 0x0000022ddc096ba0, 0x0000022ddc0ace60, 0x0000022ddc3a8860,
0x0000022ddc3fa010, 0x0000022ddc40f860, 0x0000022ddc5d6910, 0x0000022ddc5d5f70,
0x0000022de3bf7330, 0x0000022de3bf6e60, 0x0000022de3bf99b0, 0x0000022de3bf34a0,
0x0000022de3bf9e80, 0x0000022de3bf5ff0, 0x0000022de3bf5b20, 0x0000022de3bf7cd0
}

Java Threads: ( => current thread )
  0x0000022db8cc8280 JavaThread "main" [_thread_blocked, id=7464, stack(0x0000005481800000,0x0000005481900000)]
  0x0000022dd71d7c90 JavaThread "Reference Handler" daemon [_thread_blocked, id=6828, stack(0x0000005481f00000,0x0000005482000000)]
  0x0000022dd71d9520 JavaThread "Finalizer" daemon [_thread_blocked, id=16052, stack(0x0000005482000000,0x0000005482100000)]
  0x0000022dd722b440 JavaThread "Attach Listener" daemon [_thread_blocked, id=5524, stack(0x0000005482200000,0x0000005482300000)]
  0x0000022dd722e6a0 JavaThread "Service Thread" daemon [_thread_blocked, id=13996, stack(0x0000005482300000,0x0000005482400000)]
  0x0000022dd7231830 JavaThread "Monitor Deflation Thread" daemon [_thread_blocked, id=2252, stack(0x0000005482400000,0x0000005482500000)]
  0x0000022dd7236260 JavaThread "C2 CompilerThread0" daemon [_thread_blocked, id=15316, stack(0x0000005482500000,0x0000005482600000)]
  0x0000022dd723a040 JavaThread "C1 CompilerThread0" daemon [_thread_blocked, id=10184, stack(0x0000005482600000,0x0000005482700000)]
  0x0000022dd723b5e0 JavaThread "Sweeper thread" daemon [_thread_blocked, id=7716, stack(0x0000005482700000,0x0000005482800000)]
  0x0000022dd73cf030 JavaThread "Common-Cleaner" daemon [_thread_blocked, id=11980, stack(0x0000005482800000,0x0000005482900000)]
  0x0000022dd77fb4e0 JavaThread "Monitor Ctrl-Break" daemon [_thread_in_native, id=13088, stack(0x0000005482a00000,0x0000005482b00000)]
  0x0000022dd7990a10 JavaThread "Notification Thread" daemon [_thread_blocked, id=16312, stack(0x0000005482b00000,0x0000005482c00000)]
  0x0000022ddc095e80 JavaThread "Java2D Disposer" daemon [_thread_blocked, id=15784, stack(0x0000005483000000,0x0000005483100000)]
  0x0000022ddc096ba0 JavaThread "AWT-Shutdown" [_thread_blocked, id=8300, stack(0x0000005483100000,0x0000005483200000)]
=>0x0000022ddc0ace60 JavaThread "AWT-EventQueue-0" [_thread_in_native, id=6072, stack(0x0000005483300000,0x0000005483400000)]
  0x0000022ddc3a8860 JavaThread "Reference Cleaner" daemon [_thread_blocked, id=15788, stack(0x0000005482900000,0x0000005482a00000)]
  0x0000022ddc3fa010 JavaThread "DefaultDispatcher-worker-1" daemon [_thread_blocked, id=2156, stack(0x0000005483500000,0x0000005483600000)]
  0x0000022ddc40f860 JavaThread "DefaultDispatcher-worker-2" daemon [_thread_blocked, id=6252, stack(0x0000005483600000,0x0000005483700000)]
  0x0000022ddc5d6910 JavaThread "DefaultDispatcher-worker-3" daemon [_thread_blocked, id=10440, stack(0x0000005483700000,0x0000005483800000)]
  0x0000022ddc5d5f70 JavaThread "kotlinx.coroutines.DefaultExecutor" daemon [_thread_blocked, id=4144, stack(0x0000005483800000,0x0000005483900000)]
  0x0000022de3bf7330 JavaThread "TimerQueue" daemon [_thread_blocked, id=13044, stack(0x0000005483400000,0x0000005483500000)]
  0x0000022de3bf6e60 JavaThread "RealmFinalizingDaemon" daemon [_thread_blocked, id=10936, stack(0x0000005483f00000,0x0000005484000000)]
  0x0000022de3bf99b0 JavaThread "core-notifier" daemon [_thread_in_native, id=2728, stack(0x0000005484100000,0x0000005484200000)]
  0x0000022de3bf34a0 JavaThread "DefaultDispatcher-worker-4" daemon [_thread_blocked, id=13888, stack(0x0000005484300000,0x0000005484400000)]
  0x0000022de3bf9e80 JavaThread "DefaultDispatcher-worker-5" daemon [_thread_blocked, id=15112, stack(0x0000005484400000,0x0000005484500000)]
  0x0000022de3bf5ff0 JavaThread "DefaultDispatcher-worker-6" daemon [_thread_blocked, id=7808, stack(0x0000005484500000,0x0000005484600000)]
  0x0000022de3bf5b20 JavaThread "SIGINT handler" daemon [_thread_blocked, id=16324, stack(0x0000005484700000,0x0000005484800000)]
  0x0000022de3bf7cd0 JavaThread "ToolkitShutdown" daemon [_thread_blocked, id=4708, stack(0x0000005484800000,0x0000005484900000)]

Other Threads:
  0x0000022dd71c2720 VMThread "VM Thread" [stack: 0x0000005481e00000,0x0000005481f00000] [id=11020] _threads_hazard_ptr=0x0000022de93695b0
  0x0000022db8d33420 GCTaskThread "GC Thread#0" [stack: 0x0000005481900000,0x0000005481a00000] [id=16092]
  0x0000022dd7c788b0 GCTaskThread "GC Thread#1" [stack: 0x0000005482d00000,0x0000005482e00000] [id=8404]
  0x0000022dd7e7b610 GCTaskThread "GC Thread#2" [stack: 0x0000005482e00000,0x0000005482f00000] [id=15024]
  0x0000022dd7e7b8c0 GCTaskThread "GC Thread#3" [stack: 0x0000005482f00000,0x0000005483000000] [id=8132]
  0x0000022db8d440f0 ConcurrentGCThread "G1 Main Marker" terminated
  0x0000022db8d44b00 ConcurrentGCThread "G1 Conc#0" [stack: 0x0000005481b00000,0x0000005481c00000] [id=2044]
  0x0000022db8d7e2e0 ConcurrentGCThread "G1 Refine#0" terminated
  0x0000022dd6eea110 ConcurrentGCThread "G1 Service" terminated

Threads with active compile tasks:

VM state: at safepoint (normal execution)

VM Mutex/Monitor currently owned by a thread:  ([mutex/lock_event])
[0x0000022db8cc3f60] Threads_lock - owner thread: 0x0000022dd71c2720
[0x0000022db8cc3b70] Heap_lock - owner thread: 0x0000022de3bf5b20

Heap address: 0x0000000702600000, size: 4058 MB, Compressed Oops mode: Zero based, Oop shift amount: 3

CDS archive(s) not mapped
Compressed class space mapped at: 0x0000000800000000-0x0000000840000000, reserved size: 1073741824
Narrow klass base: 0x0000000800000000, Narrow klass shift: 0, Narrow klass range: 0x40000000

GC Precious Log:
 CPUs: 4 total, 4 available
 Memory: 16224M
 Large Page Support: Disabled
 NUMA Support: Disabled
 Compressed Oops: Enabled (Zero based)
 Heap Region Size: 2M
 Heap Min Capacity: 8M
 Heap Initial Capacity: 254M
 Heap Max Capacity: 4058M
 Pre-touch: Disabled
 Parallel Workers: 4
 Concurrent Workers: 1
 Concurrent Refinement Workers: 4
 Periodic GC: Disabled

Heap:
 garbage-first heap   total 157696K, used 82399K [0x0000000702600000, 0x0000000800000000)
  region size 2048K, 28 young (57344K), 1 survivors (2048K)
 Metaspace       used 43283K, committed 43584K, reserved 1114112K
  class space    used 4658K, committed 4800K, reserved 1048576K

Heap Regions: E=young(eden), S=young(survivor), O=old, HS=humongous(starts), HC=humongous(continues), CS=collection set, F=free, OA=open archive, CA=closed archive, TAMS=top-at-mark-start (previous, next)
|   0|0x0000000702600000, 0x0000000702800000, 0x0000000702800000|100%|HS|  |TAMS 0x0000000702800000, 0x0000000702800000| Complete 
|   1|0x0000000702800000, 0x0000000702a00000, 0x0000000702a00000|100%| O|  |TAMS 0x0000000702a00000, 0x0000000702a00000| Untracked 
|   2|0x0000000702a00000, 0x0000000702c00000, 0x0000000702c00000|100%| O|  |TAMS 0x0000000702c00000, 0x0000000702c00000| Untracked 
|   3|0x0000000702c00000, 0x0000000702cec200, 0x0000000702e00000| 46%| O|  |TAMS 0x0000000702c00000, 0x0000000702c00000| Untracked 
|   4|0x0000000702e00000, 0x0000000703000000, 0x0000000703000000|100%| O|  |TAMS 0x0000000703000000, 0x0000000703000000| Untracked 
|   5|0x0000000703000000, 0x0000000703200000, 0x0000000703200000|100%| O|  |TAMS 0x0000000703200000, 0x0000000703200000| Untracked 
|   6|0x0000000703200000, 0x0000000703400000, 0x0000000703400000|100%| O|  |TAMS 0x0000000703254400, 0x0000000703356600| Untracked 
|   7|0x0000000703400000, 0x0000000703600000, 0x0000000703600000|100%|HS|  |TAMS 0x0000000703600000, 0x0000000703600000| Complete 
|   8|0x0000000703600000, 0x0000000703800000, 0x0000000703800000|100%|HC|  |TAMS 0x0000000703800000, 0x0000000703800000| Complete 
|   9|0x0000000703800000, 0x0000000703a00000, 0x0000000703a00000|100%|HC|  |TAMS 0x0000000703a00000, 0x0000000703a00000| Complete 
|  10|0x0000000703a00000, 0x0000000703c00000, 0x0000000703c00000|100%|HS|  |TAMS 0x0000000703a00000, 0x0000000703a00000| Complete 
|  11|0x0000000703c00000, 0x0000000703e00000, 0x0000000703e00000|100%|HC|  |TAMS 0x0000000703c00000, 0x0000000703c00000| Complete 
|  12|0x0000000703e00000, 0x0000000704000000, 0x0000000704000000|100%|HC|  |TAMS 0x0000000703e00000, 0x0000000703e00000| Complete 
|  13|0x0000000704000000, 0x0000000704200000, 0x0000000704200000|100%|HC|  |TAMS 0x0000000704000000, 0x0000000704000000| Complete 
|  14|0x0000000704200000, 0x0000000704200000, 0x0000000704400000|  0%| F|  |TAMS 0x0000000704200000, 0x0000000704200000| Untracked 
|  15|0x0000000704400000, 0x0000000704400000, 0x0000000704600000|  0%| F|  |TAMS 0x0000000704400000, 0x0000000704400000| Untracked 
|  16|0x0000000704600000, 0x0000000704600000, 0x0000000704800000|  0%| F|  |TAMS 0x0000000704600000, 0x0000000704600000| Untracked 
|  17|0x0000000704800000, 0x0000000704800000, 0x0000000704a00000|  0%| F|  |TAMS 0x0000000704800000, 0x0000000704800000| Untracked 
|  18|0x0000000704a00000, 0x0000000704a00000, 0x0000000704c00000|  0%| F|  |TAMS 0x0000000704a00000, 0x0000000704a00000| Untracked 
|  19|0x0000000704c00000, 0x0000000704c00000, 0x0000000704e00000|  0%| F|  |TAMS 0x0000000704c00000, 0x0000000704c00000| Untracked 
|  20|0x0000000704e00000, 0x0000000704f8ba70, 0x0000000705000000| 77%| S|CS|TAMS 0x0000000704e00000, 0x0000000704e00000| Complete 
|  21|0x0000000705000000, 0x0000000705000000, 0x0000000705200000|  0%| F|  |TAMS 0x0000000705000000, 0x0000000705000000| Untracked 
|  22|0x0000000705200000, 0x0000000705200000, 0x0000000705400000|  0%| F|  |TAMS 0x0000000705200000, 0x0000000705200000| Untracked 
|  23|0x0000000705400000, 0x0000000705400000, 0x0000000705600000|  0%| F|  |TAMS 0x0000000705400000, 0x0000000705400000| Untracked 
|  24|0x0000000705600000, 0x0000000705600000, 0x0000000705800000|  0%| F|  |TAMS 0x0000000705600000, 0x0000000705600000| Untracked 
|  25|0x0000000705800000, 0x0000000705800000, 0x0000000705a00000|  0%| F|  |TAMS 0x0000000705800000, 0x0000000705800000| Untracked 
|  26|0x0000000705a00000, 0x0000000705a00000, 0x0000000705c00000|  0%| F|  |TAMS 0x0000000705a00000, 0x0000000705a00000| Untracked 
|  27|0x0000000705c00000, 0x0000000705c00000, 0x0000000705e00000|  0%| F|  |TAMS 0x0000000705c00000, 0x0000000705c00000| Untracked 
|  28|0x0000000705e00000, 0x0000000705e00000, 0x0000000706000000|  0%| F|  |TAMS 0x0000000705e00000, 0x0000000705e00000| Untracked 
|  29|0x0000000706000000, 0x0000000706000000, 0x0000000706200000|  0%| F|  |TAMS 0x0000000706000000, 0x0000000706000000| Untracked 
|  30|0x0000000706200000, 0x0000000706200000, 0x0000000706400000|  0%| F|  |TAMS 0x0000000706200000, 0x0000000706200000| Untracked 
|  31|0x0000000706400000, 0x0000000706400000, 0x0000000706600000|  0%| F|  |TAMS 0x0000000706400000, 0x0000000706400000| Untracked 
|  32|0x0000000706600000, 0x0000000706600000, 0x0000000706800000|  0%| F|  |TAMS 0x0000000706600000, 0x0000000706600000| Untracked 
|  33|0x0000000706800000, 0x0000000706800000, 0x0000000706a00000|  0%| F|  |TAMS 0x0000000706800000, 0x0000000706800000| Untracked 
|  34|0x0000000706a00000, 0x0000000706a00000, 0x0000000706c00000|  0%| F|  |TAMS 0x0000000706a00000, 0x0000000706a00000| Untracked 
|  35|0x0000000706c00000, 0x0000000706c00000, 0x0000000706e00000|  0%| F|  |TAMS 0x0000000706c00000, 0x0000000706c00000| Untracked 
|  36|0x0000000706e00000, 0x0000000706e00000, 0x0000000707000000|  0%| F|  |TAMS 0x0000000706e00000, 0x0000000706e00000| Untracked 
|  37|0x0000000707000000, 0x0000000707000000, 0x0000000707200000|  0%| F|  |TAMS 0x0000000707000000, 0x0000000707000000| Untracked 
|  38|0x0000000707200000, 0x0000000707200000, 0x0000000707400000|  0%| F|  |TAMS 0x0000000707200000, 0x0000000707200000| Untracked 
|  39|0x0000000707400000, 0x0000000707400000, 0x0000000707600000|  0%| F|  |TAMS 0x0000000707400000, 0x0000000707400000| Untracked 
|  40|0x0000000707600000, 0x0000000707600000, 0x0000000707800000|  0%| F|  |TAMS 0x0000000707600000, 0x0000000707600000| Untracked 
|  41|0x0000000707800000, 0x0000000707800000, 0x0000000707a00000|  0%| F|  |TAMS 0x0000000707800000, 0x0000000707800000| Untracked 
|  42|0x0000000707a00000, 0x0000000707a00000, 0x0000000707c00000|  0%| F|  |TAMS 0x0000000707a00000, 0x0000000707a00000| Untracked 
|  43|0x0000000707c00000, 0x0000000707c00000, 0x0000000707e00000|  0%| F|  |TAMS 0x0000000707c00000, 0x0000000707c00000| Untracked 
|  44|0x0000000707e00000, 0x0000000707e00000, 0x0000000708000000|  0%| F|  |TAMS 0x0000000707e00000, 0x0000000707e00000| Untracked 
|  45|0x0000000708000000, 0x0000000708000000, 0x0000000708200000|  0%| F|  |TAMS 0x0000000708000000, 0x0000000708000000| Untracked 
|  46|0x0000000708200000, 0x0000000708200000, 0x0000000708400000|  0%| F|  |TAMS 0x0000000708200000, 0x0000000708200000| Untracked 
|  47|0x0000000708400000, 0x0000000708400000, 0x0000000708600000|  0%| F|  |TAMS 0x0000000708400000, 0x0000000708400000| Untracked 
|  48|0x0000000708600000, 0x0000000708600000, 0x0000000708800000|  0%| F|  |TAMS 0x0000000708600000, 0x0000000708600000| Untracked 
|  49|0x0000000708800000, 0x0000000708800000, 0x0000000708a00000|  0%| F|  |TAMS 0x0000000708800000, 0x0000000708800000| Untracked 
|  50|0x0000000708a00000, 0x0000000708b6b1a0, 0x0000000708c00000| 70%| E|  |TAMS 0x0000000708a00000, 0x0000000708a00000| Complete 
|  51|0x0000000708c00000, 0x0000000708e00000, 0x0000000708e00000|100%| E|CS|TAMS 0x0000000708c00000, 0x0000000708c00000| Complete 
|  52|0x0000000708e00000, 0x0000000709000000, 0x0000000709000000|100%| E|CS|TAMS 0x0000000708e00000, 0x0000000708e00000| Complete 
|  53|0x0000000709000000, 0x0000000709200000, 0x0000000709200000|100%| E|CS|TAMS 0x0000000709000000, 0x0000000709000000| Complete 
|  54|0x0000000709200000, 0x0000000709400000, 0x0000000709400000|100%| E|CS|TAMS 0x0000000709200000, 0x0000000709200000| Complete 
|  55|0x0000000709400000, 0x0000000709600000, 0x0000000709600000|100%| E|CS|TAMS 0x0000000709400000, 0x0000000709400000| Complete 
|  56|0x0000000709600000, 0x0000000709800000, 0x0000000709800000|100%| E|CS|TAMS 0x0000000709600000, 0x0000000709600000| Complete 
|  57|0x0000000709800000, 0x0000000709a00000, 0x0000000709a00000|100%| E|CS|TAMS 0x0000000709800000, 0x0000000709800000| Complete 
|  58|0x0000000709a00000, 0x0000000709c00000, 0x0000000709c00000|100%| E|CS|TAMS 0x0000000709a00000, 0x0000000709a00000| Complete 
|  59|0x0000000709c00000, 0x0000000709e00000, 0x0000000709e00000|100%| E|CS|TAMS 0x0000000709c00000, 0x0000000709c00000| Complete 
|  60|0x0000000709e00000, 0x000000070a000000, 0x000000070a000000|100%| E|CS|TAMS 0x0000000709e00000, 0x0000000709e00000| Complete 
|  61|0x000000070a000000, 0x000000070a200000, 0x000000070a200000|100%| E|CS|TAMS 0x000000070a000000, 0x000000070a000000| Complete 
|  62|0x000000070a200000, 0x000000070a400000, 0x000000070a400000|100%| E|CS|TAMS 0x000000070a200000, 0x000000070a200000| Complete 
|  63|0x000000070a400000, 0x000000070a600000, 0x000000070a600000|100%| E|CS|TAMS 0x000000070a400000, 0x000000070a400000| Complete 
|  64|0x000000070a600000, 0x000000070a800000, 0x000000070a800000|100%| E|CS|TAMS 0x000000070a600000, 0x000000070a600000| Complete 
|  65|0x000000070a800000, 0x000000070aa00000, 0x000000070aa00000|100%| E|CS|TAMS 0x000000070a800000, 0x000000070a800000| Complete 
|  66|0x000000070aa00000, 0x000000070ac00000, 0x000000070ac00000|100%| E|CS|TAMS 0x000000070aa00000, 0x000000070aa00000| Complete 
|  67|0x000000070ac00000, 0x000000070ae00000, 0x000000070ae00000|100%| E|CS|TAMS 0x000000070ac00000, 0x000000070ac00000| Complete 
|  68|0x000000070ae00000, 0x000000070b000000, 0x000000070b000000|100%| E|CS|TAMS 0x000000070ae00000, 0x000000070ae00000| Complete 
|  69|0x000000070b000000, 0x000000070b200000, 0x000000070b200000|100%| E|CS|TAMS 0x000000070b000000, 0x000000070b000000| Complete 
|  70|0x000000070b200000, 0x000000070b400000, 0x000000070b400000|100%| E|CS|TAMS 0x000000070b200000, 0x000000070b200000| Complete 
|  71|0x000000070b400000, 0x000000070b600000, 0x000000070b600000|100%| E|CS|TAMS 0x000000070b400000, 0x000000070b400000| Complete 
|  72|0x000000070b600000, 0x000000070b800000, 0x000000070b800000|100%| E|CS|TAMS 0x000000070b600000, 0x000000070b600000| Complete 
| 112|0x0000000710600000, 0x0000000710800000, 0x0000000710800000|100%| E|CS|TAMS 0x0000000710600000, 0x0000000710600000| Complete 
| 113|0x0000000710800000, 0x0000000710a00000, 0x0000000710a00000|100%| E|CS|TAMS 0x0000000710800000, 0x0000000710800000| Complete 
| 125|0x0000000712000000, 0x0000000712200000, 0x0000000712200000|100%| E|CS|TAMS 0x0000000712000000, 0x0000000712000000| Complete 
| 126|0x0000000712200000, 0x0000000712400000, 0x0000000712400000|100%| E|CS|TAMS 0x0000000712200000, 0x0000000712200000| Complete 

Card table byte_map: [0x0000022dcbc70000,0x0000022dcc460000] _byte_map_base: 0x0000022dc845d000

Marking Bits (Prev, Next): (CMBitMap*) 0x0000022db8d33a30, (CMBitMap*) 0x0000022db8d33a70
 Prev Bits: [0x0000022dccc50000, 0x0000022dd0bb8000)
 Next Bits: [0x0000022dd0bc0000, 0x0000022dd4b28000)

Polling page: 0x0000022db6cb0000

Metaspace:

Usage:
  Non-class:     37.72 MB used.
      Class:      4.55 MB used.
       Both:     42.27 MB used.

Virtual space:
  Non-class space:       64.00 MB reserved,      37.88 MB ( 59%) committed,  1 nodes.
      Class space:        1.00 GB reserved,       4.69 MB ( <1%) committed,  1 nodes.
             Both:        1.06 GB reserved,      42.56 MB (  4%) committed. 

Chunk freelists:
   Non-Class:  9.47 MB
       Class:  11.27 MB
        Both:  20.73 MB

MaxMetaspaceSize: unlimited
CompressedClassSpaceSize: 1.00 GB
Initial GC threshold: 21.00 MB
Current GC threshold: 58.75 MB
CDS: off
MetaspaceReclaimPolicy: balanced
 - commit_granule_bytes: 65536.
 - commit_granule_words: 8192.
 - virtual_space_node_default_size: 8388608.
 - enlarge_chunks_in_place: 1.
 - new_chunks_are_fully_committed: 0.
 - uncommit_free_chunks: 1.
 - use_allocation_guard: 0.
 - handle_deallocations: 1.


Internal statistics:

num_allocs_failed_limit: 6.
num_arena_births: 226.
num_arena_deaths: 0.
num_vsnodes_births: 2.
num_vsnodes_deaths: 0.
num_space_committed: 681.
num_space_uncommitted: 0.
num_chunks_returned_to_freelist: 6.
num_chunks_taken_from_freelist: 1120.
num_chunk_merges: 3.
num_chunk_splits: 971.
num_chunks_enlarged: 882.
num_inconsistent_stats: 0.

CodeHeap 'non-profiled nmethods': size=120000Kb used=3334Kb max_used=3483Kb free=116665Kb
 bounds [0x0000022dc3f50000, 0x0000022dc42c0000, 0x0000022dcb480000]
CodeHeap 'profiled nmethods': size=120000Kb used=8062Kb max_used=10694Kb free=111937Kb
 bounds [0x0000022dbc480000, 0x0000022dbcf00000, 0x0000022dc39b0000]
CodeHeap 'non-nmethods': size=5760Kb used=1849Kb max_used=1945Kb free=3910Kb
 bounds [0x0000022dc39b0000, 0x0000022dc3c20000, 0x0000022dc3f50000]
 total_blobs=5871 nmethods=4548 adapters=1234
 compilation: enabled
              stopped_count=0, restarted_count=0
 full_count=0

Compilation events (20 events):
Event: 49.272 Thread 0x0000022dd7236260 5342       4       java.lang.Integer::toString (55 bytes)
Event: 49.282 Thread 0x0000022dd7236260 nmethod 5342 0x0000022dc3f70d10 code [0x0000022dc3f70ea0, 0x0000022dc3f71638]
Event: 49.282 Thread 0x0000022dd7236260 5343       4       common.component.PaginationTableKt::access$PaginatedTable$lambda$5 (6 bytes)
Event: 49.283 Thread 0x0000022dd7236260 nmethod 5343 0x0000022dc3f70810 code [0x0000022dc3f709a0, 0x0000022dc3f70a68]
Event: 49.362 Thread 0x0000022dd7236260 5344       4       androidx.compose.foundation.Background::<init> (40 bytes)
Event: 49.365 Thread 0x0000022dd7236260 nmethod 5344 0x0000022dc3f96310 code [0x0000022dc3f96480, 0x0000022dc3f96918]
Event: 49.366 Thread 0x0000022dd7236260 5345       4       androidx.compose.foundation.Background::<init> (12 bytes)
Event: 49.370 Thread 0x0000022dd7236260 nmethod 5345 0x0000022dc4165b90 code [0x0000022dc4165d00, 0x0000022dc4166198]
Event: 49.385 Thread 0x0000022dd7236260 5346       4       java.lang.invoke.DirectMethodHandle$Holder::newInvokeSpecial (21 bytes)
Event: 49.387 Thread 0x0000022dd7236260 nmethod 5346 0x0000022dc3f76810 code [0x0000022dc3f769a0, 0x0000022dc3f76ba8]
Event: 49.431 Thread 0x0000022dd7236260 5347       4       kotlinx.coroutines.AbstractCoroutine::afterResume (6 bytes)
Event: 49.431 Thread 0x0000022dd7236260 nmethod 5347 0x0000022dc4173d10 code [0x0000022dc4173ea0, 0x0000022dc4173f58]
Event: 49.680 Thread 0x0000022dd7236260 5348       4       org.jetbrains.skiko.redrawer.WindowsOpenGLRedrawer$Companion$toRedrawVisible$2::invoke (9 bytes)
Event: 49.681 Thread 0x0000022dd7236260 nmethod 5348 0x0000022dc3f76410 code [0x0000022dc3f765a0, 0x0000022dc3f76678]
Event: 49.778 Thread 0x0000022dd7236260 5349       4       androidx.compose.runtime.collection.MutableVector::asMutableList (36 bytes)
Event: 49.780 Thread 0x0000022dd7236260 nmethod 5349 0x0000022dc3f82110 code [0x0000022dc3f822a0, 0x0000022dc3f82478]
Event: 50.150 Thread 0x0000022dd723a040 5350       3       kotlinx.coroutines.JobSupport$Finishing::getRootCause (8 bytes)
Event: 50.150 Thread 0x0000022dd723a040 nmethod 5350 0x0000022dbc483710 code [0x0000022dbc4838a0, 0x0000022dbc483ab8]
Event: 50.151 Thread 0x0000022dd7236260 5351       4       kotlinx.coroutines.JobSupport::isCompleted (16 bytes)
Event: 50.152 Thread 0x0000022dd7236260 nmethod 5351 0x0000022dc3f81b90 code [0x0000022dc3f81d00, 0x0000022dc3f81e18]

GC Heap History (18 events):
Event: 0.639 GC heap before
{Heap before GC invocations=0 (full 0):
 garbage-first heap   total 260096K, used 12288K [0x0000000702600000, 0x0000000800000000)
  region size 2048K, 6 young (12288K), 0 survivors (0K)
 Metaspace       used 8857K, committed 8960K, reserved 1114112K
  class space    used 794K, committed 832K, reserved 1048576K
}
Event: 0.650 GC heap after
{Heap after GC invocations=1 (full 0):
 garbage-first heap   total 260096K, used 7192K [0x0000000702600000, 0x0000000800000000)
  region size 2048K, 1 young (2048K), 1 survivors (2048K)
 Metaspace       used 8857K, committed 8960K, reserved 1114112K
  class space    used 794K, committed 832K, reserved 1048576K
}
Event: 1.101 GC heap before
{Heap before GC invocations=1 (full 0):
 garbage-first heap   total 260096K, used 15384K [0x0000000702600000, 0x0000000800000000)
  region size 2048K, 6 young (12288K), 1 survivors (2048K)
 Metaspace       used 13645K, committed 13824K, reserved 1114112K
  class space    used 1194K, committed 1280K, reserved 1048576K
}
Event: 1.104 GC heap after
{Heap after GC invocations=2 (full 0):
 garbage-first heap   total 260096K, used 8143K [0x0000000702600000, 0x0000000800000000)
  region size 2048K, 1 young (2048K), 1 survivors (2048K)
 Metaspace       used 13645K, committed 13824K, reserved 1114112K
  class space    used 1194K, committed 1280K, reserved 1048576K
}
Event: 2.087 GC heap before
{Heap before GC invocations=2 (full 0):
 garbage-first heap   total 260096K, used 30671K [0x0000000702600000, 0x0000000800000000)
  region size 2048K, 13 young (26624K), 1 survivors (2048K)
 Metaspace       used 21343K, committed 21504K, reserved 1114112K
  class space    used 2156K, committed 2240K, reserved 1048576K
}
Event: 2.090 GC heap after
{Heap after GC invocations=3 (full 0):
 garbage-first heap   total 260096K, used 9359K [0x0000000702600000, 0x0000000800000000)
  region size 2048K, 2 young (4096K), 2 survivors (4096K)
 Metaspace       used 21343K, committed 21504K, reserved 1114112K
  class space    used 2156K, committed 2240K, reserved 1048576K
}
Event: 2.768 GC heap before
{Heap before GC invocations=4 (full 0):
 garbage-first heap   total 55296K, used 38031K [0x0000000702600000, 0x0000000800000000)
  region size 2048K, 16 young (32768K), 2 survivors (4096K)
 Metaspace       used 27981K, committed 28288K, reserved 1114112K
  class space    used 2967K, committed 3136K, reserved 1048576K
}
Event: 2.773 GC heap after
{Heap after GC invocations=5 (full 0):
 garbage-first heap   total 55296K, used 10743K [0x0000000702600000, 0x0000000800000000)
  region size 2048K, 2 young (4096K), 2 survivors (4096K)
 Metaspace       used 27981K, committed 28288K, reserved 1114112K
  class space    used 2967K, committed 3136K, reserved 1048576K
}
Event: 2.810 GC heap before
{Heap before GC invocations=5 (full 0):
 garbage-first heap   total 55296K, used 10743K [0x0000000702600000, 0x0000000800000000)
  region size 2048K, 3 young (6144K), 2 survivors (4096K)
 Metaspace       used 28408K, committed 28672K, reserved 1114112K
  class space    used 3013K, committed 3136K, reserved 1048576K
}
Event: 2.813 GC heap after
{Heap after GC invocations=6 (full 0):
 garbage-first heap   total 55296K, used 11032K [0x0000000702600000, 0x0000000800000000)
  region size 2048K, 1 young (2048K), 1 survivors (2048K)
 Metaspace       used 28408K, committed 28672K, reserved 1114112K
  class space    used 3013K, committed 3136K, reserved 1048576K
}
Event: 25.129 GC heap before
{Heap before GC invocations=6 (full 0):
 garbage-first heap   total 55296K, used 41752K [0x0000000702600000, 0x0000000800000000)
  region size 2048K, 13 young (26624K), 1 survivors (2048K)
 Metaspace       used 33606K, committed 33920K, reserved 1114112K
  class space    used 3615K, committed 3776K, reserved 1048576K
}
Event: 25.132 GC heap after
{Heap after GC invocations=7 (full 0):
 garbage-first heap   total 55296K, used 17852K [0x0000000702600000, 0x0000000800000000)
  region size 2048K, 1 young (2048K), 1 survivors (2048K)
 Metaspace       used 33606K, committed 33920K, reserved 1114112K
  class space    used 3615K, committed 3776K, reserved 1048576K
}
Event: 25.425 GC heap before
{Heap before GC invocations=7 (full 0):
 garbage-first heap   total 55296K, used 30140K [0x0000000702600000, 0x0000000800000000)
  region size 2048K, 8 young (16384K), 1 survivors (2048K)
 Metaspace       used 35790K, committed 35968K, reserved 1114112K
  class space    used 3900K, committed 3968K, reserved 1048576K
}
Event: 25.430 GC heap after
{Heap after GC invocations=8 (full 0):
 garbage-first heap   total 55296K, used 19373K [0x0000000702600000, 0x0000000800000000)
  region size 2048K, 2 young (4096K), 2 survivors (4096K)
 Metaspace       used 35790K, committed 35968K, reserved 1114112K
  class space    used 3900K, committed 3968K, reserved 1048576K
}
Event: 25.815 GC heap before
{Heap before GC invocations=9 (full 0):
 garbage-first heap   total 55296K, used 35757K [0x0000000702600000, 0x0000000800000000)
  region size 2048K, 10 young (20480K), 2 survivors (4096K)
 Metaspace       used 39786K, committed 40064K, reserved 1114112K
  class space    used 4369K, committed 4480K, reserved 1048576K
}
Event: 25.819 GC heap after
{Heap after GC invocations=10 (full 0):
 garbage-first heap   total 55296K, used 20117K [0x0000000702600000, 0x0000000800000000)
  region size 2048K, 2 young (4096K), 2 survivors (4096K)
 Metaspace       used 39786K, committed 40064K, reserved 1114112K
  class space    used 4369K, committed 4480K, reserved 1048576K
}
Event: 26.187 GC heap before
{Heap before GC invocations=10 (full 0):
 garbage-first heap   total 55296K, used 30357K [0x0000000702600000, 0x0000000800000000)
  region size 2048K, 8 young (16384K), 2 survivors (4096K)
 Metaspace       used 41877K, committed 42112K, reserved 1114112K
  class space    used 4623K, committed 4736K, reserved 1048576K
}
Event: 26.191 GC heap after
{Heap after GC invocations=11 (full 0):
 garbage-first heap   total 157696K, used 20959K [0x0000000702600000, 0x0000000800000000)
  region size 2048K, 1 young (2048K), 1 survivors (2048K)
 Metaspace       used 41877K, committed 42112K, reserved 1114112K
  class space    used 4623K, committed 4736K, reserved 1048576K
}

Dll operation events (3 events):
Event: 0.032 Loaded shared library C:\Users\HP\.jdks\jbr-17.0.7-1\bin\java.dll
Event: 0.077 Loaded shared library C:\Users\HP\.jdks\jbr-17.0.7-1\bin\jsvml.dll
Event: 0.291 Loaded shared library C:\Users\HP\.jdks\jbr-17.0.7-1\bin\zip.dll

Deoptimization events (20 events):
Event: 32.637 Thread 0x0000022ddc0ace60 Uncommon trap: trap_request=0xffffffc6 fr.pc=0x0000022dc41d2ca0 relative=0x0000000000000080
Event: 32.637 Thread 0x0000022ddc0ace60 Uncommon trap: reason=bimorphic_or_optimized_type_check action=maybe_recompile pc=0x0000022dc41d2ca0 method=java.util.AbstractCollection.isEmpty()Z @ 1 c2
Event: 32.637 Thread 0x0000022ddc0ace60 DEOPT PACKING pc=0x0000022dc41d2ca0 sp=0x00000054833fe980
Event: 32.637 Thread 0x0000022ddc0ace60 DEOPT UNPACKING pc=0x0000022dc3a069a3 sp=0x00000054833fe910 mode 2
Event: 32.639 Thread 0x0000022ddc0ace60 Uncommon trap: trap_request=0xffffff45 fr.pc=0x0000022dc4134888 relative=0x0000000000000e28
Event: 32.639 Thread 0x0000022ddc0ace60 Uncommon trap: reason=unstable_if action=reinterpret pc=0x0000022dc4134888 method=java.security.AccessControlContext.combine([Ljava/security/ProtectionDomain;[Ljava/security/ProtectionDomain;)[Ljava/security/ProtectionDomain; @ 155 c2
Event: 32.639 Thread 0x0000022ddc0ace60 DEOPT PACKING pc=0x0000022dc4134888 sp=0x00000054833fdc20
Event: 32.639 Thread 0x0000022ddc0ace60 DEOPT UNPACKING pc=0x0000022dc3a069a3 sp=0x00000054833fdb38 mode 2
Event: 50.158 Thread 0x0000022de980d640 Uncommon trap: trap_request=0xffffffc6 fr.pc=0x0000022dc41d2ca0 relative=0x0000000000000080
Event: 50.158 Thread 0x0000022de980d640 Uncommon trap: reason=bimorphic_or_optimized_type_check action=maybe_recompile pc=0x0000022dc41d2ca0 method=java.util.AbstractCollection.isEmpty()Z @ 1 c2
Event: 50.158 Thread 0x0000022de980d640 DEOPT PACKING pc=0x0000022dc41d2ca0 sp=0x0000005484afed30
Event: 50.158 Thread 0x0000022de980d640 DEOPT UNPACKING pc=0x0000022dc3a069a3 sp=0x0000005484afecc0 mode 2
Event: 50.158 Thread 0x0000022de980d640 Uncommon trap: trap_request=0xffffffc6 fr.pc=0x0000022dc41d2ca0 relative=0x0000000000000080
Event: 50.158 Thread 0x0000022de980d640 Uncommon trap: reason=bimorphic_or_optimized_type_check action=maybe_recompile pc=0x0000022dc41d2ca0 method=java.util.AbstractCollection.isEmpty()Z @ 1 c2
Event: 50.158 Thread 0x0000022de980d640 DEOPT PACKING pc=0x0000022dc41d2ca0 sp=0x0000005484afed30
Event: 50.158 Thread 0x0000022de980d640 DEOPT UNPACKING pc=0x0000022dc3a069a3 sp=0x0000005484afecc0 mode 2
Event: 50.159 Thread 0x0000022de3bf7800 Uncommon trap: trap_request=0xffffffc6 fr.pc=0x0000022dc41d2ca0 relative=0x0000000000000080
Event: 50.159 Thread 0x0000022de3bf7800 Uncommon trap: reason=bimorphic_or_optimized_type_check action=maybe_recompile pc=0x0000022dc41d2ca0 method=java.util.AbstractCollection.isEmpty()Z @ 1 c2
Event: 50.159 Thread 0x0000022de3bf7800 DEOPT PACKING pc=0x0000022dc41d2ca0 sp=0x00000054842ff520
Event: 50.159 Thread 0x0000022de3bf7800 DEOPT UNPACKING pc=0x0000022dc3a069a3 sp=0x00000054842ff4b0 mode 2

Classes unloaded (0 events):
No events

Classes redefined (0 events):
No events

Internal exceptions (20 events):
Event: 2.005 Thread 0x0000022ddc0ace60 Exception <a 'java/lang/NoSuchMethodError'{0x0000000710c76140}: 'void java.lang.invoke.DirectMethodHandle$Holder.invokeStatic(java.lang.Object, java.lang.Object, java.lang.Object)'> (0x0000000710c76140) 
thrown [s\src\hotspot\share\interpreter\linkResolver.cpp, line 771]
Event: 2.074 Thread 0x0000022ddc0ace60 Exception <a 'java/lang/NoSuchMethodError'{0x0000000710afdbe0}: 'java.lang.Object java.lang.invoke.DirectMethodHandle$Holder.newInvokeSpecial(java.lang.Object, java.lang.Object, int, int)'> (0x0000000710afdbe0) 
thrown [s\src\hotspot\share\interpreter\linkResolver.cpp, line 771]
Event: 2.076 Thread 0x0000022ddc0ace60 Exception <a 'java/lang/NoSuchMethodError'{0x0000000710b0f030}: 'java.lang.Object java.lang.invoke.DirectMethodHandle$Holder.newInvokeSpecial(java.lang.Object, java.lang.Object, int, int, int, int)'> (0x0000000710b0f030) 
thrown [s\src\hotspot\share\interpreter\linkResolver.cpp, line 771]
Event: 2.098 Thread 0x0000022ddc097ee0 Exception <a 'java/lang/NoSuchMethodError'{0x0000000712005308}: 'void java.lang.invoke.DirectMethodHandle$Holder.invokeVirtual(java.lang.Object, java.lang.Object)'> (0x0000000712005308) 
thrown [s\src\hotspot\share\interpreter\linkResolver.cpp, line 771]
Event: 2.205 Thread 0x0000022ddc0ace60 Exception <a 'java/lang/NoSuchMethodError'{0x00000007121fa850}: 'java.lang.Object java.lang.invoke.DirectMethodHandle$Holder.invokeStaticInit(java.lang.Object, java.lang.Object, java.lang.Object, java.lang.Object, java.lang.Object, java.lang.Object, java.lang.Object)'> (0x00000007121fa850) 
thrown [s\src\hotspot\share\interpreter\linkResolver.cpp, line 771]
Event: 2.208 Thread 0x0000022ddc0ace60 Exception <a 'java/lang/NoSuchMethodError'{0x0000000705204838}: 'java.lang.Object java.lang.invoke.DirectMethodHandle$Holder.invokeSpecial(java.lang.Object, java.lang.Object, java.lang.Object, java.lang.Object, java.lang.Object, java.lang.Object, java.lang.Object, java.lang.Object, java.lang.Object, java.lang.Object)'> (0x0000000705204838) 
thrown [s\src\hotspot\share\interpreter\linkResolver.cpp, line 771]
Event: 2.209 Thread 0x0000022ddc0ace60 Exception <a 'java/lang/NoSuchMethodError'{0x00000007052090c8}: 'java.lang.Object java.lang.invoke.Invokers$Holder.invoke_MT(java.lang.Object, java.lang.Object, java.lang.Object, java.lang.Object, java.lang.Object, java.lang.Object, java.lang.Object, java.lang.Object, java.lang.Object, java.lang.Object)'> (0x00000007052090c8) 
thrown [s\src\hotspot\share\interpreter\linkResolver.cpp, line 771]
Event: 2.211 Thread 0x0000022ddc0ace60 Exception <a 'java/lang/NoSuchMethodError'{0x000000070520f810}: 'java.lang.Object java.lang.invoke.DirectMethodHandle$Holder.invokeStatic(java.lang.Object, java.lang.Object, int)'> (0x000000070520f810) 
thrown [s\src\hotspot\share\interpreter\linkResolver.cpp, line 771]
Event: 2.214 Thread 0x0000022ddc0ace60 Exception <a 'java/lang/NoSuchMethodError'{0x0000000705222378}: 'void java.lang.invoke.DelegatingMethodHandle$Holder.delegate(java.lang.Object, java.lang.Object, int, java.lang.Object)'> (0x0000000705222378) 
thrown [s\src\hotspot\share\interpreter\linkResolver.cpp, line 771]
Event: 2.214 Thread 0x0000022ddc0ace60 Exception <a 'java/lang/NoSuchMethodError'{0x0000000705226760}: 'int java.lang.invoke.DirectMethodHandle$Holder.invokeSpecial(java.lang.Object, java.lang.Object, java.lang.Object)'> (0x0000000705226760) 
thrown [s\src\hotspot\share\interpreter\linkResolver.cpp, line 771]
Event: 2.218 Thread 0x0000022ddc0ace60 Exception <a 'java/lang/NoSuchMethodError'{0x0000000705246da8}: 'int java.lang.invoke.DirectMethodHandle$Holder.invokeVirtual(java.lang.Object, java.lang.Object, java.lang.Object)'> (0x0000000705246da8) 
thrown [s\src\hotspot\share\interpreter\linkResolver.cpp, line 771]
Event: 2.218 Thread 0x0000022ddc0ace60 Exception <a 'java/lang/NoSuchMethodError'{0x000000070524abe0}: 'int java.lang.invoke.DirectMethodHandle$Holder.invokeVirtual(java.lang.Object, java.lang.Object)'> (0x000000070524abe0) 
thrown [s\src\hotspot\share\interpreter\linkResolver.cpp, line 771]
Event: 2.219 Thread 0x0000022ddc0ace60 Exception <a 'java/lang/NoSuchMethodError'{0x000000070524f3d8}: 'int java.lang.invoke.DirectMethodHandle$Holder.invokeStaticInit(java.lang.Object, java.lang.Object, java.lang.Object)'> (0x000000070524f3d8) 
thrown [s\src\hotspot\share\interpreter\linkResolver.cpp, line 771]
Event: 2.219 Thread 0x0000022ddc0ace60 Exception <a 'java/lang/NoSuchMethodError'{0x0000000705253260}: 'int java.lang.invoke.DirectMethodHandle$Holder.invokeStaticInit(java.lang.Object, int, int)'> (0x0000000705253260) 
thrown [s\src\hotspot\share\interpreter\linkResolver.cpp, line 771]
Event: 2.220 Thread 0x0000022ddc0ace60 Exception <a 'java/lang/NoSuchMethodError'{0x000000070525b098}: 'int java.lang.invoke.DirectMethodHandle$Holder.invokeStaticInit(java.lang.Object, long, long)'> (0x000000070525b098) 
thrown [s\src\hotspot\share\interpreter\linkResolver.cpp, line 771]
Event: 2.221 Thread 0x0000022ddc0ace60 Exception <a 'java/lang/NoSuchMethodError'{0x0000000705262438}: 'int java.lang.invoke.DirectMethodHandle$Holder.invokeStaticInit(java.lang.Object, float, float)'> (0x0000000705262438) 
thrown [s\src\hotspot\share\interpreter\linkResolver.cpp, line 771]
Event: 2.221 Thread 0x0000022ddc0ace60 Exception <a 'java/lang/NoSuchMethodError'{0x00000007052697e0}: 'int java.lang.invoke.DirectMethodHandle$Holder.invokeStaticInit(java.lang.Object, double, double)'> (0x00000007052697e0) 
thrown [s\src\hotspot\share\interpreter\linkResolver.cpp, line 771]
Event: 2.222 Thread 0x0000022ddc0ace60 Exception <a 'java/lang/NoSuchMethodError'{0x000000070526e338}: 'int java.lang.invoke.DirectMethodHandle$Holder.invokeStatic(java.lang.Object, long)'> (0x000000070526e338) 
thrown [s\src\hotspot\share\interpreter\linkResolver.cpp, line 771]
Event: 2.225 Thread 0x0000022ddc0ace60 Exception <a 'java/lang/NoSuchMethodError'{0x0000000705292a80}: 'int java.lang.invoke.Invokers$Holder.linkToTargetMethod(java.lang.Object, java.lang.Object)'> (0x0000000705292a80) 
thrown [s\src\hotspot\share\interpreter\linkResolver.cpp, line 771]
Event: 25.520 Thread 0x0000022ddc0ace60 Exception <a 'java/lang/NoSuchMethodError'{0x000000071209e130}: 'java.lang.Object java.lang.invoke.DirectMethodHandle$Holder.newInvokeSpecial(java.lang.Object, int, java.lang.Object)'> (0x000000071209e130) 
thrown [s\src\hotspot\share\interpreter\linkResolver.cpp, line 771]

VM Operations (20 events):
Event: 41.850 Executing VM operation: Cleanup done
Event: 42.856 Executing VM operation: Cleanup
Event: 42.856 Executing VM operation: Cleanup done
Event: 43.865 Executing VM operation: Cleanup
Event: 43.865 Executing VM operation: Cleanup done
Event: 44.443 Executing VM operation: HandshakeAllThreads
Event: 44.443 Executing VM operation: HandshakeAllThreads done
Event: 44.483 Executing VM operation: HandshakeAllThreads
Event: 44.483 Executing VM operation: HandshakeAllThreads done
Event: 44.526 Executing VM operation: HandshakeAllThreads
Event: 44.526 Executing VM operation: HandshakeAllThreads done
Event: 45.530 Executing VM operation: Cleanup
Event: 45.530 Executing VM operation: Cleanup done
Event: 46.546 Executing VM operation: Cleanup
Event: 46.546 Executing VM operation: Cleanup done
Event: 48.573 Executing VM operation: Cleanup
Event: 48.573 Executing VM operation: Cleanup done
Event: 49.576 Executing VM operation: Cleanup
Event: 49.576 Executing VM operation: Cleanup done
Event: 50.160 Executing VM operation: Exit

Events (20 events):
Event: 44.532 Thread 0x0000022dd723b5e0 flushing nmethod 0x0000022dbcca3290
Event: 44.532 Thread 0x0000022dd723b5e0 flushing nmethod 0x0000022dbccb1a90
Event: 44.532 Thread 0x0000022dd723b5e0 flushing nmethod 0x0000022dbccb6090
Event: 44.532 Thread 0x0000022dd723b5e0 flushing nmethod 0x0000022dbccbf390
Event: 44.532 Thread 0x0000022dd723b5e0 flushing nmethod 0x0000022dbccf3c10
Event: 44.532 Thread 0x0000022dd723b5e0 flushing nmethod 0x0000022dbccfad90
Event: 44.532 Thread 0x0000022dd723b5e0 flushing nmethod 0x0000022dbcd36b90
Event: 44.533 Thread 0x0000022dd723b5e0 flushing nmethod 0x0000022dbcdfaa10
Event: 50.125 loading class jdk/internal/misc/Signal$1
Event: 50.125 loading class jdk/internal/misc/Signal$1 done
Event: 50.125 Thread 0x0000022de3bf5b20 Thread added: 0x0000022de3bf5b20
Event: 50.125 Thread 0x0000022de3bf7cd0 Thread added: 0x0000022de3bf7cd0
Event: 50.126 Thread 0x0000022de3bf94e0 Thread added: 0x0000022de3bf94e0
Event: 50.126 Thread 0x0000022de980d640 Thread added: 0x0000022de980d640
Event: 50.130 Thread 0x0000022de3bf94e0 Thread exited: 0x0000022de3bf94e0
Event: 50.154 Thread 0x0000022ddc097ee0 Thread exited: 0x0000022ddc097ee0
Event: 50.158 Thread 0x0000022de980d640 Thread exited: 0x0000022de980d640
Event: 50.159 Thread 0x0000022de3bf7800 Thread exited: 0x0000022de3bf7800
Event: 50.159 Thread 0x0000022de3bf3e40 Thread exited: 0x0000022de3bf3e40
Event: 50.160 Thread 0x0000022dd722a890 Thread exited: 0x0000022dd722a890


Dynamic libraries:
0x00007ff762bd0000 - 0x00007ff762bda000 	C:\Users\HP\.jdks\jbr-17.0.7-1\bin\java.exe
0x00007ffb07c30000 - 0x00007ffb07e28000 	C:\Windows\SYSTEM32\ntdll.dll
0x00007ffb07050000 - 0x00007ffb0710f000 	C:\Windows\System32\KERNEL32.DLL
0x00007ffb056e0000 - 0x00007ffb059d6000 	C:\Windows\System32\KERNELBASE.dll
0x00007ffb055e0000 - 0x00007ffb056e0000 	C:\Windows\System32\ucrtbase.dll
0x00007ffadbca0000 - 0x00007ffadbcbb000 	C:\Users\HP\.jdks\jbr-17.0.7-1\bin\VCRUNTIME140.dll
0x00007ffad9850000 - 0x00007ffad9867000 	C:\Users\HP\.jdks\jbr-17.0.7-1\bin\jli.dll
0x00007ffb075e0000 - 0x00007ffb0777d000 	C:\Windows\System32\USER32.dll
0x00007ffaee100000 - 0x00007ffaee39a000 	C:\Windows\WinSxS\amd64_microsoft.windows.common-controls_6595b64144ccf1df_6.0.19041.1110_none_60b5254171f9507e\COMCTL32.dll
0x00007ffb059e0000 - 0x00007ffb05a02000 	C:\Windows\System32\win32u.dll
0x00007ffb073c0000 - 0x00007ffb0745e000 	C:\Windows\System32\msvcrt.dll
0x00007ffb05c90000 - 0x00007ffb05cbc000 	C:\Windows\System32\GDI32.dll
0x00007ffb05b70000 - 0x00007ffb05c85000 	C:\Windows\System32\gdi32full.dll
0x00007ffb05540000 - 0x00007ffb055dd000 	C:\Windows\System32\msvcp_win.dll
0x00007ffb06900000 - 0x00007ffb06930000 	C:\Windows\System32\IMM32.DLL
0x00007ffafd350000 - 0x00007ffafd35c000 	C:\Users\HP\.jdks\jbr-17.0.7-1\bin\vcruntime140_1.dll
0x00007ffad13e0000 - 0x00007ffad146d000 	C:\Users\HP\.jdks\jbr-17.0.7-1\bin\msvcp140.dll
0x00007ffad0760000 - 0x00007ffad13e0000 	C:\Users\HP\.jdks\jbr-17.0.7-1\bin\server\jvm.dll
0x00007ffb05df0000 - 0x00007ffb05e9f000 	C:\Windows\System32\ADVAPI32.dll
0x00007ffb07110000 - 0x00007ffb071ac000 	C:\Windows\System32\sechost.dll
0x00007ffb06080000 - 0x00007ffb061a6000 	C:\Windows\System32\RPCRT4.dll
0x00007ffaeee70000 - 0x00007ffaeee79000 	C:\Windows\SYSTEM32\WSOCK32.dll
0x00007ffb069c0000 - 0x00007ffb06a2b000 	C:\Windows\System32\WS2_32.dll
0x00007ffaec5c0000 - 0x00007ffaec5e7000 	C:\Windows\SYSTEM32\WINMM.dll
0x00007ffafadf0000 - 0x00007ffafadfa000 	C:\Windows\SYSTEM32\VERSION.dll
0x00007ffb03b00000 - 0x00007ffb03b12000 	C:\Windows\SYSTEM32\kernel.appcore.dll
0x00007ffafd260000 - 0x00007ffafd26a000 	C:\Users\HP\.jdks\jbr-17.0.7-1\bin\jimage.dll
0x00007ffb00020000 - 0x00007ffb00204000 	C:\Windows\SYSTEM32\DBGHELP.DLL
0x00007ffaeec60000 - 0x00007ffaeec94000 	C:\Windows\SYSTEM32\dbgcore.DLL
0x00007ffb054b0000 - 0x00007ffb05532000 	C:\Windows\System32\bcryptPrimitives.dll
0x00007ffafd370000 - 0x00007ffafd37e000 	C:\Users\HP\.jdks\jbr-17.0.7-1\bin\instrument.dll
0x00007ffad9820000 - 0x00007ffad9845000 	C:\Users\HP\.jdks\jbr-17.0.7-1\bin\java.dll
0x00007ffad72e0000 - 0x00007ffad72f8000 	C:\Users\HP\.jdks\jbr-17.0.7-1\bin\zip.dll
0x00007ffad0680000 - 0x00007ffad0757000 	C:\Users\HP\.jdks\jbr-17.0.7-1\bin\jsvml.dll
0x00007ffb061b0000 - 0x00007ffb068f4000 	C:\Windows\System32\SHELL32.dll
0x00007ffb00210000 - 0x00007ffb009a4000 	C:\Windows\SYSTEM32\windows.storage.dll
0x00007ffb06b80000 - 0x00007ffb06ed4000 	C:\Windows\System32\combase.dll
0x00007ffb04b90000 - 0x00007ffb04bbe000 	C:\Windows\SYSTEM32\Wldp.dll
0x00007ffb06ef0000 - 0x00007ffb06f9d000 	C:\Windows\System32\SHCORE.dll
0x00007ffb07580000 - 0x00007ffb075d5000 	C:\Windows\System32\shlwapi.dll
0x00007ffb05240000 - 0x00007ffb05265000 	C:\Windows\SYSTEM32\profapi.dll
0x00007ffad6a10000 - 0x00007ffad6a29000 	C:\Users\HP\.jdks\jbr-17.0.7-1\bin\net.dll
0x00007ffaf65e0000 - 0x00007ffaf66ea000 	C:\Windows\SYSTEM32\WINHTTP.dll
0x00007ffb04970000 - 0x00007ffb049da000 	C:\Windows\system32\mswsock.dll
0x00007ffad0660000 - 0x00007ffad0676000 	C:\Users\HP\.jdks\jbr-17.0.7-1\bin\nio.dll
0x00007ffaf9440000 - 0x00007ffaf945a000 	C:\Program Files\JetBrains\IntelliJ IDEA Community Edition 2021.3.2\bin\breakgen64.dll
0x00007ffa9ca00000 - 0x00007ffa9cb98000 	C:\Users\HP\.jdks\jbr-17.0.7-1\bin\awt.dll
0x00007ffb05d20000 - 0x00007ffb05ded000 	C:\Windows\System32\OLEAUT32.dll
0x00007ffaff9b0000 - 0x00007ffaff9df000 	C:\Windows\SYSTEM32\dwmapi.dll
0x00007ffadbd10000 - 0x00007ffadbd54000 	C:\Users\HP\.jdks\jbr-17.0.7-1\bin\nvdaControllerClient64.dll
0x00007ffafefa0000 - 0x00007ffaff031000 	C:\Windows\SYSTEM32\apphelp.dll
0x00007ffaff300000 - 0x00007ffaff39e000 	C:\Windows\system32\uxtheme.dll
0x00007ffb07460000 - 0x00007ffb07574000 	C:\Windows\System32\MSCTF.dll
0x00007ffb071b0000 - 0x00007ffb072da000 	C:\Windows\System32\ole32.dll
0x00007ffadd9f0000 - 0x00007ffaddb15000 	C:\Windows\system32\opengl32.dll
0x00007ffade740000 - 0x00007ffade76c000 	C:\Windows\SYSTEM32\GLU32.dll
0x00007ffb04bd0000 - 0x00007ffb04be8000 	C:\Windows\SYSTEM32\CRYPTSP.dll
0x00007ffb042b0000 - 0x00007ffb042e4000 	C:\Windows\system32\rsaenh.dll
0x00007ffb05310000 - 0x00007ffb05337000 	C:\Windows\System32\bcrypt.dll
0x00007ffb051c0000 - 0x00007ffb051ee000 	C:\Windows\SYSTEM32\USERENV.dll
0x00007ffb04b00000 - 0x00007ffb04b0c000 	C:\Windows\SYSTEM32\CRYPTBASE.dll
0x00007ffb04680000 - 0x00007ffb046bc000 	C:\Windows\SYSTEM32\IPHLPAPI.DLL
0x00007ffb05ea0000 - 0x00007ffb05ea8000 	C:\Windows\System32\NSI.dll
0x00007ffaf8ab0000 - 0x00007ffaf8ac7000 	C:\Windows\SYSTEM32\dhcpcsvc6.DLL
0x00007ffaf83c0000 - 0x00007ffaf83dd000 	C:\Windows\SYSTEM32\dhcpcsvc.DLL
0x00007ffb046c0000 - 0x00007ffb0478a000 	C:\Windows\SYSTEM32\DNSAPI.dll
0x00007ffa83920000 - 0x00007ffa8492f000 	C:\Users\HP\.skiko\58752788008ddd92aea4562f2a41915f7f74e689ca70e0fbada57f009a92b9cf\skiko-windows-x64.dll
0x00007ffaedc90000 - 0x00007ffaede35000 	C:\Windows\WinSxS\amd64_microsoft.windows.gdiplus_6595b64144ccf1df_1.1.19041.2251_none_91a40448cc8846c1\gdiplus.dll
0x00007ffacf0e0000 - 0x00007ffacf166000 	C:\Users\HP\.jdks\jbr-17.0.7-1\bin\freetype.dll
0x00007ffacf010000 - 0x00007ffacf0d9000 	C:\Users\HP\.jdks\jbr-17.0.7-1\bin\fontmanager.dll
0x00007ffafd300000 - 0x00007ffafd307000 	C:\Users\HP\.jdks\jbr-17.0.7-1\bin\jawt.dll
0x00007ffb03b70000 - 0x00007ffb03c63000 	C:\Windows\SYSTEM32\Dxgi.dll
0x00007ffaf93f0000 - 0x00007ffaf9410000 	C:\Windows\SYSTEM32\D3D12.dll
0x00007ffa8c980000 - 0x00007ffa8cb4d000 	C:\Windows\SYSTEM32\D3D12Core.dll
0x00007ffaf84e0000 - 0x00007ffaf851b000 	C:\Windows\SYSTEM32\dxcore.dll
0x00007ffb05460000 - 0x00007ffb054ae000 	C:\Windows\System32\cfgmgr32.dll
0x00007ffaf3540000 - 0x00007ffaf6159000 	C:\Windows\System32\DriverStore\FileRepository\igdlh64.inf_amd64_e6daaea9afe1e6f6\igc64.dll
0x00007ffa812e0000 - 0x00007ffa827b3000 	C:\Windows\System32\DriverStore\FileRepository\igdlh64.inf_amd64_e6daaea9afe1e6f6\igd12umd64.dll
0x00007ffaf6780000 - 0x00007ffaf69d7000 	C:\Windows\System32\DriverStore\FileRepository\igdlh64.inf_amd64_e6daaea9afe1e6f6\igdgmm64.dll
0x00007ffa8b970000 - 0x00007ffa8bd7b000 	C:\Windows\System32\DriverStore\FileRepository\igdlh64.inf_amd64_e6daaea9afe1e6f6\igdml64.dll
0x00007ffadbcc0000 - 0x00007ffadbceb000 	C:\Windows\SYSTEM32\D3DSCache.dll
0x00007ffa7cad0000 - 0x00007ffa812d2000 	C:\Windows\System32\DriverStore\FileRepository\igdlh64.inf_amd64_e6daaea9afe1e6f6\igd12dxva64.dll
0x00007ffb07780000 - 0x00007ffb07bee000 	C:\Windows\System32\SETUPAPI.dll
0x00007ffa8cd00000 - 0x00007ffa8cd27000 	C:\Windows\System32\DriverStore\FileRepository\igdlh64.inf_amd64_e6daaea9afe1e6f6\igdinfo64.dll
0x00007ffafbb60000 - 0x00007ffafbd67000 	C:\Windows\SYSTEM32\twinapi.appcore.dll
0x00007ffb06fa0000 - 0x00007ffb07049000 	C:\Windows\System32\clbcatq.dll
0x00007ffa7baf0000 - 0x00007ffa7cac2000 	C:\Windows\System32\DriverStore\FileRepository\igdlh64.inf_amd64_e6daaea9afe1e6f6\ig9icd64.dll
0x00007ffb05170000 - 0x00007ffb051bb000 	C:\Windows\SYSTEM32\powrprof.dll
0x00007ffb05150000 - 0x00007ffb05162000 	C:\Windows\SYSTEM32\UMPDC.dll
0x00007ffadace0000 - 0x00007ffadaf5f000 	C:\Windows\SYSTEM32\dwrite.dll
0x00007ffae0b50000 - 0x00007ffae0c49000 	C:\Windows\SYSTEM32\textinputframework.dll
0x00007ffafec20000 - 0x00007ffafed12000 	C:\Windows\System32\CoreMessaging.dll
0x00007ffafe8c0000 - 0x00007ffafec1e000 	C:\Windows\System32\CoreUIComponents.dll
0x00007ffb043d0000 - 0x00007ffb04403000 	C:\Windows\SYSTEM32\ntmarta.dll
0x00007ffafe1c0000 - 0x00007ffafe314000 	C:\Windows\SYSTEM32\wintypes.dll
0x00007ffa83060000 - 0x00007ffa83912000 	C:\Users\HP\AppData\Local\io-realm-kotlin\f7113120ba00ba1ff91d696eecd3919e85a4e34e\realmc.dll
0x00007ffb05a10000 - 0x00007ffb05b6e000 	C:\Windows\System32\CRYPT32.dll

dbghelp: loaded successfully - version: 4.0.5 - missing functions: none
symbol engine: initialized successfully - sym options: 0x614 - pdb path: .;C:\Users\HP\.jdks\jbr-17.0.7-1\bin;C:\Windows\SYSTEM32;C:\Windows\WinSxS\amd64_microsoft.windows.common-controls_6595b64144ccf1df_6.0.19041.1110_none_60b5254171f9507e;C:\Users\HP\.jdks\jbr-17.0.7-1\bin\server;C:\Program Files\JetBrains\IntelliJ IDEA Community Edition 2021.3.2\bin;C:\Users\HP\.skiko\58752788008ddd92aea4562f2a41915f7f74e689ca70e0fbada57f009a92b9cf;C:\Windows\WinSxS\amd64_microsoft.windows.gdiplus_6595b64144ccf1df_1.1.19041.2251_none_91a40448cc8846c1;C:\Windows\System32\DriverStore\FileRepository\igdlh64.inf_amd64_e6daaea9afe1e6f6;C:\Users\HP\AppData\Local\io-realm-kotlin\f7113120ba00ba1ff91d696eecd3919e85a4e34e

VM Arguments:
jvm_args: -Djava.library.path=C:\Users\HP\Desktop\newderar\build\classes\kotlin\jvm\main;C:\Users\HP\Desktop\newderar\build\processedResources\jvm\main -javaagent:C:\Program Files\JetBrains\IntelliJ IDEA Community Edition 2021.3.2\lib\idea_rt.jar=50700:C:\Program Files\JetBrains\IntelliJ IDEA Community Edition 2021.3.2\bin -Dfile.encoding=UTF-8 
java_command: MainKt
java_class_path (initial): C:\Users\HP\Desktop\newderar\build\classes\kotlin\jvm\main;C:\Users\HP\Desktop\newderar\build\processedResources\jvm\main;C:\Users\HP\.gradle\caches\modules-2\files-2.1\io.insert-koin\koin-androidx-compose\3.4.5\ae0a88b7a68d507e651c5a3d70a541594bea54cb\koin-androidx-compose-3.4.5.aar;C:\Users\HP\.gradle\caches\modules-2\files-2.1\org.jetbrains.kotlin\kotlin-stdlib-jdk8\1.8.21\67f57e154437cd9e6e9cf368394b95814836ff88\kotlin-stdlib-jdk8-1.8.21.jar;C:\Users\HP\.gradle\caches\modules-2\files-2.1\org.apache.poi\poi-ooxml\4.1.2\87d9a22aa9a7dd26e80c360e709f7ee02e32ab3b\poi-ooxml-4.1.2.jar;C:\Users\HP\.gradle\caches\modules-2\files-2.1\org.apache.poi\poi\4.1.2\964bf41cf68bce08e4ef6b2279b559fdf8d454f4\poi-4.1.2.jar;C:\Users\HP\.gradle\caches\modules-2\files-2.1\org.lwjgl\lwjgl-nfd\3.3.1\622318116996ddcff449b46cb38f0fdee39b8ac3\lwjgl-nfd-3.3.1.jar;C:\Users\HP\.gradle\caches\modules-2\files-2.1\org.lwjgl\lwjgl-nfd\3.3.1\2e007667e04ed3281152ae5c6e677fb1c2211691\lwjgl-nfd-3.3.1-natives-linux.jar;C:\Users\HP\.gradle\caches\modules-2\files-2.1\org.lwjgl\lwjgl\3.3.1\ae58664f88e18a9bb2c77b063833ca7aaec484cb\lwjgl-3.3.1.jar;C:\Users\HP\.gradle\caches\modules-2\files-2.1\io.insert-koin\koin-android\3.4.0\48715fbe06102a59a30bd45b06ed2400c16c6f45\koin-android-3.4.0.aar;C:\Users\HP\.gradle\caches\modules-2\files-2.1\org.lwjgl\lwjgl-nfd\3.3.1\b3e04e317f55dd738d8a345cdafd15b39f85a2ea\lwjgl-nfd-3.3.1-natives-linux-arm32.jar;C:\Users\HP\.gradle\caches\modules-2\files-2.1\androidx.lifecycle\lifecycle-viewmodel-compose\2.6.1\38cf3bb65ff3e0e5c3d63de2ebf5411d0898108c\lifecycle-viewmodel-compose-2.6.1.aar;C:\Users\HP\.gradle\caches\modules-2\files-2.1\org.lwjgl\lwjgl-nfd\3.3.1\f41dc62336f7ee4ab35705cfa440cc903d199165\lwjgl-nfd-3.3.1-natives-linux-arm64.jar;C:\Users\HP\.gradle\caches\modules-2\files-2.1\androidx.compose.runtime\runtime\1.4.3\6e52f81bd60023ca9be12a878ae161d2e7571aeb\runtime-1.4.3.aar;C:\Users\HP\.gradle\caches\modules-2\files-2.1\org.lwjgl\lwjgl-nfd\3.3
Launcher Type: SUN_STANDARD

[Global flags]
     intx CICompilerCount                          = 3                                         {product} {ergonomic}
     uint ConcGCThreads                            = 1                                         {product} {ergonomic}
     uint G1ConcRefinementThreads                  = 4                                         {product} {ergonomic}
   size_t G1HeapRegionSize                         = 2097152                                   {product} {ergonomic}
    uintx GCDrainStackTargetSize                   = 64                                        {product} {ergonomic}
   size_t InitialHeapSize                          = 266338304                                 {product} {ergonomic}
   size_t MarkStackSize                            = 4194304                                   {product} {ergonomic}
   size_t MaxHeapSize                              = 4255121408                                {product} {ergonomic}
   size_t MaxNewSize                               = 2552233984                                {product} {ergonomic}
   size_t MinHeapDeltaBytes                        = 2097152                                   {product} {ergonomic}
   size_t MinHeapSize                              = 8388608                                   {product} {ergonomic}
    uintx NonNMethodCodeHeapSize                   = 5832780                                {pd product} {ergonomic}
    uintx NonProfiledCodeHeapSize                  = 122912730                              {pd product} {ergonomic}
    uintx ProfiledCodeHeapSize                     = 122912730                              {pd product} {ergonomic}
    uintx ReservedCodeCacheSize                    = 251658240                              {pd product} {ergonomic}
     bool SegmentedCodeCache                       = true                                      {product} {ergonomic}
   size_t SoftMaxHeapSize                          = 4255121408                             {manageable} {ergonomic}
     bool UseCompressedClassPointers               = true                           {product lp64_product} {ergonomic}
     bool UseCompressedOops                        = true                           {product lp64_product} {ergonomic}
     bool UseG1GC                                  = true                                      {product} {ergonomic}
     bool UseLargePagesIndividualAllocation        = false                                  {pd product} {ergonomic}

Logging:
Log output configuration:
 #0: stdout all=warning uptime,level,tags
 #1: stderr all=off uptime,level,tags

Environment Variables:
PATH=C:\Program Files\Common Files\Oracle\Java\javapath;C:\Program Files (x86)\Common Files\Oracle\Java\javapath;C:\Windows\system32;C:\Windows;C:\Windows\System32\Wbem;C:\Windows\System32\WindowsPowerShell\v1.0\;C:\Windows\System32\OpenSSH\;C:\xampp\php;C:\ProgramData\ComposerSetup\bin;C:\Program Files\nodejs\;C:\Program Files (x86)\Intel\Intel(R) Management Engine Components\DAL;C:\Program Files\Intel\Intel(R) Management Engine Components\DAL;C:\Program Files\Git\cmd;C:\Program Files\Fortect;C:\Users\HP\AppData\Local\Microsoft\WindowsApps;C:\Program Files\JetBrains\IntelliJ IDEA Community Edition 2021.3.2\bin;C:\Users\HP\AppData\Local\Programs\Microsoft VS Code\bin;C:\Users\HP\AppData\Local\JetBrains\Toolbox\scripts;C:\Users\HP\AppData\Local\GitHubDesktop\bin;C:\Users\HP\Desktop\camp\flutter_windows_3.7.6-stable\flutter\bin;C:\Users\HP\AppData\Roaming\Composer\vendor\bin;C:\Users\HP\AppData\Roaming\npm
USERNAME=HP
OS=Windows_NT
PROCESSOR_IDENTIFIER=Intel64 Family 6 Model 142 Stepping 9, GenuineIntel
TMP=C:\Users\HP\AppData\Local\Temp
TEMP=C:\Users\HP\AppData\Local\Temp


JNI global refs:
JNI global refs: 167, weak refs: 15

JNI global refs memory usage: 2107, weak refs: 841

OOME stack traces (most recent first):
Classloader memory used:
Loader jdk.internal.loader.ClassLoaders$AppClassLoader                                 : 3180K
Loader bootstrap                                                                       : 2229K
Loader jdk.internal.loader.ClassLoaders$PlatformClassLoader                            : 764B


---------------  S Y S T E M  ---------------

OS:
 Windows 10 , 64 bit Build 19041 (10.0.19041.3155)
OS uptime: 0 days 1:16 hours
Hyper-V role detected

CPU: total 4 (initial active 4) (2 cores per cpu, 2 threads per core) family 6 model 142 stepping 9 microcode 0xf2, cx8, cmov, fxsr, ht, mmx, 3dnowpref, sse, sse2, sse3, ssse3, sse4.1, sse4.2, popcnt, lzcnt, tsc, tscinvbit, avx, avx2, aes, erms, clmul, bmi1, bmi2, rtm, adx, fma, vzeroupper, clflush, clflushopt, hv

Memory: 4k page, system-wide physical 16224M (7856M free)
TotalPageFile size 32096M (AvailPageFile size 22503M)
current process WorkingSet (physical memory assigned to process): 309M, peak: 361M
current process commit charge ("private bytes"): 374M, peak: 455M

vm_info: OpenJDK 64-Bit Server VM (17.0.7+7-b1000.5) for windows-amd64 JRE (17.0.7+7-b1000.5), built on 2023-07-03 by "builduser" with MS VC++ 16.10 / 16.11 (VS2019)

END.
