#
# A fatal error has been detected by the Java Runtime Environment:
#
#  EXCEPTION_ACCESS_VIOLATION (0xc0000005) at pc=0x00007ffa62a5ebe3, pid=11680, tid=18684
#
# JRE version: OpenJDK Runtime Environment Corretto-17.0.7.7.1 (17.0.7+7) (build 17.0.7+7-LTS)
# Java VM: OpenJDK 64-Bit Server VM Corretto-17.0.7.7.1 (17.0.7+7-LTS, mixed mode, sharing, tiered, compressed oops, compressed class ptrs, g1 gc, windows-amd64)
# Problematic frame:
# C  [ig9icd64.dll+0x9bebe3]
#
# No core dump will be written. Minidumps are not enabled by default on client versions of Windows
#
# If you would like to submit a bug report, please visit:
#   https://github.com/corretto/corretto-17/issues/
# The crash happened outside the Java Virtual Machine in native code.
# See problematic frame for where to report the bug.
#

---------------  S U M M A R Y ------------

Command Line: -Djava.library.path=C:\Users\HP\Desktop\demo-compose-desktop\build\classes\kotlin\jvm\main;C:\Users\HP\Desktop\demo-compose-desktop\build\processedResources\jvm\main -javaagent:C:\Program Files\JetBrains\IntelliJ IDEA Community Edition 2021.3.2\lib\idea_rt.jar=54659:C:\Program Files\JetBrains\IntelliJ IDEA Community Edition 2021.3.2\bin -Dfile.encoding=UTF-8 MainKt

Host: Intel(R) Core(TM) i5-7300U CPU @ 2.60GHz, 4 cores, 15G,  Windows 10 , 64 bit Build 19041 (10.0.19041.3155)
Time: Wed Jul 12 19:08:05 2023 Libya Standard Time elapsed time: 35.245219 seconds (0d 0h 0m 35s)

---------------  T H R E A D  ---------------

Current thread (0x00000225ca3eb4c0):  JavaThread "AWT-EventQueue-0" [_thread_in_native, id=18684, stack(0x000000cc7b700000,0x000000cc7b800000)]

Stack: [0x000000cc7b700000,0x000000cc7b800000],  sp=0x000000cc7b7fc4a8,  free space=1009k
Native frames: (J=compiled Java code, j=interpreted, Vv=VM code, C=native code)
C  [ig9icd64.dll+0x9bebe3]

Java frames: (J=compiled Java code, j=interpreted, Vv=VM code)
J 5890  org.jetbrains.skia.DirectContextKt.DirectContext_nFlush(J)V (0 bytes) @ 0x00000225b2987269 [0x00000225b2987220+0x0000000000000049]
J 5456 c1 org.jetbrains.skiko.context.ContextHandler.flush()V (17 bytes) @ 0x00000225ab6e9adc [0x00000225ab6e9960+0x000000000000017c]
J 5455 c1 org.jetbrains.skiko.context.ContextHandler.draw()V (91 bytes) @ 0x00000225ab6e8de4 [0x00000225ab6e82e0+0x0000000000000b04]
J 5762 c1 org.jetbrains.skiko.redrawer.WindowsOpenGLRedrawer.draw()V (288 bytes) @ 0x00000225ab7d84bc [0x00000225ab7d7da0+0x000000000000071c]
J 5048 c1 org.jetbrains.skiko.redrawer.WindowsOpenGLRedrawer$Companion$frameDispatcher$1.invokeSuspend(Ljava/lang/Object;)Ljava/lang/Object; (379 bytes) @ 0x00000225ab594b74 [0x00000225ab593800+0x0000000000001374]
J 5470 c1 org.jetbrains.skiko.redrawer.WindowsOpenGLRedrawer$Companion$frameDispatcher$1.invoke(Ljava/lang/Object;)Ljava/lang/Object; (9 bytes) @ 0x00000225ab6f6404 [0x00000225ab6f5ea0+0x0000000000000564]
J 5029 c1 org.jetbrains.skiko.FrameDispatcher$job$1.invokeSuspend(Ljava/lang/Object;)Ljava/lang/Object; (156 bytes) @ 0x00000225ab5879c4 [0x00000225ab587020+0x00000000000009a4]
J 5015 c2 kotlin.coroutines.jvm.internal.BaseContinuationImpl.resumeWith(Ljava/lang/Object;)V (128 bytes) @ 0x00000225b28bacf4 [0x00000225b28baca0+0x0000000000000054]
J 5243 c2 kotlinx.coroutines.DispatchedTask.run()V (571 bytes) @ 0x00000225b28e182c [0x00000225b28e14a0+0x000000000000038c]
J 5593 c2 java.awt.EventQueue.dispatchEventImpl(Ljava/awt/AWTEvent;Ljava/lang/Object;)V java.desktop@17.0.7 (136 bytes) @ 0x00000225b292a128 [0x00000225b2929da0+0x0000000000000388]
J 5720 c2 java.awt.EventDispatchThread.pumpOneEventForFilters(I)V java.desktop@17.0.7 (113 bytes) @ 0x00000225b2949080 [0x00000225b2948700+0x0000000000000980]
j  java.awt.EventDispatchThread.pumpEventsForFilter(ILjava/awt/Conditional;Ljava/awt/EventFilter;)V+35 java.desktop@17.0.7
j  java.awt.EventDispatchThread.pumpEventsForHierarchy(ILjava/awt/Conditional;Ljava/awt/Component;)V+11 java.desktop@17.0.7
j  java.awt.EventDispatchThread.pumpEvents(ILjava/awt/Conditional;)V+4 java.desktop@17.0.7
j  java.awt.EventDispatchThread.pumpEvents(Ljava/awt/Conditional;)V+3 java.desktop@17.0.7
j  java.awt.EventDispatchThread.run()V+9 java.desktop@17.0.7
v  ~StubRoutines::call_stub

siginfo: EXCEPTION_ACCESS_VIOLATION (0xc0000005), reading address 0x00007ffda2c81110


Register to memory mapping:

RIP=0x00007ffa62a5ebe3 ig9icd64.dll
RAX=0x000000000fff0fff is an unknown value
RBX=0x00007ffa620a0000 ig9icd64.dll
RCX=0x000000033fcf3fcc is an unknown value
RDX=0x000000cc7b7fc9c0 is pointing into the stack for thread: 0x00000225ca3eb4c0
RSP=0x000000cc7b7fc4a8 is pointing into the stack for thread: 0x00000225ca3eb4c0
RBP=0x000000cc7b7fc5b0 is pointing into the stack for thread: 0x00000225ca3eb4c0
RSI=0x00000225cb332e40 points into unknown readable memory: 0x00000225cb735b00 | 00 5b 73 cb 25 02 00 00
RDI=0x000000cc7b7fc7b0 is pointing into the stack for thread: 0x00000225ca3eb4c0
R8 =0x000000cc7b7fc5e0 is pointing into the stack for thread: 0x00000225ca3eb4c0
R9 =0x000000cc7b7fc9c0 is pointing into the stack for thread: 0x00000225ca3eb4c0
R10=0x000000cc7b7fc7b0 is pointing into the stack for thread: 0x00000225ca3eb4c0
R11=0x0 is NULL
R12=0x00007ffa62ed15e0 ig9icd64.dll
R13=0x0 is NULL
R14=0x0 is NULL
R15=0x00000000000001c1 is an unknown value


Registers:
RAX=0x000000000fff0fff, RBX=0x00007ffa620a0000, RCX=0x000000033fcf3fcc, RDX=0x000000cc7b7fc9c0
RSP=0x000000cc7b7fc4a8, RBP=0x000000cc7b7fc5b0, RSI=0x00000225cb332e40, RDI=0x000000cc7b7fc7b0
R8 =0x000000cc7b7fc5e0, R9 =0x000000cc7b7fc9c0, R10=0x000000cc7b7fc7b0, R11=0x0000000000000000
R12=0x00007ffa62ed15e0, R13=0x0000000000000000, R14=0x0000000000000000, R15=0x00000000000001c1
RIP=0x00007ffa62a5ebe3, EFLAGS=0x0000000000010206

Top of Stack: (sp=0x000000cc7b7fc4a8)
0x000000cc7b7fc4a8:   00007ffa62a5c31b 0000000000000001
0x000000cc7b7fc4b8:   0000000000000000 00000225d5a01d00
0x000000cc7b7fc4c8:   00007ffad7ac2622 000000cc00000065
0x000000cc7b7fc4d8:   000000cc7b7fc6e0 0000000000000000
0x000000cc7b7fc4e8:   00000225d58f2790 0000000000000000
0x000000cc7b7fc4f8:   00000225d58ec900 00000225d5a01d10
0x000000cc7b7fc508:   0000000000001100 0000000000000000
0x000000cc7b7fc518:   0000000000000000 000000cc7b7fc690
0x000000cc7b7fc528:   00007ffa626f79c0 0000000000000000
0x000000cc7b7fc538:   0000000000000000 0000000000000000
0x000000cc7b7fc548:   0000000000000000 00003e06a4975b9f
0x000000cc7b7fc558:   00007ffa620b6555 00000225d5a01d10
0x000000cc7b7fc568:   0000000000000001 0000000000000000
0x000000cc7b7fc578:   00007ffae8e9b86b 00000000019a03de
0x000000cc7b7fc588:   00000000000000ca 00000225c5a8bf80
0x000000cc7b7fc598:   0000000000000000 0000000000000000 

Instructions: (pc=0x00007ffa62a5ebe3)
0x00007ffa62a5eae3:   c1 75 31 00 48 89 51 08 48 89 01 8b 44 24 28 89
0x00007ffa62a5eaf3:   41 20 8b 44 24 30 89 41 24 48 8b c1 4c 89 41 10
0x00007ffa62a5eb03:   4c 89 49 18 c3 cc cc cc cc cc cc cc cc 48 89 5c
0x00007ffa62a5eb13:   24 08 8b 41 5c 48 8d 1d e1 14 64 ff 41 89 40 08
0x00007ffa62a5eb23:   4c 8b d1 8b 41 60 45 33 db 41 89 40 0c 4c 8b ca
0x00007ffa62a5eb33:   8b 41 64 41 89 40 10 8b 41 68 41 89 40 14 8b 41
0x00007ffa62a5eb43:   6c 41 89 40 18 8b 41 70 41 89 40 1c 48 63 41 74
0x00007ffa62a5eb53:   48 6b c8 34 8b 84 19 44 d1 ee 00 41 89 40 20 8b
0x00007ffa62a5eb63:   84 19 48 d1 ee 00 41 89 40 24 8b 84 19 4c d1 ee
0x00007ffa62a5eb73:   00 41 89 40 28 8b 84 19 50 d1 ee 00 41 89 40 2c
0x00007ffa62a5eb83:   8b 84 19 34 d1 ee 00 41 89 40 30 8b 84 19 38 d1
0x00007ffa62a5eb93:   ee 00 41 89 40 34 8b 84 19 3c d1 ee 00 41 89 40
0x00007ffa62a5eba3:   38 8b 84 19 40 d1 ee 00 41 89 40 3c 8b 84 19 24
0x00007ffa62a5ebb3:   d1 ee 00 41 89 40 40 8b 84 19 28 d1 ee 00 41 89
0x00007ffa62a5ebc3:   40 44 8b 84 19 2c d1 ee 00 41 89 40 48 8b 84 19
0x00007ffa62a5ebd3:   30 d1 ee 00 41 89 40 4c 49 63 42 78 48 6b c8 34
0x00007ffa62a5ebe3:   8b 84 19 44 d1 ee 00 41 89 40 50 8b 84 19 48 d1
0x00007ffa62a5ebf3:   ee 00 41 89 40 54 8b 84 19 4c d1 ee 00 41 89 40
0x00007ffa62a5ec03:   58 8b 84 19 50 d1 ee 00 41 89 40 5c 8b 84 19 34
0x00007ffa62a5ec13:   d1 ee 00 41 89 40 60 8b 84 19 38 d1 ee 00 41 89
0x00007ffa62a5ec23:   40 64 8b 84 19 3c d1 ee 00 41 89 40 68 8b 84 19
0x00007ffa62a5ec33:   40 d1 ee 00 41 89 40 6c 8b 84 19 24 d1 ee 00 41
0x00007ffa62a5ec43:   89 40 70 8b 84 19 28 d1 ee 00 41 89 40 74 8b 84
0x00007ffa62a5ec53:   19 2c d1 ee 00 41 89 40 78 8b 84 19 30 d1 ee 00
0x00007ffa62a5ec63:   41 89 40 7c 48 8b 42 18 8b 88 38 0b 00 00 f6 c1
0x00007ffa62a5ec73:   08 0f 84 86 00 00 00 8b 80 3c 0b 00 00 41 89 80
0x00007ffa62a5ec83:   80 00 00 00 48 8b 42 18 8b 88 40 0b 00 00 41 89
0x00007ffa62a5ec93:   88 84 00 00 00 48 8b 42 18 8b 88 44 0b 00 00 41
0x00007ffa62a5eca3:   89 88 88 00 00 00 48 8b 42 18 8b 88 48 0b 00 00
0x00007ffa62a5ecb3:   41 89 88 8c 00 00 00 48 8b 42 18 8b 88 4c 0b 00
0x00007ffa62a5ecc3:   00 41 89 88 90 00 00 00 48 8b 42 18 8b 88 50 0b
0x00007ffa62a5ecd3:   00 00 41 89 88 94 00 00 00 48 8b 42 18 8b 88 54 


Stack slot to memory mapping:
stack at sp + 0 slots: 0x00007ffa62a5c31b ig9icd64.dll
stack at sp + 1 slots: 0x0000000000000001 is an unknown value
stack at sp + 2 slots: 0x0 is NULL
stack at sp + 3 slots: 0x00000225d5a01d00 points into unknown readable memory: 0x00000225ca354560 | 60 45 35 ca 25 02 00 00
stack at sp + 4 slots: 0x00007ffad7ac2622 igdgmm64.dll
stack at sp + 5 slots: 0x000000cc00000065 is an unknown value
stack at sp + 6 slots: 0x000000cc7b7fc6e0 is pointing into the stack for thread: 0x00000225ca3eb4c0
stack at sp + 7 slots: 0x0 is NULL


---------------  P R O C E S S  ---------------

Threads class SMR info:
_java_thread_list=0x00000225d7ed7830, length=28, elements={
0x00000225a3086de0, 0x00000225c573a600, 0x00000225c573b470, 0x00000225c574b440,
0x00000225c574ff10, 0x00000225c57529d0, 0x00000225c5753380, 0x00000225c5754060,
0x00000225c58a03f0, 0x00000225c58ceee0, 0x00000225c5ac0640, 0x00000225c5bb6100,
0x00000225c5bb65d0, 0x00000225ca8eab00, 0x00000225ca3e85e0, 0x00000225ca3eb4c0,
0x00000225ca9e8660, 0x00000225cad80040, 0x00000225cad03c00, 0x00000225cad040d0,
0x00000225cad05410, 0x00000225cad028c0, 0x00000225cad04a70, 0x00000225ccbb0fd0,
0x00000225ccbb5330, 0x00000225ccbb1e40, 0x00000225ccbb14a0, 0x00000225ccbb3650
}

Java Threads: ( => current thread )
  0x00000225a3086de0 JavaThread "main" [_thread_blocked, id=12052, stack(0x000000cc79c00000,0x000000cc79d00000)]
  0x00000225c573a600 JavaThread "Reference Handler" daemon [_thread_blocked, id=20456, stack(0x000000cc7a300000,0x000000cc7a400000)]
  0x00000225c573b470 JavaThread "Finalizer" daemon [_thread_blocked, id=1908, stack(0x000000cc7a400000,0x000000cc7a500000)]
  0x00000225c574b440 JavaThread "Signal Dispatcher" daemon [_thread_blocked, id=18928, stack(0x000000cc7a500000,0x000000cc7a600000)]
  0x00000225c574ff10 JavaThread "Attach Listener" daemon [_thread_blocked, id=19168, stack(0x000000cc7a600000,0x000000cc7a700000)]
  0x00000225c57529d0 JavaThread "Service Thread" daemon [_thread_blocked, id=16912, stack(0x000000cc7a700000,0x000000cc7a800000)]
  0x00000225c5753380 JavaThread "Monitor Deflation Thread" daemon [_thread_blocked, id=12080, stack(0x000000cc7a800000,0x000000cc7a900000)]
  0x00000225c5754060 JavaThread "C2 CompilerThread0" daemon [_thread_blocked, id=11212, stack(0x000000cc7a900000,0x000000cc7aa00000)]
  0x00000225c58a03f0 JavaThread "C1 CompilerThread0" daemon [_thread_blocked, id=20384, stack(0x000000cc7aa00000,0x000000cc7ab00000)]
  0x00000225c58ceee0 JavaThread "Sweeper thread" daemon [_thread_blocked, id=17224, stack(0x000000cc7ab00000,0x000000cc7ac00000)]
  0x00000225c5ac0640 JavaThread "Common-Cleaner" daemon [_thread_blocked, id=17384, stack(0x000000cc7ac00000,0x000000cc7ad00000)]
  0x00000225c5bb6100 JavaThread "Monitor Ctrl-Break" daemon [_thread_in_native, id=17768, stack(0x000000cc7ae00000,0x000000cc7af00000)]
  0x00000225c5bb65d0 JavaThread "Notification Thread" daemon [_thread_blocked, id=18208, stack(0x000000cc7af00000,0x000000cc7b000000)]
  0x00000225ca8eab00 JavaThread "Java2D Disposer" daemon [_thread_blocked, id=5916, stack(0x000000cc7b400000,0x000000cc7b500000)]
  0x00000225ca3e85e0 JavaThread "AWT-Shutdown" [_thread_blocked, id=19068, stack(0x000000cc7b500000,0x000000cc7b600000)]
=>0x00000225ca3eb4c0 JavaThread "AWT-EventQueue-0" [_thread_in_native, id=18684, stack(0x000000cc7b700000,0x000000cc7b800000)]
  0x00000225ca9e8660 JavaThread "Reference Cleaner" daemon [_thread_blocked, id=5556, stack(0x000000cc7b800000,0x000000cc7b900000)]
  0x00000225cad80040 JavaThread "DefaultDispatcher-worker-1" daemon [_thread_blocked, id=5340, stack(0x000000cc7b900000,0x000000cc7ba00000)]
  0x00000225cad03c00 JavaThread "DefaultDispatcher-worker-2" daemon [_thread_blocked, id=12908, stack(0x000000cc7ba00000,0x000000cc7bb00000)]
  0x00000225cad040d0 JavaThread "DefaultDispatcher-worker-3" daemon [_thread_blocked, id=7164, stack(0x000000cc7bb00000,0x000000cc7bc00000)]
  0x00000225cad05410 JavaThread "kotlinx.coroutines.DefaultExecutor" daemon [_thread_blocked, id=4804, stack(0x000000cc7bc00000,0x000000cc7bd00000)]
  0x00000225cad028c0 JavaThread "TimerQueue" daemon [_thread_blocked, id=10964, stack(0x000000cc7ad00000,0x000000cc7ae00000)]
  0x00000225cad04a70 JavaThread "RealmFinalizingDaemon" daemon [_thread_blocked, id=11436, stack(0x000000cc7c200000,0x000000cc7c300000)]
  0x00000225ccbb0fd0 JavaThread "core-notifier" daemon [_thread_in_native, id=3616, stack(0x000000cc7c400000,0x000000cc7c500000)]
  0x00000225ccbb5330 JavaThread "DefaultDispatcher-worker-4" daemon [_thread_blocked, id=8588, stack(0x000000cc7c600000,0x000000cc7c700000)]
  0x00000225ccbb1e40 JavaThread "DefaultDispatcher-worker-5" daemon [_thread_blocked, id=13540, stack(0x000000cc7c700000,0x000000cc7c800000)]
  0x00000225ccbb14a0 JavaThread "DefaultDispatcher-worker-6" daemon [_thread_blocked, id=8488, stack(0x000000cc7c800000,0x000000cc7c900000)]
  0x00000225ccbb3650 JavaThread "SIGINT handler" daemon [_thread_blocked, id=19952, stack(0x000000cc7ca00000,0x000000cc7cb00000)]

Other Threads:
  0x00000225c57349f0 VMThread "VM Thread" [stack: 0x000000cc7a200000,0x000000cc7a300000] [id=16528]
  0x00000225a310a650 WatcherThread [stack: 0x000000cc7b000000,0x000000cc7b100000] [id=19200]
  0x00000225a30f1d50 GCTaskThread "GC Thread#0" [stack: 0x000000cc79d00000,0x000000cc79e00000] [id=17504]
  0x00000225ca51e0d0 GCTaskThread "GC Thread#1" [stack: 0x000000cc7b100000,0x000000cc7b200000] [id=17448]
  0x00000225ca51e380 GCTaskThread "GC Thread#2" [stack: 0x000000cc7b200000,0x000000cc7b300000] [id=9128]
  0x00000225ca61fa00 GCTaskThread "GC Thread#3" [stack: 0x000000cc7b300000,0x000000cc7b400000] [id=4968]
  0x00000225a3102a20 ConcurrentGCThread "G1 Main Marker" [stack: 0x000000cc79e00000,0x000000cc79f00000] [id=11996]
  0x00000225a3103c70 ConcurrentGCThread "G1 Conc#0" [stack: 0x000000cc79f00000,0x000000cc7a000000] [id=19240]
  0x00000225a313de50 ConcurrentGCThread "G1 Refine#0" [stack: 0x000000cc7a000000,0x000000cc7a100000] [id=6440]
  0x00000225a313e870 ConcurrentGCThread "G1 Service" [stack: 0x000000cc7a100000,0x000000cc7a200000] [id=7204]

Threads with active compile tasks:

VM state: not at safepoint (normal execution)

VM Mutex/Monitor currently owned by a thread: None

Heap address: 0x0000000702600000, size: 4058 MB, Compressed Oops mode: Zero based, Oop shift amount: 3

CDS archive(s) mapped at: [0x0000000800000000-0x0000000800bc0000-0x0000000800bc0000), size 12320768, SharedBaseAddress: 0x0000000800000000, ArchiveRelocationMode: 0.
Compressed class space mapped at: 0x0000000801000000-0x0000000841000000, reserved size: 1073741824
Narrow klass base: 0x0000000800000000, Narrow klass shift: 0, Narrow klass range: 0x100000000

GC Precious Log:
 CPUs: 4 total, 4 available
 Memory: 16224M
 Large Page Support: Disabled
 NUMA Support: Disabled
 Compressed Oops: Enabled (Zero based)
 Heap Region Size: 2M
 Heap Min Capacity: 8M
 Heap Initial Capacity: 254M
 Heap Max Capacity: 4058M
 Pre-touch: Disabled
 Parallel Workers: 4
 Concurrent Workers: 1
 Concurrent Refinement Workers: 4
 Periodic GC: Disabled

Heap:
 garbage-first heap   total 81920K, used 33923K [0x0000000702600000, 0x0000000800000000)
  region size 2048K, 6 young (12288K), 0 survivors (0K)
 Metaspace       used 34941K, committed 35200K, reserved 1114112K
  class space    used 3750K, committed 3840K, reserved 1048576K

Heap Regions: E=young(eden), S=young(survivor), O=old, HS=humongous(starts), HC=humongous(continues), CS=collection set, F=free, OA=open archive, CA=closed archive, TAMS=top-at-mark-start (previous, next)
|   0|0x0000000702600000, 0x0000000702800000, 0x0000000702800000|100%|HS|  |TAMS 0x0000000702800000, 0x0000000702600000| Untracked 
|   1|0x0000000702800000, 0x0000000702a00000, 0x0000000702a00000|100%| O|  |TAMS 0x0000000702a00000, 0x0000000702800000| Untracked 
|   2|0x0000000702a00000, 0x0000000702c00000, 0x0000000702c00000|100%| O|  |TAMS 0x0000000702c00000, 0x0000000702a00000| Untracked 
|   3|0x0000000702c00000, 0x0000000702dd5bd8, 0x0000000702e00000| 91%| O|  |TAMS 0x0000000702c00000, 0x0000000702c00000| Untracked 
|   4|0x0000000702e00000, 0x0000000702fffff8, 0x0000000703000000| 99%| O|  |TAMS 0x0000000702e00000, 0x0000000702e00000| Untracked 
|   5|0x0000000703000000, 0x00000007031a6320, 0x0000000703200000| 82%| O|  |TAMS 0x0000000703000000, 0x0000000703000000| Untracked 
|   6|0x0000000703200000, 0x0000000703200000, 0x0000000703400000|  0%| F|  |TAMS 0x0000000703200000, 0x0000000703200000| Untracked 
|   7|0x0000000703400000, 0x0000000703400000, 0x0000000703600000|  0%| F|  |TAMS 0x0000000703400000, 0x0000000703400000| Untracked 
|   8|0x0000000703600000, 0x0000000703600000, 0x0000000703800000|  0%| F|  |TAMS 0x0000000703600000, 0x0000000703600000| Untracked 
|   9|0x0000000703800000, 0x0000000703800000, 0x0000000703a00000|  0%| F|  |TAMS 0x0000000703800000, 0x0000000703800000| Untracked 
|  10|0x0000000703a00000, 0x0000000703c00000, 0x0000000703c00000|100%| O|  |TAMS 0x0000000703c00000, 0x0000000703a00000| Untracked 
|  11|0x0000000703c00000, 0x0000000703c00000, 0x0000000703e00000|  0%| F|  |TAMS 0x0000000703c00000, 0x0000000703c00000| Untracked 
|  12|0x0000000703e00000, 0x0000000703fa4e58, 0x0000000704000000| 82%| O|  |TAMS 0x0000000703e00000, 0x0000000703e00000| Untracked 
|  13|0x0000000704000000, 0x0000000704200000, 0x0000000704200000|100%|HS|  |TAMS 0x0000000704200000, 0x0000000704000000| Untracked 
|  14|0x0000000704200000, 0x0000000704400000, 0x0000000704400000|100%|HC|  |TAMS 0x0000000704400000, 0x0000000704200000| Untracked 
|  15|0x0000000704400000, 0x0000000704600000, 0x0000000704600000|100%|HC|  |TAMS 0x0000000704600000, 0x0000000704400000| Untracked 
|  16|0x0000000704600000, 0x0000000704800000, 0x0000000704800000|100%|HC|  |TAMS 0x0000000704800000, 0x0000000704600000| Untracked 
|  17|0x0000000704800000, 0x0000000704800000, 0x0000000704a00000|  0%| F|  |TAMS 0x0000000704800000, 0x0000000704800000| Untracked 
|  18|0x0000000704a00000, 0x0000000704a00000, 0x0000000704c00000|  0%| F|  |TAMS 0x0000000704a00000, 0x0000000704a00000| Untracked 
|  19|0x0000000704c00000, 0x0000000704c00000, 0x0000000704e00000|  0%| F|  |TAMS 0x0000000704c00000, 0x0000000704c00000| Untracked 
|  20|0x0000000704e00000, 0x0000000704e00000, 0x0000000705000000|  0%| F|  |TAMS 0x0000000704e00000, 0x0000000704e00000| Untracked 
|  21|0x0000000705000000, 0x0000000705000000, 0x0000000705200000|  0%| F|  |TAMS 0x0000000705000000, 0x0000000705000000| Untracked 
|  22|0x0000000705200000, 0x0000000705200000, 0x0000000705400000|  0%| F|  |TAMS 0x0000000705200000, 0x0000000705200000| Untracked 
|  23|0x0000000705400000, 0x0000000705400000, 0x0000000705600000|  0%| F|  |TAMS 0x0000000705400000, 0x0000000705400000| Untracked 
|  24|0x0000000705600000, 0x0000000705600000, 0x0000000705800000|  0%| F|  |TAMS 0x0000000705600000, 0x0000000705600000| Untracked 
|  25|0x0000000705800000, 0x0000000705800000, 0x0000000705a00000|  0%| F|  |TAMS 0x0000000705800000, 0x0000000705800000| Untracked 
|  26|0x0000000705a00000, 0x0000000705a00000, 0x0000000705c00000|  0%| F|  |TAMS 0x0000000705a00000, 0x0000000705a00000| Untracked 
|  27|0x0000000705c00000, 0x0000000705c00000, 0x0000000705e00000|  0%| F|  |TAMS 0x0000000705c00000, 0x0000000705c00000| Untracked 
|  28|0x0000000705e00000, 0x0000000705e00000, 0x0000000706000000|  0%| F|  |TAMS 0x0000000705e00000, 0x0000000705e00000| Untracked 
|  29|0x0000000706000000, 0x0000000706000000, 0x0000000706200000|  0%| F|  |TAMS 0x0000000706000000, 0x0000000706000000| Untracked 
|  30|0x0000000706200000, 0x0000000706200000, 0x0000000706400000|  0%| F|  |TAMS 0x0000000706200000, 0x0000000706200000| Untracked 
|  31|0x0000000706400000, 0x0000000706400000, 0x0000000706600000|  0%| F|  |TAMS 0x0000000706400000, 0x0000000706400000| Untracked 
|  32|0x0000000706600000, 0x0000000706600000, 0x0000000706800000|  0%| F|  |TAMS 0x0000000706600000, 0x0000000706600000| Untracked 
|  33|0x0000000706800000, 0x0000000706800000, 0x0000000706a00000|  0%| F|  |TAMS 0x0000000706800000, 0x0000000706800000| Untracked 
|  34|0x0000000706a00000, 0x0000000706a90e48, 0x0000000706c00000| 28%| E|  |TAMS 0x0000000706a00000, 0x0000000706a00000| Complete 
|  35|0x0000000706c00000, 0x0000000706e00000, 0x0000000706e00000|100%| E|CS|TAMS 0x0000000706c00000, 0x0000000706c00000| Complete 
|  36|0x0000000706e00000, 0x0000000707000000, 0x0000000707000000|100%| E|CS|TAMS 0x0000000706e00000, 0x0000000706e00000| Complete 
|  37|0x0000000707000000, 0x0000000707200000, 0x0000000707200000|100%| E|CS|TAMS 0x0000000707000000, 0x0000000707000000| Complete 
|  38|0x0000000707200000, 0x0000000707400000, 0x0000000707400000|100%| E|CS|TAMS 0x0000000707200000, 0x0000000707200000| Complete 
|  39|0x0000000707400000, 0x0000000707600000, 0x0000000707600000|100%| E|CS|TAMS 0x0000000707400000, 0x0000000707400000| Complete 

Card table byte_map: [0x00000225ba370000,0x00000225bab60000] _byte_map_base: 0x00000225b6b5d000

Marking Bits (Prev, Next): (CMBitMap*) 0x00000225a30f2360, (CMBitMap*) 0x00000225a30f23a0
 Prev Bits: [0x00000225bb350000, 0x00000225bf2b8000)
 Next Bits: [0x00000225bf2c0000, 0x00000225c3228000)

Polling page: 0x00000225a2840000

Metaspace:

Usage:
  Non-class:     30.46 MB used.
      Class:      3.66 MB used.
       Both:     34.12 MB used.

Virtual space:
  Non-class space:       64.00 MB reserved,      30.63 MB ( 48%) committed,  1 nodes.
      Class space:        1.00 GB reserved,       3.75 MB ( <1%) committed,  1 nodes.
             Both:        1.06 GB reserved,      34.38 MB (  3%) committed. 

Chunk freelists:
   Non-Class:  944.00 KB
       Class:  12.27 MB
        Both:  13.19 MB

MaxMetaspaceSize: unlimited
CompressedClassSpaceSize: 1.00 GB
Initial GC threshold: 21.00 MB
Current GC threshold: 57.19 MB
CDS: on
MetaspaceReclaimPolicy: balanced
 - commit_granule_bytes: 65536.
 - commit_granule_words: 8192.
 - virtual_space_node_default_size: 8388608.
 - enlarge_chunks_in_place: 1.
 - new_chunks_are_fully_committed: 0.
 - uncommit_free_chunks: 1.
 - use_allocation_guard: 0.
 - handle_deallocations: 1.


Internal statistics:

num_allocs_failed_limit: 3.
num_arena_births: 160.
num_arena_deaths: 0.
num_vsnodes_births: 2.
num_vsnodes_deaths: 0.
num_space_committed: 550.
num_space_uncommitted: 0.
num_chunks_returned_to_freelist: 3.
num_chunks_taken_from_freelist: 1094.
num_chunk_merges: 3.
num_chunk_splits: 938.
num_chunks_enlarged: 851.
num_inconsistent_stats: 0.

CodeHeap 'non-profiled nmethods': size=120000Kb used=3868Kb max_used=3868Kb free=116131Kb
 bounds [0x00000225b2650000, 0x00000225b2a20000, 0x00000225b9b80000]
CodeHeap 'profiled nmethods': size=120000Kb used=10601Kb max_used=13124Kb free=109398Kb
 bounds [0x00000225aab80000, 0x00000225ab860000, 0x00000225b20b0000]
CodeHeap 'non-nmethods': size=5760Kb used=1902Kb max_used=1995Kb free=3857Kb
 bounds [0x00000225b20b0000, 0x00000225b2320000, 0x00000225b2650000]
 total_blobs=6622 nmethods=5237 adapters=1297
 compilation: enabled
              stopped_count=0, restarted_count=0
 full_count=0

Compilation events (20 events):
Event: 34.616 Thread 0x00000225c5754060 6115       4       androidx.compose.animation.core.AnimationState::getValue (19 bytes)
Event: 34.625 Thread 0x00000225c5754060 nmethod 6115 0x00000225b2a16090 code [0x00000225b2a16260, 0x00000225b2a16848]
Event: 34.700 Thread 0x00000225c58a03f0 6116       3       java.util.concurrent.locks.ReentrantLock::newCondition (8 bytes)
Event: 34.701 Thread 0x00000225c58a03f0 nmethod 6116 0x00000225aaba5a90 code [0x00000225aaba5c40, 0x00000225aaba5f38]
Event: 34.701 Thread 0x00000225c58a03f0 6117       3       java.util.concurrent.locks.ReentrantLock$Sync::newCondition (9 bytes)
Event: 34.701 Thread 0x00000225c58a03f0 nmethod 6117 0x00000225aace4910 code [0x00000225aace4ac0, 0x00000225aace4d58]
Event: 34.701 Thread 0x00000225c58a03f0 6118       3       java.util.concurrent.locks.AbstractQueuedSynchronizer$ConditionObject::<init> (10 bytes)
Event: 34.701 Thread 0x00000225c58a03f0 nmethod 6118 0x00000225aad31010 code [0x00000225aad311a0, 0x00000225aad31378]
Event: 34.812 Thread 0x00000225c58a03f0 6119       3       javax.swing.event.EventListenerList::<init> (12 bytes)
Event: 34.813 Thread 0x00000225c58a03f0 nmethod 6119 0x00000225aad3ea10 code [0x00000225aad3eba0, 0x00000225aad3ed78]
Event: 34.883 Thread 0x00000225c5754060 6120       4       org.jetbrains.skia.impl.Managed::<init> (19 bytes)
Event: 34.884 Thread 0x00000225c5754060 nmethod 6120 0x00000225b2a16f10 code [0x00000225b2a170a0, 0x00000225b2a17168]
Event: 35.145 Thread 0x00000225c58a03f0 6121       3       java.util.concurrent.locks.ReentrantLock::lockInterruptibly (8 bytes)
Event: 35.146 Thread 0x00000225c58a03f0 nmethod 6121 0x00000225aae57590 code [0x00000225aae57780, 0x00000225aae57c58]
Event: 35.146 Thread 0x00000225c58a03f0 6122       3       java.util.concurrent.locks.ReentrantLock$Sync::lockInterruptibly (27 bytes)
Event: 35.146 Thread 0x00000225c58a03f0 nmethod 6122 0x00000225aad23410 code [0x00000225aad23600, 0x00000225aad23a58]
Event: 35.146 Thread 0x00000225c58a03f0 6123       3       java.util.concurrent.locks.AbstractQueuedSynchronizer$ConditionObject::signal (34 bytes)
Event: 35.146 Thread 0x00000225c58a03f0 nmethod 6123 0x00000225aac4c810 code [0x00000225aac4c9e0, 0x00000225aac4cd48]
Event: 35.210 Thread 0x00000225c58a03f0 6124       3       java.util.IdentityHashMap$IdentityHashMapIterator::nextIndex (72 bytes)
Event: 35.210 Thread 0x00000225c58a03f0 nmethod 6124 0x00000225aabe1510 code [0x00000225aabe16e0, 0x00000225aabe1b28]

GC Heap History (20 events):
Event: 0.819 GC heap before
{Heap before GC invocations=1 (full 0):
 garbage-first heap   total 260096K, used 15352K [0x0000000702600000, 0x0000000800000000)
  region size 2048K, 6 young (12288K), 1 survivors (2048K)
 Metaspace       used 5814K, committed 6016K, reserved 1114112K
  class space    used 467K, committed 576K, reserved 1048576K
}
Event: 0.821 GC heap after
{Heap after GC invocations=2 (full 0):
 garbage-first heap   total 260096K, used 7677K [0x0000000702600000, 0x0000000800000000)
  region size 2048K, 1 young (2048K), 1 survivors (2048K)
 Metaspace       used 5814K, committed 6016K, reserved 1114112K
  class space    used 467K, committed 576K, reserved 1048576K
}
Event: 2.633 GC heap before
{Heap before GC invocations=2 (full 0):
 garbage-first heap   total 260096K, used 36349K [0x0000000702600000, 0x0000000800000000)
  region size 2048K, 15 young (30720K), 1 survivors (2048K)
 Metaspace       used 14754K, committed 14912K, reserved 1114112K
  class space    used 1513K, committed 1600K, reserved 1048576K
}
Event: 2.636 GC heap after
{Heap after GC invocations=3 (full 0):
 garbage-first heap   total 260096K, used 9736K [0x0000000702600000, 0x0000000800000000)
  region size 2048K, 2 young (4096K), 2 survivors (4096K)
 Metaspace       used 14754K, committed 14912K, reserved 1114112K
  class space    used 1513K, committed 1600K, reserved 1048576K
}
Event: 4.119 GC heap before
{Heap before GC invocations=3 (full 0):
 garbage-first heap   total 260096K, used 44552K [0x0000000702600000, 0x0000000800000000)
  region size 2048K, 20 young (40960K), 2 survivors (4096K)
 Metaspace       used 21310K, committed 21504K, reserved 1114112K
  class space    used 2275K, committed 2368K, reserved 1048576K
}
Event: 4.124 GC heap after
{Heap after GC invocations=4 (full 0):
 garbage-first heap   total 260096K, used 11121K [0x0000000702600000, 0x0000000800000000)
  region size 2048K, 2 young (4096K), 2 survivors (4096K)
 Metaspace       used 21310K, committed 21504K, reserved 1114112K
  class space    used 2275K, committed 2368K, reserved 1048576K
}
Event: 6.844 GC heap before
{Heap before GC invocations=5 (full 0):
 garbage-first heap   total 49152K, used 37745K [0x0000000702600000, 0x0000000800000000)
  region size 2048K, 10 young (20480K), 2 survivors (4096K)
 Metaspace       used 24076K, committed 24256K, reserved 1114112K
  class space    used 2595K, committed 2688K, reserved 1048576K
}
Event: 6.850 GC heap after
{Heap after GC invocations=6 (full 0):
 garbage-first heap   total 49152K, used 23915K [0x0000000702600000, 0x0000000800000000)
  region size 2048K, 1 young (2048K), 1 survivors (2048K)
 Metaspace       used 24076K, committed 24256K, reserved 1114112K
  class space    used 2595K, committed 2688K, reserved 1048576K
}
Event: 6.883 GC heap before
{Heap before GC invocations=6 (full 0):
 garbage-first heap   total 49152K, used 25963K [0x0000000702600000, 0x0000000800000000)
  region size 2048K, 2 young (4096K), 1 survivors (2048K)
 Metaspace       used 24385K, committed 24640K, reserved 1114112K
  class space    used 2640K, committed 2752K, reserved 1048576K
}
Event: 6.887 GC heap after
{Heap after GC invocations=7 (full 0):
 garbage-first heap   total 49152K, used 17838K [0x0000000702600000, 0x0000000800000000)
  region size 2048K, 1 young (2048K), 1 survivors (2048K)
 Metaspace       used 24385K, committed 24640K, reserved 1114112K
  class space    used 2640K, committed 2752K, reserved 1048576K
}
Event: 7.219 GC heap before
{Heap before GC invocations=7 (full 0):
 garbage-first heap   total 49152K, used 30126K [0x0000000702600000, 0x0000000800000000)
  region size 2048K, 8 young (16384K), 1 survivors (2048K)
 Metaspace       used 26793K, committed 27008K, reserved 1114112K
  class space    used 2941K, committed 3008K, reserved 1048576K
}
Event: 7.223 GC heap after
{Heap after GC invocations=8 (full 0):
 garbage-first heap   total 49152K, used 18910K [0x0000000702600000, 0x0000000800000000)
  region size 2048K, 1 young (2048K), 1 survivors (2048K)
 Metaspace       used 26793K, committed 27008K, reserved 1114112K
  class space    used 2941K, committed 3008K, reserved 1048576K
}
Event: 7.644 GC heap before
{Heap before GC invocations=8 (full 0):
 garbage-first heap   total 49152K, used 33246K [0x0000000702600000, 0x0000000800000000)
  region size 2048K, 8 young (16384K), 1 survivors (2048K)
 Metaspace       used 29762K, committed 29952K, reserved 1114112K
  class space    used 3305K, committed 3392K, reserved 1048576K
}
Event: 7.648 GC heap after
{Heap after GC invocations=9 (full 0):
 garbage-first heap   total 49152K, used 20380K [0x0000000702600000, 0x0000000800000000)
  region size 2048K, 1 young (2048K), 1 survivors (2048K)
 Metaspace       used 29762K, committed 29952K, reserved 1114112K
  class space    used 3305K, committed 3392K, reserved 1048576K
}
Event: 7.882 GC heap before
{Heap before GC invocations=9 (full 0):
 garbage-first heap   total 49152K, used 32668K [0x0000000702600000, 0x0000000800000000)
  region size 2048K, 7 young (14336K), 1 survivors (2048K)
 Metaspace       used 31900K, committed 32128K, reserved 1114112K
  class space    used 3555K, committed 3648K, reserved 1048576K
}
Event: 7.885 GC heap after
{Heap after GC invocations=10 (full 0):
 garbage-first heap   total 155648K, used 20883K [0x0000000702600000, 0x0000000800000000)
  region size 2048K, 1 young (2048K), 1 survivors (2048K)
 Metaspace       used 31900K, committed 32128K, reserved 1114112K
  class space    used 3555K, committed 3648K, reserved 1048576K
}
Event: 27.490 GC heap before
{Heap before GC invocations=10 (full 0):
 garbage-first heap   total 155648K, used 119187K [0x0000000702600000, 0x0000000800000000)
  region size 2048K, 45 young (92160K), 1 survivors (2048K)
 Metaspace       used 34918K, committed 35072K, reserved 1114112K
  class space    used 3747K, committed 3840K, reserved 1048576K
}
Event: 27.496 GC heap after
{Heap after GC invocations=11 (full 0):
 garbage-first heap   total 155648K, used 31219K [0x0000000702600000, 0x0000000800000000)
  region size 2048K, 2 young (4096K), 2 survivors (4096K)
 Metaspace       used 34918K, committed 35072K, reserved 1114112K
  class space    used 3747K, committed 3840K, reserved 1048576K
}
Event: 32.175 GC heap before
{Heap before GC invocations=11 (full 0):
 garbage-first heap   total 155648K, used 47603K [0x0000000702600000, 0x0000000800000000)
  region size 2048K, 11 young (22528K), 2 survivors (4096K)
 Metaspace       used 34921K, committed 35136K, reserved 1114112K
  class space    used 3747K, committed 3840K, reserved 1048576K
}
Event: 32.217 GC heap after
{Heap after GC invocations=12 (full 1):
 garbage-first heap   total 81920K, used 23683K [0x0000000702600000, 0x0000000800000000)
  region size 2048K, 0 young (0K), 0 survivors (0K)
 Metaspace       used 34921K, committed 35136K, reserved 1114112K
  class space    used 3747K, committed 3840K, reserved 1048576K
}

Dll operation events (14 events):
Event: 0.009 Loaded shared library C:\Users\HP\.jdks\corretto-17.0.7\bin\java.dll
Event: 0.021 Loaded shared library C:\Users\HP\.jdks\corretto-17.0.7\bin\jsvml.dll
Event: 0.169 Loaded shared library C:\Users\HP\.jdks\corretto-17.0.7\bin\zip.dll
Event: 0.172 Loaded shared library C:\Users\HP\.jdks\corretto-17.0.7\bin\instrument.dll
Event: 0.178 Loaded shared library C:\Users\HP\.jdks\corretto-17.0.7\bin\net.dll
Event: 0.181 Loaded shared library C:\Users\HP\.jdks\corretto-17.0.7\bin\nio.dll
Event: 0.185 Loaded shared library C:\Users\HP\.jdks\corretto-17.0.7\bin\zip.dll
Event: 0.293 Loaded shared library C:\Program Files\JetBrains\IntelliJ IDEA Community Edition 2021.3.2\bin\breakgen64.dll
Event: 0.488 Loaded shared library C:\Users\HP\.jdks\corretto-17.0.7\bin\jimage.dll
Event: 0.498 Loaded shared library C:\Users\HP\.jdks\corretto-17.0.7\bin\awt.dll
Event: 1.834 Loaded shared library C:\Users\HP\.skiko\0de0d8dd8554d9bb66cfca3837db6514ff9b71080e998917280a3b777460a416\skiko-windows-x64.dll
Event: 2.521 Loaded shared library C:\Users\HP\.jdks\corretto-17.0.7\bin\freetype.dll
Event: 2.522 Loaded shared library C:\Users\HP\.jdks\corretto-17.0.7\bin\fontmanager.dll
Event: 7.530 Loaded shared library C:\Users\HP\AppData\Local\io-realm-kotlin\f7113120ba00ba1ff91d696eecd3919e85a4e34e\realmc.dll

Deoptimization events (20 events):
Event: 35.213 Thread 0x00000225ccbb4990 Uncommon trap: trap_request=0xffffffc6 fr.pc=0x00000225b29922fc relative=0x000000000000027c
Event: 35.213 Thread 0x00000225ccbb4990 Uncommon trap: reason=bimorphic_or_optimized_type_check action=maybe_recompile pc=0x00000225b29922fc method=kotlinx.coroutines.CoroutineContextKt.newCoroutineContext(Lkotlinx/coroutines/CoroutineScope;Lkotlin/coroutines/CoroutineContext;)Lkotlin/coroutine
Event: 35.213 Thread 0x00000225ccbb4990 DEOPT PACKING pc=0x00000225b29922fc sp=0x000000cc7cbfef40
Event: 35.213 Thread 0x00000225ccbb4990 DEOPT UNPACKING pc=0x00000225b21069a3 sp=0x000000cc7cbfeed8 mode 2
Event: 35.215 Thread 0x00000225ccbb4990 Uncommon trap: trap_request=0xffffffde fr.pc=0x00000225b26ab8e0 relative=0x0000000000000060
Event: 35.215 Thread 0x00000225ccbb4990 Uncommon trap: reason=class_check action=maybe_recompile pc=0x00000225b26ab8e0 method=kotlinx.coroutines.AbstractCoroutine.afterResume(Ljava/lang/Object;)V @ 2 c2
Event: 35.215 Thread 0x00000225ccbb4990 DEOPT PACKING pc=0x00000225b26ab8e0 sp=0x000000cc7cbfed20
Event: 35.215 Thread 0x00000225ccbb4990 DEOPT UNPACKING pc=0x00000225b21069a3 sp=0x000000cc7cbfeca8 mode 2
Event: 35.217 Thread 0x00000225ccbb4990 Uncommon trap: trap_request=0xffffffc6 fr.pc=0x00000225b29922fc relative=0x000000000000027c
Event: 35.217 Thread 0x00000225ccbb4990 Uncommon trap: reason=bimorphic_or_optimized_type_check action=maybe_recompile pc=0x00000225b29922fc method=kotlinx.coroutines.CoroutineContextKt.newCoroutineContext(Lkotlinx/coroutines/CoroutineScope;Lkotlin/coroutines/CoroutineContext;)Lkotlin/coroutine
Event: 35.217 Thread 0x00000225ccbb4990 DEOPT PACKING pc=0x00000225b29922fc sp=0x000000cc7cbfefb0
Event: 35.217 Thread 0x00000225ccbb4990 DEOPT UNPACKING pc=0x00000225b21069a3 sp=0x000000cc7cbfef48 mode 2
Event: 35.217 Thread 0x00000225ccbb0b00 Uncommon trap: trap_request=0xffffffde fr.pc=0x00000225b26ab8e0 relative=0x0000000000000060
Event: 35.217 Thread 0x00000225ccbb0b00 Uncommon trap: reason=class_check action=maybe_recompile pc=0x00000225b26ab8e0 method=kotlinx.coroutines.AbstractCoroutine.afterResume(Ljava/lang/Object;)V @ 2 c2
Event: 35.217 Thread 0x00000225ccbb0b00 DEOPT PACKING pc=0x00000225b26ab8e0 sp=0x000000cc7c5ff380
Event: 35.217 Thread 0x00000225ccbb0b00 DEOPT UNPACKING pc=0x00000225b21069a3 sp=0x000000cc7c5ff308 mode 2
Event: 35.218 Thread 0x00000225ccbb4990 Uncommon trap: trap_request=0xffffffde fr.pc=0x00000225b26ab8e0 relative=0x0000000000000060
Event: 35.218 Thread 0x00000225ccbb4990 Uncommon trap: reason=class_check action=maybe_recompile pc=0x00000225b26ab8e0 method=kotlinx.coroutines.AbstractCoroutine.afterResume(Ljava/lang/Object;)V @ 2 c2
Event: 35.218 Thread 0x00000225ccbb4990 DEOPT PACKING pc=0x00000225b26ab8e0 sp=0x000000cc7cbff230
Event: 35.218 Thread 0x00000225ccbb4990 DEOPT UNPACKING pc=0x00000225b21069a3 sp=0x000000cc7cbff1b8 mode 2

Classes unloaded (0 events):
No events

Classes redefined (0 events):
No events

Internal exceptions (20 events):
Event: 0.919 Thread 0x00000225ca3eb4c0 Exception <a 'java/lang/NoSuchMethodError'{0x000000071202a600}: 'java.lang.Object java.lang.invoke.DirectMethodHandle$Holder.invokeStaticInit(java.lang.Object, int, int, int, int)'> (0x000000071202a600) 
thrown [s\src\hotspot\share\interpreter\linkResolver.cpp, line 759]
Event: 1.197 Thread 0x00000225ca3eb4c0 Exception <a 'java/lang/NoSuchMethodError'{0x00000007120faf00}: 'java.lang.Object java.lang.invoke.DirectMethodHandle$Holder.invokeStaticInit(java.lang.Object, java.lang.Object, int, int, int, int)'> (0x00000007120faf00) 
thrown [s\src\hotspot\share\interpreter\linkResolver.cpp, line 759]
Event: 1.549 Thread 0x00000225ca3eb4c0 Exception <a 'java/lang/NoSuchMethodError'{0x0000000711d863f8}: 'double java.lang.invoke.DirectMethodHandle$Holder.invokeStatic(java.lang.Object, double)'> (0x0000000711d863f8) 
thrown [s\src\hotspot\share\interpreter\linkResolver.cpp, line 759]
Event: 1.551 Thread 0x00000225ca3eb4c0 Exception <a 'java/lang/NoSuchMethodError'{0x0000000711d89e58}: 'double java.lang.invoke.DirectMethodHandle$Holder.invokeStaticInit(java.lang.Object, double)'> (0x0000000711d89e58) 
thrown [s\src\hotspot\share\interpreter\linkResolver.cpp, line 759]
Event: 1.589 Thread 0x00000225ca3eb4c0 Exception <a 'java/lang/NoSuchMethodError'{0x0000000711dd2630}: 'java.lang.Object java.lang.invoke.DirectMethodHandle$Holder.newInvokeSpecial(java.lang.Object, double)'> (0x0000000711dd2630) 
thrown [s\src\hotspot\share\interpreter\linkResolver.cpp, line 759]
Event: 2.150 Thread 0x00000225ca3eb4c0 Exception <a 'java/lang/NoSuchMethodError'{0x0000000710ce0360}: 'void java.lang.invoke.DirectMethodHandle$Holder.invokeSpecial(java.lang.Object, java.lang.Object, java.lang.Object)'> (0x0000000710ce0360) 
thrown [s\src\hotspot\share\interpreter\linkResolver.cpp, line 759]
Event: 2.183 Thread 0x00000225ca3eb4c0 Exception <a 'java/lang/NoSuchMethodError'{0x0000000710d0a4f0}: 'java.lang.Object java.lang.invoke.DirectMethodHandle$Holder.newInvokeSpecial(java.lang.Object, java.lang.Object, java.lang.Object, java.lang.Object, java.lang.Object)'> (0x0000000710d0a4f0) 
thrown [s\src\hotspot\share\interpreter\linkResolver.cpp, line 759]
Event: 2.191 Thread 0x00000225ca3eb4c0 Exception <a 'java/lang/NoSuchMethodError'{0x0000000710d16160}: 'java.lang.Object java.lang.invoke.DirectMethodHandle$Holder.invokeStatic(java.lang.Object, int, java.lang.Object, java.lang.Object, java.lang.Object, java.lang.Object)'> (0x0000000710d16160) 
thrown [s\src\hotspot\share\interpreter\linkResolver.cpp, line 759]
Event: 2.202 Thread 0x00000225ca3eb4c0 Exception <a 'java/lang/NoSuchMethodError'{0x0000000710d3be20}: 'java.lang.Object java.lang.invoke.DirectMethodHandle$Holder.invokeStatic(java.lang.Object, int, java.lang.Object)'> (0x0000000710d3be20) 
thrown [s\src\hotspot\share\interpreter\linkResolver.cpp, line 759]
Event: 2.300 Thread 0x00000225ca3eb4c0 Exception <a 'java/lang/ClassNotFoundException'{0x0000000710df7ed0}: com/sun/swing/internal/plaf/metal/resources/spi/metalProvider> (0x0000000710df7ed0) 
thrown [s\src\hotspot\share\classfile\systemDictionary.cpp, line 256]
Event: 2.302 Thread 0x00000225ca3eb4c0 Exception <a 'java/lang/ClassNotFoundException'{0x0000000710dfbe70}: com/sun/swing/internal/plaf/basic/resources/spi/basicProvider> (0x0000000710dfbe70) 
thrown [s\src\hotspot\share\classfile\systemDictionary.cpp, line 256]
Event: 2.316 Thread 0x00000225ca3eb4c0 Implicit null exception at 0x00000225b26e0320 to 0x00000225b26e0a55
Event: 2.322 Thread 0x00000225ca3eb4c0 Implicit null exception at 0x00000225b267db10 to 0x00000225b267dee4
Event: 2.322 Thread 0x00000225ca3eb4c0 Implicit null exception at 0x00000225b2679d10 to 0x00000225b267a0c8
Event: 2.374 Thread 0x00000225ca3eb4c0 Exception <a 'java/lang/NoSuchMethodError'{0x0000000710b110d0}: 'void java.lang.invoke.DirectMethodHandle$Holder.invokeStatic(java.lang.Object, java.lang.Object, java.lang.Object)'> (0x0000000710b110d0) 
thrown [s\src\hotspot\share\interpreter\linkResolver.cpp, line 759]
Event: 2.515 Thread 0x00000225ca3eb4c0 Exception <a 'java/lang/NoSuchMethodError'{0x00000007109e0ce0}: 'void java.lang.invoke.DirectMethodHandle$Holder.invokeStaticInit(java.lang.Object)'> (0x00000007109e0ce0) 
thrown [s\src\hotspot\share\interpreter\linkResolver.cpp, line 759]
Event: 2.814 Thread 0x00000225ca3eb4c0 Exception <a 'java/lang/NoSuchMethodError'{0x0000000711e49450}: 'int java.lang.invoke.DirectMethodHandle$Holder.invokeStaticInit(java.lang.Object, java.lang.Object, java.lang.Object)'> (0x0000000711e49450) 
thrown [s\src\hotspot\share\interpreter\linkResolver.cpp, line 759]
Event: 3.499 Thread 0x00000225ca3e8f30 Exception <a 'java/lang/NoSuchMethodError'{0x0000000710b01200}: 'void java.lang.invoke.DirectMethodHandle$Holder.invokeVirtual(java.lang.Object, java.lang.Object)'> (0x0000000710b01200) 
thrown [s\src\hotspot\share\interpreter\linkResolver.cpp, line 759]
Event: 6.720 Thread 0x00000225ca3eb4c0 Exception <a 'java/lang/NoSuchMethodError'{0x0000000704875fa8}: 'int java.lang.invoke.DirectMethodHandle$Holder.invokeStaticInit(java.lang.Object, long, long)'> (0x0000000704875fa8) 
thrown [s\src\hotspot\share\interpreter\linkResolver.cpp, line 759]
Event: 7.403 Thread 0x00000225ca3eb4c0 Exception <a 'java/lang/NoSuchMethodError'{0x0000000704e6a518}: 'java.lang.Object java.lang.invoke.DirectMethodHandle$Holder.newInvokeSpecial(java.lang.Object, int, java.lang.Object)'> (0x0000000704e6a518) 
thrown [s\src\hotspot\share\interpreter\linkResolver.cpp, line 759]

VM Operations (20 events):
Event: 25.544 Executing VM operation: Cleanup
Event: 25.545 Executing VM operation: Cleanup done
Event: 26.546 Executing VM operation: Cleanup
Event: 26.546 Executing VM operation: Cleanup done
Event: 27.490 Executing VM operation: G1CollectForAllocation
Event: 27.496 Executing VM operation: G1CollectForAllocation done
Event: 28.498 Executing VM operation: Cleanup
Event: 28.498 Executing VM operation: Cleanup done
Event: 29.510 Executing VM operation: Cleanup
Event: 29.510 Executing VM operation: Cleanup done
Event: 30.522 Executing VM operation: Cleanup
Event: 30.522 Executing VM operation: Cleanup done
Event: 31.524 Executing VM operation: Cleanup
Event: 31.539 Executing VM operation: Cleanup done
Event: 32.071 Executing VM operation: G1CollectFull
Event: 32.218 Executing VM operation: G1CollectFull done
Event: 33.223 Executing VM operation: Cleanup
Event: 33.223 Executing VM operation: Cleanup done
Event: 34.238 Executing VM operation: Cleanup
Event: 34.238 Executing VM operation: Cleanup done

Events (20 events):
Event: 18.508 Thread 0x00000225c58ceee0 flushing nmethod 0x00000225ab400810
Event: 18.508 Thread 0x00000225c58ceee0 flushing nmethod 0x00000225ab400c90
Event: 18.508 Thread 0x00000225c58ceee0 flushing nmethod 0x00000225ab443190
Event: 18.508 Thread 0x00000225c58ceee0 flushing nmethod 0x00000225ab44d490
Event: 18.508 Thread 0x00000225c58ceee0 flushing nmethod 0x00000225ab460810
Event: 18.508 Thread 0x00000225c58ceee0 flushing nmethod 0x00000225ab468490
Event: 18.508 Thread 0x00000225c58ceee0 flushing nmethod 0x00000225ab505b10
Event: 27.976 Thread 0x00000225d5b0d3d0 Thread added: 0x00000225d5b0d3d0
Event: 29.189 Thread 0x00000225d5b0d3d0 Thread exited: 0x00000225d5b0d3d0
Event: 35.209 loading class jdk/internal/misc/Signal$1
Event: 35.209 loading class jdk/internal/misc/Signal$1 done
Event: 35.209 Thread 0x00000225ccbb3650 Thread added: 0x00000225ccbb3650
Event: 35.209 Thread 0x00000225ccbb4990 Thread added: 0x00000225ccbb4990
Event: 35.210 Thread 0x00000225ccbb3180 Thread added: 0x00000225ccbb3180
Event: 35.210 Thread 0x00000225ccbb5cd0 Thread added: 0x00000225ccbb5cd0
Event: 35.212 Thread 0x00000225ccbb5cd0 Thread exited: 0x00000225ccbb5cd0
Event: 35.219 Thread 0x00000225ccbb4990 Thread exited: 0x00000225ccbb4990
Event: 35.220 Thread 0x00000225ccbb0b00 Thread exited: 0x00000225ccbb0b00
Event: 35.220 Thread 0x00000225cad045a0 Thread exited: 0x00000225cad045a0
Event: 35.221 Thread 0x00000225ca3e8f30 Thread exited: 0x00000225ca3e8f30


Dynamic libraries:
0x00007ff76c870000 - 0x00007ff76c87d000 	C:\Users\HP\.jdks\corretto-17.0.7\bin\java.exe
0x00007ffae8e70000 - 0x00007ffae9068000 	C:\Windows\SYSTEM32\ntdll.dll
0x00007ffae85d0000 - 0x00007ffae868f000 	C:\Windows\System32\KERNEL32.DLL
0x00007ffae6550000 - 0x00007ffae6846000 	C:\Windows\System32\KERNELBASE.dll
0x00007ffae6b90000 - 0x00007ffae6c90000 	C:\Windows\System32\ucrtbase.dll
0x00007ffad3b70000 - 0x00007ffad3b87000 	C:\Users\HP\.jdks\corretto-17.0.7\bin\jli.dll
0x00007ffac1d40000 - 0x00007ffac1d55000 	C:\Users\HP\.jdks\corretto-17.0.7\bin\VCRUNTIME140.dll
0x00007ffae7e80000 - 0x00007ffae801d000 	C:\Windows\System32\USER32.dll
0x00007ffae6c90000 - 0x00007ffae6cb2000 	C:\Windows\System32\win32u.dll
0x00007ffae7e20000 - 0x00007ffae7e4c000 	C:\Windows\System32\GDI32.dll
0x00007ffae6d10000 - 0x00007ffae6e25000 	C:\Windows\System32\gdi32full.dll
0x00007ffacc090000 - 0x00007ffacc32a000 	C:\Windows\WinSxS\amd64_microsoft.windows.common-controls_6595b64144ccf1df_6.0.19041.1110_none_60b5254171f9507e\COMCTL32.dll
0x00007ffae8900000 - 0x00007ffae899e000 	C:\Windows\System32\msvcrt.dll
0x00007ffae6e30000 - 0x00007ffae6ecd000 	C:\Windows\System32\msvcp_win.dll
0x00007ffae7e50000 - 0x00007ffae7e80000 	C:\Windows\System32\IMM32.DLL
0x00007ffa9d440000 - 0x00007ffa9d4db000 	C:\Users\HP\.jdks\corretto-17.0.7\bin\msvcp140.dll
0x00007ffa1ec20000 - 0x00007ffa1f83a000 	C:\Users\HP\.jdks\corretto-17.0.7\bin\server\jvm.dll
0x00007ffae7550000 - 0x00007ffae75ff000 	C:\Windows\System32\ADVAPI32.dll
0x00007ffae8730000 - 0x00007ffae87cc000 	C:\Windows\System32\sechost.dll
0x00007ffae87d0000 - 0x00007ffae88f6000 	C:\Windows\System32\RPCRT4.dll
0x00007ffadc340000 - 0x00007ffadc349000 	C:\Windows\SYSTEM32\WSOCK32.dll
0x00007ffacbdc0000 - 0x00007ffacbde7000 	C:\Windows\SYSTEM32\WINMM.dll
0x00007ffae8560000 - 0x00007ffae85cb000 	C:\Windows\System32\WS2_32.dll
0x00007ffadc780000 - 0x00007ffadc78a000 	C:\Windows\SYSTEM32\VERSION.dll
0x00007ffae4d40000 - 0x00007ffae4d52000 	C:\Windows\SYSTEM32\kernel.appcore.dll
0x00007ffac90f0000 - 0x00007ffac90fa000 	C:\Users\HP\.jdks\corretto-17.0.7\bin\jimage.dll
0x00007ffae1260000 - 0x00007ffae1444000 	C:\Windows\SYSTEM32\DBGHELP.DLL
0x00007ffacded0000 - 0x00007ffacdf04000 	C:\Windows\SYSTEM32\dbgcore.DLL
0x00007ffae6b00000 - 0x00007ffae6b82000 	C:\Windows\System32\bcryptPrimitives.dll
0x00007ffadcc90000 - 0x00007ffadcc9e000 	C:\Users\HP\.jdks\corretto-17.0.7\bin\instrument.dll
0x00007ffabfe20000 - 0x00007ffabfe45000 	C:\Users\HP\.jdks\corretto-17.0.7\bin\java.dll
0x00007ffa70430000 - 0x00007ffa70506000 	C:\Users\HP\.jdks\corretto-17.0.7\bin\jsvml.dll
0x00007ffae76d0000 - 0x00007ffae7e14000 	C:\Windows\System32\SHELL32.dll
0x00007ffae4590000 - 0x00007ffae4d24000 	C:\Windows\SYSTEM32\windows.storage.dll
0x00007ffae89a0000 - 0x00007ffae8cf4000 	C:\Windows\System32\combase.dll
0x00007ffae5dd0000 - 0x00007ffae5dfe000 	C:\Windows\SYSTEM32\Wldp.dll
0x00007ffae6f80000 - 0x00007ffae702d000 	C:\Windows\System32\SHCORE.dll
0x00007ffae8020000 - 0x00007ffae8075000 	C:\Windows\System32\shlwapi.dll
0x00007ffae6480000 - 0x00007ffae64a5000 	C:\Windows\SYSTEM32\profapi.dll
0x00007ffab6270000 - 0x00007ffab6288000 	C:\Users\HP\.jdks\corretto-17.0.7\bin\zip.dll
0x00007ffabfe00000 - 0x00007ffabfe19000 	C:\Users\HP\.jdks\corretto-17.0.7\bin\net.dll
0x00007ffad78b0000 - 0x00007ffad79ba000 	C:\Windows\SYSTEM32\WINHTTP.dll
0x00007ffae5bb0000 - 0x00007ffae5c1a000 	C:\Windows\system32\mswsock.dll
0x00007ffabfde0000 - 0x00007ffabfdf5000 	C:\Users\HP\.jdks\corretto-17.0.7\bin\nio.dll
0x00007ffad3b30000 - 0x00007ffad3b4a000 	C:\Program Files\JetBrains\IntelliJ IDEA Community Edition 2021.3.2\bin\breakgen64.dll
0x00007ffa71490000 - 0x00007ffa71639000 	C:\Users\HP\.jdks\corretto-17.0.7\bin\awt.dll
0x00007ffae7600000 - 0x00007ffae76cd000 	C:\Windows\System32\OLEAUT32.dll
0x00007ffae02d0000 - 0x00007ffae0361000 	C:\Windows\SYSTEM32\apphelp.dll
0x00007ffae0ac0000 - 0x00007ffae0b5e000 	C:\Windows\system32\uxtheme.dll
0x00007ffae7340000 - 0x00007ffae7454000 	C:\Windows\System32\MSCTF.dll
0x00007ffae8d00000 - 0x00007ffae8e2a000 	C:\Windows\System32\ole32.dll
0x00007ffae0bd0000 - 0x00007ffae0bff000 	C:\Windows\system32\DWMAPI.DLL
0x00007ffab5940000 - 0x00007ffab5a65000 	C:\Windows\system32\opengl32.dll
0x00007ffab58d0000 - 0x00007ffab58fc000 	C:\Windows\SYSTEM32\GLU32.dll
0x00007ffae5e10000 - 0x00007ffae5e28000 	C:\Windows\SYSTEM32\CRYPTSP.dll
0x00007ffae54f0000 - 0x00007ffae5524000 	C:\Windows\system32\rsaenh.dll
0x00007ffae6a60000 - 0x00007ffae6a87000 	C:\Windows\System32\bcrypt.dll
0x00007ffae6400000 - 0x00007ffae642e000 	C:\Windows\SYSTEM32\USERENV.dll
0x00007ffae5d40000 - 0x00007ffae5d4c000 	C:\Windows\SYSTEM32\CRYPTBASE.dll
0x00007ffae58c0000 - 0x00007ffae58fc000 	C:\Windows\SYSTEM32\IPHLPAPI.DLL
0x00007ffae8080000 - 0x00007ffae8088000 	C:\Windows\System32\NSI.dll
0x00007ffad7d60000 - 0x00007ffad7d77000 	C:\Windows\SYSTEM32\dhcpcsvc6.DLL
0x00007ffad7d40000 - 0x00007ffad7d5d000 	C:\Windows\SYSTEM32\dhcpcsvc.DLL
0x00007ffae5900000 - 0x00007ffae59ca000 	C:\Windows\SYSTEM32\DNSAPI.dll
0x00007ffa65290000 - 0x00007ffa662dc000 	C:\Users\HP\.skiko\0de0d8dd8554d9bb66cfca3837db6514ff9b71080e998917280a3b777460a416\skiko-windows-x64.dll
0x00007ffaa83c0000 - 0x00007ffaa8443000 	C:\Users\HP\.jdks\corretto-17.0.7\bin\freetype.dll
0x00007ffa9d1b0000 - 0x00007ffa9d272000 	C:\Users\HP\.jdks\corretto-17.0.7\bin\fontmanager.dll
0x00007ffadcbe0000 - 0x00007ffadcbe7000 	C:\Users\HP\.jdks\corretto-17.0.7\bin\jawt.dll
0x00007ffae4db0000 - 0x00007ffae4ea3000 	C:\Windows\SYSTEM32\Dxgi.dll
0x00007ffad3b10000 - 0x00007ffad3b30000 	C:\Windows\SYSTEM32\D3D12.dll
0x00007ffa70bd0000 - 0x00007ffa70d9d000 	C:\Windows\SYSTEM32\D3D12Core.dll
0x00007ffad9fc0000 - 0x00007ffad9ffb000 	C:\Windows\SYSTEM32\dxcore.dll
0x00007ffae6cc0000 - 0x00007ffae6d0e000 	C:\Windows\System32\cfgmgr32.dll
0x00007ffad4b80000 - 0x00007ffad7799000 	C:\Windows\System32\DriverStore\FileRepository\igdlh64.inf_amd64_e6daaea9afe1e6f6\igc64.dll
0x00007ffa63080000 - 0x00007ffa64553000 	C:\Windows\System32\DriverStore\FileRepository\igdlh64.inf_amd64_e6daaea9afe1e6f6\igd12umd64.dll
0x00007ffad7ac0000 - 0x00007ffad7d17000 	C:\Windows\System32\DriverStore\FileRepository\igdlh64.inf_amd64_e6daaea9afe1e6f6\igdgmm64.dll
0x00007ffa64e80000 - 0x00007ffa6528b000 	C:\Windows\System32\DriverStore\FileRepository\igdlh64.inf_amd64_e6daaea9afe1e6f6\igdml64.dll
0x00007ffac7070000 - 0x00007ffac709b000 	C:\Windows\SYSTEM32\D3DSCache.dll
0x00007ffa59780000 - 0x00007ffa5df82000 	C:\Windows\System32\DriverStore\FileRepository\igdlh64.inf_amd64_e6daaea9afe1e6f6\igd12dxva64.dll
0x00007ffae80f0000 - 0x00007ffae855e000 	C:\Windows\System32\SETUPAPI.dll
0x00007ffa84fc0000 - 0x00007ffa84fe7000 	C:\Windows\System32\DriverStore\FileRepository\igdlh64.inf_amd64_e6daaea9afe1e6f6\igdinfo64.dll
0x00007ffadd380000 - 0x00007ffadd587000 	C:\Windows\SYSTEM32\twinapi.appcore.dll
0x00007ffae6ed0000 - 0x00007ffae6f79000 	C:\Windows\System32\clbcatq.dll
0x00007ffa620a0000 - 0x00007ffa63072000 	C:\Windows\System32\DriverStore\FileRepository\igdlh64.inf_amd64_e6daaea9afe1e6f6\ig9icd64.dll
0x00007ffae63b0000 - 0x00007ffae63fb000 	C:\Windows\SYSTEM32\powrprof.dll
0x00007ffae6390000 - 0x00007ffae63a2000 	C:\Windows\SYSTEM32\UMPDC.dll
0x00007ffad15d0000 - 0x00007ffad184f000 	C:\Windows\SYSTEM32\dwrite.dll
0x00007ffad3160000 - 0x00007ffad3259000 	C:\Windows\SYSTEM32\textinputframework.dll
0x00007ffadffb0000 - 0x00007ffae00a2000 	C:\Windows\System32\CoreMessaging.dll
0x00007ffadfc50000 - 0x00007ffadffae000 	C:\Windows\System32\CoreUIComponents.dll
0x00007ffae5630000 - 0x00007ffae5663000 	C:\Windows\SYSTEM32\ntmarta.dll
0x00007ffade8f0000 - 0x00007ffadea44000 	C:\Windows\SYSTEM32\wintypes.dll
0x00007ffa617e0000 - 0x00007ffa62092000 	C:\Users\HP\AppData\Local\io-realm-kotlin\f7113120ba00ba1ff91d696eecd3919e85a4e34e\realmc.dll
0x00007ffae6900000 - 0x00007ffae6a5e000 	C:\Windows\System32\CRYPT32.dll

dbghelp: loaded successfully - version: 4.0.5 - missing functions: none
symbol engine: initialized successfully - sym options: 0x614 - pdb path: .;C:\Users\HP\.jdks\corretto-17.0.7\bin;C:\Windows\SYSTEM32;C:\Windows\WinSxS\amd64_microsoft.windows.common-controls_6595b64144ccf1df_6.0.19041.1110_none_60b5254171f9507e;C:\Users\HP\.jdks\corretto-17.0.7\bin\server;C:\Program Files\JetBrains\IntelliJ IDEA Community Edition 2021.3.2\bin;C:\Users\HP\.skiko\0de0d8dd8554d9bb66cfca3837db6514ff9b71080e998917280a3b777460a416;C:\Windows\System32\DriverStore\FileRepository\igdlh64.inf_amd64_e6daaea9afe1e6f6;C:\Users\HP\AppData\Local\io-realm-kotlin\f7113120ba00ba1ff91d696eecd3919e85a4e34e

VM Arguments:
jvm_args: -Djava.library.path=C:\Users\HP\Desktop\demo-compose-desktop\build\classes\kotlin\jvm\main;C:\Users\HP\Desktop\demo-compose-desktop\build\processedResources\jvm\main -javaagent:C:\Program Files\JetBrains\IntelliJ IDEA Community Edition 2021.3.2\lib\idea_rt.jar=54659:C:\Program Files\JetBrains\IntelliJ IDEA Community Edition 2021.3.2\bin -Dfile.encoding=UTF-8 
java_command: MainKt
java_class_path (initial): C:\Users\HP\Desktop\demo-compose-desktop\build\classes\kotlin\jvm\main;C:\Users\HP\Desktop\demo-compose-desktop\build\processedResources\jvm\main;C:\Users\HP\.gradle\caches\modules-2\files-2.1\io.insert-koin\koin-androidx-compose\3.4.5\ae0a88b7a68d507e651c5a3d70a541594bea54cb\koin-androidx-compose-3.4.5.aar;C:\Users\HP\.gradle\caches\modules-2\files-2.1\androidx.navigation\navigation-compose\2.6.0\3f8ce7b0bad21cced0c47b42b6347c65a6e422c3\navigation-compose-2.6.0.aar;C:\Users\HP\.gradle\caches\modules-2\files-2.1\org.jetbrains.kotlin\kotlin-stdlib-jdk8\1.8.21\67f57e154437cd9e6e9cf368394b95814836ff88\kotlin-stdlib-jdk8-1.8.21.jar;C:\Users\HP\.gradle\caches\modules-2\files-2.1\org.apache.poi\poi-ooxml\4.1.2\87d9a22aa9a7dd26e80c360e709f7ee02e32ab3b\poi-ooxml-4.1.2.jar;C:\Users\HP\.gradle\caches\modules-2\files-2.1\org.apache.poi\poi\4.1.2\964bf41cf68bce08e4ef6b2279b559fdf8d454f4\poi-4.1.2.jar;C:\Users\HP\.gradle\caches\modules-2\files-2.1\org.lwjgl\lwjgl-nfd\3.3.1\622318116996ddcff449b46cb38f0fdee39b8ac3\lwjgl-nfd-3.3.1.jar;C:\Users\HP\.gradle\caches\modules-2\files-2.1\org.lwjgl\lwjgl-nfd\3.3.1\2e007667e04ed3281152ae5c6e677fb1c2211691\lwjgl-nfd-3.3.1-natives-linux.jar;C:\Users\HP\.gradle\caches\modules-2\files-2.1\org.lwjgl\lwjgl\3.3.1\ae58664f88e18a9bb2c77b063833ca7aaec484cb\lwjgl-3.3.1.jar;C:\Users\HP\.gradle\caches\modules-2\files-2.1\io.insert-koin\koin-android\3.4.0\48715fbe06102a59a30bd45b06ed2400c16c6f45\koin-android-3.4.0.aar;C:\Users\HP\.gradle\caches\modules-2\files-2.1\org.lwjgl\lwjgl-nfd\3.3.1\b3e04e317f55dd738d8a345cdafd15b39f85a2ea\lwjgl-nfd-3.3.1-natives-linux-arm32.jar;C:\Users\HP\.gradle\caches\modules-2\files-2.1\androidx.lifecycle\lifecycle-viewmodel-compose\2.6.1\38cf3bb65ff3e0e5c3d63de2ebf5411d0898108c\lifecycle-viewmodel-compose-2.6.1.aar;C:\Users\HP\.gradle\caches\modules-2\files-2.1\org.lwjgl\lwjgl-nfd\3.3.1\f41dc62336f7ee4ab35705cfa440cc903d199165\lwjgl-nfd-3.3.1-natives-linux-arm64.jar;C:\Users\HP\.gradle\caches\mo
Launcher Type: SUN_STANDARD

[Global flags]
     intx CICompilerCount                          = 3                                         {product} {ergonomic}
     uint ConcGCThreads                            = 1                                         {product} {ergonomic}
     uint G1ConcRefinementThreads                  = 4                                         {product} {ergonomic}
   size_t G1HeapRegionSize                         = 2097152                                   {product} {ergonomic}
    uintx GCDrainStackTargetSize                   = 64                                        {product} {ergonomic}
   size_t InitialHeapSize                          = 266338304                                 {product} {ergonomic}
   size_t MarkStackSize                            = 4194304                                   {product} {ergonomic}
   size_t MaxHeapSize                              = 4255121408                                {product} {ergonomic}
   size_t MaxNewSize                               = 2552233984                                {product} {ergonomic}
   size_t MinHeapDeltaBytes                        = 2097152                                   {product} {ergonomic}
   size_t MinHeapSize                              = 8388608                                   {product} {ergonomic}
    uintx NonNMethodCodeHeapSize                   = 5832780                                {pd product} {ergonomic}
    uintx NonProfiledCodeHeapSize                  = 122912730                              {pd product} {ergonomic}
    uintx ProfiledCodeHeapSize                     = 122912730                              {pd product} {ergonomic}
    uintx ReservedCodeCacheSize                    = 251658240                              {pd product} {ergonomic}
     bool SegmentedCodeCache                       = true                                      {product} {ergonomic}
   size_t SoftMaxHeapSize                          = 4255121408                             {manageable} {ergonomic}
     bool UseCompressedClassPointers               = true                           {product lp64_product} {ergonomic}
     bool UseCompressedOops                        = true                           {product lp64_product} {ergonomic}
     bool UseG1GC                                  = true                                      {product} {ergonomic}
     bool UseLargePagesIndividualAllocation        = false                                  {pd product} {ergonomic}

Logging:
Log output configuration:
 #0: stdout all=warning uptime,level,tags
 #1: stderr all=off uptime,level,tags

Environment Variables:
PATH=C:\Program Files\Common Files\Oracle\Java\javapath;C:\Program Files (x86)\Common Files\Oracle\Java\javapath;C:\Windows\system32;C:\Windows;C:\Windows\System32\Wbem;C:\Windows\System32\WindowsPowerShell\v1.0\;C:\Windows\System32\OpenSSH\;C:\xampp\php;C:\ProgramData\ComposerSetup\bin;C:\Program Files\nodejs\;C:\Program Files (x86)\Intel\Intel(R) Management Engine Components\DAL;C:\Program Files\Intel\Intel(R) Management Engine Components\DAL;C:\Program Files\Git\cmd;C:\Program Files\Fortect;C:\Users\HP\AppData\Local\Microsoft\WindowsApps;C:\Program Files\JetBrains\IntelliJ IDEA Community Edition 2021.3.2\bin;C:\Users\HP\AppData\Local\Programs\Microsoft VS Code\bin;C:\Users\HP\AppData\Local\JetBrains\Toolbox\scripts;C:\Users\HP\AppData\Local\GitHubDesktop\bin;C:\Users\HP\Desktop\camp\flutter_windows_3.7.6-stable\flutter\bin;C:\Users\HP\AppData\Roaming\Composer\vendor\bin;C:\Users\HP\AppData\Roaming\npm
USERNAME=HP
OS=Windows_NT
PROCESSOR_IDENTIFIER=Intel64 Family 6 Model 142 Stepping 9, GenuineIntel
TMP=C:\Users\HP\AppData\Local\Temp
TEMP=C:\Users\HP\AppData\Local\Temp



---------------  S Y S T E M  ---------------

OS:
 Windows 10 , 64 bit Build 19041 (10.0.19041.3155)
OS uptime: 0 days 22:51 hours
Hyper-V role detected

CPU: total 4 (initial active 4) (2 cores per cpu, 2 threads per core) family 6 model 142 stepping 9 microcode 0xf2, cx8, cmov, fxsr, ht, mmx, 3dnowpref, sse, sse2, sse3, ssse3, sse4.1, sse4.2, popcnt, lzcnt, tsc, tscinvbit, avx, avx2, aes, erms, clmul, bmi1, bmi2, rtm, adx, fma, vzeroupper, clflush, clflushopt, hv

Memory: 4k page, system-wide physical 16224M (6369M free)
TotalPageFile size 32096M (AvailPageFile size 19921M)
current process WorkingSet (physical memory assigned to process): 264M, peak: 355M
current process commit charge ("private bytes"): 291M, peak: 436M

vm_info: OpenJDK 64-Bit Server VM (17.0.7+7-LTS) for windows-amd64 JRE (17.0.7+7-LTS), built on Apr 14 2023 01:39:21 by "Administrator" with MS VC++ 15.9 (VS2017)

END.
