#
# A fatal error has been detected by the Java Runtime Environment:
#
#  EXCEPTION_ACCESS_VIOLATION (0xc0000005) at pc=0x00007ffa7325ebe3, pid=8624, tid=15524
#
# JRE version: OpenJDK Runtime Environment JBR-17.0.7+7-1000.5-nomod (17.0.7+7) (build 17.0.7+7-b1000.5)
# Java VM: OpenJDK 64-Bit Server VM JBR-17.0.7+7-1000.5-nomod (17.0.7+7-b1000.5, mixed mode, tiered, compressed oops, compressed class ptrs, g1 gc, windows-amd64)
# Problematic frame:
# C  [ig9icd64.dll+0x9bebe3]
#
# No core dump will be written. Minidumps are not enabled by default on client versions of Windows
#
# If you would like to submit a bug report, please visit:
#   https://youtrack.jetbrains.com/issues/JBR
# The crash happened outside the Java Virtual Machine in native code.
# See problematic frame for where to report the bug.
#

---------------  S U M M A R Y ------------

Command Line: -Djava.library.path=C:\Users\HP\Desktop\newderar\build\classes\kotlin\jvm\main;C:\Users\HP\Desktop\newderar\build\processedResources\jvm\main -javaagent:C:\Program Files\JetBrains\IntelliJ IDEA Community Edition 2021.3.2\lib\idea_rt.jar=52857:C:\Program Files\JetBrains\IntelliJ IDEA Community Edition 2021.3.2\bin -Dfile.encoding=UTF-8 MainKt

Host: Intel(R) Core(TM) i5-7300U CPU @ 2.60GHz, 4 cores, 15G,  Windows 10 , 64 bit Build 19041 (10.0.19041.3155)
Time: Thu Jul  6 00:44:23 2023 Libya Standard Time elapsed time: 182.518991 seconds (0d 0h 3m 2s)

---------------  T H R E A D  ---------------

Current thread (0x000001ad25817e60):  JavaThread "AWT-EventQueue-0" [_thread_in_native, id=15524, stack(0x0000007d27f00000,0x0000007d28000000)]

Stack: [0x0000007d27f00000,0x0000007d28000000],  sp=0x0000007d27ffc828,  free space=1010k
Native frames: (J=compiled Java code, j=interpreted, Vv=VM code, C=native code)
C  [ig9icd64.dll+0x9bebe3]

Java frames: (J=compiled Java code, j=interpreted, Vv=VM code)
J 4568  org.jetbrains.skia.DirectContextKt.DirectContext_nFlush(J)V (0 bytes) @ 0x000001ad0d8b74e9 [0x000001ad0d8b74a0+0x0000000000000049]
J 5021 c2 org.jetbrains.skiko.redrawer.WindowsOpenGLRedrawer$Companion$frameDispatcher$1.invokeSuspend(Ljava/lang/Object;)Ljava/lang/Object; (379 bytes) @ 0x000001ad0d920cd8 [0x000001ad0d91fa60+0x0000000000001278]
J 5020 c2 org.jetbrains.skiko.FrameDispatcher$job$1.invokeSuspend(Ljava/lang/Object;)Ljava/lang/Object; (156 bytes) @ 0x000001ad0d8e7870 [0x000001ad0d8e7620+0x0000000000000250]
J 4512 c2 kotlin.coroutines.jvm.internal.BaseContinuationImpl.resumeWith(Ljava/lang/Object;)V (128 bytes) @ 0x000001ad0d89a2f4 [0x000001ad0d89a2a0+0x0000000000000054]
J 4530 c2 kotlinx.coroutines.DispatchedTask.run()V (571 bytes) @ 0x000001ad0d8a4470 [0x000001ad0d8a40c0+0x00000000000003b0]
J 4631 c2 java.awt.EventQueue.dispatchEvent(Ljava/awt/AWTEvent;)V java.desktop@17.0.7 (80 bytes) @ 0x000001ad0d8e1200 [0x000001ad0d8e0be0+0x0000000000000620]
J 4940 c2 java.awt.EventDispatchThread.pumpOneEventForFilters(I)V java.desktop@17.0.7 (113 bytes) @ 0x000001ad0d7cd5ec [0x000001ad0d7cd1c0+0x000000000000042c]
J 5114% c1 java.awt.EventDispatchThread.pumpEventsForFilter(ILjava/awt/Conditional;Ljava/awt/EventFilter;)V java.desktop@17.0.7 (47 bytes) @ 0x000001ad05d7729c [0x000001ad05d77000+0x000000000000029c]
j  java.awt.EventDispatchThread.pumpEventsForHierarchy(ILjava/awt/Conditional;Ljava/awt/Component;)V+11 java.desktop@17.0.7
j  java.awt.EventDispatchThread.pumpEvents(ILjava/awt/Conditional;)V+4 java.desktop@17.0.7
j  java.awt.EventDispatchThread.pumpEvents(Ljava/awt/Conditional;)V+3 java.desktop@17.0.7
j  java.awt.EventDispatchThread.run()V+18 java.desktop@17.0.7
v  ~StubRoutines::call_stub

siginfo: EXCEPTION_ACCESS_VIOLATION (0xc0000005), reading address 0x00007ffdb3481110


Register to memory mapping:

RIP=0x00007ffa7325ebe3 ig9icd64.dll
RAX=0x000000000fff0fff is an unknown value
RBX=0x00007ffa728a0000 ig9icd64.dll
RCX=0x000000033fcf3fcc is an unknown value
RDX=0x0000007d27ffcd40 is pointing into the stack for thread: 0x000001ad25817e60
RSP=0x0000007d27ffc828 is pointing into the stack for thread: 0x000001ad25817e60
RBP=0x0000007d27ffc930 is pointing into the stack for thread: 0x000001ad25817e60
RSI=0x000001ad26666040 points into unknown readable memory: 0x000001ad2661b880 | 80 b8 61 26 ad 01 00 00
RDI=0x0000007d27ffcb30 is pointing into the stack for thread: 0x000001ad25817e60
R8 =0x0000007d27ffc960 is pointing into the stack for thread: 0x000001ad25817e60
R9 =0x0000007d27ffcd40 is pointing into the stack for thread: 0x000001ad25817e60
R10=0x0000007d27ffcb30 is pointing into the stack for thread: 0x000001ad25817e60
R11=0x0 is NULL
R12=0x00007ffa736d15e0 ig9icd64.dll
R13=0x0 is NULL
R14=0x0 is NULL
R15=0x00000000000001c1 is an unknown value


Registers:
RAX=0x000000000fff0fff, RBX=0x00007ffa728a0000, RCX=0x000000033fcf3fcc, RDX=0x0000007d27ffcd40
RSP=0x0000007d27ffc828, RBP=0x0000007d27ffc930, RSI=0x000001ad26666040, RDI=0x0000007d27ffcb30
R8 =0x0000007d27ffc960, R9 =0x0000007d27ffcd40, R10=0x0000007d27ffcb30, R11=0x0000000000000000
R12=0x00007ffa736d15e0, R13=0x0000000000000000, R14=0x0000000000000000, R15=0x00000000000001c1
RIP=0x00007ffa7325ebe3, EFLAGS=0x0000000000010206

Top of Stack: (sp=0x0000007d27ffc828)
0x0000007d27ffc828:   00007ffa7325c31b 0000000000000001
0x0000007d27ffc838:   0000000000000000 000001ad29409c00
0x0000007d27ffc848:   00007ffaf6782622 0000007d00000065
0x0000007d27ffc858:   0000007d27ffca60 0000000000000000
0x0000007d27ffc868:   000001ad3062d5f0 0000000000000000
0x0000007d27ffc878:   000001ad3062fce0 000001ad29409c60
0x0000007d27ffc888:   0000000000001100 0000000000000000
0x0000007d27ffc898:   0000000000000000 0000007d27ffca10
0x0000007d27ffc8a8:   00007ffa72ef79c0 0000000000000000
0x0000007d27ffc8b8:   0000000000000000 0000000000000000
0x0000007d27ffc8c8:   0000000000000000 00001a46190c1393
0x0000007d27ffc8d8:   00007ffa728b6555 000001ad29409c60
0x0000007d27ffc8e8:   0000000000004001 0000000000000000
0x0000007d27ffc8f8:   00007ffb07c5b86b 000000000004000a
0x0000007d27ffc908:   000000000000005d 000001ad2942ca40
0x0000007d27ffc918:   0000000000000000 0000000000000000 

Instructions: (pc=0x00007ffa7325ebe3)
0x00007ffa7325eae3:   c1 75 31 00 48 89 51 08 48 89 01 8b 44 24 28 89
0x00007ffa7325eaf3:   41 20 8b 44 24 30 89 41 24 48 8b c1 4c 89 41 10
0x00007ffa7325eb03:   4c 89 49 18 c3 cc cc cc cc cc cc cc cc 48 89 5c
0x00007ffa7325eb13:   24 08 8b 41 5c 48 8d 1d e1 14 64 ff 41 89 40 08
0x00007ffa7325eb23:   4c 8b d1 8b 41 60 45 33 db 41 89 40 0c 4c 8b ca
0x00007ffa7325eb33:   8b 41 64 41 89 40 10 8b 41 68 41 89 40 14 8b 41
0x00007ffa7325eb43:   6c 41 89 40 18 8b 41 70 41 89 40 1c 48 63 41 74
0x00007ffa7325eb53:   48 6b c8 34 8b 84 19 44 d1 ee 00 41 89 40 20 8b
0x00007ffa7325eb63:   84 19 48 d1 ee 00 41 89 40 24 8b 84 19 4c d1 ee
0x00007ffa7325eb73:   00 41 89 40 28 8b 84 19 50 d1 ee 00 41 89 40 2c
0x00007ffa7325eb83:   8b 84 19 34 d1 ee 00 41 89 40 30 8b 84 19 38 d1
0x00007ffa7325eb93:   ee 00 41 89 40 34 8b 84 19 3c d1 ee 00 41 89 40
0x00007ffa7325eba3:   38 8b 84 19 40 d1 ee 00 41 89 40 3c 8b 84 19 24
0x00007ffa7325ebb3:   d1 ee 00 41 89 40 40 8b 84 19 28 d1 ee 00 41 89
0x00007ffa7325ebc3:   40 44 8b 84 19 2c d1 ee 00 41 89 40 48 8b 84 19
0x00007ffa7325ebd3:   30 d1 ee 00 41 89 40 4c 49 63 42 78 48 6b c8 34
0x00007ffa7325ebe3:   8b 84 19 44 d1 ee 00 41 89 40 50 8b 84 19 48 d1
0x00007ffa7325ebf3:   ee 00 41 89 40 54 8b 84 19 4c d1 ee 00 41 89 40
0x00007ffa7325ec03:   58 8b 84 19 50 d1 ee 00 41 89 40 5c 8b 84 19 34
0x00007ffa7325ec13:   d1 ee 00 41 89 40 60 8b 84 19 38 d1 ee 00 41 89
0x00007ffa7325ec23:   40 64 8b 84 19 3c d1 ee 00 41 89 40 68 8b 84 19
0x00007ffa7325ec33:   40 d1 ee 00 41 89 40 6c 8b 84 19 24 d1 ee 00 41
0x00007ffa7325ec43:   89 40 70 8b 84 19 28 d1 ee 00 41 89 40 74 8b 84
0x00007ffa7325ec53:   19 2c d1 ee 00 41 89 40 78 8b 84 19 30 d1 ee 00
0x00007ffa7325ec63:   41 89 40 7c 48 8b 42 18 8b 88 38 0b 00 00 f6 c1
0x00007ffa7325ec73:   08 0f 84 86 00 00 00 8b 80 3c 0b 00 00 41 89 80
0x00007ffa7325ec83:   80 00 00 00 48 8b 42 18 8b 88 40 0b 00 00 41 89
0x00007ffa7325ec93:   88 84 00 00 00 48 8b 42 18 8b 88 44 0b 00 00 41
0x00007ffa7325eca3:   89 88 88 00 00 00 48 8b 42 18 8b 88 48 0b 00 00
0x00007ffa7325ecb3:   41 89 88 8c 00 00 00 48 8b 42 18 8b 88 4c 0b 00
0x00007ffa7325ecc3:   00 41 89 88 90 00 00 00 48 8b 42 18 8b 88 50 0b
0x00007ffa7325ecd3:   00 00 41 89 88 94 00 00 00 48 8b 42 18 8b 88 54 


Stack slot to memory mapping:
stack at sp + 0 slots: 0x00007ffa7325c31b ig9icd64.dll
stack at sp + 1 slots: 0x0000000000000001 is an unknown value
stack at sp + 2 slots: 0x0 is NULL
stack at sp + 3 slots: 0x000001ad29409c00 points into unknown readable memory: 0x0000000000000000 | 00 00 00 00 00 00 00 00
stack at sp + 4 slots: 0x00007ffaf6782622 igdgmm64.dll
stack at sp + 5 slots: 0x0000007d00000065 is an unknown value
stack at sp + 6 slots: 0x0000007d27ffca60 is pointing into the stack for thread: 0x000001ad25817e60
stack at sp + 7 slots: 0x0 is NULL


---------------  P R O C E S S  ---------------

Threads class SMR info:
_java_thread_list=0x000001ad25369910, length=26, elements={
0x000001ad023e9f30, 0x000001ad208fb3c0, 0x000001ad208fc370, 0x000001ad20930660,
0x000001ad20931210, 0x000001ad20934370, 0x000001ad20950760, 0x000001ad20954900,
0x000001ad2096b020, 0x000001ad20974d30, 0x000001ad20a30a00, 0x000001ad25286710,
0x000001ad253c6fb0, 0x000001ad253ab4e0, 0x000001ad25812010, 0x000001ad25817e60,
0x000001ad25b0fcb0, 0x000001ad25adbf20, 0x000001ad25ac7cb0, 0x000001ad25ac64a0,
0x000001ad25ac6970, 0x000001ad301247c0, 0x000001ad30121c70, 0x000001ad30120930,
0x000001ad30122140, 0x000001ad301217a0
}

Java Threads: ( => current thread )
  0x000001ad023e9f30 JavaThread "main" [_thread_blocked, id=12252, stack(0x0000007d26500000,0x0000007d26600000)]
  0x000001ad208fb3c0 JavaThread "Reference Handler" daemon [_thread_blocked, id=9428, stack(0x0000007d26c00000,0x0000007d26d00000)]
  0x000001ad208fc370 JavaThread "Finalizer" daemon [_thread_blocked, id=15332, stack(0x0000007d26d00000,0x0000007d26e00000)]
  0x000001ad20930660 JavaThread "Signal Dispatcher" daemon [_thread_blocked, id=12792, stack(0x0000007d26e00000,0x0000007d26f00000)]
  0x000001ad20931210 JavaThread "Attach Listener" daemon [_thread_blocked, id=4200, stack(0x0000007d26f00000,0x0000007d27000000)]
  0x000001ad20934370 JavaThread "Service Thread" daemon [_thread_blocked, id=16076, stack(0x0000007d27000000,0x0000007d27100000)]
  0x000001ad20950760 JavaThread "Monitor Deflation Thread" daemon [_thread_blocked, id=14956, stack(0x0000007d27100000,0x0000007d27200000)]
  0x000001ad20954900 JavaThread "C2 CompilerThread0" daemon [_thread_blocked, id=4268, stack(0x0000007d27200000,0x0000007d27300000)]
  0x000001ad2096b020 JavaThread "C1 CompilerThread0" daemon [_thread_blocked, id=4372, stack(0x0000007d27300000,0x0000007d27400000)]
  0x000001ad20974d30 JavaThread "Sweeper thread" daemon [_thread_blocked, id=10428, stack(0x0000007d27400000,0x0000007d27500000)]
  0x000001ad20a30a00 JavaThread "Common-Cleaner" daemon [_thread_blocked, id=5568, stack(0x0000007d27500000,0x0000007d27600000)]
  0x000001ad25286710 JavaThread "Monitor Ctrl-Break" daemon [_thread_in_native, id=11736, stack(0x0000007d27700000,0x0000007d27800000)]
  0x000001ad253c6fb0 JavaThread "Notification Thread" daemon [_thread_blocked, id=7572, stack(0x0000007d27800000,0x0000007d27900000)]
  0x000001ad253ab4e0 JavaThread "Java2D Disposer" daemon [_thread_blocked, id=8680, stack(0x0000007d27c00000,0x0000007d27d00000)]
  0x000001ad25812010 JavaThread "AWT-Shutdown" [_thread_blocked, id=8712, stack(0x0000007d27d00000,0x0000007d27e00000)]
=>0x000001ad25817e60 JavaThread "AWT-EventQueue-0" [_thread_in_native, id=15524, stack(0x0000007d27f00000,0x0000007d28000000)]
  0x000001ad25b0fcb0 JavaThread "Reference Cleaner" daemon [_thread_blocked, id=4720, stack(0x0000007d28000000,0x0000007d28100000)]
  0x000001ad25adbf20 JavaThread "DefaultDispatcher-worker-2" daemon [_thread_blocked, id=1336, stack(0x0000007d28200000,0x0000007d28300000)]
  0x000001ad25ac7cb0 JavaThread "DefaultDispatcher-worker-3" daemon [_thread_blocked, id=8860, stack(0x0000007d28300000,0x0000007d28400000)]
  0x000001ad25ac64a0 JavaThread "kotlinx.coroutines.DefaultExecutor" daemon [_thread_blocked, id=8516, stack(0x0000007d28400000,0x0000007d28500000)]
  0x000001ad25ac6970 JavaThread "TimerQueue" daemon [_thread_blocked, id=9292, stack(0x0000007d28900000,0x0000007d28a00000)]
  0x000001ad301247c0 JavaThread "RealmFinalizingDaemon" daemon [_thread_blocked, id=8568, stack(0x0000007d28c00000,0x0000007d28d00000)]
  0x000001ad30121c70 JavaThread "core-notifier" daemon [_thread_in_native, id=11048, stack(0x0000007d28e00000,0x0000007d28f00000)]
  0x000001ad30120930 JavaThread "DefaultDispatcher-worker-4" daemon [_thread_blocked, id=13744, stack(0x0000007d29100000,0x0000007d29200000)]
  0x000001ad30122140 JavaThread "DefaultDispatcher-worker-1" daemon [_thread_blocked, id=7972, stack(0x0000007d29200000,0x0000007d29300000)]
  0x000001ad301217a0 JavaThread "SIGINT handler" daemon [_thread_blocked, id=6428, stack(0x0000007d26200000,0x0000007d26300000)]

Other Threads:
  0x000001ad2078d580 VMThread "VM Thread" [stack: 0x0000007d26b00000,0x0000007d26c00000] [id=14416]
  0x000001ad253d93e0 WatcherThread [stack: 0x0000007d27900000,0x0000007d27a00000] [id=2608]
  0x000001ad02454f60 GCTaskThread "GC Thread#0" [stack: 0x0000007d26600000,0x0000007d26700000] [id=13088]
  0x000001ad2538c660 GCTaskThread "GC Thread#1" [stack: 0x0000007d27600000,0x0000007d27700000] [id=4836]
  0x000001ad2538c910 GCTaskThread "GC Thread#2" [stack: 0x0000007d27a00000,0x0000007d27b00000] [id=1700]
  0x000001ad2538cbc0 GCTaskThread "GC Thread#3" [stack: 0x0000007d27b00000,0x0000007d27c00000] [id=6768]
  0x000001ad02465c30 ConcurrentGCThread "G1 Main Marker" [stack: 0x0000007d26700000,0x0000007d26800000] [id=11248]
  0x000001ad02466640 ConcurrentGCThread "G1 Conc#0" [stack: 0x0000007d26800000,0x0000007d26900000] [id=3700]
  0x000001ad0249de00 ConcurrentGCThread "G1 Refine#0" [stack: 0x0000007d26900000,0x0000007d26a00000] [id=13008]
  0x000001ad0249e820 ConcurrentGCThread "G1 Service" [stack: 0x0000007d26a00000,0x0000007d26b00000] [id=8108]

Threads with active compile tasks:

VM state: not at safepoint (normal execution)

VM Mutex/Monitor currently owned by a thread: None

Heap address: 0x0000000702600000, size: 4058 MB, Compressed Oops mode: Zero based, Oop shift amount: 3

CDS archive(s) not mapped
Compressed class space mapped at: 0x0000000800000000-0x0000000840000000, reserved size: 1073741824
Narrow klass base: 0x0000000800000000, Narrow klass shift: 0, Narrow klass range: 0x40000000

GC Precious Log:
 CPUs: 4 total, 4 available
 Memory: 16224M
 Large Page Support: Disabled
 NUMA Support: Disabled
 Compressed Oops: Enabled (Zero based)
 Heap Region Size: 2M
 Heap Min Capacity: 8M
 Heap Initial Capacity: 254M
 Heap Max Capacity: 4058M
 Pre-touch: Disabled
 Parallel Workers: 4
 Concurrent Workers: 1
 Concurrent Refinement Workers: 4
 Periodic GC: Disabled

Heap:
 garbage-first heap   total 55296K, used 33696K [0x0000000702600000, 0x0000000800000000)
  region size 2048K, 11 young (22528K), 1 survivors (2048K)
 Metaspace       used 42919K, committed 43200K, reserved 1114112K
  class space    used 4652K, committed 4800K, reserved 1048576K

Heap Regions: E=young(eden), S=young(survivor), O=old, HS=humongous(starts), HC=humongous(continues), CS=collection set, F=free, OA=open archive, CA=closed archive, TAMS=top-at-mark-start (previous, next)
|   0|0x0000000702600000, 0x0000000702800000, 0x0000000702800000|100%|HS|  |TAMS 0x0000000702800000, 0x0000000702600000| Untracked 
|   1|0x0000000702800000, 0x0000000702a00000, 0x0000000702a00000|100%| O|  |TAMS 0x0000000702a00000, 0x0000000702800000| Untracked 
|   2|0x0000000702a00000, 0x0000000702c00000, 0x0000000702c00000|100%| O|  |TAMS 0x0000000702c00000, 0x0000000702a00000| Untracked 
|   3|0x0000000702c00000, 0x0000000702dfb000, 0x0000000702e00000| 99%| O|  |TAMS 0x0000000702dfb000, 0x0000000702c00000| Untracked 
|   4|0x0000000702e00000, 0x0000000702fffff8, 0x0000000703000000| 99%| O|  |TAMS 0x0000000702fffff8, 0x0000000702e00000| Untracked 
|   5|0x0000000703000000, 0x0000000703200000, 0x0000000703200000|100%| O|  |TAMS 0x0000000703200000, 0x0000000703000000| Untracked 
|   6|0x0000000703200000, 0x00000007033d8158, 0x0000000703400000| 92%| O|  |TAMS 0x0000000703200000, 0x0000000703200000| Untracked 
|   7|0x0000000703400000, 0x0000000703508920, 0x0000000703600000| 51%| O|  |TAMS 0x0000000703400000, 0x0000000703400000| Untracked 
|   8|0x0000000703600000, 0x0000000703600000, 0x0000000703800000|  0%| F|  |TAMS 0x0000000703600000, 0x0000000703600000| Untracked 
|   9|0x0000000703800000, 0x0000000703800000, 0x0000000703a00000|  0%| F|  |TAMS 0x0000000703800000, 0x0000000703800000| Untracked 
|  10|0x0000000703a00000, 0x0000000703a00000, 0x0000000703c00000|  0%| F|  |TAMS 0x0000000703a00000, 0x0000000703a00000| Untracked 
|  11|0x0000000703c00000, 0x0000000703c0c600, 0x0000000703e00000|  2%| S|CS|TAMS 0x0000000703c00000, 0x0000000703c00000| Complete 
|  12|0x0000000703e00000, 0x0000000703e00000, 0x0000000704000000|  0%| F|  |TAMS 0x0000000703e00000, 0x0000000703e00000| Untracked 
|  13|0x0000000704000000, 0x0000000704000000, 0x0000000704200000|  0%| F|  |TAMS 0x0000000704000000, 0x0000000704000000| Untracked 
|  14|0x0000000704200000, 0x0000000704200000, 0x0000000704400000|  0%| F|  |TAMS 0x0000000704200000, 0x0000000704200000| Untracked 
|  15|0x0000000704400000, 0x0000000704400000, 0x0000000704600000|  0%| F|  |TAMS 0x0000000704400000, 0x0000000704400000| Untracked 
|  16|0x0000000704600000, 0x0000000704600000, 0x0000000704800000|  0%| F|  |TAMS 0x0000000704600000, 0x0000000704600000| Untracked 
|  17|0x0000000704800000, 0x000000070485aba8, 0x0000000704a00000| 17%| E|  |TAMS 0x0000000704800000, 0x0000000704800000| Complete 
|  18|0x0000000704a00000, 0x0000000704c00000, 0x0000000704c00000|100%| E|CS|TAMS 0x0000000704a00000, 0x0000000704a00000| Complete 
|  19|0x0000000704c00000, 0x0000000704e00000, 0x0000000704e00000|100%| E|CS|TAMS 0x0000000704c00000, 0x0000000704c00000| Complete 
|  20|0x0000000704e00000, 0x0000000705000000, 0x0000000705000000|100%| E|CS|TAMS 0x0000000704e00000, 0x0000000704e00000| Complete 
|  21|0x0000000705000000, 0x0000000705200000, 0x0000000705200000|100%| E|CS|TAMS 0x0000000705000000, 0x0000000705000000| Complete 
|  22|0x0000000705200000, 0x0000000705400000, 0x0000000705400000|100%| E|CS|TAMS 0x0000000705200000, 0x0000000705200000| Complete 
|  23|0x0000000705400000, 0x0000000705600000, 0x0000000705600000|100%| E|CS|TAMS 0x0000000705400000, 0x0000000705400000| Complete 
|  24|0x0000000705600000, 0x0000000705800000, 0x0000000705800000|100%| E|CS|TAMS 0x0000000705600000, 0x0000000705600000| Complete 
|  25|0x0000000705800000, 0x0000000705a00000, 0x0000000705a00000|100%| E|CS|TAMS 0x0000000705800000, 0x0000000705800000| Complete 
|  26|0x0000000705a00000, 0x0000000705c00000, 0x0000000705c00000|100%| E|CS|TAMS 0x0000000705a00000, 0x0000000705a00000| Complete 

Card table byte_map: [0x000001ad15390000,0x000001ad15b80000] _byte_map_base: 0x000001ad11b7d000

Marking Bits (Prev, Next): (CMBitMap*) 0x000001ad024555b0, (CMBitMap*) 0x000001ad02455570
 Prev Bits: [0x000001ad1a2e0000, 0x000001ad1e248000)
 Next Bits: [0x000001ad16370000, 0x000001ad1a2d8000)

Polling page: 0x000001ad002c0000

Metaspace:

Usage:
  Non-class:     37.37 MB used.
      Class:      4.54 MB used.
       Both:     41.91 MB used.

Virtual space:
  Non-class space:       64.00 MB reserved,      37.50 MB ( 59%) committed,  1 nodes.
      Class space:        1.00 GB reserved,       4.69 MB ( <1%) committed,  1 nodes.
             Both:        1.06 GB reserved,      42.19 MB (  4%) committed. 

Chunk freelists:
   Non-Class:  10.39 MB
       Class:  11.30 MB
        Both:  21.69 MB

MaxMetaspaceSize: unlimited
CompressedClassSpaceSize: 1.00 GB
Initial GC threshold: 21.00 MB
Current GC threshold: 70.12 MB
CDS: off
MetaspaceReclaimPolicy: balanced
 - commit_granule_bytes: 65536.
 - commit_granule_words: 8192.
 - virtual_space_node_default_size: 8388608.
 - enlarge_chunks_in_place: 1.
 - new_chunks_are_fully_committed: 0.
 - uncommit_free_chunks: 1.
 - use_allocation_guard: 0.
 - handle_deallocations: 1.


Internal statistics:

num_allocs_failed_limit: 6.
num_arena_births: 228.
num_arena_deaths: 0.
num_vsnodes_births: 2.
num_vsnodes_deaths: 0.
num_space_committed: 675.
num_space_uncommitted: 0.
num_chunks_returned_to_freelist: 6.
num_chunks_taken_from_freelist: 1118.
num_chunk_merges: 3.
num_chunk_splits: 964.
num_chunks_enlarged: 867.
num_inconsistent_stats: 0.

CodeHeap 'non-profiled nmethods': size=120000Kb used=3572Kb max_used=3572Kb free=116427Kb
 bounds [0x000001ad0d670000, 0x000001ad0d9f0000, 0x000001ad14ba0000]
CodeHeap 'profiled nmethods': size=120000Kb used=7050Kb max_used=9464Kb free=112949Kb
 bounds [0x000001ad05ba0000, 0x000001ad064e0000, 0x000001ad0d0d0000]
CodeHeap 'non-nmethods': size=5760Kb used=1843Kb max_used=1939Kb free=3917Kb
 bounds [0x000001ad0d0d0000, 0x000001ad0d340000, 0x000001ad0d670000]
 total_blobs=5681 nmethods=4363 adapters=1230
 compilation: enabled
              stopped_count=0, restarted_count=0
 full_count=0

Compilation events (20 events):
Event: 128.552 Thread 0x000001ad20954900 5116       4       kotlin.coroutines.EmptyCoroutineContext::fold (8 bytes)
Event: 128.553 Thread 0x000001ad20954900 nmethod 5116 0x000001ad0d9e9710 code [0x000001ad0d9e9880, 0x000001ad0d9e9918]
Event: 128.562 Thread 0x000001ad20954900 5117       4       kotlinx.coroutines.BuildersKt__Builders_commonKt::launch (57 bytes)
Event: 128.593 Thread 0x000001ad20954900 nmethod 5117 0x000001ad0d9e9a10 code [0x000001ad0d9e9ca0, 0x000001ad0d9eab30]
Event: 128.593 Thread 0x000001ad20954900 5118       4       kotlinx.coroutines.BuildersKt::launch$default (12 bytes)
Event: 128.594 Thread 0x000001ad20954900 nmethod 5118 0x000001ad0d9eb990 code [0x000001ad0d9ebb20, 0x000001ad0d9ebbe8]
Event: 130.311 Thread 0x000001ad2096b020 5119       3       java.awt.EventDispatchThread::pumpEventsForFilter (47 bytes)
Event: 130.311 Thread 0x000001ad2096b020 nmethod 5119 0x000001ad05c5c390 code [0x000001ad05c5c560, 0x000001ad05c5c9a8]
Event: 134.757 Thread 0x000001ad20954900 5120   !   4       androidx.compose.ui.platform.FlushCoroutineDispatcher::dispatch (83 bytes)
Event: 134.770 Thread 0x000001ad20954900 nmethod 5120 0x000001ad0d9ebd10 code [0x000001ad0d9ebec0, 0x000001ad0d9ec318]
Event: 134.773 Thread 0x000001ad20954900 5121       4       androidx.compose.ui.platform.FlushCoroutineDispatcher$dispatch$2::create (20 bytes)
Event: 134.783 Thread 0x000001ad20954900 nmethod 5121 0x000001ad0d9ec610 code [0x000001ad0d9ec7a0, 0x000001ad0d9ecab8]
Event: 138.094 Thread 0x000001ad20954900 5122       4       java.util.concurrent.locks.AbstractQueuedSynchronizer$Node::getAndUnsetStatus (14 bytes)
Event: 138.094 Thread 0x000001ad20954900 nmethod 5122 0x000001ad0d9ecc10 code [0x000001ad0d9ecd80, 0x000001ad0d9ece38]
Event: 149.446 Thread 0x000001ad20954900 5123       4       java.util.concurrent.atomic.AtomicLong::getAndIncrement (12 bytes)
Event: 149.446 Thread 0x000001ad20954900 nmethod 5123 0x000001ad0d9ecf10 code [0x000001ad0d9ed080, 0x000001ad0d9ed0f8]
Event: 182.459 Thread 0x000001ad2096b020 5124       3       java.util.IdentityHashMap$IdentityHashMapIterator::nextIndex (72 bytes)
Event: 182.460 Thread 0x000001ad2096b020 nmethod 5124 0x000001ad05c0ee10 code [0x000001ad05c0efe0, 0x000001ad05c0f428]
Event: 182.465 Thread 0x000001ad2096b020 5125       3       java.lang.StringBuilder::toString (35 bytes)
Event: 182.466 Thread 0x000001ad2096b020 nmethod 5125 0x000001ad05c04290 code [0x000001ad05c04460, 0x000001ad05c04738]

GC Heap History (20 events):
Event: 60.137 GC heap before
{Heap before GC invocations=20 (full 1):
 garbage-first heap   total 55296K, used 39773K [0x0000000702600000, 0x0000000800000000)
  region size 2048K, 13 young (26624K), 1 survivors (2048K)
 Metaspace       used 42876K, committed 43200K, reserved 1114112K
  class space    used 4648K, committed 4800K, reserved 1048576K
}
Event: 60.139 GC heap after
{Heap after GC invocations=21 (full 1):
 garbage-first heap   total 55296K, used 15227K [0x0000000702600000, 0x0000000800000000)
  region size 2048K, 1 young (2048K), 1 survivors (2048K)
 Metaspace       used 42876K, committed 43200K, reserved 1114112K
  class space    used 4648K, committed 4800K, reserved 1048576K
}
Event: 62.723 GC heap before
{Heap before GC invocations=21 (full 1):
 garbage-first heap   total 55296K, used 19323K [0x0000000702600000, 0x0000000800000000)
  region size 2048K, 4 young (8192K), 1 survivors (2048K)
 Metaspace       used 42876K, committed 43200K, reserved 1114112K
  class space    used 4648K, committed 4800K, reserved 1048576K
}
Event: 62.753 GC heap after
{Heap after GC invocations=22 (full 2):
 garbage-first heap   total 55296K, used 15109K [0x0000000702600000, 0x0000000800000000)
  region size 2048K, 0 young (0K), 0 survivors (0K)
 Metaspace       used 42876K, committed 43200K, reserved 1114112K
  class space    used 4648K, committed 4800K, reserved 1048576K
}
Event: 77.256 GC heap before
{Heap before GC invocations=22 (full 2):
 garbage-first heap   total 55296K, used 41733K [0x0000000702600000, 0x0000000800000000)
  region size 2048K, 13 young (26624K), 0 survivors (0K)
 Metaspace       used 42885K, committed 43200K, reserved 1114112K
  class space    used 4648K, committed 4800K, reserved 1048576K
}
Event: 77.258 GC heap after
{Heap after GC invocations=23 (full 2):
 garbage-first heap   total 55296K, used 15168K [0x0000000702600000, 0x0000000800000000)
  region size 2048K, 1 young (2048K), 1 survivors (2048K)
 Metaspace       used 42885K, committed 43200K, reserved 1114112K
  class space    used 4648K, committed 4800K, reserved 1048576K
}
Event: 92.143 GC heap before
{Heap before GC invocations=23 (full 2):
 garbage-first heap   total 55296K, used 41792K [0x0000000702600000, 0x0000000800000000)
  region size 2048K, 14 young (28672K), 1 survivors (2048K)
 Metaspace       used 42889K, committed 43200K, reserved 1114112K
  class space    used 4648K, committed 4800K, reserved 1048576K
}
Event: 92.144 GC heap after
{Heap after GC invocations=24 (full 2):
 garbage-first heap   total 55296K, used 15191K [0x0000000702600000, 0x0000000800000000)
  region size 2048K, 1 young (2048K), 1 survivors (2048K)
 Metaspace       used 42889K, committed 43200K, reserved 1114112K
  class space    used 4648K, committed 4800K, reserved 1048576K
}
Event: 92.765 GC heap before
{Heap before GC invocations=24 (full 2):
 garbage-first heap   total 55296K, used 15191K [0x0000000702600000, 0x0000000800000000)
  region size 2048K, 2 young (4096K), 1 survivors (2048K)
 Metaspace       used 42889K, committed 43200K, reserved 1114112K
  class space    used 4648K, committed 4800K, reserved 1048576K
}
Event: 92.793 GC heap after
{Heap after GC invocations=25 (full 3):
 garbage-first heap   total 55296K, used 15110K [0x0000000702600000, 0x0000000800000000)
  region size 2048K, 0 young (0K), 0 survivors (0K)
 Metaspace       used 42889K, committed 43200K, reserved 1114112K
  class space    used 4648K, committed 4800K, reserved 1048576K
}
Event: 108.712 GC heap before
{Heap before GC invocations=25 (full 3):
 garbage-first heap   total 55296K, used 43782K [0x0000000702600000, 0x0000000800000000)
  region size 2048K, 14 young (28672K), 0 survivors (0K)
 Metaspace       used 42892K, committed 43200K, reserved 1114112K
  class space    used 4649K, committed 4800K, reserved 1048576K
}
Event: 108.713 GC heap after
{Heap after GC invocations=26 (full 3):
 garbage-first heap   total 55296K, used 15360K [0x0000000702600000, 0x0000000800000000)
  region size 2048K, 1 young (2048K), 1 survivors (2048K)
 Metaspace       used 42892K, committed 43200K, reserved 1114112K
  class space    used 4649K, committed 4800K, reserved 1048576K
}
Event: 122.807 GC heap before
{Heap before GC invocations=26 (full 3):
 garbage-first heap   total 55296K, used 39936K [0x0000000702600000, 0x0000000800000000)
  region size 2048K, 14 young (28672K), 1 survivors (2048K)
 Metaspace       used 42892K, committed 43200K, reserved 1114112K
  class space    used 4649K, committed 4800K, reserved 1048576K
}
Event: 122.827 GC heap after
{Heap after GC invocations=27 (full 4):
 garbage-first heap   total 55296K, used 15214K [0x0000000702600000, 0x0000000800000000)
  region size 2048K, 0 young (0K), 0 survivors (0K)
 Metaspace       used 42892K, committed 43200K, reserved 1114112K
  class space    used 4649K, committed 4800K, reserved 1048576K
}
Event: 139.226 GC heap before
{Heap before GC invocations=27 (full 4):
 garbage-first heap   total 55296K, used 43886K [0x0000000702600000, 0x0000000800000000)
  region size 2048K, 14 young (28672K), 0 survivors (0K)
 Metaspace       used 42895K, committed 43200K, reserved 1114112K
  class space    used 4649K, committed 4800K, reserved 1048576K
}
Event: 139.226 GC heap after
{Heap after GC invocations=28 (full 4):
 garbage-first heap   total 55296K, used 15260K [0x0000000702600000, 0x0000000800000000)
  region size 2048K, 1 young (2048K), 1 survivors (2048K)
 Metaspace       used 42895K, committed 43200K, reserved 1114112K
  class space    used 4649K, committed 4800K, reserved 1048576K
}
Event: 152.836 GC heap before
{Heap before GC invocations=28 (full 4):
 garbage-first heap   total 55296K, used 37788K [0x0000000702600000, 0x0000000800000000)
  region size 2048K, 13 young (26624K), 1 survivors (2048K)
 Metaspace       used 42895K, committed 43200K, reserved 1114112K
  class space    used 4649K, committed 4800K, reserved 1048576K
}
Event: 152.859 GC heap after
{Heap after GC invocations=29 (full 5):
 garbage-first heap   total 55296K, used 15214K [0x0000000702600000, 0x0000000800000000)
  region size 2048K, 0 young (0K), 0 survivors (0K)
 Metaspace       used 42895K, committed 43200K, reserved 1114112K
  class space    used 4649K, committed 4800K, reserved 1048576K
}
Event: 171.893 GC heap before
{Heap before GC invocations=29 (full 5):
 garbage-first heap   total 55296K, used 45934K [0x0000000702600000, 0x0000000800000000)
  region size 2048K, 15 young (30720K), 0 survivors (0K)
 Metaspace       used 42895K, committed 43200K, reserved 1114112K
  class space    used 4649K, committed 4800K, reserved 1048576K
}
Event: 171.893 GC heap after
{Heap after GC invocations=30 (full 5):
 garbage-first heap   total 55296K, used 15264K [0x0000000702600000, 0x0000000800000000)
  region size 2048K, 1 young (2048K), 1 survivors (2048K)
 Metaspace       used 42895K, committed 43200K, reserved 1114112K
  class space    used 4649K, committed 4800K, reserved 1048576K
}

Dll operation events (3 events):
Event: 0.089 Loaded shared library C:\Users\HP\.jdks\jbr-17.0.7-1\bin\java.dll
Event: 0.143 Loaded shared library C:\Users\HP\.jdks\jbr-17.0.7-1\bin\jsvml.dll
Event: 0.776 Loaded shared library C:\Users\HP\.jdks\jbr-17.0.7-1\bin\zip.dll

Deoptimization events (20 events):
Event: 182.465 Thread 0x000001ad30123480 Uncommon trap: trap_request=0xffffffc6 fr.pc=0x000001ad0d9e7d7c relative=0x000000000000027c
Event: 182.465 Thread 0x000001ad30123480 Uncommon trap: reason=bimorphic_or_optimized_type_check action=maybe_recompile pc=0x000001ad0d9e7d7c method=kotlinx.coroutines.CoroutineContextKt.newCoroutineContext(Lkotlinx/coroutines/CoroutineScope;Lkotlin/coroutines/CoroutineContext;)Lkotlin/coroutine
Event: 182.465 Thread 0x000001ad30123480 DEOPT PACKING pc=0x000001ad0d9e7d7c sp=0x0000007d281feb90
Event: 182.465 Thread 0x000001ad30123480 DEOPT UNPACKING pc=0x000001ad0d1269a3 sp=0x0000007d281feb28 mode 2
Event: 182.465 Thread 0x000001ad30122fb0 Uncommon trap: trap_request=0xffffffde fr.pc=0x000001ad0d7af0e0 relative=0x0000000000000060
Event: 182.465 Thread 0x000001ad30122fb0 Uncommon trap: reason=class_check action=maybe_recompile pc=0x000001ad0d7af0e0 method=kotlinx.coroutines.AbstractCoroutine.afterResume(Ljava/lang/Object;)V @ 2 c2
Event: 182.465 Thread 0x000001ad30122fb0 DEOPT PACKING pc=0x000001ad0d7af0e0 sp=0x0000007d28ffeef0
Event: 182.465 Thread 0x000001ad30122fb0 DEOPT UNPACKING pc=0x000001ad0d1269a3 sp=0x0000007d28ffee78 mode 2
Event: 182.466 Thread 0x000001ad30123480 Uncommon trap: trap_request=0xffffffde fr.pc=0x000001ad0d7af0e0 relative=0x0000000000000060
Event: 182.466 Thread 0x000001ad30123480 Uncommon trap: reason=class_check action=maybe_recompile pc=0x000001ad0d7af0e0 method=kotlinx.coroutines.AbstractCoroutine.afterResume(Ljava/lang/Object;)V @ 2 c2
Event: 182.467 Thread 0x000001ad30123480 DEOPT PACKING pc=0x000001ad0d7af0e0 sp=0x0000007d281fee10
Event: 182.467 Thread 0x000001ad30123480 DEOPT UNPACKING pc=0x000001ad0d1269a3 sp=0x0000007d281fed98 mode 2
Event: 182.468 Thread 0x000001ad30122fb0 Uncommon trap: trap_request=0xffffff45 fr.pc=0x000001ad0d6d4a80 relative=0x00000000000000e0
Event: 182.468 Thread 0x000001ad30122fb0 Uncommon trap: reason=unstable_if action=reinterpret pc=0x000001ad0d6d4a80 method=java.util.concurrent.locks.AbstractQueuedSynchronizer$ConditionNode.isReleasable()Z @ 14 c2
Event: 182.468 Thread 0x000001ad30122fb0 DEOPT PACKING pc=0x000001ad0d6d4a80 sp=0x0000007d28ffede0
Event: 182.468 Thread 0x000001ad30122fb0 DEOPT UNPACKING pc=0x000001ad0d1269a3 sp=0x0000007d28ffec48 mode 2
Event: 182.468 Thread 0x000001ad301264a0 Uncommon trap: trap_request=0xffffff45 fr.pc=0x000001ad0d6d4a80 relative=0x00000000000000e0
Event: 182.468 Thread 0x000001ad301264a0 Uncommon trap: reason=unstable_if action=reinterpret pc=0x000001ad0d6d4a80 method=java.util.concurrent.locks.AbstractQueuedSynchronizer$ConditionNode.isReleasable()Z @ 14 c2
Event: 182.468 Thread 0x000001ad301264a0 DEOPT PACKING pc=0x000001ad0d6d4a80 sp=0x0000007d28bff030
Event: 182.468 Thread 0x000001ad301264a0 DEOPT UNPACKING pc=0x000001ad0d1269a3 sp=0x0000007d28bfee98 mode 2

Classes unloaded (0 events):
No events

Classes redefined (0 events):
No events

Internal exceptions (20 events):
Event: 3.050 Thread 0x000001ad25817e60 Exception <a 'java/lang/NoSuchMethodError'{0x0000000710b32320}: 'java.lang.Object java.lang.invoke.DirectMethodHandle$Holder.newInvokeSpecial(java.lang.Object, java.lang.Object, int, int, int, int)'> (0x0000000710b32320) 
thrown [s\src\hotspot\share\interpreter\linkResolver.cpp, line 771]
Event: 3.090 Thread 0x000001ad257af870 Exception <a 'java/lang/NoSuchMethodError'{0x0000000712008758}: 'void java.lang.invoke.DirectMethodHandle$Holder.invokeVirtual(java.lang.Object, java.lang.Object)'> (0x0000000712008758) 
thrown [s\src\hotspot\share\interpreter\linkResolver.cpp, line 771]
Event: 3.222 Thread 0x000001ad25817e60 Exception <a 'java/lang/NoSuchMethodError'{0x00000007121fe640}: 'java.lang.Object java.lang.invoke.DirectMethodHandle$Holder.invokeStaticInit(java.lang.Object, java.lang.Object, java.lang.Object, java.lang.Object, java.lang.Object, java.lang.Object, java.lang.Object)'> (0x00000007121fe640) 
thrown [s\src\hotspot\share\interpreter\linkResolver.cpp, line 771]
Event: 3.223 Thread 0x000001ad25817e60 Exception <a 'java/lang/NoSuchMethodError'{0x0000000704e083f0}: 'java.lang.Object java.lang.invoke.DirectMethodHandle$Holder.invokeSpecial(java.lang.Object, java.lang.Object, java.lang.Object, java.lang.Object, java.lang.Object, java.lang.Object, java.lang.Object, java.lang.Object, java.lang.Object, java.lang.Object)'> (0x0000000704e083f0) 
thrown [s\src\hotspot\share\interpreter\linkResolver.cpp, line 771]
Event: 3.224 Thread 0x000001ad25817e60 Exception <a 'java/lang/NoSuchMethodError'{0x0000000704e0cc80}: 'java.lang.Object java.lang.invoke.Invokers$Holder.invoke_MT(java.lang.Object, java.lang.Object, java.lang.Object, java.lang.Object, java.lang.Object, java.lang.Object, java.lang.Object, java.lang.Object, java.lang.Object, java.lang.Object)'> (0x0000000704e0cc80) 
thrown [s\src\hotspot\share\interpreter\linkResolver.cpp, line 771]
Event: 3.225 Thread 0x000001ad25817e60 Exception <a 'java/lang/NoSuchMethodError'{0x0000000704e133c8}: 'java.lang.Object java.lang.invoke.DirectMethodHandle$Holder.invokeStatic(java.lang.Object, java.lang.Object, int)'> (0x0000000704e133c8) 
thrown [s\src\hotspot\share\interpreter\linkResolver.cpp, line 771]
Event: 3.227 Thread 0x000001ad25817e60 Exception <a 'java/lang/NoSuchMethodError'{0x0000000704e25f30}: 'void java.lang.invoke.DelegatingMethodHandle$Holder.delegate(java.lang.Object, java.lang.Object, int, java.lang.Object)'> (0x0000000704e25f30) 
thrown [s\src\hotspot\share\interpreter\linkResolver.cpp, line 771]
Event: 3.227 Thread 0x000001ad25817e60 Exception <a 'java/lang/NoSuchMethodError'{0x0000000704e2a318}: 'int java.lang.invoke.DirectMethodHandle$Holder.invokeSpecial(java.lang.Object, java.lang.Object, java.lang.Object)'> (0x0000000704e2a318) 
thrown [s\src\hotspot\share\interpreter\linkResolver.cpp, line 771]
Event: 3.231 Thread 0x000001ad25817e60 Exception <a 'java/lang/NoSuchMethodError'{0x0000000704e4a960}: 'int java.lang.invoke.DirectMethodHandle$Holder.invokeVirtual(java.lang.Object, java.lang.Object, java.lang.Object)'> (0x0000000704e4a960) 
thrown [s\src\hotspot\share\interpreter\linkResolver.cpp, line 771]
Event: 3.231 Thread 0x000001ad25817e60 Exception <a 'java/lang/NoSuchMethodError'{0x0000000704e4e798}: 'int java.lang.invoke.DirectMethodHandle$Holder.invokeVirtual(java.lang.Object, java.lang.Object)'> (0x0000000704e4e798) 
thrown [s\src\hotspot\share\interpreter\linkResolver.cpp, line 771]
Event: 3.232 Thread 0x000001ad25817e60 Exception <a 'java/lang/NoSuchMethodError'{0x0000000704e52f90}: 'int java.lang.invoke.DirectMethodHandle$Holder.invokeStaticInit(java.lang.Object, java.lang.Object, java.lang.Object)'> (0x0000000704e52f90) 
thrown [s\src\hotspot\share\interpreter\linkResolver.cpp, line 771]
Event: 3.232 Thread 0x000001ad25817e60 Exception <a 'java/lang/NoSuchMethodError'{0x0000000704e56e18}: 'int java.lang.invoke.DirectMethodHandle$Holder.invokeStaticInit(java.lang.Object, int, int)'> (0x0000000704e56e18) 
thrown [s\src\hotspot\share\interpreter\linkResolver.cpp, line 771]
Event: 3.233 Thread 0x000001ad25817e60 Exception <a 'java/lang/NoSuchMethodError'{0x0000000704e5ec50}: 'int java.lang.invoke.DirectMethodHandle$Holder.invokeStaticInit(java.lang.Object, long, long)'> (0x0000000704e5ec50) 
thrown [s\src\hotspot\share\interpreter\linkResolver.cpp, line 771]
Event: 3.233 Thread 0x000001ad25817e60 Exception <a 'java/lang/NoSuchMethodError'{0x0000000704e65ff0}: 'int java.lang.invoke.DirectMethodHandle$Holder.invokeStaticInit(java.lang.Object, float, float)'> (0x0000000704e65ff0) 
thrown [s\src\hotspot\share\interpreter\linkResolver.cpp, line 771]
Event: 3.234 Thread 0x000001ad25817e60 Exception <a 'java/lang/NoSuchMethodError'{0x0000000704e6d398}: 'int java.lang.invoke.DirectMethodHandle$Holder.invokeStaticInit(java.lang.Object, double, double)'> (0x0000000704e6d398) 
thrown [s\src\hotspot\share\interpreter\linkResolver.cpp, line 771]
Event: 3.234 Thread 0x000001ad25817e60 Exception <a 'java/lang/NoSuchMethodError'{0x0000000704e71ef0}: 'int java.lang.invoke.DirectMethodHandle$Holder.invokeStatic(java.lang.Object, long)'> (0x0000000704e71ef0) 
thrown [s\src\hotspot\share\interpreter\linkResolver.cpp, line 771]
Event: 3.239 Thread 0x000001ad25817e60 Exception <a 'java/lang/NoSuchMethodError'{0x0000000704e96638}: 'int java.lang.invoke.Invokers$Holder.linkToTargetMethod(java.lang.Object, java.lang.Object)'> (0x0000000704e96638) 
thrown [s\src\hotspot\share\interpreter\linkResolver.cpp, line 771]
Event: 6.829 Thread 0x000001ad25817e60 Exception <a 'java/lang/NoSuchMethodError'{0x00000007123ac6f0}: 'java.lang.Object java.lang.invoke.DirectMethodHandle$Holder.newInvokeSpecial(java.lang.Object, int, java.lang.Object)'> (0x00000007123ac6f0) 
thrown [s\src\hotspot\share\interpreter\linkResolver.cpp, line 771]
Event: 8.060 Thread 0x000001ad25817e60 Exception <a 'java/lang/NoSuchMethodError'{0x0000000712090e30}: 'void java.lang.invoke.DirectMethodHandle$Holder.invokeInterface(java.lang.Object, java.lang.Object)'> (0x0000000712090e30) 
thrown [s\src\hotspot\share\interpreter\linkResolver.cpp, line 771]
Event: 70.917 Thread 0x000001ad25ac6970 Implicit null exception at 0x000001ad0d6d5c65 to 0x000001ad0d6d6132

VM Operations (20 events):
Event: 100.842 Executing VM operation: Cleanup
Event: 100.842 Executing VM operation: Cleanup done
Event: 106.867 Executing VM operation: Cleanup
Event: 106.867 Executing VM operation: Cleanup done
Event: 108.711 Executing VM operation: G1CollectForAllocation
Event: 108.714 Executing VM operation: G1CollectForAllocation done
Event: 117.780 Executing VM operation: Cleanup
Event: 117.780 Executing VM operation: Cleanup done
Event: 122.807 Executing VM operation: G1CollectFull
Event: 122.827 Executing VM operation: G1CollectFull done
Event: 123.834 Executing VM operation: Cleanup
Event: 123.834 Executing VM operation: Cleanup done
Event: 128.864 Executing VM operation: Cleanup
Event: 128.864 Executing VM operation: Cleanup done
Event: 139.226 Executing VM operation: G1CollectForAllocation
Event: 139.227 Executing VM operation: G1CollectForAllocation done
Event: 152.836 Executing VM operation: G1CollectFull
Event: 152.860 Executing VM operation: G1CollectFull done
Event: 171.892 Executing VM operation: G1CollectForAllocation
Event: 171.893 Executing VM operation: G1CollectForAllocation done

Events (20 events):
Event: 29.487 Thread 0x000001ad20974d30 flushing nmethod 0x000001ad06437d10
Event: 29.487 Thread 0x000001ad20974d30 flushing nmethod 0x000001ad06439390
Event: 29.487 Thread 0x000001ad20974d30 flushing nmethod 0x000001ad06441e10
Event: 29.487 Thread 0x000001ad20974d30 flushing nmethod 0x000001ad06489d90
Event: 29.487 Thread 0x000001ad20974d30 flushing nmethod 0x000001ad0649da90
Event: 29.487 Thread 0x000001ad20974d30 flushing nmethod 0x000001ad064af710
Event: 29.487 Thread 0x000001ad20974d30 flushing nmethod 0x000001ad064b0d90
Event: 67.174 Thread 0x000001ad25b91fc0 Thread exited: 0x000001ad25b91fc0
Event: 67.174 Thread 0x000001ad30126970 Thread exited: 0x000001ad30126970
Event: 182.458 loading class jdk/internal/misc/Signal$1
Event: 182.458 loading class jdk/internal/misc/Signal$1 done
Event: 182.459 Thread 0x000001ad301217a0 Thread added: 0x000001ad301217a0
Event: 182.459 Thread 0x000001ad30122610 Thread added: 0x000001ad30122610
Event: 182.459 Thread 0x000001ad30122ae0 Thread added: 0x000001ad30122ae0
Event: 182.459 Thread 0x000001ad30123480 Thread added: 0x000001ad30123480
Event: 182.460 Thread 0x000001ad30122610 Thread exited: 0x000001ad30122610
Event: 182.467 Thread 0x000001ad30123480 Thread exited: 0x000001ad30123480
Event: 182.468 Thread 0x000001ad301264a0 Thread exited: 0x000001ad301264a0
Event: 182.468 Thread 0x000001ad30122fb0 Thread exited: 0x000001ad30122fb0
Event: 182.470 Thread 0x000001ad257af870 Thread exited: 0x000001ad257af870


Dynamic libraries:
0x00007ff762bd0000 - 0x00007ff762bda000 	C:\Users\HP\.jdks\jbr-17.0.7-1\bin\java.exe
0x00007ffb07c30000 - 0x00007ffb07e28000 	C:\Windows\SYSTEM32\ntdll.dll
0x00007ffb07050000 - 0x00007ffb0710f000 	C:\Windows\System32\KERNEL32.DLL
0x00007ffb056e0000 - 0x00007ffb059d6000 	C:\Windows\System32\KERNELBASE.dll
0x00007ffb055e0000 - 0x00007ffb056e0000 	C:\Windows\System32\ucrtbase.dll
0x00007ffadbca0000 - 0x00007ffadbcbb000 	C:\Users\HP\.jdks\jbr-17.0.7-1\bin\VCRUNTIME140.dll
0x00007ffad9850000 - 0x00007ffad9867000 	C:\Users\HP\.jdks\jbr-17.0.7-1\bin\jli.dll
0x00007ffaee100000 - 0x00007ffaee39a000 	C:\Windows\WinSxS\amd64_microsoft.windows.common-controls_6595b64144ccf1df_6.0.19041.1110_none_60b5254171f9507e\COMCTL32.dll
0x00007ffb075e0000 - 0x00007ffb0777d000 	C:\Windows\System32\USER32.dll
0x00007ffb073c0000 - 0x00007ffb0745e000 	C:\Windows\System32\msvcrt.dll
0x00007ffb05c90000 - 0x00007ffb05cbc000 	C:\Windows\System32\GDI32.dll
0x00007ffb059e0000 - 0x00007ffb05a02000 	C:\Windows\System32\win32u.dll
0x00007ffb05b70000 - 0x00007ffb05c85000 	C:\Windows\System32\gdi32full.dll
0x00007ffb05540000 - 0x00007ffb055dd000 	C:\Windows\System32\msvcp_win.dll
0x00007ffb06900000 - 0x00007ffb06930000 	C:\Windows\System32\IMM32.DLL
0x00007ffafd350000 - 0x00007ffafd35c000 	C:\Users\HP\.jdks\jbr-17.0.7-1\bin\vcruntime140_1.dll
0x00007ffad13e0000 - 0x00007ffad146d000 	C:\Users\HP\.jdks\jbr-17.0.7-1\bin\msvcp140.dll
0x00007ffad0760000 - 0x00007ffad13e0000 	C:\Users\HP\.jdks\jbr-17.0.7-1\bin\server\jvm.dll
0x00007ffb05df0000 - 0x00007ffb05e9f000 	C:\Windows\System32\ADVAPI32.dll
0x00007ffb07110000 - 0x00007ffb071ac000 	C:\Windows\System32\sechost.dll
0x00007ffb06080000 - 0x00007ffb061a6000 	C:\Windows\System32\RPCRT4.dll
0x00007ffaeee70000 - 0x00007ffaeee79000 	C:\Windows\SYSTEM32\WSOCK32.dll
0x00007ffb069c0000 - 0x00007ffb06a2b000 	C:\Windows\System32\WS2_32.dll
0x00007ffaec5c0000 - 0x00007ffaec5e7000 	C:\Windows\SYSTEM32\WINMM.dll
0x00007ffafadf0000 - 0x00007ffafadfa000 	C:\Windows\SYSTEM32\VERSION.dll
0x00007ffb03b00000 - 0x00007ffb03b12000 	C:\Windows\SYSTEM32\kernel.appcore.dll
0x00007ffafd260000 - 0x00007ffafd26a000 	C:\Users\HP\.jdks\jbr-17.0.7-1\bin\jimage.dll
0x00007ffb00020000 - 0x00007ffb00204000 	C:\Windows\SYSTEM32\DBGHELP.DLL
0x00007ffaeec60000 - 0x00007ffaeec94000 	C:\Windows\SYSTEM32\dbgcore.DLL
0x00007ffb054b0000 - 0x00007ffb05532000 	C:\Windows\System32\bcryptPrimitives.dll
0x00007ffad98f0000 - 0x00007ffad98fe000 	C:\Users\HP\.jdks\jbr-17.0.7-1\bin\instrument.dll
0x00007ffad9820000 - 0x00007ffad9845000 	C:\Users\HP\.jdks\jbr-17.0.7-1\bin\java.dll
0x00007ffad72e0000 - 0x00007ffad72f8000 	C:\Users\HP\.jdks\jbr-17.0.7-1\bin\zip.dll
0x00007ffad0680000 - 0x00007ffad0757000 	C:\Users\HP\.jdks\jbr-17.0.7-1\bin\jsvml.dll
0x00007ffb061b0000 - 0x00007ffb068f4000 	C:\Windows\System32\SHELL32.dll
0x00007ffb00210000 - 0x00007ffb009a4000 	C:\Windows\SYSTEM32\windows.storage.dll
0x00007ffb06b80000 - 0x00007ffb06ed4000 	C:\Windows\System32\combase.dll
0x00007ffb04b90000 - 0x00007ffb04bbe000 	C:\Windows\SYSTEM32\Wldp.dll
0x00007ffb06ef0000 - 0x00007ffb06f9d000 	C:\Windows\System32\SHCORE.dll
0x00007ffb07580000 - 0x00007ffb075d5000 	C:\Windows\System32\shlwapi.dll
0x00007ffb05240000 - 0x00007ffb05265000 	C:\Windows\SYSTEM32\profapi.dll
0x00007ffad6a10000 - 0x00007ffad6a29000 	C:\Users\HP\.jdks\jbr-17.0.7-1\bin\net.dll
0x00007ffaf65e0000 - 0x00007ffaf66ea000 	C:\Windows\SYSTEM32\WINHTTP.dll
0x00007ffb04970000 - 0x00007ffb049da000 	C:\Windows\system32\mswsock.dll
0x00007ffad0660000 - 0x00007ffad0676000 	C:\Users\HP\.jdks\jbr-17.0.7-1\bin\nio.dll
0x00007ffad04f0000 - 0x00007ffad050a000 	C:\Program Files\JetBrains\IntelliJ IDEA Community Edition 2021.3.2\bin\breakgen64.dll
0x00007ffa9a330000 - 0x00007ffa9a4c8000 	C:\Users\HP\.jdks\jbr-17.0.7-1\bin\awt.dll
0x00007ffb05d20000 - 0x00007ffb05ded000 	C:\Windows\System32\OLEAUT32.dll
0x00007ffaff9b0000 - 0x00007ffaff9df000 	C:\Windows\SYSTEM32\dwmapi.dll
0x00007ffaa48e0000 - 0x00007ffaa4924000 	C:\Users\HP\.jdks\jbr-17.0.7-1\bin\nvdaControllerClient64.dll
0x00007ffafefa0000 - 0x00007ffaff031000 	C:\Windows\SYSTEM32\apphelp.dll
0x00007ffaff300000 - 0x00007ffaff39e000 	C:\Windows\system32\uxtheme.dll
0x00007ffb07460000 - 0x00007ffb07574000 	C:\Windows\System32\MSCTF.dll
0x00007ffb071b0000 - 0x00007ffb072da000 	C:\Windows\System32\ole32.dll
0x00007ffadd9f0000 - 0x00007ffaddb15000 	C:\Windows\system32\opengl32.dll
0x00007ffade740000 - 0x00007ffade76c000 	C:\Windows\SYSTEM32\GLU32.dll
0x00007ffb04bd0000 - 0x00007ffb04be8000 	C:\Windows\SYSTEM32\CRYPTSP.dll
0x00007ffb042b0000 - 0x00007ffb042e4000 	C:\Windows\system32\rsaenh.dll
0x00007ffb05310000 - 0x00007ffb05337000 	C:\Windows\System32\bcrypt.dll
0x00007ffb051c0000 - 0x00007ffb051ee000 	C:\Windows\SYSTEM32\USERENV.dll
0x00007ffb04b00000 - 0x00007ffb04b0c000 	C:\Windows\SYSTEM32\CRYPTBASE.dll
0x00007ffb04680000 - 0x00007ffb046bc000 	C:\Windows\SYSTEM32\IPHLPAPI.DLL
0x00007ffb05ea0000 - 0x00007ffb05ea8000 	C:\Windows\System32\NSI.dll
0x00007ffaf8ab0000 - 0x00007ffaf8ac7000 	C:\Windows\SYSTEM32\dhcpcsvc6.DLL
0x00007ffaf83c0000 - 0x00007ffaf83dd000 	C:\Windows\SYSTEM32\dhcpcsvc.DLL
0x00007ffb046c0000 - 0x00007ffb0478a000 	C:\Windows\SYSTEM32\DNSAPI.dll
0x00007ffa79570000 - 0x00007ffa7a57f000 	C:\Users\HP\.skiko\58752788008ddd92aea4562f2a41915f7f74e689ca70e0fbada57f009a92b9cf\skiko-windows-x64.dll
0x00007ffaedc90000 - 0x00007ffaede35000 	C:\Windows\WinSxS\amd64_microsoft.windows.gdiplus_6595b64144ccf1df_1.1.19041.2251_none_91a40448cc8846c1\gdiplus.dll
0x00007ffa9c1c0000 - 0x00007ffa9c246000 	C:\Users\HP\.jdks\jbr-17.0.7-1\bin\freetype.dll
0x00007ffa9a260000 - 0x00007ffa9a329000 	C:\Users\HP\.jdks\jbr-17.0.7-1\bin\fontmanager.dll
0x00007ffad3290000 - 0x00007ffad3297000 	C:\Users\HP\.jdks\jbr-17.0.7-1\bin\jawt.dll
0x00007ffb03b70000 - 0x00007ffb03c63000 	C:\Windows\SYSTEM32\Dxgi.dll
0x00007ffad0300000 - 0x00007ffad0320000 	C:\Windows\SYSTEM32\D3D12.dll
0x00007ffa9a090000 - 0x00007ffa9a25d000 	C:\Windows\SYSTEM32\D3D12Core.dll
0x00007ffaf84e0000 - 0x00007ffaf851b000 	C:\Windows\SYSTEM32\dxcore.dll
0x00007ffb05460000 - 0x00007ffb054ae000 	C:\Windows\System32\cfgmgr32.dll
0x00007ffaf3540000 - 0x00007ffaf6159000 	C:\Windows\System32\DriverStore\FileRepository\igdlh64.inf_amd64_e6daaea9afe1e6f6\igc64.dll
0x00007ffa78090000 - 0x00007ffa79563000 	C:\Windows\System32\DriverStore\FileRepository\igdlh64.inf_amd64_e6daaea9afe1e6f6\igd12umd64.dll
0x00007ffaf6780000 - 0x00007ffaf69d7000 	C:\Windows\System32\DriverStore\FileRepository\igdlh64.inf_amd64_e6daaea9afe1e6f6\igdgmm64.dll
0x00007ffa99c80000 - 0x00007ffa9a08b000 	C:\Windows\System32\DriverStore\FileRepository\igdlh64.inf_amd64_e6daaea9afe1e6f6\igdml64.dll
0x00007ffaa48b0000 - 0x00007ffaa48db000 	C:\Windows\SYSTEM32\D3DSCache.dll
0x00007ffa73880000 - 0x00007ffa78082000 	C:\Windows\System32\DriverStore\FileRepository\igdlh64.inf_amd64_e6daaea9afe1e6f6\igd12dxva64.dll
0x00007ffb07780000 - 0x00007ffb07bee000 	C:\Windows\System32\SETUPAPI.dll
0x00007ffa8cd00000 - 0x00007ffa8cd27000 	C:\Windows\System32\DriverStore\FileRepository\igdlh64.inf_amd64_e6daaea9afe1e6f6\igdinfo64.dll
0x00007ffafbb60000 - 0x00007ffafbd67000 	C:\Windows\SYSTEM32\twinapi.appcore.dll
0x00007ffb06fa0000 - 0x00007ffb07049000 	C:\Windows\System32\clbcatq.dll
0x00007ffa728a0000 - 0x00007ffa73872000 	C:\Windows\System32\DriverStore\FileRepository\igdlh64.inf_amd64_e6daaea9afe1e6f6\ig9icd64.dll
0x00007ffb05170000 - 0x00007ffb051bb000 	C:\Windows\SYSTEM32\powrprof.dll
0x00007ffb05150000 - 0x00007ffb05162000 	C:\Windows\SYSTEM32\UMPDC.dll
0x00007ffadace0000 - 0x00007ffadaf5f000 	C:\Windows\SYSTEM32\dwrite.dll
0x00007ffae0b50000 - 0x00007ffae0c49000 	C:\Windows\SYSTEM32\textinputframework.dll
0x00007ffafe8c0000 - 0x00007ffafec1e000 	C:\Windows\System32\CoreUIComponents.dll
0x00007ffafec20000 - 0x00007ffafed12000 	C:\Windows\System32\CoreMessaging.dll
0x00007ffb043d0000 - 0x00007ffb04403000 	C:\Windows\SYSTEM32\ntmarta.dll
0x00007ffafe1c0000 - 0x00007ffafe314000 	C:\Windows\SYSTEM32\wintypes.dll
0x00007ffa88630000 - 0x00007ffa88ee2000 	C:\Users\HP\AppData\Local\io-realm-kotlin\f7113120ba00ba1ff91d696eecd3919e85a4e34e\realmc.dll
0x00007ffb05a10000 - 0x00007ffb05b6e000 	C:\Windows\System32\CRYPT32.dll

dbghelp: loaded successfully - version: 4.0.5 - missing functions: none
symbol engine: initialized successfully - sym options: 0x614 - pdb path: .;C:\Users\HP\.jdks\jbr-17.0.7-1\bin;C:\Windows\SYSTEM32;C:\Windows\WinSxS\amd64_microsoft.windows.common-controls_6595b64144ccf1df_6.0.19041.1110_none_60b5254171f9507e;C:\Users\HP\.jdks\jbr-17.0.7-1\bin\server;C:\Program Files\JetBrains\IntelliJ IDEA Community Edition 2021.3.2\bin;C:\Users\HP\.skiko\58752788008ddd92aea4562f2a41915f7f74e689ca70e0fbada57f009a92b9cf;C:\Windows\WinSxS\amd64_microsoft.windows.gdiplus_6595b64144ccf1df_1.1.19041.2251_none_91a40448cc8846c1;C:\Windows\System32\DriverStore\FileRepository\igdlh64.inf_amd64_e6daaea9afe1e6f6;C:\Users\HP\AppData\Local\io-realm-kotlin\f7113120ba00ba1ff91d696eecd3919e85a4e34e

VM Arguments:
jvm_args: -Djava.library.path=C:\Users\HP\Desktop\newderar\build\classes\kotlin\jvm\main;C:\Users\HP\Desktop\newderar\build\processedResources\jvm\main -javaagent:C:\Program Files\JetBrains\IntelliJ IDEA Community Edition 2021.3.2\lib\idea_rt.jar=52857:C:\Program Files\JetBrains\IntelliJ IDEA Community Edition 2021.3.2\bin -Dfile.encoding=UTF-8 
java_command: MainKt
java_class_path (initial): C:\Users\HP\Desktop\newderar\build\classes\kotlin\jvm\main;C:\Users\HP\Desktop\newderar\build\processedResources\jvm\main;C:\Users\HP\.gradle\caches\modules-2\files-2.1\io.insert-koin\koin-androidx-compose\3.4.5\ae0a88b7a68d507e651c5a3d70a541594bea54cb\koin-androidx-compose-3.4.5.aar;C:\Users\HP\.gradle\caches\modules-2\files-2.1\org.jetbrains.kotlin\kotlin-stdlib-jdk8\1.8.21\67f57e154437cd9e6e9cf368394b95814836ff88\kotlin-stdlib-jdk8-1.8.21.jar;C:\Users\HP\.gradle\caches\modules-2\files-2.1\org.apache.poi\poi-ooxml\4.1.2\87d9a22aa9a7dd26e80c360e709f7ee02e32ab3b\poi-ooxml-4.1.2.jar;C:\Users\HP\.gradle\caches\modules-2\files-2.1\org.apache.poi\poi\4.1.2\964bf41cf68bce08e4ef6b2279b559fdf8d454f4\poi-4.1.2.jar;C:\Users\HP\.gradle\caches\modules-2\files-2.1\org.lwjgl\lwjgl-nfd\3.3.1\622318116996ddcff449b46cb38f0fdee39b8ac3\lwjgl-nfd-3.3.1.jar;C:\Users\HP\.gradle\caches\modules-2\files-2.1\org.lwjgl\lwjgl-nfd\3.3.1\2e007667e04ed3281152ae5c6e677fb1c2211691\lwjgl-nfd-3.3.1-natives-linux.jar;C:\Users\HP\.gradle\caches\modules-2\files-2.1\org.lwjgl\lwjgl\3.3.1\ae58664f88e18a9bb2c77b063833ca7aaec484cb\lwjgl-3.3.1.jar;C:\Users\HP\.gradle\caches\modules-2\files-2.1\io.insert-koin\koin-android\3.4.0\48715fbe06102a59a30bd45b06ed2400c16c6f45\koin-android-3.4.0.aar;C:\Users\HP\.gradle\caches\modules-2\files-2.1\org.lwjgl\lwjgl-nfd\3.3.1\b3e04e317f55dd738d8a345cdafd15b39f85a2ea\lwjgl-nfd-3.3.1-natives-linux-arm32.jar;C:\Users\HP\.gradle\caches\modules-2\files-2.1\androidx.lifecycle\lifecycle-viewmodel-compose\2.6.1\38cf3bb65ff3e0e5c3d63de2ebf5411d0898108c\lifecycle-viewmodel-compose-2.6.1.aar;C:\Users\HP\.gradle\caches\modules-2\files-2.1\org.lwjgl\lwjgl-nfd\3.3.1\f41dc62336f7ee4ab35705cfa440cc903d199165\lwjgl-nfd-3.3.1-natives-linux-arm64.jar;C:\Users\HP\.gradle\caches\modules-2\files-2.1\androidx.compose.runtime\runtime\1.4.3\6e52f81bd60023ca9be12a878ae161d2e7571aeb\runtime-1.4.3.aar;C:\Users\HP\.gradle\caches\modules-2\files-2.1\org.lwjgl\lwjgl-nfd\3.3
Launcher Type: SUN_STANDARD

[Global flags]
     intx CICompilerCount                          = 3                                         {product} {ergonomic}
     uint ConcGCThreads                            = 1                                         {product} {ergonomic}
     uint G1ConcRefinementThreads                  = 4                                         {product} {ergonomic}
   size_t G1HeapRegionSize                         = 2097152                                   {product} {ergonomic}
    uintx GCDrainStackTargetSize                   = 64                                        {product} {ergonomic}
   size_t InitialHeapSize                          = 266338304                                 {product} {ergonomic}
   size_t MarkStackSize                            = 4194304                                   {product} {ergonomic}
   size_t MaxHeapSize                              = 4255121408                                {product} {ergonomic}
   size_t MaxNewSize                               = 2552233984                                {product} {ergonomic}
   size_t MinHeapDeltaBytes                        = 2097152                                   {product} {ergonomic}
   size_t MinHeapSize                              = 8388608                                   {product} {ergonomic}
    uintx NonNMethodCodeHeapSize                   = 5832780                                {pd product} {ergonomic}
    uintx NonProfiledCodeHeapSize                  = 122912730                              {pd product} {ergonomic}
    uintx ProfiledCodeHeapSize                     = 122912730                              {pd product} {ergonomic}
    uintx ReservedCodeCacheSize                    = 251658240                              {pd product} {ergonomic}
     bool SegmentedCodeCache                       = true                                      {product} {ergonomic}
   size_t SoftMaxHeapSize                          = 4255121408                             {manageable} {ergonomic}
     bool UseCompressedClassPointers               = true                           {product lp64_product} {ergonomic}
     bool UseCompressedOops                        = true                           {product lp64_product} {ergonomic}
     bool UseG1GC                                  = true                                      {product} {ergonomic}
     bool UseLargePagesIndividualAllocation        = false                                  {pd product} {ergonomic}

Logging:
Log output configuration:
 #0: stdout all=warning uptime,level,tags
 #1: stderr all=off uptime,level,tags

Environment Variables:
PATH=C:\Program Files\Common Files\Oracle\Java\javapath;C:\Program Files (x86)\Common Files\Oracle\Java\javapath;C:\Windows\system32;C:\Windows;C:\Windows\System32\Wbem;C:\Windows\System32\WindowsPowerShell\v1.0\;C:\Windows\System32\OpenSSH\;C:\xampp\php;C:\ProgramData\ComposerSetup\bin;C:\Program Files\nodejs\;C:\Program Files (x86)\Intel\Intel(R) Management Engine Components\DAL;C:\Program Files\Intel\Intel(R) Management Engine Components\DAL;C:\Program Files\Git\cmd;C:\Program Files\Fortect;C:\Users\HP\AppData\Local\Microsoft\WindowsApps;C:\Program Files\JetBrains\IntelliJ IDEA Community Edition 2021.3.2\bin;C:\Users\HP\AppData\Local\Programs\Microsoft VS Code\bin;C:\Users\HP\AppData\Local\JetBrains\Toolbox\scripts;C:\Users\HP\AppData\Local\GitHubDesktop\bin;C:\Users\HP\Desktop\camp\flutter_windows_3.7.6-stable\flutter\bin;C:\Users\HP\AppData\Roaming\Composer\vendor\bin;C:\Users\HP\AppData\Roaming\npm
USERNAME=HP
OS=Windows_NT
PROCESSOR_IDENTIFIER=Intel64 Family 6 Model 142 Stepping 9, GenuineIntel
TMP=C:\Users\HP\AppData\Local\Temp
TEMP=C:\Users\HP\AppData\Local\Temp


JNI global refs:
JNI global refs: 168, weak refs: 7

JNI global refs memory usage: 2107, weak refs: 841

OOME stack traces (most recent first):
Classloader memory used:
Loader jdk.internal.loader.ClassLoaders$AppClassLoader                                 : 3140K
Loader bootstrap                                                                       : 2223K
Loader jdk.internal.loader.ClassLoaders$PlatformClassLoader                            : 764B


---------------  S Y S T E M  ---------------

OS:
 Windows 10 , 64 bit Build 19041 (10.0.19041.3155)
OS uptime: 0 days 0:16 hours
Hyper-V role detected

CPU: total 4 (initial active 4) (2 cores per cpu, 2 threads per core) family 6 model 142 stepping 9 microcode 0xf2, cx8, cmov, fxsr, ht, mmx, 3dnowpref, sse, sse2, sse3, ssse3, sse4.1, sse4.2, popcnt, lzcnt, tsc, tscinvbit, avx, avx2, aes, erms, clmul, bmi1, bmi2, rtm, adx, fma, vzeroupper, clflush, clflushopt, hv

Memory: 4k page, system-wide physical 16224M (7479M free)
TotalPageFile size 32096M (AvailPageFile size 23277M)
current process WorkingSet (physical memory assigned to process): 250M, peak: 326M
current process commit charge ("private bytes"): 252M, peak: 377M

vm_info: OpenJDK 64-Bit Server VM (17.0.7+7-b1000.5) for windows-amd64 JRE (17.0.7+7-b1000.5), built on 2023-07-03 by "builduser" with MS VC++ 16.10 / 16.11 (VS2019)

END.
