#
# A fatal error has been detected by the Java Runtime Environment:
#
#  EXCEPTION_ACCESS_VIOLATION (0xc0000005) at pc=0x00007ffe74e7ebe3, pid=224, tid=2728
#
# JRE version: OpenJDK Runtime Environment Corretto-17.0.7.7.1 (17.0.7+7) (build 17.0.7+7-LTS)
# Java VM: OpenJDK 64-Bit Server VM Corretto-17.0.7.7.1 (17.0.7+7-LTS, mixed mode, sharing, tiered, compressed oops, compressed class ptrs, g1 gc, windows-amd64)
# Problematic frame:
# C  [ig9icd64.dll+0x9bebe3]
#
# No core dump will be written. Minidumps are not enabled by default on client versions of Windows
#
# If you would like to submit a bug report, please visit:
#   https://github.com/corretto/corretto-17/issues/
# The crash happened outside the Java Virtual Machine in native code.
# See problematic frame for where to report the bug.
#

---------------  S U M M A R Y ------------

Command Line: -Djava.library.path=C:\Users\HP\Desktop\newderar\build\classes\kotlin\jvm\main;C:\Users\HP\Desktop\newderar\build\processedResources\jvm\main -javaagent:C:\Program Files\JetBrains\IntelliJ IDEA Community Edition 2021.3.2\lib\idea_rt.jar=52567:C:\Program Files\JetBrains\IntelliJ IDEA Community Edition 2021.3.2\bin -Dfile.encoding=UTF-8 MainKt

Host: Intel(R) Core(TM) i5-7300U CPU @ 2.60GHz, 4 cores, 15G,  Windows 10 , 64 bit Build 19041 (10.0.19041.3155)
Time: Sat Jul  8 23:46:51 2023 Libya Standard Time elapsed time: 27.358304 seconds (0d 0h 0m 27s)

---------------  T H R E A D  ---------------

Current thread (0x000001fa063142c0):  JavaThread "AWT-EventQueue-0" [_thread_in_native, id=2728, stack(0x000000c22ba00000,0x000000c22bb00000)]

Stack: [0x000000c22ba00000,0x000000c22bb00000],  sp=0x000000c22bafc598,  free space=1009k
Native frames: (J=compiled Java code, j=interpreted, Vv=VM code, C=native code)
C  [ig9icd64.dll+0x9bebe3]

Java frames: (J=compiled Java code, j=interpreted, Vv=VM code)
J 5445  org.jetbrains.skia.DirectContextKt.DirectContext_nFlush(J)V (0 bytes) @ 0x000001fa6e4e2b69 [0x000001fa6e4e2b20+0x0000000000000049]
J 5442 c1 org.jetbrains.skiko.context.ContextHandler.flush()V (17 bytes) @ 0x000001fa67231c5c [0x000001fa67231ae0+0x000000000000017c]
J 5447 c1 org.jetbrains.skiko.context.ContextHandler.draw()V (91 bytes) @ 0x000001fa672334e4 [0x000001fa672329e0+0x0000000000000b04]
J 5052 c1 org.jetbrains.skiko.redrawer.WindowsOpenGLRedrawer.draw()V (288 bytes) @ 0x000001fa6715b33c [0x000001fa6715ac20+0x000000000000071c]
J 4793 c1 org.jetbrains.skiko.redrawer.WindowsOpenGLRedrawer$Companion$frameDispatcher$1.invokeSuspend(Ljava/lang/Object;)Ljava/lang/Object; (379 bytes) @ 0x000001fa670a49f4 [0x000001fa670a3680+0x0000000000001374]
J 5051 c1 org.jetbrains.skiko.redrawer.WindowsOpenGLRedrawer$Companion$frameDispatcher$1.invoke(Ljava/lang/Object;)Ljava/lang/Object; (9 bytes) @ 0x000001fa6715a384 [0x000001fa67159e20+0x0000000000000564]
J 4789 c1 org.jetbrains.skiko.FrameDispatcher$job$1.invokeSuspend(Ljava/lang/Object;)Ljava/lang/Object; (156 bytes) @ 0x000001fa670a13c4 [0x000001fa670a0a20+0x00000000000009a4]
J 4993 c2 kotlin.coroutines.jvm.internal.BaseContinuationImpl.resumeWith(Ljava/lang/Object;)V (128 bytes) @ 0x000001fa6e453074 [0x000001fa6e453020+0x0000000000000054]
J 5243 c2 kotlinx.coroutines.DispatchedTask.run()V (571 bytes) @ 0x000001fa6e4956f0 [0x000001fa6e495340+0x00000000000003b0]
J 5328 c2 java.awt.EventQueue.dispatchEvent(Ljava/awt/AWTEvent;)V java.desktop@17.0.7 (80 bytes) @ 0x000001fa6e4aaa9c [0x000001fa6e4aa480+0x000000000000061c]
J 5465 c2 java.awt.EventDispatchThread.pumpOneEventForFilters(I)V java.desktop@17.0.7 (113 bytes) @ 0x000001fa6e4ec26c [0x000001fa6e4ebe40+0x000000000000042c]
j  java.awt.EventDispatchThread.pumpEventsForFilter(ILjava/awt/Conditional;Ljava/awt/EventFilter;)V+35 java.desktop@17.0.7
j  java.awt.EventDispatchThread.pumpEventsForHierarchy(ILjava/awt/Conditional;Ljava/awt/Component;)V+11 java.desktop@17.0.7
j  java.awt.EventDispatchThread.pumpEvents(ILjava/awt/Conditional;)V+4 java.desktop@17.0.7
j  java.awt.EventDispatchThread.pumpEvents(Ljava/awt/Conditional;)V+3 java.desktop@17.0.7
j  java.awt.EventDispatchThread.run()V+9 java.desktop@17.0.7
v  ~StubRoutines::call_stub

siginfo: EXCEPTION_ACCESS_VIOLATION (0xc0000005), reading address 0xffffffffffffffff


Register to memory mapping:

RIP=0x00007ffe74e7ebe3 ig9icd64.dll
RAX=0x000000000fff0fff is an unknown value
RBX=0x00007ffe744c0000 ig9icd64.dll
RCX=0x000000033fcf3fcc is an unknown value
RDX=0x000000c22bafcab0 is pointing into the stack for thread: 0x000001fa063142c0
RSP=0x000000c22bafc598 is pointing into the stack for thread: 0x000001fa063142c0
RBP=0x000000c22bafc6a0 is pointing into the stack for thread: 0x000001fa063142c0
RSI=0x000001fa09774040 points into unknown readable memory: 0x000001fa073a1040 | 40 10 3a 07 fa 01 00 00
RDI=0x000000c22bafc8a0 is pointing into the stack for thread: 0x000001fa063142c0
R8 =0x000000c22bafc6d0 is pointing into the stack for thread: 0x000001fa063142c0
R9 =0x000000c22bafcab0 is pointing into the stack for thread: 0x000001fa063142c0
R10=0x000000c22bafc8a0 is pointing into the stack for thread: 0x000001fa063142c0
R11=0x0 is NULL
R12=0x00007ffe752f15e0 ig9icd64.dll
R13=0x0 is NULL
R14=0x0 is NULL
R15=0x00000000000001c1 is an unknown value


Registers:
RAX=0x000000000fff0fff, RBX=0x00007ffe744c0000, RCX=0x000000033fcf3fcc, RDX=0x000000c22bafcab0
RSP=0x000000c22bafc598, RBP=0x000000c22bafc6a0, RSI=0x000001fa09774040, RDI=0x000000c22bafc8a0
R8 =0x000000c22bafc6d0, R9 =0x000000c22bafcab0, R10=0x000000c22bafc8a0, R11=0x0000000000000000
R12=0x00007ffe752f15e0, R13=0x0000000000000000, R14=0x0000000000000000, R15=0x00000000000001c1
RIP=0x00007ffe74e7ebe3, EFLAGS=0x0000000000010206

Top of Stack: (sp=0x000000c22bafc598)
0x000000c22bafc598:   00007ffe74e7c31b 0000000000000001
0x000000c22bafc5a8:   0000000000000000 000001fa11890300
0x000000c22bafc5b8:   00007ffeda002622 000000c200000065
0x000000c22bafc5c8:   000000c22bafc7d0 0000000000000000
0x000000c22bafc5d8:   000001fa077961d0 0000000000000000
0x000000c22bafc5e8:   000001fa09ec3b80 000001fa118903a0
0x000000c22bafc5f8:   0000000000001100 0000000000000000
0x000000c22bafc608:   0000000000000000 000000c22bafc780
0x000000c22bafc618:   00007ffe74b179c0 0000000000000000
0x000000c22bafc628:   0000000000000000 0000000000000000
0x000000c22bafc638:   0000000000000000 000009113755826c
0x000000c22bafc648:   00007ffe744d6555 000001fa118903a0
0x000000c22bafc658:   0000000000000001 0000000000000000
0x000000c22bafc668:   00007ffee9b7b86b 0000000002ae00f8
0x000000c22bafc678:   0000000000000061 000001fa0709e910
0x000000c22bafc688:   0000000000000000 0000000000000000 

Instructions: (pc=0x00007ffe74e7ebe3)
0x00007ffe74e7eae3:   c1 75 31 00 48 89 51 08 48 89 01 8b 44 24 28 89
0x00007ffe74e7eaf3:   41 20 8b 44 24 30 89 41 24 48 8b c1 4c 89 41 10
0x00007ffe74e7eb03:   4c 89 49 18 c3 cc cc cc cc cc cc cc cc 48 89 5c
0x00007ffe74e7eb13:   24 08 8b 41 5c 48 8d 1d e1 14 64 ff 41 89 40 08
0x00007ffe74e7eb23:   4c 8b d1 8b 41 60 45 33 db 41 89 40 0c 4c 8b ca
0x00007ffe74e7eb33:   8b 41 64 41 89 40 10 8b 41 68 41 89 40 14 8b 41
0x00007ffe74e7eb43:   6c 41 89 40 18 8b 41 70 41 89 40 1c 48 63 41 74
0x00007ffe74e7eb53:   48 6b c8 34 8b 84 19 44 d1 ee 00 41 89 40 20 8b
0x00007ffe74e7eb63:   84 19 48 d1 ee 00 41 89 40 24 8b 84 19 4c d1 ee
0x00007ffe74e7eb73:   00 41 89 40 28 8b 84 19 50 d1 ee 00 41 89 40 2c
0x00007ffe74e7eb83:   8b 84 19 34 d1 ee 00 41 89 40 30 8b 84 19 38 d1
0x00007ffe74e7eb93:   ee 00 41 89 40 34 8b 84 19 3c d1 ee 00 41 89 40
0x00007ffe74e7eba3:   38 8b 84 19 40 d1 ee 00 41 89 40 3c 8b 84 19 24
0x00007ffe74e7ebb3:   d1 ee 00 41 89 40 40 8b 84 19 28 d1 ee 00 41 89
0x00007ffe74e7ebc3:   40 44 8b 84 19 2c d1 ee 00 41 89 40 48 8b 84 19
0x00007ffe74e7ebd3:   30 d1 ee 00 41 89 40 4c 49 63 42 78 48 6b c8 34
0x00007ffe74e7ebe3:   8b 84 19 44 d1 ee 00 41 89 40 50 8b 84 19 48 d1
0x00007ffe74e7ebf3:   ee 00 41 89 40 54 8b 84 19 4c d1 ee 00 41 89 40
0x00007ffe74e7ec03:   58 8b 84 19 50 d1 ee 00 41 89 40 5c 8b 84 19 34
0x00007ffe74e7ec13:   d1 ee 00 41 89 40 60 8b 84 19 38 d1 ee 00 41 89
0x00007ffe74e7ec23:   40 64 8b 84 19 3c d1 ee 00 41 89 40 68 8b 84 19
0x00007ffe74e7ec33:   40 d1 ee 00 41 89 40 6c 8b 84 19 24 d1 ee 00 41
0x00007ffe74e7ec43:   89 40 70 8b 84 19 28 d1 ee 00 41 89 40 74 8b 84
0x00007ffe74e7ec53:   19 2c d1 ee 00 41 89 40 78 8b 84 19 30 d1 ee 00
0x00007ffe74e7ec63:   41 89 40 7c 48 8b 42 18 8b 88 38 0b 00 00 f6 c1
0x00007ffe74e7ec73:   08 0f 84 86 00 00 00 8b 80 3c 0b 00 00 41 89 80
0x00007ffe74e7ec83:   80 00 00 00 48 8b 42 18 8b 88 40 0b 00 00 41 89
0x00007ffe74e7ec93:   88 84 00 00 00 48 8b 42 18 8b 88 44 0b 00 00 41
0x00007ffe74e7eca3:   89 88 88 00 00 00 48 8b 42 18 8b 88 48 0b 00 00
0x00007ffe74e7ecb3:   41 89 88 8c 00 00 00 48 8b 42 18 8b 88 4c 0b 00
0x00007ffe74e7ecc3:   00 41 89 88 90 00 00 00 48 8b 42 18 8b 88 50 0b
0x00007ffe74e7ecd3:   00 00 41 89 88 94 00 00 00 48 8b 42 18 8b 88 54 


Stack slot to memory mapping:
stack at sp + 0 slots: 0x00007ffe74e7c31b ig9icd64.dll
stack at sp + 1 slots: 0x0000000000000001 is an unknown value
stack at sp + 2 slots: 0x0 is NULL
stack at sp + 3 slots: 0x000001fa11890300 points into unknown readable memory: 0x0000000000000000 | 00 00 00 00 00 00 00 00
stack at sp + 4 slots: 0x00007ffeda002622 igdgmm64.dll
stack at sp + 5 slots: 0x000000c200000065 is an unknown value
stack at sp + 6 slots: 0x000000c22bafc7d0 is pointing into the stack for thread: 0x000001fa063142c0
stack at sp + 7 slots: 0x0 is NULL


---------------  P R O C E S S  ---------------

Threads class SMR info:
_java_thread_list=0x000001fa0a24ba10, length=28, elements={
0x000001fa5d426e70, 0x000001fa7fa57ff0, 0x000001fa7fa59600, 0x000001fa7fa6fe70,
0x000001fa7fa70a20, 0x000001fa7fa734e0, 0x000001fa7fa73e90, 0x000001fa7fa74b70,
0x000001fa7fc00460, 0x000001fa7fa7e8a0, 0x000001fa7fc95e50, 0x000001fa0616d6b0,
0x000001fa7ff68490, 0x000001fa063749b0, 0x000001fa067ba440, 0x000001fa063142c0,
0x000001fa06c3c030, 0x000001fa06a331d0, 0x000001fa06e16500, 0x000001fa06bae270,
0x000001fa06baf5b0, 0x000001fa06bac0c0, 0x000001fa06baf0e0, 0x000001fa06fd0f10,
0x000001fa06fd13e0, 0x000001fa06fcfbd0, 0x000001fa06fcc210, 0x000001fa06fcda20
}

Java Threads: ( => current thread )
  0x000001fa5d426e70 JavaThread "main" [_thread_blocked, id=20616, stack(0x000000c229f00000,0x000000c22a000000)]
  0x000001fa7fa57ff0 JavaThread "Reference Handler" daemon [_thread_blocked, id=16892, stack(0x000000c22a600000,0x000000c22a700000)]
  0x000001fa7fa59600 JavaThread "Finalizer" daemon [_thread_blocked, id=7848, stack(0x000000c22a700000,0x000000c22a800000)]
  0x000001fa7fa6fe70 JavaThread "Signal Dispatcher" daemon [_thread_blocked, id=19640, stack(0x000000c22a800000,0x000000c22a900000)]
  0x000001fa7fa70a20 JavaThread "Attach Listener" daemon [_thread_blocked, id=13984, stack(0x000000c22a900000,0x000000c22aa00000)]
  0x000001fa7fa734e0 JavaThread "Service Thread" daemon [_thread_blocked, id=20620, stack(0x000000c22aa00000,0x000000c22ab00000)]
  0x000001fa7fa73e90 JavaThread "Monitor Deflation Thread" daemon [_thread_blocked, id=20284, stack(0x000000c22ab00000,0x000000c22ac00000)]
  0x000001fa7fa74b70 JavaThread "C2 CompilerThread0" daemon [_thread_blocked, id=5960, stack(0x000000c22ac00000,0x000000c22ad00000)]
  0x000001fa7fc00460 JavaThread "C1 CompilerThread0" daemon [_thread_blocked, id=20720, stack(0x000000c22ad00000,0x000000c22ae00000)]
  0x000001fa7fa7e8a0 JavaThread "Sweeper thread" daemon [_thread_blocked, id=20612, stack(0x000000c22ae00000,0x000000c22af00000)]
  0x000001fa7fc95e50 JavaThread "Common-Cleaner" daemon [_thread_blocked, id=19392, stack(0x000000c22af00000,0x000000c22b000000)]
  0x000001fa0616d6b0 JavaThread "Monitor Ctrl-Break" daemon [_thread_in_native, id=16996, stack(0x000000c22b100000,0x000000c22b200000)]
  0x000001fa7ff68490 JavaThread "Notification Thread" daemon [_thread_blocked, id=20184, stack(0x000000c22b200000,0x000000c22b300000)]
  0x000001fa063749b0 JavaThread "Java2D Disposer" daemon [_thread_blocked, id=19212, stack(0x000000c22b700000,0x000000c22b800000)]
  0x000001fa067ba440 JavaThread "AWT-Shutdown" [_thread_blocked, id=18296, stack(0x000000c22b800000,0x000000c22b900000)]
=>0x000001fa063142c0 JavaThread "AWT-EventQueue-0" [_thread_in_native, id=2728, stack(0x000000c22ba00000,0x000000c22bb00000)]
  0x000001fa06c3c030 JavaThread "Reference Cleaner" daemon [_thread_blocked, id=8372, stack(0x000000c22bb00000,0x000000c22bc00000)]
  0x000001fa06a331d0 JavaThread "DefaultDispatcher-worker-1" daemon [_thread_blocked, id=20020, stack(0x000000c22bc00000,0x000000c22bd00000)]
  0x000001fa06e16500 JavaThread "DefaultDispatcher-worker-2" daemon [_thread_blocked, id=19672, stack(0x000000c22bd00000,0x000000c22be00000)]
  0x000001fa06bae270 JavaThread "DefaultDispatcher-worker-3" daemon [_thread_blocked, id=12656, stack(0x000000c22be00000,0x000000c22bf00000)]
  0x000001fa06baf5b0 JavaThread "kotlinx.coroutines.DefaultExecutor" daemon [_thread_blocked, id=7844, stack(0x000000c22bf00000,0x000000c22c000000)]
  0x000001fa06bac0c0 JavaThread "TimerQueue" daemon [_thread_blocked, id=2756, stack(0x000000c22c300000,0x000000c22c400000)]
  0x000001fa06baf0e0 JavaThread "RealmFinalizingDaemon" daemon [_thread_blocked, id=9404, stack(0x000000c22c400000,0x000000c22c500000)]
  0x000001fa06fd0f10 JavaThread "core-notifier" daemon [_thread_in_native, id=5820, stack(0x000000c22c700000,0x000000c22c800000)]
  0x000001fa06fd13e0 JavaThread "DefaultDispatcher-worker-4" daemon [_thread_blocked, id=16460, stack(0x000000c22c900000,0x000000c22ca00000)]
  0x000001fa06fcfbd0 JavaThread "DefaultDispatcher-worker-5" daemon [_thread_blocked, id=12156, stack(0x000000c22ca00000,0x000000c22cb00000)]
  0x000001fa06fcc210 JavaThread "DefaultDispatcher-worker-6" daemon [_thread_blocked, id=12544, stack(0x000000c22cb00000,0x000000c22cc00000)]
  0x000001fa06fcda20 JavaThread "SIGINT handler" daemon [_thread_blocked, id=19416, stack(0x000000c22cc00000,0x000000c22cd00000)]

Other Threads:
  0x000001fa7fa51d10 VMThread "VM Thread" [stack: 0x000000c22a500000,0x000000c22a600000] [id=4468]
  0x000001fa5d4aee70 WatcherThread [stack: 0x000000c22b300000,0x000000c22b400000] [id=21196]
  0x000001fa5d491f40 GCTaskThread "GC Thread#0" [stack: 0x000000c22a000000,0x000000c22a100000] [id=18156]
  0x000001fa0664ea80 GCTaskThread "GC Thread#1" [stack: 0x000000c22b400000,0x000000c22b500000] [id=5956]
  0x000001fa067c6980 GCTaskThread "GC Thread#2" [stack: 0x000000c22b500000,0x000000c22b600000] [id=16428]
  0x000001fa067c6c30 GCTaskThread "GC Thread#3" [stack: 0x000000c22b600000,0x000000c22b700000] [id=20908]
  0x000001fa5d4a2c10 ConcurrentGCThread "G1 Main Marker" [stack: 0x000000c22a100000,0x000000c22a200000] [id=21380]
  0x000001fa5d4a3620 ConcurrentGCThread "G1 Conc#0" [stack: 0x000000c22a200000,0x000000c22a300000] [id=1272]
  0x000001fa7f908500 ConcurrentGCThread "G1 Refine#0" [stack: 0x000000c22a300000,0x000000c22a400000] [id=19936]
  0x000001fa7f908e30 ConcurrentGCThread "G1 Service" [stack: 0x000000c22a400000,0x000000c22a500000] [id=20084]

Threads with active compile tasks:

VM state: not at safepoint (normal execution)

VM Mutex/Monitor currently owned by a thread: None

Heap address: 0x0000000702600000, size: 4058 MB, Compressed Oops mode: Zero based, Oop shift amount: 3

CDS archive(s) mapped at: [0x0000000800000000-0x0000000800bc0000-0x0000000800bc0000), size 12320768, SharedBaseAddress: 0x0000000800000000, ArchiveRelocationMode: 0.
Compressed class space mapped at: 0x0000000801000000-0x0000000841000000, reserved size: 1073741824
Narrow klass base: 0x0000000800000000, Narrow klass shift: 0, Narrow klass range: 0x100000000

GC Precious Log:
 CPUs: 4 total, 4 available
 Memory: 16224M
 Large Page Support: Disabled
 NUMA Support: Disabled
 Compressed Oops: Enabled (Zero based)
 Heap Region Size: 2M
 Heap Min Capacity: 8M
 Heap Initial Capacity: 254M
 Heap Max Capacity: 4058M
 Pre-touch: Disabled
 Parallel Workers: 4
 Concurrent Workers: 1
 Concurrent Refinement Workers: 4
 Periodic GC: Disabled

Heap:
 garbage-first heap   total 155648K, used 106764K [0x0000000702600000, 0x0000000800000000)
  region size 2048K, 40 young (81920K), 1 survivors (2048K)
 Metaspace       used 34714K, committed 34944K, reserved 1114112K
  class space    used 3740K, committed 3840K, reserved 1048576K

Heap Regions: E=young(eden), S=young(survivor), O=old, HS=humongous(starts), HC=humongous(continues), CS=collection set, F=free, OA=open archive, CA=closed archive, TAMS=top-at-mark-start (previous, next)
|   0|0x0000000702600000, 0x0000000702800000, 0x0000000702800000|100%|HS|  |TAMS 0x0000000702800000, 0x0000000702600000| Complete 
|   1|0x0000000702800000, 0x0000000702a00000, 0x0000000702a00000|100%| O|  |TAMS 0x0000000702a00000, 0x0000000702800000| Untracked 
|   2|0x0000000702a00000, 0x0000000702c00000, 0x0000000702c00000|100%| O|  |TAMS 0x0000000702c00000, 0x0000000702a00000| Untracked 
|   3|0x0000000702c00000, 0x0000000702d0f600, 0x0000000702e00000| 53%| O|  |TAMS 0x0000000702c00000, 0x0000000702c00000| Untracked 
|   4|0x0000000702e00000, 0x0000000702e00000, 0x0000000703000000|  0%| F|  |TAMS 0x0000000702e00000, 0x0000000702e00000| Untracked 
|   5|0x0000000703000000, 0x0000000703000000, 0x0000000703200000|  0%| F|  |TAMS 0x0000000703000000, 0x0000000703000000| Untracked 
|   6|0x0000000703200000, 0x0000000703200000, 0x0000000703400000|  0%| F|  |TAMS 0x0000000703200000, 0x0000000703200000| Untracked 
|   7|0x0000000703400000, 0x0000000703600000, 0x0000000703600000|100%|HS|  |TAMS 0x0000000703400000, 0x0000000703400000| Complete 
|   8|0x0000000703600000, 0x0000000703800000, 0x0000000703800000|100%|HC|  |TAMS 0x0000000703600000, 0x0000000703600000| Complete 
|   9|0x0000000703800000, 0x0000000703a00000, 0x0000000703a00000|100%|HC|  |TAMS 0x0000000703800000, 0x0000000703800000| Complete 
|  10|0x0000000703a00000, 0x0000000703c00000, 0x0000000703c00000|100%| O|  |TAMS 0x0000000703a00000, 0x0000000703a00000| Untracked 
|  11|0x0000000703c00000, 0x0000000703e00000, 0x0000000703e00000|100%| O|  |TAMS 0x0000000703c00000, 0x0000000703c00000| Untracked 
|  12|0x0000000703e00000, 0x0000000704000000, 0x0000000704000000|100%| O|  |TAMS 0x0000000703e00000, 0x0000000703e00000| Untracked 
|  13|0x0000000704000000, 0x0000000704000000, 0x0000000704200000|  0%| F|  |TAMS 0x0000000704000000, 0x0000000704000000| Untracked 
|  14|0x0000000704200000, 0x0000000704200000, 0x0000000704400000|  0%| F|  |TAMS 0x0000000704200000, 0x0000000704200000| Untracked 
|  15|0x0000000704400000, 0x0000000704400000, 0x0000000704600000|  0%| F|  |TAMS 0x0000000704400000, 0x0000000704400000| Untracked 
|  16|0x0000000704600000, 0x0000000704733ac0, 0x0000000704800000| 60%| S|CS|TAMS 0x0000000704600000, 0x0000000704600000| Complete 
|  17|0x0000000704800000, 0x0000000704a00000, 0x0000000704a00000|100%|HS|  |TAMS 0x0000000704800000, 0x0000000704800000| Complete 
|  18|0x0000000704a00000, 0x0000000704c00000, 0x0000000704c00000|100%|HC|  |TAMS 0x0000000704a00000, 0x0000000704a00000| Complete 
|  19|0x0000000704c00000, 0x0000000704e00000, 0x0000000704e00000|100%|HC|  |TAMS 0x0000000704c00000, 0x0000000704c00000| Complete 
|  20|0x0000000704e00000, 0x0000000705000000, 0x0000000705000000|100%|HC|  |TAMS 0x0000000704e00000, 0x0000000704e00000| Complete 
|  21|0x0000000705000000, 0x0000000705000000, 0x0000000705200000|  0%| F|  |TAMS 0x0000000705000000, 0x0000000705000000| Untracked 
|  22|0x0000000705200000, 0x0000000705200000, 0x0000000705400000|  0%| F|  |TAMS 0x0000000705200000, 0x0000000705200000| Untracked 
|  23|0x0000000705400000, 0x0000000705400000, 0x0000000705600000|  0%| F|  |TAMS 0x0000000705400000, 0x0000000705400000| Untracked 
|  24|0x0000000705600000, 0x0000000705600000, 0x0000000705800000|  0%| F|  |TAMS 0x0000000705600000, 0x0000000705600000| Untracked 
|  25|0x0000000705800000, 0x0000000705800000, 0x0000000705a00000|  0%| F|  |TAMS 0x0000000705800000, 0x0000000705800000| Untracked 
|  26|0x0000000705a00000, 0x0000000705a00000, 0x0000000705c00000|  0%| F|  |TAMS 0x0000000705a00000, 0x0000000705a00000| Untracked 
|  27|0x0000000705c00000, 0x0000000705c00000, 0x0000000705e00000|  0%| F|  |TAMS 0x0000000705c00000, 0x0000000705c00000| Untracked 
|  28|0x0000000705e00000, 0x0000000705e00000, 0x0000000706000000|  0%| F|  |TAMS 0x0000000705e00000, 0x0000000705e00000| Untracked 
|  29|0x0000000706000000, 0x0000000706000000, 0x0000000706200000|  0%| F|  |TAMS 0x0000000706000000, 0x0000000706000000| Untracked 
|  30|0x0000000706200000, 0x0000000706200000, 0x0000000706400000|  0%| F|  |TAMS 0x0000000706200000, 0x0000000706200000| Untracked 
|  31|0x0000000706400000, 0x0000000706400000, 0x0000000706600000|  0%| F|  |TAMS 0x0000000706400000, 0x0000000706400000| Untracked 
|  32|0x0000000706600000, 0x0000000706600000, 0x0000000706800000|  0%| F|  |TAMS 0x0000000706600000, 0x0000000706600000| Untracked 
|  33|0x0000000706800000, 0x0000000706800000, 0x0000000706a00000|  0%| F|  |TAMS 0x0000000706800000, 0x0000000706800000| Untracked 
|  34|0x0000000706a00000, 0x0000000706a00000, 0x0000000706c00000|  0%| F|  |TAMS 0x0000000706a00000, 0x0000000706a00000| Untracked 
|  35|0x0000000706c00000, 0x0000000706c00000, 0x0000000706e00000|  0%| F|  |TAMS 0x0000000706c00000, 0x0000000706c00000| Untracked 
|  36|0x0000000706e00000, 0x0000000706e00000, 0x0000000707000000|  0%| F|  |TAMS 0x0000000706e00000, 0x0000000706e00000| Untracked 
|  37|0x0000000707000000, 0x000000070718ac20, 0x0000000707200000| 77%| E|  |TAMS 0x0000000707000000, 0x0000000707000000| Complete 
|  38|0x0000000707200000, 0x0000000707400000, 0x0000000707400000|100%| E|CS|TAMS 0x0000000707200000, 0x0000000707200000| Complete 
|  39|0x0000000707400000, 0x0000000707600000, 0x0000000707600000|100%| E|CS|TAMS 0x0000000707400000, 0x0000000707400000| Complete 
|  40|0x0000000707600000, 0x0000000707800000, 0x0000000707800000|100%| E|CS|TAMS 0x0000000707600000, 0x0000000707600000| Complete 
|  41|0x0000000707800000, 0x0000000707a00000, 0x0000000707a00000|100%| E|CS|TAMS 0x0000000707800000, 0x0000000707800000| Complete 
|  42|0x0000000707a00000, 0x0000000707c00000, 0x0000000707c00000|100%| E|CS|TAMS 0x0000000707a00000, 0x0000000707a00000| Complete 
|  43|0x0000000707c00000, 0x0000000707e00000, 0x0000000707e00000|100%| E|CS|TAMS 0x0000000707c00000, 0x0000000707c00000| Complete 
|  44|0x0000000707e00000, 0x0000000708000000, 0x0000000708000000|100%| E|CS|TAMS 0x0000000707e00000, 0x0000000707e00000| Complete 
|  45|0x0000000708000000, 0x0000000708200000, 0x0000000708200000|100%| E|CS|TAMS 0x0000000708000000, 0x0000000708000000| Complete 
|  46|0x0000000708200000, 0x0000000708400000, 0x0000000708400000|100%| E|CS|TAMS 0x0000000708200000, 0x0000000708200000| Complete 
|  47|0x0000000708400000, 0x0000000708600000, 0x0000000708600000|100%| E|CS|TAMS 0x0000000708400000, 0x0000000708400000| Complete 
|  48|0x0000000708600000, 0x0000000708800000, 0x0000000708800000|100%| E|CS|TAMS 0x0000000708600000, 0x0000000708600000| Complete 
|  49|0x0000000708800000, 0x0000000708a00000, 0x0000000708a00000|100%| E|CS|TAMS 0x0000000708800000, 0x0000000708800000| Complete 
|  50|0x0000000708a00000, 0x0000000708c00000, 0x0000000708c00000|100%| E|CS|TAMS 0x0000000708a00000, 0x0000000708a00000| Complete 
|  51|0x0000000708c00000, 0x0000000708e00000, 0x0000000708e00000|100%| E|CS|TAMS 0x0000000708c00000, 0x0000000708c00000| Complete 
|  52|0x0000000708e00000, 0x0000000709000000, 0x0000000709000000|100%| E|CS|TAMS 0x0000000708e00000, 0x0000000708e00000| Complete 
|  53|0x0000000709000000, 0x0000000709200000, 0x0000000709200000|100%| E|CS|TAMS 0x0000000709000000, 0x0000000709000000| Complete 
|  54|0x0000000709200000, 0x0000000709400000, 0x0000000709400000|100%| E|CS|TAMS 0x0000000709200000, 0x0000000709200000| Complete 
|  55|0x0000000709400000, 0x0000000709600000, 0x0000000709600000|100%| E|CS|TAMS 0x0000000709400000, 0x0000000709400000| Complete 
|  56|0x0000000709600000, 0x0000000709800000, 0x0000000709800000|100%| E|CS|TAMS 0x0000000709600000, 0x0000000709600000| Complete 
|  57|0x0000000709800000, 0x0000000709a00000, 0x0000000709a00000|100%| E|CS|TAMS 0x0000000709800000, 0x0000000709800000| Complete 
|  58|0x0000000709a00000, 0x0000000709c00000, 0x0000000709c00000|100%| E|CS|TAMS 0x0000000709a00000, 0x0000000709a00000| Complete 
|  59|0x0000000709c00000, 0x0000000709e00000, 0x0000000709e00000|100%| E|CS|TAMS 0x0000000709c00000, 0x0000000709c00000| Complete 
|  60|0x0000000709e00000, 0x000000070a000000, 0x000000070a000000|100%| E|CS|TAMS 0x0000000709e00000, 0x0000000709e00000| Complete 
|  61|0x000000070a000000, 0x000000070a200000, 0x000000070a200000|100%| E|CS|TAMS 0x000000070a000000, 0x000000070a000000| Complete 
|  62|0x000000070a200000, 0x000000070a400000, 0x000000070a400000|100%| E|CS|TAMS 0x000000070a200000, 0x000000070a200000| Complete 
|  63|0x000000070a400000, 0x000000070a600000, 0x000000070a600000|100%| E|CS|TAMS 0x000000070a400000, 0x000000070a400000| Complete 
|  64|0x000000070a600000, 0x000000070a800000, 0x000000070a800000|100%| E|CS|TAMS 0x000000070a600000, 0x000000070a600000| Complete 
|  65|0x000000070a800000, 0x000000070aa00000, 0x000000070aa00000|100%| E|CS|TAMS 0x000000070a800000, 0x000000070a800000| Complete 
|  66|0x000000070aa00000, 0x000000070ac00000, 0x000000070ac00000|100%| E|CS|TAMS 0x000000070aa00000, 0x000000070aa00000| Complete 
|  67|0x000000070ac00000, 0x000000070ae00000, 0x000000070ae00000|100%| E|CS|TAMS 0x000000070ac00000, 0x000000070ac00000| Complete 
|  68|0x000000070ae00000, 0x000000070b000000, 0x000000070b000000|100%| E|CS|TAMS 0x000000070ae00000, 0x000000070ae00000| Complete 
|  69|0x000000070b000000, 0x000000070b200000, 0x000000070b200000|100%| E|CS|TAMS 0x000000070b000000, 0x000000070b000000| Complete 
|  70|0x000000070b200000, 0x000000070b400000, 0x000000070b400000|100%| E|CS|TAMS 0x000000070b200000, 0x000000070b200000| Complete 
|  71|0x000000070b400000, 0x000000070b600000, 0x000000070b600000|100%| E|CS|TAMS 0x000000070b400000, 0x000000070b400000| Complete 
|  72|0x000000070b600000, 0x000000070b800000, 0x000000070b800000|100%| E|CS|TAMS 0x000000070b600000, 0x000000070b600000| Complete 
| 106|0x000000070fa00000, 0x000000070fc00000, 0x000000070fc00000|100%| E|CS|TAMS 0x000000070fa00000, 0x000000070fa00000| Complete 
| 107|0x000000070fc00000, 0x000000070fe00000, 0x000000070fe00000|100%| E|CS|TAMS 0x000000070fc00000, 0x000000070fc00000| Complete 
| 126|0x0000000712200000, 0x0000000712400000, 0x0000000712400000|100%| E|CS|TAMS 0x0000000712200000, 0x0000000712200000| Complete 

Card table byte_map: [0x000001fa76530000,0x000001fa76d20000] _byte_map_base: 0x000001fa72d1d000

Marking Bits (Prev, Next): (CMBitMap*) 0x000001fa5d492590, (CMBitMap*) 0x000001fa5d492550
 Prev Bits: [0x000001fa7b480000, 0x000001fa7f3e8000)
 Next Bits: [0x000001fa77510000, 0x000001fa7b478000)

Polling page: 0x000001fa5d4e0000

Metaspace:

Usage:
  Non-class:     30.25 MB used.
      Class:      3.65 MB used.
       Both:     33.90 MB used.

Virtual space:
  Non-class space:       64.00 MB reserved,      30.38 MB ( 47%) committed,  1 nodes.
      Class space:        1.00 GB reserved,       3.75 MB ( <1%) committed,  1 nodes.
             Both:        1.06 GB reserved,      34.13 MB (  3%) committed. 

Chunk freelists:
   Non-Class:  752.00 KB
       Class:  12.27 MB
        Both:  13.00 MB

MaxMetaspaceSize: unlimited
CompressedClassSpaceSize: 1.00 GB
Initial GC threshold: 21.00 MB
Current GC threshold: 35.25 MB
CDS: on
MetaspaceReclaimPolicy: balanced
 - commit_granule_bytes: 65536.
 - commit_granule_words: 8192.
 - virtual_space_node_default_size: 8388608.
 - enlarge_chunks_in_place: 1.
 - new_chunks_are_fully_committed: 0.
 - uncommit_free_chunks: 1.
 - use_allocation_guard: 0.
 - handle_deallocations: 1.


Internal statistics:

num_allocs_failed_limit: 3.
num_arena_births: 160.
num_arena_deaths: 0.
num_vsnodes_births: 2.
num_vsnodes_deaths: 0.
num_space_committed: 546.
num_space_uncommitted: 0.
num_chunks_returned_to_freelist: 3.
num_chunks_taken_from_freelist: 1074.
num_chunk_merges: 3.
num_chunk_splits: 926.
num_chunks_enlarged: 845.
num_inconsistent_stats: 0.

CodeHeap 'non-profiled nmethods': size=120000Kb used=3377Kb max_used=3377Kb free=116622Kb
 bounds [0x000001fa6e1f0000, 0x000001fa6e550000, 0x000001fa75720000]
CodeHeap 'profiled nmethods': size=120000Kb used=9097Kb max_used=11670Kb free=110902Kb
 bounds [0x000001fa66720000, 0x000001fa67290000, 0x000001fa6dc50000]
CodeHeap 'non-nmethods': size=5760Kb used=1897Kb max_used=1967Kb free=3862Kb
 bounds [0x000001fa6dc50000, 0x000001fa6dec0000, 0x000001fa6e1f0000]
 total_blobs=6244 nmethods=4864 adapters=1292
 compilation: enabled
              stopped_count=0, restarted_count=0
 full_count=0

Compilation events (20 events):
Event: 25.844 Thread 0x000001fa7fa74b70 5683       4       androidx.compose.foundation.lazy.layout.DefaultLazyKey::equals (36 bytes)
Event: 25.845 Thread 0x000001fa7fa74b70 nmethod 5683 0x000001fa6e22a890 code [0x000001fa6e22aa20, 0x000001fa6e22aaf8]
Event: 25.862 Thread 0x000001fa7fa74b70 5684       4       androidx.compose.material.ContentAlpha::getDisabled (67 bytes)
Event: 25.865 Thread 0x000001fa7fa74b70 nmethod 5684 0x000001fa6e22a090 code [0x000001fa6e22a260, 0x000001fa6e22a430]
Event: 25.878 Thread 0x000001fa7fa74b70 5685       4       androidx.compose.material.ColorsKt::contentColorFor-ek8zF_U (140 bytes)
Event: 25.909 Thread 0x000001fa7fc00460 5687       3       javax.swing.SwingUtilities::appContextGet (8 bytes)
Event: 25.910 Thread 0x000001fa7fc00460 nmethod 5687 0x000001fa66813290 code [0x000001fa66813440, 0x000001fa66813598]
Event: 26.029 Thread 0x000001fa7fa74b70 nmethod 5685 0x000001fa6e535d90 code [0x000001fa6e536280, 0x000001fa6e539d50]
Event: 26.029 Thread 0x000001fa7fa74b70 5688       4       features.courses.presentation.courses.component.PaginationTableKt::access$PaginatedTable$lambda$4 (5 bytes)
Event: 26.037 Thread 0x000001fa7fa74b70 nmethod 5688 0x000001fa6e259610 code [0x000001fa6e2597e0, 0x000001fa6e259e98]
Event: 26.037 Thread 0x000001fa7fa74b70 5686       4       androidx.compose.material.ColorsKt::contentColorFor-4WTKRHQ (141 bytes)
Event: 26.133 Thread 0x000001fa7fa74b70 nmethod 5686 0x000001fa6e53d090 code [0x000001fa6e53d4c0, 0x000001fa6e540898]
Event: 26.133 Thread 0x000001fa7fa74b70 5689       4       androidx.compose.ui.unit.IntSizeKt::IntSize (18 bytes)
Event: 26.133 Thread 0x000001fa7fa74b70 nmethod 5689 0x000001fa6e259310 code [0x000001fa6e259480, 0x000001fa6e2594f8]
Event: 26.376 Thread 0x000001fa7fa74b70 5690       4       androidx.compose.runtime.collection.MutableVector$MutableVectorList::get (22 bytes)
Event: 26.378 Thread 0x000001fa7fa74b70 nmethod 5690 0x000001fa6e258e90 code [0x000001fa6e259020, 0x000001fa6e259138]
Event: 26.410 Thread 0x000001fa7fa74b70 5691       4       androidx.compose.material.DefaultButtonColors::equals (107 bytes)
Event: 26.411 Thread 0x000001fa7fa74b70 nmethod 5691 0x000001fa6e2db810 code [0x000001fa6e2db9a0, 0x000001fa6e2dbb58]
Event: 27.314 Thread 0x000001fa7fc00460 5692       3       java.util.IdentityHashMap$IdentityHashMapIterator::nextIndex (72 bytes)
Event: 27.315 Thread 0x000001fa7fc00460 nmethod 5692 0x000001fa66726d90 code [0x000001fa66726f60, 0x000001fa667273a8]

GC Heap History (16 events):
Event: 0.530 GC heap before
{Heap before GC invocations=0 (full 0):
 garbage-first heap   total 260096K, used 12288K [0x0000000702600000, 0x0000000800000000)
  region size 2048K, 6 young (12288K), 0 survivors (0K)
 Metaspace       used 1758K, committed 1856K, reserved 1114112K
  class space    used 161K, committed 192K, reserved 1048576K
}
Event: 0.545 GC heap after
{Heap after GC invocations=1 (full 0):
 garbage-first heap   total 260096K, used 7266K [0x0000000702600000, 0x0000000800000000)
  region size 2048K, 1 young (2048K), 1 survivors (2048K)
 Metaspace       used 1758K, committed 1856K, reserved 1114112K
  class space    used 161K, committed 192K, reserved 1048576K
}
Event: 0.854 GC heap before
{Heap before GC invocations=1 (full 0):
 garbage-first heap   total 260096K, used 15458K [0x0000000702600000, 0x0000000800000000)
  region size 2048K, 6 young (12288K), 1 survivors (2048K)
 Metaspace       used 5817K, committed 6016K, reserved 1114112K
  class space    used 468K, committed 576K, reserved 1048576K
}
Event: 0.856 GC heap after
{Heap after GC invocations=2 (full 0):
 garbage-first heap   total 260096K, used 7913K [0x0000000702600000, 0x0000000800000000)
  region size 2048K, 1 young (2048K), 1 survivors (2048K)
 Metaspace       used 5817K, committed 6016K, reserved 1114112K
  class space    used 468K, committed 576K, reserved 1048576K
}
Event: 2.276 GC heap before
{Heap before GC invocations=2 (full 0):
 garbage-first heap   total 260096K, used 36585K [0x0000000702600000, 0x0000000800000000)
  region size 2048K, 15 young (30720K), 1 survivors (2048K)
 Metaspace       used 14968K, committed 15168K, reserved 1114112K
  class space    used 1537K, committed 1600K, reserved 1048576K
}
Event: 2.279 GC heap after
{Heap after GC invocations=3 (full 0):
 garbage-first heap   total 260096K, used 9915K [0x0000000702600000, 0x0000000800000000)
  region size 2048K, 2 young (4096K), 2 survivors (4096K)
 Metaspace       used 14968K, committed 15168K, reserved 1114112K
  class space    used 1537K, committed 1600K, reserved 1048576K
}
Event: 3.556 GC heap before
{Heap before GC invocations=3 (full 0):
 garbage-first heap   total 260096K, used 42683K [0x0000000702600000, 0x0000000800000000)
  region size 2048K, 19 young (38912K), 2 survivors (4096K)
 Metaspace       used 21343K, committed 21504K, reserved 1114112K
  class space    used 2281K, committed 2368K, reserved 1048576K
}
Event: 3.560 GC heap after
{Heap after GC invocations=4 (full 0):
 garbage-first heap   total 260096K, used 11220K [0x0000000702600000, 0x0000000800000000)
  region size 2048K, 2 young (4096K), 2 survivors (4096K)
 Metaspace       used 21343K, committed 21504K, reserved 1114112K
  class space    used 2281K, committed 2368K, reserved 1048576K
}
Event: 5.367 GC heap before
{Heap before GC invocations=5 (full 0):
 garbage-first heap   total 49152K, used 37844K [0x0000000702600000, 0x0000000800000000)
  region size 2048K, 10 young (20480K), 2 survivors (4096K)
 Metaspace       used 24281K, committed 24512K, reserved 1114112K
  class space    used 2623K, committed 2752K, reserved 1048576K
}
Event: 5.373 GC heap after
{Heap after GC invocations=6 (full 0):
 garbage-first heap   total 49152K, used 24172K [0x0000000702600000, 0x0000000800000000)
  region size 2048K, 1 young (2048K), 1 survivors (2048K)
 Metaspace       used 24281K, committed 24512K, reserved 1114112K
  class space    used 2623K, committed 2752K, reserved 1048576K
}
Event: 5.419 GC heap before
{Heap before GC invocations=6 (full 0):
 garbage-first heap   total 49152K, used 26220K [0x0000000702600000, 0x0000000800000000)
  region size 2048K, 2 young (4096K), 1 survivors (2048K)
 Metaspace       used 24640K, committed 24896K, reserved 1114112K
  class space    used 2668K, committed 2816K, reserved 1048576K
}
Event: 5.424 GC heap after
{Heap after GC invocations=7 (full 0):
 garbage-first heap   total 49152K, used 17926K [0x0000000702600000, 0x0000000800000000)
  region size 2048K, 1 young (2048K), 1 survivors (2048K)
 Metaspace       used 24640K, committed 24896K, reserved 1114112K
  class space    used 2668K, committed 2816K, reserved 1048576K
}
Event: 5.725 GC heap before
{Heap before GC invocations=7 (full 0):
 garbage-first heap   total 49152K, used 32262K [0x0000000702600000, 0x0000000800000000)
  region size 2048K, 8 young (16384K), 1 survivors (2048K)
 Metaspace       used 26782K, committed 26944K, reserved 1114112K
  class space    used 2936K, committed 3008K, reserved 1048576K
}
Event: 5.728 GC heap after
{Heap after GC invocations=8 (full 0):
 garbage-first heap   total 49152K, used 19508K [0x0000000702600000, 0x0000000800000000)
  region size 2048K, 1 young (2048K), 1 survivors (2048K)
 Metaspace       used 26782K, committed 26944K, reserved 1114112K
  class space    used 2936K, committed 3008K, reserved 1048576K
}
Event: 6.143 GC heap before
{Heap before GC invocations=8 (full 0):
 garbage-first heap   total 49152K, used 33844K [0x0000000702600000, 0x0000000800000000)
  region size 2048K, 8 young (16384K), 1 survivors (2048K)
 Metaspace       used 30030K, committed 30272K, reserved 1114112K
  class space    used 3329K, committed 3456K, reserved 1048576K
}
Event: 6.149 GC heap after
{Heap after GC invocations=9 (full 0):
 garbage-first heap   total 155648K, used 20748K [0x0000000702600000, 0x0000000800000000)
  region size 2048K, 1 young (2048K), 1 survivors (2048K)
 Metaspace       used 30030K, committed 30272K, reserved 1114112K
  class space    used 3329K, committed 3456K, reserved 1048576K
}

Dll operation events (14 events):
Event: 0.011 Loaded shared library C:\Users\HP\.jdks\corretto-17.0.7\bin\java.dll
Event: 0.023 Loaded shared library C:\Users\HP\.jdks\corretto-17.0.7\bin\jsvml.dll
Event: 0.189 Loaded shared library C:\Users\HP\.jdks\corretto-17.0.7\bin\zip.dll
Event: 0.192 Loaded shared library C:\Users\HP\.jdks\corretto-17.0.7\bin\instrument.dll
Event: 0.199 Loaded shared library C:\Users\HP\.jdks\corretto-17.0.7\bin\net.dll
Event: 0.201 Loaded shared library C:\Users\HP\.jdks\corretto-17.0.7\bin\nio.dll
Event: 0.205 Loaded shared library C:\Users\HP\.jdks\corretto-17.0.7\bin\zip.dll
Event: 0.340 Loaded shared library C:\Program Files\JetBrains\IntelliJ IDEA Community Edition 2021.3.2\bin\breakgen64.dll
Event: 0.567 Loaded shared library C:\Users\HP\.jdks\corretto-17.0.7\bin\jimage.dll
Event: 0.572 Loaded shared library C:\Users\HP\.jdks\corretto-17.0.7\bin\awt.dll
Event: 1.608 Loaded shared library C:\Users\HP\.skiko\0de0d8dd8554d9bb66cfca3837db6514ff9b71080e998917280a3b777460a416\skiko-windows-x64.dll
Event: 2.115 Loaded shared library C:\Users\HP\.jdks\corretto-17.0.7\bin\freetype.dll
Event: 2.116 Loaded shared library C:\Users\HP\.jdks\corretto-17.0.7\bin\fontmanager.dll
Event: 6.005 Loaded shared library C:\Users\HP\AppData\Local\io-realm-kotlin\f7113120ba00ba1ff91d696eecd3919e85a4e34e\realmc.dll

Deoptimization events (20 events):
Event: 15.504 Thread 0x000001fa063142c0 Uncommon trap: trap_request=0xffffffd6 fr.pc=0x000001fa6e4d8498 relative=0x00000000000043f8
Event: 15.504 Thread 0x000001fa063142c0 Uncommon trap: reason=array_check action=maybe_recompile pc=0x000001fa6e4d8498 method=androidx.compose.runtime.collection.MutableVector.add(Ljava/lang/Object;)Z @ 19 c2
Event: 15.504 Thread 0x000001fa063142c0 DEOPT PACKING pc=0x000001fa6e4d8498 sp=0x000000c22bafdd70
Event: 15.504 Thread 0x000001fa063142c0 DEOPT UNPACKING pc=0x000001fa6dca69a3 sp=0x000000c22bafdd10 mode 2
Event: 16.878 Thread 0x000001fa063142c0 Uncommon trap: trap_request=0xffffffde fr.pc=0x000001fa6e4a9778 relative=0x0000000000000bb8
Event: 16.878 Thread 0x000001fa063142c0 Uncommon trap: reason=class_check action=maybe_recompile pc=0x000001fa6e4a9778 method=java.awt.EventQueue.dispatchEventImpl(Ljava/awt/AWTEvent;Ljava/lang/Object;)V @ 18 c2
Event: 16.878 Thread 0x000001fa063142c0 DEOPT PACKING pc=0x000001fa6e4a9778 sp=0x000000c22bafed50
Event: 16.878 Thread 0x000001fa063142c0 DEOPT UNPACKING pc=0x000001fa6dca69a3 sp=0x000000c22bafecd0 mode 2
Event: 16.881 Thread 0x000001fa063142c0 Uncommon trap: trap_request=0xffffff45 fr.pc=0x000001fa6e414174 relative=0x00000000000001d4
Event: 16.881 Thread 0x000001fa063142c0 Uncommon trap: reason=unstable_if action=reinterpret pc=0x000001fa6e414174 method=androidx.compose.foundation.layout.SizeModifier.<init>(FFFFZLkotlin/jvm/functions/Function1;ILkotlin/jvm/internal/DefaultConstructorMarker;)V @ 4 c2
Event: 16.881 Thread 0x000001fa063142c0 DEOPT PACKING pc=0x000001fa6e414174 sp=0x000000c22bafcf20
Event: 16.882 Thread 0x000001fa063142c0 DEOPT UNPACKING pc=0x000001fa6dca69a3 sp=0x000000c22bafcf00 mode 2
Event: 16.939 Thread 0x000001fa063142c0 Uncommon trap: trap_request=0xffffffde fr.pc=0x000001fa6e4ab9a8 relative=0x0000000000001528
Event: 16.939 Thread 0x000001fa063142c0 Uncommon trap: reason=class_check action=maybe_recompile pc=0x000001fa6e4ab9a8 method=java.awt.EventQueue.dispatchEventImpl(Ljava/awt/AWTEvent;Ljava/lang/Object;)V @ 18 c2
Event: 16.939 Thread 0x000001fa063142c0 DEOPT PACKING pc=0x000001fa6e4ab9a8 sp=0x000000c22bafee40
Event: 16.939 Thread 0x000001fa063142c0 DEOPT UNPACKING pc=0x000001fa6dca69a3 sp=0x000000c22bafeb78 mode 2
Event: 16.939 Thread 0x000001fa063142c0 Uncommon trap: trap_request=0xffffffde fr.pc=0x000001fa6e4ab9a8 relative=0x0000000000001528
Event: 16.940 Thread 0x000001fa063142c0 Uncommon trap: reason=class_check action=maybe_recompile pc=0x000001fa6e4ab9a8 method=java.awt.EventQueue.dispatchEventImpl(Ljava/awt/AWTEvent;Ljava/lang/Object;)V @ 18 c2
Event: 16.940 Thread 0x000001fa063142c0 DEOPT PACKING pc=0x000001fa6e4ab9a8 sp=0x000000c22bafee40
Event: 16.940 Thread 0x000001fa063142c0 DEOPT UNPACKING pc=0x000001fa6dca69a3 sp=0x000000c22bafeb78 mode 2

Classes unloaded (0 events):
No events

Classes redefined (0 events):
No events

Internal exceptions (20 events):
Event: 0.594 Thread 0x000001fa5d426e70 Exception <a 'java/io/FileNotFoundException'{0x00000007122b9870}> (0x00000007122b9870) 
thrown [s\src\hotspot\share\prims\jni.cpp, line 516]
Event: 0.940 Thread 0x000001fa063142c0 Exception <a 'java/lang/NoSuchMethodError'{0x0000000712013050}: 'java.lang.Object java.lang.invoke.DirectMethodHandle$Holder.invokeStaticInit(java.lang.Object, int, int, int, int)'> (0x0000000712013050) 
thrown [s\src\hotspot\share\interpreter\linkResolver.cpp, line 759]
Event: 1.200 Thread 0x000001fa063142c0 Exception <a 'java/lang/NoSuchMethodError'{0x0000000711e03270}: 'java.lang.Object java.lang.invoke.DirectMethodHandle$Holder.invokeStaticInit(java.lang.Object, java.lang.Object, int, int, int, int)'> (0x0000000711e03270) 
thrown [s\src\hotspot\share\interpreter\linkResolver.cpp, line 759]
Event: 1.329 Thread 0x000001fa063142c0 Exception <a 'java/lang/NoSuchMethodError'{0x0000000711d59f78}: 'double java.lang.invoke.DirectMethodHandle$Holder.invokeStatic(java.lang.Object, double)'> (0x0000000711d59f78) 
thrown [s\src\hotspot\share\interpreter\linkResolver.cpp, line 759]
Event: 1.330 Thread 0x000001fa063142c0 Exception <a 'java/lang/NoSuchMethodError'{0x0000000711d5d9d8}: 'double java.lang.invoke.DirectMethodHandle$Holder.invokeStaticInit(java.lang.Object, double)'> (0x0000000711d5d9d8) 
thrown [s\src\hotspot\share\interpreter\linkResolver.cpp, line 759]
Event: 1.344 Thread 0x000001fa063142c0 Exception <a 'java/lang/NoSuchMethodError'{0x0000000711da5af0}: 'java.lang.Object java.lang.invoke.DirectMethodHandle$Holder.newInvokeSpecial(java.lang.Object, double)'> (0x0000000711da5af0) 
thrown [s\src\hotspot\share\interpreter\linkResolver.cpp, line 759]
Event: 1.895 Thread 0x000001fa063142c0 Exception <a 'java/lang/NoSuchMethodError'{0x0000000710f9f6d0}: 'void java.lang.invoke.DirectMethodHandle$Holder.invokeSpecial(java.lang.Object, java.lang.Object, java.lang.Object)'> (0x0000000710f9f6d0) 
thrown [s\src\hotspot\share\interpreter\linkResolver.cpp, line 759]
Event: 1.909 Thread 0x000001fa063142c0 Exception <a 'java/lang/NoSuchMethodError'{0x0000000710fc9b10}: 'java.lang.Object java.lang.invoke.DirectMethodHandle$Holder.newInvokeSpecial(java.lang.Object, java.lang.Object, java.lang.Object, java.lang.Object, java.lang.Object)'> (0x0000000710fc9b10) 
thrown [s\src\hotspot\share\interpreter\linkResolver.cpp, line 759]
Event: 1.911 Thread 0x000001fa063142c0 Exception <a 'java/lang/NoSuchMethodError'{0x0000000710fd5780}: 'java.lang.Object java.lang.invoke.DirectMethodHandle$Holder.invokeStatic(java.lang.Object, int, java.lang.Object, java.lang.Object, java.lang.Object, java.lang.Object)'> (0x0000000710fd5780) 
thrown [s\src\hotspot\share\interpreter\linkResolver.cpp, line 759]
Event: 1.920 Thread 0x000001fa063142c0 Exception <a 'java/lang/NoSuchMethodError'{0x0000000710ffb1e8}: 'java.lang.Object java.lang.invoke.DirectMethodHandle$Holder.invokeStatic(java.lang.Object, int, java.lang.Object)'> (0x0000000710ffb1e8) 
thrown [s\src\hotspot\share\interpreter\linkResolver.cpp, line 759]
Event: 1.954 Thread 0x000001fa063142c0 Exception <a 'java/lang/ClassNotFoundException'{0x0000000710cb7918}: com/sun/swing/internal/plaf/metal/resources/spi/metalProvider> (0x0000000710cb7918) 
thrown [s\src\hotspot\share\classfile\systemDictionary.cpp, line 256]
Event: 1.955 Thread 0x000001fa063142c0 Exception <a 'java/lang/ClassNotFoundException'{0x0000000710cbb8b8}: com/sun/swing/internal/plaf/basic/resources/spi/basicProvider> (0x0000000710cbb8b8) 
thrown [s\src\hotspot\share\classfile\systemDictionary.cpp, line 256]
Event: 1.966 Thread 0x000001fa063142c0 Implicit null exception at 0x000001fa6e224610 to 0x000001fa6e2249e4
Event: 1.966 Thread 0x000001fa063142c0 Implicit null exception at 0x000001fa6e218010 to 0x000001fa6e2183c8
Event: 2.000 Thread 0x000001fa063142c0 Exception <a 'java/lang/NoSuchMethodError'{0x0000000710dcc6f0}: 'void java.lang.invoke.DirectMethodHandle$Holder.invokeStatic(java.lang.Object, java.lang.Object, java.lang.Object)'> (0x0000000710dcc6f0) 
thrown [s\src\hotspot\share\interpreter\linkResolver.cpp, line 759]
Event: 2.109 Thread 0x000001fa063142c0 Exception <a 'java/lang/NoSuchMethodError'{0x0000000710893578}: 'void java.lang.invoke.DirectMethodHandle$Holder.invokeStaticInit(java.lang.Object)'> (0x0000000710893578) 
thrown [s\src\hotspot\share\interpreter\linkResolver.cpp, line 759]
Event: 2.351 Thread 0x000001fa063142c0 Exception <a 'java/lang/NoSuchMethodError'{0x000000071212ef28}: 'int java.lang.invoke.DirectMethodHandle$Holder.invokeStaticInit(java.lang.Object, java.lang.Object, java.lang.Object)'> (0x000000071212ef28) 
thrown [s\src\hotspot\share\interpreter\linkResolver.cpp, line 759]
Event: 2.891 Thread 0x000001fa067bad90 Exception <a 'java/lang/NoSuchMethodError'{0x0000000710a00b68}: 'void java.lang.invoke.DirectMethodHandle$Holder.invokeVirtual(java.lang.Object, java.lang.Object)'> (0x0000000710a00b68) 
thrown [s\src\hotspot\share\interpreter\linkResolver.cpp, line 759]
Event: 5.210 Thread 0x000001fa063142c0 Exception <a 'java/lang/NoSuchMethodError'{0x0000000704af8b90}: 'int java.lang.invoke.DirectMethodHandle$Holder.invokeStaticInit(java.lang.Object, long, long)'> (0x0000000704af8b90) 
thrown [s\src\hotspot\share\interpreter\linkResolver.cpp, line 759]
Event: 5.895 Thread 0x000001fa063142c0 Exception <a 'java/lang/NoSuchMethodError'{0x000000070fb5e940}: 'java.lang.Object java.lang.invoke.DirectMethodHandle$Holder.newInvokeSpecial(java.lang.Object, int, java.lang.Object)'> (0x000000070fb5e940) 
thrown [s\src\hotspot\share\interpreter\linkResolver.cpp, line 759]

VM Operations (20 events):
Event: 17.974 Executing VM operation: HandshakeAllThreads
Event: 17.975 Executing VM operation: HandshakeAllThreads done
Event: 17.987 Executing VM operation: HandshakeAllThreads
Event: 17.987 Executing VM operation: HandshakeAllThreads done
Event: 18.005 Executing VM operation: HandshakeAllThreads
Event: 18.005 Executing VM operation: HandshakeAllThreads done
Event: 19.025 Executing VM operation: Cleanup
Event: 19.025 Executing VM operation: Cleanup done
Event: 21.050 Executing VM operation: Cleanup
Event: 21.050 Executing VM operation: Cleanup done
Event: 22.064 Executing VM operation: Cleanup
Event: 22.064 Executing VM operation: Cleanup done
Event: 23.066 Executing VM operation: Cleanup
Event: 23.066 Executing VM operation: Cleanup done
Event: 24.068 Executing VM operation: Cleanup
Event: 24.068 Executing VM operation: Cleanup done
Event: 25.082 Executing VM operation: Cleanup
Event: 25.082 Executing VM operation: Cleanup done
Event: 26.085 Executing VM operation: Cleanup
Event: 26.085 Executing VM operation: Cleanup done

Events (20 events):
Event: 18.011 Thread 0x000001fa7fa7e8a0 flushing nmethod 0x000001fa66fd2b10
Event: 18.011 Thread 0x000001fa7fa7e8a0 flushing nmethod 0x000001fa66ff1110
Event: 18.011 Thread 0x000001fa7fa7e8a0 flushing nmethod 0x000001fa67000910
Event: 18.011 Thread 0x000001fa7fa7e8a0 flushing nmethod 0x000001fa6704db10
Event: 18.011 Thread 0x000001fa7fa7e8a0 flushing nmethod 0x000001fa67079390
Event: 18.012 Thread 0x000001fa7fa7e8a0 flushing nmethod 0x000001fa671a7810
Event: 18.012 Thread 0x000001fa7fa7e8a0 flushing nmethod 0x000001fa671aa010
Event: 18.012 Thread 0x000001fa7fa7e8a0 flushing nmethod 0x000001fa671ac110
Event: 18.012 Thread 0x000001fa7fa7e8a0 flushing nmethod 0x000001fa671bb410
Event: 27.313 loading class jdk/internal/misc/Signal$1
Event: 27.313 loading class jdk/internal/misc/Signal$1 done
Event: 27.313 Thread 0x000001fa06fcda20 Thread added: 0x000001fa06fcda20
Event: 27.314 Thread 0x000001fa06fcc6e0 Thread added: 0x000001fa06fcc6e0
Event: 27.314 Thread 0x000001fa06fcb870 Thread added: 0x000001fa06fcb870
Event: 27.314 Thread 0x000001fa06fcf700 Thread added: 0x000001fa06fcf700
Event: 27.316 Thread 0x000001fa06fcb870 Thread exited: 0x000001fa06fcb870
Event: 27.322 Thread 0x000001fa06fcf700 Thread exited: 0x000001fa06fcf700
Event: 27.322 Thread 0x000001fa06bacf30 Thread exited: 0x000001fa06bacf30
Event: 27.322 Thread 0x000001fa06fce890 Thread exited: 0x000001fa06fce890
Event: 27.324 Thread 0x000001fa067bad90 Thread exited: 0x000001fa067bad90


Dynamic libraries:
0x00007ff7eeda0000 - 0x00007ff7eedad000 	C:\Users\HP\.jdks\corretto-17.0.7\bin\java.exe
0x00007ffee9b50000 - 0x00007ffee9d48000 	C:\Windows\SYSTEM32\ntdll.dll
0x00007ffee90d0000 - 0x00007ffee918f000 	C:\Windows\System32\KERNEL32.DLL
0x00007ffee7790000 - 0x00007ffee7a86000 	C:\Windows\System32\KERNELBASE.dll
0x00007ffee7410000 - 0x00007ffee7510000 	C:\Windows\System32\ucrtbase.dll
0x00007ffedd130000 - 0x00007ffedd147000 	C:\Users\HP\.jdks\corretto-17.0.7\bin\jli.dll
0x00007ffee9970000 - 0x00007ffee9b0d000 	C:\Windows\System32\USER32.dll
0x00007ffee76c0000 - 0x00007ffee76e2000 	C:\Windows\System32\win32u.dll
0x00007ffee90a0000 - 0x00007ffee90cc000 	C:\Windows\System32\GDI32.dll
0x00007ffee7a90000 - 0x00007ffee7ba5000 	C:\Windows\System32\gdi32full.dll
0x00007ffee72c0000 - 0x00007ffee735d000 	C:\Windows\System32\msvcp_win.dll
0x00007ffedf250000 - 0x00007ffedf265000 	C:\Users\HP\.jdks\corretto-17.0.7\bin\VCRUNTIME140.dll
0x00007ffecd150000 - 0x00007ffecd3ea000 	C:\Windows\WinSxS\amd64_microsoft.windows.common-controls_6595b64144ccf1df_6.0.19041.1110_none_60b5254171f9507e\COMCTL32.dll
0x00007ffee8310000 - 0x00007ffee83ae000 	C:\Windows\System32\msvcrt.dll
0x00007ffee8600000 - 0x00007ffee8630000 	C:\Windows\System32\IMM32.DLL
0x00007ffec73d0000 - 0x00007ffec746b000 	C:\Users\HP\.jdks\corretto-17.0.7\bin\msvcp140.dll
0x00007ffea5510000 - 0x00007ffea612a000 	C:\Users\HP\.jdks\corretto-17.0.7\bin\server\jvm.dll
0x00007ffee8630000 - 0x00007ffee86df000 	C:\Windows\System32\ADVAPI32.dll
0x00007ffee8560000 - 0x00007ffee85fc000 	C:\Windows\System32\sechost.dll
0x00007ffee7d70000 - 0x00007ffee7e96000 	C:\Windows\System32\RPCRT4.dll
0x00007ffee0fa0000 - 0x00007ffee0fa9000 	C:\Windows\SYSTEM32\WSOCK32.dll
0x00007ffecca00000 - 0x00007ffecca27000 	C:\Windows\SYSTEM32\WINMM.dll
0x00007ffee8e70000 - 0x00007ffee8edb000 	C:\Windows\System32\WS2_32.dll
0x00007ffedb320000 - 0x00007ffedb32a000 	C:\Windows\SYSTEM32\VERSION.dll
0x00007ffee5a20000 - 0x00007ffee5a32000 	C:\Windows\SYSTEM32\kernel.appcore.dll
0x00007ffedf290000 - 0x00007ffedf29a000 	C:\Users\HP\.jdks\corretto-17.0.7\bin\jimage.dll
0x00007ffee1f40000 - 0x00007ffee2124000 	C:\Windows\SYSTEM32\DBGHELP.DLL
0x00007ffecec70000 - 0x00007ffececa4000 	C:\Windows\SYSTEM32\dbgcore.DLL
0x00007ffee7230000 - 0x00007ffee72b2000 	C:\Windows\System32\bcryptPrimitives.dll
0x00007ffede550000 - 0x00007ffede55e000 	C:\Users\HP\.jdks\corretto-17.0.7\bin\instrument.dll
0x00007ffedbcf0000 - 0x00007ffedbd15000 	C:\Users\HP\.jdks\corretto-17.0.7\bin\java.dll
0x00007ffebaa40000 - 0x00007ffebab16000 	C:\Users\HP\.jdks\corretto-17.0.7\bin\jsvml.dll
0x00007ffee9190000 - 0x00007ffee98d4000 	C:\Windows\System32\SHELL32.dll
0x00007ffee2130000 - 0x00007ffee28c4000 	C:\Windows\SYSTEM32\windows.storage.dll
0x00007ffee8890000 - 0x00007ffee8be4000 	C:\Windows\System32\combase.dll
0x00007ffee6ab0000 - 0x00007ffee6ade000 	C:\Windows\SYSTEM32\Wldp.dll
0x00007ffee8f90000 - 0x00007ffee903d000 	C:\Windows\System32\SHCORE.dll
0x00007ffee9040000 - 0x00007ffee9095000 	C:\Windows\System32\shlwapi.dll
0x00007ffee7160000 - 0x00007ffee7185000 	C:\Windows\SYSTEM32\profapi.dll
0x00007ffedbcc0000 - 0x00007ffedbcd8000 	C:\Users\HP\.jdks\corretto-17.0.7\bin\zip.dll
0x00007ffedc060000 - 0x00007ffedc079000 	C:\Users\HP\.jdks\corretto-17.0.7\bin\net.dll
0x00007ffed8570000 - 0x00007ffed867a000 	C:\Windows\SYSTEM32\WINHTTP.dll
0x00007ffee6890000 - 0x00007ffee68fa000 	C:\Windows\system32\mswsock.dll
0x00007ffedbfe0000 - 0x00007ffedbff5000 	C:\Users\HP\.jdks\corretto-17.0.7\bin\nio.dll
0x00007ffedbad0000 - 0x00007ffedbaea000 	C:\Program Files\JetBrains\IntelliJ IDEA Community Edition 2021.3.2\bin\breakgen64.dll
0x00007ffea94c0000 - 0x00007ffea9669000 	C:\Users\HP\.jdks\corretto-17.0.7\bin\awt.dll
0x00007ffee87c0000 - 0x00007ffee888d000 	C:\Windows\System32\OLEAUT32.dll
0x00007ffee0ec0000 - 0x00007ffee0f51000 	C:\Windows\SYSTEM32\apphelp.dll
0x00007ffee1180000 - 0x00007ffee121e000 	C:\Windows\system32\uxtheme.dll
0x00007ffee8440000 - 0x00007ffee8554000 	C:\Windows\System32\MSCTF.dll
0x00007ffee8c00000 - 0x00007ffee8d2a000 	C:\Windows\System32\ole32.dll
0x00007ffee1320000 - 0x00007ffee134f000 	C:\Windows\system32\DWMAPI.DLL
0x00007ffeb5d50000 - 0x00007ffeb5e75000 	C:\Windows\system32\opengl32.dll
0x00007ffeb67f0000 - 0x00007ffeb681c000 	C:\Windows\SYSTEM32\GLU32.dll
0x00007ffee6af0000 - 0x00007ffee6b08000 	C:\Windows\SYSTEM32\CRYPTSP.dll
0x00007ffee61d0000 - 0x00007ffee6204000 	C:\Windows\system32\rsaenh.dll
0x00007ffee7760000 - 0x00007ffee7787000 	C:\Windows\System32\bcrypt.dll
0x00007ffee7120000 - 0x00007ffee714e000 	C:\Windows\SYSTEM32\USERENV.dll
0x00007ffee6a20000 - 0x00007ffee6a2c000 	C:\Windows\SYSTEM32\CRYPTBASE.dll
0x00007ffee65a0000 - 0x00007ffee65dc000 	C:\Windows\SYSTEM32\IPHLPAPI.DLL
0x00007ffee7d60000 - 0x00007ffee7d68000 	C:\Windows\System32\NSI.dll
0x00007ffeda430000 - 0x00007ffeda447000 	C:\Windows\SYSTEM32\dhcpcsvc6.DLL
0x00007ffed8d80000 - 0x00007ffed8d9d000 	C:\Windows\SYSTEM32\dhcpcsvc.DLL
0x00007ffee65e0000 - 0x00007ffee66aa000 	C:\Windows\SYSTEM32\DNSAPI.dll
0x00007ffe9d3a0000 - 0x00007ffe9e3ec000 	C:\Users\HP\.skiko\0de0d8dd8554d9bb66cfca3837db6514ff9b71080e998917280a3b777460a416\skiko-windows-x64.dll
0x00007ffec5960000 - 0x00007ffec59e3000 	C:\Users\HP\.jdks\corretto-17.0.7\bin\freetype.dll
0x00007ffeb1cf0000 - 0x00007ffeb1db2000 	C:\Users\HP\.jdks\corretto-17.0.7\bin\fontmanager.dll
0x00007ffedbd50000 - 0x00007ffedbd57000 	C:\Users\HP\.jdks\corretto-17.0.7\bin\jawt.dll
0x00007ffee5a90000 - 0x00007ffee5b83000 	C:\Windows\SYSTEM32\Dxgi.dll
0x00007ffedb970000 - 0x00007ffedb990000 	C:\Windows\SYSTEM32\D3D12.dll
0x00007ffea8b90000 - 0x00007ffea8d5d000 	C:\Windows\SYSTEM32\D3D12Core.dll
0x00007ffeda9e0000 - 0x00007ffedaa1b000 	C:\Windows\SYSTEM32\dxcore.dll
0x00007ffee7670000 - 0x00007ffee76be000 	C:\Windows\System32\cfgmgr32.dll
0x00007ffed4390000 - 0x00007ffed6fa9000 	C:\Windows\System32\DriverStore\FileRepository\igdlh64.inf_amd64_e6daaea9afe1e6f6\igc64.dll
0x00007ffe72ab0000 - 0x00007ffe73f83000 	C:\Windows\System32\DriverStore\FileRepository\igdlh64.inf_amd64_e6daaea9afe1e6f6\igd12umd64.dll
0x00007ffeda000000 - 0x00007ffeda257000 	C:\Windows\System32\DriverStore\FileRepository\igdlh64.inf_amd64_e6daaea9afe1e6f6\igdgmm64.dll
0x00007ffea2920000 - 0x00007ffea2d2b000 	C:\Windows\System32\DriverStore\FileRepository\igdlh64.inf_amd64_e6daaea9afe1e6f6\igdml64.dll
0x00007ffeca980000 - 0x00007ffeca9ab000 	C:\Windows\SYSTEM32\D3DSCache.dll
0x00007ffe51780000 - 0x00007ffe55f82000 	C:\Windows\System32\DriverStore\FileRepository\igdlh64.inf_amd64_e6daaea9afe1e6f6\igd12dxva64.dll
0x00007ffee7ea0000 - 0x00007ffee830e000 	C:\Windows\System32\SETUPAPI.dll
0x00007ffe96bf0000 - 0x00007ffe96c17000 	C:\Windows\System32\DriverStore\FileRepository\igdlh64.inf_amd64_e6daaea9afe1e6f6\igdinfo64.dll
0x00007ffeddf50000 - 0x00007ffede157000 	C:\Windows\SYSTEM32\twinapi.appcore.dll
0x00007ffee8ee0000 - 0x00007ffee8f89000 	C:\Windows\System32\clbcatq.dll
0x00007ffe744c0000 - 0x00007ffe75492000 	C:\Windows\System32\DriverStore\FileRepository\igdlh64.inf_amd64_e6daaea9afe1e6f6\ig9icd64.dll
0x00007ffee7090000 - 0x00007ffee70db000 	C:\Windows\SYSTEM32\powrprof.dll
0x00007ffee7070000 - 0x00007ffee7082000 	C:\Windows\SYSTEM32\UMPDC.dll
0x00007ffed2250000 - 0x00007ffed24cf000 	C:\Windows\SYSTEM32\dwrite.dll
0x00007ffed3ec0000 - 0x00007ffed3fb9000 	C:\Windows\SYSTEM32\textinputframework.dll
0x00007ffee0460000 - 0x00007ffee07be000 	C:\Windows\System32\CoreUIComponents.dll
0x00007ffee0b40000 - 0x00007ffee0c32000 	C:\Windows\System32\CoreMessaging.dll
0x00007ffee62f0000 - 0x00007ffee6323000 	C:\Windows\SYSTEM32\ntmarta.dll
0x00007ffedf450000 - 0x00007ffedf5a4000 	C:\Windows\SYSTEM32\wintypes.dll
0x00007ffe60f60000 - 0x00007ffe61812000 	C:\Users\HP\AppData\Local\io-realm-kotlin\f7113120ba00ba1ff91d696eecd3919e85a4e34e\realmc.dll
0x00007ffee7510000 - 0x00007ffee766e000 	C:\Windows\System32\CRYPT32.dll

dbghelp: loaded successfully - version: 4.0.5 - missing functions: none
symbol engine: initialized successfully - sym options: 0x614 - pdb path: .;C:\Users\HP\.jdks\corretto-17.0.7\bin;C:\Windows\SYSTEM32;C:\Windows\WinSxS\amd64_microsoft.windows.common-controls_6595b64144ccf1df_6.0.19041.1110_none_60b5254171f9507e;C:\Users\HP\.jdks\corretto-17.0.7\bin\server;C:\Program Files\JetBrains\IntelliJ IDEA Community Edition 2021.3.2\bin;C:\Users\HP\.skiko\0de0d8dd8554d9bb66cfca3837db6514ff9b71080e998917280a3b777460a416;C:\Windows\System32\DriverStore\FileRepository\igdlh64.inf_amd64_e6daaea9afe1e6f6;C:\Users\HP\AppData\Local\io-realm-kotlin\f7113120ba00ba1ff91d696eecd3919e85a4e34e

VM Arguments:
jvm_args: -Djava.library.path=C:\Users\HP\Desktop\newderar\build\classes\kotlin\jvm\main;C:\Users\HP\Desktop\newderar\build\processedResources\jvm\main -javaagent:C:\Program Files\JetBrains\IntelliJ IDEA Community Edition 2021.3.2\lib\idea_rt.jar=52567:C:\Program Files\JetBrains\IntelliJ IDEA Community Edition 2021.3.2\bin -Dfile.encoding=UTF-8 
java_command: MainKt
java_class_path (initial): C:\Users\HP\Desktop\newderar\build\classes\kotlin\jvm\main;C:\Users\HP\Desktop\newderar\build\processedResources\jvm\main;C:\Users\HP\.gradle\caches\modules-2\files-2.1\io.insert-koin\koin-androidx-compose\3.4.5\ae0a88b7a68d507e651c5a3d70a541594bea54cb\koin-androidx-compose-3.4.5.aar;C:\Users\HP\.gradle\caches\modules-2\files-2.1\androidx.navigation\navigation-compose\2.6.0\3f8ce7b0bad21cced0c47b42b6347c65a6e422c3\navigation-compose-2.6.0.aar;C:\Users\HP\.gradle\caches\modules-2\files-2.1\org.jetbrains.kotlin\kotlin-stdlib-jdk8\1.8.21\67f57e154437cd9e6e9cf368394b95814836ff88\kotlin-stdlib-jdk8-1.8.21.jar;C:\Users\HP\.gradle\caches\modules-2\files-2.1\org.apache.poi\poi-ooxml\4.1.2\87d9a22aa9a7dd26e80c360e709f7ee02e32ab3b\poi-ooxml-4.1.2.jar;C:\Users\HP\.gradle\caches\modules-2\files-2.1\org.apache.poi\poi\4.1.2\964bf41cf68bce08e4ef6b2279b559fdf8d454f4\poi-4.1.2.jar;C:\Users\HP\.gradle\caches\modules-2\files-2.1\org.lwjgl\lwjgl-nfd\3.3.1\622318116996ddcff449b46cb38f0fdee39b8ac3\lwjgl-nfd-3.3.1.jar;C:\Users\HP\.gradle\caches\modules-2\files-2.1\org.lwjgl\lwjgl-nfd\3.3.1\2e007667e04ed3281152ae5c6e677fb1c2211691\lwjgl-nfd-3.3.1-natives-linux.jar;C:\Users\HP\.gradle\caches\modules-2\files-2.1\org.lwjgl\lwjgl\3.3.1\ae58664f88e18a9bb2c77b063833ca7aaec484cb\lwjgl-3.3.1.jar;C:\Users\HP\.gradle\caches\modules-2\files-2.1\io.insert-koin\koin-android\3.4.0\48715fbe06102a59a30bd45b06ed2400c16c6f45\koin-android-3.4.0.aar;C:\Users\HP\.gradle\caches\modules-2\files-2.1\org.lwjgl\lwjgl-nfd\3.3.1\b3e04e317f55dd738d8a345cdafd15b39f85a2ea\lwjgl-nfd-3.3.1-natives-linux-arm32.jar;C:\Users\HP\.gradle\caches\modules-2\files-2.1\androidx.lifecycle\lifecycle-viewmodel-compose\2.6.1\38cf3bb65ff3e0e5c3d63de2ebf5411d0898108c\lifecycle-viewmodel-compose-2.6.1.aar;C:\Users\HP\.gradle\caches\modules-2\files-2.1\org.lwjgl\lwjgl-nfd\3.3.1\f41dc62336f7ee4ab35705cfa440cc903d199165\lwjgl-nfd-3.3.1-natives-linux-arm64.jar;C:\Users\HP\.gradle\caches\modules-2\files-2.1\androi
Launcher Type: SUN_STANDARD

[Global flags]
     intx CICompilerCount                          = 3                                         {product} {ergonomic}
     uint ConcGCThreads                            = 1                                         {product} {ergonomic}
     uint G1ConcRefinementThreads                  = 4                                         {product} {ergonomic}
   size_t G1HeapRegionSize                         = 2097152                                   {product} {ergonomic}
    uintx GCDrainStackTargetSize                   = 64                                        {product} {ergonomic}
   size_t InitialHeapSize                          = 266338304                                 {product} {ergonomic}
   size_t MarkStackSize                            = 4194304                                   {product} {ergonomic}
   size_t MaxHeapSize                              = 4255121408                                {product} {ergonomic}
   size_t MaxNewSize                               = 2552233984                                {product} {ergonomic}
   size_t MinHeapDeltaBytes                        = 2097152                                   {product} {ergonomic}
   size_t MinHeapSize                              = 8388608                                   {product} {ergonomic}
    uintx NonNMethodCodeHeapSize                   = 5832780                                {pd product} {ergonomic}
    uintx NonProfiledCodeHeapSize                  = 122912730                              {pd product} {ergonomic}
    uintx ProfiledCodeHeapSize                     = 122912730                              {pd product} {ergonomic}
    uintx ReservedCodeCacheSize                    = 251658240                              {pd product} {ergonomic}
     bool SegmentedCodeCache                       = true                                      {product} {ergonomic}
   size_t SoftMaxHeapSize                          = 4255121408                             {manageable} {ergonomic}
     bool UseCompressedClassPointers               = true                           {product lp64_product} {ergonomic}
     bool UseCompressedOops                        = true                           {product lp64_product} {ergonomic}
     bool UseG1GC                                  = true                                      {product} {ergonomic}
     bool UseLargePagesIndividualAllocation        = false                                  {pd product} {ergonomic}

Logging:
Log output configuration:
 #0: stdout all=warning uptime,level,tags
 #1: stderr all=off uptime,level,tags

Environment Variables:
PATH=C:\Program Files\Common Files\Oracle\Java\javapath;C:\Program Files (x86)\Common Files\Oracle\Java\javapath;C:\Windows\system32;C:\Windows;C:\Windows\System32\Wbem;C:\Windows\System32\WindowsPowerShell\v1.0\;C:\Windows\System32\OpenSSH\;C:\xampp\php;C:\ProgramData\ComposerSetup\bin;C:\Program Files\nodejs\;C:\Program Files (x86)\Intel\Intel(R) Management Engine Components\DAL;C:\Program Files\Intel\Intel(R) Management Engine Components\DAL;C:\Program Files\Git\cmd;C:\Program Files\Fortect;C:\Users\HP\AppData\Local\Microsoft\WindowsApps;C:\Program Files\JetBrains\IntelliJ IDEA Community Edition 2021.3.2\bin;C:\Users\HP\AppData\Local\Programs\Microsoft VS Code\bin;C:\Users\HP\AppData\Local\JetBrains\Toolbox\scripts;C:\Users\HP\AppData\Local\GitHubDesktop\bin;C:\Users\HP\Desktop\camp\flutter_windows_3.7.6-stable\flutter\bin;C:\Users\HP\AppData\Roaming\Composer\vendor\bin;C:\Users\HP\AppData\Roaming\npm
USERNAME=HP
OS=Windows_NT
PROCESSOR_IDENTIFIER=Intel64 Family 6 Model 142 Stepping 9, GenuineIntel
TMP=C:\Users\HP\AppData\Local\Temp
TEMP=C:\Users\HP\AppData\Local\Temp



---------------  S Y S T E M  ---------------

OS:
 Windows 10 , 64 bit Build 19041 (10.0.19041.3155)
OS uptime: 2 days 20:19 hours
Hyper-V role detected

CPU: total 4 (initial active 4) (2 cores per cpu, 2 threads per core) family 6 model 142 stepping 9 microcode 0xf2, cx8, cmov, fxsr, ht, mmx, 3dnowpref, sse, sse2, sse3, ssse3, sse4.1, sse4.2, popcnt, lzcnt, tsc, tscinvbit, avx, avx2, aes, erms, clmul, bmi1, bmi2, rtm, adx, fma, vzeroupper, clflush, clflushopt, hv

Memory: 4k page, system-wide physical 16224M (6251M free)
TotalPageFile size 32096M (AvailPageFile size 19962M)
current process WorkingSet (physical memory assigned to process): 319M, peak: 348M
current process commit charge ("private bytes"): 370M, peak: 434M

vm_info: OpenJDK 64-Bit Server VM (17.0.7+7-LTS) for windows-amd64 JRE (17.0.7+7-LTS), built on Apr 14 2023 01:39:21 by "Administrator" with MS VC++ 15.9 (VS2017)

END.
