#
# A fatal error has been detected by the Java Runtime Environment:
#
#  EXCEPTION_ACCESS_VIOLATION (0xc0000005) at pc=0x00007ffa6289ebe3, pid=5272, tid=7600
#
# JRE version: OpenJDK Runtime Environment Corretto-17.0.7.7.1 (17.0.7+7) (build 17.0.7+7-LTS)
# Java VM: OpenJDK 64-Bit Server VM Corretto-17.0.7.7.1 (17.0.7+7-LTS, mixed mode, sharing, tiered, compressed oops, compressed class ptrs, g1 gc, windows-amd64)
# Problematic frame:
# C  [ig9icd64.dll+0x9bebe3]
#
# No core dump will be written. Minidumps are not enabled by default on client versions of Windows
#
# If you would like to submit a bug report, please visit:
#   https://github.com/corretto/corretto-17/issues/
# The crash happened outside the Java Virtual Machine in native code.
# See problematic frame for where to report the bug.
#

---------------  S U M M A R Y ------------

Command Line: -Djava.library.path=C:\Users\HP\Desktop\demo-compose-desktop\build\classes\kotlin\jvm\main;C:\Users\HP\Desktop\demo-compose-desktop\build\processedResources\jvm\main -javaagent:C:\Program Files\JetBrains\IntelliJ IDEA Community Edition 2021.3.2\lib\idea_rt.jar=53832:C:\Program Files\JetBrains\IntelliJ IDEA Community Edition 2021.3.2\bin -Dfile.encoding=UTF-8 MainKt

Host: Intel(R) Core(TM) i5-7300U CPU @ 2.60GHz, 4 cores, 15G,  Windows 10 , 64 bit Build 19041 (10.0.19041.3155)
Time: Wed Jul 12 17:45:42 2023 Libya Standard Time elapsed time: 4.365083 seconds (0d 0h 0m 4s)

---------------  T H R E A D  ---------------

Current thread (0x000002073161f810):  JavaThread "AWT-EventQueue-0" [_thread_in_native, id=7600, stack(0x000000eacf400000,0x000000eacf500000)]

Stack: [0x000000eacf400000,0x000000eacf500000],  sp=0x000000eacf4faf98,  free space=1003k
Native frames: (J=compiled Java code, j=interpreted, Vv=VM code, C=native code)
C  [ig9icd64.dll+0x9bebe3]

Java frames: (J=compiled Java code, j=interpreted, Vv=VM code)
j  org.jetbrains.skia.DirectContextKt.DirectContext_nFlush(J)V+0
j  org.jetbrains.skia.DirectContextKt.access$DirectContext_nFlush(J)V+1
j  org.jetbrains.skia.DirectContext.flush()Lorg/jetbrains/skia/DirectContext;+10
j  org.jetbrains.skiko.context.ContextHandler.flush()V+8
j  org.jetbrains.skiko.context.ContextHandler.draw()V+87
j  org.jetbrains.skiko.redrawer.WindowsOpenGLRedrawer.redrawImmediately()V+187
j  org.jetbrains.skiko.SkiaLayer.paint(Ljava/awt/Graphics;)V+102
j  androidx.compose.ui.awt.ComposeLayer$ComponentImpl.paint(Ljava/awt/Graphics;)V+12
j  javax.swing.JComponent.paintChildren(Ljava/awt/Graphics;)V+523 java.desktop@17.0.7
j  javax.swing.JComponent.paint(Ljava/awt/Graphics;)V+318 java.desktop@17.0.7
j  javax.swing.JLayeredPane.paint(Ljava/awt/Graphics;)V+73 java.desktop@17.0.7
j  javax.swing.JComponent.paintChildren(Ljava/awt/Graphics;)V+523 java.desktop@17.0.7
j  javax.swing.JComponent.paint(Ljava/awt/Graphics;)V+318 java.desktop@17.0.7
j  androidx.compose.ui.window.Window_desktopKt$Window$11$1.invoke(Landroidx/compose/ui/awt/ComposeWindow;)V+75
j  androidx.compose.ui.window.Window_desktopKt$Window$11$1.invoke(Ljava/lang/Object;)Ljava/lang/Object;+5
j  androidx.compose.ui.window.AwtWindow_desktopKt$AwtWindow$3.invoke()V+13
j  androidx.compose.ui.window.AwtWindow_desktopKt$AwtWindow$3.invoke()Ljava/lang/Object;+1
j  androidx.compose.ui.util.UpdateEffect_desktopKt$UpdateEffect$2$performUpdate$1.invoke()V+7
j  androidx.compose.ui.util.UpdateEffect_desktopKt$UpdateEffect$2$performUpdate$1.invoke()Ljava/lang/Object;+1
j  androidx.compose.runtime.snapshots.Snapshot$Companion.observe(Lkotlin/jvm/functions/Function1;Lkotlin/jvm/functions/Function1;Lkotlin/jvm/functions/Function0;)Ljava/lang/Object;+108
j  androidx.compose.runtime.snapshots.SnapshotStateObserver$observeReads$1$1.invoke()V+15
j  androidx.compose.runtime.snapshots.SnapshotStateObserver$observeReads$1$1.invoke()Ljava/lang/Object;+1
j  androidx.compose.runtime.SnapshotStateKt__DerivedStateKt.observeDerivedStateRecalculations(Lkotlin/jvm/functions/Function1;Lkotlin/jvm/functions/Function1;Lkotlin/jvm/functions/Function0;)V+94
j  androidx.compose.runtime.SnapshotStateKt.observeDerivedStateRecalculations(Lkotlin/jvm/functions/Function1;Lkotlin/jvm/functions/Function1;Lkotlin/jvm/functions/Function0;)V+3
j  androidx.compose.runtime.snapshots.SnapshotStateObserver.observeReads(Ljava/lang/Object;Lkotlin/jvm/functions/Function1;Lkotlin/jvm/functions/Function0;)V+180
j  androidx.compose.ui.util.UpdateEffect_desktopKt$UpdateEffect$2.invoke$performUpdate(Landroidx/compose/runtime/snapshots/SnapshotStateObserver;Lkotlin/jvm/internal/Ref$ObjectRef;Landroidx/compose/runtime/State;)V+38
j  androidx.compose.ui.util.UpdateEffect_desktopKt$UpdateEffect$2.invoke(Landroidx/compose/runtime/DisposableEffectScope;)Landroidx/compose/runtime/DisposableEffectResult;+59
j  androidx.compose.ui.util.UpdateEffect_desktopKt$UpdateEffect$2.invoke(Ljava/lang/Object;)Ljava/lang/Object;+5
j  androidx.compose.runtime.DisposableEffectImpl.onRemembered()V+8
j  androidx.compose.runtime.CompositionImpl$RememberEventDispatcher.dispatchRememberObservers()V+234
j  androidx.compose.runtime.CompositionImpl.applyChangesInLocked(Ljava/util/List;)V+246
j  androidx.compose.runtime.CompositionImpl.applyChanges()V+38
j  androidx.compose.runtime.Recomposer.composeInitial$runtime(Landroidx/compose/runtime/ControlledComposition;Lkotlin/jvm/functions/Function2;)V+267
j  androidx.compose.runtime.CompositionImpl.setContent(Lkotlin/jvm/functions/Function2;)V+55
j  androidx.compose.ui.window.Application_desktopKt$awaitApplication$2$1$2.invokeSuspend(Ljava/lang/Object;)Ljava/lang/Object;+89
j  kotlin.coroutines.jvm.internal.BaseContinuationImpl.resumeWith(Ljava/lang/Object;)V+44
j  kotlinx.coroutines.DispatchedTask.run()V+314
j  java.awt.event.InvocationEvent.dispatch()V+47 java.desktop@17.0.7
j  java.awt.EventQueue.dispatchEventImpl(Ljava/awt/AWTEvent;Ljava/lang/Object;)V+21 java.desktop@17.0.7
j  java.awt.EventQueue$4.run()Ljava/lang/Void;+32 java.desktop@17.0.7
j  java.awt.EventQueue$4.run()Ljava/lang/Object;+1 java.desktop@17.0.7
j  java.security.AccessController.executePrivileged(Ljava/security/PrivilegedAction;Ljava/security/AccessControlContext;Ljava/lang/Class;)Ljava/lang/Object;+29 java.base@17.0.7
j  java.security.AccessController.doPrivileged(Ljava/security/PrivilegedAction;Ljava/security/AccessControlContext;)Ljava/lang/Object;+13 java.base@17.0.7
j  java.security.ProtectionDomain$JavaSecurityAccessImpl.doIntersectionPrivilege(Ljava/security/PrivilegedAction;Ljava/security/AccessControlContext;Ljava/security/AccessControlContext;)Ljava/lang/Object;+18 java.base@17.0.7
j  java.awt.EventQueue.dispatchEvent(Ljava/awt/AWTEvent;)V+46 java.desktop@17.0.7
j  java.awt.EventDispatchThread.pumpOneEventForFilters(I)V+78 java.desktop@17.0.7
j  java.awt.EventDispatchThread.pumpEventsForFilter(ILjava/awt/Conditional;Ljava/awt/EventFilter;)V+35 java.desktop@17.0.7
j  java.awt.EventDispatchThread.pumpEventsForHierarchy(ILjava/awt/Conditional;Ljava/awt/Component;)V+11 java.desktop@17.0.7
j  java.awt.EventDispatchThread.pumpEvents(ILjava/awt/Conditional;)V+4 java.desktop@17.0.7
j  java.awt.EventDispatchThread.pumpEvents(Ljava/awt/Conditional;)V+3 java.desktop@17.0.7
j  java.awt.EventDispatchThread.run()V+9 java.desktop@17.0.7
v  ~StubRoutines::call_stub

siginfo: EXCEPTION_ACCESS_VIOLATION (0xc0000005), reading address 0x00007ffda2ac1110


Register to memory mapping:

RIP=0x00007ffa6289ebe3 ig9icd64.dll
RAX=0x000000000fff0fff is an unknown value
RBX=0x00007ffa61ee0000 ig9icd64.dll
RCX=0x000000033fcf3fcc is an unknown value
RDX=0x000000eacf4fb4b0 is pointing into the stack for thread: 0x000002073161f810
RSP=0x000000eacf4faf98 is pointing into the stack for thread: 0x000002073161f810
RBP=0x000000eacf4fb0a0 is pointing into the stack for thread: 0x000002073161f810
RSI=0x0000020733870040 points into unknown readable memory: 0x00000207327757c0 | c0 57 77 32 07 02 00 00
RDI=0x000000eacf4fb2a0 is pointing into the stack for thread: 0x000002073161f810
R8 =0x000000eacf4fb0d0 is pointing into the stack for thread: 0x000002073161f810
R9 =0x000000eacf4fb4b0 is pointing into the stack for thread: 0x000002073161f810
R10=0x000000eacf4fb2a0 is pointing into the stack for thread: 0x000002073161f810
R11=0x0 is NULL
R12=0x00007ffa62d115e0 ig9icd64.dll
R13=0x0 is NULL
R14=0x0 is NULL
R15=0x00000000000001c1 is an unknown value


Registers:
RAX=0x000000000fff0fff, RBX=0x00007ffa61ee0000, RCX=0x000000033fcf3fcc, RDX=0x000000eacf4fb4b0
RSP=0x000000eacf4faf98, RBP=0x000000eacf4fb0a0, RSI=0x0000020733870040, RDI=0x000000eacf4fb2a0
R8 =0x000000eacf4fb0d0, R9 =0x000000eacf4fb4b0, R10=0x000000eacf4fb2a0, R11=0x0000000000000000
R12=0x00007ffa62d115e0, R13=0x0000000000000000, R14=0x0000000000000000, R15=0x00000000000001c1
RIP=0x00007ffa6289ebe3, EFLAGS=0x0000000000010206

Top of Stack: (sp=0x000000eacf4faf98)
0x000000eacf4faf98:   00007ffa6289c31b 0000000000000001
0x000000eacf4fafa8:   0000000000000000 0000020733f46f00
0x000000eacf4fafb8:   00007ffad7ac2622 000000ea00000065
0x000000eacf4fafc8:   000000eacf4fb1d0 0000000000000000
0x000000eacf4fafd8:   0000020733ba2880 0000000000000000
0x000000eacf4fafe8:   0000020733b3b040 0000020733f46f80
0x000000eacf4faff8:   0000000000001100 0000000000000000
0x000000eacf4fb008:   0000000000000000 000000eacf4fb180
0x000000eacf4fb018:   00007ffa625379c0 0000000000000000
0x000000eacf4fb028:   0000000000000000 0000000000000000
0x000000eacf4fb038:   0000000000000000 0000636c1c60ffb1
0x000000eacf4fb048:   00007ffa61ef6555 0000020733f46f80
0x000000eacf4fb058:   0000000000004001 0000000000000000
0x000000eacf4fb068:   00007ffae8e9b86b 0000000000180005
0x000000eacf4fb078:   000000000000009b 0000020731a0a2b0
0x000000eacf4fb088:   0000000000000000 0000000000000000 

Instructions: (pc=0x00007ffa6289ebe3)
0x00007ffa6289eae3:   c1 75 31 00 48 89 51 08 48 89 01 8b 44 24 28 89
0x00007ffa6289eaf3:   41 20 8b 44 24 30 89 41 24 48 8b c1 4c 89 41 10
0x00007ffa6289eb03:   4c 89 49 18 c3 cc cc cc cc cc cc cc cc 48 89 5c
0x00007ffa6289eb13:   24 08 8b 41 5c 48 8d 1d e1 14 64 ff 41 89 40 08
0x00007ffa6289eb23:   4c 8b d1 8b 41 60 45 33 db 41 89 40 0c 4c 8b ca
0x00007ffa6289eb33:   8b 41 64 41 89 40 10 8b 41 68 41 89 40 14 8b 41
0x00007ffa6289eb43:   6c 41 89 40 18 8b 41 70 41 89 40 1c 48 63 41 74
0x00007ffa6289eb53:   48 6b c8 34 8b 84 19 44 d1 ee 00 41 89 40 20 8b
0x00007ffa6289eb63:   84 19 48 d1 ee 00 41 89 40 24 8b 84 19 4c d1 ee
0x00007ffa6289eb73:   00 41 89 40 28 8b 84 19 50 d1 ee 00 41 89 40 2c
0x00007ffa6289eb83:   8b 84 19 34 d1 ee 00 41 89 40 30 8b 84 19 38 d1
0x00007ffa6289eb93:   ee 00 41 89 40 34 8b 84 19 3c d1 ee 00 41 89 40
0x00007ffa6289eba3:   38 8b 84 19 40 d1 ee 00 41 89 40 3c 8b 84 19 24
0x00007ffa6289ebb3:   d1 ee 00 41 89 40 40 8b 84 19 28 d1 ee 00 41 89
0x00007ffa6289ebc3:   40 44 8b 84 19 2c d1 ee 00 41 89 40 48 8b 84 19
0x00007ffa6289ebd3:   30 d1 ee 00 41 89 40 4c 49 63 42 78 48 6b c8 34
0x00007ffa6289ebe3:   8b 84 19 44 d1 ee 00 41 89 40 50 8b 84 19 48 d1
0x00007ffa6289ebf3:   ee 00 41 89 40 54 8b 84 19 4c d1 ee 00 41 89 40
0x00007ffa6289ec03:   58 8b 84 19 50 d1 ee 00 41 89 40 5c 8b 84 19 34
0x00007ffa6289ec13:   d1 ee 00 41 89 40 60 8b 84 19 38 d1 ee 00 41 89
0x00007ffa6289ec23:   40 64 8b 84 19 3c d1 ee 00 41 89 40 68 8b 84 19
0x00007ffa6289ec33:   40 d1 ee 00 41 89 40 6c 8b 84 19 24 d1 ee 00 41
0x00007ffa6289ec43:   89 40 70 8b 84 19 28 d1 ee 00 41 89 40 74 8b 84
0x00007ffa6289ec53:   19 2c d1 ee 00 41 89 40 78 8b 84 19 30 d1 ee 00
0x00007ffa6289ec63:   41 89 40 7c 48 8b 42 18 8b 88 38 0b 00 00 f6 c1
0x00007ffa6289ec73:   08 0f 84 86 00 00 00 8b 80 3c 0b 00 00 41 89 80
0x00007ffa6289ec83:   80 00 00 00 48 8b 42 18 8b 88 40 0b 00 00 41 89
0x00007ffa6289ec93:   88 84 00 00 00 48 8b 42 18 8b 88 44 0b 00 00 41
0x00007ffa6289eca3:   89 88 88 00 00 00 48 8b 42 18 8b 88 48 0b 00 00
0x00007ffa6289ecb3:   41 89 88 8c 00 00 00 48 8b 42 18 8b 88 4c 0b 00
0x00007ffa6289ecc3:   00 41 89 88 90 00 00 00 48 8b 42 18 8b 88 50 0b
0x00007ffa6289ecd3:   00 00 41 89 88 94 00 00 00 48 8b 42 18 8b 88 54 


Stack slot to memory mapping:
stack at sp + 0 slots: 0x00007ffa6289c31b ig9icd64.dll
stack at sp + 1 slots: 0x0000000000000001 is an unknown value
stack at sp + 2 slots: 0x0 is NULL
stack at sp + 3 slots: 0x0000020733f46f00 points into unknown readable memory: 0xfffffffffffffff0 | f0 ff ff ff ff ff ff ff
stack at sp + 4 slots: 0x00007ffad7ac2622 igdgmm64.dll
stack at sp + 5 slots: 0x000000ea00000065 is an unknown value
stack at sp + 6 slots: 0x000000eacf4fb1d0 is pointing into the stack for thread: 0x000002073161f810
stack at sp + 7 slots: 0x0 is NULL


---------------  P R O C E S S  ---------------

Threads class SMR info:
_java_thread_list=0x0000020733cefa50, length=22, elements={
0x0000020709c56290, 0x000002072c3074a0, 0x000002072c308310, 0x000002072c31b750,
0x000002072c31c300, 0x000002072c31f560, 0x000002072c31ff10, 0x000002072c320ca0,
0x000002072c32c6d0, 0x000002072c32e870, 0x000002072c2ec760, 0x0000020731233d50,
0x000002073120ab20, 0x00000207317e0410, 0x00000207317e0c30, 0x000002073161f810,
0x0000020731be2690, 0x0000020731c129a0, 0x0000020731c11d20, 0x0000020731c121f0,
0x0000020731c109e0, 0x0000020733dcb2b0
}

Java Threads: ( => current thread )
  0x0000020709c56290 JavaThread "main" [_thread_blocked, id=14640, stack(0x000000eace300000,0x000000eace400000)]
  0x000002072c3074a0 JavaThread "Reference Handler" daemon [_thread_blocked, id=18012, stack(0x000000eacea00000,0x000000eaceb00000)]
  0x000002072c308310 JavaThread "Finalizer" daemon [_thread_blocked, id=12176, stack(0x000000eaceb00000,0x000000eacec00000)]
  0x000002072c31b750 JavaThread "Signal Dispatcher" daemon [_thread_blocked, id=16808, stack(0x000000eacec00000,0x000000eaced00000)]
  0x000002072c31c300 JavaThread "Attach Listener" daemon [_thread_blocked, id=18464, stack(0x000000eaced00000,0x000000eacee00000)]
  0x000002072c31f560 JavaThread "Service Thread" daemon [_thread_blocked, id=760, stack(0x000000eacee00000,0x000000eacef00000)]
  0x000002072c31ff10 JavaThread "Monitor Deflation Thread" daemon [_thread_blocked, id=18440, stack(0x000000eacef00000,0x000000eacf000000)]
  0x000002072c320ca0 JavaThread "C2 CompilerThread0" daemon [_thread_blocked, id=2252, stack(0x000000eacf000000,0x000000eacf100000)]
  0x000002072c32c6d0 JavaThread "C1 CompilerThread0" daemon [_thread_blocked, id=15860, stack(0x000000eacf100000,0x000000eacf200000)]
  0x000002072c32e870 JavaThread "Sweeper thread" daemon [_thread_blocked, id=6816, stack(0x000000eacf200000,0x000000eacf300000)]
  0x000002072c2ec760 JavaThread "Common-Cleaner" daemon [_thread_blocked, id=10552, stack(0x000000eacf300000,0x000000eacf400000)]
  0x0000020731233d50 JavaThread "Monitor Ctrl-Break" daemon [_thread_in_native, id=8032, stack(0x000000eacf500000,0x000000eacf600000)]
  0x000002073120ab20 JavaThread "Notification Thread" daemon [_thread_blocked, id=15864, stack(0x000000eacf600000,0x000000eacf700000)]
  0x00000207317e0410 JavaThread "Java2D Disposer" daemon [_thread_blocked, id=14652, stack(0x000000eacfb00000,0x000000eacfc00000)]
  0x00000207317e0c30 JavaThread "AWT-Shutdown" [_thread_blocked, id=2512, stack(0x000000eacfc00000,0x000000eacfd00000)]
=>0x000002073161f810 JavaThread "AWT-EventQueue-0" [_thread_in_native, id=7600, stack(0x000000eacf400000,0x000000eacf500000)]
  0x0000020731be2690 JavaThread "Reference Cleaner" daemon [_thread_blocked, id=20408, stack(0x000000eacfe00000,0x000000eacff00000)]
  0x0000020731c129a0 JavaThread "DefaultDispatcher-worker-1" daemon [_thread_blocked, id=15856, stack(0x000000eacff00000,0x000000ead0000000)]
  0x0000020731c11d20 JavaThread "DefaultDispatcher-worker-2" daemon [_thread_blocked, id=17524, stack(0x000000ead0000000,0x000000ead0100000)]
  0x0000020731c121f0 JavaThread "DefaultDispatcher-worker-3" daemon [_thread_blocked, id=2452, stack(0x000000ead0100000,0x000000ead0200000)]
  0x0000020731c109e0 JavaThread "kotlinx.coroutines.DefaultExecutor" daemon [_thread_blocked, id=1992, stack(0x000000ead0200000,0x000000ead0300000)]
  0x0000020733dcb2b0 JavaThread "SIGINT handler" daemon [_thread_blocked, id=19904, stack(0x000000ead0300000,0x000000ead0400000)]

Other Threads:
  0x000002072c2ff440 VMThread "VM Thread" [stack: 0x000000eace900000,0x000000eacea00000] [id=16444]
  0x000002073120aff0 WatcherThread [stack: 0x000000eacf700000,0x000000eacf800000] [id=17736]
  0x0000020709cc12b0 GCTaskThread "GC Thread#0" [stack: 0x000000eace400000,0x000000eace500000] [id=19656]
  0x0000020731761390 GCTaskThread "GC Thread#1" [stack: 0x000000eacf800000,0x000000eacf900000] [id=18304]
  0x00000207312e5340 GCTaskThread "GC Thread#2" [stack: 0x000000eacf900000,0x000000eacfa00000] [id=11392]
  0x00000207312e55f0 GCTaskThread "GC Thread#3" [stack: 0x000000eacfa00000,0x000000eacfb00000] [id=10564]
  0x0000020709cd1f80 ConcurrentGCThread "G1 Main Marker" [stack: 0x000000eace500000,0x000000eace600000] [id=7512]
  0x0000020709cd3130 ConcurrentGCThread "G1 Conc#0" [stack: 0x000000eace600000,0x000000eace700000] [id=18940]
  0x0000020709d0d760 ConcurrentGCThread "G1 Refine#0" [stack: 0x000000eace700000,0x000000eace800000] [id=14396]
  0x0000020709d0e180 ConcurrentGCThread "G1 Service" [stack: 0x000000eace800000,0x000000eace900000] [id=10020]

Threads with active compile tasks:

VM state: not at safepoint (normal execution)

VM Mutex/Monitor currently owned by a thread: None

Heap address: 0x0000000702600000, size: 4058 MB, Compressed Oops mode: Zero based, Oop shift amount: 3

CDS archive(s) mapped at: [0x0000000800000000-0x0000000800bc0000-0x0000000800bc0000), size 12320768, SharedBaseAddress: 0x0000000800000000, ArchiveRelocationMode: 0.
Compressed class space mapped at: 0x0000000801000000-0x0000000841000000, reserved size: 1073741824
Narrow klass base: 0x0000000800000000, Narrow klass shift: 0, Narrow klass range: 0x100000000

GC Precious Log:
 CPUs: 4 total, 4 available
 Memory: 16224M
 Large Page Support: Disabled
 NUMA Support: Disabled
 Compressed Oops: Enabled (Zero based)
 Heap Region Size: 2M
 Heap Min Capacity: 8M
 Heap Initial Capacity: 254M
 Heap Max Capacity: 4058M
 Pre-touch: Disabled
 Parallel Workers: 4
 Concurrent Workers: 1
 Concurrent Refinement Workers: 4
 Periodic GC: Disabled

Heap:
 garbage-first heap   total 260096K, used 50324K [0x0000000702600000, 0x0000000800000000)
  region size 2048K, 23 young (47104K), 2 survivors (4096K)
 Metaspace       used 21105K, committed 21312K, reserved 1114112K
  class space    used 2250K, committed 2368K, reserved 1048576K

Heap Regions: E=young(eden), S=young(survivor), O=old, HS=humongous(starts), HC=humongous(continues), CS=collection set, F=free, OA=open archive, CA=closed archive, TAMS=top-at-mark-start (previous, next)
|   0|0x0000000702600000, 0x0000000702800000, 0x0000000702800000|100%|HS|  |TAMS 0x0000000702600000, 0x0000000702600000| Complete 
|   1|0x0000000702800000, 0x0000000702a00000, 0x0000000702a00000|100%| O|  |TAMS 0x0000000702800000, 0x0000000702800000| Untracked 
|   2|0x0000000702a00000, 0x0000000702c00000, 0x0000000702c00000|100%| O|  |TAMS 0x0000000702a00000, 0x0000000702a00000| Untracked 
|   3|0x0000000702c00000, 0x0000000702d1c200, 0x0000000702e00000| 55%| O|  |TAMS 0x0000000702c00000, 0x0000000702c00000| Untracked 
|   4|0x0000000702e00000, 0x0000000702e00000, 0x0000000703000000|  0%| F|  |TAMS 0x0000000702e00000, 0x0000000702e00000| Untracked 
|   5|0x0000000703000000, 0x0000000703000000, 0x0000000703200000|  0%| F|  |TAMS 0x0000000703000000, 0x0000000703000000| Untracked 
|   6|0x0000000703200000, 0x0000000703200000, 0x0000000703400000|  0%| F|  |TAMS 0x0000000703200000, 0x0000000703200000| Untracked 
|   7|0x0000000703400000, 0x0000000703400000, 0x0000000703600000|  0%| F|  |TAMS 0x0000000703400000, 0x0000000703400000| Untracked 
|   8|0x0000000703600000, 0x0000000703600000, 0x0000000703800000|  0%| F|  |TAMS 0x0000000703600000, 0x0000000703600000| Untracked 
|   9|0x0000000703800000, 0x0000000703800000, 0x0000000703a00000|  0%| F|  |TAMS 0x0000000703800000, 0x0000000703800000| Untracked 
|  10|0x0000000703a00000, 0x0000000703a00000, 0x0000000703c00000|  0%| F|  |TAMS 0x0000000703a00000, 0x0000000703a00000| Untracked 
|  11|0x0000000703c00000, 0x0000000703c00000, 0x0000000703e00000|  0%| F|  |TAMS 0x0000000703c00000, 0x0000000703c00000| Untracked 
|  12|0x0000000703e00000, 0x0000000703e00000, 0x0000000704000000|  0%| F|  |TAMS 0x0000000703e00000, 0x0000000703e00000| Untracked 
|  13|0x0000000704000000, 0x0000000704000000, 0x0000000704200000|  0%| F|  |TAMS 0x0000000704000000, 0x0000000704000000| Untracked 
|  14|0x0000000704200000, 0x0000000704200000, 0x0000000704400000|  0%| F|  |TAMS 0x0000000704200000, 0x0000000704200000| Untracked 
|  15|0x0000000704400000, 0x0000000704400000, 0x0000000704600000|  0%| F|  |TAMS 0x0000000704400000, 0x0000000704400000| Untracked 
|  16|0x0000000704600000, 0x0000000704600000, 0x0000000704800000|  0%| F|  |TAMS 0x0000000704600000, 0x0000000704600000| Untracked 
|  17|0x0000000704800000, 0x0000000704800000, 0x0000000704a00000|  0%| F|  |TAMS 0x0000000704800000, 0x0000000704800000| Untracked 
|  18|0x0000000704a00000, 0x0000000704a00000, 0x0000000704c00000|  0%| F|  |TAMS 0x0000000704a00000, 0x0000000704a00000| Untracked 
|  19|0x0000000704c00000, 0x0000000704c00000, 0x0000000704e00000|  0%| F|  |TAMS 0x0000000704c00000, 0x0000000704c00000| Untracked 
|  20|0x0000000704e00000, 0x0000000704e00000, 0x0000000705000000|  0%| F|  |TAMS 0x0000000704e00000, 0x0000000704e00000| Untracked 
|  21|0x0000000705000000, 0x0000000705000000, 0x0000000705200000|  0%| F|  |TAMS 0x0000000705000000, 0x0000000705000000| Untracked 
|  22|0x0000000705200000, 0x0000000705200000, 0x0000000705400000|  0%| F|  |TAMS 0x0000000705200000, 0x0000000705200000| Untracked 
|  23|0x0000000705400000, 0x0000000705400000, 0x0000000705600000|  0%| F|  |TAMS 0x0000000705400000, 0x0000000705400000| Untracked 
|  24|0x0000000705600000, 0x0000000705600000, 0x0000000705800000|  0%| F|  |TAMS 0x0000000705600000, 0x0000000705600000| Untracked 
|  25|0x0000000705800000, 0x0000000705800000, 0x0000000705a00000|  0%| F|  |TAMS 0x0000000705800000, 0x0000000705800000| Untracked 
|  26|0x0000000705a00000, 0x0000000705a00000, 0x0000000705c00000|  0%| F|  |TAMS 0x0000000705a00000, 0x0000000705a00000| Untracked 
|  27|0x0000000705c00000, 0x0000000705c00000, 0x0000000705e00000|  0%| F|  |TAMS 0x0000000705c00000, 0x0000000705c00000| Untracked 
|  28|0x0000000705e00000, 0x0000000705e00000, 0x0000000706000000|  0%| F|  |TAMS 0x0000000705e00000, 0x0000000705e00000| Untracked 
|  29|0x0000000706000000, 0x0000000706000000, 0x0000000706200000|  0%| F|  |TAMS 0x0000000706000000, 0x0000000706000000| Untracked 
|  30|0x0000000706200000, 0x0000000706200000, 0x0000000706400000|  0%| F|  |TAMS 0x0000000706200000, 0x0000000706200000| Untracked 
|  31|0x0000000706400000, 0x0000000706400000, 0x0000000706600000|  0%| F|  |TAMS 0x0000000706400000, 0x0000000706400000| Untracked 
|  32|0x0000000706600000, 0x0000000706600000, 0x0000000706800000|  0%| F|  |TAMS 0x0000000706600000, 0x0000000706600000| Untracked 
|  33|0x0000000706800000, 0x0000000706800000, 0x0000000706a00000|  0%| F|  |TAMS 0x0000000706800000, 0x0000000706800000| Untracked 
|  34|0x0000000706a00000, 0x0000000706a00000, 0x0000000706c00000|  0%| F|  |TAMS 0x0000000706a00000, 0x0000000706a00000| Untracked 
|  35|0x0000000706c00000, 0x0000000706c00000, 0x0000000706e00000|  0%| F|  |TAMS 0x0000000706c00000, 0x0000000706c00000| Untracked 
|  36|0x0000000706e00000, 0x0000000706e00000, 0x0000000707000000|  0%| F|  |TAMS 0x0000000706e00000, 0x0000000706e00000| Untracked 
|  37|0x0000000707000000, 0x0000000707000000, 0x0000000707200000|  0%| F|  |TAMS 0x0000000707000000, 0x0000000707000000| Untracked 
|  38|0x0000000707200000, 0x0000000707200000, 0x0000000707400000|  0%| F|  |TAMS 0x0000000707200000, 0x0000000707200000| Untracked 
|  39|0x0000000707400000, 0x0000000707400000, 0x0000000707600000|  0%| F|  |TAMS 0x0000000707400000, 0x0000000707400000| Untracked 
|  40|0x0000000707600000, 0x0000000707600000, 0x0000000707800000|  0%| F|  |TAMS 0x0000000707600000, 0x0000000707600000| Untracked 
|  41|0x0000000707800000, 0x0000000707800000, 0x0000000707a00000|  0%| F|  |TAMS 0x0000000707800000, 0x0000000707800000| Untracked 
|  42|0x0000000707a00000, 0x0000000707a00000, 0x0000000707c00000|  0%| F|  |TAMS 0x0000000707a00000, 0x0000000707a00000| Untracked 
|  43|0x0000000707c00000, 0x0000000707c00000, 0x0000000707e00000|  0%| F|  |TAMS 0x0000000707c00000, 0x0000000707c00000| Untracked 
|  44|0x0000000707e00000, 0x0000000707e00000, 0x0000000708000000|  0%| F|  |TAMS 0x0000000707e00000, 0x0000000707e00000| Untracked 
|  45|0x0000000708000000, 0x0000000708000000, 0x0000000708200000|  0%| F|  |TAMS 0x0000000708000000, 0x0000000708000000| Untracked 
|  46|0x0000000708200000, 0x0000000708200000, 0x0000000708400000|  0%| F|  |TAMS 0x0000000708200000, 0x0000000708200000| Untracked 
|  47|0x0000000708400000, 0x0000000708400000, 0x0000000708600000|  0%| F|  |TAMS 0x0000000708400000, 0x0000000708400000| Untracked 
|  48|0x0000000708600000, 0x0000000708600000, 0x0000000708800000|  0%| F|  |TAMS 0x0000000708600000, 0x0000000708600000| Untracked 
|  49|0x0000000708800000, 0x0000000708800000, 0x0000000708a00000|  0%| F|  |TAMS 0x0000000708800000, 0x0000000708800000| Untracked 
|  50|0x0000000708a00000, 0x0000000708a00000, 0x0000000708c00000|  0%| F|  |TAMS 0x0000000708a00000, 0x0000000708a00000| Untracked 
|  51|0x0000000708c00000, 0x0000000708c00000, 0x0000000708e00000|  0%| F|  |TAMS 0x0000000708c00000, 0x0000000708c00000| Untracked 
|  52|0x0000000708e00000, 0x0000000708e00000, 0x0000000709000000|  0%| F|  |TAMS 0x0000000708e00000, 0x0000000708e00000| Untracked 
|  53|0x0000000709000000, 0x0000000709000000, 0x0000000709200000|  0%| F|  |TAMS 0x0000000709000000, 0x0000000709000000| Untracked 
|  54|0x0000000709200000, 0x0000000709200000, 0x0000000709400000|  0%| F|  |TAMS 0x0000000709200000, 0x0000000709200000| Untracked 
|  55|0x0000000709400000, 0x0000000709400000, 0x0000000709600000|  0%| F|  |TAMS 0x0000000709400000, 0x0000000709400000| Untracked 
|  56|0x0000000709600000, 0x0000000709600000, 0x0000000709800000|  0%| F|  |TAMS 0x0000000709600000, 0x0000000709600000| Untracked 
|  57|0x0000000709800000, 0x0000000709800000, 0x0000000709a00000|  0%| F|  |TAMS 0x0000000709800000, 0x0000000709800000| Untracked 
|  58|0x0000000709a00000, 0x0000000709a00000, 0x0000000709c00000|  0%| F|  |TAMS 0x0000000709a00000, 0x0000000709a00000| Untracked 
|  59|0x0000000709c00000, 0x0000000709c00000, 0x0000000709e00000|  0%| F|  |TAMS 0x0000000709c00000, 0x0000000709c00000| Untracked 
|  60|0x0000000709e00000, 0x0000000709e00000, 0x000000070a000000|  0%| F|  |TAMS 0x0000000709e00000, 0x0000000709e00000| Untracked 
|  61|0x000000070a000000, 0x000000070a000000, 0x000000070a200000|  0%| F|  |TAMS 0x000000070a000000, 0x000000070a000000| Untracked 
|  62|0x000000070a200000, 0x000000070a200000, 0x000000070a400000|  0%| F|  |TAMS 0x000000070a200000, 0x000000070a200000| Untracked 
|  63|0x000000070a400000, 0x000000070a400000, 0x000000070a600000|  0%| F|  |TAMS 0x000000070a400000, 0x000000070a400000| Untracked 
|  64|0x000000070a600000, 0x000000070a600000, 0x000000070a800000|  0%| F|  |TAMS 0x000000070a600000, 0x000000070a600000| Untracked 
|  65|0x000000070a800000, 0x000000070a800000, 0x000000070aa00000|  0%| F|  |TAMS 0x000000070a800000, 0x000000070a800000| Untracked 
|  66|0x000000070aa00000, 0x000000070aa00000, 0x000000070ac00000|  0%| F|  |TAMS 0x000000070aa00000, 0x000000070aa00000| Untracked 
|  67|0x000000070ac00000, 0x000000070ac00000, 0x000000070ae00000|  0%| F|  |TAMS 0x000000070ac00000, 0x000000070ac00000| Untracked 
|  68|0x000000070ae00000, 0x000000070ae00000, 0x000000070b000000|  0%| F|  |TAMS 0x000000070ae00000, 0x000000070ae00000| Untracked 
|  69|0x000000070b000000, 0x000000070b000000, 0x000000070b200000|  0%| F|  |TAMS 0x000000070b000000, 0x000000070b000000| Untracked 
|  70|0x000000070b200000, 0x000000070b200000, 0x000000070b400000|  0%| F|  |TAMS 0x000000070b200000, 0x000000070b200000| Untracked 
|  71|0x000000070b400000, 0x000000070b400000, 0x000000070b600000|  0%| F|  |TAMS 0x000000070b400000, 0x000000070b400000| Untracked 
|  72|0x000000070b600000, 0x000000070b600000, 0x000000070b800000|  0%| F|  |TAMS 0x000000070b600000, 0x000000070b600000| Untracked 
|  73|0x000000070b800000, 0x000000070b800000, 0x000000070ba00000|  0%| F|  |TAMS 0x000000070b800000, 0x000000070b800000| Untracked 
|  74|0x000000070ba00000, 0x000000070ba00000, 0x000000070bc00000|  0%| F|  |TAMS 0x000000070ba00000, 0x000000070ba00000| Untracked 
|  75|0x000000070bc00000, 0x000000070bc00000, 0x000000070be00000|  0%| F|  |TAMS 0x000000070bc00000, 0x000000070bc00000| Untracked 
|  76|0x000000070be00000, 0x000000070be00000, 0x000000070c000000|  0%| F|  |TAMS 0x000000070be00000, 0x000000070be00000| Untracked 
|  77|0x000000070c000000, 0x000000070c000000, 0x000000070c200000|  0%| F|  |TAMS 0x000000070c000000, 0x000000070c000000| Untracked 
|  78|0x000000070c200000, 0x000000070c200000, 0x000000070c400000|  0%| F|  |TAMS 0x000000070c200000, 0x000000070c200000| Untracked 
|  79|0x000000070c400000, 0x000000070c400000, 0x000000070c600000|  0%| F|  |TAMS 0x000000070c400000, 0x000000070c400000| Untracked 
|  80|0x000000070c600000, 0x000000070c600000, 0x000000070c800000|  0%| F|  |TAMS 0x000000070c600000, 0x000000070c600000| Untracked 
|  81|0x000000070c800000, 0x000000070c800000, 0x000000070ca00000|  0%| F|  |TAMS 0x000000070c800000, 0x000000070c800000| Untracked 
|  82|0x000000070ca00000, 0x000000070ca00000, 0x000000070cc00000|  0%| F|  |TAMS 0x000000070ca00000, 0x000000070ca00000| Untracked 
|  83|0x000000070cc00000, 0x000000070cc00000, 0x000000070ce00000|  0%| F|  |TAMS 0x000000070cc00000, 0x000000070cc00000| Untracked 
|  84|0x000000070ce00000, 0x000000070ce00000, 0x000000070d000000|  0%| F|  |TAMS 0x000000070ce00000, 0x000000070ce00000| Untracked 
|  85|0x000000070d000000, 0x000000070d000000, 0x000000070d200000|  0%| F|  |TAMS 0x000000070d000000, 0x000000070d000000| Untracked 
|  86|0x000000070d200000, 0x000000070d200000, 0x000000070d400000|  0%| F|  |TAMS 0x000000070d200000, 0x000000070d200000| Untracked 
|  87|0x000000070d400000, 0x000000070d400000, 0x000000070d600000|  0%| F|  |TAMS 0x000000070d400000, 0x000000070d400000| Untracked 
|  88|0x000000070d600000, 0x000000070d600000, 0x000000070d800000|  0%| F|  |TAMS 0x000000070d600000, 0x000000070d600000| Untracked 
|  89|0x000000070d800000, 0x000000070d800000, 0x000000070da00000|  0%| F|  |TAMS 0x000000070d800000, 0x000000070d800000| Untracked 
|  90|0x000000070da00000, 0x000000070da00000, 0x000000070dc00000|  0%| F|  |TAMS 0x000000070da00000, 0x000000070da00000| Untracked 
|  91|0x000000070dc00000, 0x000000070dc00000, 0x000000070de00000|  0%| F|  |TAMS 0x000000070dc00000, 0x000000070dc00000| Untracked 
|  92|0x000000070de00000, 0x000000070de00000, 0x000000070e000000|  0%| F|  |TAMS 0x000000070de00000, 0x000000070de00000| Untracked 
|  93|0x000000070e000000, 0x000000070e000000, 0x000000070e200000|  0%| F|  |TAMS 0x000000070e000000, 0x000000070e000000| Untracked 
|  94|0x000000070e200000, 0x000000070e200000, 0x000000070e400000|  0%| F|  |TAMS 0x000000070e200000, 0x000000070e200000| Untracked 
|  95|0x000000070e400000, 0x000000070e400000, 0x000000070e600000|  0%| F|  |TAMS 0x000000070e400000, 0x000000070e400000| Untracked 
|  96|0x000000070e600000, 0x000000070e600000, 0x000000070e800000|  0%| F|  |TAMS 0x000000070e600000, 0x000000070e600000| Untracked 
|  97|0x000000070e800000, 0x000000070e800000, 0x000000070ea00000|  0%| F|  |TAMS 0x000000070e800000, 0x000000070e800000| Untracked 
|  98|0x000000070ea00000, 0x000000070ea00000, 0x000000070ec00000|  0%| F|  |TAMS 0x000000070ea00000, 0x000000070ea00000| Untracked 
|  99|0x000000070ec00000, 0x000000070ec00000, 0x000000070ee00000|  0%| F|  |TAMS 0x000000070ec00000, 0x000000070ec00000| Untracked 
| 100|0x000000070ee00000, 0x000000070ee00000, 0x000000070f000000|  0%| F|  |TAMS 0x000000070ee00000, 0x000000070ee00000| Untracked 
| 101|0x000000070f000000, 0x000000070f000000, 0x000000070f200000|  0%| F|  |TAMS 0x000000070f000000, 0x000000070f000000| Untracked 
| 102|0x000000070f200000, 0x000000070f200000, 0x000000070f400000|  0%| F|  |TAMS 0x000000070f200000, 0x000000070f200000| Untracked 
| 103|0x000000070f400000, 0x000000070f400000, 0x000000070f600000|  0%| F|  |TAMS 0x000000070f400000, 0x000000070f400000| Untracked 
| 104|0x000000070f600000, 0x000000070f6bdf20, 0x000000070f800000| 37%| E|  |TAMS 0x000000070f600000, 0x000000070f600000| Complete 
| 105|0x000000070f800000, 0x000000070fa00000, 0x000000070fa00000|100%| E|CS|TAMS 0x000000070f800000, 0x000000070f800000| Complete 
| 106|0x000000070fa00000, 0x000000070fc00000, 0x000000070fc00000|100%| E|CS|TAMS 0x000000070fa00000, 0x000000070fa00000| Complete 
| 107|0x000000070fc00000, 0x000000070fe00000, 0x000000070fe00000|100%| E|CS|TAMS 0x000000070fc00000, 0x000000070fc00000| Complete 
| 108|0x000000070fe00000, 0x0000000710000000, 0x0000000710000000|100%| E|CS|TAMS 0x000000070fe00000, 0x000000070fe00000| Complete 
| 109|0x0000000710000000, 0x0000000710200000, 0x0000000710200000|100%| E|CS|TAMS 0x0000000710000000, 0x0000000710000000| Complete 
| 110|0x0000000710200000, 0x0000000710400000, 0x0000000710400000|100%| E|CS|TAMS 0x0000000710200000, 0x0000000710200000| Complete 
| 111|0x0000000710400000, 0x0000000710600000, 0x0000000710600000|100%| E|CS|TAMS 0x0000000710400000, 0x0000000710400000| Complete 
| 112|0x0000000710600000, 0x0000000710800000, 0x0000000710800000|100%| E|CS|TAMS 0x0000000710600000, 0x0000000710600000| Complete 
| 113|0x0000000710800000, 0x0000000710808fb8, 0x0000000710a00000|  1%| S|CS|TAMS 0x0000000710800000, 0x0000000710800000| Complete 
| 114|0x0000000710a00000, 0x0000000710c00000, 0x0000000710c00000|100%| S|CS|TAMS 0x0000000710a00000, 0x0000000710a00000| Complete 
| 115|0x0000000710c00000, 0x0000000710e00000, 0x0000000710e00000|100%| E|CS|TAMS 0x0000000710c00000, 0x0000000710c00000| Complete 
| 116|0x0000000710e00000, 0x0000000711000000, 0x0000000711000000|100%| E|CS|TAMS 0x0000000710e00000, 0x0000000710e00000| Complete 
| 117|0x0000000711000000, 0x0000000711200000, 0x0000000711200000|100%| E|CS|TAMS 0x0000000711000000, 0x0000000711000000| Complete 
| 118|0x0000000711200000, 0x0000000711400000, 0x0000000711400000|100%| E|CS|TAMS 0x0000000711200000, 0x0000000711200000| Complete 
| 119|0x0000000711400000, 0x0000000711600000, 0x0000000711600000|100%| E|CS|TAMS 0x0000000711400000, 0x0000000711400000| Complete 
| 120|0x0000000711600000, 0x0000000711800000, 0x0000000711800000|100%| E|CS|TAMS 0x0000000711600000, 0x0000000711600000| Complete 
| 121|0x0000000711800000, 0x0000000711a00000, 0x0000000711a00000|100%| E|CS|TAMS 0x0000000711800000, 0x0000000711800000| Complete 
| 122|0x0000000711a00000, 0x0000000711c00000, 0x0000000711c00000|100%| E|CS|TAMS 0x0000000711a00000, 0x0000000711a00000| Complete 
| 123|0x0000000711c00000, 0x0000000711e00000, 0x0000000711e00000|100%| E|CS|TAMS 0x0000000711c00000, 0x0000000711c00000| Complete 
| 124|0x0000000711e00000, 0x0000000712000000, 0x0000000712000000|100%| E|CS|TAMS 0x0000000711e00000, 0x0000000711e00000| Complete 
| 125|0x0000000712000000, 0x0000000712200000, 0x0000000712200000|100%| E|CS|TAMS 0x0000000712000000, 0x0000000712000000| Complete 
| 126|0x0000000712200000, 0x0000000712400000, 0x0000000712400000|100%| E|CS|TAMS 0x0000000712200000, 0x0000000712200000| Complete 

Card table byte_map: [0x0000020720f40000,0x0000020721730000] _byte_map_base: 0x000002071d72d000

Marking Bits (Prev, Next): (CMBitMap*) 0x0000020709cc18c0, (CMBitMap*) 0x0000020709cc1900
 Prev Bits: [0x0000020721f20000, 0x0000020725e88000)
 Next Bits: [0x0000020725e90000, 0x0000020729df8000)

Polling page: 0x0000020707d90000

Metaspace:

Usage:
  Non-class:     18.41 MB used.
      Class:      2.20 MB used.
       Both:     20.61 MB used.

Virtual space:
  Non-class space:       64.00 MB reserved,      18.50 MB ( 29%) committed,  1 nodes.
      Class space:        1.00 GB reserved,       2.31 MB ( <1%) committed,  1 nodes.
             Both:        1.06 GB reserved,      20.81 MB (  2%) committed. 

Chunk freelists:
   Non-Class:  13.28 MB
       Class:  13.72 MB
        Both:  27.00 MB

MaxMetaspaceSize: unlimited
CompressedClassSpaceSize: 1.00 GB
Initial GC threshold: 21.00 MB
Current GC threshold: 21.00 MB
CDS: on
MetaspaceReclaimPolicy: balanced
 - commit_granule_bytes: 65536.
 - commit_granule_words: 8192.
 - virtual_space_node_default_size: 8388608.
 - enlarge_chunks_in_place: 1.
 - new_chunks_are_fully_committed: 0.
 - uncommit_free_chunks: 1.
 - use_allocation_guard: 0.
 - handle_deallocations: 1.


Internal statistics:

num_allocs_failed_limit: 0.
num_arena_births: 134.
num_arena_deaths: 0.
num_vsnodes_births: 2.
num_vsnodes_deaths: 0.
num_space_committed: 333.
num_space_uncommitted: 0.
num_chunks_returned_to_freelist: 0.
num_chunks_taken_from_freelist: 639.
num_chunk_merges: 0.
num_chunk_splits: 529.
num_chunks_enlarged: 472.
num_inconsistent_stats: 0.

CodeHeap 'non-profiled nmethods': size=120000Kb used=904Kb max_used=904Kb free=119095Kb
 bounds [0x0000020719220000, 0x0000020719490000, 0x0000020720750000]
CodeHeap 'profiled nmethods': size=120000Kb used=3099Kb max_used=3099Kb free=116900Kb
 bounds [0x0000020711750000, 0x0000020711a60000, 0x0000020718c80000]
CodeHeap 'non-nmethods': size=5760Kb used=1656Kb max_used=1659Kb free=4103Kb
 bounds [0x0000020718c80000, 0x0000020718ef0000, 0x0000020719220000]
 total_blobs=2832 nmethods=1746 adapters=999
 compilation: enabled
              stopped_count=0, restarted_count=0
 full_count=0

Compilation events (20 events):
Event: 3.984 Thread 0x000002072c32c6d0 1737       3       androidx.compose.runtime.snapshots.Snapshot::makeCurrent (19 bytes)
Event: 3.985 Thread 0x000002072c32c6d0 nmethod 1737 0x0000020711a52a90 code [0x0000020711a52ca0, 0x0000020711a53398]
Event: 3.985 Thread 0x000002072c32c6d0 1739       3       androidx.compose.ui.geometry.Size::getWidth-impl (52 bytes)
Event: 3.985 Thread 0x000002072c32c6d0 nmethod 1739 0x0000020711a53690 code [0x0000020711a53840, 0x0000020711a53b28]
Event: 3.985 Thread 0x000002072c32c6d0 1740       3       androidx.compose.ui.geometry.Offset::getY-impl (53 bytes)
Event: 3.985 Thread 0x000002072c32c6d0 nmethod 1740 0x0000020711a53c90 code [0x0000020711a53e40, 0x0000020711a54128]
Event: 3.985 Thread 0x000002072c32c6d0 1738       3       androidx.compose.ui.node.NodeCoordinator::access$headNode (6 bytes)
Event: 3.985 Thread 0x000002072c32c6d0 nmethod 1738 0x0000020711a54290 code [0x0000020711a54420, 0x0000020711a54548]
Event: 3.985 Thread 0x000002072c32c6d0 1741       1       androidx.compose.ui.graphics.drawscope.CanvasDrawScope$DrawParams::getSize-NH-jbRc (5 bytes)
Event: 3.985 Thread 0x000002072c32c6d0 nmethod 1741 0x0000020719301f90 code [0x0000020719302120, 0x00000207193021f8]
Event: 3.986 Thread 0x000002072c32c6d0 1742       3       androidx.compose.runtime.snapshots.SnapshotKt::mergedReadObserver (49 bytes)
Event: 3.986 Thread 0x000002072c32c6d0 nmethod 1742 0x0000020711a54610 code [0x0000020711a54800, 0x0000020711a54ec8]
Event: 3.986 Thread 0x000002072c32c6d0 1743       3       androidx.compose.runtime.snapshots.SnapshotKt::access$mergedWriteObserver (6 bytes)
Event: 3.986 Thread 0x000002072c32c6d0 nmethod 1743 0x0000020711a55090 code [0x0000020711a55220, 0x0000020711a55328]
Event: 3.986 Thread 0x000002072c32c6d0 1744       3       androidx.compose.ui.geometry.Offset::getX-impl (52 bytes)
Event: 3.986 Thread 0x000002072c32c6d0 nmethod 1744 0x0000020711a55410 code [0x0000020711a555c0, 0x0000020711a558a8]
Event: 3.986 Thread 0x000002072c32c6d0 1745       3       org.jetbrains.skia.impl.InteropScope::toInterop (2 bytes)
Event: 3.986 Thread 0x000002072c32c6d0 nmethod 1745 0x0000020711a55a10 code [0x0000020711a55ba0, 0x0000020711a55cb8]
Event: 3.986 Thread 0x000002072c32c6d0 1746       3       java.util.Arrays::rangeCheck (74 bytes)
Event: 3.987 Thread 0x000002072c32c6d0 nmethod 1746 0x0000020711a55d90 code [0x0000020711a56040, 0x0000020711a56a88]

GC Heap History (6 events):
Event: 0.612 GC heap before
{Heap before GC invocations=0 (full 0):
 garbage-first heap   total 260096K, used 12288K [0x0000000702600000, 0x0000000800000000)
  region size 2048K, 6 young (12288K), 0 survivors (0K)
 Metaspace       used 1740K, committed 1792K, reserved 1114112K
  class space    used 158K, committed 192K, reserved 1048576K
}
Event: 0.805 GC heap after
{Heap after GC invocations=1 (full 0):
 garbage-first heap   total 260096K, used 7177K [0x0000000702600000, 0x0000000800000000)
  region size 2048K, 1 young (2048K), 1 survivors (2048K)
 Metaspace       used 1740K, committed 1792K, reserved 1114112K
  class space    used 158K, committed 192K, reserved 1048576K
}
Event: 1.664 GC heap before
{Heap before GC invocations=1 (full 0):
 garbage-first heap   total 260096K, used 15369K [0x0000000702600000, 0x0000000800000000)
  region size 2048K, 6 young (12288K), 1 survivors (2048K)
 Metaspace       used 5860K, committed 6016K, reserved 1114112K
  class space    used 464K, committed 512K, reserved 1048576K
}
Event: 1.667 GC heap after
{Heap after GC invocations=2 (full 0):
 garbage-first heap   total 260096K, used 8168K [0x0000000702600000, 0x0000000800000000)
  region size 2048K, 1 young (2048K), 1 survivors (2048K)
 Metaspace       used 5860K, committed 6016K, reserved 1114112K
  class space    used 464K, committed 512K, reserved 1048576K
}
Event: 2.892 GC heap before
{Heap before GC invocations=2 (full 0):
 garbage-first heap   total 260096K, used 30696K [0x0000000702600000, 0x0000000800000000)
  region size 2048K, 12 young (24576K), 1 survivors (2048K)
 Metaspace       used 12243K, committed 12416K, reserved 1114112K
  class space    used 1200K, committed 1280K, reserved 1048576K
}
Event: 2.896 GC heap after
{Heap after GC invocations=3 (full 0):
 garbage-first heap   total 260096K, used 9364K [0x0000000702600000, 0x0000000800000000)
  region size 2048K, 2 young (4096K), 2 survivors (4096K)
 Metaspace       used 12243K, committed 12416K, reserved 1114112K
  class space    used 1200K, committed 1280K, reserved 1048576K
}

Dll operation events (13 events):
Event: 0.012 Loaded shared library C:\Users\HP\.jdks\corretto-17.0.7\bin\java.dll
Event: 0.026 Loaded shared library C:\Users\HP\.jdks\corretto-17.0.7\bin\jsvml.dll
Event: 0.202 Loaded shared library C:\Users\HP\.jdks\corretto-17.0.7\bin\zip.dll
Event: 0.204 Loaded shared library C:\Users\HP\.jdks\corretto-17.0.7\bin\instrument.dll
Event: 0.212 Loaded shared library C:\Users\HP\.jdks\corretto-17.0.7\bin\net.dll
Event: 0.214 Loaded shared library C:\Users\HP\.jdks\corretto-17.0.7\bin\nio.dll
Event: 0.218 Loaded shared library C:\Users\HP\.jdks\corretto-17.0.7\bin\zip.dll
Event: 0.332 Loaded shared library C:\Program Files\JetBrains\IntelliJ IDEA Community Edition 2021.3.2\bin\breakgen64.dll
Event: 0.855 Loaded shared library C:\Users\HP\.jdks\corretto-17.0.7\bin\jimage.dll
Event: 0.861 Loaded shared library C:\Users\HP\.jdks\corretto-17.0.7\bin\awt.dll
Event: 2.401 Loaded shared library C:\Users\HP\.skiko\0de0d8dd8554d9bb66cfca3837db6514ff9b71080e998917280a3b777460a416\skiko-windows-x64.dll
Event: 3.063 Loaded shared library C:\Users\HP\.jdks\corretto-17.0.7\bin\freetype.dll
Event: 3.064 Loaded shared library C:\Users\HP\.jdks\corretto-17.0.7\bin\fontmanager.dll

Deoptimization events (20 events):
Event: 3.902 Thread 0x000002073161f810 Uncommon trap: trap_request=0xffffff3d fr.pc=0x00000207192a42dc relative=0x0000000000000bfc
Event: 3.902 Thread 0x000002073161f810 Uncommon trap: reason=unstable_fused_if action=reinterpret pc=0x00000207192a42dc method=java.util.HashMap.resize()[Ljava/util/HashMap$Node; @ 31 c2
Event: 3.902 Thread 0x000002073161f810 DEOPT PACKING pc=0x00000207192a42dc sp=0x000000eacf4f4460
Event: 3.902 Thread 0x000002073161f810 DEOPT UNPACKING pc=0x0000020718cd69a3 sp=0x000000eacf4f43e8 mode 2
Event: 3.919 Thread 0x000002073161f810 Uncommon trap: trap_request=0xffffff45 fr.pc=0x000002071922ed20 relative=0x00000000000001a0
Event: 3.919 Thread 0x000002073161f810 Uncommon trap: reason=unstable_if action=reinterpret pc=0x000002071922ed20 method=java.lang.String.equals(Ljava/lang/Object;)Z @ 33 c2
Event: 3.919 Thread 0x000002073161f810 DEOPT PACKING pc=0x000002071922ed20 sp=0x000000eacf4f50e0
Event: 3.919 Thread 0x000002073161f810 DEOPT UNPACKING pc=0x0000020718cd69a3 sp=0x000000eacf4f5070 mode 2
Event: 3.949 Thread 0x000002073161f810 Uncommon trap: trap_request=0xffffffde fr.pc=0x00000207192cd0d4 relative=0x0000000000000494
Event: 3.949 Thread 0x000002073161f810 Uncommon trap: reason=class_check action=maybe_recompile pc=0x00000207192cd0d4 method=java.util.HashMap.getNode(Ljava/lang/Object;)Ljava/util/HashMap$Node; @ 128 c2
Event: 3.949 Thread 0x000002073161f810 DEOPT PACKING pc=0x00000207192cd0d4 sp=0x000000eacf4f5660
Event: 3.949 Thread 0x000002073161f810 DEOPT UNPACKING pc=0x0000020718cd69a3 sp=0x000000eacf4f5578 mode 2
Event: 3.984 Thread 0x000002073161f810 Uncommon trap: trap_request=0xffffffde fr.pc=0x00000207192cd0d4 relative=0x0000000000000494
Event: 3.984 Thread 0x000002073161f810 Uncommon trap: reason=class_check action=maybe_recompile pc=0x00000207192cd0d4 method=java.util.HashMap.getNode(Ljava/lang/Object;)Ljava/util/HashMap$Node; @ 128 c2
Event: 3.984 Thread 0x000002073161f810 DEOPT PACKING pc=0x00000207192cd0d4 sp=0x000000eacf4f54a0
Event: 3.984 Thread 0x000002073161f810 DEOPT UNPACKING pc=0x0000020718cd69a3 sp=0x000000eacf4f53b8 mode 2
Event: 3.984 Thread 0x000002073161f810 Uncommon trap: trap_request=0xffffffde fr.pc=0x00000207192cd0d4 relative=0x0000000000000494
Event: 3.984 Thread 0x000002073161f810 Uncommon trap: reason=class_check action=maybe_recompile pc=0x00000207192cd0d4 method=java.util.HashMap.getNode(Ljava/lang/Object;)Ljava/util/HashMap$Node; @ 128 c2
Event: 3.984 Thread 0x000002073161f810 DEOPT PACKING pc=0x00000207192cd0d4 sp=0x000000eacf4f56b0
Event: 3.984 Thread 0x000002073161f810 DEOPT UNPACKING pc=0x0000020718cd69a3 sp=0x000000eacf4f55c8 mode 2

Classes unloaded (0 events):
No events

Classes redefined (0 events):
No events

Internal exceptions (20 events):
Event: 0.935 Thread 0x0000020709c56290 Exception <a 'java/io/FileNotFoundException'{0x0000000712294360}> (0x0000000712294360) 
thrown [s\src\hotspot\share\prims\jni.cpp, line 516]
Event: 0.950 Thread 0x0000020709c56290 Exception <a 'java/io/FileNotFoundException'{0x00000007122c1510}> (0x00000007122c1510) 
thrown [s\src\hotspot\share\prims\jni.cpp, line 516]
Event: 1.785 Thread 0x000002073161f810 Exception <a 'java/lang/NoSuchMethodError'{0x00000007120fcd10}: 'java.lang.Object java.lang.invoke.DirectMethodHandle$Holder.invokeStaticInit(java.lang.Object, int, int, int, int)'> (0x00000007120fcd10) 
thrown [s\src\hotspot\share\interpreter\linkResolver.cpp, line 759]
Event: 1.903 Thread 0x000002073161f810 Exception <a 'java/lang/NoSuchMethodError'{0x00000007121cea00}: 'java.lang.Object java.lang.invoke.DirectMethodHandle$Holder.invokeStaticInit(java.lang.Object, java.lang.Object, int, int, int, int)'> (0x00000007121cea00) 
thrown [s\src\hotspot\share\interpreter\linkResolver.cpp, line 759]
Event: 2.099 Thread 0x000002073161f810 Exception <a 'java/lang/NoSuchMethodError'{0x0000000711d3abb8}: 'double java.lang.invoke.DirectMethodHandle$Holder.invokeStatic(java.lang.Object, double)'> (0x0000000711d3abb8) 
thrown [s\src\hotspot\share\interpreter\linkResolver.cpp, line 759]
Event: 2.099 Thread 0x000002073161f810 Exception <a 'java/lang/NoSuchMethodError'{0x0000000711d3e618}: 'double java.lang.invoke.DirectMethodHandle$Holder.invokeStaticInit(java.lang.Object, double)'> (0x0000000711d3e618) 
thrown [s\src\hotspot\share\interpreter\linkResolver.cpp, line 759]
Event: 2.111 Thread 0x000002073161f810 Exception <a 'java/lang/NoSuchMethodError'{0x0000000711d86ff8}: 'java.lang.Object java.lang.invoke.DirectMethodHandle$Holder.newInvokeSpecial(java.lang.Object, double)'> (0x0000000711d86ff8) 
thrown [s\src\hotspot\share\interpreter\linkResolver.cpp, line 759]
Event: 2.720 Thread 0x000002073161f810 Exception <a 'java/lang/NoSuchMethodError'{0x0000000710ca8b40}: 'void java.lang.invoke.DirectMethodHandle$Holder.invokeSpecial(java.lang.Object, java.lang.Object, java.lang.Object)'> (0x0000000710ca8b40) 
thrown [s\src\hotspot\share\interpreter\linkResolver.cpp, line 759]
Event: 2.742 Thread 0x000002073161f810 Exception <a 'java/lang/NoSuchMethodError'{0x0000000710cd2f18}: 'java.lang.Object java.lang.invoke.DirectMethodHandle$Holder.newInvokeSpecial(java.lang.Object, java.lang.Object, java.lang.Object, java.lang.Object, java.lang.Object)'> (0x0000000710cd2f18) 
thrown [s\src\hotspot\share\interpreter\linkResolver.cpp, line 759]
Event: 2.751 Thread 0x000002073161f810 Exception <a 'java/lang/NoSuchMethodError'{0x0000000710cdeb88}: 'java.lang.Object java.lang.invoke.DirectMethodHandle$Holder.invokeStatic(java.lang.Object, int, java.lang.Object, java.lang.Object, java.lang.Object, java.lang.Object)'> (0x0000000710cdeb88) 
thrown [s\src\hotspot\share\interpreter\linkResolver.cpp, line 759]
Event: 2.787 Thread 0x000002073161f810 Exception <a 'java/lang/NoSuchMethodError'{0x0000000710d049a0}: 'java.lang.Object java.lang.invoke.DirectMethodHandle$Holder.invokeStatic(java.lang.Object, int, java.lang.Object)'> (0x0000000710d049a0) 
thrown [s\src\hotspot\share\interpreter\linkResolver.cpp, line 759]
Event: 2.870 Thread 0x000002073161f810 Exception <a 'java/lang/ClassNotFoundException'{0x0000000710dc0920}: com/sun/swing/internal/plaf/metal/resources/spi/metalProvider> (0x0000000710dc0920) 
thrown [s\src\hotspot\share\classfile\systemDictionary.cpp, line 256]
Event: 2.871 Thread 0x000002073161f810 Exception <a 'java/lang/ClassNotFoundException'{0x0000000710dc4b20}: com/sun/swing/internal/plaf/basic/resources/spi/basicProvider> (0x0000000710dc4b20) 
thrown [s\src\hotspot\share\classfile\systemDictionary.cpp, line 256]
Event: 2.888 Thread 0x000002073161f810 Implicit null exception at 0x0000020719252410 to 0x00000207192527e4
Event: 2.888 Thread 0x000002073161f810 Implicit null exception at 0x000002071924a710 to 0x000002071924aac8
Event: 2.888 Thread 0x000002073161f810 Implicit null exception at 0x00000207192a1c0f to 0x00000207192a1c89
Event: 2.940 Thread 0x000002073161f810 Exception <a 'java/lang/NoSuchMethodError'{0x00000007122d9b58}: 'void java.lang.invoke.DirectMethodHandle$Holder.invokeStatic(java.lang.Object, java.lang.Object, java.lang.Object)'> (0x00000007122d9b58) 
thrown [s\src\hotspot\share\interpreter\linkResolver.cpp, line 759]
Event: 3.056 Thread 0x000002073161f810 Exception <a 'java/lang/NoSuchMethodError'{0x0000000711ea5058}: 'void java.lang.invoke.DirectMethodHandle$Holder.invokeStaticInit(java.lang.Object)'> (0x0000000711ea5058) 
thrown [s\src\hotspot\share\interpreter\linkResolver.cpp, line 759]
Event: 3.300 Thread 0x000002073161f810 Exception <a 'java/lang/NoSuchMethodError'{0x0000000711869408}: 'int java.lang.invoke.DirectMethodHandle$Holder.invokeStaticInit(java.lang.Object, java.lang.Object, java.lang.Object)'> (0x0000000711869408) 
thrown [s\src\hotspot\share\interpreter\linkResolver.cpp, line 759]
Event: 3.778 Thread 0x0000020731576240 Exception <a 'java/lang/NoSuchMethodError'{0x0000000711f08960}: 'void java.lang.invoke.DirectMethodHandle$Holder.invokeVirtual(java.lang.Object, java.lang.Object)'> (0x0000000711f08960) 
thrown [s\src\hotspot\share\interpreter\linkResolver.cpp, line 759]

VM Operations (20 events):
Event: 0.336 Executing VM operation: HandshakeAllThreads
Event: 0.336 Executing VM operation: HandshakeAllThreads done
Event: 0.612 Executing VM operation: G1CollectForAllocation
Event: 0.805 Executing VM operation: G1CollectForAllocation done
Event: 1.664 Executing VM operation: G1CollectForAllocation
Event: 1.667 Executing VM operation: G1CollectForAllocation done
Event: 2.183 Executing VM operation: HandshakeAllThreads
Event: 2.183 Executing VM operation: HandshakeAllThreads done
Event: 2.394 Executing VM operation: HandshakeAllThreads
Event: 2.394 Executing VM operation: HandshakeAllThreads done
Event: 2.395 Executing VM operation: HandshakeAllThreads
Event: 2.395 Executing VM operation: HandshakeAllThreads done
Event: 2.892 Executing VM operation: G1CollectForAllocation
Event: 2.896 Executing VM operation: G1CollectForAllocation done
Event: 2.918 Executing VM operation: HandshakeAllThreads
Event: 2.918 Executing VM operation: HandshakeAllThreads done
Event: 2.930 Executing VM operation: HandshakeAllThreads
Event: 2.930 Executing VM operation: HandshakeAllThreads done
Event: 3.935 Executing VM operation: Cleanup
Event: 3.935 Executing VM operation: Cleanup done

Events (20 events):
Event: 3.787 loading class sun/java2d/d3d/D3DSurfaceData$D3DWindowSurfaceData done
Event: 3.787 loading class java/awt/geom/Rectangle2D$Double
Event: 3.787 loading class java/awt/geom/Rectangle2D$Double done
Event: 3.787 loading class java/awt/geom/RectIterator
Event: 3.787 loading class java/awt/geom/PathIterator
Event: 3.787 loading class java/awt/geom/PathIterator done
Event: 3.787 loading class java/awt/geom/RectIterator done
Event: 3.807 loading class java/io/NotSerializableException
Event: 3.807 loading class java/io/ObjectStreamException
Event: 3.807 loading class java/io/ObjectStreamException done
Event: 3.807 loading class java/io/NotSerializableException done
Event: 3.936 loading class java/util/AbstractList$ListItr
Event: 3.936 loading class java/util/AbstractList$ListItr done
Event: 4.333 loading class jdk/internal/misc/Signal$1
Event: 4.333 loading class jdk/internal/misc/Signal$1 done
Event: 4.333 Thread 0x0000020733dcb2b0 Thread added: 0x0000020733dcb2b0
Event: 4.334 Thread 0x0000020733dc95d0 Thread added: 0x0000020733dc95d0
Event: 4.334 Thread 0x0000020733dc5270 Thread added: 0x0000020733dc5270
Event: 4.336 Thread 0x0000020733dc95d0 Thread exited: 0x0000020733dc95d0
Event: 4.339 Thread 0x0000020731576240 Thread exited: 0x0000020731576240


Dynamic libraries:
0x00007ff76c870000 - 0x00007ff76c87d000 	C:\Users\HP\.jdks\corretto-17.0.7\bin\java.exe
0x00007ffae8e70000 - 0x00007ffae9068000 	C:\Windows\SYSTEM32\ntdll.dll
0x00007ffae85d0000 - 0x00007ffae868f000 	C:\Windows\System32\KERNEL32.DLL
0x00007ffae6550000 - 0x00007ffae6846000 	C:\Windows\System32\KERNELBASE.dll
0x00007ffae6b90000 - 0x00007ffae6c90000 	C:\Windows\System32\ucrtbase.dll
0x00007ffad3b70000 - 0x00007ffad3b87000 	C:\Users\HP\.jdks\corretto-17.0.7\bin\jli.dll
0x00007ffac1d40000 - 0x00007ffac1d55000 	C:\Users\HP\.jdks\corretto-17.0.7\bin\VCRUNTIME140.dll
0x00007ffae7e80000 - 0x00007ffae801d000 	C:\Windows\System32\USER32.dll
0x00007ffae6c90000 - 0x00007ffae6cb2000 	C:\Windows\System32\win32u.dll
0x00007ffae7e20000 - 0x00007ffae7e4c000 	C:\Windows\System32\GDI32.dll
0x00007ffae6d10000 - 0x00007ffae6e25000 	C:\Windows\System32\gdi32full.dll
0x00007ffacc090000 - 0x00007ffacc32a000 	C:\Windows\WinSxS\amd64_microsoft.windows.common-controls_6595b64144ccf1df_6.0.19041.1110_none_60b5254171f9507e\COMCTL32.dll
0x00007ffae6e30000 - 0x00007ffae6ecd000 	C:\Windows\System32\msvcp_win.dll
0x00007ffae8900000 - 0x00007ffae899e000 	C:\Windows\System32\msvcrt.dll
0x00007ffae7e50000 - 0x00007ffae7e80000 	C:\Windows\System32\IMM32.DLL
0x00007ffa9d440000 - 0x00007ffa9d4db000 	C:\Users\HP\.jdks\corretto-17.0.7\bin\msvcp140.dll
0x00007ffa1ec20000 - 0x00007ffa1f83a000 	C:\Users\HP\.jdks\corretto-17.0.7\bin\server\jvm.dll
0x00007ffae7550000 - 0x00007ffae75ff000 	C:\Windows\System32\ADVAPI32.dll
0x00007ffae8730000 - 0x00007ffae87cc000 	C:\Windows\System32\sechost.dll
0x00007ffae87d0000 - 0x00007ffae88f6000 	C:\Windows\System32\RPCRT4.dll
0x00007ffadc340000 - 0x00007ffadc349000 	C:\Windows\SYSTEM32\WSOCK32.dll
0x00007ffacbdc0000 - 0x00007ffacbde7000 	C:\Windows\SYSTEM32\WINMM.dll
0x00007ffae8560000 - 0x00007ffae85cb000 	C:\Windows\System32\WS2_32.dll
0x00007ffadc780000 - 0x00007ffadc78a000 	C:\Windows\SYSTEM32\VERSION.dll
0x00007ffae4d40000 - 0x00007ffae4d52000 	C:\Windows\SYSTEM32\kernel.appcore.dll
0x00007ffac90f0000 - 0x00007ffac90fa000 	C:\Users\HP\.jdks\corretto-17.0.7\bin\jimage.dll
0x00007ffae1260000 - 0x00007ffae1444000 	C:\Windows\SYSTEM32\DBGHELP.DLL
0x00007ffacded0000 - 0x00007ffacdf04000 	C:\Windows\SYSTEM32\dbgcore.DLL
0x00007ffae6b00000 - 0x00007ffae6b82000 	C:\Windows\System32\bcryptPrimitives.dll
0x00007ffadcc90000 - 0x00007ffadcc9e000 	C:\Users\HP\.jdks\corretto-17.0.7\bin\instrument.dll
0x00007ffabfe20000 - 0x00007ffabfe45000 	C:\Users\HP\.jdks\corretto-17.0.7\bin\java.dll
0x00007ffa70430000 - 0x00007ffa70506000 	C:\Users\HP\.jdks\corretto-17.0.7\bin\jsvml.dll
0x00007ffae76d0000 - 0x00007ffae7e14000 	C:\Windows\System32\SHELL32.dll
0x00007ffae4590000 - 0x00007ffae4d24000 	C:\Windows\SYSTEM32\windows.storage.dll
0x00007ffae89a0000 - 0x00007ffae8cf4000 	C:\Windows\System32\combase.dll
0x00007ffae5dd0000 - 0x00007ffae5dfe000 	C:\Windows\SYSTEM32\Wldp.dll
0x00007ffae6f80000 - 0x00007ffae702d000 	C:\Windows\System32\SHCORE.dll
0x00007ffae8020000 - 0x00007ffae8075000 	C:\Windows\System32\shlwapi.dll
0x00007ffae6480000 - 0x00007ffae64a5000 	C:\Windows\SYSTEM32\profapi.dll
0x00007ffab6270000 - 0x00007ffab6288000 	C:\Users\HP\.jdks\corretto-17.0.7\bin\zip.dll
0x00007ffabfe00000 - 0x00007ffabfe19000 	C:\Users\HP\.jdks\corretto-17.0.7\bin\net.dll
0x00007ffad78b0000 - 0x00007ffad79ba000 	C:\Windows\SYSTEM32\WINHTTP.dll
0x00007ffae5bb0000 - 0x00007ffae5c1a000 	C:\Windows\system32\mswsock.dll
0x00007ffabfde0000 - 0x00007ffabfdf5000 	C:\Users\HP\.jdks\corretto-17.0.7\bin\nio.dll
0x00007ffac9200000 - 0x00007ffac921a000 	C:\Program Files\JetBrains\IntelliJ IDEA Community Edition 2021.3.2\bin\breakgen64.dll
0x00007ffa68f50000 - 0x00007ffa690f9000 	C:\Users\HP\.jdks\corretto-17.0.7\bin\awt.dll
0x00007ffae7600000 - 0x00007ffae76cd000 	C:\Windows\System32\OLEAUT32.dll
0x00007ffae02d0000 - 0x00007ffae0361000 	C:\Windows\SYSTEM32\apphelp.dll
0x00007ffae0ac0000 - 0x00007ffae0b5e000 	C:\Windows\system32\uxtheme.dll
0x00007ffae7340000 - 0x00007ffae7454000 	C:\Windows\System32\MSCTF.dll
0x00007ffae8d00000 - 0x00007ffae8e2a000 	C:\Windows\System32\ole32.dll
0x00007ffae0bd0000 - 0x00007ffae0bff000 	C:\Windows\system32\DWMAPI.DLL
0x00007ffab5940000 - 0x00007ffab5a65000 	C:\Windows\system32\opengl32.dll
0x00007ffab58d0000 - 0x00007ffab58fc000 	C:\Windows\SYSTEM32\GLU32.dll
0x00007ffae5e10000 - 0x00007ffae5e28000 	C:\Windows\SYSTEM32\CRYPTSP.dll
0x00007ffae54f0000 - 0x00007ffae5524000 	C:\Windows\system32\rsaenh.dll
0x00007ffae6a60000 - 0x00007ffae6a87000 	C:\Windows\System32\bcrypt.dll
0x00007ffae6400000 - 0x00007ffae642e000 	C:\Windows\SYSTEM32\USERENV.dll
0x00007ffae5d40000 - 0x00007ffae5d4c000 	C:\Windows\SYSTEM32\CRYPTBASE.dll
0x00007ffae58c0000 - 0x00007ffae58fc000 	C:\Windows\SYSTEM32\IPHLPAPI.DLL
0x00007ffae8080000 - 0x00007ffae8088000 	C:\Windows\System32\NSI.dll
0x00007ffad7d60000 - 0x00007ffad7d77000 	C:\Windows\SYSTEM32\dhcpcsvc6.DLL
0x00007ffad7d40000 - 0x00007ffad7d5d000 	C:\Windows\SYSTEM32\dhcpcsvc.DLL
0x00007ffae5900000 - 0x00007ffae59ca000 	C:\Windows\SYSTEM32\DNSAPI.dll
0x00007ffa65290000 - 0x00007ffa662dc000 	C:\Users\HP\.skiko\0de0d8dd8554d9bb66cfca3837db6514ff9b71080e998917280a3b777460a416\skiko-windows-x64.dll
0x00007ffaa8db0000 - 0x00007ffaa8e33000 	C:\Users\HP\.jdks\corretto-17.0.7\bin\freetype.dll
0x00007ffaa7c80000 - 0x00007ffaa7d42000 	C:\Users\HP\.jdks\corretto-17.0.7\bin\fontmanager.dll
0x00007ffadcbe0000 - 0x00007ffadcbe7000 	C:\Users\HP\.jdks\corretto-17.0.7\bin\jawt.dll
0x00007ffae4db0000 - 0x00007ffae4ea3000 	C:\Windows\SYSTEM32\Dxgi.dll
0x00007ffac91d0000 - 0x00007ffac91f0000 	C:\Windows\SYSTEM32\D3D12.dll
0x00007ffa664a0000 - 0x00007ffa6666d000 	C:\Windows\SYSTEM32\D3D12Core.dll
0x00007ffad9fc0000 - 0x00007ffad9ffb000 	C:\Windows\SYSTEM32\dxcore.dll
0x00007ffae6cc0000 - 0x00007ffae6d0e000 	C:\Windows\System32\cfgmgr32.dll
0x00007ffad4b80000 - 0x00007ffad7799000 	C:\Windows\System32\DriverStore\FileRepository\igdlh64.inf_amd64_e6daaea9afe1e6f6\igc64.dll
0x00007ffa62ec0000 - 0x00007ffa64393000 	C:\Windows\System32\DriverStore\FileRepository\igdlh64.inf_amd64_e6daaea9afe1e6f6\igd12umd64.dll
0x00007ffad7ac0000 - 0x00007ffad7d17000 	C:\Windows\System32\DriverStore\FileRepository\igdlh64.inf_amd64_e6daaea9afe1e6f6\igdgmm64.dll
0x00007ffa64e80000 - 0x00007ffa6528b000 	C:\Windows\System32\DriverStore\FileRepository\igdlh64.inf_amd64_e6daaea9afe1e6f6\igdml64.dll
0x00007ffac7070000 - 0x00007ffac709b000 	C:\Windows\SYSTEM32\D3DSCache.dll
0x00007ffa59780000 - 0x00007ffa5df82000 	C:\Windows\System32\DriverStore\FileRepository\igdlh64.inf_amd64_e6daaea9afe1e6f6\igd12dxva64.dll
0x00007ffae80f0000 - 0x00007ffae855e000 	C:\Windows\System32\SETUPAPI.dll
0x00007ffa84fc0000 - 0x00007ffa84fe7000 	C:\Windows\System32\DriverStore\FileRepository\igdlh64.inf_amd64_e6daaea9afe1e6f6\igdinfo64.dll
0x00007ffadd380000 - 0x00007ffadd587000 	C:\Windows\SYSTEM32\twinapi.appcore.dll
0x00007ffae6ed0000 - 0x00007ffae6f79000 	C:\Windows\System32\clbcatq.dll
0x00007ffa61ee0000 - 0x00007ffa62eb2000 	C:\Windows\System32\DriverStore\FileRepository\igdlh64.inf_amd64_e6daaea9afe1e6f6\ig9icd64.dll
0x00007ffae63b0000 - 0x00007ffae63fb000 	C:\Windows\SYSTEM32\powrprof.dll
0x00007ffae6390000 - 0x00007ffae63a2000 	C:\Windows\SYSTEM32\UMPDC.dll
0x00007ffad15d0000 - 0x00007ffad184f000 	C:\Windows\SYSTEM32\dwrite.dll

dbghelp: loaded successfully - version: 4.0.5 - missing functions: none
symbol engine: initialized successfully - sym options: 0x614 - pdb path: .;C:\Users\HP\.jdks\corretto-17.0.7\bin;C:\Windows\SYSTEM32;C:\Windows\WinSxS\amd64_microsoft.windows.common-controls_6595b64144ccf1df_6.0.19041.1110_none_60b5254171f9507e;C:\Users\HP\.jdks\corretto-17.0.7\bin\server;C:\Program Files\JetBrains\IntelliJ IDEA Community Edition 2021.3.2\bin;C:\Users\HP\.skiko\0de0d8dd8554d9bb66cfca3837db6514ff9b71080e998917280a3b777460a416;C:\Windows\System32\DriverStore\FileRepository\igdlh64.inf_amd64_e6daaea9afe1e6f6

VM Arguments:
jvm_args: -Djava.library.path=C:\Users\HP\Desktop\demo-compose-desktop\build\classes\kotlin\jvm\main;C:\Users\HP\Desktop\demo-compose-desktop\build\processedResources\jvm\main -javaagent:C:\Program Files\JetBrains\IntelliJ IDEA Community Edition 2021.3.2\lib\idea_rt.jar=53832:C:\Program Files\JetBrains\IntelliJ IDEA Community Edition 2021.3.2\bin -Dfile.encoding=UTF-8 
java_command: MainKt
java_class_path (initial): C:\Users\HP\Desktop\demo-compose-desktop\build\classes\kotlin\jvm\main;C:\Users\HP\Desktop\demo-compose-desktop\build\processedResources\jvm\main;C:\Users\HP\.gradle\caches\modules-2\files-2.1\io.insert-koin\koin-androidx-compose\3.4.5\ae0a88b7a68d507e651c5a3d70a541594bea54cb\koin-androidx-compose-3.4.5.aar;C:\Users\HP\.gradle\caches\modules-2\files-2.1\androidx.navigation\navigation-compose\2.6.0\3f8ce7b0bad21cced0c47b42b6347c65a6e422c3\navigation-compose-2.6.0.aar;C:\Users\HP\.gradle\caches\modules-2\files-2.1\org.jetbrains.kotlin\kotlin-stdlib-jdk8\1.8.21\67f57e154437cd9e6e9cf368394b95814836ff88\kotlin-stdlib-jdk8-1.8.21.jar;C:\Users\HP\.gradle\caches\modules-2\files-2.1\org.apache.poi\poi-ooxml\4.1.2\87d9a22aa9a7dd26e80c360e709f7ee02e32ab3b\poi-ooxml-4.1.2.jar;C:\Users\HP\.gradle\caches\modules-2\files-2.1\org.apache.poi\poi\4.1.2\964bf41cf68bce08e4ef6b2279b559fdf8d454f4\poi-4.1.2.jar;C:\Users\HP\.gradle\caches\modules-2\files-2.1\org.lwjgl\lwjgl-nfd\3.3.1\622318116996ddcff449b46cb38f0fdee39b8ac3\lwjgl-nfd-3.3.1.jar;C:\Users\HP\.gradle\caches\modules-2\files-2.1\org.lwjgl\lwjgl-nfd\3.3.1\2e007667e04ed3281152ae5c6e677fb1c2211691\lwjgl-nfd-3.3.1-natives-linux.jar;C:\Users\HP\.gradle\caches\modules-2\files-2.1\org.lwjgl\lwjgl\3.3.1\ae58664f88e18a9bb2c77b063833ca7aaec484cb\lwjgl-3.3.1.jar;C:\Users\HP\.gradle\caches\modules-2\files-2.1\io.insert-koin\koin-android\3.4.0\48715fbe06102a59a30bd45b06ed2400c16c6f45\koin-android-3.4.0.aar;C:\Users\HP\.gradle\caches\modules-2\files-2.1\org.lwjgl\lwjgl-nfd\3.3.1\b3e04e317f55dd738d8a345cdafd15b39f85a2ea\lwjgl-nfd-3.3.1-natives-linux-arm32.jar;C:\Users\HP\.gradle\caches\modules-2\files-2.1\androidx.lifecycle\lifecycle-viewmodel-compose\2.6.1\38cf3bb65ff3e0e5c3d63de2ebf5411d0898108c\lifecycle-viewmodel-compose-2.6.1.aar;C:\Users\HP\.gradle\caches\modules-2\files-2.1\org.lwjgl\lwjgl-nfd\3.3.1\f41dc62336f7ee4ab35705cfa440cc903d199165\lwjgl-nfd-3.3.1-natives-linux-arm64.jar;C:\Users\HP\.gradle\caches\mo
Launcher Type: SUN_STANDARD

[Global flags]
     intx CICompilerCount                          = 3                                         {product} {ergonomic}
     uint ConcGCThreads                            = 1                                         {product} {ergonomic}
     uint G1ConcRefinementThreads                  = 4                                         {product} {ergonomic}
   size_t G1HeapRegionSize                         = 2097152                                   {product} {ergonomic}
    uintx GCDrainStackTargetSize                   = 64                                        {product} {ergonomic}
   size_t InitialHeapSize                          = 266338304                                 {product} {ergonomic}
   size_t MarkStackSize                            = 4194304                                   {product} {ergonomic}
   size_t MaxHeapSize                              = 4255121408                                {product} {ergonomic}
   size_t MaxNewSize                               = 2552233984                                {product} {ergonomic}
   size_t MinHeapDeltaBytes                        = 2097152                                   {product} {ergonomic}
   size_t MinHeapSize                              = 8388608                                   {product} {ergonomic}
    uintx NonNMethodCodeHeapSize                   = 5832780                                {pd product} {ergonomic}
    uintx NonProfiledCodeHeapSize                  = 122912730                              {pd product} {ergonomic}
    uintx ProfiledCodeHeapSize                     = 122912730                              {pd product} {ergonomic}
    uintx ReservedCodeCacheSize                    = 251658240                              {pd product} {ergonomic}
     bool SegmentedCodeCache                       = true                                      {product} {ergonomic}
   size_t SoftMaxHeapSize                          = 4255121408                             {manageable} {ergonomic}
     bool UseCompressedClassPointers               = true                           {product lp64_product} {ergonomic}
     bool UseCompressedOops                        = true                           {product lp64_product} {ergonomic}
     bool UseG1GC                                  = true                                      {product} {ergonomic}
     bool UseLargePagesIndividualAllocation        = false                                  {pd product} {ergonomic}

Logging:
Log output configuration:
 #0: stdout all=warning uptime,level,tags
 #1: stderr all=off uptime,level,tags

Environment Variables:
PATH=C:\Program Files\Common Files\Oracle\Java\javapath;C:\Program Files (x86)\Common Files\Oracle\Java\javapath;C:\Windows\system32;C:\Windows;C:\Windows\System32\Wbem;C:\Windows\System32\WindowsPowerShell\v1.0\;C:\Windows\System32\OpenSSH\;C:\xampp\php;C:\ProgramData\ComposerSetup\bin;C:\Program Files\nodejs\;C:\Program Files (x86)\Intel\Intel(R) Management Engine Components\DAL;C:\Program Files\Intel\Intel(R) Management Engine Components\DAL;C:\Program Files\Git\cmd;C:\Program Files\Fortect;C:\Users\HP\AppData\Local\Microsoft\WindowsApps;C:\Program Files\JetBrains\IntelliJ IDEA Community Edition 2021.3.2\bin;C:\Users\HP\AppData\Local\Programs\Microsoft VS Code\bin;C:\Users\HP\AppData\Local\JetBrains\Toolbox\scripts;C:\Users\HP\AppData\Local\GitHubDesktop\bin;C:\Users\HP\Desktop\camp\flutter_windows_3.7.6-stable\flutter\bin;C:\Users\HP\AppData\Roaming\Composer\vendor\bin;C:\Users\HP\AppData\Roaming\npm
USERNAME=HP
OS=Windows_NT
PROCESSOR_IDENTIFIER=Intel64 Family 6 Model 142 Stepping 9, GenuineIntel
TMP=C:\Users\HP\AppData\Local\Temp
TEMP=C:\Users\HP\AppData\Local\Temp



---------------  S Y S T E M  ---------------

OS:
 Windows 10 , 64 bit Build 19041 (10.0.19041.3155)
OS uptime: 0 days 21:29 hours
Hyper-V role detected

CPU: total 4 (initial active 4) (2 cores per cpu, 2 threads per core) family 6 model 142 stepping 9 microcode 0xf2, cx8, cmov, fxsr, ht, mmx, 3dnowpref, sse, sse2, sse3, ssse3, sse4.1, sse4.2, popcnt, lzcnt, tsc, tscinvbit, avx, avx2, aes, erms, clmul, bmi1, bmi2, rtm, adx, fma, vzeroupper, clflush, clflushopt, hv

Memory: 4k page, system-wide physical 16224M (6482M free)
TotalPageFile size 32096M (AvailPageFile size 20173M)
current process WorkingSet (physical memory assigned to process): 234M, peak: 235M
current process commit charge ("private bytes"): 443M, peak: 443M

vm_info: OpenJDK 64-Bit Server VM (17.0.7+7-LTS) for windows-amd64 JRE (17.0.7+7-LTS), built on Apr 14 2023 01:39:21 by "Administrator" with MS VC++ 15.9 (VS2017)

END.
