#
# A fatal error has been detected by the Java Runtime Environment:
#
#  EXCEPTION_ACCESS_VIOLATION (0xc0000005) at pc=0x00007ffe74e7ebe3, pid=12236, tid=9040
#
# JRE version: OpenJDK Runtime Environment Corretto-17.0.7.7.1 (17.0.7+7) (build 17.0.7+7-LTS)
# Java VM: OpenJDK 64-Bit Server VM Corretto-17.0.7.7.1 (17.0.7+7-LTS, mixed mode, sharing, tiered, compressed oops, compressed class ptrs, g1 gc, windows-amd64)
# Problematic frame:
# C  [ig9icd64.dll+0x9bebe3]
#
# No core dump will be written. Minidumps are not enabled by default on client versions of Windows
#
# If you would like to submit a bug report, please visit:
#   https://github.com/corretto/corretto-17/issues/
# The crash happened outside the Java Virtual Machine in native code.
# See problematic frame for where to report the bug.
#

---------------  S U M M A R Y ------------

Command Line: -Djava.library.path=C:\Users\HP\Desktop\newderar\build\classes\kotlin\jvm\main;C:\Users\HP\Desktop\newderar\build\processedResources\jvm\main -javaagent:C:\Program Files\JetBrains\IntelliJ IDEA Community Edition 2021.3.2\lib\idea_rt.jar=52244:C:\Program Files\JetBrains\IntelliJ IDEA Community Edition 2021.3.2\bin -Dfile.encoding=UTF-8 MainKt

Host: Intel(R) Core(TM) i5-7300U CPU @ 2.60GHz, 4 cores, 15G,  Windows 10 , 64 bit Build 19041 (10.0.19041.3155)
Time: Sat Jul  8 17:17:53 2023 Libya Standard Time elapsed time: 67.676132 seconds (0d 0h 1m 7s)

---------------  T H R E A D  ---------------

Current thread (0x00000247d5b7a7d0):  JavaThread "AWT-EventQueue-0" [_thread_in_native, id=9040, stack(0x000000cdf1500000,0x000000cdf1600000)]

Stack: [0x000000cdf1500000,0x000000cdf1600000],  sp=0x000000cdf15fc928,  free space=1010k
Native frames: (J=compiled Java code, j=interpreted, Vv=VM code, C=native code)
C  [ig9icd64.dll+0x9bebe3]

Java frames: (J=compiled Java code, j=interpreted, Vv=VM code)
J 4891  org.jetbrains.skia.DirectContextKt.DirectContext_nFlush(J)V (0 bytes) @ 0x00000247bdd63469 [0x00000247bdd63420+0x0000000000000049]
J 5338 c2 org.jetbrains.skiko.redrawer.WindowsOpenGLRedrawer$Companion$frameDispatcher$1.invokeSuspend(Ljava/lang/Object;)Ljava/lang/Object; (379 bytes) @ 0x00000247bde21578 [0x00000247bde20080+0x00000000000014f8]
J 5337 c2 org.jetbrains.skiko.FrameDispatcher$job$1.invokeSuspend(Ljava/lang/Object;)Ljava/lang/Object; (156 bytes) @ 0x00000247bdc35cf0 [0x00000247bdc35aa0+0x0000000000000250]
J 4787 c2 kotlin.coroutines.jvm.internal.BaseContinuationImpl.resumeWith(Ljava/lang/Object;)V (128 bytes) @ 0x00000247bdd2ddf4 [0x00000247bdd2dda0+0x0000000000000054]
j  kotlinx.coroutines.DispatchedTask.run()V+314
J 4983 c2 java.awt.EventDispatchThread.pumpOneEventForFilters(I)V java.desktop@17.0.7 (113 bytes) @ 0x00000247bddb4920 [0x00000247bddb3f00+0x0000000000000a20]
j  java.awt.EventDispatchThread.pumpEventsForFilter(ILjava/awt/Conditional;Ljava/awt/EventFilter;)V+35 java.desktop@17.0.7
j  java.awt.EventDispatchThread.pumpEventsForHierarchy(ILjava/awt/Conditional;Ljava/awt/Component;)V+11 java.desktop@17.0.7
j  java.awt.EventDispatchThread.pumpEvents(ILjava/awt/Conditional;)V+4 java.desktop@17.0.7
j  java.awt.EventDispatchThread.pumpEvents(Ljava/awt/Conditional;)V+3 java.desktop@17.0.7
j  java.awt.EventDispatchThread.run()V+9 java.desktop@17.0.7
v  ~StubRoutines::call_stub

siginfo: EXCEPTION_ACCESS_VIOLATION (0xc0000005), reading address 0xffffffffffffffff


Register to memory mapping:

RIP=0x00007ffe74e7ebe3 ig9icd64.dll
RAX=0x000000000fff0fff is an unknown value
RBX=0x00007ffe744c0000 ig9icd64.dll
RCX=0x000000033fcf3fcc is an unknown value
RDX=0x000000cdf15fce40 is pointing into the stack for thread: 0x00000247d5b7a7d0
RSP=0x000000cdf15fc928 is pointing into the stack for thread: 0x00000247d5b7a7d0
RBP=0x000000cdf15fca30 is pointing into the stack for thread: 0x00000247d5b7a7d0
RSI=0x00000247d688f380 points into unknown readable memory: 0x00000247d8210280 | 80 02 21 d8 47 02 00 00
RDI=0x000000cdf15fcc30 is pointing into the stack for thread: 0x00000247d5b7a7d0
R8 =0x000000cdf15fca60 is pointing into the stack for thread: 0x00000247d5b7a7d0
R9 =0x000000cdf15fce40 is pointing into the stack for thread: 0x00000247d5b7a7d0
R10=0x000000cdf15fcc30 is pointing into the stack for thread: 0x00000247d5b7a7d0
R11=0x0 is NULL
R12=0x00007ffe752f15e0 ig9icd64.dll
R13=0x0 is NULL
R14=0x0 is NULL
R15=0x00000000000001c1 is an unknown value


Registers:
RAX=0x000000000fff0fff, RBX=0x00007ffe744c0000, RCX=0x000000033fcf3fcc, RDX=0x000000cdf15fce40
RSP=0x000000cdf15fc928, RBP=0x000000cdf15fca30, RSI=0x00000247d688f380, RDI=0x000000cdf15fcc30
R8 =0x000000cdf15fca60, R9 =0x000000cdf15fce40, R10=0x000000cdf15fcc30, R11=0x0000000000000000
R12=0x00007ffe752f15e0, R13=0x0000000000000000, R14=0x0000000000000000, R15=0x00000000000001c1
RIP=0x00007ffe74e7ebe3, EFLAGS=0x0000000000010206

Top of Stack: (sp=0x000000cdf15fc928)
0x000000cdf15fc928:   00007ffe74e7c31b 0000000000000001
0x000000cdf15fc938:   0000000000000000 00000247e12a4500
0x000000cdf15fc948:   00007ffeda002622 000000cd00000065
0x000000cdf15fc958:   000000cdf15fcb60 0000000000000000
0x000000cdf15fc968:   00000247de869300 0000000000000000
0x000000cdf15fc978:   00000247d8716ee0 00000247e12a4530
0x000000cdf15fc988:   0000000000001100 0000000000000000
0x000000cdf15fc998:   0000000000000000 000000cdf15fcb10
0x000000cdf15fc9a8:   00007ffe74b179c0 0000000000000000
0x000000cdf15fc9b8:   0000000000000000 0000000000000000
0x000000cdf15fc9c8:   0000000000000000 000095cb4d8c5349
0x000000cdf15fc9d8:   00007ffe744d6555 00000247e12a4530
0x000000cdf15fc9e8:   0000000000004001 0000000000000000
0x000000cdf15fc9f8:   00007ffee9b7b86b 000000000009000c
0x000000cdf15fca08:   0000000000000038 00000247d8c8f980
0x000000cdf15fca18:   0000000000000000 0000000000000000 

Instructions: (pc=0x00007ffe74e7ebe3)
0x00007ffe74e7eae3:   c1 75 31 00 48 89 51 08 48 89 01 8b 44 24 28 89
0x00007ffe74e7eaf3:   41 20 8b 44 24 30 89 41 24 48 8b c1 4c 89 41 10
0x00007ffe74e7eb03:   4c 89 49 18 c3 cc cc cc cc cc cc cc cc 48 89 5c
0x00007ffe74e7eb13:   24 08 8b 41 5c 48 8d 1d e1 14 64 ff 41 89 40 08
0x00007ffe74e7eb23:   4c 8b d1 8b 41 60 45 33 db 41 89 40 0c 4c 8b ca
0x00007ffe74e7eb33:   8b 41 64 41 89 40 10 8b 41 68 41 89 40 14 8b 41
0x00007ffe74e7eb43:   6c 41 89 40 18 8b 41 70 41 89 40 1c 48 63 41 74
0x00007ffe74e7eb53:   48 6b c8 34 8b 84 19 44 d1 ee 00 41 89 40 20 8b
0x00007ffe74e7eb63:   84 19 48 d1 ee 00 41 89 40 24 8b 84 19 4c d1 ee
0x00007ffe74e7eb73:   00 41 89 40 28 8b 84 19 50 d1 ee 00 41 89 40 2c
0x00007ffe74e7eb83:   8b 84 19 34 d1 ee 00 41 89 40 30 8b 84 19 38 d1
0x00007ffe74e7eb93:   ee 00 41 89 40 34 8b 84 19 3c d1 ee 00 41 89 40
0x00007ffe74e7eba3:   38 8b 84 19 40 d1 ee 00 41 89 40 3c 8b 84 19 24
0x00007ffe74e7ebb3:   d1 ee 00 41 89 40 40 8b 84 19 28 d1 ee 00 41 89
0x00007ffe74e7ebc3:   40 44 8b 84 19 2c d1 ee 00 41 89 40 48 8b 84 19
0x00007ffe74e7ebd3:   30 d1 ee 00 41 89 40 4c 49 63 42 78 48 6b c8 34
0x00007ffe74e7ebe3:   8b 84 19 44 d1 ee 00 41 89 40 50 8b 84 19 48 d1
0x00007ffe74e7ebf3:   ee 00 41 89 40 54 8b 84 19 4c d1 ee 00 41 89 40
0x00007ffe74e7ec03:   58 8b 84 19 50 d1 ee 00 41 89 40 5c 8b 84 19 34
0x00007ffe74e7ec13:   d1 ee 00 41 89 40 60 8b 84 19 38 d1 ee 00 41 89
0x00007ffe74e7ec23:   40 64 8b 84 19 3c d1 ee 00 41 89 40 68 8b 84 19
0x00007ffe74e7ec33:   40 d1 ee 00 41 89 40 6c 8b 84 19 24 d1 ee 00 41
0x00007ffe74e7ec43:   89 40 70 8b 84 19 28 d1 ee 00 41 89 40 74 8b 84
0x00007ffe74e7ec53:   19 2c d1 ee 00 41 89 40 78 8b 84 19 30 d1 ee 00
0x00007ffe74e7ec63:   41 89 40 7c 48 8b 42 18 8b 88 38 0b 00 00 f6 c1
0x00007ffe74e7ec73:   08 0f 84 86 00 00 00 8b 80 3c 0b 00 00 41 89 80
0x00007ffe74e7ec83:   80 00 00 00 48 8b 42 18 8b 88 40 0b 00 00 41 89
0x00007ffe74e7ec93:   88 84 00 00 00 48 8b 42 18 8b 88 44 0b 00 00 41
0x00007ffe74e7eca3:   89 88 88 00 00 00 48 8b 42 18 8b 88 48 0b 00 00
0x00007ffe74e7ecb3:   41 89 88 8c 00 00 00 48 8b 42 18 8b 88 4c 0b 00
0x00007ffe74e7ecc3:   00 41 89 88 90 00 00 00 48 8b 42 18 8b 88 50 0b
0x00007ffe74e7ecd3:   00 00 41 89 88 94 00 00 00 48 8b 42 18 8b 88 54 


Stack slot to memory mapping:
stack at sp + 0 slots: 0x00007ffe74e7c31b ig9icd64.dll
stack at sp + 1 slots: 0x0000000000000001 is an unknown value
stack at sp + 2 slots: 0x0 is NULL
stack at sp + 3 slots: 0x00000247e12a4500 points into unknown readable memory: 0x0000000000000000 | 00 00 00 00 00 00 00 00
stack at sp + 4 slots: 0x00007ffeda002622 igdgmm64.dll
stack at sp + 5 slots: 0x000000cd00000065 is an unknown value
stack at sp + 6 slots: 0x000000cdf15fcb60 is pointing into the stack for thread: 0x00000247d5b7a7d0
stack at sp + 7 slots: 0x0 is NULL


---------------  P R O C E S S  ---------------

Threads class SMR info:
_java_thread_list=0x00000247df26a0b0, length=28, elements={
0x00000247ae526970, 0x00000247d0bd58b0, 0x00000247d0bd6630, 0x00000247d0bed820,
0x00000247d0bee2e0, 0x00000247d0bf1450, 0x00000247d0bf1d10, 0x00000247d0bf3150,
0x00000247d0bfaf60, 0x00000247d5010060, 0x00000247d52a8910, 0x00000247d53c3f50,
0x00000247d53c4420, 0x00000247d5b75ab0, 0x00000247d5b76380, 0x00000247d5b7a7d0,
0x00000247d5e0fc70, 0x00000247d6370200, 0x00000247d6142e20, 0x00000247d6143c90,
0x00000247d61432f0, 0x00000247d6144630, 0x00000247d6146310, 0x00000247d8561ad0,
0x00000247d8566ca0, 0x00000247d8564af0, 0x00000247d8561fa0, 0x00000247d8564fc0
}

Java Threads: ( => current thread )
  0x00000247ae526970 JavaThread "main" [_thread_blocked, id=14164, stack(0x000000cdefa00000,0x000000cdefb00000)]
  0x00000247d0bd58b0 JavaThread "Reference Handler" daemon [_thread_blocked, id=12060, stack(0x000000cdf0100000,0x000000cdf0200000)]
  0x00000247d0bd6630 JavaThread "Finalizer" daemon [_thread_blocked, id=10060, stack(0x000000cdf0200000,0x000000cdf0300000)]
  0x00000247d0bed820 JavaThread "Signal Dispatcher" daemon [_thread_blocked, id=3608, stack(0x000000cdf0300000,0x000000cdf0400000)]
  0x00000247d0bee2e0 JavaThread "Attach Listener" daemon [_thread_blocked, id=18548, stack(0x000000cdf0400000,0x000000cdf0500000)]
  0x00000247d0bf1450 JavaThread "Service Thread" daemon [_thread_blocked, id=7552, stack(0x000000cdf0500000,0x000000cdf0600000)]
  0x00000247d0bf1d10 JavaThread "Monitor Deflation Thread" daemon [_thread_blocked, id=10832, stack(0x000000cdf0600000,0x000000cdf0700000)]
  0x00000247d0bf3150 JavaThread "C2 CompilerThread0" daemon [_thread_blocked, id=16896, stack(0x000000cdf0700000,0x000000cdf0800000)]
  0x00000247d0bfaf60 JavaThread "C1 CompilerThread0" daemon [_thread_blocked, id=4292, stack(0x000000cdf0800000,0x000000cdf0900000)]
  0x00000247d5010060 JavaThread "Sweeper thread" daemon [_thread_blocked, id=18184, stack(0x000000cdf0900000,0x000000cdf0a00000)]
  0x00000247d52a8910 JavaThread "Common-Cleaner" daemon [_thread_blocked, id=7440, stack(0x000000cdf0a00000,0x000000cdf0b00000)]
  0x00000247d53c3f50 JavaThread "Monitor Ctrl-Break" daemon [_thread_in_native, id=18836, stack(0x000000cdf0c00000,0x000000cdf0d00000)]
  0x00000247d53c4420 JavaThread "Notification Thread" daemon [_thread_blocked, id=8044, stack(0x000000cdf0d00000,0x000000cdf0e00000)]
  0x00000247d5b75ab0 JavaThread "Java2D Disposer" daemon [_thread_blocked, id=15892, stack(0x000000cdf1200000,0x000000cdf1300000)]
  0x00000247d5b76380 JavaThread "AWT-Shutdown" [_thread_blocked, id=17672, stack(0x000000cdf1300000,0x000000cdf1400000)]
=>0x00000247d5b7a7d0 JavaThread "AWT-EventQueue-0" [_thread_in_native, id=9040, stack(0x000000cdf1500000,0x000000cdf1600000)]
  0x00000247d5e0fc70 JavaThread "Reference Cleaner" daemon [_thread_blocked, id=18200, stack(0x000000cdf1600000,0x000000cdf1700000)]
  0x00000247d6370200 JavaThread "DefaultDispatcher-worker-1" daemon [_thread_blocked, id=19356, stack(0x000000cdf1700000,0x000000cdf1800000)]
  0x00000247d6142e20 JavaThread "DefaultDispatcher-worker-2" daemon [_thread_blocked, id=17528, stack(0x000000cdf1800000,0x000000cdf1900000)]
  0x00000247d6143c90 JavaThread "DefaultDispatcher-worker-3" daemon [_thread_blocked, id=4792, stack(0x000000cdf1900000,0x000000cdf1a00000)]
  0x00000247d61432f0 JavaThread "kotlinx.coroutines.DefaultExecutor" daemon [_thread_blocked, id=4252, stack(0x000000cdf1a00000,0x000000cdf1b00000)]
  0x00000247d6144630 JavaThread "TimerQueue" daemon [_thread_blocked, id=13204, stack(0x000000cdf1e00000,0x000000cdf1f00000)]
  0x00000247d6146310 JavaThread "RealmFinalizingDaemon" daemon [_thread_blocked, id=18448, stack(0x000000cdf2100000,0x000000cdf2200000)]
  0x00000247d8561ad0 JavaThread "core-notifier" daemon [_thread_in_native, id=6524, stack(0x000000cdf2300000,0x000000cdf2400000)]
  0x00000247d8566ca0 JavaThread "DefaultDispatcher-worker-4" daemon [_thread_blocked, id=5720, stack(0x000000cdf2500000,0x000000cdf2600000)]
  0x00000247d8564af0 JavaThread "DefaultDispatcher-worker-5" daemon [_thread_blocked, id=10712, stack(0x000000cdf2600000,0x000000cdf2700000)]
  0x00000247d8561fa0 JavaThread "DefaultDispatcher-worker-6" daemon [_thread_blocked, id=17140, stack(0x000000cdf2700000,0x000000cdf2800000)]
  0x00000247d8564fc0 JavaThread "SIGINT handler" daemon [_thread_blocked, id=7588, stack(0x000000cdef800000,0x000000cdef900000)]

Other Threads:
  0x00000247d0bcea00 VMThread "VM Thread" [stack: 0x000000cdf0000000,0x000000cdf0100000] [id=6400]
  0x00000247d53c48f0 WatcherThread [stack: 0x000000cdf0e00000,0x000000cdf0f00000] [id=3528]
  0x00000247ae590700 GCTaskThread "GC Thread#0" [stack: 0x000000cdefb00000,0x000000cdefc00000] [id=13932]
  0x00000247d56ab440 GCTaskThread "GC Thread#1" [stack: 0x000000cdf0f00000,0x000000cdf1000000] [id=4196]
  0x00000247d5b70530 GCTaskThread "GC Thread#2" [stack: 0x000000cdf1000000,0x000000cdf1100000] [id=9840]
  0x00000247d5b707e0 GCTaskThread "GC Thread#3" [stack: 0x000000cdf1100000,0x000000cdf1200000] [id=18504]
  0x00000247ae5a26f0 ConcurrentGCThread "G1 Main Marker" [stack: 0x000000cdefc00000,0x000000cdefd00000] [id=8804]
  0x00000247ae5a3010 ConcurrentGCThread "G1 Conc#0" [stack: 0x000000cdefd00000,0x000000cdefe00000] [id=14072]
  0x00000247ae5de220 ConcurrentGCThread "G1 Refine#0" [stack: 0x000000cdefe00000,0x000000cdeff00000] [id=19144]
  0x00000247ae5deb50 ConcurrentGCThread "G1 Service" [stack: 0x000000cdeff00000,0x000000cdf0000000] [id=12792]

Threads with active compile tasks:

VM state: not at safepoint (normal execution)

VM Mutex/Monitor currently owned by a thread: None

Heap address: 0x0000000702600000, size: 4058 MB, Compressed Oops mode: Zero based, Oop shift amount: 3

CDS archive(s) mapped at: [0x0000000800000000-0x0000000800bc0000-0x0000000800bc0000), size 12320768, SharedBaseAddress: 0x0000000800000000, ArchiveRelocationMode: 0.
Compressed class space mapped at: 0x0000000801000000-0x0000000841000000, reserved size: 1073741824
Narrow klass base: 0x0000000800000000, Narrow klass shift: 0, Narrow klass range: 0x100000000

GC Precious Log:
 CPUs: 4 total, 4 available
 Memory: 16224M
 Large Page Support: Disabled
 NUMA Support: Disabled
 Compressed Oops: Enabled (Zero based)
 Heap Region Size: 2M
 Heap Min Capacity: 8M
 Heap Initial Capacity: 254M
 Heap Max Capacity: 4058M
 Pre-touch: Disabled
 Parallel Workers: 4
 Concurrent Workers: 1
 Concurrent Refinement Workers: 4
 Periodic GC: Disabled

Heap:
 garbage-first heap   total 90112K, used 36381K [0x0000000702600000, 0x0000000800000000)
  region size 2048K, 7 young (14336K), 0 survivors (0K)
 Metaspace       used 34105K, committed 34368K, reserved 1114112K
  class space    used 3710K, committed 3840K, reserved 1048576K

Heap Regions: E=young(eden), S=young(survivor), O=old, HS=humongous(starts), HC=humongous(continues), CS=collection set, F=free, OA=open archive, CA=closed archive, TAMS=top-at-mark-start (previous, next)
|   0|0x0000000702600000, 0x0000000702800000, 0x0000000702800000|100%|HS|  |TAMS 0x0000000702800000, 0x0000000702600000| Untracked 
|   1|0x0000000702800000, 0x0000000702a00000, 0x0000000702a00000|100%| O|  |TAMS 0x0000000702a00000, 0x0000000702800000| Untracked 
|   2|0x0000000702a00000, 0x0000000702bfffa0, 0x0000000702c00000| 99%| O|  |TAMS 0x0000000702bfffa0, 0x0000000702a00000| Untracked 
|   3|0x0000000702c00000, 0x0000000702dd2d28, 0x0000000702e00000| 91%| O|  |TAMS 0x0000000702c00000, 0x0000000702c00000| Untracked 
|   4|0x0000000702e00000, 0x0000000702ffffe0, 0x0000000703000000| 99%| O|  |TAMS 0x0000000702ffffe0, 0x0000000702e00000| Untracked 
|   5|0x0000000703000000, 0x0000000703200000, 0x0000000703200000|100%| O|  |TAMS 0x0000000703000000, 0x0000000703000000| Untracked 
|   6|0x0000000703200000, 0x00000007033a6910, 0x0000000703400000| 82%| O|  |TAMS 0x0000000703200000, 0x0000000703200000| Untracked 
|   7|0x0000000703400000, 0x0000000703400000, 0x0000000703600000|  0%| F|  |TAMS 0x0000000703400000, 0x0000000703400000| Untracked 
|   8|0x0000000703600000, 0x0000000703600000, 0x0000000703800000|  0%| F|  |TAMS 0x0000000703600000, 0x0000000703600000| Untracked 
|   9|0x0000000703800000, 0x0000000703800000, 0x0000000703a00000|  0%| F|  |TAMS 0x0000000703800000, 0x0000000703800000| Untracked 
|  10|0x0000000703a00000, 0x0000000703c00000, 0x0000000703c00000|100%| O|  |TAMS 0x0000000703c00000, 0x0000000703a00000| Untracked 
|  11|0x0000000703c00000, 0x0000000703c00000, 0x0000000703e00000|  0%| F|  |TAMS 0x0000000703c00000, 0x0000000703c00000| Untracked 
|  12|0x0000000703e00000, 0x0000000703e00000, 0x0000000704000000|  0%| F|  |TAMS 0x0000000703e00000, 0x0000000703e00000| Untracked 
|  13|0x0000000704000000, 0x0000000704200000, 0x0000000704200000|100%|HS|  |TAMS 0x0000000704200000, 0x0000000704000000| Untracked 
|  14|0x0000000704200000, 0x0000000704400000, 0x0000000704400000|100%|HC|  |TAMS 0x0000000704400000, 0x0000000704200000| Untracked 
|  15|0x0000000704400000, 0x0000000704600000, 0x0000000704600000|100%|HC|  |TAMS 0x0000000704600000, 0x0000000704400000| Untracked 
|  16|0x0000000704600000, 0x0000000704800000, 0x0000000704800000|100%|HC|  |TAMS 0x0000000704800000, 0x0000000704600000| Untracked 
|  17|0x0000000704800000, 0x000000070480e108, 0x0000000704a00000|  2%| O|  |TAMS 0x0000000704800000, 0x0000000704800000| Untracked 
|  18|0x0000000704a00000, 0x0000000704a00000, 0x0000000704c00000|  0%| F|  |TAMS 0x0000000704a00000, 0x0000000704a00000| Untracked 
|  19|0x0000000704c00000, 0x0000000704c00000, 0x0000000704e00000|  0%| F|  |TAMS 0x0000000704c00000, 0x0000000704c00000| Untracked 
|  20|0x0000000704e00000, 0x0000000704e00000, 0x0000000705000000|  0%| F|  |TAMS 0x0000000704e00000, 0x0000000704e00000| Untracked 
|  21|0x0000000705000000, 0x0000000705000000, 0x0000000705200000|  0%| F|  |TAMS 0x0000000705000000, 0x0000000705000000| Untracked 
|  22|0x0000000705200000, 0x0000000705200000, 0x0000000705400000|  0%| F|  |TAMS 0x0000000705200000, 0x0000000705200000| Untracked 
|  23|0x0000000705400000, 0x0000000705400000, 0x0000000705600000|  0%| F|  |TAMS 0x0000000705400000, 0x0000000705400000| Untracked 
|  24|0x0000000705600000, 0x0000000705600000, 0x0000000705800000|  0%| F|  |TAMS 0x0000000705600000, 0x0000000705600000| Untracked 
|  25|0x0000000705800000, 0x0000000705800000, 0x0000000705a00000|  0%| F|  |TAMS 0x0000000705800000, 0x0000000705800000| Untracked 
|  26|0x0000000705a00000, 0x0000000705a00000, 0x0000000705c00000|  0%| F|  |TAMS 0x0000000705a00000, 0x0000000705a00000| Untracked 
|  27|0x0000000705c00000, 0x0000000705c00000, 0x0000000705e00000|  0%| F|  |TAMS 0x0000000705c00000, 0x0000000705c00000| Untracked 
|  28|0x0000000705e00000, 0x0000000705e00000, 0x0000000706000000|  0%| F|  |TAMS 0x0000000705e00000, 0x0000000705e00000| Untracked 
|  29|0x0000000706000000, 0x0000000706000000, 0x0000000706200000|  0%| F|  |TAMS 0x0000000706000000, 0x0000000706000000| Untracked 
|  30|0x0000000706200000, 0x0000000706200000, 0x0000000706400000|  0%| F|  |TAMS 0x0000000706200000, 0x0000000706200000| Untracked 
|  31|0x0000000706400000, 0x0000000706400000, 0x0000000706600000|  0%| F|  |TAMS 0x0000000706400000, 0x0000000706400000| Untracked 
|  32|0x0000000706600000, 0x0000000706600000, 0x0000000706800000|  0%| F|  |TAMS 0x0000000706600000, 0x0000000706600000| Untracked 
|  33|0x0000000706800000, 0x0000000706800000, 0x0000000706a00000|  0%| F|  |TAMS 0x0000000706800000, 0x0000000706800000| Untracked 
|  34|0x0000000706a00000, 0x0000000706a00000, 0x0000000706c00000|  0%| F|  |TAMS 0x0000000706a00000, 0x0000000706a00000| Untracked 
|  35|0x0000000706c00000, 0x0000000706c00000, 0x0000000706e00000|  0%| F|  |TAMS 0x0000000706c00000, 0x0000000706c00000| Untracked 
|  36|0x0000000706e00000, 0x0000000706e00000, 0x0000000707000000|  0%| F|  |TAMS 0x0000000706e00000, 0x0000000706e00000| Untracked 
|  37|0x0000000707000000, 0x000000070708c838, 0x0000000707200000| 27%| E|  |TAMS 0x0000000707000000, 0x0000000707000000| Complete 
|  38|0x0000000707200000, 0x0000000707400000, 0x0000000707400000|100%| E|CS|TAMS 0x0000000707200000, 0x0000000707200000| Complete 
|  39|0x0000000707400000, 0x0000000707600000, 0x0000000707600000|100%| E|CS|TAMS 0x0000000707400000, 0x0000000707400000| Complete 
|  40|0x0000000707600000, 0x0000000707800000, 0x0000000707800000|100%| E|CS|TAMS 0x0000000707600000, 0x0000000707600000| Complete 
|  41|0x0000000707800000, 0x0000000707a00000, 0x0000000707a00000|100%| E|CS|TAMS 0x0000000707800000, 0x0000000707800000| Complete 
|  42|0x0000000707a00000, 0x0000000707c00000, 0x0000000707c00000|100%| E|CS|TAMS 0x0000000707a00000, 0x0000000707a00000| Complete 
|  43|0x0000000707c00000, 0x0000000707e00000, 0x0000000707e00000|100%| E|CS|TAMS 0x0000000707c00000, 0x0000000707c00000| Complete 

Card table byte_map: [0x00000247c5810000,0x00000247c6000000] _byte_map_base: 0x00000247c1ffd000

Marking Bits (Prev, Next): (CMBitMap*) 0x00000247ae592070, (CMBitMap*) 0x00000247ae592030
 Prev Bits: [0x00000247ca760000, 0x00000247ce6c8000)
 Next Bits: [0x00000247c67f0000, 0x00000247ca758000)

Polling page: 0x00000247adce0000

Metaspace:

Usage:
  Non-class:     29.68 MB used.
      Class:      3.62 MB used.
       Both:     33.31 MB used.

Virtual space:
  Non-class space:       64.00 MB reserved,      29.81 MB ( 47%) committed,  1 nodes.
      Class space:        1.00 GB reserved,       3.75 MB ( <1%) committed,  1 nodes.
             Both:        1.06 GB reserved,      33.56 MB (  3%) committed. 

Chunk freelists:
   Non-Class:  1.66 MB
       Class:  12.30 MB
        Both:  13.95 MB

MaxMetaspaceSize: unlimited
CompressedClassSpaceSize: 1.00 GB
Initial GC threshold: 21.00 MB
Current GC threshold: 55.88 MB
CDS: on
MetaspaceReclaimPolicy: balanced
 - commit_granule_bytes: 65536.
 - commit_granule_words: 8192.
 - virtual_space_node_default_size: 8388608.
 - enlarge_chunks_in_place: 1.
 - new_chunks_are_fully_committed: 0.
 - uncommit_free_chunks: 1.
 - use_allocation_guard: 0.
 - handle_deallocations: 1.


Internal statistics:

num_allocs_failed_limit: 3.
num_arena_births: 160.
num_arena_deaths: 0.
num_vsnodes_births: 2.
num_vsnodes_deaths: 0.
num_space_committed: 537.
num_space_uncommitted: 0.
num_chunks_returned_to_freelist: 3.
num_chunks_taken_from_freelist: 1055.
num_chunk_merges: 3.
num_chunk_splits: 912.
num_chunks_enlarged: 830.
num_inconsistent_stats: 0.

CodeHeap 'non-profiled nmethods': size=120000Kb used=3316Kb max_used=3316Kb free=116683Kb
 bounds [0x00000247bdaf0000, 0x00000247bde30000, 0x00000247c5020000]
CodeHeap 'profiled nmethods': size=120000Kb used=7888Kb max_used=10238Kb free=112111Kb
 bounds [0x00000247b6020000, 0x00000247b6a20000, 0x00000247bd550000]
CodeHeap 'non-nmethods': size=5760Kb used=1863Kb max_used=1936Kb free=3896Kb
 bounds [0x00000247bd550000, 0x00000247bd7c0000, 0x00000247bdaf0000]
 total_blobs=5948 nmethods=4605 adapters=1255
 compilation: enabled
              stopped_count=0, restarted_count=0
 full_count=0

Compilation events (20 events):
Event: 64.860 Thread 0x00000247d0bfaf60 5357   !   3       androidx.compose.ui.platform.FlushCoroutineDispatcher$scheduleResumeAfterDelay$2$1::invoke (71 bytes)
Event: 64.860 Thread 0x00000247d0bfaf60 nmethod 5357 0x00000247b63b8310 code [0x00000247b63b84e0, 0x00000247b63b88f8]
Event: 64.860 Thread 0x00000247d0bfaf60 5358       3       androidx.compose.ui.platform.FlushCoroutineDispatcher$scheduleResumeAfterDelay$$inlined$Runnable$1::run (16 bytes)
Event: 64.861 Thread 0x00000247d0bfaf60 nmethod 5358 0x00000247b62b2d90 code [0x00000247b62b2f40, 0x00000247b62b3168]
Event: 64.861 Thread 0x00000247d0bfaf60 5359       3       androidx.compose.ui.platform.AccessibilityControllerImpl$syncLoop$1::invokeSuspend (28 bytes)
Event: 64.861 Thread 0x00000247d0bfaf60 nmethod 5359 0x00000247b6056c10 code [0x00000247b6056dc0, 0x00000247b6056f88]
Event: 65.352 Thread 0x00000247d0bf3150 5360       4       kotlinx.coroutines.channels.AbstractChannel$ReceiveElement::tryResumeReceive (88 bytes)
Event: 65.360 Thread 0x00000247d0bf3150 nmethod 5360 0x00000247bde29310 code [0x00000247bde294e0, 0x00000247bde29b38]
Event: 65.360 Thread 0x00000247d0bf3150 5361       4       kotlinx.coroutines.internal.LockFreeTaskQueue::addLast (72 bytes)
Event: 65.365 Thread 0x00000247d0bf3150 nmethod 5361 0x00000247bde2a010 code [0x00000247bde2a1a0, 0x00000247bde2a6b8]
Event: 65.365 Thread 0x00000247d0bf3150 5362       4       kotlinx.coroutines.internal.LockFreeTaskQueueCore::addLast (251 bytes)
Event: 65.369 Thread 0x00000247d0bf3150 nmethod 5362 0x00000247bde2ab90 code [0x00000247bde2ad20, 0x00000247bde2b198]
Event: 65.372 Thread 0x00000247d0bf3150 5363   !   4       androidx.compose.runtime.SnapshotStateKt__SnapshotFlowKt$snapshotFlow$1::invokeSuspend (769 bytes)
Event: 65.393 Thread 0x00000247d0bf3150 nmethod 5363 0x00000247bde2b610 code [0x00000247bde2b820, 0x00000247bde2c550]
Event: 67.639 Thread 0x00000247d0bfaf60 5364       3       java.util.IdentityHashMap$IdentityHashMapIterator::nextIndex (72 bytes)
Event: 67.639 Thread 0x00000247d0bfaf60 nmethod 5364 0x00000247b6026d90 code [0x00000247b6026f60, 0x00000247b60273a8]
Event: 67.643 Thread 0x00000247d0bf3150 5365       4       kotlinx.coroutines.JobSupport::isCompleted (16 bytes)
Event: 67.644 Thread 0x00000247d0bf3150 nmethod 5365 0x00000247bdc32a90 code [0x00000247bdc32c00, 0x00000247bdc32d18]
Event: 67.644 Thread 0x00000247d0bf3150 5366       4       kotlin.reflect.jvm.internal.pcollections.IntTree::get (60 bytes)
Event: 67.647 Thread 0x00000247d0bf3150 nmethod 5366 0x00000247bde2cd90 code [0x00000247bde2cf40, 0x00000247bde2d190]

GC Heap History (20 events):
Event: 4.031 GC heap before
{Heap before GC invocations=3 (full 0):
 garbage-first heap   total 260096K, used 42547K [0x0000000702600000, 0x0000000800000000)
  region size 2048K, 19 young (38912K), 2 survivors (4096K)
 Metaspace       used 21341K, committed 21504K, reserved 1114112K
  class space    used 2281K, committed 2368K, reserved 1048576K
}
Event: 4.036 GC heap after
{Heap after GC invocations=4 (full 0):
 garbage-first heap   total 260096K, used 11184K [0x0000000702600000, 0x0000000800000000)
  region size 2048K, 2 young (4096K), 2 survivors (4096K)
 Metaspace       used 21341K, committed 21504K, reserved 1114112K
  class space    used 2281K, committed 2368K, reserved 1048576K
}
Event: 6.931 GC heap before
{Heap before GC invocations=5 (full 0):
 garbage-first heap   total 49152K, used 37808K [0x0000000702600000, 0x0000000800000000)
  region size 2048K, 10 young (20480K), 2 survivors (4096K)
 Metaspace       used 24215K, committed 24448K, reserved 1114112K
  class space    used 2624K, committed 2752K, reserved 1048576K
}
Event: 6.937 GC heap after
{Heap after GC invocations=6 (full 0):
 garbage-first heap   total 49152K, used 24028K [0x0000000702600000, 0x0000000800000000)
  region size 2048K, 1 young (2048K), 1 survivors (2048K)
 Metaspace       used 24215K, committed 24448K, reserved 1114112K
  class space    used 2624K, committed 2752K, reserved 1048576K
}
Event: 6.982 GC heap before
{Heap before GC invocations=6 (full 0):
 garbage-first heap   total 49152K, used 26076K [0x0000000702600000, 0x0000000800000000)
  region size 2048K, 2 young (4096K), 1 survivors (2048K)
 Metaspace       used 24573K, committed 24832K, reserved 1114112K
  class space    used 2668K, committed 2816K, reserved 1048576K
}
Event: 6.986 GC heap after
{Heap after GC invocations=7 (full 0):
 garbage-first heap   total 49152K, used 17869K [0x0000000702600000, 0x0000000800000000)
  region size 2048K, 1 young (2048K), 1 survivors (2048K)
 Metaspace       used 24573K, committed 24832K, reserved 1114112K
  class space    used 2668K, committed 2816K, reserved 1048576K
}
Event: 7.328 GC heap before
{Heap before GC invocations=7 (full 0):
 garbage-first heap   total 49152K, used 32205K [0x0000000702600000, 0x0000000800000000)
  region size 2048K, 8 young (16384K), 1 survivors (2048K)
 Metaspace       used 26685K, committed 26880K, reserved 1114112K
  class space    used 2935K, committed 3008K, reserved 1048576K
}
Event: 7.331 GC heap after
{Heap after GC invocations=8 (full 0):
 garbage-first heap   total 49152K, used 18944K [0x0000000702600000, 0x0000000800000000)
  region size 2048K, 1 young (2048K), 1 survivors (2048K)
 Metaspace       used 26685K, committed 26880K, reserved 1114112K
  class space    used 2935K, committed 3008K, reserved 1048576K
}
Event: 7.886 GC heap before
{Heap before GC invocations=8 (full 0):
 garbage-first heap   total 49152K, used 33280K [0x0000000702600000, 0x0000000800000000)
  region size 2048K, 9 young (18432K), 1 survivors (2048K)
 Metaspace       used 30074K, committed 30272K, reserved 1114112K
  class space    used 3346K, committed 3456K, reserved 1048576K
}
Event: 7.890 GC heap after
{Heap after GC invocations=9 (full 0):
 garbage-first heap   total 49152K, used 20251K [0x0000000702600000, 0x0000000800000000)
  region size 2048K, 2 young (4096K), 2 survivors (4096K)
 Metaspace       used 30074K, committed 30272K, reserved 1114112K
  class space    used 3346K, committed 3456K, reserved 1048576K
}
Event: 8.206 GC heap before
{Heap before GC invocations=9 (full 0):
 garbage-first heap   total 49152K, used 34587K [0x0000000702600000, 0x0000000800000000)
  region size 2048K, 9 young (18432K), 2 survivors (4096K)
 Metaspace       used 32433K, committed 32704K, reserved 1114112K
  class space    used 3629K, committed 3776K, reserved 1048576K
}
Event: 8.210 GC heap after
{Heap after GC invocations=10 (full 0):
 garbage-first heap   total 49152K, used 21221K [0x0000000702600000, 0x0000000800000000)
  region size 2048K, 2 young (4096K), 2 survivors (4096K)
 Metaspace       used 32433K, committed 32704K, reserved 1114112K
  class space    used 3629K, committed 3776K, reserved 1048576K
}
Event: 8.341 GC heap before
{Heap before GC invocations=10 (full 0):
 garbage-first heap   total 49152K, used 23269K [0x0000000702600000, 0x0000000800000000)
  region size 2048K, 4 young (8192K), 2 survivors (4096K)
 Metaspace       used 32981K, committed 33216K, reserved 1114112K
  class space    used 3688K, committed 3776K, reserved 1048576K
}
Event: 8.344 GC heap after
{Heap after GC invocations=11 (full 0):
 garbage-first heap   total 155648K, used 21301K [0x0000000702600000, 0x0000000800000000)
  region size 2048K, 1 young (2048K), 1 survivors (2048K)
 Metaspace       used 32981K, committed 33216K, reserved 1114112K
  class space    used 3688K, committed 3776K, reserved 1048576K
}
Event: 31.841 GC heap before
{Heap before GC invocations=11 (full 0):
 garbage-first heap   total 155648K, used 80693K [0x0000000702600000, 0x0000000800000000)
  region size 2048K, 27 young (55296K), 1 survivors (2048K)
 Metaspace       used 34054K, committed 34304K, reserved 1114112K
  class space    used 3706K, committed 3840K, reserved 1048576K
}
Event: 31.869 GC heap after
{Heap after GC invocations=12 (full 1):
 garbage-first heap   total 90112K, used 24019K [0x0000000702600000, 0x0000000800000000)
  region size 2048K, 0 young (0K), 0 survivors (0K)
 Metaspace       used 34054K, committed 34304K, reserved 1114112K
  class space    used 3706K, committed 3840K, reserved 1048576K
}
Event: 52.518 GC heap before
{Heap before GC invocations=12 (full 1):
 garbage-first heap   total 90112K, used 64979K [0x0000000702600000, 0x0000000800000000)
  region size 2048K, 20 young (40960K), 0 survivors (0K)
 Metaspace       used 34068K, committed 34368K, reserved 1114112K
  class space    used 3706K, committed 3840K, reserved 1048576K
}
Event: 52.519 GC heap after
{Heap after GC invocations=13 (full 1):
 garbage-first heap   total 90112K, used 24190K [0x0000000702600000, 0x0000000800000000)
  region size 2048K, 1 young (2048K), 1 survivors (2048K)
 Metaspace       used 34068K, committed 34368K, reserved 1114112K
  class space    used 3706K, committed 3840K, reserved 1048576K
}
Event: 61.882 GC heap before
{Heap before GC invocations=13 (full 1):
 garbage-first heap   total 90112K, used 42622K [0x0000000702600000, 0x0000000800000000)
  region size 2048K, 11 young (22528K), 1 survivors (2048K)
 Metaspace       used 34071K, committed 34368K, reserved 1114112K
  class space    used 3707K, committed 3840K, reserved 1048576K
}
Event: 61.903 GC heap after
{Heap after GC invocations=14 (full 2):
 garbage-first heap   total 90112K, used 24093K [0x0000000702600000, 0x0000000800000000)
  region size 2048K, 0 young (0K), 0 survivors (0K)
 Metaspace       used 34071K, committed 34368K, reserved 1114112K
  class space    used 3707K, committed 3840K, reserved 1048576K
}

Dll operation events (14 events):
Event: 0.010 Loaded shared library C:\Users\HP\.jdks\corretto-17.0.7\bin\java.dll
Event: 0.025 Loaded shared library C:\Users\HP\.jdks\corretto-17.0.7\bin\jsvml.dll
Event: 0.209 Loaded shared library C:\Users\HP\.jdks\corretto-17.0.7\bin\zip.dll
Event: 0.219 Loaded shared library C:\Users\HP\.jdks\corretto-17.0.7\bin\instrument.dll
Event: 0.228 Loaded shared library C:\Users\HP\.jdks\corretto-17.0.7\bin\net.dll
Event: 0.230 Loaded shared library C:\Users\HP\.jdks\corretto-17.0.7\bin\nio.dll
Event: 0.234 Loaded shared library C:\Users\HP\.jdks\corretto-17.0.7\bin\zip.dll
Event: 0.349 Loaded shared library C:\Program Files\JetBrains\IntelliJ IDEA Community Edition 2021.3.2\bin\breakgen64.dll
Event: 0.561 Loaded shared library C:\Users\HP\.jdks\corretto-17.0.7\bin\jimage.dll
Event: 0.567 Loaded shared library C:\Users\HP\.jdks\corretto-17.0.7\bin\awt.dll
Event: 1.710 Loaded shared library C:\Users\HP\.skiko\0de0d8dd8554d9bb66cfca3837db6514ff9b71080e998917280a3b777460a416\skiko-windows-x64.dll
Event: 2.407 Loaded shared library C:\Users\HP\.jdks\corretto-17.0.7\bin\freetype.dll
Event: 2.409 Loaded shared library C:\Users\HP\.jdks\corretto-17.0.7\bin\fontmanager.dll
Event: 7.758 Loaded shared library C:\Users\HP\AppData\Local\io-realm-kotlin\f7113120ba00ba1ff91d696eecd3919e85a4e34e\realmc.dll

Deoptimization events (20 events):
Event: 20.712 Thread 0x00000247d5b7a7d0 Uncommon trap: trap_request=0xffffffde fr.pc=0x00000247bddb5f94 relative=0x0000000000002094
Event: 20.712 Thread 0x00000247d5b7a7d0 Uncommon trap: reason=class_check action=maybe_recompile pc=0x00000247bddb5f94 method=java.awt.EventQueue.dispatchEventImpl(Ljava/awt/AWTEvent;Ljava/lang/Object;)V @ 18 c2
Event: 20.713 Thread 0x00000247d5b7a7d0 DEOPT PACKING pc=0x00000247bddb5f94 sp=0x000000cdf15feee0
Event: 20.713 Thread 0x00000247d5b7a7d0 DEOPT UNPACKING pc=0x00000247bd5a69a3 sp=0x000000cdf15feba8 mode 2
Event: 67.642 Thread 0x00000247d85637b0 Uncommon trap: trap_request=0xffffffde fr.pc=0x00000247bdb62660 relative=0x0000000000000060
Event: 67.642 Thread 0x00000247d85637b0 Uncommon trap: reason=class_check action=maybe_recompile pc=0x00000247bdb62660 method=kotlinx.coroutines.AbstractCoroutine.afterResume(Ljava/lang/Object;)V @ 2 c2
Event: 67.642 Thread 0x00000247d85637b0 DEOPT PACKING pc=0x00000247bdb62660 sp=0x000000cdf0bfe8b0
Event: 67.642 Thread 0x00000247d85637b0 DEOPT UNPACKING pc=0x00000247bd5a69a3 sp=0x000000cdf0bfe838 mode 2
Event: 67.644 Thread 0x00000247d8561600 Uncommon trap: trap_request=0xffffff45 fr.pc=0x00000247bdd45d68 relative=0x0000000000000888
Event: 67.644 Thread 0x00000247d8561600 Uncommon trap: reason=unstable_if action=reinterpret pc=0x00000247bdd45d68 method=kotlinx.coroutines.CancellableContinuationImpl.getExceptionalResult$kotlinx_coroutines_core(Ljava/lang/Object;)Ljava/lang/Throwable; @ 6 c2
Event: 67.644 Thread 0x00000247d8561600 DEOPT PACKING pc=0x00000247bdd45d68 sp=0x000000cdf24ff4b0
Event: 67.644 Thread 0x00000247d8561600 DEOPT UNPACKING pc=0x00000247bd5a69a3 sp=0x000000cdf24ff380 mode 2
Event: 67.645 Thread 0x00000247d8561600 Uncommon trap: trap_request=0xffffffde fr.pc=0x00000247bdb62660 relative=0x0000000000000060
Event: 67.645 Thread 0x00000247d8561600 Uncommon trap: reason=class_check action=maybe_recompile pc=0x00000247bdb62660 method=kotlinx.coroutines.AbstractCoroutine.afterResume(Ljava/lang/Object;)V @ 2 c2
Event: 67.645 Thread 0x00000247d8561600 DEOPT PACKING pc=0x00000247bdb62660 sp=0x000000cdf24ff330
Event: 67.645 Thread 0x00000247d8561600 DEOPT UNPACKING pc=0x00000247bd5a69a3 sp=0x000000cdf24ff2b8 mode 2
Event: 67.646 Thread 0x00000247d85637b0 Uncommon trap: trap_request=0xffffffde fr.pc=0x00000247bdb62660 relative=0x0000000000000060
Event: 67.646 Thread 0x00000247d85637b0 Uncommon trap: reason=class_check action=maybe_recompile pc=0x00000247bdb62660 method=kotlinx.coroutines.AbstractCoroutine.afterResume(Ljava/lang/Object;)V @ 2 c2
Event: 67.646 Thread 0x00000247d85637b0 DEOPT PACKING pc=0x00000247bdb62660 sp=0x000000cdf0bfedc0
Event: 67.646 Thread 0x00000247d85637b0 DEOPT UNPACKING pc=0x00000247bd5a69a3 sp=0x000000cdf0bfed48 mode 2

Classes unloaded (0 events):
No events

Classes redefined (0 events):
No events

Internal exceptions (20 events):
Event: 1.287 Thread 0x00000247d5b7a7d0 Exception <a 'java/lang/NoSuchMethodError'{0x00000007121d4f20}: 'java.lang.Object java.lang.invoke.DirectMethodHandle$Holder.invokeStaticInit(java.lang.Object, java.lang.Object, int, int, int, int)'> (0x00000007121d4f20) 
thrown [s\src\hotspot\share\interpreter\linkResolver.cpp, line 759]
Event: 1.426 Thread 0x00000247d5b7a7d0 Exception <a 'java/lang/NoSuchMethodError'{0x0000000711d2e418}: 'double java.lang.invoke.DirectMethodHandle$Holder.invokeStatic(java.lang.Object, double)'> (0x0000000711d2e418) 
thrown [s\src\hotspot\share\interpreter\linkResolver.cpp, line 759]
Event: 1.427 Thread 0x00000247d5b7a7d0 Exception <a 'java/lang/NoSuchMethodError'{0x0000000711d31e78}: 'double java.lang.invoke.DirectMethodHandle$Holder.invokeStaticInit(java.lang.Object, double)'> (0x0000000711d31e78) 
thrown [s\src\hotspot\share\interpreter\linkResolver.cpp, line 759]
Event: 1.441 Thread 0x00000247d5b7a7d0 Exception <a 'java/lang/NoSuchMethodError'{0x0000000711d79dd0}: 'java.lang.Object java.lang.invoke.DirectMethodHandle$Holder.newInvokeSpecial(java.lang.Object, double)'> (0x0000000711d79dd0) 
thrown [s\src\hotspot\share\interpreter\linkResolver.cpp, line 759]
Event: 2.095 Thread 0x00000247d5b7a7d0 Exception <a 'java/lang/NoSuchMethodError'{0x0000000710c94920}: 'void java.lang.invoke.DirectMethodHandle$Holder.invokeSpecial(java.lang.Object, java.lang.Object, java.lang.Object)'> (0x0000000710c94920) 
thrown [s\src\hotspot\share\interpreter\linkResolver.cpp, line 759]
Event: 2.113 Thread 0x00000247d5b7a7d0 Exception <a 'java/lang/NoSuchMethodError'{0x0000000710cbecf8}: 'java.lang.Object java.lang.invoke.DirectMethodHandle$Holder.newInvokeSpecial(java.lang.Object, java.lang.Object, java.lang.Object, java.lang.Object, java.lang.Object)'> (0x0000000710cbecf8) 
thrown [s\src\hotspot\share\interpreter\linkResolver.cpp, line 759]
Event: 2.117 Thread 0x00000247d5b7a7d0 Exception <a 'java/lang/NoSuchMethodError'{0x0000000710cca968}: 'java.lang.Object java.lang.invoke.DirectMethodHandle$Holder.invokeStatic(java.lang.Object, int, java.lang.Object, java.lang.Object, java.lang.Object, java.lang.Object)'> (0x0000000710cca968) 
thrown [s\src\hotspot\share\interpreter\linkResolver.cpp, line 759]
Event: 2.126 Thread 0x00000247d5b7a7d0 Exception <a 'java/lang/NoSuchMethodError'{0x0000000710cf03d0}: 'java.lang.Object java.lang.invoke.DirectMethodHandle$Holder.invokeStatic(java.lang.Object, int, java.lang.Object)'> (0x0000000710cf03d0) 
thrown [s\src\hotspot\share\interpreter\linkResolver.cpp, line 759]
Event: 2.209 Thread 0x00000247d5b7a7d0 Exception <a 'java/lang/ClassNotFoundException'{0x0000000710dac6c0}: com/sun/swing/internal/plaf/metal/resources/spi/metalProvider> (0x0000000710dac6c0) 
thrown [s\src\hotspot\share\classfile\systemDictionary.cpp, line 256]
Event: 2.211 Thread 0x00000247d5b7a7d0 Exception <a 'java/lang/ClassNotFoundException'{0x0000000710db0660}: com/sun/swing/internal/plaf/basic/resources/spi/basicProvider> (0x0000000710db0660) 
thrown [s\src\hotspot\share\classfile\systemDictionary.cpp, line 256]
Event: 2.229 Thread 0x00000247d5b7a7d0 Implicit null exception at 0x00000247bdb77720 to 0x00000247bdb77e55
Event: 2.235 Thread 0x00000247d5b7a7d0 Implicit null exception at 0x00000247bdb1d210 to 0x00000247bdb1d5e4
Event: 2.235 Thread 0x00000247d5b7a7d0 Implicit null exception at 0x00000247bdb18290 to 0x00000247bdb18648
Event: 2.235 Thread 0x00000247d5b7a7d0 Implicit null exception at 0x00000247bdb76d0f to 0x00000247bdb76d89
Event: 2.283 Thread 0x00000247d5b7a7d0 Exception <a 'java/lang/NoSuchMethodError'{0x0000000710ac20d8}: 'void java.lang.invoke.DirectMethodHandle$Holder.invokeStatic(java.lang.Object, java.lang.Object, java.lang.Object)'> (0x0000000710ac20d8) 
thrown [s\src\hotspot\share\interpreter\linkResolver.cpp, line 759]
Event: 2.401 Thread 0x00000247d5b7a7d0 Exception <a 'java/lang/NoSuchMethodError'{0x0000000710989a08}: 'void java.lang.invoke.DirectMethodHandle$Holder.invokeStaticInit(java.lang.Object)'> (0x0000000710989a08) 
thrown [s\src\hotspot\share\interpreter\linkResolver.cpp, line 759]
Event: 2.634 Thread 0x00000247d5b7a7d0 Exception <a 'java/lang/NoSuchMethodError'{0x00000007121e3c38}: 'int java.lang.invoke.DirectMethodHandle$Holder.invokeStaticInit(java.lang.Object, java.lang.Object, java.lang.Object)'> (0x00000007121e3c38) 
thrown [s\src\hotspot\share\interpreter\linkResolver.cpp, line 759]
Event: 3.337 Thread 0x00000247d5b76850 Exception <a 'java/lang/NoSuchMethodError'{0x0000000710a00b68}: 'void java.lang.invoke.DirectMethodHandle$Holder.invokeVirtual(java.lang.Object, java.lang.Object)'> (0x0000000710a00b68) 
thrown [s\src\hotspot\share\interpreter\linkResolver.cpp, line 759]
Event: 6.767 Thread 0x00000247d5b7a7d0 Exception <a 'java/lang/NoSuchMethodError'{0x0000000704b3be70}: 'int java.lang.invoke.DirectMethodHandle$Holder.invokeStaticInit(java.lang.Object, long, long)'> (0x0000000704b3be70) 
thrown [s\src\hotspot\share\interpreter\linkResolver.cpp, line 759]
Event: 7.565 Thread 0x00000247d5b7a7d0 Exception <a 'java/lang/NoSuchMethodError'{0x0000000704eb10c8}: 'java.lang.Object java.lang.invoke.DirectMethodHandle$Holder.newInvokeSpecial(java.lang.Object, int, java.lang.Object)'> (0x0000000704eb10c8) 
thrown [s\src\hotspot\share\interpreter\linkResolver.cpp, line 759]

VM Operations (20 events):
Event: 35.897 Executing VM operation: Cleanup
Event: 35.897 Executing VM operation: Cleanup done
Event: 36.898 Executing VM operation: Cleanup
Event: 36.898 Executing VM operation: Cleanup done
Event: 40.928 Executing VM operation: Cleanup
Event: 40.928 Executing VM operation: Cleanup done
Event: 49.989 Executing VM operation: Cleanup
Event: 49.989 Executing VM operation: Cleanup done
Event: 52.518 Executing VM operation: G1CollectForAllocation
Event: 52.519 Executing VM operation: G1CollectForAllocation done
Event: 54.527 Executing VM operation: Cleanup
Event: 54.527 Executing VM operation: Cleanup done
Event: 55.531 Executing VM operation: Cleanup
Event: 55.531 Executing VM operation: Cleanup done
Event: 60.555 Executing VM operation: Cleanup
Event: 60.555 Executing VM operation: Cleanup done
Event: 61.882 Executing VM operation: G1CollectFull
Event: 61.903 Executing VM operation: G1CollectFull done
Event: 64.920 Executing VM operation: Cleanup
Event: 64.920 Executing VM operation: Cleanup done

Events (20 events):
Event: 24.375 Thread 0x00000247d5010060 flushing nmethod 0x00000247b6861510
Event: 24.375 Thread 0x00000247d5010060 flushing nmethod 0x00000247b6866b10
Event: 24.375 Thread 0x00000247d5010060 flushing nmethod 0x00000247b6868b10
Event: 24.376 Thread 0x00000247d5010060 flushing nmethod 0x00000247b6887e10
Event: 24.376 Thread 0x00000247d5010060 flushing nmethod 0x00000247b68b9a10
Event: 24.376 Thread 0x00000247d5010060 flushing nmethod 0x00000247b68ccc90
Event: 24.376 Thread 0x00000247d5010060 flushing nmethod 0x00000247b68e4b10
Event: 24.376 Thread 0x00000247d5010060 flushing nmethod 0x00000247b6931190
Event: 24.376 Thread 0x00000247d5010060 flushing nmethod 0x00000247b699cb10
Event: 67.638 loading class jdk/internal/misc/Signal$1
Event: 67.638 loading class jdk/internal/misc/Signal$1 done
Event: 67.638 Thread 0x00000247d8564fc0 Thread added: 0x00000247d8564fc0
Event: 67.639 Thread 0x00000247d8565960 Thread added: 0x00000247d8565960
Event: 67.639 Thread 0x00000247d85637b0 Thread added: 0x00000247d85637b0
Event: 67.639 Thread 0x00000247d8562940 Thread added: 0x00000247d8562940
Event: 67.639 Thread 0x00000247d8562940 Thread exited: 0x00000247d8562940
Event: 67.646 Thread 0x00000247d5b76850 Thread exited: 0x00000247d5b76850
Event: 67.647 Thread 0x00000247d85637b0 Thread exited: 0x00000247d85637b0
Event: 67.647 Thread 0x00000247d8561600 Thread exited: 0x00000247d8561600
Event: 67.647 Thread 0x00000247d6144b00 Thread exited: 0x00000247d6144b00


Dynamic libraries:
0x00007ff7eeda0000 - 0x00007ff7eedad000 	C:\Users\HP\.jdks\corretto-17.0.7\bin\java.exe
0x00007ffee9b50000 - 0x00007ffee9d48000 	C:\Windows\SYSTEM32\ntdll.dll
0x00007ffee90d0000 - 0x00007ffee918f000 	C:\Windows\System32\KERNEL32.DLL
0x00007ffee7790000 - 0x00007ffee7a86000 	C:\Windows\System32\KERNELBASE.dll
0x00007ffee7410000 - 0x00007ffee7510000 	C:\Windows\System32\ucrtbase.dll
0x00007ffedbcc0000 - 0x00007ffedbcd7000 	C:\Users\HP\.jdks\corretto-17.0.7\bin\jli.dll
0x00007ffee9970000 - 0x00007ffee9b0d000 	C:\Windows\System32\USER32.dll
0x00007ffee76c0000 - 0x00007ffee76e2000 	C:\Windows\System32\win32u.dll
0x00007ffee90a0000 - 0x00007ffee90cc000 	C:\Windows\System32\GDI32.dll
0x00007ffee7a90000 - 0x00007ffee7ba5000 	C:\Windows\System32\gdi32full.dll
0x00007ffee72c0000 - 0x00007ffee735d000 	C:\Windows\System32\msvcp_win.dll
0x00007ffeced70000 - 0x00007ffeced85000 	C:\Users\HP\.jdks\corretto-17.0.7\bin\VCRUNTIME140.dll
0x00007ffecd150000 - 0x00007ffecd3ea000 	C:\Windows\WinSxS\amd64_microsoft.windows.common-controls_6595b64144ccf1df_6.0.19041.1110_none_60b5254171f9507e\COMCTL32.dll
0x00007ffee8310000 - 0x00007ffee83ae000 	C:\Windows\System32\msvcrt.dll
0x00007ffee8600000 - 0x00007ffee8630000 	C:\Windows\System32\IMM32.DLL
0x00007ffec1e20000 - 0x00007ffec1ebb000 	C:\Users\HP\.jdks\corretto-17.0.7\bin\msvcp140.dll
0x00007ffea5510000 - 0x00007ffea612a000 	C:\Users\HP\.jdks\corretto-17.0.7\bin\server\jvm.dll
0x00007ffee8630000 - 0x00007ffee86df000 	C:\Windows\System32\ADVAPI32.dll
0x00007ffee8560000 - 0x00007ffee85fc000 	C:\Windows\System32\sechost.dll
0x00007ffee7d70000 - 0x00007ffee7e96000 	C:\Windows\System32\RPCRT4.dll
0x00007ffee0fa0000 - 0x00007ffee0fa9000 	C:\Windows\SYSTEM32\WSOCK32.dll
0x00007ffee8e70000 - 0x00007ffee8edb000 	C:\Windows\System32\WS2_32.dll
0x00007ffecca00000 - 0x00007ffecca27000 	C:\Windows\SYSTEM32\WINMM.dll
0x00007ffedb320000 - 0x00007ffedb32a000 	C:\Windows\SYSTEM32\VERSION.dll
0x00007ffee5a20000 - 0x00007ffee5a32000 	C:\Windows\SYSTEM32\kernel.appcore.dll
0x00007ffedf290000 - 0x00007ffedf29a000 	C:\Users\HP\.jdks\corretto-17.0.7\bin\jimage.dll
0x00007ffee1f40000 - 0x00007ffee2124000 	C:\Windows\SYSTEM32\DBGHELP.DLL
0x00007ffecec70000 - 0x00007ffececa4000 	C:\Windows\SYSTEM32\dbgcore.DLL
0x00007ffee7230000 - 0x00007ffee72b2000 	C:\Windows\System32\bcryptPrimitives.dll
0x00007ffedf230000 - 0x00007ffedf23e000 	C:\Users\HP\.jdks\corretto-17.0.7\bin\instrument.dll
0x00007ffeca980000 - 0x00007ffeca9a5000 	C:\Users\HP\.jdks\corretto-17.0.7\bin\java.dll
0x00007ffebaa40000 - 0x00007ffebab16000 	C:\Users\HP\.jdks\corretto-17.0.7\bin\jsvml.dll
0x00007ffee9190000 - 0x00007ffee98d4000 	C:\Windows\System32\SHELL32.dll
0x00007ffee2130000 - 0x00007ffee28c4000 	C:\Windows\SYSTEM32\windows.storage.dll
0x00007ffee8890000 - 0x00007ffee8be4000 	C:\Windows\System32\combase.dll
0x00007ffee6ab0000 - 0x00007ffee6ade000 	C:\Windows\SYSTEM32\Wldp.dll
0x00007ffee8f90000 - 0x00007ffee903d000 	C:\Windows\System32\SHCORE.dll
0x00007ffee9040000 - 0x00007ffee9095000 	C:\Windows\System32\shlwapi.dll
0x00007ffee7160000 - 0x00007ffee7185000 	C:\Windows\SYSTEM32\profapi.dll
0x00007ffec7110000 - 0x00007ffec7128000 	C:\Users\HP\.jdks\corretto-17.0.7\bin\zip.dll
0x00007ffeca7f0000 - 0x00007ffeca809000 	C:\Users\HP\.jdks\corretto-17.0.7\bin\net.dll
0x00007ffed8570000 - 0x00007ffed867a000 	C:\Windows\SYSTEM32\WINHTTP.dll
0x00007ffee6890000 - 0x00007ffee68fa000 	C:\Windows\system32\mswsock.dll
0x00007ffec73c0000 - 0x00007ffec73d5000 	C:\Users\HP\.jdks\corretto-17.0.7\bin\nio.dll
0x00007ffedc060000 - 0x00007ffedc07a000 	C:\Program Files\JetBrains\IntelliJ IDEA Community Edition 2021.3.2\bin\breakgen64.dll
0x00007ffea90e0000 - 0x00007ffea9289000 	C:\Users\HP\.jdks\corretto-17.0.7\bin\awt.dll
0x00007ffee87c0000 - 0x00007ffee888d000 	C:\Windows\System32\OLEAUT32.dll
0x00007ffee0ec0000 - 0x00007ffee0f51000 	C:\Windows\SYSTEM32\apphelp.dll
0x00007ffee1180000 - 0x00007ffee121e000 	C:\Windows\system32\uxtheme.dll
0x00007ffee8440000 - 0x00007ffee8554000 	C:\Windows\System32\MSCTF.dll
0x00007ffee8c00000 - 0x00007ffee8d2a000 	C:\Windows\System32\ole32.dll
0x00007ffee1320000 - 0x00007ffee134f000 	C:\Windows\system32\DWMAPI.DLL
0x00007ffeb5d50000 - 0x00007ffeb5e75000 	C:\Windows\system32\opengl32.dll
0x00007ffeb67f0000 - 0x00007ffeb681c000 	C:\Windows\SYSTEM32\GLU32.dll
0x00007ffee6af0000 - 0x00007ffee6b08000 	C:\Windows\SYSTEM32\CRYPTSP.dll
0x00007ffee61d0000 - 0x00007ffee6204000 	C:\Windows\system32\rsaenh.dll
0x00007ffee7760000 - 0x00007ffee7787000 	C:\Windows\System32\bcrypt.dll
0x00007ffee7120000 - 0x00007ffee714e000 	C:\Windows\SYSTEM32\USERENV.dll
0x00007ffee6a20000 - 0x00007ffee6a2c000 	C:\Windows\SYSTEM32\CRYPTBASE.dll
0x00007ffee65a0000 - 0x00007ffee65dc000 	C:\Windows\SYSTEM32\IPHLPAPI.DLL
0x00007ffee7d60000 - 0x00007ffee7d68000 	C:\Windows\System32\NSI.dll
0x00007ffeda430000 - 0x00007ffeda447000 	C:\Windows\SYSTEM32\dhcpcsvc6.DLL
0x00007ffed8d80000 - 0x00007ffed8d9d000 	C:\Windows\SYSTEM32\dhcpcsvc.DLL
0x00007ffee65e0000 - 0x00007ffee66aa000 	C:\Windows\SYSTEM32\DNSAPI.dll
0x00007ffe9d3a0000 - 0x00007ffe9e3ec000 	C:\Users\HP\.skiko\0de0d8dd8554d9bb66cfca3837db6514ff9b71080e998917280a3b777460a416\skiko-windows-x64.dll
0x00007ffeba3d0000 - 0x00007ffeba453000 	C:\Users\HP\.jdks\corretto-17.0.7\bin\freetype.dll
0x00007ffeb9a50000 - 0x00007ffeb9b12000 	C:\Users\HP\.jdks\corretto-17.0.7\bin\fontmanager.dll
0x00007ffedd5a0000 - 0x00007ffedd5a7000 	C:\Users\HP\.jdks\corretto-17.0.7\bin\jawt.dll
0x00007ffee5a90000 - 0x00007ffee5b83000 	C:\Windows\SYSTEM32\Dxgi.dll
0x00007ffecb5e0000 - 0x00007ffecb600000 	C:\Windows\SYSTEM32\D3D12.dll
0x00007ffea4fe0000 - 0x00007ffea51ad000 	C:\Windows\SYSTEM32\D3D12Core.dll
0x00007ffeda9e0000 - 0x00007ffedaa1b000 	C:\Windows\SYSTEM32\dxcore.dll
0x00007ffee7670000 - 0x00007ffee76be000 	C:\Windows\System32\cfgmgr32.dll
0x00007ffed4390000 - 0x00007ffed6fa9000 	C:\Windows\System32\DriverStore\FileRepository\igdlh64.inf_amd64_e6daaea9afe1e6f6\igc64.dll
0x00007ffe72ab0000 - 0x00007ffe73f83000 	C:\Windows\System32\DriverStore\FileRepository\igdlh64.inf_amd64_e6daaea9afe1e6f6\igd12umd64.dll
0x00007ffeda000000 - 0x00007ffeda257000 	C:\Windows\System32\DriverStore\FileRepository\igdlh64.inf_amd64_e6daaea9afe1e6f6\igdgmm64.dll
0x00007ffea2920000 - 0x00007ffea2d2b000 	C:\Windows\System32\DriverStore\FileRepository\igdlh64.inf_amd64_e6daaea9afe1e6f6\igdml64.dll
0x00007ffeca230000 - 0x00007ffeca25b000 	C:\Windows\SYSTEM32\D3DSCache.dll
0x00007ffe51780000 - 0x00007ffe55f82000 	C:\Windows\System32\DriverStore\FileRepository\igdlh64.inf_amd64_e6daaea9afe1e6f6\igd12dxva64.dll
0x00007ffee7ea0000 - 0x00007ffee830e000 	C:\Windows\System32\SETUPAPI.dll
0x00007ffe96bf0000 - 0x00007ffe96c17000 	C:\Windows\System32\DriverStore\FileRepository\igdlh64.inf_amd64_e6daaea9afe1e6f6\igdinfo64.dll
0x00007ffeddf50000 - 0x00007ffede157000 	C:\Windows\SYSTEM32\twinapi.appcore.dll
0x00007ffee8ee0000 - 0x00007ffee8f89000 	C:\Windows\System32\clbcatq.dll
0x00007ffe744c0000 - 0x00007ffe75492000 	C:\Windows\System32\DriverStore\FileRepository\igdlh64.inf_amd64_e6daaea9afe1e6f6\ig9icd64.dll
0x00007ffee7090000 - 0x00007ffee70db000 	C:\Windows\SYSTEM32\powrprof.dll
0x00007ffee7070000 - 0x00007ffee7082000 	C:\Windows\SYSTEM32\UMPDC.dll
0x00007ffed2250000 - 0x00007ffed24cf000 	C:\Windows\SYSTEM32\dwrite.dll
0x00007ffed3ec0000 - 0x00007ffed3fb9000 	C:\Windows\SYSTEM32\textinputframework.dll
0x00007ffee0b40000 - 0x00007ffee0c32000 	C:\Windows\System32\CoreMessaging.dll
0x00007ffee0460000 - 0x00007ffee07be000 	C:\Windows\System32\CoreUIComponents.dll
0x00007ffee62f0000 - 0x00007ffee6323000 	C:\Windows\SYSTEM32\ntmarta.dll
0x00007ffedf450000 - 0x00007ffedf5a4000 	C:\Windows\SYSTEM32\wintypes.dll
0x00007ffe60f60000 - 0x00007ffe61812000 	C:\Users\HP\AppData\Local\io-realm-kotlin\f7113120ba00ba1ff91d696eecd3919e85a4e34e\realmc.dll
0x00007ffee7510000 - 0x00007ffee766e000 	C:\Windows\System32\CRYPT32.dll

dbghelp: loaded successfully - version: 4.0.5 - missing functions: none
symbol engine: initialized successfully - sym options: 0x614 - pdb path: .;C:\Users\HP\.jdks\corretto-17.0.7\bin;C:\Windows\SYSTEM32;C:\Windows\WinSxS\amd64_microsoft.windows.common-controls_6595b64144ccf1df_6.0.19041.1110_none_60b5254171f9507e;C:\Users\HP\.jdks\corretto-17.0.7\bin\server;C:\Program Files\JetBrains\IntelliJ IDEA Community Edition 2021.3.2\bin;C:\Users\HP\.skiko\0de0d8dd8554d9bb66cfca3837db6514ff9b71080e998917280a3b777460a416;C:\Windows\System32\DriverStore\FileRepository\igdlh64.inf_amd64_e6daaea9afe1e6f6;C:\Users\HP\AppData\Local\io-realm-kotlin\f7113120ba00ba1ff91d696eecd3919e85a4e34e

VM Arguments:
jvm_args: -Djava.library.path=C:\Users\HP\Desktop\newderar\build\classes\kotlin\jvm\main;C:\Users\HP\Desktop\newderar\build\processedResources\jvm\main -javaagent:C:\Program Files\JetBrains\IntelliJ IDEA Community Edition 2021.3.2\lib\idea_rt.jar=52244:C:\Program Files\JetBrains\IntelliJ IDEA Community Edition 2021.3.2\bin -Dfile.encoding=UTF-8 
java_command: MainKt
java_class_path (initial): C:\Users\HP\Desktop\newderar\build\classes\kotlin\jvm\main;C:\Users\HP\Desktop\newderar\build\processedResources\jvm\main;C:\Users\HP\.gradle\caches\modules-2\files-2.1\io.insert-koin\koin-androidx-compose\3.4.5\ae0a88b7a68d507e651c5a3d70a541594bea54cb\koin-androidx-compose-3.4.5.aar;C:\Users\HP\.gradle\caches\modules-2\files-2.1\androidx.navigation\navigation-compose\2.6.0\3f8ce7b0bad21cced0c47b42b6347c65a6e422c3\navigation-compose-2.6.0.aar;C:\Users\HP\.gradle\caches\modules-2\files-2.1\org.jetbrains.kotlin\kotlin-stdlib-jdk8\1.8.21\67f57e154437cd9e6e9cf368394b95814836ff88\kotlin-stdlib-jdk8-1.8.21.jar;C:\Users\HP\.gradle\caches\modules-2\files-2.1\org.apache.poi\poi-ooxml\4.1.2\87d9a22aa9a7dd26e80c360e709f7ee02e32ab3b\poi-ooxml-4.1.2.jar;C:\Users\HP\.gradle\caches\modules-2\files-2.1\org.apache.poi\poi\4.1.2\964bf41cf68bce08e4ef6b2279b559fdf8d454f4\poi-4.1.2.jar;C:\Users\HP\.gradle\caches\modules-2\files-2.1\org.lwjgl\lwjgl-nfd\3.3.1\622318116996ddcff449b46cb38f0fdee39b8ac3\lwjgl-nfd-3.3.1.jar;C:\Users\HP\.gradle\caches\modules-2\files-2.1\org.lwjgl\lwjgl-nfd\3.3.1\2e007667e04ed3281152ae5c6e677fb1c2211691\lwjgl-nfd-3.3.1-natives-linux.jar;C:\Users\HP\.gradle\caches\modules-2\files-2.1\org.lwjgl\lwjgl\3.3.1\ae58664f88e18a9bb2c77b063833ca7aaec484cb\lwjgl-3.3.1.jar;C:\Users\HP\.gradle\caches\modules-2\files-2.1\io.insert-koin\koin-android\3.4.0\48715fbe06102a59a30bd45b06ed2400c16c6f45\koin-android-3.4.0.aar;C:\Users\HP\.gradle\caches\modules-2\files-2.1\org.lwjgl\lwjgl-nfd\3.3.1\b3e04e317f55dd738d8a345cdafd15b39f85a2ea\lwjgl-nfd-3.3.1-natives-linux-arm32.jar;C:\Users\HP\.gradle\caches\modules-2\files-2.1\androidx.lifecycle\lifecycle-viewmodel-compose\2.6.1\38cf3bb65ff3e0e5c3d63de2ebf5411d0898108c\lifecycle-viewmodel-compose-2.6.1.aar;C:\Users\HP\.gradle\caches\modules-2\files-2.1\org.lwjgl\lwjgl-nfd\3.3.1\f41dc62336f7ee4ab35705cfa440cc903d199165\lwjgl-nfd-3.3.1-natives-linux-arm64.jar;C:\Users\HP\.gradle\caches\modules-2\files-2.1\androi
Launcher Type: SUN_STANDARD

[Global flags]
     intx CICompilerCount                          = 3                                         {product} {ergonomic}
     uint ConcGCThreads                            = 1                                         {product} {ergonomic}
     uint G1ConcRefinementThreads                  = 4                                         {product} {ergonomic}
   size_t G1HeapRegionSize                         = 2097152                                   {product} {ergonomic}
    uintx GCDrainStackTargetSize                   = 64                                        {product} {ergonomic}
   size_t InitialHeapSize                          = 266338304                                 {product} {ergonomic}
   size_t MarkStackSize                            = 4194304                                   {product} {ergonomic}
   size_t MaxHeapSize                              = 4255121408                                {product} {ergonomic}
   size_t MaxNewSize                               = 2552233984                                {product} {ergonomic}
   size_t MinHeapDeltaBytes                        = 2097152                                   {product} {ergonomic}
   size_t MinHeapSize                              = 8388608                                   {product} {ergonomic}
    uintx NonNMethodCodeHeapSize                   = 5832780                                {pd product} {ergonomic}
    uintx NonProfiledCodeHeapSize                  = 122912730                              {pd product} {ergonomic}
    uintx ProfiledCodeHeapSize                     = 122912730                              {pd product} {ergonomic}
    uintx ReservedCodeCacheSize                    = 251658240                              {pd product} {ergonomic}
     bool SegmentedCodeCache                       = true                                      {product} {ergonomic}
   size_t SoftMaxHeapSize                          = 4255121408                             {manageable} {ergonomic}
     bool UseCompressedClassPointers               = true                           {product lp64_product} {ergonomic}
     bool UseCompressedOops                        = true                           {product lp64_product} {ergonomic}
     bool UseG1GC                                  = true                                      {product} {ergonomic}
     bool UseLargePagesIndividualAllocation        = false                                  {pd product} {ergonomic}

Logging:
Log output configuration:
 #0: stdout all=warning uptime,level,tags
 #1: stderr all=off uptime,level,tags

Environment Variables:
PATH=C:\Program Files\Common Files\Oracle\Java\javapath;C:\Program Files (x86)\Common Files\Oracle\Java\javapath;C:\Windows\system32;C:\Windows;C:\Windows\System32\Wbem;C:\Windows\System32\WindowsPowerShell\v1.0\;C:\Windows\System32\OpenSSH\;C:\xampp\php;C:\ProgramData\ComposerSetup\bin;C:\Program Files\nodejs\;C:\Program Files (x86)\Intel\Intel(R) Management Engine Components\DAL;C:\Program Files\Intel\Intel(R) Management Engine Components\DAL;C:\Program Files\Git\cmd;C:\Program Files\Fortect;C:\Users\HP\AppData\Local\Microsoft\WindowsApps;C:\Program Files\JetBrains\IntelliJ IDEA Community Edition 2021.3.2\bin;C:\Users\HP\AppData\Local\Programs\Microsoft VS Code\bin;C:\Users\HP\AppData\Local\JetBrains\Toolbox\scripts;C:\Users\HP\AppData\Local\GitHubDesktop\bin;C:\Users\HP\Desktop\camp\flutter_windows_3.7.6-stable\flutter\bin;C:\Users\HP\AppData\Roaming\Composer\vendor\bin;C:\Users\HP\AppData\Roaming\npm
USERNAME=HP
OS=Windows_NT
PROCESSOR_IDENTIFIER=Intel64 Family 6 Model 142 Stepping 9, GenuineIntel
TMP=C:\Users\HP\AppData\Local\Temp
TEMP=C:\Users\HP\AppData\Local\Temp



---------------  S Y S T E M  ---------------

OS:
 Windows 10 , 64 bit Build 19041 (10.0.19041.3155)
OS uptime: 2 days 13:50 hours
Hyper-V role detected

CPU: total 4 (initial active 4) (2 cores per cpu, 2 threads per core) family 6 model 142 stepping 9 microcode 0xf2, cx8, cmov, fxsr, ht, mmx, 3dnowpref, sse, sse2, sse3, ssse3, sse4.1, sse4.2, popcnt, lzcnt, tsc, tscinvbit, avx, avx2, aes, erms, clmul, bmi1, bmi2, rtm, adx, fma, vzeroupper, clflush, clflushopt, hv

Memory: 4k page, system-wide physical 16224M (5515M free)
TotalPageFile size 32096M (AvailPageFile size 19799M)
current process WorkingSet (physical memory assigned to process): 270M, peak: 315M
current process commit charge ("private bytes"): 281M, peak: 439M

vm_info: OpenJDK 64-Bit Server VM (17.0.7+7-LTS) for windows-amd64 JRE (17.0.7+7-LTS), built on Apr 14 2023 01:39:21 by "Administrator" with MS VC++ 15.9 (VS2017)

END.
