#
# A fatal error has been detected by the Java Runtime Environment:
#
#  EXCEPTION_ACCESS_VIOLATION (0xc0000005) at pc=0x00007ffe74e7ebe3, pid=8044, tid=2796
#
# JRE version: OpenJDK Runtime Environment Corretto-17.0.7.7.1 (17.0.7+7) (build 17.0.7+7-LTS)
# Java VM: OpenJDK 64-Bit Server VM Corretto-17.0.7.7.1 (17.0.7+7-LTS, mixed mode, sharing, tiered, compressed oops, compressed class ptrs, g1 gc, windows-amd64)
# Problematic frame:
# C  [ig9icd64.dll+0x9bebe3]
#
# No core dump will be written. Minidumps are not enabled by default on client versions of Windows
#
# If you would like to submit a bug report, please visit:
#   https://github.com/corretto/corretto-17/issues/
# The crash happened outside the Java Virtual Machine in native code.
# See problematic frame for where to report the bug.
#

---------------  S U M M A R Y ------------

Command Line: -Djava.library.path=C:\Users\HP\Desktop\newderar\build\classes\kotlin\jvm\main;C:\Users\HP\Desktop\newderar\build\processedResources\jvm\main -javaagent:C:\Program Files\JetBrains\IntelliJ IDEA Community Edition 2021.3.2\lib\idea_rt.jar=54603:C:\Program Files\JetBrains\IntelliJ IDEA Community Edition 2021.3.2\bin -Dfile.encoding=UTF-8 MainKt

Host: Intel(R) Core(TM) i5-7300U CPU @ 2.60GHz, 4 cores, 15G,  Windows 10 , 64 bit Build 19041 (10.0.19041.3155)
Time: Sat Jul  8 17:51:47 2023 Libya Standard Time elapsed time: 356.047560 seconds (0d 0h 5m 56s)

---------------  T H R E A D  ---------------

Current thread (0x000001e344dce7d0):  JavaThread "AWT-EventQueue-0" [_thread_in_native, id=2796, stack(0x000000ce33800000,0x000000ce33900000)]

Stack: [0x000000ce33800000,0x000000ce33900000],  sp=0x000000ce338fc9b8,  free space=1010k
Native frames: (J=compiled Java code, j=interpreted, Vv=VM code, C=native code)
C  [ig9icd64.dll+0x9bebe3]

Java frames: (J=compiled Java code, j=interpreted, Vv=VM code)
J 5568  org.jetbrains.skia.DirectContextKt.DirectContext_nFlush(J)V (0 bytes) @ 0x000001e32c3dec69 [0x000001e32c3dec20+0x0000000000000049]
J 6368 c2 org.jetbrains.skiko.redrawer.WindowsOpenGLRedrawer$Companion$frameDispatcher$1.invokeSuspend(Ljava/lang/Object;)Ljava/lang/Object; (379 bytes) @ 0x000001e32c80161c [0x000001e32c800080+0x000000000000159c]
J 6367 c2 org.jetbrains.skiko.FrameDispatcher$job$1.invokeSuspend(Ljava/lang/Object;)Ljava/lang/Object; (156 bytes) @ 0x000001e32c7fdcf0 [0x000001e32c7fdaa0+0x0000000000000250]
J 5042 c2 kotlin.coroutines.jvm.internal.BaseContinuationImpl.resumeWith(Ljava/lang/Object;)V (128 bytes) @ 0x000001e32c662d00 [0x000001e32c662ca0+0x0000000000000060]
J 5180 c2 kotlinx.coroutines.DispatchedTask.run()V (571 bytes) @ 0x000001e32c677ac8 [0x000001e32c677720+0x00000000000003a8]
J 5479 c2 java.awt.EventQueue.dispatchEventImpl(Ljava/awt/AWTEvent;Ljava/lang/Object;)V java.desktop@17.0.7 (136 bytes) @ 0x000001e32c6d0584 [0x000001e32c6d0240+0x0000000000000344]
J 5571 c2 java.awt.EventDispatchThread.pumpOneEventForFilters(I)V java.desktop@17.0.7 (113 bytes) @ 0x000001e32c422eb4 [0x000001e32c422820+0x0000000000000694]
J 6554% c2 java.awt.EventDispatchThread.pumpEventsForFilter(ILjava/awt/Conditional;Ljava/awt/EventFilter;)V java.desktop@17.0.7 (47 bytes) @ 0x000001e32c872040 [0x000001e32c871f20+0x0000000000000120]
j  java.awt.EventDispatchThread.pumpEventsForHierarchy(ILjava/awt/Conditional;Ljava/awt/Component;)V+11 java.desktop@17.0.7
j  java.awt.EventDispatchThread.pumpEvents(ILjava/awt/Conditional;)V+4 java.desktop@17.0.7
j  java.awt.EventDispatchThread.pumpEvents(Ljava/awt/Conditional;)V+3 java.desktop@17.0.7
j  java.awt.EventDispatchThread.run()V+9 java.desktop@17.0.7
v  ~StubRoutines::call_stub

siginfo: EXCEPTION_ACCESS_VIOLATION (0xc0000005), reading address 0xffffffffffffffff


Register to memory mapping:

RIP=0x00007ffe74e7ebe3 ig9icd64.dll
RAX=0x000000000fff0fff is an unknown value
RBX=0x00007ffe744c0000 ig9icd64.dll
RCX=0x000000033fcf3fcc is an unknown value
RDX=0x000000ce338fced0 is pointing into the stack for thread: 0x000001e344dce7d0
RSP=0x000000ce338fc9b8 is pointing into the stack for thread: 0x000001e344dce7d0
RBP=0x000000ce338fcac0 is pointing into the stack for thread: 0x000001e344dce7d0
RSI=0x000001e3470177c0 points into unknown readable memory: 0x000001e345b12bc0 | c0 2b b1 45 e3 01 00 00
RDI=0x000000ce338fccc0 is pointing into the stack for thread: 0x000001e344dce7d0
R8 =0x000000ce338fcaf0 is pointing into the stack for thread: 0x000001e344dce7d0
R9 =0x000000ce338fced0 is pointing into the stack for thread: 0x000001e344dce7d0
R10=0x000000ce338fccc0 is pointing into the stack for thread: 0x000001e344dce7d0
R11=0x0 is NULL
R12=0x00007ffe752f15e0 ig9icd64.dll
R13=0x0 is NULL
R14=0x0 is NULL
R15=0x00000000000001c1 is an unknown value


Registers:
RAX=0x000000000fff0fff, RBX=0x00007ffe744c0000, RCX=0x000000033fcf3fcc, RDX=0x000000ce338fced0
RSP=0x000000ce338fc9b8, RBP=0x000000ce338fcac0, RSI=0x000001e3470177c0, RDI=0x000000ce338fccc0
R8 =0x000000ce338fcaf0, R9 =0x000000ce338fced0, R10=0x000000ce338fccc0, R11=0x0000000000000000
R12=0x00007ffe752f15e0, R13=0x0000000000000000, R14=0x0000000000000000, R15=0x00000000000001c1
RIP=0x00007ffe74e7ebe3, EFLAGS=0x0000000000010206

Top of Stack: (sp=0x000000ce338fc9b8)
0x000000ce338fc9b8:   00007ffe74e7c31b 0000000000000001
0x000000ce338fc9c8:   0000000000000000 000001e3479d0c00
0x000000ce338fc9d8:   00007ffeda002622 000000ce00000065
0x000000ce338fc9e8:   000000ce338fcbf0 0000000000000000
0x000000ce338fc9f8:   000001e346e702d0 0000000000000000
0x000000ce338fca08:   000001e3472d32d0 000001e3479d0ca0
0x000000ce338fca18:   0000000000001100 0000000000000000
0x000000ce338fca28:   0000000000000000 000000ce338fcba0
0x000000ce338fca38:   00007ffe74b179c0 0000000000000000
0x000000ce338fca48:   0000000000000000 0000000000000000
0x000000ce338fca58:   0000000000000000 000080e3aa190426
0x000000ce338fca68:   00007ffe744d6555 000001e3479d0ca0
0x000000ce338fca78:   0000000000000001 0000000000000000
0x000000ce338fca88:   00007ffee9b7b86b 00000000023f03d5
0x000000ce338fca98:   000000000000007c 000001e344da2710
0x000000ce338fcaa8:   0000000000000000 0000000000000000 

Instructions: (pc=0x00007ffe74e7ebe3)
0x00007ffe74e7eae3:   c1 75 31 00 48 89 51 08 48 89 01 8b 44 24 28 89
0x00007ffe74e7eaf3:   41 20 8b 44 24 30 89 41 24 48 8b c1 4c 89 41 10
0x00007ffe74e7eb03:   4c 89 49 18 c3 cc cc cc cc cc cc cc cc 48 89 5c
0x00007ffe74e7eb13:   24 08 8b 41 5c 48 8d 1d e1 14 64 ff 41 89 40 08
0x00007ffe74e7eb23:   4c 8b d1 8b 41 60 45 33 db 41 89 40 0c 4c 8b ca
0x00007ffe74e7eb33:   8b 41 64 41 89 40 10 8b 41 68 41 89 40 14 8b 41
0x00007ffe74e7eb43:   6c 41 89 40 18 8b 41 70 41 89 40 1c 48 63 41 74
0x00007ffe74e7eb53:   48 6b c8 34 8b 84 19 44 d1 ee 00 41 89 40 20 8b
0x00007ffe74e7eb63:   84 19 48 d1 ee 00 41 89 40 24 8b 84 19 4c d1 ee
0x00007ffe74e7eb73:   00 41 89 40 28 8b 84 19 50 d1 ee 00 41 89 40 2c
0x00007ffe74e7eb83:   8b 84 19 34 d1 ee 00 41 89 40 30 8b 84 19 38 d1
0x00007ffe74e7eb93:   ee 00 41 89 40 34 8b 84 19 3c d1 ee 00 41 89 40
0x00007ffe74e7eba3:   38 8b 84 19 40 d1 ee 00 41 89 40 3c 8b 84 19 24
0x00007ffe74e7ebb3:   d1 ee 00 41 89 40 40 8b 84 19 28 d1 ee 00 41 89
0x00007ffe74e7ebc3:   40 44 8b 84 19 2c d1 ee 00 41 89 40 48 8b 84 19
0x00007ffe74e7ebd3:   30 d1 ee 00 41 89 40 4c 49 63 42 78 48 6b c8 34
0x00007ffe74e7ebe3:   8b 84 19 44 d1 ee 00 41 89 40 50 8b 84 19 48 d1
0x00007ffe74e7ebf3:   ee 00 41 89 40 54 8b 84 19 4c d1 ee 00 41 89 40
0x00007ffe74e7ec03:   58 8b 84 19 50 d1 ee 00 41 89 40 5c 8b 84 19 34
0x00007ffe74e7ec13:   d1 ee 00 41 89 40 60 8b 84 19 38 d1 ee 00 41 89
0x00007ffe74e7ec23:   40 64 8b 84 19 3c d1 ee 00 41 89 40 68 8b 84 19
0x00007ffe74e7ec33:   40 d1 ee 00 41 89 40 6c 8b 84 19 24 d1 ee 00 41
0x00007ffe74e7ec43:   89 40 70 8b 84 19 28 d1 ee 00 41 89 40 74 8b 84
0x00007ffe74e7ec53:   19 2c d1 ee 00 41 89 40 78 8b 84 19 30 d1 ee 00
0x00007ffe74e7ec63:   41 89 40 7c 48 8b 42 18 8b 88 38 0b 00 00 f6 c1
0x00007ffe74e7ec73:   08 0f 84 86 00 00 00 8b 80 3c 0b 00 00 41 89 80
0x00007ffe74e7ec83:   80 00 00 00 48 8b 42 18 8b 88 40 0b 00 00 41 89
0x00007ffe74e7ec93:   88 84 00 00 00 48 8b 42 18 8b 88 44 0b 00 00 41
0x00007ffe74e7eca3:   89 88 88 00 00 00 48 8b 42 18 8b 88 48 0b 00 00
0x00007ffe74e7ecb3:   41 89 88 8c 00 00 00 48 8b 42 18 8b 88 4c 0b 00
0x00007ffe74e7ecc3:   00 41 89 88 90 00 00 00 48 8b 42 18 8b 88 50 0b
0x00007ffe74e7ecd3:   00 00 41 89 88 94 00 00 00 48 8b 42 18 8b 88 54 


Stack slot to memory mapping:
stack at sp + 0 slots: 0x00007ffe74e7c31b ig9icd64.dll
stack at sp + 1 slots: 0x0000000000000001 is an unknown value
stack at sp + 2 slots: 0x0 is NULL
stack at sp + 3 slots: 0x000001e3479d0c00 points into unknown readable memory: 0x0000000000000000 | 00 00 00 00 00 00 00 00
stack at sp + 4 slots: 0x00007ffeda002622 igdgmm64.dll
stack at sp + 5 slots: 0x000000ce00000065 is an unknown value
stack at sp + 6 slots: 0x000000ce338fcbf0 is pointing into the stack for thread: 0x000001e344dce7d0
stack at sp + 7 slots: 0x0 is NULL


---------------  P R O C E S S  ---------------

Threads class SMR info:
_java_thread_list=0x000001e34562a620, length=26, elements={
0x000001e31b636c50, 0x000001e33fc47170, 0x000001e33fc48780, 0x000001e33fc5b110,
0x000001e33fc5fcd0, 0x000001e33fc62790, 0x000001e33fc63140, 0x000001e33fc63e20,
0x000001e344060460, 0x000001e34406d220, 0x000001e33fc2ff30, 0x000001e3443b9190,
0x000001e3443b9660, 0x000001e344e50230, 0x000001e344d093f0, 0x000001e344dce7d0,
0x000001e344fa5160, 0x000001e344f87030, 0x000001e344f83a10, 0x000001e344f86a30,
0x000001e344f83ee0, 0x000001e344f85220, 0x000001e344f86090, 0x000001e344dd5d80,
0x000001e344dd7590, 0x000001e344dd6250
}

Java Threads: ( => current thread )
  0x000001e31b636c50 JavaThread "main" [_thread_blocked, id=12488, stack(0x000000ce31d00000,0x000000ce31e00000)]
  0x000001e33fc47170 JavaThread "Reference Handler" daemon [_thread_blocked, id=12004, stack(0x000000ce32400000,0x000000ce32500000)]
  0x000001e33fc48780 JavaThread "Finalizer" daemon [_thread_blocked, id=4596, stack(0x000000ce32500000,0x000000ce32600000)]
  0x000001e33fc5b110 JavaThread "Signal Dispatcher" daemon [_thread_blocked, id=11256, stack(0x000000ce32600000,0x000000ce32700000)]
  0x000001e33fc5fcd0 JavaThread "Attach Listener" daemon [_thread_blocked, id=18112, stack(0x000000ce32700000,0x000000ce32800000)]
  0x000001e33fc62790 JavaThread "Service Thread" daemon [_thread_blocked, id=16440, stack(0x000000ce32800000,0x000000ce32900000)]
  0x000001e33fc63140 JavaThread "Monitor Deflation Thread" daemon [_thread_blocked, id=13676, stack(0x000000ce32900000,0x000000ce32a00000)]
  0x000001e33fc63e20 JavaThread "C2 CompilerThread0" daemon [_thread_blocked, id=12100, stack(0x000000ce32a00000,0x000000ce32b00000)]
  0x000001e344060460 JavaThread "C1 CompilerThread0" daemon [_thread_blocked, id=7760, stack(0x000000ce32b00000,0x000000ce32c00000)]
  0x000001e34406d220 JavaThread "Sweeper thread" daemon [_thread_blocked, id=8132, stack(0x000000ce32c00000,0x000000ce32d00000)]
  0x000001e33fc2ff30 JavaThread "Common-Cleaner" daemon [_thread_blocked, id=17740, stack(0x000000ce32d00000,0x000000ce32e00000)]
  0x000001e3443b9190 JavaThread "Monitor Ctrl-Break" daemon [_thread_in_native, id=7580, stack(0x000000ce32f00000,0x000000ce33000000)]
  0x000001e3443b9660 JavaThread "Notification Thread" daemon [_thread_blocked, id=8228, stack(0x000000ce33000000,0x000000ce33100000)]
  0x000001e344e50230 JavaThread "Java2D Disposer" daemon [_thread_blocked, id=1412, stack(0x000000ce33500000,0x000000ce33600000)]
  0x000001e344d093f0 JavaThread "AWT-Shutdown" [_thread_blocked, id=17788, stack(0x000000ce33600000,0x000000ce33700000)]
=>0x000001e344dce7d0 JavaThread "AWT-EventQueue-0" [_thread_in_native, id=2796, stack(0x000000ce33800000,0x000000ce33900000)]
  0x000001e344fa5160 JavaThread "Reference Cleaner" daemon [_thread_blocked, id=17200, stack(0x000000ce33900000,0x000000ce33a00000)]
  0x000001e344f87030 JavaThread "DefaultDispatcher-worker-1" daemon [_thread_blocked, id=16724, stack(0x000000ce33a00000,0x000000ce33b00000)]
  0x000001e344f83a10 JavaThread "DefaultDispatcher-worker-2" daemon [_thread_blocked, id=11496, stack(0x000000ce33b00000,0x000000ce33c00000)]
  0x000001e344f86a30 JavaThread "DefaultDispatcher-worker-3" daemon [_thread_blocked, id=12812, stack(0x000000ce33c00000,0x000000ce33d00000)]
  0x000001e344f83ee0 JavaThread "kotlinx.coroutines.DefaultExecutor" daemon [_thread_blocked, id=15112, stack(0x000000ce33d00000,0x000000ce33e00000)]
  0x000001e344f85220 JavaThread "TimerQueue" daemon [_thread_blocked, id=6640, stack(0x000000ce32e00000,0x000000ce32f00000)]
  0x000001e344f86090 JavaThread "RealmFinalizingDaemon" daemon [_thread_blocked, id=16980, stack(0x000000ce34300000,0x000000ce34400000)]
  0x000001e344dd5d80 JavaThread "core-notifier" daemon [_thread_in_native, id=18156, stack(0x000000ce34500000,0x000000ce34600000)]
  0x000001e344dd7590 JavaThread "DefaultDispatcher-worker-4" daemon [_thread_blocked, id=11064, stack(0x000000ce34700000,0x000000ce34800000)]
  0x000001e344dd6250 JavaThread "SIGINT handler" daemon [_thread_blocked, id=18712, stack(0x000000ce31c00000,0x000000ce31d00000)]

Other Threads:
  0x000001e33fc419d0 VMThread "VM Thread" [stack: 0x000000ce32300000,0x000000ce32400000] [id=16856]
  0x000001e31b6bd910 WatcherThread [stack: 0x000000ce33100000,0x000000ce33200000] [id=10484]
  0x000001e31b6a09e0 GCTaskThread "GC Thread#0" [stack: 0x000000ce31e00000,0x000000ce31f00000] [id=15336]
  0x000001e344886770 GCTaskThread "GC Thread#1" [stack: 0x000000ce33200000,0x000000ce33300000] [id=9528]
  0x000001e344876f30 GCTaskThread "GC Thread#2" [stack: 0x000000ce33300000,0x000000ce33400000] [id=17892]
  0x000001e34469dd60 GCTaskThread "GC Thread#3" [stack: 0x000000ce33400000,0x000000ce33500000] [id=9148]
  0x000001e31b6b16b0 ConcurrentGCThread "G1 Main Marker" [stack: 0x000000ce31f00000,0x000000ce32000000] [id=3920]
  0x000001e31b6b20c0 ConcurrentGCThread "G1 Conc#0" [stack: 0x000000ce32000000,0x000000ce32100000] [id=9804]
  0x000001e31b6edd00 ConcurrentGCThread "G1 Refine#0" [stack: 0x000000ce32100000,0x000000ce32200000] [id=224]
  0x000001e31b6ee720 ConcurrentGCThread "G1 Service" [stack: 0x000000ce32200000,0x000000ce32300000] [id=18968]

Threads with active compile tasks:

VM state: not at safepoint (normal execution)

VM Mutex/Monitor currently owned by a thread: None

Heap address: 0x0000000702600000, size: 4058 MB, Compressed Oops mode: Zero based, Oop shift amount: 3

CDS archive(s) mapped at: [0x0000000800000000-0x0000000800bc0000-0x0000000800bc0000), size 12320768, SharedBaseAddress: 0x0000000800000000, ArchiveRelocationMode: 0.
Compressed class space mapped at: 0x0000000801000000-0x0000000841000000, reserved size: 1073741824
Narrow klass base: 0x0000000800000000, Narrow klass shift: 0, Narrow klass range: 0x100000000

GC Precious Log:
 CPUs: 4 total, 4 available
 Memory: 16224M
 Large Page Support: Disabled
 NUMA Support: Disabled
 Compressed Oops: Enabled (Zero based)
 Heap Region Size: 2M
 Heap Min Capacity: 8M
 Heap Initial Capacity: 254M
 Heap Max Capacity: 4058M
 Pre-touch: Disabled
 Parallel Workers: 4
 Concurrent Workers: 1
 Concurrent Refinement Workers: 4
 Periodic GC: Disabled

Heap:
 garbage-first heap   total 90112K, used 73756K [0x0000000702600000, 0x0000000800000000)
  region size 2048K, 25 young (51200K), 0 survivors (0K)
 Metaspace       used 35223K, committed 35456K, reserved 1114112K
  class space    used 3740K, committed 3840K, reserved 1048576K

Heap Regions: E=young(eden), S=young(survivor), O=old, HS=humongous(starts), HC=humongous(continues), CS=collection set, F=free, OA=open archive, CA=closed archive, TAMS=top-at-mark-start (previous, next)
|   0|0x0000000702600000, 0x0000000702800000, 0x0000000702800000|100%|HS|  |TAMS 0x0000000702800000, 0x0000000702600000| Untracked 
|   1|0x0000000702800000, 0x0000000702a00000, 0x0000000702a00000|100%| O|  |TAMS 0x0000000702a00000, 0x0000000702800000| Untracked 
|   2|0x0000000702a00000, 0x0000000702c00000, 0x0000000702c00000|100%| O|  |TAMS 0x0000000702c00000, 0x0000000702a00000| Untracked 
|   3|0x0000000702c00000, 0x0000000702dfffe0, 0x0000000702e00000| 99%| O|  |TAMS 0x0000000702dfffe0, 0x0000000702c00000| Untracked 
|   4|0x0000000702e00000, 0x0000000703000000, 0x0000000703000000|100%| O|  |TAMS 0x0000000703000000, 0x0000000702e00000| Untracked 
|   5|0x0000000703000000, 0x00000007030f15c0, 0x0000000703200000| 47%| O|  |TAMS 0x0000000703000000, 0x0000000703000000| Untracked 
|   6|0x0000000703200000, 0x0000000703315ae8, 0x0000000703400000| 54%| O|  |TAMS 0x0000000703200000, 0x0000000703200000| Untracked 
|   7|0x0000000703400000, 0x0000000703400000, 0x0000000703600000|  0%| F|  |TAMS 0x0000000703400000, 0x0000000703400000| Untracked 
|   8|0x0000000703600000, 0x0000000703600000, 0x0000000703800000|  0%| F|  |TAMS 0x0000000703600000, 0x0000000703600000| Untracked 
|   9|0x0000000703800000, 0x0000000703800000, 0x0000000703a00000|  0%| F|  |TAMS 0x0000000703800000, 0x0000000703800000| Untracked 
|  10|0x0000000703a00000, 0x0000000703c00000, 0x0000000703c00000|100%| O|  |TAMS 0x0000000703c00000, 0x0000000703a00000| Untracked 
|  11|0x0000000703c00000, 0x0000000703c00000, 0x0000000703e00000|  0%| F|  |TAMS 0x0000000703c00000, 0x0000000703c00000| Untracked 
|  12|0x0000000703e00000, 0x0000000703fffff0, 0x0000000704000000| 99%| O|  |TAMS 0x0000000703fffff0, 0x0000000703e00000| Untracked 
|  13|0x0000000704000000, 0x0000000704000000, 0x0000000704200000|  0%| F|  |TAMS 0x0000000704000000, 0x0000000704000000| Untracked 
|  14|0x0000000704200000, 0x0000000704200000, 0x0000000704400000|  0%| F|  |TAMS 0x0000000704200000, 0x0000000704200000| Untracked 
|  15|0x0000000704400000, 0x00000007044cecc0, 0x0000000704600000| 40%| E|  |TAMS 0x0000000704400000, 0x0000000704400000| Complete 
|  16|0x0000000704600000, 0x0000000704800000, 0x0000000704800000|100%|HS|  |TAMS 0x0000000704800000, 0x0000000704600000| Untracked 
|  17|0x0000000704800000, 0x0000000704a00000, 0x0000000704a00000|100%|HC|  |TAMS 0x0000000704a00000, 0x0000000704800000| Untracked 
|  18|0x0000000704a00000, 0x0000000704c00000, 0x0000000704c00000|100%|HC|  |TAMS 0x0000000704c00000, 0x0000000704a00000| Untracked 
|  19|0x0000000704c00000, 0x0000000704e00000, 0x0000000704e00000|100%|HC|  |TAMS 0x0000000704e00000, 0x0000000704c00000| Untracked 
|  20|0x0000000704e00000, 0x0000000705000000, 0x0000000705000000|100%| E|CS|TAMS 0x0000000704e00000, 0x0000000704e00000| Complete 
|  21|0x0000000705000000, 0x0000000705200000, 0x0000000705200000|100%| E|CS|TAMS 0x0000000705000000, 0x0000000705000000| Complete 
|  22|0x0000000705200000, 0x0000000705400000, 0x0000000705400000|100%| E|CS|TAMS 0x0000000705200000, 0x0000000705200000| Complete 
|  23|0x0000000705400000, 0x0000000705600000, 0x0000000705600000|100%| E|CS|TAMS 0x0000000705400000, 0x0000000705400000| Complete 
|  24|0x0000000705600000, 0x0000000705800000, 0x0000000705800000|100%| E|CS|TAMS 0x0000000705600000, 0x0000000705600000| Complete 
|  25|0x0000000705800000, 0x0000000705a00000, 0x0000000705a00000|100%| E|CS|TAMS 0x0000000705800000, 0x0000000705800000| Complete 
|  26|0x0000000705a00000, 0x0000000705c00000, 0x0000000705c00000|100%| E|CS|TAMS 0x0000000705a00000, 0x0000000705a00000| Complete 
|  27|0x0000000705c00000, 0x0000000705e00000, 0x0000000705e00000|100%| E|CS|TAMS 0x0000000705c00000, 0x0000000705c00000| Complete 
|  28|0x0000000705e00000, 0x0000000706000000, 0x0000000706000000|100%| E|CS|TAMS 0x0000000705e00000, 0x0000000705e00000| Complete 
|  29|0x0000000706000000, 0x0000000706200000, 0x0000000706200000|100%| E|CS|TAMS 0x0000000706000000, 0x0000000706000000| Complete 
|  30|0x0000000706200000, 0x0000000706400000, 0x0000000706400000|100%| E|CS|TAMS 0x0000000706200000, 0x0000000706200000| Complete 
|  31|0x0000000706400000, 0x0000000706600000, 0x0000000706600000|100%| E|CS|TAMS 0x0000000706400000, 0x0000000706400000| Complete 
|  32|0x0000000706600000, 0x0000000706800000, 0x0000000706800000|100%| E|CS|TAMS 0x0000000706600000, 0x0000000706600000| Complete 
|  33|0x0000000706800000, 0x0000000706a00000, 0x0000000706a00000|100%| E|CS|TAMS 0x0000000706800000, 0x0000000706800000| Complete 
|  34|0x0000000706a00000, 0x0000000706c00000, 0x0000000706c00000|100%| E|CS|TAMS 0x0000000706a00000, 0x0000000706a00000| Complete 
|  35|0x0000000706c00000, 0x0000000706e00000, 0x0000000706e00000|100%| E|CS|TAMS 0x0000000706c00000, 0x0000000706c00000| Complete 
|  36|0x0000000706e00000, 0x0000000707000000, 0x0000000707000000|100%| E|CS|TAMS 0x0000000706e00000, 0x0000000706e00000| Complete 
|  37|0x0000000707000000, 0x0000000707200000, 0x0000000707200000|100%| E|CS|TAMS 0x0000000707000000, 0x0000000707000000| Complete 
|  38|0x0000000707200000, 0x0000000707400000, 0x0000000707400000|100%| E|CS|TAMS 0x0000000707200000, 0x0000000707200000| Complete 
|  39|0x0000000707400000, 0x0000000707600000, 0x0000000707600000|100%| E|CS|TAMS 0x0000000707400000, 0x0000000707400000| Complete 
|  40|0x0000000707600000, 0x0000000707800000, 0x0000000707800000|100%| E|CS|TAMS 0x0000000707600000, 0x0000000707600000| Complete 
|  41|0x0000000707800000, 0x0000000707a00000, 0x0000000707a00000|100%| E|CS|TAMS 0x0000000707800000, 0x0000000707800000| Complete 
|  42|0x0000000707a00000, 0x0000000707c00000, 0x0000000707c00000|100%| E|CS|TAMS 0x0000000707a00000, 0x0000000707a00000| Complete 
|  43|0x0000000707c00000, 0x0000000707e00000, 0x0000000707e00000|100%| E|CS|TAMS 0x0000000707c00000, 0x0000000707c00000| Complete 

Card table byte_map: [0x000001e334720000,0x000001e334f10000] _byte_map_base: 0x000001e330f0d000

Marking Bits (Prev, Next): (CMBitMap*) 0x000001e31b6a0ff0, (CMBitMap*) 0x000001e31b6a1030
 Prev Bits: [0x000001e335700000, 0x000001e339668000)
 Next Bits: [0x000001e339670000, 0x000001e33d5d8000)

Polling page: 0x000001e31b6f0000

Metaspace:

Usage:
  Non-class:     30.75 MB used.
      Class:      3.65 MB used.
       Both:     34.40 MB used.

Virtual space:
  Non-class space:       64.00 MB reserved,      30.88 MB ( 48%) committed,  1 nodes.
      Class space:        1.00 GB reserved,       3.75 MB ( <1%) committed,  1 nodes.
             Both:        1.06 GB reserved,      34.63 MB (  3%) committed. 

Chunk freelists:
   Non-Class:  864.00 KB
       Class:  12.28 MB
        Both:  13.13 MB

MaxMetaspaceSize: unlimited
CompressedClassSpaceSize: 1.00 GB
Initial GC threshold: 21.00 MB
Current GC threshold: 57.63 MB
CDS: on
MetaspaceReclaimPolicy: balanced
 - commit_granule_bytes: 65536.
 - commit_granule_words: 8192.
 - virtual_space_node_default_size: 8388608.
 - enlarge_chunks_in_place: 1.
 - new_chunks_are_fully_committed: 0.
 - uncommit_free_chunks: 1.
 - use_allocation_guard: 0.
 - handle_deallocations: 1.


Internal statistics:

num_allocs_failed_limit: 3.
num_arena_births: 160.
num_arena_deaths: 0.
num_vsnodes_births: 2.
num_vsnodes_deaths: 0.
num_space_committed: 554.
num_space_uncommitted: 0.
num_chunks_returned_to_freelist: 3.
num_chunks_taken_from_freelist: 1087.
num_chunk_merges: 3.
num_chunk_splits: 939.
num_chunks_enlarged: 854.
num_inconsistent_stats: 0.

CodeHeap 'non-profiled nmethods': size=120000Kb used=4784Kb max_used=4784Kb free=115215Kb
 bounds [0x000001e32c3d0000, 0x000001e32c880000, 0x000001e333900000]
CodeHeap 'profiled nmethods': size=120000Kb used=11008Kb max_used=11569Kb free=108991Kb
 bounds [0x000001e324900000, 0x000001e325450000, 0x000001e32be30000]
CodeHeap 'non-nmethods': size=5760Kb used=1869Kb max_used=2014Kb free=3890Kb
 bounds [0x000001e32be30000, 0x000001e32c0a0000, 0x000001e32c3d0000]
 total_blobs=7105 nmethods=5760 adapters=1257
 compilation: enabled
              stopped_count=0, restarted_count=0
 full_count=0

Compilation events (20 events):
Event: 294.762 Thread 0x000001e33fc63e20 6561       4       java.util.concurrent.locks.AbstractQueuedSynchronizer$ConditionObject::unlinkCancelledWaiters (91 bytes)
Event: 294.765 Thread 0x000001e33fc63e20 nmethod 6561 0x000001e32c873690 code [0x000001e32c873820, 0x000001e32c873af8]
Event: 303.624 Thread 0x000001e33fc63e20 6562       4       kotlinx.coroutines.DelayKt::delay (105 bytes)
Event: 303.680 Thread 0x000001e33fc63e20 nmethod 6562 0x000001e32c873c10 code [0x000001e32c873ee0, 0x000001e32c875cb8]
Event: 304.495 Thread 0x000001e33fc63e20 6563       4       javax.swing.TimerQueue$DelayedTimer::getDelay (16 bytes)
Event: 304.496 Thread 0x000001e33fc63e20 nmethod 6563 0x000001e32c876d10 code [0x000001e32c876ea0, 0x000001e32c877038]
Event: 311.517 Thread 0x000001e33fc63e20 6564       4       java.util.concurrent.locks.AbstractQueuedSynchronizer$ConditionObject::awaitNanos (200 bytes)
Event: 311.542 Thread 0x000001e33fc63e20 nmethod 6564 0x000001e32c877190 code [0x000001e32c877380, 0x000001e32c878108]
Event: 311.543 Thread 0x000001e33fc63e20 6565       4       androidx.compose.ui.platform.FlushCoroutineDispatcher$scheduleResumeAfterDelay$2::invokeSuspend (104 bytes)
Event: 311.551 Thread 0x000001e33fc63e20 nmethod 6565 0x000001e32c878a10 code [0x000001e32c878c00, 0x000001e32c8794f0]
Event: 327.800 Thread 0x000001e33fc63e20 6566       4       androidx.compose.runtime.snapshots.SnapshotIdSetKt::binarySearch (67 bytes)
Event: 327.802 Thread 0x000001e33fc63e20 nmethod 6566 0x000001e32c879c10 code [0x000001e32c879d80, 0x000001e32c879e98]
Event: 334.073 Thread 0x000001e33fc63e20 6567       4       java.util.concurrent.locks.AbstractQueuedSynchronizer::enqueue (60 bytes)
Event: 334.075 Thread 0x000001e33fc63e20 nmethod 6567 0x000001e32c87a010 code [0x000001e32c87a180, 0x000001e32c87a538]
Event: 353.032 Thread 0x000001e33fc63e20 6568 %     4       kotlinx.coroutines.scheduling.CoroutineScheduler$Worker::runWorker @ 2 (118 bytes)
Event: 353.049 Thread 0x000001e33fc63e20 nmethod 6568% 0x000001e32c87a610 code [0x000001e32c87a820, 0x000001e32c87b250]
Event: 356.008 Thread 0x000001e344060460 6569       3       java.util.IdentityHashMap$IdentityHashMapIterator::nextIndex (72 bytes)
Event: 356.008 Thread 0x000001e344060460 nmethod 6569 0x000001e324c35390 code [0x000001e324c35560, 0x000001e324c359a8]
Event: 356.016 Thread 0x000001e33fc63e20 6570       4       kotlin.reflect.jvm.internal.pcollections.IntTree::get (60 bytes)
Event: 356.018 Thread 0x000001e33fc63e20 nmethod 6570 0x000001e32c87ba90 code [0x000001e32c87bc40, 0x000001e32c87be90]

GC Heap History (20 events):
Event: 207.054 GC heap before
{Heap before GC invocations=21 (full 6):
 garbage-first heap   total 96256K, used 77611K [0x0000000702600000, 0x0000000800000000)
  region size 2048K, 26 young (53248K), 0 survivors (0K)
 Metaspace       used 35199K, committed 35392K, reserved 1114112K
  class space    used 3736K, committed 3840K, reserved 1048576K
}
Event: 207.055 GC heap after
{Heap after GC invocations=22 (full 6):
 garbage-first heap   total 96256K, used 24911K [0x0000000702600000, 0x0000000800000000)
  region size 2048K, 1 young (2048K), 1 survivors (2048K)
 Metaspace       used 35199K, committed 35392K, reserved 1114112K
  class space    used 3736K, committed 3840K, reserved 1048576K
}
Event: 211.949 GC heap before
{Heap before GC invocations=22 (full 6):
 garbage-first heap   total 96256K, used 35151K [0x0000000702600000, 0x0000000800000000)
  region size 2048K, 7 young (14336K), 1 survivors (2048K)
 Metaspace       used 35199K, committed 35392K, reserved 1114112K
  class space    used 3736K, committed 3840K, reserved 1048576K
}
Event: 211.975 GC heap after
{Heap after GC invocations=23 (full 7):
 garbage-first heap   total 96256K, used 24604K [0x0000000702600000, 0x0000000800000000)
  region size 2048K, 0 young (0K), 0 survivors (0K)
 Metaspace       used 35199K, committed 35392K, reserved 1114112K
  class space    used 3736K, committed 3840K, reserved 1048576K
}
Event: 236.828 GC heap before
{Heap before GC invocations=23 (full 7):
 garbage-first heap   total 96256K, used 77852K [0x0000000702600000, 0x0000000800000000)
  region size 2048K, 26 young (53248K), 0 survivors (0K)
 Metaspace       used 35200K, committed 35392K, reserved 1114112K
  class space    used 3736K, committed 3840K, reserved 1048576K
}
Event: 236.830 GC heap after
{Heap after GC invocations=24 (full 7):
 garbage-first heap   total 96256K, used 24672K [0x0000000702600000, 0x0000000800000000)
  region size 2048K, 1 young (2048K), 1 survivors (2048K)
 Metaspace       used 35200K, committed 35392K, reserved 1114112K
  class space    used 3736K, committed 3840K, reserved 1048576K
}
Event: 241.989 GC heap before
{Heap before GC invocations=24 (full 7):
 garbage-first heap   total 96256K, used 34912K [0x0000000702600000, 0x0000000800000000)
  region size 2048K, 7 young (14336K), 1 survivors (2048K)
 Metaspace       used 35200K, committed 35392K, reserved 1114112K
  class space    used 3736K, committed 3840K, reserved 1048576K
}
Event: 242.009 GC heap after
{Heap after GC invocations=25 (full 8):
 garbage-first heap   total 96256K, used 24604K [0x0000000702600000, 0x0000000800000000)
  region size 2048K, 0 young (0K), 0 survivors (0K)
 Metaspace       used 35200K, committed 35392K, reserved 1114112K
  class space    used 3736K, committed 3840K, reserved 1048576K
}
Event: 266.943 GC heap before
{Heap before GC invocations=25 (full 8):
 garbage-first heap   total 96256K, used 77852K [0x0000000702600000, 0x0000000800000000)
  region size 2048K, 26 young (53248K), 0 survivors (0K)
 Metaspace       used 35200K, committed 35392K, reserved 1114112K
  class space    used 3736K, committed 3840K, reserved 1048576K
}
Event: 266.944 GC heap after
{Heap after GC invocations=26 (full 8):
 garbage-first heap   total 96256K, used 24670K [0x0000000702600000, 0x0000000800000000)
  region size 2048K, 1 young (2048K), 1 survivors (2048K)
 Metaspace       used 35200K, committed 35392K, reserved 1114112K
  class space    used 3736K, committed 3840K, reserved 1048576K
}
Event: 272.012 GC heap before
{Heap before GC invocations=26 (full 8):
 garbage-first heap   total 96256K, used 34910K [0x0000000702600000, 0x0000000800000000)
  region size 2048K, 7 young (14336K), 1 survivors (2048K)
 Metaspace       used 35200K, committed 35392K, reserved 1114112K
  class space    used 3736K, committed 3840K, reserved 1048576K
}
Event: 272.033 GC heap after
{Heap after GC invocations=27 (full 9):
 garbage-first heap   total 96256K, used 24604K [0x0000000702600000, 0x0000000800000000)
  region size 2048K, 0 young (0K), 0 survivors (0K)
 Metaspace       used 35200K, committed 35392K, reserved 1114112K
  class space    used 3736K, committed 3840K, reserved 1048576K
}
Event: 297.171 GC heap before
{Heap before GC invocations=27 (full 9):
 garbage-first heap   total 96256K, used 77852K [0x0000000702600000, 0x0000000800000000)
  region size 2048K, 26 young (53248K), 0 survivors (0K)
 Metaspace       used 35200K, committed 35392K, reserved 1114112K
  class space    used 3736K, committed 3840K, reserved 1048576K
}
Event: 297.174 GC heap after
{Heap after GC invocations=28 (full 9):
 garbage-first heap   total 96256K, used 24674K [0x0000000702600000, 0x0000000800000000)
  region size 2048K, 1 young (2048K), 1 survivors (2048K)
 Metaspace       used 35200K, committed 35392K, reserved 1114112K
  class space    used 3736K, committed 3840K, reserved 1048576K
}
Event: 302.042 GC heap before
{Heap before GC invocations=28 (full 9):
 garbage-first heap   total 96256K, used 34914K [0x0000000702600000, 0x0000000800000000)
  region size 2048K, 7 young (14336K), 1 survivors (2048K)
 Metaspace       used 35200K, committed 35392K, reserved 1114112K
  class space    used 3736K, committed 3840K, reserved 1048576K
}
Event: 302.064 GC heap after
{Heap after GC invocations=29 (full 10):
 garbage-first heap   total 90112K, used 24604K [0x0000000702600000, 0x0000000800000000)
  region size 2048K, 0 young (0K), 0 survivors (0K)
 Metaspace       used 35200K, committed 35392K, reserved 1114112K
  class space    used 3736K, committed 3840K, reserved 1048576K
}
Event: 327.400 GC heap before
{Heap before GC invocations=29 (full 10):
 garbage-first heap   total 90112K, used 75804K [0x0000000702600000, 0x0000000800000000)
  region size 2048K, 25 young (51200K), 0 survivors (0K)
 Metaspace       used 35200K, committed 35392K, reserved 1114112K
  class space    used 3736K, committed 3840K, reserved 1048576K
}
Event: 327.401 GC heap after
{Heap after GC invocations=30 (full 10):
 garbage-first heap   total 90112K, used 24668K [0x0000000702600000, 0x0000000800000000)
  region size 2048K, 1 young (2048K), 1 survivors (2048K)
 Metaspace       used 35200K, committed 35392K, reserved 1114112K
  class space    used 3736K, committed 3840K, reserved 1048576K
}
Event: 332.072 GC heap before
{Heap before GC invocations=30 (full 10):
 garbage-first heap   total 90112K, used 32860K [0x0000000702600000, 0x0000000800000000)
  region size 2048K, 6 young (12288K), 1 survivors (2048K)
 Metaspace       used 35200K, committed 35392K, reserved 1114112K
  class space    used 3736K, committed 3840K, reserved 1048576K
}
Event: 332.098 GC heap after
{Heap after GC invocations=31 (full 11):
 garbage-first heap   total 90112K, used 24604K [0x0000000702600000, 0x0000000800000000)
  region size 2048K, 0 young (0K), 0 survivors (0K)
 Metaspace       used 35200K, committed 35392K, reserved 1114112K
  class space    used 3736K, committed 3840K, reserved 1048576K
}

Dll operation events (14 events):
Event: 0.013 Loaded shared library C:\Users\HP\.jdks\corretto-17.0.7\bin\java.dll
Event: 0.026 Loaded shared library C:\Users\HP\.jdks\corretto-17.0.7\bin\jsvml.dll
Event: 0.259 Loaded shared library C:\Users\HP\.jdks\corretto-17.0.7\bin\zip.dll
Event: 0.262 Loaded shared library C:\Users\HP\.jdks\corretto-17.0.7\bin\instrument.dll
Event: 0.270 Loaded shared library C:\Users\HP\.jdks\corretto-17.0.7\bin\net.dll
Event: 0.272 Loaded shared library C:\Users\HP\.jdks\corretto-17.0.7\bin\nio.dll
Event: 0.277 Loaded shared library C:\Users\HP\.jdks\corretto-17.0.7\bin\zip.dll
Event: 0.413 Loaded shared library C:\Program Files\JetBrains\IntelliJ IDEA Community Edition 2021.3.2\bin\breakgen64.dll
Event: 0.599 Loaded shared library C:\Users\HP\.jdks\corretto-17.0.7\bin\jimage.dll
Event: 0.604 Loaded shared library C:\Users\HP\.jdks\corretto-17.0.7\bin\awt.dll
Event: 1.685 Loaded shared library C:\Users\HP\.skiko\0de0d8dd8554d9bb66cfca3837db6514ff9b71080e998917280a3b777460a416\skiko-windows-x64.dll
Event: 2.252 Loaded shared library C:\Users\HP\.jdks\corretto-17.0.7\bin\freetype.dll
Event: 2.254 Loaded shared library C:\Users\HP\.jdks\corretto-17.0.7\bin\fontmanager.dll
Event: 6.069 Loaded shared library C:\Users\HP\AppData\Local\io-realm-kotlin\f7113120ba00ba1ff91d696eecd3919e85a4e34e\realmc.dll

Deoptimization events (20 events):
Event: 356.013 Thread 0x000001e344dd6bf0 Uncommon trap: trap_request=0xffffff45 fr.pc=0x000001e32c87a4e0 relative=0x0000000000000360
Event: 356.013 Thread 0x000001e344dd6bf0 Uncommon trap: reason=unstable_if action=reinterpret pc=0x000001e32c87a4e0 method=java.util.concurrent.locks.AbstractQueuedSynchronizer.enqueue(Ljava/util/concurrent/locks/AbstractQueuedSynchronizer$Node;)V @ 15 c2
Event: 356.013 Thread 0x000001e344dd6bf0 DEOPT PACKING pc=0x000001e32c87a4e0 sp=0x000000ce348fdf70
Event: 356.013 Thread 0x000001e344dd6bf0 DEOPT UNPACKING pc=0x000001e32be869a3 sp=0x000000ce348fdf28 mode 2
Event: 356.013 Thread 0x000001e344dd6bf0 Uncommon trap: trap_request=0xffffffde fr.pc=0x000001e32c77cae0 relative=0x0000000000000060
Event: 356.013 Thread 0x000001e344dd6bf0 Uncommon trap: reason=class_check action=maybe_recompile pc=0x000001e32c77cae0 method=kotlinx.coroutines.AbstractCoroutine.afterResume(Ljava/lang/Object;)V @ 2 c2
Event: 356.013 Thread 0x000001e344dd6bf0 DEOPT PACKING pc=0x000001e32c77cae0 sp=0x000000ce348fe5d0
Event: 356.013 Thread 0x000001e344dd6bf0 DEOPT UNPACKING pc=0x000001e32be869a3 sp=0x000000ce348fe558 mode 2
Event: 356.015 Thread 0x000001e344dd6bf0 Uncommon trap: trap_request=0xffffffc6 fr.pc=0x000001e32c44e450 relative=0x0000000000000bb0
Event: 356.015 Thread 0x000001e344dd6bf0 Uncommon trap: reason=bimorphic_or_optimized_type_check action=maybe_recompile pc=0x000001e32c44e450 method=kotlinx.coroutines.AbstractCoroutine.<init>(Lkotlin/coroutines/CoroutineContext;ZZ)V @ 18 c2
Event: 356.015 Thread 0x000001e344dd6bf0 DEOPT PACKING pc=0x000001e32c44e450 sp=0x000000ce348fe790
Event: 356.015 Thread 0x000001e344dd6bf0 DEOPT UNPACKING pc=0x000001e32be869a3 sp=0x000000ce348fe770 mode 2
Event: 356.016 Thread 0x000001e344dd1a20 Uncommon trap: trap_request=0xffffffde fr.pc=0x000001e32c77cae0 relative=0x0000000000000060
Event: 356.016 Thread 0x000001e344dd1a20 Uncommon trap: reason=class_check action=maybe_recompile pc=0x000001e32c77cae0 method=kotlinx.coroutines.AbstractCoroutine.afterResume(Ljava/lang/Object;)V @ 2 c2
Event: 356.016 Thread 0x000001e344dd1a20 DEOPT PACKING pc=0x000001e32c77cae0 sp=0x000000ce346ff3f0
Event: 356.016 Thread 0x000001e344dd1a20 DEOPT UNPACKING pc=0x000001e32be869a3 sp=0x000000ce346ff378 mode 2
Event: 356.018 Thread 0x000001e344dd6bf0 Uncommon trap: trap_request=0xffffffde fr.pc=0x000001e32c77cae0 relative=0x0000000000000060
Event: 356.018 Thread 0x000001e344dd6bf0 Uncommon trap: reason=class_check action=maybe_recompile pc=0x000001e32c77cae0 method=kotlinx.coroutines.AbstractCoroutine.afterResume(Ljava/lang/Object;)V @ 2 c2
Event: 356.018 Thread 0x000001e344dd6bf0 DEOPT PACKING pc=0x000001e32c77cae0 sp=0x000000ce348feae0
Event: 356.018 Thread 0x000001e344dd6bf0 DEOPT UNPACKING pc=0x000001e32be869a3 sp=0x000000ce348fea68 mode 2

Classes unloaded (0 events):
No events

Classes redefined (0 events):
No events

Internal exceptions (20 events):
Event: 1.047 Thread 0x000001e344dce7d0 Exception <a 'java/lang/NoSuchMethodError'{0x000000071201bf80}: 'java.lang.Object java.lang.invoke.DirectMethodHandle$Holder.invokeStaticInit(java.lang.Object, int, int, int, int)'> (0x000000071201bf80) 
thrown [s\src\hotspot\share\interpreter\linkResolver.cpp, line 759]
Event: 1.273 Thread 0x000001e344dce7d0 Exception <a 'java/lang/NoSuchMethodError'{0x0000000711e0be40}: 'java.lang.Object java.lang.invoke.DirectMethodHandle$Holder.invokeStaticInit(java.lang.Object, java.lang.Object, int, int, int, int)'> (0x0000000711e0be40) 
thrown [s\src\hotspot\share\interpreter\linkResolver.cpp, line 759]
Event: 1.417 Thread 0x000001e344dce7d0 Exception <a 'java/lang/NoSuchMethodError'{0x0000000711d63c78}: 'double java.lang.invoke.DirectMethodHandle$Holder.invokeStatic(java.lang.Object, double)'> (0x0000000711d63c78) 
thrown [s\src\hotspot\share\interpreter\linkResolver.cpp, line 759]
Event: 1.419 Thread 0x000001e344dce7d0 Exception <a 'java/lang/NoSuchMethodError'{0x0000000711d676d8}: 'double java.lang.invoke.DirectMethodHandle$Holder.invokeStaticInit(java.lang.Object, double)'> (0x0000000711d676d8) 
thrown [s\src\hotspot\share\interpreter\linkResolver.cpp, line 759]
Event: 1.436 Thread 0x000001e344dce7d0 Exception <a 'java/lang/NoSuchMethodError'{0x0000000711daf3e8}: 'java.lang.Object java.lang.invoke.DirectMethodHandle$Holder.newInvokeSpecial(java.lang.Object, double)'> (0x0000000711daf3e8) 
thrown [s\src\hotspot\share\interpreter\linkResolver.cpp, line 759]
Event: 1.954 Thread 0x000001e344dce7d0 Exception <a 'java/lang/NoSuchMethodError'{0x0000000710cb56f8}: 'void java.lang.invoke.DirectMethodHandle$Holder.invokeSpecial(java.lang.Object, java.lang.Object, java.lang.Object)'> (0x0000000710cb56f8) 
thrown [s\src\hotspot\share\interpreter\linkResolver.cpp, line 759]
Event: 1.974 Thread 0x000001e344dce7d0 Exception <a 'java/lang/NoSuchMethodError'{0x0000000710cdf888}: 'java.lang.Object java.lang.invoke.DirectMethodHandle$Holder.newInvokeSpecial(java.lang.Object, java.lang.Object, java.lang.Object, java.lang.Object, java.lang.Object)'> (0x0000000710cdf888) 
thrown [s\src\hotspot\share\interpreter\linkResolver.cpp, line 759]
Event: 1.977 Thread 0x000001e344dce7d0 Exception <a 'java/lang/NoSuchMethodError'{0x0000000710ceb4f8}: 'java.lang.Object java.lang.invoke.DirectMethodHandle$Holder.invokeStatic(java.lang.Object, int, java.lang.Object, java.lang.Object, java.lang.Object, java.lang.Object)'> (0x0000000710ceb4f8) 
thrown [s\src\hotspot\share\interpreter\linkResolver.cpp, line 759]
Event: 1.986 Thread 0x000001e344dce7d0 Exception <a 'java/lang/NoSuchMethodError'{0x0000000710d11170}: 'java.lang.Object java.lang.invoke.DirectMethodHandle$Holder.invokeStatic(java.lang.Object, int, java.lang.Object)'> (0x0000000710d11170) 
thrown [s\src\hotspot\share\interpreter\linkResolver.cpp, line 759]
Event: 2.046 Thread 0x000001e344dce7d0 Exception <a 'java/lang/ClassNotFoundException'{0x0000000710dcd6a0}: com/sun/swing/internal/plaf/metal/resources/spi/metalProvider> (0x0000000710dcd6a0) 
thrown [s\src\hotspot\share\classfile\systemDictionary.cpp, line 256]
Event: 2.048 Thread 0x000001e344dce7d0 Exception <a 'java/lang/ClassNotFoundException'{0x0000000710dd1640}: com/sun/swing/internal/plaf/basic/resources/spi/basicProvider> (0x0000000710dd1640) 
thrown [s\src\hotspot\share\classfile\systemDictionary.cpp, line 256]
Event: 2.067 Thread 0x000001e344dce7d0 Implicit null exception at 0x000001e32c4585a0 to 0x000001e32c458cf5
Event: 2.072 Thread 0x000001e344dce7d0 Implicit null exception at 0x000001e32c402010 to 0x000001e32c4023e4
Event: 2.073 Thread 0x000001e344dce7d0 Implicit null exception at 0x000001e32c3fa210 to 0x000001e32c3fa5c8
Event: 2.111 Thread 0x000001e344dce7d0 Exception <a 'java/lang/NoSuchMethodError'{0x0000000710ae2be8}: 'void java.lang.invoke.DirectMethodHandle$Holder.invokeStatic(java.lang.Object, java.lang.Object, java.lang.Object)'> (0x0000000710ae2be8) 
thrown [s\src\hotspot\share\interpreter\linkResolver.cpp, line 759]
Event: 2.247 Thread 0x000001e344dce7d0 Exception <a 'java/lang/NoSuchMethodError'{0x00000007109aa4d8}: 'void java.lang.invoke.DirectMethodHandle$Holder.invokeStaticInit(java.lang.Object)'> (0x00000007109aa4d8) 
thrown [s\src\hotspot\share\interpreter\linkResolver.cpp, line 759]
Event: 2.529 Thread 0x000001e344dce7d0 Exception <a 'java/lang/NoSuchMethodError'{0x0000000711e03558}: 'int java.lang.invoke.DirectMethodHandle$Holder.invokeStaticInit(java.lang.Object, java.lang.Object, java.lang.Object)'> (0x0000000711e03558) 
thrown [s\src\hotspot\share\interpreter\linkResolver.cpp, line 759]
Event: 3.008 Thread 0x000001e344bafbb0 Exception <a 'java/lang/NoSuchMethodError'{0x0000000710a00be8}: 'void java.lang.invoke.DirectMethodHandle$Holder.invokeVirtual(java.lang.Object, java.lang.Object)'> (0x0000000710a00be8) 
thrown [s\src\hotspot\share\interpreter\linkResolver.cpp, line 759]
Event: 5.283 Thread 0x000001e344dce7d0 Exception <a 'java/lang/NoSuchMethodError'{0x0000000704b57068}: 'int java.lang.invoke.DirectMethodHandle$Holder.invokeStaticInit(java.lang.Object, long, long)'> (0x0000000704b57068) 
thrown [s\src\hotspot\share\interpreter\linkResolver.cpp, line 759]
Event: 5.966 Thread 0x000001e344dce7d0 Exception <a 'java/lang/NoSuchMethodError'{0x0000000704e52fa0}: 'java.lang.Object java.lang.invoke.DirectMethodHandle$Holder.newInvokeSpecial(java.lang.Object, int, java.lang.Object)'> (0x0000000704e52fa0) 
thrown [s\src\hotspot\share\interpreter\linkResolver.cpp, line 759]

VM Operations (20 events):
Event: 236.828 Executing VM operation: G1CollectForAllocation
Event: 236.830 Executing VM operation: G1CollectForAllocation done
Event: 241.988 Executing VM operation: G1CollectFull
Event: 242.009 Executing VM operation: G1CollectFull done
Event: 266.943 Executing VM operation: G1CollectForAllocation
Event: 266.944 Executing VM operation: G1CollectForAllocation done
Event: 272.011 Executing VM operation: G1CollectFull
Event: 272.033 Executing VM operation: G1CollectFull done
Event: 297.171 Executing VM operation: G1CollectForAllocation
Event: 297.174 Executing VM operation: G1CollectForAllocation done
Event: 302.042 Executing VM operation: G1CollectFull
Event: 302.064 Executing VM operation: G1CollectFull done
Event: 304.090 Executing VM operation: Cleanup
Event: 304.090 Executing VM operation: Cleanup done
Event: 312.196 Executing VM operation: Cleanup
Event: 312.196 Executing VM operation: Cleanup done
Event: 327.400 Executing VM operation: G1CollectForAllocation
Event: 327.401 Executing VM operation: G1CollectForAllocation done
Event: 332.071 Executing VM operation: G1CollectFull
Event: 332.098 Executing VM operation: G1CollectFull done

Events (20 events):
Event: 40.460 loading class javax/swing/Popup$HeavyWeightWindow
Event: 40.460 loading class sun/awt/ModalExclude
Event: 40.460 loading class sun/awt/ModalExclude done
Event: 40.460 loading class javax/swing/JWindow
Event: 40.460 loading class javax/swing/JWindow done
Event: 40.460 loading class javax/swing/Popup$HeavyWeightWindow done
Event: 66.254 Thread 0x000001e344dd1ef0 Thread exited: 0x000001e344dd1ef0
Event: 72.017 Thread 0x000001e34406d220 flushing nmethod 0x000001e324c5aa90
Event: 126.244 Thread 0x000001e344dd6bf0 Thread exited: 0x000001e344dd6bf0
Event: 356.007 loading class jdk/internal/misc/Signal$1
Event: 356.007 loading class jdk/internal/misc/Signal$1 done
Event: 356.007 Thread 0x000001e344dd6250 Thread added: 0x000001e344dd6250
Event: 356.008 Thread 0x000001e344dd1ef0 Thread added: 0x000001e344dd1ef0
Event: 356.008 Thread 0x000001e344dd6bf0 Thread added: 0x000001e344dd6bf0
Event: 356.008 Thread 0x000001e344f856f0 Thread added: 0x000001e344f856f0
Event: 356.010 Thread 0x000001e344f856f0 Thread exited: 0x000001e344f856f0
Event: 356.018 Thread 0x000001e344bafbb0 Thread exited: 0x000001e344bafbb0
Event: 356.019 Thread 0x000001e344dd1a20 Thread exited: 0x000001e344dd1a20
Event: 356.019 Thread 0x000001e344f85bc0 Thread exited: 0x000001e344f85bc0
Event: 356.019 Thread 0x000001e344dd6bf0 Thread exited: 0x000001e344dd6bf0


Dynamic libraries:
0x00007ff7eeda0000 - 0x00007ff7eedad000 	C:\Users\HP\.jdks\corretto-17.0.7\bin\java.exe
0x00007ffee9b50000 - 0x00007ffee9d48000 	C:\Windows\SYSTEM32\ntdll.dll
0x00007ffee90d0000 - 0x00007ffee918f000 	C:\Windows\System32\KERNEL32.DLL
0x00007ffee7790000 - 0x00007ffee7a86000 	C:\Windows\System32\KERNELBASE.dll
0x00007ffee7410000 - 0x00007ffee7510000 	C:\Windows\System32\ucrtbase.dll
0x00007ffeced70000 - 0x00007ffeced85000 	C:\Users\HP\.jdks\corretto-17.0.7\bin\VCRUNTIME140.dll
0x00007ffedbcc0000 - 0x00007ffedbcd7000 	C:\Users\HP\.jdks\corretto-17.0.7\bin\jli.dll
0x00007ffee9970000 - 0x00007ffee9b0d000 	C:\Windows\System32\USER32.dll
0x00007ffee76c0000 - 0x00007ffee76e2000 	C:\Windows\System32\win32u.dll
0x00007ffee90a0000 - 0x00007ffee90cc000 	C:\Windows\System32\GDI32.dll
0x00007ffee7a90000 - 0x00007ffee7ba5000 	C:\Windows\System32\gdi32full.dll
0x00007ffee72c0000 - 0x00007ffee735d000 	C:\Windows\System32\msvcp_win.dll
0x00007ffecd150000 - 0x00007ffecd3ea000 	C:\Windows\WinSxS\amd64_microsoft.windows.common-controls_6595b64144ccf1df_6.0.19041.1110_none_60b5254171f9507e\COMCTL32.dll
0x00007ffee8310000 - 0x00007ffee83ae000 	C:\Windows\System32\msvcrt.dll
0x00007ffee8600000 - 0x00007ffee8630000 	C:\Windows\System32\IMM32.DLL
0x00007ffec1e20000 - 0x00007ffec1ebb000 	C:\Users\HP\.jdks\corretto-17.0.7\bin\msvcp140.dll
0x00007ffea5510000 - 0x00007ffea612a000 	C:\Users\HP\.jdks\corretto-17.0.7\bin\server\jvm.dll
0x00007ffee8630000 - 0x00007ffee86df000 	C:\Windows\System32\ADVAPI32.dll
0x00007ffee8560000 - 0x00007ffee85fc000 	C:\Windows\System32\sechost.dll
0x00007ffee7d70000 - 0x00007ffee7e96000 	C:\Windows\System32\RPCRT4.dll
0x00007ffecca00000 - 0x00007ffecca27000 	C:\Windows\SYSTEM32\WINMM.dll
0x00007ffee0fa0000 - 0x00007ffee0fa9000 	C:\Windows\SYSTEM32\WSOCK32.dll
0x00007ffee8e70000 - 0x00007ffee8edb000 	C:\Windows\System32\WS2_32.dll
0x00007ffedb320000 - 0x00007ffedb32a000 	C:\Windows\SYSTEM32\VERSION.dll
0x00007ffee5a20000 - 0x00007ffee5a32000 	C:\Windows\SYSTEM32\kernel.appcore.dll
0x00007ffedf290000 - 0x00007ffedf29a000 	C:\Users\HP\.jdks\corretto-17.0.7\bin\jimage.dll
0x00007ffee1f40000 - 0x00007ffee2124000 	C:\Windows\SYSTEM32\DBGHELP.DLL
0x00007ffecec70000 - 0x00007ffececa4000 	C:\Windows\SYSTEM32\dbgcore.DLL
0x00007ffee7230000 - 0x00007ffee72b2000 	C:\Windows\System32\bcryptPrimitives.dll
0x00007ffedf230000 - 0x00007ffedf23e000 	C:\Users\HP\.jdks\corretto-17.0.7\bin\instrument.dll
0x00007ffeca980000 - 0x00007ffeca9a5000 	C:\Users\HP\.jdks\corretto-17.0.7\bin\java.dll
0x00007ffebaa40000 - 0x00007ffebab16000 	C:\Users\HP\.jdks\corretto-17.0.7\bin\jsvml.dll
0x00007ffee9190000 - 0x00007ffee98d4000 	C:\Windows\System32\SHELL32.dll
0x00007ffee2130000 - 0x00007ffee28c4000 	C:\Windows\SYSTEM32\windows.storage.dll
0x00007ffee8890000 - 0x00007ffee8be4000 	C:\Windows\System32\combase.dll
0x00007ffee6ab0000 - 0x00007ffee6ade000 	C:\Windows\SYSTEM32\Wldp.dll
0x00007ffee8f90000 - 0x00007ffee903d000 	C:\Windows\System32\SHCORE.dll
0x00007ffee9040000 - 0x00007ffee9095000 	C:\Windows\System32\shlwapi.dll
0x00007ffee7160000 - 0x00007ffee7185000 	C:\Windows\SYSTEM32\profapi.dll
0x00007ffec7110000 - 0x00007ffec7128000 	C:\Users\HP\.jdks\corretto-17.0.7\bin\zip.dll
0x00007ffeca7f0000 - 0x00007ffeca809000 	C:\Users\HP\.jdks\corretto-17.0.7\bin\net.dll
0x00007ffed8570000 - 0x00007ffed867a000 	C:\Windows\SYSTEM32\WINHTTP.dll
0x00007ffee6890000 - 0x00007ffee68fa000 	C:\Windows\system32\mswsock.dll
0x00007ffec73c0000 - 0x00007ffec73d5000 	C:\Users\HP\.jdks\corretto-17.0.7\bin\nio.dll
0x00007ffedd130000 - 0x00007ffedd14a000 	C:\Program Files\JetBrains\IntelliJ IDEA Community Edition 2021.3.2\bin\breakgen64.dll
0x00007ffea9440000 - 0x00007ffea95e9000 	C:\Users\HP\.jdks\corretto-17.0.7\bin\awt.dll
0x00007ffee87c0000 - 0x00007ffee888d000 	C:\Windows\System32\OLEAUT32.dll
0x00007ffee0ec0000 - 0x00007ffee0f51000 	C:\Windows\SYSTEM32\apphelp.dll
0x00007ffee1180000 - 0x00007ffee121e000 	C:\Windows\system32\uxtheme.dll
0x00007ffee8440000 - 0x00007ffee8554000 	C:\Windows\System32\MSCTF.dll
0x00007ffee8c00000 - 0x00007ffee8d2a000 	C:\Windows\System32\ole32.dll
0x00007ffee1320000 - 0x00007ffee134f000 	C:\Windows\system32\DWMAPI.DLL
0x00007ffeb5d50000 - 0x00007ffeb5e75000 	C:\Windows\system32\opengl32.dll
0x00007ffeb67f0000 - 0x00007ffeb681c000 	C:\Windows\SYSTEM32\GLU32.dll
0x00007ffee6af0000 - 0x00007ffee6b08000 	C:\Windows\SYSTEM32\CRYPTSP.dll
0x00007ffee61d0000 - 0x00007ffee6204000 	C:\Windows\system32\rsaenh.dll
0x00007ffee7760000 - 0x00007ffee7787000 	C:\Windows\System32\bcrypt.dll
0x00007ffee7120000 - 0x00007ffee714e000 	C:\Windows\SYSTEM32\USERENV.dll
0x00007ffee6a20000 - 0x00007ffee6a2c000 	C:\Windows\SYSTEM32\CRYPTBASE.dll
0x00007ffee65a0000 - 0x00007ffee65dc000 	C:\Windows\SYSTEM32\IPHLPAPI.DLL
0x00007ffee7d60000 - 0x00007ffee7d68000 	C:\Windows\System32\NSI.dll
0x00007ffeda430000 - 0x00007ffeda447000 	C:\Windows\SYSTEM32\dhcpcsvc6.DLL
0x00007ffed8d80000 - 0x00007ffed8d9d000 	C:\Windows\SYSTEM32\dhcpcsvc.DLL
0x00007ffee65e0000 - 0x00007ffee66aa000 	C:\Windows\SYSTEM32\DNSAPI.dll
0x00007ffe9d3a0000 - 0x00007ffe9e3ec000 	C:\Users\HP\.skiko\0de0d8dd8554d9bb66cfca3837db6514ff9b71080e998917280a3b777460a416\skiko-windows-x64.dll
0x00007ffeb9a90000 - 0x00007ffeb9b13000 	C:\Users\HP\.jdks\corretto-17.0.7\bin\freetype.dll
0x00007ffeb1cf0000 - 0x00007ffeb1db2000 	C:\Users\HP\.jdks\corretto-17.0.7\bin\fontmanager.dll
0x00007ffedd5a0000 - 0x00007ffedd5a7000 	C:\Users\HP\.jdks\corretto-17.0.7\bin\jawt.dll
0x00007ffee5a90000 - 0x00007ffee5b83000 	C:\Windows\SYSTEM32\Dxgi.dll
0x00007ffedc060000 - 0x00007ffedc080000 	C:\Windows\SYSTEM32\D3D12.dll
0x00007ffea90c0000 - 0x00007ffea928d000 	C:\Windows\SYSTEM32\D3D12Core.dll
0x00007ffeda9e0000 - 0x00007ffedaa1b000 	C:\Windows\SYSTEM32\dxcore.dll
0x00007ffee7670000 - 0x00007ffee76be000 	C:\Windows\System32\cfgmgr32.dll
0x00007ffed4390000 - 0x00007ffed6fa9000 	C:\Windows\System32\DriverStore\FileRepository\igdlh64.inf_amd64_e6daaea9afe1e6f6\igc64.dll
0x00007ffe72ab0000 - 0x00007ffe73f83000 	C:\Windows\System32\DriverStore\FileRepository\igdlh64.inf_amd64_e6daaea9afe1e6f6\igd12umd64.dll
0x00007ffeda000000 - 0x00007ffeda257000 	C:\Windows\System32\DriverStore\FileRepository\igdlh64.inf_amd64_e6daaea9afe1e6f6\igdgmm64.dll
0x00007ffea4da0000 - 0x00007ffea51ab000 	C:\Windows\System32\DriverStore\FileRepository\igdlh64.inf_amd64_e6daaea9afe1e6f6\igdml64.dll
0x00007ffedbfd0000 - 0x00007ffedbffb000 	C:\Windows\SYSTEM32\D3DSCache.dll
0x00007ffe51780000 - 0x00007ffe55f82000 	C:\Windows\System32\DriverStore\FileRepository\igdlh64.inf_amd64_e6daaea9afe1e6f6\igd12dxva64.dll
0x00007ffee7ea0000 - 0x00007ffee830e000 	C:\Windows\System32\SETUPAPI.dll
0x00007ffe96bf0000 - 0x00007ffe96c17000 	C:\Windows\System32\DriverStore\FileRepository\igdlh64.inf_amd64_e6daaea9afe1e6f6\igdinfo64.dll
0x00007ffeddf50000 - 0x00007ffede157000 	C:\Windows\SYSTEM32\twinapi.appcore.dll
0x00007ffee8ee0000 - 0x00007ffee8f89000 	C:\Windows\System32\clbcatq.dll
0x00007ffe744c0000 - 0x00007ffe75492000 	C:\Windows\System32\DriverStore\FileRepository\igdlh64.inf_amd64_e6daaea9afe1e6f6\ig9icd64.dll
0x00007ffee7090000 - 0x00007ffee70db000 	C:\Windows\SYSTEM32\powrprof.dll
0x00007ffee7070000 - 0x00007ffee7082000 	C:\Windows\SYSTEM32\UMPDC.dll
0x00007ffed2250000 - 0x00007ffed24cf000 	C:\Windows\SYSTEM32\dwrite.dll
0x00007ffed3ec0000 - 0x00007ffed3fb9000 	C:\Windows\SYSTEM32\textinputframework.dll
0x00007ffee0b40000 - 0x00007ffee0c32000 	C:\Windows\System32\CoreMessaging.dll
0x00007ffee0460000 - 0x00007ffee07be000 	C:\Windows\System32\CoreUIComponents.dll
0x00007ffee62f0000 - 0x00007ffee6323000 	C:\Windows\SYSTEM32\ntmarta.dll
0x00007ffedf450000 - 0x00007ffedf5a4000 	C:\Windows\SYSTEM32\wintypes.dll
0x00007ffea2470000 - 0x00007ffea2d22000 	C:\Users\HP\AppData\Local\io-realm-kotlin\f7113120ba00ba1ff91d696eecd3919e85a4e34e\realmc.dll
0x00007ffee7510000 - 0x00007ffee766e000 	C:\Windows\System32\CRYPT32.dll
0x00007ffede280000 - 0x00007ffede2ea000 	C:\Windows\system32\Ninput.dll

dbghelp: loaded successfully - version: 4.0.5 - missing functions: none
symbol engine: initialized successfully - sym options: 0x614 - pdb path: .;C:\Users\HP\.jdks\corretto-17.0.7\bin;C:\Windows\SYSTEM32;C:\Windows\WinSxS\amd64_microsoft.windows.common-controls_6595b64144ccf1df_6.0.19041.1110_none_60b5254171f9507e;C:\Users\HP\.jdks\corretto-17.0.7\bin\server;C:\Program Files\JetBrains\IntelliJ IDEA Community Edition 2021.3.2\bin;C:\Users\HP\.skiko\0de0d8dd8554d9bb66cfca3837db6514ff9b71080e998917280a3b777460a416;C:\Windows\System32\DriverStore\FileRepository\igdlh64.inf_amd64_e6daaea9afe1e6f6;C:\Users\HP\AppData\Local\io-realm-kotlin\f7113120ba00ba1ff91d696eecd3919e85a4e34e

VM Arguments:
jvm_args: -Djava.library.path=C:\Users\HP\Desktop\newderar\build\classes\kotlin\jvm\main;C:\Users\HP\Desktop\newderar\build\processedResources\jvm\main -javaagent:C:\Program Files\JetBrains\IntelliJ IDEA Community Edition 2021.3.2\lib\idea_rt.jar=54603:C:\Program Files\JetBrains\IntelliJ IDEA Community Edition 2021.3.2\bin -Dfile.encoding=UTF-8 
java_command: MainKt
java_class_path (initial): C:\Users\HP\Desktop\newderar\build\classes\kotlin\jvm\main;C:\Users\HP\Desktop\newderar\build\processedResources\jvm\main;C:\Users\HP\.gradle\caches\modules-2\files-2.1\io.insert-koin\koin-androidx-compose\3.4.5\ae0a88b7a68d507e651c5a3d70a541594bea54cb\koin-androidx-compose-3.4.5.aar;C:\Users\HP\.gradle\caches\modules-2\files-2.1\androidx.navigation\navigation-compose\2.6.0\3f8ce7b0bad21cced0c47b42b6347c65a6e422c3\navigation-compose-2.6.0.aar;C:\Users\HP\.gradle\caches\modules-2\files-2.1\org.jetbrains.kotlin\kotlin-stdlib-jdk8\1.8.21\67f57e154437cd9e6e9cf368394b95814836ff88\kotlin-stdlib-jdk8-1.8.21.jar;C:\Users\HP\.gradle\caches\modules-2\files-2.1\org.apache.poi\poi-ooxml\4.1.2\87d9a22aa9a7dd26e80c360e709f7ee02e32ab3b\poi-ooxml-4.1.2.jar;C:\Users\HP\.gradle\caches\modules-2\files-2.1\org.apache.poi\poi\4.1.2\964bf41cf68bce08e4ef6b2279b559fdf8d454f4\poi-4.1.2.jar;C:\Users\HP\.gradle\caches\modules-2\files-2.1\org.lwjgl\lwjgl-nfd\3.3.1\622318116996ddcff449b46cb38f0fdee39b8ac3\lwjgl-nfd-3.3.1.jar;C:\Users\HP\.gradle\caches\modules-2\files-2.1\org.lwjgl\lwjgl-nfd\3.3.1\2e007667e04ed3281152ae5c6e677fb1c2211691\lwjgl-nfd-3.3.1-natives-linux.jar;C:\Users\HP\.gradle\caches\modules-2\files-2.1\org.lwjgl\lwjgl\3.3.1\ae58664f88e18a9bb2c77b063833ca7aaec484cb\lwjgl-3.3.1.jar;C:\Users\HP\.gradle\caches\modules-2\files-2.1\io.insert-koin\koin-android\3.4.0\48715fbe06102a59a30bd45b06ed2400c16c6f45\koin-android-3.4.0.aar;C:\Users\HP\.gradle\caches\modules-2\files-2.1\org.lwjgl\lwjgl-nfd\3.3.1\b3e04e317f55dd738d8a345cdafd15b39f85a2ea\lwjgl-nfd-3.3.1-natives-linux-arm32.jar;C:\Users\HP\.gradle\caches\modules-2\files-2.1\androidx.lifecycle\lifecycle-viewmodel-compose\2.6.1\38cf3bb65ff3e0e5c3d63de2ebf5411d0898108c\lifecycle-viewmodel-compose-2.6.1.aar;C:\Users\HP\.gradle\caches\modules-2\files-2.1\org.lwjgl\lwjgl-nfd\3.3.1\f41dc62336f7ee4ab35705cfa440cc903d199165\lwjgl-nfd-3.3.1-natives-linux-arm64.jar;C:\Users\HP\.gradle\caches\modules-2\files-2.1\androi
Launcher Type: SUN_STANDARD

[Global flags]
     intx CICompilerCount                          = 3                                         {product} {ergonomic}
     uint ConcGCThreads                            = 1                                         {product} {ergonomic}
     uint G1ConcRefinementThreads                  = 4                                         {product} {ergonomic}
   size_t G1HeapRegionSize                         = 2097152                                   {product} {ergonomic}
    uintx GCDrainStackTargetSize                   = 64                                        {product} {ergonomic}
   size_t InitialHeapSize                          = 266338304                                 {product} {ergonomic}
   size_t MarkStackSize                            = 4194304                                   {product} {ergonomic}
   size_t MaxHeapSize                              = 4255121408                                {product} {ergonomic}
   size_t MaxNewSize                               = 2552233984                                {product} {ergonomic}
   size_t MinHeapDeltaBytes                        = 2097152                                   {product} {ergonomic}
   size_t MinHeapSize                              = 8388608                                   {product} {ergonomic}
    uintx NonNMethodCodeHeapSize                   = 5832780                                {pd product} {ergonomic}
    uintx NonProfiledCodeHeapSize                  = 122912730                              {pd product} {ergonomic}
    uintx ProfiledCodeHeapSize                     = 122912730                              {pd product} {ergonomic}
    uintx ReservedCodeCacheSize                    = 251658240                              {pd product} {ergonomic}
     bool SegmentedCodeCache                       = true                                      {product} {ergonomic}
   size_t SoftMaxHeapSize                          = 4255121408                             {manageable} {ergonomic}
     bool UseCompressedClassPointers               = true                           {product lp64_product} {ergonomic}
     bool UseCompressedOops                        = true                           {product lp64_product} {ergonomic}
     bool UseG1GC                                  = true                                      {product} {ergonomic}
     bool UseLargePagesIndividualAllocation        = false                                  {pd product} {ergonomic}

Logging:
Log output configuration:
 #0: stdout all=warning uptime,level,tags
 #1: stderr all=off uptime,level,tags

Environment Variables:
PATH=C:\Program Files\Common Files\Oracle\Java\javapath;C:\Program Files (x86)\Common Files\Oracle\Java\javapath;C:\Windows\system32;C:\Windows;C:\Windows\System32\Wbem;C:\Windows\System32\WindowsPowerShell\v1.0\;C:\Windows\System32\OpenSSH\;C:\xampp\php;C:\ProgramData\ComposerSetup\bin;C:\Program Files\nodejs\;C:\Program Files (x86)\Intel\Intel(R) Management Engine Components\DAL;C:\Program Files\Intel\Intel(R) Management Engine Components\DAL;C:\Program Files\Git\cmd;C:\Program Files\Fortect;C:\Users\HP\AppData\Local\Microsoft\WindowsApps;C:\Program Files\JetBrains\IntelliJ IDEA Community Edition 2021.3.2\bin;C:\Users\HP\AppData\Local\Programs\Microsoft VS Code\bin;C:\Users\HP\AppData\Local\JetBrains\Toolbox\scripts;C:\Users\HP\AppData\Local\GitHubDesktop\bin;C:\Users\HP\Desktop\camp\flutter_windows_3.7.6-stable\flutter\bin;C:\Users\HP\AppData\Roaming\Composer\vendor\bin;C:\Users\HP\AppData\Roaming\npm
USERNAME=HP
OS=Windows_NT
PROCESSOR_IDENTIFIER=Intel64 Family 6 Model 142 Stepping 9, GenuineIntel
TMP=C:\Users\HP\AppData\Local\Temp
TEMP=C:\Users\HP\AppData\Local\Temp



---------------  S Y S T E M  ---------------

OS:
 Windows 10 , 64 bit Build 19041 (10.0.19041.3155)
OS uptime: 2 days 14:23 hours
Hyper-V role detected

CPU: total 4 (initial active 4) (2 cores per cpu, 2 threads per core) family 6 model 142 stepping 9 microcode 0xf2, cx8, cmov, fxsr, ht, mmx, 3dnowpref, sse, sse2, sse3, ssse3, sse4.1, sse4.2, popcnt, lzcnt, tsc, tscinvbit, avx, avx2, aes, erms, clmul, bmi1, bmi2, rtm, adx, fma, vzeroupper, clflush, clflushopt, hv

Memory: 4k page, system-wide physical 16224M (5559M free)
TotalPageFile size 32096M (AvailPageFile size 19693M)
current process WorkingSet (physical memory assigned to process): 277M, peak: 362M
current process commit charge ("private bytes"): 286M, peak: 437M

vm_info: OpenJDK 64-Bit Server VM (17.0.7+7-LTS) for windows-amd64 JRE (17.0.7+7-LTS), built on Apr 14 2023 01:39:21 by "Administrator" with MS VC++ 15.9 (VS2017)

END.
