#
# A fatal error has been detected by the Java Runtime Environment:
#
#  EXCEPTION_ACCESS_VIOLATION (0xc0000005) at pc=0x00007ffe74e7ebe3, pid=12188, tid=7584
#
# JRE version: OpenJDK Runtime Environment Corretto-17.0.7.7.1 (17.0.7+7) (build 17.0.7+7-LTS)
# Java VM: OpenJDK 64-Bit Server VM Corretto-17.0.7.7.1 (17.0.7+7-LTS, mixed mode, sharing, tiered, compressed oops, compressed class ptrs, g1 gc, windows-amd64)
# Problematic frame:
# C  [ig9icd64.dll+0x9bebe3]
#
# No core dump will be written. Minidumps are not enabled by default on client versions of Windows
#
# If you would like to submit a bug report, please visit:
#   https://github.com/corretto/corretto-17/issues/
# The crash happened outside the Java Virtual Machine in native code.
# See problematic frame for where to report the bug.
#

---------------  S U M M A R Y ------------

Command Line: -Djava.library.path=C:\Users\HP\Desktop\newderar\build\classes\kotlin\jvm\main;C:\Users\HP\Desktop\newderar\build\processedResources\jvm\main -javaagent:C:\Program Files\JetBrains\IntelliJ IDEA Community Edition 2021.3.2\lib\idea_rt.jar=53094:C:\Program Files\JetBrains\IntelliJ IDEA Community Edition 2021.3.2\bin -Dfile.encoding=UTF-8 MainKt

Host: Intel(R) Core(TM) i5-7300U CPU @ 2.60GHz, 4 cores, 15G,  Windows 10 , 64 bit Build 19041 (10.0.19041.3155)
Time: Sat Jul  8 15:44:27 2023 Libya Standard Time elapsed time: 304.217984 seconds (0d 0h 5m 4s)

---------------  T H R E A D  ---------------

Current thread (0x000002621d8615c0):  JavaThread "AWT-EventQueue-0" [_thread_in_native, id=7584, stack(0x000000ef5a600000,0x000000ef5a700000)]

Stack: [0x000000ef5a600000,0x000000ef5a700000],  sp=0x000000ef5a6fce68,  free space=1011k
Native frames: (J=compiled Java code, j=interpreted, Vv=VM code, C=native code)
C  [ig9icd64.dll+0x9bebe3]

Java frames: (J=compiled Java code, j=interpreted, Vv=VM code)
J 4755  org.jetbrains.skia.DirectContextKt.DirectContext_nFlush(J)V (0 bytes) @ 0x0000026207d33869 [0x0000026207d33820+0x0000000000000049]
J 8517 c2 org.jetbrains.skiko.redrawer.WindowsOpenGLRedrawer$Companion$frameDispatcher$1.invokeSuspend(Ljava/lang/Object;)Ljava/lang/Object; (379 bytes) @ 0x0000026208053f60 [0x00000262080528c0+0x00000000000016a0]
J 6577 c2 org.jetbrains.skiko.FrameDispatcher$job$1.invokeSuspend(Ljava/lang/Object;)Ljava/lang/Object; (156 bytes) @ 0x0000026207e97e2c [0x0000026207e97ba0+0x000000000000028c]
J 4651 c2 kotlin.coroutines.jvm.internal.BaseContinuationImpl.resumeWith(Ljava/lang/Object;)V (128 bytes) @ 0x0000026207cfb374 [0x0000026207cfb320+0x0000000000000054]
J 5826 c2 kotlinx.coroutines.DispatchedTask.run()V (571 bytes) @ 0x0000026207e25fd0 [0x0000026207e25c20+0x00000000000003b0]
J 8623 c2 java.awt.EventQueue.dispatchEventImpl(Ljava/awt/AWTEvent;Ljava/lang/Object;)V java.desktop@17.0.7 (136 bytes) @ 0x00000262080841d8 [0x0000026208083ea0+0x0000000000000338]
J 8595 c2 java.awt.EventQueue.dispatchEvent(Ljava/awt/AWTEvent;)V java.desktop@17.0.7 (80 bytes) @ 0x000002620807d654 [0x000002620807d380+0x00000000000002d4]
J 4800 c2 java.awt.EventDispatchThread.pumpOneEventForFilters(I)V java.desktop@17.0.7 (113 bytes) @ 0x0000026207d4bd6c [0x0000026207d4b940+0x000000000000042c]
J 8547% c2 java.awt.EventDispatchThread.pumpEventsForFilter(ILjava/awt/Conditional;Ljava/awt/EventFilter;)V java.desktop@17.0.7 (47 bytes) @ 0x00000262080792c0 [0x00000262080791a0+0x0000000000000120]
j  java.awt.EventDispatchThread.pumpEventsForHierarchy(ILjava/awt/Conditional;Ljava/awt/Component;)V+11 java.desktop@17.0.7
j  java.awt.EventDispatchThread.pumpEvents(ILjava/awt/Conditional;)V+4 java.desktop@17.0.7
j  java.awt.EventDispatchThread.pumpEvents(Ljava/awt/Conditional;)V+3 java.desktop@17.0.7
j  java.awt.EventDispatchThread.run()V+9 java.desktop@17.0.7
v  ~StubRoutines::call_stub

siginfo: EXCEPTION_ACCESS_VIOLATION (0xc0000005), reading address 0xffffffffffffffff


Register to memory mapping:

RIP=0x00007ffe74e7ebe3 ig9icd64.dll
RAX=0x000000000fff0fff is an unknown value
RBX=0x00007ffe744c0000 ig9icd64.dll
RCX=0x000000033fcf3fcc is an unknown value
RDX=0x000000ef5a6fd380 is pointing into the stack for thread: 0x000002621d8615c0
RSP=0x000000ef5a6fce68 is pointing into the stack for thread: 0x000002621d8615c0
RBP=0x000000ef5a6fcf70 is pointing into the stack for thread: 0x000002621d8615c0
RSI=0x000002621ead5e40 points into unknown readable memory: 0x000002621ea9c000 | 00 c0 a9 1e 62 02 00 00
RDI=0x000000ef5a6fd170 is pointing into the stack for thread: 0x000002621d8615c0
R8 =0x000000ef5a6fcfa0 is pointing into the stack for thread: 0x000002621d8615c0
R9 =0x000000ef5a6fd380 is pointing into the stack for thread: 0x000002621d8615c0
R10=0x000000ef5a6fd170 is pointing into the stack for thread: 0x000002621d8615c0
R11=0x0 is NULL
R12=0x00007ffe752f15e0 ig9icd64.dll
R13=0x0 is NULL
R14=0x0 is NULL
R15=0x00000000000001c1 is an unknown value


Registers:
RAX=0x000000000fff0fff, RBX=0x00007ffe744c0000, RCX=0x000000033fcf3fcc, RDX=0x000000ef5a6fd380
RSP=0x000000ef5a6fce68, RBP=0x000000ef5a6fcf70, RSI=0x000002621ead5e40, RDI=0x000000ef5a6fd170
R8 =0x000000ef5a6fcfa0, R9 =0x000000ef5a6fd380, R10=0x000000ef5a6fd170, R11=0x0000000000000000
R12=0x00007ffe752f15e0, R13=0x0000000000000000, R14=0x0000000000000000, R15=0x00000000000001c1
RIP=0x00007ffe74e7ebe3, EFLAGS=0x0000000000010206

Top of Stack: (sp=0x000000ef5a6fce68)
0x000000ef5a6fce68:   00007ffe74e7c31b 0000000000000001
0x000000ef5a6fce78:   0000000000000000 0000026229141800
0x000000ef5a6fce88:   00007ffeda002622 000000ef00000065
0x000000ef5a6fce98:   000000ef5a6fd0a0 0000000000000000
0x000000ef5a6fcea8:   000002622b81cf50 0000000000000000
0x000000ef5a6fceb8:   00000262288c6a20 00000262291418c0
0x000000ef5a6fcec8:   0000000000001100 0000000000000000
0x000000ef5a6fced8:   0000000000000000 000000ef5a6fd050
0x000000ef5a6fcee8:   00007ffe74b179c0 000000ef58651000
0x000000ef5a6fcef8:   00007ffee9b5a46c 00000000007204d9
0x000000ef5a6fcf08:   0000000000000091 0000026228cd0160
0x000000ef5a6fcf18:   00007ffe744d6555 00000262291418c0
0x000000ef5a6fcf28:   0000000000000001 0000026228cd0160
0x000000ef5a6fcf38:   00007ffee9b7b86b 00000000007204d9
0x000000ef5a6fcf48:   0000000000000091 0000026228cd0160
0x000000ef5a6fcf58:   0000000000000000 0000000000000000 

Instructions: (pc=0x00007ffe74e7ebe3)
0x00007ffe74e7eae3:   c1 75 31 00 48 89 51 08 48 89 01 8b 44 24 28 89
0x00007ffe74e7eaf3:   41 20 8b 44 24 30 89 41 24 48 8b c1 4c 89 41 10
0x00007ffe74e7eb03:   4c 89 49 18 c3 cc cc cc cc cc cc cc cc 48 89 5c
0x00007ffe74e7eb13:   24 08 8b 41 5c 48 8d 1d e1 14 64 ff 41 89 40 08
0x00007ffe74e7eb23:   4c 8b d1 8b 41 60 45 33 db 41 89 40 0c 4c 8b ca
0x00007ffe74e7eb33:   8b 41 64 41 89 40 10 8b 41 68 41 89 40 14 8b 41
0x00007ffe74e7eb43:   6c 41 89 40 18 8b 41 70 41 89 40 1c 48 63 41 74
0x00007ffe74e7eb53:   48 6b c8 34 8b 84 19 44 d1 ee 00 41 89 40 20 8b
0x00007ffe74e7eb63:   84 19 48 d1 ee 00 41 89 40 24 8b 84 19 4c d1 ee
0x00007ffe74e7eb73:   00 41 89 40 28 8b 84 19 50 d1 ee 00 41 89 40 2c
0x00007ffe74e7eb83:   8b 84 19 34 d1 ee 00 41 89 40 30 8b 84 19 38 d1
0x00007ffe74e7eb93:   ee 00 41 89 40 34 8b 84 19 3c d1 ee 00 41 89 40
0x00007ffe74e7eba3:   38 8b 84 19 40 d1 ee 00 41 89 40 3c 8b 84 19 24
0x00007ffe74e7ebb3:   d1 ee 00 41 89 40 40 8b 84 19 28 d1 ee 00 41 89
0x00007ffe74e7ebc3:   40 44 8b 84 19 2c d1 ee 00 41 89 40 48 8b 84 19
0x00007ffe74e7ebd3:   30 d1 ee 00 41 89 40 4c 49 63 42 78 48 6b c8 34
0x00007ffe74e7ebe3:   8b 84 19 44 d1 ee 00 41 89 40 50 8b 84 19 48 d1
0x00007ffe74e7ebf3:   ee 00 41 89 40 54 8b 84 19 4c d1 ee 00 41 89 40
0x00007ffe74e7ec03:   58 8b 84 19 50 d1 ee 00 41 89 40 5c 8b 84 19 34
0x00007ffe74e7ec13:   d1 ee 00 41 89 40 60 8b 84 19 38 d1 ee 00 41 89
0x00007ffe74e7ec23:   40 64 8b 84 19 3c d1 ee 00 41 89 40 68 8b 84 19
0x00007ffe74e7ec33:   40 d1 ee 00 41 89 40 6c 8b 84 19 24 d1 ee 00 41
0x00007ffe74e7ec43:   89 40 70 8b 84 19 28 d1 ee 00 41 89 40 74 8b 84
0x00007ffe74e7ec53:   19 2c d1 ee 00 41 89 40 78 8b 84 19 30 d1 ee 00
0x00007ffe74e7ec63:   41 89 40 7c 48 8b 42 18 8b 88 38 0b 00 00 f6 c1
0x00007ffe74e7ec73:   08 0f 84 86 00 00 00 8b 80 3c 0b 00 00 41 89 80
0x00007ffe74e7ec83:   80 00 00 00 48 8b 42 18 8b 88 40 0b 00 00 41 89
0x00007ffe74e7ec93:   88 84 00 00 00 48 8b 42 18 8b 88 44 0b 00 00 41
0x00007ffe74e7eca3:   89 88 88 00 00 00 48 8b 42 18 8b 88 48 0b 00 00
0x00007ffe74e7ecb3:   41 89 88 8c 00 00 00 48 8b 42 18 8b 88 4c 0b 00
0x00007ffe74e7ecc3:   00 41 89 88 90 00 00 00 48 8b 42 18 8b 88 50 0b
0x00007ffe74e7ecd3:   00 00 41 89 88 94 00 00 00 48 8b 42 18 8b 88 54 


Stack slot to memory mapping:
stack at sp + 0 slots: 0x00007ffe74e7c31b ig9icd64.dll
stack at sp + 1 slots: 0x0000000000000001 is an unknown value
stack at sp + 2 slots: 0x0 is NULL
stack at sp + 3 slots: 0x0000026229141800 points into unknown readable memory: 0x0000000000000000 | 00 00 00 00 00 00 00 00
stack at sp + 4 slots: 0x00007ffeda002622 igdgmm64.dll
stack at sp + 5 slots: 0x000000ef00000065 is an unknown value
stack at sp + 6 slots: 0x000000ef5a6fd0a0 is pointing into the stack for thread: 0x000002621d8615c0
stack at sp + 7 slots: 0x0 is NULL


---------------  P R O C E S S  ---------------

Threads class SMR info:
_java_thread_list=0x000002621e420440, length=26, elements={
0x000002627437c260, 0x000002627faaa960, 0x000002627faab7d0, 0x000002627fabddf0,
0x000002627fac29b0, 0x000002627fac5e80, 0x000002627fac6830, 0x000002627fac7920,
0x000002627facddb0, 0x000002627face7a0, 0x000002621d0e3180, 0x000002621d535710,
0x000002621d535be0, 0x000002621dc11870, 0x000002621dbed8f0, 0x000002621d8615c0,
0x000002621e085860, 0x000002621df7fe90, 0x000002621df7eb50, 0x000002621df7f4f0,
0x0000026225ba1d00, 0x0000026225ba3510, 0x0000026225ba6530, 0x0000026225ba7870,
0x0000026225ba6ed0, 0x0000026225dd1960
}

Java Threads: ( => current thread )
  0x000002627437c260 JavaThread "main" [_thread_blocked, id=18996, stack(0x000000ef58b00000,0x000000ef58c00000)]
  0x000002627faaa960 JavaThread "Reference Handler" daemon [_thread_blocked, id=13228, stack(0x000000ef59200000,0x000000ef59300000)]
  0x000002627faab7d0 JavaThread "Finalizer" daemon [_thread_blocked, id=6168, stack(0x000000ef59300000,0x000000ef59400000)]
  0x000002627fabddf0 JavaThread "Signal Dispatcher" daemon [_thread_blocked, id=7516, stack(0x000000ef59400000,0x000000ef59500000)]
  0x000002627fac29b0 JavaThread "Attach Listener" daemon [_thread_blocked, id=8248, stack(0x000000ef59500000,0x000000ef59600000)]
  0x000002627fac5e80 JavaThread "Service Thread" daemon [_thread_blocked, id=1124, stack(0x000000ef59600000,0x000000ef59700000)]
  0x000002627fac6830 JavaThread "Monitor Deflation Thread" daemon [_thread_blocked, id=16364, stack(0x000000ef59700000,0x000000ef59800000)]
  0x000002627fac7920 JavaThread "C2 CompilerThread0" daemon [_thread_blocked, id=19200, stack(0x000000ef59800000,0x000000ef59900000)]
  0x000002627facddb0 JavaThread "C1 CompilerThread0" daemon [_thread_blocked, id=19408, stack(0x000000ef59900000,0x000000ef59a00000)]
  0x000002627face7a0 JavaThread "Sweeper thread" daemon [_thread_blocked, id=14396, stack(0x000000ef59a00000,0x000000ef59b00000)]
  0x000002621d0e3180 JavaThread "Common-Cleaner" daemon [_thread_blocked, id=11764, stack(0x000000ef59b00000,0x000000ef59c00000)]
  0x000002621d535710 JavaThread "Monitor Ctrl-Break" daemon [_thread_in_native, id=5732, stack(0x000000ef59d00000,0x000000ef59e00000)]
  0x000002621d535be0 JavaThread "Notification Thread" daemon [_thread_blocked, id=18784, stack(0x000000ef59e00000,0x000000ef59f00000)]
  0x000002621dc11870 JavaThread "Java2D Disposer" daemon [_thread_blocked, id=1740, stack(0x000000ef5a300000,0x000000ef5a400000)]
  0x000002621dbed8f0 JavaThread "AWT-Shutdown" [_thread_blocked, id=9740, stack(0x000000ef5a400000,0x000000ef5a500000)]
=>0x000002621d8615c0 JavaThread "AWT-EventQueue-0" [_thread_in_native, id=7584, stack(0x000000ef5a600000,0x000000ef5a700000)]
  0x000002621e085860 JavaThread "Reference Cleaner" daemon [_thread_blocked, id=3820, stack(0x000000ef5a700000,0x000000ef5a800000)]
  0x000002621df7fe90 JavaThread "DefaultDispatcher-worker-2" daemon [_thread_blocked, id=9488, stack(0x000000ef5a900000,0x000000ef5aa00000)]
  0x000002621df7eb50 JavaThread "DefaultDispatcher-worker-3" daemon [_thread_blocked, id=5964, stack(0x000000ef5aa00000,0x000000ef5ab00000)]
  0x000002621df7f4f0 JavaThread "kotlinx.coroutines.DefaultExecutor" daemon [_thread_blocked, id=2220, stack(0x000000ef5ab00000,0x000000ef5ac00000)]
  0x0000026225ba1d00 JavaThread "TimerQueue" daemon [_thread_blocked, id=15128, stack(0x000000ef5ae00000,0x000000ef5af00000)]
  0x0000026225ba3510 JavaThread "RealmFinalizingDaemon" daemon [_thread_blocked, id=17500, stack(0x000000ef5b100000,0x000000ef5b200000)]
  0x0000026225ba6530 JavaThread "core-notifier" daemon [_thread_in_native, id=6884, stack(0x000000ef5b300000,0x000000ef5b400000)]
  0x0000026225ba7870 JavaThread "DefaultDispatcher-worker-4" daemon [_thread_blocked, id=18664, stack(0x000000ef5b600000,0x000000ef5b700000)]
  0x0000026225ba6ed0 JavaThread "DefaultDispatcher-worker-1" daemon [_thread_blocked, id=7528, stack(0x000000ef5b700000,0x000000ef5b800000)]
  0x0000026225dd1960 JavaThread "SIGINT handler" daemon [_thread_blocked, id=12068, stack(0x000000ef5a800000,0x000000ef5a900000)]

Other Threads:
  0x000002627faa54a0 VMThread "VM Thread" [stack: 0x000000ef59100000,0x000000ef59200000] [id=8172]
  0x00000262744037b0 WatcherThread [stack: 0x000000ef59f00000,0x000000ef5a000000] [id=4720]
  0x00000262743e7330 GCTaskThread "GC Thread#0" [stack: 0x000000ef58c00000,0x000000ef58d00000] [id=3692]
  0x000002621da75600 GCTaskThread "GC Thread#1" [stack: 0x000000ef5a000000,0x000000ef5a100000] [id=18340]
  0x000002621d6e5600 GCTaskThread "GC Thread#2" [stack: 0x000000ef5a100000,0x000000ef5a200000] [id=17512]
  0x000002621d8ea9b0 GCTaskThread "GC Thread#3" [stack: 0x000000ef5a200000,0x000000ef5a300000] [id=18308]
  0x000002627425df40 ConcurrentGCThread "G1 Main Marker" [stack: 0x000000ef58d00000,0x000000ef58e00000] [id=8964]
  0x000002627425e9f0 ConcurrentGCThread "G1 Conc#0" [stack: 0x000000ef58e00000,0x000000ef58f00000] [id=12884]
  0x000002627442e950 ConcurrentGCThread "G1 Refine#0" [stack: 0x000000ef58f00000,0x000000ef59000000] [id=14692]
  0x000002627f95b510 ConcurrentGCThread "G1 Service" [stack: 0x000000ef59000000,0x000000ef59100000] [id=18360]

Threads with active compile tasks:

VM state: not at safepoint (normal execution)

VM Mutex/Monitor currently owned by a thread: None

Heap address: 0x0000000702600000, size: 4058 MB, Compressed Oops mode: Zero based, Oop shift amount: 3

CDS archive(s) mapped at: [0x0000000800000000-0x0000000800bc0000-0x0000000800bc0000), size 12320768, SharedBaseAddress: 0x0000000800000000, ArchiveRelocationMode: 0.
Compressed class space mapped at: 0x0000000801000000-0x0000000841000000, reserved size: 1073741824
Narrow klass base: 0x0000000800000000, Narrow klass shift: 0, Narrow klass range: 0x100000000

GC Precious Log:
 CPUs: 4 total, 4 available
 Memory: 16224M
 Large Page Support: Disabled
 NUMA Support: Disabled
 Compressed Oops: Enabled (Zero based)
 Heap Region Size: 2M
 Heap Min Capacity: 8M
 Heap Initial Capacity: 254M
 Heap Max Capacity: 4058M
 Pre-touch: Disabled
 Parallel Workers: 4
 Concurrent Workers: 1
 Concurrent Refinement Workers: 4
 Periodic GC: Disabled

Heap:
 garbage-first heap   total 90112K, used 31346K [0x0000000702600000, 0x0000000800000000)
  region size 2048K, 4 young (8192K), 0 survivors (0K)
 Metaspace       used 38489K, committed 38720K, reserved 1114112K
  class space    used 4001K, committed 4096K, reserved 1048576K

Heap Regions: E=young(eden), S=young(survivor), O=old, HS=humongous(starts), HC=humongous(continues), CS=collection set, F=free, OA=open archive, CA=closed archive, TAMS=top-at-mark-start (previous, next)
|   0|0x0000000702600000, 0x0000000702800000, 0x0000000702800000|100%|HS|  |TAMS 0x0000000702800000, 0x0000000702600000| Untracked 
|   1|0x0000000702800000, 0x0000000702a00000, 0x0000000702a00000|100%| O|  |TAMS 0x0000000702a00000, 0x0000000702800000| Untracked 
|   2|0x0000000702a00000, 0x0000000702bffff8, 0x0000000702c00000| 99%| O|  |TAMS 0x0000000702bffff8, 0x0000000702a00000| Untracked 
|   3|0x0000000702c00000, 0x0000000702def650, 0x0000000702e00000| 96%| O|  |TAMS 0x0000000702def650, 0x0000000702c00000| Untracked 
|   4|0x0000000702e00000, 0x0000000702fe7b80, 0x0000000703000000| 95%| O|  |TAMS 0x0000000702e00000, 0x0000000702e00000| Untracked 
|   5|0x0000000703000000, 0x00000007031fff90, 0x0000000703200000| 99%| O|  |TAMS 0x00000007031fff90, 0x0000000703000000| Untracked 
|   6|0x0000000703200000, 0x00000007033ffff8, 0x0000000703400000| 99%| O|  |TAMS 0x0000000703200000, 0x0000000703200000| Untracked 
|   7|0x0000000703400000, 0x000000070343f430, 0x0000000703600000| 12%| O|  |TAMS 0x0000000703400000, 0x0000000703400000| Untracked 
|   8|0x0000000703600000, 0x00000007036864b8, 0x0000000703800000| 26%| O|  |TAMS 0x0000000703600000, 0x0000000703600000| Untracked 
|   9|0x0000000703800000, 0x0000000703800000, 0x0000000703a00000|  0%| F|  |TAMS 0x0000000703800000, 0x0000000703800000| Untracked 
|  10|0x0000000703a00000, 0x0000000703c00000, 0x0000000703c00000|100%| O|  |TAMS 0x0000000703c00000, 0x0000000703a00000| Untracked 
|  11|0x0000000703c00000, 0x0000000703c00000, 0x0000000703e00000|  0%| F|  |TAMS 0x0000000703c00000, 0x0000000703c00000| Untracked 
|  12|0x0000000703e00000, 0x0000000703e00000, 0x0000000704000000|  0%| F|  |TAMS 0x0000000703e00000, 0x0000000703e00000| Untracked 
|  13|0x0000000704000000, 0x0000000704200000, 0x0000000704200000|100%|HS|  |TAMS 0x0000000704200000, 0x0000000704000000| Untracked 
|  14|0x0000000704200000, 0x0000000704400000, 0x0000000704400000|100%|HC|  |TAMS 0x0000000704400000, 0x0000000704200000| Untracked 
|  15|0x0000000704400000, 0x0000000704600000, 0x0000000704600000|100%|HC|  |TAMS 0x0000000704600000, 0x0000000704400000| Untracked 
|  16|0x0000000704600000, 0x0000000704800000, 0x0000000704800000|100%|HC|  |TAMS 0x0000000704800000, 0x0000000704600000| Untracked 
|  17|0x0000000704800000, 0x0000000704800000, 0x0000000704a00000|  0%| F|  |TAMS 0x0000000704800000, 0x0000000704800000| Untracked 
|  18|0x0000000704a00000, 0x0000000704a00000, 0x0000000704c00000|  0%| F|  |TAMS 0x0000000704a00000, 0x0000000704a00000| Untracked 
|  19|0x0000000704c00000, 0x0000000704c00000, 0x0000000704e00000|  0%| F|  |TAMS 0x0000000704c00000, 0x0000000704c00000| Untracked 
|  20|0x0000000704e00000, 0x0000000704e00000, 0x0000000705000000|  0%| F|  |TAMS 0x0000000704e00000, 0x0000000704e00000| Untracked 
|  21|0x0000000705000000, 0x0000000705000000, 0x0000000705200000|  0%| F|  |TAMS 0x0000000705000000, 0x0000000705000000| Untracked 
|  22|0x0000000705200000, 0x0000000705200000, 0x0000000705400000|  0%| F|  |TAMS 0x0000000705200000, 0x0000000705200000| Untracked 
|  23|0x0000000705400000, 0x0000000705400000, 0x0000000705600000|  0%| F|  |TAMS 0x0000000705400000, 0x0000000705400000| Untracked 
|  24|0x0000000705600000, 0x0000000705600000, 0x0000000705800000|  0%| F|  |TAMS 0x0000000705600000, 0x0000000705600000| Untracked 
|  25|0x0000000705800000, 0x0000000705800000, 0x0000000705a00000|  0%| F|  |TAMS 0x0000000705800000, 0x0000000705800000| Untracked 
|  26|0x0000000705a00000, 0x0000000705a00000, 0x0000000705c00000|  0%| F|  |TAMS 0x0000000705a00000, 0x0000000705a00000| Untracked 
|  27|0x0000000705c00000, 0x0000000705c00000, 0x0000000705e00000|  0%| F|  |TAMS 0x0000000705c00000, 0x0000000705c00000| Untracked 
|  28|0x0000000705e00000, 0x0000000705e00000, 0x0000000706000000|  0%| F|  |TAMS 0x0000000705e00000, 0x0000000705e00000| Untracked 
|  29|0x0000000706000000, 0x0000000706000000, 0x0000000706200000|  0%| F|  |TAMS 0x0000000706000000, 0x0000000706000000| Untracked 
|  30|0x0000000706200000, 0x0000000706200000, 0x0000000706400000|  0%| F|  |TAMS 0x0000000706200000, 0x0000000706200000| Untracked 
|  31|0x0000000706400000, 0x0000000706400000, 0x0000000706600000|  0%| F|  |TAMS 0x0000000706400000, 0x0000000706400000| Untracked 
|  32|0x0000000706600000, 0x0000000706600000, 0x0000000706800000|  0%| F|  |TAMS 0x0000000706600000, 0x0000000706600000| Untracked 
|  33|0x0000000706800000, 0x0000000706800000, 0x0000000706a00000|  0%| F|  |TAMS 0x0000000706800000, 0x0000000706800000| Untracked 
|  34|0x0000000706a00000, 0x0000000706a00000, 0x0000000706c00000|  0%| F|  |TAMS 0x0000000706a00000, 0x0000000706a00000| Untracked 
|  35|0x0000000706c00000, 0x0000000706c00000, 0x0000000706e00000|  0%| F|  |TAMS 0x0000000706c00000, 0x0000000706c00000| Untracked 
|  36|0x0000000706e00000, 0x0000000706e00000, 0x0000000707000000|  0%| F|  |TAMS 0x0000000706e00000, 0x0000000706e00000| Untracked 
|  37|0x0000000707000000, 0x0000000707000000, 0x0000000707200000|  0%| F|  |TAMS 0x0000000707000000, 0x0000000707000000| Untracked 
|  38|0x0000000707200000, 0x0000000707200000, 0x0000000707400000|  0%| F|  |TAMS 0x0000000707200000, 0x0000000707200000| Untracked 
|  39|0x0000000707400000, 0x0000000707400000, 0x0000000707600000|  0%| F|  |TAMS 0x0000000707400000, 0x0000000707400000| Untracked 
|  40|0x0000000707600000, 0x000000070766ad58, 0x0000000707800000| 20%| E|  |TAMS 0x0000000707600000, 0x0000000707600000| Complete 
|  41|0x0000000707800000, 0x0000000707a00000, 0x0000000707a00000|100%| E|CS|TAMS 0x0000000707800000, 0x0000000707800000| Complete 
|  42|0x0000000707a00000, 0x0000000707c00000, 0x0000000707c00000|100%| E|CS|TAMS 0x0000000707a00000, 0x0000000707a00000| Complete 
|  43|0x0000000707c00000, 0x0000000707e00000, 0x0000000707e00000|100%| E|CS|TAMS 0x0000000707c00000, 0x0000000707c00000| Complete 

Card table byte_map: [0x000002627e460000,0x000002627ec50000] _byte_map_base: 0x000002627ac4d000

Marking Bits (Prev, Next): (CMBitMap*) 0x00000262743e7980, (CMBitMap*) 0x00000262743e7940
 Prev Bits: [0x0000026212f70000, 0x0000026216ed8000)
 Next Bits: [0x000002620f000000, 0x0000026212f68000)

Polling page: 0x0000026274140000

Metaspace:

Usage:
  Non-class:     33.68 MB used.
      Class:      3.91 MB used.
       Both:     37.59 MB used.

Virtual space:
  Non-class space:       64.00 MB reserved,      33.81 MB ( 53%) committed,  1 nodes.
      Class space:        1.00 GB reserved,       4.00 MB ( <1%) committed,  1 nodes.
             Both:        1.06 GB reserved,      37.81 MB (  3%) committed. 

Chunk freelists:
   Non-Class:  13.95 MB
       Class:  12.01 MB
        Both:  25.96 MB

MaxMetaspaceSize: unlimited
CompressedClassSpaceSize: 1.00 GB
Initial GC threshold: 21.00 MB
Current GC threshold: 63.06 MB
CDS: on
MetaspaceReclaimPolicy: balanced
 - commit_granule_bytes: 65536.
 - commit_granule_words: 8192.
 - virtual_space_node_default_size: 8388608.
 - enlarge_chunks_in_place: 1.
 - new_chunks_are_fully_committed: 0.
 - uncommit_free_chunks: 1.
 - use_allocation_guard: 0.
 - handle_deallocations: 1.


Internal statistics:

num_allocs_failed_limit: 3.
num_arena_births: 176.
num_arena_deaths: 0.
num_vsnodes_births: 2.
num_vsnodes_deaths: 0.
num_space_committed: 605.
num_space_uncommitted: 0.
num_chunks_returned_to_freelist: 3.
num_chunks_taken_from_freelist: 1204.
num_chunk_merges: 3.
num_chunk_splits: 1031.
num_chunks_enlarged: 939.
num_inconsistent_stats: 0.

CodeHeap 'non-profiled nmethods': size=120000Kb used=5860Kb max_used=5860Kb free=114139Kb
 bounds [0x0000026207ad0000, 0x0000026208090000, 0x000002620f000000]
CodeHeap 'profiled nmethods': size=120000Kb used=16408Kb max_used=16408Kb free=103592Kb
 bounds [0x0000026200000000, 0x0000026201010000, 0x0000026207530000]
CodeHeap 'non-nmethods': size=5760Kb used=1901Kb max_used=1982Kb free=3858Kb
 bounds [0x0000026207530000, 0x00000262077a0000, 0x0000026207ad0000]
 total_blobs=8683 nmethods=7299 adapters=1295
 compilation: enabled
              stopped_count=0, restarted_count=0
 full_count=0

Compilation events (20 events):
Event: 285.429 Thread 0x000002627fac7920 8622   !   4       java.awt.event.InvocationEvent::dispatch (69 bytes)
Event: 285.431 Thread 0x000002627fac7920 nmethod 8622 0x0000026208083890 code [0x0000026208083a20, 0x0000026208083b48]
Event: 285.476 Thread 0x000002627fac7920 8623       4       java.awt.EventQueue::dispatchEventImpl (136 bytes)
Event: 285.488 Thread 0x000002627fac7920 nmethod 8623 0x0000026208083c90 code [0x0000026208083ea0, 0x00000262080849c8]
Event: 285.528 Thread 0x000002627facddb0 8624       3       androidx.compose.animation.core.Animatable::endAnimation (31 bytes)
Event: 285.528 Thread 0x000002627facddb0 nmethod 8624 0x0000026201003d10 code [0x0000026201003ec0, 0x0000026201004138]
Event: 293.298 Thread 0x000002627fac7920 8625       4       java.util.concurrent.locks.AbstractQueuedSynchronizer$ConditionObject::unlinkCancelledWaiters (91 bytes)
Event: 293.301 Thread 0x000002627fac7920 nmethod 8625 0x0000026208085110 code [0x00000262080852a0, 0x0000026208085578]
Event: 295.918 Thread 0x000002627fac7920 8626       4       kotlinx.coroutines.DelayKt::delay (105 bytes)
Event: 295.969 Thread 0x000002627fac7920 nmethod 8626 0x0000026208085690 code [0x0000026208085980, 0x0000026208087798]
Event: 297.332 Thread 0x000002627fac7920 8627       4       javax.swing.TimerQueue$DelayedTimer::getDelay (16 bytes)
Event: 297.333 Thread 0x000002627fac7920 nmethod 8627 0x0000026208088810 code [0x00000262080889a0, 0x0000026208088b38]
Event: 297.333 Thread 0x000002627fac7920 8628       4       java.util.concurrent.TimeUnit::convert (77 bytes)
Event: 297.334 Thread 0x000002627fac7920 nmethod 8628 0x0000026208088c90 code [0x0000026208088e20, 0x0000026208088f98]
Event: 304.185 Thread 0x000002627facddb0 8629       3       kotlinx.coroutines.ChildHandleNode::invoke (17 bytes)
Event: 304.185 Thread 0x000002627facddb0 nmethod 8629 0x0000026201004290 code [0x0000026201004520, 0x0000026201004fa8]
Event: 304.186 Thread 0x000002627facddb0 8630       3       kotlinx.coroutines.JobSupport::parentCancelled (7 bytes)
Event: 304.186 Thread 0x000002627facddb0 nmethod 8630 0x0000026201005410 code [0x00000262010055a0, 0x00000262010056e8]
Event: 304.186 Thread 0x000002627facddb0 8631       3       kotlin.reflect.jvm.internal.impl.name.FqNameUnsafe::shortName (56 bytes)
Event: 304.187 Thread 0x000002627facddb0 nmethod 8631 0x0000026201005790 code [0x0000026201005980, 0x0000026201005e58]

GC Heap History (20 events):
Event: 175.943 GC heap before
{Heap before GC invocations=19 (full 5):
 garbage-first heap   total 90112K, used 69920K [0x0000000702600000, 0x0000000800000000)
  region size 2048K, 22 young (45056K), 0 survivors (0K)
 Metaspace       used 38423K, committed 38592K, reserved 1114112K
  class space    used 3997K, committed 4096K, reserved 1048576K
}
Event: 175.944 GC heap after
{Heap after GC invocations=20 (full 5):
 garbage-first heap   total 90112K, used 25071K [0x0000000702600000, 0x0000000800000000)
  region size 2048K, 1 young (2048K), 1 survivors (2048K)
 Metaspace       used 38423K, committed 38592K, reserved 1114112K
  class space    used 3997K, committed 4096K, reserved 1048576K
}
Event: 181.581 GC heap before
{Heap before GC invocations=20 (full 5):
 garbage-first heap   total 90112K, used 35311K [0x0000000702600000, 0x0000000800000000)
  region size 2048K, 7 young (14336K), 1 survivors (2048K)
 Metaspace       used 38423K, committed 38592K, reserved 1114112K
  class space    used 3997K, committed 4096K, reserved 1048576K
}
Event: 181.610 GC heap after
{Heap after GC invocations=21 (full 6):
 garbage-first heap   total 90112K, used 24902K [0x0000000702600000, 0x0000000800000000)
  region size 2048K, 0 young (0K), 0 survivors (0K)
 Metaspace       used 38423K, committed 38592K, reserved 1114112K
  class space    used 3997K, committed 4096K, reserved 1048576K
}
Event: 207.124 GC heap before
{Heap before GC invocations=21 (full 6):
 garbage-first heap   total 90112K, used 69958K [0x0000000702600000, 0x0000000800000000)
  region size 2048K, 22 young (45056K), 0 survivors (0K)
 Metaspace       used 38428K, committed 38592K, reserved 1114112K
  class space    used 3998K, committed 4096K, reserved 1048576K
}
Event: 207.125 GC heap after
{Heap after GC invocations=22 (full 6):
 garbage-first heap   total 90112K, used 25202K [0x0000000702600000, 0x0000000800000000)
  region size 2048K, 1 young (2048K), 1 survivors (2048K)
 Metaspace       used 38428K, committed 38592K, reserved 1114112K
  class space    used 3998K, committed 4096K, reserved 1048576K
}
Event: 211.614 GC heap before
{Heap before GC invocations=22 (full 6):
 garbage-first heap   total 90112K, used 33394K [0x0000000702600000, 0x0000000800000000)
  region size 2048K, 6 young (12288K), 1 survivors (2048K)
 Metaspace       used 38428K, committed 38592K, reserved 1114112K
  class space    used 3998K, committed 4096K, reserved 1048576K
}
Event: 211.651 GC heap after
{Heap after GC invocations=23 (full 7):
 garbage-first heap   total 90112K, used 25000K [0x0000000702600000, 0x0000000800000000)
  region size 2048K, 0 young (0K), 0 survivors (0K)
 Metaspace       used 38428K, committed 38592K, reserved 1114112K
  class space    used 3998K, committed 4096K, reserved 1048576K
}
Event: 237.465 GC heap before
{Heap before GC invocations=23 (full 7):
 garbage-first heap   total 90112K, used 72104K [0x0000000702600000, 0x0000000800000000)
  region size 2048K, 23 young (47104K), 0 survivors (0K)
 Metaspace       used 38428K, committed 38592K, reserved 1114112K
  class space    used 3998K, committed 4096K, reserved 1048576K
}
Event: 237.466 GC heap after
{Heap after GC invocations=24 (full 7):
 garbage-first heap   total 90112K, used 25081K [0x0000000702600000, 0x0000000800000000)
  region size 2048K, 1 young (2048K), 1 survivors (2048K)
 Metaspace       used 38428K, committed 38592K, reserved 1114112K
  class space    used 3998K, committed 4096K, reserved 1048576K
}
Event: 241.665 GC heap before
{Heap before GC invocations=24 (full 7):
 garbage-first heap   total 90112K, used 31225K [0x0000000702600000, 0x0000000800000000)
  region size 2048K, 5 young (10240K), 1 survivors (2048K)
 Metaspace       used 38428K, committed 38592K, reserved 1114112K
  class space    used 3998K, committed 4096K, reserved 1048576K
}
Event: 241.693 GC heap after
{Heap after GC invocations=25 (full 8):
 garbage-first heap   total 90112K, used 25000K [0x0000000702600000, 0x0000000800000000)
  region size 2048K, 0 young (0K), 0 survivors (0K)
 Metaspace       used 38428K, committed 38592K, reserved 1114112K
  class space    used 3998K, committed 4096K, reserved 1048576K
}
Event: 268.537 GC heap before
{Heap before GC invocations=25 (full 8):
 garbage-first heap   total 90112K, used 74152K [0x0000000702600000, 0x0000000800000000)
  region size 2048K, 24 young (49152K), 0 survivors (0K)
 Metaspace       used 38429K, committed 38592K, reserved 1114112K
  class space    used 3998K, committed 4096K, reserved 1048576K
}
Event: 268.538 GC heap after
{Heap after GC invocations=26 (full 8):
 garbage-first heap   total 90112K, used 25077K [0x0000000702600000, 0x0000000800000000)
  region size 2048K, 1 young (2048K), 1 survivors (2048K)
 Metaspace       used 38429K, committed 38592K, reserved 1114112K
  class space    used 3998K, committed 4096K, reserved 1048576K
}
Event: 271.707 GC heap before
{Heap before GC invocations=26 (full 8):
 garbage-first heap   total 90112K, used 29173K [0x0000000702600000, 0x0000000800000000)
  region size 2048K, 4 young (8192K), 1 survivors (2048K)
 Metaspace       used 38429K, committed 38592K, reserved 1114112K
  class space    used 3998K, committed 4096K, reserved 1048576K
}
Event: 271.742 GC heap after
{Heap after GC invocations=27 (full 9):
 garbage-first heap   total 90112K, used 25000K [0x0000000702600000, 0x0000000800000000)
  region size 2048K, 0 young (0K), 0 survivors (0K)
 Metaspace       used 38429K, committed 38592K, reserved 1114112K
  class space    used 3998K, committed 4096K, reserved 1048576K
}
Event: 296.913 GC heap before
{Heap before GC invocations=27 (full 9):
 garbage-first heap   total 90112K, used 74152K [0x0000000702600000, 0x0000000800000000)
  region size 2048K, 24 young (49152K), 0 survivors (0K)
 Metaspace       used 38465K, committed 38720K, reserved 1114112K
  class space    used 3998K, committed 4096K, reserved 1048576K
}
Event: 296.914 GC heap after
{Heap after GC invocations=28 (full 9):
 garbage-first heap   total 90112K, used 25627K [0x0000000702600000, 0x0000000800000000)
  region size 2048K, 1 young (2048K), 1 survivors (2048K)
 Metaspace       used 38465K, committed 38720K, reserved 1114112K
  class space    used 3998K, committed 4096K, reserved 1048576K
}
Event: 301.752 GC heap before
{Heap before GC invocations=28 (full 9):
 garbage-first heap   total 90112K, used 31771K [0x0000000702600000, 0x0000000800000000)
  region size 2048K, 5 young (10240K), 1 survivors (2048K)
 Metaspace       used 38465K, committed 38720K, reserved 1114112K
  class space    used 3998K, committed 4096K, reserved 1048576K
}
Event: 301.788 GC heap after
{Heap after GC invocations=29 (full 10):
 garbage-first heap   total 90112K, used 25202K [0x0000000702600000, 0x0000000800000000)
  region size 2048K, 0 young (0K), 0 survivors (0K)
 Metaspace       used 38465K, committed 38720K, reserved 1114112K
  class space    used 3998K, committed 4096K, reserved 1048576K
}

Dll operation events (14 events):
Event: 0.009 Loaded shared library C:\Users\HP\.jdks\corretto-17.0.7\bin\java.dll
Event: 0.021 Loaded shared library C:\Users\HP\.jdks\corretto-17.0.7\bin\jsvml.dll
Event: 0.163 Loaded shared library C:\Users\HP\.jdks\corretto-17.0.7\bin\zip.dll
Event: 0.166 Loaded shared library C:\Users\HP\.jdks\corretto-17.0.7\bin\instrument.dll
Event: 0.174 Loaded shared library C:\Users\HP\.jdks\corretto-17.0.7\bin\net.dll
Event: 0.175 Loaded shared library C:\Users\HP\.jdks\corretto-17.0.7\bin\nio.dll
Event: 0.181 Loaded shared library C:\Users\HP\.jdks\corretto-17.0.7\bin\zip.dll
Event: 0.308 Loaded shared library C:\Program Files\JetBrains\IntelliJ IDEA Community Edition 2021.3.2\bin\breakgen64.dll
Event: 0.468 Loaded shared library C:\Users\HP\.jdks\corretto-17.0.7\bin\jimage.dll
Event: 0.472 Loaded shared library C:\Users\HP\.jdks\corretto-17.0.7\bin\awt.dll
Event: 1.332 Loaded shared library C:\Users\HP\.skiko\0de0d8dd8554d9bb66cfca3837db6514ff9b71080e998917280a3b777460a416\skiko-windows-x64.dll
Event: 1.856 Loaded shared library C:\Users\HP\.jdks\corretto-17.0.7\bin\freetype.dll
Event: 1.857 Loaded shared library C:\Users\HP\.jdks\corretto-17.0.7\bin\fontmanager.dll
Event: 12.289 Loaded shared library C:\Users\HP\AppData\Local\io-realm-kotlin\f7113120ba00ba1ff91d696eecd3919e85a4e34e\realmc.dll

Deoptimization events (20 events):
Event: 283.293 Thread 0x000002621d8615c0 Uncommon trap: trap_request=0xffffffde fr.pc=0x0000026207d3b520 relative=0x0000000000001000
Event: 283.293 Thread 0x000002621d8615c0 Uncommon trap: reason=class_check action=maybe_recompile pc=0x0000026207d3b520 method=java.awt.EventQueue.dispatchEventImpl(Ljava/awt/AWTEvent;Ljava/lang/Object;)V @ 18 c2
Event: 283.293 Thread 0x000002621d8615c0 DEOPT PACKING pc=0x0000026207d3b520 sp=0x000000ef5a6ff410
Event: 283.293 Thread 0x000002621d8615c0 DEOPT UNPACKING pc=0x00000262075869a3 sp=0x000000ef5a6ff138 mode 2
Event: 283.295 Thread 0x000002621d8615c0 Uncommon trap: trap_request=0xffffffc6 fr.pc=0x0000026207fe5a14 relative=0x00000000000015b4
Event: 283.295 Thread 0x000002621d8615c0 Uncommon trap: reason=bimorphic_or_optimized_type_check action=maybe_recompile pc=0x0000026207fe5a14 method=androidx.compose.runtime.CompositionImpl.applyChangesInLocked(Ljava/util/List;)V @ 66 c2
Event: 283.295 Thread 0x000002621d8615c0 DEOPT PACKING pc=0x0000026207fe5a14 sp=0x000000ef5a6fee30
Event: 283.295 Thread 0x000002621d8615c0 DEOPT UNPACKING pc=0x00000262075869a3 sp=0x000000ef5a6fed60 mode 2
Event: 283.340 Thread 0x000002621d8615c0 Uncommon trap: trap_request=0xffffffc6 fr.pc=0x0000026207fe5a14 relative=0x00000000000015b4
Event: 283.340 Thread 0x000002621d8615c0 Uncommon trap: reason=bimorphic_or_optimized_type_check action=maybe_recompile pc=0x0000026207fe5a14 method=androidx.compose.runtime.CompositionImpl.applyChangesInLocked(Ljava/util/List;)V @ 66 c2
Event: 283.340 Thread 0x000002621d8615c0 DEOPT PACKING pc=0x0000026207fe5a14 sp=0x000000ef5a6fee30
Event: 283.340 Thread 0x000002621d8615c0 DEOPT UNPACKING pc=0x00000262075869a3 sp=0x000000ef5a6fed60 mode 2
Event: 285.321 Thread 0x000002621d8615c0 Uncommon trap: trap_request=0xffffffde fr.pc=0x0000026207bef524 relative=0x0000000000000984
Event: 285.321 Thread 0x000002621d8615c0 Uncommon trap: reason=class_check action=maybe_recompile pc=0x0000026207bef524 method=java.awt.EventQueue.dispatchEventImpl(Ljava/awt/AWTEvent;Ljava/lang/Object;)V @ 18 c2
Event: 285.321 Thread 0x000002621d8615c0 DEOPT PACKING pc=0x0000026207bef524 sp=0x000000ef5a6ff310
Event: 285.321 Thread 0x000002621d8615c0 DEOPT UNPACKING pc=0x00000262075869a3 sp=0x000000ef5a6ff2d8 mode 2
Event: 285.336 Thread 0x000002621d8615c0 Uncommon trap: trap_request=0xffffff45 fr.pc=0x000002620807fbbc relative=0x00000000000000bc
Event: 285.337 Thread 0x000002621d8615c0 Uncommon trap: reason=unstable_if action=reinterpret pc=0x000002620807fbbc method=androidx.compose.ui.unit.IntRect.contains--gyyYBs(J)Z @ 19 c2
Event: 285.337 Thread 0x000002621d8615c0 DEOPT PACKING pc=0x000002620807fbbc sp=0x000000ef5a6fea80
Event: 285.337 Thread 0x000002621d8615c0 DEOPT UNPACKING pc=0x00000262075869a3 sp=0x000000ef5a6fea10 mode 2

Classes unloaded (0 events):
No events

Classes redefined (0 events):
No events

Internal exceptions (20 events):
Event: 1.606 Thread 0x000002621d8615c0 Exception <a 'java/lang/NoSuchMethodError'{0x0000000710fd6ab8}: 'java.lang.Object java.lang.invoke.DirectMethodHandle$Holder.invokeStatic(java.lang.Object, int, java.lang.Object, java.lang.Object, java.lang.Object, java.lang.Object)'> (0x0000000710fd6ab8) 
thrown [s\src\hotspot\share\interpreter\linkResolver.cpp, line 759]
Event: 1.612 Thread 0x000002621d8615c0 Exception <a 'java/lang/NoSuchMethodError'{0x0000000710ffc770}: 'java.lang.Object java.lang.invoke.DirectMethodHandle$Holder.invokeStatic(java.lang.Object, int, java.lang.Object)'> (0x0000000710ffc770) 
thrown [s\src\hotspot\share\interpreter\linkResolver.cpp, line 759]
Event: 1.649 Thread 0x000002621d8615c0 Exception <a 'java/lang/ClassNotFoundException'{0x0000000710cb9748}: com/sun/swing/internal/plaf/metal/resources/spi/metalProvider> (0x0000000710cb9748) 
thrown [s\src\hotspot\share\classfile\systemDictionary.cpp, line 256]
Event: 1.650 Thread 0x000002621d8615c0 Exception <a 'java/lang/ClassNotFoundException'{0x0000000710cbd6e8}: com/sun/swing/internal/plaf/basic/resources/spi/basicProvider> (0x0000000710cbd6e8) 
thrown [s\src\hotspot\share\classfile\systemDictionary.cpp, line 256]
Event: 1.663 Thread 0x000002621d8615c0 Implicit null exception at 0x0000026207afbf10 to 0x0000026207afc2e4
Event: 1.663 Thread 0x000002621d8615c0 Implicit null exception at 0x0000026207af9090 to 0x0000026207af9448
Event: 1.698 Thread 0x000002621d8615c0 Exception <a 'java/lang/NoSuchMethodError'{0x0000000710dce170}: 'void java.lang.invoke.DirectMethodHandle$Holder.invokeStatic(java.lang.Object, java.lang.Object, java.lang.Object)'> (0x0000000710dce170) 
thrown [s\src\hotspot\share\interpreter\linkResolver.cpp, line 759]
Event: 1.850 Thread 0x000002621d8615c0 Exception <a 'java/lang/NoSuchMethodError'{0x0000000710895ec8}: 'void java.lang.invoke.DirectMethodHandle$Holder.invokeStaticInit(java.lang.Object)'> (0x0000000710895ec8) 
thrown [s\src\hotspot\share\interpreter\linkResolver.cpp, line 759]
Event: 2.088 Thread 0x000002621d8615c0 Exception <a 'java/lang/NoSuchMethodError'{0x0000000712101238}: 'int java.lang.invoke.DirectMethodHandle$Holder.invokeStaticInit(java.lang.Object, java.lang.Object, java.lang.Object)'> (0x0000000712101238) 
thrown [s\src\hotspot\share\interpreter\linkResolver.cpp, line 759]
Event: 2.519 Thread 0x000002621dc16160 Exception <a 'java/lang/NoSuchMethodError'{0x0000000710a00be8}: 'void java.lang.invoke.DirectMethodHandle$Holder.invokeVirtual(java.lang.Object, java.lang.Object)'> (0x0000000710a00be8) 
thrown [s\src\hotspot\share\interpreter\linkResolver.cpp, line 759]
Event: 11.514 Thread 0x000002621d8615c0 Exception <a 'java/lang/NoSuchMethodError'{0x0000000704bea9b8}: 'int java.lang.invoke.DirectMethodHandle$Holder.invokeStaticInit(java.lang.Object, long, long)'> (0x0000000704bea9b8) 
thrown [s\src\hotspot\share\interpreter\linkResolver.cpp, line 759]
Event: 12.158 Thread 0x000002621d8615c0 Exception <a 'java/lang/NoSuchMethodError'{0x0000000704e85628}: 'java.lang.Object java.lang.invoke.DirectMethodHandle$Holder.newInvokeSpecial(java.lang.Object, int, java.lang.Object)'> (0x0000000704e85628) 
thrown [s\src\hotspot\share\interpreter\linkResolver.cpp, line 759]
Event: 47.634 Thread 0x000002621d8615c0 Exception <a 'java/lang/NoSuchMethodError'{0x0000000705f23418}: 'void java.lang.invoke.DirectMethodHandle$Holder.invokeStatic(java.lang.Object, java.lang.Object, java.lang.Object, java.lang.Object)'> (0x0000000705f23418) 
thrown [s\src\hotspot\share\interpreter\linkResolver.cpp, line 759]
Event: 47.960 Thread 0x000002621d8615c0 Implicit null exception at 0x0000026207d06d20 to 0x0000026207d08804
Event: 74.700 Thread 0x000002621d8615c0 Implicit null exception at 0x0000026207f215ca to 0x0000026207f22b87
Event: 74.703 Thread 0x000002621d8615c0 Implicit null exception at 0x0000026207f27171 to 0x0000026207f2da04
Event: 74.739 Thread 0x000002621d8615c0 Implicit null exception at 0x0000026207ecb2a0 to 0x0000026207ecb5d2
Event: 131.842 Thread 0x000002621d8615c0 Implicit null exception at 0x0000026207eca9c0 to 0x0000026207ecb3a8
Event: 131.975 Thread 0x000002621d8615c0 Implicit null exception at 0x0000026207e1768a to 0x0000026207e18454
Event: 131.982 Thread 0x000002621d8615c0 Implicit null exception at 0x0000026207ec48a0 to 0x0000026207ec4ef8

VM Operations (20 events):
Event: 211.613 Executing VM operation: G1CollectFull
Event: 211.651 Executing VM operation: G1CollectFull done
Event: 237.464 Executing VM operation: G1CollectForAllocation
Event: 237.466 Executing VM operation: G1CollectForAllocation done
Event: 241.665 Executing VM operation: G1CollectFull
Event: 241.693 Executing VM operation: G1CollectFull done
Event: 268.537 Executing VM operation: G1CollectForAllocation
Event: 268.538 Executing VM operation: G1CollectForAllocation done
Event: 271.707 Executing VM operation: G1CollectFull
Event: 271.742 Executing VM operation: G1CollectFull done
Event: 283.859 Executing VM operation: Cleanup
Event: 283.859 Executing VM operation: Cleanup done
Event: 284.872 Executing VM operation: Cleanup
Event: 284.872 Executing VM operation: Cleanup done
Event: 285.886 Executing VM operation: Cleanup
Event: 285.886 Executing VM operation: Cleanup done
Event: 296.913 Executing VM operation: G1CollectForAllocation
Event: 296.914 Executing VM operation: G1CollectForAllocation done
Event: 301.752 Executing VM operation: G1CollectFull
Event: 301.788 Executing VM operation: G1CollectFull done

Events (20 events):
Event: 114.702 Thread 0x0000026225dd2300 Thread added: 0x0000026225dd2300
Event: 114.724 Thread 0x000002621e449e80 Thread added: 0x000002621e449e80
Event: 115.639 Thread 0x000002621e449e80 Thread exited: 0x000002621e449e80
Event: 131.986 Thread 0x000002627face7a0 flushing nmethod 0x0000026200911c90
Event: 131.987 Thread 0x000002627face7a0 flushing nmethod 0x00000262009aa410
Event: 131.987 Thread 0x000002627face7a0 flushing nmethod 0x0000026200aa2190
Event: 132.110 Thread 0x000002621e448f50 Thread added: 0x000002621e448f50
Event: 132.402 Thread 0x000002621e448f50 Thread exited: 0x000002621e448f50
Event: 174.708 Thread 0x0000026225dd2300 Thread exited: 0x0000026225dd2300
Event: 304.178 loading class jdk/internal/misc/Signal$1
Event: 304.179 loading class jdk/internal/misc/Signal$1 done
Event: 304.179 Thread 0x0000026225dd1960 Thread added: 0x0000026225dd1960
Event: 304.179 Thread 0x0000026225dcf2e0 Thread added: 0x0000026225dcf2e0
Event: 304.179 Thread 0x0000026225dcf7b0 Thread added: 0x0000026225dcf7b0
Event: 304.179 Thread 0x0000026225dd1490 Thread added: 0x0000026225dd1490
Event: 304.181 Thread 0x0000026225dd1490 Thread exited: 0x0000026225dd1490
Event: 304.187 Thread 0x000002621dc16160 Thread exited: 0x000002621dc16160
Event: 304.188 Thread 0x0000026225dcf7b0 Thread exited: 0x0000026225dcf7b0
Event: 304.188 Thread 0x0000026225ba39e0 Thread exited: 0x0000026225ba39e0
Event: 304.188 Thread 0x0000026225ba4d20 Thread exited: 0x0000026225ba4d20


Dynamic libraries:
0x00007ff7eeda0000 - 0x00007ff7eedad000 	C:\Users\HP\.jdks\corretto-17.0.7\bin\java.exe
0x00007ffee9b50000 - 0x00007ffee9d48000 	C:\Windows\SYSTEM32\ntdll.dll
0x00007ffee90d0000 - 0x00007ffee918f000 	C:\Windows\System32\KERNEL32.DLL
0x00007ffee7790000 - 0x00007ffee7a86000 	C:\Windows\System32\KERNELBASE.dll
0x00007ffee7410000 - 0x00007ffee7510000 	C:\Windows\System32\ucrtbase.dll
0x00007ffeced70000 - 0x00007ffeced85000 	C:\Users\HP\.jdks\corretto-17.0.7\bin\VCRUNTIME140.dll
0x00007ffedbcc0000 - 0x00007ffedbcd7000 	C:\Users\HP\.jdks\corretto-17.0.7\bin\jli.dll
0x00007ffee9970000 - 0x00007ffee9b0d000 	C:\Windows\System32\USER32.dll
0x00007ffee76c0000 - 0x00007ffee76e2000 	C:\Windows\System32\win32u.dll
0x00007ffecd150000 - 0x00007ffecd3ea000 	C:\Windows\WinSxS\amd64_microsoft.windows.common-controls_6595b64144ccf1df_6.0.19041.1110_none_60b5254171f9507e\COMCTL32.dll
0x00007ffee8310000 - 0x00007ffee83ae000 	C:\Windows\System32\msvcrt.dll
0x00007ffee90a0000 - 0x00007ffee90cc000 	C:\Windows\System32\GDI32.dll
0x00007ffee7a90000 - 0x00007ffee7ba5000 	C:\Windows\System32\gdi32full.dll
0x00007ffee72c0000 - 0x00007ffee735d000 	C:\Windows\System32\msvcp_win.dll
0x00007ffee8600000 - 0x00007ffee8630000 	C:\Windows\System32\IMM32.DLL
0x00007ffec1e20000 - 0x00007ffec1ebb000 	C:\Users\HP\.jdks\corretto-17.0.7\bin\msvcp140.dll
0x00007ffea5510000 - 0x00007ffea612a000 	C:\Users\HP\.jdks\corretto-17.0.7\bin\server\jvm.dll
0x00007ffee8630000 - 0x00007ffee86df000 	C:\Windows\System32\ADVAPI32.dll
0x00007ffee8560000 - 0x00007ffee85fc000 	C:\Windows\System32\sechost.dll
0x00007ffee7d70000 - 0x00007ffee7e96000 	C:\Windows\System32\RPCRT4.dll
0x00007ffee0fa0000 - 0x00007ffee0fa9000 	C:\Windows\SYSTEM32\WSOCK32.dll
0x00007ffecca00000 - 0x00007ffecca27000 	C:\Windows\SYSTEM32\WINMM.dll
0x00007ffee8e70000 - 0x00007ffee8edb000 	C:\Windows\System32\WS2_32.dll
0x00007ffedb320000 - 0x00007ffedb32a000 	C:\Windows\SYSTEM32\VERSION.dll
0x00007ffee5a20000 - 0x00007ffee5a32000 	C:\Windows\SYSTEM32\kernel.appcore.dll
0x00007ffedf290000 - 0x00007ffedf29a000 	C:\Users\HP\.jdks\corretto-17.0.7\bin\jimage.dll
0x00007ffee1f40000 - 0x00007ffee2124000 	C:\Windows\SYSTEM32\DBGHELP.DLL
0x00007ffecec70000 - 0x00007ffececa4000 	C:\Windows\SYSTEM32\dbgcore.DLL
0x00007ffee7230000 - 0x00007ffee72b2000 	C:\Windows\System32\bcryptPrimitives.dll
0x00007ffedf250000 - 0x00007ffedf25e000 	C:\Users\HP\.jdks\corretto-17.0.7\bin\instrument.dll
0x00007ffeca980000 - 0x00007ffeca9a5000 	C:\Users\HP\.jdks\corretto-17.0.7\bin\java.dll
0x00007ffebaa40000 - 0x00007ffebab16000 	C:\Users\HP\.jdks\corretto-17.0.7\bin\jsvml.dll
0x00007ffee9190000 - 0x00007ffee98d4000 	C:\Windows\System32\SHELL32.dll
0x00007ffee2130000 - 0x00007ffee28c4000 	C:\Windows\SYSTEM32\windows.storage.dll
0x00007ffee8890000 - 0x00007ffee8be4000 	C:\Windows\System32\combase.dll
0x00007ffee6ab0000 - 0x00007ffee6ade000 	C:\Windows\SYSTEM32\Wldp.dll
0x00007ffee8f90000 - 0x00007ffee903d000 	C:\Windows\System32\SHCORE.dll
0x00007ffee9040000 - 0x00007ffee9095000 	C:\Windows\System32\shlwapi.dll
0x00007ffee7160000 - 0x00007ffee7185000 	C:\Windows\SYSTEM32\profapi.dll
0x00007ffec7110000 - 0x00007ffec7128000 	C:\Users\HP\.jdks\corretto-17.0.7\bin\zip.dll
0x00007ffeca7f0000 - 0x00007ffeca809000 	C:\Users\HP\.jdks\corretto-17.0.7\bin\net.dll
0x00007ffed8570000 - 0x00007ffed867a000 	C:\Windows\SYSTEM32\WINHTTP.dll
0x00007ffee6890000 - 0x00007ffee68fa000 	C:\Windows\system32\mswsock.dll
0x00007ffec73c0000 - 0x00007ffec73d5000 	C:\Users\HP\.jdks\corretto-17.0.7\bin\nio.dll
0x00007ffedd130000 - 0x00007ffedd14a000 	C:\Program Files\JetBrains\IntelliJ IDEA Community Edition 2021.3.2\bin\breakgen64.dll
0x00007ffea6c50000 - 0x00007ffea6df9000 	C:\Users\HP\.jdks\corretto-17.0.7\bin\awt.dll
0x00007ffee87c0000 - 0x00007ffee888d000 	C:\Windows\System32\OLEAUT32.dll
0x00007ffee0ec0000 - 0x00007ffee0f51000 	C:\Windows\SYSTEM32\apphelp.dll
0x00007ffee1180000 - 0x00007ffee121e000 	C:\Windows\system32\uxtheme.dll
0x00007ffee8440000 - 0x00007ffee8554000 	C:\Windows\System32\MSCTF.dll
0x00007ffee8c00000 - 0x00007ffee8d2a000 	C:\Windows\System32\ole32.dll
0x00007ffee1320000 - 0x00007ffee134f000 	C:\Windows\system32\DWMAPI.DLL
0x00007ffeb5d50000 - 0x00007ffeb5e75000 	C:\Windows\system32\opengl32.dll
0x00007ffeb67f0000 - 0x00007ffeb681c000 	C:\Windows\SYSTEM32\GLU32.dll
0x00007ffee6af0000 - 0x00007ffee6b08000 	C:\Windows\SYSTEM32\CRYPTSP.dll
0x00007ffee61d0000 - 0x00007ffee6204000 	C:\Windows\system32\rsaenh.dll
0x00007ffee7760000 - 0x00007ffee7787000 	C:\Windows\System32\bcrypt.dll
0x00007ffee7120000 - 0x00007ffee714e000 	C:\Windows\SYSTEM32\USERENV.dll
0x00007ffee6a20000 - 0x00007ffee6a2c000 	C:\Windows\SYSTEM32\CRYPTBASE.dll
0x00007ffee65a0000 - 0x00007ffee65dc000 	C:\Windows\SYSTEM32\IPHLPAPI.DLL
0x00007ffee7d60000 - 0x00007ffee7d68000 	C:\Windows\System32\NSI.dll
0x00007ffeda430000 - 0x00007ffeda447000 	C:\Windows\SYSTEM32\dhcpcsvc6.DLL
0x00007ffed8d80000 - 0x00007ffed8d9d000 	C:\Windows\SYSTEM32\dhcpcsvc.DLL
0x00007ffee65e0000 - 0x00007ffee66aa000 	C:\Windows\SYSTEM32\DNSAPI.dll
0x00007ffe9d3a0000 - 0x00007ffe9e3ec000 	C:\Users\HP\.skiko\0de0d8dd8554d9bb66cfca3837db6514ff9b71080e998917280a3b777460a416\skiko-windows-x64.dll
0x00007ffeb9a90000 - 0x00007ffeb9b13000 	C:\Users\HP\.jdks\corretto-17.0.7\bin\freetype.dll
0x00007ffea8a50000 - 0x00007ffea8b12000 	C:\Users\HP\.jdks\corretto-17.0.7\bin\fontmanager.dll
0x00007ffedf230000 - 0x00007ffedf237000 	C:\Users\HP\.jdks\corretto-17.0.7\bin\jawt.dll
0x00007ffee5a90000 - 0x00007ffee5b83000 	C:\Windows\SYSTEM32\Dxgi.dll
0x00007ffedc060000 - 0x00007ffedc080000 	C:\Windows\SYSTEM32\D3D12.dll
0x00007ffea4fe0000 - 0x00007ffea51ad000 	C:\Windows\SYSTEM32\D3D12Core.dll
0x00007ffeda9e0000 - 0x00007ffedaa1b000 	C:\Windows\SYSTEM32\dxcore.dll
0x00007ffee7670000 - 0x00007ffee76be000 	C:\Windows\System32\cfgmgr32.dll
0x00007ffed4390000 - 0x00007ffed6fa9000 	C:\Windows\System32\DriverStore\FileRepository\igdlh64.inf_amd64_e6daaea9afe1e6f6\igc64.dll
0x00007ffe72ab0000 - 0x00007ffe73f83000 	C:\Windows\System32\DriverStore\FileRepository\igdlh64.inf_amd64_e6daaea9afe1e6f6\igd12umd64.dll
0x00007ffeda000000 - 0x00007ffeda257000 	C:\Windows\System32\DriverStore\FileRepository\igdlh64.inf_amd64_e6daaea9afe1e6f6\igdgmm64.dll
0x00007ffea2920000 - 0x00007ffea2d2b000 	C:\Windows\System32\DriverStore\FileRepository\igdlh64.inf_amd64_e6daaea9afe1e6f6\igdml64.dll
0x00007ffedbfd0000 - 0x00007ffedbffb000 	C:\Windows\SYSTEM32\D3DSCache.dll
0x00007ffe51780000 - 0x00007ffe55f82000 	C:\Windows\System32\DriverStore\FileRepository\igdlh64.inf_amd64_e6daaea9afe1e6f6\igd12dxva64.dll
0x00007ffee7ea0000 - 0x00007ffee830e000 	C:\Windows\System32\SETUPAPI.dll
0x00007ffe96bf0000 - 0x00007ffe96c17000 	C:\Windows\System32\DriverStore\FileRepository\igdlh64.inf_amd64_e6daaea9afe1e6f6\igdinfo64.dll
0x00007ffeddf50000 - 0x00007ffede157000 	C:\Windows\SYSTEM32\twinapi.appcore.dll
0x00007ffee8ee0000 - 0x00007ffee8f89000 	C:\Windows\System32\clbcatq.dll
0x00007ffe744c0000 - 0x00007ffe75492000 	C:\Windows\System32\DriverStore\FileRepository\igdlh64.inf_amd64_e6daaea9afe1e6f6\ig9icd64.dll
0x00007ffee7090000 - 0x00007ffee70db000 	C:\Windows\SYSTEM32\powrprof.dll
0x00007ffee7070000 - 0x00007ffee7082000 	C:\Windows\SYSTEM32\UMPDC.dll
0x00007ffed2250000 - 0x00007ffed24cf000 	C:\Windows\SYSTEM32\dwrite.dll
0x00007ffed3ec0000 - 0x00007ffed3fb9000 	C:\Windows\SYSTEM32\textinputframework.dll
0x00007ffee0460000 - 0x00007ffee07be000 	C:\Windows\System32\CoreUIComponents.dll
0x00007ffee0b40000 - 0x00007ffee0c32000 	C:\Windows\System32\CoreMessaging.dll
0x00007ffee62f0000 - 0x00007ffee6323000 	C:\Windows\SYSTEM32\ntmarta.dll
0x00007ffedf450000 - 0x00007ffedf5a4000 	C:\Windows\SYSTEM32\wintypes.dll
0x00007ffe60f60000 - 0x00007ffe61812000 	C:\Users\HP\AppData\Local\io-realm-kotlin\f7113120ba00ba1ff91d696eecd3919e85a4e34e\realmc.dll
0x00007ffee7510000 - 0x00007ffee766e000 	C:\Windows\System32\CRYPT32.dll
0x00007ffede280000 - 0x00007ffede2ea000 	C:\Windows\system32\Ninput.dll

dbghelp: loaded successfully - version: 4.0.5 - missing functions: none
symbol engine: initialized successfully - sym options: 0x614 - pdb path: .;C:\Users\HP\.jdks\corretto-17.0.7\bin;C:\Windows\SYSTEM32;C:\Windows\WinSxS\amd64_microsoft.windows.common-controls_6595b64144ccf1df_6.0.19041.1110_none_60b5254171f9507e;C:\Users\HP\.jdks\corretto-17.0.7\bin\server;C:\Program Files\JetBrains\IntelliJ IDEA Community Edition 2021.3.2\bin;C:\Users\HP\.skiko\0de0d8dd8554d9bb66cfca3837db6514ff9b71080e998917280a3b777460a416;C:\Windows\System32\DriverStore\FileRepository\igdlh64.inf_amd64_e6daaea9afe1e6f6;C:\Users\HP\AppData\Local\io-realm-kotlin\f7113120ba00ba1ff91d696eecd3919e85a4e34e

VM Arguments:
jvm_args: -Djava.library.path=C:\Users\HP\Desktop\newderar\build\classes\kotlin\jvm\main;C:\Users\HP\Desktop\newderar\build\processedResources\jvm\main -javaagent:C:\Program Files\JetBrains\IntelliJ IDEA Community Edition 2021.3.2\lib\idea_rt.jar=53094:C:\Program Files\JetBrains\IntelliJ IDEA Community Edition 2021.3.2\bin -Dfile.encoding=UTF-8 
java_command: MainKt
java_class_path (initial): C:\Users\HP\Desktop\newderar\build\classes\kotlin\jvm\main;C:\Users\HP\Desktop\newderar\build\processedResources\jvm\main;C:\Users\HP\.gradle\caches\modules-2\files-2.1\io.insert-koin\koin-androidx-compose\3.4.5\ae0a88b7a68d507e651c5a3d70a541594bea54cb\koin-androidx-compose-3.4.5.aar;C:\Users\HP\.gradle\caches\modules-2\files-2.1\androidx.navigation\navigation-compose\2.6.0\3f8ce7b0bad21cced0c47b42b6347c65a6e422c3\navigation-compose-2.6.0.aar;C:\Users\HP\.gradle\caches\modules-2\files-2.1\org.jetbrains.kotlin\kotlin-stdlib-jdk8\1.8.21\67f57e154437cd9e6e9cf368394b95814836ff88\kotlin-stdlib-jdk8-1.8.21.jar;C:\Users\HP\.gradle\caches\modules-2\files-2.1\org.apache.poi\poi-ooxml\4.1.2\87d9a22aa9a7dd26e80c360e709f7ee02e32ab3b\poi-ooxml-4.1.2.jar;C:\Users\HP\.gradle\caches\modules-2\files-2.1\org.apache.poi\poi\4.1.2\964bf41cf68bce08e4ef6b2279b559fdf8d454f4\poi-4.1.2.jar;C:\Users\HP\.gradle\caches\modules-2\files-2.1\org.lwjgl\lwjgl-nfd\3.3.1\622318116996ddcff449b46cb38f0fdee39b8ac3\lwjgl-nfd-3.3.1.jar;C:\Users\HP\.gradle\caches\modules-2\files-2.1\org.lwjgl\lwjgl-nfd\3.3.1\2e007667e04ed3281152ae5c6e677fb1c2211691\lwjgl-nfd-3.3.1-natives-linux.jar;C:\Users\HP\.gradle\caches\modules-2\files-2.1\org.lwjgl\lwjgl\3.3.1\ae58664f88e18a9bb2c77b063833ca7aaec484cb\lwjgl-3.3.1.jar;C:\Users\HP\.gradle\caches\modules-2\files-2.1\io.insert-koin\koin-android\3.4.0\48715fbe06102a59a30bd45b06ed2400c16c6f45\koin-android-3.4.0.aar;C:\Users\HP\.gradle\caches\modules-2\files-2.1\org.lwjgl\lwjgl-nfd\3.3.1\b3e04e317f55dd738d8a345cdafd15b39f85a2ea\lwjgl-nfd-3.3.1-natives-linux-arm32.jar;C:\Users\HP\.gradle\caches\modules-2\files-2.1\androidx.lifecycle\lifecycle-viewmodel-compose\2.6.1\38cf3bb65ff3e0e5c3d63de2ebf5411d0898108c\lifecycle-viewmodel-compose-2.6.1.aar;C:\Users\HP\.gradle\caches\modules-2\files-2.1\org.lwjgl\lwjgl-nfd\3.3.1\f41dc62336f7ee4ab35705cfa440cc903d199165\lwjgl-nfd-3.3.1-natives-linux-arm64.jar;C:\Users\HP\.gradle\caches\modules-2\files-2.1\androi
Launcher Type: SUN_STANDARD

[Global flags]
     intx CICompilerCount                          = 3                                         {product} {ergonomic}
     uint ConcGCThreads                            = 1                                         {product} {ergonomic}
     uint G1ConcRefinementThreads                  = 4                                         {product} {ergonomic}
   size_t G1HeapRegionSize                         = 2097152                                   {product} {ergonomic}
    uintx GCDrainStackTargetSize                   = 64                                        {product} {ergonomic}
   size_t InitialHeapSize                          = 266338304                                 {product} {ergonomic}
   size_t MarkStackSize                            = 4194304                                   {product} {ergonomic}
   size_t MaxHeapSize                              = 4255121408                                {product} {ergonomic}
   size_t MaxNewSize                               = 2552233984                                {product} {ergonomic}
   size_t MinHeapDeltaBytes                        = 2097152                                   {product} {ergonomic}
   size_t MinHeapSize                              = 8388608                                   {product} {ergonomic}
    uintx NonNMethodCodeHeapSize                   = 5832780                                {pd product} {ergonomic}
    uintx NonProfiledCodeHeapSize                  = 122912730                              {pd product} {ergonomic}
    uintx ProfiledCodeHeapSize                     = 122912730                              {pd product} {ergonomic}
    uintx ReservedCodeCacheSize                    = 251658240                              {pd product} {ergonomic}
     bool SegmentedCodeCache                       = true                                      {product} {ergonomic}
   size_t SoftMaxHeapSize                          = 4255121408                             {manageable} {ergonomic}
     bool UseCompressedClassPointers               = true                           {product lp64_product} {ergonomic}
     bool UseCompressedOops                        = true                           {product lp64_product} {ergonomic}
     bool UseG1GC                                  = true                                      {product} {ergonomic}
     bool UseLargePagesIndividualAllocation        = false                                  {pd product} {ergonomic}

Logging:
Log output configuration:
 #0: stdout all=warning uptime,level,tags
 #1: stderr all=off uptime,level,tags

Environment Variables:
PATH=C:\Program Files\Common Files\Oracle\Java\javapath;C:\Program Files (x86)\Common Files\Oracle\Java\javapath;C:\Windows\system32;C:\Windows;C:\Windows\System32\Wbem;C:\Windows\System32\WindowsPowerShell\v1.0\;C:\Windows\System32\OpenSSH\;C:\xampp\php;C:\ProgramData\ComposerSetup\bin;C:\Program Files\nodejs\;C:\Program Files (x86)\Intel\Intel(R) Management Engine Components\DAL;C:\Program Files\Intel\Intel(R) Management Engine Components\DAL;C:\Program Files\Git\cmd;C:\Program Files\Fortect;C:\Users\HP\AppData\Local\Microsoft\WindowsApps;C:\Program Files\JetBrains\IntelliJ IDEA Community Edition 2021.3.2\bin;C:\Users\HP\AppData\Local\Programs\Microsoft VS Code\bin;C:\Users\HP\AppData\Local\JetBrains\Toolbox\scripts;C:\Users\HP\AppData\Local\GitHubDesktop\bin;C:\Users\HP\Desktop\camp\flutter_windows_3.7.6-stable\flutter\bin;C:\Users\HP\AppData\Roaming\Composer\vendor\bin;C:\Users\HP\AppData\Roaming\npm
USERNAME=HP
OS=Windows_NT
PROCESSOR_IDENTIFIER=Intel64 Family 6 Model 142 Stepping 9, GenuineIntel
TMP=C:\Users\HP\AppData\Local\Temp
TEMP=C:\Users\HP\AppData\Local\Temp



---------------  S Y S T E M  ---------------

OS:
 Windows 10 , 64 bit Build 19041 (10.0.19041.3155)
OS uptime: 2 days 12:16 hours
Hyper-V role detected

CPU: total 4 (initial active 4) (2 cores per cpu, 2 threads per core) family 6 model 142 stepping 9 microcode 0xf2, cx8, cmov, fxsr, ht, mmx, 3dnowpref, sse, sse2, sse3, ssse3, sse4.1, sse4.2, popcnt, lzcnt, tsc, tscinvbit, avx, avx2, aes, erms, clmul, bmi1, bmi2, rtm, adx, fma, vzeroupper, clflush, clflushopt, hv

Memory: 4k page, system-wide physical 16224M (5495M free)
TotalPageFile size 32096M (AvailPageFile size 19259M)
current process WorkingSet (physical memory assigned to process): 318M, peak: 366M
current process commit charge ("private bytes"): 322M, peak: 430M

vm_info: OpenJDK 64-Bit Server VM (17.0.7+7-LTS) for windows-amd64 JRE (17.0.7+7-LTS), built on Apr 14 2023 01:39:21 by "Administrator" with MS VC++ 15.9 (VS2017)

END.
