#
# A fatal error has been detected by the Java Runtime Environment:
#
#  EXCEPTION_ACCESS_VIOLATION (0xc0000005) at pc=0x00007ffe74e7ebe3, pid=17100, tid=6280
#
# JRE version: OpenJDK Runtime Environment Corretto-17.0.7.7.1 (17.0.7+7) (build 17.0.7+7-LTS)
# Java VM: OpenJDK 64-Bit Server VM Corretto-17.0.7.7.1 (17.0.7+7-LTS, mixed mode, sharing, tiered, compressed oops, compressed class ptrs, g1 gc, windows-amd64)
# Problematic frame:
# C  [ig9icd64.dll+0x9bebe3]
#
# No core dump will be written. Minidumps are not enabled by default on client versions of Windows
#
# If you would like to submit a bug report, please visit:
#   https://github.com/corretto/corretto-17/issues/
# The crash happened outside the Java Virtual Machine in native code.
# See problematic frame for where to report the bug.
#

---------------  S U M M A R Y ------------

Command Line: -Djava.library.path=C:\Users\HP\Desktop\newderar\build\classes\kotlin\jvm\main;C:\Users\HP\Desktop\newderar\build\processedResources\jvm\main -javaagent:C:\Program Files\JetBrains\IntelliJ IDEA Community Edition 2021.3.2\lib\idea_rt.jar=53016:C:\Program Files\JetBrains\IntelliJ IDEA Community Edition 2021.3.2\bin -Dfile.encoding=UTF-8 MainKt

Host: Intel(R) Core(TM) i5-7300U CPU @ 2.60GHz, 4 cores, 15G,  Windows 10 , 64 bit Build 19041 (10.0.19041.3155)
Time: Sun Jul  9 00:03:36 2023 Libya Standard Time elapsed time: 696.494427 seconds (0d 0h 11m 36s)

---------------  T H R E A D  ---------------

Current thread (0x000002e72bc1d680):  JavaThread "AWT-EventQueue-0" [_thread_in_native, id=6280, stack(0x000000faf3b00000,0x000000faf3c00000)]

Stack: [0x000000faf3b00000,0x000000faf3c00000],  sp=0x000000faf3bfcae8,  free space=1010k
Native frames: (J=compiled Java code, j=interpreted, Vv=VM code, C=native code)
C  [ig9icd64.dll+0x9bebe3]

Java frames: (J=compiled Java code, j=interpreted, Vv=VM code)
J 5356  org.jetbrains.skia.DirectContextKt.DirectContext_nFlush(J)V (0 bytes) @ 0x000002e7181d5069 [0x000002e7181d5020+0x0000000000000049]
J 5936 c2 org.jetbrains.skiko.redrawer.WindowsOpenGLRedrawer$Companion$frameDispatcher$1.invokeSuspend(Ljava/lang/Object;)Ljava/lang/Object; (379 bytes) @ 0x000002e7182cd228 [0x000002e7182cbc80+0x00000000000015a8]
J 5935 c2 org.jetbrains.skiko.FrameDispatcher$job$1.invokeSuspend(Ljava/lang/Object;)Ljava/lang/Object; (156 bytes) @ 0x000002e7182c98f0 [0x000002e7182c96a0+0x0000000000000250]
J 5063 c2 kotlin.coroutines.jvm.internal.BaseContinuationImpl.resumeWith(Ljava/lang/Object;)V (128 bytes) @ 0x000002e71819b6f4 [0x000002e71819b6a0+0x0000000000000054]
J 5315 c2 kotlinx.coroutines.DispatchedTask.run()V (571 bytes) @ 0x000002e7181cc76c [0x000002e7181cc420+0x000000000000034c]
J 5365 c2 java.awt.EventDispatchThread.pumpOneEventForFilters(I)V java.desktop@17.0.7 (113 bytes) @ 0x000002e7181d9aa4 [0x000002e7181d8e20+0x0000000000000c84]
J 6026% c2 java.awt.EventDispatchThread.pumpEventsForFilter(ILjava/awt/Conditional;Ljava/awt/EventFilter;)V java.desktop@17.0.7 (47 bytes) @ 0x000002e718313640 [0x000002e718313520+0x0000000000000120]
j  java.awt.EventDispatchThread.pumpEventsForHierarchy(ILjava/awt/Conditional;Ljava/awt/Component;)V+11 java.desktop@17.0.7
j  java.awt.EventDispatchThread.pumpEvents(ILjava/awt/Conditional;)V+4 java.desktop@17.0.7
j  java.awt.EventDispatchThread.pumpEvents(Ljava/awt/Conditional;)V+3 java.desktop@17.0.7
j  java.awt.EventDispatchThread.run()V+9 java.desktop@17.0.7
v  ~StubRoutines::call_stub

siginfo: EXCEPTION_ACCESS_VIOLATION (0xc0000005), reading address 0xffffffffffffffff


Register to memory mapping:

RIP=0x00007ffe74e7ebe3 ig9icd64.dll
RAX=0x000000000fff0fff is an unknown value
RBX=0x00007ffe744c0000 ig9icd64.dll
RCX=0x000000033fcf3fcc is an unknown value
RDX=0x000000faf3bfd000 is pointing into the stack for thread: 0x000002e72bc1d680
RSP=0x000000faf3bfcae8 is pointing into the stack for thread: 0x000002e72bc1d680
RBP=0x000000faf3bfcbf0 is pointing into the stack for thread: 0x000002e72bc1d680
RSI=0x000002e7308e6740 points into unknown readable memory: 0x000002e7308ad400 | 00 d4 8a 30 e7 02 00 00
RDI=0x000000faf3bfcdf0 is pointing into the stack for thread: 0x000002e72bc1d680
R8 =0x000000faf3bfcc20 is pointing into the stack for thread: 0x000002e72bc1d680
R9 =0x000000faf3bfd000 is pointing into the stack for thread: 0x000002e72bc1d680
R10=0x000000faf3bfcdf0 is pointing into the stack for thread: 0x000002e72bc1d680
R11=0x0 is NULL
R12=0x00007ffe752f15e0 ig9icd64.dll
R13=0x0 is NULL
R14=0x0 is NULL
R15=0x00000000000001c1 is an unknown value


Registers:
RAX=0x000000000fff0fff, RBX=0x00007ffe744c0000, RCX=0x000000033fcf3fcc, RDX=0x000000faf3bfd000
RSP=0x000000faf3bfcae8, RBP=0x000000faf3bfcbf0, RSI=0x000002e7308e6740, RDI=0x000000faf3bfcdf0
R8 =0x000000faf3bfcc20, R9 =0x000000faf3bfd000, R10=0x000000faf3bfcdf0, R11=0x0000000000000000
R12=0x00007ffe752f15e0, R13=0x0000000000000000, R14=0x0000000000000000, R15=0x00000000000001c1
RIP=0x00007ffe74e7ebe3, EFLAGS=0x0000000000010206

Top of Stack: (sp=0x000000faf3bfcae8)
0x000000faf3bfcae8:   00007ffe74e7c31b 0000000000000001
0x000000faf3bfcaf8:   0000000000000000 000002e73378af00
0x000000faf3bfcb08:   00007ffeda002622 000000fa00000065
0x000000faf3bfcb18:   000000faf3bfcd20 0000000000000000
0x000000faf3bfcb28:   000002e733412350 0000000000000000
0x000000faf3bfcb38:   000002e73b2f2fb0 000002e73378af50
0x000000faf3bfcb48:   0000000000001100 0000000000000000
0x000000faf3bfcb58:   0000000000000000 000000faf3bfccd0
0x000000faf3bfcb68:   00007ffe74b179c0 0000000000000000
0x000000faf3bfcb78:   0000000000000000 0000000000000000
0x000000faf3bfcb88:   0000000000000000 0000df7c237ec51f
0x000000faf3bfcb98:   00007ffe744d6555 000002e73378af50
0x000000faf3bfcba8:   0000000000004001 0000000000000000
0x000000faf3bfcbb8:   00007ffee9b7b86b 000000000011001a
0x000000faf3bfcbc8:   000000000000005c 000002e73ad01f10
0x000000faf3bfcbd8:   0000000000000000 0000000000000000 

Instructions: (pc=0x00007ffe74e7ebe3)
0x00007ffe74e7eae3:   c1 75 31 00 48 89 51 08 48 89 01 8b 44 24 28 89
0x00007ffe74e7eaf3:   41 20 8b 44 24 30 89 41 24 48 8b c1 4c 89 41 10
0x00007ffe74e7eb03:   4c 89 49 18 c3 cc cc cc cc cc cc cc cc 48 89 5c
0x00007ffe74e7eb13:   24 08 8b 41 5c 48 8d 1d e1 14 64 ff 41 89 40 08
0x00007ffe74e7eb23:   4c 8b d1 8b 41 60 45 33 db 41 89 40 0c 4c 8b ca
0x00007ffe74e7eb33:   8b 41 64 41 89 40 10 8b 41 68 41 89 40 14 8b 41
0x00007ffe74e7eb43:   6c 41 89 40 18 8b 41 70 41 89 40 1c 48 63 41 74
0x00007ffe74e7eb53:   48 6b c8 34 8b 84 19 44 d1 ee 00 41 89 40 20 8b
0x00007ffe74e7eb63:   84 19 48 d1 ee 00 41 89 40 24 8b 84 19 4c d1 ee
0x00007ffe74e7eb73:   00 41 89 40 28 8b 84 19 50 d1 ee 00 41 89 40 2c
0x00007ffe74e7eb83:   8b 84 19 34 d1 ee 00 41 89 40 30 8b 84 19 38 d1
0x00007ffe74e7eb93:   ee 00 41 89 40 34 8b 84 19 3c d1 ee 00 41 89 40
0x00007ffe74e7eba3:   38 8b 84 19 40 d1 ee 00 41 89 40 3c 8b 84 19 24
0x00007ffe74e7ebb3:   d1 ee 00 41 89 40 40 8b 84 19 28 d1 ee 00 41 89
0x00007ffe74e7ebc3:   40 44 8b 84 19 2c d1 ee 00 41 89 40 48 8b 84 19
0x00007ffe74e7ebd3:   30 d1 ee 00 41 89 40 4c 49 63 42 78 48 6b c8 34
0x00007ffe74e7ebe3:   8b 84 19 44 d1 ee 00 41 89 40 50 8b 84 19 48 d1
0x00007ffe74e7ebf3:   ee 00 41 89 40 54 8b 84 19 4c d1 ee 00 41 89 40
0x00007ffe74e7ec03:   58 8b 84 19 50 d1 ee 00 41 89 40 5c 8b 84 19 34
0x00007ffe74e7ec13:   d1 ee 00 41 89 40 60 8b 84 19 38 d1 ee 00 41 89
0x00007ffe74e7ec23:   40 64 8b 84 19 3c d1 ee 00 41 89 40 68 8b 84 19
0x00007ffe74e7ec33:   40 d1 ee 00 41 89 40 6c 8b 84 19 24 d1 ee 00 41
0x00007ffe74e7ec43:   89 40 70 8b 84 19 28 d1 ee 00 41 89 40 74 8b 84
0x00007ffe74e7ec53:   19 2c d1 ee 00 41 89 40 78 8b 84 19 30 d1 ee 00
0x00007ffe74e7ec63:   41 89 40 7c 48 8b 42 18 8b 88 38 0b 00 00 f6 c1
0x00007ffe74e7ec73:   08 0f 84 86 00 00 00 8b 80 3c 0b 00 00 41 89 80
0x00007ffe74e7ec83:   80 00 00 00 48 8b 42 18 8b 88 40 0b 00 00 41 89
0x00007ffe74e7ec93:   88 84 00 00 00 48 8b 42 18 8b 88 44 0b 00 00 41
0x00007ffe74e7eca3:   89 88 88 00 00 00 48 8b 42 18 8b 88 48 0b 00 00
0x00007ffe74e7ecb3:   41 89 88 8c 00 00 00 48 8b 42 18 8b 88 4c 0b 00
0x00007ffe74e7ecc3:   00 41 89 88 90 00 00 00 48 8b 42 18 8b 88 50 0b
0x00007ffe74e7ecd3:   00 00 41 89 88 94 00 00 00 48 8b 42 18 8b 88 54 


Stack slot to memory mapping:
stack at sp + 0 slots: 0x00007ffe74e7c31b ig9icd64.dll
stack at sp + 1 slots: 0x0000000000000001 is an unknown value
stack at sp + 2 slots: 0x0 is NULL
stack at sp + 3 slots: 0x000002e73378af00 points into unknown readable memory: 0x0000000000000000 | 00 00 00 00 00 00 00 00
stack at sp + 4 slots: 0x00007ffeda002622 igdgmm64.dll
stack at sp + 5 slots: 0x000000fa00000065 is an unknown value
stack at sp + 6 slots: 0x000000faf3bfcd20 is pointing into the stack for thread: 0x000002e72bc1d680
stack at sp + 7 slots: 0x0 is NULL


---------------  P R O C E S S  ---------------

Threads class SMR info:
_java_thread_list=0x000002e7333edb80, length=26, elements={
0x000002e708946d80, 0x000002e72aff7370, 0x000002e72aff8980, 0x000002e72b00c730,
0x000002e72b00d2e0, 0x000002e72b0101b0, 0x000002e72b010b60, 0x000002e72b011840,
0x000002e72b178470, 0x000002e72b185170, 0x000002e72afdeec0, 0x000002e72b41d540,
0x000002e72b4a9010, 0x000002e72bc1e3d0, 0x000002e72bbf64f0, 0x000002e72bc1d680,
0x000002e7301c1870, 0x000002e73028eb00, 0x000002e73028bfb0, 0x000002e733076a70,
0x000002e733076f40, 0x000002e733079a90, 0x000002e733079f60, 0x000002e73307c5e0,
0x000002e73307cab0, 0x000002e7338fc4e0
}

Java Threads: ( => current thread )
  0x000002e708946d80 JavaThread "main" [_thread_blocked, id=21396, stack(0x000000faf2000000,0x000000faf2100000)]
  0x000002e72aff7370 JavaThread "Reference Handler" daemon [_thread_blocked, id=10668, stack(0x000000faf2700000,0x000000faf2800000)]
  0x000002e72aff8980 JavaThread "Finalizer" daemon [_thread_blocked, id=19192, stack(0x000000faf2800000,0x000000faf2900000)]
  0x000002e72b00c730 JavaThread "Signal Dispatcher" daemon [_thread_blocked, id=18656, stack(0x000000faf2900000,0x000000faf2a00000)]
  0x000002e72b00d2e0 JavaThread "Attach Listener" daemon [_thread_blocked, id=2892, stack(0x000000faf2a00000,0x000000faf2b00000)]
  0x000002e72b0101b0 JavaThread "Service Thread" daemon [_thread_blocked, id=6460, stack(0x000000faf2b00000,0x000000faf2c00000)]
  0x000002e72b010b60 JavaThread "Monitor Deflation Thread" daemon [_thread_blocked, id=17552, stack(0x000000faf2c00000,0x000000faf2d00000)]
  0x000002e72b011840 JavaThread "C2 CompilerThread0" daemon [_thread_blocked, id=18452, stack(0x000000faf2d00000,0x000000faf2e00000)]
  0x000002e72b178470 JavaThread "C1 CompilerThread0" daemon [_thread_blocked, id=8228, stack(0x000000faf2e00000,0x000000faf2f00000)]
  0x000002e72b185170 JavaThread "Sweeper thread" daemon [_thread_blocked, id=20076, stack(0x000000faf2f00000,0x000000faf3000000)]
  0x000002e72afdeec0 JavaThread "Common-Cleaner" daemon [_thread_blocked, id=11872, stack(0x000000faf3000000,0x000000faf3100000)]
  0x000002e72b41d540 JavaThread "Monitor Ctrl-Break" daemon [_thread_in_native, id=19128, stack(0x000000faf3200000,0x000000faf3300000)]
  0x000002e72b4a9010 JavaThread "Notification Thread" daemon [_thread_blocked, id=17136, stack(0x000000faf3300000,0x000000faf3400000)]
  0x000002e72bc1e3d0 JavaThread "Java2D Disposer" daemon [_thread_blocked, id=17808, stack(0x000000faf3800000,0x000000faf3900000)]
  0x000002e72bbf64f0 JavaThread "AWT-Shutdown" [_thread_blocked, id=15436, stack(0x000000faf3900000,0x000000faf3a00000)]
=>0x000002e72bc1d680 JavaThread "AWT-EventQueue-0" [_thread_in_native, id=6280, stack(0x000000faf3b00000,0x000000faf3c00000)]
  0x000002e7301c1870 JavaThread "Reference Cleaner" daemon [_thread_blocked, id=6528, stack(0x000000faf3c00000,0x000000faf3d00000)]
  0x000002e73028eb00 JavaThread "DefaultDispatcher-worker-3" daemon [_thread_blocked, id=18404, stack(0x000000faf3f00000,0x000000faf4000000)]
  0x000002e73028bfb0 JavaThread "kotlinx.coroutines.DefaultExecutor" daemon [_thread_blocked, id=5656, stack(0x000000faf4000000,0x000000faf4100000)]
  0x000002e733076a70 JavaThread "TimerQueue" daemon [_thread_blocked, id=20952, stack(0x000000faf4300000,0x000000faf4400000)]
  0x000002e733076f40 JavaThread "RealmFinalizingDaemon" daemon [_thread_blocked, id=19784, stack(0x000000faf4600000,0x000000faf4700000)]
  0x000002e733079a90 JavaThread "core-notifier" daemon [_thread_in_native, id=9492, stack(0x000000faf4800000,0x000000faf4900000)]
  0x000002e733079f60 JavaThread "DefaultDispatcher-worker-4" daemon [_thread_blocked, id=17092, stack(0x000000faf4a00000,0x000000faf4b00000)]
  0x000002e73307c5e0 JavaThread "DefaultDispatcher-worker-1" daemon [_thread_blocked, id=9116, stack(0x000000faf4b00000,0x000000faf4c00000)]
  0x000002e73307cab0 JavaThread "DefaultDispatcher-worker-2" daemon [_thread_blocked, id=6132, stack(0x000000faf4c00000,0x000000faf4d00000)]
  0x000002e7338fc4e0 JavaThread "SIGINT handler" daemon [_thread_blocked, id=17544, stack(0x000000faf1d00000,0x000000faf1e00000)]

Other Threads:
  0x000002e72aff1310 VMThread "VM Thread" [stack: 0x000000faf2600000,0x000000faf2700000] [id=632]
  0x000002e72b48f570 WatcherThread [stack: 0x000000faf3400000,0x000000faf3500000] [id=16256]
  0x000002e7089b0b10 GCTaskThread "GC Thread#0" [stack: 0x000000faf2100000,0x000000faf2200000] [id=17400]
  0x000002e72ba07e40 GCTaskThread "GC Thread#1" [stack: 0x000000faf3500000,0x000000faf3600000] [id=14552]
  0x000002e72ba080f0 GCTaskThread "GC Thread#2" [stack: 0x000000faf3600000,0x000000faf3700000] [id=18924]
  0x000002e72b744370 GCTaskThread "GC Thread#3" [stack: 0x000000faf3700000,0x000000faf3800000] [id=20700]
  0x000002e7089c17e0 ConcurrentGCThread "G1 Main Marker" [stack: 0x000000faf2200000,0x000000faf2300000] [id=21172]
  0x000002e7089c21f0 ConcurrentGCThread "G1 Conc#0" [stack: 0x000000faf2300000,0x000000faf2400000] [id=20504]
  0x000002e7089fd3c0 ConcurrentGCThread "G1 Refine#0" [stack: 0x000000faf2400000,0x000000faf2500000] [id=16072]
  0x000002e7089fdde0 ConcurrentGCThread "G1 Service" [stack: 0x000000faf2500000,0x000000faf2600000] [id=21124]

Threads with active compile tasks:

VM state: not at safepoint (normal execution)

VM Mutex/Monitor currently owned by a thread: None

Heap address: 0x0000000702600000, size: 4058 MB, Compressed Oops mode: Zero based, Oop shift amount: 3

CDS archive(s) mapped at: [0x0000000800000000-0x0000000800bc0000-0x0000000800bc0000), size 12320768, SharedBaseAddress: 0x0000000800000000, ArchiveRelocationMode: 0.
Compressed class space mapped at: 0x0000000801000000-0x0000000841000000, reserved size: 1073741824
Narrow klass base: 0x0000000800000000, Narrow klass shift: 0, Narrow klass range: 0x100000000

GC Precious Log:
 CPUs: 4 total, 4 available
 Memory: 16224M
 Large Page Support: Disabled
 NUMA Support: Disabled
 Compressed Oops: Enabled (Zero based)
 Heap Region Size: 2M
 Heap Min Capacity: 8M
 Heap Initial Capacity: 254M
 Heap Max Capacity: 4058M
 Pre-touch: Disabled
 Parallel Workers: 4
 Concurrent Workers: 1
 Concurrent Refinement Workers: 4
 Periodic GC: Disabled

Heap:
 garbage-first heap   total 90112K, used 33429K [0x0000000702600000, 0x0000000800000000)
  region size 2048K, 5 young (10240K), 0 survivors (0K)
 Metaspace       used 34777K, committed 35008K, reserved 1114112K
  class space    used 3738K, committed 3840K, reserved 1048576K

Heap Regions: E=young(eden), S=young(survivor), O=old, HS=humongous(starts), HC=humongous(continues), CS=collection set, F=free, OA=open archive, CA=closed archive, TAMS=top-at-mark-start (previous, next)
|   0|0x0000000702600000, 0x0000000702800000, 0x0000000702800000|100%|HS|  |TAMS 0x0000000702800000, 0x0000000702600000| Untracked 
|   1|0x0000000702800000, 0x00000007029f96f0, 0x0000000702a00000| 98%| O|  |TAMS 0x00000007029f96f0, 0x0000000702800000| Untracked 
|   2|0x0000000702a00000, 0x0000000702c00000, 0x0000000702c00000|100%| O|  |TAMS 0x0000000702c00000, 0x0000000702a00000| Untracked 
|   3|0x0000000702c00000, 0x0000000702dffff8, 0x0000000702e00000| 99%| O|  |TAMS 0x0000000702dffff8, 0x0000000702c00000| Untracked 
|   4|0x0000000702e00000, 0x0000000703000000, 0x0000000703000000|100%| O|  |TAMS 0x0000000703000000, 0x0000000702e00000| Untracked 
|   5|0x0000000703000000, 0x0000000703200000, 0x0000000703200000|100%| O|  |TAMS 0x0000000703200000, 0x0000000703000000| Untracked 
|   6|0x0000000703200000, 0x00000007033b8d90, 0x0000000703400000| 86%| O|  |TAMS 0x0000000703200000, 0x0000000703200000| Untracked 
|   7|0x0000000703400000, 0x00000007034f32c0, 0x0000000703600000| 47%| O|  |TAMS 0x0000000703400000, 0x0000000703400000| Untracked 
|   8|0x0000000703600000, 0x0000000703600000, 0x0000000703800000|  0%| F|  |TAMS 0x0000000703600000, 0x0000000703600000| Untracked 
|   9|0x0000000703800000, 0x0000000703800000, 0x0000000703a00000|  0%| F|  |TAMS 0x0000000703800000, 0x0000000703800000| Untracked 
|  10|0x0000000703a00000, 0x0000000703c00000, 0x0000000703c00000|100%| O|  |TAMS 0x0000000703c00000, 0x0000000703a00000| Untracked 
|  11|0x0000000703c00000, 0x0000000703c00000, 0x0000000703e00000|  0%| F|  |TAMS 0x0000000703c00000, 0x0000000703c00000| Untracked 
|  12|0x0000000703e00000, 0x0000000703e00000, 0x0000000704000000|  0%| F|  |TAMS 0x0000000703e00000, 0x0000000703e00000| Untracked 
|  13|0x0000000704000000, 0x0000000704200000, 0x0000000704200000|100%|HS|  |TAMS 0x0000000704200000, 0x0000000704000000| Untracked 
|  14|0x0000000704200000, 0x0000000704400000, 0x0000000704400000|100%|HC|  |TAMS 0x0000000704400000, 0x0000000704200000| Untracked 
|  15|0x0000000704400000, 0x0000000704600000, 0x0000000704600000|100%|HC|  |TAMS 0x0000000704600000, 0x0000000704400000| Untracked 
|  16|0x0000000704600000, 0x0000000704800000, 0x0000000704800000|100%|HC|  |TAMS 0x0000000704800000, 0x0000000704600000| Untracked 
|  17|0x0000000704800000, 0x0000000704800000, 0x0000000704a00000|  0%| F|  |TAMS 0x0000000704800000, 0x0000000704800000| Untracked 
|  18|0x0000000704a00000, 0x0000000704a00000, 0x0000000704c00000|  0%| F|  |TAMS 0x0000000704a00000, 0x0000000704a00000| Untracked 
|  19|0x0000000704c00000, 0x0000000704c00000, 0x0000000704e00000|  0%| F|  |TAMS 0x0000000704c00000, 0x0000000704c00000| Untracked 
|  20|0x0000000704e00000, 0x0000000704e00000, 0x0000000705000000|  0%| F|  |TAMS 0x0000000704e00000, 0x0000000704e00000| Untracked 
|  21|0x0000000705000000, 0x0000000705000000, 0x0000000705200000|  0%| F|  |TAMS 0x0000000705000000, 0x0000000705000000| Untracked 
|  22|0x0000000705200000, 0x0000000705200000, 0x0000000705400000|  0%| F|  |TAMS 0x0000000705200000, 0x0000000705200000| Untracked 
|  23|0x0000000705400000, 0x0000000705400000, 0x0000000705600000|  0%| F|  |TAMS 0x0000000705400000, 0x0000000705400000| Untracked 
|  24|0x0000000705600000, 0x0000000705600000, 0x0000000705800000|  0%| F|  |TAMS 0x0000000705600000, 0x0000000705600000| Untracked 
|  25|0x0000000705800000, 0x0000000705800000, 0x0000000705a00000|  0%| F|  |TAMS 0x0000000705800000, 0x0000000705800000| Untracked 
|  26|0x0000000705a00000, 0x0000000705a00000, 0x0000000705c00000|  0%| F|  |TAMS 0x0000000705a00000, 0x0000000705a00000| Untracked 
|  27|0x0000000705c00000, 0x0000000705c00000, 0x0000000705e00000|  0%| F|  |TAMS 0x0000000705c00000, 0x0000000705c00000| Untracked 
|  28|0x0000000705e00000, 0x0000000705e00000, 0x0000000706000000|  0%| F|  |TAMS 0x0000000705e00000, 0x0000000705e00000| Untracked 
|  29|0x0000000706000000, 0x0000000706000000, 0x0000000706200000|  0%| F|  |TAMS 0x0000000706000000, 0x0000000706000000| Untracked 
|  30|0x0000000706200000, 0x0000000706200000, 0x0000000706400000|  0%| F|  |TAMS 0x0000000706200000, 0x0000000706200000| Untracked 
|  31|0x0000000706400000, 0x0000000706400000, 0x0000000706600000|  0%| F|  |TAMS 0x0000000706400000, 0x0000000706400000| Untracked 
|  32|0x0000000706600000, 0x0000000706600000, 0x0000000706800000|  0%| F|  |TAMS 0x0000000706600000, 0x0000000706600000| Untracked 
|  33|0x0000000706800000, 0x0000000706800000, 0x0000000706a00000|  0%| F|  |TAMS 0x0000000706800000, 0x0000000706800000| Untracked 
|  34|0x0000000706a00000, 0x0000000706a00000, 0x0000000706c00000|  0%| F|  |TAMS 0x0000000706a00000, 0x0000000706a00000| Untracked 
|  35|0x0000000706c00000, 0x0000000706c00000, 0x0000000706e00000|  0%| F|  |TAMS 0x0000000706c00000, 0x0000000706c00000| Untracked 
|  36|0x0000000706e00000, 0x0000000706e00000, 0x0000000707000000|  0%| F|  |TAMS 0x0000000706e00000, 0x0000000706e00000| Untracked 
|  37|0x0000000707000000, 0x0000000707000000, 0x0000000707200000|  0%| F|  |TAMS 0x0000000707000000, 0x0000000707000000| Untracked 
|  38|0x0000000707200000, 0x0000000707200000, 0x0000000707400000|  0%| F|  |TAMS 0x0000000707200000, 0x0000000707200000| Untracked 
|  39|0x0000000707400000, 0x00000007074be288, 0x0000000707600000| 37%| E|  |TAMS 0x0000000707400000, 0x0000000707400000| Complete 
|  40|0x0000000707600000, 0x0000000707800000, 0x0000000707800000|100%| E|CS|TAMS 0x0000000707600000, 0x0000000707600000| Complete 
|  41|0x0000000707800000, 0x0000000707a00000, 0x0000000707a00000|100%| E|CS|TAMS 0x0000000707800000, 0x0000000707800000| Complete 
|  42|0x0000000707a00000, 0x0000000707c00000, 0x0000000707c00000|100%| E|CS|TAMS 0x0000000707a00000, 0x0000000707a00000| Complete 
|  43|0x0000000707c00000, 0x0000000707e00000, 0x0000000707e00000|100%| E|CS|TAMS 0x0000000707c00000, 0x0000000707c00000| Complete 

Card table byte_map: [0x000002e71fc30000,0x000002e720420000] _byte_map_base: 0x000002e71c41d000

Marking Bits (Prev, Next): (CMBitMap*) 0x000002e7089b1160, (CMBitMap*) 0x000002e7089b1120
 Prev Bits: [0x000002e724b80000, 0x000002e728ae8000)
 Next Bits: [0x000002e720c10000, 0x000002e724b78000)

Polling page: 0x000002e7068b0000

Metaspace:

Usage:
  Non-class:     30.31 MB used.
      Class:      3.65 MB used.
       Both:     33.96 MB used.

Virtual space:
  Non-class space:       64.00 MB reserved,      30.44 MB ( 48%) committed,  1 nodes.
      Class space:        1.00 GB reserved,       3.75 MB ( <1%) committed,  1 nodes.
             Both:        1.06 GB reserved,      34.19 MB (  3%) committed. 

Chunk freelists:
   Non-Class:  1.20 MB
       Class:  12.27 MB
        Both:  13.47 MB

MaxMetaspaceSize: unlimited
CompressedClassSpaceSize: 1.00 GB
Initial GC threshold: 21.00 MB
Current GC threshold: 56.88 MB
CDS: on
MetaspaceReclaimPolicy: balanced
 - commit_granule_bytes: 65536.
 - commit_granule_words: 8192.
 - virtual_space_node_default_size: 8388608.
 - enlarge_chunks_in_place: 1.
 - new_chunks_are_fully_committed: 0.
 - uncommit_free_chunks: 1.
 - use_allocation_guard: 0.
 - handle_deallocations: 1.


Internal statistics:

num_allocs_failed_limit: 3.
num_arena_births: 160.
num_arena_deaths: 0.
num_vsnodes_births: 2.
num_vsnodes_deaths: 0.
num_space_committed: 547.
num_space_uncommitted: 0.
num_chunks_returned_to_freelist: 3.
num_chunks_taken_from_freelist: 1074.
num_chunk_merges: 3.
num_chunk_splits: 927.
num_chunks_enlarged: 845.
num_inconsistent_stats: 0.

CodeHeap 'non-profiled nmethods': size=120000Kb used=4200Kb max_used=4200Kb free=115799Kb
 bounds [0x000002e717f10000, 0x000002e718330000, 0x000002e71f440000]
CodeHeap 'profiled nmethods': size=120000Kb used=9564Kb max_used=11400Kb free=110435Kb
 bounds [0x000002e710440000, 0x000002e710f70000, 0x000002e717970000]
CodeHeap 'non-nmethods': size=5760Kb used=1893Kb max_used=1967Kb free=3866Kb
 bounds [0x000002e717970000, 0x000002e717be0000, 0x000002e717f10000]
 total_blobs=6643 nmethods=5262 adapters=1292
 compilation: enabled
              stopped_count=0, restarted_count=0
 full_count=0

Compilation events (20 events):
Event: 617.214 Thread 0x000002e72b011840 6054       4       androidx.compose.ui.platform.AccessibilityControllerImpl::syncLoop (163 bytes)
Event: 617.217 Thread 0x000002e72b011840 nmethod 6054 0x000002e718324f90 code [0x000002e718325140, 0x000002e7183254a8]
Event: 617.217 Thread 0x000002e72b011840 6055       4       androidx.compose.ui.platform.FlushCoroutineDispatcher$scheduleResumeAfterDelay$2::create (24 bytes)
Event: 617.220 Thread 0x000002e72b011840 nmethod 6055 0x000002e718325710 code [0x000002e7183258a0, 0x000002e718325bb8]
Event: 617.325 Thread 0x000002e72b011840 6056       4       javax.swing.Timer$DoPostEvent::run (82 bytes)
Event: 617.333 Thread 0x000002e72b011840 nmethod 6056 0x000002e718325d10 code [0x000002e718325f00, 0x000002e718326428]
Event: 617.333 Thread 0x000002e72b011840 6057       4       javax.swing.Timer::fireActionPerformed (46 bytes)
Event: 617.337 Thread 0x000002e72b011840 nmethod 6057 0x000002e718326c10 code [0x000002e718326dc0, 0x000002e718327088]
Event: 631.475 Thread 0x000002e72b011840 6058       4       javax.swing.Timer::<init> (92 bytes)
Event: 631.488 Thread 0x000002e72b011840 nmethod 6058 0x000002e718327390 code [0x000002e718327580, 0x000002e718328438]
Event: 631.488 Thread 0x000002e72b011840 6059  s    4       javax.swing.event.EventListenerList::add (102 bytes)
Event: 631.492 Thread 0x000002e72b011840 nmethod 6059 0x000002e718328810 code [0x000002e7183289a0, 0x000002e718328ed8]
Event: 631.585 Thread 0x000002e72b011840 6060       4       androidx.compose.ui.platform.AccessibilityControllerImpl$syncLoop$1::invokeSuspend (28 bytes)
Event: 631.589 Thread 0x000002e72b011840 nmethod 6060 0x000002e718329090 code [0x000002e718329240, 0x000002e7183296c8]
Event: 696.456 Thread 0x000002e72b178470 6061       3       java.util.IdentityHashMap$IdentityHashMapIterator::nextIndex (72 bytes)
Event: 696.457 Thread 0x000002e72b178470 nmethod 6061 0x000002e7105d3990 code [0x000002e7105d3b60, 0x000002e7105d3fa8]
Event: 696.462 Thread 0x000002e72b011840 6062       4       kotlinx.coroutines.JobSupport::isCompleted (16 bytes)
Event: 696.464 Thread 0x000002e72b011840 nmethod 6062 0x000002e718329910 code [0x000002e718329a80, 0x000002e718329b98]
Event: 696.465 Thread 0x000002e72b011840 6063       4       kotlin.reflect.jvm.internal.pcollections.IntTree::get (60 bytes)
Event: 696.468 Thread 0x000002e72b011840 nmethod 6063 0x000002e718329c90 code [0x000002e718329e40, 0x000002e71832a090]

GC Heap History (20 events):
Event: 566.862 GC heap before
{Heap before GC invocations=106 (full 18):
 garbage-first heap   total 90112K, used 76435K [0x0000000702600000, 0x0000000800000000)
  region size 2048K, 25 young (51200K), 0 survivors (0K)
 Metaspace       used 34753K, committed 35008K, reserved 1114112K
  class space    used 3735K, committed 3840K, reserved 1048576K
}
Event: 566.863 GC heap after
{Heap after GC invocations=107 (full 18):
 garbage-first heap   total 90112K, used 25301K [0x0000000702600000, 0x0000000800000000)
  region size 2048K, 1 young (2048K), 1 survivors (2048K)
 Metaspace       used 34753K, committed 35008K, reserved 1114112K
  class space    used 3735K, committed 3840K, reserved 1048576K
}
Event: 572.358 GC heap before
{Heap before GC invocations=107 (full 18):
 garbage-first heap   total 90112K, used 35541K [0x0000000702600000, 0x0000000800000000)
  region size 2048K, 7 young (14336K), 1 survivors (2048K)
 Metaspace       used 34753K, committed 35008K, reserved 1114112K
  class space    used 3735K, committed 3840K, reserved 1048576K
}
Event: 572.390 GC heap after
{Heap after GC invocations=108 (full 19):
 garbage-first heap   total 90112K, used 25237K [0x0000000702600000, 0x0000000800000000)
  region size 2048K, 0 young (0K), 0 survivors (0K)
 Metaspace       used 34753K, committed 35008K, reserved 1114112K
  class space    used 3735K, committed 3840K, reserved 1048576K
}
Event: 597.036 GC heap before
{Heap before GC invocations=108 (full 19):
 garbage-first heap   total 90112K, used 76437K [0x0000000702600000, 0x0000000800000000)
  region size 2048K, 25 young (51200K), 0 survivors (0K)
 Metaspace       used 34753K, committed 35008K, reserved 1114112K
  class space    used 3735K, committed 3840K, reserved 1048576K
}
Event: 597.037 GC heap after
{Heap after GC invocations=109 (full 19):
 garbage-first heap   total 90112K, used 25306K [0x0000000702600000, 0x0000000800000000)
  region size 2048K, 1 young (2048K), 1 survivors (2048K)
 Metaspace       used 34753K, committed 35008K, reserved 1114112K
  class space    used 3735K, committed 3840K, reserved 1048576K
}
Event: 602.399 GC heap before
{Heap before GC invocations=109 (full 19):
 garbage-first heap   total 90112K, used 35546K [0x0000000702600000, 0x0000000800000000)
  region size 2048K, 7 young (14336K), 1 survivors (2048K)
 Metaspace       used 34753K, committed 35008K, reserved 1114112K
  class space    used 3735K, committed 3840K, reserved 1048576K
}
Event: 602.421 GC heap after
{Heap after GC invocations=110 (full 20):
 garbage-first heap   total 90112K, used 25236K [0x0000000702600000, 0x0000000800000000)
  region size 2048K, 0 young (0K), 0 survivors (0K)
 Metaspace       used 34753K, committed 35008K, reserved 1114112K
  class space    used 3735K, committed 3840K, reserved 1048576K
}
Event: 625.943 GC heap before
{Heap before GC invocations=110 (full 20):
 garbage-first heap   total 90112K, used 76436K [0x0000000702600000, 0x0000000800000000)
  region size 2048K, 25 young (51200K), 0 survivors (0K)
 Metaspace       used 34753K, committed 35008K, reserved 1114112K
  class space    used 3735K, committed 3840K, reserved 1048576K
}
Event: 625.944 GC heap after
{Heap after GC invocations=111 (full 20):
 garbage-first heap   total 90112K, used 25304K [0x0000000702600000, 0x0000000800000000)
  region size 2048K, 1 young (2048K), 1 survivors (2048K)
 Metaspace       used 34753K, committed 35008K, reserved 1114112K
  class space    used 3735K, committed 3840K, reserved 1048576K
}
Event: 632.424 GC heap before
{Heap before GC invocations=111 (full 20):
 garbage-first heap   total 90112K, used 37592K [0x0000000702600000, 0x0000000800000000)
  region size 2048K, 8 young (16384K), 1 survivors (2048K)
 Metaspace       used 34753K, committed 35008K, reserved 1114112K
  class space    used 3735K, committed 3840K, reserved 1048576K
}
Event: 632.448 GC heap after
{Heap after GC invocations=112 (full 21):
 garbage-first heap   total 90112K, used 25236K [0x0000000702600000, 0x0000000800000000)
  region size 2048K, 0 young (0K), 0 survivors (0K)
 Metaspace       used 34753K, committed 35008K, reserved 1114112K
  class space    used 3735K, committed 3840K, reserved 1048576K
}
Event: 657.650 GC heap before
{Heap before GC invocations=112 (full 21):
 garbage-first heap   total 90112K, used 76436K [0x0000000702600000, 0x0000000800000000)
  region size 2048K, 25 young (51200K), 0 survivors (0K)
 Metaspace       used 34753K, committed 35008K, reserved 1114112K
  class space    used 3735K, committed 3840K, reserved 1048576K
}
Event: 657.650 GC heap after
{Heap after GC invocations=113 (full 21):
 garbage-first heap   total 90112K, used 25305K [0x0000000702600000, 0x0000000800000000)
  region size 2048K, 1 young (2048K), 1 survivors (2048K)
 Metaspace       used 34753K, committed 35008K, reserved 1114112K
  class space    used 3735K, committed 3840K, reserved 1048576K
}
Event: 662.462 GC heap before
{Heap before GC invocations=113 (full 21):
 garbage-first heap   total 90112K, used 35545K [0x0000000702600000, 0x0000000800000000)
  region size 2048K, 7 young (14336K), 1 survivors (2048K)
 Metaspace       used 34753K, committed 35008K, reserved 1114112K
  class space    used 3735K, committed 3840K, reserved 1048576K
}
Event: 662.489 GC heap after
{Heap after GC invocations=114 (full 22):
 garbage-first heap   total 90112K, used 25237K [0x0000000702600000, 0x0000000800000000)
  region size 2048K, 0 young (0K), 0 survivors (0K)
 Metaspace       used 34753K, committed 35008K, reserved 1114112K
  class space    used 3735K, committed 3840K, reserved 1048576K
}
Event: 686.576 GC heap before
{Heap before GC invocations=114 (full 22):
 garbage-first heap   total 90112K, used 76437K [0x0000000702600000, 0x0000000800000000)
  region size 2048K, 25 young (51200K), 0 survivors (0K)
 Metaspace       used 34753K, committed 35008K, reserved 1114112K
  class space    used 3735K, committed 3840K, reserved 1048576K
}
Event: 686.578 GC heap after
{Heap after GC invocations=115 (full 22):
 garbage-first heap   total 90112K, used 25299K [0x0000000702600000, 0x0000000800000000)
  region size 2048K, 1 young (2048K), 1 survivors (2048K)
 Metaspace       used 34753K, committed 35008K, reserved 1114112K
  class space    used 3735K, committed 3840K, reserved 1048576K
}
Event: 692.503 GC heap before
{Heap before GC invocations=115 (full 22):
 garbage-first heap   total 90112K, used 37587K [0x0000000702600000, 0x0000000800000000)
  region size 2048K, 8 young (16384K), 1 survivors (2048K)
 Metaspace       used 34753K, committed 35008K, reserved 1114112K
  class space    used 3735K, committed 3840K, reserved 1048576K
}
Event: 692.528 GC heap after
{Heap after GC invocations=116 (full 23):
 garbage-first heap   total 90112K, used 25237K [0x0000000702600000, 0x0000000800000000)
  region size 2048K, 0 young (0K), 0 survivors (0K)
 Metaspace       used 34753K, committed 35008K, reserved 1114112K
  class space    used 3735K, committed 3840K, reserved 1048576K
}

Dll operation events (14 events):
Event: 0.013 Loaded shared library C:\Users\HP\.jdks\corretto-17.0.7\bin\java.dll
Event: 0.026 Loaded shared library C:\Users\HP\.jdks\corretto-17.0.7\bin\jsvml.dll
Event: 0.198 Loaded shared library C:\Users\HP\.jdks\corretto-17.0.7\bin\zip.dll
Event: 0.201 Loaded shared library C:\Users\HP\.jdks\corretto-17.0.7\bin\instrument.dll
Event: 0.210 Loaded shared library C:\Users\HP\.jdks\corretto-17.0.7\bin\net.dll
Event: 0.212 Loaded shared library C:\Users\HP\.jdks\corretto-17.0.7\bin\nio.dll
Event: 0.218 Loaded shared library C:\Users\HP\.jdks\corretto-17.0.7\bin\zip.dll
Event: 0.355 Loaded shared library C:\Program Files\JetBrains\IntelliJ IDEA Community Edition 2021.3.2\bin\breakgen64.dll
Event: 0.532 Loaded shared library C:\Users\HP\.jdks\corretto-17.0.7\bin\jimage.dll
Event: 0.538 Loaded shared library C:\Users\HP\.jdks\corretto-17.0.7\bin\awt.dll
Event: 1.633 Loaded shared library C:\Users\HP\.skiko\0de0d8dd8554d9bb66cfca3837db6514ff9b71080e998917280a3b777460a416\skiko-windows-x64.dll
Event: 2.156 Loaded shared library C:\Users\HP\.jdks\corretto-17.0.7\bin\freetype.dll
Event: 2.157 Loaded shared library C:\Users\HP\.jdks\corretto-17.0.7\bin\fontmanager.dll
Event: 6.928 Loaded shared library C:\Users\HP\AppData\Local\io-realm-kotlin\f7113120ba00ba1ff91d696eecd3919e85a4e34e\realmc.dll

Deoptimization events (20 events):
Event: 696.463 Thread 0x000002e7338fa330 Uncommon trap: trap_request=0xffffffde fr.pc=0x000002e71828a660 relative=0x0000000000000060
Event: 696.463 Thread 0x000002e7338fa330 Uncommon trap: reason=class_check action=maybe_recompile pc=0x000002e71828a660 method=kotlinx.coroutines.AbstractCoroutine.afterResume(Ljava/lang/Object;)V @ 2 c2
Event: 696.463 Thread 0x000002e7338fa330 DEOPT PACKING pc=0x000002e71828a660 sp=0x000000faf1ffea60
Event: 696.463 Thread 0x000002e7338fa330 DEOPT UNPACKING pc=0x000002e7179c69a3 sp=0x000000faf1ffe9e8 mode 2
Event: 696.467 Thread 0x000002e7330795c0 Uncommon trap: trap_request=0xffffffde fr.pc=0x000002e71828a660 relative=0x0000000000000060
Event: 696.467 Thread 0x000002e7330795c0 Uncommon trap: reason=class_check action=maybe_recompile pc=0x000002e71828a660 method=kotlinx.coroutines.AbstractCoroutine.afterResume(Ljava/lang/Object;)V @ 2 c2
Event: 696.467 Thread 0x000002e7330795c0 DEOPT PACKING pc=0x000002e71828a660 sp=0x000000faf49feeb0
Event: 696.467 Thread 0x000002e7330795c0 DEOPT UNPACKING pc=0x000002e7179c69a3 sp=0x000000faf49fee38 mode 2
Event: 696.469 Thread 0x000002e7338fa330 Uncommon trap: trap_request=0xffffffde fr.pc=0x000002e71828a660 relative=0x0000000000000060
Event: 696.469 Thread 0x000002e7338fa330 Uncommon trap: reason=class_check action=maybe_recompile pc=0x000002e71828a660 method=kotlinx.coroutines.AbstractCoroutine.afterResume(Ljava/lang/Object;)V @ 2 c2
Event: 696.469 Thread 0x000002e7338fa330 DEOPT PACKING pc=0x000002e71828a660 sp=0x000000faf1ffef70
Event: 696.469 Thread 0x000002e7338fa330 DEOPT UNPACKING pc=0x000002e7179c69a3 sp=0x000000faf1ffeef8 mode 2
Event: 696.469 Thread 0x000002e7330795c0 Uncommon trap: trap_request=0xffffff45 fr.pc=0x000002e71831ca80 relative=0x00000000000000e0
Event: 696.469 Thread 0x000002e7330795c0 Uncommon trap: reason=unstable_if action=reinterpret pc=0x000002e71831ca80 method=java.util.concurrent.locks.AbstractQueuedSynchronizer$ConditionNode.isReleasable()Z @ 14 c2
Event: 696.469 Thread 0x000002e7330795c0 DEOPT PACKING pc=0x000002e71831ca80 sp=0x000000faf49feda0
Event: 696.469 Thread 0x000002e7330795c0 DEOPT UNPACKING pc=0x000002e7179c69a3 sp=0x000000faf49fec08 mode 2
Event: 696.470 Thread 0x000002e73307bc40 Uncommon trap: trap_request=0xffffff45 fr.pc=0x000002e71831ca80 relative=0x00000000000000e0
Event: 696.470 Thread 0x000002e73307bc40 Uncommon trap: reason=unstable_if action=reinterpret pc=0x000002e71831ca80 method=java.util.concurrent.locks.AbstractQueuedSynchronizer$ConditionNode.isReleasable()Z @ 14 c2
Event: 696.470 Thread 0x000002e73307bc40 DEOPT PACKING pc=0x000002e71831ca80 sp=0x000000faf45ff010
Event: 696.470 Thread 0x000002e73307bc40 DEOPT UNPACKING pc=0x000002e7179c69a3 sp=0x000000faf45fee78 mode 2

Classes unloaded (0 events):
No events

Classes redefined (0 events):
No events

Internal exceptions (20 events):
Event: 1.229 Thread 0x000002e72bc1d680 Exception <a 'java/lang/NoSuchMethodError'{0x0000000711e06118}: 'java.lang.Object java.lang.invoke.DirectMethodHandle$Holder.invokeStaticInit(java.lang.Object, java.lang.Object, int, int, int, int)'> (0x0000000711e06118) 
thrown [s\src\hotspot\share\interpreter\linkResolver.cpp, line 759]
Event: 1.361 Thread 0x000002e72bc1d680 Exception <a 'java/lang/NoSuchMethodError'{0x0000000711d5bbb8}: 'double java.lang.invoke.DirectMethodHandle$Holder.invokeStatic(java.lang.Object, double)'> (0x0000000711d5bbb8) 
thrown [s\src\hotspot\share\interpreter\linkResolver.cpp, line 759]
Event: 1.362 Thread 0x000002e72bc1d680 Exception <a 'java/lang/NoSuchMethodError'{0x0000000711d5f618}: 'double java.lang.invoke.DirectMethodHandle$Holder.invokeStaticInit(java.lang.Object, double)'> (0x0000000711d5f618) 
thrown [s\src\hotspot\share\interpreter\linkResolver.cpp, line 759]
Event: 1.374 Thread 0x000002e72bc1d680 Exception <a 'java/lang/NoSuchMethodError'{0x0000000711da7700}: 'java.lang.Object java.lang.invoke.DirectMethodHandle$Holder.newInvokeSpecial(java.lang.Object, double)'> (0x0000000711da7700) 
thrown [s\src\hotspot\share\interpreter\linkResolver.cpp, line 759]
Event: 1.886 Thread 0x000002e72bc1d680 Exception <a 'java/lang/NoSuchMethodError'{0x0000000710c495c0}: 'void java.lang.invoke.DirectMethodHandle$Holder.invokeSpecial(java.lang.Object, java.lang.Object, java.lang.Object)'> (0x0000000710c495c0) 
thrown [s\src\hotspot\share\interpreter\linkResolver.cpp, line 759]
Event: 1.900 Thread 0x000002e72bc1d680 Exception <a 'java/lang/NoSuchMethodError'{0x0000000710c739b8}: 'java.lang.Object java.lang.invoke.DirectMethodHandle$Holder.newInvokeSpecial(java.lang.Object, java.lang.Object, java.lang.Object, java.lang.Object, java.lang.Object)'> (0x0000000710c739b8) 
thrown [s\src\hotspot\share\interpreter\linkResolver.cpp, line 759]
Event: 1.902 Thread 0x000002e72bc1d680 Exception <a 'java/lang/NoSuchMethodError'{0x0000000710c7f628}: 'java.lang.Object java.lang.invoke.DirectMethodHandle$Holder.invokeStatic(java.lang.Object, int, java.lang.Object, java.lang.Object, java.lang.Object, java.lang.Object)'> (0x0000000710c7f628) 
thrown [s\src\hotspot\share\interpreter\linkResolver.cpp, line 759]
Event: 1.908 Thread 0x000002e72bc1d680 Exception <a 'java/lang/NoSuchMethodError'{0x0000000710ca5090}: 'java.lang.Object java.lang.invoke.DirectMethodHandle$Holder.invokeStatic(java.lang.Object, int, java.lang.Object)'> (0x0000000710ca5090) 
thrown [s\src\hotspot\share\interpreter\linkResolver.cpp, line 759]
Event: 1.953 Thread 0x000002e72bc1d680 Exception <a 'java/lang/ClassNotFoundException'{0x0000000710d61878}: com/sun/swing/internal/plaf/metal/resources/spi/metalProvider> (0x0000000710d61878) 
thrown [s\src\hotspot\share\classfile\systemDictionary.cpp, line 256]
Event: 1.955 Thread 0x000002e72bc1d680 Exception <a 'java/lang/ClassNotFoundException'{0x0000000710d65818}: com/sun/swing/internal/plaf/basic/resources/spi/basicProvider> (0x0000000710d65818) 
thrown [s\src\hotspot\share\classfile\systemDictionary.cpp, line 256]
Event: 1.962 Thread 0x000002e72bc1d680 Implicit null exception at 0x000002e717f8f70f to 0x000002e717f8f789
Event: 1.968 Thread 0x000002e72bc1d680 Implicit null exception at 0x000002e717f3ae90 to 0x000002e717f3b264
Event: 1.969 Thread 0x000002e72bc1d680 Implicit null exception at 0x000002e717f38010 to 0x000002e717f383c8
Event: 2.003 Thread 0x000002e72bc1d680 Exception <a 'java/lang/NoSuchMethodError'{0x0000000710a76400}: 'void java.lang.invoke.DirectMethodHandle$Holder.invokeStatic(java.lang.Object, java.lang.Object, java.lang.Object)'> (0x0000000710a76400) 
thrown [s\src\hotspot\share\interpreter\linkResolver.cpp, line 759]
Event: 2.126 Thread 0x000002e72bc1d680 Exception <a 'java/lang/NoSuchMethodError'{0x000000071093e7b0}: 'void java.lang.invoke.DirectMethodHandle$Holder.invokeStaticInit(java.lang.Object)'> (0x000000071093e7b0) 
thrown [s\src\hotspot\share\interpreter\linkResolver.cpp, line 759]
Event: 2.438 Thread 0x000002e72bc1d680 Exception <a 'java/lang/NoSuchMethodError'{0x00000007121989e0}: 'int java.lang.invoke.DirectMethodHandle$Holder.invokeStaticInit(java.lang.Object, java.lang.Object, java.lang.Object)'> (0x00000007121989e0) 
thrown [s\src\hotspot\share\interpreter\linkResolver.cpp, line 759]
Event: 2.963 Thread 0x000002e72bcbb150 Exception <a 'java/lang/NoSuchMethodError'{0x0000000710a00be8}: 'void java.lang.invoke.DirectMethodHandle$Holder.invokeVirtual(java.lang.Object, java.lang.Object)'> (0x0000000710a00be8) 
thrown [s\src\hotspot\share\interpreter\linkResolver.cpp, line 759]
Event: 6.034 Thread 0x000002e72bc1d680 Exception <a 'java/lang/NoSuchMethodError'{0x0000000704b91310}: 'int java.lang.invoke.DirectMethodHandle$Holder.invokeStaticInit(java.lang.Object, long, long)'> (0x0000000704b91310) 
thrown [s\src\hotspot\share\interpreter\linkResolver.cpp, line 759]
Event: 6.787 Thread 0x000002e72bc1d680 Exception <a 'java/lang/NoSuchMethodError'{0x0000000704e3a940}: 'java.lang.Object java.lang.invoke.DirectMethodHandle$Holder.newInvokeSpecial(java.lang.Object, int, java.lang.Object)'> (0x0000000704e3a940) 
thrown [s\src\hotspot\share\interpreter\linkResolver.cpp, line 759]
Event: 12.845 Thread 0x000002e72bc1d680 Implicit null exception at 0x000002e71817cfce to 0x000002e71817dc18

VM Operations (20 events):
Event: 566.861 Executing VM operation: G1CollectForAllocation
Event: 566.863 Executing VM operation: G1CollectForAllocation done
Event: 572.358 Executing VM operation: G1CollectFull
Event: 572.390 Executing VM operation: G1CollectFull done
Event: 597.036 Executing VM operation: G1CollectForAllocation
Event: 597.037 Executing VM operation: G1CollectForAllocation done
Event: 602.399 Executing VM operation: G1CollectFull
Event: 602.422 Executing VM operation: G1CollectFull done
Event: 625.943 Executing VM operation: G1CollectForAllocation
Event: 625.944 Executing VM operation: G1CollectForAllocation done
Event: 632.423 Executing VM operation: G1CollectFull
Event: 632.448 Executing VM operation: G1CollectFull done
Event: 657.650 Executing VM operation: G1CollectForAllocation
Event: 657.650 Executing VM operation: G1CollectForAllocation done
Event: 662.462 Executing VM operation: G1CollectFull
Event: 662.489 Executing VM operation: G1CollectFull done
Event: 686.576 Executing VM operation: G1CollectForAllocation
Event: 686.578 Executing VM operation: G1CollectForAllocation done
Event: 692.503 Executing VM operation: G1CollectFull
Event: 692.530 Executing VM operation: G1CollectFull done

Events (20 events):
Event: 18.196 Thread 0x000002e72b185170 flushing nmethod 0x000002e710d4e710
Event: 18.196 Thread 0x000002e72b185170 flushing nmethod 0x000002e710d59890
Event: 18.197 Thread 0x000002e72b185170 flushing nmethod 0x000002e710d73690
Event: 18.197 Thread 0x000002e72b185170 flushing nmethod 0x000002e710ec9a10
Event: 19.526 Thread 0x000002e73b4564c0 Thread added: 0x000002e73b4564c0
Event: 19.693 Thread 0x000002e73b4564c0 Thread exited: 0x000002e73b4564c0
Event: 22.290 Thread 0x000002e73b4569d0 Thread added: 0x000002e73b4569d0
Event: 22.653 Thread 0x000002e73b4569d0 Thread exited: 0x000002e73b4569d0
Event: 67.126 Thread 0x000002e730376100 Thread exited: 0x000002e730376100
Event: 67.127 Thread 0x000002e73028e630 Thread exited: 0x000002e73028e630
Event: 696.455 loading class jdk/internal/misc/Signal$1
Event: 696.456 loading class jdk/internal/misc/Signal$1 done
Event: 696.456 Thread 0x000002e7338fc4e0 Thread added: 0x000002e7338fc4e0
Event: 696.456 Thread 0x000002e7338f9990 Thread added: 0x000002e7338f9990
Event: 696.456 Thread 0x000002e7338fa330 Thread added: 0x000002e7338fa330
Event: 696.456 Thread 0x000002e7338f64a0 Thread added: 0x000002e7338f64a0
Event: 696.459 Thread 0x000002e7338f64a0 Thread exited: 0x000002e7338f64a0
Event: 696.467 Thread 0x000002e72bcbb150 Thread exited: 0x000002e72bcbb150
Event: 696.469 Thread 0x000002e7330795c0 Thread exited: 0x000002e7330795c0
Event: 696.470 Thread 0x000002e73307bc40 Thread exited: 0x000002e73307bc40


Dynamic libraries:
0x00007ff7eeda0000 - 0x00007ff7eedad000 	C:\Users\HP\.jdks\corretto-17.0.7\bin\java.exe
0x00007ffee9b50000 - 0x00007ffee9d48000 	C:\Windows\SYSTEM32\ntdll.dll
0x00007ffee90d0000 - 0x00007ffee918f000 	C:\Windows\System32\KERNEL32.DLL
0x00007ffee7790000 - 0x00007ffee7a86000 	C:\Windows\System32\KERNELBASE.dll
0x00007ffee7410000 - 0x00007ffee7510000 	C:\Windows\System32\ucrtbase.dll
0x00007ffedf250000 - 0x00007ffedf265000 	C:\Users\HP\.jdks\corretto-17.0.7\bin\VCRUNTIME140.dll
0x00007ffedd130000 - 0x00007ffedd147000 	C:\Users\HP\.jdks\corretto-17.0.7\bin\jli.dll
0x00007ffee9970000 - 0x00007ffee9b0d000 	C:\Windows\System32\USER32.dll
0x00007ffee76c0000 - 0x00007ffee76e2000 	C:\Windows\System32\win32u.dll
0x00007ffee90a0000 - 0x00007ffee90cc000 	C:\Windows\System32\GDI32.dll
0x00007ffee7a90000 - 0x00007ffee7ba5000 	C:\Windows\System32\gdi32full.dll
0x00007ffecd150000 - 0x00007ffecd3ea000 	C:\Windows\WinSxS\amd64_microsoft.windows.common-controls_6595b64144ccf1df_6.0.19041.1110_none_60b5254171f9507e\COMCTL32.dll
0x00007ffee72c0000 - 0x00007ffee735d000 	C:\Windows\System32\msvcp_win.dll
0x00007ffee8310000 - 0x00007ffee83ae000 	C:\Windows\System32\msvcrt.dll
0x00007ffee8600000 - 0x00007ffee8630000 	C:\Windows\System32\IMM32.DLL
0x00007ffec73d0000 - 0x00007ffec746b000 	C:\Users\HP\.jdks\corretto-17.0.7\bin\msvcp140.dll
0x00007ffea5510000 - 0x00007ffea612a000 	C:\Users\HP\.jdks\corretto-17.0.7\bin\server\jvm.dll
0x00007ffee8630000 - 0x00007ffee86df000 	C:\Windows\System32\ADVAPI32.dll
0x00007ffee8560000 - 0x00007ffee85fc000 	C:\Windows\System32\sechost.dll
0x00007ffee7d70000 - 0x00007ffee7e96000 	C:\Windows\System32\RPCRT4.dll
0x00007ffee0fa0000 - 0x00007ffee0fa9000 	C:\Windows\SYSTEM32\WSOCK32.dll
0x00007ffecca00000 - 0x00007ffecca27000 	C:\Windows\SYSTEM32\WINMM.dll
0x00007ffee8e70000 - 0x00007ffee8edb000 	C:\Windows\System32\WS2_32.dll
0x00007ffedb320000 - 0x00007ffedb32a000 	C:\Windows\SYSTEM32\VERSION.dll
0x00007ffee5a20000 - 0x00007ffee5a32000 	C:\Windows\SYSTEM32\kernel.appcore.dll
0x00007ffedf290000 - 0x00007ffedf29a000 	C:\Users\HP\.jdks\corretto-17.0.7\bin\jimage.dll
0x00007ffee1f40000 - 0x00007ffee2124000 	C:\Windows\SYSTEM32\DBGHELP.DLL
0x00007ffecec70000 - 0x00007ffececa4000 	C:\Windows\SYSTEM32\dbgcore.DLL
0x00007ffee7230000 - 0x00007ffee72b2000 	C:\Windows\System32\bcryptPrimitives.dll
0x00007ffede550000 - 0x00007ffede55e000 	C:\Users\HP\.jdks\corretto-17.0.7\bin\instrument.dll
0x00007ffedbcf0000 - 0x00007ffedbd15000 	C:\Users\HP\.jdks\corretto-17.0.7\bin\java.dll
0x00007ffebaa40000 - 0x00007ffebab16000 	C:\Users\HP\.jdks\corretto-17.0.7\bin\jsvml.dll
0x00007ffee9190000 - 0x00007ffee98d4000 	C:\Windows\System32\SHELL32.dll
0x00007ffee2130000 - 0x00007ffee28c4000 	C:\Windows\SYSTEM32\windows.storage.dll
0x00007ffee8890000 - 0x00007ffee8be4000 	C:\Windows\System32\combase.dll
0x00007ffee6ab0000 - 0x00007ffee6ade000 	C:\Windows\SYSTEM32\Wldp.dll
0x00007ffee8f90000 - 0x00007ffee903d000 	C:\Windows\System32\SHCORE.dll
0x00007ffee9040000 - 0x00007ffee9095000 	C:\Windows\System32\shlwapi.dll
0x00007ffee7160000 - 0x00007ffee7185000 	C:\Windows\SYSTEM32\profapi.dll
0x00007ffedbcc0000 - 0x00007ffedbcd8000 	C:\Users\HP\.jdks\corretto-17.0.7\bin\zip.dll
0x00007ffedc060000 - 0x00007ffedc079000 	C:\Users\HP\.jdks\corretto-17.0.7\bin\net.dll
0x00007ffed8570000 - 0x00007ffed867a000 	C:\Windows\SYSTEM32\WINHTTP.dll
0x00007ffee6890000 - 0x00007ffee68fa000 	C:\Windows\system32\mswsock.dll
0x00007ffedbfe0000 - 0x00007ffedbff5000 	C:\Users\HP\.jdks\corretto-17.0.7\bin\nio.dll
0x00007ffedb970000 - 0x00007ffedb98a000 	C:\Program Files\JetBrains\IntelliJ IDEA Community Edition 2021.3.2\bin\breakgen64.dll
0x00007ffea94c0000 - 0x00007ffea9669000 	C:\Users\HP\.jdks\corretto-17.0.7\bin\awt.dll
0x00007ffee87c0000 - 0x00007ffee888d000 	C:\Windows\System32\OLEAUT32.dll
0x00007ffee0ec0000 - 0x00007ffee0f51000 	C:\Windows\SYSTEM32\apphelp.dll
0x00007ffee1180000 - 0x00007ffee121e000 	C:\Windows\system32\uxtheme.dll
0x00007ffee8440000 - 0x00007ffee8554000 	C:\Windows\System32\MSCTF.dll
0x00007ffee8c00000 - 0x00007ffee8d2a000 	C:\Windows\System32\ole32.dll
0x00007ffee1320000 - 0x00007ffee134f000 	C:\Windows\system32\DWMAPI.DLL
0x00007ffeb5d50000 - 0x00007ffeb5e75000 	C:\Windows\system32\opengl32.dll
0x00007ffeb67f0000 - 0x00007ffeb681c000 	C:\Windows\SYSTEM32\GLU32.dll
0x00007ffee6af0000 - 0x00007ffee6b08000 	C:\Windows\SYSTEM32\CRYPTSP.dll
0x00007ffee61d0000 - 0x00007ffee6204000 	C:\Windows\system32\rsaenh.dll
0x00007ffee7760000 - 0x00007ffee7787000 	C:\Windows\System32\bcrypt.dll
0x00007ffee7120000 - 0x00007ffee714e000 	C:\Windows\SYSTEM32\USERENV.dll
0x00007ffee6a20000 - 0x00007ffee6a2c000 	C:\Windows\SYSTEM32\CRYPTBASE.dll
0x00007ffee65a0000 - 0x00007ffee65dc000 	C:\Windows\SYSTEM32\IPHLPAPI.DLL
0x00007ffee7d60000 - 0x00007ffee7d68000 	C:\Windows\System32\NSI.dll
0x00007ffeda430000 - 0x00007ffeda447000 	C:\Windows\SYSTEM32\dhcpcsvc6.DLL
0x00007ffed8d80000 - 0x00007ffed8d9d000 	C:\Windows\SYSTEM32\dhcpcsvc.DLL
0x00007ffee65e0000 - 0x00007ffee66aa000 	C:\Windows\SYSTEM32\DNSAPI.dll
0x00007ffe9d3a0000 - 0x00007ffe9e3ec000 	C:\Users\HP\.skiko\0de0d8dd8554d9bb66cfca3837db6514ff9b71080e998917280a3b777460a416\skiko-windows-x64.dll
0x00007ffec5960000 - 0x00007ffec59e3000 	C:\Users\HP\.jdks\corretto-17.0.7\bin\freetype.dll
0x00007ffeb1cf0000 - 0x00007ffeb1db2000 	C:\Users\HP\.jdks\corretto-17.0.7\bin\fontmanager.dll
0x00007ffedbd50000 - 0x00007ffedbd57000 	C:\Users\HP\.jdks\corretto-17.0.7\bin\jawt.dll
0x00007ffee5a90000 - 0x00007ffee5b83000 	C:\Windows\SYSTEM32\Dxgi.dll
0x00007ffeced70000 - 0x00007ffeced90000 	C:\Windows\SYSTEM32\D3D12.dll
0x00007ffea8b90000 - 0x00007ffea8d5d000 	C:\Windows\SYSTEM32\D3D12Core.dll
0x00007ffeda9e0000 - 0x00007ffedaa1b000 	C:\Windows\SYSTEM32\dxcore.dll
0x00007ffee7670000 - 0x00007ffee76be000 	C:\Windows\System32\cfgmgr32.dll
0x00007ffed4390000 - 0x00007ffed6fa9000 	C:\Windows\System32\DriverStore\FileRepository\igdlh64.inf_amd64_e6daaea9afe1e6f6\igc64.dll
0x00007ffe72ab0000 - 0x00007ffe73f83000 	C:\Windows\System32\DriverStore\FileRepository\igdlh64.inf_amd64_e6daaea9afe1e6f6\igd12umd64.dll
0x00007ffeda000000 - 0x00007ffeda257000 	C:\Windows\System32\DriverStore\FileRepository\igdlh64.inf_amd64_e6daaea9afe1e6f6\igdgmm64.dll
0x00007ffea2920000 - 0x00007ffea2d2b000 	C:\Windows\System32\DriverStore\FileRepository\igdlh64.inf_amd64_e6daaea9afe1e6f6\igdml64.dll
0x00007ffeca230000 - 0x00007ffeca25b000 	C:\Windows\SYSTEM32\D3DSCache.dll
0x00007ffe51780000 - 0x00007ffe55f82000 	C:\Windows\System32\DriverStore\FileRepository\igdlh64.inf_amd64_e6daaea9afe1e6f6\igd12dxva64.dll
0x00007ffee7ea0000 - 0x00007ffee830e000 	C:\Windows\System32\SETUPAPI.dll
0x00007ffe96bf0000 - 0x00007ffe96c17000 	C:\Windows\System32\DriverStore\FileRepository\igdlh64.inf_amd64_e6daaea9afe1e6f6\igdinfo64.dll
0x00007ffeddf50000 - 0x00007ffede157000 	C:\Windows\SYSTEM32\twinapi.appcore.dll
0x00007ffee8ee0000 - 0x00007ffee8f89000 	C:\Windows\System32\clbcatq.dll
0x00007ffe744c0000 - 0x00007ffe75492000 	C:\Windows\System32\DriverStore\FileRepository\igdlh64.inf_amd64_e6daaea9afe1e6f6\ig9icd64.dll
0x00007ffee7090000 - 0x00007ffee70db000 	C:\Windows\SYSTEM32\powrprof.dll
0x00007ffee7070000 - 0x00007ffee7082000 	C:\Windows\SYSTEM32\UMPDC.dll
0x00007ffed2250000 - 0x00007ffed24cf000 	C:\Windows\SYSTEM32\dwrite.dll
0x00007ffed3ec0000 - 0x00007ffed3fb9000 	C:\Windows\SYSTEM32\textinputframework.dll
0x00007ffee0b40000 - 0x00007ffee0c32000 	C:\Windows\System32\CoreMessaging.dll
0x00007ffee0460000 - 0x00007ffee07be000 	C:\Windows\System32\CoreUIComponents.dll
0x00007ffee62f0000 - 0x00007ffee6323000 	C:\Windows\SYSTEM32\ntmarta.dll
0x00007ffedf450000 - 0x00007ffedf5a4000 	C:\Windows\SYSTEM32\wintypes.dll
0x00007ffe60f60000 - 0x00007ffe61812000 	C:\Users\HP\AppData\Local\io-realm-kotlin\f7113120ba00ba1ff91d696eecd3919e85a4e34e\realmc.dll
0x00007ffee7510000 - 0x00007ffee766e000 	C:\Windows\System32\CRYPT32.dll

dbghelp: loaded successfully - version: 4.0.5 - missing functions: none
symbol engine: initialized successfully - sym options: 0x614 - pdb path: .;C:\Users\HP\.jdks\corretto-17.0.7\bin;C:\Windows\SYSTEM32;C:\Windows\WinSxS\amd64_microsoft.windows.common-controls_6595b64144ccf1df_6.0.19041.1110_none_60b5254171f9507e;C:\Users\HP\.jdks\corretto-17.0.7\bin\server;C:\Program Files\JetBrains\IntelliJ IDEA Community Edition 2021.3.2\bin;C:\Users\HP\.skiko\0de0d8dd8554d9bb66cfca3837db6514ff9b71080e998917280a3b777460a416;C:\Windows\System32\DriverStore\FileRepository\igdlh64.inf_amd64_e6daaea9afe1e6f6;C:\Users\HP\AppData\Local\io-realm-kotlin\f7113120ba00ba1ff91d696eecd3919e85a4e34e

VM Arguments:
jvm_args: -Djava.library.path=C:\Users\HP\Desktop\newderar\build\classes\kotlin\jvm\main;C:\Users\HP\Desktop\newderar\build\processedResources\jvm\main -javaagent:C:\Program Files\JetBrains\IntelliJ IDEA Community Edition 2021.3.2\lib\idea_rt.jar=53016:C:\Program Files\JetBrains\IntelliJ IDEA Community Edition 2021.3.2\bin -Dfile.encoding=UTF-8 
java_command: MainKt
java_class_path (initial): C:\Users\HP\Desktop\newderar\build\classes\kotlin\jvm\main;C:\Users\HP\Desktop\newderar\build\processedResources\jvm\main;C:\Users\HP\.gradle\caches\modules-2\files-2.1\io.insert-koin\koin-androidx-compose\3.4.5\ae0a88b7a68d507e651c5a3d70a541594bea54cb\koin-androidx-compose-3.4.5.aar;C:\Users\HP\.gradle\caches\modules-2\files-2.1\androidx.navigation\navigation-compose\2.6.0\3f8ce7b0bad21cced0c47b42b6347c65a6e422c3\navigation-compose-2.6.0.aar;C:\Users\HP\.gradle\caches\modules-2\files-2.1\org.jetbrains.kotlin\kotlin-stdlib-jdk8\1.8.21\67f57e154437cd9e6e9cf368394b95814836ff88\kotlin-stdlib-jdk8-1.8.21.jar;C:\Users\HP\.gradle\caches\modules-2\files-2.1\org.apache.poi\poi-ooxml\4.1.2\87d9a22aa9a7dd26e80c360e709f7ee02e32ab3b\poi-ooxml-4.1.2.jar;C:\Users\HP\.gradle\caches\modules-2\files-2.1\org.apache.poi\poi\4.1.2\964bf41cf68bce08e4ef6b2279b559fdf8d454f4\poi-4.1.2.jar;C:\Users\HP\.gradle\caches\modules-2\files-2.1\org.lwjgl\lwjgl-nfd\3.3.1\622318116996ddcff449b46cb38f0fdee39b8ac3\lwjgl-nfd-3.3.1.jar;C:\Users\HP\.gradle\caches\modules-2\files-2.1\org.lwjgl\lwjgl-nfd\3.3.1\2e007667e04ed3281152ae5c6e677fb1c2211691\lwjgl-nfd-3.3.1-natives-linux.jar;C:\Users\HP\.gradle\caches\modules-2\files-2.1\org.lwjgl\lwjgl\3.3.1\ae58664f88e18a9bb2c77b063833ca7aaec484cb\lwjgl-3.3.1.jar;C:\Users\HP\.gradle\caches\modules-2\files-2.1\io.insert-koin\koin-android\3.4.0\48715fbe06102a59a30bd45b06ed2400c16c6f45\koin-android-3.4.0.aar;C:\Users\HP\.gradle\caches\modules-2\files-2.1\org.lwjgl\lwjgl-nfd\3.3.1\b3e04e317f55dd738d8a345cdafd15b39f85a2ea\lwjgl-nfd-3.3.1-natives-linux-arm32.jar;C:\Users\HP\.gradle\caches\modules-2\files-2.1\androidx.lifecycle\lifecycle-viewmodel-compose\2.6.1\38cf3bb65ff3e0e5c3d63de2ebf5411d0898108c\lifecycle-viewmodel-compose-2.6.1.aar;C:\Users\HP\.gradle\caches\modules-2\files-2.1\org.lwjgl\lwjgl-nfd\3.3.1\f41dc62336f7ee4ab35705cfa440cc903d199165\lwjgl-nfd-3.3.1-natives-linux-arm64.jar;C:\Users\HP\.gradle\caches\modules-2\files-2.1\androi
Launcher Type: SUN_STANDARD

[Global flags]
     intx CICompilerCount                          = 3                                         {product} {ergonomic}
     uint ConcGCThreads                            = 1                                         {product} {ergonomic}
     uint G1ConcRefinementThreads                  = 4                                         {product} {ergonomic}
   size_t G1HeapRegionSize                         = 2097152                                   {product} {ergonomic}
    uintx GCDrainStackTargetSize                   = 64                                        {product} {ergonomic}
   size_t InitialHeapSize                          = 266338304                                 {product} {ergonomic}
   size_t MarkStackSize                            = 4194304                                   {product} {ergonomic}
   size_t MaxHeapSize                              = 4255121408                                {product} {ergonomic}
   size_t MaxNewSize                               = 2552233984                                {product} {ergonomic}
   size_t MinHeapDeltaBytes                        = 2097152                                   {product} {ergonomic}
   size_t MinHeapSize                              = 8388608                                   {product} {ergonomic}
    uintx NonNMethodCodeHeapSize                   = 5832780                                {pd product} {ergonomic}
    uintx NonProfiledCodeHeapSize                  = 122912730                              {pd product} {ergonomic}
    uintx ProfiledCodeHeapSize                     = 122912730                              {pd product} {ergonomic}
    uintx ReservedCodeCacheSize                    = 251658240                              {pd product} {ergonomic}
     bool SegmentedCodeCache                       = true                                      {product} {ergonomic}
   size_t SoftMaxHeapSize                          = 4255121408                             {manageable} {ergonomic}
     bool UseCompressedClassPointers               = true                           {product lp64_product} {ergonomic}
     bool UseCompressedOops                        = true                           {product lp64_product} {ergonomic}
     bool UseG1GC                                  = true                                      {product} {ergonomic}
     bool UseLargePagesIndividualAllocation        = false                                  {pd product} {ergonomic}

Logging:
Log output configuration:
 #0: stdout all=warning uptime,level,tags
 #1: stderr all=off uptime,level,tags

Environment Variables:
PATH=C:\Program Files\Common Files\Oracle\Java\javapath;C:\Program Files (x86)\Common Files\Oracle\Java\javapath;C:\Windows\system32;C:\Windows;C:\Windows\System32\Wbem;C:\Windows\System32\WindowsPowerShell\v1.0\;C:\Windows\System32\OpenSSH\;C:\xampp\php;C:\ProgramData\ComposerSetup\bin;C:\Program Files\nodejs\;C:\Program Files (x86)\Intel\Intel(R) Management Engine Components\DAL;C:\Program Files\Intel\Intel(R) Management Engine Components\DAL;C:\Program Files\Git\cmd;C:\Program Files\Fortect;C:\Users\HP\AppData\Local\Microsoft\WindowsApps;C:\Program Files\JetBrains\IntelliJ IDEA Community Edition 2021.3.2\bin;C:\Users\HP\AppData\Local\Programs\Microsoft VS Code\bin;C:\Users\HP\AppData\Local\JetBrains\Toolbox\scripts;C:\Users\HP\AppData\Local\GitHubDesktop\bin;C:\Users\HP\Desktop\camp\flutter_windows_3.7.6-stable\flutter\bin;C:\Users\HP\AppData\Roaming\Composer\vendor\bin;C:\Users\HP\AppData\Roaming\npm
USERNAME=HP
OS=Windows_NT
PROCESSOR_IDENTIFIER=Intel64 Family 6 Model 142 Stepping 9, GenuineIntel
TMP=C:\Users\HP\AppData\Local\Temp
TEMP=C:\Users\HP\AppData\Local\Temp



---------------  S Y S T E M  ---------------

OS:
 Windows 10 , 64 bit Build 19041 (10.0.19041.3155)
OS uptime: 2 days 20:35 hours
Hyper-V role detected

CPU: total 4 (initial active 4) (2 cores per cpu, 2 threads per core) family 6 model 142 stepping 9 microcode 0xf2, cx8, cmov, fxsr, ht, mmx, 3dnowpref, sse, sse2, sse3, ssse3, sse4.1, sse4.2, popcnt, lzcnt, tsc, tscinvbit, avx, avx2, aes, erms, clmul, bmi1, bmi2, rtm, adx, fma, vzeroupper, clflush, clflushopt, hv

Memory: 4k page, system-wide physical 16224M (5715M free)
TotalPageFile size 32096M (AvailPageFile size 19429M)
current process WorkingSet (physical memory assigned to process): 277M, peak: 311M
current process commit charge ("private bytes"): 287M, peak: 433M

vm_info: OpenJDK 64-Bit Server VM (17.0.7+7-LTS) for windows-amd64 JRE (17.0.7+7-LTS), built on Apr 14 2023 01:39:21 by "Administrator" with MS VC++ 15.9 (VS2017)

END.
