#
# A fatal error has been detected by the Java Runtime Environment:
#
#  EXCEPTION_ACCESS_VIOLATION (0xc0000005) at pc=0x00007ffe74e7ebe3, pid=17980, tid=9344
#
# JRE version: OpenJDK Runtime Environment Corretto-17.0.7.7.1 (17.0.7+7) (build 17.0.7+7-LTS)
# Java VM: OpenJDK 64-Bit Server VM Corretto-17.0.7.7.1 (17.0.7+7-LTS, mixed mode, sharing, tiered, compressed oops, compressed class ptrs, g1 gc, windows-amd64)
# Problematic frame:
# C  [ig9icd64.dll+0x9bebe3]
#
# No core dump will be written. Minidumps are not enabled by default on client versions of Windows
#
# If you would like to submit a bug report, please visit:
#   https://github.com/corretto/corretto-17/issues/
# The crash happened outside the Java Virtual Machine in native code.
# See problematic frame for where to report the bug.
#

---------------  S U M M A R Y ------------

Command Line: -Djava.library.path=C:\Users\HP\Desktop\newderar\build\classes\kotlin\jvm\main;C:\Users\HP\Desktop\newderar\build\processedResources\jvm\main -javaagent:C:\Program Files\JetBrains\IntelliJ IDEA Community Edition 2021.3.2\lib\idea_rt.jar=50327:C:\Program Files\JetBrains\IntelliJ IDEA Community Edition 2021.3.2\bin -Dfile.encoding=UTF-8 MainKt

Host: Intel(R) Core(TM) i5-7300U CPU @ 2.60GHz, 4 cores, 15G,  Windows 10 , 64 bit Build 19041 (10.0.19041.3155)
Time: Sat Jul  8 23:32:17 2023 Libya Standard Time elapsed time: 510.527218 seconds (0d 0h 8m 30s)

---------------  T H R E A D  ---------------

Current thread (0x000002345e83dbc0):  JavaThread "AWT-EventQueue-0" [_thread_in_native, id=9344, stack(0x00000036f9100000,0x00000036f9200000)]

Stack: [0x00000036f9100000,0x00000036f9200000],  sp=0x00000036f91fc868,  free space=1010k
Native frames: (J=compiled Java code, j=interpreted, Vv=VM code, C=native code)
C  [ig9icd64.dll+0x9bebe3]

Java frames: (J=compiled Java code, j=interpreted, Vv=VM code)
J 5159  org.jetbrains.skia.DirectContextKt.DirectContext_nFlush(J)V (0 bytes) @ 0x000002344661f469 [0x000002344661f420+0x0000000000000049]
J 5886 c2 org.jetbrains.skiko.redrawer.WindowsOpenGLRedrawer$Companion$frameDispatcher$1.invokeSuspend(Ljava/lang/Object;)Ljava/lang/Object; (379 bytes) @ 0x000002344676bca0 [0x000002344676a700+0x00000000000015a0]
J 5885 c2 org.jetbrains.skiko.FrameDispatcher$job$1.invokeSuspend(Ljava/lang/Object;)Ljava/lang/Object; (156 bytes) @ 0x00000234467683f8 [0x00000234467681a0+0x0000000000000258]
J 4850 c2 kotlin.coroutines.jvm.internal.BaseContinuationImpl.resumeWith(Ljava/lang/Object;)V (128 bytes) @ 0x00000234465eb900 [0x00000234465eb8a0+0x0000000000000060]
J 5675 c2 kotlinx.coroutines.DispatchedTask.run()V (571 bytes) @ 0x0000023446407258 [0x0000023446406e60+0x00000000000003f8]
J 5335 c2 java.awt.EventQueue.dispatchEvent(Ljava/awt/AWTEvent;)V java.desktop@17.0.7 (80 bytes) @ 0x000002344667dd98 [0x000002344667d760+0x0000000000000638]
J 5602 c2 java.awt.EventDispatchThread.pumpOneEventForFilters(I)V java.desktop@17.0.7 (113 bytes) @ 0x00000234466552ec [0x0000023446654ec0+0x000000000000042c]
J 5971% c2 java.awt.EventDispatchThread.pumpEventsForFilter(ILjava/awt/Conditional;Ljava/awt/EventFilter;)V java.desktop@17.0.7 (47 bytes) @ 0x00000234467b4140 [0x00000234467b4020+0x0000000000000120]
j  java.awt.EventDispatchThread.pumpEventsForHierarchy(ILjava/awt/Conditional;Ljava/awt/Component;)V+11 java.desktop@17.0.7
j  java.awt.EventDispatchThread.pumpEvents(ILjava/awt/Conditional;)V+4 java.desktop@17.0.7
j  java.awt.EventDispatchThread.pumpEvents(Ljava/awt/Conditional;)V+3 java.desktop@17.0.7
j  java.awt.EventDispatchThread.run()V+9 java.desktop@17.0.7
v  ~StubRoutines::call_stub

siginfo: EXCEPTION_ACCESS_VIOLATION (0xc0000005), reading address 0xffffffffffffffff


Register to memory mapping:

RIP=0x00007ffe74e7ebe3 ig9icd64.dll
RAX=0x000000000fff0fff is an unknown value
RBX=0x00007ffe744c0000 ig9icd64.dll
RCX=0x000000033fcf3fcc is an unknown value
RDX=0x00000036f91fcd80 is pointing into the stack for thread: 0x000002345e83dbc0
RSP=0x00000036f91fc868 is pointing into the stack for thread: 0x000002345e83dbc0
RBP=0x00000036f91fc970 is pointing into the stack for thread: 0x000002345e83dbc0
RSI=0x00000234614f9340 points into unknown readable memory: 0x00000234614c0040 | 40 00 4c 61 34 02 00 00
RDI=0x00000036f91fcb70 is pointing into the stack for thread: 0x000002345e83dbc0
R8 =0x00000036f91fc9a0 is pointing into the stack for thread: 0x000002345e83dbc0
R9 =0x00000036f91fcd80 is pointing into the stack for thread: 0x000002345e83dbc0
R10=0x00000036f91fcb70 is pointing into the stack for thread: 0x000002345e83dbc0
R11=0x0 is NULL
R12=0x00007ffe752f15e0 ig9icd64.dll
R13=0x0 is NULL
R14=0x0 is NULL
R15=0x00000000000001c1 is an unknown value


Registers:
RAX=0x000000000fff0fff, RBX=0x00007ffe744c0000, RCX=0x000000033fcf3fcc, RDX=0x00000036f91fcd80
RSP=0x00000036f91fc868, RBP=0x00000036f91fc970, RSI=0x00000234614f9340, RDI=0x00000036f91fcb70
R8 =0x00000036f91fc9a0, R9 =0x00000036f91fcd80, R10=0x00000036f91fcb70, R11=0x0000000000000000
R12=0x00007ffe752f15e0, R13=0x0000000000000000, R14=0x0000000000000000, R15=0x00000000000001c1
RIP=0x00007ffe74e7ebe3, EFLAGS=0x0000000000010206

Top of Stack: (sp=0x00000036f91fc868)
0x00000036f91fc868:   00007ffe74e7c31b 0000000000000001
0x00000036f91fc878:   0000000000000000 000002346a0b1200
0x00000036f91fc888:   00007ffeda002622 0000003600000065
0x00000036f91fc898:   00000036f91fcaa0 0000000000000000
0x00000036f91fc8a8:   00000234621027a0 0000000000000000
0x00000036f91fc8b8:   0000023461866580 000002346a0b1270
0x00000036f91fc8c8:   0000000000001100 0000000000000000
0x00000036f91fc8d8:   0000000000000000 00000036f91fca50
0x00000036f91fc8e8:   00007ffe74b179c0 0000000000000000
0x00000036f91fc8f8:   0000000000000000 0000000000000000
0x00000036f91fc908:   0000000000000000 000001f167719bfc
0x00000036f91fc918:   00007ffe744d6555 000002346a0b1270
0x00000036f91fc928:   0000000000004001 0000000000000000
0x00000036f91fc938:   00007ffee9b7b86b 00000000007a0623
0x00000036f91fc948:   000000000000008a 000002345e6fbb00
0x00000036f91fc958:   0000000000000000 0000000000000000 

Instructions: (pc=0x00007ffe74e7ebe3)
0x00007ffe74e7eae3:   c1 75 31 00 48 89 51 08 48 89 01 8b 44 24 28 89
0x00007ffe74e7eaf3:   41 20 8b 44 24 30 89 41 24 48 8b c1 4c 89 41 10
0x00007ffe74e7eb03:   4c 89 49 18 c3 cc cc cc cc cc cc cc cc 48 89 5c
0x00007ffe74e7eb13:   24 08 8b 41 5c 48 8d 1d e1 14 64 ff 41 89 40 08
0x00007ffe74e7eb23:   4c 8b d1 8b 41 60 45 33 db 41 89 40 0c 4c 8b ca
0x00007ffe74e7eb33:   8b 41 64 41 89 40 10 8b 41 68 41 89 40 14 8b 41
0x00007ffe74e7eb43:   6c 41 89 40 18 8b 41 70 41 89 40 1c 48 63 41 74
0x00007ffe74e7eb53:   48 6b c8 34 8b 84 19 44 d1 ee 00 41 89 40 20 8b
0x00007ffe74e7eb63:   84 19 48 d1 ee 00 41 89 40 24 8b 84 19 4c d1 ee
0x00007ffe74e7eb73:   00 41 89 40 28 8b 84 19 50 d1 ee 00 41 89 40 2c
0x00007ffe74e7eb83:   8b 84 19 34 d1 ee 00 41 89 40 30 8b 84 19 38 d1
0x00007ffe74e7eb93:   ee 00 41 89 40 34 8b 84 19 3c d1 ee 00 41 89 40
0x00007ffe74e7eba3:   38 8b 84 19 40 d1 ee 00 41 89 40 3c 8b 84 19 24
0x00007ffe74e7ebb3:   d1 ee 00 41 89 40 40 8b 84 19 28 d1 ee 00 41 89
0x00007ffe74e7ebc3:   40 44 8b 84 19 2c d1 ee 00 41 89 40 48 8b 84 19
0x00007ffe74e7ebd3:   30 d1 ee 00 41 89 40 4c 49 63 42 78 48 6b c8 34
0x00007ffe74e7ebe3:   8b 84 19 44 d1 ee 00 41 89 40 50 8b 84 19 48 d1
0x00007ffe74e7ebf3:   ee 00 41 89 40 54 8b 84 19 4c d1 ee 00 41 89 40
0x00007ffe74e7ec03:   58 8b 84 19 50 d1 ee 00 41 89 40 5c 8b 84 19 34
0x00007ffe74e7ec13:   d1 ee 00 41 89 40 60 8b 84 19 38 d1 ee 00 41 89
0x00007ffe74e7ec23:   40 64 8b 84 19 3c d1 ee 00 41 89 40 68 8b 84 19
0x00007ffe74e7ec33:   40 d1 ee 00 41 89 40 6c 8b 84 19 24 d1 ee 00 41
0x00007ffe74e7ec43:   89 40 70 8b 84 19 28 d1 ee 00 41 89 40 74 8b 84
0x00007ffe74e7ec53:   19 2c d1 ee 00 41 89 40 78 8b 84 19 30 d1 ee 00
0x00007ffe74e7ec63:   41 89 40 7c 48 8b 42 18 8b 88 38 0b 00 00 f6 c1
0x00007ffe74e7ec73:   08 0f 84 86 00 00 00 8b 80 3c 0b 00 00 41 89 80
0x00007ffe74e7ec83:   80 00 00 00 48 8b 42 18 8b 88 40 0b 00 00 41 89
0x00007ffe74e7ec93:   88 84 00 00 00 48 8b 42 18 8b 88 44 0b 00 00 41
0x00007ffe74e7eca3:   89 88 88 00 00 00 48 8b 42 18 8b 88 48 0b 00 00
0x00007ffe74e7ecb3:   41 89 88 8c 00 00 00 48 8b 42 18 8b 88 4c 0b 00
0x00007ffe74e7ecc3:   00 41 89 88 90 00 00 00 48 8b 42 18 8b 88 50 0b
0x00007ffe74e7ecd3:   00 00 41 89 88 94 00 00 00 48 8b 42 18 8b 88 54 


Stack slot to memory mapping:
stack at sp + 0 slots: 0x00007ffe74e7c31b ig9icd64.dll
stack at sp + 1 slots: 0x0000000000000001 is an unknown value
stack at sp + 2 slots: 0x0 is NULL
stack at sp + 3 slots: 0x000002346a0b1200 points into unknown readable memory: 0x0000000000000000 | 00 00 00 00 00 00 00 00
stack at sp + 4 slots: 0x00007ffeda002622 igdgmm64.dll
stack at sp + 5 slots: 0x0000003600000065 is an unknown value
stack at sp + 6 slots: 0x00000036f91fcaa0 is pointing into the stack for thread: 0x000002345e83dbc0
stack at sp + 7 slots: 0x0 is NULL


---------------  P R O C E S S  ---------------

Threads class SMR info:
_java_thread_list=0x0000023469fd4640, length=28, elements={
0x00000234355a85e0, 0x0000023459c23380, 0x0000023459bb8740, 0x0000023459bcb8d0,
0x0000023459bd0490, 0x0000023459bd3350, 0x0000023459bd44a0, 0x0000023459bd5920,
0x0000023459bdd080, 0x0000023459bde9f0, 0x0000023459d217f0, 0x0000023459fbef30,
0x0000023459fbf400, 0x000002345e8f1e80, 0x000002345e8f2350, 0x000002345e8f2e90,
0x000002345e83dbc0, 0x000002345eddd4b0, 0x000002345ecfac50, 0x000002345ecfb5f0,
0x000002345ecf9440, 0x000002345ecf8f70, 0x000002345ed5f460, 0x000002345ed61fb0,
0x000002345ed637c0, 0x000002345ed62950, 0x000002345ed62e20, 0x000002345ed64630
}

Java Threads: ( => current thread )
  0x00000234355a85e0 JavaThread "main" [_thread_blocked, id=16292, stack(0x00000036f7600000,0x00000036f7700000)]
  0x0000023459c23380 JavaThread "Reference Handler" daemon [_thread_blocked, id=1184, stack(0x00000036f7d00000,0x00000036f7e00000)]
  0x0000023459bb8740 JavaThread "Finalizer" daemon [_thread_blocked, id=16056, stack(0x00000036f7e00000,0x00000036f7f00000)]
  0x0000023459bcb8d0 JavaThread "Signal Dispatcher" daemon [_thread_blocked, id=17284, stack(0x00000036f7f00000,0x00000036f8000000)]
  0x0000023459bd0490 JavaThread "Attach Listener" daemon [_thread_blocked, id=17788, stack(0x00000036f8000000,0x00000036f8100000)]
  0x0000023459bd3350 JavaThread "Service Thread" daemon [_thread_blocked, id=13512, stack(0x00000036f8100000,0x00000036f8200000)]
  0x0000023459bd44a0 JavaThread "Monitor Deflation Thread" daemon [_thread_blocked, id=14024, stack(0x00000036f8200000,0x00000036f8300000)]
  0x0000023459bd5920 JavaThread "C2 CompilerThread0" daemon [_thread_blocked, id=18868, stack(0x00000036f8300000,0x00000036f8400000)]
  0x0000023459bdd080 JavaThread "C1 CompilerThread0" daemon [_thread_blocked, id=7880, stack(0x00000036f8400000,0x00000036f8500000)]
  0x0000023459bde9f0 JavaThread "Sweeper thread" daemon [_thread_blocked, id=17784, stack(0x00000036f8500000,0x00000036f8600000)]
  0x0000023459d217f0 JavaThread "Common-Cleaner" daemon [_thread_blocked, id=21172, stack(0x00000036f8600000,0x00000036f8700000)]
  0x0000023459fbef30 JavaThread "Monitor Ctrl-Break" daemon [_thread_in_native, id=17760, stack(0x00000036f8800000,0x00000036f8900000)]
  0x0000023459fbf400 JavaThread "Notification Thread" daemon [_thread_blocked, id=18388, stack(0x00000036f8900000,0x00000036f8a00000)]
  0x000002345e8f1e80 JavaThread "Java2D Disposer" daemon [_thread_blocked, id=9696, stack(0x00000036f8e00000,0x00000036f8f00000)]
  0x000002345e8f2350 JavaThread "AWT-Shutdown" [_thread_blocked, id=3320, stack(0x00000036f8f00000,0x00000036f9000000)]
  0x000002345e8f2e90 JavaThread "AWT-Windows" daemon [_thread_in_native, id=16380, stack(0x00000036f9000000,0x00000036f9100000)]
=>0x000002345e83dbc0 JavaThread "AWT-EventQueue-0" [_thread_in_native, id=9344, stack(0x00000036f9100000,0x00000036f9200000)]
  0x000002345eddd4b0 JavaThread "Reference Cleaner" daemon [_thread_blocked, id=12004, stack(0x00000036f9200000,0x00000036f9300000)]
  0x000002345ecfac50 JavaThread "DefaultDispatcher-worker-2" daemon [_thread_blocked, id=21432, stack(0x00000036f9400000,0x00000036f9500000)]
  0x000002345ecfb5f0 JavaThread "kotlinx.coroutines.DefaultExecutor" daemon [_thread_blocked, id=2788, stack(0x00000036f9600000,0x00000036f9700000)]
  0x000002345ecf9440 JavaThread "TimerQueue" daemon [_thread_blocked, id=5828, stack(0x00000036f8700000,0x00000036f8800000)]
  0x000002345ecf8f70 JavaThread "RealmFinalizingDaemon" daemon [_thread_blocked, id=9900, stack(0x00000036f9c00000,0x00000036f9d00000)]
  0x000002345ed5f460 JavaThread "core-notifier" daemon [_thread_in_native, id=17232, stack(0x00000036f9d00000,0x00000036f9e00000)]
  0x000002345ed61fb0 JavaThread "DefaultDispatcher-worker-4" daemon [_thread_blocked, id=16720, stack(0x00000036f9f00000,0x00000036fa000000)]
  0x000002345ed637c0 JavaThread "DefaultDispatcher-worker-3" daemon [_thread_blocked, id=15804, stack(0x00000036fa000000,0x00000036fa100000)]
  0x000002345ed62950 JavaThread "DefaultDispatcher-worker-1" daemon [_thread_blocked, id=20588, stack(0x00000036fa100000,0x00000036fa200000)]
  0x000002345ed62e20 JavaThread "SIGINT handler" daemon [_thread_blocked, id=6132, stack(0x00000036f7300000,0x00000036f7400000)]
  0x000002345ed64630 JavaThread "ToolkitShutdown" daemon [_thread_in_native, id=3160, stack(0x00000036f7400000,0x00000036f7500000)]

Other Threads:
  0x0000023459c22010 VMThread "VM Thread" [stack: 0x00000036f7c00000,0x00000036f7d00000] [id=20436]
  0x000002343562a7e0 WatcherThread [stack: 0x00000036f8a00000,0x00000036f8b00000] [id=7132]
  0x0000023435612770 GCTaskThread "GC Thread#0" [stack: 0x00000036f7700000,0x00000036f7800000] [id=10788]
  0x000002345e589f30 GCTaskThread "GC Thread#1" [stack: 0x00000036f8b00000,0x00000036f8c00000] [id=7904]
  0x000002345e58a1e0 GCTaskThread "GC Thread#2" [stack: 0x00000036f8c00000,0x00000036f8d00000] [id=20940]
  0x000002345e8546e0 GCTaskThread "GC Thread#3" [stack: 0x00000036f8d00000,0x00000036f8e00000] [id=19812]
  0x0000023435623440 ConcurrentGCThread "G1 Main Marker" [stack: 0x00000036f7800000,0x00000036f7900000] [id=16916]
  0x0000023435623e50 ConcurrentGCThread "G1 Conc#0" [stack: 0x00000036f7900000,0x00000036f7a00000] [id=18340]
  0x000002343565d4d0 ConcurrentGCThread "G1 Refine#0" [stack: 0x00000036f7a00000,0x00000036f7b00000] [id=20000]
  0x000002343565def0 ConcurrentGCThread "G1 Service" [stack: 0x00000036f7b00000,0x00000036f7c00000] [id=7884]

Threads with active compile tasks:

VM state: not at safepoint (normal execution)

VM Mutex/Monitor currently owned by a thread: None

Heap address: 0x0000000702600000, size: 4058 MB, Compressed Oops mode: Zero based, Oop shift amount: 3

CDS archive(s) mapped at: [0x0000000800000000-0x0000000800bc0000-0x0000000800bc0000), size 12320768, SharedBaseAddress: 0x0000000800000000, ArchiveRelocationMode: 0.
Compressed class space mapped at: 0x0000000801000000-0x0000000841000000, reserved size: 1073741824
Narrow klass base: 0x0000000800000000, Narrow klass shift: 0, Narrow klass range: 0x100000000

GC Precious Log:
 CPUs: 4 total, 4 available
 Memory: 16224M
 Large Page Support: Disabled
 NUMA Support: Disabled
 Compressed Oops: Enabled (Zero based)
 Heap Region Size: 2M
 Heap Min Capacity: 8M
 Heap Initial Capacity: 254M
 Heap Max Capacity: 4058M
 Pre-touch: Disabled
 Parallel Workers: 4
 Concurrent Workers: 1
 Concurrent Refinement Workers: 4
 Periodic GC: Disabled

Heap:
 garbage-first heap   total 90112K, used 35518K [0x0000000702600000, 0x0000000800000000)
  region size 2048K, 7 young (14336K), 1 survivors (2048K)
 Metaspace       used 34570K, committed 34816K, reserved 1114112K
  class space    used 3732K, committed 3840K, reserved 1048576K

Heap Regions: E=young(eden), S=young(survivor), O=old, HS=humongous(starts), HC=humongous(continues), CS=collection set, F=free, OA=open archive, CA=closed archive, TAMS=top-at-mark-start (previous, next)
|   0|0x0000000702600000, 0x0000000702800000, 0x0000000702800000|100%|HS|  |TAMS 0x0000000702800000, 0x0000000702600000| Untracked 
|   1|0x0000000702800000, 0x0000000702a00000, 0x0000000702a00000|100%| O|  |TAMS 0x0000000702a00000, 0x0000000702800000| Untracked 
|   2|0x0000000702a00000, 0x0000000702bfffd8, 0x0000000702c00000| 99%| O|  |TAMS 0x0000000702bfffd8, 0x0000000702a00000| Untracked 
|   3|0x0000000702c00000, 0x0000000702dffff0, 0x0000000702e00000| 99%| O|  |TAMS 0x0000000702dffff0, 0x0000000702c00000| Untracked 
|   4|0x0000000702e00000, 0x0000000702ff0c48, 0x0000000703000000| 97%| O|  |TAMS 0x0000000702ff0c48, 0x0000000702e00000| Untracked 
|   5|0x0000000703000000, 0x00000007031c1828, 0x0000000703200000| 87%| O|  |TAMS 0x0000000703000000, 0x0000000703000000| Untracked 
|   6|0x0000000703200000, 0x000000070333b3b8, 0x0000000703400000| 61%| O|  |TAMS 0x0000000703200000, 0x0000000703200000| Untracked 
|   7|0x0000000703400000, 0x00000007035b2388, 0x0000000703600000| 84%| O|  |TAMS 0x0000000703400000, 0x0000000703400000| Untracked 
|   8|0x0000000703600000, 0x0000000703600000, 0x0000000703800000|  0%| F|  |TAMS 0x0000000703600000, 0x0000000703600000| Untracked 
|   9|0x0000000703800000, 0x0000000703800000, 0x0000000703a00000|  0%| F|  |TAMS 0x0000000703800000, 0x0000000703800000| Untracked 
|  10|0x0000000703a00000, 0x0000000703c00000, 0x0000000703c00000|100%| O|  |TAMS 0x0000000703c00000, 0x0000000703a00000| Untracked 
|  11|0x0000000703c00000, 0x0000000703c00000, 0x0000000703e00000|  0%| F|  |TAMS 0x0000000703c00000, 0x0000000703c00000| Untracked 
|  12|0x0000000703e00000, 0x0000000703e00000, 0x0000000704000000|  0%| F|  |TAMS 0x0000000703e00000, 0x0000000703e00000| Untracked 
|  13|0x0000000704000000, 0x0000000704000000, 0x0000000704200000|  0%| F|  |TAMS 0x0000000704000000, 0x0000000704000000| Untracked 
|  14|0x0000000704200000, 0x000000070420fff0, 0x0000000704400000|  3%| S|CS|TAMS 0x0000000704200000, 0x0000000704200000| Complete 
|  15|0x0000000704400000, 0x0000000704400000, 0x0000000704600000|  0%| F|  |TAMS 0x0000000704400000, 0x0000000704400000| Untracked 
|  16|0x0000000704600000, 0x0000000704600000, 0x0000000704800000|  0%| F|  |TAMS 0x0000000704600000, 0x0000000704600000| Untracked 
|  17|0x0000000704800000, 0x0000000704a00000, 0x0000000704a00000|100%|HS|  |TAMS 0x0000000704a00000, 0x0000000704800000| Untracked 
|  18|0x0000000704a00000, 0x0000000704c00000, 0x0000000704c00000|100%|HC|  |TAMS 0x0000000704c00000, 0x0000000704a00000| Untracked 
|  19|0x0000000704c00000, 0x0000000704e00000, 0x0000000704e00000|100%|HC|  |TAMS 0x0000000704e00000, 0x0000000704c00000| Untracked 
|  20|0x0000000704e00000, 0x0000000705000000, 0x0000000705000000|100%|HC|  |TAMS 0x0000000705000000, 0x0000000704e00000| Untracked 
|  21|0x0000000705000000, 0x0000000705000000, 0x0000000705200000|  0%| F|  |TAMS 0x0000000705000000, 0x0000000705000000| Untracked 
|  22|0x0000000705200000, 0x0000000705200000, 0x0000000705400000|  0%| F|  |TAMS 0x0000000705200000, 0x0000000705200000| Untracked 
|  23|0x0000000705400000, 0x0000000705400000, 0x0000000705600000|  0%| F|  |TAMS 0x0000000705400000, 0x0000000705400000| Untracked 
|  24|0x0000000705600000, 0x0000000705600000, 0x0000000705800000|  0%| F|  |TAMS 0x0000000705600000, 0x0000000705600000| Untracked 
|  25|0x0000000705800000, 0x0000000705800000, 0x0000000705a00000|  0%| F|  |TAMS 0x0000000705800000, 0x0000000705800000| Untracked 
|  26|0x0000000705a00000, 0x0000000705a00000, 0x0000000705c00000|  0%| F|  |TAMS 0x0000000705a00000, 0x0000000705a00000| Untracked 
|  27|0x0000000705c00000, 0x0000000705c00000, 0x0000000705e00000|  0%| F|  |TAMS 0x0000000705c00000, 0x0000000705c00000| Untracked 
|  28|0x0000000705e00000, 0x0000000705e00000, 0x0000000706000000|  0%| F|  |TAMS 0x0000000705e00000, 0x0000000705e00000| Untracked 
|  29|0x0000000706000000, 0x0000000706000000, 0x0000000706200000|  0%| F|  |TAMS 0x0000000706000000, 0x0000000706000000| Untracked 
|  30|0x0000000706200000, 0x0000000706200000, 0x0000000706400000|  0%| F|  |TAMS 0x0000000706200000, 0x0000000706200000| Untracked 
|  31|0x0000000706400000, 0x0000000706400000, 0x0000000706600000|  0%| F|  |TAMS 0x0000000706400000, 0x0000000706400000| Untracked 
|  32|0x0000000706600000, 0x0000000706600000, 0x0000000706800000|  0%| F|  |TAMS 0x0000000706600000, 0x0000000706600000| Untracked 
|  33|0x0000000706800000, 0x0000000706800000, 0x0000000706a00000|  0%| F|  |TAMS 0x0000000706800000, 0x0000000706800000| Untracked 
|  34|0x0000000706a00000, 0x0000000706a00000, 0x0000000706c00000|  0%| F|  |TAMS 0x0000000706a00000, 0x0000000706a00000| Untracked 
|  35|0x0000000706c00000, 0x0000000706c00000, 0x0000000706e00000|  0%| F|  |TAMS 0x0000000706c00000, 0x0000000706c00000| Untracked 
|  36|0x0000000706e00000, 0x0000000706e00000, 0x0000000707000000|  0%| F|  |TAMS 0x0000000706e00000, 0x0000000706e00000| Untracked 
|  37|0x0000000707000000, 0x0000000707000000, 0x0000000707200000|  0%| F|  |TAMS 0x0000000707000000, 0x0000000707000000| Untracked 
|  38|0x0000000707200000, 0x00000007072b41b0, 0x0000000707400000| 35%| E|  |TAMS 0x0000000707200000, 0x0000000707200000| Complete 
|  39|0x0000000707400000, 0x0000000707600000, 0x0000000707600000|100%| E|CS|TAMS 0x0000000707400000, 0x0000000707400000| Complete 
|  40|0x0000000707600000, 0x0000000707800000, 0x0000000707800000|100%| E|CS|TAMS 0x0000000707600000, 0x0000000707600000| Complete 
|  41|0x0000000707800000, 0x0000000707a00000, 0x0000000707a00000|100%| E|CS|TAMS 0x0000000707800000, 0x0000000707800000| Complete 
|  42|0x0000000707a00000, 0x0000000707c00000, 0x0000000707c00000|100%| E|CS|TAMS 0x0000000707a00000, 0x0000000707a00000| Complete 
|  43|0x0000000707c00000, 0x0000000707e00000, 0x0000000707e00000|100%| E|CS|TAMS 0x0000000707c00000, 0x0000000707c00000| Complete 

Card table byte_map: [0x000002344e6d0000,0x000002344eec0000] _byte_map_base: 0x000002344aebd000

Marking Bits (Prev, Next): (CMBitMap*) 0x0000023435612dc0, (CMBitMap*) 0x0000023435612d80
 Prev Bits: [0x0000023453620000, 0x0000023457588000)
 Next Bits: [0x000002344f6b0000, 0x0000023453618000)

Polling page: 0x0000023435360000

Metaspace:

Usage:
  Non-class:     30.12 MB used.
      Class:      3.65 MB used.
       Both:     33.76 MB used.

Virtual space:
  Non-class space:       64.00 MB reserved,      30.25 MB ( 47%) committed,  1 nodes.
      Class space:        1.00 GB reserved,       3.75 MB ( <1%) committed,  1 nodes.
             Both:        1.06 GB reserved,      34.00 MB (  3%) committed. 

Chunk freelists:
   Non-Class:  1.28 MB
       Class:  12.28 MB
        Both:  13.56 MB

MaxMetaspaceSize: unlimited
CompressedClassSpaceSize: 1.00 GB
Initial GC threshold: 21.00 MB
Current GC threshold: 56.56 MB
CDS: on
MetaspaceReclaimPolicy: balanced
 - commit_granule_bytes: 65536.
 - commit_granule_words: 8192.
 - virtual_space_node_default_size: 8388608.
 - enlarge_chunks_in_place: 1.
 - new_chunks_are_fully_committed: 0.
 - uncommit_free_chunks: 1.
 - use_allocation_guard: 0.
 - handle_deallocations: 1.


Internal statistics:

num_allocs_failed_limit: 3.
num_arena_births: 160.
num_arena_deaths: 0.
num_vsnodes_births: 2.
num_vsnodes_deaths: 0.
num_space_committed: 544.
num_space_uncommitted: 0.
num_chunks_returned_to_freelist: 3.
num_chunks_taken_from_freelist: 1068.
num_chunk_merges: 3.
num_chunk_splits: 923.
num_chunks_enlarged: 844.
num_inconsistent_stats: 0.

CodeHeap 'non-profiled nmethods': size=120000Kb used=4317Kb max_used=4317Kb free=115682Kb
 bounds [0x0000023446390000, 0x00000234467d0000, 0x000002344d8c0000]
CodeHeap 'profiled nmethods': size=120000Kb used=9324Kb max_used=11420Kb free=110675Kb
 bounds [0x000002343e8c0000, 0x000002343f3f0000, 0x0000023445df0000]
CodeHeap 'non-nmethods': size=5760Kb used=1875Kb max_used=1978Kb free=3884Kb
 bounds [0x0000023445df0000, 0x0000023446060000, 0x0000023446390000]
 total_blobs=6544 nmethods=5192 adapters=1264
 compilation: enabled
              stopped_count=0, restarted_count=0
 full_count=0

Compilation events (20 events):
Event: 304.987 Thread 0x0000023459bd5920 5987       4       javax.swing.TimerQueue$DelayedTimer::getDelay (16 bytes)
Event: 304.989 Thread 0x0000023459bd5920 nmethod 5987 0x00000234467c0a90 code [0x00000234467c0c20, 0x00000234467c0db8]
Event: 312.185 Thread 0x0000023459bd5920 5988       4       java.util.concurrent.locks.AbstractQueuedSynchronizer$ConditionObject::awaitNanos (200 bytes)
Event: 312.200 Thread 0x0000023459bd5920 nmethod 5988 0x00000234467c0f10 code [0x00000234467c1100, 0x00000234467c1e88]
Event: 312.200 Thread 0x0000023459bd5920 5989       4       androidx.compose.ui.platform.FlushCoroutineDispatcher$scheduleResumeAfterDelay$2::invokeSuspend (104 bytes)
Event: 312.205 Thread 0x0000023459bd5920 nmethod 5989 0x00000234467c2790 code [0x00000234467c2960, 0x00000234467c3168]
Event: 330.353 Thread 0x0000023459bd5920 5990       4       androidx.compose.runtime.snapshots.SnapshotIdSetKt::binarySearch (67 bytes)
Event: 330.354 Thread 0x0000023459bd5920 nmethod 5990 0x00000234467c3790 code [0x00000234467c3900, 0x00000234467c3a18]
Event: 352.136 Thread 0x0000023459bd5920 5991 %     4       kotlinx.coroutines.scheduling.CoroutineScheduler$Worker::runWorker @ 2 (118 bytes)
Event: 352.146 Thread 0x0000023459bd5920 nmethod 5991% 0x00000234467c3b90 code [0x00000234467c3da0, 0x00000234467c47d0]
Event: 421.928 Thread 0x0000023459bdd080 5992       1       kotlinx.coroutines.internal.ThreadSafeHeap::getSize (5 bytes)
Event: 421.928 Thread 0x0000023459bdd080 nmethod 5992 0x00000234467c5010 code [0x00000234467c51a0, 0x00000234467c5278]
Event: 445.220 Thread 0x0000023459bdd080 5993   !   3       java.util.concurrent.locks.AbstractQueuedSynchronizer::acquire (407 bytes)
Event: 445.222 Thread 0x0000023459bdd080 nmethod 5993 0x000002343eb59590 code [0x000002343eb59920, 0x000002343eb5b378]
Event: 500.954 Thread 0x0000023459bd5920 5994   !   4       java.util.concurrent.locks.AbstractQueuedSynchronizer::acquire (407 bytes)
Event: 500.978 Thread 0x0000023459bd5920 nmethod 5994 0x00000234467c5310 code [0x00000234467c5500, 0x00000234467c6360]
Event: 510.490 Thread 0x0000023459bdd080 5995       3       java.util.IdentityHashMap$IdentityHashMapIterator::nextIndex (72 bytes)
Event: 510.490 Thread 0x0000023459bdd080 nmethod 5995 0x000002343e921a90 code [0x000002343e921c60, 0x000002343e9220a8]
Event: 510.498 Thread 0x0000023459bdd080 5996       3       kotlinx.coroutines.JobSupport::getOrPromoteCancellingList (84 bytes)
Event: 510.499 Thread 0x0000023459bdd080 nmethod 5996 0x000002343f277c90 code [0x000002343f277f60, 0x000002343f279058]

GC Heap History (20 events):
Event: 361.848 GC heap before
{Heap before GC invocations=31 (full 11):
 garbage-first heap   total 90112K, used 39130K [0x0000000702600000, 0x0000000800000000)
  region size 2048K, 9 young (18432K), 1 survivors (2048K)
 Metaspace       used 34545K, committed 34816K, reserved 1114112K
  class space    used 3729K, committed 3840K, reserved 1048576K
}
Event: 361.871 GC heap after
{Heap after GC invocations=32 (full 12):
 garbage-first heap   total 90112K, used 25215K [0x0000000702600000, 0x0000000800000000)
  region size 2048K, 0 young (0K), 0 survivors (0K)
 Metaspace       used 34545K, committed 34816K, reserved 1114112K
  class space    used 3729K, committed 3840K, reserved 1048576K
}
Event: 386.554 GC heap before
{Heap before GC invocations=32 (full 12):
 garbage-first heap   total 90112K, used 76415K [0x0000000702600000, 0x0000000800000000)
  region size 2048K, 25 young (51200K), 0 survivors (0K)
 Metaspace       used 34545K, committed 34816K, reserved 1114112K
  class space    used 3729K, committed 3840K, reserved 1048576K
}
Event: 386.554 GC heap after
{Heap after GC invocations=33 (full 12):
 garbage-first heap   total 90112K, used 25281K [0x0000000702600000, 0x0000000800000000)
  region size 2048K, 1 young (2048K), 1 survivors (2048K)
 Metaspace       used 34545K, committed 34816K, reserved 1114112K
  class space    used 3729K, committed 3840K, reserved 1048576K
}
Event: 391.878 GC heap before
{Heap before GC invocations=33 (full 12):
 garbage-first heap   total 90112K, used 35521K [0x0000000702600000, 0x0000000800000000)
  region size 2048K, 7 young (14336K), 1 survivors (2048K)
 Metaspace       used 34545K, committed 34816K, reserved 1114112K
  class space    used 3729K, committed 3840K, reserved 1048576K
}
Event: 391.902 GC heap after
{Heap after GC invocations=34 (full 13):
 garbage-first heap   total 90112K, used 25214K [0x0000000702600000, 0x0000000800000000)
  region size 2048K, 0 young (0K), 0 survivors (0K)
 Metaspace       used 34545K, committed 34816K, reserved 1114112K
  class space    used 3729K, committed 3840K, reserved 1048576K
}
Event: 416.261 GC heap before
{Heap before GC invocations=34 (full 13):
 garbage-first heap   total 90112K, used 76414K [0x0000000702600000, 0x0000000800000000)
  region size 2048K, 25 young (51200K), 0 survivors (0K)
 Metaspace       used 34545K, committed 34816K, reserved 1114112K
  class space    used 3729K, committed 3840K, reserved 1048576K
}
Event: 416.262 GC heap after
{Heap after GC invocations=35 (full 13):
 garbage-first heap   total 90112K, used 25277K [0x0000000702600000, 0x0000000800000000)
  region size 2048K, 1 young (2048K), 1 survivors (2048K)
 Metaspace       used 34545K, committed 34816K, reserved 1114112K
  class space    used 3729K, committed 3840K, reserved 1048576K
}
Event: 421.904 GC heap before
{Heap before GC invocations=35 (full 13):
 garbage-first heap   total 90112K, used 35517K [0x0000000702600000, 0x0000000800000000)
  region size 2048K, 7 young (14336K), 1 survivors (2048K)
 Metaspace       used 34545K, committed 34816K, reserved 1114112K
  class space    used 3729K, committed 3840K, reserved 1048576K
}
Event: 421.928 GC heap after
{Heap after GC invocations=36 (full 14):
 garbage-first heap   total 90112K, used 25214K [0x0000000702600000, 0x0000000800000000)
  region size 2048K, 0 young (0K), 0 survivors (0K)
 Metaspace       used 34545K, committed 34816K, reserved 1114112K
  class space    used 3729K, committed 3840K, reserved 1048576K
}
Event: 446.072 GC heap before
{Heap before GC invocations=36 (full 14):
 garbage-first heap   total 90112K, used 76414K [0x0000000702600000, 0x0000000800000000)
  region size 2048K, 25 young (51200K), 0 survivors (0K)
 Metaspace       used 34545K, committed 34816K, reserved 1114112K
  class space    used 3729K, committed 3840K, reserved 1048576K
}
Event: 446.073 GC heap after
{Heap after GC invocations=37 (full 14):
 garbage-first heap   total 90112K, used 25284K [0x0000000702600000, 0x0000000800000000)
  region size 2048K, 1 young (2048K), 1 survivors (2048K)
 Metaspace       used 34545K, committed 34816K, reserved 1114112K
  class space    used 3729K, committed 3840K, reserved 1048576K
}
Event: 451.934 GC heap before
{Heap before GC invocations=37 (full 14):
 garbage-first heap   total 90112K, used 35524K [0x0000000702600000, 0x0000000800000000)
  region size 2048K, 7 young (14336K), 1 survivors (2048K)
 Metaspace       used 34545K, committed 34816K, reserved 1114112K
  class space    used 3729K, committed 3840K, reserved 1048576K
}
Event: 451.956 GC heap after
{Heap after GC invocations=38 (full 15):
 garbage-first heap   total 90112K, used 25214K [0x0000000702600000, 0x0000000800000000)
  region size 2048K, 0 young (0K), 0 survivors (0K)
 Metaspace       used 34545K, committed 34816K, reserved 1114112K
  class space    used 3729K, committed 3840K, reserved 1048576K
}
Event: 475.979 GC heap before
{Heap before GC invocations=38 (full 15):
 garbage-first heap   total 90112K, used 76414K [0x0000000702600000, 0x0000000800000000)
  region size 2048K, 25 young (51200K), 0 survivors (0K)
 Metaspace       used 34545K, committed 34816K, reserved 1114112K
  class space    used 3729K, committed 3840K, reserved 1048576K
}
Event: 475.980 GC heap after
{Heap after GC invocations=39 (full 15):
 garbage-first heap   total 90112K, used 25283K [0x0000000702600000, 0x0000000800000000)
  region size 2048K, 1 young (2048K), 1 survivors (2048K)
 Metaspace       used 34545K, committed 34816K, reserved 1114112K
  class space    used 3729K, committed 3840K, reserved 1048576K
}
Event: 481.965 GC heap before
{Heap before GC invocations=39 (full 15):
 garbage-first heap   total 90112K, used 35523K [0x0000000702600000, 0x0000000800000000)
  region size 2048K, 7 young (14336K), 1 survivors (2048K)
 Metaspace       used 34545K, committed 34816K, reserved 1114112K
  class space    used 3729K, committed 3840K, reserved 1048576K
}
Event: 481.988 GC heap after
{Heap after GC invocations=40 (full 16):
 garbage-first heap   total 90112K, used 25214K [0x0000000702600000, 0x0000000800000000)
  region size 2048K, 0 young (0K), 0 survivors (0K)
 Metaspace       used 34545K, committed 34816K, reserved 1114112K
  class space    used 3729K, committed 3840K, reserved 1048576K
}
Event: 505.983 GC heap before
{Heap before GC invocations=40 (full 16):
 garbage-first heap   total 90112K, used 76414K [0x0000000702600000, 0x0000000800000000)
  region size 2048K, 25 young (51200K), 0 survivors (0K)
 Metaspace       used 34545K, committed 34816K, reserved 1114112K
  class space    used 3729K, committed 3840K, reserved 1048576K
}
Event: 505.984 GC heap after
{Heap after GC invocations=41 (full 16):
 garbage-first heap   total 90112K, used 25278K [0x0000000702600000, 0x0000000800000000)
  region size 2048K, 1 young (2048K), 1 survivors (2048K)
 Metaspace       used 34545K, committed 34816K, reserved 1114112K
  class space    used 3729K, committed 3840K, reserved 1048576K
}

Dll operation events (14 events):
Event: 0.009 Loaded shared library C:\Users\HP\.jdks\corretto-17.0.7\bin\java.dll
Event: 0.022 Loaded shared library C:\Users\HP\.jdks\corretto-17.0.7\bin\jsvml.dll
Event: 0.161 Loaded shared library C:\Users\HP\.jdks\corretto-17.0.7\bin\zip.dll
Event: 0.164 Loaded shared library C:\Users\HP\.jdks\corretto-17.0.7\bin\instrument.dll
Event: 0.171 Loaded shared library C:\Users\HP\.jdks\corretto-17.0.7\bin\net.dll
Event: 0.173 Loaded shared library C:\Users\HP\.jdks\corretto-17.0.7\bin\nio.dll
Event: 0.177 Loaded shared library C:\Users\HP\.jdks\corretto-17.0.7\bin\zip.dll
Event: 0.290 Loaded shared library C:\Program Files\JetBrains\IntelliJ IDEA Community Edition 2021.3.2\bin\breakgen64.dll
Event: 0.455 Loaded shared library C:\Users\HP\.jdks\corretto-17.0.7\bin\jimage.dll
Event: 0.459 Loaded shared library C:\Users\HP\.jdks\corretto-17.0.7\bin\awt.dll
Event: 1.432 Loaded shared library C:\Users\HP\.skiko\0de0d8dd8554d9bb66cfca3837db6514ff9b71080e998917280a3b777460a416\skiko-windows-x64.dll
Event: 1.871 Loaded shared library C:\Users\HP\.jdks\corretto-17.0.7\bin\freetype.dll
Event: 1.872 Loaded shared library C:\Users\HP\.jdks\corretto-17.0.7\bin\fontmanager.dll
Event: 7.783 Loaded shared library C:\Users\HP\AppData\Local\io-realm-kotlin\f7113120ba00ba1ff91d696eecd3919e85a4e34e\realmc.dll

Deoptimization events (20 events):
Event: 241.752 Thread 0x000002345ecfac50 Uncommon trap: trap_request=0xffffff45 fr.pc=0x00000234467b0140 relative=0x0000000000000560
Event: 241.752 Thread 0x000002345ecfac50 Uncommon trap: reason=unstable_if action=reinterpret pc=0x00000234467b0140 method=kotlinx.coroutines.scheduling.CoroutineScheduler.parkedWorkersStackPush(Lkotlinx/coroutines/scheduling/CoroutineScheduler$Worker;)Z @ 112 c2
Event: 241.752 Thread 0x000002345ecfac50 DEOPT PACKING pc=0x00000234467b0140 sp=0x00000036f94ff630
Event: 241.752 Thread 0x000002345ecfac50 DEOPT UNPACKING pc=0x0000023445e469a3 sp=0x00000036f94ff548 mode 2
Event: 380.775 Thread 0x000002345ed62950 DEOPT PACKING pc=0x000002343ed1c570 sp=0x00000036fa1ff4d0
Event: 380.775 Thread 0x000002345ed62950 DEOPT UNPACKING pc=0x0000023445e47143 sp=0x00000036fa1fe9b8 mode 0
Event: 431.032 Thread 0x000002345ecfac50 DEOPT PACKING pc=0x000002343ed1c570 sp=0x00000036f94ff6a0
Event: 431.032 Thread 0x000002345ecfac50 DEOPT UNPACKING pc=0x0000023445e47143 sp=0x00000036f94feb88 mode 0
Event: 443.770 Thread 0x000002345e83dbc0 Uncommon trap: trap_request=0xffffff45 fr.pc=0x0000023446787e14 relative=0x00000000000003f4
Event: 443.770 Thread 0x000002345e83dbc0 Uncommon trap: reason=unstable_if action=reinterpret pc=0x0000023446787e14 method=java.util.concurrent.locks.AbstractQueuedSynchronizer.acquire(Ljava/util/concurrent/locks/AbstractQueuedSynchronizer$Node;IZZZJ)I @ 150 c2
Event: 443.770 Thread 0x000002345e83dbc0 DEOPT PACKING pc=0x0000023446787e14 sp=0x00000036f91fecc0
Event: 443.771 Thread 0x000002345e83dbc0 DEOPT UNPACKING pc=0x0000023445e469a3 sp=0x00000036f91fec30 mode 2
Event: 510.492 Thread 0x000002345ed64fd0 Uncommon trap: trap_request=0xffffff45 fr.pc=0x000002344679eec8 relative=0x00000000000000a8
Event: 510.492 Thread 0x000002345ed64fd0 Uncommon trap: reason=unstable_if action=reinterpret pc=0x000002344679eec8 method=kotlin.coroutines.ContinuationInterceptor$DefaultImpls.minusKey(Lkotlin/coroutines/ContinuationInterceptor;Lkotlin/coroutines/CoroutineContext$Key;)Lkotlin/coroutines/Corout
Event: 510.492 Thread 0x000002345ed64fd0 DEOPT PACKING pc=0x000002344679eec8 sp=0x00000036f75feaf0
Event: 510.492 Thread 0x000002345ed64fd0 DEOPT UNPACKING pc=0x0000023445e469a3 sp=0x00000036f75fea10 mode 2
Event: 510.496 Thread 0x000002345ed64fd0 Uncommon trap: trap_request=0xffffff5c fr.pc=0x000002344678af80 relative=0x0000000000000300
Event: 510.496 Thread 0x000002345ed64fd0 Uncommon trap: reason=speculate_null_check action=make_not_entrant pc=0x000002344678af80 method=java.util.concurrent.locks.AbstractQueuedSynchronizer.enqueue(Ljava/util/concurrent/locks/AbstractQueuedSynchronizer$Node;)V @ 15 c2
Event: 510.496 Thread 0x000002345ed64fd0 DEOPT PACKING pc=0x000002344678af80 sp=0x00000036f75fe0c0
Event: 510.496 Thread 0x000002345ed64fd0 DEOPT UNPACKING pc=0x0000023445e469a3 sp=0x00000036f75fe078 mode 2

Classes unloaded (0 events):
No events

Classes redefined (0 events):
No events

Internal exceptions (20 events):
Event: 0.483 Thread 0x00000234355a85e0 Exception <a 'java/io/FileNotFoundException'{0x00000007122b8bd8}> (0x00000007122b8bd8) 
thrown [s\src\hotspot\share\prims\jni.cpp, line 516]
Event: 0.752 Thread 0x000002345e83dbc0 Exception <a 'java/lang/NoSuchMethodError'{0x00000007123e7418}: 'java.lang.Object java.lang.invoke.DirectMethodHandle$Holder.invokeStaticInit(java.lang.Object, int, int, int, int)'> (0x00000007123e7418) 
thrown [s\src\hotspot\share\interpreter\linkResolver.cpp, line 759]
Event: 0.877 Thread 0x000002345e83dbc0 Exception <a 'java/lang/NoSuchMethodError'{0x00000007120b90c8}: 'java.lang.Object java.lang.invoke.DirectMethodHandle$Holder.invokeStaticInit(java.lang.Object, java.lang.Object, int, int, int, int)'> (0x00000007120b90c8) 
thrown [s\src\hotspot\share\interpreter\linkResolver.cpp, line 759]
Event: 1.154 Thread 0x000002345e83dbc0 Exception <a 'java/lang/NoSuchMethodError'{0x0000000711d2b740}: 'double java.lang.invoke.DirectMethodHandle$Holder.invokeStatic(java.lang.Object, double)'> (0x0000000711d2b740) 
thrown [s\src\hotspot\share\interpreter\linkResolver.cpp, line 759]
Event: 1.154 Thread 0x000002345e83dbc0 Exception <a 'java/lang/NoSuchMethodError'{0x0000000711d2f1a0}: 'double java.lang.invoke.DirectMethodHandle$Holder.invokeStaticInit(java.lang.Object, double)'> (0x0000000711d2f1a0) 
thrown [s\src\hotspot\share\interpreter\linkResolver.cpp, line 759]
Event: 1.169 Thread 0x000002345e83dbc0 Exception <a 'java/lang/NoSuchMethodError'{0x0000000711d77158}: 'java.lang.Object java.lang.invoke.DirectMethodHandle$Holder.newInvokeSpecial(java.lang.Object, double)'> (0x0000000711d77158) 
thrown [s\src\hotspot\share\interpreter\linkResolver.cpp, line 759]
Event: 1.676 Thread 0x000002345e83dbc0 Exception <a 'java/lang/NoSuchMethodError'{0x0000000710c08488}: 'void java.lang.invoke.DirectMethodHandle$Holder.invokeSpecial(java.lang.Object, java.lang.Object, java.lang.Object)'> (0x0000000710c08488) 
thrown [s\src\hotspot\share\interpreter\linkResolver.cpp, line 759]
Event: 1.688 Thread 0x000002345e83dbc0 Exception <a 'java/lang/NoSuchMethodError'{0x0000000710c32618}: 'java.lang.Object java.lang.invoke.DirectMethodHandle$Holder.newInvokeSpecial(java.lang.Object, java.lang.Object, java.lang.Object, java.lang.Object, java.lang.Object)'> (0x0000000710c32618) 
thrown [s\src\hotspot\share\interpreter\linkResolver.cpp, line 759]
Event: 1.690 Thread 0x000002345e83dbc0 Exception <a 'java/lang/NoSuchMethodError'{0x0000000710c3e288}: 'java.lang.Object java.lang.invoke.DirectMethodHandle$Holder.invokeStatic(java.lang.Object, int, java.lang.Object, java.lang.Object, java.lang.Object, java.lang.Object)'> (0x0000000710c3e288) 
thrown [s\src\hotspot\share\interpreter\linkResolver.cpp, line 759]
Event: 1.695 Thread 0x000002345e83dbc0 Exception <a 'java/lang/NoSuchMethodError'{0x0000000710c640d0}: 'java.lang.Object java.lang.invoke.DirectMethodHandle$Holder.invokeStatic(java.lang.Object, int, java.lang.Object)'> (0x0000000710c640d0) 
thrown [s\src\hotspot\share\interpreter\linkResolver.cpp, line 759]
Event: 1.724 Thread 0x000002345e83dbc0 Exception <a 'java/lang/ClassNotFoundException'{0x0000000710d207a0}: com/sun/swing/internal/plaf/metal/resources/spi/metalProvider> (0x0000000710d207a0) 
thrown [s\src\hotspot\share\classfile\systemDictionary.cpp, line 256]
Event: 1.725 Thread 0x000002345e83dbc0 Exception <a 'java/lang/ClassNotFoundException'{0x0000000710d24740}: com/sun/swing/internal/plaf/basic/resources/spi/basicProvider> (0x0000000710d24740) 
thrown [s\src\hotspot\share\classfile\systemDictionary.cpp, line 256]
Event: 1.733 Thread 0x000002345e83dbc0 Implicit null exception at 0x00000234463bba10 to 0x00000234463bbde4
Event: 1.734 Thread 0x000002345e83dbc0 Implicit null exception at 0x00000234463b8b90 to 0x00000234463b8f48
Event: 1.759 Thread 0x000002345e83dbc0 Exception <a 'java/lang/NoSuchMethodError'{0x0000000710a35df0}: 'void java.lang.invoke.DirectMethodHandle$Holder.invokeStatic(java.lang.Object, java.lang.Object, java.lang.Object)'> (0x0000000710a35df0) 
thrown [s\src\hotspot\share\interpreter\linkResolver.cpp, line 759]
Event: 1.865 Thread 0x000002345e83dbc0 Exception <a 'java/lang/NoSuchMethodError'{0x00000007108fd458}: 'void java.lang.invoke.DirectMethodHandle$Holder.invokeStaticInit(java.lang.Object)'> (0x00000007108fd458) 
thrown [s\src\hotspot\share\interpreter\linkResolver.cpp, line 759]
Event: 2.114 Thread 0x000002345e83dbc0 Exception <a 'java/lang/NoSuchMethodError'{0x0000000712172a50}: 'int java.lang.invoke.DirectMethodHandle$Holder.invokeStaticInit(java.lang.Object, java.lang.Object, java.lang.Object)'> (0x0000000712172a50) 
thrown [s\src\hotspot\share\interpreter\linkResolver.cpp, line 759]
Event: 2.551 Thread 0x000002345e8f2e90 Exception <a 'java/lang/NoSuchMethodError'{0x0000000710a00be8}: 'void java.lang.invoke.DirectMethodHandle$Holder.invokeVirtual(java.lang.Object, java.lang.Object)'> (0x0000000710a00be8) 
thrown [s\src\hotspot\share\interpreter\linkResolver.cpp, line 759]
Event: 7.084 Thread 0x000002345e83dbc0 Exception <a 'java/lang/NoSuchMethodError'{0x0000000704ac8aa0}: 'int java.lang.invoke.DirectMethodHandle$Holder.invokeStaticInit(java.lang.Object, long, long)'> (0x0000000704ac8aa0) 
thrown [s\src\hotspot\share\interpreter\linkResolver.cpp, line 759]
Event: 7.686 Thread 0x000002345e83dbc0 Exception <a 'java/lang/NoSuchMethodError'{0x000000070fb24468}: 'java.lang.Object java.lang.invoke.DirectMethodHandle$Holder.newInvokeSpecial(java.lang.Object, int, java.lang.Object)'> (0x000000070fb24468) 
thrown [s\src\hotspot\share\interpreter\linkResolver.cpp, line 759]

VM Operations (20 events):
Event: 361.848 Executing VM operation: G1CollectFull
Event: 361.871 Executing VM operation: G1CollectFull done
Event: 386.554 Executing VM operation: G1CollectForAllocation
Event: 386.554 Executing VM operation: G1CollectForAllocation done
Event: 391.878 Executing VM operation: G1CollectFull
Event: 391.902 Executing VM operation: G1CollectFull done
Event: 416.261 Executing VM operation: G1CollectForAllocation
Event: 416.262 Executing VM operation: G1CollectForAllocation done
Event: 421.904 Executing VM operation: G1CollectFull
Event: 421.928 Executing VM operation: G1CollectFull done
Event: 446.072 Executing VM operation: G1CollectForAllocation
Event: 446.073 Executing VM operation: G1CollectForAllocation done
Event: 451.934 Executing VM operation: G1CollectFull
Event: 451.957 Executing VM operation: G1CollectFull done
Event: 475.978 Executing VM operation: G1CollectForAllocation
Event: 475.980 Executing VM operation: G1CollectForAllocation done
Event: 481.965 Executing VM operation: G1CollectFull
Event: 481.989 Executing VM operation: G1CollectFull done
Event: 505.983 Executing VM operation: G1CollectForAllocation
Event: 505.984 Executing VM operation: G1CollectForAllocation done

Events (20 events):
Event: 19.162 Thread 0x0000023459bde9f0 flushing nmethod 0x000002343f1a6790
Event: 19.162 Thread 0x0000023459bde9f0 flushing nmethod 0x000002343f1fe710
Event: 19.163 Thread 0x0000023459bde9f0 flushing nmethod 0x000002343f241790
Event: 19.163 Thread 0x0000023459bde9f0 flushing nmethod 0x000002343f265090
Event: 19.163 Thread 0x0000023459bde9f0 flushing nmethod 0x000002343f277c90
Event: 19.163 Thread 0x0000023459bde9f0 flushing nmethod 0x000002343f27af10
Event: 19.163 Thread 0x0000023459bde9f0 flushing nmethod 0x000002343f2e5010
Event: 19.163 Thread 0x0000023459bde9f0 flushing nmethod 0x000002343f2f6f10
Event: 19.163 Thread 0x0000023459bde9f0 flushing nmethod 0x000002343f307290
Event: 21.983 Thread 0x000002345f4965c0 Thread added: 0x000002345f4965c0
Event: 22.988 Thread 0x000002345f4965c0 Thread exited: 0x000002345f4965c0
Event: 67.945 Thread 0x000002345ec4bab0 Thread exited: 0x000002345ec4bab0
Event: 67.945 Thread 0x000002345ecfb120 Thread exited: 0x000002345ecfb120
Event: 510.489 loading class jdk/internal/misc/Signal$1
Event: 510.489 loading class jdk/internal/misc/Signal$1 done
Event: 510.489 Thread 0x000002345ed62e20 Thread added: 0x000002345ed62e20
Event: 510.490 Thread 0x000002345ed64630 Thread added: 0x000002345ed64630
Event: 510.490 Thread 0x000002345ed64fd0 Thread added: 0x000002345ed64fd0
Event: 510.490 Thread 0x000002345ed5d780 Thread added: 0x000002345ed5d780
Event: 510.492 Thread 0x000002345ed5d780 Thread exited: 0x000002345ed5d780


Dynamic libraries:
0x00007ff7eeda0000 - 0x00007ff7eedad000 	C:\Users\HP\.jdks\corretto-17.0.7\bin\java.exe
0x00007ffee9b50000 - 0x00007ffee9d48000 	C:\Windows\SYSTEM32\ntdll.dll
0x00007ffee90d0000 - 0x00007ffee918f000 	C:\Windows\System32\KERNEL32.DLL
0x00007ffee7790000 - 0x00007ffee7a86000 	C:\Windows\System32\KERNELBASE.dll
0x00007ffee7410000 - 0x00007ffee7510000 	C:\Windows\System32\ucrtbase.dll
0x00007ffedf250000 - 0x00007ffedf265000 	C:\Users\HP\.jdks\corretto-17.0.7\bin\VCRUNTIME140.dll
0x00007ffedd130000 - 0x00007ffedd147000 	C:\Users\HP\.jdks\corretto-17.0.7\bin\jli.dll
0x00007ffee9970000 - 0x00007ffee9b0d000 	C:\Windows\System32\USER32.dll
0x00007ffecd150000 - 0x00007ffecd3ea000 	C:\Windows\WinSxS\amd64_microsoft.windows.common-controls_6595b64144ccf1df_6.0.19041.1110_none_60b5254171f9507e\COMCTL32.dll
0x00007ffee76c0000 - 0x00007ffee76e2000 	C:\Windows\System32\win32u.dll
0x00007ffee8310000 - 0x00007ffee83ae000 	C:\Windows\System32\msvcrt.dll
0x00007ffee90a0000 - 0x00007ffee90cc000 	C:\Windows\System32\GDI32.dll
0x00007ffee7a90000 - 0x00007ffee7ba5000 	C:\Windows\System32\gdi32full.dll
0x00007ffee72c0000 - 0x00007ffee735d000 	C:\Windows\System32\msvcp_win.dll
0x00007ffee8600000 - 0x00007ffee8630000 	C:\Windows\System32\IMM32.DLL
0x00007ffec73d0000 - 0x00007ffec746b000 	C:\Users\HP\.jdks\corretto-17.0.7\bin\msvcp140.dll
0x00007ffea5510000 - 0x00007ffea612a000 	C:\Users\HP\.jdks\corretto-17.0.7\bin\server\jvm.dll
0x00007ffee8630000 - 0x00007ffee86df000 	C:\Windows\System32\ADVAPI32.dll
0x00007ffee8560000 - 0x00007ffee85fc000 	C:\Windows\System32\sechost.dll
0x00007ffee7d70000 - 0x00007ffee7e96000 	C:\Windows\System32\RPCRT4.dll
0x00007ffee0fa0000 - 0x00007ffee0fa9000 	C:\Windows\SYSTEM32\WSOCK32.dll
0x00007ffecca00000 - 0x00007ffecca27000 	C:\Windows\SYSTEM32\WINMM.dll
0x00007ffedb320000 - 0x00007ffedb32a000 	C:\Windows\SYSTEM32\VERSION.dll
0x00007ffee8e70000 - 0x00007ffee8edb000 	C:\Windows\System32\WS2_32.dll
0x00007ffee5a20000 - 0x00007ffee5a32000 	C:\Windows\SYSTEM32\kernel.appcore.dll
0x00007ffedf290000 - 0x00007ffedf29a000 	C:\Users\HP\.jdks\corretto-17.0.7\bin\jimage.dll
0x00007ffee1f40000 - 0x00007ffee2124000 	C:\Windows\SYSTEM32\DBGHELP.DLL
0x00007ffecec70000 - 0x00007ffececa4000 	C:\Windows\SYSTEM32\dbgcore.DLL
0x00007ffee7230000 - 0x00007ffee72b2000 	C:\Windows\System32\bcryptPrimitives.dll
0x00007ffedf240000 - 0x00007ffedf24e000 	C:\Users\HP\.jdks\corretto-17.0.7\bin\instrument.dll
0x00007ffedbcf0000 - 0x00007ffedbd15000 	C:\Users\HP\.jdks\corretto-17.0.7\bin\java.dll
0x00007ffebaa40000 - 0x00007ffebab16000 	C:\Users\HP\.jdks\corretto-17.0.7\bin\jsvml.dll
0x00007ffee9190000 - 0x00007ffee98d4000 	C:\Windows\System32\SHELL32.dll
0x00007ffee2130000 - 0x00007ffee28c4000 	C:\Windows\SYSTEM32\windows.storage.dll
0x00007ffee8890000 - 0x00007ffee8be4000 	C:\Windows\System32\combase.dll
0x00007ffee6ab0000 - 0x00007ffee6ade000 	C:\Windows\SYSTEM32\Wldp.dll
0x00007ffee8f90000 - 0x00007ffee903d000 	C:\Windows\System32\SHCORE.dll
0x00007ffee9040000 - 0x00007ffee9095000 	C:\Windows\System32\shlwapi.dll
0x00007ffee7160000 - 0x00007ffee7185000 	C:\Windows\SYSTEM32\profapi.dll
0x00007ffedbcc0000 - 0x00007ffedbcd8000 	C:\Users\HP\.jdks\corretto-17.0.7\bin\zip.dll
0x00007ffedc060000 - 0x00007ffedc079000 	C:\Users\HP\.jdks\corretto-17.0.7\bin\net.dll
0x00007ffed8570000 - 0x00007ffed867a000 	C:\Windows\SYSTEM32\WINHTTP.dll
0x00007ffee6890000 - 0x00007ffee68fa000 	C:\Windows\system32\mswsock.dll
0x00007ffedbfe0000 - 0x00007ffedbff5000 	C:\Users\HP\.jdks\corretto-17.0.7\bin\nio.dll
0x00007ffedbe00000 - 0x00007ffedbe1a000 	C:\Program Files\JetBrains\IntelliJ IDEA Community Edition 2021.3.2\bin\breakgen64.dll
0x00007ffeba410000 - 0x00007ffeba5b9000 	C:\Users\HP\.jdks\corretto-17.0.7\bin\awt.dll
0x00007ffee87c0000 - 0x00007ffee888d000 	C:\Windows\System32\OLEAUT32.dll
0x00007ffee0ec0000 - 0x00007ffee0f51000 	C:\Windows\SYSTEM32\apphelp.dll
0x00007ffee1180000 - 0x00007ffee121e000 	C:\Windows\system32\uxtheme.dll
0x00007ffee8440000 - 0x00007ffee8554000 	C:\Windows\System32\MSCTF.dll
0x00007ffee8c00000 - 0x00007ffee8d2a000 	C:\Windows\System32\ole32.dll
0x00007ffee1320000 - 0x00007ffee134f000 	C:\Windows\system32\DWMAPI.DLL
0x00007ffeb5d50000 - 0x00007ffeb5e75000 	C:\Windows\system32\opengl32.dll
0x00007ffeb67f0000 - 0x00007ffeb681c000 	C:\Windows\SYSTEM32\GLU32.dll
0x00007ffee6af0000 - 0x00007ffee6b08000 	C:\Windows\SYSTEM32\CRYPTSP.dll
0x00007ffee61d0000 - 0x00007ffee6204000 	C:\Windows\system32\rsaenh.dll
0x00007ffee7760000 - 0x00007ffee7787000 	C:\Windows\System32\bcrypt.dll
0x00007ffee7120000 - 0x00007ffee714e000 	C:\Windows\SYSTEM32\USERENV.dll
0x00007ffee6a20000 - 0x00007ffee6a2c000 	C:\Windows\SYSTEM32\CRYPTBASE.dll
0x00007ffee65a0000 - 0x00007ffee65dc000 	C:\Windows\SYSTEM32\IPHLPAPI.DLL
0x00007ffee7d60000 - 0x00007ffee7d68000 	C:\Windows\System32\NSI.dll
0x00007ffeda430000 - 0x00007ffeda447000 	C:\Windows\SYSTEM32\dhcpcsvc6.DLL
0x00007ffed8d80000 - 0x00007ffed8d9d000 	C:\Windows\SYSTEM32\dhcpcsvc.DLL
0x00007ffee65e0000 - 0x00007ffee66aa000 	C:\Windows\SYSTEM32\DNSAPI.dll
0x00007ffe9d3a0000 - 0x00007ffe9e3ec000 	C:\Users\HP\.skiko\0de0d8dd8554d9bb66cfca3837db6514ff9b71080e998917280a3b777460a416\skiko-windows-x64.dll
0x00007ffec59a0000 - 0x00007ffec5a23000 	C:\Users\HP\.jdks\corretto-17.0.7\bin\freetype.dll
0x00007ffeb1cf0000 - 0x00007ffeb1db2000 	C:\Users\HP\.jdks\corretto-17.0.7\bin\fontmanager.dll
0x00007ffedbd50000 - 0x00007ffedbd57000 	C:\Users\HP\.jdks\corretto-17.0.7\bin\jawt.dll
0x00007ffee5a90000 - 0x00007ffee5b83000 	C:\Windows\SYSTEM32\Dxgi.dll
0x00007ffedbd20000 - 0x00007ffedbd40000 	C:\Windows\SYSTEM32\D3D12.dll
0x00007ffea8b90000 - 0x00007ffea8d5d000 	C:\Windows\SYSTEM32\D3D12Core.dll
0x00007ffeda9e0000 - 0x00007ffedaa1b000 	C:\Windows\SYSTEM32\dxcore.dll
0x00007ffee7670000 - 0x00007ffee76be000 	C:\Windows\System32\cfgmgr32.dll
0x00007ffed4390000 - 0x00007ffed6fa9000 	C:\Windows\System32\DriverStore\FileRepository\igdlh64.inf_amd64_e6daaea9afe1e6f6\igc64.dll
0x00007ffe72ab0000 - 0x00007ffe73f83000 	C:\Windows\System32\DriverStore\FileRepository\igdlh64.inf_amd64_e6daaea9afe1e6f6\igd12umd64.dll
0x00007ffeda000000 - 0x00007ffeda257000 	C:\Windows\System32\DriverStore\FileRepository\igdlh64.inf_amd64_e6daaea9afe1e6f6\igdgmm64.dll
0x00007ffea2920000 - 0x00007ffea2d2b000 	C:\Windows\System32\DriverStore\FileRepository\igdlh64.inf_amd64_e6daaea9afe1e6f6\igdml64.dll
0x00007ffeca980000 - 0x00007ffeca9ab000 	C:\Windows\SYSTEM32\D3DSCache.dll
0x00007ffe51780000 - 0x00007ffe55f82000 	C:\Windows\System32\DriverStore\FileRepository\igdlh64.inf_amd64_e6daaea9afe1e6f6\igd12dxva64.dll
0x00007ffee7ea0000 - 0x00007ffee830e000 	C:\Windows\System32\SETUPAPI.dll
0x00007ffe96bf0000 - 0x00007ffe96c17000 	C:\Windows\System32\DriverStore\FileRepository\igdlh64.inf_amd64_e6daaea9afe1e6f6\igdinfo64.dll
0x00007ffeddf50000 - 0x00007ffede157000 	C:\Windows\SYSTEM32\twinapi.appcore.dll
0x00007ffee8ee0000 - 0x00007ffee8f89000 	C:\Windows\System32\clbcatq.dll
0x00007ffedb410000 - 0x00007ffedb514000 	C:\Windows\System32\AppXDeploymentClient.dll
0x00007ffe744c0000 - 0x00007ffe75492000 	C:\Windows\System32\DriverStore\FileRepository\igdlh64.inf_amd64_e6daaea9afe1e6f6\ig9icd64.dll
0x00007ffee7090000 - 0x00007ffee70db000 	C:\Windows\SYSTEM32\powrprof.dll
0x00007ffee7070000 - 0x00007ffee7082000 	C:\Windows\SYSTEM32\UMPDC.dll
0x00007ffed2250000 - 0x00007ffed24cf000 	C:\Windows\SYSTEM32\dwrite.dll
0x00007ffed3ec0000 - 0x00007ffed3fb9000 	C:\Windows\SYSTEM32\textinputframework.dll
0x00007ffee0b40000 - 0x00007ffee0c32000 	C:\Windows\System32\CoreMessaging.dll
0x00007ffee0460000 - 0x00007ffee07be000 	C:\Windows\System32\CoreUIComponents.dll
0x00007ffee62f0000 - 0x00007ffee6323000 	C:\Windows\SYSTEM32\ntmarta.dll
0x00007ffedf450000 - 0x00007ffedf5a4000 	C:\Windows\SYSTEM32\wintypes.dll
0x00007ffe60f60000 - 0x00007ffe61812000 	C:\Users\HP\AppData\Local\io-realm-kotlin\f7113120ba00ba1ff91d696eecd3919e85a4e34e\realmc.dll
0x00007ffee7510000 - 0x00007ffee766e000 	C:\Windows\System32\CRYPT32.dll

dbghelp: loaded successfully - version: 4.0.5 - missing functions: none
symbol engine: initialized successfully - sym options: 0x614 - pdb path: .;C:\Users\HP\.jdks\corretto-17.0.7\bin;C:\Windows\SYSTEM32;C:\Windows\WinSxS\amd64_microsoft.windows.common-controls_6595b64144ccf1df_6.0.19041.1110_none_60b5254171f9507e;C:\Users\HP\.jdks\corretto-17.0.7\bin\server;C:\Program Files\JetBrains\IntelliJ IDEA Community Edition 2021.3.2\bin;C:\Users\HP\.skiko\0de0d8dd8554d9bb66cfca3837db6514ff9b71080e998917280a3b777460a416;C:\Windows\System32\DriverStore\FileRepository\igdlh64.inf_amd64_e6daaea9afe1e6f6;C:\Users\HP\AppData\Local\io-realm-kotlin\f7113120ba00ba1ff91d696eecd3919e85a4e34e

VM Arguments:
jvm_args: -Djava.library.path=C:\Users\HP\Desktop\newderar\build\classes\kotlin\jvm\main;C:\Users\HP\Desktop\newderar\build\processedResources\jvm\main -javaagent:C:\Program Files\JetBrains\IntelliJ IDEA Community Edition 2021.3.2\lib\idea_rt.jar=50327:C:\Program Files\JetBrains\IntelliJ IDEA Community Edition 2021.3.2\bin -Dfile.encoding=UTF-8 
java_command: MainKt
java_class_path (initial): C:\Users\HP\Desktop\newderar\build\classes\kotlin\jvm\main;C:\Users\HP\Desktop\newderar\build\processedResources\jvm\main;C:\Users\HP\.gradle\caches\modules-2\files-2.1\io.insert-koin\koin-androidx-compose\3.4.5\ae0a88b7a68d507e651c5a3d70a541594bea54cb\koin-androidx-compose-3.4.5.aar;C:\Users\HP\.gradle\caches\modules-2\files-2.1\androidx.navigation\navigation-compose\2.6.0\3f8ce7b0bad21cced0c47b42b6347c65a6e422c3\navigation-compose-2.6.0.aar;C:\Users\HP\.gradle\caches\modules-2\files-2.1\org.jetbrains.kotlin\kotlin-stdlib-jdk8\1.8.21\67f57e154437cd9e6e9cf368394b95814836ff88\kotlin-stdlib-jdk8-1.8.21.jar;C:\Users\HP\.gradle\caches\modules-2\files-2.1\org.apache.poi\poi-ooxml\4.1.2\87d9a22aa9a7dd26e80c360e709f7ee02e32ab3b\poi-ooxml-4.1.2.jar;C:\Users\HP\.gradle\caches\modules-2\files-2.1\org.apache.poi\poi\4.1.2\964bf41cf68bce08e4ef6b2279b559fdf8d454f4\poi-4.1.2.jar;C:\Users\HP\.gradle\caches\modules-2\files-2.1\org.lwjgl\lwjgl-nfd\3.3.1\622318116996ddcff449b46cb38f0fdee39b8ac3\lwjgl-nfd-3.3.1.jar;C:\Users\HP\.gradle\caches\modules-2\files-2.1\org.lwjgl\lwjgl-nfd\3.3.1\2e007667e04ed3281152ae5c6e677fb1c2211691\lwjgl-nfd-3.3.1-natives-linux.jar;C:\Users\HP\.gradle\caches\modules-2\files-2.1\org.lwjgl\lwjgl\3.3.1\ae58664f88e18a9bb2c77b063833ca7aaec484cb\lwjgl-3.3.1.jar;C:\Users\HP\.gradle\caches\modules-2\files-2.1\io.insert-koin\koin-android\3.4.0\48715fbe06102a59a30bd45b06ed2400c16c6f45\koin-android-3.4.0.aar;C:\Users\HP\.gradle\caches\modules-2\files-2.1\org.lwjgl\lwjgl-nfd\3.3.1\b3e04e317f55dd738d8a345cdafd15b39f85a2ea\lwjgl-nfd-3.3.1-natives-linux-arm32.jar;C:\Users\HP\.gradle\caches\modules-2\files-2.1\androidx.lifecycle\lifecycle-viewmodel-compose\2.6.1\38cf3bb65ff3e0e5c3d63de2ebf5411d0898108c\lifecycle-viewmodel-compose-2.6.1.aar;C:\Users\HP\.gradle\caches\modules-2\files-2.1\org.lwjgl\lwjgl-nfd\3.3.1\f41dc62336f7ee4ab35705cfa440cc903d199165\lwjgl-nfd-3.3.1-natives-linux-arm64.jar;C:\Users\HP\.gradle\caches\modules-2\files-2.1\androi
Launcher Type: SUN_STANDARD

[Global flags]
     intx CICompilerCount                          = 3                                         {product} {ergonomic}
     uint ConcGCThreads                            = 1                                         {product} {ergonomic}
     uint G1ConcRefinementThreads                  = 4                                         {product} {ergonomic}
   size_t G1HeapRegionSize                         = 2097152                                   {product} {ergonomic}
    uintx GCDrainStackTargetSize                   = 64                                        {product} {ergonomic}
   size_t InitialHeapSize                          = 266338304                                 {product} {ergonomic}
   size_t MarkStackSize                            = 4194304                                   {product} {ergonomic}
   size_t MaxHeapSize                              = 4255121408                                {product} {ergonomic}
   size_t MaxNewSize                               = 2552233984                                {product} {ergonomic}
   size_t MinHeapDeltaBytes                        = 2097152                                   {product} {ergonomic}
   size_t MinHeapSize                              = 8388608                                   {product} {ergonomic}
    uintx NonNMethodCodeHeapSize                   = 5832780                                {pd product} {ergonomic}
    uintx NonProfiledCodeHeapSize                  = 122912730                              {pd product} {ergonomic}
    uintx ProfiledCodeHeapSize                     = 122912730                              {pd product} {ergonomic}
    uintx ReservedCodeCacheSize                    = 251658240                              {pd product} {ergonomic}
     bool SegmentedCodeCache                       = true                                      {product} {ergonomic}
   size_t SoftMaxHeapSize                          = 4255121408                             {manageable} {ergonomic}
     bool UseCompressedClassPointers               = true                           {product lp64_product} {ergonomic}
     bool UseCompressedOops                        = true                           {product lp64_product} {ergonomic}
     bool UseG1GC                                  = true                                      {product} {ergonomic}
     bool UseLargePagesIndividualAllocation        = false                                  {pd product} {ergonomic}

Logging:
Log output configuration:
 #0: stdout all=warning uptime,level,tags
 #1: stderr all=off uptime,level,tags

Environment Variables:
PATH=C:\Program Files\Common Files\Oracle\Java\javapath;C:\Program Files (x86)\Common Files\Oracle\Java\javapath;C:\Windows\system32;C:\Windows;C:\Windows\System32\Wbem;C:\Windows\System32\WindowsPowerShell\v1.0\;C:\Windows\System32\OpenSSH\;C:\xampp\php;C:\ProgramData\ComposerSetup\bin;C:\Program Files\nodejs\;C:\Program Files (x86)\Intel\Intel(R) Management Engine Components\DAL;C:\Program Files\Intel\Intel(R) Management Engine Components\DAL;C:\Program Files\Git\cmd;C:\Program Files\Fortect;C:\Users\HP\AppData\Local\Microsoft\WindowsApps;C:\Program Files\JetBrains\IntelliJ IDEA Community Edition 2021.3.2\bin;C:\Users\HP\AppData\Local\Programs\Microsoft VS Code\bin;C:\Users\HP\AppData\Local\JetBrains\Toolbox\scripts;C:\Users\HP\AppData\Local\GitHubDesktop\bin;C:\Users\HP\Desktop\camp\flutter_windows_3.7.6-stable\flutter\bin;C:\Users\HP\AppData\Roaming\Composer\vendor\bin;C:\Users\HP\AppData\Roaming\npm
USERNAME=HP
OS=Windows_NT
PROCESSOR_IDENTIFIER=Intel64 Family 6 Model 142 Stepping 9, GenuineIntel
TMP=C:\Users\HP\AppData\Local\Temp
TEMP=C:\Users\HP\AppData\Local\Temp



---------------  S Y S T E M  ---------------

OS:
 Windows 10 , 64 bit Build 19041 (10.0.19041.3155)
OS uptime: 2 days 20:04 hours
Hyper-V role detected

CPU: total 4 (initial active 4) (2 cores per cpu, 2 threads per core) family 6 model 142 stepping 9 microcode 0xf2, cx8, cmov, fxsr, ht, mmx, 3dnowpref, sse, sse2, sse3, ssse3, sse4.1, sse4.2, popcnt, lzcnt, tsc, tscinvbit, avx, avx2, aes, erms, clmul, bmi1, bmi2, rtm, adx, fma, vzeroupper, clflush, clflushopt, hv

Memory: 4k page, system-wide physical 16224M (6038M free)
TotalPageFile size 32096M (AvailPageFile size 20127M)
current process WorkingSet (physical memory assigned to process): 280M, peak: 362M
current process commit charge ("private bytes"): 286M, peak: 433M

vm_info: OpenJDK 64-Bit Server VM (17.0.7+7-LTS) for windows-amd64 JRE (17.0.7+7-LTS), built on Apr 14 2023 01:39:21 by "Administrator" with MS VC++ 15.9 (VS2017)

END.
