#
# A fatal error has been detected by the Java Runtime Environment:
#
#  EXCEPTION_ACCESS_VIOLATION (0xc0000005) at pc=0x00007ffa7c4aebe3, pid=15472, tid=6812
#
# JRE version: OpenJDK Runtime Environment JBR-17.0.7+7-1000.5-nomod (17.0.7+7) (build 17.0.7+7-b1000.5)
# Java VM: OpenJDK 64-Bit Server VM JBR-17.0.7+7-1000.5-nomod (17.0.7+7-b1000.5, mixed mode, tiered, compressed oops, compressed class ptrs, g1 gc, windows-amd64)
# Problematic frame:
# C  [ig9icd64.dll+0x9bebe3]
#
# No core dump will be written. Minidumps are not enabled by default on client versions of Windows
#
# If you would like to submit a bug report, please visit:
#   https://youtrack.jetbrains.com/issues/JBR
# The crash happened outside the Java Virtual Machine in native code.
# See problematic frame for where to report the bug.
#

---------------  S U M M A R Y ------------

Command Line: -Djava.library.path=C:\Users\HP\Desktop\newderar\build\classes\kotlin\jvm\main;C:\Users\HP\Desktop\newderar\build\processedResources\jvm\main -javaagent:C:\Program Files\JetBrains\IntelliJ IDEA Community Edition 2021.3.2\lib\idea_rt.jar=49870:C:\Program Files\JetBrains\IntelliJ IDEA Community Edition 2021.3.2\bin -Dfile.encoding=UTF-8 MainKt

Host: Intel(R) Core(TM) i5-7300U CPU @ 2.60GHz, 4 cores, 15G,  Windows 10 , 64 bit Build 19041 (10.0.19041.3155)
Time: Thu Jul  6 01:44:01 2023 Libya Standard Time elapsed time: 319.746120 seconds (0d 0h 5m 19s)

---------------  T H R E A D  ---------------

Current thread (0x000001ca99cb3c80):  JavaThread "AWT-EventQueue-0" [_thread_in_native, id=6812, stack(0x0000007c65700000,0x0000007c65800000)]

Stack: [0x0000007c65700000,0x0000007c65800000],  sp=0x0000007c657fce88,  free space=1011k
Native frames: (J=compiled Java code, j=interpreted, Vv=VM code, C=native code)
C  [ig9icd64.dll+0x9bebe3]

Java frames: (J=compiled Java code, j=interpreted, Vv=VM code)
J 5159  org.jetbrains.skia.DirectContextKt.DirectContext_nFlush(J)V (0 bytes) @ 0x000001ca87d65669 [0x000001ca87d65620+0x0000000000000049]
J 5443 c2 org.jetbrains.skiko.redrawer.WindowsOpenGLRedrawer$Companion$frameDispatcher$1.invokeSuspend(Ljava/lang/Object;)Ljava/lang/Object; (379 bytes) @ 0x000001ca87e19038 [0x000001ca87e17d20+0x0000000000001318]
J 5442 c2 org.jetbrains.skiko.FrameDispatcher$job$1.invokeSuspend(Ljava/lang/Object;)Ljava/lang/Object; (156 bytes) @ 0x000001ca87e159f0 [0x000001ca87e157a0+0x0000000000000250]
J 4752 c2 kotlin.coroutines.jvm.internal.BaseContinuationImpl.resumeWith(Ljava/lang/Object;)V (128 bytes) @ 0x000001ca87d0a600 [0x000001ca87d0a5a0+0x0000000000000060]
J 5105 c2 kotlinx.coroutines.DispatchedTask.run()V (571 bytes) @ 0x000001ca87d50570 [0x000001ca87d501c0+0x00000000000003b0]
J 5645 c2 java.awt.EventQueue$3.run()Ljava/lang/Object; java.desktop@17.0.7 (5 bytes) @ 0x000001ca87e95298 [0x000001ca87e94f40+0x0000000000000358]
J 5765 c2 java.awt.EventQueue.dispatchEvent(Ljava/awt/AWTEvent;)V java.desktop@17.0.7 (80 bytes) @ 0x000001ca87ea0624 [0x000001ca87ea0380+0x00000000000002a4]
J 5220 c2 java.awt.EventDispatchThread.pumpOneEventForFilters(I)V java.desktop@17.0.7 (113 bytes) @ 0x000001ca87d9c96c [0x000001ca87d9c540+0x000000000000042c]
J 5640% c2 java.awt.EventDispatchThread.pumpEventsForFilter(ILjava/awt/Conditional;Ljava/awt/EventFilter;)V java.desktop@17.0.7 (47 bytes) @ 0x000001ca87e94340 [0x000001ca87e94220+0x0000000000000120]
j  java.awt.EventDispatchThread.pumpEventsForHierarchy(ILjava/awt/Conditional;Ljava/awt/Component;)V+11 java.desktop@17.0.7
j  java.awt.EventDispatchThread.pumpEvents(ILjava/awt/Conditional;)V+4 java.desktop@17.0.7
j  java.awt.EventDispatchThread.pumpEvents(Ljava/awt/Conditional;)V+3 java.desktop@17.0.7
j  java.awt.EventDispatchThread.run()V+18 java.desktop@17.0.7
v  ~StubRoutines::call_stub

siginfo: EXCEPTION_ACCESS_VIOLATION (0xc0000005), reading address 0x00007ffdbc6d1110


Register to memory mapping:

RIP=0x00007ffa7c4aebe3 ig9icd64.dll
RAX=0x000000000fff0fff is an unknown value
RBX=0x00007ffa7baf0000 ig9icd64.dll
RCX=0x000000033fcf3fcc is an unknown value
RDX=0x0000007c657fd3a0 is pointing into the stack for thread: 0x000001ca99cb3c80
RSP=0x0000007c657fce88 is pointing into the stack for thread: 0x000001ca99cb3c80
RBP=0x0000007c657fcf90 is pointing into the stack for thread: 0x000001ca99cb3c80
RSI=0x000001ca9abc10c0 points into unknown readable memory: 0x000001ca9ab87dc0 | c0 7d b8 9a ca 01 00 00
RDI=0x0000007c657fd190 is pointing into the stack for thread: 0x000001ca99cb3c80
R8 =0x0000007c657fcfc0 is pointing into the stack for thread: 0x000001ca99cb3c80
R9 =0x0000007c657fd3a0 is pointing into the stack for thread: 0x000001ca99cb3c80
R10=0x0000007c657fd190 is pointing into the stack for thread: 0x000001ca99cb3c80
R11=0x0 is NULL
R12=0x00007ffa7c9215e0 ig9icd64.dll
R13=0x0 is NULL
R14=0x0 is NULL
R15=0x00000000000001c1 is an unknown value


Registers:
RAX=0x000000000fff0fff, RBX=0x00007ffa7baf0000, RCX=0x000000033fcf3fcc, RDX=0x0000007c657fd3a0
RSP=0x0000007c657fce88, RBP=0x0000007c657fcf90, RSI=0x000001ca9abc10c0, RDI=0x0000007c657fd190
R8 =0x0000007c657fcfc0, R9 =0x0000007c657fd3a0, R10=0x0000007c657fd190, R11=0x0000000000000000
R12=0x00007ffa7c9215e0, R13=0x0000000000000000, R14=0x0000000000000000, R15=0x00000000000001c1
RIP=0x00007ffa7c4aebe3, EFLAGS=0x0000000000010206

Top of Stack: (sp=0x0000007c657fce88)
0x0000007c657fce88:   00007ffa7c4ac31b 0000000000000001
0x0000007c657fce98:   0000000000000000 000001ca9933fb00
0x0000007c657fcea8:   00007ffaf6782622 0000007c00000065
0x0000007c657fceb8:   0000007c657fd0c0 0000000000000000
0x0000007c657fcec8:   000001ca9995f3a0 0000000000000000
0x0000007c657fced8:   000001ca99b37cc0 000001ca9933fb60
0x0000007c657fcee8:   0000000000001100 0000000000000000
0x0000007c657fcef8:   0000000000000000 0000007c657fd070
0x0000007c657fcf08:   00007ffa7c1479c0 0000000000000000
0x0000007c657fcf18:   0000000000000000 0000000000000000
0x0000007c657fcf28:   0000000000000000 000075f0f5098252
0x0000007c657fcf38:   00007ffa7bb06555 000001ca9933fb60
0x0000007c657fcf48:   0000000000004001 0000000000000000
0x0000007c657fcf58:   00007ffb07c5b86b 000000000072003b
0x0000007c657fcf68:   00000000000000d0 000001ca9d8501a0
0x0000007c657fcf78:   0000000000000000 0000000000000000 

Instructions: (pc=0x00007ffa7c4aebe3)
0x00007ffa7c4aeae3:   c1 75 31 00 48 89 51 08 48 89 01 8b 44 24 28 89
0x00007ffa7c4aeaf3:   41 20 8b 44 24 30 89 41 24 48 8b c1 4c 89 41 10
0x00007ffa7c4aeb03:   4c 89 49 18 c3 cc cc cc cc cc cc cc cc 48 89 5c
0x00007ffa7c4aeb13:   24 08 8b 41 5c 48 8d 1d e1 14 64 ff 41 89 40 08
0x00007ffa7c4aeb23:   4c 8b d1 8b 41 60 45 33 db 41 89 40 0c 4c 8b ca
0x00007ffa7c4aeb33:   8b 41 64 41 89 40 10 8b 41 68 41 89 40 14 8b 41
0x00007ffa7c4aeb43:   6c 41 89 40 18 8b 41 70 41 89 40 1c 48 63 41 74
0x00007ffa7c4aeb53:   48 6b c8 34 8b 84 19 44 d1 ee 00 41 89 40 20 8b
0x00007ffa7c4aeb63:   84 19 48 d1 ee 00 41 89 40 24 8b 84 19 4c d1 ee
0x00007ffa7c4aeb73:   00 41 89 40 28 8b 84 19 50 d1 ee 00 41 89 40 2c
0x00007ffa7c4aeb83:   8b 84 19 34 d1 ee 00 41 89 40 30 8b 84 19 38 d1
0x00007ffa7c4aeb93:   ee 00 41 89 40 34 8b 84 19 3c d1 ee 00 41 89 40
0x00007ffa7c4aeba3:   38 8b 84 19 40 d1 ee 00 41 89 40 3c 8b 84 19 24
0x00007ffa7c4aebb3:   d1 ee 00 41 89 40 40 8b 84 19 28 d1 ee 00 41 89
0x00007ffa7c4aebc3:   40 44 8b 84 19 2c d1 ee 00 41 89 40 48 8b 84 19
0x00007ffa7c4aebd3:   30 d1 ee 00 41 89 40 4c 49 63 42 78 48 6b c8 34
0x00007ffa7c4aebe3:   8b 84 19 44 d1 ee 00 41 89 40 50 8b 84 19 48 d1
0x00007ffa7c4aebf3:   ee 00 41 89 40 54 8b 84 19 4c d1 ee 00 41 89 40
0x00007ffa7c4aec03:   58 8b 84 19 50 d1 ee 00 41 89 40 5c 8b 84 19 34
0x00007ffa7c4aec13:   d1 ee 00 41 89 40 60 8b 84 19 38 d1 ee 00 41 89
0x00007ffa7c4aec23:   40 64 8b 84 19 3c d1 ee 00 41 89 40 68 8b 84 19
0x00007ffa7c4aec33:   40 d1 ee 00 41 89 40 6c 8b 84 19 24 d1 ee 00 41
0x00007ffa7c4aec43:   89 40 70 8b 84 19 28 d1 ee 00 41 89 40 74 8b 84
0x00007ffa7c4aec53:   19 2c d1 ee 00 41 89 40 78 8b 84 19 30 d1 ee 00
0x00007ffa7c4aec63:   41 89 40 7c 48 8b 42 18 8b 88 38 0b 00 00 f6 c1
0x00007ffa7c4aec73:   08 0f 84 86 00 00 00 8b 80 3c 0b 00 00 41 89 80
0x00007ffa7c4aec83:   80 00 00 00 48 8b 42 18 8b 88 40 0b 00 00 41 89
0x00007ffa7c4aec93:   88 84 00 00 00 48 8b 42 18 8b 88 44 0b 00 00 41
0x00007ffa7c4aeca3:   89 88 88 00 00 00 48 8b 42 18 8b 88 48 0b 00 00
0x00007ffa7c4aecb3:   41 89 88 8c 00 00 00 48 8b 42 18 8b 88 4c 0b 00
0x00007ffa7c4aecc3:   00 41 89 88 90 00 00 00 48 8b 42 18 8b 88 50 0b
0x00007ffa7c4aecd3:   00 00 41 89 88 94 00 00 00 48 8b 42 18 8b 88 54 


Stack slot to memory mapping:
stack at sp + 0 slots: 0x00007ffa7c4ac31b ig9icd64.dll
stack at sp + 1 slots: 0x0000000000000001 is an unknown value
stack at sp + 2 slots: 0x0 is NULL
stack at sp + 3 slots: 0x000001ca9933fb00 points into unknown readable memory: 0x0000000000000000 | 00 00 00 00 00 00 00 00
stack at sp + 4 slots: 0x00007ffaf6782622 igdgmm64.dll
stack at sp + 5 slots: 0x0000007c00000065 is an unknown value
stack at sp + 6 slots: 0x0000007c657fd0c0 is pointing into the stack for thread: 0x000001ca99cb3c80
stack at sp + 7 slots: 0x0 is NULL


---------------  P R O C E S S  ---------------

Threads class SMR info:
_java_thread_list=0x000001caa5d0e3a0, length=26, elements={
0x000001caf608b330, 0x000001ca9903f3e0, 0x000001ca99040ca0, 0x000001ca990728a0,
0x000001ca99073360, 0x000001ca99075c30, 0x000001ca990764f0, 0x000001ca99077880,
0x000001ca99097e10, 0x000001ca990bfac0, 0x000001caff482810, 0x000001ca991e2260,
0x000001ca996c5cf0, 0x000001ca9959f350, 0x000001ca9959f820, 0x000001ca99cb3c80,
0x000001ca9a0b0ae0, 0x000001ca9a1126e0, 0x000001ca9a046bc0, 0x000001ca9a047a30,
0x000001ca9a047560, 0x000001ca9a0453b0, 0x000001ca9d3f8230, 0x000001ca9d3f9570,
0x000001ca9d3fa3e0, 0x000001ca9d3f6550
}

Java Threads: ( => current thread )
  0x000001caf608b330 JavaThread "main" [_thread_blocked, id=2956, stack(0x0000007c63e00000,0x0000007c63f00000)]
  0x000001ca9903f3e0 JavaThread "Reference Handler" daemon [_thread_blocked, id=7500, stack(0x0000007c64500000,0x0000007c64600000)]
  0x000001ca99040ca0 JavaThread "Finalizer" daemon [_thread_blocked, id=3776, stack(0x0000007c64600000,0x0000007c64700000)]
  0x000001ca990728a0 JavaThread "Signal Dispatcher" daemon [_thread_blocked, id=2432, stack(0x0000007c64700000,0x0000007c64800000)]
  0x000001ca99073360 JavaThread "Attach Listener" daemon [_thread_blocked, id=2848, stack(0x0000007c64800000,0x0000007c64900000)]
  0x000001ca99075c30 JavaThread "Service Thread" daemon [_thread_blocked, id=11044, stack(0x0000007c64900000,0x0000007c64a00000)]
  0x000001ca990764f0 JavaThread "Monitor Deflation Thread" daemon [_thread_blocked, id=1084, stack(0x0000007c64a00000,0x0000007c64b00000)]
  0x000001ca99077880 JavaThread "C2 CompilerThread0" daemon [_thread_blocked, id=14240, stack(0x0000007c64b00000,0x0000007c64c00000)]
  0x000001ca99097e10 JavaThread "C1 CompilerThread0" daemon [_thread_blocked, id=5808, stack(0x0000007c64c00000,0x0000007c64d00000)]
  0x000001ca990bfac0 JavaThread "Sweeper thread" daemon [_thread_blocked, id=14964, stack(0x0000007c64d00000,0x0000007c64e00000)]
  0x000001caff482810 JavaThread "Common-Cleaner" daemon [_thread_blocked, id=15500, stack(0x0000007c64e00000,0x0000007c64f00000)]
  0x000001ca991e2260 JavaThread "Monitor Ctrl-Break" daemon [_thread_in_native, id=11288, stack(0x0000007c65000000,0x0000007c65100000)]
  0x000001ca996c5cf0 JavaThread "Notification Thread" daemon [_thread_blocked, id=8200, stack(0x0000007c65100000,0x0000007c65200000)]
  0x000001ca9959f350 JavaThread "Java2D Disposer" daemon [_thread_blocked, id=15680, stack(0x0000007c64f00000,0x0000007c65000000)]
  0x000001ca9959f820 JavaThread "AWT-Shutdown" [_thread_blocked, id=8340, stack(0x0000007c65600000,0x0000007c65700000)]
=>0x000001ca99cb3c80 JavaThread "AWT-EventQueue-0" [_thread_in_native, id=6812, stack(0x0000007c65700000,0x0000007c65800000)]
  0x000001ca9a0b0ae0 JavaThread "Reference Cleaner" daemon [_thread_blocked, id=15380, stack(0x0000007c65900000,0x0000007c65a00000)]
  0x000001ca9a1126e0 JavaThread "DefaultDispatcher-worker-2" daemon [_thread_blocked, id=7928, stack(0x0000007c65b00000,0x0000007c65c00000)]
  0x000001ca9a046bc0 JavaThread "DefaultDispatcher-worker-3" daemon [_thread_blocked, id=7156, stack(0x0000007c65c00000,0x0000007c65d00000)]
  0x000001ca9a047a30 JavaThread "kotlinx.coroutines.DefaultExecutor" daemon [_thread_blocked, id=5988, stack(0x0000007c65d00000,0x0000007c65e00000)]
  0x000001ca9a047560 JavaThread "TimerQueue" daemon [_thread_blocked, id=2520, stack(0x0000007c66200000,0x0000007c66300000)]
  0x000001ca9a0453b0 JavaThread "RealmFinalizingDaemon" daemon [_thread_blocked, id=8172, stack(0x0000007c66400000,0x0000007c66500000)]
  0x000001ca9d3f8230 JavaThread "core-notifier" daemon [_thread_in_native, id=8516, stack(0x0000007c66600000,0x0000007c66700000)]
  0x000001ca9d3f9570 JavaThread "DefaultDispatcher-worker-1" daemon [_thread_blocked, id=13288, stack(0x0000007c66900000,0x0000007c66a00000)]
  0x000001ca9d3fa3e0 JavaThread "DefaultDispatcher-worker-4" daemon [_thread_blocked, id=3180, stack(0x0000007c66a00000,0x0000007c66b00000)]
  0x000001ca9d3f6550 JavaThread "SIGINT handler" daemon [_thread_blocked, id=10156, stack(0x0000007c63d00000,0x0000007c63e00000)]

Other Threads:
  0x000001caff4b43b0 VMThread "VM Thread" [stack: 0x0000007c64400000,0x0000007c64500000] [id=3648]
  0x000001ca991e2730 WatcherThread [stack: 0x0000007c65200000,0x0000007c65300000] [id=9960]
  0x000001caf60f6340 GCTaskThread "GC Thread#0" [stack: 0x0000007c63f00000,0x0000007c64000000] [id=6224]
  0x000001ca99a554a0 GCTaskThread "GC Thread#1" [stack: 0x0000007c65300000,0x0000007c65400000] [id=9112]
  0x000001ca99a55750 GCTaskThread "GC Thread#2" [stack: 0x0000007c65400000,0x0000007c65500000] [id=15664]
  0x000001ca99a55a00 GCTaskThread "GC Thread#3" [stack: 0x0000007c65500000,0x0000007c65600000] [id=9656]
  0x000001caf6106f20 ConcurrentGCThread "G1 Main Marker" [stack: 0x0000007c64000000,0x0000007c64100000] [id=6116]
  0x000001caf6107840 ConcurrentGCThread "G1 Conc#0" [stack: 0x0000007c64100000,0x0000007c64200000] [id=3644]
  0x000001caff34c120 ConcurrentGCThread "G1 Refine#0" [stack: 0x0000007c64200000,0x0000007c64300000] [id=10040]
  0x000001caff34c950 ConcurrentGCThread "G1 Service" [stack: 0x0000007c64300000,0x0000007c64400000] [id=6112]

Threads with active compile tasks:

VM state: not at safepoint (normal execution)

VM Mutex/Monitor currently owned by a thread: None

Heap address: 0x0000000702600000, size: 4058 MB, Compressed Oops mode: Zero based, Oop shift amount: 3

CDS archive(s) not mapped
Compressed class space mapped at: 0x0000000800000000-0x0000000840000000, reserved size: 1073741824
Narrow klass base: 0x0000000800000000, Narrow klass shift: 0, Narrow klass range: 0x40000000

GC Precious Log:
 CPUs: 4 total, 4 available
 Memory: 16224M
 Large Page Support: Disabled
 NUMA Support: Disabled
 Compressed Oops: Enabled (Zero based)
 Heap Region Size: 2M
 Heap Min Capacity: 8M
 Heap Initial Capacity: 254M
 Heap Max Capacity: 4058M
 Pre-touch: Disabled
 Parallel Workers: 4
 Concurrent Workers: 1
 Concurrent Refinement Workers: 4
 Periodic GC: Disabled

Heap:
 garbage-first heap   total 81920K, used 55014K [0x0000000702600000, 0x0000000800000000)
  region size 2048K, 16 young (32768K), 0 survivors (0K)
 Metaspace       used 43813K, committed 44032K, reserved 1114112K
  class space    used 4710K, committed 4800K, reserved 1048576K

Heap Regions: E=young(eden), S=young(survivor), O=old, HS=humongous(starts), HC=humongous(continues), CS=collection set, F=free, OA=open archive, CA=closed archive, TAMS=top-at-mark-start (previous, next)
|   0|0x0000000702600000, 0x0000000702800000, 0x0000000702800000|100%|HS|  |TAMS 0x0000000702800000, 0x0000000702600000| Untracked 
|   1|0x0000000702800000, 0x0000000702a00000, 0x0000000702a00000|100%| O|  |TAMS 0x0000000702a00000, 0x0000000702800000| Untracked 
|   2|0x0000000702a00000, 0x0000000702bfffe0, 0x0000000702c00000| 99%| O|  |TAMS 0x0000000702bfffe0, 0x0000000702a00000| Untracked 
|   3|0x0000000702c00000, 0x0000000702dd0648, 0x0000000702e00000| 90%| O|  |TAMS 0x0000000702c00000, 0x0000000702c00000| Untracked 
|   4|0x0000000702e00000, 0x0000000703000000, 0x0000000703000000|100%| O|  |TAMS 0x0000000703000000, 0x0000000702e00000| Untracked 
|   5|0x0000000703000000, 0x00000007031dc990, 0x0000000703200000| 93%| O|  |TAMS 0x0000000703000000, 0x0000000703000000| Untracked 
|   6|0x0000000703200000, 0x00000007033f4388, 0x0000000703400000| 97%| O|  |TAMS 0x00000007033f4388, 0x0000000703200000| Untracked 
|   7|0x0000000703400000, 0x00000007034186b0, 0x0000000703600000|  4%| O|  |TAMS 0x0000000703400000, 0x0000000703400000| Untracked 
|   8|0x0000000703600000, 0x0000000703600000, 0x0000000703800000|  0%| F|  |TAMS 0x0000000703600000, 0x0000000703600000| Untracked 
|   9|0x0000000703800000, 0x0000000703800000, 0x0000000703a00000|  0%| F|  |TAMS 0x0000000703800000, 0x0000000703800000| Untracked 
|  10|0x0000000703a00000, 0x0000000703c00000, 0x0000000703c00000|100%|HS|  |TAMS 0x0000000703c00000, 0x0000000703a00000| Untracked 
|  11|0x0000000703c00000, 0x0000000703e00000, 0x0000000703e00000|100%|HC|  |TAMS 0x0000000703e00000, 0x0000000703c00000| Untracked 
|  12|0x0000000703e00000, 0x0000000704000000, 0x0000000704000000|100%|HC|  |TAMS 0x0000000704000000, 0x0000000703e00000| Untracked 
|  13|0x0000000704000000, 0x0000000704200000, 0x0000000704200000|100%|HC|  |TAMS 0x0000000704200000, 0x0000000704000000| Untracked 
|  14|0x0000000704200000, 0x0000000704400000, 0x0000000704400000|100%| O|  |TAMS 0x0000000704400000, 0x0000000704200000| Untracked 
|  15|0x0000000704400000, 0x0000000704400000, 0x0000000704600000|  0%| F|  |TAMS 0x0000000704400000, 0x0000000704400000| Untracked 
|  16|0x0000000704600000, 0x0000000704600000, 0x0000000704800000|  0%| F|  |TAMS 0x0000000704600000, 0x0000000704600000| Untracked 
|  17|0x0000000704800000, 0x0000000704800000, 0x0000000704a00000|  0%| F|  |TAMS 0x0000000704800000, 0x0000000704800000| Untracked 
|  18|0x0000000704a00000, 0x0000000704a00000, 0x0000000704c00000|  0%| F|  |TAMS 0x0000000704a00000, 0x0000000704a00000| Untracked 
|  19|0x0000000704c00000, 0x0000000704c00000, 0x0000000704e00000|  0%| F|  |TAMS 0x0000000704c00000, 0x0000000704c00000| Untracked 
|  20|0x0000000704e00000, 0x0000000704e00000, 0x0000000705000000|  0%| F|  |TAMS 0x0000000704e00000, 0x0000000704e00000| Untracked 
|  21|0x0000000705000000, 0x0000000705000000, 0x0000000705200000|  0%| F|  |TAMS 0x0000000705000000, 0x0000000705000000| Untracked 
|  22|0x0000000705200000, 0x0000000705200000, 0x0000000705400000|  0%| F|  |TAMS 0x0000000705200000, 0x0000000705200000| Untracked 
|  23|0x0000000705400000, 0x0000000705400000, 0x0000000705600000|  0%| F|  |TAMS 0x0000000705400000, 0x0000000705400000| Untracked 
|  24|0x0000000705600000, 0x000000070567bdf8, 0x0000000705800000| 24%| E|  |TAMS 0x0000000705600000, 0x0000000705600000| Complete 
|  25|0x0000000705800000, 0x0000000705a00000, 0x0000000705a00000|100%| E|CS|TAMS 0x0000000705800000, 0x0000000705800000| Complete 
|  26|0x0000000705a00000, 0x0000000705c00000, 0x0000000705c00000|100%| E|CS|TAMS 0x0000000705a00000, 0x0000000705a00000| Complete 
|  27|0x0000000705c00000, 0x0000000705e00000, 0x0000000705e00000|100%| E|CS|TAMS 0x0000000705c00000, 0x0000000705c00000| Complete 
|  28|0x0000000705e00000, 0x0000000706000000, 0x0000000706000000|100%| E|CS|TAMS 0x0000000705e00000, 0x0000000705e00000| Complete 
|  29|0x0000000706000000, 0x0000000706200000, 0x0000000706200000|100%| E|CS|TAMS 0x0000000706000000, 0x0000000706000000| Complete 
|  30|0x0000000706200000, 0x0000000706400000, 0x0000000706400000|100%| E|CS|TAMS 0x0000000706200000, 0x0000000706200000| Complete 
|  31|0x0000000706400000, 0x0000000706600000, 0x0000000706600000|100%| E|CS|TAMS 0x0000000706400000, 0x0000000706400000| Complete 
|  32|0x0000000706600000, 0x0000000706800000, 0x0000000706800000|100%| E|CS|TAMS 0x0000000706600000, 0x0000000706600000| Complete 
|  33|0x0000000706800000, 0x0000000706a00000, 0x0000000706a00000|100%| E|CS|TAMS 0x0000000706800000, 0x0000000706800000| Complete 
|  34|0x0000000706a00000, 0x0000000706c00000, 0x0000000706c00000|100%| E|CS|TAMS 0x0000000706a00000, 0x0000000706a00000| Complete 
|  35|0x0000000706c00000, 0x0000000706e00000, 0x0000000706e00000|100%| E|CS|TAMS 0x0000000706c00000, 0x0000000706c00000| Complete 
|  36|0x0000000706e00000, 0x0000000707000000, 0x0000000707000000|100%| E|CS|TAMS 0x0000000706e00000, 0x0000000706e00000| Complete 
|  37|0x0000000707000000, 0x0000000707200000, 0x0000000707200000|100%| E|CS|TAMS 0x0000000707000000, 0x0000000707000000| Complete 
|  38|0x0000000707200000, 0x0000000707400000, 0x0000000707400000|100%| E|CS|TAMS 0x0000000707200000, 0x0000000707200000| Complete 
| 113|0x0000000710800000, 0x0000000710a00000, 0x0000000710a00000|100%| E|CS|TAMS 0x0000000710800000, 0x0000000710800000| Complete 

Card table byte_map: [0x000001cafa030000,0x000001cafa820000] _byte_map_base: 0x000001caf681d000

Marking Bits (Prev, Next): (CMBitMap*) 0x000001caf60f68a0, (CMBitMap*) 0x000001caf60f6860
 Prev Bits: [0x000001ca8f000000, 0x000001ca92f68000)
 Next Bits: [0x000001cafb010000, 0x000001cafef78000)

Polling page: 0x000001caf3f60000

Metaspace:

Usage:
  Non-class:     38.19 MB used.
      Class:      4.60 MB used.
       Both:     42.79 MB used.

Virtual space:
  Non-class space:       64.00 MB reserved,      38.31 MB ( 60%) committed,  1 nodes.
      Class space:        1.00 GB reserved,       4.69 MB ( <1%) committed,  1 nodes.
             Both:        1.06 GB reserved,      43.00 MB (  4%) committed. 

Chunk freelists:
   Non-Class:  8.95 MB
       Class:  11.20 MB
        Both:  20.16 MB

MaxMetaspaceSize: unlimited
CompressedClassSpaceSize: 1.00 GB
Initial GC threshold: 21.00 MB
Current GC threshold: 71.69 MB
CDS: off
MetaspaceReclaimPolicy: balanced
 - commit_granule_bytes: 65536.
 - commit_granule_words: 8192.
 - virtual_space_node_default_size: 8388608.
 - enlarge_chunks_in_place: 1.
 - new_chunks_are_fully_committed: 0.
 - uncommit_free_chunks: 1.
 - use_allocation_guard: 0.
 - handle_deallocations: 1.


Internal statistics:

num_allocs_failed_limit: 6.
num_arena_births: 226.
num_arena_deaths: 0.
num_vsnodes_births: 2.
num_vsnodes_deaths: 0.
num_space_committed: 688.
num_space_uncommitted: 0.
num_chunks_returned_to_freelist: 6.
num_chunks_taken_from_freelist: 1133.
num_chunk_merges: 3.
num_chunk_splits: 984.
num_chunks_enlarged: 896.
num_inconsistent_stats: 0.

CodeHeap 'non-profiled nmethods': size=120000Kb used=3913Kb max_used=3913Kb free=116086Kb
 bounds [0x000001ca87ad0000, 0x000001ca87eb0000, 0x000001ca8f000000]
CodeHeap 'profiled nmethods': size=120000Kb used=8812Kb max_used=10668Kb free=111187Kb
 bounds [0x000001ca80000000, 0x000001ca80a70000, 0x000001ca87530000]
CodeHeap 'non-nmethods': size=5760Kb used=1848Kb max_used=1922Kb free=3911Kb
 bounds [0x000001ca87530000, 0x000001ca877a0000, 0x000001ca87ad0000]
 total_blobs=6266 nmethods=4939 adapters=1238
 compilation: enabled
              stopped_count=0, restarted_count=0
 full_count=0

Compilation events (20 events):
Event: 294.196 Thread 0x000001ca99097e10 5764       3       androidx.compose.ui.graphics.vector.DrawCache::drawCachedImage-CJJAR-o (304 bytes)
Event: 294.200 Thread 0x000001ca99077880 5765       4       java.awt.EventQueue::dispatchEvent (80 bytes)
Event: 294.200 Thread 0x000001ca99097e10 nmethod 5764 0x000001ca80724890 code [0x000001ca807250a0, 0x000001ca80729308]
Event: 294.200 Thread 0x000001ca99097e10 5766       2       java.awt.AWTEvent::getAccessControlContext (22 bytes)
Event: 294.200 Thread 0x000001ca99097e10 nmethod 5766 0x000001ca8077d990 code [0x000001ca8077db40, 0x000001ca8077dd28]
Event: 294.218 Thread 0x000001ca99077880 nmethod 5765 0x000001ca87ea0110 code [0x000001ca87ea0380, 0x000001ca87ea1088]
Event: 294.227 Thread 0x000001ca99097e10 5767       3       androidx.compose.ui.draw.DrawWithContentModifier::draw (18 bytes)
Event: 294.228 Thread 0x000001ca99097e10 nmethod 5767 0x000001ca803cb910 code [0x000001ca803cbb20, 0x000001ca803cc1a8]
Event: 294.228 Thread 0x000001ca99097e10 5768       3       androidx.compose.material.OutlinedTextFieldKt$outlineCutout$1::invoke (12 bytes)
Event: 294.228 Thread 0x000001ca99097e10 nmethod 5768 0x000001ca80a0a590 code [0x000001ca80a0a740, 0x000001ca80a0a9a8]
Event: 294.228 Thread 0x000001ca99097e10 5769       3       androidx.compose.ui.graphics.drawscope.DrawScope::offsetSize-PENXr5M (22 bytes)
Event: 294.228 Thread 0x000001ca99097e10 nmethod 5769 0x000001ca802e3e90 code [0x000001ca802e4060, 0x000001ca802e4288]
Event: 294.247 Thread 0x000001ca99097e10 5770       1       androidx.compose.runtime.snapshots.StateMapMutableEntriesIterator$next$1::getValue (5 bytes)
Event: 294.247 Thread 0x000001ca99097e10 nmethod 5770 0x000001ca87ea1a10 code [0x000001ca87ea1ba0, 0x000001ca87ea1c78]
Event: 319.704 Thread 0x000001ca99097e10 5771       3       kotlinx.coroutines.JobSupport::getOrPromoteCancellingList (84 bytes)
Event: 319.705 Thread 0x000001ca99097e10 nmethod 5771 0x000001ca8054c490 code [0x000001ca8054c760, 0x000001ca8054d858]
Event: 319.705 Thread 0x000001ca99097e10 5772       1       kotlinx.coroutines.JobSupport::isScopedCoroutine (2 bytes)
Event: 319.705 Thread 0x000001ca99097e10 nmethod 5772 0x000001ca87ea1d10 code [0x000001ca87ea1ea0, 0x000001ca87ea1f78]
Event: 319.706 Thread 0x000001ca99077880 5773       4       java.util.Arrays::copyOf (10 bytes)
Event: 319.709 Thread 0x000001ca99077880 nmethod 5773 0x000001ca87ea2010 code [0x000001ca87ea2180, 0x000001ca87ea2458]

GC Heap History (20 events):
Event: 177.063 GC heap before
{Heap before GC invocations=21 (full 4):
 garbage-first heap   total 81920K, used 69157K [0x0000000702600000, 0x0000000800000000)
  region size 2048K, 22 young (45056K), 0 survivors (0K)
 Metaspace       used 43669K, committed 43904K, reserved 1114112K
  class space    used 4707K, committed 4800K, reserved 1048576K
}
Event: 177.064 GC heap after
{Heap after GC invocations=22 (full 4):
 garbage-first heap   total 81920K, used 24175K [0x0000000702600000, 0x0000000800000000)
  region size 2048K, 1 young (2048K), 1 survivors (2048K)
 Metaspace       used 43669K, committed 43904K, reserved 1114112K
  class space    used 4707K, committed 4800K, reserved 1048576K
}
Event: 182.204 GC heap before
{Heap before GC invocations=22 (full 4):
 garbage-first heap   total 81920K, used 32367K [0x0000000702600000, 0x0000000800000000)
  region size 2048K, 6 young (12288K), 1 survivors (2048K)
 Metaspace       used 43669K, committed 43904K, reserved 1114112K
  class space    used 4707K, committed 4800K, reserved 1048576K
}
Event: 182.229 GC heap after
{Heap after GC invocations=23 (full 5):
 garbage-first heap   total 81920K, used 24094K [0x0000000702600000, 0x0000000800000000)
  region size 2048K, 0 young (0K), 0 survivors (0K)
 Metaspace       used 43669K, committed 43904K, reserved 1114112K
  class space    used 4707K, committed 4800K, reserved 1048576K
}
Event: 207.208 GC heap before
{Heap before GC invocations=23 (full 5):
 garbage-first heap   total 81920K, used 69150K [0x0000000702600000, 0x0000000800000000)
  region size 2048K, 22 young (45056K), 0 survivors (0K)
 Metaspace       used 43669K, committed 43904K, reserved 1114112K
  class space    used 4707K, committed 4800K, reserved 1048576K
}
Event: 207.210 GC heap after
{Heap after GC invocations=24 (full 5):
 garbage-first heap   total 81920K, used 24565K [0x0000000702600000, 0x0000000800000000)
  region size 2048K, 1 young (2048K), 1 survivors (2048K)
 Metaspace       used 43669K, committed 43904K, reserved 1114112K
  class space    used 4707K, committed 4800K, reserved 1048576K
}
Event: 212.232 GC heap before
{Heap before GC invocations=24 (full 5):
 garbage-first heap   total 81920K, used 32757K [0x0000000702600000, 0x0000000800000000)
  region size 2048K, 6 young (12288K), 1 survivors (2048K)
 Metaspace       used 43669K, committed 43904K, reserved 1114112K
  class space    used 4707K, committed 4800K, reserved 1048576K
}
Event: 212.258 GC heap after
{Heap after GC invocations=25 (full 6):
 garbage-first heap   total 81920K, used 24295K [0x0000000702600000, 0x0000000800000000)
  region size 2048K, 0 young (0K), 0 survivors (0K)
 Metaspace       used 43669K, committed 43904K, reserved 1114112K
  class space    used 4707K, committed 4800K, reserved 1048576K
}
Event: 235.877 GC heap before
{Heap before GC invocations=25 (full 6):
 garbage-first heap   total 81920K, used 67303K [0x0000000702600000, 0x0000000800000000)
  region size 2048K, 21 young (43008K), 0 survivors (0K)
 Metaspace       used 43680K, committed 43904K, reserved 1114112K
  class space    used 4707K, committed 4800K, reserved 1048576K
}
Event: 235.879 GC heap after
{Heap after GC invocations=26 (full 6):
 garbage-first heap   total 81920K, used 24370K [0x0000000702600000, 0x0000000800000000)
  region size 2048K, 1 young (2048K), 1 survivors (2048K)
 Metaspace       used 43680K, committed 43904K, reserved 1114112K
  class space    used 4707K, committed 4800K, reserved 1048576K
}
Event: 242.260 GC heap before
{Heap before GC invocations=26 (full 6):
 garbage-first heap   total 81920K, used 34610K [0x0000000702600000, 0x0000000800000000)
  region size 2048K, 7 young (14336K), 1 survivors (2048K)
 Metaspace       used 43680K, committed 43904K, reserved 1114112K
  class space    used 4707K, committed 4800K, reserved 1048576K
}
Event: 242.281 GC heap after
{Heap after GC invocations=27 (full 7):
 garbage-first heap   total 81920K, used 24294K [0x0000000702600000, 0x0000000800000000)
  region size 2048K, 0 young (0K), 0 survivors (0K)
 Metaspace       used 43680K, committed 43904K, reserved 1114112K
  class space    used 4707K, committed 4800K, reserved 1048576K
}
Event: 265.918 GC heap before
{Heap before GC invocations=27 (full 7):
 garbage-first heap   total 81920K, used 67302K [0x0000000702600000, 0x0000000800000000)
  region size 2048K, 21 young (43008K), 0 survivors (0K)
 Metaspace       used 43681K, committed 43904K, reserved 1114112K
  class space    used 4707K, committed 4800K, reserved 1048576K
}
Event: 265.918 GC heap after
{Heap after GC invocations=28 (full 7):
 garbage-first heap   total 81920K, used 24362K [0x0000000702600000, 0x0000000800000000)
  region size 2048K, 1 young (2048K), 1 survivors (2048K)
 Metaspace       used 43681K, committed 43904K, reserved 1114112K
  class space    used 4707K, committed 4800K, reserved 1048576K
}
Event: 272.290 GC heap before
{Heap before GC invocations=28 (full 7):
 garbage-first heap   total 81920K, used 34602K [0x0000000702600000, 0x0000000800000000)
  region size 2048K, 7 young (14336K), 1 survivors (2048K)
 Metaspace       used 43681K, committed 43904K, reserved 1114112K
  class space    used 4707K, committed 4800K, reserved 1048576K
}
Event: 272.323 GC heap after
{Heap after GC invocations=29 (full 8):
 garbage-first heap   total 81920K, used 24293K [0x0000000702600000, 0x0000000800000000)
  region size 2048K, 0 young (0K), 0 survivors (0K)
 Metaspace       used 43681K, committed 43904K, reserved 1114112K
  class space    used 4707K, committed 4800K, reserved 1048576K
}
Event: 295.793 GC heap before
{Heap before GC invocations=29 (full 8):
 garbage-first heap   total 81920K, used 69349K [0x0000000702600000, 0x0000000800000000)
  region size 2048K, 22 young (45056K), 0 survivors (0K)
 Metaspace       used 43788K, committed 44032K, reserved 1114112K
  class space    used 4707K, committed 4800K, reserved 1048576K
}
Event: 295.794 GC heap after
{Heap after GC invocations=30 (full 8):
 garbage-first heap   total 81920K, used 24380K [0x0000000702600000, 0x0000000800000000)
  region size 2048K, 1 young (2048K), 1 survivors (2048K)
 Metaspace       used 43788K, committed 44032K, reserved 1114112K
  class space    used 4707K, committed 4800K, reserved 1048576K
}
Event: 302.325 GC heap before
{Heap before GC invocations=30 (full 8):
 garbage-first heap   total 81920K, used 34620K [0x0000000702600000, 0x0000000800000000)
  region size 2048K, 7 young (14336K), 1 survivors (2048K)
 Metaspace       used 43788K, committed 44032K, reserved 1114112K
  class space    used 4707K, committed 4800K, reserved 1048576K
}
Event: 302.346 GC heap after
{Heap after GC invocations=31 (full 9):
 garbage-first heap   total 81920K, used 24294K [0x0000000702600000, 0x0000000800000000)
  region size 2048K, 0 young (0K), 0 survivors (0K)
 Metaspace       used 43788K, committed 44032K, reserved 1114112K
  class space    used 4707K, committed 4800K, reserved 1048576K
}

Dll operation events (3 events):
Event: 0.015 Loaded shared library C:\Users\HP\.jdks\jbr-17.0.7-1\bin\java.dll
Event: 0.068 Loaded shared library C:\Users\HP\.jdks\jbr-17.0.7-1\bin\jsvml.dll
Event: 0.264 Loaded shared library C:\Users\HP\.jdks\jbr-17.0.7-1\bin\zip.dll

Deoptimization events (20 events):
Event: 319.701 Thread 0x000001ca9d3fa8b0 Uncommon trap: trap_request=0xffffff45 fr.pc=0x000001ca87e4f748 relative=0x00000000000000a8
Event: 319.701 Thread 0x000001ca9d3fa8b0 Uncommon trap: reason=unstable_if action=reinterpret pc=0x000001ca87e4f748 method=kotlin.coroutines.ContinuationInterceptor$DefaultImpls.minusKey(Lkotlin/coroutines/ContinuationInterceptor;Lkotlin/coroutines/CoroutineContext$Key;)Lkotlin/coroutines/Corout
Event: 319.701 Thread 0x000001ca9d3fa8b0 DEOPT PACKING pc=0x000001ca87e4f748 sp=0x0000007c668ff0f0
Event: 319.701 Thread 0x000001ca9d3fa8b0 DEOPT UNPACKING pc=0x000001ca875869a3 sp=0x0000007c668ff010 mode 2
Event: 319.704 Thread 0x000001ca9d3fa8b0 Uncommon trap: trap_request=0xffffff5c fr.pc=0x000001ca87e42e80 relative=0x0000000000000300
Event: 319.704 Thread 0x000001ca9d3fa8b0 Uncommon trap: reason=speculate_null_check action=make_not_entrant pc=0x000001ca87e42e80 method=java.util.concurrent.locks.AbstractQueuedSynchronizer.enqueue(Ljava/util/concurrent/locks/AbstractQueuedSynchronizer$Node;)V @ 15 c2
Event: 319.704 Thread 0x000001ca9d3fa8b0 DEOPT PACKING pc=0x000001ca87e42e80 sp=0x0000007c668fe6c0
Event: 319.704 Thread 0x000001ca9d3fa8b0 DEOPT UNPACKING pc=0x000001ca875869a3 sp=0x0000007c668fe678 mode 2
Event: 319.711 Thread 0x000001ca9d3fa8b0 Uncommon trap: trap_request=0xffffffc6 fr.pc=0x000001ca87d5eea0 relative=0x0000000000000080
Event: 319.711 Thread 0x000001ca9d3fa8b0 Uncommon trap: reason=bimorphic_or_optimized_type_check action=maybe_recompile pc=0x000001ca87d5eea0 method=java.util.AbstractCollection.isEmpty()Z @ 1 c2
Event: 319.711 Thread 0x000001ca9d3fa8b0 DEOPT PACKING pc=0x000001ca87d5eea0 sp=0x0000007c668ff3f0
Event: 319.711 Thread 0x000001ca9a045880 Uncommon trap: trap_request=0xffffff45 fr.pc=0x000001ca87bd5900 relative=0x00000000000000e0
Event: 319.711 Thread 0x000001ca9d3fa8b0 DEOPT UNPACKING pc=0x000001ca875869a3 sp=0x0000007c668ff380 mode 2
Event: 319.711 Thread 0x000001ca9a045880 Uncommon trap: reason=unstable_if action=reinterpret pc=0x000001ca87bd5900 method=java.util.concurrent.locks.AbstractQueuedSynchronizer$ConditionNode.isReleasable()Z @ 14 c2
Event: 319.711 Thread 0x000001ca9a045880 DEOPT PACKING pc=0x000001ca87bd5900 sp=0x0000007c667fef10
Event: 319.711 Thread 0x000001ca9a044070 Uncommon trap: trap_request=0xffffff45 fr.pc=0x000001ca87bd5900 relative=0x00000000000000e0
Event: 319.711 Thread 0x000001ca9a044070 Uncommon trap: reason=unstable_if action=reinterpret pc=0x000001ca87bd5900 method=java.util.concurrent.locks.AbstractQueuedSynchronizer$ConditionNode.isReleasable()Z @ 14 c2
Event: 319.711 Thread 0x000001ca9a045880 DEOPT UNPACKING pc=0x000001ca875869a3 sp=0x0000007c667fed78 mode 2
Event: 319.711 Thread 0x000001ca9a044070 DEOPT PACKING pc=0x000001ca87bd5900 sp=0x0000007c663fef90
Event: 319.711 Thread 0x000001ca9a044070 DEOPT UNPACKING pc=0x000001ca875869a3 sp=0x0000007c663fedf8 mode 2

Classes unloaded (0 events):
No events

Classes redefined (0 events):
No events

Internal exceptions (20 events):
Event: 2.456 Thread 0x000001ca99cb3c80 Exception <a 'java/lang/NoSuchMethodError'{0x0000000710b0e4a0}: 'java.lang.Object java.lang.invoke.DirectMethodHandle$Holder.newInvokeSpecial(java.lang.Object, java.lang.Object, int, int)'> (0x0000000710b0e4a0) 
thrown [s\src\hotspot\share\interpreter\linkResolver.cpp, line 771]
Event: 2.461 Thread 0x000001ca99cb3c80 Exception <a 'java/lang/NoSuchMethodError'{0x0000000710b1fb48}: 'java.lang.Object java.lang.invoke.DirectMethodHandle$Holder.newInvokeSpecial(java.lang.Object, java.lang.Object, int, int, int, int)'> (0x0000000710b1fb48) 
thrown [s\src\hotspot\share\interpreter\linkResolver.cpp, line 771]
Event: 2.589 Thread 0x000001ca995a09c0 Exception <a 'java/lang/NoSuchMethodError'{0x00000007048fd510}: 'void java.lang.invoke.DirectMethodHandle$Holder.invokeVirtual(java.lang.Object, java.lang.Object)'> (0x00000007048fd510) 
thrown [s\src\hotspot\share\interpreter\linkResolver.cpp, line 771]
Event: 2.789 Thread 0x000001ca99cb3c80 Exception <a 'java/lang/NoSuchMethodError'{0x0000000704728bc0}: 'java.lang.Object java.lang.invoke.DirectMethodHandle$Holder.invokeStaticInit(java.lang.Object, java.lang.Object, java.lang.Object, java.lang.Object, java.lang.Object, java.lang.Object, java.lang.Object)'> (0x0000000704728bc0) 
thrown [s\src\hotspot\share\interpreter\linkResolver.cpp, line 771]
Event: 2.790 Thread 0x000001ca99cb3c80 Exception <a 'java/lang/NoSuchMethodError'{0x00000007047324a0}: 'java.lang.Object java.lang.invoke.DirectMethodHandle$Holder.invokeSpecial(java.lang.Object, java.lang.Object, java.lang.Object, java.lang.Object, java.lang.Object, java.lang.Object, java.lang.Object, java.lang.Object, java.lang.Object, java.lang.Object)'> (0x00000007047324a0) 
thrown [s\src\hotspot\share\interpreter\linkResolver.cpp, line 771]
Event: 2.791 Thread 0x000001ca99cb3c80 Exception <a 'java/lang/NoSuchMethodError'{0x0000000704736d30}: 'java.lang.Object java.lang.invoke.Invokers$Holder.invoke_MT(java.lang.Object, java.lang.Object, java.lang.Object, java.lang.Object, java.lang.Object, java.lang.Object, java.lang.Object, java.lang.Object, java.lang.Object, java.lang.Object)'> (0x0000000704736d30) 
thrown [s\src\hotspot\share\interpreter\linkResolver.cpp, line 771]
Event: 2.793 Thread 0x000001ca99cb3c80 Exception <a 'java/lang/NoSuchMethodError'{0x000000070473d478}: 'java.lang.Object java.lang.invoke.DirectMethodHandle$Holder.invokeStatic(java.lang.Object, java.lang.Object, int)'> (0x000000070473d478) 
thrown [s\src\hotspot\share\interpreter\linkResolver.cpp, line 771]
Event: 2.795 Thread 0x000001ca99cb3c80 Exception <a 'java/lang/NoSuchMethodError'{0x000000070474ffe0}: 'void java.lang.invoke.DelegatingMethodHandle$Holder.delegate(java.lang.Object, java.lang.Object, int, java.lang.Object)'> (0x000000070474ffe0) 
thrown [s\src\hotspot\share\interpreter\linkResolver.cpp, line 771]
Event: 2.795 Thread 0x000001ca99cb3c80 Exception <a 'java/lang/NoSuchMethodError'{0x00000007047543c8}: 'int java.lang.invoke.DirectMethodHandle$Holder.invokeSpecial(java.lang.Object, java.lang.Object, java.lang.Object)'> (0x00000007047543c8) 
thrown [s\src\hotspot\share\interpreter\linkResolver.cpp, line 771]
Event: 2.800 Thread 0x000001ca99cb3c80 Exception <a 'java/lang/NoSuchMethodError'{0x0000000704774a10}: 'int java.lang.invoke.DirectMethodHandle$Holder.invokeVirtual(java.lang.Object, java.lang.Object, java.lang.Object)'> (0x0000000704774a10) 
thrown [s\src\hotspot\share\interpreter\linkResolver.cpp, line 771]
Event: 2.800 Thread 0x000001ca99cb3c80 Exception <a 'java/lang/NoSuchMethodError'{0x0000000704778848}: 'int java.lang.invoke.DirectMethodHandle$Holder.invokeVirtual(java.lang.Object, java.lang.Object)'> (0x0000000704778848) 
thrown [s\src\hotspot\share\interpreter\linkResolver.cpp, line 771]
Event: 2.800 Thread 0x000001ca99cb3c80 Exception <a 'java/lang/NoSuchMethodError'{0x000000070477d040}: 'int java.lang.invoke.DirectMethodHandle$Holder.invokeStaticInit(java.lang.Object, java.lang.Object, java.lang.Object)'> (0x000000070477d040) 
thrown [s\src\hotspot\share\interpreter\linkResolver.cpp, line 771]
Event: 2.801 Thread 0x000001ca99cb3c80 Exception <a 'java/lang/NoSuchMethodError'{0x0000000704780ec8}: 'int java.lang.invoke.DirectMethodHandle$Holder.invokeStaticInit(java.lang.Object, int, int)'> (0x0000000704780ec8) 
thrown [s\src\hotspot\share\interpreter\linkResolver.cpp, line 771]
Event: 2.801 Thread 0x000001ca99cb3c80 Exception <a 'java/lang/NoSuchMethodError'{0x0000000704788d00}: 'int java.lang.invoke.DirectMethodHandle$Holder.invokeStaticInit(java.lang.Object, long, long)'> (0x0000000704788d00) 
thrown [s\src\hotspot\share\interpreter\linkResolver.cpp, line 771]
Event: 2.802 Thread 0x000001ca99cb3c80 Exception <a 'java/lang/NoSuchMethodError'{0x00000007047900a0}: 'int java.lang.invoke.DirectMethodHandle$Holder.invokeStaticInit(java.lang.Object, float, float)'> (0x00000007047900a0) 
thrown [s\src\hotspot\share\interpreter\linkResolver.cpp, line 771]
Event: 2.802 Thread 0x000001ca99cb3c80 Exception <a 'java/lang/NoSuchMethodError'{0x0000000704797448}: 'int java.lang.invoke.DirectMethodHandle$Holder.invokeStaticInit(java.lang.Object, double, double)'> (0x0000000704797448) 
thrown [s\src\hotspot\share\interpreter\linkResolver.cpp, line 771]
Event: 2.802 Thread 0x000001ca99cb3c80 Exception <a 'java/lang/NoSuchMethodError'{0x000000070479bfa0}: 'int java.lang.invoke.DirectMethodHandle$Holder.invokeStatic(java.lang.Object, long)'> (0x000000070479bfa0) 
thrown [s\src\hotspot\share\interpreter\linkResolver.cpp, line 771]
Event: 2.806 Thread 0x000001ca99cb3c80 Exception <a 'java/lang/NoSuchMethodError'{0x00000007047c06e8}: 'int java.lang.invoke.Invokers$Holder.linkToTargetMethod(java.lang.Object, java.lang.Object)'> (0x00000007047c06e8) 
thrown [s\src\hotspot\share\interpreter\linkResolver.cpp, line 771]
Event: 25.231 Thread 0x000001ca99cb3c80 Exception <a 'java/lang/NoSuchMethodError'{0x0000000707261af0}: 'java.lang.Object java.lang.invoke.DirectMethodHandle$Holder.newInvokeSpecial(java.lang.Object, int, java.lang.Object)'> (0x0000000707261af0) 
thrown [s\src\hotspot\share\interpreter\linkResolver.cpp, line 771]
Event: 88.739 Thread 0x000001ca9a046bc0 Implicit null exception at 0x000001ca87bdbee5 to 0x000001ca87bdc3b2

VM Operations (20 events):
Event: 242.259 Executing VM operation: G1CollectFull
Event: 242.281 Executing VM operation: G1CollectFull done
Event: 265.918 Executing VM operation: G1CollectForAllocation
Event: 265.918 Executing VM operation: G1CollectForAllocation done
Event: 272.289 Executing VM operation: G1CollectFull
Event: 272.323 Executing VM operation: G1CollectFull done
Event: 286.479 Executing VM operation: Cleanup
Event: 286.479 Executing VM operation: Cleanup done
Event: 287.479 Executing VM operation: Cleanup
Event: 287.480 Executing VM operation: Cleanup done
Event: 291.536 Executing VM operation: Cleanup
Event: 291.536 Executing VM operation: Cleanup done
Event: 293.562 Executing VM operation: Cleanup
Event: 293.562 Executing VM operation: Cleanup done
Event: 294.569 Executing VM operation: Cleanup
Event: 294.569 Executing VM operation: Cleanup done
Event: 295.793 Executing VM operation: G1CollectForAllocation
Event: 295.794 Executing VM operation: G1CollectForAllocation done
Event: 302.325 Executing VM operation: G1CollectFull
Event: 302.346 Executing VM operation: G1CollectFull done

Events (20 events):
Event: 44.491 Thread 0x000001ca990bfac0 flushing nmethod 0x000001ca808be110
Event: 44.491 Thread 0x000001ca990bfac0 flushing nmethod 0x000001ca8096bc10
Event: 44.491 Thread 0x000001ca990bfac0 flushing nmethod 0x000001ca80970a10
Event: 44.492 Thread 0x000001ca990bfac0 flushing nmethod 0x000001ca809dfb90
Event: 44.492 Thread 0x000001ca990bfac0 flushing nmethod 0x000001ca80a0a590
Event: 44.492 Thread 0x000001ca990bfac0 flushing nmethod 0x000001ca80a0a910
Event: 44.492 Thread 0x000001ca990bfac0 flushing nmethod 0x000001ca80a3d590
Event: 85.573 Thread 0x000001ca99fdfff0 Thread exited: 0x000001ca99fdfff0
Event: 85.573 Thread 0x000001ca9d3f6ef0 Thread exited: 0x000001ca9d3f6ef0
Event: 319.698 loading class jdk/internal/misc/Signal$1
Event: 319.698 loading class jdk/internal/misc/Signal$1 done
Event: 319.698 Thread 0x000001ca9d3f6550 Thread added: 0x000001ca9d3f6550
Event: 319.699 Thread 0x000001ca9d3f9a40 Thread added: 0x000001ca9d3f9a40
Event: 319.699 Thread 0x000001ca9d3fa8b0 Thread added: 0x000001ca9d3fa8b0
Event: 319.699 Thread 0x000001ca9d3f5210 Thread added: 0x000001ca9d3f5210
Event: 319.700 Thread 0x000001ca9d3f5210 Thread exited: 0x000001ca9d3f5210
Event: 319.710 Thread 0x000001ca995a09c0 Thread exited: 0x000001ca995a09c0
Event: 319.711 Thread 0x000001ca9a044070 Thread exited: 0x000001ca9a044070
Event: 319.711 Thread 0x000001ca9a045880 Thread exited: 0x000001ca9a045880
Event: 319.711 Thread 0x000001ca9d3fa8b0 Thread exited: 0x000001ca9d3fa8b0


Dynamic libraries:
0x00007ff762bd0000 - 0x00007ff762bda000 	C:\Users\HP\.jdks\jbr-17.0.7-1\bin\java.exe
0x00007ffb07c30000 - 0x00007ffb07e28000 	C:\Windows\SYSTEM32\ntdll.dll
0x00007ffb07050000 - 0x00007ffb0710f000 	C:\Windows\System32\KERNEL32.DLL
0x00007ffb056e0000 - 0x00007ffb059d6000 	C:\Windows\System32\KERNELBASE.dll
0x00007ffb055e0000 - 0x00007ffb056e0000 	C:\Windows\System32\ucrtbase.dll
0x00007ffad9850000 - 0x00007ffad9867000 	C:\Users\HP\.jdks\jbr-17.0.7-1\bin\jli.dll
0x00007ffb075e0000 - 0x00007ffb0777d000 	C:\Windows\System32\USER32.dll
0x00007ffb059e0000 - 0x00007ffb05a02000 	C:\Windows\System32\win32u.dll
0x00007ffb05c90000 - 0x00007ffb05cbc000 	C:\Windows\System32\GDI32.dll
0x00007ffb05b70000 - 0x00007ffb05c85000 	C:\Windows\System32\gdi32full.dll
0x00007ffb05540000 - 0x00007ffb055dd000 	C:\Windows\System32\msvcp_win.dll
0x00007ffaee100000 - 0x00007ffaee39a000 	C:\Windows\WinSxS\amd64_microsoft.windows.common-controls_6595b64144ccf1df_6.0.19041.1110_none_60b5254171f9507e\COMCTL32.dll
0x00007ffb073c0000 - 0x00007ffb0745e000 	C:\Windows\System32\msvcrt.dll
0x00007ffadbca0000 - 0x00007ffadbcbb000 	C:\Users\HP\.jdks\jbr-17.0.7-1\bin\VCRUNTIME140.dll
0x00007ffb06900000 - 0x00007ffb06930000 	C:\Windows\System32\IMM32.DLL
0x00007ffafd350000 - 0x00007ffafd35c000 	C:\Users\HP\.jdks\jbr-17.0.7-1\bin\vcruntime140_1.dll
0x00007ffad13e0000 - 0x00007ffad146d000 	C:\Users\HP\.jdks\jbr-17.0.7-1\bin\msvcp140.dll
0x00007ffad0760000 - 0x00007ffad13e0000 	C:\Users\HP\.jdks\jbr-17.0.7-1\bin\server\jvm.dll
0x00007ffb05df0000 - 0x00007ffb05e9f000 	C:\Windows\System32\ADVAPI32.dll
0x00007ffb07110000 - 0x00007ffb071ac000 	C:\Windows\System32\sechost.dll
0x00007ffb06080000 - 0x00007ffb061a6000 	C:\Windows\System32\RPCRT4.dll
0x00007ffaec5c0000 - 0x00007ffaec5e7000 	C:\Windows\SYSTEM32\WINMM.dll
0x00007ffaeee70000 - 0x00007ffaeee79000 	C:\Windows\SYSTEM32\WSOCK32.dll
0x00007ffb069c0000 - 0x00007ffb06a2b000 	C:\Windows\System32\WS2_32.dll
0x00007ffafadf0000 - 0x00007ffafadfa000 	C:\Windows\SYSTEM32\VERSION.dll
0x00007ffb03b00000 - 0x00007ffb03b12000 	C:\Windows\SYSTEM32\kernel.appcore.dll
0x00007ffafd260000 - 0x00007ffafd26a000 	C:\Users\HP\.jdks\jbr-17.0.7-1\bin\jimage.dll
0x00007ffb00020000 - 0x00007ffb00204000 	C:\Windows\SYSTEM32\DBGHELP.DLL
0x00007ffaeec60000 - 0x00007ffaeec94000 	C:\Windows\SYSTEM32\dbgcore.DLL
0x00007ffb054b0000 - 0x00007ffb05532000 	C:\Windows\System32\bcryptPrimitives.dll
0x00007ffafd370000 - 0x00007ffafd37e000 	C:\Users\HP\.jdks\jbr-17.0.7-1\bin\instrument.dll
0x00007ffad9820000 - 0x00007ffad9845000 	C:\Users\HP\.jdks\jbr-17.0.7-1\bin\java.dll
0x00007ffad72e0000 - 0x00007ffad72f8000 	C:\Users\HP\.jdks\jbr-17.0.7-1\bin\zip.dll
0x00007ffad0680000 - 0x00007ffad0757000 	C:\Users\HP\.jdks\jbr-17.0.7-1\bin\jsvml.dll
0x00007ffb061b0000 - 0x00007ffb068f4000 	C:\Windows\System32\SHELL32.dll
0x00007ffb00210000 - 0x00007ffb009a4000 	C:\Windows\SYSTEM32\windows.storage.dll
0x00007ffb06b80000 - 0x00007ffb06ed4000 	C:\Windows\System32\combase.dll
0x00007ffb04b90000 - 0x00007ffb04bbe000 	C:\Windows\SYSTEM32\Wldp.dll
0x00007ffb06ef0000 - 0x00007ffb06f9d000 	C:\Windows\System32\SHCORE.dll
0x00007ffb07580000 - 0x00007ffb075d5000 	C:\Windows\System32\shlwapi.dll
0x00007ffb05240000 - 0x00007ffb05265000 	C:\Windows\SYSTEM32\profapi.dll
0x00007ffad6a10000 - 0x00007ffad6a29000 	C:\Users\HP\.jdks\jbr-17.0.7-1\bin\net.dll
0x00007ffaf65e0000 - 0x00007ffaf66ea000 	C:\Windows\SYSTEM32\WINHTTP.dll
0x00007ffb04970000 - 0x00007ffb049da000 	C:\Windows\system32\mswsock.dll
0x00007ffad0660000 - 0x00007ffad0676000 	C:\Users\HP\.jdks\jbr-17.0.7-1\bin\nio.dll
0x00007ffaf9440000 - 0x00007ffaf945a000 	C:\Program Files\JetBrains\IntelliJ IDEA Community Edition 2021.3.2\bin\breakgen64.dll
0x00007ffa9ca00000 - 0x00007ffa9cb98000 	C:\Users\HP\.jdks\jbr-17.0.7-1\bin\awt.dll
0x00007ffb05d20000 - 0x00007ffb05ded000 	C:\Windows\System32\OLEAUT32.dll
0x00007ffaff9b0000 - 0x00007ffaff9df000 	C:\Windows\SYSTEM32\dwmapi.dll
0x00007ffadbd10000 - 0x00007ffadbd54000 	C:\Users\HP\.jdks\jbr-17.0.7-1\bin\nvdaControllerClient64.dll
0x00007ffafefa0000 - 0x00007ffaff031000 	C:\Windows\SYSTEM32\apphelp.dll
0x00007ffaff300000 - 0x00007ffaff39e000 	C:\Windows\system32\uxtheme.dll
0x00007ffb07460000 - 0x00007ffb07574000 	C:\Windows\System32\MSCTF.dll
0x00007ffb071b0000 - 0x00007ffb072da000 	C:\Windows\System32\ole32.dll
0x00007ffadd9f0000 - 0x00007ffaddb15000 	C:\Windows\system32\opengl32.dll
0x00007ffade740000 - 0x00007ffade76c000 	C:\Windows\SYSTEM32\GLU32.dll
0x00007ffb04bd0000 - 0x00007ffb04be8000 	C:\Windows\SYSTEM32\CRYPTSP.dll
0x00007ffb042b0000 - 0x00007ffb042e4000 	C:\Windows\system32\rsaenh.dll
0x00007ffb05310000 - 0x00007ffb05337000 	C:\Windows\System32\bcrypt.dll
0x00007ffb051c0000 - 0x00007ffb051ee000 	C:\Windows\SYSTEM32\USERENV.dll
0x00007ffb04b00000 - 0x00007ffb04b0c000 	C:\Windows\SYSTEM32\CRYPTBASE.dll
0x00007ffb04680000 - 0x00007ffb046bc000 	C:\Windows\SYSTEM32\IPHLPAPI.DLL
0x00007ffb05ea0000 - 0x00007ffb05ea8000 	C:\Windows\System32\NSI.dll
0x00007ffaf8ab0000 - 0x00007ffaf8ac7000 	C:\Windows\SYSTEM32\dhcpcsvc6.DLL
0x00007ffaf83c0000 - 0x00007ffaf83dd000 	C:\Windows\SYSTEM32\dhcpcsvc.DLL
0x00007ffb046c0000 - 0x00007ffb0478a000 	C:\Windows\SYSTEM32\DNSAPI.dll
0x00007ffa83920000 - 0x00007ffa8492f000 	C:\Users\HP\.skiko\58752788008ddd92aea4562f2a41915f7f74e689ca70e0fbada57f009a92b9cf\skiko-windows-x64.dll
0x00007ffaedc90000 - 0x00007ffaede35000 	C:\Windows\WinSxS\amd64_microsoft.windows.gdiplus_6595b64144ccf1df_1.1.19041.2251_none_91a40448cc8846c1\gdiplus.dll
0x00007ffacf0e0000 - 0x00007ffacf166000 	C:\Users\HP\.jdks\jbr-17.0.7-1\bin\freetype.dll
0x00007ffacf010000 - 0x00007ffacf0d9000 	C:\Users\HP\.jdks\jbr-17.0.7-1\bin\fontmanager.dll
0x00007ffafd300000 - 0x00007ffafd307000 	C:\Users\HP\.jdks\jbr-17.0.7-1\bin\jawt.dll
0x00007ffb03b70000 - 0x00007ffb03c63000 	C:\Windows\SYSTEM32\Dxgi.dll
0x00007ffaf93f0000 - 0x00007ffaf9410000 	C:\Windows\SYSTEM32\D3D12.dll
0x00007ffa8c980000 - 0x00007ffa8cb4d000 	C:\Windows\SYSTEM32\D3D12Core.dll
0x00007ffaf84e0000 - 0x00007ffaf851b000 	C:\Windows\SYSTEM32\dxcore.dll
0x00007ffb05460000 - 0x00007ffb054ae000 	C:\Windows\System32\cfgmgr32.dll
0x00007ffaf3540000 - 0x00007ffaf6159000 	C:\Windows\System32\DriverStore\FileRepository\igdlh64.inf_amd64_e6daaea9afe1e6f6\igc64.dll
0x00007ffa812e0000 - 0x00007ffa827b3000 	C:\Windows\System32\DriverStore\FileRepository\igdlh64.inf_amd64_e6daaea9afe1e6f6\igd12umd64.dll
0x00007ffaf6780000 - 0x00007ffaf69d7000 	C:\Windows\System32\DriverStore\FileRepository\igdlh64.inf_amd64_e6daaea9afe1e6f6\igdgmm64.dll
0x00007ffa8b970000 - 0x00007ffa8bd7b000 	C:\Windows\System32\DriverStore\FileRepository\igdlh64.inf_amd64_e6daaea9afe1e6f6\igdml64.dll
0x00007ffadbcc0000 - 0x00007ffadbceb000 	C:\Windows\SYSTEM32\D3DSCache.dll
0x00007ffa7cad0000 - 0x00007ffa812d2000 	C:\Windows\System32\DriverStore\FileRepository\igdlh64.inf_amd64_e6daaea9afe1e6f6\igd12dxva64.dll
0x00007ffb07780000 - 0x00007ffb07bee000 	C:\Windows\System32\SETUPAPI.dll
0x00007ffa8cd00000 - 0x00007ffa8cd27000 	C:\Windows\System32\DriverStore\FileRepository\igdlh64.inf_amd64_e6daaea9afe1e6f6\igdinfo64.dll
0x00007ffafbb60000 - 0x00007ffafbd67000 	C:\Windows\SYSTEM32\twinapi.appcore.dll
0x00007ffb06fa0000 - 0x00007ffb07049000 	C:\Windows\System32\clbcatq.dll
0x00007ffa7baf0000 - 0x00007ffa7cac2000 	C:\Windows\System32\DriverStore\FileRepository\igdlh64.inf_amd64_e6daaea9afe1e6f6\ig9icd64.dll
0x00007ffb05170000 - 0x00007ffb051bb000 	C:\Windows\SYSTEM32\powrprof.dll
0x00007ffb05150000 - 0x00007ffb05162000 	C:\Windows\SYSTEM32\UMPDC.dll
0x00007ffadace0000 - 0x00007ffadaf5f000 	C:\Windows\SYSTEM32\dwrite.dll
0x00007ffae0b50000 - 0x00007ffae0c49000 	C:\Windows\SYSTEM32\textinputframework.dll
0x00007ffafec20000 - 0x00007ffafed12000 	C:\Windows\System32\CoreMessaging.dll
0x00007ffafe8c0000 - 0x00007ffafec1e000 	C:\Windows\System32\CoreUIComponents.dll
0x00007ffafe1c0000 - 0x00007ffafe314000 	C:\Windows\SYSTEM32\wintypes.dll
0x00007ffb043d0000 - 0x00007ffb04403000 	C:\Windows\SYSTEM32\ntmarta.dll
0x00007ffa83060000 - 0x00007ffa83912000 	C:\Users\HP\AppData\Local\io-realm-kotlin\f7113120ba00ba1ff91d696eecd3919e85a4e34e\realmc.dll
0x00007ffb05a10000 - 0x00007ffb05b6e000 	C:\Windows\System32\CRYPT32.dll

dbghelp: loaded successfully - version: 4.0.5 - missing functions: none
symbol engine: initialized successfully - sym options: 0x614 - pdb path: .;C:\Users\HP\.jdks\jbr-17.0.7-1\bin;C:\Windows\SYSTEM32;C:\Windows\WinSxS\amd64_microsoft.windows.common-controls_6595b64144ccf1df_6.0.19041.1110_none_60b5254171f9507e;C:\Users\HP\.jdks\jbr-17.0.7-1\bin\server;C:\Program Files\JetBrains\IntelliJ IDEA Community Edition 2021.3.2\bin;C:\Users\HP\.skiko\58752788008ddd92aea4562f2a41915f7f74e689ca70e0fbada57f009a92b9cf;C:\Windows\WinSxS\amd64_microsoft.windows.gdiplus_6595b64144ccf1df_1.1.19041.2251_none_91a40448cc8846c1;C:\Windows\System32\DriverStore\FileRepository\igdlh64.inf_amd64_e6daaea9afe1e6f6;C:\Users\HP\AppData\Local\io-realm-kotlin\f7113120ba00ba1ff91d696eecd3919e85a4e34e

VM Arguments:
jvm_args: -Djava.library.path=C:\Users\HP\Desktop\newderar\build\classes\kotlin\jvm\main;C:\Users\HP\Desktop\newderar\build\processedResources\jvm\main -javaagent:C:\Program Files\JetBrains\IntelliJ IDEA Community Edition 2021.3.2\lib\idea_rt.jar=49870:C:\Program Files\JetBrains\IntelliJ IDEA Community Edition 2021.3.2\bin -Dfile.encoding=UTF-8 
java_command: MainKt
java_class_path (initial): C:\Users\HP\Desktop\newderar\build\classes\kotlin\jvm\main;C:\Users\HP\Desktop\newderar\build\processedResources\jvm\main;C:\Users\HP\.gradle\caches\modules-2\files-2.1\io.insert-koin\koin-androidx-compose\3.4.5\ae0a88b7a68d507e651c5a3d70a541594bea54cb\koin-androidx-compose-3.4.5.aar;C:\Users\HP\.gradle\caches\modules-2\files-2.1\org.jetbrains.kotlin\kotlin-stdlib-jdk8\1.8.21\67f57e154437cd9e6e9cf368394b95814836ff88\kotlin-stdlib-jdk8-1.8.21.jar;C:\Users\HP\.gradle\caches\modules-2\files-2.1\org.apache.poi\poi-ooxml\4.1.2\87d9a22aa9a7dd26e80c360e709f7ee02e32ab3b\poi-ooxml-4.1.2.jar;C:\Users\HP\.gradle\caches\modules-2\files-2.1\org.apache.poi\poi\4.1.2\964bf41cf68bce08e4ef6b2279b559fdf8d454f4\poi-4.1.2.jar;C:\Users\HP\.gradle\caches\modules-2\files-2.1\org.lwjgl\lwjgl-nfd\3.3.1\622318116996ddcff449b46cb38f0fdee39b8ac3\lwjgl-nfd-3.3.1.jar;C:\Users\HP\.gradle\caches\modules-2\files-2.1\org.lwjgl\lwjgl-nfd\3.3.1\2e007667e04ed3281152ae5c6e677fb1c2211691\lwjgl-nfd-3.3.1-natives-linux.jar;C:\Users\HP\.gradle\caches\modules-2\files-2.1\org.lwjgl\lwjgl\3.3.1\ae58664f88e18a9bb2c77b063833ca7aaec484cb\lwjgl-3.3.1.jar;C:\Users\HP\.gradle\caches\modules-2\files-2.1\io.insert-koin\koin-android\3.4.0\48715fbe06102a59a30bd45b06ed2400c16c6f45\koin-android-3.4.0.aar;C:\Users\HP\.gradle\caches\modules-2\files-2.1\org.lwjgl\lwjgl-nfd\3.3.1\b3e04e317f55dd738d8a345cdafd15b39f85a2ea\lwjgl-nfd-3.3.1-natives-linux-arm32.jar;C:\Users\HP\.gradle\caches\modules-2\files-2.1\androidx.lifecycle\lifecycle-viewmodel-compose\2.6.1\38cf3bb65ff3e0e5c3d63de2ebf5411d0898108c\lifecycle-viewmodel-compose-2.6.1.aar;C:\Users\HP\.gradle\caches\modules-2\files-2.1\org.lwjgl\lwjgl-nfd\3.3.1\f41dc62336f7ee4ab35705cfa440cc903d199165\lwjgl-nfd-3.3.1-natives-linux-arm64.jar;C:\Users\HP\.gradle\caches\modules-2\files-2.1\androidx.compose.runtime\runtime\1.4.3\6e52f81bd60023ca9be12a878ae161d2e7571aeb\runtime-1.4.3.aar;C:\Users\HP\.gradle\caches\modules-2\files-2.1\org.lwjgl\lwjgl-nfd\3.3
Launcher Type: SUN_STANDARD

[Global flags]
     intx CICompilerCount                          = 3                                         {product} {ergonomic}
     uint ConcGCThreads                            = 1                                         {product} {ergonomic}
     uint G1ConcRefinementThreads                  = 4                                         {product} {ergonomic}
   size_t G1HeapRegionSize                         = 2097152                                   {product} {ergonomic}
    uintx GCDrainStackTargetSize                   = 64                                        {product} {ergonomic}
   size_t InitialHeapSize                          = 266338304                                 {product} {ergonomic}
   size_t MarkStackSize                            = 4194304                                   {product} {ergonomic}
   size_t MaxHeapSize                              = 4255121408                                {product} {ergonomic}
   size_t MaxNewSize                               = 2552233984                                {product} {ergonomic}
   size_t MinHeapDeltaBytes                        = 2097152                                   {product} {ergonomic}
   size_t MinHeapSize                              = 8388608                                   {product} {ergonomic}
    uintx NonNMethodCodeHeapSize                   = 5832780                                {pd product} {ergonomic}
    uintx NonProfiledCodeHeapSize                  = 122912730                              {pd product} {ergonomic}
    uintx ProfiledCodeHeapSize                     = 122912730                              {pd product} {ergonomic}
    uintx ReservedCodeCacheSize                    = 251658240                              {pd product} {ergonomic}
     bool SegmentedCodeCache                       = true                                      {product} {ergonomic}
   size_t SoftMaxHeapSize                          = 4255121408                             {manageable} {ergonomic}
     bool UseCompressedClassPointers               = true                           {product lp64_product} {ergonomic}
     bool UseCompressedOops                        = true                           {product lp64_product} {ergonomic}
     bool UseG1GC                                  = true                                      {product} {ergonomic}
     bool UseLargePagesIndividualAllocation        = false                                  {pd product} {ergonomic}

Logging:
Log output configuration:
 #0: stdout all=warning uptime,level,tags
 #1: stderr all=off uptime,level,tags

Environment Variables:
PATH=C:\Program Files\Common Files\Oracle\Java\javapath;C:\Program Files (x86)\Common Files\Oracle\Java\javapath;C:\Windows\system32;C:\Windows;C:\Windows\System32\Wbem;C:\Windows\System32\WindowsPowerShell\v1.0\;C:\Windows\System32\OpenSSH\;C:\xampp\php;C:\ProgramData\ComposerSetup\bin;C:\Program Files\nodejs\;C:\Program Files (x86)\Intel\Intel(R) Management Engine Components\DAL;C:\Program Files\Intel\Intel(R) Management Engine Components\DAL;C:\Program Files\Git\cmd;C:\Program Files\Fortect;C:\Users\HP\AppData\Local\Microsoft\WindowsApps;C:\Program Files\JetBrains\IntelliJ IDEA Community Edition 2021.3.2\bin;C:\Users\HP\AppData\Local\Programs\Microsoft VS Code\bin;C:\Users\HP\AppData\Local\JetBrains\Toolbox\scripts;C:\Users\HP\AppData\Local\GitHubDesktop\bin;C:\Users\HP\Desktop\camp\flutter_windows_3.7.6-stable\flutter\bin;C:\Users\HP\AppData\Roaming\Composer\vendor\bin;C:\Users\HP\AppData\Roaming\npm
USERNAME=HP
OS=Windows_NT
PROCESSOR_IDENTIFIER=Intel64 Family 6 Model 142 Stepping 9, GenuineIntel
TMP=C:\Users\HP\AppData\Local\Temp
TEMP=C:\Users\HP\AppData\Local\Temp


JNI global refs:
JNI global refs: 168, weak refs: 9

JNI global refs memory usage: 2107, weak refs: 841

OOME stack traces (most recent first):
Classloader memory used:
Loader jdk.internal.loader.ClassLoaders$AppClassLoader                                 : 3236K
Loader bootstrap                                                                       : 2239K
Loader jdk.internal.loader.ClassLoaders$PlatformClassLoader                            : 764B


---------------  S Y S T E M  ---------------

OS:
 Windows 10 , 64 bit Build 19041 (10.0.19041.3155)
OS uptime: 0 days 1:15 hours
Hyper-V role detected

CPU: total 4 (initial active 4) (2 cores per cpu, 2 threads per core) family 6 model 142 stepping 9 microcode 0xf2, cx8, cmov, fxsr, ht, mmx, 3dnowpref, sse, sse2, sse3, ssse3, sse4.1, sse4.2, popcnt, lzcnt, tsc, tscinvbit, avx, avx2, aes, erms, clmul, bmi1, bmi2, rtm, adx, fma, vzeroupper, clflush, clflushopt, hv

Memory: 4k page, system-wide physical 16224M (7974M free)
TotalPageFile size 32096M (AvailPageFile size 22678M)
current process WorkingSet (physical memory assigned to process): 283M, peak: 361M
current process commit charge ("private bytes"): 284M, peak: 376M

vm_info: OpenJDK 64-Bit Server VM (17.0.7+7-b1000.5) for windows-amd64 JRE (17.0.7+7-b1000.5), built on 2023-07-03 by "builduser" with MS VC++ 16.10 / 16.11 (VS2019)

END.
