#
# A fatal error has been detected by the Java Runtime Environment:
#
#  EXCEPTION_ACCESS_VIOLATION (0xc0000005) at pc=0x00007ffa7c4aebe3, pid=3660, tid=7828
#
# JRE version: OpenJDK Runtime Environment JBR-17.0.7+7-1000.5-nomod (17.0.7+7) (build 17.0.7+7-b1000.5)
# Java VM: OpenJDK 64-Bit Server VM JBR-17.0.7+7-1000.5-nomod (17.0.7+7-b1000.5, mixed mode, tiered, compressed oops, compressed class ptrs, g1 gc, windows-amd64)
# Problematic frame:
# C  [ig9icd64.dll+0x9bebe3]
#
# No core dump will be written. Minidumps are not enabled by default on client versions of Windows
#
# If you would like to submit a bug report, please visit:
#   https://youtrack.jetbrains.com/issues/JBR
# The crash happened outside the Java Virtual Machine in native code.
# See problematic frame for where to report the bug.
#

---------------  S U M M A R Y ------------

Command Line: -Djava.library.path=C:\Users\HP\Desktop\newderar\build\classes\kotlin\jvm\main;C:\Users\HP\Desktop\newderar\build\processedResources\jvm\main -javaagent:C:\Program Files\JetBrains\IntelliJ IDEA Community Edition 2021.3.2\lib\idea_rt.jar=57148:C:\Program Files\JetBrains\IntelliJ IDEA Community Edition 2021.3.2\bin -Dfile.encoding=UTF-8 MainKt

Host: Intel(R) Core(TM) i5-7300U CPU @ 2.60GHz, 4 cores, 15G,  Windows 10 , 64 bit Build 19041 (10.0.19041.3155)
Time: Thu Jul  6 02:59:58 2023 Libya Standard Time elapsed time: 91.822841 seconds (0d 0h 1m 31s)

---------------  T H R E A D  ---------------

Current thread (0x000001bfcdcdf340):  JavaThread "AWT-EventQueue-0" [_thread_in_native, id=7828, stack(0x000000330a600000,0x000000330a700000)]

Stack: [0x000000330a600000,0x000000330a700000],  sp=0x000000330a6fcb08,  free space=1010k
Native frames: (J=compiled Java code, j=interpreted, Vv=VM code, C=native code)
C  [ig9icd64.dll+0x9bebe3]

Java frames: (J=compiled Java code, j=interpreted, Vv=VM code)
J 4479  org.jetbrains.skia.DirectContextKt.DirectContext_nFlush(J)V (0 bytes) @ 0x000001bfb5cfde69 [0x000001bfb5cfde20+0x0000000000000049]
J 5106 c2 org.jetbrains.skiko.redrawer.WindowsOpenGLRedrawer$Companion$frameDispatcher$1.invokeSuspend(Ljava/lang/Object;)Ljava/lang/Object; (379 bytes) @ 0x000001bfb5e09bc0 [0x000001bfb5e088a0+0x0000000000001320]
J 5105 c2 org.jetbrains.skiko.FrameDispatcher$job$1.invokeSuspend(Ljava/lang/Object;)Ljava/lang/Object; (156 bytes) @ 0x000001bfb5e06570 [0x000001bfb5e06320+0x0000000000000250]
J 4416 c2 kotlin.coroutines.jvm.internal.BaseContinuationImpl.resumeWith(Ljava/lang/Object;)V (128 bytes) @ 0x000001bfb5ce5680 [0x000001bfb5ce5620+0x0000000000000060]
J 4504 c2 kotlinx.coroutines.DispatchedTask.run()V (571 bytes) @ 0x000001bfb5d09b70 [0x000001bfb5d097c0+0x00000000000003b0]
J 5448 c2 java.awt.EventQueue.dispatchEvent(Ljava/awt/AWTEvent;)V java.desktop@17.0.7 (80 bytes) @ 0x000001bfb5eaf528 [0x000001bfb5eaef20+0x0000000000000608]
J 5279 c2 java.awt.EventDispatchThread.pumpOneEventForFilters(I)V java.desktop@17.0.7 (113 bytes) @ 0x000001bfb5e660cc [0x000001bfb5e659e0+0x00000000000006ec]
j  java.awt.EventDispatchThread.pumpEventsForFilter(ILjava/awt/Conditional;Ljava/awt/EventFilter;)V+35 java.desktop@17.0.7
j  java.awt.EventDispatchThread.pumpEventsForHierarchy(ILjava/awt/Conditional;Ljava/awt/Component;)V+11 java.desktop@17.0.7
j  java.awt.EventDispatchThread.pumpEvents(ILjava/awt/Conditional;)V+4 java.desktop@17.0.7
j  java.awt.EventDispatchThread.pumpEvents(Ljava/awt/Conditional;)V+3 java.desktop@17.0.7
j  java.awt.EventDispatchThread.run()V+18 java.desktop@17.0.7
v  ~StubRoutines::call_stub

siginfo: EXCEPTION_ACCESS_VIOLATION (0xc0000005), reading address 0x00007ffdbc6d1110


Register to memory mapping:

RIP=0x00007ffa7c4aebe3 ig9icd64.dll
RAX=0x000000000fff0fff is an unknown value
RBX=0x00007ffa7baf0000 ig9icd64.dll
RCX=0x000000033fcf3fcc is an unknown value
RDX=0x000000330a6fd020 is pointing into the stack for thread: 0x000001bfcdcdf340
RSP=0x000000330a6fcb08 is pointing into the stack for thread: 0x000001bfcdcdf340
RBP=0x000000330a6fcc10 is pointing into the stack for thread: 0x000001bfcdcdf340
RSI=0x000001bfd1606680 points into unknown readable memory: 0x000001bfd15cd380 | 80 d3 5c d1 bf 01 00 00
RDI=0x000000330a6fce10 is pointing into the stack for thread: 0x000001bfcdcdf340
R8 =0x000000330a6fcc40 is pointing into the stack for thread: 0x000001bfcdcdf340
R9 =0x000000330a6fd020 is pointing into the stack for thread: 0x000001bfcdcdf340
R10=0x000000330a6fce10 is pointing into the stack for thread: 0x000001bfcdcdf340
R11=0x0 is NULL
R12=0x00007ffa7c9215e0 ig9icd64.dll
R13=0x0 is NULL
R14=0x0 is NULL
R15=0x00000000000001c1 is an unknown value


Registers:
RAX=0x000000000fff0fff, RBX=0x00007ffa7baf0000, RCX=0x000000033fcf3fcc, RDX=0x000000330a6fd020
RSP=0x000000330a6fcb08, RBP=0x000000330a6fcc10, RSI=0x000001bfd1606680, RDI=0x000000330a6fce10
R8 =0x000000330a6fcc40, R9 =0x000000330a6fd020, R10=0x000000330a6fce10, R11=0x0000000000000000
R12=0x00007ffa7c9215e0, R13=0x0000000000000000, R14=0x0000000000000000, R15=0x00000000000001c1
RIP=0x00007ffa7c4aebe3, EFLAGS=0x0000000000010206

Top of Stack: (sp=0x000000330a6fcb08)
0x000000330a6fcb08:   00007ffa7c4ac31b 0000000000000001
0x000000330a6fcb18:   0000000000000000 000001bfd1a33d00
0x000000330a6fcb28:   00007ffaf6782622 0000003300000065
0x000000330a6fcb38:   000000330a6fcd40 0000000000000000
0x000000330a6fcb48:   000001bfd0f83fa0 0000000000000000
0x000000330a6fcb58:   000001bfd9328510 000001bfd1a33da0
0x000000330a6fcb68:   0000000000001100 0000000000000000
0x000000330a6fcb78:   0000000000000000 000000330a6fccf0
0x000000330a6fcb88:   00007ffa7c1479c0 0000000000000000
0x000000330a6fcb98:   0000000000000000 0000000000000000
0x000000330a6fcba8:   0000000000000000 000050800f2473e5
0x000000330a6fcbb8:   00007ffa7bb06555 000001bfd1a33da0
0x000000330a6fcbc8:   0000000000000001 0000000000000000
0x000000330a6fcbd8:   00007ffb07c5b86b 0000000000060009
0x000000330a6fcbe8:   00000000000000c4 000001bfd8d6a8b0
0x000000330a6fcbf8:   0000000000000000 0000000000000000 

Instructions: (pc=0x00007ffa7c4aebe3)
0x00007ffa7c4aeae3:   c1 75 31 00 48 89 51 08 48 89 01 8b 44 24 28 89
0x00007ffa7c4aeaf3:   41 20 8b 44 24 30 89 41 24 48 8b c1 4c 89 41 10
0x00007ffa7c4aeb03:   4c 89 49 18 c3 cc cc cc cc cc cc cc cc 48 89 5c
0x00007ffa7c4aeb13:   24 08 8b 41 5c 48 8d 1d e1 14 64 ff 41 89 40 08
0x00007ffa7c4aeb23:   4c 8b d1 8b 41 60 45 33 db 41 89 40 0c 4c 8b ca
0x00007ffa7c4aeb33:   8b 41 64 41 89 40 10 8b 41 68 41 89 40 14 8b 41
0x00007ffa7c4aeb43:   6c 41 89 40 18 8b 41 70 41 89 40 1c 48 63 41 74
0x00007ffa7c4aeb53:   48 6b c8 34 8b 84 19 44 d1 ee 00 41 89 40 20 8b
0x00007ffa7c4aeb63:   84 19 48 d1 ee 00 41 89 40 24 8b 84 19 4c d1 ee
0x00007ffa7c4aeb73:   00 41 89 40 28 8b 84 19 50 d1 ee 00 41 89 40 2c
0x00007ffa7c4aeb83:   8b 84 19 34 d1 ee 00 41 89 40 30 8b 84 19 38 d1
0x00007ffa7c4aeb93:   ee 00 41 89 40 34 8b 84 19 3c d1 ee 00 41 89 40
0x00007ffa7c4aeba3:   38 8b 84 19 40 d1 ee 00 41 89 40 3c 8b 84 19 24
0x00007ffa7c4aebb3:   d1 ee 00 41 89 40 40 8b 84 19 28 d1 ee 00 41 89
0x00007ffa7c4aebc3:   40 44 8b 84 19 2c d1 ee 00 41 89 40 48 8b 84 19
0x00007ffa7c4aebd3:   30 d1 ee 00 41 89 40 4c 49 63 42 78 48 6b c8 34
0x00007ffa7c4aebe3:   8b 84 19 44 d1 ee 00 41 89 40 50 8b 84 19 48 d1
0x00007ffa7c4aebf3:   ee 00 41 89 40 54 8b 84 19 4c d1 ee 00 41 89 40
0x00007ffa7c4aec03:   58 8b 84 19 50 d1 ee 00 41 89 40 5c 8b 84 19 34
0x00007ffa7c4aec13:   d1 ee 00 41 89 40 60 8b 84 19 38 d1 ee 00 41 89
0x00007ffa7c4aec23:   40 64 8b 84 19 3c d1 ee 00 41 89 40 68 8b 84 19
0x00007ffa7c4aec33:   40 d1 ee 00 41 89 40 6c 8b 84 19 24 d1 ee 00 41
0x00007ffa7c4aec43:   89 40 70 8b 84 19 28 d1 ee 00 41 89 40 74 8b 84
0x00007ffa7c4aec53:   19 2c d1 ee 00 41 89 40 78 8b 84 19 30 d1 ee 00
0x00007ffa7c4aec63:   41 89 40 7c 48 8b 42 18 8b 88 38 0b 00 00 f6 c1
0x00007ffa7c4aec73:   08 0f 84 86 00 00 00 8b 80 3c 0b 00 00 41 89 80
0x00007ffa7c4aec83:   80 00 00 00 48 8b 42 18 8b 88 40 0b 00 00 41 89
0x00007ffa7c4aec93:   88 84 00 00 00 48 8b 42 18 8b 88 44 0b 00 00 41
0x00007ffa7c4aeca3:   89 88 88 00 00 00 48 8b 42 18 8b 88 48 0b 00 00
0x00007ffa7c4aecb3:   41 89 88 8c 00 00 00 48 8b 42 18 8b 88 4c 0b 00
0x00007ffa7c4aecc3:   00 41 89 88 90 00 00 00 48 8b 42 18 8b 88 50 0b
0x00007ffa7c4aecd3:   00 00 41 89 88 94 00 00 00 48 8b 42 18 8b 88 54 


Stack slot to memory mapping:
stack at sp + 0 slots: 0x00007ffa7c4ac31b ig9icd64.dll
stack at sp + 1 slots: 0x0000000000000001 is an unknown value
stack at sp + 2 slots: 0x0 is NULL
stack at sp + 3 slots: 0x000001bfd1a33d00 points into unknown readable memory: 0x0000000000000000 | 00 00 00 00 00 00 00 00
stack at sp + 4 slots: 0x00007ffaf6782622 igdgmm64.dll
stack at sp + 5 slots: 0x0000003300000065 is an unknown value
stack at sp + 6 slots: 0x000000330a6fcd40 is pointing into the stack for thread: 0x000001bfcdcdf340
stack at sp + 7 slots: 0x0 is NULL


---------------  P R O C E S S  ---------------

Threads class SMR info:
_java_thread_list=0x000001bfd118b280, length=28, elements={
0x000001bfaa842050, 0x000001bfcd042170, 0x000001bfcd043170, 0x000001bfcd077130,
0x000001bfcd077bf0, 0x000001bfcd07abd0, 0x000001bfcd07b490, 0x000001bfcd07c080,
0x000001bfcd09c520, 0x000001bfcd09da10, 0x000001bfcd24d4a0, 0x000001bfcd636b00,
0x000001bfcd623b90, 0x000001bfcda5f290, 0x000001bfcda5fb30, 0x000001bfcda603d0,
0x000001bfcdcdf340, 0x000001bfce165630, 0x000001bfce279780, 0x000001bfce2af9c0,
0x000001bfce2af020, 0x000001bfd0ec8960, 0x000001bfd0ecf340, 0x000001bfd0ec9ca0,
0x000001bfd0ec7fc0, 0x000001bfd0ecee70, 0x000001bfd0ec7af0, 0x000001bfd0ecdb30
}

Java Threads: ( => current thread )
  0x000001bfaa842050 JavaThread "main" [_thread_blocked, id=3088, stack(0x0000003308b00000,0x0000003308c00000)]
  0x000001bfcd042170 JavaThread "Reference Handler" daemon [_thread_blocked, id=14244, stack(0x0000003309200000,0x0000003309300000)]
  0x000001bfcd043170 JavaThread "Finalizer" daemon [_thread_blocked, id=13228, stack(0x0000003309300000,0x0000003309400000)]
  0x000001bfcd077130 JavaThread "Signal Dispatcher" daemon [_thread_blocked, id=14220, stack(0x0000003309400000,0x0000003309500000)]
  0x000001bfcd077bf0 JavaThread "Attach Listener" daemon [_thread_blocked, id=3000, stack(0x0000003309500000,0x0000003309600000)]
  0x000001bfcd07abd0 JavaThread "Service Thread" daemon [_thread_blocked, id=8440, stack(0x0000003309600000,0x0000003309700000)]
  0x000001bfcd07b490 JavaThread "Monitor Deflation Thread" daemon [_thread_blocked, id=10108, stack(0x0000003309700000,0x0000003309800000)]
  0x000001bfcd07c080 JavaThread "C2 CompilerThread0" daemon [_thread_blocked, id=10528, stack(0x0000003309800000,0x0000003309900000)]
  0x000001bfcd09c520 JavaThread "C1 CompilerThread0" daemon [_thread_blocked, id=3592, stack(0x0000003309900000,0x0000003309a00000)]
  0x000001bfcd09da10 JavaThread "Sweeper thread" daemon [_thread_blocked, id=10064, stack(0x0000003309a00000,0x0000003309b00000)]
  0x000001bfcd24d4a0 JavaThread "Common-Cleaner" daemon [_thread_blocked, id=13260, stack(0x0000003309b00000,0x0000003309c00000)]
  0x000001bfcd636b00 JavaThread "Monitor Ctrl-Break" daemon [_thread_in_native, id=8004, stack(0x0000003309d00000,0x0000003309e00000)]
  0x000001bfcd623b90 JavaThread "Notification Thread" daemon [_thread_blocked, id=9576, stack(0x0000003309e00000,0x0000003309f00000)]
  0x000001bfcda5f290 JavaThread "Java2D Disposer" daemon [_thread_blocked, id=12808, stack(0x000000330a300000,0x000000330a400000)]
  0x000001bfcda5fb30 JavaThread "AWT-Shutdown" [_thread_blocked, id=4252, stack(0x000000330a400000,0x000000330a500000)]
  0x000001bfcda603d0 JavaThread "AWT-Windows" daemon [_thread_in_native, id=15964, stack(0x000000330a500000,0x000000330a600000)]
=>0x000001bfcdcdf340 JavaThread "AWT-EventQueue-0" [_thread_in_native, id=7828, stack(0x000000330a600000,0x000000330a700000)]
  0x000001bfce165630 JavaThread "Reference Cleaner" daemon [_thread_blocked, id=12068, stack(0x000000330a700000,0x000000330a800000)]
  0x000001bfce279780 JavaThread "DefaultDispatcher-worker-1" daemon [_thread_blocked, id=8436, stack(0x000000330a800000,0x000000330a900000)]
  0x000001bfce2af9c0 JavaThread "DefaultDispatcher-worker-2" daemon [_thread_blocked, id=9848, stack(0x000000330a900000,0x000000330aa00000)]
  0x000001bfce2af020 JavaThread "kotlinx.coroutines.DefaultExecutor" daemon [_thread_blocked, id=10056, stack(0x000000330ab00000,0x000000330ac00000)]
  0x000001bfd0ec8960 JavaThread "TimerQueue" daemon [_thread_blocked, id=8228, stack(0x0000003309c00000,0x0000003309d00000)]
  0x000001bfd0ecf340 JavaThread "RealmFinalizingDaemon" daemon [_thread_blocked, id=11840, stack(0x000000330b200000,0x000000330b300000)]
  0x000001bfd0ec9ca0 JavaThread "core-notifier" daemon [_thread_in_native, id=13568, stack(0x000000330b400000,0x000000330b500000)]
  0x000001bfd0ec7fc0 JavaThread "DefaultDispatcher-worker-4" daemon [_thread_blocked, id=4552, stack(0x000000330b700000,0x000000330b800000)]
  0x000001bfd0ecee70 JavaThread "DefaultDispatcher-worker-3" daemon [_thread_blocked, id=12872, stack(0x000000330b800000,0x000000330b900000)]
  0x000001bfd0ec7af0 JavaThread "SIGINT handler" daemon [_thread_blocked, id=16108, stack(0x0000003308800000,0x0000003308900000)]
  0x000001bfd0ecdb30 JavaThread "ToolkitShutdown" daemon [_thread_in_native, id=13208, stack(0x000000330aa00000,0x000000330ab00000)]

Other Threads:
  0x000001bfcd040020 VMThread "VM Thread" [stack: 0x0000003309100000,0x0000003309200000] [id=9264]
  0x000001bfcd5395c0 WatcherThread [stack: 0x0000003309f00000,0x000000330a000000] [id=8872]
  0x000001bfaa8ac130 GCTaskThread "GC Thread#0" [stack: 0x0000003308c00000,0x0000003308d00000] [id=11200]
  0x000001bfcd8f6500 GCTaskThread "GC Thread#1" [stack: 0x000000330a000000,0x000000330a100000] [id=14864]
  0x000001bfcd8f67b0 GCTaskThread "GC Thread#2" [stack: 0x000000330a100000,0x000000330a200000] [id=7964]
  0x000001bfcda375d0 GCTaskThread "GC Thread#3" [stack: 0x000000330a200000,0x000000330a300000] [id=4636]
  0x000001bfa884df40 ConcurrentGCThread "G1 Main Marker" [stack: 0x0000003308d00000,0x0000003308e00000] [id=9744]
  0x000001bfa884e860 ConcurrentGCThread "G1 Conc#0" [stack: 0x0000003308e00000,0x0000003308f00000] [id=1956]
  0x000001bfc8a5e530 ConcurrentGCThread "G1 Refine#0" [stack: 0x0000003308f00000,0x0000003309000000] [id=14472]
  0x000001bfc8a5ec00 ConcurrentGCThread "G1 Service" [stack: 0x0000003309000000,0x0000003309100000] [id=2144]

Threads with active compile tasks:

VM state: not at safepoint (normal execution)

VM Mutex/Monitor currently owned by a thread: None

Heap address: 0x0000000702600000, size: 4058 MB, Compressed Oops mode: Zero based, Oop shift amount: 3

CDS archive(s) not mapped
Compressed class space mapped at: 0x0000000800000000-0x0000000840000000, reserved size: 1073741824
Narrow klass base: 0x0000000800000000, Narrow klass shift: 0, Narrow klass range: 0x40000000

GC Precious Log:
 CPUs: 4 total, 4 available
 Memory: 16224M
 Large Page Support: Disabled
 NUMA Support: Disabled
 Compressed Oops: Enabled (Zero based)
 Heap Region Size: 2M
 Heap Min Capacity: 8M
 Heap Initial Capacity: 254M
 Heap Max Capacity: 4058M
 Pre-touch: Disabled
 Parallel Workers: 4
 Concurrent Workers: 1
 Concurrent Refinement Workers: 4
 Periodic GC: Disabled

Heap:
 garbage-first heap   total 90112K, used 25581K [0x0000000702600000, 0x0000000800000000)
  region size 2048K, 2 young (4096K), 0 survivors (0K)
 Metaspace       used 43178K, committed 43456K, reserved 1114112K
  class space    used 4651K, committed 4800K, reserved 1048576K

Heap Regions: E=young(eden), S=young(survivor), O=old, HS=humongous(starts), HC=humongous(continues), CS=collection set, F=free, OA=open archive, CA=closed archive, TAMS=top-at-mark-start (previous, next)
|   0|0x0000000702600000, 0x0000000702800000, 0x0000000702800000|100%|HS|  |TAMS 0x0000000702800000, 0x0000000702600000| Untracked 
|   1|0x0000000702800000, 0x0000000702a00000, 0x0000000702a00000|100%| O|  |TAMS 0x0000000702a00000, 0x0000000702800000| Untracked 
|   2|0x0000000702a00000, 0x0000000702c00000, 0x0000000702c00000|100%| O|  |TAMS 0x0000000702c00000, 0x0000000702a00000| Untracked 
|   3|0x0000000702c00000, 0x0000000702dffff0, 0x0000000702e00000| 99%| O|  |TAMS 0x0000000702dffff0, 0x0000000702c00000| Untracked 
|   4|0x0000000702e00000, 0x0000000703000000, 0x0000000703000000|100%| O|  |TAMS 0x0000000703000000, 0x0000000702e00000| Untracked 
|   5|0x0000000703000000, 0x00000007031e1118, 0x0000000703200000| 93%| O|  |TAMS 0x0000000703000000, 0x0000000703000000| Untracked 
|   6|0x0000000703200000, 0x00000007033fd4f0, 0x0000000703400000| 99%| O|  |TAMS 0x00000007033fd4f0, 0x0000000703200000| Untracked 
|   7|0x0000000703400000, 0x0000000703512c28, 0x0000000703600000| 53%| O|  |TAMS 0x0000000703400000, 0x0000000703400000| Untracked 
|   8|0x0000000703600000, 0x0000000703600000, 0x0000000703800000|  0%| F|  |TAMS 0x0000000703600000, 0x0000000703600000| Untracked 
|   9|0x0000000703800000, 0x000000070380a2e8, 0x0000000703a00000|  1%| O|  |TAMS 0x0000000703800000, 0x0000000703800000| Untracked 
|  10|0x0000000703a00000, 0x0000000703c00000, 0x0000000703c00000|100%|HS|  |TAMS 0x0000000703c00000, 0x0000000703a00000| Untracked 
|  11|0x0000000703c00000, 0x0000000703e00000, 0x0000000703e00000|100%|HC|  |TAMS 0x0000000703e00000, 0x0000000703c00000| Untracked 
|  12|0x0000000703e00000, 0x0000000704000000, 0x0000000704000000|100%|HC|  |TAMS 0x0000000704000000, 0x0000000703e00000| Untracked 
|  13|0x0000000704000000, 0x0000000704200000, 0x0000000704200000|100%|HC|  |TAMS 0x0000000704200000, 0x0000000704000000| Untracked 
|  14|0x0000000704200000, 0x0000000704200000, 0x0000000704400000|  0%| F|  |TAMS 0x0000000704200000, 0x0000000704200000| Untracked 
|  15|0x0000000704400000, 0x0000000704400000, 0x0000000704600000|  0%| F|  |TAMS 0x0000000704400000, 0x0000000704400000| Untracked 
|  16|0x0000000704600000, 0x0000000704600000, 0x0000000704800000|  0%| F|  |TAMS 0x0000000704600000, 0x0000000704600000| Untracked 
|  17|0x0000000704800000, 0x0000000704800000, 0x0000000704a00000|  0%| F|  |TAMS 0x0000000704800000, 0x0000000704800000| Untracked 
|  18|0x0000000704a00000, 0x0000000704a00000, 0x0000000704c00000|  0%| F|  |TAMS 0x0000000704a00000, 0x0000000704a00000| Untracked 
|  19|0x0000000704c00000, 0x0000000704c00000, 0x0000000704e00000|  0%| F|  |TAMS 0x0000000704c00000, 0x0000000704c00000| Untracked 
|  20|0x0000000704e00000, 0x0000000704e00000, 0x0000000705000000|  0%| F|  |TAMS 0x0000000704e00000, 0x0000000704e00000| Untracked 
|  21|0x0000000705000000, 0x0000000705000000, 0x0000000705200000|  0%| F|  |TAMS 0x0000000705000000, 0x0000000705000000| Untracked 
|  22|0x0000000705200000, 0x0000000705200000, 0x0000000705400000|  0%| F|  |TAMS 0x0000000705200000, 0x0000000705200000| Untracked 
|  23|0x0000000705400000, 0x0000000705400000, 0x0000000705600000|  0%| F|  |TAMS 0x0000000705400000, 0x0000000705400000| Untracked 
|  24|0x0000000705600000, 0x0000000705600000, 0x0000000705800000|  0%| F|  |TAMS 0x0000000705600000, 0x0000000705600000| Untracked 
|  25|0x0000000705800000, 0x0000000705800000, 0x0000000705a00000|  0%| F|  |TAMS 0x0000000705800000, 0x0000000705800000| Untracked 
|  26|0x0000000705a00000, 0x0000000705a00000, 0x0000000705c00000|  0%| F|  |TAMS 0x0000000705a00000, 0x0000000705a00000| Untracked 
|  27|0x0000000705c00000, 0x0000000705c00000, 0x0000000705e00000|  0%| F|  |TAMS 0x0000000705c00000, 0x0000000705c00000| Untracked 
|  28|0x0000000705e00000, 0x0000000705e00000, 0x0000000706000000|  0%| F|  |TAMS 0x0000000705e00000, 0x0000000705e00000| Untracked 
|  29|0x0000000706000000, 0x0000000706000000, 0x0000000706200000|  0%| F|  |TAMS 0x0000000706000000, 0x0000000706000000| Untracked 
|  30|0x0000000706200000, 0x0000000706200000, 0x0000000706400000|  0%| F|  |TAMS 0x0000000706200000, 0x0000000706200000| Untracked 
|  31|0x0000000706400000, 0x0000000706400000, 0x0000000706600000|  0%| F|  |TAMS 0x0000000706400000, 0x0000000706400000| Untracked 
|  32|0x0000000706600000, 0x0000000706600000, 0x0000000706800000|  0%| F|  |TAMS 0x0000000706600000, 0x0000000706600000| Untracked 
|  33|0x0000000706800000, 0x0000000706800000, 0x0000000706a00000|  0%| F|  |TAMS 0x0000000706800000, 0x0000000706800000| Untracked 
|  34|0x0000000706a00000, 0x0000000706a00000, 0x0000000706c00000|  0%| F|  |TAMS 0x0000000706a00000, 0x0000000706a00000| Untracked 
|  35|0x0000000706c00000, 0x0000000706c00000, 0x0000000706e00000|  0%| F|  |TAMS 0x0000000706c00000, 0x0000000706c00000| Untracked 
|  36|0x0000000706e00000, 0x0000000706e00000, 0x0000000707000000|  0%| F|  |TAMS 0x0000000706e00000, 0x0000000706e00000| Untracked 
|  37|0x0000000707000000, 0x0000000707000000, 0x0000000707200000|  0%| F|  |TAMS 0x0000000707000000, 0x0000000707000000| Untracked 
|  38|0x0000000707200000, 0x0000000707200000, 0x0000000707400000|  0%| F|  |TAMS 0x0000000707200000, 0x0000000707200000| Untracked 
|  39|0x0000000707400000, 0x0000000707400000, 0x0000000707600000|  0%| F|  |TAMS 0x0000000707400000, 0x0000000707400000| Untracked 
|  40|0x0000000707600000, 0x0000000707600000, 0x0000000707800000|  0%| F|  |TAMS 0x0000000707600000, 0x0000000707600000| Untracked 
|  41|0x0000000707800000, 0x0000000707800000, 0x0000000707a00000|  0%| F|  |TAMS 0x0000000707800000, 0x0000000707800000| Untracked 
|  42|0x0000000707a00000, 0x0000000707aaf068, 0x0000000707c00000| 34%| E|  |TAMS 0x0000000707a00000, 0x0000000707a00000| Complete 
|  43|0x0000000707c00000, 0x0000000707e00000, 0x0000000707e00000|100%| E|CS|TAMS 0x0000000707c00000, 0x0000000707c00000| Complete 

Card table byte_map: [0x000001bfbd7e0000,0x000001bfbdfd0000] _byte_map_base: 0x000001bfb9fcd000

Marking Bits (Prev, Next): (CMBitMap*) 0x000001bfaa8ad6a0, (CMBitMap*) 0x000001bfaa8ad660
 Prev Bits: [0x000001bfc2730000, 0x000001bfc6698000)
 Next Bits: [0x000001bfbe7c0000, 0x000001bfc2728000)

Polling page: 0x000001bfa9ff0000

Metaspace:

Usage:
  Non-class:     37.62 MB used.
      Class:      4.54 MB used.
       Both:     42.17 MB used.

Virtual space:
  Non-class space:       64.00 MB reserved,      37.75 MB ( 59%) committed,  1 nodes.
      Class space:        1.00 GB reserved,       4.69 MB ( <1%) committed,  1 nodes.
             Both:        1.06 GB reserved,      42.44 MB (  4%) committed. 

Chunk freelists:
   Non-Class:  9.80 MB
       Class:  11.28 MB
        Both:  21.08 MB

MaxMetaspaceSize: unlimited
CompressedClassSpaceSize: 1.00 GB
Initial GC threshold: 21.00 MB
Current GC threshold: 70.62 MB
CDS: off
MetaspaceReclaimPolicy: balanced
 - commit_granule_bytes: 65536.
 - commit_granule_words: 8192.
 - virtual_space_node_default_size: 8388608.
 - enlarge_chunks_in_place: 1.
 - new_chunks_are_fully_committed: 0.
 - uncommit_free_chunks: 1.
 - use_allocation_guard: 0.
 - handle_deallocations: 1.


Internal statistics:

num_allocs_failed_limit: 6.
num_arena_births: 226.
num_arena_deaths: 0.
num_vsnodes_births: 2.
num_vsnodes_deaths: 0.
num_space_committed: 679.
num_space_uncommitted: 0.
num_chunks_returned_to_freelist: 6.
num_chunks_taken_from_freelist: 1115.
num_chunk_merges: 3.
num_chunk_splits: 960.
num_chunks_enlarged: 876.
num_inconsistent_stats: 0.

CodeHeap 'non-profiled nmethods': size=120000Kb used=4043Kb max_used=4043Kb free=115957Kb
 bounds [0x000001bfb5ac0000, 0x000001bfb5ec0000, 0x000001bfbcff0000]
CodeHeap 'profiled nmethods': size=120000Kb used=8158Kb max_used=9079Kb free=111841Kb
 bounds [0x000001bfadff0000, 0x000001bfae8d0000, 0x000001bfb5520000]
CodeHeap 'non-nmethods': size=5760Kb used=1847Kb max_used=1935Kb free=3912Kb
 bounds [0x000001bfb5520000, 0x000001bfb5790000, 0x000001bfb5ac0000]
 total_blobs=5989 nmethods=4670 adapters=1230
 compilation: enabled
              stopped_count=0, restarted_count=0
 full_count=0

Compilation events (20 events):
Event: 89.549 Thread 0x000001bfcd07c080 5448       4       java.awt.EventQueue::dispatchEvent (80 bytes)
Event: 89.556 Thread 0x000001bfcd09c520 5450       3       androidx.compose.foundation.Background::draw (36 bytes)
Event: 89.557 Thread 0x000001bfcd09c520 nmethod 5450 0x000001bfae308710 code [0x000001bfae308960, 0x000001bfae3090c8]
Event: 89.576 Thread 0x000001bfcd09c520 5451       2       java.awt.EventQueue$3::run (5 bytes)
Event: 89.576 Thread 0x000001bfcd09c520 nmethod 5451 0x000001bfae308110 code [0x000001bfae3082a0, 0x000001bfae3083c8]
Event: 89.589 Thread 0x000001bfcd09c520 5453       3       org.jetbrains.skia.Path$_FinalizerHolder::getPTR (4 bytes)
Event: 89.590 Thread 0x000001bfcd09c520 nmethod 5453 0x000001bfae7c3d10 code [0x000001bfae7c3ea0, 0x000001bfae7c3fb8]
Event: 89.595 Thread 0x000001bfcd07c080 nmethod 5448 0x000001bfb5eaec10 code [0x000001bfb5eaef20, 0x000001bfb5eb0998]
Event: 89.595 Thread 0x000001bfcd07c080 5449       4       java.awt.AWTEvent::getAccessControlContext (22 bytes)
Event: 89.596 Thread 0x000001bfcd07c080 nmethod 5449 0x000001bfb5eb1b10 code [0x000001bfb5eb1c80, 0x000001bfb5eb1d18]
Event: 89.609 Thread 0x000001bfcd09c520 5454       3       org.jetbrains.skia.svg.SVGLength::<init> (21 bytes)
Event: 89.611 Thread 0x000001bfcd09c520 nmethod 5454 0x000001bfae4f9310 code [0x000001bfae4f9520, 0x000001bfae4f9bb8]
Event: 89.619 Thread 0x000001bfcd09c520 5455       3       kotlinx.coroutines.JobSupport$Finishing::getRootCause (8 bytes)
Event: 89.619 Thread 0x000001bfcd09c520 nmethod 5455 0x000001bfae7c3890 code [0x000001bfae7c3a20, 0x000001bfae7c3c38]
Event: 90.342 Thread 0x000001bfcd07c080 5456       4       kotlin.coroutines.jvm.internal.RestrictedContinuationImpl::<init> (69 bytes)
Event: 90.345 Thread 0x000001bfcd07c080 nmethod 5456 0x000001bfb5eb1e10 code [0x000001bfb5eb1fa0, 0x000001bfb5eb2158]
Event: 90.555 Thread 0x000001bfcd07c080 5457       4       androidx.compose.ui.layout.Placeable::getMeasuredHeight (8 bytes)
Event: 90.555 Thread 0x000001bfcd07c080 nmethod 5457 0x000001bfb5eb2210 code [0x000001bfb5eb2380, 0x000001bfb5eb23f8]
Event: 90.838 Thread 0x000001bfcd07c080 5458       4       kotlinx.coroutines.scheduling.CoroutineScheduler::parkedWorkersStackPush (121 bytes)
Event: 90.841 Thread 0x000001bfcd07c080 nmethod 5458 0x000001bfb5eb2510 code [0x000001bfb5eb26a0, 0x000001bfb5eb2958]

GC Heap History (20 events):
Event: 8.041 GC heap before
{Heap before GC invocations=6 (full 0):
 garbage-first heap   total 49152K, used 35607K [0x0000000702600000, 0x0000000800000000)
  region size 2048K, 10 young (20480K), 1 survivors (2048K)
 Metaspace       used 32015K, committed 32320K, reserved 1114112K
  class space    used 3422K, committed 3584K, reserved 1048576K
}
Event: 8.043 GC heap after
{Heap after GC invocations=7 (full 0):
 garbage-first heap   total 49152K, used 17493K [0x0000000702600000, 0x0000000800000000)
  region size 2048K, 1 young (2048K), 1 survivors (2048K)
 Metaspace       used 32015K, committed 32320K, reserved 1114112K
  class space    used 3422K, committed 3584K, reserved 1048576K
}
Event: 8.351 GC heap before
{Heap before GC invocations=7 (full 0):
 garbage-first heap   total 49152K, used 33877K [0x0000000702600000, 0x0000000800000000)
  region size 2048K, 9 young (18432K), 1 survivors (2048K)
 Metaspace       used 34599K, committed 34880K, reserved 1114112K
  class space    used 3753K, committed 3904K, reserved 1048576K
}
Event: 8.354 GC heap after
{Heap after GC invocations=8 (full 0):
 garbage-first heap   total 49152K, used 18630K [0x0000000702600000, 0x0000000800000000)
  region size 2048K, 2 young (4096K), 2 survivors (4096K)
 Metaspace       used 34599K, committed 34880K, reserved 1114112K
  class space    used 3753K, committed 3904K, reserved 1048576K
}
Event: 8.484 GC heap before
{Heap before GC invocations=8 (full 0):
 garbage-first heap   total 49152K, used 24774K [0x0000000702600000, 0x0000000800000000)
  region size 2048K, 6 young (12288K), 2 survivors (4096K)
 Metaspace       used 35743K, committed 35968K, reserved 1114112K
  class space    used 3910K, committed 3968K, reserved 1048576K
}
Event: 8.487 GC heap after
{Heap after GC invocations=9 (full 0):
 garbage-first heap   total 49152K, used 19594K [0x0000000702600000, 0x0000000800000000)
  region size 2048K, 2 young (4096K), 2 survivors (4096K)
 Metaspace       used 35743K, committed 35968K, reserved 1114112K
  class space    used 3910K, committed 3968K, reserved 1048576K
}
Event: 8.805 GC heap before
{Heap before GC invocations=10 (full 0):
 garbage-first heap   total 49152K, used 33930K [0x0000000702600000, 0x0000000800000000)
  region size 2048K, 9 young (18432K), 2 survivors (4096K)
 Metaspace       used 39401K, committed 39680K, reserved 1114112K
  class space    used 4333K, committed 4416K, reserved 1048576K
}
Event: 8.809 GC heap after
{Heap after GC invocations=11 (full 0):
 garbage-first heap   total 49152K, used 20201K [0x0000000702600000, 0x0000000800000000)
  region size 2048K, 2 young (4096K), 2 survivors (4096K)
 Metaspace       used 39401K, committed 39680K, reserved 1114112K
  class space    used 4333K, committed 4416K, reserved 1048576K
}
Event: 9.189 GC heap before
{Heap before GC invocations=11 (full 0):
 garbage-first heap   total 49152K, used 32489K [0x0000000702600000, 0x0000000800000000)
  region size 2048K, 9 young (18432K), 2 survivors (4096K)
 Metaspace       used 41808K, committed 42048K, reserved 1114112K
  class space    used 4626K, committed 4736K, reserved 1048576K
}
Event: 9.194 GC heap after
{Heap after GC invocations=12 (full 0):
 garbage-first heap   total 155648K, used 20943K [0x0000000702600000, 0x0000000800000000)
  region size 2048K, 2 young (4096K), 2 survivors (4096K)
 Metaspace       used 41808K, committed 42048K, reserved 1114112K
  class space    used 4626K, committed 4736K, reserved 1048576K
}
Event: 31.383 GC heap before
{Heap before GC invocations=12 (full 0):
 garbage-first heap   total 155648K, used 74191K [0x0000000702600000, 0x0000000800000000)
  region size 2048K, 25 young (51200K), 2 survivors (4096K)
 Metaspace       used 42714K, committed 42944K, reserved 1114112K
  class space    used 4642K, committed 4736K, reserved 1048576K
}
Event: 31.425 GC heap after
{Heap after GC invocations=13 (full 1):
 garbage-first heap   total 90112K, used 23408K [0x0000000702600000, 0x0000000800000000)
  region size 2048K, 0 young (0K), 0 survivors (0K)
 Metaspace       used 42714K, committed 42944K, reserved 1114112K
  class space    used 4642K, committed 4736K, reserved 1048576K
}
Event: 53.913 GC heap before
{Heap before GC invocations=13 (full 1):
 garbage-first heap   total 90112K, used 66416K [0x0000000702600000, 0x0000000800000000)
  region size 2048K, 21 young (43008K), 0 survivors (0K)
 Metaspace       used 42895K, committed 43136K, reserved 1114112K
  class space    used 4647K, committed 4736K, reserved 1048576K
}
Event: 53.914 GC heap after
{Heap after GC invocations=14 (full 1):
 garbage-first heap   total 90112K, used 23921K [0x0000000702600000, 0x0000000800000000)
  region size 2048K, 1 young (2048K), 1 survivors (2048K)
 Metaspace       used 42895K, committed 43136K, reserved 1114112K
  class space    used 4647K, committed 4736K, reserved 1048576K
}
Event: 61.436 GC heap before
{Heap before GC invocations=14 (full 1):
 garbage-first heap   total 90112K, used 38257K [0x0000000702600000, 0x0000000800000000)
  region size 2048K, 9 young (18432K), 1 survivors (2048K)
 Metaspace       used 42961K, committed 43136K, reserved 1114112K
  class space    used 4647K, committed 4736K, reserved 1048576K
}
Event: 61.461 GC heap after
{Heap after GC invocations=15 (full 2):
 garbage-first heap   total 90112K, used 23506K [0x0000000702600000, 0x0000000800000000)
  region size 2048K, 0 young (0K), 0 survivors (0K)
 Metaspace       used 42961K, committed 43136K, reserved 1114112K
  class space    used 4647K, committed 4736K, reserved 1048576K
}
Event: 86.658 GC heap before
{Heap before GC invocations=15 (full 2):
 garbage-first heap   total 90112K, used 70610K [0x0000000702600000, 0x0000000800000000)
  region size 2048K, 23 young (47104K), 0 survivors (0K)
 Metaspace       used 43092K, committed 43392K, reserved 1114112K
  class space    used 4648K, committed 4800K, reserved 1048576K
}
Event: 86.660 GC heap after
{Heap after GC invocations=16 (full 2):
 garbage-first heap   total 90112K, used 23635K [0x0000000702600000, 0x0000000800000000)
  region size 2048K, 1 young (2048K), 1 survivors (2048K)
 Metaspace       used 43092K, committed 43392K, reserved 1114112K
  class space    used 4648K, committed 4800K, reserved 1048576K
}
Event: 91.470 GC heap before
{Heap before GC invocations=16 (full 2):
 garbage-first heap   total 90112K, used 31827K [0x0000000702600000, 0x0000000800000000)
  region size 2048K, 6 young (12288K), 1 survivors (2048K)
 Metaspace       used 43155K, committed 43392K, reserved 1114112K
  class space    used 4648K, committed 4800K, reserved 1048576K
}
Event: 91.489 GC heap after
{Heap after GC invocations=17 (full 3):
 garbage-first heap   total 90112K, used 23533K [0x0000000702600000, 0x0000000800000000)
  region size 2048K, 0 young (0K), 0 survivors (0K)
 Metaspace       used 43155K, committed 43392K, reserved 1114112K
  class space    used 4648K, committed 4800K, reserved 1048576K
}

Dll operation events (3 events):
Event: 0.008 Loaded shared library C:\Users\HP\.jdks\jbr-17.0.7-1\bin\java.dll
Event: 0.041 Loaded shared library C:\Users\HP\.jdks\jbr-17.0.7-1\bin\jsvml.dll
Event: 0.231 Loaded shared library C:\Users\HP\.jdks\jbr-17.0.7-1\bin\zip.dll

Deoptimization events (20 events):
Event: 89.204 Thread 0x000001bfcdcdf340 Uncommon trap: trap_request=0xffffffde fr.pc=0x000001bfb5bd4e20 relative=0x00000000000000a0
Event: 89.204 Thread 0x000001bfcdcdf340 Uncommon trap: reason=class_check action=maybe_recompile pc=0x000001bfb5bd4e20 method=kotlin.coroutines.jvm.internal.RestrictedContinuationImpl.<init>(Lkotlin/coroutines/Continuation;)V @ 18 c2
Event: 89.204 Thread 0x000001bfcdcdf340 DEOPT PACKING pc=0x000001bfb5bd4e20 sp=0x000000330a6fe4b0
Event: 89.204 Thread 0x000001bfcdcdf340 DEOPT UNPACKING pc=0x000001bfb55769a3 sp=0x000000330a6fe428 mode 2
Event: 89.378 Thread 0x000001bfcdcdf340 Uncommon trap: trap_request=0xffffffde fr.pc=0x000001bfb5d1e800 relative=0x00000000000012a0
Event: 89.378 Thread 0x000001bfcdcdf340 Uncommon trap: reason=class_check action=maybe_recompile pc=0x000001bfb5d1e800 method=java.awt.EventQueue.setCurrentEventAndMostRecentTimeImpl(Ljava/awt/AWTEvent;)V @ 157 c2
Event: 89.378 Thread 0x000001bfcdcdf340 DEOPT PACKING pc=0x000001bfb5d1e800 sp=0x000000330a6ff020
Event: 89.378 Thread 0x000001bfcdcdf340 DEOPT UNPACKING pc=0x000001bfb55769a3 sp=0x000000330a6fecc0 mode 2
Event: 89.378 Thread 0x000001bfcdcdf340 Uncommon trap: trap_request=0xffffffc6 fr.pc=0x000001bfb5d034a0 relative=0x0000000000000080
Event: 89.378 Thread 0x000001bfcdcdf340 Uncommon trap: reason=bimorphic_or_optimized_type_check action=maybe_recompile pc=0x000001bfb5d034a0 method=java.util.AbstractCollection.isEmpty()Z @ 1 c2
Event: 89.378 Thread 0x000001bfcdcdf340 DEOPT PACKING pc=0x000001bfb5d034a0 sp=0x000000330a6fe6b0
Event: 89.378 Thread 0x000001bfcdcdf340 DEOPT UNPACKING pc=0x000001bfb55769a3 sp=0x000000330a6fe640 mode 2
Event: 89.430 Thread 0x000001bfcdcdf340 Uncommon trap: trap_request=0xffffffde fr.pc=0x000001bfb5bd8948 relative=0x0000000000000aa8
Event: 89.430 Thread 0x000001bfcdcdf340 Uncommon trap: reason=class_check action=maybe_recompile pc=0x000001bfb5bd8948 method=java.awt.EventQueue.dispatchEventImpl(Ljava/awt/AWTEvent;Ljava/lang/Object;)V @ 18 c2
Event: 89.430 Thread 0x000001bfcdcdf340 DEOPT PACKING pc=0x000001bfb5bd8948 sp=0x000000330a6feec0
Event: 89.430 Thread 0x000001bfcdcdf340 DEOPT UNPACKING pc=0x000001bfb55769a3 sp=0x000000330a6fedd8 mode 2
Event: 91.789 Thread 0x000001bfd0ecc320 Uncommon trap: trap_request=0xffffff5c fr.pc=0x000001bfb5ea2000 relative=0x0000000000000300
Event: 91.789 Thread 0x000001bfd0ecc320 Uncommon trap: reason=speculate_null_check action=make_not_entrant pc=0x000001bfb5ea2000 method=java.util.concurrent.locks.AbstractQueuedSynchronizer.enqueue(Ljava/util/concurrent/locks/AbstractQueuedSynchronizer$Node;)V @ 15 c2
Event: 91.789 Thread 0x000001bfd0ecc320 DEOPT PACKING pc=0x000001bfb5ea2000 sp=0x0000003308afe5b0
Event: 91.789 Thread 0x000001bfd0ecc320 DEOPT UNPACKING pc=0x000001bfb55769a3 sp=0x0000003308afe568 mode 2

Classes unloaded (0 events):
No events

Classes redefined (0 events):
No events

Internal exceptions (20 events):
Event: 1.644 Thread 0x000001bfcdcdf340 Exception <a 'java/lang/NoSuchMethodError'{0x0000000710cb4628}: 'void java.lang.invoke.DirectMethodHandle$Holder.invokeStatic(java.lang.Object, java.lang.Object, java.lang.Object)'> (0x0000000710cb4628) 
thrown [s\src\hotspot\share\interpreter\linkResolver.cpp, line 771]
Event: 1.723 Thread 0x000001bfcdcdf340 Exception <a 'java/lang/NoSuchMethodError'{0x0000000710b3b9b0}: 'java.lang.Object java.lang.invoke.DirectMethodHandle$Holder.newInvokeSpecial(java.lang.Object, java.lang.Object, int, int)'> (0x0000000710b3b9b0) 
thrown [s\src\hotspot\share\interpreter\linkResolver.cpp, line 771]
Event: 1.724 Thread 0x000001bfcdcdf340 Exception <a 'java/lang/NoSuchMethodError'{0x0000000710b4ce00}: 'java.lang.Object java.lang.invoke.DirectMethodHandle$Holder.newInvokeSpecial(java.lang.Object, java.lang.Object, int, int, int, int)'> (0x0000000710b4ce00) 
thrown [s\src\hotspot\share\interpreter\linkResolver.cpp, line 771]
Event: 1.754 Thread 0x000001bfcda603d0 Exception <a 'java/lang/NoSuchMethodError'{0x0000000712208500}: 'void java.lang.invoke.DirectMethodHandle$Holder.invokeVirtual(java.lang.Object, java.lang.Object)'> (0x0000000712208500) 
thrown [s\src\hotspot\share\interpreter\linkResolver.cpp, line 771]
Event: 1.864 Thread 0x000001bfcdcdf340 Exception <a 'java/lang/NoSuchMethodError'{0x0000000704edb658}: 'java.lang.Object java.lang.invoke.DirectMethodHandle$Holder.invokeStaticInit(java.lang.Object, java.lang.Object, java.lang.Object, java.lang.Object, java.lang.Object, java.lang.Object, java.lang.Object)'> (0x0000000704edb658) 
thrown [s\src\hotspot\share\interpreter\linkResolver.cpp, line 771]
Event: 1.865 Thread 0x000001bfcdcdf340 Exception <a 'java/lang/NoSuchMethodError'{0x0000000704ee4f38}: 'java.lang.Object java.lang.invoke.DirectMethodHandle$Holder.invokeSpecial(java.lang.Object, java.lang.Object, java.lang.Object, java.lang.Object, java.lang.Object, java.lang.Object, java.lang.Object, java.lang.Object, java.lang.Object, java.lang.Object)'> (0x0000000704ee4f38) 
thrown [s\src\hotspot\share\interpreter\linkResolver.cpp, line 771]
Event: 1.866 Thread 0x000001bfcdcdf340 Exception <a 'java/lang/NoSuchMethodError'{0x0000000704ee97c8}: 'java.lang.Object java.lang.invoke.Invokers$Holder.invoke_MT(java.lang.Object, java.lang.Object, java.lang.Object, java.lang.Object, java.lang.Object, java.lang.Object, java.lang.Object, java.lang.Object, java.lang.Object, java.lang.Object)'> (0x0000000704ee97c8) 
thrown [s\src\hotspot\share\interpreter\linkResolver.cpp, line 771]
Event: 1.868 Thread 0x000001bfcdcdf340 Exception <a 'java/lang/NoSuchMethodError'{0x0000000704eeff10}: 'java.lang.Object java.lang.invoke.DirectMethodHandle$Holder.invokeStatic(java.lang.Object, java.lang.Object, int)'> (0x0000000704eeff10) 
thrown [s\src\hotspot\share\interpreter\linkResolver.cpp, line 771]
Event: 1.872 Thread 0x000001bfcdcdf340 Exception <a 'java/lang/NoSuchMethodError'{0x0000000704f02a78}: 'void java.lang.invoke.DelegatingMethodHandle$Holder.delegate(java.lang.Object, java.lang.Object, int, java.lang.Object)'> (0x0000000704f02a78) 
thrown [s\src\hotspot\share\interpreter\linkResolver.cpp, line 771]
Event: 1.872 Thread 0x000001bfcdcdf340 Exception <a 'java/lang/NoSuchMethodError'{0x0000000704f070b8}: 'int java.lang.invoke.DirectMethodHandle$Holder.invokeSpecial(java.lang.Object, java.lang.Object, java.lang.Object)'> (0x0000000704f070b8) 
thrown [s\src\hotspot\share\interpreter\linkResolver.cpp, line 771]
Event: 1.877 Thread 0x000001bfcdcdf340 Exception <a 'java/lang/NoSuchMethodError'{0x0000000704f27700}: 'int java.lang.invoke.DirectMethodHandle$Holder.invokeVirtual(java.lang.Object, java.lang.Object, java.lang.Object)'> (0x0000000704f27700) 
thrown [s\src\hotspot\share\interpreter\linkResolver.cpp, line 771]
Event: 1.878 Thread 0x000001bfcdcdf340 Exception <a 'java/lang/NoSuchMethodError'{0x0000000704f2b538}: 'int java.lang.invoke.DirectMethodHandle$Holder.invokeVirtual(java.lang.Object, java.lang.Object)'> (0x0000000704f2b538) 
thrown [s\src\hotspot\share\interpreter\linkResolver.cpp, line 771]
Event: 1.879 Thread 0x000001bfcdcdf340 Exception <a 'java/lang/NoSuchMethodError'{0x0000000704f2fd30}: 'int java.lang.invoke.DirectMethodHandle$Holder.invokeStaticInit(java.lang.Object, java.lang.Object, java.lang.Object)'> (0x0000000704f2fd30) 
thrown [s\src\hotspot\share\interpreter\linkResolver.cpp, line 771]
Event: 1.879 Thread 0x000001bfcdcdf340 Exception <a 'java/lang/NoSuchMethodError'{0x0000000704f33bb8}: 'int java.lang.invoke.DirectMethodHandle$Holder.invokeStaticInit(java.lang.Object, int, int)'> (0x0000000704f33bb8) 
thrown [s\src\hotspot\share\interpreter\linkResolver.cpp, line 771]
Event: 1.880 Thread 0x000001bfcdcdf340 Exception <a 'java/lang/NoSuchMethodError'{0x0000000704f3b9f0}: 'int java.lang.invoke.DirectMethodHandle$Holder.invokeStaticInit(java.lang.Object, long, long)'> (0x0000000704f3b9f0) 
thrown [s\src\hotspot\share\interpreter\linkResolver.cpp, line 771]
Event: 1.881 Thread 0x000001bfcdcdf340 Exception <a 'java/lang/NoSuchMethodError'{0x0000000704f42d90}: 'int java.lang.invoke.DirectMethodHandle$Holder.invokeStaticInit(java.lang.Object, float, float)'> (0x0000000704f42d90) 
thrown [s\src\hotspot\share\interpreter\linkResolver.cpp, line 771]
Event: 1.882 Thread 0x000001bfcdcdf340 Exception <a 'java/lang/NoSuchMethodError'{0x0000000704f4a138}: 'int java.lang.invoke.DirectMethodHandle$Holder.invokeStaticInit(java.lang.Object, double, double)'> (0x0000000704f4a138) 
thrown [s\src\hotspot\share\interpreter\linkResolver.cpp, line 771]
Event: 1.883 Thread 0x000001bfcdcdf340 Exception <a 'java/lang/NoSuchMethodError'{0x0000000704f4ec90}: 'int java.lang.invoke.DirectMethodHandle$Holder.invokeStatic(java.lang.Object, long)'> (0x0000000704f4ec90) 
thrown [s\src\hotspot\share\interpreter\linkResolver.cpp, line 771]
Event: 1.887 Thread 0x000001bfcdcdf340 Exception <a 'java/lang/NoSuchMethodError'{0x0000000704f733d8}: 'int java.lang.invoke.Invokers$Holder.linkToTargetMethod(java.lang.Object, java.lang.Object)'> (0x0000000704f733d8) 
thrown [s\src\hotspot\share\interpreter\linkResolver.cpp, line 771]
Event: 8.552 Thread 0x000001bfcdcdf340 Exception <a 'java/lang/NoSuchMethodError'{0x0000000710818df8}: 'java.lang.Object java.lang.invoke.DirectMethodHandle$Holder.newInvokeSpecial(java.lang.Object, int, java.lang.Object)'> (0x0000000710818df8) 
thrown [s\src\hotspot\share\interpreter\linkResolver.cpp, line 771]

VM Operations (20 events):
Event: 77.628 Executing VM operation: Cleanup
Event: 77.628 Executing VM operation: Cleanup done
Event: 78.641 Executing VM operation: Cleanup
Event: 78.641 Executing VM operation: Cleanup done
Event: 80.646 Executing VM operation: Cleanup
Event: 80.647 Executing VM operation: Cleanup done
Event: 81.651 Executing VM operation: Cleanup
Event: 81.651 Executing VM operation: Cleanup done
Event: 82.654 Executing VM operation: Cleanup
Event: 82.654 Executing VM operation: Cleanup done
Event: 86.658 Executing VM operation: G1CollectForAllocation
Event: 86.661 Executing VM operation: G1CollectForAllocation done
Event: 86.948 Executing VM operation: HandshakeAllThreads
Event: 86.948 Executing VM operation: HandshakeAllThreads done
Event: 87.954 Executing VM operation: Cleanup
Event: 87.955 Executing VM operation: Cleanup done
Event: 89.979 Executing VM operation: Cleanup
Event: 89.980 Executing VM operation: Cleanup done
Event: 91.469 Executing VM operation: G1CollectFull
Event: 91.489 Executing VM operation: G1CollectFull done

Events (20 events):
Event: 29.600 Thread 0x000001bfcd09da10 flushing nmethod 0x000001bfae7d7510
Event: 29.600 Thread 0x000001bfcd09da10 flushing nmethod 0x000001bfae7e0a10
Event: 29.600 Thread 0x000001bfcd09da10 flushing nmethod 0x000001bfae7e4190
Event: 29.600 Thread 0x000001bfcd09da10 flushing nmethod 0x000001bfae7e5390
Event: 29.600 Thread 0x000001bfcd09da10 flushing nmethod 0x000001bfae7fb210
Event: 29.600 Thread 0x000001bfcd09da10 flushing nmethod 0x000001bfae806010
Event: 29.600 Thread 0x000001bfcd09da10 flushing nmethod 0x000001bfae808410
Event: 29.600 Thread 0x000001bfcd09da10 flushing nmethod 0x000001bfae811b90
Event: 29.601 Thread 0x000001bfcd09da10 flushing nmethod 0x000001bfae889a10
Event: 29.601 Thread 0x000001bfcd09da10 flushing nmethod 0x000001bfae8b7810
Event: 68.827 Thread 0x000001bfce2ae1b0 Thread exited: 0x000001bfce2ae1b0
Event: 68.827 Thread 0x000001bfd0ec7af0 Thread exited: 0x000001bfd0ec7af0
Event: 86.952 Thread 0x000001bfcd09da10 flushing nmethod 0x000001bfae6a7610
Event: 91.783 loading class jdk/internal/misc/Signal$1
Event: 91.783 loading class jdk/internal/misc/Signal$1 done
Event: 91.783 Thread 0x000001bfd0ec7af0 Thread added: 0x000001bfd0ec7af0
Event: 91.784 Thread 0x000001bfd0ecafe0 Thread added: 0x000001bfd0ecafe0
Event: 91.784 Thread 0x000001bfd0ecc320 Thread added: 0x000001bfd0ecc320
Event: 91.784 Thread 0x000001bfd0ecdb30 Thread added: 0x000001bfd0ecdb30
Event: 91.784 Thread 0x000001bfd0ecafe0 Thread exited: 0x000001bfd0ecafe0


Dynamic libraries:
0x00007ff762bd0000 - 0x00007ff762bda000 	C:\Users\HP\.jdks\jbr-17.0.7-1\bin\java.exe
0x00007ffb07c30000 - 0x00007ffb07e28000 	C:\Windows\SYSTEM32\ntdll.dll
0x00007ffb07050000 - 0x00007ffb0710f000 	C:\Windows\System32\KERNEL32.DLL
0x00007ffb056e0000 - 0x00007ffb059d6000 	C:\Windows\System32\KERNELBASE.dll
0x00007ffb055e0000 - 0x00007ffb056e0000 	C:\Windows\System32\ucrtbase.dll
0x00007ffad9850000 - 0x00007ffad9867000 	C:\Users\HP\.jdks\jbr-17.0.7-1\bin\jli.dll
0x00007ffadbca0000 - 0x00007ffadbcbb000 	C:\Users\HP\.jdks\jbr-17.0.7-1\bin\VCRUNTIME140.dll
0x00007ffb075e0000 - 0x00007ffb0777d000 	C:\Windows\System32\USER32.dll
0x00007ffb059e0000 - 0x00007ffb05a02000 	C:\Windows\System32\win32u.dll
0x00007ffb05c90000 - 0x00007ffb05cbc000 	C:\Windows\System32\GDI32.dll
0x00007ffaee100000 - 0x00007ffaee39a000 	C:\Windows\WinSxS\amd64_microsoft.windows.common-controls_6595b64144ccf1df_6.0.19041.1110_none_60b5254171f9507e\COMCTL32.dll
0x00007ffb05b70000 - 0x00007ffb05c85000 	C:\Windows\System32\gdi32full.dll
0x00007ffb073c0000 - 0x00007ffb0745e000 	C:\Windows\System32\msvcrt.dll
0x00007ffb05540000 - 0x00007ffb055dd000 	C:\Windows\System32\msvcp_win.dll
0x00007ffb06900000 - 0x00007ffb06930000 	C:\Windows\System32\IMM32.DLL
0x00007ffafd350000 - 0x00007ffafd35c000 	C:\Users\HP\.jdks\jbr-17.0.7-1\bin\vcruntime140_1.dll
0x00007ffad13e0000 - 0x00007ffad146d000 	C:\Users\HP\.jdks\jbr-17.0.7-1\bin\msvcp140.dll
0x00007ffad0760000 - 0x00007ffad13e0000 	C:\Users\HP\.jdks\jbr-17.0.7-1\bin\server\jvm.dll
0x00007ffb05df0000 - 0x00007ffb05e9f000 	C:\Windows\System32\ADVAPI32.dll
0x00007ffb07110000 - 0x00007ffb071ac000 	C:\Windows\System32\sechost.dll
0x00007ffb06080000 - 0x00007ffb061a6000 	C:\Windows\System32\RPCRT4.dll
0x00007ffafadf0000 - 0x00007ffafadfa000 	C:\Windows\SYSTEM32\VERSION.dll
0x00007ffaeee70000 - 0x00007ffaeee79000 	C:\Windows\SYSTEM32\WSOCK32.dll
0x00007ffaec5c0000 - 0x00007ffaec5e7000 	C:\Windows\SYSTEM32\WINMM.dll
0x00007ffb069c0000 - 0x00007ffb06a2b000 	C:\Windows\System32\WS2_32.dll
0x00007ffb03b00000 - 0x00007ffb03b12000 	C:\Windows\SYSTEM32\kernel.appcore.dll
0x00007ffafd260000 - 0x00007ffafd26a000 	C:\Users\HP\.jdks\jbr-17.0.7-1\bin\jimage.dll
0x00007ffb00020000 - 0x00007ffb00204000 	C:\Windows\SYSTEM32\DBGHELP.DLL
0x00007ffaeec60000 - 0x00007ffaeec94000 	C:\Windows\SYSTEM32\dbgcore.DLL
0x00007ffb054b0000 - 0x00007ffb05532000 	C:\Windows\System32\bcryptPrimitives.dll
0x00007ffafd370000 - 0x00007ffafd37e000 	C:\Users\HP\.jdks\jbr-17.0.7-1\bin\instrument.dll
0x00007ffad9820000 - 0x00007ffad9845000 	C:\Users\HP\.jdks\jbr-17.0.7-1\bin\java.dll
0x00007ffad72e0000 - 0x00007ffad72f8000 	C:\Users\HP\.jdks\jbr-17.0.7-1\bin\zip.dll
0x00007ffad0680000 - 0x00007ffad0757000 	C:\Users\HP\.jdks\jbr-17.0.7-1\bin\jsvml.dll
0x00007ffb061b0000 - 0x00007ffb068f4000 	C:\Windows\System32\SHELL32.dll
0x00007ffb00210000 - 0x00007ffb009a4000 	C:\Windows\SYSTEM32\windows.storage.dll
0x00007ffb06b80000 - 0x00007ffb06ed4000 	C:\Windows\System32\combase.dll
0x00007ffb04b90000 - 0x00007ffb04bbe000 	C:\Windows\SYSTEM32\Wldp.dll
0x00007ffb06ef0000 - 0x00007ffb06f9d000 	C:\Windows\System32\SHCORE.dll
0x00007ffb07580000 - 0x00007ffb075d5000 	C:\Windows\System32\shlwapi.dll
0x00007ffb05240000 - 0x00007ffb05265000 	C:\Windows\SYSTEM32\profapi.dll
0x00007ffad6a10000 - 0x00007ffad6a29000 	C:\Users\HP\.jdks\jbr-17.0.7-1\bin\net.dll
0x00007ffaf65e0000 - 0x00007ffaf66ea000 	C:\Windows\SYSTEM32\WINHTTP.dll
0x00007ffb04970000 - 0x00007ffb049da000 	C:\Windows\system32\mswsock.dll
0x00007ffad0660000 - 0x00007ffad0676000 	C:\Users\HP\.jdks\jbr-17.0.7-1\bin\nio.dll
0x00007ffaf9440000 - 0x00007ffaf945a000 	C:\Program Files\JetBrains\IntelliJ IDEA Community Edition 2021.3.2\bin\breakgen64.dll
0x00007ffa9ca00000 - 0x00007ffa9cb98000 	C:\Users\HP\.jdks\jbr-17.0.7-1\bin\awt.dll
0x00007ffb05d20000 - 0x00007ffb05ded000 	C:\Windows\System32\OLEAUT32.dll
0x00007ffaff9b0000 - 0x00007ffaff9df000 	C:\Windows\SYSTEM32\dwmapi.dll
0x00007ffadbd10000 - 0x00007ffadbd54000 	C:\Users\HP\.jdks\jbr-17.0.7-1\bin\nvdaControllerClient64.dll
0x00007ffafefa0000 - 0x00007ffaff031000 	C:\Windows\SYSTEM32\apphelp.dll
0x00007ffaff300000 - 0x00007ffaff39e000 	C:\Windows\system32\uxtheme.dll
0x00007ffb07460000 - 0x00007ffb07574000 	C:\Windows\System32\MSCTF.dll
0x00007ffb071b0000 - 0x00007ffb072da000 	C:\Windows\System32\ole32.dll
0x00007ffadd9f0000 - 0x00007ffaddb15000 	C:\Windows\system32\opengl32.dll
0x00007ffade740000 - 0x00007ffade76c000 	C:\Windows\SYSTEM32\GLU32.dll
0x00007ffb04bd0000 - 0x00007ffb04be8000 	C:\Windows\SYSTEM32\CRYPTSP.dll
0x00007ffb042b0000 - 0x00007ffb042e4000 	C:\Windows\system32\rsaenh.dll
0x00007ffb05310000 - 0x00007ffb05337000 	C:\Windows\System32\bcrypt.dll
0x00007ffb051c0000 - 0x00007ffb051ee000 	C:\Windows\SYSTEM32\USERENV.dll
0x00007ffb04b00000 - 0x00007ffb04b0c000 	C:\Windows\SYSTEM32\CRYPTBASE.dll
0x00007ffb04680000 - 0x00007ffb046bc000 	C:\Windows\SYSTEM32\IPHLPAPI.DLL
0x00007ffb05ea0000 - 0x00007ffb05ea8000 	C:\Windows\System32\NSI.dll
0x00007ffaf8ab0000 - 0x00007ffaf8ac7000 	C:\Windows\SYSTEM32\dhcpcsvc6.DLL
0x00007ffaf83c0000 - 0x00007ffaf83dd000 	C:\Windows\SYSTEM32\dhcpcsvc.DLL
0x00007ffb046c0000 - 0x00007ffb0478a000 	C:\Windows\SYSTEM32\DNSAPI.dll
0x00007ffa83920000 - 0x00007ffa8492f000 	C:\Users\HP\.skiko\58752788008ddd92aea4562f2a41915f7f74e689ca70e0fbada57f009a92b9cf\skiko-windows-x64.dll
0x00007ffaedc90000 - 0x00007ffaede35000 	C:\Windows\WinSxS\amd64_microsoft.windows.gdiplus_6595b64144ccf1df_1.1.19041.2251_none_91a40448cc8846c1\gdiplus.dll
0x00007ffacf0e0000 - 0x00007ffacf166000 	C:\Users\HP\.jdks\jbr-17.0.7-1\bin\freetype.dll
0x00007ffacf010000 - 0x00007ffacf0d9000 	C:\Users\HP\.jdks\jbr-17.0.7-1\bin\fontmanager.dll
0x00007ffafd300000 - 0x00007ffafd307000 	C:\Users\HP\.jdks\jbr-17.0.7-1\bin\jawt.dll
0x00007ffb03b70000 - 0x00007ffb03c63000 	C:\Windows\SYSTEM32\Dxgi.dll
0x00007ffaf93f0000 - 0x00007ffaf9410000 	C:\Windows\SYSTEM32\D3D12.dll
0x00007ffa8c980000 - 0x00007ffa8cb4d000 	C:\Windows\SYSTEM32\D3D12Core.dll
0x00007ffaf84e0000 - 0x00007ffaf851b000 	C:\Windows\SYSTEM32\dxcore.dll
0x00007ffb05460000 - 0x00007ffb054ae000 	C:\Windows\System32\cfgmgr32.dll
0x00007ffaf3540000 - 0x00007ffaf6159000 	C:\Windows\System32\DriverStore\FileRepository\igdlh64.inf_amd64_e6daaea9afe1e6f6\igc64.dll
0x00007ffa812e0000 - 0x00007ffa827b3000 	C:\Windows\System32\DriverStore\FileRepository\igdlh64.inf_amd64_e6daaea9afe1e6f6\igd12umd64.dll
0x00007ffaf6780000 - 0x00007ffaf69d7000 	C:\Windows\System32\DriverStore\FileRepository\igdlh64.inf_amd64_e6daaea9afe1e6f6\igdgmm64.dll
0x00007ffa8b970000 - 0x00007ffa8bd7b000 	C:\Windows\System32\DriverStore\FileRepository\igdlh64.inf_amd64_e6daaea9afe1e6f6\igdml64.dll
0x00007ffadbcc0000 - 0x00007ffadbceb000 	C:\Windows\SYSTEM32\D3DSCache.dll
0x00007ffa7cad0000 - 0x00007ffa812d2000 	C:\Windows\System32\DriverStore\FileRepository\igdlh64.inf_amd64_e6daaea9afe1e6f6\igd12dxva64.dll
0x00007ffb07780000 - 0x00007ffb07bee000 	C:\Windows\System32\SETUPAPI.dll
0x00007ffa8cd00000 - 0x00007ffa8cd27000 	C:\Windows\System32\DriverStore\FileRepository\igdlh64.inf_amd64_e6daaea9afe1e6f6\igdinfo64.dll
0x00007ffb06fa0000 - 0x00007ffb07049000 	C:\Windows\System32\clbcatq.dll
0x00007ffaf9640000 - 0x00007ffaf9744000 	C:\Windows\System32\AppXDeploymentClient.dll
0x00007ffa7baf0000 - 0x00007ffa7cac2000 	C:\Windows\System32\DriverStore\FileRepository\igdlh64.inf_amd64_e6daaea9afe1e6f6\ig9icd64.dll
0x00007ffb05170000 - 0x00007ffb051bb000 	C:\Windows\SYSTEM32\powrprof.dll
0x00007ffb05150000 - 0x00007ffb05162000 	C:\Windows\SYSTEM32\UMPDC.dll
0x00007ffadace0000 - 0x00007ffadaf5f000 	C:\Windows\SYSTEM32\dwrite.dll
0x00007ffae0b50000 - 0x00007ffae0c49000 	C:\Windows\SYSTEM32\textinputframework.dll
0x00007ffafe8c0000 - 0x00007ffafec1e000 	C:\Windows\System32\CoreUIComponents.dll
0x00007ffafec20000 - 0x00007ffafed12000 	C:\Windows\System32\CoreMessaging.dll
0x00007ffafe1c0000 - 0x00007ffafe314000 	C:\Windows\SYSTEM32\wintypes.dll
0x00007ffb043d0000 - 0x00007ffb04403000 	C:\Windows\SYSTEM32\ntmarta.dll
0x00007ffa83060000 - 0x00007ffa83912000 	C:\Users\HP\AppData\Local\io-realm-kotlin\f7113120ba00ba1ff91d696eecd3919e85a4e34e\realmc.dll
0x00007ffb05a10000 - 0x00007ffb05b6e000 	C:\Windows\System32\CRYPT32.dll

dbghelp: loaded successfully - version: 4.0.5 - missing functions: none
symbol engine: initialized successfully - sym options: 0x614 - pdb path: .;C:\Users\HP\.jdks\jbr-17.0.7-1\bin;C:\Windows\SYSTEM32;C:\Windows\WinSxS\amd64_microsoft.windows.common-controls_6595b64144ccf1df_6.0.19041.1110_none_60b5254171f9507e;C:\Users\HP\.jdks\jbr-17.0.7-1\bin\server;C:\Program Files\JetBrains\IntelliJ IDEA Community Edition 2021.3.2\bin;C:\Users\HP\.skiko\58752788008ddd92aea4562f2a41915f7f74e689ca70e0fbada57f009a92b9cf;C:\Windows\WinSxS\amd64_microsoft.windows.gdiplus_6595b64144ccf1df_1.1.19041.2251_none_91a40448cc8846c1;C:\Windows\System32\DriverStore\FileRepository\igdlh64.inf_amd64_e6daaea9afe1e6f6;C:\Users\HP\AppData\Local\io-realm-kotlin\f7113120ba00ba1ff91d696eecd3919e85a4e34e

VM Arguments:
jvm_args: -Djava.library.path=C:\Users\HP\Desktop\newderar\build\classes\kotlin\jvm\main;C:\Users\HP\Desktop\newderar\build\processedResources\jvm\main -javaagent:C:\Program Files\JetBrains\IntelliJ IDEA Community Edition 2021.3.2\lib\idea_rt.jar=57148:C:\Program Files\JetBrains\IntelliJ IDEA Community Edition 2021.3.2\bin -Dfile.encoding=UTF-8 
java_command: MainKt
java_class_path (initial): C:\Users\HP\Desktop\newderar\build\classes\kotlin\jvm\main;C:\Users\HP\Desktop\newderar\build\processedResources\jvm\main;C:\Users\HP\.gradle\caches\modules-2\files-2.1\io.insert-koin\koin-androidx-compose\3.4.5\ae0a88b7a68d507e651c5a3d70a541594bea54cb\koin-androidx-compose-3.4.5.aar;C:\Users\HP\.gradle\caches\modules-2\files-2.1\org.jetbrains.kotlin\kotlin-stdlib-jdk8\1.8.21\67f57e154437cd9e6e9cf368394b95814836ff88\kotlin-stdlib-jdk8-1.8.21.jar;C:\Users\HP\.gradle\caches\modules-2\files-2.1\org.apache.poi\poi-ooxml\4.1.2\87d9a22aa9a7dd26e80c360e709f7ee02e32ab3b\poi-ooxml-4.1.2.jar;C:\Users\HP\.gradle\caches\modules-2\files-2.1\org.apache.poi\poi\4.1.2\964bf41cf68bce08e4ef6b2279b559fdf8d454f4\poi-4.1.2.jar;C:\Users\HP\.gradle\caches\modules-2\files-2.1\org.lwjgl\lwjgl-nfd\3.3.1\622318116996ddcff449b46cb38f0fdee39b8ac3\lwjgl-nfd-3.3.1.jar;C:\Users\HP\.gradle\caches\modules-2\files-2.1\org.lwjgl\lwjgl-nfd\3.3.1\2e007667e04ed3281152ae5c6e677fb1c2211691\lwjgl-nfd-3.3.1-natives-linux.jar;C:\Users\HP\.gradle\caches\modules-2\files-2.1\org.lwjgl\lwjgl\3.3.1\ae58664f88e18a9bb2c77b063833ca7aaec484cb\lwjgl-3.3.1.jar;C:\Users\HP\.gradle\caches\modules-2\files-2.1\io.insert-koin\koin-android\3.4.0\48715fbe06102a59a30bd45b06ed2400c16c6f45\koin-android-3.4.0.aar;C:\Users\HP\.gradle\caches\modules-2\files-2.1\org.lwjgl\lwjgl-nfd\3.3.1\b3e04e317f55dd738d8a345cdafd15b39f85a2ea\lwjgl-nfd-3.3.1-natives-linux-arm32.jar;C:\Users\HP\.gradle\caches\modules-2\files-2.1\androidx.lifecycle\lifecycle-viewmodel-compose\2.6.1\38cf3bb65ff3e0e5c3d63de2ebf5411d0898108c\lifecycle-viewmodel-compose-2.6.1.aar;C:\Users\HP\.gradle\caches\modules-2\files-2.1\org.lwjgl\lwjgl-nfd\3.3.1\f41dc62336f7ee4ab35705cfa440cc903d199165\lwjgl-nfd-3.3.1-natives-linux-arm64.jar;C:\Users\HP\.gradle\caches\modules-2\files-2.1\androidx.compose.runtime\runtime\1.4.3\6e52f81bd60023ca9be12a878ae161d2e7571aeb\runtime-1.4.3.aar;C:\Users\HP\.gradle\caches\modules-2\files-2.1\org.lwjgl\lwjgl-nfd\3.3
Launcher Type: SUN_STANDARD

[Global flags]
     intx CICompilerCount                          = 3                                         {product} {ergonomic}
     uint ConcGCThreads                            = 1                                         {product} {ergonomic}
     uint G1ConcRefinementThreads                  = 4                                         {product} {ergonomic}
   size_t G1HeapRegionSize                         = 2097152                                   {product} {ergonomic}
    uintx GCDrainStackTargetSize                   = 64                                        {product} {ergonomic}
   size_t InitialHeapSize                          = 266338304                                 {product} {ergonomic}
   size_t MarkStackSize                            = 4194304                                   {product} {ergonomic}
   size_t MaxHeapSize                              = 4255121408                                {product} {ergonomic}
   size_t MaxNewSize                               = 2552233984                                {product} {ergonomic}
   size_t MinHeapDeltaBytes                        = 2097152                                   {product} {ergonomic}
   size_t MinHeapSize                              = 8388608                                   {product} {ergonomic}
    uintx NonNMethodCodeHeapSize                   = 5832780                                {pd product} {ergonomic}
    uintx NonProfiledCodeHeapSize                  = 122912730                              {pd product} {ergonomic}
    uintx ProfiledCodeHeapSize                     = 122912730                              {pd product} {ergonomic}
    uintx ReservedCodeCacheSize                    = 251658240                              {pd product} {ergonomic}
     bool SegmentedCodeCache                       = true                                      {product} {ergonomic}
   size_t SoftMaxHeapSize                          = 4255121408                             {manageable} {ergonomic}
     bool UseCompressedClassPointers               = true                           {product lp64_product} {ergonomic}
     bool UseCompressedOops                        = true                           {product lp64_product} {ergonomic}
     bool UseG1GC                                  = true                                      {product} {ergonomic}
     bool UseLargePagesIndividualAllocation        = false                                  {pd product} {ergonomic}

Logging:
Log output configuration:
 #0: stdout all=warning uptime,level,tags
 #1: stderr all=off uptime,level,tags

Environment Variables:
PATH=C:\Program Files\Common Files\Oracle\Java\javapath;C:\Program Files (x86)\Common Files\Oracle\Java\javapath;C:\Windows\system32;C:\Windows;C:\Windows\System32\Wbem;C:\Windows\System32\WindowsPowerShell\v1.0\;C:\Windows\System32\OpenSSH\;C:\xampp\php;C:\ProgramData\ComposerSetup\bin;C:\Program Files\nodejs\;C:\Program Files (x86)\Intel\Intel(R) Management Engine Components\DAL;C:\Program Files\Intel\Intel(R) Management Engine Components\DAL;C:\Program Files\Git\cmd;C:\Program Files\Fortect;C:\Users\HP\AppData\Local\Microsoft\WindowsApps;C:\Program Files\JetBrains\IntelliJ IDEA Community Edition 2021.3.2\bin;C:\Users\HP\AppData\Local\Programs\Microsoft VS Code\bin;C:\Users\HP\AppData\Local\JetBrains\Toolbox\scripts;C:\Users\HP\AppData\Local\GitHubDesktop\bin;C:\Users\HP\Desktop\camp\flutter_windows_3.7.6-stable\flutter\bin;C:\Users\HP\AppData\Roaming\Composer\vendor\bin;C:\Users\HP\AppData\Roaming\npm
USERNAME=HP
OS=Windows_NT
PROCESSOR_IDENTIFIER=Intel64 Family 6 Model 142 Stepping 9, GenuineIntel
TMP=C:\Users\HP\AppData\Local\Temp
TEMP=C:\Users\HP\AppData\Local\Temp


JNI global refs:
JNI global refs: 168, weak refs: 9

JNI global refs memory usage: 2107, weak refs: 841

OOME stack traces (most recent first):
Classloader memory used:
Loader jdk.internal.loader.ClassLoaders$AppClassLoader                                 : 3158K
Loader bootstrap                                                                       : 2237K
Loader jdk.internal.loader.ClassLoaders$PlatformClassLoader                            : 764B


---------------  S Y S T E M  ---------------

OS:
 Windows 10 , 64 bit Build 19041 (10.0.19041.3155)
OS uptime: 0 days 2:31 hours
Hyper-V role detected

CPU: total 4 (initial active 4) (2 cores per cpu, 2 threads per core) family 6 model 142 stepping 9 microcode 0xf2, cx8, cmov, fxsr, ht, mmx, 3dnowpref, sse, sse2, sse3, ssse3, sse4.1, sse4.2, popcnt, lzcnt, tsc, tscinvbit, avx, avx2, aes, erms, clmul, bmi1, bmi2, rtm, adx, fma, vzeroupper, clflush, clflushopt, hv

Memory: 4k page, system-wide physical 16224M (7289M free)
TotalPageFile size 32096M (AvailPageFile size 21462M)
current process WorkingSet (physical memory assigned to process): 332M, peak: 347M
current process commit charge ("private bytes"): 336M, peak: 433M

vm_info: OpenJDK 64-Bit Server VM (17.0.7+7-b1000.5) for windows-amd64 JRE (17.0.7+7-b1000.5), built on 2023-07-03 by "builduser" with MS VC++ 16.10 / 16.11 (VS2019)

END.
