#
# A fatal error has been detected by the Java Runtime Environment:
#
#  EXCEPTION_ACCESS_VIOLATION (0xc0000005) at pc=0x00007ffa7c4aebe3, pid=11824, tid=10648
#
# JRE version: OpenJDK Runtime Environment JBR-17.0.7+7-1000.5-nomod (17.0.7+7) (build 17.0.7+7-b1000.5)
# Java VM: OpenJDK 64-Bit Server VM JBR-17.0.7+7-1000.5-nomod (17.0.7+7-b1000.5, mixed mode, tiered, compressed oops, compressed class ptrs, g1 gc, windows-amd64)
# Problematic frame:
# C  [ig9icd64.dll+0x9bebe3]
#
# No core dump will be written. Minidumps are not enabled by default on client versions of Windows
#
# If you would like to submit a bug report, please visit:
#   https://youtrack.jetbrains.com/issues/JBR
# The crash happened outside the Java Virtual Machine in native code.
# See problematic frame for where to report the bug.
#

---------------  S U M M A R Y ------------

Command Line: -Djava.library.path=C:\Users\HP\Desktop\newderar\build\classes\kotlin\jvm\main;C:\Users\HP\Desktop\newderar\build\processedResources\jvm\main -javaagent:C:\Program Files\JetBrains\IntelliJ IDEA Community Edition 2021.3.2\lib\idea_rt.jar=51235:C:\Program Files\JetBrains\IntelliJ IDEA Community Edition 2021.3.2\bin -Dfile.encoding=UTF-8 MainKt

Host: Intel(R) Core(TM) i5-7300U CPU @ 2.60GHz, 4 cores, 15G,  Windows 10 , 64 bit Build 19041 (10.0.19041.3155)
Time: Thu Jul  6 01:50:49 2023 Libya Standard Time elapsed time: 23.940896 seconds (0d 0h 0m 23s)

---------------  T H R E A D  ---------------

Current thread (0x000002e07b24f850):  JavaThread "AWT-EventQueue-0" [_thread_in_native, id=10648, stack(0x000000eb0b400000,0x000000eb0b500000)]

Stack: [0x000000eb0b400000,0x000000eb0b500000],  sp=0x000000eb0b4fca38,  free space=1010k
Native frames: (J=compiled Java code, j=interpreted, Vv=VM code, C=native code)
C  [ig9icd64.dll+0x9bebe3]

Java frames: (J=compiled Java code, j=interpreted, Vv=VM code)
J 4957  org.jetbrains.skia.DirectContextKt.DirectContext_nFlush(J)V (0 bytes) @ 0x000002e063450fe9 [0x000002e063450fa0+0x0000000000000049]
J 4954 c1 org.jetbrains.skiko.context.ContextHandler.flush()V (17 bytes) @ 0x000002e05c0bc3dc [0x000002e05c0bc260+0x000000000000017c]
J 4965 c1 org.jetbrains.skiko.context.ContextHandler.draw()V (91 bytes) @ 0x000002e05c0bfc74 [0x000002e05c0bf420+0x0000000000000854]
J 4793 c1 org.jetbrains.skiko.redrawer.WindowsOpenGLRedrawer.draw()V (245 bytes) @ 0x000002e05c05b95c [0x000002e05c05b240+0x000000000000071c]
J 4638 c1 org.jetbrains.skiko.redrawer.WindowsOpenGLRedrawer$Companion$frameDispatcher$1.invokeSuspend(Ljava/lang/Object;)Ljava/lang/Object; (379 bytes) @ 0x000002e05bff51f4 [0x000002e05bff3e80+0x0000000000001374]
J 4792 c1 org.jetbrains.skiko.redrawer.WindowsOpenGLRedrawer$Companion$frameDispatcher$1.invoke(Ljava/lang/Object;)Ljava/lang/Object; (9 bytes) @ 0x000002e05c05aa04 [0x000002e05c05a4a0+0x0000000000000564]
J 4630 c1 org.jetbrains.skiko.FrameDispatcher$job$1.invokeSuspend(Ljava/lang/Object;)Ljava/lang/Object; (156 bytes) @ 0x000002e05bff1844 [0x000002e05bff0ea0+0x00000000000009a4]
J 4770 c2 kotlin.coroutines.jvm.internal.BaseContinuationImpl.resumeWith(Ljava/lang/Object;)V (128 bytes) @ 0x000002e06341a400 [0x000002e06341a3a0+0x0000000000000060]
j  kotlinx.coroutines.DispatchedTask.run()V+314
J 5044 c2 java.awt.EventQueue.dispatchEvent(Ljava/awt/AWTEvent;)V java.desktop@17.0.7 (80 bytes) @ 0x000002e063461ecc [0x000002e063461600+0x00000000000008cc]
J 5049 c2 java.awt.EventDispatchThread.pumpOneEventForFilters(I)V java.desktop@17.0.7 (113 bytes) @ 0x000002e063468b5c [0x000002e063468500+0x000000000000065c]
j  java.awt.EventDispatchThread.pumpEventsForFilter(ILjava/awt/Conditional;Ljava/awt/EventFilter;)V+35 java.desktop@17.0.7
j  java.awt.EventDispatchThread.pumpEventsForHierarchy(ILjava/awt/Conditional;Ljava/awt/Component;)V+11 java.desktop@17.0.7
j  java.awt.EventDispatchThread.pumpEvents(ILjava/awt/Conditional;)V+4 java.desktop@17.0.7
j  java.awt.EventDispatchThread.pumpEvents(Ljava/awt/Conditional;)V+3 java.desktop@17.0.7
j  java.awt.EventDispatchThread.run()V+18 java.desktop@17.0.7
v  ~StubRoutines::call_stub

siginfo: EXCEPTION_ACCESS_VIOLATION (0xc0000005), reading address 0x00007ffdbc6d1110


Register to memory mapping:

RIP=0x00007ffa7c4aebe3 ig9icd64.dll
RAX=0x000000000fff0fff is an unknown value
RBX=0x00007ffa7baf0000 ig9icd64.dll
RCX=0x000000033fcf3fcc is an unknown value
RDX=0x000000eb0b4fcf50 is pointing into the stack for thread: 0x000002e07b24f850
RSP=0x000000eb0b4fca38 is pointing into the stack for thread: 0x000002e07b24f850
RBP=0x000000eb0b4fcb40 is pointing into the stack for thread: 0x000002e07b24f850
RSI=0x000002e07ee9e340 points into unknown readable memory: 0x000002e07ee65040 | 40 50 e6 7e e0 02 00 00
RDI=0x000000eb0b4fcd40 is pointing into the stack for thread: 0x000002e07b24f850
R8 =0x000000eb0b4fcb70 is pointing into the stack for thread: 0x000002e07b24f850
R9 =0x000000eb0b4fcf50 is pointing into the stack for thread: 0x000002e07b24f850
R10=0x000000eb0b4fcd40 is pointing into the stack for thread: 0x000002e07b24f850
R11=0x0 is NULL
R12=0x00007ffa7c9215e0 ig9icd64.dll
R13=0x0 is NULL
R14=0x0 is NULL
R15=0x00000000000001c1 is an unknown value


Registers:
RAX=0x000000000fff0fff, RBX=0x00007ffa7baf0000, RCX=0x000000033fcf3fcc, RDX=0x000000eb0b4fcf50
RSP=0x000000eb0b4fca38, RBP=0x000000eb0b4fcb40, RSI=0x000002e07ee9e340, RDI=0x000000eb0b4fcd40
R8 =0x000000eb0b4fcb70, R9 =0x000000eb0b4fcf50, R10=0x000000eb0b4fcd40, R11=0x0000000000000000
R12=0x00007ffa7c9215e0, R13=0x0000000000000000, R14=0x0000000000000000, R15=0x00000000000001c1
RIP=0x00007ffa7c4aebe3, EFLAGS=0x0000000000010206

Top of Stack: (sp=0x000000eb0b4fca38)
0x000000eb0b4fca38:   00007ffa7c4ac31b 0000000000000001
0x000000eb0b4fca48:   0000000000000000 000002e006a2d600
0x000000eb0b4fca58:   00007ffaf6782622 000000eb00000065
0x000000eb0b4fca68:   000000eb0b4fcc70 0000000000000000
0x000000eb0b4fca78:   000002e07b1fac60 0000000000000000
0x000000eb0b4fca88:   000002e07b1fde70 000002e006a2d6c0
0x000000eb0b4fca98:   0000000000001100 0000000000000000
0x000000eb0b4fcaa8:   0000000000000000 000000eb0b4fcc20
0x000000eb0b4fcab8:   00007ffa7c1479c0 0000000000000000
0x000000eb0b4fcac8:   0000000000000000 0000000000000000
0x000000eb0b4fcad8:   0000000000000000 000097844de5c194
0x000000eb0b4fcae8:   00007ffa7bb06555 000002e006a2d6c0
0x000000eb0b4fcaf8:   0000000000000001 0000000000000000
0x000000eb0b4fcb08:   00007ffb07c5b86b 000000000062001d
0x000000eb0b4fcb18:   00000000000000b1 000002e07f2646e0
0x000000eb0b4fcb28:   0000000000000000 0000000000000000 

Instructions: (pc=0x00007ffa7c4aebe3)
0x00007ffa7c4aeae3:   c1 75 31 00 48 89 51 08 48 89 01 8b 44 24 28 89
0x00007ffa7c4aeaf3:   41 20 8b 44 24 30 89 41 24 48 8b c1 4c 89 41 10
0x00007ffa7c4aeb03:   4c 89 49 18 c3 cc cc cc cc cc cc cc cc 48 89 5c
0x00007ffa7c4aeb13:   24 08 8b 41 5c 48 8d 1d e1 14 64 ff 41 89 40 08
0x00007ffa7c4aeb23:   4c 8b d1 8b 41 60 45 33 db 41 89 40 0c 4c 8b ca
0x00007ffa7c4aeb33:   8b 41 64 41 89 40 10 8b 41 68 41 89 40 14 8b 41
0x00007ffa7c4aeb43:   6c 41 89 40 18 8b 41 70 41 89 40 1c 48 63 41 74
0x00007ffa7c4aeb53:   48 6b c8 34 8b 84 19 44 d1 ee 00 41 89 40 20 8b
0x00007ffa7c4aeb63:   84 19 48 d1 ee 00 41 89 40 24 8b 84 19 4c d1 ee
0x00007ffa7c4aeb73:   00 41 89 40 28 8b 84 19 50 d1 ee 00 41 89 40 2c
0x00007ffa7c4aeb83:   8b 84 19 34 d1 ee 00 41 89 40 30 8b 84 19 38 d1
0x00007ffa7c4aeb93:   ee 00 41 89 40 34 8b 84 19 3c d1 ee 00 41 89 40
0x00007ffa7c4aeba3:   38 8b 84 19 40 d1 ee 00 41 89 40 3c 8b 84 19 24
0x00007ffa7c4aebb3:   d1 ee 00 41 89 40 40 8b 84 19 28 d1 ee 00 41 89
0x00007ffa7c4aebc3:   40 44 8b 84 19 2c d1 ee 00 41 89 40 48 8b 84 19
0x00007ffa7c4aebd3:   30 d1 ee 00 41 89 40 4c 49 63 42 78 48 6b c8 34
0x00007ffa7c4aebe3:   8b 84 19 44 d1 ee 00 41 89 40 50 8b 84 19 48 d1
0x00007ffa7c4aebf3:   ee 00 41 89 40 54 8b 84 19 4c d1 ee 00 41 89 40
0x00007ffa7c4aec03:   58 8b 84 19 50 d1 ee 00 41 89 40 5c 8b 84 19 34
0x00007ffa7c4aec13:   d1 ee 00 41 89 40 60 8b 84 19 38 d1 ee 00 41 89
0x00007ffa7c4aec23:   40 64 8b 84 19 3c d1 ee 00 41 89 40 68 8b 84 19
0x00007ffa7c4aec33:   40 d1 ee 00 41 89 40 6c 8b 84 19 24 d1 ee 00 41
0x00007ffa7c4aec43:   89 40 70 8b 84 19 28 d1 ee 00 41 89 40 74 8b 84
0x00007ffa7c4aec53:   19 2c d1 ee 00 41 89 40 78 8b 84 19 30 d1 ee 00
0x00007ffa7c4aec63:   41 89 40 7c 48 8b 42 18 8b 88 38 0b 00 00 f6 c1
0x00007ffa7c4aec73:   08 0f 84 86 00 00 00 8b 80 3c 0b 00 00 41 89 80
0x00007ffa7c4aec83:   80 00 00 00 48 8b 42 18 8b 88 40 0b 00 00 41 89
0x00007ffa7c4aec93:   88 84 00 00 00 48 8b 42 18 8b 88 44 0b 00 00 41
0x00007ffa7c4aeca3:   89 88 88 00 00 00 48 8b 42 18 8b 88 48 0b 00 00
0x00007ffa7c4aecb3:   41 89 88 8c 00 00 00 48 8b 42 18 8b 88 4c 0b 00
0x00007ffa7c4aecc3:   00 41 89 88 90 00 00 00 48 8b 42 18 8b 88 50 0b
0x00007ffa7c4aecd3:   00 00 41 89 88 94 00 00 00 48 8b 42 18 8b 88 54 


Stack slot to memory mapping:
stack at sp + 0 slots: 0x00007ffa7c4ac31b ig9icd64.dll
stack at sp + 1 slots: 0x0000000000000001 is an unknown value
stack at sp + 2 slots: 0x0 is NULL
stack at sp + 3 slots: 0x000002e006a2d600 points into unknown readable memory: 0x0000000000000000 | 00 00 00 00 00 00 00 00
stack at sp + 4 slots: 0x00007ffaf6782622 igdgmm64.dll
stack at sp + 5 slots: 0x000000eb00000065 is an unknown value
stack at sp + 6 slots: 0x000000eb0b4fcc70 is pointing into the stack for thread: 0x000002e07b24f850
stack at sp + 7 slots: 0x0 is NULL


---------------  P R O C E S S  ---------------

Threads class SMR info:
_java_thread_list=0x000002e006a57d10, length=28, elements={
0x000002e05672e8c0, 0x000002e076bc0c50, 0x000002e076bc19d0, 0x000002e076beec10,
0x000002e076bef6d0, 0x000002e076bf20a0, 0x000002e076c15f00, 0x000002e076c16870,
0x000002e076c318e0, 0x000002e076c42960, 0x000002e076cf7be0, 0x000002e07b24d1d0,
0x000002e07b24e510, 0x000002e07b24f380, 0x000002e07b24eeb0, 0x000002e07b24f850,
0x000002e07b24e040, 0x000002e07b24cd00, 0x000002e07b24d6a0, 0x000002e07b24db70,
0x000002e07b24c360, 0x000002e07f10c5b0, 0x000002e07f10ca80, 0x000002e07f10ec30,
0x000002e07f10f5d0, 0x000002e07f10e760, 0x000002e07f110910, 0x000002e07f10ddc0
}

Java Threads: ( => current thread )
  0x000002e05672e8c0 JavaThread "main" [_thread_blocked, id=14264, stack(0x000000eb09b00000,0x000000eb09c00000)]
  0x000002e076bc0c50 JavaThread "Reference Handler" daemon [_thread_blocked, id=9740, stack(0x000000eb0a200000,0x000000eb0a300000)]
  0x000002e076bc19d0 JavaThread "Finalizer" daemon [_thread_blocked, id=2404, stack(0x000000eb0a300000,0x000000eb0a400000)]
  0x000002e076beec10 JavaThread "Signal Dispatcher" daemon [_thread_blocked, id=7048, stack(0x000000eb0a400000,0x000000eb0a500000)]
  0x000002e076bef6d0 JavaThread "Attach Listener" daemon [_thread_blocked, id=2388, stack(0x000000eb0a500000,0x000000eb0a600000)]
  0x000002e076bf20a0 JavaThread "Service Thread" daemon [_thread_blocked, id=4204, stack(0x000000eb0a600000,0x000000eb0a700000)]
  0x000002e076c15f00 JavaThread "Monitor Deflation Thread" daemon [_thread_blocked, id=1612, stack(0x000000eb0a700000,0x000000eb0a800000)]
  0x000002e076c16870 JavaThread "C2 CompilerThread0" daemon [_thread_blocked, id=9616, stack(0x000000eb0a800000,0x000000eb0a900000)]
  0x000002e076c318e0 JavaThread "C1 CompilerThread0" daemon [_thread_blocked, id=10364, stack(0x000000eb0a900000,0x000000eb0aa00000)]
  0x000002e076c42960 JavaThread "Sweeper thread" daemon [_thread_blocked, id=11184, stack(0x000000eb0aa00000,0x000000eb0ab00000)]
  0x000002e076cf7be0 JavaThread "Common-Cleaner" daemon [_thread_blocked, id=7892, stack(0x000000eb0ab00000,0x000000eb0ac00000)]
  0x000002e07b24d1d0 JavaThread "Monitor Ctrl-Break" daemon [_thread_in_native, id=6964, stack(0x000000eb0ad00000,0x000000eb0ae00000)]
  0x000002e07b24e510 JavaThread "Notification Thread" daemon [_thread_blocked, id=12020, stack(0x000000eb0ae00000,0x000000eb0af00000)]
  0x000002e07b24f380 JavaThread "Java2D Disposer" daemon [_thread_blocked, id=3860, stack(0x000000eb0b000000,0x000000eb0b100000)]
  0x000002e07b24eeb0 JavaThread "AWT-Shutdown" [_thread_blocked, id=5488, stack(0x000000eb0b300000,0x000000eb0b400000)]
=>0x000002e07b24f850 JavaThread "AWT-EventQueue-0" [_thread_in_native, id=10648, stack(0x000000eb0b400000,0x000000eb0b500000)]
  0x000002e07b24e040 JavaThread "Reference Cleaner" daemon [_thread_blocked, id=1172, stack(0x000000eb0b600000,0x000000eb0b700000)]
  0x000002e07b24cd00 JavaThread "DefaultDispatcher-worker-1" daemon [_thread_blocked, id=8284, stack(0x000000eb0b800000,0x000000eb0b900000)]
  0x000002e07b24d6a0 JavaThread "DefaultDispatcher-worker-2" daemon [_thread_blocked, id=12376, stack(0x000000eb0b900000,0x000000eb0ba00000)]
  0x000002e07b24db70 JavaThread "DefaultDispatcher-worker-3" daemon [_thread_blocked, id=7916, stack(0x000000eb0ba00000,0x000000eb0bb00000)]
  0x000002e07b24c360 JavaThread "kotlinx.coroutines.DefaultExecutor" daemon [_thread_blocked, id=1292, stack(0x000000eb0bb00000,0x000000eb0bc00000)]
  0x000002e07f10c5b0 JavaThread "TimerQueue" daemon [_thread_blocked, id=3668, stack(0x000000eb0b700000,0x000000eb0b800000)]
  0x000002e07f10ca80 JavaThread "RealmFinalizingDaemon" daemon [_thread_blocked, id=11260, stack(0x000000eb0c200000,0x000000eb0c300000)]
  0x000002e07f10ec30 JavaThread "core-notifier" daemon [_thread_in_native, id=10340, stack(0x000000eb0c400000,0x000000eb0c500000)]
  0x000002e07f10f5d0 JavaThread "DefaultDispatcher-worker-4" daemon [_thread_blocked, id=15668, stack(0x000000eb0c600000,0x000000eb0c700000)]
  0x000002e07f10e760 JavaThread "DefaultDispatcher-worker-5" daemon [_thread_blocked, id=11648, stack(0x000000eb0c700000,0x000000eb0c800000)]
  0x000002e07f110910 JavaThread "DefaultDispatcher-worker-6" daemon [_thread_blocked, id=2752, stack(0x000000eb0c800000,0x000000eb0c900000)]
  0x000002e07f10ddc0 JavaThread "SIGINT handler" daemon [_thread_blocked, id=5828, stack(0x000000eb0c000000,0x000000eb0c100000)]

Other Threads:
  0x000002e076a4e010 VMThread "VM Thread" [stack: 0x000000eb0a100000,0x000000eb0a200000] [id=9980]
  0x000002e056730790 WatcherThread [stack: 0x000000eb0af00000,0x000000eb0b000000] [id=9928]
  0x000002e0566de7c0 GCTaskThread "GC Thread#0" [stack: 0x000000eb09c00000,0x000000eb09d00000] [id=6132]
  0x000002e07b8ed890 GCTaskThread "GC Thread#1" [stack: 0x000000eb0ac00000,0x000000eb0ad00000] [id=3788]
  0x000002e07b8edb40 GCTaskThread "GC Thread#2" [stack: 0x000000eb0b100000,0x000000eb0b200000] [id=3592]
  0x000002e07b8eddf0 GCTaskThread "GC Thread#3" [stack: 0x000000eb0b200000,0x000000eb0b300000] [id=16028]
  0x000002e0567a5630 ConcurrentGCThread "G1 Main Marker" [stack: 0x000000eb09d00000,0x000000eb09e00000] [id=9264]
  0x000002e0567a5f50 ConcurrentGCThread "G1 Conc#0" [stack: 0x000000eb09e00000,0x000000eb09f00000] [id=3876]
  0x000002e0567ddf10 ConcurrentGCThread "G1 Refine#0" [stack: 0x000000eb09f00000,0x000000eb0a000000] [id=7876]
  0x000002e0567de840 ConcurrentGCThread "G1 Service" [stack: 0x000000eb0a000000,0x000000eb0a100000] [id=9300]

Threads with active compile tasks:

VM state: not at safepoint (normal execution)

VM Mutex/Monitor currently owned by a thread: None

Heap address: 0x0000000702600000, size: 4058 MB, Compressed Oops mode: Zero based, Oop shift amount: 3

CDS archive(s) not mapped
Compressed class space mapped at: 0x0000000800000000-0x0000000840000000, reserved size: 1073741824
Narrow klass base: 0x0000000800000000, Narrow klass shift: 0, Narrow klass range: 0x40000000

GC Precious Log:
 CPUs: 4 total, 4 available
 Memory: 16224M
 Large Page Support: Disabled
 NUMA Support: Disabled
 Compressed Oops: Enabled (Zero based)
 Heap Region Size: 2M
 Heap Min Capacity: 8M
 Heap Initial Capacity: 254M
 Heap Max Capacity: 4058M
 Pre-touch: Disabled
 Parallel Workers: 4
 Concurrent Workers: 1
 Concurrent Refinement Workers: 4
 Periodic GC: Disabled

Heap:
 garbage-first heap   total 81920K, used 45386K [0x0000000702600000, 0x0000000800000000)
  region size 2048K, 9 young (18432K), 1 survivors (2048K)
 Metaspace       used 43200K, committed 43392K, reserved 1114112K
  class space    used 4661K, committed 4736K, reserved 1048576K

Heap Regions: E=young(eden), S=young(survivor), O=old, HS=humongous(starts), HC=humongous(continues), CS=collection set, F=free, OA=open archive, CA=closed archive, TAMS=top-at-mark-start (previous, next)
|   0|0x0000000702600000, 0x0000000702800000, 0x0000000702800000|100%|HS|  |TAMS 0x0000000702800000, 0x0000000702600000| Complete 
|   1|0x0000000702800000, 0x0000000702a00000, 0x0000000702a00000|100%| O|  |TAMS 0x0000000702a00000, 0x0000000702800000| Untracked 
|   2|0x0000000702a00000, 0x0000000702c00000, 0x0000000702c00000|100%| O|  |TAMS 0x0000000702c00000, 0x0000000702a00000| Untracked 
|   3|0x0000000702c00000, 0x0000000702e00000, 0x0000000702e00000|100%| O|  |TAMS 0x0000000702ca6c00, 0x0000000702c00000| Untracked 
|   4|0x0000000702e00000, 0x0000000703000000, 0x0000000703000000|100%| O|  |TAMS 0x0000000703000000, 0x0000000702e00000| Untracked 
|   5|0x0000000703000000, 0x0000000703200000, 0x0000000703200000|100%| O|  |TAMS 0x0000000703200000, 0x0000000703000000| Untracked 
|   6|0x0000000703200000, 0x0000000703400000, 0x0000000703400000|100%|HS|  |TAMS 0x0000000703400000, 0x0000000703200000| Complete 
|   7|0x0000000703400000, 0x0000000703600000, 0x0000000703600000|100%|HC|  |TAMS 0x0000000703600000, 0x0000000703400000| Complete 
|   8|0x0000000703600000, 0x0000000703800000, 0x0000000703800000|100%|HC|  |TAMS 0x0000000703800000, 0x0000000703600000| Complete 
|   9|0x0000000703800000, 0x0000000703800000, 0x0000000703a00000|  0%| F|  |TAMS 0x0000000703800000, 0x0000000703800000| Untracked 
|  10|0x0000000703a00000, 0x0000000703c00000, 0x0000000703c00000|100%|HS|  |TAMS 0x0000000703a00000, 0x0000000703a00000| Complete 
|  11|0x0000000703c00000, 0x0000000703e00000, 0x0000000703e00000|100%|HC|  |TAMS 0x0000000703c00000, 0x0000000703c00000| Complete 
|  12|0x0000000703e00000, 0x0000000704000000, 0x0000000704000000|100%|HC|  |TAMS 0x0000000703e00000, 0x0000000703e00000| Complete 
|  13|0x0000000704000000, 0x0000000704200000, 0x0000000704200000|100%|HC|  |TAMS 0x0000000704000000, 0x0000000704000000| Complete 
|  14|0x0000000704200000, 0x0000000704400000, 0x0000000704400000|100%| O|  |TAMS 0x0000000704200000, 0x0000000704200000| Untracked 
|  15|0x0000000704400000, 0x00000007045c2800, 0x0000000704600000| 87%| O|  |TAMS 0x0000000704400000, 0x0000000704400000| Untracked 
|  16|0x0000000704600000, 0x0000000704600000, 0x0000000704800000|  0%| F|  |TAMS 0x0000000704600000, 0x0000000704600000| Untracked 
|  17|0x0000000704800000, 0x0000000704800000, 0x0000000704a00000|  0%| F|  |TAMS 0x0000000704800000, 0x0000000704800000| Untracked 
|  18|0x0000000704a00000, 0x0000000704a00000, 0x0000000704c00000|  0%| F|  |TAMS 0x0000000704a00000, 0x0000000704a00000| Untracked 
|  19|0x0000000704c00000, 0x0000000704c00000, 0x0000000704e00000|  0%| F|  |TAMS 0x0000000704c00000, 0x0000000704c00000| Untracked 
|  20|0x0000000704e00000, 0x0000000704e00000, 0x0000000705000000|  0%| F|  |TAMS 0x0000000704e00000, 0x0000000704e00000| Untracked 
|  21|0x0000000705000000, 0x0000000705000000, 0x0000000705200000|  0%| F|  |TAMS 0x0000000705000000, 0x0000000705000000| Untracked 
|  22|0x0000000705200000, 0x0000000705200000, 0x0000000705400000|  0%| F|  |TAMS 0x0000000705200000, 0x0000000705200000| Untracked 
|  23|0x0000000705400000, 0x0000000705400000, 0x0000000705600000|  0%| F|  |TAMS 0x0000000705400000, 0x0000000705400000| Untracked 
|  24|0x0000000705600000, 0x0000000705600000, 0x0000000705800000|  0%| F|  |TAMS 0x0000000705600000, 0x0000000705600000| Untracked 
|  25|0x0000000705800000, 0x0000000705800000, 0x0000000705a00000|  0%| F|  |TAMS 0x0000000705800000, 0x0000000705800000| Untracked 
|  26|0x0000000705a00000, 0x0000000705a00000, 0x0000000705c00000|  0%| F|  |TAMS 0x0000000705a00000, 0x0000000705a00000| Untracked 
|  27|0x0000000705c00000, 0x0000000705c00000, 0x0000000705e00000|  0%| F|  |TAMS 0x0000000705c00000, 0x0000000705c00000| Untracked 
|  28|0x0000000705e00000, 0x0000000705e00000, 0x0000000706000000|  0%| F|  |TAMS 0x0000000705e00000, 0x0000000705e00000| Untracked 
|  29|0x0000000706000000, 0x0000000706000000, 0x0000000706200000|  0%| F|  |TAMS 0x0000000706000000, 0x0000000706000000| Untracked 
|  30|0x0000000706200000, 0x0000000706200000, 0x0000000706400000|  0%| F|  |TAMS 0x0000000706200000, 0x0000000706200000| Untracked 
|  31|0x0000000706400000, 0x000000070647f920, 0x0000000706600000| 24%| E|  |TAMS 0x0000000706400000, 0x0000000706400000| Complete 
|  32|0x0000000706600000, 0x0000000706800000, 0x0000000706800000|100%| E|CS|TAMS 0x0000000706600000, 0x0000000706600000| Complete 
|  33|0x0000000706800000, 0x0000000706a00000, 0x0000000706a00000|100%| E|CS|TAMS 0x0000000706800000, 0x0000000706800000| Complete 
|  34|0x0000000706a00000, 0x0000000706c00000, 0x0000000706c00000|100%| E|CS|TAMS 0x0000000706a00000, 0x0000000706a00000| Complete 
|  35|0x0000000706c00000, 0x0000000706e00000, 0x0000000706e00000|100%| E|CS|TAMS 0x0000000706c00000, 0x0000000706c00000| Complete 
|  36|0x0000000706e00000, 0x0000000707000000, 0x0000000707000000|100%| E|CS|TAMS 0x0000000706e00000, 0x0000000706e00000| Complete 
|  37|0x0000000707000000, 0x0000000707200000, 0x0000000707200000|100%| E|CS|TAMS 0x0000000707000000, 0x0000000707000000| Complete 
|  38|0x0000000707200000, 0x0000000707290080, 0x0000000707400000| 28%| S|CS|TAMS 0x0000000707200000, 0x0000000707200000| Complete 
| 113|0x0000000710800000, 0x0000000710a00000, 0x0000000710a00000|100%| E|CS|TAMS 0x0000000710800000, 0x0000000710800000| Complete 

Card table byte_map: [0x000002e06b500000,0x000002e06bcf0000] _byte_map_base: 0x000002e067ced000

Marking Bits (Prev, Next): (CMBitMap*) 0x000002e0567951b0, (CMBitMap*) 0x000002e0567951f0
 Prev Bits: [0x000002e06c4e0000, 0x000002e070448000)
 Next Bits: [0x000002e070450000, 0x000002e0743b8000)

Polling page: 0x000002e0567e0000

Metaspace:

Usage:
  Non-class:     37.64 MB used.
      Class:      4.55 MB used.
       Both:     42.19 MB used.

Virtual space:
  Non-class space:       64.00 MB reserved,      37.75 MB ( 59%) committed,  1 nodes.
      Class space:        1.00 GB reserved,       4.62 MB ( <1%) committed,  1 nodes.
             Both:        1.06 GB reserved,      42.38 MB (  4%) committed. 

Chunk freelists:
   Non-Class:  9.41 MB
       Class:  11.25 MB
        Both:  20.66 MB

MaxMetaspaceSize: unlimited
CompressedClassSpaceSize: 1.00 GB
Initial GC threshold: 21.00 MB
Current GC threshold: 58.75 MB
CDS: off
MetaspaceReclaimPolicy: balanced
 - commit_granule_bytes: 65536.
 - commit_granule_words: 8192.
 - virtual_space_node_default_size: 8388608.
 - enlarge_chunks_in_place: 1.
 - new_chunks_are_fully_committed: 0.
 - uncommit_free_chunks: 1.
 - use_allocation_guard: 0.
 - handle_deallocations: 1.


Internal statistics:

num_allocs_failed_limit: 6.
num_arena_births: 226.
num_arena_deaths: 0.
num_vsnodes_births: 2.
num_vsnodes_deaths: 0.
num_space_committed: 678.
num_space_uncommitted: 0.
num_chunks_returned_to_freelist: 6.
num_chunks_taken_from_freelist: 1119.
num_chunk_merges: 3.
num_chunk_splits: 968.
num_chunks_enlarged: 879.
num_inconsistent_stats: 0.

CodeHeap 'non-profiled nmethods': size=120000Kb used=2994Kb max_used=2994Kb free=117005Kb
 bounds [0x000002e0631c0000, 0x000002e0634b0000, 0x000002e06a6f0000]
CodeHeap 'profiled nmethods': size=120000Kb used=10275Kb max_used=10275Kb free=109724Kb
 bounds [0x000002e05b6f0000, 0x000002e05c100000, 0x000002e062c20000]
CodeHeap 'non-nmethods': size=5760Kb used=1845Kb max_used=1939Kb free=3914Kb
 bounds [0x000002e062c20000, 0x000002e062e90000, 0x000002e0631c0000]
 total_blobs=6443 nmethods=5120 adapters=1234
 compilation: enabled
              stopped_count=0, restarted_count=0
 full_count=0

Compilation events (20 events):
Event: 22.502 Thread 0x000002e076c16870 nmethod 5113 0x000002e0634a5a10 code [0x000002e0634a5b80, 0x000002e0634a5c38]
Event: 23.114 Thread 0x000002e076c16870 5114       4       org.jetbrains.skia.impl.Managed::<init> (144 bytes)
Event: 23.135 Thread 0x000002e076c16870 nmethod 5114 0x000002e0634a5d10 code [0x000002e0634a5ee0, 0x000002e0634a6f18]
Event: 23.163 Thread 0x000002e076c16870 5115       4       kotlinx.coroutines.internal.LockFreeLinkedListNode::removeOrNext (63 bytes)
Event: 23.175 Thread 0x000002e076c16870 nmethod 5115 0x000002e0634a7510 code [0x000002e0634a76e0, 0x000002e0634a7fb8]
Event: 23.175 Thread 0x000002e076c16870 5116   !   4       androidx.compose.runtime.snapshots.SnapshotStateObserver::drainChanges (176 bytes)
Event: 23.186 Thread 0x000002e076c16870 nmethod 5116 0x000002e0634a8510 code [0x000002e0634a86c0, 0x000002e0634a8ee8]
Event: 23.233 Thread 0x000002e076c16870 5117       4       java.util.HashMap::removeNode (291 bytes)
Event: 23.247 Thread 0x000002e076c16870 nmethod 5117 0x000002e0634a9490 code [0x000002e0634a9660, 0x000002e0634aa4f8]
Event: 23.340 Thread 0x000002e076c16870 5118       4       kotlinx.coroutines.scheduling.CoroutineScheduler$Worker::trySteal (262 bytes)
Event: 23.353 Thread 0x000002e076c16870 nmethod 5118 0x000002e0634aaa90 code [0x000002e0634aac20, 0x000002e0634ab018]
Event: 23.511 Thread 0x000002e076c16870 5119       4       java.util.concurrent.locks.AbstractQueuedSynchronizer::signalNext (34 bytes)
Event: 23.512 Thread 0x000002e076c16870 nmethod 5119 0x000002e0634ab510 code [0x000002e0634ab6a0, 0x000002e0634ab788]
Event: 23.732 Thread 0x000002e076c318e0 5120       3       java.util.concurrent.atomic.AtomicBoolean::get (13 bytes)
Event: 23.732 Thread 0x000002e076c318e0 nmethod 5120 0x000002e05c0f8610 code [0x000002e05c0f87a0, 0x000002e05c0f8918]
Event: 23.880 Thread 0x000002e076c16870 5121       4       androidx.compose.runtime.snapshots.SnapshotIdSetKt::lowestBitOf (138 bytes)
Event: 23.881 Thread 0x000002e076c16870 nmethod 5121 0x000002e0634ab890 code [0x000002e0634aba00, 0x000002e0634abaf8]
Event: 23.893 Thread 0x000002e076c318e0 5122       3       kotlinx.coroutines.JobSupport::isCompleted (16 bytes)
Event: 23.893 Thread 0x000002e076c318e0 nmethod 5122 0x000002e05c0f8990 code [0x000002e05c0f8b40, 0x000002e05c0f8de8]
Event: 23.895 Thread 0x000002e076c16870 5123       4       java.lang.StringBuilder::append (8 bytes)

GC Heap History (20 events):
Event: 1.661 GC heap before
{Heap before GC invocations=1 (full 0):
 garbage-first heap   total 260096K, used 15387K [0x0000000702600000, 0x0000000800000000)
  region size 2048K, 6 young (12288K), 1 survivors (2048K)
 Metaspace       used 13659K, committed 13760K, reserved 1114112K
  class space    used 1195K, committed 1216K, reserved 1048576K
}
Event: 1.664 GC heap after
{Heap after GC invocations=2 (full 0):
 garbage-first heap   total 260096K, used 8080K [0x0000000702600000, 0x0000000800000000)
  region size 2048K, 1 young (2048K), 1 survivors (2048K)
 Metaspace       used 13659K, committed 13760K, reserved 1114112K
  class space    used 1195K, committed 1216K, reserved 1048576K
}
Event: 2.529 GC heap before
{Heap before GC invocations=2 (full 0):
 garbage-first heap   total 260096K, used 30608K [0x0000000702600000, 0x0000000800000000)
  region size 2048K, 13 young (26624K), 1 survivors (2048K)
 Metaspace       used 21302K, committed 21504K, reserved 1114112K
  class space    used 2144K, committed 2240K, reserved 1048576K
}
Event: 2.532 GC heap after
{Heap after GC invocations=3 (full 0):
 garbage-first heap   total 260096K, used 9375K [0x0000000702600000, 0x0000000800000000)
  region size 2048K, 2 young (4096K), 2 survivors (4096K)
 Metaspace       used 21302K, committed 21504K, reserved 1114112K
  class space    used 2144K, committed 2240K, reserved 1048576K
}
Event: 3.053 GC heap before
{Heap before GC invocations=4 (full 0):
 garbage-first heap   total 40960K, used 27807K [0x0000000702600000, 0x0000000800000000)
  region size 2048K, 12 young (24576K), 2 survivors (4096K)
 Metaspace       used 26353K, committed 26624K, reserved 1114112K
  class space    used 2766K, committed 2880K, reserved 1048576K
}
Event: 3.059 GC heap after
{Heap after GC invocations=5 (full 0):
 garbage-first heap   total 40960K, used 10223K [0x0000000702600000, 0x0000000800000000)
  region size 2048K, 2 young (4096K), 2 survivors (4096K)
 Metaspace       used 26353K, committed 26624K, reserved 1114112K
  class space    used 2766K, committed 2880K, reserved 1048576K
}
Event: 3.109 GC heap before
{Heap before GC invocations=5 (full 0):
 garbage-first heap   total 40960K, used 12271K [0x0000000702600000, 0x0000000800000000)
  region size 2048K, 3 young (6144K), 2 survivors (4096K)
 Metaspace       used 26705K, committed 26880K, reserved 1114112K
  class space    used 2813K, committed 2880K, reserved 1048576K
}
Event: 3.113 GC heap after
{Heap after GC invocations=6 (full 0):
 garbage-first heap   total 40960K, used 10313K [0x0000000702600000, 0x0000000800000000)
  region size 2048K, 1 young (2048K), 1 survivors (2048K)
 Metaspace       used 26705K, committed 26880K, reserved 1114112K
  class space    used 2813K, committed 2880K, reserved 1048576K
}
Event: 7.736 GC heap before
{Heap before GC invocations=6 (full 0):
 garbage-first heap   total 40960K, used 30793K [0x0000000702600000, 0x0000000800000000)
  region size 2048K, 8 young (16384K), 1 survivors (2048K)
 Metaspace       used 30482K, committed 30784K, reserved 1114112K
  class space    used 3227K, committed 3392K, reserved 1048576K
}
Event: 7.738 GC heap after
{Heap after GC invocations=7 (full 0):
 garbage-first heap   total 40960K, used 17018K [0x0000000702600000, 0x0000000800000000)
  region size 2048K, 1 young (2048K), 1 survivors (2048K)
 Metaspace       used 30482K, committed 30784K, reserved 1114112K
  class space    used 3227K, committed 3392K, reserved 1048576K
}
Event: 8.606 GC heap before
{Heap before GC invocations=7 (full 0):
 garbage-first heap   total 40960K, used 27258K [0x0000000702600000, 0x0000000800000000)
  region size 2048K, 6 young (12288K), 1 survivors (2048K)
 Metaspace       used 32176K, committed 32448K, reserved 1114112K
  class space    used 3448K, committed 3584K, reserved 1048576K
}
Event: 8.609 GC heap after
{Heap after GC invocations=8 (full 0):
 garbage-first heap   total 40960K, used 17540K [0x0000000702600000, 0x0000000800000000)
  region size 2048K, 1 young (2048K), 1 survivors (2048K)
 Metaspace       used 32176K, committed 32448K, reserved 1114112K
  class space    used 3448K, committed 3584K, reserved 1048576K
}
Event: 8.826 GC heap before
{Heap before GC invocations=8 (full 0):
 garbage-first heap   total 40960K, used 29828K [0x0000000702600000, 0x0000000800000000)
  region size 2048K, 7 young (14336K), 1 survivors (2048K)
 Metaspace       used 34121K, committed 34432K, reserved 1114112K
  class space    used 3686K, committed 3840K, reserved 1048576K
}
Event: 8.829 GC heap after
{Heap after GC invocations=9 (full 0):
 garbage-first heap   total 40960K, used 18584K [0x0000000702600000, 0x0000000800000000)
  region size 2048K, 1 young (2048K), 1 survivors (2048K)
 Metaspace       used 34121K, committed 34432K, reserved 1114112K
  class space    used 3686K, committed 3840K, reserved 1048576K
}
Event: 9.015 GC heap before
{Heap before GC invocations=9 (full 0):
 garbage-first heap   total 40960K, used 26776K [0x0000000702600000, 0x0000000800000000)
  region size 2048K, 6 young (12288K), 1 survivors (2048K)
 Metaspace       used 35764K, committed 35968K, reserved 1114112K
  class space    used 3915K, committed 4032K, reserved 1048576K
}
Event: 9.019 GC heap after
{Heap after GC invocations=10 (full 0):
 garbage-first heap   total 151552K, used 19607K [0x0000000702600000, 0x0000000800000000)
  region size 2048K, 1 young (2048K), 1 survivors (2048K)
 Metaspace       used 35764K, committed 35968K, reserved 1114112K
  class space    used 3915K, committed 4032K, reserved 1048576K
}
Event: 14.921 GC heap before
{Heap before GC invocations=11 (full 0):
 garbage-first heap   total 81920K, used 70807K [0x0000000702600000, 0x0000000800000000)
  region size 2048K, 23 young (47104K), 1 survivors (2048K)
 Metaspace       used 43003K, committed 43200K, reserved 1114112K
  class space    used 4657K, committed 4736K, reserved 1048576K
}
Event: 14.928 GC heap after
{Heap after GC invocations=12 (full 0):
 garbage-first heap   total 81920K, used 30726K [0x0000000702600000, 0x0000000800000000)
  region size 2048K, 2 young (4096K), 2 survivors (4096K)
 Metaspace       used 43003K, committed 43200K, reserved 1114112K
  class space    used 4657K, committed 4736K, reserved 1048576K
}
Event: 15.803 GC heap before
{Heap before GC invocations=12 (full 0):
 garbage-first heap   total 81920K, used 32774K [0x0000000702600000, 0x0000000800000000)
  region size 2048K, 3 young (6144K), 2 survivors (4096K)
 Metaspace       used 43015K, committed 43200K, reserved 1114112K
  class space    used 4657K, committed 4736K, reserved 1048576K
}
Event: 15.807 GC heap after
{Heap after GC invocations=13 (full 0):
 garbage-first heap   total 81920K, used 31050K [0x0000000702600000, 0x0000000800000000)
  region size 2048K, 1 young (2048K), 1 survivors (2048K)
 Metaspace       used 43015K, committed 43200K, reserved 1114112K
  class space    used 4657K, committed 4736K, reserved 1048576K
}

Dll operation events (3 events):
Event: 0.015 Loaded shared library C:\Users\HP\.jdks\jbr-17.0.7-1\bin\java.dll
Event: 0.095 Loaded shared library C:\Users\HP\.jdks\jbr-17.0.7-1\bin\jsvml.dll
Event: 0.360 Loaded shared library C:\Users\HP\.jdks\jbr-17.0.7-1\bin\zip.dll

Deoptimization events (20 events):
Event: 11.790 Thread 0x000002e07b24f850 DEOPT PACKING pc=0x000002e06338784c sp=0x000000eb0b4fe130
Event: 11.790 Thread 0x000002e07b24f850 DEOPT UNPACKING pc=0x000002e062c769a3 sp=0x000000eb0b4fe070 mode 2
Event: 11.880 Thread 0x000002e07b24f850 DEOPT PACKING pc=0x000002e05bd718ae sp=0x000000eb0b4fdfd0
Event: 11.880 Thread 0x000002e07b24f850 DEOPT UNPACKING pc=0x000002e062c77143 sp=0x000000eb0b4fd458 mode 0
Event: 16.742 Thread 0x000002e07b24f850 Uncommon trap: trap_request=0xffffff45 fr.pc=0x000002e0634009d8 relative=0x0000000000003af8
Event: 16.742 Thread 0x000002e07b24f850 Uncommon trap: reason=unstable_if action=reinterpret pc=0x000002e0634009d8 method=java.awt.EventQueue.getPriority(Ljava/awt/AWTEvent;)I @ 4 c2
Event: 16.742 Thread 0x000002e07b24f850 DEOPT PACKING pc=0x000002e0634009d8 sp=0x000000eb0b4ff340
Event: 16.742 Thread 0x000002e07b24f850 DEOPT UNPACKING pc=0x000002e062c769a3 sp=0x000000eb0b4ff208 mode 2
Event: 16.742 Thread 0x000002e07b24f850 Uncommon trap: trap_request=0xffffff45 fr.pc=0x000002e063408418 relative=0x0000000000000078
Event: 16.742 Thread 0x000002e07b24f850 Uncommon trap: reason=unstable_if action=reinterpret pc=0x000002e063408418 method=java.awt.EventQueue.eventToCacheIndex(Ljava/awt/AWTEvent;)I @ 71 c2
Event: 16.742 Thread 0x000002e07b24f850 DEOPT PACKING pc=0x000002e063408418 sp=0x000000eb0b4ff140
Event: 16.742 Thread 0x000002e07b24f850 DEOPT UNPACKING pc=0x000002e062c769a3 sp=0x000000eb0b4ff0d8 mode 2
Event: 16.745 Thread 0x000002e07b24f850 Uncommon trap: trap_request=0xffffff45 fr.pc=0x000002e0633aad68 relative=0x0000000000000e88
Event: 16.745 Thread 0x000002e07b24f850 Uncommon trap: reason=unstable_if action=reinterpret pc=0x000002e0633aad68 method=java.security.AccessControlContext.combine([Ljava/security/ProtectionDomain;[Ljava/security/ProtectionDomain;)[Ljava/security/ProtectionDomain; @ 155 c2
Event: 16.745 Thread 0x000002e07b24f850 DEOPT PACKING pc=0x000002e0633aad68 sp=0x000000eb0b4fdf30
Event: 16.745 Thread 0x000002e07b24f850 DEOPT UNPACKING pc=0x000002e062c769a3 sp=0x000000eb0b4fde48 mode 2
Event: 23.894 Thread 0x000002e07f10b270 Uncommon trap: trap_request=0xffffff45 fr.pc=0x000002e06343a5e0 relative=0x0000000000000880
Event: 23.894 Thread 0x000002e07f10b270 Uncommon trap: reason=unstable_if action=reinterpret pc=0x000002e06343a5e0 method=kotlinx.coroutines.CancellableContinuationImpl.getExceptionalResult$kotlinx_coroutines_core(Ljava/lang/Object;)Ljava/lang/Throwable; @ 6 c2
Event: 23.894 Thread 0x000002e07f10b270 DEOPT PACKING pc=0x000002e06343a5e0 sp=0x000000eb0c5ff480
Event: 23.894 Thread 0x000002e07f10b270 DEOPT UNPACKING pc=0x000002e062c769a3 sp=0x000000eb0c5ff350 mode 2

Classes unloaded (0 events):
No events

Classes redefined (0 events):
No events

Internal exceptions (20 events):
Event: 2.440 Thread 0x000002e07b24f850 Exception <a 'java/lang/NoSuchMethodError'{0x0000000710ca3070}: 'void java.lang.invoke.DirectMethodHandle$Holder.invokeStatic(java.lang.Object, java.lang.Object, java.lang.Object)'> (0x0000000710ca3070) 
thrown [s\src\hotspot\share\interpreter\linkResolver.cpp, line 771]
Event: 2.516 Thread 0x000002e07b24f850 Exception <a 'java/lang/NoSuchMethodError'{0x0000000710b2c808}: 'java.lang.Object java.lang.invoke.DirectMethodHandle$Holder.newInvokeSpecial(java.lang.Object, java.lang.Object, int, int)'> (0x0000000710b2c808) 
thrown [s\src\hotspot\share\interpreter\linkResolver.cpp, line 771]
Event: 2.518 Thread 0x000002e07b24f850 Exception <a 'java/lang/NoSuchMethodError'{0x0000000710b3dc58}: 'java.lang.Object java.lang.invoke.DirectMethodHandle$Holder.newInvokeSpecial(java.lang.Object, java.lang.Object, int, int, int, int)'> (0x0000000710b3dc58) 
thrown [s\src\hotspot\share\interpreter\linkResolver.cpp, line 771]
Event: 2.579 Thread 0x000002e07b24c830 Exception <a 'java/lang/NoSuchMethodError'{0x00000007046052f8}: 'void java.lang.invoke.DirectMethodHandle$Holder.invokeVirtual(java.lang.Object, java.lang.Object)'> (0x00000007046052f8) 
thrown [s\src\hotspot\share\interpreter\linkResolver.cpp, line 771]
Event: 2.676 Thread 0x000002e07b24f850 Exception <a 'java/lang/NoSuchMethodError'{0x00000007047fa850}: 'java.lang.Object java.lang.invoke.DirectMethodHandle$Holder.invokeStaticInit(java.lang.Object, java.lang.Object, java.lang.Object, java.lang.Object, java.lang.Object, java.lang.Object, java.lang.Object)'> (0x00000007047fa850) 
thrown [s\src\hotspot\share\interpreter\linkResolver.cpp, line 771]
Event: 2.677 Thread 0x000002e07b24f850 Exception <a 'java/lang/NoSuchMethodError'{0x0000000704404838}: 'java.lang.Object java.lang.invoke.DirectMethodHandle$Holder.invokeSpecial(java.lang.Object, java.lang.Object, java.lang.Object, java.lang.Object, java.lang.Object, java.lang.Object, java.lang.Object, java.lang.Object, java.lang.Object, java.lang.Object)'> (0x0000000704404838) 
thrown [s\src\hotspot\share\interpreter\linkResolver.cpp, line 771]
Event: 2.677 Thread 0x000002e07b24f850 Exception <a 'java/lang/NoSuchMethodError'{0x00000007044090c8}: 'java.lang.Object java.lang.invoke.Invokers$Holder.invoke_MT(java.lang.Object, java.lang.Object, java.lang.Object, java.lang.Object, java.lang.Object, java.lang.Object, java.lang.Object, java.lang.Object, java.lang.Object, java.lang.Object)'> (0x00000007044090c8) 
thrown [s\src\hotspot\share\interpreter\linkResolver.cpp, line 771]
Event: 2.679 Thread 0x000002e07b24f850 Exception <a 'java/lang/NoSuchMethodError'{0x000000070440f810}: 'java.lang.Object java.lang.invoke.DirectMethodHandle$Holder.invokeStatic(java.lang.Object, java.lang.Object, int)'> (0x000000070440f810) 
thrown [s\src\hotspot\share\interpreter\linkResolver.cpp, line 771]
Event: 2.681 Thread 0x000002e07b24f850 Exception <a 'java/lang/NoSuchMethodError'{0x0000000704422378}: 'void java.lang.invoke.DelegatingMethodHandle$Holder.delegate(java.lang.Object, java.lang.Object, int, java.lang.Object)'> (0x0000000704422378) 
thrown [s\src\hotspot\share\interpreter\linkResolver.cpp, line 771]
Event: 2.682 Thread 0x000002e07b24f850 Exception <a 'java/lang/NoSuchMethodError'{0x0000000704426760}: 'int java.lang.invoke.DirectMethodHandle$Holder.invokeSpecial(java.lang.Object, java.lang.Object, java.lang.Object)'> (0x0000000704426760) 
thrown [s\src\hotspot\share\interpreter\linkResolver.cpp, line 771]
Event: 2.686 Thread 0x000002e07b24f850 Exception <a 'java/lang/NoSuchMethodError'{0x0000000704446da8}: 'int java.lang.invoke.DirectMethodHandle$Holder.invokeVirtual(java.lang.Object, java.lang.Object, java.lang.Object)'> (0x0000000704446da8) 
thrown [s\src\hotspot\share\interpreter\linkResolver.cpp, line 771]
Event: 2.686 Thread 0x000002e07b24f850 Exception <a 'java/lang/NoSuchMethodError'{0x000000070444abe0}: 'int java.lang.invoke.DirectMethodHandle$Holder.invokeVirtual(java.lang.Object, java.lang.Object)'> (0x000000070444abe0) 
thrown [s\src\hotspot\share\interpreter\linkResolver.cpp, line 771]
Event: 2.687 Thread 0x000002e07b24f850 Exception <a 'java/lang/NoSuchMethodError'{0x000000070444f3d8}: 'int java.lang.invoke.DirectMethodHandle$Holder.invokeStaticInit(java.lang.Object, java.lang.Object, java.lang.Object)'> (0x000000070444f3d8) 
thrown [s\src\hotspot\share\interpreter\linkResolver.cpp, line 771]
Event: 2.687 Thread 0x000002e07b24f850 Exception <a 'java/lang/NoSuchMethodError'{0x0000000704453260}: 'int java.lang.invoke.DirectMethodHandle$Holder.invokeStaticInit(java.lang.Object, int, int)'> (0x0000000704453260) 
thrown [s\src\hotspot\share\interpreter\linkResolver.cpp, line 771]
Event: 2.688 Thread 0x000002e07b24f850 Exception <a 'java/lang/NoSuchMethodError'{0x000000070445b098}: 'int java.lang.invoke.DirectMethodHandle$Holder.invokeStaticInit(java.lang.Object, long, long)'> (0x000000070445b098) 
thrown [s\src\hotspot\share\interpreter\linkResolver.cpp, line 771]
Event: 2.688 Thread 0x000002e07b24f850 Exception <a 'java/lang/NoSuchMethodError'{0x0000000704462438}: 'int java.lang.invoke.DirectMethodHandle$Holder.invokeStaticInit(java.lang.Object, float, float)'> (0x0000000704462438) 
thrown [s\src\hotspot\share\interpreter\linkResolver.cpp, line 771]
Event: 2.689 Thread 0x000002e07b24f850 Exception <a 'java/lang/NoSuchMethodError'{0x00000007044697e0}: 'int java.lang.invoke.DirectMethodHandle$Holder.invokeStaticInit(java.lang.Object, double, double)'> (0x00000007044697e0) 
thrown [s\src\hotspot\share\interpreter\linkResolver.cpp, line 771]
Event: 2.689 Thread 0x000002e07b24f850 Exception <a 'java/lang/NoSuchMethodError'{0x000000070446e338}: 'int java.lang.invoke.DirectMethodHandle$Holder.invokeStatic(java.lang.Object, long)'> (0x000000070446e338) 
thrown [s\src\hotspot\share\interpreter\linkResolver.cpp, line 771]
Event: 2.692 Thread 0x000002e07b24f850 Exception <a 'java/lang/NoSuchMethodError'{0x0000000704492a80}: 'int java.lang.invoke.Invokers$Holder.linkToTargetMethod(java.lang.Object, java.lang.Object)'> (0x0000000704492a80) 
thrown [s\src\hotspot\share\interpreter\linkResolver.cpp, line 771]
Event: 9.087 Thread 0x000002e07b24f850 Exception <a 'java/lang/NoSuchMethodError'{0x00000007109f2de8}: 'java.lang.Object java.lang.invoke.DirectMethodHandle$Holder.newInvokeSpecial(java.lang.Object, int, java.lang.Object)'> (0x00000007109f2de8) 
thrown [s\src\hotspot\share\interpreter\linkResolver.cpp, line 771]

VM Operations (20 events):
Event: 14.723 Executing VM operation: Cleanup
Event: 14.723 Executing VM operation: Cleanup done
Event: 14.921 Executing VM operation: G1CollectForAllocation
Event: 14.928 Executing VM operation: G1CollectForAllocation done
Event: 15.803 Executing VM operation: G1CollectForAllocation
Event: 15.807 Executing VM operation: G1CollectForAllocation done
Event: 16.809 Executing VM operation: Cleanup
Event: 16.809 Executing VM operation: Cleanup done
Event: 17.809 Executing VM operation: Cleanup
Event: 17.809 Executing VM operation: Cleanup done
Event: 18.823 Executing VM operation: Cleanup
Event: 18.823 Executing VM operation: Cleanup done
Event: 19.835 Executing VM operation: Cleanup
Event: 19.835 Executing VM operation: Cleanup done
Event: 20.849 Executing VM operation: Cleanup
Event: 20.849 Executing VM operation: Cleanup done
Event: 21.869 Executing VM operation: Cleanup
Event: 21.946 Executing VM operation: Cleanup done
Event: 22.956 Executing VM operation: Cleanup
Event: 22.956 Executing VM operation: Cleanup done

Events (20 events):
Event: 9.784 loading class sun/awt/SunGraphicsCallback
Event: 9.784 loading class sun/awt/SunGraphicsCallback done
Event: 9.784 loading class java/awt/GraphicsCallback done
Event: 9.784 loading class java/awt/GraphicsCallback$PaintCallback done
Event: 10.108 Thread 0x000002e07b9129d0 Thread exited: 0x000002e07b9129d0
Event: 10.147 Thread 0x000002e07f594450 Thread added: 0x000002e07f594450
Event: 12.319 Thread 0x000002e07f594450 Thread exited: 0x000002e07f594450
Event: 20.276 loading class java/security/DomainCombiner
Event: 20.277 loading class java/security/DomainCombiner done
Event: 23.889 loading class jdk/internal/misc/Signal$1
Event: 23.889 loading class jdk/internal/misc/Signal$1 done
Event: 23.889 Thread 0x000002e07f10ddc0 Thread added: 0x000002e07f10ddc0
Event: 23.890 Thread 0x000002e07f1112b0 Thread added: 0x000002e07f1112b0
Event: 23.890 Thread 0x000002e07f111780 Thread added: 0x000002e07f111780
Event: 23.890 Thread 0x000002e07f111c50 Thread added: 0x000002e07f111c50
Event: 23.890 Thread 0x000002e07f111780 Thread exited: 0x000002e07f111780
Event: 23.896 Thread 0x000002e07f111c50 Thread exited: 0x000002e07f111c50
Event: 23.896 Thread 0x000002e07f10b270 Thread exited: 0x000002e07f10b270
Event: 23.897 Thread 0x000002e07f10e290 Thread exited: 0x000002e07f10e290
Event: 23.900 Thread 0x000002e07b24c830 Thread exited: 0x000002e07b24c830


Dynamic libraries:
0x00007ff762bd0000 - 0x00007ff762bda000 	C:\Users\HP\.jdks\jbr-17.0.7-1\bin\java.exe
0x00007ffb07c30000 - 0x00007ffb07e28000 	C:\Windows\SYSTEM32\ntdll.dll
0x00007ffb07050000 - 0x00007ffb0710f000 	C:\Windows\System32\KERNEL32.DLL
0x00007ffb056e0000 - 0x00007ffb059d6000 	C:\Windows\System32\KERNELBASE.dll
0x00007ffad9850000 - 0x00007ffad9867000 	C:\Users\HP\.jdks\jbr-17.0.7-1\bin\jli.dll
0x00007ffb055e0000 - 0x00007ffb056e0000 	C:\Windows\System32\ucrtbase.dll
0x00007ffadbca0000 - 0x00007ffadbcbb000 	C:\Users\HP\.jdks\jbr-17.0.7-1\bin\VCRUNTIME140.dll
0x00007ffb075e0000 - 0x00007ffb0777d000 	C:\Windows\System32\USER32.dll
0x00007ffaee100000 - 0x00007ffaee39a000 	C:\Windows\WinSxS\amd64_microsoft.windows.common-controls_6595b64144ccf1df_6.0.19041.1110_none_60b5254171f9507e\COMCTL32.dll
0x00007ffb073c0000 - 0x00007ffb0745e000 	C:\Windows\System32\msvcrt.dll
0x00007ffb059e0000 - 0x00007ffb05a02000 	C:\Windows\System32\win32u.dll
0x00007ffb05c90000 - 0x00007ffb05cbc000 	C:\Windows\System32\GDI32.dll
0x00007ffb05b70000 - 0x00007ffb05c85000 	C:\Windows\System32\gdi32full.dll
0x00007ffb05540000 - 0x00007ffb055dd000 	C:\Windows\System32\msvcp_win.dll
0x00007ffb06900000 - 0x00007ffb06930000 	C:\Windows\System32\IMM32.DLL
0x00007ffafd350000 - 0x00007ffafd35c000 	C:\Users\HP\.jdks\jbr-17.0.7-1\bin\vcruntime140_1.dll
0x00007ffad13e0000 - 0x00007ffad146d000 	C:\Users\HP\.jdks\jbr-17.0.7-1\bin\msvcp140.dll
0x00007ffad0760000 - 0x00007ffad13e0000 	C:\Users\HP\.jdks\jbr-17.0.7-1\bin\server\jvm.dll
0x00007ffb05df0000 - 0x00007ffb05e9f000 	C:\Windows\System32\ADVAPI32.dll
0x00007ffb07110000 - 0x00007ffb071ac000 	C:\Windows\System32\sechost.dll
0x00007ffb06080000 - 0x00007ffb061a6000 	C:\Windows\System32\RPCRT4.dll
0x00007ffaeee70000 - 0x00007ffaeee79000 	C:\Windows\SYSTEM32\WSOCK32.dll
0x00007ffb069c0000 - 0x00007ffb06a2b000 	C:\Windows\System32\WS2_32.dll
0x00007ffaec5c0000 - 0x00007ffaec5e7000 	C:\Windows\SYSTEM32\WINMM.dll
0x00007ffafadf0000 - 0x00007ffafadfa000 	C:\Windows\SYSTEM32\VERSION.dll
0x00007ffb03b00000 - 0x00007ffb03b12000 	C:\Windows\SYSTEM32\kernel.appcore.dll
0x00007ffafd260000 - 0x00007ffafd26a000 	C:\Users\HP\.jdks\jbr-17.0.7-1\bin\jimage.dll
0x00007ffb00020000 - 0x00007ffb00204000 	C:\Windows\SYSTEM32\DBGHELP.DLL
0x00007ffaeec60000 - 0x00007ffaeec94000 	C:\Windows\SYSTEM32\dbgcore.DLL
0x00007ffb054b0000 - 0x00007ffb05532000 	C:\Windows\System32\bcryptPrimitives.dll
0x00007ffafd370000 - 0x00007ffafd37e000 	C:\Users\HP\.jdks\jbr-17.0.7-1\bin\instrument.dll
0x00007ffad9820000 - 0x00007ffad9845000 	C:\Users\HP\.jdks\jbr-17.0.7-1\bin\java.dll
0x00007ffad72e0000 - 0x00007ffad72f8000 	C:\Users\HP\.jdks\jbr-17.0.7-1\bin\zip.dll
0x00007ffad0680000 - 0x00007ffad0757000 	C:\Users\HP\.jdks\jbr-17.0.7-1\bin\jsvml.dll
0x00007ffb061b0000 - 0x00007ffb068f4000 	C:\Windows\System32\SHELL32.dll
0x00007ffb00210000 - 0x00007ffb009a4000 	C:\Windows\SYSTEM32\windows.storage.dll
0x00007ffb06b80000 - 0x00007ffb06ed4000 	C:\Windows\System32\combase.dll
0x00007ffb04b90000 - 0x00007ffb04bbe000 	C:\Windows\SYSTEM32\Wldp.dll
0x00007ffb06ef0000 - 0x00007ffb06f9d000 	C:\Windows\System32\SHCORE.dll
0x00007ffb07580000 - 0x00007ffb075d5000 	C:\Windows\System32\shlwapi.dll
0x00007ffb05240000 - 0x00007ffb05265000 	C:\Windows\SYSTEM32\profapi.dll
0x00007ffad6a10000 - 0x00007ffad6a29000 	C:\Users\HP\.jdks\jbr-17.0.7-1\bin\net.dll
0x00007ffaf65e0000 - 0x00007ffaf66ea000 	C:\Windows\SYSTEM32\WINHTTP.dll
0x00007ffb04970000 - 0x00007ffb049da000 	C:\Windows\system32\mswsock.dll
0x00007ffad0660000 - 0x00007ffad0676000 	C:\Users\HP\.jdks\jbr-17.0.7-1\bin\nio.dll
0x00007ffaf9440000 - 0x00007ffaf945a000 	C:\Program Files\JetBrains\IntelliJ IDEA Community Edition 2021.3.2\bin\breakgen64.dll
0x00007ffa9ca00000 - 0x00007ffa9cb98000 	C:\Users\HP\.jdks\jbr-17.0.7-1\bin\awt.dll
0x00007ffb05d20000 - 0x00007ffb05ded000 	C:\Windows\System32\OLEAUT32.dll
0x00007ffaff9b0000 - 0x00007ffaff9df000 	C:\Windows\SYSTEM32\dwmapi.dll
0x00007ffadbd10000 - 0x00007ffadbd54000 	C:\Users\HP\.jdks\jbr-17.0.7-1\bin\nvdaControllerClient64.dll
0x00007ffafefa0000 - 0x00007ffaff031000 	C:\Windows\SYSTEM32\apphelp.dll
0x00007ffaff300000 - 0x00007ffaff39e000 	C:\Windows\system32\uxtheme.dll
0x00007ffb07460000 - 0x00007ffb07574000 	C:\Windows\System32\MSCTF.dll
0x00007ffb071b0000 - 0x00007ffb072da000 	C:\Windows\System32\ole32.dll
0x00007ffadd9f0000 - 0x00007ffaddb15000 	C:\Windows\system32\opengl32.dll
0x00007ffade740000 - 0x00007ffade76c000 	C:\Windows\SYSTEM32\GLU32.dll
0x00007ffb04bd0000 - 0x00007ffb04be8000 	C:\Windows\SYSTEM32\CRYPTSP.dll
0x00007ffb042b0000 - 0x00007ffb042e4000 	C:\Windows\system32\rsaenh.dll
0x00007ffb05310000 - 0x00007ffb05337000 	C:\Windows\System32\bcrypt.dll
0x00007ffb051c0000 - 0x00007ffb051ee000 	C:\Windows\SYSTEM32\USERENV.dll
0x00007ffb04b00000 - 0x00007ffb04b0c000 	C:\Windows\SYSTEM32\CRYPTBASE.dll
0x00007ffb04680000 - 0x00007ffb046bc000 	C:\Windows\SYSTEM32\IPHLPAPI.DLL
0x00007ffb05ea0000 - 0x00007ffb05ea8000 	C:\Windows\System32\NSI.dll
0x00007ffaf8ab0000 - 0x00007ffaf8ac7000 	C:\Windows\SYSTEM32\dhcpcsvc6.DLL
0x00007ffaf83c0000 - 0x00007ffaf83dd000 	C:\Windows\SYSTEM32\dhcpcsvc.DLL
0x00007ffb046c0000 - 0x00007ffb0478a000 	C:\Windows\SYSTEM32\DNSAPI.dll
0x00007ffa83920000 - 0x00007ffa8492f000 	C:\Users\HP\.skiko\58752788008ddd92aea4562f2a41915f7f74e689ca70e0fbada57f009a92b9cf\skiko-windows-x64.dll
0x00007ffaedc90000 - 0x00007ffaede35000 	C:\Windows\WinSxS\amd64_microsoft.windows.gdiplus_6595b64144ccf1df_1.1.19041.2251_none_91a40448cc8846c1\gdiplus.dll
0x00007ffacf0e0000 - 0x00007ffacf166000 	C:\Users\HP\.jdks\jbr-17.0.7-1\bin\freetype.dll
0x00007ffacf010000 - 0x00007ffacf0d9000 	C:\Users\HP\.jdks\jbr-17.0.7-1\bin\fontmanager.dll
0x00007ffafd300000 - 0x00007ffafd307000 	C:\Users\HP\.jdks\jbr-17.0.7-1\bin\jawt.dll
0x00007ffb03b70000 - 0x00007ffb03c63000 	C:\Windows\SYSTEM32\Dxgi.dll
0x00007ffaf93f0000 - 0x00007ffaf9410000 	C:\Windows\SYSTEM32\D3D12.dll
0x00007ffa8c980000 - 0x00007ffa8cb4d000 	C:\Windows\SYSTEM32\D3D12Core.dll
0x00007ffaf84e0000 - 0x00007ffaf851b000 	C:\Windows\SYSTEM32\dxcore.dll
0x00007ffb05460000 - 0x00007ffb054ae000 	C:\Windows\System32\cfgmgr32.dll
0x00007ffaf3540000 - 0x00007ffaf6159000 	C:\Windows\System32\DriverStore\FileRepository\igdlh64.inf_amd64_e6daaea9afe1e6f6\igc64.dll
0x00007ffa812e0000 - 0x00007ffa827b3000 	C:\Windows\System32\DriverStore\FileRepository\igdlh64.inf_amd64_e6daaea9afe1e6f6\igd12umd64.dll
0x00007ffaf6780000 - 0x00007ffaf69d7000 	C:\Windows\System32\DriverStore\FileRepository\igdlh64.inf_amd64_e6daaea9afe1e6f6\igdgmm64.dll
0x00007ffa8b970000 - 0x00007ffa8bd7b000 	C:\Windows\System32\DriverStore\FileRepository\igdlh64.inf_amd64_e6daaea9afe1e6f6\igdml64.dll
0x00007ffadbcc0000 - 0x00007ffadbceb000 	C:\Windows\SYSTEM32\D3DSCache.dll
0x00007ffa7cad0000 - 0x00007ffa812d2000 	C:\Windows\System32\DriverStore\FileRepository\igdlh64.inf_amd64_e6daaea9afe1e6f6\igd12dxva64.dll
0x00007ffb07780000 - 0x00007ffb07bee000 	C:\Windows\System32\SETUPAPI.dll
0x00007ffa8cd00000 - 0x00007ffa8cd27000 	C:\Windows\System32\DriverStore\FileRepository\igdlh64.inf_amd64_e6daaea9afe1e6f6\igdinfo64.dll
0x00007ffb06fa0000 - 0x00007ffb07049000 	C:\Windows\System32\clbcatq.dll
0x00007ffa7baf0000 - 0x00007ffa7cac2000 	C:\Windows\System32\DriverStore\FileRepository\igdlh64.inf_amd64_e6daaea9afe1e6f6\ig9icd64.dll
0x00007ffb05170000 - 0x00007ffb051bb000 	C:\Windows\SYSTEM32\powrprof.dll
0x00007ffb05150000 - 0x00007ffb05162000 	C:\Windows\SYSTEM32\UMPDC.dll
0x00007ffadace0000 - 0x00007ffadaf5f000 	C:\Windows\SYSTEM32\dwrite.dll
0x00007ffae0b50000 - 0x00007ffae0c49000 	C:\Windows\SYSTEM32\textinputframework.dll
0x00007ffafe8c0000 - 0x00007ffafec1e000 	C:\Windows\System32\CoreUIComponents.dll
0x00007ffafec20000 - 0x00007ffafed12000 	C:\Windows\System32\CoreMessaging.dll
0x00007ffb043d0000 - 0x00007ffb04403000 	C:\Windows\SYSTEM32\ntmarta.dll
0x00007ffafe1c0000 - 0x00007ffafe314000 	C:\Windows\SYSTEM32\wintypes.dll
0x00007ffa83060000 - 0x00007ffa83912000 	C:\Users\HP\AppData\Local\io-realm-kotlin\f7113120ba00ba1ff91d696eecd3919e85a4e34e\realmc.dll
0x00007ffb05a10000 - 0x00007ffb05b6e000 	C:\Windows\System32\CRYPT32.dll

dbghelp: loaded successfully - version: 4.0.5 - missing functions: none
symbol engine: initialized successfully - sym options: 0x614 - pdb path: .;C:\Users\HP\.jdks\jbr-17.0.7-1\bin;C:\Windows\SYSTEM32;C:\Windows\WinSxS\amd64_microsoft.windows.common-controls_6595b64144ccf1df_6.0.19041.1110_none_60b5254171f9507e;C:\Users\HP\.jdks\jbr-17.0.7-1\bin\server;C:\Program Files\JetBrains\IntelliJ IDEA Community Edition 2021.3.2\bin;C:\Users\HP\.skiko\58752788008ddd92aea4562f2a41915f7f74e689ca70e0fbada57f009a92b9cf;C:\Windows\WinSxS\amd64_microsoft.windows.gdiplus_6595b64144ccf1df_1.1.19041.2251_none_91a40448cc8846c1;C:\Windows\System32\DriverStore\FileRepository\igdlh64.inf_amd64_e6daaea9afe1e6f6;C:\Users\HP\AppData\Local\io-realm-kotlin\f7113120ba00ba1ff91d696eecd3919e85a4e34e

VM Arguments:
jvm_args: -Djava.library.path=C:\Users\HP\Desktop\newderar\build\classes\kotlin\jvm\main;C:\Users\HP\Desktop\newderar\build\processedResources\jvm\main -javaagent:C:\Program Files\JetBrains\IntelliJ IDEA Community Edition 2021.3.2\lib\idea_rt.jar=51235:C:\Program Files\JetBrains\IntelliJ IDEA Community Edition 2021.3.2\bin -Dfile.encoding=UTF-8 
java_command: MainKt
java_class_path (initial): C:\Users\HP\Desktop\newderar\build\classes\kotlin\jvm\main;C:\Users\HP\Desktop\newderar\build\processedResources\jvm\main;C:\Users\HP\.gradle\caches\modules-2\files-2.1\io.insert-koin\koin-androidx-compose\3.4.5\ae0a88b7a68d507e651c5a3d70a541594bea54cb\koin-androidx-compose-3.4.5.aar;C:\Users\HP\.gradle\caches\modules-2\files-2.1\org.jetbrains.kotlin\kotlin-stdlib-jdk8\1.8.21\67f57e154437cd9e6e9cf368394b95814836ff88\kotlin-stdlib-jdk8-1.8.21.jar;C:\Users\HP\.gradle\caches\modules-2\files-2.1\org.apache.poi\poi-ooxml\4.1.2\87d9a22aa9a7dd26e80c360e709f7ee02e32ab3b\poi-ooxml-4.1.2.jar;C:\Users\HP\.gradle\caches\modules-2\files-2.1\org.apache.poi\poi\4.1.2\964bf41cf68bce08e4ef6b2279b559fdf8d454f4\poi-4.1.2.jar;C:\Users\HP\.gradle\caches\modules-2\files-2.1\org.lwjgl\lwjgl-nfd\3.3.1\622318116996ddcff449b46cb38f0fdee39b8ac3\lwjgl-nfd-3.3.1.jar;C:\Users\HP\.gradle\caches\modules-2\files-2.1\org.lwjgl\lwjgl-nfd\3.3.1\2e007667e04ed3281152ae5c6e677fb1c2211691\lwjgl-nfd-3.3.1-natives-linux.jar;C:\Users\HP\.gradle\caches\modules-2\files-2.1\org.lwjgl\lwjgl\3.3.1\ae58664f88e18a9bb2c77b063833ca7aaec484cb\lwjgl-3.3.1.jar;C:\Users\HP\.gradle\caches\modules-2\files-2.1\io.insert-koin\koin-android\3.4.0\48715fbe06102a59a30bd45b06ed2400c16c6f45\koin-android-3.4.0.aar;C:\Users\HP\.gradle\caches\modules-2\files-2.1\org.lwjgl\lwjgl-nfd\3.3.1\b3e04e317f55dd738d8a345cdafd15b39f85a2ea\lwjgl-nfd-3.3.1-natives-linux-arm32.jar;C:\Users\HP\.gradle\caches\modules-2\files-2.1\androidx.lifecycle\lifecycle-viewmodel-compose\2.6.1\38cf3bb65ff3e0e5c3d63de2ebf5411d0898108c\lifecycle-viewmodel-compose-2.6.1.aar;C:\Users\HP\.gradle\caches\modules-2\files-2.1\org.lwjgl\lwjgl-nfd\3.3.1\f41dc62336f7ee4ab35705cfa440cc903d199165\lwjgl-nfd-3.3.1-natives-linux-arm64.jar;C:\Users\HP\.gradle\caches\modules-2\files-2.1\androidx.compose.runtime\runtime\1.4.3\6e52f81bd60023ca9be12a878ae161d2e7571aeb\runtime-1.4.3.aar;C:\Users\HP\.gradle\caches\modules-2\files-2.1\org.lwjgl\lwjgl-nfd\3.3
Launcher Type: SUN_STANDARD

[Global flags]
     intx CICompilerCount                          = 3                                         {product} {ergonomic}
     uint ConcGCThreads                            = 1                                         {product} {ergonomic}
     uint G1ConcRefinementThreads                  = 4                                         {product} {ergonomic}
   size_t G1HeapRegionSize                         = 2097152                                   {product} {ergonomic}
    uintx GCDrainStackTargetSize                   = 64                                        {product} {ergonomic}
   size_t InitialHeapSize                          = 266338304                                 {product} {ergonomic}
   size_t MarkStackSize                            = 4194304                                   {product} {ergonomic}
   size_t MaxHeapSize                              = 4255121408                                {product} {ergonomic}
   size_t MaxNewSize                               = 2552233984                                {product} {ergonomic}
   size_t MinHeapDeltaBytes                        = 2097152                                   {product} {ergonomic}
   size_t MinHeapSize                              = 8388608                                   {product} {ergonomic}
    uintx NonNMethodCodeHeapSize                   = 5832780                                {pd product} {ergonomic}
    uintx NonProfiledCodeHeapSize                  = 122912730                              {pd product} {ergonomic}
    uintx ProfiledCodeHeapSize                     = 122912730                              {pd product} {ergonomic}
    uintx ReservedCodeCacheSize                    = 251658240                              {pd product} {ergonomic}
     bool SegmentedCodeCache                       = true                                      {product} {ergonomic}
   size_t SoftMaxHeapSize                          = 4255121408                             {manageable} {ergonomic}
     bool UseCompressedClassPointers               = true                           {product lp64_product} {ergonomic}
     bool UseCompressedOops                        = true                           {product lp64_product} {ergonomic}
     bool UseG1GC                                  = true                                      {product} {ergonomic}
     bool UseLargePagesIndividualAllocation        = false                                  {pd product} {ergonomic}

Logging:
Log output configuration:
 #0: stdout all=warning uptime,level,tags
 #1: stderr all=off uptime,level,tags

Environment Variables:
PATH=C:\Program Files\Common Files\Oracle\Java\javapath;C:\Program Files (x86)\Common Files\Oracle\Java\javapath;C:\Windows\system32;C:\Windows;C:\Windows\System32\Wbem;C:\Windows\System32\WindowsPowerShell\v1.0\;C:\Windows\System32\OpenSSH\;C:\xampp\php;C:\ProgramData\ComposerSetup\bin;C:\Program Files\nodejs\;C:\Program Files (x86)\Intel\Intel(R) Management Engine Components\DAL;C:\Program Files\Intel\Intel(R) Management Engine Components\DAL;C:\Program Files\Git\cmd;C:\Program Files\Fortect;C:\Users\HP\AppData\Local\Microsoft\WindowsApps;C:\Program Files\JetBrains\IntelliJ IDEA Community Edition 2021.3.2\bin;C:\Users\HP\AppData\Local\Programs\Microsoft VS Code\bin;C:\Users\HP\AppData\Local\JetBrains\Toolbox\scripts;C:\Users\HP\AppData\Local\GitHubDesktop\bin;C:\Users\HP\Desktop\camp\flutter_windows_3.7.6-stable\flutter\bin;C:\Users\HP\AppData\Roaming\Composer\vendor\bin;C:\Users\HP\AppData\Roaming\npm
USERNAME=HP
OS=Windows_NT
PROCESSOR_IDENTIFIER=Intel64 Family 6 Model 142 Stepping 9, GenuineIntel
TMP=C:\Users\HP\AppData\Local\Temp
TEMP=C:\Users\HP\AppData\Local\Temp


JNI global refs:
JNI global refs: 167, weak refs: 15

JNI global refs memory usage: 2107, weak refs: 841

OOME stack traces (most recent first):
Classloader memory used:
Loader jdk.internal.loader.ClassLoaders$AppClassLoader                                 : 3173K
Loader bootstrap                                                                       : 2226K
Loader jdk.internal.loader.ClassLoaders$PlatformClassLoader                            : 764B


---------------  S Y S T E M  ---------------

OS:
 Windows 10 , 64 bit Build 19041 (10.0.19041.3155)
OS uptime: 0 days 1:22 hours
Hyper-V role detected

CPU: total 4 (initial active 4) (2 cores per cpu, 2 threads per core) family 6 model 142 stepping 9 microcode 0xf2, cx8, cmov, fxsr, ht, mmx, 3dnowpref, sse, sse2, sse3, ssse3, sse4.1, sse4.2, popcnt, lzcnt, tsc, tscinvbit, avx, avx2, aes, erms, clmul, bmi1, bmi2, rtm, adx, fma, vzeroupper, clflush, clflushopt, hv

Memory: 4k page, system-wide physical 16224M (7893M free)
TotalPageFile size 32096M (AvailPageFile size 22917M)
current process WorkingSet (physical memory assigned to process): 293M, peak: 357M
current process commit charge ("private bytes"): 299M, peak: 383M

vm_info: OpenJDK 64-Bit Server VM (17.0.7+7-b1000.5) for windows-amd64 JRE (17.0.7+7-b1000.5), built on 2023-07-03 by "builduser" with MS VC++ 16.10 / 16.11 (VS2019)

END.
