#
# A fatal error has been detected by the Java Runtime Environment:
#
#  EXCEPTION_ACCESS_VIOLATION (0xc0000005) at pc=0x00007ffa76e3ebe3, pid=6000, tid=16320
#
# JRE version: OpenJDK Runtime Environment Corretto-17.0.7.7.1 (17.0.7+7) (build 17.0.7+7-LTS)
# Java VM: OpenJDK 64-Bit Server VM Corretto-17.0.7.7.1 (17.0.7+7-LTS, mixed mode, sharing, tiered, compressed oops, compressed class ptrs, g1 gc, windows-amd64)
# Problematic frame:
# C  [ig9icd64.dll+0x9bebe3]
#
# No core dump will be written. Minidumps are not enabled by default on client versions of Windows
#
# If you would like to submit a bug report, please visit:
#   https://github.com/corretto/corretto-17/issues/
# The crash happened outside the Java Virtual Machine in native code.
# See problematic frame for where to report the bug.
#

---------------  S U M M A R Y ------------

Command Line: -Djava.library.path=C:\Users\HP\Desktop\demo-compose-desktop\build\classes\kotlin\jvm\main;C:\Users\HP\Desktop\demo-compose-desktop\build\processedResources\jvm\main -javaagent:C:\Program Files\JetBrains\IntelliJ IDEA Community Edition 2021.3.2\lib\idea_rt.jar=63149:C:\Program Files\JetBrains\IntelliJ IDEA Community Edition 2021.3.2\bin -Dfile.encoding=UTF-8 MainKt

Host: Intel(R) Core(TM) i5-7300U CPU @ 2.60GHz, 4 cores, 15G,  Windows 10 , 64 bit Build 19041 (10.0.19041.3155)
Time: Thu Jul 13 18:21:48 2023 Libya Standard Time elapsed time: 34.909517 seconds (0d 0h 0m 34s)

---------------  T H R E A D  ---------------

Current thread (0x000001e54e9ce4d0):  JavaThread "AWT-EventQueue-0" [_thread_in_native, id=16320, stack(0x000000a8ae900000,0x000000a8aea00000)]

Stack: [0x000000a8ae900000,0x000000a8aea00000],  sp=0x000000a8ae9fcc08,  free space=1011k
Native frames: (J=compiled Java code, j=interpreted, Vv=VM code, C=native code)
C  [ig9icd64.dll+0x9bebe3]

Java frames: (J=compiled Java code, j=interpreted, Vv=VM code)
J 4932  org.jetbrains.skia.DirectContextKt.DirectContext_nFlush(J)V (0 bytes) @ 0x000001e536d39669 [0x000001e536d39620+0x0000000000000049]
J 4507 c1 org.jetbrains.skiko.context.ContextHandler.flush()V (17 bytes) @ 0x000001e52f88f45c [0x000001e52f88f2e0+0x000000000000017c]
J 4935 c1 org.jetbrains.skiko.context.ContextHandler.draw()V (91 bytes) @ 0x000001e52f996f64 [0x000001e52f996460+0x0000000000000b04]
J 4536 c1 org.jetbrains.skiko.redrawer.WindowsOpenGLRedrawer.draw()V (288 bytes) @ 0x000001e52f8a093c [0x000001e52f8a0220+0x000000000000071c]
J 4253 c1 org.jetbrains.skiko.redrawer.WindowsOpenGLRedrawer$Companion$frameDispatcher$1.invokeSuspend(Ljava/lang/Object;)Ljava/lang/Object; (379 bytes) @ 0x000001e52f803374 [0x000001e52f802000+0x0000000000001374]
J 4535 c1 org.jetbrains.skiko.redrawer.WindowsOpenGLRedrawer$Companion$frameDispatcher$1.invoke(Ljava/lang/Object;)Ljava/lang/Object; (9 bytes) @ 0x000001e52f89f984 [0x000001e52f89f420+0x0000000000000564]
J 4239 c1 org.jetbrains.skiko.FrameDispatcher$job$1.invokeSuspend(Ljava/lang/Object;)Ljava/lang/Object; (156 bytes) @ 0x000001e52f7fad44 [0x000001e52f7fa3a0+0x00000000000009a4]
J 4606 c2 kotlin.coroutines.jvm.internal.BaseContinuationImpl.resumeWith(Ljava/lang/Object;)V (128 bytes) @ 0x000001e536d07280 [0x000001e536d07220+0x0000000000000060]
J 5265 c2 kotlinx.coroutines.DispatchedTask.run()V (571 bytes) @ 0x000001e536d9ffd4 [0x000001e536d9fc40+0x0000000000000394]
J 5142 c2 java.awt.EventQueue.dispatchEvent(Ljava/awt/AWTEvent;)V java.desktop@17.0.7 (80 bytes) @ 0x000001e536d7268c [0x000001e536d72040+0x000000000000064c]
J 5148 c2 java.awt.EventDispatchThread.pumpOneEventForFilters(I)V java.desktop@17.0.7 (113 bytes) @ 0x000001e536d7782c [0x000001e536d77140+0x00000000000006ec]
j  java.awt.EventDispatchThread.pumpEventsForFilter(ILjava/awt/Conditional;Ljava/awt/EventFilter;)V+35 java.desktop@17.0.7
j  java.awt.EventDispatchThread.pumpEventsForHierarchy(ILjava/awt/Conditional;Ljava/awt/Component;)V+11 java.desktop@17.0.7
j  java.awt.EventDispatchThread.pumpEvents(ILjava/awt/Conditional;)V+4 java.desktop@17.0.7
j  java.awt.EventDispatchThread.pumpEvents(Ljava/awt/Conditional;)V+3 java.desktop@17.0.7
j  java.awt.EventDispatchThread.run()V+9 java.desktop@17.0.7
v  ~StubRoutines::call_stub

siginfo: EXCEPTION_ACCESS_VIOLATION (0xc0000005), reading address 0x00007ffdb7061110


Register to memory mapping:

RIP=0x00007ffa76e3ebe3 ig9icd64.dll
RAX=0x000000000fff0fff is an unknown value
RBX=0x00007ffa76480000 ig9icd64.dll
RCX=0x000000033fcf3fcc is an unknown value
RDX=0x000000a8ae9fd120 is pointing into the stack for thread: 0x000001e54e9ce4d0
RSP=0x000000a8ae9fcc08 is pointing into the stack for thread: 0x000001e54e9ce4d0
RBP=0x000000a8ae9fcd10 is pointing into the stack for thread: 0x000001e54e9ce4d0
RSI=0x000001e54f7db2c0 points into unknown readable memory: 0x000001e54f7a1fc0 | c0 1f 7a 4f e5 01 00 00
RDI=0x000000a8ae9fcf10 is pointing into the stack for thread: 0x000001e54e9ce4d0
R8 =0x000000a8ae9fcd40 is pointing into the stack for thread: 0x000001e54e9ce4d0
R9 =0x000000a8ae9fd120 is pointing into the stack for thread: 0x000001e54e9ce4d0
R10=0x000000a8ae9fcf10 is pointing into the stack for thread: 0x000001e54e9ce4d0
R11=0x0 is NULL
R12=0x00007ffa772b15e0 ig9icd64.dll
R13=0x0 is NULL
R14=0x0 is NULL
R15=0x00000000000001c1 is an unknown value


Registers:
RAX=0x000000000fff0fff, RBX=0x00007ffa76480000, RCX=0x000000033fcf3fcc, RDX=0x000000a8ae9fd120
RSP=0x000000a8ae9fcc08, RBP=0x000000a8ae9fcd10, RSI=0x000001e54f7db2c0, RDI=0x000000a8ae9fcf10
R8 =0x000000a8ae9fcd40, R9 =0x000000a8ae9fd120, R10=0x000000a8ae9fcf10, R11=0x0000000000000000
R12=0x00007ffa772b15e0, R13=0x0000000000000000, R14=0x0000000000000000, R15=0x00000000000001c1
RIP=0x00007ffa76e3ebe3, EFLAGS=0x0000000000010206

Top of Stack: (sp=0x000000a8ae9fcc08)
0x000000a8ae9fcc08:   00007ffa76e3c31b 0000000000000001
0x000000a8ae9fcc18:   0000000000000000 000001e556a0ed00
0x000000a8ae9fcc28:   00007ffad7ac2622 000000a800000065
0x000000a8ae9fcc38:   000000a8ae9fce40 0000000000000000
0x000000a8ae9fcc48:   000001e556e2fa50 0000000000000000
0x000000a8ae9fcc58:   000001e556e30b00 000001e556a0ed30
0x000000a8ae9fcc68:   0000000000001100 0000000000000000
0x000000a8ae9fcc78:   0000000000000000 000000a8ae9fcdf0
0x000000a8ae9fcc88:   00007ffa76ad79c0 0000000000000000
0x000000a8ae9fcc98:   0000000000000000 0000000000000000
0x000000a8ae9fcca8:   0000000000000000 0000d0df61373e2e
0x000000a8ae9fccb8:   00007ffa76496555 000001e556a0ed30
0x000000a8ae9fccc8:   0000000000000001 0000000000000000
0x000000a8ae9fccd8:   00007ffae8e9b86b 0000000000440016
0x000000a8ae9fcce8:   000000000000007b 000001e54f55d810
0x000000a8ae9fccf8:   0000000000000000 0000000000000000 

Instructions: (pc=0x00007ffa76e3ebe3)
0x00007ffa76e3eae3:   c1 75 31 00 48 89 51 08 48 89 01 8b 44 24 28 89
0x00007ffa76e3eaf3:   41 20 8b 44 24 30 89 41 24 48 8b c1 4c 89 41 10
0x00007ffa76e3eb03:   4c 89 49 18 c3 cc cc cc cc cc cc cc cc 48 89 5c
0x00007ffa76e3eb13:   24 08 8b 41 5c 48 8d 1d e1 14 64 ff 41 89 40 08
0x00007ffa76e3eb23:   4c 8b d1 8b 41 60 45 33 db 41 89 40 0c 4c 8b ca
0x00007ffa76e3eb33:   8b 41 64 41 89 40 10 8b 41 68 41 89 40 14 8b 41
0x00007ffa76e3eb43:   6c 41 89 40 18 8b 41 70 41 89 40 1c 48 63 41 74
0x00007ffa76e3eb53:   48 6b c8 34 8b 84 19 44 d1 ee 00 41 89 40 20 8b
0x00007ffa76e3eb63:   84 19 48 d1 ee 00 41 89 40 24 8b 84 19 4c d1 ee
0x00007ffa76e3eb73:   00 41 89 40 28 8b 84 19 50 d1 ee 00 41 89 40 2c
0x00007ffa76e3eb83:   8b 84 19 34 d1 ee 00 41 89 40 30 8b 84 19 38 d1
0x00007ffa76e3eb93:   ee 00 41 89 40 34 8b 84 19 3c d1 ee 00 41 89 40
0x00007ffa76e3eba3:   38 8b 84 19 40 d1 ee 00 41 89 40 3c 8b 84 19 24
0x00007ffa76e3ebb3:   d1 ee 00 41 89 40 40 8b 84 19 28 d1 ee 00 41 89
0x00007ffa76e3ebc3:   40 44 8b 84 19 2c d1 ee 00 41 89 40 48 8b 84 19
0x00007ffa76e3ebd3:   30 d1 ee 00 41 89 40 4c 49 63 42 78 48 6b c8 34
0x00007ffa76e3ebe3:   8b 84 19 44 d1 ee 00 41 89 40 50 8b 84 19 48 d1
0x00007ffa76e3ebf3:   ee 00 41 89 40 54 8b 84 19 4c d1 ee 00 41 89 40
0x00007ffa76e3ec03:   58 8b 84 19 50 d1 ee 00 41 89 40 5c 8b 84 19 34
0x00007ffa76e3ec13:   d1 ee 00 41 89 40 60 8b 84 19 38 d1 ee 00 41 89
0x00007ffa76e3ec23:   40 64 8b 84 19 3c d1 ee 00 41 89 40 68 8b 84 19
0x00007ffa76e3ec33:   40 d1 ee 00 41 89 40 6c 8b 84 19 24 d1 ee 00 41
0x00007ffa76e3ec43:   89 40 70 8b 84 19 28 d1 ee 00 41 89 40 74 8b 84
0x00007ffa76e3ec53:   19 2c d1 ee 00 41 89 40 78 8b 84 19 30 d1 ee 00
0x00007ffa76e3ec63:   41 89 40 7c 48 8b 42 18 8b 88 38 0b 00 00 f6 c1
0x00007ffa76e3ec73:   08 0f 84 86 00 00 00 8b 80 3c 0b 00 00 41 89 80
0x00007ffa76e3ec83:   80 00 00 00 48 8b 42 18 8b 88 40 0b 00 00 41 89
0x00007ffa76e3ec93:   88 84 00 00 00 48 8b 42 18 8b 88 44 0b 00 00 41
0x00007ffa76e3eca3:   89 88 88 00 00 00 48 8b 42 18 8b 88 48 0b 00 00
0x00007ffa76e3ecb3:   41 89 88 8c 00 00 00 48 8b 42 18 8b 88 4c 0b 00
0x00007ffa76e3ecc3:   00 41 89 88 90 00 00 00 48 8b 42 18 8b 88 50 0b
0x00007ffa76e3ecd3:   00 00 41 89 88 94 00 00 00 48 8b 42 18 8b 88 54 


Stack slot to memory mapping:
stack at sp + 0 slots: 0x00007ffa76e3c31b ig9icd64.dll
stack at sp + 1 slots: 0x0000000000000001 is an unknown value
stack at sp + 2 slots: 0x0 is NULL
stack at sp + 3 slots: 0x000001e556a0ed00 points into unknown readable memory: 0x0000000000000000 | 00 00 00 00 00 00 00 00
stack at sp + 4 slots: 0x00007ffad7ac2622 igdgmm64.dll
stack at sp + 5 slots: 0x000000a800000065 is an unknown value
stack at sp + 6 slots: 0x000000a8ae9fce40 is pointing into the stack for thread: 0x000001e54e9ce4d0
stack at sp + 7 slots: 0x0 is NULL


---------------  P R O C E S S  ---------------

Threads class SMR info:
_java_thread_list=0x000001e54e2046b0, length=28, elements={
0x000001e527525ea0, 0x000001e549bd56c0, 0x000001e549bd6530, 0x000001e549be8cc0,
0x000001e549bed880, 0x000001e549bf0340, 0x000001e549bf0cf0, 0x000001e549bf1a80,
0x000001e549bf3530, 0x000001e549bfd9a0, 0x000001e54e113dd0, 0x000001e54e4100b0,
0x000001e54e368840, 0x000001e54ea07b00, 0x000001e54ea07fd0, 0x000001e54e9ce4d0,
0x000001e54ef9ed40, 0x000001e54ed92f10, 0x000001e54ed92290, 0x000001e54ed92760,
0x000001e54ed90f50, 0x000001e54fca7210, 0x000001e54fcaa230, 0x000001e54fcaa700,
0x000001e54fca5060, 0x000001e54fca8080, 0x000001e54fca8a20, 0x000001e54fca5ed0
}

Java Threads: ( => current thread )
  0x000001e527525ea0 JavaThread "main" [_thread_blocked, id=11172, stack(0x000000a8ace00000,0x000000a8acf00000)]
  0x000001e549bd56c0 JavaThread "Reference Handler" daemon [_thread_blocked, id=16848, stack(0x000000a8ad500000,0x000000a8ad600000)]
  0x000001e549bd6530 JavaThread "Finalizer" daemon [_thread_blocked, id=22328, stack(0x000000a8ad600000,0x000000a8ad700000)]
  0x000001e549be8cc0 JavaThread "Signal Dispatcher" daemon [_thread_blocked, id=21768, stack(0x000000a8ad700000,0x000000a8ad800000)]
  0x000001e549bed880 JavaThread "Attach Listener" daemon [_thread_blocked, id=10628, stack(0x000000a8ad800000,0x000000a8ad900000)]
  0x000001e549bf0340 JavaThread "Service Thread" daemon [_thread_blocked, id=10916, stack(0x000000a8ad900000,0x000000a8ada00000)]
  0x000001e549bf0cf0 JavaThread "Monitor Deflation Thread" daemon [_thread_blocked, id=20804, stack(0x000000a8ada00000,0x000000a8adb00000)]
  0x000001e549bf1a80 JavaThread "C2 CompilerThread0" daemon [_thread_blocked, id=10104, stack(0x000000a8adb00000,0x000000a8adc00000)]
  0x000001e549bf3530 JavaThread "C1 CompilerThread0" daemon [_thread_blocked, id=1308, stack(0x000000a8adc00000,0x000000a8add00000)]
  0x000001e549bfd9a0 JavaThread "Sweeper thread" daemon [_thread_blocked, id=7916, stack(0x000000a8add00000,0x000000a8ade00000)]
  0x000001e54e113dd0 JavaThread "Common-Cleaner" daemon [_thread_blocked, id=4152, stack(0x000000a8ade00000,0x000000a8adf00000)]
  0x000001e54e4100b0 JavaThread "Monitor Ctrl-Break" daemon [_thread_in_native, id=12652, stack(0x000000a8ae000000,0x000000a8ae100000)]
  0x000001e54e368840 JavaThread "Notification Thread" daemon [_thread_blocked, id=4212, stack(0x000000a8ae100000,0x000000a8ae200000)]
  0x000001e54ea07b00 JavaThread "Java2D Disposer" daemon [_thread_blocked, id=19260, stack(0x000000a8ae600000,0x000000a8ae700000)]
  0x000001e54ea07fd0 JavaThread "AWT-Shutdown" [_thread_blocked, id=10284, stack(0x000000a8ae700000,0x000000a8ae800000)]
=>0x000001e54e9ce4d0 JavaThread "AWT-EventQueue-0" [_thread_in_native, id=16320, stack(0x000000a8ae900000,0x000000a8aea00000)]
  0x000001e54ef9ed40 JavaThread "Reference Cleaner" daemon [_thread_blocked, id=12004, stack(0x000000a8adf00000,0x000000a8ae000000)]
  0x000001e54ed92f10 JavaThread "DefaultDispatcher-worker-1" daemon [_thread_blocked, id=22332, stack(0x000000a8aea00000,0x000000a8aeb00000)]
  0x000001e54ed92290 JavaThread "DefaultDispatcher-worker-2" daemon [_thread_blocked, id=18968, stack(0x000000a8aeb00000,0x000000a8aec00000)]
  0x000001e54ed92760 JavaThread "DefaultDispatcher-worker-3" daemon [_thread_blocked, id=6964, stack(0x000000a8aec00000,0x000000a8aed00000)]
  0x000001e54ed90f50 JavaThread "kotlinx.coroutines.DefaultExecutor" daemon [_thread_blocked, id=10968, stack(0x000000a8aed00000,0x000000a8aee00000)]
  0x000001e54fca7210 JavaThread "TimerQueue" daemon [_thread_blocked, id=22484, stack(0x000000a8aee00000,0x000000a8aef00000)]
  0x000001e54fcaa230 JavaThread "RealmFinalizingDaemon" daemon [_thread_blocked, id=18444, stack(0x000000a8af400000,0x000000a8af500000)]
  0x000001e54fcaa700 JavaThread "core-notifier" daemon [_thread_in_native, id=12812, stack(0x000000a8af600000,0x000000a8af700000)]
  0x000001e54fca5060 JavaThread "DefaultDispatcher-worker-4" daemon [_thread_blocked, id=16492, stack(0x000000a8af200000,0x000000a8af300000)]
  0x000001e54fca8080 JavaThread "DefaultDispatcher-worker-5" daemon [_thread_blocked, id=13772, stack(0x000000a8af800000,0x000000a8af900000)]
  0x000001e54fca8a20 JavaThread "DefaultDispatcher-worker-6" daemon [_thread_blocked, id=1932, stack(0x000000a8af900000,0x000000a8afa00000)]
  0x000001e54fca5ed0 JavaThread "SIGINT handler" daemon [_thread_blocked, id=20472, stack(0x000000a8afc00000,0x000000a8afd00000)]

Other Threads:
  0x000001e549bcfe00 VMThread "VM Thread" [stack: 0x000000a8ad400000,0x000000a8ad500000] [id=5648]
  0x000001e54e5c3c40 WatcherThread [stack: 0x000000a8ae200000,0x000000a8ae300000] [id=14064]
  0x000001e527590030 GCTaskThread "GC Thread#0" [stack: 0x000000a8acf00000,0x000000a8ad000000] [id=9980]
  0x000001e54e89aaa0 GCTaskThread "GC Thread#1" [stack: 0x000000a8ae300000,0x000000a8ae400000] [id=20964]
  0x000001e54e731510 GCTaskThread "GC Thread#2" [stack: 0x000000a8ae400000,0x000000a8ae500000] [id=15916]
  0x000001e54e7317c0 GCTaskThread "GC Thread#3" [stack: 0x000000a8ae500000,0x000000a8ae600000] [id=12880]
  0x000001e5275a0d00 ConcurrentGCThread "G1 Main Marker" [stack: 0x000000a8ad000000,0x000000a8ad100000] [id=16620]
  0x000001e5275a1710 ConcurrentGCThread "G1 Conc#0" [stack: 0x000000a8ad100000,0x000000a8ad200000] [id=1508]
  0x000001e5275dd470 ConcurrentGCThread "G1 Refine#0" [stack: 0x000000a8ad200000,0x000000a8ad300000] [id=12524]
  0x000001e5275dde90 ConcurrentGCThread "G1 Service" [stack: 0x000000a8ad300000,0x000000a8ad400000] [id=12808]

Threads with active compile tasks:

VM state: not at safepoint (normal execution)

VM Mutex/Monitor currently owned by a thread: None

Heap address: 0x0000000702600000, size: 4058 MB, Compressed Oops mode: Zero based, Oop shift amount: 3

CDS archive(s) mapped at: [0x0000000800000000-0x0000000800bc0000-0x0000000800bc0000), size 12320768, SharedBaseAddress: 0x0000000800000000, ArchiveRelocationMode: 0.
Compressed class space mapped at: 0x0000000801000000-0x0000000841000000, reserved size: 1073741824
Narrow klass base: 0x0000000800000000, Narrow klass shift: 0, Narrow klass range: 0x100000000

GC Precious Log:
 CPUs: 4 total, 4 available
 Memory: 16224M
 Large Page Support: Disabled
 NUMA Support: Disabled
 Compressed Oops: Enabled (Zero based)
 Heap Region Size: 2M
 Heap Min Capacity: 8M
 Heap Initial Capacity: 254M
 Heap Max Capacity: 4058M
 Pre-touch: Disabled
 Parallel Workers: 4
 Concurrent Workers: 1
 Concurrent Refinement Workers: 4
 Periodic GC: Disabled

Heap:
 garbage-first heap   total 96256K, used 28213K [0x0000000702600000, 0x0000000800000000)
  region size 2048K, 3 young (6144K), 0 survivors (0K)
 Metaspace       used 34880K, committed 35072K, reserved 1114112K
  class space    used 3750K, committed 3840K, reserved 1048576K

Heap Regions: E=young(eden), S=young(survivor), O=old, HS=humongous(starts), HC=humongous(continues), CS=collection set, F=free, OA=open archive, CA=closed archive, TAMS=top-at-mark-start (previous, next)
|   0|0x0000000702600000, 0x0000000702800000, 0x0000000702800000|100%|HS|  |TAMS 0x0000000702800000, 0x0000000702600000| Untracked 
|   1|0x0000000702800000, 0x0000000702a00000, 0x0000000702a00000|100%| O|  |TAMS 0x0000000702a00000, 0x0000000702800000| Untracked 
|   2|0x0000000702a00000, 0x0000000702c00000, 0x0000000702c00000|100%| O|  |TAMS 0x0000000702c00000, 0x0000000702a00000| Untracked 
|   3|0x0000000702c00000, 0x0000000702dfffa0, 0x0000000702e00000| 99%| O|  |TAMS 0x0000000702c00000, 0x0000000702c00000| Untracked 
|   4|0x0000000702e00000, 0x0000000702ffffe0, 0x0000000703000000| 99%| O|  |TAMS 0x0000000702e00000, 0x0000000702e00000| Untracked 
|   5|0x0000000703000000, 0x00000007030dc288, 0x0000000703200000| 42%| O|  |TAMS 0x0000000703000000, 0x0000000703000000| Untracked 
|   6|0x0000000703200000, 0x0000000703200000, 0x0000000703400000|  0%| F|  |TAMS 0x0000000703200000, 0x0000000703200000| Untracked 
|   7|0x0000000703400000, 0x0000000703400000, 0x0000000703600000|  0%| F|  |TAMS 0x0000000703400000, 0x0000000703400000| Untracked 
|   8|0x0000000703600000, 0x0000000703600000, 0x0000000703800000|  0%| F|  |TAMS 0x0000000703600000, 0x0000000703600000| Untracked 
|   9|0x0000000703800000, 0x0000000703800000, 0x0000000703a00000|  0%| F|  |TAMS 0x0000000703800000, 0x0000000703800000| Untracked 
|  10|0x0000000703a00000, 0x0000000703c00000, 0x0000000703c00000|100%| O|  |TAMS 0x0000000703c00000, 0x0000000703a00000| Untracked 
|  11|0x0000000703c00000, 0x0000000703c00000, 0x0000000703e00000|  0%| F|  |TAMS 0x0000000703c00000, 0x0000000703c00000| Untracked 
|  12|0x0000000703e00000, 0x0000000703fefd30, 0x0000000704000000| 96%| O|  |TAMS 0x0000000703e00000, 0x0000000703e00000| Untracked 
|  13|0x0000000704000000, 0x000000070401e1f0, 0x0000000704200000|  5%| O|  |TAMS 0x0000000704000000, 0x0000000704000000| Untracked 
|  14|0x0000000704200000, 0x0000000704200000, 0x0000000704400000|  0%| F|  |TAMS 0x0000000704200000, 0x0000000704200000| Untracked 
|  15|0x0000000704400000, 0x0000000704600000, 0x0000000704600000|100%|HS|  |TAMS 0x0000000704600000, 0x0000000704400000| Untracked 
|  16|0x0000000704600000, 0x0000000704800000, 0x0000000704800000|100%|HC|  |TAMS 0x0000000704800000, 0x0000000704600000| Untracked 
|  17|0x0000000704800000, 0x0000000704a00000, 0x0000000704a00000|100%|HC|  |TAMS 0x0000000704a00000, 0x0000000704800000| Untracked 
|  18|0x0000000704a00000, 0x0000000704c00000, 0x0000000704c00000|100%|HC|  |TAMS 0x0000000704c00000, 0x0000000704a00000| Untracked 
|  19|0x0000000704c00000, 0x0000000704ca36b8, 0x0000000704e00000| 31%| O|  |TAMS 0x0000000704c00000, 0x0000000704c00000| Untracked 
|  20|0x0000000704e00000, 0x0000000704e00000, 0x0000000705000000|  0%| F|  |TAMS 0x0000000704e00000, 0x0000000704e00000| Untracked 
|  21|0x0000000705000000, 0x0000000705000000, 0x0000000705200000|  0%| F|  |TAMS 0x0000000705000000, 0x0000000705000000| Untracked 
|  22|0x0000000705200000, 0x0000000705200000, 0x0000000705400000|  0%| F|  |TAMS 0x0000000705200000, 0x0000000705200000| Untracked 
|  23|0x0000000705400000, 0x0000000705400000, 0x0000000705600000|  0%| F|  |TAMS 0x0000000705400000, 0x0000000705400000| Untracked 
|  24|0x0000000705600000, 0x0000000705600000, 0x0000000705800000|  0%| F|  |TAMS 0x0000000705600000, 0x0000000705600000| Untracked 
|  25|0x0000000705800000, 0x0000000705800000, 0x0000000705a00000|  0%| F|  |TAMS 0x0000000705800000, 0x0000000705800000| Untracked 
|  26|0x0000000705a00000, 0x0000000705a00000, 0x0000000705c00000|  0%| F|  |TAMS 0x0000000705a00000, 0x0000000705a00000| Untracked 
|  27|0x0000000705c00000, 0x0000000705c00000, 0x0000000705e00000|  0%| F|  |TAMS 0x0000000705c00000, 0x0000000705c00000| Untracked 
|  28|0x0000000705e00000, 0x0000000705e00000, 0x0000000706000000|  0%| F|  |TAMS 0x0000000705e00000, 0x0000000705e00000| Untracked 
|  29|0x0000000706000000, 0x0000000706000000, 0x0000000706200000|  0%| F|  |TAMS 0x0000000706000000, 0x0000000706000000| Untracked 
|  30|0x0000000706200000, 0x0000000706200000, 0x0000000706400000|  0%| F|  |TAMS 0x0000000706200000, 0x0000000706200000| Untracked 
|  31|0x0000000706400000, 0x0000000706400000, 0x0000000706600000|  0%| F|  |TAMS 0x0000000706400000, 0x0000000706400000| Untracked 
|  32|0x0000000706600000, 0x0000000706600000, 0x0000000706800000|  0%| F|  |TAMS 0x0000000706600000, 0x0000000706600000| Untracked 
|  33|0x0000000706800000, 0x0000000706800000, 0x0000000706a00000|  0%| F|  |TAMS 0x0000000706800000, 0x0000000706800000| Untracked 
|  34|0x0000000706a00000, 0x0000000706a00000, 0x0000000706c00000|  0%| F|  |TAMS 0x0000000706a00000, 0x0000000706a00000| Untracked 
|  35|0x0000000706c00000, 0x0000000706c00000, 0x0000000706e00000|  0%| F|  |TAMS 0x0000000706c00000, 0x0000000706c00000| Untracked 
|  36|0x0000000706e00000, 0x0000000706e00000, 0x0000000707000000|  0%| F|  |TAMS 0x0000000706e00000, 0x0000000706e00000| Untracked 
|  37|0x0000000707000000, 0x0000000707000000, 0x0000000707200000|  0%| F|  |TAMS 0x0000000707000000, 0x0000000707000000| Untracked 
|  38|0x0000000707200000, 0x0000000707200000, 0x0000000707400000|  0%| F|  |TAMS 0x0000000707200000, 0x0000000707200000| Untracked 
|  39|0x0000000707400000, 0x0000000707400000, 0x0000000707600000|  0%| F|  |TAMS 0x0000000707400000, 0x0000000707400000| Untracked 
|  40|0x0000000707600000, 0x0000000707600000, 0x0000000707800000|  0%| F|  |TAMS 0x0000000707600000, 0x0000000707600000| Untracked 
|  41|0x0000000707800000, 0x0000000707800000, 0x0000000707a00000|  0%| F|  |TAMS 0x0000000707800000, 0x0000000707800000| Untracked 
|  42|0x0000000707a00000, 0x0000000707a00000, 0x0000000707c00000|  0%| F|  |TAMS 0x0000000707a00000, 0x0000000707a00000| Untracked 
|  43|0x0000000707c00000, 0x0000000707c00000, 0x0000000707e00000|  0%| F|  |TAMS 0x0000000707c00000, 0x0000000707c00000| Untracked 
|  44|0x0000000707e00000, 0x0000000707e85d20, 0x0000000708000000| 26%| E|  |TAMS 0x0000000707e00000, 0x0000000707e00000| Complete 
|  45|0x0000000708000000, 0x0000000708200000, 0x0000000708200000|100%| E|CS|TAMS 0x0000000708000000, 0x0000000708000000| Complete 
|  46|0x0000000708200000, 0x0000000708400000, 0x0000000708400000|100%| E|CS|TAMS 0x0000000708200000, 0x0000000708200000| Complete 

Card table byte_map: [0x000001e53e810000,0x000001e53f000000] _byte_map_base: 0x000001e53affd000

Marking Bits (Prev, Next): (CMBitMap*) 0x000001e527590640, (CMBitMap*) 0x000001e527590680
 Prev Bits: [0x000001e53f7f0000, 0x000001e543758000)
 Next Bits: [0x000001e543760000, 0x000001e5476c8000)

Polling page: 0x000001e526ce0000

Metaspace:

Usage:
  Non-class:     30.40 MB used.
      Class:      3.66 MB used.
       Both:     34.06 MB used.

Virtual space:
  Non-class space:       64.00 MB reserved,      30.50 MB ( 48%) committed,  1 nodes.
      Class space:        1.00 GB reserved,       3.75 MB ( <1%) committed,  1 nodes.
             Both:        1.06 GB reserved,      34.25 MB (  3%) committed. 

Chunk freelists:
   Non-Class:  1.08 MB
       Class:  12.25 MB
        Both:  13.33 MB

MaxMetaspaceSize: unlimited
CompressedClassSpaceSize: 1.00 GB
Initial GC threshold: 21.00 MB
Current GC threshold: 57.13 MB
CDS: on
MetaspaceReclaimPolicy: balanced
 - commit_granule_bytes: 65536.
 - commit_granule_words: 8192.
 - virtual_space_node_default_size: 8388608.
 - enlarge_chunks_in_place: 1.
 - new_chunks_are_fully_committed: 0.
 - uncommit_free_chunks: 1.
 - use_allocation_guard: 0.
 - handle_deallocations: 1.


Internal statistics:

num_allocs_failed_limit: 3.
num_arena_births: 160.
num_arena_deaths: 0.
num_vsnodes_births: 2.
num_vsnodes_deaths: 0.
num_space_committed: 548.
num_space_uncommitted: 0.
num_chunks_returned_to_freelist: 3.
num_chunks_taken_from_freelist: 1082.
num_chunk_merges: 3.
num_chunk_splits: 930.
num_chunks_enlarged: 848.
num_inconsistent_stats: 0.

CodeHeap 'non-profiled nmethods': size=120000Kb used=3342Kb max_used=3342Kb free=116657Kb
 bounds [0x000001e536af0000, 0x000001e536e40000, 0x000001e53e020000]
CodeHeap 'profiled nmethods': size=120000Kb used=11812Kb max_used=11812Kb free=108187Kb
 bounds [0x000001e52f020000, 0x000001e52fbb0000, 0x000001e536550000]
CodeHeap 'non-nmethods': size=5760Kb used=1896Kb max_used=1977Kb free=3863Kb
 bounds [0x000001e536550000, 0x000001e5367c0000, 0x000001e536af0000]
 total_blobs=7202 nmethods=5814 adapters=1299
 compilation: enabled
              stopped_count=0, restarted_count=0
 full_count=0

Compilation events (20 events):
Event: 34.737 Thread 0x000001e549bf3530 5809   !   3       java.util.concurrent.DelayQueue::take (214 bytes)
Event: 34.738 Thread 0x000001e549bf3530 nmethod 5809 0x000001e52fba2110 code [0x000001e52fba24e0, 0x000001e52fba41a8]
Event: 34.738 Thread 0x000001e549bf3530 5811       3       androidx.compose.ui.platform.AccessibilityControllerImpl::syncLoop (163 bytes)
Event: 34.739 Thread 0x000001e549bf3530 

Event: 34.739 Thread 0x000001e549bf3530 5810       3       kotlinx.coroutines.CancellableContinuationImpl::resumeUndispatched (58 bytes)
Event: 34.739 Thread 0x000001e549bf3530 nmethod 5810 0x000001e52fba4e10 code [0x000001e52fba4fe0, 0x000001e52fba54c8]
Event: 34.849 Thread 0x000001e549bf3530 5812       3       javax.swing.Timer::post (36 bytes)
Event: 34.851 Thread 0x000001e549bf3530 nmethod 5812 0x000001e52fba5610 code [0x000001e52fba5900, 0x000001e52fba6918]
Event: 34.851 Thread 0x000001e549bf3530 5813       3       javax.swing.Timer$1::<init> (10 bytes)
Event: 34.852 Thread 0x000001e549bf3530 nmethod 5813 0x000001e52fba6f10 code [0x000001e52fba70a0, 0x000001e52fba7278]
Event: 34.853 Thread 0x000001e549bf3530 5814       3       javax.swing.Timer$DoPostEvent::run (82 bytes)
Event: 34.854 Thread 0x000001e549bf3530 nmethod 5814 0x000001e52fba7310 code [0x000001e52fba7540, 0x000001e52fba7c78]
Event: 34.854 Thread 0x000001e549bf3530 5817       3       javax.swing.Timer::fireActionPerformed (46 bytes)
Event: 34.854 Thread 0x000001e549bf3530 nmethod 5817 0x000001e52fba7f90 code [0x000001e52fba8160, 0x000001e52fba85e8]
Event: 34.854 Thread 0x000001e549bf3530 5815       3       java.awt.event.ActionEvent::<init> (24 bytes)
Event: 34.854 Thread 0x000001e549bf3530 nmethod 5815 0x000001e52fba8790 code [0x000001e52fba8940, 0x000001e52fba8b08]
Event: 34.854 Thread 0x000001e549bf3530 5816       3       java.util.IdentityHashMap$IdentityHashMapIterator::nextIndex (72 bytes)
Event: 34.855 Thread 0x000001e549bf3530 nmethod 5816 0x000001e52fba8c10 code [0x000001e52fba8de0, 0x000001e52fba9228]
Event: 34.859 Thread 0x000001e549bf1a80 5818       4       kotlinx.coroutines.JobSupport::isCompleted (16 bytes)
Event: 34.861 Thread 0x000001e549bf1a80 nmethod 5818 0x000001e536e33710 code [0x000001e536e33880, 0x000001e536e33998]

GC Heap History (20 events):
Event: 1.148 GC heap before
{Heap before GC invocations=1 (full 0):
 garbage-first heap   total 260096K, used 15369K [0x0000000702600000, 0x0000000800000000)
  region size 2048K, 6 young (12288K), 1 survivors (2048K)
 Metaspace       used 5827K, committed 6016K, reserved 1114112K
  class space    used 467K, committed 576K, reserved 1048576K
}
Event: 1.150 GC heap after
{Heap after GC invocations=2 (full 0):
 garbage-first heap   total 260096K, used 7666K [0x0000000702600000, 0x0000000800000000)
  region size 2048K, 1 young (2048K), 1 survivors (2048K)
 Metaspace       used 5827K, committed 6016K, reserved 1114112K
  class space    used 467K, committed 576K, reserved 1048576K
}
Event: 2.367 GC heap before
{Heap before GC invocations=2 (full 0):
 garbage-first heap   total 260096K, used 36338K [0x0000000702600000, 0x0000000800000000)
  region size 2048K, 15 young (30720K), 1 survivors (2048K)
 Metaspace       used 14886K, committed 15040K, reserved 1114112K
  class space    used 1536K, committed 1600K, reserved 1048576K
}
Event: 2.370 GC heap after
{Heap after GC invocations=3 (full 0):
 garbage-first heap   total 260096K, used 9730K [0x0000000702600000, 0x0000000800000000)
  region size 2048K, 2 young (4096K), 2 survivors (4096K)
 Metaspace       used 14886K, committed 15040K, reserved 1114112K
  class space    used 1536K, committed 1600K, reserved 1048576K
}
Event: 3.672 GC heap before
{Heap before GC invocations=3 (full 0):
 garbage-first heap   total 260096K, used 42498K [0x0000000702600000, 0x0000000800000000)
  region size 2048K, 19 young (38912K), 2 survivors (4096K)
 Metaspace       used 21366K, committed 21504K, reserved 1114112K
  class space    used 2282K, committed 2368K, reserved 1048576K
}
Event: 3.677 GC heap after
{Heap after GC invocations=4 (full 0):
 garbage-first heap   total 260096K, used 11110K [0x0000000702600000, 0x0000000800000000)
  region size 2048K, 2 young (4096K), 2 survivors (4096K)
 Metaspace       used 21366K, committed 21504K, reserved 1114112K
  class space    used 2282K, committed 2368K, reserved 1048576K
}
Event: 6.767 GC heap before
{Heap before GC invocations=5 (full 0):
 garbage-first heap   total 49152K, used 37734K [0x0000000702600000, 0x0000000800000000)
  region size 2048K, 10 young (20480K), 2 survivors (4096K)
 Metaspace       used 24124K, committed 24320K, reserved 1114112K
  class space    used 2615K, committed 2752K, reserved 1048576K
}
Event: 6.772 GC heap after
{Heap after GC invocations=6 (full 0):
 garbage-first heap   total 49152K, used 24127K [0x0000000702600000, 0x0000000800000000)
  region size 2048K, 2 young (4096K), 2 survivors (4096K)
 Metaspace       used 24124K, committed 24320K, reserved 1114112K
  class space    used 2615K, committed 2752K, reserved 1048576K
}
Event: 6.812 GC heap before
{Heap before GC invocations=6 (full 0):
 garbage-first heap   total 49152K, used 26175K [0x0000000702600000, 0x0000000800000000)
  region size 2048K, 3 young (6144K), 2 survivors (4096K)
 Metaspace       used 24472K, committed 24640K, reserved 1114112K
  class space    used 2659K, committed 2752K, reserved 1048576K
}
Event: 6.816 GC heap after
{Heap after GC invocations=7 (full 0):
 garbage-first heap   total 49152K, used 17994K [0x0000000702600000, 0x0000000800000000)
  region size 2048K, 1 young (2048K), 1 survivors (2048K)
 Metaspace       used 24472K, committed 24640K, reserved 1114112K
  class space    used 2659K, committed 2752K, reserved 1048576K
}
Event: 7.118 GC heap before
{Heap before GC invocations=7 (full 0):
 garbage-first heap   total 49152K, used 32330K [0x0000000702600000, 0x0000000800000000)
  region size 2048K, 8 young (16384K), 1 survivors (2048K)
 Metaspace       used 26716K, committed 26880K, reserved 1114112K
  class space    used 2937K, committed 3008K, reserved 1048576K
}
Event: 7.121 GC heap after
{Heap after GC invocations=8 (full 0):
 garbage-first heap   total 49152K, used 19079K [0x0000000702600000, 0x0000000800000000)
  region size 2048K, 1 young (2048K), 1 survivors (2048K)
 Metaspace       used 26716K, committed 26880K, reserved 1114112K
  class space    used 2937K, committed 3008K, reserved 1048576K
}
Event: 7.597 GC heap before
{Heap before GC invocations=8 (full 0):
 garbage-first heap   total 49152K, used 33415K [0x0000000702600000, 0x0000000800000000)
  region size 2048K, 8 young (16384K), 1 survivors (2048K)
 Metaspace       used 29793K, committed 30016K, reserved 1114112K
  class space    used 3316K, committed 3456K, reserved 1048576K
}
Event: 7.602 GC heap after
{Heap after GC invocations=9 (full 0):
 garbage-first heap   total 49152K, used 20406K [0x0000000702600000, 0x0000000800000000)
  region size 2048K, 1 young (2048K), 1 survivors (2048K)
 Metaspace       used 29793K, committed 30016K, reserved 1114112K
  class space    used 3316K, committed 3456K, reserved 1048576K
}
Event: 7.888 GC heap before
{Heap before GC invocations=9 (full 0):
 garbage-first heap   total 49152K, used 34742K [0x0000000702600000, 0x0000000800000000)
  region size 2048K, 8 young (16384K), 1 survivors (2048K)
 Metaspace       used 32246K, committed 32512K, reserved 1114112K
  class space    used 3603K, committed 3712K, reserved 1048576K
}
Event: 7.891 GC heap after
{Heap after GC invocations=10 (full 0):
 garbage-first heap   total 49152K, used 21000K [0x0000000702600000, 0x0000000800000000)
  region size 2048K, 1 young (2048K), 1 survivors (2048K)
 Metaspace       used 32246K, committed 32512K, reserved 1114112K
  class space    used 3603K, committed 3712K, reserved 1048576K
}
Event: 8.173 GC heap before
{Heap before GC invocations=10 (full 0):
 garbage-first heap   total 49152K, used 25096K [0x0000000702600000, 0x0000000800000000)
  region size 2048K, 4 young (8192K), 1 survivors (2048K)
 Metaspace       used 33259K, committed 33472K, reserved 1114112K
  class space    used 3714K, committed 3840K, reserved 1048576K
}
Event: 8.175 GC heap after
{Heap after GC invocations=11 (full 0):
 garbage-first heap   total 155648K, used 21547K [0x0000000702600000, 0x0000000800000000)
  region size 2048K, 1 young (2048K), 1 survivors (2048K)
 Metaspace       used 33259K, committed 33472K, reserved 1114112K
  class space    used 3714K, committed 3840K, reserved 1048576K
}
Event: 31.805 GC heap before
{Heap before GC invocations=11 (full 0):
 garbage-first heap   total 155648K, used 72747K [0x0000000702600000, 0x0000000800000000)
  region size 2048K, 23 young (47104K), 1 survivors (2048K)
 Metaspace       used 34851K, committed 35072K, reserved 1114112K
  class space    used 3747K, committed 3840K, reserved 1048576K
}
Event: 31.834 GC heap after
{Heap after GC invocations=12 (full 1):
 garbage-first heap   total 96256K, used 24117K [0x0000000702600000, 0x0000000800000000)
  region size 2048K, 0 young (0K), 0 survivors (0K)
 Metaspace       used 34851K, committed 35072K, reserved 1114112K
  class space    used 3747K, committed 3840K, reserved 1048576K
}

Dll operation events (14 events):
Event: 0.010 Loaded shared library C:\Users\HP\.jdks\corretto-17.0.7\bin\java.dll
Event: 0.030 Loaded shared library C:\Users\HP\.jdks\corretto-17.0.7\bin\jsvml.dll
Event: 0.229 Loaded shared library C:\Users\HP\.jdks\corretto-17.0.7\bin\zip.dll
Event: 0.232 Loaded shared library C:\Users\HP\.jdks\corretto-17.0.7\bin\instrument.dll
Event: 0.243 Loaded shared library C:\Users\HP\.jdks\corretto-17.0.7\bin\net.dll
Event: 0.245 Loaded shared library C:\Users\HP\.jdks\corretto-17.0.7\bin\nio.dll
Event: 0.250 Loaded shared library C:\Users\HP\.jdks\corretto-17.0.7\bin\zip.dll
Event: 0.370 Loaded shared library C:\Program Files\JetBrains\IntelliJ IDEA Community Edition 2021.3.2\bin\breakgen64.dll
Event: 0.660 Loaded shared library C:\Users\HP\.jdks\corretto-17.0.7\bin\jimage.dll
Event: 0.665 Loaded shared library C:\Users\HP\.jdks\corretto-17.0.7\bin\awt.dll
Event: 1.770 Loaded shared library C:\Users\HP\.skiko\0de0d8dd8554d9bb66cfca3837db6514ff9b71080e998917280a3b777460a416\skiko-windows-x64.dll
Event: 2.199 Loaded shared library C:\Users\HP\.jdks\corretto-17.0.7\bin\freetype.dll
Event: 2.200 Loaded shared library C:\Users\HP\.jdks\corretto-17.0.7\bin\fontmanager.dll
Event: 7.476 Loaded shared library C:\Users\HP\AppData\Local\io-realm-kotlin\f7113120ba00ba1ff91d696eecd3919e85a4e34e\realmc.dll

Deoptimization events (20 events):
Event: 25.273 Thread 0x000001e54e9ce4d0 Uncommon trap: trap_request=0xffffffc6 fr.pc=0x000001e536da0568 relative=0x0000000000000928
Event: 25.273 Thread 0x000001e54e9ce4d0 Uncommon trap: reason=bimorphic_or_optimized_type_check action=maybe_recompile pc=0x000001e536da0568 method=kotlinx.coroutines.DispatchedTask.run()V @ 188 c2
Event: 25.273 Thread 0x000001e54e9ce4d0 DEOPT PACKING pc=0x000001e536da0568 sp=0x000000a8ae9ff2f0
Event: 25.273 Thread 0x000001e54e9ce4d0 DEOPT UNPACKING pc=0x000001e5365a69a3 sp=0x000000a8ae9ff248 mode 2
Event: 29.314 Thread 0x000001e54e9ce4d0 Uncommon trap: trap_request=0xffffffde fr.pc=0x000001e536d75e18 relative=0x0000000000000bd8
Event: 29.314 Thread 0x000001e54e9ce4d0 Uncommon trap: reason=class_check action=maybe_recompile pc=0x000001e536d75e18 method=java.awt.EventQueue.dispatchEventImpl(Ljava/awt/AWTEvent;Ljava/lang/Object;)V @ 18 c2
Event: 29.314 Thread 0x000001e54e9ce4d0 DEOPT PACKING pc=0x000001e536d75e18 sp=0x000000a8ae9ff3f0
Event: 29.314 Thread 0x000001e54e9ce4d0 DEOPT UNPACKING pc=0x000001e5365a69a3 sp=0x000000a8ae9ff368 mode 2
Event: 29.333 Thread 0x000001e54e9ce4d0 Uncommon trap: trap_request=0xffffffde fr.pc=0x000001e536d73760 relative=0x0000000000001720
Event: 29.333 Thread 0x000001e54e9ce4d0 Uncommon trap: reason=class_check action=maybe_recompile pc=0x000001e536d73760 method=java.awt.EventQueue.dispatchEventImpl(Ljava/awt/AWTEvent;Ljava/lang/Object;)V @ 18 c2
Event: 29.333 Thread 0x000001e54e9ce4d0 DEOPT PACKING pc=0x000001e536d73760 sp=0x000000a8ae9ff4b0
Event: 29.333 Thread 0x000001e54e9ce4d0 DEOPT UNPACKING pc=0x000001e5365a69a3 sp=0x000000a8ae9ff1e8 mode 2
Event: 29.333 Thread 0x000001e54e9ce4d0 Uncommon trap: trap_request=0xffffffde fr.pc=0x000001e536d73760 relative=0x0000000000001720
Event: 29.333 Thread 0x000001e54e9ce4d0 Uncommon trap: reason=class_check action=maybe_recompile pc=0x000001e536d73760 method=java.awt.EventQueue.dispatchEventImpl(Ljava/awt/AWTEvent;Ljava/lang/Object;)V @ 18 c2
Event: 29.333 Thread 0x000001e54e9ce4d0 DEOPT PACKING pc=0x000001e536d73760 sp=0x000000a8ae9ff4b0
Event: 29.333 Thread 0x000001e54e9ce4d0 DEOPT UNPACKING pc=0x000001e5365a69a3 sp=0x000000a8ae9ff1e8 mode 2
Event: 31.804 Thread 0x000001e54ed90f50 Uncommon trap: trap_request=0xffffffc6 fr.pc=0x000001e536df4654 relative=0x0000000000000c94
Event: 31.804 Thread 0x000001e54ed90f50 Uncommon trap: reason=bimorphic_or_optimized_type_check action=maybe_recompile pc=0x000001e536df4654 method=kotlinx.coroutines.DispatchedTaskKt.dispatch(Lkotlinx/coroutines/DispatchedTask;I)V @ 91 c2
Event: 31.804 Thread 0x000001e54ed90f50 DEOPT PACKING pc=0x000001e536df4654 sp=0x000000a8aedff0e0
Event: 31.804 Thread 0x000001e54ed90f50 DEOPT UNPACKING pc=0x000001e5365a69a3 sp=0x000000a8aedfef88 mode 2

Classes unloaded (0 events):
No events

Classes redefined (0 events):
No events

Internal exceptions (20 events):
Event: 0.696 Thread 0x000001e527525ea0 Exception <a 'java/io/FileNotFoundException'{0x00000007122c4a40}> (0x00000007122c4a40) 
thrown [s\src\hotspot\share\prims\jni.cpp, line 516]
Event: 1.272 Thread 0x000001e54e9ce4d0 Exception <a 'java/lang/NoSuchMethodError'{0x000000071214a208}: 'java.lang.Object java.lang.invoke.DirectMethodHandle$Holder.invokeStaticInit(java.lang.Object, int, int, int, int)'> (0x000000071214a208) 
thrown [s\src\hotspot\share\interpreter\linkResolver.cpp, line 759]
Event: 1.369 Thread 0x000001e54e9ce4d0 Exception <a 'java/lang/NoSuchMethodError'{0x0000000711e1af90}: 'java.lang.Object java.lang.invoke.DirectMethodHandle$Holder.invokeStaticInit(java.lang.Object, java.lang.Object, int, int, int, int)'> (0x0000000711e1af90) 
thrown [s\src\hotspot\share\interpreter\linkResolver.cpp, line 759]
Event: 1.505 Thread 0x000001e54e9ce4d0 Exception <a 'java/lang/NoSuchMethodError'{0x0000000711d86e38}: 'double java.lang.invoke.DirectMethodHandle$Holder.invokeStatic(java.lang.Object, double)'> (0x0000000711d86e38) 
thrown [s\src\hotspot\share\interpreter\linkResolver.cpp, line 759]
Event: 1.505 Thread 0x000001e54e9ce4d0 Exception <a 'java/lang/NoSuchMethodError'{0x0000000711d8a898}: 'double java.lang.invoke.DirectMethodHandle$Holder.invokeStaticInit(java.lang.Object, double)'> (0x0000000711d8a898) 
thrown [s\src\hotspot\share\interpreter\linkResolver.cpp, line 759]
Event: 1.519 Thread 0x000001e54e9ce4d0 Exception <a 'java/lang/NoSuchMethodError'{0x0000000711dd3000}: 'java.lang.Object java.lang.invoke.DirectMethodHandle$Holder.newInvokeSpecial(java.lang.Object, double)'> (0x0000000711dd3000) 
thrown [s\src\hotspot\share\interpreter\linkResolver.cpp, line 759]
Event: 1.966 Thread 0x000001e54e9ce4d0 Exception <a 'java/lang/NoSuchMethodError'{0x0000000710fee678}: 'void java.lang.invoke.DirectMethodHandle$Holder.invokeSpecial(java.lang.Object, java.lang.Object, java.lang.Object)'> (0x0000000710fee678) 
thrown [s\src\hotspot\share\interpreter\linkResolver.cpp, line 759]
Event: 1.977 Thread 0x000001e54e9ce4d0 Exception <a 'java/lang/NoSuchMethodError'{0x0000000710c18f10}: 'java.lang.Object java.lang.invoke.DirectMethodHandle$Holder.newInvokeSpecial(java.lang.Object, java.lang.Object, java.lang.Object, java.lang.Object, java.lang.Object)'> (0x0000000710c18f10) 
thrown [s\src\hotspot\share\interpreter\linkResolver.cpp, line 759]
Event: 1.979 Thread 0x000001e54e9ce4d0 Exception <a 'java/lang/NoSuchMethodError'{0x0000000710c24b80}: 'java.lang.Object java.lang.invoke.DirectMethodHandle$Holder.invokeStatic(java.lang.Object, int, java.lang.Object, java.lang.Object, java.lang.Object, java.lang.Object)'> (0x0000000710c24b80) 
thrown [s\src\hotspot\share\interpreter\linkResolver.cpp, line 759]
Event: 1.993 Thread 0x000001e54e9ce4d0 Exception <a 'java/lang/NoSuchMethodError'{0x0000000710c4a5e8}: 'java.lang.Object java.lang.invoke.DirectMethodHandle$Holder.invokeStatic(java.lang.Object, int, java.lang.Object)'> (0x0000000710c4a5e8) 
thrown [s\src\hotspot\share\interpreter\linkResolver.cpp, line 759]
Event: 2.037 Thread 0x000001e54e9ce4d0 Exception <a 'java/lang/ClassNotFoundException'{0x0000000710d06e40}: com/sun/swing/internal/plaf/metal/resources/spi/metalProvider> (0x0000000710d06e40) 
thrown [s\src\hotspot\share\classfile\systemDictionary.cpp, line 256]
Event: 2.038 Thread 0x000001e54e9ce4d0 Exception <a 'java/lang/ClassNotFoundException'{0x0000000710d0ade0}: com/sun/swing/internal/plaf/basic/resources/spi/basicProvider> (0x0000000710d0ade0) 
thrown [s\src\hotspot\share\classfile\systemDictionary.cpp, line 256]
Event: 2.047 Thread 0x000001e54e9ce4d0 Implicit null exception at 0x000001e536b1f410 to 0x000001e536b1f7e4
Event: 2.047 Thread 0x000001e54e9ce4d0 Implicit null exception at 0x000001e536b19510 to 0x000001e536b198c8
Event: 2.079 Thread 0x000001e54e9ce4d0 Exception <a 'java/lang/NoSuchMethodError'{0x0000000710a1ebd8}: 'void java.lang.invoke.DirectMethodHandle$Holder.invokeStatic(java.lang.Object, java.lang.Object, java.lang.Object)'> (0x0000000710a1ebd8) 
thrown [s\src\hotspot\share\interpreter\linkResolver.cpp, line 759]
Event: 2.193 Thread 0x000001e54e9ce4d0 Exception <a 'java/lang/NoSuchMethodError'{0x00000007108ee8e0}: 'void java.lang.invoke.DirectMethodHandle$Holder.invokeStaticInit(java.lang.Object)'> (0x00000007108ee8e0) 
thrown [s\src\hotspot\share\interpreter\linkResolver.cpp, line 759]
Event: 2.451 Thread 0x000001e54e9ce4d0 Exception <a 'java/lang/NoSuchMethodError'{0x000000071214cd40}: 'int java.lang.invoke.DirectMethodHandle$Holder.invokeStaticInit(java.lang.Object, java.lang.Object, java.lang.Object)'> (0x000000071214cd40) 
thrown [s\src\hotspot\share\interpreter\linkResolver.cpp, line 759]
Event: 2.980 Thread 0x000001e54ea045e0 Exception <a 'java/lang/NoSuchMethodError'{0x0000000710a00b68}: 'void java.lang.invoke.DirectMethodHandle$Holder.invokeVirtual(java.lang.Object, java.lang.Object)'> (0x0000000710a00b68) 
thrown [s\src\hotspot\share\interpreter\linkResolver.cpp, line 759]
Event: 6.609 Thread 0x000001e54e9ce4d0 Exception <a 'java/lang/NoSuchMethodError'{0x0000000704b5fda0}: 'int java.lang.invoke.DirectMethodHandle$Holder.invokeStaticInit(java.lang.Object, long, long)'> (0x0000000704b5fda0) 
thrown [s\src\hotspot\share\interpreter\linkResolver.cpp, line 759]
Event: 7.337 Thread 0x000001e54e9ce4d0 Exception <a 'java/lang/NoSuchMethodError'{0x0000000704e254d0}: 'java.lang.Object java.lang.invoke.DirectMethodHandle$Holder.newInvokeSpecial(java.lang.Object, int, java.lang.Object)'> (0x0000000704e254d0) 
thrown [s\src\hotspot\share\interpreter\linkResolver.cpp, line 759]

VM Operations (20 events):
Event: 24.859 Executing VM operation: Cleanup
Event: 24.859 Executing VM operation: Cleanup done
Event: 25.863 Executing VM operation: Cleanup
Event: 25.863 Executing VM operation: Cleanup done
Event: 26.875 Executing VM operation: Cleanup
Event: 26.875 Executing VM operation: Cleanup done
Event: 27.889 Executing VM operation: Cleanup
Event: 27.889 Executing VM operation: Cleanup done
Event: 28.893 Executing VM operation: Cleanup
Event: 28.893 Executing VM operation: Cleanup done
Event: 29.901 Executing VM operation: Cleanup
Event: 29.901 Executing VM operation: Cleanup done
Event: 31.805 Executing VM operation: G1CollectFull
Event: 31.844 Executing VM operation: G1CollectFull done
Event: 32.857 Executing VM operation: Cleanup
Event: 32.858 Executing VM operation: Cleanup done
Event: 33.863 Executing VM operation: Cleanup
Event: 33.863 Executing VM operation: Cleanup done
Event: 34.865 Executing VM operation: Cleanup
Event: 34.865 Executing VM operation: Cleanup done

Events (20 events):
Event: 8.713 Thread 0x000001e556573020 Thread exited: 0x000001e556573020
Event: 13.691 Thread 0x000001e54f1ce160 Thread added: 0x000001e54f1ce160
Event: 14.199 Thread 0x000001e54f1ce160 Thread exited: 0x000001e54f1ce160
Event: 14.819 Thread 0x000001e54f1cd230 Thread added: 0x000001e54f1cd230
Event: 15.006 loading class java/security/DomainCombiner
Event: 15.006 loading class java/security/DomainCombiner done
Event: 15.123 Thread 0x000001e54f1cd230 Thread exited: 0x000001e54f1cd230
Event: 24.975 Thread 0x000001e556f5c420 Thread added: 0x000001e556f5c420
Event: 25.250 Thread 0x000001e556f5c420 Thread exited: 0x000001e556f5c420
Event: 34.852 loading class jdk/internal/misc/Signal$1
Event: 34.852 loading class jdk/internal/misc/Signal$1 done
Event: 34.852 Thread 0x000001e54fca5ed0 Thread added: 0x000001e54fca5ed0
Event: 34.853 Thread 0x000001e54fca9d60 Thread added: 0x000001e54fca9d60
Event: 34.853 Thread 0x000001e556ca9310 Thread added: 0x000001e556ca9310
Event: 34.853 Thread 0x000001e556ca84a0 Thread added: 0x000001e556ca84a0
Event: 34.855 Thread 0x000001e556ca9310 Thread exited: 0x000001e556ca9310
Event: 34.862 Thread 0x000001e54ea045e0 Thread exited: 0x000001e54ea045e0
Event: 34.864 Thread 0x000001e556ca84a0 Thread exited: 0x000001e556ca84a0
Event: 34.864 Thread 0x000001e54fca6870 Thread exited: 0x000001e54fca6870
Event: 34.864 Thread 0x000001e54fca7bb0 Thread exited: 0x000001e54fca7bb0


Dynamic libraries:
0x00007ff7ea230000 - 0x00007ff7ea23d000 	C:\Users\HP\.jdks\corretto-17.0.7\bin\java.exe
0x00007ffae8e70000 - 0x00007ffae9068000 	C:\Windows\SYSTEM32\ntdll.dll
0x00007ffae85d0000 - 0x00007ffae868f000 	C:\Windows\System32\KERNEL32.DLL
0x00007ffae6550000 - 0x00007ffae6846000 	C:\Windows\System32\KERNELBASE.dll
0x00007ffae6b90000 - 0x00007ffae6c90000 	C:\Windows\System32\ucrtbase.dll
0x00007ffadb080000 - 0x00007ffadb095000 	C:\Users\HP\.jdks\corretto-17.0.7\bin\VCRUNTIME140.dll
0x00007ffadb4a0000 - 0x00007ffadb4b7000 	C:\Users\HP\.jdks\corretto-17.0.7\bin\jli.dll
0x00007ffae7e80000 - 0x00007ffae801d000 	C:\Windows\System32\USER32.dll
0x00007ffae6c90000 - 0x00007ffae6cb2000 	C:\Windows\System32\win32u.dll
0x00007ffae7e20000 - 0x00007ffae7e4c000 	C:\Windows\System32\GDI32.dll
0x00007ffae6d10000 - 0x00007ffae6e25000 	C:\Windows\System32\gdi32full.dll
0x00007ffae6e30000 - 0x00007ffae6ecd000 	C:\Windows\System32\msvcp_win.dll
0x00007ffacc090000 - 0x00007ffacc32a000 	C:\Windows\WinSxS\amd64_microsoft.windows.common-controls_6595b64144ccf1df_6.0.19041.1110_none_60b5254171f9507e\COMCTL32.dll
0x00007ffae8900000 - 0x00007ffae899e000 	C:\Windows\System32\msvcrt.dll
0x00007ffae7e50000 - 0x00007ffae7e80000 	C:\Windows\System32\IMM32.DLL
0x00007ffadab80000 - 0x00007ffadac1b000 	C:\Users\HP\.jdks\corretto-17.0.7\bin\msvcp140.dll
0x00007ffaa6fd0000 - 0x00007ffaa7bea000 	C:\Users\HP\.jdks\corretto-17.0.7\bin\server\jvm.dll
0x00007ffae7550000 - 0x00007ffae75ff000 	C:\Windows\System32\ADVAPI32.dll
0x00007ffae8730000 - 0x00007ffae87cc000 	C:\Windows\System32\sechost.dll
0x00007ffae87d0000 - 0x00007ffae88f6000 	C:\Windows\System32\RPCRT4.dll
0x00007ffadad70000 - 0x00007ffadad79000 	C:\Windows\SYSTEM32\WSOCK32.dll
0x00007ffacbdc0000 - 0x00007ffacbde7000 	C:\Windows\SYSTEM32\WINMM.dll
0x00007ffae8560000 - 0x00007ffae85cb000 	C:\Windows\System32\WS2_32.dll
0x00007ffadc780000 - 0x00007ffadc78a000 	C:\Windows\SYSTEM32\VERSION.dll
0x00007ffae4d40000 - 0x00007ffae4d52000 	C:\Windows\SYSTEM32\kernel.appcore.dll
0x00007ffadaf20000 - 0x00007ffadaf2a000 	C:\Users\HP\.jdks\corretto-17.0.7\bin\jimage.dll
0x00007ffae1260000 - 0x00007ffae1444000 	C:\Windows\SYSTEM32\DBGHELP.DLL
0x00007ffacded0000 - 0x00007ffacdf04000 	C:\Windows\SYSTEM32\dbgcore.DLL
0x00007ffae6b00000 - 0x00007ffae6b82000 	C:\Windows\System32\bcryptPrimitives.dll
0x00007ffadb4f0000 - 0x00007ffadb4fe000 	C:\Users\HP\.jdks\corretto-17.0.7\bin\instrument.dll
0x00007ffadaef0000 - 0x00007ffadaf15000 	C:\Users\HP\.jdks\corretto-17.0.7\bin\java.dll
0x00007ffaacbb0000 - 0x00007ffaacc86000 	C:\Users\HP\.jdks\corretto-17.0.7\bin\jsvml.dll
0x00007ffae76d0000 - 0x00007ffae7e14000 	C:\Windows\System32\SHELL32.dll
0x00007ffae4590000 - 0x00007ffae4d24000 	C:\Windows\SYSTEM32\windows.storage.dll
0x00007ffae89a0000 - 0x00007ffae8cf4000 	C:\Windows\System32\combase.dll
0x00007ffae5dd0000 - 0x00007ffae5dfe000 	C:\Windows\SYSTEM32\Wldp.dll
0x00007ffae6f80000 - 0x00007ffae702d000 	C:\Windows\System32\SHCORE.dll
0x00007ffae8020000 - 0x00007ffae8075000 	C:\Windows\System32\shlwapi.dll
0x00007ffae6480000 - 0x00007ffae64a5000 	C:\Windows\SYSTEM32\profapi.dll
0x00007ffadad10000 - 0x00007ffadad28000 	C:\Users\HP\.jdks\corretto-17.0.7\bin\zip.dll
0x00007ffadaed0000 - 0x00007ffadaee9000 	C:\Users\HP\.jdks\corretto-17.0.7\bin\net.dll
0x00007ffad78b0000 - 0x00007ffad79ba000 	C:\Windows\SYSTEM32\WINHTTP.dll
0x00007ffae5bb0000 - 0x00007ffae5c1a000 	C:\Windows\system32\mswsock.dll
0x00007ffadaeb0000 - 0x00007ffadaec5000 	C:\Users\HP\.jdks\corretto-17.0.7\bin\nio.dll
0x00007ffadb100000 - 0x00007ffadb11a000 	C:\Program Files\JetBrains\IntelliJ IDEA Community Edition 2021.3.2\bin\breakgen64.dll
0x00007ffaa9500000 - 0x00007ffaa96a9000 	C:\Users\HP\.jdks\corretto-17.0.7\bin\awt.dll
0x00007ffae7600000 - 0x00007ffae76cd000 	C:\Windows\System32\OLEAUT32.dll
0x00007ffae02d0000 - 0x00007ffae0361000 	C:\Windows\SYSTEM32\apphelp.dll
0x00007ffae0ac0000 - 0x00007ffae0b5e000 	C:\Windows\system32\uxtheme.dll
0x00007ffae7340000 - 0x00007ffae7454000 	C:\Windows\System32\MSCTF.dll
0x00007ffae8d00000 - 0x00007ffae8e2a000 	C:\Windows\System32\ole32.dll
0x00007ffae0bd0000 - 0x00007ffae0bff000 	C:\Windows\system32\DWMAPI.DLL
0x00007ffad1f80000 - 0x00007ffad20a5000 	C:\Windows\system32\opengl32.dll
0x00007ffadc5d0000 - 0x00007ffadc5fc000 	C:\Windows\SYSTEM32\GLU32.dll
0x00007ffae5e10000 - 0x00007ffae5e28000 	C:\Windows\SYSTEM32\CRYPTSP.dll
0x00007ffae54f0000 - 0x00007ffae5524000 	C:\Windows\system32\rsaenh.dll
0x00007ffae6a60000 - 0x00007ffae6a87000 	C:\Windows\System32\bcrypt.dll
0x00007ffae6400000 - 0x00007ffae642e000 	C:\Windows\SYSTEM32\USERENV.dll
0x00007ffae5d40000 - 0x00007ffae5d4c000 	C:\Windows\SYSTEM32\CRYPTBASE.dll
0x00007ffae58c0000 - 0x00007ffae58fc000 	C:\Windows\SYSTEM32\IPHLPAPI.DLL
0x00007ffae8080000 - 0x00007ffae8088000 	C:\Windows\System32\NSI.dll
0x00007ffad7d60000 - 0x00007ffad7d77000 	C:\Windows\SYSTEM32\dhcpcsvc6.DLL
0x00007ffad7d40000 - 0x00007ffad7d5d000 	C:\Windows\SYSTEM32\dhcpcsvc.DLL
0x00007ffae5900000 - 0x00007ffae59ca000 	C:\Windows\SYSTEM32\DNSAPI.dll
0x00007ffa9c1a0000 - 0x00007ffa9d1ec000 	C:\Users\HP\.skiko\0de0d8dd8554d9bb66cfca3837db6514ff9b71080e998917280a3b777460a416\skiko-windows-x64.dll
0x00007ffab1dc0000 - 0x00007ffab1e43000 	C:\Users\HP\.jdks\corretto-17.0.7\bin\freetype.dll
0x00007ffaa9260000 - 0x00007ffaa9322000 	C:\Users\HP\.jdks\corretto-17.0.7\bin\fontmanager.dll
0x00007ffadb140000 - 0x00007ffadb147000 	C:\Users\HP\.jdks\corretto-17.0.7\bin\jawt.dll
0x00007ffae4db0000 - 0x00007ffae4ea3000 	C:\Windows\SYSTEM32\Dxgi.dll
0x00007ffadab00000 - 0x00007ffadab20000 	C:\Windows\SYSTEM32\D3D12.dll
0x00007ffaa8be0000 - 0x00007ffaa8dad000 	C:\Windows\SYSTEM32\D3D12Core.dll
0x00007ffad9fc0000 - 0x00007ffad9ffb000 	C:\Windows\SYSTEM32\dxcore.dll
0x00007ffae6cc0000 - 0x00007ffae6d0e000 	C:\Windows\System32\cfgmgr32.dll
0x00007ffad4b80000 - 0x00007ffad7799000 	C:\Windows\System32\DriverStore\FileRepository\igdlh64.inf_amd64_e6daaea9afe1e6f6\igc64.dll
0x00007ffa82d50000 - 0x00007ffa84223000 	C:\Windows\System32\DriverStore\FileRepository\igdlh64.inf_amd64_e6daaea9afe1e6f6\igd12umd64.dll
0x00007ffad7ac0000 - 0x00007ffad7d17000 	C:\Windows\System32\DriverStore\FileRepository\igdlh64.inf_amd64_e6daaea9afe1e6f6\igdgmm64.dll
0x00007ffaa6bc0000 - 0x00007ffaa6fcb000 	C:\Windows\System32\DriverStore\FileRepository\igdlh64.inf_amd64_e6daaea9afe1e6f6\igdml64.dll
0x00007ffac1c50000 - 0x00007ffac1c7b000 	C:\Windows\SYSTEM32\D3DSCache.dll
0x00007ffa61af0000 - 0x00007ffa662f2000 	C:\Windows\System32\DriverStore\FileRepository\igdlh64.inf_amd64_e6daaea9afe1e6f6\igd12dxva64.dll
0x00007ffae80f0000 - 0x00007ffae855e000 	C:\Windows\System32\SETUPAPI.dll
0x00007ffa9f030000 - 0x00007ffa9f057000 	C:\Windows\System32\DriverStore\FileRepository\igdlh64.inf_amd64_e6daaea9afe1e6f6\igdinfo64.dll
0x00007ffadd380000 - 0x00007ffadd587000 	C:\Windows\SYSTEM32\twinapi.appcore.dll
0x00007ffae6ed0000 - 0x00007ffae6f79000 	C:\Windows\System32\clbcatq.dll
0x00007ffa76480000 - 0x00007ffa77452000 	C:\Windows\System32\DriverStore\FileRepository\igdlh64.inf_amd64_e6daaea9afe1e6f6\ig9icd64.dll
0x00007ffae63b0000 - 0x00007ffae63fb000 	C:\Windows\SYSTEM32\powrprof.dll
0x00007ffae6390000 - 0x00007ffae63a2000 	C:\Windows\SYSTEM32\UMPDC.dll
0x00007ffabcbf0000 - 0x00007ffabce6f000 	C:\Windows\SYSTEM32\dwrite.dll
0x00007ffad3160000 - 0x00007ffad3259000 	C:\Windows\SYSTEM32\textinputframework.dll
0x00007ffadffb0000 - 0x00007ffae00a2000 	C:\Windows\System32\CoreMessaging.dll
0x00007ffadfc50000 - 0x00007ffadffae000 	C:\Windows\System32\CoreUIComponents.dll
0x00007ffae5630000 - 0x00007ffae5663000 	C:\Windows\SYSTEM32\ntmarta.dll
0x00007ffade8f0000 - 0x00007ffadea44000 	C:\Windows\SYSTEM32\wintypes.dll
0x00007ffa9f940000 - 0x00007ffaa01f2000 	C:\Users\HP\AppData\Local\io-realm-kotlin\f7113120ba00ba1ff91d696eecd3919e85a4e34e\realmc.dll
0x00007ffae6900000 - 0x00007ffae6a5e000 	C:\Windows\System32\CRYPT32.dll
0x00007ffaddb60000 - 0x00007ffaddbca000 	C:\Windows\system32\Ninput.dll

dbghelp: loaded successfully - version: 4.0.5 - missing functions: none
symbol engine: initialized successfully - sym options: 0x614 - pdb path: .;C:\Users\HP\.jdks\corretto-17.0.7\bin;C:\Windows\SYSTEM32;C:\Windows\WinSxS\amd64_microsoft.windows.common-controls_6595b64144ccf1df_6.0.19041.1110_none_60b5254171f9507e;C:\Users\HP\.jdks\corretto-17.0.7\bin\server;C:\Program Files\JetBrains\IntelliJ IDEA Community Edition 2021.3.2\bin;C:\Users\HP\.skiko\0de0d8dd8554d9bb66cfca3837db6514ff9b71080e998917280a3b777460a416;C:\Windows\System32\DriverStore\FileRepository\igdlh64.inf_amd64_e6daaea9afe1e6f6;C:\Users\HP\AppData\Local\io-realm-kotlin\f7113120ba00ba1ff91d696eecd3919e85a4e34e

VM Arguments:
jvm_args: -Djava.library.path=C:\Users\HP\Desktop\demo-compose-desktop\build\classes\kotlin\jvm\main;C:\Users\HP\Desktop\demo-compose-desktop\build\processedResources\jvm\main -javaagent:C:\Program Files\JetBrains\IntelliJ IDEA Community Edition 2021.3.2\lib\idea_rt.jar=63149:C:\Program Files\JetBrains\IntelliJ IDEA Community Edition 2021.3.2\bin -Dfile.encoding=UTF-8 
java_command: MainKt
java_class_path (initial): C:\Users\HP\Desktop\demo-compose-desktop\build\classes\kotlin\jvm\main;C:\Users\HP\Desktop\demo-compose-desktop\build\processedResources\jvm\main;C:\Users\HP\.gradle\caches\modules-2\files-2.1\io.insert-koin\koin-androidx-compose\3.4.5\ae0a88b7a68d507e651c5a3d70a541594bea54cb\koin-androidx-compose-3.4.5.aar;C:\Users\HP\.gradle\caches\modules-2\files-2.1\androidx.navigation\navigation-compose\2.6.0\3f8ce7b0bad21cced0c47b42b6347c65a6e422c3\navigation-compose-2.6.0.aar;C:\Users\HP\.gradle\caches\modules-2\files-2.1\org.jetbrains.kotlin\kotlin-stdlib-jdk8\1.8.21\67f57e154437cd9e6e9cf368394b95814836ff88\kotlin-stdlib-jdk8-1.8.21.jar;C:\Users\HP\.gradle\caches\modules-2\files-2.1\org.apache.poi\poi-ooxml\4.1.2\87d9a22aa9a7dd26e80c360e709f7ee02e32ab3b\poi-ooxml-4.1.2.jar;C:\Users\HP\.gradle\caches\modules-2\files-2.1\org.apache.poi\poi\4.1.2\964bf41cf68bce08e4ef6b2279b559fdf8d454f4\poi-4.1.2.jar;C:\Users\HP\.gradle\caches\modules-2\files-2.1\org.lwjgl\lwjgl-nfd\3.3.1\622318116996ddcff449b46cb38f0fdee39b8ac3\lwjgl-nfd-3.3.1.jar;C:\Users\HP\.gradle\caches\modules-2\files-2.1\org.lwjgl\lwjgl-nfd\3.3.1\2e007667e04ed3281152ae5c6e677fb1c2211691\lwjgl-nfd-3.3.1-natives-linux.jar;C:\Users\HP\.gradle\caches\modules-2\files-2.1\org.lwjgl\lwjgl\3.3.1\ae58664f88e18a9bb2c77b063833ca7aaec484cb\lwjgl-3.3.1.jar;C:\Users\HP\.gradle\caches\modules-2\files-2.1\io.insert-koin\koin-android\3.4.0\48715fbe06102a59a30bd45b06ed2400c16c6f45\koin-android-3.4.0.aar;C:\Users\HP\.gradle\caches\modules-2\files-2.1\org.lwjgl\lwjgl-nfd\3.3.1\b3e04e317f55dd738d8a345cdafd15b39f85a2ea\lwjgl-nfd-3.3.1-natives-linux-arm32.jar;C:\Users\HP\.gradle\caches\modules-2\files-2.1\androidx.lifecycle\lifecycle-viewmodel-compose\2.6.1\38cf3bb65ff3e0e5c3d63de2ebf5411d0898108c\lifecycle-viewmodel-compose-2.6.1.aar;C:\Users\HP\.gradle\caches\modules-2\files-2.1\org.lwjgl\lwjgl-nfd\3.3.1\f41dc62336f7ee4ab35705cfa440cc903d199165\lwjgl-nfd-3.3.1-natives-linux-arm64.jar;C:\Users\HP\.gradle\caches\mo
Launcher Type: SUN_STANDARD

[Global flags]
     intx CICompilerCount                          = 3                                         {product} {ergonomic}
     uint ConcGCThreads                            = 1                                         {product} {ergonomic}
     uint G1ConcRefinementThreads                  = 4                                         {product} {ergonomic}
   size_t G1HeapRegionSize                         = 2097152                                   {product} {ergonomic}
    uintx GCDrainStackTargetSize                   = 64                                        {product} {ergonomic}
   size_t InitialHeapSize                          = 266338304                                 {product} {ergonomic}
   size_t MarkStackSize                            = 4194304                                   {product} {ergonomic}
   size_t MaxHeapSize                              = 4255121408                                {product} {ergonomic}
   size_t MaxNewSize                               = 2552233984                                {product} {ergonomic}
   size_t MinHeapDeltaBytes                        = 2097152                                   {product} {ergonomic}
   size_t MinHeapSize                              = 8388608                                   {product} {ergonomic}
    uintx NonNMethodCodeHeapSize                   = 5832780                                {pd product} {ergonomic}
    uintx NonProfiledCodeHeapSize                  = 122912730                              {pd product} {ergonomic}
    uintx ProfiledCodeHeapSize                     = 122912730                              {pd product} {ergonomic}
    uintx ReservedCodeCacheSize                    = 251658240                              {pd product} {ergonomic}
     bool SegmentedCodeCache                       = true                                      {product} {ergonomic}
   size_t SoftMaxHeapSize                          = 4255121408                             {manageable} {ergonomic}
     bool UseCompressedClassPointers               = true                           {product lp64_product} {ergonomic}
     bool UseCompressedOops                        = true                           {product lp64_product} {ergonomic}
     bool UseG1GC                                  = true                                      {product} {ergonomic}
     bool UseLargePagesIndividualAllocation        = false                                  {pd product} {ergonomic}

Logging:
Log output configuration:
 #0: stdout all=warning uptime,level,tags
 #1: stderr all=off uptime,level,tags

Environment Variables:
PATH=C:\Program Files\Common Files\Oracle\Java\javapath;C:\Program Files (x86)\Common Files\Oracle\Java\javapath;C:\Windows\system32;C:\Windows;C:\Windows\System32\Wbem;C:\Windows\System32\WindowsPowerShell\v1.0\;C:\Windows\System32\OpenSSH\;C:\xampp\php;C:\ProgramData\ComposerSetup\bin;C:\Program Files\nodejs\;C:\Program Files (x86)\Intel\Intel(R) Management Engine Components\DAL;C:\Program Files\Intel\Intel(R) Management Engine Components\DAL;C:\Program Files\Git\cmd;C:\Program Files\Fortect;C:\Users\HP\AppData\Local\Microsoft\WindowsApps;C:\Program Files\JetBrains\IntelliJ IDEA Community Edition 2021.3.2\bin;C:\Users\HP\AppData\Local\Programs\Microsoft VS Code\bin;C:\Users\HP\AppData\Local\JetBrains\Toolbox\scripts;C:\Users\HP\AppData\Local\GitHubDesktop\bin;C:\Users\HP\Desktop\camp\flutter_windows_3.7.6-stable\flutter\bin;C:\Users\HP\AppData\Roaming\Composer\vendor\bin;C:\Users\HP\AppData\Roaming\npm
USERNAME=HP
OS=Windows_NT
PROCESSOR_IDENTIFIER=Intel64 Family 6 Model 142 Stepping 9, GenuineIntel
TMP=C:\Users\HP\AppData\Local\Temp
TEMP=C:\Users\HP\AppData\Local\Temp



---------------  S Y S T E M  ---------------

OS:
 Windows 10 , 64 bit Build 19041 (10.0.19041.3155)
OS uptime: 1 days 22:05 hours
Hyper-V role detected

CPU: total 4 (initial active 4) (2 cores per cpu, 2 threads per core) family 6 model 142 stepping 9 microcode 0xf2, cx8, cmov, fxsr, ht, mmx, 3dnowpref, sse, sse2, sse3, ssse3, sse4.1, sse4.2, popcnt, lzcnt, tsc, tscinvbit, avx, avx2, aes, erms, clmul, bmi1, bmi2, rtm, adx, fma, vzeroupper, clflush, clflushopt, hv

Memory: 4k page, system-wide physical 16224M (6118M free)
TotalPageFile size 32096M (AvailPageFile size 17982M)
current process WorkingSet (physical memory assigned to process): 250M, peak: 321M
current process commit charge ("private bytes"): 308M, peak: 428M

vm_info: OpenJDK 64-Bit Server VM (17.0.7+7-LTS) for windows-amd64 JRE (17.0.7+7-LTS), built on Apr 14 2023 01:39:21 by "Administrator" with MS VC++ 15.9 (VS2017)

END.
