#
# A fatal error has been detected by the Java Runtime Environment:
#
#  EXCEPTION_ACCESS_VIOLATION (0xc0000005) at pc=0x00007ffe74e7ebe3, pid=3076, tid=10720
#
# JRE version: OpenJDK Runtime Environment Corretto-17.0.7.7.1 (17.0.7+7) (build 17.0.7+7-LTS)
# Java VM: OpenJDK 64-Bit Server VM Corretto-17.0.7.7.1 (17.0.7+7-LTS, mixed mode, sharing, tiered, compressed oops, compressed class ptrs, g1 gc, windows-amd64)
# Problematic frame:
# C  [ig9icd64.dll+0x9bebe3]
#
# No core dump will be written. Minidumps are not enabled by default on client versions of Windows
#
# If you would like to submit a bug report, please visit:
#   https://github.com/corretto/corretto-17/issues/
# The crash happened outside the Java Virtual Machine in native code.
# See problematic frame for where to report the bug.
#

---------------  S U M M A R Y ------------

Command Line: -Djava.library.path=C:\Users\HP\Desktop\newderar\build\classes\kotlin\jvm\main;C:\Users\HP\Desktop\newderar\build\processedResources\jvm\main -javaagent:C:\Program Files\JetBrains\IntelliJ IDEA Community Edition 2021.3.2\lib\idea_rt.jar=53173:C:\Program Files\JetBrains\IntelliJ IDEA Community Edition 2021.3.2\bin -Dfile.encoding=UTF-8 MainKt

Host: Intel(R) Core(TM) i5-7300U CPU @ 2.60GHz, 4 cores, 15G,  Windows 10 , 64 bit Build 19041 (10.0.19041.3155)
Time: Sat Jul  8 17:25:07 2023 Libya Standard Time elapsed time: 21.141770 seconds (0d 0h 0m 21s)

---------------  T H R E A D  ---------------

Current thread (0x000002f14dc15930):  JavaThread "AWT-EventQueue-0" [_thread_in_native, id=10720, stack(0x000000f757700000,0x000000f757800000)]

Stack: [0x000000f757700000,0x000000f757800000],  sp=0x000000f7577fc638,  free space=1009k
Native frames: (J=compiled Java code, j=interpreted, Vv=VM code, C=native code)
C  [ig9icd64.dll+0x9bebe3]

Java frames: (J=compiled Java code, j=interpreted, Vv=VM code)
J 5145  org.jetbrains.skia.DirectContextKt.DirectContext_nFlush(J)V (0 bytes) @ 0x000002f13a1f8469 [0x000002f13a1f8420+0x0000000000000049]
J 5076 c1 org.jetbrains.skiko.context.ContextHandler.flush()V (17 bytes) @ 0x000002f132e7895c [0x000002f132e787e0+0x000000000000017c]
J 5073 c1 org.jetbrains.skiko.context.ContextHandler.draw()V (91 bytes) @ 0x000002f132e71264 [0x000002f132e70760+0x0000000000000b04]
J 5077 c1 org.jetbrains.skiko.redrawer.WindowsOpenGLRedrawer.draw()V (288 bytes) @ 0x000002f132e796bc [0x000002f132e78fa0+0x000000000000071c]
J 4719 c1 org.jetbrains.skiko.redrawer.WindowsOpenGLRedrawer$Companion$frameDispatcher$1.invokeSuspend(Ljava/lang/Object;)Ljava/lang/Object; (379 bytes) @ 0x000002f132da9974 [0x000002f132da8600+0x0000000000001374]
J 4931 c1 org.jetbrains.skiko.redrawer.WindowsOpenGLRedrawer$Companion$frameDispatcher$1.invoke(Ljava/lang/Object;)Ljava/lang/Object; (9 bytes) @ 0x000002f132e2e884 [0x000002f132e2e320+0x0000000000000564]
J 4703 c1 org.jetbrains.skiko.FrameDispatcher$job$1.invokeSuspend(Ljava/lang/Object;)Ljava/lang/Object; (156 bytes) @ 0x000002f132d9acc4 [0x000002f132d9a320+0x00000000000009a4]
J 4947 c2 kotlin.coroutines.jvm.internal.BaseContinuationImpl.resumeWith(Ljava/lang/Object;)V (128 bytes) @ 0x000002f13a1a9380 [0x000002f13a1a9320+0x0000000000000060]
J 5023 c2 kotlinx.coroutines.DispatchedTask.run()V (571 bytes) @ 0x000002f13a1be0c8 [0x000002f13a1bdd20+0x00000000000003a8]
J 5154 c2 java.awt.EventQueue.dispatchEventImpl(Ljava/awt/AWTEvent;Ljava/lang/Object;)V java.desktop@17.0.7 (136 bytes) @ 0x000002f13a20c188 [0x000002f13a20be20+0x0000000000000368]
J 5180 c2 java.awt.EventDispatchThread.pumpOneEventForFilters(I)V java.desktop@17.0.7 (113 bytes) @ 0x000002f13a234c7c [0x000002f13a2345e0+0x000000000000069c]
j  java.awt.EventDispatchThread.pumpEventsForFilter(ILjava/awt/Conditional;Ljava/awt/EventFilter;)V+35 java.desktop@17.0.7
j  java.awt.EventDispatchThread.pumpEventsForHierarchy(ILjava/awt/Conditional;Ljava/awt/Component;)V+11 java.desktop@17.0.7
j  java.awt.EventDispatchThread.pumpEvents(ILjava/awt/Conditional;)V+4 java.desktop@17.0.7
j  java.awt.EventDispatchThread.pumpEvents(Ljava/awt/Conditional;)V+3 java.desktop@17.0.7
j  java.awt.EventDispatchThread.run()V+9 java.desktop@17.0.7
v  ~StubRoutines::call_stub

siginfo: EXCEPTION_ACCESS_VIOLATION (0xc0000005), reading address 0xffffffffffffffff


Register to memory mapping:

RIP=0x00007ffe74e7ebe3 ig9icd64.dll
RAX=0x000000000fff0fff is an unknown value
RBX=0x00007ffe744c0000 ig9icd64.dll
RCX=0x000000033fcf3fcc is an unknown value
RDX=0x000000f7577fcb50 is pointing into the stack for thread: 0x000002f14dc15930
RSP=0x000000f7577fc638 is pointing into the stack for thread: 0x000002f14dc15930
RBP=0x000000f7577fc740 is pointing into the stack for thread: 0x000002f14dc15930
RSI=0x000002f152b497c0 points into unknown readable memory: 0x000002f152f366c0 | c0 66 f3 52 f1 02 00 00
RDI=0x000000f7577fc940 is pointing into the stack for thread: 0x000002f14dc15930
R8 =0x000000f7577fc770 is pointing into the stack for thread: 0x000002f14dc15930
R9 =0x000000f7577fcb50 is pointing into the stack for thread: 0x000002f14dc15930
R10=0x000000f7577fc940 is pointing into the stack for thread: 0x000002f14dc15930
R11=0x0 is NULL
R12=0x00007ffe752f15e0 ig9icd64.dll
R13=0x0 is NULL
R14=0x0 is NULL
R15=0x00000000000001c1 is an unknown value


Registers:
RAX=0x000000000fff0fff, RBX=0x00007ffe744c0000, RCX=0x000000033fcf3fcc, RDX=0x000000f7577fcb50
RSP=0x000000f7577fc638, RBP=0x000000f7577fc740, RSI=0x000002f152b497c0, RDI=0x000000f7577fc940
R8 =0x000000f7577fc770, R9 =0x000000f7577fcb50, R10=0x000000f7577fc940, R11=0x0000000000000000
R12=0x00007ffe752f15e0, R13=0x0000000000000000, R14=0x0000000000000000, R15=0x00000000000001c1
RIP=0x00007ffe74e7ebe3, EFLAGS=0x0000000000010206

Top of Stack: (sp=0x000000f7577fc638)
0x000000f7577fc638:   00007ffe74e7c31b 0000000000000001
0x000000f7577fc648:   0000000000000000 000002f14d93ce00
0x000000f7577fc658:   00007ffeda002622 000000f700000065
0x000000f7577fc668:   000000f7577fc870 0000000000000000
0x000000f7577fc678:   000002f154bb4710 0000000000000000
0x000000f7577fc688:   000002f15d0dcc50 000002f14d93ce40
0x000000f7577fc698:   0000000000001100 0000000000000000
0x000000f7577fc6a8:   0000000000000000 000000f7577fc820
0x000000f7577fc6b8:   00007ffe74b179c0 0000000000000000
0x000000f7577fc6c8:   0000000000000000 0000000000000000
0x000000f7577fc6d8:   0000000000000000 0000a44987ce3379
0x000000f7577fc6e8:   00007ffe744d6555 000002f14d93ce40
0x000000f7577fc6f8:   0000000000000001 0000000000000000
0x000000f7577fc708:   00007ffee9b7b86b 0000000002480475
0x000000f7577fc718:   00000000000000e4 000002f14db55f50
0x000000f7577fc728:   0000000000000000 0000000000000000 

Instructions: (pc=0x00007ffe74e7ebe3)
0x00007ffe74e7eae3:   c1 75 31 00 48 89 51 08 48 89 01 8b 44 24 28 89
0x00007ffe74e7eaf3:   41 20 8b 44 24 30 89 41 24 48 8b c1 4c 89 41 10
0x00007ffe74e7eb03:   4c 89 49 18 c3 cc cc cc cc cc cc cc cc 48 89 5c
0x00007ffe74e7eb13:   24 08 8b 41 5c 48 8d 1d e1 14 64 ff 41 89 40 08
0x00007ffe74e7eb23:   4c 8b d1 8b 41 60 45 33 db 41 89 40 0c 4c 8b ca
0x00007ffe74e7eb33:   8b 41 64 41 89 40 10 8b 41 68 41 89 40 14 8b 41
0x00007ffe74e7eb43:   6c 41 89 40 18 8b 41 70 41 89 40 1c 48 63 41 74
0x00007ffe74e7eb53:   48 6b c8 34 8b 84 19 44 d1 ee 00 41 89 40 20 8b
0x00007ffe74e7eb63:   84 19 48 d1 ee 00 41 89 40 24 8b 84 19 4c d1 ee
0x00007ffe74e7eb73:   00 41 89 40 28 8b 84 19 50 d1 ee 00 41 89 40 2c
0x00007ffe74e7eb83:   8b 84 19 34 d1 ee 00 41 89 40 30 8b 84 19 38 d1
0x00007ffe74e7eb93:   ee 00 41 89 40 34 8b 84 19 3c d1 ee 00 41 89 40
0x00007ffe74e7eba3:   38 8b 84 19 40 d1 ee 00 41 89 40 3c 8b 84 19 24
0x00007ffe74e7ebb3:   d1 ee 00 41 89 40 40 8b 84 19 28 d1 ee 00 41 89
0x00007ffe74e7ebc3:   40 44 8b 84 19 2c d1 ee 00 41 89 40 48 8b 84 19
0x00007ffe74e7ebd3:   30 d1 ee 00 41 89 40 4c 49 63 42 78 48 6b c8 34
0x00007ffe74e7ebe3:   8b 84 19 44 d1 ee 00 41 89 40 50 8b 84 19 48 d1
0x00007ffe74e7ebf3:   ee 00 41 89 40 54 8b 84 19 4c d1 ee 00 41 89 40
0x00007ffe74e7ec03:   58 8b 84 19 50 d1 ee 00 41 89 40 5c 8b 84 19 34
0x00007ffe74e7ec13:   d1 ee 00 41 89 40 60 8b 84 19 38 d1 ee 00 41 89
0x00007ffe74e7ec23:   40 64 8b 84 19 3c d1 ee 00 41 89 40 68 8b 84 19
0x00007ffe74e7ec33:   40 d1 ee 00 41 89 40 6c 8b 84 19 24 d1 ee 00 41
0x00007ffe74e7ec43:   89 40 70 8b 84 19 28 d1 ee 00 41 89 40 74 8b 84
0x00007ffe74e7ec53:   19 2c d1 ee 00 41 89 40 78 8b 84 19 30 d1 ee 00
0x00007ffe74e7ec63:   41 89 40 7c 48 8b 42 18 8b 88 38 0b 00 00 f6 c1
0x00007ffe74e7ec73:   08 0f 84 86 00 00 00 8b 80 3c 0b 00 00 41 89 80
0x00007ffe74e7ec83:   80 00 00 00 48 8b 42 18 8b 88 40 0b 00 00 41 89
0x00007ffe74e7ec93:   88 84 00 00 00 48 8b 42 18 8b 88 44 0b 00 00 41
0x00007ffe74e7eca3:   89 88 88 00 00 00 48 8b 42 18 8b 88 48 0b 00 00
0x00007ffe74e7ecb3:   41 89 88 8c 00 00 00 48 8b 42 18 8b 88 4c 0b 00
0x00007ffe74e7ecc3:   00 41 89 88 90 00 00 00 48 8b 42 18 8b 88 50 0b
0x00007ffe74e7ecd3:   00 00 41 89 88 94 00 00 00 48 8b 42 18 8b 88 54 


Stack slot to memory mapping:
stack at sp + 0 slots: 0x00007ffe74e7c31b ig9icd64.dll
stack at sp + 1 slots: 0x0000000000000001 is an unknown value
stack at sp + 2 slots: 0x0 is NULL
stack at sp + 3 slots: 0x000002f14d93ce00 points into unknown readable memory: 0x0000000000000000 | 00 00 00 00 00 00 00 00
stack at sp + 4 slots: 0x00007ffeda002622 igdgmm64.dll
stack at sp + 5 slots: 0x000000f700000065 is an unknown value
stack at sp + 6 slots: 0x000000f7577fc870 is pointing into the stack for thread: 0x000002f14dc15930
stack at sp + 7 slots: 0x0 is NULL


---------------  P R O C E S S  ---------------

Threads class SMR info:
_java_thread_list=0x000002f14d8f3620, length=28, elements={
0x000002f12a967750, 0x000002f14d015270, 0x000002f14d015ff0, 0x000002f14d02a070,
0x000002f14d02ab30, 0x000002f14d02d500, 0x000002f14d02e5d0, 0x000002f14d02f270,
0x000002f14d19ac60, 0x000002f14d03ea50, 0x000002f14d3196b0, 0x000002f14d4facf0,
0x000002f14d534e20, 0x000002f14dc2e540, 0x000002f14dc2ea10, 0x000002f14dc15930,
0x000002f14dd32ce0, 0x000002f152238770, 0x000002f152246670, 0x000002f152248350,
0x000002f1522491c0, 0x000002f152248cf0, 0x000002f152247010, 0x000002f15d28eed0,
0x000002f15d28d6c0, 0x000002f15d28cd20, 0x000002f15d28c380, 0x000002f15d28e530
}

Java Threads: ( => current thread )
  0x000002f12a967750 JavaThread "main" [_thread_blocked, id=14484, stack(0x000000f755c00000,0x000000f755d00000)]
  0x000002f14d015270 JavaThread "Reference Handler" daemon [_thread_blocked, id=4844, stack(0x000000f756300000,0x000000f756400000)]
  0x000002f14d015ff0 JavaThread "Finalizer" daemon [_thread_blocked, id=17844, stack(0x000000f756400000,0x000000f756500000)]
  0x000002f14d02a070 JavaThread "Signal Dispatcher" daemon [_thread_blocked, id=16152, stack(0x000000f756500000,0x000000f756600000)]
  0x000002f14d02ab30 JavaThread "Attach Listener" daemon [_thread_blocked, id=16308, stack(0x000000f756600000,0x000000f756700000)]
  0x000002f14d02d500 JavaThread "Service Thread" daemon [_thread_blocked, id=17140, stack(0x000000f756700000,0x000000f756800000)]
  0x000002f14d02e5d0 JavaThread "Monitor Deflation Thread" daemon [_thread_blocked, id=9740, stack(0x000000f756800000,0x000000f756900000)]
  0x000002f14d02f270 JavaThread "C2 CompilerThread0" daemon [_thread_blocked, id=4160, stack(0x000000f756900000,0x000000f756a00000)]
  0x000002f14d19ac60 JavaThread "C1 CompilerThread0" daemon [_thread_blocked, id=12860, stack(0x000000f756a00000,0x000000f756b00000)]
  0x000002f14d03ea50 JavaThread "Sweeper thread" daemon [_thread_blocked, id=16680, stack(0x000000f756b00000,0x000000f756c00000)]
  0x000002f14d3196b0 JavaThread "Common-Cleaner" daemon [_thread_blocked, id=18160, stack(0x000000f756c00000,0x000000f756d00000)]
  0x000002f14d4facf0 JavaThread "Monitor Ctrl-Break" daemon [_thread_in_native, id=5956, stack(0x000000f756e00000,0x000000f756f00000)]
  0x000002f14d534e20 JavaThread "Notification Thread" daemon [_thread_blocked, id=13200, stack(0x000000f756f00000,0x000000f757000000)]
  0x000002f14dc2e540 JavaThread "Java2D Disposer" daemon [_thread_blocked, id=7492, stack(0x000000f757400000,0x000000f757500000)]
  0x000002f14dc2ea10 JavaThread "AWT-Shutdown" [_thread_blocked, id=17528, stack(0x000000f757500000,0x000000f757600000)]
=>0x000002f14dc15930 JavaThread "AWT-EventQueue-0" [_thread_in_native, id=10720, stack(0x000000f757700000,0x000000f757800000)]
  0x000002f14dd32ce0 JavaThread "Reference Cleaner" daemon [_thread_blocked, id=18584, stack(0x000000f756d00000,0x000000f756e00000)]
  0x000002f152238770 JavaThread "DefaultDispatcher-worker-1" daemon [_thread_blocked, id=7828, stack(0x000000f757800000,0x000000f757900000)]
  0x000002f152246670 JavaThread "DefaultDispatcher-worker-2" daemon [_thread_blocked, id=17432, stack(0x000000f757900000,0x000000f757a00000)]
  0x000002f152248350 JavaThread "DefaultDispatcher-worker-3" daemon [_thread_blocked, id=12100, stack(0x000000f757a00000,0x000000f757b00000)]
  0x000002f1522491c0 JavaThread "kotlinx.coroutines.DefaultExecutor" daemon [_thread_blocked, id=15328, stack(0x000000f757b00000,0x000000f757c00000)]
  0x000002f152248cf0 JavaThread "TimerQueue" daemon [_thread_blocked, id=2952, stack(0x000000f757c00000,0x000000f757d00000)]
  0x000002f152247010 JavaThread "RealmFinalizingDaemon" daemon [_thread_blocked, id=7328, stack(0x000000f758200000,0x000000f758300000)]
  0x000002f15d28eed0 JavaThread "core-notifier" daemon [_thread_in_native, id=11884, stack(0x000000f758400000,0x000000f758500000)]
  0x000002f15d28d6c0 JavaThread "DefaultDispatcher-worker-4" daemon [_thread_blocked, id=18204, stack(0x000000f758500000,0x000000f758600000)]
  0x000002f15d28cd20 JavaThread "DefaultDispatcher-worker-5" daemon [_thread_blocked, id=18768, stack(0x000000f758600000,0x000000f758700000)]
  0x000002f15d28c380 JavaThread "DefaultDispatcher-worker-6" daemon [_thread_blocked, id=18076, stack(0x000000f758700000,0x000000f758800000)]
  0x000002f15d28e530 JavaThread "SIGINT handler" daemon [_thread_blocked, id=16732, stack(0x000000f758800000,0x000000f758900000)]

Other Threads:
  0x000002f14d0103d0 VMThread "VM Thread" [stack: 0x000000f756200000,0x000000f756300000] [id=4956]
  0x000002f12a968700 WatcherThread [stack: 0x000000f757000000,0x000000f757100000] [id=13228]
  0x000002f12a9d00e0 GCTaskThread "GC Thread#0" [stack: 0x000000f755d00000,0x000000f755e00000] [id=18712]
  0x000002f14d928210 GCTaskThread "GC Thread#1" [stack: 0x000000f757100000,0x000000f757200000] [id=8132]
  0x000002f14db81af0 GCTaskThread "GC Thread#2" [stack: 0x000000f757200000,0x000000f757300000] [id=15288]
  0x000002f14db81da0 GCTaskThread "GC Thread#3" [stack: 0x000000f757300000,0x000000f757400000] [id=12888]
  0x000002f12a9e40e0 ConcurrentGCThread "G1 Main Marker" [stack: 0x000000f755e00000,0x000000f755f00000] [id=5748]
  0x000002f12a9e4a00 ConcurrentGCThread "G1 Conc#0" [stack: 0x000000f755f00000,0x000000f756000000] [id=18684]
  0x000002f12aa1db20 ConcurrentGCThread "G1 Refine#0" [stack: 0x000000f756000000,0x000000f756100000] [id=8832]
  0x000002f12aa1e450 ConcurrentGCThread "G1 Service" [stack: 0x000000f756100000,0x000000f756200000] [id=3816]

Threads with active compile tasks:

VM state: not at safepoint (normal execution)

VM Mutex/Monitor currently owned by a thread: None

Heap address: 0x0000000702600000, size: 4058 MB, Compressed Oops mode: Zero based, Oop shift amount: 3

CDS archive(s) mapped at: [0x0000000800000000-0x0000000800bc0000-0x0000000800bc0000), size 12320768, SharedBaseAddress: 0x0000000800000000, ArchiveRelocationMode: 0.
Compressed class space mapped at: 0x0000000801000000-0x0000000841000000, reserved size: 1073741824
Narrow klass base: 0x0000000800000000, Narrow klass shift: 0, Narrow klass range: 0x100000000

GC Precious Log:
 CPUs: 4 total, 4 available
 Memory: 16224M
 Large Page Support: Disabled
 NUMA Support: Disabled
 Compressed Oops: Enabled (Zero based)
 Heap Region Size: 2M
 Heap Min Capacity: 8M
 Heap Initial Capacity: 254M
 Heap Max Capacity: 4058M
 Pre-touch: Disabled
 Parallel Workers: 4
 Concurrent Workers: 1
 Concurrent Refinement Workers: 4
 Periodic GC: Disabled

Heap:
 garbage-first heap   total 55296K, used 25069K [0x0000000702600000, 0x0000000800000000)
  region size 2048K, 2 young (4096K), 1 survivors (2048K)
 Metaspace       used 34174K, committed 34432K, reserved 1114112K
  class space    used 3714K, committed 3840K, reserved 1048576K

Heap Regions: E=young(eden), S=young(survivor), O=old, HS=humongous(starts), HC=humongous(continues), CS=collection set, F=free, OA=open archive, CA=closed archive, TAMS=top-at-mark-start (previous, next)
|   0|0x0000000702600000, 0x0000000702800000, 0x0000000702800000|100%|HS|  |TAMS 0x0000000702800000, 0x0000000702600000| Complete 
|   1|0x0000000702800000, 0x0000000702a00000, 0x0000000702a00000|100%| O|  |TAMS 0x0000000702a00000, 0x0000000702800000| Untracked 
|   2|0x0000000702a00000, 0x0000000702c00000, 0x0000000702c00000|100%| O|  |TAMS 0x0000000702c00000, 0x0000000702a00000| Untracked 
|   3|0x0000000702c00000, 0x0000000702e00000, 0x0000000702e00000|100%|HS|  |TAMS 0x0000000702e00000, 0x0000000702c00000| Complete 
|   4|0x0000000702e00000, 0x0000000703000000, 0x0000000703000000|100%|HC|  |TAMS 0x0000000703000000, 0x0000000702e00000| Complete 
|   5|0x0000000703000000, 0x0000000703200000, 0x0000000703200000|100%|HC|  |TAMS 0x0000000703200000, 0x0000000703000000| Complete 
|   6|0x0000000703200000, 0x0000000703400000, 0x0000000703400000|100%|HC|  |TAMS 0x0000000703400000, 0x0000000703200000| Complete 
|   7|0x0000000703400000, 0x0000000703400000, 0x0000000703600000|  0%| F|  |TAMS 0x0000000703400000, 0x0000000703400000| Untracked 
|   8|0x0000000703600000, 0x0000000703600000, 0x0000000703800000|  0%| F|  |TAMS 0x0000000703600000, 0x0000000703600000| Untracked 
|   9|0x0000000703800000, 0x0000000703800000, 0x0000000703a00000|  0%| F|  |TAMS 0x0000000703800000, 0x0000000703800000| Untracked 
|  10|0x0000000703a00000, 0x0000000703c00000, 0x0000000703c00000|100%| O|  |TAMS 0x0000000703c00000, 0x0000000703a00000| Untracked 
|  11|0x0000000703c00000, 0x0000000703e00000, 0x0000000703e00000|100%| O|  |TAMS 0x0000000703e00000, 0x0000000703c00000| Untracked 
|  12|0x0000000703e00000, 0x0000000704000000, 0x0000000704000000|100%| O|  |TAMS 0x0000000703fa6600, 0x0000000703e00000| Untracked 
|  13|0x0000000704000000, 0x0000000704200000, 0x0000000704200000|100%| O|  |TAMS 0x0000000704000000, 0x0000000704000000| Untracked 
|  14|0x0000000704200000, 0x0000000704400000, 0x0000000704400000|100%| O|  |TAMS 0x0000000704400000, 0x0000000704200000| Untracked 
|  15|0x0000000704400000, 0x0000000704400000, 0x0000000704600000|  0%| F|  |TAMS 0x0000000704400000, 0x0000000704400000| Untracked 
|  16|0x0000000704600000, 0x0000000704626c00, 0x0000000704800000|  7%| O|  |TAMS 0x0000000704600000, 0x0000000704600000| Untracked 
|  17|0x0000000704800000, 0x0000000704800000, 0x0000000704a00000|  0%| F|  |TAMS 0x0000000704800000, 0x0000000704800000| Untracked 
|  18|0x0000000704a00000, 0x0000000704a00000, 0x0000000704c00000|  0%| F|  |TAMS 0x0000000704a00000, 0x0000000704a00000| Untracked 
|  19|0x0000000704c00000, 0x0000000704c00000, 0x0000000704e00000|  0%| F|  |TAMS 0x0000000704c00000, 0x0000000704c00000| Untracked 
|  20|0x0000000704e00000, 0x0000000704e00000, 0x0000000705000000|  0%| F|  |TAMS 0x0000000704e00000, 0x0000000704e00000| Untracked 
|  21|0x0000000705000000, 0x00000007050549a8, 0x0000000705200000| 16%| S|CS|TAMS 0x0000000705000000, 0x0000000705000000| Complete 
|  22|0x0000000705200000, 0x0000000705200000, 0x0000000705400000|  0%| F|  |TAMS 0x0000000705200000, 0x0000000705200000| Untracked 
| 104|0x000000070f600000, 0x000000070f600000, 0x000000070f800000|  0%| F|  |TAMS 0x000000070f600000, 0x000000070f600000| Untracked 
| 105|0x000000070f800000, 0x000000070f800000, 0x000000070fa00000|  0%| F|  |TAMS 0x000000070f800000, 0x000000070f800000| Untracked 
| 125|0x0000000712000000, 0x0000000712000000, 0x0000000712200000|  0%| F|  |TAMS 0x0000000712000000, 0x0000000712000000| Untracked 
| 126|0x0000000712200000, 0x00000007123e8bd0, 0x0000000712400000| 95%| E|  |TAMS 0x0000000712200000, 0x0000000712200000| Complete 

Card table byte_map: [0x000002f141c50000,0x000002f142440000] _byte_map_base: 0x000002f13e43d000

Marking Bits (Prev, Next): (CMBitMap*) 0x000002f12a9d1610, (CMBitMap*) 0x000002f12a9d1650
 Prev Bits: [0x000002f142c30000, 0x000002f146b98000)
 Next Bits: [0x000002f146ba0000, 0x000002f14ab08000)

Polling page: 0x000002f12a120000

Metaspace:

Usage:
  Non-class:     29.75 MB used.
      Class:      3.63 MB used.
       Both:     33.37 MB used.

Virtual space:
  Non-class space:       64.00 MB reserved,      29.88 MB ( 47%) committed,  1 nodes.
      Class space:        1.00 GB reserved,       3.75 MB ( <1%) committed,  1 nodes.
             Both:        1.06 GB reserved,      33.63 MB (  3%) committed. 

Chunk freelists:
   Non-Class:  1.55 MB
       Class:  12.28 MB
        Both:  13.83 MB

MaxMetaspaceSize: unlimited
CompressedClassSpaceSize: 1.00 GB
Initial GC threshold: 21.00 MB
Current GC threshold: 55.94 MB
CDS: on
MetaspaceReclaimPolicy: balanced
 - commit_granule_bytes: 65536.
 - commit_granule_words: 8192.
 - virtual_space_node_default_size: 8388608.
 - enlarge_chunks_in_place: 1.
 - new_chunks_are_fully_committed: 0.
 - uncommit_free_chunks: 1.
 - use_allocation_guard: 0.
 - handle_deallocations: 1.


Internal statistics:

num_allocs_failed_limit: 3.
num_arena_births: 160.
num_arena_deaths: 0.
num_vsnodes_births: 2.
num_vsnodes_deaths: 0.
num_space_committed: 538.
num_space_uncommitted: 0.
num_chunks_returned_to_freelist: 3.
num_chunks_taken_from_freelist: 1067.
num_chunk_merges: 3.
num_chunk_splits: 914.
num_chunks_enlarged: 830.
num_inconsistent_stats: 0.

CodeHeap 'non-profiled nmethods': size=120000Kb used=3101Kb max_used=3101Kb free=116898Kb
 bounds [0x000002f139f30000, 0x000002f13a240000, 0x000002f141460000]
CodeHeap 'profiled nmethods': size=120000Kb used=10402Kb max_used=10402Kb free=109597Kb
 bounds [0x000002f132460000, 0x000002f132e90000, 0x000002f139990000]
CodeHeap 'non-nmethods': size=5760Kb used=1866Kb max_used=1941Kb free=3893Kb
 bounds [0x000002f139990000, 0x000002f139c00000, 0x000002f139f30000]
 total_blobs=6524 nmethods=5181 adapters=1255
 compilation: enabled
              stopped_count=0, restarted_count=0
 full_count=0

Compilation events (20 events):
Event: 20.779 Thread 0x000002f14d02f270 5174       4       java.awt.EventQueue::getAccessControlContextFrom (53 bytes)
Event: 20.780 Thread 0x000002f14d02f270 nmethod 5174 0x000002f13a230410 code [0x000002f13a2305a0, 0x000002f13a230668]
Event: 20.780 Thread 0x000002f14d02f270 5175       4       java.awt.EventQueue$4::run (60 bytes)
Event: 20.781 Thread 0x000002f14d02f270 nmethod 5175 0x000002f13a230790 code [0x000002f13a230920, 0x000002f13a230a08]
Event: 20.782 Thread 0x000002f14d19ac60 5176       3       org.jetbrains.skiko.SkiaLayer::draw$skiko (57 bytes)
Event: 20.783 Thread 0x000002f14d19ac60 nmethod 5176 0x000002f132e86210 code [0x000002f132e86460, 0x000002f132e86e18]
Event: 20.783 Thread 0x000002f14d19ac60 5177       3       org.jetbrains.skiko.SkiaLayer$draw$2::invoke (23 bytes)
Event: 20.784 Thread 0x000002f14d19ac60 nmethod 5177 0x000002f132e87190 code [0x000002f132e873c0, 0x000002f132e87a08]
Event: 20.787 Thread 0x000002f14d02f270 5178   !   4       java.awt.EventQueue::getNextEvent (84 bytes)
Event: 20.846 Thread 0x000002f14d02f270 nmethod 5178 0x000002f13a230b10 code [0x000002f13a230e20, 0x000002f13a232a08]
Event: 20.846 Thread 0x000002f14d02f270 5179   !   4       java.awt.EventDispatchThread::filterAndCheckEvent (108 bytes)
Event: 20.851 Thread 0x000002f14d02f270 nmethod 5179 0x000002f13a233b10 code [0x000002f13a233ca0, 0x000002f13a234038]
Event: 20.851 Thread 0x000002f14d02f270 5180   !   4       java.awt.EventDispatchThread::pumpOneEventForFilters (113 bytes)
Event: 20.887 Thread 0x000002f14d02f270 nmethod 5180 0x000002f13a234310 code [0x000002f13a2345e0, 0x000002f13a236018]
Event: 21.104 Thread 0x000002f14d19ac60 5181       3       java.util.IdentityHashMap$IdentityHashMapIterator::nextIndex (72 bytes)
Event: 21.104 Thread 0x000002f14d19ac60 nmethod 5181 0x000002f132e87c90 code [0x000002f132e87e60, 0x000002f132e882a8]
Event: 21.111 Thread 0x000002f14d19ac60 5182       3       java.util.concurrent.locks.LockSupport::setBlocker (12 bytes)
Event: 21.111 Thread 0x000002f14d19ac60 nmethod 5182 0x000002f132e88410 code [0x000002f132e885c0, 0x000002f132e887c8]
Event: 21.111 Thread 0x000002f14d02f270 5183       4       kotlin.reflect.jvm.internal.pcollections.IntTree::get (60 bytes)
Event: 21.113 Thread 0x000002f14d02f270 nmethod 5183 0x000002f13a236f90 code [0x000002f13a237140, 0x000002f13a237390]

GC Heap History (20 events):
Event: 0.664 GC heap before
{Heap before GC invocations=0 (full 0):
 garbage-first heap   total 260096K, used 12288K [0x0000000702600000, 0x0000000800000000)
  region size 2048K, 6 young (12288K), 0 survivors (0K)
 Metaspace       used 1760K, committed 1856K, reserved 1114112K
  class space    used 161K, committed 192K, reserved 1048576K
}
Event: 0.673 GC heap after
{Heap after GC invocations=1 (full 0):
 garbage-first heap   total 260096K, used 7265K [0x0000000702600000, 0x0000000800000000)
  region size 2048K, 1 young (2048K), 1 survivors (2048K)
 Metaspace       used 1760K, committed 1856K, reserved 1114112K
  class space    used 161K, committed 192K, reserved 1048576K
}
Event: 1.416 GC heap before
{Heap before GC invocations=1 (full 0):
 garbage-first heap   total 260096K, used 17505K [0x0000000702600000, 0x0000000800000000)
  region size 2048K, 6 young (12288K), 1 survivors (2048K)
 Metaspace       used 5759K, committed 5888K, reserved 1114112K
  class space    used 456K, committed 512K, reserved 1048576K
}
Event: 1.419 GC heap after
{Heap after GC invocations=2 (full 0):
 garbage-first heap   total 260096K, used 8239K [0x0000000702600000, 0x0000000800000000)
  region size 2048K, 1 young (2048K), 1 survivors (2048K)
 Metaspace       used 5759K, committed 5888K, reserved 1114112K
  class space    used 456K, committed 512K, reserved 1048576K
}
Event: 3.180 GC heap before
{Heap before GC invocations=2 (full 0):
 garbage-first heap   total 260096K, used 34863K [0x0000000702600000, 0x0000000800000000)
  region size 2048K, 14 young (28672K), 1 survivors (2048K)
 Metaspace       used 13514K, committed 13696K, reserved 1114112K
  class space    used 1384K, committed 1472K, reserved 1048576K
}
Event: 3.183 GC heap after
{Heap after GC invocations=3 (full 0):
 garbage-first heap   total 260096K, used 9648K [0x0000000702600000, 0x0000000800000000)
  region size 2048K, 2 young (4096K), 2 survivors (4096K)
 Metaspace       used 13514K, committed 13696K, reserved 1114112K
  class space    used 1384K, committed 1472K, reserved 1048576K
}
Event: 4.707 GC heap before
{Heap before GC invocations=3 (full 0):
 garbage-first heap   total 260096K, used 46512K [0x0000000702600000, 0x0000000800000000)
  region size 2048K, 21 young (43008K), 2 survivors (4096K)
 Metaspace       used 21351K, committed 21504K, reserved 1114112K
  class space    used 2283K, committed 2368K, reserved 1048576K
}
Event: 4.711 GC heap after
{Heap after GC invocations=4 (full 0):
 garbage-first heap   total 260096K, used 11167K [0x0000000702600000, 0x0000000800000000)
  region size 2048K, 2 young (4096K), 2 survivors (4096K)
 Metaspace       used 21351K, committed 21504K, reserved 1114112K
  class space    used 2283K, committed 2368K, reserved 1048576K
}
Event: 6.700 GC heap before
{Heap before GC invocations=5 (full 0):
 garbage-first heap   total 55296K, used 43935K [0x0000000702600000, 0x0000000800000000)
  region size 2048K, 13 young (26624K), 2 survivors (4096K)
 Metaspace       used 25125K, committed 25280K, reserved 1114112K
  class space    used 2726K, committed 2816K, reserved 1048576K
}
Event: 6.707 GC heap after
{Heap after GC invocations=6 (full 0):
 garbage-first heap   total 55296K, used 24814K [0x0000000702600000, 0x0000000800000000)
  region size 2048K, 2 young (4096K), 2 survivors (4096K)
 Metaspace       used 25125K, committed 25280K, reserved 1114112K
  class space    used 2726K, committed 2816K, reserved 1048576K
}
Event: 6.744 GC heap before
{Heap before GC invocations=6 (full 0):
 garbage-first heap   total 55296K, used 26862K [0x0000000702600000, 0x0000000800000000)
  region size 2048K, 3 young (6144K), 2 survivors (4096K)
 Metaspace       used 25365K, committed 25600K, reserved 1114112K
  class space    used 2752K, committed 2880K, reserved 1048576K
}
Event: 6.747 GC heap after
{Heap after GC invocations=7 (full 0):
 garbage-first heap   total 55296K, used 19074K [0x0000000702600000, 0x0000000800000000)
  region size 2048K, 1 young (2048K), 1 survivors (2048K)
 Metaspace       used 25365K, committed 25600K, reserved 1114112K
  class space    used 2752K, committed 2880K, reserved 1048576K
}
Event: 7.304 GC heap before
{Heap before GC invocations=7 (full 0):
 garbage-first heap   total 55296K, used 37506K [0x0000000702600000, 0x0000000800000000)
  region size 2048K, 11 young (22528K), 1 survivors (2048K)
 Metaspace       used 29534K, committed 29760K, reserved 1114112K
  class space    used 3286K, committed 3392K, reserved 1048576K
}
Event: 7.307 GC heap after
{Heap after GC invocations=8 (full 0):
 garbage-first heap   total 55296K, used 20281K [0x0000000702600000, 0x0000000800000000)
  region size 2048K, 1 young (2048K), 1 survivors (2048K)
 Metaspace       used 29534K, committed 29760K, reserved 1114112K
  class space    used 3286K, committed 3392K, reserved 1048576K
}
Event: 7.785 GC heap before
{Heap before GC invocations=8 (full 0):
 garbage-first heap   total 55296K, used 36665K [0x0000000702600000, 0x0000000800000000)
  region size 2048K, 11 young (22528K), 1 survivors (2048K)
 Metaspace       used 33025K, committed 33280K, reserved 1114112K
  class space    used 3691K, committed 3776K, reserved 1048576K
}
Event: 7.788 GC heap after
{Heap after GC invocations=9 (full 0):
 garbage-first heap   total 55296K, used 21382K [0x0000000702600000, 0x0000000800000000)
  region size 2048K, 2 young (4096K), 2 survivors (4096K)
 Metaspace       used 33025K, committed 33280K, reserved 1114112K
  class space    used 3691K, committed 3776K, reserved 1048576K
}
Event: 13.651 GC heap before
{Heap before GC invocations=9 (full 0):
 garbage-first heap   total 55296K, used 45958K [0x0000000702600000, 0x0000000800000000)
  region size 2048K, 11 young (22528K), 2 survivors (4096K)
 Metaspace       used 34078K, committed 34304K, reserved 1114112K
  class space    used 3708K, committed 3840K, reserved 1048576K
}
Event: 13.657 GC heap after
{Heap after GC invocations=10 (full 0):
 garbage-first heap   total 55296K, used 31098K [0x0000000702600000, 0x0000000800000000)
  region size 2048K, 2 young (4096K), 2 survivors (4096K)
 Metaspace       used 34078K, committed 34304K, reserved 1114112K
  class space    used 3708K, committed 3840K, reserved 1048576K
}
Event: 20.343 GC heap before
{Heap before GC invocations=10 (full 0):
 garbage-first heap   total 55296K, used 41338K [0x0000000702600000, 0x0000000800000000)
  region size 2048K, 7 young (14336K), 2 survivors (4096K)
 Metaspace       used 34156K, committed 34368K, reserved 1114112K
  class space    used 3710K, committed 3840K, reserved 1048576K
}
Event: 20.348 GC heap after
{Heap after GC invocations=11 (full 0):
 garbage-first heap   total 55296K, used 31213K [0x0000000702600000, 0x0000000800000000)
  region size 2048K, 1 young (2048K), 1 survivors (2048K)
 Metaspace       used 34156K, committed 34368K, reserved 1114112K
  class space    used 3710K, committed 3840K, reserved 1048576K
}

Dll operation events (14 events):
Event: 0.009 Loaded shared library C:\Users\HP\.jdks\corretto-17.0.7\bin\java.dll
Event: 0.023 Loaded shared library C:\Users\HP\.jdks\corretto-17.0.7\bin\jsvml.dll
Event: 0.212 Loaded shared library C:\Users\HP\.jdks\corretto-17.0.7\bin\zip.dll
Event: 0.214 Loaded shared library C:\Users\HP\.jdks\corretto-17.0.7\bin\instrument.dll
Event: 0.222 Loaded shared library C:\Users\HP\.jdks\corretto-17.0.7\bin\net.dll
Event: 0.223 Loaded shared library C:\Users\HP\.jdks\corretto-17.0.7\bin\nio.dll
Event: 0.228 Loaded shared library C:\Users\HP\.jdks\corretto-17.0.7\bin\zip.dll
Event: 0.347 Loaded shared library C:\Program Files\JetBrains\IntelliJ IDEA Community Edition 2021.3.2\bin\breakgen64.dll
Event: 0.694 Loaded shared library C:\Users\HP\.jdks\corretto-17.0.7\bin\jimage.dll
Event: 0.699 Loaded shared library C:\Users\HP\.jdks\corretto-17.0.7\bin\awt.dll
Event: 2.362 Loaded shared library C:\Users\HP\.skiko\0de0d8dd8554d9bb66cfca3837db6514ff9b71080e998917280a3b777460a416\skiko-windows-x64.dll
Event: 3.197 Loaded shared library C:\Users\HP\.jdks\corretto-17.0.7\bin\freetype.dll
Event: 3.198 Loaded shared library C:\Users\HP\.jdks\corretto-17.0.7\bin\fontmanager.dll
Event: 7.200 Loaded shared library C:\Users\HP\AppData\Local\io-realm-kotlin\f7113120ba00ba1ff91d696eecd3919e85a4e34e\realmc.dll

Deoptimization events (20 events):
Event: 13.710 Thread 0x000002f14dc15930 Uncommon trap: trap_request=0xffffff45 fr.pc=0x000002f13a1644f4 relative=0x00000000000001d4
Event: 13.710 Thread 0x000002f14dc15930 Uncommon trap: reason=unstable_if action=reinterpret pc=0x000002f13a1644f4 method=androidx.compose.foundation.layout.SizeModifier.<init>(FFFFZLkotlin/jvm/functions/Function1;ILkotlin/jvm/internal/DefaultConstructorMarker;)V @ 4 c2
Event: 13.710 Thread 0x000002f14dc15930 DEOPT PACKING pc=0x000002f13a1644f4 sp=0x000000f7577fc6b0
Event: 13.710 Thread 0x000002f14dc15930 DEOPT UNPACKING pc=0x000002f1399e69a3 sp=0x000000f7577fc690 mode 2
Event: 18.161 Thread 0x000002f14dc15930 Uncommon trap: trap_request=0xffffffd6 fr.pc=0x000002f13a1fd5c0 relative=0x00000000000048a0
Event: 18.161 Thread 0x000002f14dc15930 Uncommon trap: reason=array_check action=maybe_recompile pc=0x000002f13a1fd5c0 method=androidx.compose.runtime.collection.MutableVector.add(Ljava/lang/Object;)Z @ 19 c2
Event: 18.161 Thread 0x000002f14dc15930 DEOPT PACKING pc=0x000002f13a1fd5c0 sp=0x000000f7577fdb20
Event: 18.161 Thread 0x000002f14dc15930 DEOPT UNPACKING pc=0x000002f1399e69a3 sp=0x000000f7577fdb00 mode 2
Event: 18.162 Thread 0x000002f14dc15930 Uncommon trap: trap_request=0xffffffd6 fr.pc=0x000002f13a1fd5c0 relative=0x00000000000048a0
Event: 18.162 Thread 0x000002f14dc15930 Uncommon trap: reason=array_check action=maybe_recompile pc=0x000002f13a1fd5c0 method=androidx.compose.runtime.collection.MutableVector.add(Ljava/lang/Object;)Z @ 19 c2
Event: 18.162 Thread 0x000002f14dc15930 DEOPT PACKING pc=0x000002f13a1fd5c0 sp=0x000000f7577fdb20
Event: 18.162 Thread 0x000002f14dc15930 DEOPT UNPACKING pc=0x000002f1399e69a3 sp=0x000000f7577fdb00 mode 2
Event: 18.162 Thread 0x000002f14dc15930 Uncommon trap: trap_request=0xffffffd6 fr.pc=0x000002f13a1fd5c0 relative=0x00000000000048a0
Event: 18.162 Thread 0x000002f14dc15930 Uncommon trap: reason=array_check action=maybe_recompile pc=0x000002f13a1fd5c0 method=androidx.compose.runtime.collection.MutableVector.add(Ljava/lang/Object;)Z @ 19 c2
Event: 18.162 Thread 0x000002f14dc15930 DEOPT PACKING pc=0x000002f13a1fd5c0 sp=0x000000f7577fdb20
Event: 18.162 Thread 0x000002f14dc15930 DEOPT UNPACKING pc=0x000002f1399e69a3 sp=0x000000f7577fdb00 mode 2
Event: 18.162 Thread 0x000002f14dc15930 Uncommon trap: trap_request=0xffffffd6 fr.pc=0x000002f13a1fd5c0 relative=0x00000000000048a0
Event: 18.162 Thread 0x000002f14dc15930 Uncommon trap: reason=array_check action=maybe_recompile pc=0x000002f13a1fd5c0 method=androidx.compose.runtime.collection.MutableVector.add(Ljava/lang/Object;)Z @ 19 c2
Event: 18.162 Thread 0x000002f14dc15930 DEOPT PACKING pc=0x000002f13a1fd5c0 sp=0x000000f7577fdb20
Event: 18.162 Thread 0x000002f14dc15930 DEOPT UNPACKING pc=0x000002f1399e69a3 sp=0x000000f7577fdb00 mode 2

Classes unloaded (0 events):
No events

Classes redefined (0 events):
No events

Internal exceptions (20 events):
Event: 1.590 Thread 0x000002f14dc15930 Exception <a 'java/lang/NoSuchMethodError'{0x00000007121c1010}: 'java.lang.Object java.lang.invoke.DirectMethodHandle$Holder.invokeStaticInit(java.lang.Object, int, int, int, int)'> (0x00000007121c1010) 
thrown [s\src\hotspot\share\interpreter\linkResolver.cpp, line 759]
Event: 1.807 Thread 0x000002f14dc15930 Exception <a 'java/lang/NoSuchMethodError'{0x0000000711e91850}: 'java.lang.Object java.lang.invoke.DirectMethodHandle$Holder.invokeStaticInit(java.lang.Object, java.lang.Object, int, int, int, int)'> (0x0000000711e91850) 
thrown [s\src\hotspot\share\interpreter\linkResolver.cpp, line 759]
Event: 2.126 Thread 0x000002f14dc15930 Exception <a 'java/lang/NoSuchMethodError'{0x0000000711de9e38}: 'double java.lang.invoke.DirectMethodHandle$Holder.invokeStatic(java.lang.Object, double)'> (0x0000000711de9e38) 
thrown [s\src\hotspot\share\interpreter\linkResolver.cpp, line 759]
Event: 2.127 Thread 0x000002f14dc15930 Exception <a 'java/lang/NoSuchMethodError'{0x0000000711ded898}: 'double java.lang.invoke.DirectMethodHandle$Holder.invokeStaticInit(java.lang.Object, double)'> (0x0000000711ded898) 
thrown [s\src\hotspot\share\interpreter\linkResolver.cpp, line 759]
Event: 2.141 Thread 0x000002f14dc15930 Exception <a 'java/lang/NoSuchMethodError'{0x0000000711a35a30}: 'java.lang.Object java.lang.invoke.DirectMethodHandle$Holder.newInvokeSpecial(java.lang.Object, double)'> (0x0000000711a35a30) 
thrown [s\src\hotspot\share\interpreter\linkResolver.cpp, line 759]
Event: 2.857 Thread 0x000002f14dc15930 Exception <a 'java/lang/NoSuchMethodError'{0x0000000710cff970}: 'void java.lang.invoke.DirectMethodHandle$Holder.invokeSpecial(java.lang.Object, java.lang.Object, java.lang.Object)'> (0x0000000710cff970) 
thrown [s\src\hotspot\share\interpreter\linkResolver.cpp, line 759]
Event: 2.872 Thread 0x000002f14dc15930 Exception <a 'java/lang/NoSuchMethodError'{0x0000000710d29b00}: 'java.lang.Object java.lang.invoke.DirectMethodHandle$Holder.newInvokeSpecial(java.lang.Object, java.lang.Object, java.lang.Object, java.lang.Object, java.lang.Object)'> (0x0000000710d29b00) 
thrown [s\src\hotspot\share\interpreter\linkResolver.cpp, line 759]
Event: 2.880 Thread 0x000002f14dc15930 Exception <a 'java/lang/NoSuchMethodError'{0x0000000710d35b60}: 'java.lang.Object java.lang.invoke.DirectMethodHandle$Holder.invokeStatic(java.lang.Object, int, java.lang.Object, java.lang.Object, java.lang.Object, java.lang.Object)'> (0x0000000710d35b60) 
thrown [s\src\hotspot\share\interpreter\linkResolver.cpp, line 759]
Event: 2.889 Thread 0x000002f14dc15930 Exception <a 'java/lang/NoSuchMethodError'{0x0000000710d5b598}: 'java.lang.Object java.lang.invoke.DirectMethodHandle$Holder.invokeStatic(java.lang.Object, int, java.lang.Object)'> (0x0000000710d5b598) 
thrown [s\src\hotspot\share\interpreter\linkResolver.cpp, line 759]
Event: 2.943 Thread 0x000002f14dc15930 Exception <a 'java/lang/ClassNotFoundException'{0x0000000710a18280}: com/sun/swing/internal/plaf/metal/resources/spi/metalProvider> (0x0000000710a18280) 
thrown [s\src\hotspot\share\classfile\systemDictionary.cpp, line 256]
Event: 2.944 Thread 0x000002f14dc15930 Exception <a 'java/lang/ClassNotFoundException'{0x0000000710a1c220}: com/sun/swing/internal/plaf/basic/resources/spi/basicProvider> (0x0000000710a1c220) 
thrown [s\src\hotspot\share\classfile\systemDictionary.cpp, line 256]
Event: 2.967 Thread 0x000002f14dc15930 Implicit null exception at 0x000002f139f5e810 to 0x000002f139f5ebe4
Event: 2.967 Thread 0x000002f14dc15930 Implicit null exception at 0x000002f139f59f10 to 0x000002f139f5a2c8
Event: 3.030 Thread 0x000002f14dc15930 Exception <a 'java/lang/NoSuchMethodError'{0x0000000710b2cd28}: 'void java.lang.invoke.DirectMethodHandle$Holder.invokeStatic(java.lang.Object, java.lang.Object, java.lang.Object)'> (0x0000000710b2cd28) 
thrown [s\src\hotspot\share\interpreter\linkResolver.cpp, line 759]
Event: 3.190 Thread 0x000002f14dc15930 Exception <a 'java/lang/NoSuchMethodError'{0x000000071220ace0}: 'void java.lang.invoke.DirectMethodHandle$Holder.invokeStaticInit(java.lang.Object)'> (0x000000071220ace0) 
thrown [s\src\hotspot\share\interpreter\linkResolver.cpp, line 759]
Event: 3.525 Thread 0x000002f14dc15930 Exception <a 'java/lang/NoSuchMethodError'{0x0000000711c41f00}: 'int java.lang.invoke.DirectMethodHandle$Holder.invokeStaticInit(java.lang.Object, java.lang.Object, java.lang.Object)'> (0x0000000711c41f00) 
thrown [s\src\hotspot\share\interpreter\linkResolver.cpp, line 759]
Event: 4.065 Thread 0x000002f14dbb59c0 Exception <a 'java/lang/NoSuchMethodError'{0x0000000710800b68}: 'void java.lang.invoke.DirectMethodHandle$Holder.invokeVirtual(java.lang.Object, java.lang.Object)'> (0x0000000710800b68) 
thrown [s\src\hotspot\share\interpreter\linkResolver.cpp, line 759]
Event: 6.405 Thread 0x000002f14dc15930 Exception <a 'java/lang/NoSuchMethodError'{0x00000007051bd0d0}: 'int java.lang.invoke.DirectMethodHandle$Holder.invokeStaticInit(java.lang.Object, long, long)'> (0x00000007051bd0d0) 
thrown [s\src\hotspot\share\interpreter\linkResolver.cpp, line 759]
Event: 7.053 Thread 0x000002f14dc15930 Exception <a 'java/lang/NoSuchMethodError'{0x0000000704d6a9f0}: 'java.lang.Object java.lang.invoke.DirectMethodHandle$Holder.newInvokeSpecial(java.lang.Object, int, java.lang.Object)'> (0x0000000704d6a9f0) 
thrown [s\src\hotspot\share\interpreter\linkResolver.cpp, line 759]
Event: 7.078 Thread 0x000002f14dc15930 Implicit null exception at 0x000002f139f8f9d3 to 0x000002f139f90464

VM Operations (20 events):
Event: 13.650 Executing VM operation: G1CollectForAllocation
Event: 13.657 Executing VM operation: G1CollectForAllocation done
Event: 14.663 Executing VM operation: Cleanup
Event: 14.663 Executing VM operation: Cleanup done
Event: 15.677 Executing VM operation: Cleanup
Event: 15.677 Executing VM operation: Cleanup done
Event: 16.679 Executing VM operation: Cleanup
Event: 16.679 Executing VM operation: Cleanup done
Event: 17.681 Executing VM operation: Cleanup
Event: 17.703 Executing VM operation: Cleanup done
Event: 18.711 Executing VM operation: Cleanup
Event: 18.711 Executing VM operation: Cleanup done
Event: 19.720 Executing VM operation: Cleanup
Event: 19.721 Executing VM operation: Cleanup done
Event: 20.343 Executing VM operation: G1CollectForAllocation
Event: 20.348 Executing VM operation: G1CollectForAllocation done
Event: 20.375 Executing VM operation: G1Concurrent
Event: 20.379 Executing VM operation: G1Concurrent done
Event: 20.392 Executing VM operation: G1Concurrent
Event: 20.393 Executing VM operation: G1Concurrent done

Events (20 events):
Event: 7.752 loading class java/awt/DisplayMode
Event: 7.752 loading class java/awt/DisplayMode done
Event: 7.752 loading class sun/awt/Win32GraphicsDevice$Win32FSWindowAdapter
Event: 7.752 loading class sun/awt/Win32GraphicsDevice$Win32FSWindowAdapter done
Event: 7.752 loading class sun/awt/Win32GraphicsDevice$1
Event: 7.753 loading class sun/awt/Win32GraphicsDevice$1 done
Event: 9.154 Thread 0x000002f154f37c40 Thread exited: 0x000002f154f37c40
Event: 17.186 loading class java/security/DomainCombiner
Event: 17.187 loading class java/security/DomainCombiner done
Event: 21.103 loading class jdk/internal/misc/Signal$1
Event: 21.103 loading class jdk/internal/misc/Signal$1 done
Event: 21.103 Thread 0x000002f15d28e530 Thread added: 0x000002f15d28e530
Event: 21.104 Thread 0x000002f15d28b510 Thread added: 0x000002f15d28b510
Event: 21.104 Thread 0x000002f15d292890 Thread added: 0x000002f15d292890
Event: 21.104 Thread 0x000002f15d28ea00 Thread added: 0x000002f15d28ea00
Event: 21.105 Thread 0x000002f15d28ea00 Thread exited: 0x000002f15d28ea00
Event: 21.113 Thread 0x000002f15d292890 Thread exited: 0x000002f15d292890
Event: 21.114 Thread 0x000002f15d28c850 Thread exited: 0x000002f15d28c850
Event: 21.114 Thread 0x000002f1522461a0 Thread exited: 0x000002f1522461a0
Event: 21.116 Thread 0x000002f14dbb59c0 Thread exited: 0x000002f14dbb59c0


Dynamic libraries:
0x00007ff7eeda0000 - 0x00007ff7eedad000 	C:\Users\HP\.jdks\corretto-17.0.7\bin\java.exe
0x00007ffee9b50000 - 0x00007ffee9d48000 	C:\Windows\SYSTEM32\ntdll.dll
0x00007ffee90d0000 - 0x00007ffee918f000 	C:\Windows\System32\KERNEL32.DLL
0x00007ffee7790000 - 0x00007ffee7a86000 	C:\Windows\System32\KERNELBASE.dll
0x00007ffee7410000 - 0x00007ffee7510000 	C:\Windows\System32\ucrtbase.dll
0x00007ffedbcc0000 - 0x00007ffedbcd7000 	C:\Users\HP\.jdks\corretto-17.0.7\bin\jli.dll
0x00007ffee9970000 - 0x00007ffee9b0d000 	C:\Windows\System32\USER32.dll
0x00007ffee76c0000 - 0x00007ffee76e2000 	C:\Windows\System32\win32u.dll
0x00007ffee90a0000 - 0x00007ffee90cc000 	C:\Windows\System32\GDI32.dll
0x00007ffee7a90000 - 0x00007ffee7ba5000 	C:\Windows\System32\gdi32full.dll
0x00007ffee72c0000 - 0x00007ffee735d000 	C:\Windows\System32\msvcp_win.dll
0x00007ffeced70000 - 0x00007ffeced85000 	C:\Users\HP\.jdks\corretto-17.0.7\bin\VCRUNTIME140.dll
0x00007ffecd150000 - 0x00007ffecd3ea000 	C:\Windows\WinSxS\amd64_microsoft.windows.common-controls_6595b64144ccf1df_6.0.19041.1110_none_60b5254171f9507e\COMCTL32.dll
0x00007ffee8310000 - 0x00007ffee83ae000 	C:\Windows\System32\msvcrt.dll
0x00007ffee8600000 - 0x00007ffee8630000 	C:\Windows\System32\IMM32.DLL
0x00007ffec1e20000 - 0x00007ffec1ebb000 	C:\Users\HP\.jdks\corretto-17.0.7\bin\msvcp140.dll
0x00007ffea5510000 - 0x00007ffea612a000 	C:\Users\HP\.jdks\corretto-17.0.7\bin\server\jvm.dll
0x00007ffee8630000 - 0x00007ffee86df000 	C:\Windows\System32\ADVAPI32.dll
0x00007ffee8560000 - 0x00007ffee85fc000 	C:\Windows\System32\sechost.dll
0x00007ffee7d70000 - 0x00007ffee7e96000 	C:\Windows\System32\RPCRT4.dll
0x00007ffee0fa0000 - 0x00007ffee0fa9000 	C:\Windows\SYSTEM32\WSOCK32.dll
0x00007ffee8e70000 - 0x00007ffee8edb000 	C:\Windows\System32\WS2_32.dll
0x00007ffecca00000 - 0x00007ffecca27000 	C:\Windows\SYSTEM32\WINMM.dll
0x00007ffedb320000 - 0x00007ffedb32a000 	C:\Windows\SYSTEM32\VERSION.dll
0x00007ffee5a20000 - 0x00007ffee5a32000 	C:\Windows\SYSTEM32\kernel.appcore.dll
0x00007ffedf290000 - 0x00007ffedf29a000 	C:\Users\HP\.jdks\corretto-17.0.7\bin\jimage.dll
0x00007ffee1f40000 - 0x00007ffee2124000 	C:\Windows\SYSTEM32\DBGHELP.DLL
0x00007ffecec70000 - 0x00007ffececa4000 	C:\Windows\SYSTEM32\dbgcore.DLL
0x00007ffee7230000 - 0x00007ffee72b2000 	C:\Windows\System32\bcryptPrimitives.dll
0x00007ffedf230000 - 0x00007ffedf23e000 	C:\Users\HP\.jdks\corretto-17.0.7\bin\instrument.dll
0x00007ffeca980000 - 0x00007ffeca9a5000 	C:\Users\HP\.jdks\corretto-17.0.7\bin\java.dll
0x00007ffebaa40000 - 0x00007ffebab16000 	C:\Users\HP\.jdks\corretto-17.0.7\bin\jsvml.dll
0x00007ffee9190000 - 0x00007ffee98d4000 	C:\Windows\System32\SHELL32.dll
0x00007ffee2130000 - 0x00007ffee28c4000 	C:\Windows\SYSTEM32\windows.storage.dll
0x00007ffee8890000 - 0x00007ffee8be4000 	C:\Windows\System32\combase.dll
0x00007ffee6ab0000 - 0x00007ffee6ade000 	C:\Windows\SYSTEM32\Wldp.dll
0x00007ffee8f90000 - 0x00007ffee903d000 	C:\Windows\System32\SHCORE.dll
0x00007ffee9040000 - 0x00007ffee9095000 	C:\Windows\System32\shlwapi.dll
0x00007ffee7160000 - 0x00007ffee7185000 	C:\Windows\SYSTEM32\profapi.dll
0x00007ffec7110000 - 0x00007ffec7128000 	C:\Users\HP\.jdks\corretto-17.0.7\bin\zip.dll
0x00007ffeca7f0000 - 0x00007ffeca809000 	C:\Users\HP\.jdks\corretto-17.0.7\bin\net.dll
0x00007ffed8570000 - 0x00007ffed867a000 	C:\Windows\SYSTEM32\WINHTTP.dll
0x00007ffee6890000 - 0x00007ffee68fa000 	C:\Windows\system32\mswsock.dll
0x00007ffec73c0000 - 0x00007ffec73d5000 	C:\Users\HP\.jdks\corretto-17.0.7\bin\nio.dll
0x00007ffedc060000 - 0x00007ffedc07a000 	C:\Program Files\JetBrains\IntelliJ IDEA Community Edition 2021.3.2\bin\breakgen64.dll
0x00007ffea90e0000 - 0x00007ffea9289000 	C:\Users\HP\.jdks\corretto-17.0.7\bin\awt.dll
0x00007ffee87c0000 - 0x00007ffee888d000 	C:\Windows\System32\OLEAUT32.dll
0x00007ffee0ec0000 - 0x00007ffee0f51000 	C:\Windows\SYSTEM32\apphelp.dll
0x00007ffee1180000 - 0x00007ffee121e000 	C:\Windows\system32\uxtheme.dll
0x00007ffee8440000 - 0x00007ffee8554000 	C:\Windows\System32\MSCTF.dll
0x00007ffee8c00000 - 0x00007ffee8d2a000 	C:\Windows\System32\ole32.dll
0x00007ffee1320000 - 0x00007ffee134f000 	C:\Windows\system32\DWMAPI.DLL
0x00007ffeb5d50000 - 0x00007ffeb5e75000 	C:\Windows\system32\opengl32.dll
0x00007ffeb67f0000 - 0x00007ffeb681c000 	C:\Windows\SYSTEM32\GLU32.dll
0x00007ffee6af0000 - 0x00007ffee6b08000 	C:\Windows\SYSTEM32\CRYPTSP.dll
0x00007ffee61d0000 - 0x00007ffee6204000 	C:\Windows\system32\rsaenh.dll
0x00007ffee7760000 - 0x00007ffee7787000 	C:\Windows\System32\bcrypt.dll
0x00007ffee7120000 - 0x00007ffee714e000 	C:\Windows\SYSTEM32\USERENV.dll
0x00007ffee6a20000 - 0x00007ffee6a2c000 	C:\Windows\SYSTEM32\CRYPTBASE.dll
0x00007ffee65a0000 - 0x00007ffee65dc000 	C:\Windows\SYSTEM32\IPHLPAPI.DLL
0x00007ffee7d60000 - 0x00007ffee7d68000 	C:\Windows\System32\NSI.dll
0x00007ffeda430000 - 0x00007ffeda447000 	C:\Windows\SYSTEM32\dhcpcsvc6.DLL
0x00007ffed8d80000 - 0x00007ffed8d9d000 	C:\Windows\SYSTEM32\dhcpcsvc.DLL
0x00007ffee65e0000 - 0x00007ffee66aa000 	C:\Windows\SYSTEM32\DNSAPI.dll
0x00007ffe9d3a0000 - 0x00007ffe9e3ec000 	C:\Users\HP\.skiko\0de0d8dd8554d9bb66cfca3837db6514ff9b71080e998917280a3b777460a416\skiko-windows-x64.dll
0x00007ffeba3d0000 - 0x00007ffeba453000 	C:\Users\HP\.jdks\corretto-17.0.7\bin\freetype.dll
0x00007ffeb9a50000 - 0x00007ffeb9b12000 	C:\Users\HP\.jdks\corretto-17.0.7\bin\fontmanager.dll
0x00007ffedd5a0000 - 0x00007ffedd5a7000 	C:\Users\HP\.jdks\corretto-17.0.7\bin\jawt.dll
0x00007ffee5a90000 - 0x00007ffee5b83000 	C:\Windows\SYSTEM32\Dxgi.dll
0x00007ffedbce0000 - 0x00007ffedbd00000 	C:\Windows\SYSTEM32\D3D12.dll
0x00007ffea4fe0000 - 0x00007ffea51ad000 	C:\Windows\SYSTEM32\D3D12Core.dll
0x00007ffeda9e0000 - 0x00007ffedaa1b000 	C:\Windows\SYSTEM32\dxcore.dll
0x00007ffee7670000 - 0x00007ffee76be000 	C:\Windows\System32\cfgmgr32.dll
0x00007ffed4390000 - 0x00007ffed6fa9000 	C:\Windows\System32\DriverStore\FileRepository\igdlh64.inf_amd64_e6daaea9afe1e6f6\igc64.dll
0x00007ffe72ab0000 - 0x00007ffe73f83000 	C:\Windows\System32\DriverStore\FileRepository\igdlh64.inf_amd64_e6daaea9afe1e6f6\igd12umd64.dll
0x00007ffeda000000 - 0x00007ffeda257000 	C:\Windows\System32\DriverStore\FileRepository\igdlh64.inf_amd64_e6daaea9afe1e6f6\igdgmm64.dll
0x00007ffea2920000 - 0x00007ffea2d2b000 	C:\Windows\System32\DriverStore\FileRepository\igdlh64.inf_amd64_e6daaea9afe1e6f6\igdml64.dll
0x00007ffedba30000 - 0x00007ffedba5b000 	C:\Windows\SYSTEM32\D3DSCache.dll
0x00007ffe51780000 - 0x00007ffe55f82000 	C:\Windows\System32\DriverStore\FileRepository\igdlh64.inf_amd64_e6daaea9afe1e6f6\igd12dxva64.dll
0x00007ffee7ea0000 - 0x00007ffee830e000 	C:\Windows\System32\SETUPAPI.dll
0x00007ffe96bf0000 - 0x00007ffe96c17000 	C:\Windows\System32\DriverStore\FileRepository\igdlh64.inf_amd64_e6daaea9afe1e6f6\igdinfo64.dll
0x00007ffeddf50000 - 0x00007ffede157000 	C:\Windows\SYSTEM32\twinapi.appcore.dll
0x00007ffee8ee0000 - 0x00007ffee8f89000 	C:\Windows\System32\clbcatq.dll
0x00007ffe744c0000 - 0x00007ffe75492000 	C:\Windows\System32\DriverStore\FileRepository\igdlh64.inf_amd64_e6daaea9afe1e6f6\ig9icd64.dll
0x00007ffee7090000 - 0x00007ffee70db000 	C:\Windows\SYSTEM32\powrprof.dll
0x00007ffee7070000 - 0x00007ffee7082000 	C:\Windows\SYSTEM32\UMPDC.dll
0x00007ffed2250000 - 0x00007ffed24cf000 	C:\Windows\SYSTEM32\dwrite.dll
0x00007ffed3ec0000 - 0x00007ffed3fb9000 	C:\Windows\SYSTEM32\textinputframework.dll
0x00007ffee0460000 - 0x00007ffee07be000 	C:\Windows\System32\CoreUIComponents.dll
0x00007ffee0b40000 - 0x00007ffee0c32000 	C:\Windows\System32\CoreMessaging.dll
0x00007ffee62f0000 - 0x00007ffee6323000 	C:\Windows\SYSTEM32\ntmarta.dll
0x00007ffedf450000 - 0x00007ffedf5a4000 	C:\Windows\SYSTEM32\wintypes.dll
0x00007ffe60f60000 - 0x00007ffe61812000 	C:\Users\HP\AppData\Local\io-realm-kotlin\f7113120ba00ba1ff91d696eecd3919e85a4e34e\realmc.dll
0x00007ffee7510000 - 0x00007ffee766e000 	C:\Windows\System32\CRYPT32.dll

dbghelp: loaded successfully - version: 4.0.5 - missing functions: none
symbol engine: initialized successfully - sym options: 0x614 - pdb path: .;C:\Users\HP\.jdks\corretto-17.0.7\bin;C:\Windows\SYSTEM32;C:\Windows\WinSxS\amd64_microsoft.windows.common-controls_6595b64144ccf1df_6.0.19041.1110_none_60b5254171f9507e;C:\Users\HP\.jdks\corretto-17.0.7\bin\server;C:\Program Files\JetBrains\IntelliJ IDEA Community Edition 2021.3.2\bin;C:\Users\HP\.skiko\0de0d8dd8554d9bb66cfca3837db6514ff9b71080e998917280a3b777460a416;C:\Windows\System32\DriverStore\FileRepository\igdlh64.inf_amd64_e6daaea9afe1e6f6;C:\Users\HP\AppData\Local\io-realm-kotlin\f7113120ba00ba1ff91d696eecd3919e85a4e34e

VM Arguments:
jvm_args: -Djava.library.path=C:\Users\HP\Desktop\newderar\build\classes\kotlin\jvm\main;C:\Users\HP\Desktop\newderar\build\processedResources\jvm\main -javaagent:C:\Program Files\JetBrains\IntelliJ IDEA Community Edition 2021.3.2\lib\idea_rt.jar=53173:C:\Program Files\JetBrains\IntelliJ IDEA Community Edition 2021.3.2\bin -Dfile.encoding=UTF-8 
java_command: MainKt
java_class_path (initial): C:\Users\HP\Desktop\newderar\build\classes\kotlin\jvm\main;C:\Users\HP\Desktop\newderar\build\processedResources\jvm\main;C:\Users\HP\.gradle\caches\modules-2\files-2.1\io.insert-koin\koin-androidx-compose\3.4.5\ae0a88b7a68d507e651c5a3d70a541594bea54cb\koin-androidx-compose-3.4.5.aar;C:\Users\HP\.gradle\caches\modules-2\files-2.1\androidx.navigation\navigation-compose\2.6.0\3f8ce7b0bad21cced0c47b42b6347c65a6e422c3\navigation-compose-2.6.0.aar;C:\Users\HP\.gradle\caches\modules-2\files-2.1\org.jetbrains.kotlin\kotlin-stdlib-jdk8\1.8.21\67f57e154437cd9e6e9cf368394b95814836ff88\kotlin-stdlib-jdk8-1.8.21.jar;C:\Users\HP\.gradle\caches\modules-2\files-2.1\org.apache.poi\poi-ooxml\4.1.2\87d9a22aa9a7dd26e80c360e709f7ee02e32ab3b\poi-ooxml-4.1.2.jar;C:\Users\HP\.gradle\caches\modules-2\files-2.1\org.apache.poi\poi\4.1.2\964bf41cf68bce08e4ef6b2279b559fdf8d454f4\poi-4.1.2.jar;C:\Users\HP\.gradle\caches\modules-2\files-2.1\org.lwjgl\lwjgl-nfd\3.3.1\622318116996ddcff449b46cb38f0fdee39b8ac3\lwjgl-nfd-3.3.1.jar;C:\Users\HP\.gradle\caches\modules-2\files-2.1\org.lwjgl\lwjgl-nfd\3.3.1\2e007667e04ed3281152ae5c6e677fb1c2211691\lwjgl-nfd-3.3.1-natives-linux.jar;C:\Users\HP\.gradle\caches\modules-2\files-2.1\org.lwjgl\lwjgl\3.3.1\ae58664f88e18a9bb2c77b063833ca7aaec484cb\lwjgl-3.3.1.jar;C:\Users\HP\.gradle\caches\modules-2\files-2.1\io.insert-koin\koin-android\3.4.0\48715fbe06102a59a30bd45b06ed2400c16c6f45\koin-android-3.4.0.aar;C:\Users\HP\.gradle\caches\modules-2\files-2.1\org.lwjgl\lwjgl-nfd\3.3.1\b3e04e317f55dd738d8a345cdafd15b39f85a2ea\lwjgl-nfd-3.3.1-natives-linux-arm32.jar;C:\Users\HP\.gradle\caches\modules-2\files-2.1\androidx.lifecycle\lifecycle-viewmodel-compose\2.6.1\38cf3bb65ff3e0e5c3d63de2ebf5411d0898108c\lifecycle-viewmodel-compose-2.6.1.aar;C:\Users\HP\.gradle\caches\modules-2\files-2.1\org.lwjgl\lwjgl-nfd\3.3.1\f41dc62336f7ee4ab35705cfa440cc903d199165\lwjgl-nfd-3.3.1-natives-linux-arm64.jar;C:\Users\HP\.gradle\caches\modules-2\files-2.1\androi
Launcher Type: SUN_STANDARD

[Global flags]
     intx CICompilerCount                          = 3                                         {product} {ergonomic}
     uint ConcGCThreads                            = 1                                         {product} {ergonomic}
     uint G1ConcRefinementThreads                  = 4                                         {product} {ergonomic}
   size_t G1HeapRegionSize                         = 2097152                                   {product} {ergonomic}
    uintx GCDrainStackTargetSize                   = 64                                        {product} {ergonomic}
   size_t InitialHeapSize                          = 266338304                                 {product} {ergonomic}
   size_t MarkStackSize                            = 4194304                                   {product} {ergonomic}
   size_t MaxHeapSize                              = 4255121408                                {product} {ergonomic}
   size_t MaxNewSize                               = 2552233984                                {product} {ergonomic}
   size_t MinHeapDeltaBytes                        = 2097152                                   {product} {ergonomic}
   size_t MinHeapSize                              = 8388608                                   {product} {ergonomic}
    uintx NonNMethodCodeHeapSize                   = 5832780                                {pd product} {ergonomic}
    uintx NonProfiledCodeHeapSize                  = 122912730                              {pd product} {ergonomic}
    uintx ProfiledCodeHeapSize                     = 122912730                              {pd product} {ergonomic}
    uintx ReservedCodeCacheSize                    = 251658240                              {pd product} {ergonomic}
     bool SegmentedCodeCache                       = true                                      {product} {ergonomic}
   size_t SoftMaxHeapSize                          = 4255121408                             {manageable} {ergonomic}
     bool UseCompressedClassPointers               = true                           {product lp64_product} {ergonomic}
     bool UseCompressedOops                        = true                           {product lp64_product} {ergonomic}
     bool UseG1GC                                  = true                                      {product} {ergonomic}
     bool UseLargePagesIndividualAllocation        = false                                  {pd product} {ergonomic}

Logging:
Log output configuration:
 #0: stdout all=warning uptime,level,tags
 #1: stderr all=off uptime,level,tags

Environment Variables:
PATH=C:\Program Files\Common Files\Oracle\Java\javapath;C:\Program Files (x86)\Common Files\Oracle\Java\javapath;C:\Windows\system32;C:\Windows;C:\Windows\System32\Wbem;C:\Windows\System32\WindowsPowerShell\v1.0\;C:\Windows\System32\OpenSSH\;C:\xampp\php;C:\ProgramData\ComposerSetup\bin;C:\Program Files\nodejs\;C:\Program Files (x86)\Intel\Intel(R) Management Engine Components\DAL;C:\Program Files\Intel\Intel(R) Management Engine Components\DAL;C:\Program Files\Git\cmd;C:\Program Files\Fortect;C:\Users\HP\AppData\Local\Microsoft\WindowsApps;C:\Program Files\JetBrains\IntelliJ IDEA Community Edition 2021.3.2\bin;C:\Users\HP\AppData\Local\Programs\Microsoft VS Code\bin;C:\Users\HP\AppData\Local\JetBrains\Toolbox\scripts;C:\Users\HP\AppData\Local\GitHubDesktop\bin;C:\Users\HP\Desktop\camp\flutter_windows_3.7.6-stable\flutter\bin;C:\Users\HP\AppData\Roaming\Composer\vendor\bin;C:\Users\HP\AppData\Roaming\npm
USERNAME=HP
OS=Windows_NT
PROCESSOR_IDENTIFIER=Intel64 Family 6 Model 142 Stepping 9, GenuineIntel
TMP=C:\Users\HP\AppData\Local\Temp
TEMP=C:\Users\HP\AppData\Local\Temp



---------------  S Y S T E M  ---------------

OS:
 Windows 10 , 64 bit Build 19041 (10.0.19041.3155)
OS uptime: 2 days 13:57 hours
Hyper-V role detected

CPU: total 4 (initial active 4) (2 cores per cpu, 2 threads per core) family 6 model 142 stepping 9 microcode 0xf2, cx8, cmov, fxsr, ht, mmx, 3dnowpref, sse, sse2, sse3, ssse3, sse4.1, sse4.2, popcnt, lzcnt, tsc, tscinvbit, avx, avx2, aes, erms, clmul, bmi1, bmi2, rtm, adx, fma, vzeroupper, clflush, clflushopt, hv

Memory: 4k page, system-wide physical 16224M (5555M free)
TotalPageFile size 32096M (AvailPageFile size 19768M)
current process WorkingSet (physical memory assigned to process): 252M, peak: 301M
current process commit charge ("private bytes"): 258M, peak: 432M

vm_info: OpenJDK 64-Bit Server VM (17.0.7+7-LTS) for windows-amd64 JRE (17.0.7+7-LTS), built on Apr 14 2023 01:39:21 by "Administrator" with MS VC++ 15.9 (VS2017)

END.
