#
# A fatal error has been detected by the Java Runtime Environment:
#
#  EXCEPTION_ACCESS_VIOLATION (0xc0000005) at pc=0x00007ffa7c4aebe3, pid=16012, tid=13416
#
# JRE version: OpenJDK Runtime Environment JBR-17.0.7+7-1000.5-nomod (17.0.7+7) (build 17.0.7+7-b1000.5)
# Java VM: OpenJDK 64-Bit Server VM JBR-17.0.7+7-1000.5-nomod (17.0.7+7-b1000.5, mixed mode, tiered, compressed oops, compressed class ptrs, g1 gc, windows-amd64)
# Problematic frame:
# C  [ig9icd64.dll+0x9bebe3]
#
# No core dump will be written. Minidumps are not enabled by default on client versions of Windows
#
# If you would like to submit a bug report, please visit:
#   https://youtrack.jetbrains.com/issues/JBR
# The crash happened outside the Java Virtual Machine in native code.
# See problematic frame for where to report the bug.
#

---------------  S U M M A R Y ------------

Command Line: -Djava.library.path=C:\Users\HP\Desktop\newderar\build\classes\kotlin\jvm\main;C:\Users\HP\Desktop\newderar\build\processedResources\jvm\main -javaagent:C:\Program Files\JetBrains\IntelliJ IDEA Community Edition 2021.3.2\lib\idea_rt.jar=65533:C:\Program Files\JetBrains\IntelliJ IDEA Community Edition 2021.3.2\bin -Dfile.encoding=UTF-8 MainKt

Host: Intel(R) Core(TM) i5-7300U CPU @ 2.60GHz, 4 cores, 15G,  Windows 10 , 64 bit Build 19041 (10.0.19041.3155)
Time: Thu Jul  6 01:34:56 2023 Libya Standard Time elapsed time: 140.622974 seconds (0d 0h 2m 20s)

---------------  T H R E A D  ---------------

Current thread (0x0000018a4f8b3590):  JavaThread "AWT-EventQueue-0" [_thread_in_native, id=13416, stack(0x0000005ccf200000,0x0000005ccf300000)]

Stack: [0x0000005ccf200000,0x0000005ccf300000],  sp=0x0000005ccf2fcca8,  free space=1011k
Native frames: (J=compiled Java code, j=interpreted, Vv=VM code, C=native code)
C  [ig9icd64.dll+0x9bebe3]

Java frames: (J=compiled Java code, j=interpreted, Vv=VM code)
J 5408  org.jetbrains.skia.DirectContextKt.DirectContext_nFlush(J)V (0 bytes) @ 0x0000018a3753a1e9 [0x0000018a3753a1a0+0x0000000000000049]
J 6142 c2 org.jetbrains.skiko.redrawer.WindowsOpenGLRedrawer$Companion$frameDispatcher$1.invokeSuspend(Ljava/lang/Object;)Ljava/lang/Object; (379 bytes) @ 0x0000018a376282a0 [0x0000018a37626fa0+0x0000000000001300]
J 6141 c2 org.jetbrains.skiko.FrameDispatcher$job$1.invokeSuspend(Ljava/lang/Object;)Ljava/lang/Object; (156 bytes) @ 0x0000018a37624cf0 [0x0000018a37624aa0+0x0000000000000250]
J 5015 c2 kotlin.coroutines.jvm.internal.BaseContinuationImpl.resumeWith(Ljava/lang/Object;)V (128 bytes) @ 0x0000018a37493580 [0x0000018a37493520+0x0000000000000060]
J 5268 c2 kotlinx.coroutines.DispatchedTask.run()V (571 bytes) @ 0x0000018a374f1f48 [0x0000018a374f1ba0+0x00000000000003a8]
J 5334 c2 java.awt.EventQueue.dispatchEvent(Ljava/awt/AWTEvent;)V java.desktop@17.0.7 (80 bytes) @ 0x0000018a37514644 [0x0000018a375141a0+0x00000000000004a4]
J 6146 c2 java.awt.EventDispatchThread.pumpOneEventForFilters(I)V java.desktop@17.0.7 (113 bytes) @ 0x0000018a3763fd4c [0x0000018a3763f660+0x00000000000006ec]
J 6218% c1 java.awt.EventDispatchThread.pumpEventsForFilter(ILjava/awt/Conditional;Ljava/awt/EventFilter;)V java.desktop@17.0.7 (47 bytes) @ 0x0000018a2fbaf21c [0x0000018a2fbaef80+0x000000000000029c]
j  java.awt.EventDispatchThread.pumpEventsForHierarchy(ILjava/awt/Conditional;Ljava/awt/Component;)V+11 java.desktop@17.0.7
j  java.awt.EventDispatchThread.pumpEvents(ILjava/awt/Conditional;)V+4 java.desktop@17.0.7
j  java.awt.EventDispatchThread.pumpEvents(Ljava/awt/Conditional;)V+3 java.desktop@17.0.7
j  java.awt.EventDispatchThread.run()V+18 java.desktop@17.0.7
v  ~StubRoutines::call_stub

siginfo: EXCEPTION_ACCESS_VIOLATION (0xc0000005), reading address 0x00007ffdbc6d1110


Register to memory mapping:

RIP=0x00007ffa7c4aebe3 ig9icd64.dll
RAX=0x000000000fff0fff is an unknown value
RBX=0x00007ffa7baf0000 ig9icd64.dll
RCX=0x000000033fcf3fcc is an unknown value
RDX=0x0000005ccf2fd1c0 is pointing into the stack for thread: 0x0000018a4f8b3590
RSP=0x0000005ccf2fcca8 is pointing into the stack for thread: 0x0000018a4f8b3590
RBP=0x0000005ccf2fcdb0 is pointing into the stack for thread: 0x0000018a4f8b3590
RSI=0x0000018a52575280 points into unknown readable memory: 0x0000018a5253bf80 | 80 bf 53 52 8a 01 00 00
RDI=0x0000005ccf2fcfb0 is pointing into the stack for thread: 0x0000018a4f8b3590
R8 =0x0000005ccf2fcde0 is pointing into the stack for thread: 0x0000018a4f8b3590
R9 =0x0000005ccf2fd1c0 is pointing into the stack for thread: 0x0000018a4f8b3590
R10=0x0000005ccf2fcfb0 is pointing into the stack for thread: 0x0000018a4f8b3590
R11=0x0 is NULL
R12=0x00007ffa7c9215e0 ig9icd64.dll
R13=0x0 is NULL
R14=0x0 is NULL
R15=0x00000000000001c1 is an unknown value


Registers:
RAX=0x000000000fff0fff, RBX=0x00007ffa7baf0000, RCX=0x000000033fcf3fcc, RDX=0x0000005ccf2fd1c0
RSP=0x0000005ccf2fcca8, RBP=0x0000005ccf2fcdb0, RSI=0x0000018a52575280, RDI=0x0000005ccf2fcfb0
R8 =0x0000005ccf2fcde0, R9 =0x0000005ccf2fd1c0, R10=0x0000005ccf2fcfb0, R11=0x0000000000000000
R12=0x00007ffa7c9215e0, R13=0x0000000000000000, R14=0x0000000000000000, R15=0x00000000000001c1
RIP=0x00007ffa7c4aebe3, EFLAGS=0x0000000000010206

Top of Stack: (sp=0x0000005ccf2fcca8)
0x0000005ccf2fcca8:   00007ffa7c4ac31b 0000000000000001
0x0000005ccf2fccb8:   0000000000000000 0000018a5abb2b00
0x0000005ccf2fccc8:   00007ffaf6782622 0000005c00000065
0x0000005ccf2fccd8:   0000005ccf2fcee0 0000000000000000
0x0000005ccf2fcce8:   0000018a528fbdc0 0000000000000000
0x0000005ccf2fccf8:   0000018a528fb830 0000018a5abb2b60
0x0000005ccf2fcd08:   0000000000001100 0000000000000000
0x0000005ccf2fcd18:   0000000000000000 0000005ccf2fce90
0x0000005ccf2fcd28:   00007ffa7c1479c0 0000000000000000
0x0000005ccf2fcd38:   0000000000000000 0000000000000000
0x0000005ccf2fcd48:   0000000000000000 000090eca3cc9dc3
0x0000005ccf2fcd58:   00007ffa7bb06555 0000018a5abb2b60
0x0000005ccf2fcd68:   0000000000000001 0000000000000000
0x0000005ccf2fcd78:   00007ffb07c5b86b 00000000007c0438
0x0000005ccf2fcd88:   0000000000000013 0000018a5d2a88a0
0x0000005ccf2fcd98:   0000000000000000 0000000000000000 

Instructions: (pc=0x00007ffa7c4aebe3)
0x00007ffa7c4aeae3:   c1 75 31 00 48 89 51 08 48 89 01 8b 44 24 28 89
0x00007ffa7c4aeaf3:   41 20 8b 44 24 30 89 41 24 48 8b c1 4c 89 41 10
0x00007ffa7c4aeb03:   4c 89 49 18 c3 cc cc cc cc cc cc cc cc 48 89 5c
0x00007ffa7c4aeb13:   24 08 8b 41 5c 48 8d 1d e1 14 64 ff 41 89 40 08
0x00007ffa7c4aeb23:   4c 8b d1 8b 41 60 45 33 db 41 89 40 0c 4c 8b ca
0x00007ffa7c4aeb33:   8b 41 64 41 89 40 10 8b 41 68 41 89 40 14 8b 41
0x00007ffa7c4aeb43:   6c 41 89 40 18 8b 41 70 41 89 40 1c 48 63 41 74
0x00007ffa7c4aeb53:   48 6b c8 34 8b 84 19 44 d1 ee 00 41 89 40 20 8b
0x00007ffa7c4aeb63:   84 19 48 d1 ee 00 41 89 40 24 8b 84 19 4c d1 ee
0x00007ffa7c4aeb73:   00 41 89 40 28 8b 84 19 50 d1 ee 00 41 89 40 2c
0x00007ffa7c4aeb83:   8b 84 19 34 d1 ee 00 41 89 40 30 8b 84 19 38 d1
0x00007ffa7c4aeb93:   ee 00 41 89 40 34 8b 84 19 3c d1 ee 00 41 89 40
0x00007ffa7c4aeba3:   38 8b 84 19 40 d1 ee 00 41 89 40 3c 8b 84 19 24
0x00007ffa7c4aebb3:   d1 ee 00 41 89 40 40 8b 84 19 28 d1 ee 00 41 89
0x00007ffa7c4aebc3:   40 44 8b 84 19 2c d1 ee 00 41 89 40 48 8b 84 19
0x00007ffa7c4aebd3:   30 d1 ee 00 41 89 40 4c 49 63 42 78 48 6b c8 34
0x00007ffa7c4aebe3:   8b 84 19 44 d1 ee 00 41 89 40 50 8b 84 19 48 d1
0x00007ffa7c4aebf3:   ee 00 41 89 40 54 8b 84 19 4c d1 ee 00 41 89 40
0x00007ffa7c4aec03:   58 8b 84 19 50 d1 ee 00 41 89 40 5c 8b 84 19 34
0x00007ffa7c4aec13:   d1 ee 00 41 89 40 60 8b 84 19 38 d1 ee 00 41 89
0x00007ffa7c4aec23:   40 64 8b 84 19 3c d1 ee 00 41 89 40 68 8b 84 19
0x00007ffa7c4aec33:   40 d1 ee 00 41 89 40 6c 8b 84 19 24 d1 ee 00 41
0x00007ffa7c4aec43:   89 40 70 8b 84 19 28 d1 ee 00 41 89 40 74 8b 84
0x00007ffa7c4aec53:   19 2c d1 ee 00 41 89 40 78 8b 84 19 30 d1 ee 00
0x00007ffa7c4aec63:   41 89 40 7c 48 8b 42 18 8b 88 38 0b 00 00 f6 c1
0x00007ffa7c4aec73:   08 0f 84 86 00 00 00 8b 80 3c 0b 00 00 41 89 80
0x00007ffa7c4aec83:   80 00 00 00 48 8b 42 18 8b 88 40 0b 00 00 41 89
0x00007ffa7c4aec93:   88 84 00 00 00 48 8b 42 18 8b 88 44 0b 00 00 41
0x00007ffa7c4aeca3:   89 88 88 00 00 00 48 8b 42 18 8b 88 48 0b 00 00
0x00007ffa7c4aecb3:   41 89 88 8c 00 00 00 48 8b 42 18 8b 88 4c 0b 00
0x00007ffa7c4aecc3:   00 41 89 88 90 00 00 00 48 8b 42 18 8b 88 50 0b
0x00007ffa7c4aecd3:   00 00 41 89 88 94 00 00 00 48 8b 42 18 8b 88 54 


Stack slot to memory mapping:
stack at sp + 0 slots: 0x00007ffa7c4ac31b ig9icd64.dll
stack at sp + 1 slots: 0x0000000000000001 is an unknown value
stack at sp + 2 slots: 0x0 is NULL
stack at sp + 3 slots: 0x0000018a5abb2b00 points into unknown readable memory: 0x0000000000000000 | 00 00 00 00 00 00 00 00
stack at sp + 4 slots: 0x00007ffaf6782622 igdgmm64.dll
stack at sp + 5 slots: 0x0000005c00000065 is an unknown value
stack at sp + 6 slots: 0x0000005ccf2fcee0 is pointing into the stack for thread: 0x0000018a4f8b3590
stack at sp + 7 slots: 0x0 is NULL


---------------  P R O C E S S  ---------------

Threads class SMR info:
_java_thread_list=0x0000018a4f952a60, length=28, elements={
0x0000018a2bfba000, 0x0000018a4a4d07c0, 0x0000018a4a4d1f10, 0x0000018a4a35aec0,
0x0000018a4a35b980, 0x0000018a4a35e440, 0x0000018a4a504880, 0x0000018a4a5063b0,
0x0000018a4a528690, 0x0000018a4a529ed0, 0x0000018a4a559ed0, 0x0000018a4a6b2a50,
0x0000018a4f32aa90, 0x0000018a4f762b10, 0x0000018a4f86e880, 0x0000018a4f86fea0,
0x0000018a4f8b3590, 0x0000018a4fab3080, 0x0000018a4fbd9e70, 0x0000018a4fbd6e50,
0x0000018a4fbd7320, 0x0000018a504214e0, 0x0000018a5041c310, 0x0000018a5041e990,
0x0000018a5041be40, 0x0000018a5041f330, 0x0000018a5d90f5f0, 0x0000018a5d90ff90
}

Java Threads: ( => current thread )
  0x0000018a2bfba000 JavaThread "main" [_thread_blocked, id=5296, stack(0x0000005ccd600000,0x0000005ccd700000)]
  0x0000018a4a4d07c0 JavaThread "Reference Handler" daemon [_thread_blocked, id=9596, stack(0x0000005ccdd00000,0x0000005ccde00000)]
  0x0000018a4a4d1f10 JavaThread "Finalizer" daemon [_thread_blocked, id=220, stack(0x0000005ccde00000,0x0000005ccdf00000)]
  0x0000018a4a35aec0 JavaThread "Signal Dispatcher" daemon [_thread_blocked, id=4740, stack(0x0000005ccdf00000,0x0000005cce000000)]
  0x0000018a4a35b980 JavaThread "Attach Listener" daemon [_thread_blocked, id=11900, stack(0x0000005cce000000,0x0000005cce100000)]
  0x0000018a4a35e440 JavaThread "Service Thread" daemon [_thread_blocked, id=15708, stack(0x0000005cce100000,0x0000005cce200000)]
  0x0000018a4a504880 JavaThread "Monitor Deflation Thread" daemon [_thread_blocked, id=10216, stack(0x0000005cce200000,0x0000005cce300000)]
  0x0000018a4a5063b0 JavaThread "C2 CompilerThread0" daemon [_thread_blocked, id=15616, stack(0x0000005cce300000,0x0000005cce400000)]
  0x0000018a4a528690 JavaThread "C1 CompilerThread0" daemon [_thread_blocked, id=14532, stack(0x0000005cce400000,0x0000005cce500000)]
  0x0000018a4a529ed0 JavaThread "Sweeper thread" daemon [_thread_blocked, id=6860, stack(0x0000005cce500000,0x0000005cce600000)]
  0x0000018a4a559ed0 JavaThread "Common-Cleaner" daemon [_thread_blocked, id=13732, stack(0x0000005cce600000,0x0000005cce700000)]
  0x0000018a4a6b2a50 JavaThread "Monitor Ctrl-Break" daemon [_thread_in_native, id=9828, stack(0x0000005cce800000,0x0000005cce900000)]
  0x0000018a4f32aa90 JavaThread "Notification Thread" daemon [_thread_blocked, id=13896, stack(0x0000005cce900000,0x0000005ccea00000)]
  0x0000018a4f762b10 JavaThread "Java2D Disposer" daemon [_thread_blocked, id=8624, stack(0x0000005ccef00000,0x0000005ccf000000)]
  0x0000018a4f86e880 JavaThread "AWT-Shutdown" [_thread_blocked, id=8276, stack(0x0000005ccf000000,0x0000005ccf100000)]
  0x0000018a4f86fea0 JavaThread "AWT-Windows" daemon [_thread_in_native, id=9992, stack(0x0000005ccf100000,0x0000005ccf200000)]
=>0x0000018a4f8b3590 JavaThread "AWT-EventQueue-0" [_thread_in_native, id=13416, stack(0x0000005ccf200000,0x0000005ccf300000)]
  0x0000018a4fab3080 JavaThread "Reference Cleaner" daemon [_thread_blocked, id=8592, stack(0x0000005ccf300000,0x0000005ccf400000)]
  0x0000018a4fbd9e70 JavaThread "DefaultDispatcher-worker-3" daemon [_thread_blocked, id=7468, stack(0x0000005ccf600000,0x0000005ccf700000)]
  0x0000018a4fbd6e50 JavaThread "kotlinx.coroutines.DefaultExecutor" daemon [_thread_blocked, id=5048, stack(0x0000005ccf700000,0x0000005ccf800000)]
  0x0000018a4fbd7320 JavaThread "TimerQueue" daemon [_thread_blocked, id=5040, stack(0x0000005cce700000,0x0000005cce800000)]
  0x0000018a504214e0 JavaThread "RealmFinalizingDaemon" daemon [_thread_blocked, id=12568, stack(0x0000005ccfe00000,0x0000005ccff00000)]
  0x0000018a5041c310 JavaThread "core-notifier" daemon [_thread_in_native, id=9232, stack(0x0000005cd0000000,0x0000005cd0100000)]
  0x0000018a5041e990 JavaThread "DefaultDispatcher-worker-4" daemon [_thread_blocked, id=12884, stack(0x0000005cd0200000,0x0000005cd0300000)]
  0x0000018a5041be40 JavaThread "DefaultDispatcher-worker-2" daemon [_thread_blocked, id=4164, stack(0x0000005cd0300000,0x0000005cd0400000)]
  0x0000018a5041f330 JavaThread "DefaultDispatcher-worker-1" daemon [_thread_blocked, id=6756, stack(0x0000005cd0400000,0x0000005cd0500000)]
  0x0000018a5d90f5f0 JavaThread "SIGINT handler" daemon [_thread_blocked, id=8180, stack(0x0000005ccd400000,0x0000005ccd500000)]
  0x0000018a5d90ff90 JavaThread "ToolkitShutdown" daemon [_thread_in_native, id=4640, stack(0x0000005ccf400000,0x0000005ccf500000)]

Other Threads:
  0x0000018a4a34e1e0 VMThread "VM Thread" [stack: 0x0000005ccdc00000,0x0000005ccdd00000] [id=1608]
  0x0000018a4f389ca0 WatcherThread [stack: 0x0000005ccea00000,0x0000005cceb00000] [id=11988]
  0x0000018a2c024190 GCTaskThread "GC Thread#0" [stack: 0x0000005ccd700000,0x0000005ccd800000] [id=5080]
  0x0000018a4f7a68e0 GCTaskThread "GC Thread#1" [stack: 0x0000005ccec00000,0x0000005cced00000] [id=11144]
  0x0000018a4f7a6b90 GCTaskThread "GC Thread#2" [stack: 0x0000005cced00000,0x0000005ccee00000] [id=1704]
  0x0000018a4f5f1020 GCTaskThread "GC Thread#3" [stack: 0x0000005ccee00000,0x0000005ccef00000] [id=1520]
  0x0000018a2c034e60 ConcurrentGCThread "G1 Main Marker" [stack: 0x0000005ccd800000,0x0000005ccd900000] [id=3304]
  0x0000018a2c035870 ConcurrentGCThread "G1 Conc#0" [stack: 0x0000005ccd900000,0x0000005ccda00000] [id=8708]
  0x0000018a2c06d910 ConcurrentGCThread "G1 Refine#0" [stack: 0x0000005ccda00000,0x0000005ccdb00000] [id=11156]
  0x0000018a2c06ec10 ConcurrentGCThread "G1 Service" [stack: 0x0000005ccdb00000,0x0000005ccdc00000] [id=7988]

Threads with active compile tasks:

VM state: not at safepoint (normal execution)

VM Mutex/Monitor currently owned by a thread: None

Heap address: 0x0000000702600000, size: 4058 MB, Compressed Oops mode: Zero based, Oop shift amount: 3

CDS archive(s) not mapped
Compressed class space mapped at: 0x0000000800000000-0x0000000840000000, reserved size: 1073741824
Narrow klass base: 0x0000000800000000, Narrow klass shift: 0, Narrow klass range: 0x40000000

GC Precious Log:
 CPUs: 4 total, 4 available
 Memory: 16224M
 Large Page Support: Disabled
 NUMA Support: Disabled
 Compressed Oops: Enabled (Zero based)
 Heap Region Size: 2M
 Heap Min Capacity: 8M
 Heap Initial Capacity: 254M
 Heap Max Capacity: 4058M
 Pre-touch: Disabled
 Parallel Workers: 4
 Concurrent Workers: 1
 Concurrent Refinement Workers: 4
 Periodic GC: Disabled

Heap:
 garbage-first heap   total 90112K, used 58965K [0x0000000702600000, 0x0000000800000000)
  region size 2048K, 18 young (36864K), 0 survivors (0K)
 Metaspace       used 44389K, committed 44736K, reserved 1114112K
  class space    used 4752K, committed 4928K, reserved 1048576K

Heap Regions: E=young(eden), S=young(survivor), O=old, HS=humongous(starts), HC=humongous(continues), CS=collection set, F=free, OA=open archive, CA=closed archive, TAMS=top-at-mark-start (previous, next)
|   0|0x0000000702600000, 0x0000000702800000, 0x0000000702800000|100%|HS|  |TAMS 0x0000000702800000, 0x0000000702600000| Untracked 
|   1|0x0000000702800000, 0x0000000702a00000, 0x0000000702a00000|100%| O|  |TAMS 0x0000000702a00000, 0x0000000702800000| Untracked 
|   2|0x0000000702a00000, 0x0000000702c00000, 0x0000000702c00000|100%| O|  |TAMS 0x0000000702c00000, 0x0000000702a00000| Untracked 
|   3|0x0000000702c00000, 0x0000000702dffff0, 0x0000000702e00000| 99%| O|  |TAMS 0x0000000702dffff0, 0x0000000702c00000| Untracked 
|   4|0x0000000702e00000, 0x0000000703000000, 0x0000000703000000|100%| O|  |TAMS 0x0000000703000000, 0x0000000702e00000| Untracked 
|   5|0x0000000703000000, 0x00000007031eaa48, 0x0000000703200000| 95%| O|  |TAMS 0x00000007031eaa48, 0x0000000703000000| Untracked 
|   6|0x0000000703200000, 0x00000007033ffff8, 0x0000000703400000| 99%| O|  |TAMS 0x00000007033ffff8, 0x0000000703200000| Untracked 
|   7|0x0000000703400000, 0x00000007034b5ce0, 0x0000000703600000| 35%| O|  |TAMS 0x0000000703400000, 0x0000000703400000| Untracked 
|   8|0x0000000703600000, 0x00000007036c0980, 0x0000000703800000| 37%| O|  |TAMS 0x0000000703600000, 0x0000000703600000| Untracked 
|   9|0x0000000703800000, 0x0000000703834670, 0x0000000703a00000| 10%| O|  |TAMS 0x0000000703800000, 0x0000000703800000| Untracked 
|  10|0x0000000703a00000, 0x0000000703a00000, 0x0000000703c00000|  0%| F|  |TAMS 0x0000000703a00000, 0x0000000703a00000| Untracked 
|  11|0x0000000703c00000, 0x0000000703c00000, 0x0000000703e00000|  0%| F|  |TAMS 0x0000000703c00000, 0x0000000703c00000| Untracked 
|  12|0x0000000703e00000, 0x0000000703e00000, 0x0000000704000000|  0%| F|  |TAMS 0x0000000703e00000, 0x0000000703e00000| Untracked 
|  13|0x0000000704000000, 0x0000000704200000, 0x0000000704200000|100%|HS|  |TAMS 0x0000000704200000, 0x0000000704000000| Untracked 
|  14|0x0000000704200000, 0x0000000704400000, 0x0000000704400000|100%|HC|  |TAMS 0x0000000704400000, 0x0000000704200000| Untracked 
|  15|0x0000000704400000, 0x0000000704600000, 0x0000000704600000|100%|HC|  |TAMS 0x0000000704600000, 0x0000000704400000| Untracked 
|  16|0x0000000704600000, 0x0000000704800000, 0x0000000704800000|100%|HC|  |TAMS 0x0000000704800000, 0x0000000704600000| Untracked 
|  17|0x0000000704800000, 0x0000000704800000, 0x0000000704a00000|  0%| F|  |TAMS 0x0000000704800000, 0x0000000704800000| Untracked 
|  18|0x0000000704a00000, 0x0000000704a00000, 0x0000000704c00000|  0%| F|  |TAMS 0x0000000704a00000, 0x0000000704a00000| Untracked 
|  19|0x0000000704c00000, 0x0000000704c00000, 0x0000000704e00000|  0%| F|  |TAMS 0x0000000704c00000, 0x0000000704c00000| Untracked 
|  20|0x0000000704e00000, 0x0000000704e00000, 0x0000000705000000|  0%| F|  |TAMS 0x0000000704e00000, 0x0000000704e00000| Untracked 
|  21|0x0000000705000000, 0x0000000705000000, 0x0000000705200000|  0%| F|  |TAMS 0x0000000705000000, 0x0000000705000000| Untracked 
|  22|0x0000000705200000, 0x0000000705200000, 0x0000000705400000|  0%| F|  |TAMS 0x0000000705200000, 0x0000000705200000| Untracked 
|  23|0x0000000705400000, 0x0000000705400000, 0x0000000705600000|  0%| F|  |TAMS 0x0000000705400000, 0x0000000705400000| Untracked 
|  24|0x0000000705600000, 0x0000000705600000, 0x0000000705800000|  0%| F|  |TAMS 0x0000000705600000, 0x0000000705600000| Untracked 
|  25|0x0000000705800000, 0x0000000705800000, 0x0000000705a00000|  0%| F|  |TAMS 0x0000000705800000, 0x0000000705800000| Untracked 
|  26|0x0000000705a00000, 0x0000000705a6e8a0, 0x0000000705c00000| 21%| E|  |TAMS 0x0000000705a00000, 0x0000000705a00000| Complete 
|  27|0x0000000705c00000, 0x0000000705e00000, 0x0000000705e00000|100%| E|CS|TAMS 0x0000000705c00000, 0x0000000705c00000| Complete 
|  28|0x0000000705e00000, 0x0000000706000000, 0x0000000706000000|100%| E|CS|TAMS 0x0000000705e00000, 0x0000000705e00000| Complete 
|  29|0x0000000706000000, 0x0000000706200000, 0x0000000706200000|100%| E|CS|TAMS 0x0000000706000000, 0x0000000706000000| Complete 
|  30|0x0000000706200000, 0x0000000706400000, 0x0000000706400000|100%| E|CS|TAMS 0x0000000706200000, 0x0000000706200000| Complete 
|  31|0x0000000706400000, 0x0000000706600000, 0x0000000706600000|100%| E|CS|TAMS 0x0000000706400000, 0x0000000706400000| Complete 
|  32|0x0000000706600000, 0x0000000706800000, 0x0000000706800000|100%| E|CS|TAMS 0x0000000706600000, 0x0000000706600000| Complete 
|  33|0x0000000706800000, 0x0000000706a00000, 0x0000000706a00000|100%| E|CS|TAMS 0x0000000706800000, 0x0000000706800000| Complete 
|  34|0x0000000706a00000, 0x0000000706c00000, 0x0000000706c00000|100%| E|CS|TAMS 0x0000000706a00000, 0x0000000706a00000| Complete 
|  35|0x0000000706c00000, 0x0000000706e00000, 0x0000000706e00000|100%| E|CS|TAMS 0x0000000706c00000, 0x0000000706c00000| Complete 
|  36|0x0000000706e00000, 0x0000000707000000, 0x0000000707000000|100%| E|CS|TAMS 0x0000000706e00000, 0x0000000706e00000| Complete 
|  37|0x0000000707000000, 0x0000000707200000, 0x0000000707200000|100%| E|CS|TAMS 0x0000000707000000, 0x0000000707000000| Complete 
|  38|0x0000000707200000, 0x0000000707400000, 0x0000000707400000|100%| E|CS|TAMS 0x0000000707200000, 0x0000000707200000| Complete 
|  39|0x0000000707400000, 0x0000000707600000, 0x0000000707600000|100%| E|CS|TAMS 0x0000000707400000, 0x0000000707400000| Complete 
|  40|0x0000000707600000, 0x0000000707800000, 0x0000000707800000|100%| E|CS|TAMS 0x0000000707600000, 0x0000000707600000| Complete 
|  41|0x0000000707800000, 0x0000000707a00000, 0x0000000707a00000|100%| E|CS|TAMS 0x0000000707800000, 0x0000000707800000| Complete 
|  42|0x0000000707a00000, 0x0000000707c00000, 0x0000000707c00000|100%| E|CS|TAMS 0x0000000707a00000, 0x0000000707a00000| Complete 
|  43|0x0000000707c00000, 0x0000000707e00000, 0x0000000707e00000|100%| E|CS|TAMS 0x0000000707c00000, 0x0000000707c00000| Complete 

Card table byte_map: [0x0000018a3ef60000,0x0000018a3f750000] _byte_map_base: 0x0000018a3b74d000

Marking Bits (Prev, Next): (CMBitMap*) 0x0000018a2c0247e0, (CMBitMap*) 0x0000018a2c0247a0
 Prev Bits: [0x0000018a43eb0000, 0x0000018a47e18000)
 Next Bits: [0x0000018a3ff40000, 0x0000018a43ea8000)

Polling page: 0x0000018a2b770000

Metaspace:

Usage:
  Non-class:     38.71 MB used.
      Class:      4.64 MB used.
       Both:     43.35 MB used.

Virtual space:
  Non-class space:       64.00 MB reserved,      38.88 MB ( 61%) committed,  1 nodes.
      Class space:        1.00 GB reserved,       4.81 MB ( <1%) committed,  1 nodes.
             Both:        1.06 GB reserved,      43.69 MB (  4%) committed. 

Chunk freelists:
   Non-Class:  8.34 MB
       Class:  11.17 MB
        Both:  19.52 MB

MaxMetaspaceSize: unlimited
CompressedClassSpaceSize: 1.00 GB
Initial GC threshold: 21.00 MB
Current GC threshold: 72.75 MB
CDS: off
MetaspaceReclaimPolicy: balanced
 - commit_granule_bytes: 65536.
 - commit_granule_words: 8192.
 - virtual_space_node_default_size: 8388608.
 - enlarge_chunks_in_place: 1.
 - new_chunks_are_fully_committed: 0.
 - uncommit_free_chunks: 1.
 - use_allocation_guard: 0.
 - handle_deallocations: 1.


Internal statistics:

num_allocs_failed_limit: 6.
num_arena_births: 228.
num_arena_deaths: 0.
num_vsnodes_births: 2.
num_vsnodes_deaths: 0.
num_space_committed: 699.
num_space_uncommitted: 0.
num_chunks_returned_to_freelist: 6.
num_chunks_taken_from_freelist: 1167.
num_chunk_merges: 3.
num_chunk_splits: 1001.
num_chunks_enlarged: 909.
num_inconsistent_stats: 0.

CodeHeap 'non-profiled nmethods': size=120000Kb used=4364Kb max_used=4364Kb free=115635Kb
 bounds [0x0000018a37240000, 0x0000018a37690000, 0x0000018a3e770000]
CodeHeap 'profiled nmethods': size=120000Kb used=10386Kb max_used=10994Kb free=109614Kb
 bounds [0x0000018a2f770000, 0x0000018a30230000, 0x0000018a36ca0000]
CodeHeap 'non-nmethods': size=5760Kb used=1875Kb max_used=1972Kb free=3884Kb
 bounds [0x0000018a36ca0000, 0x0000018a36f10000, 0x0000018a37240000]
 total_blobs=6781 nmethods=5427 adapters=1266
 compilation: enabled
              stopped_count=0, restarted_count=0
 full_count=0

Compilation events (20 events):
Event: 112.588 Thread 0x0000018a4a5063b0 6211       4       kotlinx.coroutines.scheduling.CoroutineScheduler::parkedWorkersStackPush (121 bytes)
Event: 112.596 Thread 0x0000018a4a5063b0 nmethod 6211 0x0000018a3767da10 code [0x0000018a3767dba0, 0x0000018a3767de58]
Event: 112.991 Thread 0x0000018a4a5063b0 6212       4       kotlinx.coroutines.scheduling.CoroutineScheduler$Worker::executeTask (39 bytes)
Event: 113.013 Thread 0x0000018a4a5063b0 nmethod 6212 0x0000018a3767e110 code [0x0000018a3767e380, 0x0000018a3767f5e8]
Event: 113.013 Thread 0x0000018a4a5063b0 6213   !   4       kotlinx.coroutines.internal.LimitedDispatcher::run (170 bytes)
Event: 113.019 Thread 0x0000018a4a5063b0 nmethod 6213 0x0000018a37680810 code [0x0000018a376809e0, 0x0000018a37681168]
Event: 114.753 Thread 0x0000018a4a5063b0 6214       4       kotlinx.coroutines.AbstractTimeSourceKt::getTimeSource (4 bytes)
Event: 114.754 Thread 0x0000018a4a5063b0 nmethod 6214 0x0000018a37681910 code [0x0000018a37681a80, 0x0000018a37681af8]
Event: 116.851 Thread 0x0000018a4a5063b0 6215       4       kotlinx.coroutines.scheduling.CoroutineScheduler$Worker::tryPark (114 bytes)
Event: 116.862 Thread 0x0000018a4a5063b0 nmethod 6215 0x0000018a37681c10 code [0x0000018a37681de0, 0x0000018a376823f8]
Event: 120.883 Thread 0x0000018a4a5063b0 6216       4       kotlin.sequences.SequenceBuilderIterator::next (82 bytes)
Event: 120.884 Thread 0x0000018a4a5063b0 nmethod 6216 0x0000018a37682910 code [0x0000018a37682a80, 0x0000018a37682b78]
Event: 126.217 Thread 0x0000018a4a5063b0 6217       4       org.jetbrains.skiko.redrawer.WindowsOpenGLRedrawer$Companion$frameDispatcher$1$1::invokeSuspend (49 bytes)
Event: 126.218 Thread 0x0000018a4a5063b0 nmethod 6217 0x0000018a37682c10 code [0x0000018a37682da0, 0x0000018a37682e88]
Event: 132.584 Thread 0x0000018a4a528690 6218 %     3       java.awt.EventDispatchThread::pumpEventsForFilter @ 10 (47 bytes)
Event: 132.584 Thread 0x0000018a4a528690 nmethod 6218% 0x0000018a2fbaed90 code [0x0000018a2fbaef80, 0x0000018a2fbaf488]
Event: 134.588 Thread 0x0000018a4a528690 6219       3       java.awt.EventDispatchThread::pumpEventsForFilter (47 bytes)
Event: 134.588 Thread 0x0000018a4a528690 nmethod 6219 0x0000018a2fbae590 code [0x0000018a2fbae760, 0x0000018a2fbaeba8]
Event: 140.584 Thread 0x0000018a4a5063b0 6220       4       kotlinx.coroutines.JobSupport::isCompleted (16 bytes)
Event: 140.585 Thread 0x0000018a4a5063b0 nmethod 6220 0x0000018a37682f90 code [0x0000018a37683100, 0x0000018a37683218]

GC Heap History (20 events):
Event: 15.511 GC heap before
{Heap before GC invocations=7 (full 0):
 garbage-first heap   total 49152K, used 33862K [0x0000000702600000, 0x0000000800000000)
  region size 2048K, 9 young (18432K), 1 survivors (2048K)
 Metaspace       used 35401K, committed 35648K, reserved 1114112K
  class space    used 3856K, committed 3968K, reserved 1048576K
}
Event: 15.514 GC heap after
{Heap after GC invocations=8 (full 0):
 garbage-first heap   total 49152K, used 18643K [0x0000000702600000, 0x0000000800000000)
  region size 2048K, 2 young (4096K), 2 survivors (4096K)
 Metaspace       used 35401K, committed 35648K, reserved 1114112K
  class space    used 3856K, committed 3968K, reserved 1048576K
}
Event: 15.598 GC heap before
{Heap before GC invocations=8 (full 0):
 garbage-first heap   total 49152K, used 20691K [0x0000000702600000, 0x0000000800000000)
  region size 2048K, 4 young (8192K), 2 survivors (4096K)
 Metaspace       used 35817K, committed 35968K, reserved 1114112K
  class space    used 3910K, committed 3968K, reserved 1048576K
}
Event: 15.602 GC heap after
{Heap after GC invocations=9 (full 0):
 garbage-first heap   total 49152K, used 19322K [0x0000000702600000, 0x0000000800000000)
  region size 2048K, 2 young (4096K), 2 survivors (4096K)
 Metaspace       used 35817K, committed 35968K, reserved 1114112K
  class space    used 3910K, committed 3968K, reserved 1048576K
}
Event: 15.942 GC heap before
{Heap before GC invocations=10 (full 0):
 garbage-first heap   total 49152K, used 31610K [0x0000000702600000, 0x0000000800000000)
  region size 2048K, 8 young (16384K), 2 survivors (4096K)
 Metaspace       used 38904K, committed 39104K, reserved 1114112K
  class space    used 4280K, committed 4352K, reserved 1048576K
}
Event: 15.946 GC heap after
{Heap after GC invocations=11 (full 0):
 garbage-first heap   total 49152K, used 19878K [0x0000000702600000, 0x0000000800000000)
  region size 2048K, 1 young (2048K), 1 survivors (2048K)
 Metaspace       used 38904K, committed 39104K, reserved 1114112K
  class space    used 4280K, committed 4352K, reserved 1048576K
}
Event: 16.243 GC heap before
{Heap before GC invocations=11 (full 0):
 garbage-first heap   total 49152K, used 32166K [0x0000000702600000, 0x0000000800000000)
  region size 2048K, 7 young (14336K), 1 survivors (2048K)
 Metaspace       used 40906K, committed 41152K, reserved 1114112K
  class space    used 4504K, committed 4608K, reserved 1048576K
}
Event: 16.249 GC heap after
{Heap after GC invocations=12 (full 0):
 garbage-first heap   total 155648K, used 21227K [0x0000000702600000, 0x0000000800000000)
  region size 2048K, 1 young (2048K), 1 survivors (2048K)
 Metaspace       used 40906K, committed 41152K, reserved 1114112K
  class space    used 4504K, committed 4608K, reserved 1048576K
}
Event: 52.941 GC heap before
{Heap before GC invocations=12 (full 0):
 garbage-first heap   total 155648K, used 123627K [0x0000000702600000, 0x0000000800000000)
  region size 2048K, 44 young (90112K), 1 survivors (2048K)
 Metaspace       used 44276K, committed 44480K, reserved 1114112K
  class space    used 4746K, committed 4800K, reserved 1048576K
}
Event: 52.948 GC heap after
{Heap after GC invocations=13 (full 0):
 garbage-first heap   total 155648K, used 39031K [0x0000000702600000, 0x0000000800000000)
  region size 2048K, 3 young (6144K), 3 survivors (6144K)
 Metaspace       used 44276K, committed 44480K, reserved 1114112K
  class space    used 4746K, committed 4800K, reserved 1048576K
}
Event: 61.254 GC heap before
{Heap before GC invocations=13 (full 0):
 garbage-first heap   total 155648K, used 57463K [0x0000000702600000, 0x0000000800000000)
  region size 2048K, 13 young (26624K), 3 survivors (6144K)
 Metaspace       used 44356K, committed 44672K, reserved 1114112K
  class space    used 4748K, committed 4928K, reserved 1048576K
}
Event: 61.286 GC heap after
{Heap after GC invocations=14 (full 1):
 garbage-first heap   total 90112K, used 23965K [0x0000000702600000, 0x0000000800000000)
  region size 2048K, 0 young (0K), 0 survivors (0K)
 Metaspace       used 44356K, committed 44672K, reserved 1114112K
  class space    used 4748K, committed 4928K, reserved 1048576K
}
Event: 85.411 GC heap before
{Heap before GC invocations=14 (full 1):
 garbage-first heap   total 90112K, used 69021K [0x0000000702600000, 0x0000000800000000)
  region size 2048K, 22 young (45056K), 0 survivors (0K)
 Metaspace       used 44363K, committed 44736K, reserved 1114112K
  class space    used 4748K, committed 4928K, reserved 1048576K
}
Event: 85.412 GC heap after
{Heap after GC invocations=15 (full 1):
 garbage-first heap   total 90112K, used 24762K [0x0000000702600000, 0x0000000800000000)
  region size 2048K, 1 young (2048K), 1 survivors (2048K)
 Metaspace       used 44363K, committed 44736K, reserved 1114112K
  class space    used 4748K, committed 4928K, reserved 1048576K
}
Event: 91.297 GC heap before
{Heap before GC invocations=15 (full 1):
 garbage-first heap   total 90112K, used 35002K [0x0000000702600000, 0x0000000800000000)
  region size 2048K, 7 young (14336K), 1 survivors (2048K)
 Metaspace       used 44363K, committed 44736K, reserved 1114112K
  class space    used 4748K, committed 4928K, reserved 1048576K
}
Event: 91.318 GC heap after
{Heap after GC invocations=16 (full 2):
 garbage-first heap   total 90112K, used 24046K [0x0000000702600000, 0x0000000800000000)
  region size 2048K, 0 young (0K), 0 survivors (0K)
 Metaspace       used 44363K, committed 44736K, reserved 1114112K
  class space    used 4748K, committed 4928K, reserved 1048576K
}
Event: 115.802 GC heap before
{Heap before GC invocations=16 (full 2):
 garbage-first heap   total 90112K, used 69102K [0x0000000702600000, 0x0000000800000000)
  region size 2048K, 22 young (45056K), 0 survivors (0K)
 Metaspace       used 44364K, committed 44736K, reserved 1114112K
  class space    used 4749K, committed 4928K, reserved 1048576K
}
Event: 115.803 GC heap after
{Heap after GC invocations=17 (full 2):
 garbage-first heap   total 90112K, used 24446K [0x0000000702600000, 0x0000000800000000)
  region size 2048K, 1 young (2048K), 1 survivors (2048K)
 Metaspace       used 44364K, committed 44736K, reserved 1114112K
  class space    used 4749K, committed 4928K, reserved 1048576K
}
Event: 121.328 GC heap before
{Heap before GC invocations=17 (full 2):
 garbage-first heap   total 90112K, used 32638K [0x0000000702600000, 0x0000000800000000)
  region size 2048K, 6 young (12288K), 1 survivors (2048K)
 Metaspace       used 44364K, committed 44736K, reserved 1114112K
  class space    used 4749K, committed 4928K, reserved 1048576K
}
Event: 121.365 GC heap after
{Heap after GC invocations=18 (full 3):
 garbage-first heap   total 90112K, used 24149K [0x0000000702600000, 0x0000000800000000)
  region size 2048K, 0 young (0K), 0 survivors (0K)
 Metaspace       used 44364K, committed 44736K, reserved 1114112K
  class space    used 4749K, committed 4928K, reserved 1048576K
}

Dll operation events (3 events):
Event: 0.010 Loaded shared library C:\Users\HP\.jdks\jbr-17.0.7-1\bin\java.dll
Event: 0.056 Loaded shared library C:\Users\HP\.jdks\jbr-17.0.7-1\bin\jsvml.dll
Event: 0.243 Loaded shared library C:\Users\HP\.jdks\jbr-17.0.7-1\bin\zip.dll

Deoptimization events (20 events):
Event: 91.297 Thread 0x0000018a5041be40 Uncommon trap: trap_request=0xffffff45 fr.pc=0x0000018a37623730 relative=0x00000000000002f0
Event: 91.297 Thread 0x0000018a5041be40 Uncommon trap: reason=unstable_if action=reinterpret pc=0x0000018a37623730 method=kotlinx.coroutines.scheduling.CoroutineScheduler.parkedWorkersStackNextIndex(Lkotlinx/coroutines/scheduling/CoroutineScheduler$Worker;)I @ 39 c2
Event: 91.297 Thread 0x0000018a5041be40 DEOPT PACKING pc=0x0000018a37623730 sp=0x0000005cd03fef00
Event: 91.297 Thread 0x0000018a5041be40 DEOPT UNPACKING pc=0x0000018a36cf69a3 sp=0x0000005cd03fedb0 mode 2
Event: 91.297 Thread 0x0000018a5041e990 Uncommon trap: trap_request=0xffffff45 fr.pc=0x0000018a373e2e3c relative=0x000000000000055c
Event: 91.297 Thread 0x0000018a5041e990 Uncommon trap: reason=unstable_if action=reinterpret pc=0x0000018a373e2e3c method=kotlinx.coroutines.scheduling.CoroutineScheduler$Worker.park()V @ 44 c2
Event: 91.318 Thread 0x0000018a5041e990 DEOPT PACKING pc=0x0000018a373e2e3c sp=0x0000005cd02ff460
Event: 91.318 Thread 0x0000018a5041e990 DEOPT UNPACKING pc=0x0000018a36cf69a3 sp=0x0000005cd02ff3d8 mode 2
Event: 140.579 Thread 0x0000018a5d90d440 Uncommon trap: trap_request=0xffffff45 fr.pc=0x0000018a3766cb48 relative=0x00000000000000a8
Event: 140.579 Thread 0x0000018a5d90d440 Uncommon trap: reason=unstable_if action=reinterpret pc=0x0000018a3766cb48 method=kotlin.coroutines.ContinuationInterceptor$DefaultImpls.minusKey(Lkotlin/coroutines/ContinuationInterceptor;Lkotlin/coroutines/CoroutineContext$Key;)Lkotlin/coroutines/Corout
Event: 140.579 Thread 0x0000018a5d90d440 DEOPT PACKING pc=0x0000018a3766cb48 sp=0x0000005ccebfef90
Event: 140.579 Thread 0x0000018a5d90d440 DEOPT UNPACKING pc=0x0000018a36cf69a3 sp=0x0000005ccebfeeb0 mode 2
Event: 140.583 Thread 0x0000018a5d90d440 Uncommon trap: trap_request=0xffffff5c fr.pc=0x0000018a3764ed80 relative=0x0000000000000300
Event: 140.583 Thread 0x0000018a5d90d440 Uncommon trap: reason=speculate_null_check action=make_not_entrant pc=0x0000018a3764ed80 method=java.util.concurrent.locks.AbstractQueuedSynchronizer.enqueue(Ljava/util/concurrent/locks/AbstractQueuedSynchronizer$Node;)V @ 15 c2
Event: 140.583 Thread 0x0000018a5d90d440 DEOPT PACKING pc=0x0000018a3764ed80 sp=0x0000005ccebfe540
Event: 140.583 Thread 0x0000018a5d90d440 DEOPT UNPACKING pc=0x0000018a36cf69a3 sp=0x0000005ccebfe4f8 mode 2
Event: 140.590 Thread 0x0000018a50420670 Uncommon trap: trap_request=0xffffff5c fr.pc=0x0000018a37647acc relative=0x0000000000000dec
Event: 140.590 Thread 0x0000018a50420670 Uncommon trap: reason=speculate_null_check action=make_not_entrant pc=0x0000018a37647acc method=java.util.concurrent.locks.AbstractQueuedSynchronizer.acquire(Ljava/util/concurrent/locks/AbstractQueuedSynchronizer$Node;IZZZJ)I @ 254 c2
Event: 140.590 Thread 0x0000018a50420670 DEOPT PACKING pc=0x0000018a37647acc sp=0x0000005cd01fed70
Event: 140.590 Thread 0x0000018a50420670 DEOPT UNPACKING pc=0x0000018a36cf69a3 sp=0x0000005cd01fed40 mode 2

Classes unloaded (0 events):
No events

Classes redefined (0 events):
No events

Internal exceptions (20 events):
Event: 1.562 Thread 0x0000018a4f8b3590 Exception <a 'java/lang/NoSuchMethodError'{0x0000000710b3e278}: 'java.lang.Object java.lang.invoke.DirectMethodHandle$Holder.newInvokeSpecial(java.lang.Object, java.lang.Object, int, int, int, int)'> (0x0000000710b3e278) 
thrown [s\src\hotspot\share\interpreter\linkResolver.cpp, line 771]
Event: 1.590 Thread 0x0000018a4f86fea0 Exception <a 'java/lang/NoSuchMethodError'{0x0000000712208500}: 'void java.lang.invoke.DirectMethodHandle$Holder.invokeVirtual(java.lang.Object, java.lang.Object)'> (0x0000000712208500) 
thrown [s\src\hotspot\share\interpreter\linkResolver.cpp, line 771]
Event: 1.692 Thread 0x0000018a4f8b3590 Exception <a 'java/lang/NoSuchMethodError'{0x0000000704edb950}: 'java.lang.Object java.lang.invoke.DirectMethodHandle$Holder.invokeStaticInit(java.lang.Object, java.lang.Object, java.lang.Object, java.lang.Object, java.lang.Object, java.lang.Object, java.lang.Object)'> (0x0000000704edb950) 
thrown [s\src\hotspot\share\interpreter\linkResolver.cpp, line 771]
Event: 1.692 Thread 0x0000018a4f8b3590 Exception <a 'java/lang/NoSuchMethodError'{0x0000000704ee5230}: 'java.lang.Object java.lang.invoke.DirectMethodHandle$Holder.invokeSpecial(java.lang.Object, java.lang.Object, java.lang.Object, java.lang.Object, java.lang.Object, java.lang.Object, java.lang.Object, java.lang.Object, java.lang.Object, java.lang.Object)'> (0x0000000704ee5230) 
thrown [s\src\hotspot\share\interpreter\linkResolver.cpp, line 771]
Event: 1.693 Thread 0x0000018a4f8b3590 Exception <a 'java/lang/NoSuchMethodError'{0x0000000704ee9ac0}: 'java.lang.Object java.lang.invoke.Invokers$Holder.invoke_MT(java.lang.Object, java.lang.Object, java.lang.Object, java.lang.Object, java.lang.Object, java.lang.Object, java.lang.Object, java.lang.Object, java.lang.Object, java.lang.Object)'> (0x0000000704ee9ac0) 
thrown [s\src\hotspot\share\interpreter\linkResolver.cpp, line 771]
Event: 1.694 Thread 0x0000018a4f8b3590 Exception <a 'java/lang/NoSuchMethodError'{0x0000000704ef0208}: 'java.lang.Object java.lang.invoke.DirectMethodHandle$Holder.invokeStatic(java.lang.Object, java.lang.Object, int)'> (0x0000000704ef0208) 
thrown [s\src\hotspot\share\interpreter\linkResolver.cpp, line 771]
Event: 1.696 Thread 0x0000018a4f8b3590 Exception <a 'java/lang/NoSuchMethodError'{0x0000000704f02d70}: 'void java.lang.invoke.DelegatingMethodHandle$Holder.delegate(java.lang.Object, java.lang.Object, int, java.lang.Object)'> (0x0000000704f02d70) 
thrown [s\src\hotspot\share\interpreter\linkResolver.cpp, line 771]
Event: 1.696 Thread 0x0000018a4f8b3590 Exception <a 'java/lang/NoSuchMethodError'{0x0000000704f07530}: 'int java.lang.invoke.DirectMethodHandle$Holder.invokeSpecial(java.lang.Object, java.lang.Object, java.lang.Object)'> (0x0000000704f07530) 
thrown [s\src\hotspot\share\interpreter\linkResolver.cpp, line 771]
Event: 1.701 Thread 0x0000018a4f8b3590 Exception <a 'java/lang/NoSuchMethodError'{0x0000000704f27b78}: 'int java.lang.invoke.DirectMethodHandle$Holder.invokeVirtual(java.lang.Object, java.lang.Object, java.lang.Object)'> (0x0000000704f27b78) 
thrown [s\src\hotspot\share\interpreter\linkResolver.cpp, line 771]
Event: 1.702 Thread 0x0000018a4f8b3590 Exception <a 'java/lang/NoSuchMethodError'{0x0000000704f2b9b0}: 'int java.lang.invoke.DirectMethodHandle$Holder.invokeVirtual(java.lang.Object, java.lang.Object)'> (0x0000000704f2b9b0) 
thrown [s\src\hotspot\share\interpreter\linkResolver.cpp, line 771]
Event: 1.702 Thread 0x0000018a4f8b3590 Exception <a 'java/lang/NoSuchMethodError'{0x0000000704f301a8}: 'int java.lang.invoke.DirectMethodHandle$Holder.invokeStaticInit(java.lang.Object, java.lang.Object, java.lang.Object)'> (0x0000000704f301a8) 
thrown [s\src\hotspot\share\interpreter\linkResolver.cpp, line 771]
Event: 1.702 Thread 0x0000018a4f8b3590 Exception <a 'java/lang/NoSuchMethodError'{0x0000000704f34030}: 'int java.lang.invoke.DirectMethodHandle$Holder.invokeStaticInit(java.lang.Object, int, int)'> (0x0000000704f34030) 
thrown [s\src\hotspot\share\interpreter\linkResolver.cpp, line 771]
Event: 1.703 Thread 0x0000018a4f8b3590 Exception <a 'java/lang/NoSuchMethodError'{0x0000000704f3be68}: 'int java.lang.invoke.DirectMethodHandle$Holder.invokeStaticInit(java.lang.Object, long, long)'> (0x0000000704f3be68) 
thrown [s\src\hotspot\share\interpreter\linkResolver.cpp, line 771]
Event: 1.704 Thread 0x0000018a4f8b3590 Exception <a 'java/lang/NoSuchMethodError'{0x0000000704f43208}: 'int java.lang.invoke.DirectMethodHandle$Holder.invokeStaticInit(java.lang.Object, float, float)'> (0x0000000704f43208) 
thrown [s\src\hotspot\share\interpreter\linkResolver.cpp, line 771]
Event: 1.705 Thread 0x0000018a4f8b3590 Exception <a 'java/lang/NoSuchMethodError'{0x0000000704f4a5b0}: 'int java.lang.invoke.DirectMethodHandle$Holder.invokeStaticInit(java.lang.Object, double, double)'> (0x0000000704f4a5b0) 
thrown [s\src\hotspot\share\interpreter\linkResolver.cpp, line 771]
Event: 1.705 Thread 0x0000018a4f8b3590 Exception <a 'java/lang/NoSuchMethodError'{0x0000000704f4f108}: 'int java.lang.invoke.DirectMethodHandle$Holder.invokeStatic(java.lang.Object, long)'> (0x0000000704f4f108) 
thrown [s\src\hotspot\share\interpreter\linkResolver.cpp, line 771]
Event: 1.708 Thread 0x0000018a4f8b3590 Exception <a 'java/lang/NoSuchMethodError'{0x0000000704f73850}: 'int java.lang.invoke.Invokers$Holder.linkToTargetMethod(java.lang.Object, java.lang.Object)'> (0x0000000704f73850) 
thrown [s\src\hotspot\share\interpreter\linkResolver.cpp, line 771]
Event: 15.653 Thread 0x0000018a4f8b3590 Exception <a 'java/lang/NoSuchMethodError'{0x000000071082a498}: 'java.lang.Object java.lang.invoke.DirectMethodHandle$Holder.newInvokeSpecial(java.lang.Object, int, java.lang.Object)'> (0x000000071082a498) 
thrown [s\src\hotspot\share\interpreter\linkResolver.cpp, line 771]
Event: 15.924 Thread 0x0000018a4f8b3590 Exception <a 'java/lang/NoSuchMethodError'{0x000000070479a770}: 'void java.lang.invoke.DirectMethodHandle$Holder.invokeStatic(java.lang.Object, java.lang.Object, java.lang.Object, java.lang.Object)'> (0x000000070479a770) 
thrown [s\src\hotspot\share\interpreter\linkResolver.cpp, line 771]
Event: 19.010 Thread 0x0000018a5041c310 Implicit null exception at 0x0000018a37426bab to 0x0000018a37427a24

VM Operations (20 events):
Event: 66.375 Executing VM operation: Cleanup
Event: 66.375 Executing VM operation: Cleanup done
Event: 69.404 Executing VM operation: Cleanup
Event: 69.404 Executing VM operation: Cleanup done
Event: 85.411 Executing VM operation: G1CollectForAllocation
Event: 85.412 Executing VM operation: G1CollectForAllocation done
Event: 91.297 Executing VM operation: G1CollectFull
Event: 91.318 Executing VM operation: G1CollectFull done
Event: 92.329 Executing VM operation: Cleanup
Event: 92.329 Executing VM operation: Cleanup done
Event: 107.489 Executing VM operation: Cleanup
Event: 107.489 Executing VM operation: Cleanup done
Event: 108.490 Executing VM operation: Cleanup
Event: 108.490 Executing VM operation: Cleanup done
Event: 109.495 Executing VM operation: Cleanup
Event: 109.495 Executing VM operation: Cleanup done
Event: 115.802 Executing VM operation: G1CollectForAllocation
Event: 115.803 Executing VM operation: G1CollectForAllocation done
Event: 121.328 Executing VM operation: G1CollectFull
Event: 121.365 Executing VM operation: G1CollectFull done

Events (20 events):
Event: 31.905 Thread 0x0000018a4a529ed0 flushing nmethod 0x0000018a300d0f90
Event: 31.905 Thread 0x0000018a4a529ed0 flushing nmethod 0x0000018a300fe890
Event: 31.905 Thread 0x0000018a4a529ed0 flushing nmethod 0x0000018a30140f10
Event: 31.905 Thread 0x0000018a4a529ed0 flushing nmethod 0x0000018a3016fa90
Event: 31.905 Thread 0x0000018a4a529ed0 flushing nmethod 0x0000018a3018ef90
Event: 49.168 Thread 0x0000018a4f411a70 Thread added: 0x0000018a4f411a70
Event: 49.388 Thread 0x0000018a4f411a70 Thread exited: 0x0000018a4f411a70
Event: 64.360 Thread 0x0000018a4a529ed0 flushing nmethod 0x0000018a2fdce790
Event: 79.118 Thread 0x0000018a4fc869e0 Thread exited: 0x0000018a4fc869e0
Event: 79.118 Thread 0x0000018a4fbd99a0 Thread exited: 0x0000018a4fbd99a0
Event: 140.577 loading class jdk/internal/misc/Signal$1
Event: 140.577 loading class jdk/internal/misc/Signal$1 done
Event: 140.577 Thread 0x0000018a5d90f5f0 Thread added: 0x0000018a5d90f5f0
Event: 140.578 Thread 0x0000018a5d90fac0 Thread added: 0x0000018a5d90fac0
Event: 140.578 Thread 0x0000018a5d90d440 Thread added: 0x0000018a5d90d440
Event: 140.578 Thread 0x0000018a5d90ff90 Thread added: 0x0000018a5d90ff90
Event: 140.579 Thread 0x0000018a5d90fac0 Thread exited: 0x0000018a5d90fac0
Event: 140.590 Thread 0x0000018a50420670 Thread exited: 0x0000018a50420670
Event: 140.590 Thread 0x0000018a50422350 Thread exited: 0x0000018a50422350
Event: 140.590 Thread 0x0000018a5d90d440 Thread exited: 0x0000018a5d90d440


Dynamic libraries:
0x00007ff762bd0000 - 0x00007ff762bda000 	C:\Users\HP\.jdks\jbr-17.0.7-1\bin\java.exe
0x00007ffb07c30000 - 0x00007ffb07e28000 	C:\Windows\SYSTEM32\ntdll.dll
0x00007ffb07050000 - 0x00007ffb0710f000 	C:\Windows\System32\KERNEL32.DLL
0x00007ffb056e0000 - 0x00007ffb059d6000 	C:\Windows\System32\KERNELBASE.dll
0x00007ffb055e0000 - 0x00007ffb056e0000 	C:\Windows\System32\ucrtbase.dll
0x00007ffadbca0000 - 0x00007ffadbcbb000 	C:\Users\HP\.jdks\jbr-17.0.7-1\bin\VCRUNTIME140.dll
0x00007ffad9850000 - 0x00007ffad9867000 	C:\Users\HP\.jdks\jbr-17.0.7-1\bin\jli.dll
0x00007ffb075e0000 - 0x00007ffb0777d000 	C:\Windows\System32\USER32.dll
0x00007ffb059e0000 - 0x00007ffb05a02000 	C:\Windows\System32\win32u.dll
0x00007ffb05c90000 - 0x00007ffb05cbc000 	C:\Windows\System32\GDI32.dll
0x00007ffb05b70000 - 0x00007ffb05c85000 	C:\Windows\System32\gdi32full.dll
0x00007ffb05540000 - 0x00007ffb055dd000 	C:\Windows\System32\msvcp_win.dll
0x00007ffaee100000 - 0x00007ffaee39a000 	C:\Windows\WinSxS\amd64_microsoft.windows.common-controls_6595b64144ccf1df_6.0.19041.1110_none_60b5254171f9507e\COMCTL32.dll
0x00007ffb073c0000 - 0x00007ffb0745e000 	C:\Windows\System32\msvcrt.dll
0x00007ffb06900000 - 0x00007ffb06930000 	C:\Windows\System32\IMM32.DLL
0x00007ffafd350000 - 0x00007ffafd35c000 	C:\Users\HP\.jdks\jbr-17.0.7-1\bin\vcruntime140_1.dll
0x00007ffad13e0000 - 0x00007ffad146d000 	C:\Users\HP\.jdks\jbr-17.0.7-1\bin\msvcp140.dll
0x00007ffad0760000 - 0x00007ffad13e0000 	C:\Users\HP\.jdks\jbr-17.0.7-1\bin\server\jvm.dll
0x00007ffb05df0000 - 0x00007ffb05e9f000 	C:\Windows\System32\ADVAPI32.dll
0x00007ffb07110000 - 0x00007ffb071ac000 	C:\Windows\System32\sechost.dll
0x00007ffb06080000 - 0x00007ffb061a6000 	C:\Windows\System32\RPCRT4.dll
0x00007ffaeee70000 - 0x00007ffaeee79000 	C:\Windows\SYSTEM32\WSOCK32.dll
0x00007ffb069c0000 - 0x00007ffb06a2b000 	C:\Windows\System32\WS2_32.dll
0x00007ffaec5c0000 - 0x00007ffaec5e7000 	C:\Windows\SYSTEM32\WINMM.dll
0x00007ffafadf0000 - 0x00007ffafadfa000 	C:\Windows\SYSTEM32\VERSION.dll
0x00007ffb03b00000 - 0x00007ffb03b12000 	C:\Windows\SYSTEM32\kernel.appcore.dll
0x00007ffafd260000 - 0x00007ffafd26a000 	C:\Users\HP\.jdks\jbr-17.0.7-1\bin\jimage.dll
0x00007ffb00020000 - 0x00007ffb00204000 	C:\Windows\SYSTEM32\DBGHELP.DLL
0x00007ffaeec60000 - 0x00007ffaeec94000 	C:\Windows\SYSTEM32\dbgcore.DLL
0x00007ffb054b0000 - 0x00007ffb05532000 	C:\Windows\System32\bcryptPrimitives.dll
0x00007ffafd390000 - 0x00007ffafd39e000 	C:\Users\HP\.jdks\jbr-17.0.7-1\bin\instrument.dll
0x00007ffad9820000 - 0x00007ffad9845000 	C:\Users\HP\.jdks\jbr-17.0.7-1\bin\java.dll
0x00007ffad72e0000 - 0x00007ffad72f8000 	C:\Users\HP\.jdks\jbr-17.0.7-1\bin\zip.dll
0x00007ffad0680000 - 0x00007ffad0757000 	C:\Users\HP\.jdks\jbr-17.0.7-1\bin\jsvml.dll
0x00007ffb061b0000 - 0x00007ffb068f4000 	C:\Windows\System32\SHELL32.dll
0x00007ffb00210000 - 0x00007ffb009a4000 	C:\Windows\SYSTEM32\windows.storage.dll
0x00007ffb06b80000 - 0x00007ffb06ed4000 	C:\Windows\System32\combase.dll
0x00007ffb04b90000 - 0x00007ffb04bbe000 	C:\Windows\SYSTEM32\Wldp.dll
0x00007ffb06ef0000 - 0x00007ffb06f9d000 	C:\Windows\System32\SHCORE.dll
0x00007ffb07580000 - 0x00007ffb075d5000 	C:\Windows\System32\shlwapi.dll
0x00007ffb05240000 - 0x00007ffb05265000 	C:\Windows\SYSTEM32\profapi.dll
0x00007ffad6a10000 - 0x00007ffad6a29000 	C:\Users\HP\.jdks\jbr-17.0.7-1\bin\net.dll
0x00007ffaf65e0000 - 0x00007ffaf66ea000 	C:\Windows\SYSTEM32\WINHTTP.dll
0x00007ffb04970000 - 0x00007ffb049da000 	C:\Windows\system32\mswsock.dll
0x00007ffad0660000 - 0x00007ffad0676000 	C:\Users\HP\.jdks\jbr-17.0.7-1\bin\nio.dll
0x00007ffafd2b0000 - 0x00007ffafd2ca000 	C:\Program Files\JetBrains\IntelliJ IDEA Community Edition 2021.3.2\bin\breakgen64.dll
0x00007ffad0370000 - 0x00007ffad0508000 	C:\Users\HP\.jdks\jbr-17.0.7-1\bin\awt.dll
0x00007ffb05d20000 - 0x00007ffb05ded000 	C:\Windows\System32\OLEAUT32.dll
0x00007ffaff9b0000 - 0x00007ffaff9df000 	C:\Windows\SYSTEM32\dwmapi.dll
0x00007ffadbd10000 - 0x00007ffadbd54000 	C:\Users\HP\.jdks\jbr-17.0.7-1\bin\nvdaControllerClient64.dll
0x00007ffafefa0000 - 0x00007ffaff031000 	C:\Windows\SYSTEM32\apphelp.dll
0x00007ffaff300000 - 0x00007ffaff39e000 	C:\Windows\system32\uxtheme.dll
0x00007ffb07460000 - 0x00007ffb07574000 	C:\Windows\System32\MSCTF.dll
0x00007ffb071b0000 - 0x00007ffb072da000 	C:\Windows\System32\ole32.dll
0x00007ffadd9f0000 - 0x00007ffaddb15000 	C:\Windows\system32\opengl32.dll
0x00007ffade740000 - 0x00007ffade76c000 	C:\Windows\SYSTEM32\GLU32.dll
0x00007ffb04bd0000 - 0x00007ffb04be8000 	C:\Windows\SYSTEM32\CRYPTSP.dll
0x00007ffb042b0000 - 0x00007ffb042e4000 	C:\Windows\system32\rsaenh.dll
0x00007ffb05310000 - 0x00007ffb05337000 	C:\Windows\System32\bcrypt.dll
0x00007ffb051c0000 - 0x00007ffb051ee000 	C:\Windows\SYSTEM32\USERENV.dll
0x00007ffb04b00000 - 0x00007ffb04b0c000 	C:\Windows\SYSTEM32\CRYPTBASE.dll
0x00007ffb04680000 - 0x00007ffb046bc000 	C:\Windows\SYSTEM32\IPHLPAPI.DLL
0x00007ffb05ea0000 - 0x00007ffb05ea8000 	C:\Windows\System32\NSI.dll
0x00007ffaf8ab0000 - 0x00007ffaf8ac7000 	C:\Windows\SYSTEM32\dhcpcsvc6.DLL
0x00007ffaf83c0000 - 0x00007ffaf83dd000 	C:\Windows\SYSTEM32\dhcpcsvc.DLL
0x00007ffb046c0000 - 0x00007ffb0478a000 	C:\Windows\SYSTEM32\DNSAPI.dll
0x00007ffa83920000 - 0x00007ffa8492f000 	C:\Users\HP\.skiko\58752788008ddd92aea4562f2a41915f7f74e689ca70e0fbada57f009a92b9cf\skiko-windows-x64.dll
0x00007ffaedc90000 - 0x00007ffaede35000 	C:\Windows\WinSxS\amd64_microsoft.windows.gdiplus_6595b64144ccf1df_1.1.19041.2251_none_91a40448cc8846c1\gdiplus.dll
0x00007ffad02e0000 - 0x00007ffad0366000 	C:\Users\HP\.jdks\jbr-17.0.7-1\bin\freetype.dll
0x00007ffacf020000 - 0x00007ffacf0e9000 	C:\Users\HP\.jdks\jbr-17.0.7-1\bin\fontmanager.dll
0x00007ffafd370000 - 0x00007ffafd377000 	C:\Users\HP\.jdks\jbr-17.0.7-1\bin\jawt.dll
0x00007ffb03b70000 - 0x00007ffb03c63000 	C:\Windows\SYSTEM32\Dxgi.dll
0x00007ffaf6b90000 - 0x00007ffaf6bb0000 	C:\Windows\SYSTEM32\D3D12.dll
0x00007ffa9c9d0000 - 0x00007ffa9cb9d000 	C:\Windows\SYSTEM32\D3D12Core.dll
0x00007ffaf84e0000 - 0x00007ffaf851b000 	C:\Windows\SYSTEM32\dxcore.dll
0x00007ffb05460000 - 0x00007ffb054ae000 	C:\Windows\System32\cfgmgr32.dll
0x00007ffaf3540000 - 0x00007ffaf6159000 	C:\Windows\System32\DriverStore\FileRepository\igdlh64.inf_amd64_e6daaea9afe1e6f6\igc64.dll
0x00007ffa812e0000 - 0x00007ffa827b3000 	C:\Windows\System32\DriverStore\FileRepository\igdlh64.inf_amd64_e6daaea9afe1e6f6\igd12umd64.dll
0x00007ffaf6780000 - 0x00007ffaf69d7000 	C:\Windows\System32\DriverStore\FileRepository\igdlh64.inf_amd64_e6daaea9afe1e6f6\igdgmm64.dll
0x00007ffa8b970000 - 0x00007ffa8bd7b000 	C:\Windows\System32\DriverStore\FileRepository\igdlh64.inf_amd64_e6daaea9afe1e6f6\igdml64.dll
0x00007ffadc6b0000 - 0x00007ffadc6db000 	C:\Windows\SYSTEM32\D3DSCache.dll
0x00007ffa7cad0000 - 0x00007ffa812d2000 	C:\Windows\System32\DriverStore\FileRepository\igdlh64.inf_amd64_e6daaea9afe1e6f6\igd12dxva64.dll
0x00007ffb07780000 - 0x00007ffb07bee000 	C:\Windows\System32\SETUPAPI.dll
0x00007ffa8cd00000 - 0x00007ffa8cd27000 	C:\Windows\System32\DriverStore\FileRepository\igdlh64.inf_amd64_e6daaea9afe1e6f6\igdinfo64.dll
0x00007ffafbb60000 - 0x00007ffafbd67000 	C:\Windows\SYSTEM32\twinapi.appcore.dll
0x00007ffb06fa0000 - 0x00007ffb07049000 	C:\Windows\System32\clbcatq.dll
0x00007ffaf9640000 - 0x00007ffaf9744000 	C:\Windows\System32\AppXDeploymentClient.dll
0x00007ffa7baf0000 - 0x00007ffa7cac2000 	C:\Windows\System32\DriverStore\FileRepository\igdlh64.inf_amd64_e6daaea9afe1e6f6\ig9icd64.dll
0x00007ffb05170000 - 0x00007ffb051bb000 	C:\Windows\SYSTEM32\powrprof.dll
0x00007ffb05150000 - 0x00007ffb05162000 	C:\Windows\SYSTEM32\UMPDC.dll
0x00007ffadace0000 - 0x00007ffadaf5f000 	C:\Windows\SYSTEM32\dwrite.dll
0x00007ffae0b50000 - 0x00007ffae0c49000 	C:\Windows\SYSTEM32\textinputframework.dll
0x00007ffafec20000 - 0x00007ffafed12000 	C:\Windows\System32\CoreMessaging.dll
0x00007ffafe8c0000 - 0x00007ffafec1e000 	C:\Windows\System32\CoreUIComponents.dll
0x00007ffb043d0000 - 0x00007ffb04403000 	C:\Windows\SYSTEM32\ntmarta.dll
0x00007ffafe1c0000 - 0x00007ffafe314000 	C:\Windows\SYSTEM32\wintypes.dll
0x00007ffa83060000 - 0x00007ffa83912000 	C:\Users\HP\AppData\Local\io-realm-kotlin\f7113120ba00ba1ff91d696eecd3919e85a4e34e\realmc.dll
0x00007ffb05a10000 - 0x00007ffb05b6e000 	C:\Windows\System32\CRYPT32.dll
0x00007ffafc180000 - 0x00007ffafc1ea000 	C:\Windows\system32\Ninput.dll

dbghelp: loaded successfully - version: 4.0.5 - missing functions: none
symbol engine: initialized successfully - sym options: 0x614 - pdb path: .;C:\Users\HP\.jdks\jbr-17.0.7-1\bin;C:\Windows\SYSTEM32;C:\Windows\WinSxS\amd64_microsoft.windows.common-controls_6595b64144ccf1df_6.0.19041.1110_none_60b5254171f9507e;C:\Users\HP\.jdks\jbr-17.0.7-1\bin\server;C:\Program Files\JetBrains\IntelliJ IDEA Community Edition 2021.3.2\bin;C:\Users\HP\.skiko\58752788008ddd92aea4562f2a41915f7f74e689ca70e0fbada57f009a92b9cf;C:\Windows\WinSxS\amd64_microsoft.windows.gdiplus_6595b64144ccf1df_1.1.19041.2251_none_91a40448cc8846c1;C:\Windows\System32\DriverStore\FileRepository\igdlh64.inf_amd64_e6daaea9afe1e6f6;C:\Users\HP\AppData\Local\io-realm-kotlin\f7113120ba00ba1ff91d696eecd3919e85a4e34e

VM Arguments:
jvm_args: -Djava.library.path=C:\Users\HP\Desktop\newderar\build\classes\kotlin\jvm\main;C:\Users\HP\Desktop\newderar\build\processedResources\jvm\main -javaagent:C:\Program Files\JetBrains\IntelliJ IDEA Community Edition 2021.3.2\lib\idea_rt.jar=65533:C:\Program Files\JetBrains\IntelliJ IDEA Community Edition 2021.3.2\bin -Dfile.encoding=UTF-8 
java_command: MainKt
java_class_path (initial): C:\Users\HP\Desktop\newderar\build\classes\kotlin\jvm\main;C:\Users\HP\Desktop\newderar\build\processedResources\jvm\main;C:\Users\HP\.gradle\caches\modules-2\files-2.1\io.insert-koin\koin-androidx-compose\3.4.5\ae0a88b7a68d507e651c5a3d70a541594bea54cb\koin-androidx-compose-3.4.5.aar;C:\Users\HP\.gradle\caches\modules-2\files-2.1\org.jetbrains.kotlin\kotlin-stdlib-jdk8\1.8.21\67f57e154437cd9e6e9cf368394b95814836ff88\kotlin-stdlib-jdk8-1.8.21.jar;C:\Users\HP\.gradle\caches\modules-2\files-2.1\org.apache.poi\poi-ooxml\4.1.2\87d9a22aa9a7dd26e80c360e709f7ee02e32ab3b\poi-ooxml-4.1.2.jar;C:\Users\HP\.gradle\caches\modules-2\files-2.1\org.apache.poi\poi\4.1.2\964bf41cf68bce08e4ef6b2279b559fdf8d454f4\poi-4.1.2.jar;C:\Users\HP\.gradle\caches\modules-2\files-2.1\org.lwjgl\lwjgl-nfd\3.3.1\622318116996ddcff449b46cb38f0fdee39b8ac3\lwjgl-nfd-3.3.1.jar;C:\Users\HP\.gradle\caches\modules-2\files-2.1\org.lwjgl\lwjgl-nfd\3.3.1\2e007667e04ed3281152ae5c6e677fb1c2211691\lwjgl-nfd-3.3.1-natives-linux.jar;C:\Users\HP\.gradle\caches\modules-2\files-2.1\org.lwjgl\lwjgl\3.3.1\ae58664f88e18a9bb2c77b063833ca7aaec484cb\lwjgl-3.3.1.jar;C:\Users\HP\.gradle\caches\modules-2\files-2.1\io.insert-koin\koin-android\3.4.0\48715fbe06102a59a30bd45b06ed2400c16c6f45\koin-android-3.4.0.aar;C:\Users\HP\.gradle\caches\modules-2\files-2.1\org.lwjgl\lwjgl-nfd\3.3.1\b3e04e317f55dd738d8a345cdafd15b39f85a2ea\lwjgl-nfd-3.3.1-natives-linux-arm32.jar;C:\Users\HP\.gradle\caches\modules-2\files-2.1\androidx.lifecycle\lifecycle-viewmodel-compose\2.6.1\38cf3bb65ff3e0e5c3d63de2ebf5411d0898108c\lifecycle-viewmodel-compose-2.6.1.aar;C:\Users\HP\.gradle\caches\modules-2\files-2.1\org.lwjgl\lwjgl-nfd\3.3.1\f41dc62336f7ee4ab35705cfa440cc903d199165\lwjgl-nfd-3.3.1-natives-linux-arm64.jar;C:\Users\HP\.gradle\caches\modules-2\files-2.1\androidx.compose.runtime\runtime\1.4.3\6e52f81bd60023ca9be12a878ae161d2e7571aeb\runtime-1.4.3.aar;C:\Users\HP\.gradle\caches\modules-2\files-2.1\org.lwjgl\lwjgl-nfd\3.3
Launcher Type: SUN_STANDARD

[Global flags]
     intx CICompilerCount                          = 3                                         {product} {ergonomic}
     uint ConcGCThreads                            = 1                                         {product} {ergonomic}
     uint G1ConcRefinementThreads                  = 4                                         {product} {ergonomic}
   size_t G1HeapRegionSize                         = 2097152                                   {product} {ergonomic}
    uintx GCDrainStackTargetSize                   = 64                                        {product} {ergonomic}
   size_t InitialHeapSize                          = 266338304                                 {product} {ergonomic}
   size_t MarkStackSize                            = 4194304                                   {product} {ergonomic}
   size_t MaxHeapSize                              = 4255121408                                {product} {ergonomic}
   size_t MaxNewSize                               = 2552233984                                {product} {ergonomic}
   size_t MinHeapDeltaBytes                        = 2097152                                   {product} {ergonomic}
   size_t MinHeapSize                              = 8388608                                   {product} {ergonomic}
    uintx NonNMethodCodeHeapSize                   = 5832780                                {pd product} {ergonomic}
    uintx NonProfiledCodeHeapSize                  = 122912730                              {pd product} {ergonomic}
    uintx ProfiledCodeHeapSize                     = 122912730                              {pd product} {ergonomic}
    uintx ReservedCodeCacheSize                    = 251658240                              {pd product} {ergonomic}
     bool SegmentedCodeCache                       = true                                      {product} {ergonomic}
   size_t SoftMaxHeapSize                          = 4255121408                             {manageable} {ergonomic}
     bool UseCompressedClassPointers               = true                           {product lp64_product} {ergonomic}
     bool UseCompressedOops                        = true                           {product lp64_product} {ergonomic}
     bool UseG1GC                                  = true                                      {product} {ergonomic}
     bool UseLargePagesIndividualAllocation        = false                                  {pd product} {ergonomic}

Logging:
Log output configuration:
 #0: stdout all=warning uptime,level,tags
 #1: stderr all=off uptime,level,tags

Environment Variables:
PATH=C:\Program Files\Common Files\Oracle\Java\javapath;C:\Program Files (x86)\Common Files\Oracle\Java\javapath;C:\Windows\system32;C:\Windows;C:\Windows\System32\Wbem;C:\Windows\System32\WindowsPowerShell\v1.0\;C:\Windows\System32\OpenSSH\;C:\xampp\php;C:\ProgramData\ComposerSetup\bin;C:\Program Files\nodejs\;C:\Program Files (x86)\Intel\Intel(R) Management Engine Components\DAL;C:\Program Files\Intel\Intel(R) Management Engine Components\DAL;C:\Program Files\Git\cmd;C:\Program Files\Fortect;C:\Users\HP\AppData\Local\Microsoft\WindowsApps;C:\Program Files\JetBrains\IntelliJ IDEA Community Edition 2021.3.2\bin;C:\Users\HP\AppData\Local\Programs\Microsoft VS Code\bin;C:\Users\HP\AppData\Local\JetBrains\Toolbox\scripts;C:\Users\HP\AppData\Local\GitHubDesktop\bin;C:\Users\HP\Desktop\camp\flutter_windows_3.7.6-stable\flutter\bin;C:\Users\HP\AppData\Roaming\Composer\vendor\bin;C:\Users\HP\AppData\Roaming\npm
USERNAME=HP
OS=Windows_NT
PROCESSOR_IDENTIFIER=Intel64 Family 6 Model 142 Stepping 9, GenuineIntel
TMP=C:\Users\HP\AppData\Local\Temp
TEMP=C:\Users\HP\AppData\Local\Temp


JNI global refs:
JNI global refs: 169, weak refs: 9

JNI global refs memory usage: 2107, weak refs: 841

OOME stack traces (most recent first):
Classloader memory used:
Loader jdk.internal.loader.ClassLoaders$AppClassLoader                                 : 3307K
Loader bootstrap                                                                       : 2239K
Loader jdk.internal.loader.ClassLoaders$PlatformClassLoader                            : 764B


---------------  S Y S T E M  ---------------

OS:
 Windows 10 , 64 bit Build 19041 (10.0.19041.3155)
OS uptime: 0 days 1:06 hours
Hyper-V role detected

CPU: total 4 (initial active 4) (2 cores per cpu, 2 threads per core) family 6 model 142 stepping 9 microcode 0xf2, cx8, cmov, fxsr, ht, mmx, 3dnowpref, sse, sse2, sse3, ssse3, sse4.1, sse4.2, popcnt, lzcnt, tsc, tscinvbit, avx, avx2, aes, erms, clmul, bmi1, bmi2, rtm, adx, fma, vzeroupper, clflush, clflushopt, hv

Memory: 4k page, system-wide physical 16224M (7991M free)
TotalPageFile size 32096M (AvailPageFile size 22690M)
current process WorkingSet (physical memory assigned to process): 296M, peak: 410M
current process commit charge ("private bytes"): 298M, peak: 450M

vm_info: OpenJDK 64-Bit Server VM (17.0.7+7-b1000.5) for windows-amd64 JRE (17.0.7+7-b1000.5), built on 2023-07-03 by "builduser" with MS VC++ 16.10 / 16.11 (VS2019)

END.
