#
# A fatal error has been detected by the Java Runtime Environment:
#
#  EXCEPTION_ACCESS_VIOLATION (0xc0000005) at pc=0x00007ffe74e7ebe3, pid=18240, tid=16628
#
# JRE version: OpenJDK Runtime Environment Corretto-17.0.7.7.1 (17.0.7+7) (build 17.0.7+7-LTS)
# Java VM: OpenJDK 64-Bit Server VM Corretto-17.0.7.7.1 (17.0.7+7-LTS, mixed mode, sharing, tiered, compressed oops, compressed class ptrs, g1 gc, windows-amd64)
# Problematic frame:
# C  [ig9icd64.dll+0x9bebe3]
#
# No core dump will be written. Minidumps are not enabled by default on client versions of Windows
#
# If you would like to submit a bug report, please visit:
#   https://github.com/corretto/corretto-17/issues/
# The crash happened outside the Java Virtual Machine in native code.
# See problematic frame for where to report the bug.
#

---------------  S U M M A R Y ------------

Command Line: -Djava.library.path=C:\Users\HP\Desktop\newderar\build\classes\kotlin\jvm\main;C:\Users\HP\Desktop\newderar\build\processedResources\jvm\main -javaagent:C:\Program Files\JetBrains\IntelliJ IDEA Community Edition 2021.3.2\lib\idea_rt.jar=55578:C:\Program Files\JetBrains\IntelliJ IDEA Community Edition 2021.3.2\bin -Dfile.encoding=UTF-8 MainKt

Host: Intel(R) Core(TM) i5-7300U CPU @ 2.60GHz, 4 cores, 15G,  Windows 10 , 64 bit Build 19041 (10.0.19041.3155)
Time: Sat Jul  8 17:55:13 2023 Libya Standard Time elapsed time: 54.050781 seconds (0d 0h 0m 54s)

---------------  T H R E A D  ---------------

Current thread (0x00000256e7cc2cd0):  JavaThread "AWT-EventQueue-0" [_thread_in_native, id=16628, stack(0x000000c3a7100000,0x000000c3a7200000)]

Stack: [0x000000c3a7100000,0x000000c3a7200000],  sp=0x000000c3a71fcc08,  free space=1011k
Native frames: (J=compiled Java code, j=interpreted, Vv=VM code, C=native code)
C  [ig9icd64.dll+0x9bebe3]

Java frames: (J=compiled Java code, j=interpreted, Vv=VM code)
J 5028  org.jetbrains.skia.DirectContextKt.DirectContext_nFlush(J)V (0 bytes) @ 0x00000256d3ab2769 [0x00000256d3ab2720+0x0000000000000049]
J 4963 c1 org.jetbrains.skiko.context.ContextHandler.flush()V (17 bytes) @ 0x00000256cc6ff7dc [0x00000256cc6ff660+0x000000000000017c]
J 4965 c1 org.jetbrains.skiko.context.ContextHandler.draw()V (91 bytes) @ 0x00000256cc700864 [0x00000256cc6ffd60+0x0000000000000b04]
J 4890 c1 org.jetbrains.skiko.redrawer.WindowsOpenGLRedrawer.draw()V (288 bytes) @ 0x00000256cc6e08bc [0x00000256cc6e01a0+0x000000000000071c]
J 4623 c1 org.jetbrains.skiko.redrawer.WindowsOpenGLRedrawer$Companion$frameDispatcher$1.invokeSuspend(Ljava/lang/Object;)Ljava/lang/Object; (379 bytes) @ 0x00000256cc63e074 [0x00000256cc63cd00+0x0000000000001374]
J 5553 c2 org.jetbrains.skiko.FrameDispatcher$job$1.invokeSuspend(Ljava/lang/Object;)Ljava/lang/Object; (156 bytes) @ 0x00000256d3bb6150 [0x00000256d3bb5f20+0x0000000000000230]
J 4915 c2 kotlin.coroutines.jvm.internal.BaseContinuationImpl.resumeWith(Ljava/lang/Object;)V (128 bytes) @ 0x00000256d3a74080 [0x00000256d3a74020+0x0000000000000060]
J 4943 c2 kotlinx.coroutines.DispatchedTask.run()V (571 bytes) @ 0x00000256d3a911a8 [0x00000256d3a90e60+0x0000000000000348]
J 5050 c2 java.awt.EventQueue.dispatchEvent(Ljava/awt/AWTEvent;)V java.desktop@17.0.7 (80 bytes) @ 0x00000256d3abd31c [0x00000256d3abcd20+0x00000000000005fc]
J 5131 c2 java.awt.EventDispatchThread.pumpOneEventForFilters(I)V java.desktop@17.0.7 (113 bytes) @ 0x00000256d3ae598c [0x00000256d3ae52c0+0x00000000000006cc]
j  java.awt.EventDispatchThread.pumpEventsForFilter(ILjava/awt/Conditional;Ljava/awt/EventFilter;)V+35 java.desktop@17.0.7
j  java.awt.EventDispatchThread.pumpEventsForHierarchy(ILjava/awt/Conditional;Ljava/awt/Component;)V+11 java.desktop@17.0.7
j  java.awt.EventDispatchThread.pumpEvents(ILjava/awt/Conditional;)V+4 java.desktop@17.0.7
j  java.awt.EventDispatchThread.pumpEvents(Ljava/awt/Conditional;)V+3 java.desktop@17.0.7
j  java.awt.EventDispatchThread.run()V+9 java.desktop@17.0.7
v  ~StubRoutines::call_stub

siginfo: EXCEPTION_ACCESS_VIOLATION (0xc0000005), reading address 0xffffffffffffffff


Register to memory mapping:

RIP=0x00007ffe74e7ebe3 ig9icd64.dll
RAX=0x000000000fff0fff is an unknown value
RBX=0x00007ffe744c0000 ig9icd64.dll
RCX=0x000000033fcf3fcc is an unknown value
RDX=0x000000c3a71fd120 is pointing into the stack for thread: 0x00000256e7cc2cd0
RSP=0x000000c3a71fcc08 is pointing into the stack for thread: 0x00000256e7cc2cd0
RBP=0x000000c3a71fcd10 is pointing into the stack for thread: 0x00000256e7cc2cd0
RSI=0x00000256ee79b040 points into unknown readable memory: 0x00000256ee200080 | 80 00 20 ee 56 02 00 00
RDI=0x000000c3a71fcf10 is pointing into the stack for thread: 0x00000256e7cc2cd0
R8 =0x000000c3a71fcd40 is pointing into the stack for thread: 0x00000256e7cc2cd0
R9 =0x000000c3a71fd120 is pointing into the stack for thread: 0x00000256e7cc2cd0
R10=0x000000c3a71fcf10 is pointing into the stack for thread: 0x00000256e7cc2cd0
R11=0x0 is NULL
R12=0x00007ffe752f15e0 ig9icd64.dll
R13=0x0 is NULL
R14=0x0 is NULL
R15=0x00000000000001c1 is an unknown value


Registers:
RAX=0x000000000fff0fff, RBX=0x00007ffe744c0000, RCX=0x000000033fcf3fcc, RDX=0x000000c3a71fd120
RSP=0x000000c3a71fcc08, RBP=0x000000c3a71fcd10, RSI=0x00000256ee79b040, RDI=0x000000c3a71fcf10
R8 =0x000000c3a71fcd40, R9 =0x000000c3a71fd120, R10=0x000000c3a71fcf10, R11=0x0000000000000000
R12=0x00007ffe752f15e0, R13=0x0000000000000000, R14=0x0000000000000000, R15=0x00000000000001c1
RIP=0x00007ffe74e7ebe3, EFLAGS=0x0000000000010206

Top of Stack: (sp=0x000000c3a71fcc08)
0x000000c3a71fcc08:   00007ffe74e7c31b 0000000000000001
0x000000c3a71fcc18:   0000000000000000 00000256f4dd4200
0x000000c3a71fcc28:   00007ffeda002622 000000c300000065
0x000000c3a71fcc38:   000000c3a71fce40 0000000000000000
0x000000c3a71fcc48:   00000256ecade860 0000000000000000
0x000000c3a71fcc58:   00000256ecae0430 00000256f4dd4290
0x000000c3a71fcc68:   0000000000001100 0000000000000000
0x000000c3a71fcc78:   0000000000000000 000000c3a71fcdf0
0x000000c3a71fcc88:   00007ffe74b179c0 0000000000000000
0x000000c3a71fcc98:   0000000000000000 0000000000000000
0x000000c3a71fcca8:   0000000000000000 000044ba0ad4221b
0x000000c3a71fccb8:   00007ffe744d6555 00000256f4dd4290
0x000000c3a71fccc8:   0000000000004001 0000000000000000
0x000000c3a71fccd8:   00007ffee9b7b86b 00000000017f03c1
0x000000c3a71fcce8:   0000000000000047 00000256f4a50db0
0x000000c3a71fccf8:   0000000000000000 0000000000000000 

Instructions: (pc=0x00007ffe74e7ebe3)
0x00007ffe74e7eae3:   c1 75 31 00 48 89 51 08 48 89 01 8b 44 24 28 89
0x00007ffe74e7eaf3:   41 20 8b 44 24 30 89 41 24 48 8b c1 4c 89 41 10
0x00007ffe74e7eb03:   4c 89 49 18 c3 cc cc cc cc cc cc cc cc 48 89 5c
0x00007ffe74e7eb13:   24 08 8b 41 5c 48 8d 1d e1 14 64 ff 41 89 40 08
0x00007ffe74e7eb23:   4c 8b d1 8b 41 60 45 33 db 41 89 40 0c 4c 8b ca
0x00007ffe74e7eb33:   8b 41 64 41 89 40 10 8b 41 68 41 89 40 14 8b 41
0x00007ffe74e7eb43:   6c 41 89 40 18 8b 41 70 41 89 40 1c 48 63 41 74
0x00007ffe74e7eb53:   48 6b c8 34 8b 84 19 44 d1 ee 00 41 89 40 20 8b
0x00007ffe74e7eb63:   84 19 48 d1 ee 00 41 89 40 24 8b 84 19 4c d1 ee
0x00007ffe74e7eb73:   00 41 89 40 28 8b 84 19 50 d1 ee 00 41 89 40 2c
0x00007ffe74e7eb83:   8b 84 19 34 d1 ee 00 41 89 40 30 8b 84 19 38 d1
0x00007ffe74e7eb93:   ee 00 41 89 40 34 8b 84 19 3c d1 ee 00 41 89 40
0x00007ffe74e7eba3:   38 8b 84 19 40 d1 ee 00 41 89 40 3c 8b 84 19 24
0x00007ffe74e7ebb3:   d1 ee 00 41 89 40 40 8b 84 19 28 d1 ee 00 41 89
0x00007ffe74e7ebc3:   40 44 8b 84 19 2c d1 ee 00 41 89 40 48 8b 84 19
0x00007ffe74e7ebd3:   30 d1 ee 00 41 89 40 4c 49 63 42 78 48 6b c8 34
0x00007ffe74e7ebe3:   8b 84 19 44 d1 ee 00 41 89 40 50 8b 84 19 48 d1
0x00007ffe74e7ebf3:   ee 00 41 89 40 54 8b 84 19 4c d1 ee 00 41 89 40
0x00007ffe74e7ec03:   58 8b 84 19 50 d1 ee 00 41 89 40 5c 8b 84 19 34
0x00007ffe74e7ec13:   d1 ee 00 41 89 40 60 8b 84 19 38 d1 ee 00 41 89
0x00007ffe74e7ec23:   40 64 8b 84 19 3c d1 ee 00 41 89 40 68 8b 84 19
0x00007ffe74e7ec33:   40 d1 ee 00 41 89 40 6c 8b 84 19 24 d1 ee 00 41
0x00007ffe74e7ec43:   89 40 70 8b 84 19 28 d1 ee 00 41 89 40 74 8b 84
0x00007ffe74e7ec53:   19 2c d1 ee 00 41 89 40 78 8b 84 19 30 d1 ee 00
0x00007ffe74e7ec63:   41 89 40 7c 48 8b 42 18 8b 88 38 0b 00 00 f6 c1
0x00007ffe74e7ec73:   08 0f 84 86 00 00 00 8b 80 3c 0b 00 00 41 89 80
0x00007ffe74e7ec83:   80 00 00 00 48 8b 42 18 8b 88 40 0b 00 00 41 89
0x00007ffe74e7ec93:   88 84 00 00 00 48 8b 42 18 8b 88 44 0b 00 00 41
0x00007ffe74e7eca3:   89 88 88 00 00 00 48 8b 42 18 8b 88 48 0b 00 00
0x00007ffe74e7ecb3:   41 89 88 8c 00 00 00 48 8b 42 18 8b 88 4c 0b 00
0x00007ffe74e7ecc3:   00 41 89 88 90 00 00 00 48 8b 42 18 8b 88 50 0b
0x00007ffe74e7ecd3:   00 00 41 89 88 94 00 00 00 48 8b 42 18 8b 88 54 


Stack slot to memory mapping:
stack at sp + 0 slots: 0x00007ffe74e7c31b ig9icd64.dll
stack at sp + 1 slots: 0x0000000000000001 is an unknown value
stack at sp + 2 slots: 0x0 is NULL
stack at sp + 3 slots: 0x00000256f4dd4200 points into unknown readable memory: 0x00000256ecd78010 | 10 80 d7 ec 56 02 00 00
stack at sp + 4 slots: 0x00007ffeda002622 igdgmm64.dll
stack at sp + 5 slots: 0x000000c300000065 is an unknown value
stack at sp + 6 slots: 0x000000c3a71fce40 is pointing into the stack for thread: 0x00000256e7cc2cd0
stack at sp + 7 slots: 0x0 is NULL


---------------  P R O C E S S  ---------------

Threads class SMR info:
_java_thread_list=0x00000256e79e57a0, length=28, elements={
0x00000256c2a64b40, 0x00000256e707a920, 0x00000256e707b790, 0x00000256e7090b20,
0x00000256e70956e0, 0x00000256e70981a0, 0x00000256e7098b50, 0x00000256e7099830,
0x00000256e709e030, 0x00000256e709ea20, 0x00000256e7065540, 0x00000256e7556380,
0x00000256e75b7250, 0x00000256e7cdcd90, 0x00000256e7d3b540, 0x00000256e7cc2cd0,
0x00000256ec505190, 0x00000256ec2c3ca0, 0x00000256ec7ed120, 0x00000256ec7ec2b0,
0x00000256ec7ebde0, 0x00000256ec7eb910, 0x00000256ec7eb440, 0x00000256ec5088f0,
0x00000256ec5070e0, 0x00000256ec50b440, 0x00000256ec508dc0, 0x00000256ec50c2b0
}

Java Threads: ( => current thread )
  0x00000256c2a64b40 JavaThread "main" [_thread_blocked, id=4160, stack(0x000000c3a5600000,0x000000c3a5700000)]
  0x00000256e707a920 JavaThread "Reference Handler" daemon [_thread_blocked, id=13448, stack(0x000000c3a5d00000,0x000000c3a5e00000)]
  0x00000256e707b790 JavaThread "Finalizer" daemon [_thread_blocked, id=12524, stack(0x000000c3a5e00000,0x000000c3a5f00000)]
  0x00000256e7090b20 JavaThread "Signal Dispatcher" daemon [_thread_blocked, id=8960, stack(0x000000c3a5f00000,0x000000c3a6000000)]
  0x00000256e70956e0 JavaThread "Attach Listener" daemon [_thread_blocked, id=19040, stack(0x000000c3a6000000,0x000000c3a6100000)]
  0x00000256e70981a0 JavaThread "Service Thread" daemon [_thread_blocked, id=17900, stack(0x000000c3a6100000,0x000000c3a6200000)]
  0x00000256e7098b50 JavaThread "Monitor Deflation Thread" daemon [_thread_blocked, id=9740, stack(0x000000c3a6200000,0x000000c3a6300000)]
  0x00000256e7099830 JavaThread "C2 CompilerThread0" daemon [_thread_blocked, id=13264, stack(0x000000c3a6300000,0x000000c3a6400000)]
  0x00000256e709e030 JavaThread "C1 CompilerThread0" daemon [_thread_blocked, id=17180, stack(0x000000c3a6400000,0x000000c3a6500000)]
  0x00000256e709ea20 JavaThread "Sweeper thread" daemon [_thread_blocked, id=12060, stack(0x000000c3a6500000,0x000000c3a6600000)]
  0x00000256e7065540 JavaThread "Common-Cleaner" daemon [_thread_blocked, id=6004, stack(0x000000c3a6600000,0x000000c3a6700000)]
  0x00000256e7556380 JavaThread "Monitor Ctrl-Break" daemon [_thread_in_native, id=7952, stack(0x000000c3a6800000,0x000000c3a6900000)]
  0x00000256e75b7250 JavaThread "Notification Thread" daemon [_thread_blocked, id=18280, stack(0x000000c3a6900000,0x000000c3a6a00000)]
  0x00000256e7cdcd90 JavaThread "Java2D Disposer" daemon [_thread_blocked, id=18808, stack(0x000000c3a6e00000,0x000000c3a6f00000)]
  0x00000256e7d3b540 JavaThread "AWT-Shutdown" [_thread_blocked, id=5720, stack(0x000000c3a6f00000,0x000000c3a7000000)]
=>0x00000256e7cc2cd0 JavaThread "AWT-EventQueue-0" [_thread_in_native, id=16628, stack(0x000000c3a7100000,0x000000c3a7200000)]
  0x00000256ec505190 JavaThread "Reference Cleaner" daemon [_thread_blocked, id=5644, stack(0x000000c3a7200000,0x000000c3a7300000)]
  0x00000256ec2c3ca0 JavaThread "DefaultDispatcher-worker-1" daemon [_thread_blocked, id=6648, stack(0x000000c3a7300000,0x000000c3a7400000)]
  0x00000256ec7ed120 JavaThread "DefaultDispatcher-worker-2" daemon [_thread_blocked, id=18372, stack(0x000000c3a7400000,0x000000c3a7500000)]
  0x00000256ec7ec2b0 JavaThread "DefaultDispatcher-worker-3" daemon [_thread_blocked, id=14480, stack(0x000000c3a7500000,0x000000c3a7600000)]
  0x00000256ec7ebde0 JavaThread "kotlinx.coroutines.DefaultExecutor" daemon [_thread_blocked, id=16720, stack(0x000000c3a7600000,0x000000c3a7700000)]
  0x00000256ec7eb910 JavaThread "TimerQueue" daemon [_thread_blocked, id=17912, stack(0x000000c3a6700000,0x000000c3a6800000)]
  0x00000256ec7eb440 JavaThread "RealmFinalizingDaemon" daemon [_thread_blocked, id=16464, stack(0x000000c3a7c00000,0x000000c3a7d00000)]
  0x00000256ec5088f0 JavaThread "core-notifier" daemon [_thread_in_native, id=19372, stack(0x000000c3a7e00000,0x000000c3a7f00000)]
  0x00000256ec5070e0 JavaThread "DefaultDispatcher-worker-4" daemon [_thread_blocked, id=4200, stack(0x000000c3a8000000,0x000000c3a8100000)]
  0x00000256ec50b440 JavaThread "DefaultDispatcher-worker-5" daemon [_thread_blocked, id=18336, stack(0x000000c3a8100000,0x000000c3a8200000)]
  0x00000256ec508dc0 JavaThread "DefaultDispatcher-worker-6" daemon [_thread_blocked, id=14848, stack(0x000000c3a8200000,0x000000c3a8300000)]
  0x00000256ec50c2b0 JavaThread "SIGINT handler" daemon [_thread_blocked, id=18880, stack(0x000000c3a8400000,0x000000c3a8500000)]

Other Threads:
  0x00000256e7075d20 VMThread "VM Thread" [stack: 0x000000c3a5c00000,0x000000c3a5d00000] [id=18724]
  0x00000256c2aece40 WatcherThread [stack: 0x000000c3a6a00000,0x000000c3a6b00000] [id=12868]
  0x00000256c2acfbf0 GCTaskThread "GC Thread#0" [stack: 0x000000c3a5700000,0x000000c3a5800000] [id=4864]
  0x00000256e7c6c510 GCTaskThread "GC Thread#1" [stack: 0x000000c3a6b00000,0x000000c3a6c00000] [id=11032]
  0x00000256e7c6c7c0 GCTaskThread "GC Thread#2" [stack: 0x000000c3a6c00000,0x000000c3a6d00000] [id=17112]
  0x00000256e7808c20 GCTaskThread "GC Thread#3" [stack: 0x000000c3a6d00000,0x000000c3a6e00000] [id=12848]
  0x00000256c2ae08c0 ConcurrentGCThread "G1 Main Marker" [stack: 0x000000c3a5800000,0x000000c3a5900000] [id=7464]
  0x00000256c2ae1b10 ConcurrentGCThread "G1 Conc#0" [stack: 0x000000c3a5900000,0x000000c3a5a00000] [id=8088]
  0x00000256c2b1df90 ConcurrentGCThread "G1 Refine#0" [stack: 0x000000c3a5a00000,0x000000c3a5b00000] [id=2020]
  0x00000256c2b1e9b0 ConcurrentGCThread "G1 Service" [stack: 0x000000c3a5b00000,0x000000c3a5c00000] [id=17632]

Threads with active compile tasks:

VM state: not at safepoint (normal execution)

VM Mutex/Monitor currently owned by a thread: None

Heap address: 0x0000000702600000, size: 4058 MB, Compressed Oops mode: Zero based, Oop shift amount: 3

CDS archive(s) mapped at: [0x0000000800000000-0x0000000800bc0000-0x0000000800bc0000), size 12320768, SharedBaseAddress: 0x0000000800000000, ArchiveRelocationMode: 0.
Compressed class space mapped at: 0x0000000801000000-0x0000000841000000, reserved size: 1073741824
Narrow klass base: 0x0000000800000000, Narrow klass shift: 0, Narrow klass range: 0x100000000

GC Precious Log:
 CPUs: 4 total, 4 available
 Memory: 16224M
 Large Page Support: Disabled
 NUMA Support: Disabled
 Compressed Oops: Enabled (Zero based)
 Heap Region Size: 2M
 Heap Min Capacity: 8M
 Heap Initial Capacity: 254M
 Heap Max Capacity: 4058M
 Pre-touch: Disabled
 Parallel Workers: 4
 Concurrent Workers: 1
 Concurrent Refinement Workers: 4
 Periodic GC: Disabled

Heap:
 garbage-first heap   total 96256K, used 26435K [0x0000000702600000, 0x0000000800000000)
  region size 2048K, 3 young (6144K), 1 survivors (2048K)
 Metaspace       used 34306K, committed 34560K, reserved 1114112K
  class space    used 3708K, committed 3840K, reserved 1048576K

Heap Regions: E=young(eden), S=young(survivor), O=old, HS=humongous(starts), HC=humongous(continues), CS=collection set, F=free, OA=open archive, CA=closed archive, TAMS=top-at-mark-start (previous, next)
|   0|0x0000000702600000, 0x0000000702800000, 0x0000000702800000|100%|HS|  |TAMS 0x0000000702800000, 0x0000000702600000| Untracked 
|   1|0x0000000702800000, 0x0000000702a00000, 0x0000000702a00000|100%| O|  |TAMS 0x0000000702a00000, 0x0000000702800000| Untracked 
|   2|0x0000000702a00000, 0x0000000702c00000, 0x0000000702c00000|100%| O|  |TAMS 0x0000000702c00000, 0x0000000702a00000| Untracked 
|   3|0x0000000702c00000, 0x0000000702dffff0, 0x0000000702e00000| 99%| O|  |TAMS 0x0000000702c00000, 0x0000000702c00000| Untracked 
|   4|0x0000000702e00000, 0x0000000702fffff0, 0x0000000703000000| 99%| O|  |TAMS 0x0000000702e00000, 0x0000000702e00000| Untracked 
|   5|0x0000000703000000, 0x0000000703069c58, 0x0000000703200000| 20%| O|  |TAMS 0x0000000703000000, 0x0000000703000000| Untracked 
|   6|0x0000000703200000, 0x0000000703200000, 0x0000000703400000|  0%| F|  |TAMS 0x0000000703200000, 0x0000000703200000| Untracked 
|   7|0x0000000703400000, 0x0000000703400000, 0x0000000703600000|  0%| F|  |TAMS 0x0000000703400000, 0x0000000703400000| Untracked 
|   8|0x0000000703600000, 0x0000000703600000, 0x0000000703800000|  0%| F|  |TAMS 0x0000000703600000, 0x0000000703600000| Untracked 
|   9|0x0000000703800000, 0x0000000703800000, 0x0000000703a00000|  0%| F|  |TAMS 0x0000000703800000, 0x0000000703800000| Untracked 
|  10|0x0000000703a00000, 0x0000000703a00000, 0x0000000703c00000|  0%| F|  |TAMS 0x0000000703a00000, 0x0000000703a00000| Untracked 
|  11|0x0000000703c00000, 0x0000000703ddd0f0, 0x0000000703e00000| 93%| O|  |TAMS 0x0000000703c00000, 0x0000000703c00000| Untracked 
|  12|0x0000000703e00000, 0x0000000703e6e700, 0x0000000704000000| 21%| O|  |TAMS 0x0000000703e00000, 0x0000000703e00000| Untracked 
|  13|0x0000000704000000, 0x0000000704000000, 0x0000000704200000|  0%| F|  |TAMS 0x0000000704000000, 0x0000000704000000| Untracked 
|  14|0x0000000704200000, 0x0000000704400000, 0x0000000704400000|100%| O|  |TAMS 0x0000000704400000, 0x0000000704200000| Untracked 
|  15|0x0000000704400000, 0x0000000704400000, 0x0000000704600000|  0%| F|  |TAMS 0x0000000704400000, 0x0000000704400000| Untracked 
|  16|0x0000000704600000, 0x00000007046d8e20, 0x0000000704800000| 42%| O|  |TAMS 0x0000000704600000, 0x0000000704600000| Untracked 
|  17|0x0000000704800000, 0x0000000704a00000, 0x0000000704a00000|100%|HS|  |TAMS 0x0000000704a00000, 0x0000000704800000| Untracked 
|  18|0x0000000704a00000, 0x0000000704c00000, 0x0000000704c00000|100%|HC|  |TAMS 0x0000000704c00000, 0x0000000704a00000| Untracked 
|  19|0x0000000704c00000, 0x0000000704e00000, 0x0000000704e00000|100%|HC|  |TAMS 0x0000000704e00000, 0x0000000704c00000| Untracked 
|  20|0x0000000704e00000, 0x0000000705000000, 0x0000000705000000|100%|HC|  |TAMS 0x0000000705000000, 0x0000000704e00000| Untracked 
|  21|0x0000000705000000, 0x0000000705000000, 0x0000000705200000|  0%| F|  |TAMS 0x0000000705000000, 0x0000000705000000| Untracked 
|  22|0x0000000705200000, 0x0000000705200000, 0x0000000705400000|  0%| F|  |TAMS 0x0000000705200000, 0x0000000705200000| Untracked 
|  23|0x0000000705400000, 0x0000000705442d40, 0x0000000705600000| 13%| S|CS|TAMS 0x0000000705400000, 0x0000000705400000| Complete 
|  24|0x0000000705600000, 0x0000000705600000, 0x0000000705800000|  0%| F|  |TAMS 0x0000000705600000, 0x0000000705600000| Untracked 
|  25|0x0000000705800000, 0x0000000705800000, 0x0000000705a00000|  0%| F|  |TAMS 0x0000000705800000, 0x0000000705800000| Untracked 
|  26|0x0000000705a00000, 0x0000000705a00000, 0x0000000705c00000|  0%| F|  |TAMS 0x0000000705a00000, 0x0000000705a00000| Untracked 
|  27|0x0000000705c00000, 0x0000000705c00000, 0x0000000705e00000|  0%| F|  |TAMS 0x0000000705c00000, 0x0000000705c00000| Untracked 
|  28|0x0000000705e00000, 0x0000000705e00000, 0x0000000706000000|  0%| F|  |TAMS 0x0000000705e00000, 0x0000000705e00000| Untracked 
|  29|0x0000000706000000, 0x0000000706000000, 0x0000000706200000|  0%| F|  |TAMS 0x0000000706000000, 0x0000000706000000| Untracked 
|  30|0x0000000706200000, 0x0000000706200000, 0x0000000706400000|  0%| F|  |TAMS 0x0000000706200000, 0x0000000706200000| Untracked 
|  31|0x0000000706400000, 0x0000000706400000, 0x0000000706600000|  0%| F|  |TAMS 0x0000000706400000, 0x0000000706400000| Untracked 
|  32|0x0000000706600000, 0x0000000706600000, 0x0000000706800000|  0%| F|  |TAMS 0x0000000706600000, 0x0000000706600000| Untracked 
|  33|0x0000000706800000, 0x0000000706800000, 0x0000000706a00000|  0%| F|  |TAMS 0x0000000706800000, 0x0000000706800000| Untracked 
|  34|0x0000000706a00000, 0x0000000706a00000, 0x0000000706c00000|  0%| F|  |TAMS 0x0000000706a00000, 0x0000000706a00000| Untracked 
|  35|0x0000000706c00000, 0x0000000706c00000, 0x0000000706e00000|  0%| F|  |TAMS 0x0000000706c00000, 0x0000000706c00000| Untracked 
|  36|0x0000000706e00000, 0x0000000706e00000, 0x0000000707000000|  0%| F|  |TAMS 0x0000000706e00000, 0x0000000706e00000| Untracked 
|  37|0x0000000707000000, 0x0000000707000000, 0x0000000707200000|  0%| F|  |TAMS 0x0000000707000000, 0x0000000707000000| Untracked 
|  38|0x0000000707200000, 0x0000000707200000, 0x0000000707400000|  0%| F|  |TAMS 0x0000000707200000, 0x0000000707200000| Untracked 
|  39|0x0000000707400000, 0x0000000707400000, 0x0000000707600000|  0%| F|  |TAMS 0x0000000707400000, 0x0000000707400000| Untracked 
|  40|0x0000000707600000, 0x0000000707600000, 0x0000000707800000|  0%| F|  |TAMS 0x0000000707600000, 0x0000000707600000| Untracked 
|  41|0x0000000707800000, 0x0000000707800000, 0x0000000707a00000|  0%| F|  |TAMS 0x0000000707800000, 0x0000000707800000| Untracked 
|  42|0x0000000707a00000, 0x0000000707a00000, 0x0000000707c00000|  0%| F|  |TAMS 0x0000000707a00000, 0x0000000707a00000| Untracked 
|  43|0x0000000707c00000, 0x0000000707c00000, 0x0000000707e00000|  0%| F|  |TAMS 0x0000000707c00000, 0x0000000707c00000| Untracked 
|  44|0x0000000707e00000, 0x0000000707e00000, 0x0000000708000000|  0%| F|  |TAMS 0x0000000707e00000, 0x0000000707e00000| Untracked 
|  45|0x0000000708000000, 0x0000000708089500, 0x0000000708200000| 26%| E|  |TAMS 0x0000000708000000, 0x0000000708000000| Complete 
|  46|0x0000000708200000, 0x0000000708400000, 0x0000000708400000|100%| E|CS|TAMS 0x0000000708200000, 0x0000000708200000| Complete 

Card table byte_map: [0x00000256dbb50000,0x00000256dc340000] _byte_map_base: 0x00000256d833d000

Marking Bits (Prev, Next): (CMBitMap*) 0x00000256c2ad0200, (CMBitMap*) 0x00000256c2ad0240
 Prev Bits: [0x00000256dcb30000, 0x00000256e0a98000)
 Next Bits: [0x00000256e0aa0000, 0x00000256e4a08000)

Polling page: 0x00000256c2830000

Metaspace:

Usage:
  Non-class:     29.88 MB used.
      Class:      3.62 MB used.
       Both:     33.50 MB used.

Virtual space:
  Non-class space:       64.00 MB reserved,      30.00 MB ( 47%) committed,  1 nodes.
      Class space:        1.00 GB reserved,       3.75 MB ( <1%) committed,  1 nodes.
             Both:        1.06 GB reserved,      33.75 MB (  3%) committed. 

Chunk freelists:
   Non-Class:  1.53 MB
       Class:  12.30 MB
        Both:  13.83 MB

MaxMetaspaceSize: unlimited
CompressedClassSpaceSize: 1.00 GB
Initial GC threshold: 21.00 MB
Current GC threshold: 55.94 MB
CDS: on
MetaspaceReclaimPolicy: balanced
 - commit_granule_bytes: 65536.
 - commit_granule_words: 8192.
 - virtual_space_node_default_size: 8388608.
 - enlarge_chunks_in_place: 1.
 - new_chunks_are_fully_committed: 0.
 - uncommit_free_chunks: 1.
 - use_allocation_guard: 0.
 - handle_deallocations: 1.


Internal statistics:

num_allocs_failed_limit: 3.
num_arena_births: 160.
num_arena_deaths: 0.
num_vsnodes_births: 2.
num_vsnodes_deaths: 0.
num_space_committed: 540.
num_space_uncommitted: 0.
num_chunks_returned_to_freelist: 3.
num_chunks_taken_from_freelist: 1058.
num_chunk_merges: 3.
num_chunk_splits: 915.
num_chunks_enlarged: 835.
num_inconsistent_stats: 0.

CodeHeap 'non-profiled nmethods': size=120000Kb used=3785Kb max_used=3785Kb free=116214Kb
 bounds [0x00000256d3810000, 0x00000256d3bd0000, 0x00000256dad40000]
CodeHeap 'profiled nmethods': size=120000Kb used=8150Kb max_used=10254Kb free=111849Kb
 bounds [0x00000256cbd40000, 0x00000256cc750000, 0x00000256d3270000]
CodeHeap 'non-nmethods': size=5760Kb used=1870Kb max_used=1946Kb free=3889Kb
 bounds [0x00000256d3270000, 0x00000256d34e0000, 0x00000256d3810000]
 total_blobs=6106 nmethods=4763 adapters=1255
 compilation: enabled
              stopped_count=0, restarted_count=0
 full_count=0

Compilation events (20 events):
Event: 53.556 Thread 0x00000256e7099830 nmethod 5548 0x00000256d3ba6c10 code [0x00000256d3ba71c0, 0x00000256d3baefe8]
Event: 53.557 Thread 0x00000256e7099830 5549   !   4       androidx.compose.runtime.Recomposer::getShouldKeepRecomposing (114 bytes)
Event: 53.569 Thread 0x00000256e7099830 nmethod 5549 0x00000256d3bb2990 code [0x00000256d3bb2b80, 0x00000256d3bb3418]
Event: 53.612 Thread 0x00000256e7099830 5550       4       kotlinx.coroutines.scheduling.CoroutineScheduler::tryUnpark (35 bytes)
Event: 53.616 Thread 0x00000256e7099830 nmethod 5550 0x00000256d3bb3b10 code [0x00000256d3bb3cc0, 0x00000256d3bb40c8]
Event: 53.646 Thread 0x00000256e7099830 5551       4       kotlinx.coroutines.internal.LockFreeTaskQueue::addLast (72 bytes)
Event: 53.650 Thread 0x00000256e7099830 nmethod 5551 0x00000256d3bb4510 code [0x00000256d3bb46a0, 0x00000256d3bb4bb8]
Event: 53.650 Thread 0x00000256e7099830 5552       4       kotlinx.coroutines.flow.FlowKt__ReduceKt$first$$inlined$collectWhile$2::emit (225 bytes)
Event: 53.658 Thread 0x00000256e7099830 nmethod 5552 0x00000256d3bb5090 code [0x00000256d3bb5240, 0x00000256d3bb5898]
Event: 53.743 Thread 0x00000256e7099830 5553       4       org.jetbrains.skiko.FrameDispatcher$job$1::invokeSuspend (156 bytes)
Event: 53.767 Thread 0x00000256e709e030 5554       3       kotlin.sequences.SequencesKt__SequenceBuilderKt::sequence (18 bytes)
Event: 53.767 Thread 0x00000256e709e030 nmethod 5554 0x00000256cc06c310 code [0x00000256cc06c540, 0x00000256cc06cc58]
Event: 53.767 Thread 0x00000256e709e030 5555       3       kotlin.sequences.SequencesKt__SequenceBuilderKt$sequence$$inlined$Sequence$1::<init> (10 bytes)
Event: 53.768 Thread 0x00000256e709e030 nmethod 5555 0x00000256cc13d610 code [0x00000256cc13d7a0, 0x00000256cc13d978]
Event: 53.782 Thread 0x00000256e7099830 nmethod 5553 0x00000256d3bb5c90 code [0x00000256d3bb5f20, 0x00000256d3bb6f28]
Event: 53.782 Thread 0x00000256e7099830 5556   !   4       org.jetbrains.skiko.redrawer.WindowsOpenGLRedrawer$Companion$frameDispatcher$1::invokeSuspend (379 bytes)
Event: 53.939 Thread 0x00000256e709e030 5558       3       java.util.IdentityHashMap$IdentityHashMapIterator::nextIndex (72 bytes)
Event: 53.939 Thread 0x00000256e709e030 nmethod 5558 0x00000256cbd75510 code [0x00000256cbd756e0, 0x00000256cbd75b28]
Event: 53.977 Thread 0x00000256e709e030 5559       2       kotlinx.coroutines.JobSupport::isCompleted (16 bytes)
Event: 53.977 Thread 0x00000256e709e030 nmethod 5559 0x00000256cc155610 code [0x00000256cc1557a0, 0x00000256cc155928]

GC Heap History (20 events):
Event: 0.442 GC heap before
{Heap before GC invocations=0 (full 0):
 garbage-first heap   total 260096K, used 12288K [0x0000000702600000, 0x0000000800000000)
  region size 2048K, 6 young (12288K), 0 survivors (0K)
 Metaspace       used 1754K, committed 1856K, reserved 1114112K
  class space    used 161K, committed 192K, reserved 1048576K
}
Event: 0.447 GC heap after
{Heap after GC invocations=1 (full 0):
 garbage-first heap   total 260096K, used 7917K [0x0000000702600000, 0x0000000800000000)
  region size 2048K, 1 young (2048K), 1 survivors (2048K)
 Metaspace       used 1754K, committed 1856K, reserved 1114112K
  class space    used 161K, committed 192K, reserved 1048576K
}
Event: 0.724 GC heap before
{Heap before GC invocations=1 (full 0):
 garbage-first heap   total 260096K, used 16109K [0x0000000702600000, 0x0000000800000000)
  region size 2048K, 6 young (12288K), 1 survivors (2048K)
 Metaspace       used 5818K, committed 6016K, reserved 1114112K
  class space    used 468K, committed 576K, reserved 1048576K
}
Event: 0.727 GC heap after
{Heap after GC invocations=2 (full 0):
 garbage-first heap   total 260096K, used 7731K [0x0000000702600000, 0x0000000800000000)
  region size 2048K, 1 young (2048K), 1 survivors (2048K)
 Metaspace       used 5818K, committed 6016K, reserved 1114112K
  class space    used 468K, committed 576K, reserved 1048576K
}
Event: 1.941 GC heap before
{Heap before GC invocations=2 (full 0):
 garbage-first heap   total 260096K, used 32307K [0x0000000702600000, 0x0000000800000000)
  region size 2048K, 14 young (28672K), 1 survivors (2048K)
 Metaspace       used 14039K, committed 14208K, reserved 1114112K
  class space    used 1443K, committed 1536K, reserved 1048576K
}
Event: 1.944 GC heap after
{Heap after GC invocations=3 (full 0):
 garbage-first heap   total 260096K, used 9700K [0x0000000702600000, 0x0000000800000000)
  region size 2048K, 2 young (4096K), 2 survivors (4096K)
 Metaspace       used 14039K, committed 14208K, reserved 1114112K
  class space    used 1443K, committed 1536K, reserved 1048576K
}
Event: 3.358 GC heap before
{Heap before GC invocations=3 (full 0):
 garbage-first heap   total 260096K, used 44516K [0x0000000702600000, 0x0000000800000000)
  region size 2048K, 20 young (40960K), 2 survivors (4096K)
 Metaspace       used 21324K, committed 21504K, reserved 1114112K
  class space    used 2277K, committed 2368K, reserved 1048576K
}
Event: 3.364 GC heap after
{Heap after GC invocations=4 (full 0):
 garbage-first heap   total 260096K, used 11165K [0x0000000702600000, 0x0000000800000000)
  region size 2048K, 2 young (4096K), 2 survivors (4096K)
 Metaspace       used 21324K, committed 21504K, reserved 1114112K
  class space    used 2277K, committed 2368K, reserved 1048576K
}
Event: 5.360 GC heap before
{Heap before GC invocations=5 (full 0):
 garbage-first heap   total 49152K, used 37789K [0x0000000702600000, 0x0000000800000000)
  region size 2048K, 10 young (20480K), 2 survivors (4096K)
 Metaspace       used 24086K, committed 24320K, reserved 1114112K
  class space    used 2611K, committed 2752K, reserved 1048576K
}
Event: 5.365 GC heap after
{Heap after GC invocations=6 (full 0):
 garbage-first heap   total 49152K, used 24018K [0x0000000702600000, 0x0000000800000000)
  region size 2048K, 3 young (6144K), 3 survivors (6144K)
 Metaspace       used 24086K, committed 24320K, reserved 1114112K
  class space    used 2611K, committed 2752K, reserved 1048576K
}
Event: 5.395 GC heap before
{Heap before GC invocations=6 (full 0):
 garbage-first heap   total 49152K, used 26066K [0x0000000702600000, 0x0000000800000000)
  region size 2048K, 4 young (8192K), 3 survivors (6144K)
 Metaspace       used 24428K, committed 24640K, reserved 1114112K
  class space    used 2653K, committed 2752K, reserved 1048576K
}
Event: 5.402 GC heap after
{Heap after GC invocations=7 (full 0):
 garbage-first heap   total 49152K, used 17868K [0x0000000702600000, 0x0000000800000000)
  region size 2048K, 1 young (2048K), 1 survivors (2048K)
 Metaspace       used 24428K, committed 24640K, reserved 1114112K
  class space    used 2653K, committed 2752K, reserved 1048576K
}
Event: 5.676 GC heap before
{Heap before GC invocations=7 (full 0):
 garbage-first heap   total 49152K, used 32204K [0x0000000702600000, 0x0000000800000000)
  region size 2048K, 8 young (16384K), 1 survivors (2048K)
 Metaspace       used 26696K, committed 26880K, reserved 1114112K
  class space    used 2933K, committed 3008K, reserved 1048576K
}
Event: 5.679 GC heap after
{Heap after GC invocations=8 (full 0):
 garbage-first heap   total 49152K, used 19474K [0x0000000702600000, 0x0000000800000000)
  region size 2048K, 1 young (2048K), 1 survivors (2048K)
 Metaspace       used 26696K, committed 26880K, reserved 1114112K
  class space    used 2933K, committed 3008K, reserved 1048576K
}
Event: 6.023 GC heap before
{Heap before GC invocations=8 (full 0):
 garbage-first heap   total 49152K, used 31762K [0x0000000702600000, 0x0000000800000000)
  region size 2048K, 8 young (16384K), 1 survivors (2048K)
 Metaspace       used 29900K, committed 30144K, reserved 1114112K
  class space    used 3319K, committed 3456K, reserved 1048576K
}
Event: 6.027 GC heap after
{Heap after GC invocations=9 (full 0):
 garbage-first heap   total 155648K, used 20647K [0x0000000702600000, 0x0000000800000000)
  region size 2048K, 1 young (2048K), 1 survivors (2048K)
 Metaspace       used 29900K, committed 30144K, reserved 1114112K
  class space    used 3319K, committed 3456K, reserved 1048576K
}
Event: 31.368 GC heap before
{Heap before GC invocations=9 (full 0):
 garbage-first heap   total 155648K, used 108711K [0x0000000702600000, 0x0000000800000000)
  region size 2048K, 41 young (83968K), 1 survivors (2048K)
 Metaspace       used 34101K, committed 34368K, reserved 1114112K
  class space    used 3702K, committed 3840K, reserved 1048576K
}
Event: 31.394 GC heap after
{Heap after GC invocations=10 (full 1):
 garbage-first heap   total 96256K, used 24120K [0x0000000702600000, 0x0000000800000000)
  region size 2048K, 0 young (0K), 0 survivors (0K)
 Metaspace       used 34101K, committed 34368K, reserved 1114112K
  class space    used 3702K, committed 3840K, reserved 1048576K
}
Event: 53.564 GC heap before
{Heap before GC invocations=10 (full 1):
 garbage-first heap   total 96256K, used 71224K [0x0000000702600000, 0x0000000800000000)
  region size 2048K, 23 young (47104K), 0 survivors (0K)
 Metaspace       used 34282K, committed 34560K, reserved 1114112K
  class space    used 3705K, committed 3840K, reserved 1048576K
}
Event: 53.565 GC heap after
{Heap after GC invocations=11 (full 1):
 garbage-first heap   total 96256K, used 24387K [0x0000000702600000, 0x0000000800000000)
  region size 2048K, 1 young (2048K), 1 survivors (2048K)
 Metaspace       used 34282K, committed 34560K, reserved 1114112K
  class space    used 3705K, committed 3840K, reserved 1048576K
}

Dll operation events (14 events):
Event: 0.009 Loaded shared library C:\Users\HP\.jdks\corretto-17.0.7\bin\java.dll
Event: 0.021 Loaded shared library C:\Users\HP\.jdks\corretto-17.0.7\bin\jsvml.dll
Event: 0.173 Loaded shared library C:\Users\HP\.jdks\corretto-17.0.7\bin\zip.dll
Event: 0.175 Loaded shared library C:\Users\HP\.jdks\corretto-17.0.7\bin\instrument.dll
Event: 0.182 Loaded shared library C:\Users\HP\.jdks\corretto-17.0.7\bin\net.dll
Event: 0.184 Loaded shared library C:\Users\HP\.jdks\corretto-17.0.7\bin\nio.dll
Event: 0.188 Loaded shared library C:\Users\HP\.jdks\corretto-17.0.7\bin\zip.dll
Event: 0.289 Loaded shared library C:\Program Files\JetBrains\IntelliJ IDEA Community Edition 2021.3.2\bin\breakgen64.dll
Event: 0.466 Loaded shared library C:\Users\HP\.jdks\corretto-17.0.7\bin\jimage.dll
Event: 0.470 Loaded shared library C:\Users\HP\.jdks\corretto-17.0.7\bin\awt.dll
Event: 1.326 Loaded shared library C:\Users\HP\.skiko\0de0d8dd8554d9bb66cfca3837db6514ff9b71080e998917280a3b777460a416\skiko-windows-x64.dll
Event: 1.906 Loaded shared library C:\Users\HP\.jdks\corretto-17.0.7\bin\freetype.dll
Event: 1.907 Loaded shared library C:\Users\HP\.jdks\corretto-17.0.7\bin\fontmanager.dll
Event: 5.913 Loaded shared library C:\Users\HP\AppData\Local\io-realm-kotlin\f7113120ba00ba1ff91d696eecd3919e85a4e34e\realmc.dll

Deoptimization events (20 events):
Event: 53.975 Thread 0x00000256ec50c780 Uncommon trap: trap_request=0xffffffde fr.pc=0x00000256d3884ee0 relative=0x0000000000000060
Event: 53.975 Thread 0x00000256ec50c780 Uncommon trap: reason=class_check action=maybe_recompile pc=0x00000256d3884ee0 method=kotlinx.coroutines.AbstractCoroutine.afterResume(Ljava/lang/Object;)V @ 2 c2
Event: 53.975 Thread 0x00000256ec50c780 DEOPT PACKING pc=0x00000256d3884ee0 sp=0x000000c3a85fece0
Event: 53.975 Thread 0x00000256ec50c780 DEOPT UNPACKING pc=0x00000256d32c69a3 sp=0x000000c3a85fec68 mode 2
Event: 53.975 Thread 0x00000256ec50c780 Uncommon trap: trap_request=0xffffffc6 fr.pc=0x00000256d389268c relative=0x000000000000010c
Event: 53.975 Thread 0x00000256ec50c780 Uncommon trap: reason=bimorphic_or_optimized_type_check action=maybe_recompile pc=0x00000256d389268c method=kotlinx.coroutines.DispatchedTaskKt.dispatch(Lkotlinx/coroutines/DispatchedTask;I)V @ 91 c2
Event: 53.975 Thread 0x00000256ec50c780 DEOPT PACKING pc=0x00000256d389268c sp=0x000000c3a85fe660
Event: 53.975 Thread 0x00000256ec50c780 DEOPT UNPACKING pc=0x00000256d32c69a3 sp=0x000000c3a85fe628 mode 2
Event: 53.975 Thread 0x00000256ec50d120 Uncommon trap: trap_request=0xffffff45 fr.pc=0x00000256d3a916e8 relative=0x0000000000000888
Event: 53.975 Thread 0x00000256ec50d120 Uncommon trap: reason=unstable_if action=reinterpret pc=0x00000256d3a916e8 method=kotlinx.coroutines.CancellableContinuationImpl.getExceptionalResult$kotlinx_coroutines_core(Ljava/lang/Object;)Ljava/lang/Throwable; @ 6 c2
Event: 53.975 Thread 0x00000256ec50d120 DEOPT PACKING pc=0x00000256d3a916e8 sp=0x000000c3a7fff120
Event: 53.975 Thread 0x00000256ec50d120 DEOPT UNPACKING pc=0x00000256d32c69a3 sp=0x000000c3a7ffeff0 mode 2
Event: 53.977 Thread 0x00000256ec50d120 Uncommon trap: trap_request=0xffffffde fr.pc=0x00000256d3884ee0 relative=0x0000000000000060
Event: 53.977 Thread 0x00000256ec50d120 Uncommon trap: reason=class_check action=maybe_recompile pc=0x00000256d3884ee0 method=kotlinx.coroutines.AbstractCoroutine.afterResume(Ljava/lang/Object;)V @ 2 c2
Event: 53.977 Thread 0x00000256ec50d120 DEOPT PACKING pc=0x00000256d3884ee0 sp=0x000000c3a7fff010
Event: 53.977 Thread 0x00000256ec50d120 DEOPT UNPACKING pc=0x00000256d32c69a3 sp=0x000000c3a7ffef98 mode 2
Event: 53.979 Thread 0x00000256ec50c780 Uncommon trap: trap_request=0xffffffde fr.pc=0x00000256d3884ee0 relative=0x0000000000000060
Event: 53.979 Thread 0x00000256ec50c780 Uncommon trap: reason=class_check action=maybe_recompile pc=0x00000256d3884ee0 method=kotlinx.coroutines.AbstractCoroutine.afterResume(Ljava/lang/Object;)V @ 2 c2
Event: 53.979 Thread 0x00000256ec50c780 DEOPT PACKING pc=0x00000256d3884ee0 sp=0x000000c3a85ff1f0
Event: 53.979 Thread 0x00000256ec50c780 DEOPT UNPACKING pc=0x00000256d32c69a3 sp=0x000000c3a85ff178 mode 2

Classes unloaded (0 events):
No events

Classes redefined (0 events):
No events

Internal exceptions (20 events):
Event: 0.505 Thread 0x00000256c2a64b40 Exception <a 'java/io/FileNotFoundException'{0x00000007122b73b8}> (0x00000007122b73b8) 
thrown [s\src\hotspot\share\prims\jni.cpp, line 516]
Event: 0.796 Thread 0x00000256e7cc2cd0 Exception <a 'java/lang/NoSuchMethodError'{0x00000007123e60f0}: 'java.lang.Object java.lang.invoke.DirectMethodHandle$Holder.invokeStaticInit(java.lang.Object, int, int, int, int)'> (0x00000007123e60f0) 
thrown [s\src\hotspot\share\interpreter\linkResolver.cpp, line 759]
Event: 0.874 Thread 0x00000256e7cc2cd0 Exception <a 'java/lang/NoSuchMethodError'{0x00000007120cc278}: 'java.lang.Object java.lang.invoke.DirectMethodHandle$Holder.invokeStaticInit(java.lang.Object, java.lang.Object, int, int, int, int)'> (0x00000007120cc278) 
thrown [s\src\hotspot\share\interpreter\linkResolver.cpp, line 759]
Event: 1.058 Thread 0x00000256e7cc2cd0 Exception <a 'java/lang/NoSuchMethodError'{0x0000000711c24eb8}: 'double java.lang.invoke.DirectMethodHandle$Holder.invokeStatic(java.lang.Object, double)'> (0x0000000711c24eb8) 
thrown [s\src\hotspot\share\interpreter\linkResolver.cpp, line 759]
Event: 1.060 Thread 0x00000256e7cc2cd0 Exception <a 'java/lang/NoSuchMethodError'{0x0000000711c28918}: 'double java.lang.invoke.DirectMethodHandle$Holder.invokeStaticInit(java.lang.Object, double)'> (0x0000000711c28918) 
thrown [s\src\hotspot\share\interpreter\linkResolver.cpp, line 759]
Event: 1.077 Thread 0x00000256e7cc2cd0 Exception <a 'java/lang/NoSuchMethodError'{0x0000000711cf5b48}: 'java.lang.Object java.lang.invoke.DirectMethodHandle$Holder.newInvokeSpecial(java.lang.Object, double)'> (0x0000000711cf5b48) 
thrown [s\src\hotspot\share\interpreter\linkResolver.cpp, line 759]
Event: 1.635 Thread 0x00000256e7cc2cd0 Exception <a 'java/lang/NoSuchMethodError'{0x0000000710c71558}: 'void java.lang.invoke.DirectMethodHandle$Holder.invokeSpecial(java.lang.Object, java.lang.Object, java.lang.Object)'> (0x0000000710c71558) 
thrown [s\src\hotspot\share\interpreter\linkResolver.cpp, line 759]
Event: 1.651 Thread 0x00000256e7cc2cd0 Exception <a 'java/lang/NoSuchMethodError'{0x0000000710c9b6e8}: 'java.lang.Object java.lang.invoke.DirectMethodHandle$Holder.newInvokeSpecial(java.lang.Object, java.lang.Object, java.lang.Object, java.lang.Object, java.lang.Object)'> (0x0000000710c9b6e8) 
thrown [s\src\hotspot\share\interpreter\linkResolver.cpp, line 759]
Event: 1.655 Thread 0x00000256e7cc2cd0 Exception <a 'java/lang/NoSuchMethodError'{0x0000000710ca75b8}: 'java.lang.Object java.lang.invoke.DirectMethodHandle$Holder.invokeStatic(java.lang.Object, int, java.lang.Object, java.lang.Object, java.lang.Object, java.lang.Object)'> (0x0000000710ca75b8) 
thrown [s\src\hotspot\share\interpreter\linkResolver.cpp, line 759]
Event: 1.665 Thread 0x00000256e7cc2cd0 Exception <a 'java/lang/NoSuchMethodError'{0x0000000710ccd020}: 'java.lang.Object java.lang.invoke.DirectMethodHandle$Holder.invokeStatic(java.lang.Object, int, java.lang.Object)'> (0x0000000710ccd020) 
thrown [s\src\hotspot\share\interpreter\linkResolver.cpp, line 759]
Event: 1.707 Thread 0x00000256e7cc2cd0 Exception <a 'java/lang/ClassNotFoundException'{0x0000000710d89308}: com/sun/swing/internal/plaf/metal/resources/spi/metalProvider> (0x0000000710d89308) 
thrown [s\src\hotspot\share\classfile\systemDictionary.cpp, line 256]
Event: 1.712 Thread 0x00000256e7cc2cd0 Exception <a 'java/lang/ClassNotFoundException'{0x0000000710d8d2a8}: com/sun/swing/internal/plaf/basic/resources/spi/basicProvider> (0x0000000710d8d2a8) 
thrown [s\src\hotspot\share\classfile\systemDictionary.cpp, line 256]
Event: 1.725 Thread 0x00000256e7cc2cd0 Implicit null exception at 0x00000256d383c990 to 0x00000256d383cd64
Event: 1.725 Thread 0x00000256e7cc2cd0 Implicit null exception at 0x00000256d3838590 to 0x00000256d3838948
Event: 1.763 Thread 0x00000256e7cc2cd0 Exception <a 'java/lang/NoSuchMethodError'{0x0000000710a9eea0}: 'void java.lang.invoke.DirectMethodHandle$Holder.invokeStatic(java.lang.Object, java.lang.Object, java.lang.Object)'> (0x0000000710a9eea0) 
thrown [s\src\hotspot\share\interpreter\linkResolver.cpp, line 759]
Event: 1.900 Thread 0x00000256e7cc2cd0 Exception <a 'java/lang/NoSuchMethodError'{0x000000071097bbb8}: 'void java.lang.invoke.DirectMethodHandle$Holder.invokeStaticInit(java.lang.Object)'> (0x000000071097bbb8) 
thrown [s\src\hotspot\share\interpreter\linkResolver.cpp, line 759]
Event: 2.175 Thread 0x00000256e7cc2cd0 Exception <a 'java/lang/NoSuchMethodError'{0x0000000711c0d6c8}: 'int java.lang.invoke.DirectMethodHandle$Holder.invokeStaticInit(java.lang.Object, java.lang.Object, java.lang.Object)'> (0x0000000711c0d6c8) 
thrown [s\src\hotspot\share\interpreter\linkResolver.cpp, line 759]
Event: 2.642 Thread 0x00000256e7d3be90 Exception <a 'java/lang/NoSuchMethodError'{0x0000000710800b68}: 'void java.lang.invoke.DirectMethodHandle$Holder.invokeVirtual(java.lang.Object, java.lang.Object)'> (0x0000000710800b68) 
thrown [s\src\hotspot\share\interpreter\linkResolver.cpp, line 759]
Event: 5.211 Thread 0x00000256e7cc2cd0 Exception <a 'java/lang/NoSuchMethodError'{0x0000000704bc6310}: 'int java.lang.invoke.DirectMethodHandle$Holder.invokeStaticInit(java.lang.Object, long, long)'> (0x0000000704bc6310) 
thrown [s\src\hotspot\share\interpreter\linkResolver.cpp, line 759]
Event: 5.814 Thread 0x00000256e7cc2cd0 Exception <a 'java/lang/NoSuchMethodError'{0x000000070f98a768}: 'java.lang.Object java.lang.invoke.DirectMethodHandle$Holder.newInvokeSpecial(java.lang.Object, int, java.lang.Object)'> (0x000000070f98a768) 
thrown [s\src\hotspot\share\interpreter\linkResolver.cpp, line 759]

VM Operations (20 events):
Event: 33.410 Executing VM operation: Cleanup
Event: 33.411 Executing VM operation: Cleanup done
Event: 35.435 Executing VM operation: Cleanup
Event: 35.435 Executing VM operation: Cleanup done
Event: 36.442 Executing VM operation: Cleanup
Event: 36.442 Executing VM operation: Cleanup done
Event: 37.443 Executing VM operation: Cleanup
Event: 37.443 Executing VM operation: Cleanup done
Event: 38.447 Executing VM operation: Cleanup
Event: 38.448 Executing VM operation: Cleanup done
Event: 39.462 Executing VM operation: Cleanup
Event: 39.463 Executing VM operation: Cleanup done
Event: 40.471 Executing VM operation: Cleanup
Event: 40.471 Executing VM operation: Cleanup done
Event: 47.560 Executing VM operation: Cleanup
Event: 47.560 Executing VM operation: Cleanup done
Event: 48.573 Executing VM operation: Cleanup
Event: 48.573 Executing VM operation: Cleanup done
Event: 53.564 Executing VM operation: G1CollectForAllocation
Event: 53.565 Executing VM operation: G1CollectForAllocation done

Events (20 events):
Event: 21.798 Thread 0x00000256e709ea20 flushing nmethod 0x00000256cc5cce10
Event: 21.798 Thread 0x00000256e709ea20 flushing nmethod 0x00000256cc5e4290
Event: 21.798 Thread 0x00000256e709ea20 flushing nmethod 0x00000256cc609410
Event: 21.798 Thread 0x00000256e709ea20 flushing nmethod 0x00000256cc616810
Event: 21.798 Thread 0x00000256e709ea20 flushing nmethod 0x00000256cc648710
Event: 21.798 Thread 0x00000256e709ea20 flushing nmethod 0x00000256cc687990
Event: 21.798 Thread 0x00000256e709ea20 flushing nmethod 0x00000256cc703410
Event: 21.798 Thread 0x00000256e709ea20 flushing nmethod 0x00000256cc703790
Event: 21.798 Thread 0x00000256e709ea20 flushing nmethod 0x00000256cc725a10
Event: 53.938 loading class jdk/internal/misc/Signal$1
Event: 53.938 loading class jdk/internal/misc/Signal$1 done
Event: 53.938 Thread 0x00000256ec50c2b0 Thread added: 0x00000256ec50c2b0
Event: 53.939 Thread 0x00000256ec50c780 Thread added: 0x00000256ec50c780
Event: 53.939 Thread 0x00000256ec507f50 Thread added: 0x00000256ec507f50
Event: 53.939 Thread 0x00000256ec506740 Thread added: 0x00000256ec506740
Event: 53.947 Thread 0x00000256ec506740 Thread exited: 0x00000256ec506740
Event: 53.953 Thread 0x00000256e7d3be90 Thread exited: 0x00000256e7d3be90
Event: 53.980 Thread 0x00000256ec50d120 Thread exited: 0x00000256ec50d120
Event: 53.980 Thread 0x00000256ec7ea100 Thread exited: 0x00000256ec7ea100
Event: 53.981 Thread 0x00000256ec50c780 Thread exited: 0x00000256ec50c780


Dynamic libraries:
0x00007ff7eeda0000 - 0x00007ff7eedad000 	C:\Users\HP\.jdks\corretto-17.0.7\bin\java.exe
0x00007ffee9b50000 - 0x00007ffee9d48000 	C:\Windows\SYSTEM32\ntdll.dll
0x00007ffee90d0000 - 0x00007ffee918f000 	C:\Windows\System32\KERNEL32.DLL
0x00007ffee7790000 - 0x00007ffee7a86000 	C:\Windows\System32\KERNELBASE.dll
0x00007ffee7410000 - 0x00007ffee7510000 	C:\Windows\System32\ucrtbase.dll
0x00007ffedbcc0000 - 0x00007ffedbcd7000 	C:\Users\HP\.jdks\corretto-17.0.7\bin\jli.dll
0x00007ffeced70000 - 0x00007ffeced85000 	C:\Users\HP\.jdks\corretto-17.0.7\bin\VCRUNTIME140.dll
0x00007ffee9970000 - 0x00007ffee9b0d000 	C:\Windows\System32\USER32.dll
0x00007ffecd150000 - 0x00007ffecd3ea000 	C:\Windows\WinSxS\amd64_microsoft.windows.common-controls_6595b64144ccf1df_6.0.19041.1110_none_60b5254171f9507e\COMCTL32.dll
0x00007ffee76c0000 - 0x00007ffee76e2000 	C:\Windows\System32\win32u.dll
0x00007ffee8310000 - 0x00007ffee83ae000 	C:\Windows\System32\msvcrt.dll
0x00007ffee90a0000 - 0x00007ffee90cc000 	C:\Windows\System32\GDI32.dll
0x00007ffee7a90000 - 0x00007ffee7ba5000 	C:\Windows\System32\gdi32full.dll
0x00007ffee72c0000 - 0x00007ffee735d000 	C:\Windows\System32\msvcp_win.dll
0x00007ffee8600000 - 0x00007ffee8630000 	C:\Windows\System32\IMM32.DLL
0x00007ffec1e20000 - 0x00007ffec1ebb000 	C:\Users\HP\.jdks\corretto-17.0.7\bin\msvcp140.dll
0x00007ffea5510000 - 0x00007ffea612a000 	C:\Users\HP\.jdks\corretto-17.0.7\bin\server\jvm.dll
0x00007ffee8630000 - 0x00007ffee86df000 	C:\Windows\System32\ADVAPI32.dll
0x00007ffee8560000 - 0x00007ffee85fc000 	C:\Windows\System32\sechost.dll
0x00007ffee7d70000 - 0x00007ffee7e96000 	C:\Windows\System32\RPCRT4.dll
0x00007ffee0fa0000 - 0x00007ffee0fa9000 	C:\Windows\SYSTEM32\WSOCK32.dll
0x00007ffedb320000 - 0x00007ffedb32a000 	C:\Windows\SYSTEM32\VERSION.dll
0x00007ffecca00000 - 0x00007ffecca27000 	C:\Windows\SYSTEM32\WINMM.dll
0x00007ffee8e70000 - 0x00007ffee8edb000 	C:\Windows\System32\WS2_32.dll
0x00007ffee5a20000 - 0x00007ffee5a32000 	C:\Windows\SYSTEM32\kernel.appcore.dll
0x00007ffedf290000 - 0x00007ffedf29a000 	C:\Users\HP\.jdks\corretto-17.0.7\bin\jimage.dll
0x00007ffee1f40000 - 0x00007ffee2124000 	C:\Windows\SYSTEM32\DBGHELP.DLL
0x00007ffecec70000 - 0x00007ffececa4000 	C:\Windows\SYSTEM32\dbgcore.DLL
0x00007ffee7230000 - 0x00007ffee72b2000 	C:\Windows\System32\bcryptPrimitives.dll
0x00007ffedf260000 - 0x00007ffedf26e000 	C:\Users\HP\.jdks\corretto-17.0.7\bin\instrument.dll
0x00007ffeca980000 - 0x00007ffeca9a5000 	C:\Users\HP\.jdks\corretto-17.0.7\bin\java.dll
0x00007ffebaa40000 - 0x00007ffebab16000 	C:\Users\HP\.jdks\corretto-17.0.7\bin\jsvml.dll
0x00007ffee9190000 - 0x00007ffee98d4000 	C:\Windows\System32\SHELL32.dll
0x00007ffee2130000 - 0x00007ffee28c4000 	C:\Windows\SYSTEM32\windows.storage.dll
0x00007ffee8890000 - 0x00007ffee8be4000 	C:\Windows\System32\combase.dll
0x00007ffee6ab0000 - 0x00007ffee6ade000 	C:\Windows\SYSTEM32\Wldp.dll
0x00007ffee8f90000 - 0x00007ffee903d000 	C:\Windows\System32\SHCORE.dll
0x00007ffee9040000 - 0x00007ffee9095000 	C:\Windows\System32\shlwapi.dll
0x00007ffee7160000 - 0x00007ffee7185000 	C:\Windows\SYSTEM32\profapi.dll
0x00007ffec7110000 - 0x00007ffec7128000 	C:\Users\HP\.jdks\corretto-17.0.7\bin\zip.dll
0x00007ffeca7f0000 - 0x00007ffeca809000 	C:\Users\HP\.jdks\corretto-17.0.7\bin\net.dll
0x00007ffed8570000 - 0x00007ffed867a000 	C:\Windows\SYSTEM32\WINHTTP.dll
0x00007ffee6890000 - 0x00007ffee68fa000 	C:\Windows\system32\mswsock.dll
0x00007ffec73c0000 - 0x00007ffec73d5000 	C:\Users\HP\.jdks\corretto-17.0.7\bin\nio.dll
0x00007ffedd130000 - 0x00007ffedd14a000 	C:\Program Files\JetBrains\IntelliJ IDEA Community Edition 2021.3.2\bin\breakgen64.dll
0x00007ffea90e0000 - 0x00007ffea9289000 	C:\Users\HP\.jdks\corretto-17.0.7\bin\awt.dll
0x00007ffee87c0000 - 0x00007ffee888d000 	C:\Windows\System32\OLEAUT32.dll
0x00007ffee0ec0000 - 0x00007ffee0f51000 	C:\Windows\SYSTEM32\apphelp.dll
0x00007ffee1180000 - 0x00007ffee121e000 	C:\Windows\system32\uxtheme.dll
0x00007ffee8440000 - 0x00007ffee8554000 	C:\Windows\System32\MSCTF.dll
0x00007ffee8c00000 - 0x00007ffee8d2a000 	C:\Windows\System32\ole32.dll
0x00007ffee1320000 - 0x00007ffee134f000 	C:\Windows\system32\DWMAPI.DLL
0x00007ffeb5d50000 - 0x00007ffeb5e75000 	C:\Windows\system32\opengl32.dll
0x00007ffeb67f0000 - 0x00007ffeb681c000 	C:\Windows\SYSTEM32\GLU32.dll
0x00007ffee6af0000 - 0x00007ffee6b08000 	C:\Windows\SYSTEM32\CRYPTSP.dll
0x00007ffee61d0000 - 0x00007ffee6204000 	C:\Windows\system32\rsaenh.dll
0x00007ffee7760000 - 0x00007ffee7787000 	C:\Windows\System32\bcrypt.dll
0x00007ffee7120000 - 0x00007ffee714e000 	C:\Windows\SYSTEM32\USERENV.dll
0x00007ffee6a20000 - 0x00007ffee6a2c000 	C:\Windows\SYSTEM32\CRYPTBASE.dll
0x00007ffee65a0000 - 0x00007ffee65dc000 	C:\Windows\SYSTEM32\IPHLPAPI.DLL
0x00007ffee7d60000 - 0x00007ffee7d68000 	C:\Windows\System32\NSI.dll
0x00007ffeda430000 - 0x00007ffeda447000 	C:\Windows\SYSTEM32\dhcpcsvc6.DLL
0x00007ffed8d80000 - 0x00007ffed8d9d000 	C:\Windows\SYSTEM32\dhcpcsvc.DLL
0x00007ffee65e0000 - 0x00007ffee66aa000 	C:\Windows\SYSTEM32\DNSAPI.dll
0x00007ffe9d3a0000 - 0x00007ffe9e3ec000 	C:\Users\HP\.skiko\0de0d8dd8554d9bb66cfca3837db6514ff9b71080e998917280a3b777460a416\skiko-windows-x64.dll
0x00007ffec27c0000 - 0x00007ffec2843000 	C:\Users\HP\.jdks\corretto-17.0.7\bin\freetype.dll
0x00007ffeb1cf0000 - 0x00007ffeb1db2000 	C:\Users\HP\.jdks\corretto-17.0.7\bin\fontmanager.dll
0x00007ffedf250000 - 0x00007ffedf257000 	C:\Users\HP\.jdks\corretto-17.0.7\bin\jawt.dll
0x00007ffee5a90000 - 0x00007ffee5b83000 	C:\Windows\SYSTEM32\Dxgi.dll
0x00007ffedc060000 - 0x00007ffedc080000 	C:\Windows\SYSTEM32\D3D12.dll
0x00007ffea4fe0000 - 0x00007ffea51ad000 	C:\Windows\SYSTEM32\D3D12Core.dll
0x00007ffeda9e0000 - 0x00007ffedaa1b000 	C:\Windows\SYSTEM32\dxcore.dll
0x00007ffee7670000 - 0x00007ffee76be000 	C:\Windows\System32\cfgmgr32.dll
0x00007ffed4390000 - 0x00007ffed6fa9000 	C:\Windows\System32\DriverStore\FileRepository\igdlh64.inf_amd64_e6daaea9afe1e6f6\igc64.dll
0x00007ffe72ab0000 - 0x00007ffe73f83000 	C:\Windows\System32\DriverStore\FileRepository\igdlh64.inf_amd64_e6daaea9afe1e6f6\igd12umd64.dll
0x00007ffeda000000 - 0x00007ffeda257000 	C:\Windows\System32\DriverStore\FileRepository\igdlh64.inf_amd64_e6daaea9afe1e6f6\igdgmm64.dll
0x00007ffea2920000 - 0x00007ffea2d2b000 	C:\Windows\System32\DriverStore\FileRepository\igdlh64.inf_amd64_e6daaea9afe1e6f6\igdml64.dll
0x00007ffec7460000 - 0x00007ffec748b000 	C:\Windows\SYSTEM32\D3DSCache.dll
0x00007ffe51780000 - 0x00007ffe55f82000 	C:\Windows\System32\DriverStore\FileRepository\igdlh64.inf_amd64_e6daaea9afe1e6f6\igd12dxva64.dll
0x00007ffee7ea0000 - 0x00007ffee830e000 	C:\Windows\System32\SETUPAPI.dll
0x00007ffe96bf0000 - 0x00007ffe96c17000 	C:\Windows\System32\DriverStore\FileRepository\igdlh64.inf_amd64_e6daaea9afe1e6f6\igdinfo64.dll
0x00007ffeddf50000 - 0x00007ffede157000 	C:\Windows\SYSTEM32\twinapi.appcore.dll
0x00007ffee8ee0000 - 0x00007ffee8f89000 	C:\Windows\System32\clbcatq.dll
0x00007ffe744c0000 - 0x00007ffe75492000 	C:\Windows\System32\DriverStore\FileRepository\igdlh64.inf_amd64_e6daaea9afe1e6f6\ig9icd64.dll
0x00007ffee7090000 - 0x00007ffee70db000 	C:\Windows\SYSTEM32\powrprof.dll
0x00007ffee7070000 - 0x00007ffee7082000 	C:\Windows\SYSTEM32\UMPDC.dll
0x00007ffed2250000 - 0x00007ffed24cf000 	C:\Windows\SYSTEM32\dwrite.dll
0x00007ffed3ec0000 - 0x00007ffed3fb9000 	C:\Windows\SYSTEM32\textinputframework.dll
0x00007ffee0460000 - 0x00007ffee07be000 	C:\Windows\System32\CoreUIComponents.dll
0x00007ffee0b40000 - 0x00007ffee0c32000 	C:\Windows\System32\CoreMessaging.dll
0x00007ffee62f0000 - 0x00007ffee6323000 	C:\Windows\SYSTEM32\ntmarta.dll
0x00007ffedf450000 - 0x00007ffedf5a4000 	C:\Windows\SYSTEM32\wintypes.dll
0x00007ffe60f60000 - 0x00007ffe61812000 	C:\Users\HP\AppData\Local\io-realm-kotlin\f7113120ba00ba1ff91d696eecd3919e85a4e34e\realmc.dll
0x00007ffee7510000 - 0x00007ffee766e000 	C:\Windows\System32\CRYPT32.dll

dbghelp: loaded successfully - version: 4.0.5 - missing functions: none
symbol engine: initialized successfully - sym options: 0x614 - pdb path: .;C:\Users\HP\.jdks\corretto-17.0.7\bin;C:\Windows\SYSTEM32;C:\Windows\WinSxS\amd64_microsoft.windows.common-controls_6595b64144ccf1df_6.0.19041.1110_none_60b5254171f9507e;C:\Users\HP\.jdks\corretto-17.0.7\bin\server;C:\Program Files\JetBrains\IntelliJ IDEA Community Edition 2021.3.2\bin;C:\Users\HP\.skiko\0de0d8dd8554d9bb66cfca3837db6514ff9b71080e998917280a3b777460a416;C:\Windows\System32\DriverStore\FileRepository\igdlh64.inf_amd64_e6daaea9afe1e6f6;C:\Users\HP\AppData\Local\io-realm-kotlin\f7113120ba00ba1ff91d696eecd3919e85a4e34e

VM Arguments:
jvm_args: -Djava.library.path=C:\Users\HP\Desktop\newderar\build\classes\kotlin\jvm\main;C:\Users\HP\Desktop\newderar\build\processedResources\jvm\main -javaagent:C:\Program Files\JetBrains\IntelliJ IDEA Community Edition 2021.3.2\lib\idea_rt.jar=55578:C:\Program Files\JetBrains\IntelliJ IDEA Community Edition 2021.3.2\bin -Dfile.encoding=UTF-8 
java_command: MainKt
java_class_path (initial): C:\Users\HP\Desktop\newderar\build\classes\kotlin\jvm\main;C:\Users\HP\Desktop\newderar\build\processedResources\jvm\main;C:\Users\HP\.gradle\caches\modules-2\files-2.1\io.insert-koin\koin-androidx-compose\3.4.5\ae0a88b7a68d507e651c5a3d70a541594bea54cb\koin-androidx-compose-3.4.5.aar;C:\Users\HP\.gradle\caches\modules-2\files-2.1\androidx.navigation\navigation-compose\2.6.0\3f8ce7b0bad21cced0c47b42b6347c65a6e422c3\navigation-compose-2.6.0.aar;C:\Users\HP\.gradle\caches\modules-2\files-2.1\org.jetbrains.kotlin\kotlin-stdlib-jdk8\1.8.21\67f57e154437cd9e6e9cf368394b95814836ff88\kotlin-stdlib-jdk8-1.8.21.jar;C:\Users\HP\.gradle\caches\modules-2\files-2.1\org.apache.poi\poi-ooxml\4.1.2\87d9a22aa9a7dd26e80c360e709f7ee02e32ab3b\poi-ooxml-4.1.2.jar;C:\Users\HP\.gradle\caches\modules-2\files-2.1\org.apache.poi\poi\4.1.2\964bf41cf68bce08e4ef6b2279b559fdf8d454f4\poi-4.1.2.jar;C:\Users\HP\.gradle\caches\modules-2\files-2.1\org.lwjgl\lwjgl-nfd\3.3.1\622318116996ddcff449b46cb38f0fdee39b8ac3\lwjgl-nfd-3.3.1.jar;C:\Users\HP\.gradle\caches\modules-2\files-2.1\org.lwjgl\lwjgl-nfd\3.3.1\2e007667e04ed3281152ae5c6e677fb1c2211691\lwjgl-nfd-3.3.1-natives-linux.jar;C:\Users\HP\.gradle\caches\modules-2\files-2.1\org.lwjgl\lwjgl\3.3.1\ae58664f88e18a9bb2c77b063833ca7aaec484cb\lwjgl-3.3.1.jar;C:\Users\HP\.gradle\caches\modules-2\files-2.1\io.insert-koin\koin-android\3.4.0\48715fbe06102a59a30bd45b06ed2400c16c6f45\koin-android-3.4.0.aar;C:\Users\HP\.gradle\caches\modules-2\files-2.1\org.lwjgl\lwjgl-nfd\3.3.1\b3e04e317f55dd738d8a345cdafd15b39f85a2ea\lwjgl-nfd-3.3.1-natives-linux-arm32.jar;C:\Users\HP\.gradle\caches\modules-2\files-2.1\androidx.lifecycle\lifecycle-viewmodel-compose\2.6.1\38cf3bb65ff3e0e5c3d63de2ebf5411d0898108c\lifecycle-viewmodel-compose-2.6.1.aar;C:\Users\HP\.gradle\caches\modules-2\files-2.1\org.lwjgl\lwjgl-nfd\3.3.1\f41dc62336f7ee4ab35705cfa440cc903d199165\lwjgl-nfd-3.3.1-natives-linux-arm64.jar;C:\Users\HP\.gradle\caches\modules-2\files-2.1\androi
Launcher Type: SUN_STANDARD

[Global flags]
     intx CICompilerCount                          = 3                                         {product} {ergonomic}
     uint ConcGCThreads                            = 1                                         {product} {ergonomic}
     uint G1ConcRefinementThreads                  = 4                                         {product} {ergonomic}
   size_t G1HeapRegionSize                         = 2097152                                   {product} {ergonomic}
    uintx GCDrainStackTargetSize                   = 64                                        {product} {ergonomic}
   size_t InitialHeapSize                          = 266338304                                 {product} {ergonomic}
   size_t MarkStackSize                            = 4194304                                   {product} {ergonomic}
   size_t MaxHeapSize                              = 4255121408                                {product} {ergonomic}
   size_t MaxNewSize                               = 2552233984                                {product} {ergonomic}
   size_t MinHeapDeltaBytes                        = 2097152                                   {product} {ergonomic}
   size_t MinHeapSize                              = 8388608                                   {product} {ergonomic}
    uintx NonNMethodCodeHeapSize                   = 5832780                                {pd product} {ergonomic}
    uintx NonProfiledCodeHeapSize                  = 122912730                              {pd product} {ergonomic}
    uintx ProfiledCodeHeapSize                     = 122912730                              {pd product} {ergonomic}
    uintx ReservedCodeCacheSize                    = 251658240                              {pd product} {ergonomic}
     bool SegmentedCodeCache                       = true                                      {product} {ergonomic}
   size_t SoftMaxHeapSize                          = 4255121408                             {manageable} {ergonomic}
     bool UseCompressedClassPointers               = true                           {product lp64_product} {ergonomic}
     bool UseCompressedOops                        = true                           {product lp64_product} {ergonomic}
     bool UseG1GC                                  = true                                      {product} {ergonomic}
     bool UseLargePagesIndividualAllocation        = false                                  {pd product} {ergonomic}

Logging:
Log output configuration:
 #0: stdout all=warning uptime,level,tags
 #1: stderr all=off uptime,level,tags

Environment Variables:
PATH=C:\Program Files\Common Files\Oracle\Java\javapath;C:\Program Files (x86)\Common Files\Oracle\Java\javapath;C:\Windows\system32;C:\Windows;C:\Windows\System32\Wbem;C:\Windows\System32\WindowsPowerShell\v1.0\;C:\Windows\System32\OpenSSH\;C:\xampp\php;C:\ProgramData\ComposerSetup\bin;C:\Program Files\nodejs\;C:\Program Files (x86)\Intel\Intel(R) Management Engine Components\DAL;C:\Program Files\Intel\Intel(R) Management Engine Components\DAL;C:\Program Files\Git\cmd;C:\Program Files\Fortect;C:\Users\HP\AppData\Local\Microsoft\WindowsApps;C:\Program Files\JetBrains\IntelliJ IDEA Community Edition 2021.3.2\bin;C:\Users\HP\AppData\Local\Programs\Microsoft VS Code\bin;C:\Users\HP\AppData\Local\JetBrains\Toolbox\scripts;C:\Users\HP\AppData\Local\GitHubDesktop\bin;C:\Users\HP\Desktop\camp\flutter_windows_3.7.6-stable\flutter\bin;C:\Users\HP\AppData\Roaming\Composer\vendor\bin;C:\Users\HP\AppData\Roaming\npm
USERNAME=HP
OS=Windows_NT
PROCESSOR_IDENTIFIER=Intel64 Family 6 Model 142 Stepping 9, GenuineIntel
TMP=C:\Users\HP\AppData\Local\Temp
TEMP=C:\Users\HP\AppData\Local\Temp



---------------  S Y S T E M  ---------------

OS:
 Windows 10 , 64 bit Build 19041 (10.0.19041.3155)
OS uptime: 2 days 14:27 hours
Hyper-V role detected

CPU: total 4 (initial active 4) (2 cores per cpu, 2 threads per core) family 6 model 142 stepping 9 microcode 0xf2, cx8, cmov, fxsr, ht, mmx, 3dnowpref, sse, sse2, sse3, ssse3, sse4.1, sse4.2, popcnt, lzcnt, tsc, tscinvbit, avx, avx2, aes, erms, clmul, bmi1, bmi2, rtm, adx, fma, vzeroupper, clflush, clflushopt, hv

Memory: 4k page, system-wide physical 16224M (5565M free)
TotalPageFile size 32096M (AvailPageFile size 19729M)
current process WorkingSet (physical memory assigned to process): 284M, peak: 351M
current process commit charge ("private bytes"): 298M, peak: 440M

vm_info: OpenJDK 64-Bit Server VM (17.0.7+7-LTS) for windows-amd64 JRE (17.0.7+7-LTS), built on Apr 14 2023 01:39:21 by "Administrator" with MS VC++ 15.9 (VS2017)

END.
