#
# A fatal error has been detected by the Java Runtime Environment:
#
#  EXCEPTION_ACCESS_VIOLATION (0xc0000005) at pc=0x00007ffe5e3febe3, pid=17476, tid=13788
#
# JRE version: OpenJDK Runtime Environment Corretto-17.0.7.7.1 (17.0.7+7) (build 17.0.7+7-LTS)
# Java VM: OpenJDK 64-Bit Server VM Corretto-17.0.7.7.1 (17.0.7+7-LTS, mixed mode, sharing, tiered, compressed oops, compressed class ptrs, g1 gc, windows-amd64)
# Problematic frame:
# C  [ig9icd64.dll+0x9bebe3]
#
# No core dump will be written. Minidumps are not enabled by default on client versions of Windows
#
# If you would like to submit a bug report, please visit:
#   https://github.com/corretto/corretto-17/issues/
# The crash happened outside the Java Virtual Machine in native code.
# See problematic frame for where to report the bug.
#

---------------  S U M M A R Y ------------

Command Line: -Djava.library.path=C:\Users\HP\Desktop\newderar\build\classes\kotlin\jvm\main;C:\Users\HP\Desktop\newderar\build\processedResources\jvm\main -javaagent:C:\Program Files\JetBrains\IntelliJ IDEA Community Edition 2021.3.2\lib\idea_rt.jar=49439:C:\Program Files\JetBrains\IntelliJ IDEA Community Edition 2021.3.2\bin -Dfile.encoding=UTF-8 MainKt

Host: Intel(R) Core(TM) i5-7300U CPU @ 2.60GHz, 4 cores, 15G,  Windows 10 , 64 bit Build 19041 (10.0.19041.3155)
Time: Sat Jul  8 23:18:51 2023 Libya Standard Time elapsed time: 165.135091 seconds (0d 0h 2m 45s)

---------------  T H R E A D  ---------------

Current thread (0x00000215d22a5250):  JavaThread "AWT-EventQueue-0" [_thread_in_native, id=13788, stack(0x000000c5e3700000,0x000000c5e3800000)]

Stack: [0x000000c5e3700000,0x000000c5e3800000],  sp=0x000000c5e37fca38,  free space=1010k
Native frames: (J=compiled Java code, j=interpreted, Vv=VM code, C=native code)
C  [ig9icd64.dll+0x9bebe3]

Java frames: (J=compiled Java code, j=interpreted, Vv=VM code)
J 5102  org.jetbrains.skia.DirectContextKt.DirectContext_nFlush(J)V (0 bytes) @ 0x00000215b969a469 [0x00000215b969a420+0x0000000000000049]
J 5540 c2 org.jetbrains.skiko.redrawer.WindowsOpenGLRedrawer$Companion$frameDispatcher$1.invokeSuspend(Ljava/lang/Object;)Ljava/lang/Object; (379 bytes) @ 0x00000215b9777fa0 [0x00000215b97769a0+0x0000000000001600]
J 5539 c2 org.jetbrains.skiko.FrameDispatcher$job$1.invokeSuspend(Ljava/lang/Object;)Ljava/lang/Object; (156 bytes) @ 0x00000215b9774678 [0x00000215b9774420+0x0000000000000258]
J 4932 c2 kotlin.coroutines.jvm.internal.BaseContinuationImpl.resumeWith(Ljava/lang/Object;)V (128 bytes) @ 0x00000215b966eef4 [0x00000215b966eea0+0x0000000000000054]
J 5032 c2 kotlinx.coroutines.DispatchedTask.run()V (571 bytes) @ 0x00000215b96869f0 [0x00000215b9686640+0x00000000000003b0]
J 5182 c2 java.awt.EventQueue$4.run()Ljava/lang/Void; java.desktop@17.0.7 (60 bytes) @ 0x00000215b96c8b68 [0x00000215b96c8820+0x0000000000000348]
J 5338 c2 java.awt.EventDispatchThread.pumpOneEventForFilters(I)V java.desktop@17.0.7 (113 bytes) @ 0x00000215b9701ac8 [0x00000215b9701180+0x0000000000000948]
J 5605% c1 java.awt.EventDispatchThread.pumpEventsForFilter(ILjava/awt/Conditional;Ljava/awt/EventFilter;)V java.desktop@17.0.7 (47 bytes) @ 0x00000215b1cf7d1c [0x00000215b1cf7a80+0x000000000000029c]
j  java.awt.EventDispatchThread.pumpEventsForHierarchy(ILjava/awt/Conditional;Ljava/awt/Component;)V+11 java.desktop@17.0.7
j  java.awt.EventDispatchThread.pumpEvents(ILjava/awt/Conditional;)V+4 java.desktop@17.0.7
j  java.awt.EventDispatchThread.pumpEvents(Ljava/awt/Conditional;)V+3 java.desktop@17.0.7
j  java.awt.EventDispatchThread.run()V+9 java.desktop@17.0.7
v  ~StubRoutines::call_stub

siginfo: EXCEPTION_ACCESS_VIOLATION (0xc0000005), reading address 0xffffffffffffffff


Register to memory mapping:

RIP=0x00007ffe5e3febe3 ig9icd64.dll
RAX=0x000000000fff0fff is an unknown value
RBX=0x00007ffe5da40000 ig9icd64.dll
RCX=0x000000033fcf3fcc is an unknown value
RDX=0x000000c5e37fcf50 is pointing into the stack for thread: 0x00000215d22a5250
RSP=0x000000c5e37fca38 is pointing into the stack for thread: 0x00000215d22a5250
RBP=0x000000c5e37fcb40 is pointing into the stack for thread: 0x00000215d22a5250
RSI=0x00000215d48d6e40 points into unknown readable memory: 0x00000215d461bf00 | 00 bf 61 d4 15 02 00 00
RDI=0x000000c5e37fcd40 is pointing into the stack for thread: 0x00000215d22a5250
R8 =0x000000c5e37fcb70 is pointing into the stack for thread: 0x00000215d22a5250
R9 =0x000000c5e37fcf50 is pointing into the stack for thread: 0x00000215d22a5250
R10=0x000000c5e37fcd40 is pointing into the stack for thread: 0x00000215d22a5250
R11=0x0 is NULL
R12=0x00007ffe5e8715e0 ig9icd64.dll
R13=0x0 is NULL
R14=0x0 is NULL
R15=0x00000000000001c1 is an unknown value


Registers:
RAX=0x000000000fff0fff, RBX=0x00007ffe5da40000, RCX=0x000000033fcf3fcc, RDX=0x000000c5e37fcf50
RSP=0x000000c5e37fca38, RBP=0x000000c5e37fcb40, RSI=0x00000215d48d6e40, RDI=0x000000c5e37fcd40
R8 =0x000000c5e37fcb70, R9 =0x000000c5e37fcf50, R10=0x000000c5e37fcd40, R11=0x0000000000000000
R12=0x00007ffe5e8715e0, R13=0x0000000000000000, R14=0x0000000000000000, R15=0x00000000000001c1
RIP=0x00007ffe5e3febe3, EFLAGS=0x0000000000010206

Top of Stack: (sp=0x000000c5e37fca38)
0x000000c5e37fca38:   00007ffe5e3fc31b 0000000000000001
0x000000c5e37fca48:   0000000000000000 00000215d1c00000
0x000000c5e37fca58:   00007ffeda002622 000000c500000065
0x000000c5e37fca68:   000000c5e37fcc70 0000000000000000
0x000000c5e37fca78:   00000215d171d860 0000000000000000
0x000000c5e37fca88:   00000215d4ae46b0 00000215d1c000d0
0x000000c5e37fca98:   0000000000001100 0000000000000000
0x000000c5e37fcaa8:   0000000000000000 000000c5e37fcc20
0x000000c5e37fcab8:   00007ffe5e0979c0 000000c5e1751000
0x000000c5e37fcac8:   00007ffee9b5a46c 000000000014000f
0x000000c5e37fcad8:   0000000000000086 00000215d53f4370
0x000000c5e37fcae8:   00007ffe5da56555 00000215d1c000d0
0x000000c5e37fcaf8:   0000000000004001 00000215d53f4370
0x000000c5e37fcb08:   00007ffee9b7b86b 000000000014000f
0x000000c5e37fcb18:   0000000000000086 00000215d53f4370
0x000000c5e37fcb28:   0000000000000000 0000000000000000 

Instructions: (pc=0x00007ffe5e3febe3)
0x00007ffe5e3feae3:   c1 75 31 00 48 89 51 08 48 89 01 8b 44 24 28 89
0x00007ffe5e3feaf3:   41 20 8b 44 24 30 89 41 24 48 8b c1 4c 89 41 10
0x00007ffe5e3feb03:   4c 89 49 18 c3 cc cc cc cc cc cc cc cc 48 89 5c
0x00007ffe5e3feb13:   24 08 8b 41 5c 48 8d 1d e1 14 64 ff 41 89 40 08
0x00007ffe5e3feb23:   4c 8b d1 8b 41 60 45 33 db 41 89 40 0c 4c 8b ca
0x00007ffe5e3feb33:   8b 41 64 41 89 40 10 8b 41 68 41 89 40 14 8b 41
0x00007ffe5e3feb43:   6c 41 89 40 18 8b 41 70 41 89 40 1c 48 63 41 74
0x00007ffe5e3feb53:   48 6b c8 34 8b 84 19 44 d1 ee 00 41 89 40 20 8b
0x00007ffe5e3feb63:   84 19 48 d1 ee 00 41 89 40 24 8b 84 19 4c d1 ee
0x00007ffe5e3feb73:   00 41 89 40 28 8b 84 19 50 d1 ee 00 41 89 40 2c
0x00007ffe5e3feb83:   8b 84 19 34 d1 ee 00 41 89 40 30 8b 84 19 38 d1
0x00007ffe5e3feb93:   ee 00 41 89 40 34 8b 84 19 3c d1 ee 00 41 89 40
0x00007ffe5e3feba3:   38 8b 84 19 40 d1 ee 00 41 89 40 3c 8b 84 19 24
0x00007ffe5e3febb3:   d1 ee 00 41 89 40 40 8b 84 19 28 d1 ee 00 41 89
0x00007ffe5e3febc3:   40 44 8b 84 19 2c d1 ee 00 41 89 40 48 8b 84 19
0x00007ffe5e3febd3:   30 d1 ee 00 41 89 40 4c 49 63 42 78 48 6b c8 34
0x00007ffe5e3febe3:   8b 84 19 44 d1 ee 00 41 89 40 50 8b 84 19 48 d1
0x00007ffe5e3febf3:   ee 00 41 89 40 54 8b 84 19 4c d1 ee 00 41 89 40
0x00007ffe5e3fec03:   58 8b 84 19 50 d1 ee 00 41 89 40 5c 8b 84 19 34
0x00007ffe5e3fec13:   d1 ee 00 41 89 40 60 8b 84 19 38 d1 ee 00 41 89
0x00007ffe5e3fec23:   40 64 8b 84 19 3c d1 ee 00 41 89 40 68 8b 84 19
0x00007ffe5e3fec33:   40 d1 ee 00 41 89 40 6c 8b 84 19 24 d1 ee 00 41
0x00007ffe5e3fec43:   89 40 70 8b 84 19 28 d1 ee 00 41 89 40 74 8b 84
0x00007ffe5e3fec53:   19 2c d1 ee 00 41 89 40 78 8b 84 19 30 d1 ee 00
0x00007ffe5e3fec63:   41 89 40 7c 48 8b 42 18 8b 88 38 0b 00 00 f6 c1
0x00007ffe5e3fec73:   08 0f 84 86 00 00 00 8b 80 3c 0b 00 00 41 89 80
0x00007ffe5e3fec83:   80 00 00 00 48 8b 42 18 8b 88 40 0b 00 00 41 89
0x00007ffe5e3fec93:   88 84 00 00 00 48 8b 42 18 8b 88 44 0b 00 00 41
0x00007ffe5e3feca3:   89 88 88 00 00 00 48 8b 42 18 8b 88 48 0b 00 00
0x00007ffe5e3fecb3:   41 89 88 8c 00 00 00 48 8b 42 18 8b 88 4c 0b 00
0x00007ffe5e3fecc3:   00 41 89 88 90 00 00 00 48 8b 42 18 8b 88 50 0b
0x00007ffe5e3fecd3:   00 00 41 89 88 94 00 00 00 48 8b 42 18 8b 88 54 


Stack slot to memory mapping:
stack at sp + 0 slots: 0x00007ffe5e3fc31b ig9icd64.dll
stack at sp + 1 slots: 0x0000000000000001 is an unknown value
stack at sp + 2 slots: 0x0 is NULL
stack at sp + 3 slots: 0x00000215d1c00000 points into unknown readable memory: 0x0000000000000000 | 00 00 00 00 00 00 00 00
stack at sp + 4 slots: 0x00007ffeda002622 igdgmm64.dll
stack at sp + 5 slots: 0x000000c500000065 is an unknown value
stack at sp + 6 slots: 0x000000c5e37fcc70 is pointing into the stack for thread: 0x00000215d22a5250
stack at sp + 7 slots: 0x0 is NULL


---------------  P R O C E S S  ---------------

Threads class SMR info:
_java_thread_list=0x00000215d4cb0b50, length=28, elements={
0x00000215a8607b90, 0x00000215ccc26900, 0x00000215ccc27f10, 0x00000215ccc38770,
0x00000215ccc3d330, 0x00000215ccc40590, 0x00000215ccc42f50, 0x00000215ccc44480,
0x00000215ccc4bbe0, 0x00000215d1012790, 0x00000215ccc0f5f0, 0x00000215d1450da0,
0x00000215d15a09c0, 0x00000215d1ca8b30, 0x00000215d1ca7fd0, 0x00000215d16ce5e0,
0x00000215d22a5250, 0x00000215d2291a40, 0x00000215d23c3210, 0x00000215d23c4a20,
0x00000215d23c3bb0, 0x00000215d23c4ef0, 0x00000215d236c900, 0x00000215d236cdd0,
0x00000215d236d2a0, 0x00000215d236a280, 0x00000215d236ef80, 0x00000215d236fdf0
}

Java Threads: ( => current thread )
  0x00000215a8607b90 JavaThread "main" [_thread_blocked, id=10636, stack(0x000000c5e1c00000,0x000000c5e1d00000)]
  0x00000215ccc26900 JavaThread "Reference Handler" daemon [_thread_blocked, id=5472, stack(0x000000c5e2300000,0x000000c5e2400000)]
  0x00000215ccc27f10 JavaThread "Finalizer" daemon [_thread_blocked, id=15204, stack(0x000000c5e2400000,0x000000c5e2500000)]
  0x00000215ccc38770 JavaThread "Signal Dispatcher" daemon [_thread_blocked, id=7628, stack(0x000000c5e2500000,0x000000c5e2600000)]
  0x00000215ccc3d330 JavaThread "Attach Listener" daemon [_thread_blocked, id=8432, stack(0x000000c5e2600000,0x000000c5e2700000)]
  0x00000215ccc40590 JavaThread "Service Thread" daemon [_thread_blocked, id=13692, stack(0x000000c5e2700000,0x000000c5e2800000)]
  0x00000215ccc42f50 JavaThread "Monitor Deflation Thread" daemon [_thread_blocked, id=18280, stack(0x000000c5e2800000,0x000000c5e2900000)]
  0x00000215ccc44480 JavaThread "C2 CompilerThread0" daemon [_thread_blocked, id=15512, stack(0x000000c5e2900000,0x000000c5e2a00000)]
  0x00000215ccc4bbe0 JavaThread "C1 CompilerThread0" daemon [_thread_blocked, id=18936, stack(0x000000c5e2a00000,0x000000c5e2b00000)]
  0x00000215d1012790 JavaThread "Sweeper thread" daemon [_thread_blocked, id=9668, stack(0x000000c5e2b00000,0x000000c5e2c00000)]
  0x00000215ccc0f5f0 JavaThread "Common-Cleaner" daemon [_thread_blocked, id=20472, stack(0x000000c5e2c00000,0x000000c5e2d00000)]
  0x00000215d1450da0 JavaThread "Monitor Ctrl-Break" daemon [_thread_in_native, id=5812, stack(0x000000c5e2e00000,0x000000c5e2f00000)]
  0x00000215d15a09c0 JavaThread "Notification Thread" daemon [_thread_blocked, id=13720, stack(0x000000c5e2f00000,0x000000c5e3000000)]
  0x00000215d1ca8b30 JavaThread "Java2D Disposer" daemon [_thread_blocked, id=3568, stack(0x000000c5e3400000,0x000000c5e3500000)]
  0x00000215d1ca7fd0 JavaThread "AWT-Shutdown" [_thread_blocked, id=21256, stack(0x000000c5e3500000,0x000000c5e3600000)]
  0x00000215d16ce5e0 JavaThread "AWT-Windows" daemon [_thread_in_native, id=9276, stack(0x000000c5e3600000,0x000000c5e3700000)]
=>0x00000215d22a5250 JavaThread "AWT-EventQueue-0" [_thread_in_native, id=13788, stack(0x000000c5e3700000,0x000000c5e3800000)]
  0x00000215d2291a40 JavaThread "Reference Cleaner" daemon [_thread_blocked, id=21440, stack(0x000000c5e3800000,0x000000c5e3900000)]
  0x00000215d23c3210 JavaThread "DefaultDispatcher-worker-2" daemon [_thread_blocked, id=18696, stack(0x000000c5e3a00000,0x000000c5e3b00000)]
  0x00000215d23c4a20 JavaThread "kotlinx.coroutines.DefaultExecutor" daemon [_thread_blocked, id=20436, stack(0x000000c5e3c00000,0x000000c5e3d00000)]
  0x00000215d23c3bb0 JavaThread "TimerQueue" daemon [_thread_blocked, id=6460, stack(0x000000c5e2d00000,0x000000c5e2e00000)]
  0x00000215d23c4ef0 JavaThread "RealmFinalizingDaemon" daemon [_thread_blocked, id=3300, stack(0x000000c5e4200000,0x000000c5e4300000)]
  0x00000215d236c900 JavaThread "core-notifier" daemon [_thread_in_native, id=2324, stack(0x000000c5e4400000,0x000000c5e4500000)]
  0x00000215d236cdd0 JavaThread "DefaultDispatcher-worker-4" daemon [_thread_blocked, id=17868, stack(0x000000c5e4600000,0x000000c5e4700000)]
  0x00000215d236d2a0 JavaThread "DefaultDispatcher-worker-1" daemon [_thread_blocked, id=11604, stack(0x000000c5e4700000,0x000000c5e4800000)]
  0x00000215d236a280 JavaThread "DefaultDispatcher-worker-3" daemon [_thread_blocked, id=13284, stack(0x000000c5e4800000,0x000000c5e4900000)]
  0x00000215d236ef80 JavaThread "SIGINT handler" daemon [_thread_blocked, id=20048, stack(0x000000c5e1900000,0x000000c5e1a00000)]
  0x00000215d236fdf0 JavaThread "ToolkitShutdown" daemon [_thread_in_native, id=16628, stack(0x000000c5e1a00000,0x000000c5e1b00000)]

Other Threads:
  0x00000215ccc20150 VMThread "VM Thread" [stack: 0x000000c5e2200000,0x000000c5e2300000] [id=8028]
  0x00000215d13d1af0 WatcherThread [stack: 0x000000c5e3000000,0x000000c5e3100000] [id=16672]
  0x00000215a8671d20 GCTaskThread "GC Thread#0" [stack: 0x000000c5e1d00000,0x000000c5e1e00000] [id=20652]
  0x00000215d1648490 GCTaskThread "GC Thread#1" [stack: 0x000000c5e3100000,0x000000c5e3200000] [id=19280]
  0x00000215d167f7a0 GCTaskThread "GC Thread#2" [stack: 0x000000c5e3200000,0x000000c5e3300000] [id=18108]
  0x00000215d167fa50 GCTaskThread "GC Thread#3" [stack: 0x000000c5e3300000,0x000000c5e3400000] [id=12064]
  0x00000215a86829f0 ConcurrentGCThread "G1 Main Marker" [stack: 0x000000c5e1e00000,0x000000c5e1f00000] [id=5824]
  0x00000215a8683c40 ConcurrentGCThread "G1 Conc#0" [stack: 0x000000c5e1f00000,0x000000c5e2000000] [id=17672]
  0x00000215a86be1d0 ConcurrentGCThread "G1 Refine#0" [stack: 0x000000c5e2000000,0x000000c5e2100000] [id=7480]
  0x00000215a86bebf0 ConcurrentGCThread "G1 Service" [stack: 0x000000c5e2100000,0x000000c5e2200000] [id=10616]

Threads with active compile tasks:

VM state: not at safepoint (normal execution)

VM Mutex/Monitor currently owned by a thread: None

Heap address: 0x0000000702600000, size: 4058 MB, Compressed Oops mode: Zero based, Oop shift amount: 3

CDS archive(s) mapped at: [0x0000000800000000-0x0000000800bc0000-0x0000000800bc0000), size 12320768, SharedBaseAddress: 0x0000000800000000, ArchiveRelocationMode: 0.
Compressed class space mapped at: 0x0000000801000000-0x0000000841000000, reserved size: 1073741824
Narrow klass base: 0x0000000800000000, Narrow klass shift: 0, Narrow klass range: 0x100000000

GC Precious Log:
 CPUs: 4 total, 4 available
 Memory: 16224M
 Large Page Support: Disabled
 NUMA Support: Disabled
 Compressed Oops: Enabled (Zero based)
 Heap Region Size: 2M
 Heap Min Capacity: 8M
 Heap Initial Capacity: 254M
 Heap Max Capacity: 4058M
 Pre-touch: Disabled
 Parallel Workers: 4
 Concurrent Workers: 1
 Concurrent Refinement Workers: 4
 Periodic GC: Disabled

Heap:
 garbage-first heap   total 90112K, used 52886K [0x0000000702600000, 0x0000000800000000)
  region size 2048K, 15 young (30720K), 0 survivors (0K)
 Metaspace       used 34244K, committed 34496K, reserved 1114112K
  class space    used 3714K, committed 3840K, reserved 1048576K

Heap Regions: E=young(eden), S=young(survivor), O=old, HS=humongous(starts), HC=humongous(continues), CS=collection set, F=free, OA=open archive, CA=closed archive, TAMS=top-at-mark-start (previous, next)
|   0|0x0000000702600000, 0x0000000702800000, 0x0000000702800000|100%|HS|  |TAMS 0x0000000702800000, 0x0000000702600000| Untracked 
|   1|0x0000000702800000, 0x0000000702a00000, 0x0000000702a00000|100%| O|  |TAMS 0x0000000702a00000, 0x0000000702800000| Untracked 
|   2|0x0000000702a00000, 0x0000000702bd4b20, 0x0000000702c00000| 91%| O|  |TAMS 0x0000000702a00000, 0x0000000702a00000| Untracked 
|   3|0x0000000702c00000, 0x0000000702dfffd0, 0x0000000702e00000| 99%| O|  |TAMS 0x0000000702dfffd0, 0x0000000702c00000| Untracked 
|   4|0x0000000702e00000, 0x0000000702ffffb0, 0x0000000703000000| 99%| O|  |TAMS 0x0000000702ffffb0, 0x0000000702e00000| Untracked 
|   5|0x0000000703000000, 0x0000000703192b38, 0x0000000703200000| 78%| O|  |TAMS 0x0000000703000000, 0x0000000703000000| Untracked 
|   6|0x0000000703200000, 0x000000070323e500, 0x0000000703400000| 12%| O|  |TAMS 0x0000000703200000, 0x0000000703200000| Untracked 
|   7|0x0000000703400000, 0x0000000703400000, 0x0000000703600000|  0%| F|  |TAMS 0x0000000703400000, 0x0000000703400000| Untracked 
|   8|0x0000000703600000, 0x0000000703600000, 0x0000000703800000|  0%| F|  |TAMS 0x0000000703600000, 0x0000000703600000| Untracked 
|   9|0x0000000703800000, 0x0000000703800000, 0x0000000703a00000|  0%| F|  |TAMS 0x0000000703800000, 0x0000000703800000| Untracked 
|  10|0x0000000703a00000, 0x0000000703c00000, 0x0000000703c00000|100%| O|  |TAMS 0x0000000703c00000, 0x0000000703a00000| Untracked 
|  11|0x0000000703c00000, 0x0000000703c00000, 0x0000000703e00000|  0%| F|  |TAMS 0x0000000703c00000, 0x0000000703c00000| Untracked 
|  12|0x0000000703e00000, 0x0000000703e00000, 0x0000000704000000|  0%| F|  |TAMS 0x0000000703e00000, 0x0000000703e00000| Untracked 
|  13|0x0000000704000000, 0x0000000704000000, 0x0000000704200000|  0%| F|  |TAMS 0x0000000704000000, 0x0000000704000000| Untracked 
|  14|0x0000000704200000, 0x0000000704400000, 0x0000000704400000|100%| O|  |TAMS 0x0000000704400000, 0x0000000704200000| Untracked 
|  15|0x0000000704400000, 0x0000000704600000, 0x0000000704600000|100%|HS|  |TAMS 0x0000000704600000, 0x0000000704400000| Untracked 
|  16|0x0000000704600000, 0x0000000704800000, 0x0000000704800000|100%|HC|  |TAMS 0x0000000704800000, 0x0000000704600000| Untracked 
|  17|0x0000000704800000, 0x0000000704a00000, 0x0000000704a00000|100%|HC|  |TAMS 0x0000000704a00000, 0x0000000704800000| Untracked 
|  18|0x0000000704a00000, 0x0000000704c00000, 0x0000000704c00000|100%|HC|  |TAMS 0x0000000704c00000, 0x0000000704a00000| Untracked 
|  19|0x0000000704c00000, 0x0000000704c00000, 0x0000000704e00000|  0%| F|  |TAMS 0x0000000704c00000, 0x0000000704c00000| Untracked 
|  20|0x0000000704e00000, 0x0000000704e00000, 0x0000000705000000|  0%| F|  |TAMS 0x0000000704e00000, 0x0000000704e00000| Untracked 
|  21|0x0000000705000000, 0x0000000705000000, 0x0000000705200000|  0%| F|  |TAMS 0x0000000705000000, 0x0000000705000000| Untracked 
|  22|0x0000000705200000, 0x0000000705200000, 0x0000000705400000|  0%| F|  |TAMS 0x0000000705200000, 0x0000000705200000| Untracked 
|  23|0x0000000705400000, 0x0000000705400000, 0x0000000705600000|  0%| F|  |TAMS 0x0000000705400000, 0x0000000705400000| Untracked 
|  24|0x0000000705600000, 0x0000000705600000, 0x0000000705800000|  0%| F|  |TAMS 0x0000000705600000, 0x0000000705600000| Untracked 
|  25|0x0000000705800000, 0x0000000705800000, 0x0000000705a00000|  0%| F|  |TAMS 0x0000000705800000, 0x0000000705800000| Untracked 
|  26|0x0000000705a00000, 0x0000000705a00000, 0x0000000705c00000|  0%| F|  |TAMS 0x0000000705a00000, 0x0000000705a00000| Untracked 
|  27|0x0000000705c00000, 0x0000000705c00000, 0x0000000705e00000|  0%| F|  |TAMS 0x0000000705c00000, 0x0000000705c00000| Untracked 
|  28|0x0000000705e00000, 0x0000000705e00000, 0x0000000706000000|  0%| F|  |TAMS 0x0000000705e00000, 0x0000000705e00000| Untracked 
|  29|0x0000000706000000, 0x00000007060a5948, 0x0000000706200000| 32%| E|  |TAMS 0x0000000706000000, 0x0000000706000000| Complete 
|  30|0x0000000706200000, 0x0000000706400000, 0x0000000706400000|100%| E|CS|TAMS 0x0000000706200000, 0x0000000706200000| Complete 
|  31|0x0000000706400000, 0x0000000706600000, 0x0000000706600000|100%| E|CS|TAMS 0x0000000706400000, 0x0000000706400000| Complete 
|  32|0x0000000706600000, 0x0000000706800000, 0x0000000706800000|100%| E|CS|TAMS 0x0000000706600000, 0x0000000706600000| Complete 
|  33|0x0000000706800000, 0x0000000706a00000, 0x0000000706a00000|100%| E|CS|TAMS 0x0000000706800000, 0x0000000706800000| Complete 
|  34|0x0000000706a00000, 0x0000000706c00000, 0x0000000706c00000|100%| E|CS|TAMS 0x0000000706a00000, 0x0000000706a00000| Complete 
|  35|0x0000000706c00000, 0x0000000706e00000, 0x0000000706e00000|100%| E|CS|TAMS 0x0000000706c00000, 0x0000000706c00000| Complete 
|  36|0x0000000706e00000, 0x0000000707000000, 0x0000000707000000|100%| E|CS|TAMS 0x0000000706e00000, 0x0000000706e00000| Complete 
|  37|0x0000000707000000, 0x0000000707200000, 0x0000000707200000|100%| E|CS|TAMS 0x0000000707000000, 0x0000000707000000| Complete 
|  38|0x0000000707200000, 0x0000000707400000, 0x0000000707400000|100%| E|CS|TAMS 0x0000000707200000, 0x0000000707200000| Complete 
|  39|0x0000000707400000, 0x0000000707600000, 0x0000000707600000|100%| E|CS|TAMS 0x0000000707400000, 0x0000000707400000| Complete 
|  40|0x0000000707600000, 0x0000000707800000, 0x0000000707800000|100%| E|CS|TAMS 0x0000000707600000, 0x0000000707600000| Complete 
|  41|0x0000000707800000, 0x0000000707a00000, 0x0000000707a00000|100%| E|CS|TAMS 0x0000000707800000, 0x0000000707800000| Complete 
|  42|0x0000000707a00000, 0x0000000707c00000, 0x0000000707c00000|100%| E|CS|TAMS 0x0000000707a00000, 0x0000000707a00000| Complete 
|  43|0x0000000707c00000, 0x0000000707e00000, 0x0000000707e00000|100%| E|CS|TAMS 0x0000000707c00000, 0x0000000707c00000| Complete 

Card table byte_map: [0x00000215c1750000,0x00000215c1f40000] _byte_map_base: 0x00000215bdf3d000

Marking Bits (Prev, Next): (CMBitMap*) 0x00000215a8672370, (CMBitMap*) 0x00000215a8672330
 Prev Bits: [0x00000215c66a0000, 0x00000215ca608000)
 Next Bits: [0x00000215c2730000, 0x00000215c6698000)

Polling page: 0x00000215a83d0000

Metaspace:

Usage:
  Non-class:     29.81 MB used.
      Class:      3.63 MB used.
       Both:     33.44 MB used.

Virtual space:
  Non-class space:       64.00 MB reserved,      29.94 MB ( 47%) committed,  1 nodes.
      Class space:        1.00 GB reserved,       3.75 MB ( <1%) committed,  1 nodes.
             Both:        1.06 GB reserved,      33.69 MB (  3%) committed. 

Chunk freelists:
   Non-Class:  1.53 MB
       Class:  12.28 MB
        Both:  13.81 MB

MaxMetaspaceSize: unlimited
CompressedClassSpaceSize: 1.00 GB
Initial GC threshold: 21.00 MB
Current GC threshold: 56.19 MB
CDS: on
MetaspaceReclaimPolicy: balanced
 - commit_granule_bytes: 65536.
 - commit_granule_words: 8192.
 - virtual_space_node_default_size: 8388608.
 - enlarge_chunks_in_place: 1.
 - new_chunks_are_fully_committed: 0.
 - uncommit_free_chunks: 1.
 - use_allocation_guard: 0.
 - handle_deallocations: 1.


Internal statistics:

num_allocs_failed_limit: 3.
num_arena_births: 160.
num_arena_deaths: 0.
num_vsnodes_births: 2.
num_vsnodes_deaths: 0.
num_space_committed: 539.
num_space_uncommitted: 0.
num_chunks_returned_to_freelist: 3.
num_chunks_taken_from_freelist: 1067.
num_chunk_merges: 3.
num_chunk_splits: 916.
num_chunks_enlarged: 831.
num_inconsistent_stats: 0.

CodeHeap 'non-profiled nmethods': size=120000Kb used=3799Kb max_used=3799Kb free=116200Kb
 bounds [0x00000215b9400000, 0x00000215b97c0000, 0x00000215c0930000]
CodeHeap 'profiled nmethods': size=120000Kb used=8145Kb max_used=10685Kb free=111854Kb
 bounds [0x00000215b1930000, 0x00000215b23a0000, 0x00000215b8e60000]
CodeHeap 'non-nmethods': size=5760Kb used=1866Kb max_used=1952Kb free=3893Kb
 bounds [0x00000215b8e60000, 0x00000215b90d0000, 0x00000215b9400000]
 total_blobs=6135 nmethods=4792 adapters=1255
 compilation: enabled
              stopped_count=0, restarted_count=0
 full_count=0

Compilation events (20 events):
Event: 144.144 Thread 0x00000215ccc44480 5604       4       kotlinx.coroutines.scheduling.CoroutineScheduler::parkedWorkersStackPush (121 bytes)
Event: 144.148 Thread 0x00000215ccc44480 nmethod 5604 0x00000215b97b3810 code [0x00000215b97b39a0, 0x00000215b97b3c58]
Event: 144.863 Thread 0x00000215ccc4bbe0 5605 %     3       java.awt.EventDispatchThread::pumpEventsForFilter @ 10 (47 bytes)
Event: 144.863 Thread 0x00000215ccc4bbe0 nmethod 5605% 0x00000215b1cf7890 code [0x00000215b1cf7a80, 0x00000215b1cf7f88]
Event: 146.895 Thread 0x00000215ccc4bbe0 5606       3       java.awt.EventDispatchThread::pumpEventsForFilter (47 bytes)
Event: 146.895 Thread 0x00000215ccc4bbe0 nmethod 5606 0x00000215b1b83390 code [0x00000215b1b83560, 0x00000215b1b839a8]
Event: 147.811 Thread 0x00000215ccc44480 5607       4       kotlinx.coroutines.scheduling.CoroutineScheduler$Worker::tryReleaseCpu (56 bytes)
Event: 147.812 Thread 0x00000215ccc44480 nmethod 5607 0x00000215b97b3f10 code [0x00000215b97b4080, 0x00000215b97b4258]
Event: 148.407 Thread 0x00000215ccc44480 5608       4       kotlinx.coroutines.scheduling.CoroutineScheduler$Worker::tryPark (114 bytes)
Event: 148.414 Thread 0x00000215ccc44480 nmethod 5608 0x00000215b97b4390 code [0x00000215b97b4560, 0x00000215b97b4b78]
Event: 150.044 Thread 0x00000215ccc44480 5609       4       java.util.concurrent.atomic.AtomicLong::getAndIncrement (12 bytes)
Event: 150.045 Thread 0x00000215ccc44480 nmethod 5609 0x00000215b97b5090 code [0x00000215b97b5200, 0x00000215b97b5278]
Event: 152.606 Thread 0x00000215ccc44480 5610       4       org.jetbrains.skiko.redrawer.WindowsOpenGLRedrawer$Companion$frameDispatcher$1$1::invokeSuspend (49 bytes)
Event: 152.606 Thread 0x00000215ccc44480 nmethod 5610 0x00000215b97b5390 code [0x00000215b97b5520, 0x00000215b97b5608]
Event: 157.518 Thread 0x00000215ccc44480 5611       4       java.util.concurrent.locks.AbstractQueuedSynchronizer$Node::getAndUnsetStatus (14 bytes)
Event: 157.519 Thread 0x00000215ccc44480 nmethod 5611 0x00000215b97b5710 code [0x00000215b97b5880, 0x00000215b97b5938]
Event: 165.084 Thread 0x00000215ccc4bbe0 5612       3       java.util.IdentityHashMap$IdentityHashMapIterator::nextIndex (72 bytes)
Event: 165.085 Thread 0x00000215ccc4bbe0 nmethod 5612 0x00000215b1994790 code [0x00000215b1994960, 0x00000215b1994da8]
Event: 165.094 Thread 0x00000215ccc44480 5613       4       kotlinx.coroutines.JobSupportKt::boxIncomplete (23 bytes)
Event: 165.095 Thread 0x00000215ccc44480 nmethod 5613 0x00000215b97b5a10 code [0x00000215b97b5b80, 0x00000215b97b5c38]

GC Heap History (20 events):
Event: 26.159 GC heap before
{Heap before GC invocations=10 (full 0):
 garbage-first heap   total 49152K, used 23513K [0x0000000702600000, 0x0000000800000000)
  region size 2048K, 4 young (8192K), 2 survivors (4096K)
 Metaspace       used 33201K, committed 33472K, reserved 1114112K
  class space    used 3697K, committed 3840K, reserved 1048576K
}
Event: 26.162 GC heap after
{Heap after GC invocations=11 (full 0):
 garbage-first heap   total 49152K, used 21841K [0x0000000702600000, 0x0000000800000000)
  region size 2048K, 1 young (2048K), 1 survivors (2048K)
 Metaspace       used 33201K, committed 33472K, reserved 1114112K
  class space    used 3697K, committed 3840K, reserved 1048576K
}
Event: 30.804 GC heap before
{Heap before GC invocations=11 (full 0):
 garbage-first heap   total 49152K, used 42321K [0x0000000702600000, 0x0000000800000000)
  region size 2048K, 8 young (16384K), 1 survivors (2048K)
 Metaspace       used 34032K, committed 34240K, reserved 1114112K
  class space    used 3706K, committed 3840K, reserved 1048576K
}
Event: 30.808 GC heap after
{Heap after GC invocations=12 (full 0):
 garbage-first heap   total 155648K, used 31262K [0x0000000702600000, 0x0000000800000000)
  region size 2048K, 1 young (2048K), 1 survivors (2048K)
 Metaspace       used 34032K, committed 34240K, reserved 1114112K
  class space    used 3706K, committed 3840K, reserved 1048576K
}
Event: 60.367 GC heap before
{Heap before GC invocations=12 (full 0):
 garbage-first heap   total 155648K, used 96798K [0x0000000702600000, 0x0000000800000000)
  region size 2048K, 33 young (67584K), 1 survivors (2048K)
 Metaspace       used 34210K, committed 34496K, reserved 1114112K
  class space    used 3710K, committed 3840K, reserved 1048576K
}
Event: 60.370 GC heap after
{Heap after GC invocations=13 (full 0):
 garbage-first heap   total 155648K, used 31403K [0x0000000702600000, 0x0000000800000000)
  region size 2048K, 1 young (2048K), 1 survivors (2048K)
 Metaspace       used 34210K, committed 34496K, reserved 1114112K
  class space    used 3710K, committed 3840K, reserved 1048576K
}
Event: 61.925 GC heap before
{Heap before GC invocations=13 (full 0):
 garbage-first heap   total 155648K, used 35499K [0x0000000702600000, 0x0000000800000000)
  region size 2048K, 4 young (8192K), 1 survivors (2048K)
 Metaspace       used 34210K, committed 34496K, reserved 1114112K
  class space    used 3710K, committed 3840K, reserved 1048576K
}
Event: 61.952 GC heap after
{Heap after GC invocations=14 (full 1):
 garbage-first heap   total 90112K, used 24030K [0x0000000702600000, 0x0000000800000000)
  region size 2048K, 0 young (0K), 0 survivors (0K)
 Metaspace       used 34210K, committed 34496K, reserved 1114112K
  class space    used 3710K, committed 3840K, reserved 1048576K
}
Event: 78.585 GC heap before
{Heap before GC invocations=14 (full 1):
 garbage-first heap   total 90112K, used 60894K [0x0000000702600000, 0x0000000800000000)
  region size 2048K, 18 young (36864K), 0 survivors (0K)
 Metaspace       used 34220K, committed 34496K, reserved 1114112K
  class space    used 3710K, committed 3840K, reserved 1048576K
}
Event: 78.585 GC heap after
{Heap after GC invocations=15 (full 1):
 garbage-first heap   total 90112K, used 24439K [0x0000000702600000, 0x0000000800000000)
  region size 2048K, 1 young (2048K), 1 survivors (2048K)
 Metaspace       used 34220K, committed 34496K, reserved 1114112K
  class space    used 3710K, committed 3840K, reserved 1048576K
}
Event: 91.959 GC heap before
{Heap before GC invocations=15 (full 1):
 garbage-first heap   total 90112K, used 53111K [0x0000000702600000, 0x0000000800000000)
  region size 2048K, 16 young (32768K), 1 survivors (2048K)
 Metaspace       used 34220K, committed 34496K, reserved 1114112K
  class space    used 3710K, committed 3840K, reserved 1048576K
}
Event: 91.995 GC heap after
{Heap after GC invocations=16 (full 2):
 garbage-first heap   total 90112K, used 24093K [0x0000000702600000, 0x0000000800000000)
  region size 2048K, 0 young (0K), 0 survivors (0K)
 Metaspace       used 34220K, committed 34496K, reserved 1114112K
  class space    used 3710K, committed 3840K, reserved 1048576K
}
Event: 109.994 GC heap before
{Heap before GC invocations=16 (full 2):
 garbage-first heap   total 90112K, used 63005K [0x0000000702600000, 0x0000000800000000)
  region size 2048K, 19 young (38912K), 0 survivors (0K)
 Metaspace       used 34220K, committed 34496K, reserved 1114112K
  class space    used 3710K, committed 3840K, reserved 1048576K
}
Event: 109.995 GC heap after
{Heap after GC invocations=17 (full 2):
 garbage-first heap   total 90112K, used 24200K [0x0000000702600000, 0x0000000800000000)
  region size 2048K, 1 young (2048K), 1 survivors (2048K)
 Metaspace       used 34220K, committed 34496K, reserved 1114112K
  class space    used 3710K, committed 3840K, reserved 1048576K
}
Event: 122.019 GC heap before
{Heap before GC invocations=17 (full 2):
 garbage-first heap   total 90112K, used 48776K [0x0000000702600000, 0x0000000800000000)
  region size 2048K, 14 young (28672K), 1 survivors (2048K)
 Metaspace       used 34220K, committed 34496K, reserved 1114112K
  class space    used 3710K, committed 3840K, reserved 1048576K
}
Event: 122.044 GC heap after
{Heap after GC invocations=18 (full 3):
 garbage-first heap   total 90112K, used 24215K [0x0000000702600000, 0x0000000800000000)
  region size 2048K, 0 young (0K), 0 survivors (0K)
 Metaspace       used 34220K, committed 34496K, reserved 1114112K
  class space    used 3710K, committed 3840K, reserved 1048576K
}
Event: 142.929 GC heap before
{Heap before GC invocations=18 (full 3):
 garbage-first heap   total 90112K, used 67223K [0x0000000702600000, 0x0000000800000000)
  region size 2048K, 21 young (43008K), 0 survivors (0K)
 Metaspace       used 34221K, committed 34496K, reserved 1114112K
  class space    used 3711K, committed 3840K, reserved 1048576K
}
Event: 142.929 GC heap after
{Heap after GC invocations=19 (full 3):
 garbage-first heap   total 90112K, used 24291K [0x0000000702600000, 0x0000000800000000)
  region size 2048K, 1 young (2048K), 1 survivors (2048K)
 Metaspace       used 34221K, committed 34496K, reserved 1114112K
  class space    used 3711K, committed 3840K, reserved 1048576K
}
Event: 152.053 GC heap before
{Heap before GC invocations=19 (full 3):
 garbage-first heap   total 90112K, used 42723K [0x0000000702600000, 0x0000000800000000)
  region size 2048K, 11 young (22528K), 1 survivors (2048K)
 Metaspace       used 34224K, committed 34496K, reserved 1114112K
  class space    used 3711K, committed 3840K, reserved 1048576K
}
Event: 152.077 GC heap after
{Heap after GC invocations=20 (full 4):
 garbage-first heap   total 90112K, used 24214K [0x0000000702600000, 0x0000000800000000)
  region size 2048K, 0 young (0K), 0 survivors (0K)
 Metaspace       used 34224K, committed 34496K, reserved 1114112K
  class space    used 3711K, committed 3840K, reserved 1048576K
}

Dll operation events (14 events):
Event: 0.011 Loaded shared library C:\Users\HP\.jdks\corretto-17.0.7\bin\java.dll
Event: 0.028 Loaded shared library C:\Users\HP\.jdks\corretto-17.0.7\bin\jsvml.dll
Event: 0.270 Loaded shared library C:\Users\HP\.jdks\corretto-17.0.7\bin\zip.dll
Event: 0.274 Loaded shared library C:\Users\HP\.jdks\corretto-17.0.7\bin\instrument.dll
Event: 0.283 Loaded shared library C:\Users\HP\.jdks\corretto-17.0.7\bin\net.dll
Event: 0.286 Loaded shared library C:\Users\HP\.jdks\corretto-17.0.7\bin\nio.dll
Event: 0.293 Loaded shared library C:\Users\HP\.jdks\corretto-17.0.7\bin\zip.dll
Event: 0.450 Loaded shared library C:\Program Files\JetBrains\IntelliJ IDEA Community Edition 2021.3.2\bin\breakgen64.dll
Event: 0.703 Loaded shared library C:\Users\HP\.jdks\corretto-17.0.7\bin\jimage.dll
Event: 0.710 Loaded shared library C:\Users\HP\.jdks\corretto-17.0.7\bin\awt.dll
Event: 1.888 Loaded shared library C:\Users\HP\.skiko\0de0d8dd8554d9bb66cfca3837db6514ff9b71080e998917280a3b777460a416\skiko-windows-x64.dll
Event: 2.417 Loaded shared library C:\Users\HP\.jdks\corretto-17.0.7\bin\freetype.dll
Event: 2.418 Loaded shared library C:\Users\HP\.jdks\corretto-17.0.7\bin\fontmanager.dll
Event: 25.431 Loaded shared library C:\Users\HP\AppData\Local\io-realm-kotlin\f7113120ba00ba1ff91d696eecd3919e85a4e34e\realmc.dll

Deoptimization events (20 events):
Event: 121.972 Thread 0x00000215d236a280 Uncommon trap: trap_request=0xffffff45 fr.pc=0x00000215b944aabc relative=0x000000000000055c
Event: 121.972 Thread 0x00000215d236a280 Uncommon trap: reason=unstable_if action=reinterpret pc=0x00000215b944aabc method=kotlinx.coroutines.scheduling.CoroutineScheduler$Worker.park()V @ 44 c2
Event: 121.972 Thread 0x00000215d236a280 DEOPT PACKING pc=0x00000215b944aabc sp=0x000000c5e48ff3e0
Event: 121.972 Thread 0x00000215d236a280 DEOPT UNPACKING pc=0x00000215b8eb69a3 sp=0x000000c5e48ff358 mode 2
Event: 165.089 Thread 0x00000215d236ac20 Uncommon trap: trap_request=0xffffff45 fr.pc=0x00000215b97a2fc8 relative=0x00000000000000a8
Event: 165.089 Thread 0x00000215d236ac20 Uncommon trap: reason=unstable_if action=reinterpret pc=0x00000215b97a2fc8 method=kotlin.coroutines.ContinuationInterceptor$DefaultImpls.minusKey(Lkotlin/coroutines/ContinuationInterceptor;Lkotlin/coroutines/CoroutineContext$Key;)Lkotlin/coroutines/Corout
Event: 165.089 Thread 0x00000215d236ac20 DEOPT PACKING pc=0x00000215b97a2fc8 sp=0x000000c5e1bfeb50
Event: 165.089 Thread 0x00000215d236ac20 DEOPT UNPACKING pc=0x00000215b8eb69a3 sp=0x000000c5e1bfea70 mode 2
Event: 165.091 Thread 0x00000215d236ac20 Uncommon trap: trap_request=0xffffff45 fr.pc=0x00000215b97a3328 relative=0x0000000000000088
Event: 165.091 Thread 0x00000215d236ac20 Uncommon trap: reason=unstable_if action=reinterpret pc=0x00000215b97a3328 method=kotlin.coroutines.ContinuationInterceptor$DefaultImpls.minusKey(Lkotlin/coroutines/ContinuationInterceptor;Lkotlin/coroutines/CoroutineContext$Key;)Lkotlin/coroutines/Corout
Event: 165.091 Thread 0x00000215d236ac20 DEOPT PACKING pc=0x00000215b97a3328 sp=0x000000c5e1bfe5b0
Event: 165.091 Thread 0x00000215d236ac20 DEOPT UNPACKING pc=0x00000215b8eb69a3 sp=0x000000c5e1bfe548 mode 2
Event: 165.093 Thread 0x00000215d236ac20 Uncommon trap: trap_request=0xffffff5c fr.pc=0x00000215b978eb00 relative=0x0000000000000300
Event: 165.093 Thread 0x00000215d236ac20 Uncommon trap: reason=speculate_null_check action=make_not_entrant pc=0x00000215b978eb00 method=java.util.concurrent.locks.AbstractQueuedSynchronizer.enqueue(Ljava/util/concurrent/locks/AbstractQueuedSynchronizer$Node;)V @ 15 c2
Event: 165.093 Thread 0x00000215d236ac20 DEOPT PACKING pc=0x00000215b978eb00 sp=0x000000c5e1bfe120
Event: 165.093 Thread 0x00000215d236ac20 DEOPT UNPACKING pc=0x00000215b8eb69a3 sp=0x000000c5e1bfe0d8 mode 2
Event: 165.107 Thread 0x00000215d236f920 Uncommon trap: trap_request=0xffffff5c fr.pc=0x00000215b9782730 relative=0x0000000000000f30
Event: 165.107 Thread 0x00000215d236f920 Uncommon trap: reason=speculate_null_check action=make_not_entrant pc=0x00000215b9782730 method=java.util.concurrent.locks.AbstractQueuedSynchronizer.acquire(Ljava/util/concurrent/locks/AbstractQueuedSynchronizer$Node;IZZZJ)I @ 254 c2
Event: 165.107 Thread 0x00000215d236f920 DEOPT PACKING pc=0x00000215b9782730 sp=0x000000c5e45ff140
Event: 165.107 Thread 0x00000215d236f920 DEOPT UNPACKING pc=0x00000215b8eb69a3 sp=0x000000c5e45ff120 mode 2

Classes unloaded (0 events):
No events

Classes redefined (0 events):
No events

Internal exceptions (20 events):
Event: 0.753 Thread 0x00000215a8607b90 Exception <a 'java/io/FileNotFoundException'{0x00000007122b9b48}> (0x00000007122b9b48) 
thrown [s\src\hotspot\share\prims\jni.cpp, line 516]
Event: 1.335 Thread 0x00000215d22a5250 Exception <a 'java/lang/NoSuchMethodError'{0x000000071213e6e0}: 'java.lang.Object java.lang.invoke.DirectMethodHandle$Holder.invokeStaticInit(java.lang.Object, int, int, int, int)'> (0x000000071213e6e0) 
thrown [s\src\hotspot\share\interpreter\linkResolver.cpp, line 759]
Event: 1.484 Thread 0x00000215d22a5250 Exception <a 'java/lang/NoSuchMethodError'{0x0000000711e0f968}: 'java.lang.Object java.lang.invoke.DirectMethodHandle$Holder.invokeStaticInit(java.lang.Object, java.lang.Object, int, int, int, int)'> (0x0000000711e0f968) 
thrown [s\src\hotspot\share\interpreter\linkResolver.cpp, line 759]
Event: 1.626 Thread 0x00000215d22a5250 Exception <a 'java/lang/NoSuchMethodError'{0x0000000711d67978}: 'double java.lang.invoke.DirectMethodHandle$Holder.invokeStatic(java.lang.Object, double)'> (0x0000000711d67978) 
thrown [s\src\hotspot\share\interpreter\linkResolver.cpp, line 759]
Event: 1.627 Thread 0x00000215d22a5250 Exception <a 'java/lang/NoSuchMethodError'{0x0000000711d6b3d8}: 'double java.lang.invoke.DirectMethodHandle$Holder.invokeStaticInit(java.lang.Object, double)'> (0x0000000711d6b3d8) 
thrown [s\src\hotspot\share\interpreter\linkResolver.cpp, line 759]
Event: 1.641 Thread 0x00000215d22a5250 Exception <a 'java/lang/NoSuchMethodError'{0x0000000711db3348}: 'java.lang.Object java.lang.invoke.DirectMethodHandle$Holder.newInvokeSpecial(java.lang.Object, double)'> (0x0000000711db3348) 
thrown [s\src\hotspot\share\interpreter\linkResolver.cpp, line 759]
Event: 2.136 Thread 0x00000215d22a5250 Exception <a 'java/lang/NoSuchMethodError'{0x0000000710faa170}: 'void java.lang.invoke.DirectMethodHandle$Holder.invokeSpecial(java.lang.Object, java.lang.Object, java.lang.Object)'> (0x0000000710faa170) 
thrown [s\src\hotspot\share\interpreter\linkResolver.cpp, line 759]
Event: 2.151 Thread 0x00000215d22a5250 Exception <a 'java/lang/NoSuchMethodError'{0x0000000710fd45b0}: 'java.lang.Object java.lang.invoke.DirectMethodHandle$Holder.newInvokeSpecial(java.lang.Object, java.lang.Object, java.lang.Object, java.lang.Object, java.lang.Object)'> (0x0000000710fd45b0) 
thrown [s\src\hotspot\share\interpreter\linkResolver.cpp, line 759]
Event: 2.154 Thread 0x00000215d22a5250 Exception <a 'java/lang/NoSuchMethodError'{0x0000000710fe0220}: 'java.lang.Object java.lang.invoke.DirectMethodHandle$Holder.invokeStatic(java.lang.Object, int, java.lang.Object, java.lang.Object, java.lang.Object, java.lang.Object)'> (0x0000000710fe0220) 
thrown [s\src\hotspot\share\interpreter\linkResolver.cpp, line 759]
Event: 2.163 Thread 0x00000215d22a5250 Exception <a 'java/lang/NoSuchMethodError'{0x0000000710c062c8}: 'java.lang.Object java.lang.invoke.DirectMethodHandle$Holder.invokeStatic(java.lang.Object, int, java.lang.Object)'> (0x0000000710c062c8) 
thrown [s\src\hotspot\share\interpreter\linkResolver.cpp, line 759]
Event: 2.210 Thread 0x00000215d22a5250 Exception <a 'java/lang/ClassNotFoundException'{0x0000000710cc2820}: com/sun/swing/internal/plaf/metal/resources/spi/metalProvider> (0x0000000710cc2820) 
thrown [s\src\hotspot\share\classfile\systemDictionary.cpp, line 256]
Event: 2.212 Thread 0x00000215d22a5250 Exception <a 'java/lang/ClassNotFoundException'{0x0000000710cc67c0}: com/sun/swing/internal/plaf/basic/resources/spi/basicProvider> (0x0000000710cc67c0) 
thrown [s\src\hotspot\share\classfile\systemDictionary.cpp, line 256]
Event: 2.224 Thread 0x00000215d22a5250 Implicit null exception at 0x00000215b942f890 to 0x00000215b942fc64
Event: 2.225 Thread 0x00000215d22a5250 Implicit null exception at 0x00000215b9429a90 to 0x00000215b9429e48
Event: 2.260 Thread 0x00000215d22a5250 Exception <a 'java/lang/NoSuchMethodError'{0x0000000710dd8598}: 'void java.lang.invoke.DirectMethodHandle$Holder.invokeStatic(java.lang.Object, java.lang.Object, java.lang.Object)'> (0x0000000710dd8598) 
thrown [s\src\hotspot\share\interpreter\linkResolver.cpp, line 759]
Event: 2.410 Thread 0x00000215d22a5250 Exception <a 'java/lang/NoSuchMethodError'{0x00000007108b6f40}: 'void java.lang.invoke.DirectMethodHandle$Holder.invokeStaticInit(java.lang.Object)'> (0x00000007108b6f40) 
thrown [s\src\hotspot\share\interpreter\linkResolver.cpp, line 759]
Event: 2.777 Thread 0x00000215d22a5250 Exception <a 'java/lang/NoSuchMethodError'{0x0000000711d27028}: 'int java.lang.invoke.DirectMethodHandle$Holder.invokeStaticInit(java.lang.Object, java.lang.Object, java.lang.Object)'> (0x0000000711d27028) 
thrown [s\src\hotspot\share\interpreter\linkResolver.cpp, line 759]
Event: 3.506 Thread 0x00000215d16ce5e0 Exception <a 'java/lang/NoSuchMethodError'{0x0000000710200be8}: 'void java.lang.invoke.DirectMethodHandle$Holder.invokeVirtual(java.lang.Object, java.lang.Object)'> (0x0000000710200be8) 
thrown [s\src\hotspot\share\interpreter\linkResolver.cpp, line 759]
Event: 24.400 Thread 0x00000215d22a5250 Exception <a 'java/lang/NoSuchMethodError'{0x0000000704bcf1a8}: 'int java.lang.invoke.DirectMethodHandle$Holder.invokeStaticInit(java.lang.Object, long, long)'> (0x0000000704bcf1a8) 
thrown [s\src\hotspot\share\interpreter\linkResolver.cpp, line 759]
Event: 25.257 Thread 0x00000215d22a5250 Exception <a 'java/lang/NoSuchMethodError'{0x0000000704ecd908}: 'java.lang.Object java.lang.invoke.DirectMethodHandle$Holder.newInvokeSpecial(java.lang.Object, int, java.lang.Object)'> (0x0000000704ecd908) 
thrown [s\src\hotspot\share\interpreter\linkResolver.cpp, line 759]

VM Operations (20 events):
Event: 91.958 Executing VM operation: G1CollectFull
Event: 91.995 Executing VM operation: G1CollectFull done
Event: 97.060 Executing VM operation: Cleanup
Event: 97.060 Executing VM operation: Cleanup done
Event: 106.129 Executing VM operation: Cleanup
Event: 106.129 Executing VM operation: Cleanup done
Event: 109.994 Executing VM operation: G1CollectForAllocation
Event: 109.995 Executing VM operation: G1CollectForAllocation done
Event: 116.056 Executing VM operation: Cleanup
Event: 116.056 Executing VM operation: Cleanup done
Event: 122.019 Executing VM operation: G1CollectFull
Event: 122.045 Executing VM operation: G1CollectFull done
Event: 135.196 Executing VM operation: Cleanup
Event: 135.196 Executing VM operation: Cleanup done
Event: 136.210 Executing VM operation: Cleanup
Event: 136.210 Executing VM operation: Cleanup done
Event: 142.929 Executing VM operation: G1CollectForAllocation
Event: 142.929 Executing VM operation: G1CollectForAllocation done
Event: 152.053 Executing VM operation: G1CollectFull
Event: 152.078 Executing VM operation: G1CollectFull done

Events (20 events):
Event: 41.097 Thread 0x00000215d1012790 flushing nmethod 0x00000215b2216b10
Event: 41.097 Thread 0x00000215d1012790 flushing nmethod 0x00000215b2218390
Event: 41.097 Thread 0x00000215d1012790 flushing nmethod 0x00000215b2239d10
Event: 41.097 Thread 0x00000215d1012790 flushing nmethod 0x00000215b2268e10
Event: 41.097 Thread 0x00000215d1012790 flushing nmethod 0x00000215b228b690
Event: 41.098 Thread 0x00000215d1012790 flushing nmethod 0x00000215b2340d90
Event: 41.098 Thread 0x00000215d1012790 flushing nmethod 0x00000215b235ec90
Event: 41.098 Thread 0x00000215d1012790 flushing nmethod 0x00000215b235f010
Event: 85.647 Thread 0x00000215d22bb0c0 Thread exited: 0x00000215d22bb0c0
Event: 85.647 Thread 0x00000215d23c36e0 Thread exited: 0x00000215d23c36e0
Event: 165.083 loading class jdk/internal/misc/Signal$1
Event: 165.083 loading class jdk/internal/misc/Signal$1 done
Event: 165.083 Thread 0x00000215d236ef80 Thread added: 0x00000215d236ef80
Event: 165.084 Thread 0x00000215d236fdf0 Thread added: 0x00000215d236fdf0
Event: 165.084 Thread 0x00000215d236ac20 Thread added: 0x00000215d236ac20
Event: 165.084 Thread 0x00000215d236dc40 Thread added: 0x00000215d236dc40
Event: 165.087 Thread 0x00000215d236dc40 Thread exited: 0x00000215d236dc40
Event: 165.107 Thread 0x00000215d236f920 Thread exited: 0x00000215d236f920
Event: 165.107 Thread 0x00000215d23c4550 Thread exited: 0x00000215d23c4550
Event: 165.108 Thread 0x00000215d236ac20 Thread exited: 0x00000215d236ac20


Dynamic libraries:
0x00007ff7eeda0000 - 0x00007ff7eedad000 	C:\Users\HP\.jdks\corretto-17.0.7\bin\java.exe
0x00007ffee9b50000 - 0x00007ffee9d48000 	C:\Windows\SYSTEM32\ntdll.dll
0x00007ffee90d0000 - 0x00007ffee918f000 	C:\Windows\System32\KERNEL32.DLL
0x00007ffee7790000 - 0x00007ffee7a86000 	C:\Windows\System32\KERNELBASE.dll
0x00007ffee7410000 - 0x00007ffee7510000 	C:\Windows\System32\ucrtbase.dll
0x00007ffedf250000 - 0x00007ffedf265000 	C:\Users\HP\.jdks\corretto-17.0.7\bin\VCRUNTIME140.dll
0x00007ffedd130000 - 0x00007ffedd147000 	C:\Users\HP\.jdks\corretto-17.0.7\bin\jli.dll
0x00007ffee9970000 - 0x00007ffee9b0d000 	C:\Windows\System32\USER32.dll
0x00007ffee76c0000 - 0x00007ffee76e2000 	C:\Windows\System32\win32u.dll
0x00007ffecd150000 - 0x00007ffecd3ea000 	C:\Windows\WinSxS\amd64_microsoft.windows.common-controls_6595b64144ccf1df_6.0.19041.1110_none_60b5254171f9507e\COMCTL32.dll
0x00007ffee90a0000 - 0x00007ffee90cc000 	C:\Windows\System32\GDI32.dll
0x00007ffee8310000 - 0x00007ffee83ae000 	C:\Windows\System32\msvcrt.dll
0x00007ffee7a90000 - 0x00007ffee7ba5000 	C:\Windows\System32\gdi32full.dll
0x00007ffee72c0000 - 0x00007ffee735d000 	C:\Windows\System32\msvcp_win.dll
0x00007ffee8600000 - 0x00007ffee8630000 	C:\Windows\System32\IMM32.DLL
0x00007ffec73d0000 - 0x00007ffec746b000 	C:\Users\HP\.jdks\corretto-17.0.7\bin\msvcp140.dll
0x00007ffea5510000 - 0x00007ffea612a000 	C:\Users\HP\.jdks\corretto-17.0.7\bin\server\jvm.dll
0x00007ffee8630000 - 0x00007ffee86df000 	C:\Windows\System32\ADVAPI32.dll
0x00007ffee8560000 - 0x00007ffee85fc000 	C:\Windows\System32\sechost.dll
0x00007ffee7d70000 - 0x00007ffee7e96000 	C:\Windows\System32\RPCRT4.dll
0x00007ffee0fa0000 - 0x00007ffee0fa9000 	C:\Windows\SYSTEM32\WSOCK32.dll
0x00007ffee8e70000 - 0x00007ffee8edb000 	C:\Windows\System32\WS2_32.dll
0x00007ffecca00000 - 0x00007ffecca27000 	C:\Windows\SYSTEM32\WINMM.dll
0x00007ffedb320000 - 0x00007ffedb32a000 	C:\Windows\SYSTEM32\VERSION.dll
0x00007ffee5a20000 - 0x00007ffee5a32000 	C:\Windows\SYSTEM32\kernel.appcore.dll
0x00007ffedf290000 - 0x00007ffedf29a000 	C:\Users\HP\.jdks\corretto-17.0.7\bin\jimage.dll
0x00007ffee1f40000 - 0x00007ffee2124000 	C:\Windows\SYSTEM32\DBGHELP.DLL
0x00007ffecec70000 - 0x00007ffececa4000 	C:\Windows\SYSTEM32\dbgcore.DLL
0x00007ffee7230000 - 0x00007ffee72b2000 	C:\Windows\System32\bcryptPrimitives.dll
0x00007ffedbd50000 - 0x00007ffedbd5e000 	C:\Users\HP\.jdks\corretto-17.0.7\bin\instrument.dll
0x00007ffedbcf0000 - 0x00007ffedbd15000 	C:\Users\HP\.jdks\corretto-17.0.7\bin\java.dll
0x00007ffebaa40000 - 0x00007ffebab16000 	C:\Users\HP\.jdks\corretto-17.0.7\bin\jsvml.dll
0x00007ffee9190000 - 0x00007ffee98d4000 	C:\Windows\System32\SHELL32.dll
0x00007ffee2130000 - 0x00007ffee28c4000 	C:\Windows\SYSTEM32\windows.storage.dll
0x00007ffee8890000 - 0x00007ffee8be4000 	C:\Windows\System32\combase.dll
0x00007ffee6ab0000 - 0x00007ffee6ade000 	C:\Windows\SYSTEM32\Wldp.dll
0x00007ffee8f90000 - 0x00007ffee903d000 	C:\Windows\System32\SHCORE.dll
0x00007ffee9040000 - 0x00007ffee9095000 	C:\Windows\System32\shlwapi.dll
0x00007ffee7160000 - 0x00007ffee7185000 	C:\Windows\SYSTEM32\profapi.dll
0x00007ffedbcc0000 - 0x00007ffedbcd8000 	C:\Users\HP\.jdks\corretto-17.0.7\bin\zip.dll
0x00007ffedc060000 - 0x00007ffedc079000 	C:\Users\HP\.jdks\corretto-17.0.7\bin\net.dll
0x00007ffed8570000 - 0x00007ffed867a000 	C:\Windows\SYSTEM32\WINHTTP.dll
0x00007ffee6890000 - 0x00007ffee68fa000 	C:\Windows\system32\mswsock.dll
0x00007ffedbfe0000 - 0x00007ffedbff5000 	C:\Users\HP\.jdks\corretto-17.0.7\bin\nio.dll
0x00007ffedbad0000 - 0x00007ffedbaea000 	C:\Program Files\JetBrains\IntelliJ IDEA Community Edition 2021.3.2\bin\breakgen64.dll
0x00007ffea45d0000 - 0x00007ffea4779000 	C:\Users\HP\.jdks\corretto-17.0.7\bin\awt.dll
0x00007ffee87c0000 - 0x00007ffee888d000 	C:\Windows\System32\OLEAUT32.dll
0x00007ffee0ec0000 - 0x00007ffee0f51000 	C:\Windows\SYSTEM32\apphelp.dll
0x00007ffee1180000 - 0x00007ffee121e000 	C:\Windows\system32\uxtheme.dll
0x00007ffee8440000 - 0x00007ffee8554000 	C:\Windows\System32\MSCTF.dll
0x00007ffee8c00000 - 0x00007ffee8d2a000 	C:\Windows\System32\ole32.dll
0x00007ffee1320000 - 0x00007ffee134f000 	C:\Windows\system32\DWMAPI.DLL
0x00007ffeb5d50000 - 0x00007ffeb5e75000 	C:\Windows\system32\opengl32.dll
0x00007ffeb67f0000 - 0x00007ffeb681c000 	C:\Windows\SYSTEM32\GLU32.dll
0x00007ffee6af0000 - 0x00007ffee6b08000 	C:\Windows\SYSTEM32\CRYPTSP.dll
0x00007ffee61d0000 - 0x00007ffee6204000 	C:\Windows\system32\rsaenh.dll
0x00007ffee7760000 - 0x00007ffee7787000 	C:\Windows\System32\bcrypt.dll
0x00007ffee7120000 - 0x00007ffee714e000 	C:\Windows\SYSTEM32\USERENV.dll
0x00007ffee6a20000 - 0x00007ffee6a2c000 	C:\Windows\SYSTEM32\CRYPTBASE.dll
0x00007ffee65a0000 - 0x00007ffee65dc000 	C:\Windows\SYSTEM32\IPHLPAPI.DLL
0x00007ffee7d60000 - 0x00007ffee7d68000 	C:\Windows\System32\NSI.dll
0x00007ffeda430000 - 0x00007ffeda447000 	C:\Windows\SYSTEM32\dhcpcsvc6.DLL
0x00007ffed8d80000 - 0x00007ffed8d9d000 	C:\Windows\SYSTEM32\dhcpcsvc.DLL
0x00007ffee65e0000 - 0x00007ffee66aa000 	C:\Windows\SYSTEM32\DNSAPI.dll
0x00007ffe9d3a0000 - 0x00007ffe9e3ec000 	C:\Users\HP\.skiko\0de0d8dd8554d9bb66cfca3837db6514ff9b71080e998917280a3b777460a416\skiko-windows-x64.dll
0x00007ffec1f80000 - 0x00007ffec2003000 	C:\Users\HP\.jdks\corretto-17.0.7\bin\freetype.dll
0x00007ffeba3c0000 - 0x00007ffeba482000 	C:\Users\HP\.jdks\corretto-17.0.7\bin\fontmanager.dll
0x00007ffedbac0000 - 0x00007ffedbac7000 	C:\Users\HP\.jdks\corretto-17.0.7\bin\jawt.dll
0x00007ffee5a90000 - 0x00007ffee5b83000 	C:\Windows\SYSTEM32\Dxgi.dll
0x00007ffedba40000 - 0x00007ffedba60000 	C:\Windows\SYSTEM32\D3D12.dll
0x00007ffea2b60000 - 0x00007ffea2d2d000 	C:\Windows\SYSTEM32\D3D12Core.dll
0x00007ffeda9e0000 - 0x00007ffedaa1b000 	C:\Windows\SYSTEM32\dxcore.dll
0x00007ffee7670000 - 0x00007ffee76be000 	C:\Windows\System32\cfgmgr32.dll
0x00007ffed4390000 - 0x00007ffed6fa9000 	C:\Windows\System32\DriverStore\FileRepository\igdlh64.inf_amd64_e6daaea9afe1e6f6\igc64.dll
0x00007ffe72ab0000 - 0x00007ffe73f83000 	C:\Windows\System32\DriverStore\FileRepository\igdlh64.inf_amd64_e6daaea9afe1e6f6\igd12umd64.dll
0x00007ffeda000000 - 0x00007ffeda257000 	C:\Windows\System32\DriverStore\FileRepository\igdlh64.inf_amd64_e6daaea9afe1e6f6\igdgmm64.dll
0x00007ffe75090000 - 0x00007ffe7549b000 	C:\Windows\System32\DriverStore\FileRepository\igdlh64.inf_amd64_e6daaea9afe1e6f6\igdml64.dll
0x00007ffedba10000 - 0x00007ffedba3b000 	C:\Windows\SYSTEM32\D3DSCache.dll
0x00007ffe51780000 - 0x00007ffe55f82000 	C:\Windows\System32\DriverStore\FileRepository\igdlh64.inf_amd64_e6daaea9afe1e6f6\igd12dxva64.dll
0x00007ffee7ea0000 - 0x00007ffee830e000 	C:\Windows\System32\SETUPAPI.dll
0x00007ffe96bf0000 - 0x00007ffe96c17000 	C:\Windows\System32\DriverStore\FileRepository\igdlh64.inf_amd64_e6daaea9afe1e6f6\igdinfo64.dll
0x00007ffeddf50000 - 0x00007ffede157000 	C:\Windows\SYSTEM32\twinapi.appcore.dll
0x00007ffee8ee0000 - 0x00007ffee8f89000 	C:\Windows\System32\clbcatq.dll
0x00007ffedb410000 - 0x00007ffedb514000 	C:\Windows\System32\AppXDeploymentClient.dll
0x00007ffe5da40000 - 0x00007ffe5ea12000 	C:\Windows\System32\DriverStore\FileRepository\igdlh64.inf_amd64_e6daaea9afe1e6f6\ig9icd64.dll
0x00007ffee7090000 - 0x00007ffee70db000 	C:\Windows\SYSTEM32\powrprof.dll
0x00007ffee7070000 - 0x00007ffee7082000 	C:\Windows\SYSTEM32\UMPDC.dll
0x00007ffed2250000 - 0x00007ffed24cf000 	C:\Windows\SYSTEM32\dwrite.dll
0x00007ffed3ec0000 - 0x00007ffed3fb9000 	C:\Windows\SYSTEM32\textinputframework.dll
0x00007ffee0460000 - 0x00007ffee07be000 	C:\Windows\System32\CoreUIComponents.dll
0x00007ffee0b40000 - 0x00007ffee0c32000 	C:\Windows\System32\CoreMessaging.dll
0x00007ffee62f0000 - 0x00007ffee6323000 	C:\Windows\SYSTEM32\ntmarta.dll
0x00007ffedf450000 - 0x00007ffedf5a4000 	C:\Windows\SYSTEM32\wintypes.dll
0x00007ffe74410000 - 0x00007ffe74cc2000 	C:\Users\HP\AppData\Local\io-realm-kotlin\f7113120ba00ba1ff91d696eecd3919e85a4e34e\realmc.dll
0x00007ffee7510000 - 0x00007ffee766e000 	C:\Windows\System32\CRYPT32.dll

dbghelp: loaded successfully - version: 4.0.5 - missing functions: none
symbol engine: initialized successfully - sym options: 0x614 - pdb path: .;C:\Users\HP\.jdks\corretto-17.0.7\bin;C:\Windows\SYSTEM32;C:\Windows\WinSxS\amd64_microsoft.windows.common-controls_6595b64144ccf1df_6.0.19041.1110_none_60b5254171f9507e;C:\Users\HP\.jdks\corretto-17.0.7\bin\server;C:\Program Files\JetBrains\IntelliJ IDEA Community Edition 2021.3.2\bin;C:\Users\HP\.skiko\0de0d8dd8554d9bb66cfca3837db6514ff9b71080e998917280a3b777460a416;C:\Windows\System32\DriverStore\FileRepository\igdlh64.inf_amd64_e6daaea9afe1e6f6;C:\Users\HP\AppData\Local\io-realm-kotlin\f7113120ba00ba1ff91d696eecd3919e85a4e34e

VM Arguments:
jvm_args: -Djava.library.path=C:\Users\HP\Desktop\newderar\build\classes\kotlin\jvm\main;C:\Users\HP\Desktop\newderar\build\processedResources\jvm\main -javaagent:C:\Program Files\JetBrains\IntelliJ IDEA Community Edition 2021.3.2\lib\idea_rt.jar=49439:C:\Program Files\JetBrains\IntelliJ IDEA Community Edition 2021.3.2\bin -Dfile.encoding=UTF-8 
java_command: MainKt
java_class_path (initial): C:\Users\HP\Desktop\newderar\build\classes\kotlin\jvm\main;C:\Users\HP\Desktop\newderar\build\processedResources\jvm\main;C:\Users\HP\.gradle\caches\modules-2\files-2.1\io.insert-koin\koin-androidx-compose\3.4.5\ae0a88b7a68d507e651c5a3d70a541594bea54cb\koin-androidx-compose-3.4.5.aar;C:\Users\HP\.gradle\caches\modules-2\files-2.1\androidx.navigation\navigation-compose\2.6.0\3f8ce7b0bad21cced0c47b42b6347c65a6e422c3\navigation-compose-2.6.0.aar;C:\Users\HP\.gradle\caches\modules-2\files-2.1\org.jetbrains.kotlin\kotlin-stdlib-jdk8\1.8.21\67f57e154437cd9e6e9cf368394b95814836ff88\kotlin-stdlib-jdk8-1.8.21.jar;C:\Users\HP\.gradle\caches\modules-2\files-2.1\org.apache.poi\poi-ooxml\4.1.2\87d9a22aa9a7dd26e80c360e709f7ee02e32ab3b\poi-ooxml-4.1.2.jar;C:\Users\HP\.gradle\caches\modules-2\files-2.1\org.apache.poi\poi\4.1.2\964bf41cf68bce08e4ef6b2279b559fdf8d454f4\poi-4.1.2.jar;C:\Users\HP\.gradle\caches\modules-2\files-2.1\org.lwjgl\lwjgl-nfd\3.3.1\622318116996ddcff449b46cb38f0fdee39b8ac3\lwjgl-nfd-3.3.1.jar;C:\Users\HP\.gradle\caches\modules-2\files-2.1\org.lwjgl\lwjgl-nfd\3.3.1\2e007667e04ed3281152ae5c6e677fb1c2211691\lwjgl-nfd-3.3.1-natives-linux.jar;C:\Users\HP\.gradle\caches\modules-2\files-2.1\org.lwjgl\lwjgl\3.3.1\ae58664f88e18a9bb2c77b063833ca7aaec484cb\lwjgl-3.3.1.jar;C:\Users\HP\.gradle\caches\modules-2\files-2.1\io.insert-koin\koin-android\3.4.0\48715fbe06102a59a30bd45b06ed2400c16c6f45\koin-android-3.4.0.aar;C:\Users\HP\.gradle\caches\modules-2\files-2.1\org.lwjgl\lwjgl-nfd\3.3.1\b3e04e317f55dd738d8a345cdafd15b39f85a2ea\lwjgl-nfd-3.3.1-natives-linux-arm32.jar;C:\Users\HP\.gradle\caches\modules-2\files-2.1\androidx.lifecycle\lifecycle-viewmodel-compose\2.6.1\38cf3bb65ff3e0e5c3d63de2ebf5411d0898108c\lifecycle-viewmodel-compose-2.6.1.aar;C:\Users\HP\.gradle\caches\modules-2\files-2.1\org.lwjgl\lwjgl-nfd\3.3.1\f41dc62336f7ee4ab35705cfa440cc903d199165\lwjgl-nfd-3.3.1-natives-linux-arm64.jar;C:\Users\HP\.gradle\caches\modules-2\files-2.1\androi
Launcher Type: SUN_STANDARD

[Global flags]
     intx CICompilerCount                          = 3                                         {product} {ergonomic}
     uint ConcGCThreads                            = 1                                         {product} {ergonomic}
     uint G1ConcRefinementThreads                  = 4                                         {product} {ergonomic}
   size_t G1HeapRegionSize                         = 2097152                                   {product} {ergonomic}
    uintx GCDrainStackTargetSize                   = 64                                        {product} {ergonomic}
   size_t InitialHeapSize                          = 266338304                                 {product} {ergonomic}
   size_t MarkStackSize                            = 4194304                                   {product} {ergonomic}
   size_t MaxHeapSize                              = 4255121408                                {product} {ergonomic}
   size_t MaxNewSize                               = 2552233984                                {product} {ergonomic}
   size_t MinHeapDeltaBytes                        = 2097152                                   {product} {ergonomic}
   size_t MinHeapSize                              = 8388608                                   {product} {ergonomic}
    uintx NonNMethodCodeHeapSize                   = 5832780                                {pd product} {ergonomic}
    uintx NonProfiledCodeHeapSize                  = 122912730                              {pd product} {ergonomic}
    uintx ProfiledCodeHeapSize                     = 122912730                              {pd product} {ergonomic}
    uintx ReservedCodeCacheSize                    = 251658240                              {pd product} {ergonomic}
     bool SegmentedCodeCache                       = true                                      {product} {ergonomic}
   size_t SoftMaxHeapSize                          = 4255121408                             {manageable} {ergonomic}
     bool UseCompressedClassPointers               = true                           {product lp64_product} {ergonomic}
     bool UseCompressedOops                        = true                           {product lp64_product} {ergonomic}
     bool UseG1GC                                  = true                                      {product} {ergonomic}
     bool UseLargePagesIndividualAllocation        = false                                  {pd product} {ergonomic}

Logging:
Log output configuration:
 #0: stdout all=warning uptime,level,tags
 #1: stderr all=off uptime,level,tags

Environment Variables:
PATH=C:\Program Files\Common Files\Oracle\Java\javapath;C:\Program Files (x86)\Common Files\Oracle\Java\javapath;C:\Windows\system32;C:\Windows;C:\Windows\System32\Wbem;C:\Windows\System32\WindowsPowerShell\v1.0\;C:\Windows\System32\OpenSSH\;C:\xampp\php;C:\ProgramData\ComposerSetup\bin;C:\Program Files\nodejs\;C:\Program Files (x86)\Intel\Intel(R) Management Engine Components\DAL;C:\Program Files\Intel\Intel(R) Management Engine Components\DAL;C:\Program Files\Git\cmd;C:\Program Files\Fortect;C:\Users\HP\AppData\Local\Microsoft\WindowsApps;C:\Program Files\JetBrains\IntelliJ IDEA Community Edition 2021.3.2\bin;C:\Users\HP\AppData\Local\Programs\Microsoft VS Code\bin;C:\Users\HP\AppData\Local\JetBrains\Toolbox\scripts;C:\Users\HP\AppData\Local\GitHubDesktop\bin;C:\Users\HP\Desktop\camp\flutter_windows_3.7.6-stable\flutter\bin;C:\Users\HP\AppData\Roaming\Composer\vendor\bin;C:\Users\HP\AppData\Roaming\npm
USERNAME=HP
OS=Windows_NT
PROCESSOR_IDENTIFIER=Intel64 Family 6 Model 142 Stepping 9, GenuineIntel
TMP=C:\Users\HP\AppData\Local\Temp
TEMP=C:\Users\HP\AppData\Local\Temp



---------------  S Y S T E M  ---------------

OS:
 Windows 10 , 64 bit Build 19041 (10.0.19041.3155)
OS uptime: 2 days 19:51 hours
Hyper-V role detected

CPU: total 4 (initial active 4) (2 cores per cpu, 2 threads per core) family 6 model 142 stepping 9 microcode 0xf2, cx8, cmov, fxsr, ht, mmx, 3dnowpref, sse, sse2, sse3, ssse3, sse4.1, sse4.2, popcnt, lzcnt, tsc, tscinvbit, avx, avx2, aes, erms, clmul, bmi1, bmi2, rtm, adx, fma, vzeroupper, clflush, clflushopt, hv

Memory: 4k page, system-wide physical 16224M (6123M free)
TotalPageFile size 32096M (AvailPageFile size 20273M)
current process WorkingSet (physical memory assigned to process): 274M, peak: 306M
current process commit charge ("private bytes"): 283M, peak: 440M

vm_info: OpenJDK 64-Bit Server VM (17.0.7+7-LTS) for windows-amd64 JRE (17.0.7+7-LTS), built on Apr 14 2023 01:39:21 by "Administrator" with MS VC++ 15.9 (VS2017)

END.
