#
# A fatal error has been detected by the Java Runtime Environment:
#
#  EXCEPTION_ACCESS_VIOLATION (0xc0000005) at pc=0x00007ffe74e7ebe3, pid=3740, tid=5460
#
# JRE version: OpenJDK Runtime Environment Corretto-17.0.7.7.1 (17.0.7+7) (build 17.0.7+7-LTS)
# Java VM: OpenJDK 64-Bit Server VM Corretto-17.0.7.7.1 (17.0.7+7-LTS, mixed mode, sharing, tiered, compressed oops, compressed class ptrs, g1 gc, windows-amd64)
# Problematic frame:
# C  [ig9icd64.dll+0x9bebe3]
#
# No core dump will be written. Minidumps are not enabled by default on client versions of Windows
#
# If you would like to submit a bug report, please visit:
#   https://github.com/corretto/corretto-17/issues/
# The crash happened outside the Java Virtual Machine in native code.
# See problematic frame for where to report the bug.
#

---------------  S U M M A R Y ------------

Command Line: -Djava.library.path=C:\Users\HP\Desktop\newderar\build\classes\kotlin\jvm\main;C:\Users\HP\Desktop\newderar\build\processedResources\jvm\main -javaagent:C:\Program Files\JetBrains\IntelliJ IDEA Community Edition 2021.3.2\lib\idea_rt.jar=52968:C:\Program Files\JetBrains\IntelliJ IDEA Community Edition 2021.3.2\bin -Dfile.encoding=UTF-8 MainKt

Host: Intel(R) Core(TM) i5-7300U CPU @ 2.60GHz, 4 cores, 15G,  Windows 10 , 64 bit Build 19041 (10.0.19041.3155)
Time: Sat Jul  8 15:39:09 2023 Libya Standard Time elapsed time: 133.091798 seconds (0d 0h 2m 13s)

---------------  T H R E A D  ---------------

Current thread (0x000001a1c29b8cd0):  JavaThread "AWT-EventQueue-0" [_thread_in_native, id=5460, stack(0x0000007841100000,0x0000007841200000)]

Stack: [0x0000007841100000,0x0000007841200000],  sp=0x00000078411fc9a8,  free space=1010k
Native frames: (J=compiled Java code, j=interpreted, Vv=VM code, C=native code)
C  [ig9icd64.dll+0x9bebe3]

Java frames: (J=compiled Java code, j=interpreted, Vv=VM code)
J 5449  org.jetbrains.skia.DirectContextKt.DirectContext_nFlush(J)V (0 bytes) @ 0x000001a1af23f8e9 [0x000001a1af23f8a0+0x0000000000000049]
J 6056 c2 org.jetbrains.skiko.redrawer.WindowsOpenGLRedrawer$Companion$frameDispatcher$1.invokeSuspend(Ljava/lang/Object;)Ljava/lang/Object; (379 bytes) @ 0x000001a1af3459e0 [0x000001a1af344600+0x00000000000013e0]
J 6055 c2 org.jetbrains.skiko.FrameDispatcher$job$1.invokeSuspend(Ljava/lang/Object;)Ljava/lang/Object; (156 bytes) @ 0x000001a1af342154 [0x000001a1af341ea0+0x00000000000002b4]
J 5045 c2 kotlin.coroutines.jvm.internal.BaseContinuationImpl.resumeWith(Ljava/lang/Object;)V (128 bytes) @ 0x000001a1af1fdff4 [0x000001a1af1fdfa0+0x0000000000000054]
J 5874 c2 kotlinx.coroutines.DispatchedTask.run()V (571 bytes) @ 0x000001a1af312f28 [0x000001a1af312ba0+0x0000000000000388]
J 6251 c2 java.awt.EventDispatchThread.pumpOneEventForFilters(I)V java.desktop@17.0.7 (113 bytes) @ 0x000001a1af39c318 [0x000001a1af39b660+0x0000000000000cb8]
J 6313% c1 java.awt.EventDispatchThread.pumpEventsForFilter(ILjava/awt/Conditional;Ljava/awt/EventFilter;)V java.desktop@17.0.7 (47 bytes) @ 0x000001a1a7b08f9c [0x000001a1a7b08d00+0x000000000000029c]
j  java.awt.EventDispatchThread.pumpEventsForHierarchy(ILjava/awt/Conditional;Ljava/awt/Component;)V+11 java.desktop@17.0.7
j  java.awt.EventDispatchThread.pumpEvents(ILjava/awt/Conditional;)V+4 java.desktop@17.0.7
j  java.awt.EventDispatchThread.pumpEvents(Ljava/awt/Conditional;)V+3 java.desktop@17.0.7
j  java.awt.EventDispatchThread.run()V+9 java.desktop@17.0.7
v  ~StubRoutines::call_stub

siginfo: EXCEPTION_ACCESS_VIOLATION (0xc0000005), reading address 0xffffffffffffffff


Register to memory mapping:

RIP=0x00007ffe74e7ebe3 ig9icd64.dll
RAX=0x000000000fff0fff is an unknown value
RBX=0x00007ffe744c0000 ig9icd64.dll
RCX=0x000000033fcf3fcc is an unknown value
RDX=0x00000078411fcec0 is pointing into the stack for thread: 0x000001a1c29b8cd0
RSP=0x00000078411fc9a8 is pointing into the stack for thread: 0x000001a1c29b8cd0
RBP=0x00000078411fcab0 is pointing into the stack for thread: 0x000001a1c29b8cd0
RSI=0x000001a1c9980fc0 points into unknown readable memory: 0x000001a1c7f19100 | 00 91 f1 c7 a1 01 00 00
RDI=0x00000078411fccb0 is pointing into the stack for thread: 0x000001a1c29b8cd0
R8 =0x00000078411fcae0 is pointing into the stack for thread: 0x000001a1c29b8cd0
R9 =0x00000078411fcec0 is pointing into the stack for thread: 0x000001a1c29b8cd0
R10=0x00000078411fccb0 is pointing into the stack for thread: 0x000001a1c29b8cd0
R11=0x0 is NULL
R12=0x00007ffe752f15e0 ig9icd64.dll
R13=0x0 is NULL
R14=0x0 is NULL
R15=0x00000000000001c1 is an unknown value


Registers:
RAX=0x000000000fff0fff, RBX=0x00007ffe744c0000, RCX=0x000000033fcf3fcc, RDX=0x00000078411fcec0
RSP=0x00000078411fc9a8, RBP=0x00000078411fcab0, RSI=0x000001a1c9980fc0, RDI=0x00000078411fccb0
R8 =0x00000078411fcae0, R9 =0x00000078411fcec0, R10=0x00000078411fccb0, R11=0x0000000000000000
R12=0x00007ffe752f15e0, R13=0x0000000000000000, R14=0x0000000000000000, R15=0x00000000000001c1
RIP=0x00007ffe74e7ebe3, EFLAGS=0x0000000000010206

Top of Stack: (sp=0x00000078411fc9a8)
0x00000078411fc9a8:   00007ffe74e7c31b 0000000000000001
0x00000078411fc9b8:   0000000000000000 000001a1d4bf8700
0x00000078411fc9c8:   00007ffeda002622 0000007800000065
0x00000078411fc9d8:   00000078411fcbe0 0000000000000000
0x00000078411fc9e8:   000001a1d184f120 0000000000000000
0x00000078411fc9f8:   000001a1c9cd41b0 000001a1d4bf8760
0x00000078411fca08:   0000000000001100 0000000000000000
0x00000078411fca18:   0000000000000000 00000078411fcb90
0x00000078411fca28:   00007ffe74b179c0 0000000000000000
0x00000078411fca38:   0000000000000000 0000000000000000
0x00000078411fca48:   0000000000000000 0000964c0df8d2ed
0x00000078411fca58:   00007ffe744d6555 000001a1d4bf8760
0x00000078411fca68:   0000000000000001 0000000000000000
0x00000078411fca78:   00007ffee9b7b86b 000000000092011e
0x00000078411fca88:   000000000000007a 000001a1c232b410
0x00000078411fca98:   0000000000000000 0000000000000000 

Instructions: (pc=0x00007ffe74e7ebe3)
0x00007ffe74e7eae3:   c1 75 31 00 48 89 51 08 48 89 01 8b 44 24 28 89
0x00007ffe74e7eaf3:   41 20 8b 44 24 30 89 41 24 48 8b c1 4c 89 41 10
0x00007ffe74e7eb03:   4c 89 49 18 c3 cc cc cc cc cc cc cc cc 48 89 5c
0x00007ffe74e7eb13:   24 08 8b 41 5c 48 8d 1d e1 14 64 ff 41 89 40 08
0x00007ffe74e7eb23:   4c 8b d1 8b 41 60 45 33 db 41 89 40 0c 4c 8b ca
0x00007ffe74e7eb33:   8b 41 64 41 89 40 10 8b 41 68 41 89 40 14 8b 41
0x00007ffe74e7eb43:   6c 41 89 40 18 8b 41 70 41 89 40 1c 48 63 41 74
0x00007ffe74e7eb53:   48 6b c8 34 8b 84 19 44 d1 ee 00 41 89 40 20 8b
0x00007ffe74e7eb63:   84 19 48 d1 ee 00 41 89 40 24 8b 84 19 4c d1 ee
0x00007ffe74e7eb73:   00 41 89 40 28 8b 84 19 50 d1 ee 00 41 89 40 2c
0x00007ffe74e7eb83:   8b 84 19 34 d1 ee 00 41 89 40 30 8b 84 19 38 d1
0x00007ffe74e7eb93:   ee 00 41 89 40 34 8b 84 19 3c d1 ee 00 41 89 40
0x00007ffe74e7eba3:   38 8b 84 19 40 d1 ee 00 41 89 40 3c 8b 84 19 24
0x00007ffe74e7ebb3:   d1 ee 00 41 89 40 40 8b 84 19 28 d1 ee 00 41 89
0x00007ffe74e7ebc3:   40 44 8b 84 19 2c d1 ee 00 41 89 40 48 8b 84 19
0x00007ffe74e7ebd3:   30 d1 ee 00 41 89 40 4c 49 63 42 78 48 6b c8 34
0x00007ffe74e7ebe3:   8b 84 19 44 d1 ee 00 41 89 40 50 8b 84 19 48 d1
0x00007ffe74e7ebf3:   ee 00 41 89 40 54 8b 84 19 4c d1 ee 00 41 89 40
0x00007ffe74e7ec03:   58 8b 84 19 50 d1 ee 00 41 89 40 5c 8b 84 19 34
0x00007ffe74e7ec13:   d1 ee 00 41 89 40 60 8b 84 19 38 d1 ee 00 41 89
0x00007ffe74e7ec23:   40 64 8b 84 19 3c d1 ee 00 41 89 40 68 8b 84 19
0x00007ffe74e7ec33:   40 d1 ee 00 41 89 40 6c 8b 84 19 24 d1 ee 00 41
0x00007ffe74e7ec43:   89 40 70 8b 84 19 28 d1 ee 00 41 89 40 74 8b 84
0x00007ffe74e7ec53:   19 2c d1 ee 00 41 89 40 78 8b 84 19 30 d1 ee 00
0x00007ffe74e7ec63:   41 89 40 7c 48 8b 42 18 8b 88 38 0b 00 00 f6 c1
0x00007ffe74e7ec73:   08 0f 84 86 00 00 00 8b 80 3c 0b 00 00 41 89 80
0x00007ffe74e7ec83:   80 00 00 00 48 8b 42 18 8b 88 40 0b 00 00 41 89
0x00007ffe74e7ec93:   88 84 00 00 00 48 8b 42 18 8b 88 44 0b 00 00 41
0x00007ffe74e7eca3:   89 88 88 00 00 00 48 8b 42 18 8b 88 48 0b 00 00
0x00007ffe74e7ecb3:   41 89 88 8c 00 00 00 48 8b 42 18 8b 88 4c 0b 00
0x00007ffe74e7ecc3:   00 41 89 88 90 00 00 00 48 8b 42 18 8b 88 50 0b
0x00007ffe74e7ecd3:   00 00 41 89 88 94 00 00 00 48 8b 42 18 8b 88 54 


Stack slot to memory mapping:
stack at sp + 0 slots: 0x00007ffe74e7c31b ig9icd64.dll
stack at sp + 1 slots: 0x0000000000000001 is an unknown value
stack at sp + 2 slots: 0x0 is NULL
stack at sp + 3 slots: 0x000001a1d4bf8700 points into unknown readable memory: 0x0000000000000000 | 00 00 00 00 00 00 00 00
stack at sp + 4 slots: 0x00007ffeda002622 igdgmm64.dll
stack at sp + 5 slots: 0x0000007800000065 is an unknown value
stack at sp + 6 slots: 0x00000078411fcbe0 is pointing into the stack for thread: 0x000001a1c29b8cd0
stack at sp + 7 slots: 0x0 is NULL


---------------  P R O C E S S  ---------------

Threads class SMR info:
_java_thread_list=0x000001a1ca7096b0, length=26, elements={
0x000001a19f9d6a30, 0x000001a1c2084b80, 0x000001a1c2086190, 0x000001a1c209c430,
0x000001a1c209cef0, 0x000001a1c209f9b0, 0x000001a1c20a0360, 0x000001a1c20a10f0,
0x000001a1c20a4bb0, 0x000001a1c2200780, 0x000001a1c22a3340, 0x000001a1c250de50,
0x000001a1c2544be0, 0x000001a1c2c19320, 0x000001a1c2cfb030, 0x000001a1c29b8cd0,
0x000001a1c73b9470, 0x000001a1c7280350, 0x000001a1c77e8570, 0x000001a1c77e5ef0,
0x000001a1c77e98b0, 0x000001a1c7593850, 0x000001a1c75941f0, 0x000001a1c75963a0,
0x000001a1c7595530, 0x000001a1ca7d8540
}

Java Threads: ( => current thread )
  0x000001a19f9d6a30 JavaThread "main" [_thread_blocked, id=4196, stack(0x000000783f600000,0x000000783f700000)]
  0x000001a1c2084b80 JavaThread "Reference Handler" daemon [_thread_blocked, id=13972, stack(0x000000783fd00000,0x000000783fe00000)]
  0x000001a1c2086190 JavaThread "Finalizer" daemon [_thread_blocked, id=16112, stack(0x000000783fe00000,0x000000783ff00000)]
  0x000001a1c209c430 JavaThread "Signal Dispatcher" daemon [_thread_blocked, id=17676, stack(0x000000783ff00000,0x0000007840000000)]
  0x000001a1c209cef0 JavaThread "Attach Listener" daemon [_thread_blocked, id=4012, stack(0x0000007840000000,0x0000007840100000)]
  0x000001a1c209f9b0 JavaThread "Service Thread" daemon [_thread_blocked, id=5820, stack(0x0000007840100000,0x0000007840200000)]
  0x000001a1c20a0360 JavaThread "Monitor Deflation Thread" daemon [_thread_blocked, id=10828, stack(0x0000007840200000,0x0000007840300000)]
  0x000001a1c20a10f0 JavaThread "C2 CompilerThread0" daemon [_thread_blocked, id=15152, stack(0x0000007840300000,0x0000007840400000)]
  0x000001a1c20a4bb0 JavaThread "C1 CompilerThread0" daemon [_thread_blocked, id=17924, stack(0x0000007840400000,0x0000007840500000)]
  0x000001a1c2200780 JavaThread "Sweeper thread" daemon [_thread_blocked, id=11140, stack(0x0000007840500000,0x0000007840600000)]
  0x000001a1c22a3340 JavaThread "Common-Cleaner" daemon [_thread_blocked, id=17284, stack(0x0000007840600000,0x0000007840700000)]
  0x000001a1c250de50 JavaThread "Monitor Ctrl-Break" daemon [_thread_in_native, id=12284, stack(0x0000007840800000,0x0000007840900000)]
  0x000001a1c2544be0 JavaThread "Notification Thread" daemon [_thread_blocked, id=124, stack(0x0000007840900000,0x0000007840a00000)]
  0x000001a1c2c19320 JavaThread "Java2D Disposer" daemon [_thread_blocked, id=13836, stack(0x0000007840e00000,0x0000007840f00000)]
  0x000001a1c2cfb030 JavaThread "AWT-Shutdown" [_thread_blocked, id=7128, stack(0x0000007840f00000,0x0000007841000000)]
=>0x000001a1c29b8cd0 JavaThread "AWT-EventQueue-0" [_thread_in_native, id=5460, stack(0x0000007841100000,0x0000007841200000)]
  0x000001a1c73b9470 JavaThread "Reference Cleaner" daemon [_thread_blocked, id=8504, stack(0x0000007841300000,0x0000007841400000)]
  0x000001a1c7280350 JavaThread "DefaultDispatcher-worker-1" daemon [_thread_blocked, id=15684, stack(0x0000007841400000,0x0000007841500000)]
  0x000001a1c77e8570 JavaThread "DefaultDispatcher-worker-2" daemon [_thread_blocked, id=15404, stack(0x0000007841500000,0x0000007841600000)]
  0x000001a1c77e5ef0 JavaThread "kotlinx.coroutines.DefaultExecutor" daemon [_thread_blocked, id=11620, stack(0x0000007841700000,0x0000007841800000)]
  0x000001a1c77e98b0 JavaThread "TimerQueue" daemon [_thread_blocked, id=19300, stack(0x0000007841a00000,0x0000007841b00000)]
  0x000001a1c7593850 JavaThread "RealmFinalizingDaemon" daemon [_thread_blocked, id=15884, stack(0x0000007841d00000,0x0000007841e00000)]
  0x000001a1c75941f0 JavaThread "core-notifier" daemon [_thread_in_native, id=15436, stack(0x0000007841f00000,0x0000007842000000)]
  0x000001a1c75963a0 JavaThread "DefaultDispatcher-worker-4" daemon [_thread_blocked, id=14104, stack(0x0000007842100000,0x0000007842200000)]
  0x000001a1c7595530 JavaThread "DefaultDispatcher-worker-3" daemon [_thread_blocked, id=17200, stack(0x0000007842300000,0x0000007842400000)]
  0x000001a1ca7d8540 JavaThread "SIGINT handler" daemon [_thread_blocked, id=1272, stack(0x000000783f400000,0x000000783f500000)]

Other Threads:
  0x000001a1c207ef20 VMThread "VM Thread" [stack: 0x000000783fc00000,0x000000783fd00000] [id=17528]
  0x000001a19f9d79e0 WatcherThread [stack: 0x0000007840a00000,0x0000007840b00000] [id=18396]
  0x000001a19fa407c0 GCTaskThread "GC Thread#0" [stack: 0x000000783f700000,0x000000783f800000] [id=14580]
  0x000001a1c2cada60 GCTaskThread "GC Thread#1" [stack: 0x0000007840b00000,0x0000007840c00000] [id=16360]
  0x000001a1c29c68a0 GCTaskThread "GC Thread#2" [stack: 0x0000007840c00000,0x0000007840d00000] [id=588]
  0x000001a1c2838b90 GCTaskThread "GC Thread#3" [stack: 0x0000007840d00000,0x0000007840e00000] [id=17004]
  0x000001a19fa51490 ConcurrentGCThread "G1 Main Marker" [stack: 0x000000783f800000,0x000000783f900000] [id=10872]
  0x000001a19fa51ea0 ConcurrentGCThread "G1 Conc#0" [stack: 0x000000783f900000,0x000000783fa00000] [id=14236]
  0x000001a19fa8d680 ConcurrentGCThread "G1 Refine#0" [stack: 0x000000783fa00000,0x000000783fb00000] [id=17184]
  0x000001a19fa8e0a0 ConcurrentGCThread "G1 Service" [stack: 0x000000783fb00000,0x000000783fc00000] [id=4956]

Threads with active compile tasks:

VM state: not at safepoint (normal execution)

VM Mutex/Monitor currently owned by a thread: None

Heap address: 0x0000000702600000, size: 4058 MB, Compressed Oops mode: Zero based, Oop shift amount: 3

CDS archive(s) mapped at: [0x0000000800000000-0x0000000800bc0000-0x0000000800bc0000), size 12320768, SharedBaseAddress: 0x0000000800000000, ArchiveRelocationMode: 0.
Compressed class space mapped at: 0x0000000801000000-0x0000000841000000, reserved size: 1073741824
Narrow klass base: 0x0000000800000000, Narrow klass shift: 0, Narrow klass range: 0x100000000

GC Precious Log:
 CPUs: 4 total, 4 available
 Memory: 16224M
 Large Page Support: Disabled
 NUMA Support: Disabled
 Compressed Oops: Enabled (Zero based)
 Heap Region Size: 2M
 Heap Min Capacity: 8M
 Heap Initial Capacity: 254M
 Heap Max Capacity: 4058M
 Pre-touch: Disabled
 Parallel Workers: 4
 Concurrent Workers: 1
 Concurrent Refinement Workers: 4
 Periodic GC: Disabled

Heap:
 garbage-first heap   total 90112K, used 42327K [0x0000000702600000, 0x0000000800000000)
  region size 2048K, 10 young (20480K), 0 survivors (0K)
 Metaspace       used 35122K, committed 35328K, reserved 1114112K
  class space    used 3751K, committed 3840K, reserved 1048576K

Heap Regions: E=young(eden), S=young(survivor), O=old, HS=humongous(starts), HC=humongous(continues), CS=collection set, F=free, OA=open archive, CA=closed archive, TAMS=top-at-mark-start (previous, next)
|   0|0x0000000702600000, 0x0000000702800000, 0x0000000702800000|100%|HS|  |TAMS 0x0000000702800000, 0x0000000702600000| Untracked 
|   1|0x0000000702800000, 0x0000000702a00000, 0x0000000702a00000|100%| O|  |TAMS 0x0000000702a00000, 0x0000000702800000| Untracked 
|   2|0x0000000702a00000, 0x0000000702c00000, 0x0000000702c00000|100%| O|  |TAMS 0x0000000702c00000, 0x0000000702a00000| Untracked 
|   3|0x0000000702c00000, 0x0000000702dffff8, 0x0000000702e00000| 99%| O|  |TAMS 0x0000000702dffff8, 0x0000000702c00000| Untracked 
|   4|0x0000000702e00000, 0x0000000702fffb68, 0x0000000703000000| 99%| O|  |TAMS 0x0000000702fffb68, 0x0000000702e00000| Untracked 
|   5|0x0000000703000000, 0x000000070311ce78, 0x0000000703200000| 55%| O|  |TAMS 0x0000000703000000, 0x0000000703000000| Untracked 
|   6|0x0000000703200000, 0x0000000703391fd8, 0x0000000703400000| 78%| O|  |TAMS 0x0000000703200000, 0x0000000703200000| Untracked 
|   7|0x0000000703400000, 0x00000007034a7640, 0x0000000703600000| 32%| O|  |TAMS 0x0000000703400000, 0x0000000703400000| Untracked 
|   8|0x0000000703600000, 0x0000000703600000, 0x0000000703800000|  0%| F|  |TAMS 0x0000000703600000, 0x0000000703600000| Untracked 
|   9|0x0000000703800000, 0x0000000703800000, 0x0000000703a00000|  0%| F|  |TAMS 0x0000000703800000, 0x0000000703800000| Untracked 
|  10|0x0000000703a00000, 0x0000000703c00000, 0x0000000703c00000|100%| O|  |TAMS 0x0000000703c00000, 0x0000000703a00000| Untracked 
|  11|0x0000000703c00000, 0x0000000703c00000, 0x0000000703e00000|  0%| F|  |TAMS 0x0000000703c00000, 0x0000000703c00000| Untracked 
|  12|0x0000000703e00000, 0x0000000703e00000, 0x0000000704000000|  0%| F|  |TAMS 0x0000000703e00000, 0x0000000703e00000| Untracked 
|  13|0x0000000704000000, 0x0000000704000000, 0x0000000704200000|  0%| F|  |TAMS 0x0000000704000000, 0x0000000704000000| Untracked 
|  14|0x0000000704200000, 0x0000000704200000, 0x0000000704400000|  0%| F|  |TAMS 0x0000000704200000, 0x0000000704200000| Untracked 
|  15|0x0000000704400000, 0x0000000704400000, 0x0000000704600000|  0%| F|  |TAMS 0x0000000704400000, 0x0000000704400000| Untracked 
|  16|0x0000000704600000, 0x0000000704600000, 0x0000000704800000|  0%| F|  |TAMS 0x0000000704600000, 0x0000000704600000| Untracked 
|  17|0x0000000704800000, 0x0000000704a00000, 0x0000000704a00000|100%|HS|  |TAMS 0x0000000704a00000, 0x0000000704800000| Untracked 
|  18|0x0000000704a00000, 0x0000000704c00000, 0x0000000704c00000|100%|HC|  |TAMS 0x0000000704c00000, 0x0000000704a00000| Untracked 
|  19|0x0000000704c00000, 0x0000000704e00000, 0x0000000704e00000|100%|HC|  |TAMS 0x0000000704e00000, 0x0000000704c00000| Untracked 
|  20|0x0000000704e00000, 0x0000000705000000, 0x0000000705000000|100%|HC|  |TAMS 0x0000000705000000, 0x0000000704e00000| Untracked 
|  21|0x0000000705000000, 0x0000000705000000, 0x0000000705200000|  0%| F|  |TAMS 0x0000000705000000, 0x0000000705000000| Untracked 
|  22|0x0000000705200000, 0x0000000705200000, 0x0000000705400000|  0%| F|  |TAMS 0x0000000705200000, 0x0000000705200000| Untracked 
|  23|0x0000000705400000, 0x0000000705400000, 0x0000000705600000|  0%| F|  |TAMS 0x0000000705400000, 0x0000000705400000| Untracked 
|  24|0x0000000705600000, 0x0000000705600000, 0x0000000705800000|  0%| F|  |TAMS 0x0000000705600000, 0x0000000705600000| Untracked 
|  25|0x0000000705800000, 0x0000000705800000, 0x0000000705a00000|  0%| F|  |TAMS 0x0000000705800000, 0x0000000705800000| Untracked 
|  26|0x0000000705a00000, 0x0000000705a00000, 0x0000000705c00000|  0%| F|  |TAMS 0x0000000705a00000, 0x0000000705a00000| Untracked 
|  27|0x0000000705c00000, 0x0000000705c00000, 0x0000000705e00000|  0%| F|  |TAMS 0x0000000705c00000, 0x0000000705c00000| Untracked 
|  28|0x0000000705e00000, 0x0000000705e00000, 0x0000000706000000|  0%| F|  |TAMS 0x0000000705e00000, 0x0000000705e00000| Untracked 
|  29|0x0000000706000000, 0x0000000706000000, 0x0000000706200000|  0%| F|  |TAMS 0x0000000706000000, 0x0000000706000000| Untracked 
|  30|0x0000000706200000, 0x0000000706200000, 0x0000000706400000|  0%| F|  |TAMS 0x0000000706200000, 0x0000000706200000| Untracked 
|  31|0x0000000706400000, 0x0000000706400000, 0x0000000706600000|  0%| F|  |TAMS 0x0000000706400000, 0x0000000706400000| Untracked 
|  32|0x0000000706600000, 0x0000000706600000, 0x0000000706800000|  0%| F|  |TAMS 0x0000000706600000, 0x0000000706600000| Untracked 
|  33|0x0000000706800000, 0x0000000706800000, 0x0000000706a00000|  0%| F|  |TAMS 0x0000000706800000, 0x0000000706800000| Untracked 
|  34|0x0000000706a00000, 0x0000000706af1c30, 0x0000000706c00000| 47%| E|  |TAMS 0x0000000706a00000, 0x0000000706a00000| Complete 
|  35|0x0000000706c00000, 0x0000000706e00000, 0x0000000706e00000|100%| E|CS|TAMS 0x0000000706c00000, 0x0000000706c00000| Complete 
|  36|0x0000000706e00000, 0x0000000707000000, 0x0000000707000000|100%| E|CS|TAMS 0x0000000706e00000, 0x0000000706e00000| Complete 
|  37|0x0000000707000000, 0x0000000707200000, 0x0000000707200000|100%| E|CS|TAMS 0x0000000707000000, 0x0000000707000000| Complete 
|  38|0x0000000707200000, 0x0000000707400000, 0x0000000707400000|100%| E|CS|TAMS 0x0000000707200000, 0x0000000707200000| Complete 
|  39|0x0000000707400000, 0x0000000707600000, 0x0000000707600000|100%| E|CS|TAMS 0x0000000707400000, 0x0000000707400000| Complete 
|  40|0x0000000707600000, 0x0000000707800000, 0x0000000707800000|100%| E|CS|TAMS 0x0000000707600000, 0x0000000707600000| Complete 
|  41|0x0000000707800000, 0x0000000707a00000, 0x0000000707a00000|100%| E|CS|TAMS 0x0000000707800000, 0x0000000707800000| Complete 
|  42|0x0000000707a00000, 0x0000000707c00000, 0x0000000707c00000|100%| E|CS|TAMS 0x0000000707a00000, 0x0000000707a00000| Complete 
|  43|0x0000000707c00000, 0x0000000707e00000, 0x0000000707e00000|100%| E|CS|TAMS 0x0000000707c00000, 0x0000000707c00000| Complete 

Card table byte_map: [0x000001a1b6cc0000,0x000001a1b74b0000] _byte_map_base: 0x000001a1b34ad000

Marking Bits (Prev, Next): (CMBitMap*) 0x000001a19fa40e10, (CMBitMap*) 0x000001a19fa40dd0
 Prev Bits: [0x000001a1bbc10000, 0x000001a1bfb78000)
 Next Bits: [0x000001a1b7ca0000, 0x000001a1bbc08000)

Polling page: 0x000001a19db40000

Metaspace:

Usage:
  Non-class:     30.64 MB used.
      Class:      3.66 MB used.
       Both:     34.30 MB used.

Virtual space:
  Non-class space:       64.00 MB reserved,      30.75 MB ( 48%) committed,  1 nodes.
      Class space:        1.00 GB reserved,       3.75 MB ( <1%) committed,  1 nodes.
             Both:        1.06 GB reserved,      34.50 MB (  3%) committed. 

Chunk freelists:
   Non-Class:  400.00 KB
       Class:  12.25 MB
        Both:  12.64 MB

MaxMetaspaceSize: unlimited
CompressedClassSpaceSize: 1.00 GB
Initial GC threshold: 21.00 MB
Current GC threshold: 57.19 MB
CDS: on
MetaspaceReclaimPolicy: balanced
 - commit_granule_bytes: 65536.
 - commit_granule_words: 8192.
 - virtual_space_node_default_size: 8388608.
 - enlarge_chunks_in_place: 1.
 - new_chunks_are_fully_committed: 0.
 - uncommit_free_chunks: 1.
 - use_allocation_guard: 0.
 - handle_deallocations: 1.


Internal statistics:

num_allocs_failed_limit: 3.
num_arena_births: 160.
num_arena_deaths: 0.
num_vsnodes_births: 2.
num_vsnodes_deaths: 0.
num_space_committed: 552.
num_space_uncommitted: 0.
num_chunks_returned_to_freelist: 3.
num_chunks_taken_from_freelist: 1083.
num_chunk_merges: 3.
num_chunk_splits: 936.
num_chunks_enlarged: 854.
num_inconsistent_stats: 0.

CodeHeap 'non-profiled nmethods': size=120000Kb used=4353Kb max_used=4353Kb free=115646Kb
 bounds [0x000001a1aefa0000, 0x000001a1af3f0000, 0x000001a1b64d0000]
CodeHeap 'profiled nmethods': size=120000Kb used=10607Kb max_used=11552Kb free=109392Kb
 bounds [0x000001a1a74d0000, 0x000001a1a8020000, 0x000001a1aea00000]
CodeHeap 'non-nmethods': size=5760Kb used=1868Kb max_used=1956Kb free=3891Kb
 bounds [0x000001a1aea00000, 0x000001a1aec70000, 0x000001a1aefa0000]
 total_blobs=6872 nmethods=5529 adapters=1254
 compilation: enabled
              stopped_count=0, restarted_count=0
 full_count=0

Compilation events (20 events):
Event: 126.305 Thread 0x000001a1c20a4bb0 6314       3       java.awt.EventDispatchThread::pumpEventsForFilter (47 bytes)
Event: 126.306 Thread 0x000001a1c20a4bb0 nmethod 6314 0x000001a1a76a9d90 code [0x000001a1a76a9f60, 0x000001a1a76aa3a8]
Event: 133.036 Thread 0x000001a1c20a4bb0 6315       3       java.util.IdentityHashMap$IdentityHashMapIterator::nextIndex (72 bytes)
Event: 133.036 Thread 0x000001a1c20a4bb0 nmethod 6315 0x000001a1a7942310 code [0x000001a1a79424e0, 0x000001a1a7942928]
Event: 133.041 Thread 0x000001a1c20a10f0 6316       4       kotlinx.coroutines.CancellableContinuationImpl::isReusable (29 bytes)
Event: 133.042 Thread 0x000001a1c20a10f0 nmethod 6316 0x000001a1af3dea10 code [0x000001a1af3deb80, 0x000001a1af3dec58]
Event: 133.043 Thread 0x000001a1c20a10f0 6317       4       kotlinx.coroutines.JobSupport::isCompleted (16 bytes)
Event: 133.044 Thread 0x000001a1c20a10f0 nmethod 6317 0x000001a1af3ded10 code [0x000001a1af3dee80, 0x000001a1af3def98]
Event: 133.048 Thread 0x000001a1c20a4bb0 6318       3       jdk.internal.org.objectweb.asm.Frame::getInputStackSize (6 bytes)
Event: 133.048 Thread 0x000001a1c20a4bb0 nmethod 6318 0x000001a1a76a9910 code [0x000001a1a76a9aa0, 0x000001a1a76a9bb8]
Event: 133.050 Thread 0x000001a1c20a4bb0 6319       3       jdk.internal.org.objectweb.asm.Frame::accept (264 bytes)
Event: 133.051 Thread 0x000001a1c20a4bb0 nmethod 6319 0x000001a1a7941290 code [0x000001a1a79414c0, 0x000001a1a7941df8]
Event: 133.063 Thread 0x000001a1c20a4bb0 6320       3       java.lang.PublicMethods$Key::matches (31 bytes)
Event: 133.064 Thread 0x000001a1c20a4bb0 nmethod 6320 0x000001a1a7516290 code [0x000001a1a7516460, 0x000001a1a75167d8]
Event: 133.065 Thread 0x000001a1c20a4bb0 6321       3       java.util.Collections$EmptyMap::entrySet (4 bytes)
Event: 133.065 Thread 0x000001a1c20a4bb0 nmethod 6321 0x000001a1a7aa8e90 code [0x000001a1a7aa9020, 0x000001a1a7aa9198]
Event: 133.068 Thread 0x000001a1c20a4bb0 6322       1       java.lang.reflect.Method::getDeclaringClass (5 bytes)
Event: 133.068 Thread 0x000001a1c20a4bb0 nmethod 6322 0x000001a1af3df090 code [0x000001a1af3df220, 0x000001a1af3df2f8]
Event: 133.068 Thread 0x000001a1c20a4bb0 6323       3       java.lang.reflect.Method::getParameterCount (6 bytes)
Event: 133.068 Thread 0x000001a1c20a4bb0 nmethod 6323 0x000001a1a7515f10 code [0x000001a1a75160a0, 0x000001a1a75161b8]

GC Heap History (20 events):
Event: 5.085 GC heap before
{Heap before GC invocations=6 (full 0):
 garbage-first heap   total 49152K, used 25996K [0x0000000702600000, 0x0000000800000000)
  region size 2048K, 2 young (4096K), 1 survivors (2048K)
 Metaspace       used 24667K, committed 24896K, reserved 1114112K
  class space    used 2672K, committed 2816K, reserved 1048576K
}
Event: 5.089 GC heap after
{Heap after GC invocations=7 (full 0):
 garbage-first heap   total 49152K, used 17900K [0x0000000702600000, 0x0000000800000000)
  region size 2048K, 1 young (2048K), 1 survivors (2048K)
 Metaspace       used 24667K, committed 24896K, reserved 1114112K
  class space    used 2672K, committed 2816K, reserved 1048576K
}
Event: 5.382 GC heap before
{Heap before GC invocations=7 (full 0):
 garbage-first heap   total 49152K, used 32236K [0x0000000702600000, 0x0000000800000000)
  region size 2048K, 8 young (16384K), 1 survivors (2048K)
 Metaspace       used 26800K, committed 26944K, reserved 1114112K
  class space    used 2940K, committed 3008K, reserved 1048576K
}
Event: 5.386 GC heap after
{Heap after GC invocations=8 (full 0):
 garbage-first heap   total 49152K, used 19070K [0x0000000702600000, 0x0000000800000000)
  region size 2048K, 1 young (2048K), 1 survivors (2048K)
 Metaspace       used 26800K, committed 26944K, reserved 1114112K
  class space    used 2940K, committed 3008K, reserved 1048576K
}
Event: 5.838 GC heap before
{Heap before GC invocations=8 (full 0):
 garbage-first heap   total 49152K, used 33406K [0x0000000702600000, 0x0000000800000000)
  region size 2048K, 8 young (16384K), 1 survivors (2048K)
 Metaspace       used 29881K, committed 30144K, reserved 1114112K
  class space    used 3312K, committed 3456K, reserved 1048576K
}
Event: 5.842 GC heap after
{Heap after GC invocations=9 (full 0):
 garbage-first heap   total 155648K, used 20245K [0x0000000702600000, 0x0000000800000000)
  region size 2048K, 1 young (2048K), 1 survivors (2048K)
 Metaspace       used 29881K, committed 30144K, reserved 1114112K
  class space    used 3312K, committed 3456K, reserved 1048576K
}
Event: 31.405 GC heap before
{Heap before GC invocations=9 (full 0):
 garbage-first heap   total 155648K, used 100117K [0x0000000702600000, 0x0000000800000000)
  region size 2048K, 37 young (75776K), 1 survivors (2048K)
 Metaspace       used 34714K, committed 34944K, reserved 1114112K
  class space    used 3735K, committed 3840K, reserved 1048576K
}
Event: 31.429 GC heap after
{Heap after GC invocations=10 (full 1):
 garbage-first heap   total 90112K, used 23970K [0x0000000702600000, 0x0000000800000000)
  region size 2048K, 0 young (0K), 0 survivors (0K)
 Metaspace       used 34714K, committed 34944K, reserved 1114112K
  class space    used 3735K, committed 3840K, reserved 1048576K
}
Event: 52.750 GC heap before
{Heap before GC invocations=10 (full 1):
 garbage-first heap   total 90112K, used 62882K [0x0000000702600000, 0x0000000800000000)
  region size 2048K, 19 young (38912K), 0 survivors (0K)
 Metaspace       used 34926K, committed 35136K, reserved 1114112K
  class space    used 3736K, committed 3840K, reserved 1048576K
}
Event: 52.752 GC heap after
{Heap after GC invocations=11 (full 1):
 garbage-first heap   total 90112K, used 24155K [0x0000000702600000, 0x0000000800000000)
  region size 2048K, 1 young (2048K), 1 survivors (2048K)
 Metaspace       used 34926K, committed 35136K, reserved 1114112K
  class space    used 3736K, committed 3840K, reserved 1048576K
}
Event: 61.440 GC heap before
{Heap before GC invocations=11 (full 1):
 garbage-first heap   total 90112K, used 38491K [0x0000000702600000, 0x0000000800000000)
  region size 2048K, 9 young (18432K), 1 survivors (2048K)
 Metaspace       used 34933K, committed 35136K, reserved 1114112K
  class space    used 3736K, committed 3840K, reserved 1048576K
}
Event: 61.462 GC heap after
{Heap after GC invocations=12 (full 2):
 garbage-first heap   total 90112K, used 23799K [0x0000000702600000, 0x0000000800000000)
  region size 2048K, 0 young (0K), 0 survivors (0K)
 Metaspace       used 34933K, committed 35136K, reserved 1114112K
  class space    used 3736K, committed 3840K, reserved 1048576K
}
Event: 85.056 GC heap before
{Heap before GC invocations=12 (full 2):
 garbage-first heap   total 90112K, used 66807K [0x0000000702600000, 0x0000000800000000)
  region size 2048K, 21 young (43008K), 0 survivors (0K)
 Metaspace       used 35026K, committed 35200K, reserved 1114112K
  class space    used 3736K, committed 3840K, reserved 1048576K
}
Event: 85.059 GC heap after
{Heap after GC invocations=13 (full 2):
 garbage-first heap   total 90112K, used 24071K [0x0000000702600000, 0x0000000800000000)
  region size 2048K, 1 young (2048K), 1 survivors (2048K)
 Metaspace       used 35026K, committed 35200K, reserved 1114112K
  class space    used 3736K, committed 3840K, reserved 1048576K
}
Event: 91.471 GC heap before
{Heap before GC invocations=13 (full 2):
 garbage-first heap   total 90112K, used 34311K [0x0000000702600000, 0x0000000800000000)
  region size 2048K, 7 young (14336K), 1 survivors (2048K)
 Metaspace       used 35026K, committed 35200K, reserved 1114112K
  class space    used 3736K, committed 3840K, reserved 1048576K
}
Event: 91.495 GC heap after
{Heap after GC invocations=14 (full 3):
 garbage-first heap   total 90112K, used 23813K [0x0000000702600000, 0x0000000800000000)
  region size 2048K, 0 young (0K), 0 survivors (0K)
 Metaspace       used 35026K, committed 35200K, reserved 1114112K
  class space    used 3736K, committed 3840K, reserved 1048576K
}
Event: 120.024 GC heap before
{Heap before GC invocations=14 (full 3):
 garbage-first heap   total 90112K, used 68869K [0x0000000702600000, 0x0000000800000000)
  region size 2048K, 22 young (45056K), 0 survivors (0K)
 Metaspace       used 35028K, committed 35200K, reserved 1114112K
  class space    used 3737K, committed 3840K, reserved 1048576K
}
Event: 120.025 GC heap after
{Heap after GC invocations=15 (full 3):
 garbage-first heap   total 90112K, used 24067K [0x0000000702600000, 0x0000000800000000)
  region size 2048K, 1 young (2048K), 1 survivors (2048K)
 Metaspace       used 35028K, committed 35200K, reserved 1114112K
  class space    used 3737K, committed 3840K, reserved 1048576K
}
Event: 121.510 GC heap before
{Heap before GC invocations=15 (full 3):
 garbage-first heap   total 90112K, used 26115K [0x0000000702600000, 0x0000000800000000)
  region size 2048K, 3 young (6144K), 1 survivors (2048K)
 Metaspace       used 35028K, committed 35200K, reserved 1114112K
  class space    used 3737K, committed 3840K, reserved 1048576K
}
Event: 121.542 GC heap after
{Heap after GC invocations=16 (full 4):
 garbage-first heap   total 90112K, used 23895K [0x0000000702600000, 0x0000000800000000)
  region size 2048K, 0 young (0K), 0 survivors (0K)
 Metaspace       used 35028K, committed 35200K, reserved 1114112K
  class space    used 3737K, committed 3840K, reserved 1048576K
}

Dll operation events (14 events):
Event: 0.012 Loaded shared library C:\Users\HP\.jdks\corretto-17.0.7\bin\java.dll
Event: 0.024 Loaded shared library C:\Users\HP\.jdks\corretto-17.0.7\bin\jsvml.dll
Event: 0.150 Loaded shared library C:\Users\HP\.jdks\corretto-17.0.7\bin\zip.dll
Event: 0.152 Loaded shared library C:\Users\HP\.jdks\corretto-17.0.7\bin\instrument.dll
Event: 0.159 Loaded shared library C:\Users\HP\.jdks\corretto-17.0.7\bin\net.dll
Event: 0.161 Loaded shared library C:\Users\HP\.jdks\corretto-17.0.7\bin\nio.dll
Event: 0.165 Loaded shared library C:\Users\HP\.jdks\corretto-17.0.7\bin\zip.dll
Event: 0.280 Loaded shared library C:\Program Files\JetBrains\IntelliJ IDEA Community Edition 2021.3.2\bin\breakgen64.dll
Event: 0.459 Loaded shared library C:\Users\HP\.jdks\corretto-17.0.7\bin\jimage.dll
Event: 0.465 Loaded shared library C:\Users\HP\.jdks\corretto-17.0.7\bin\awt.dll
Event: 1.349 Loaded shared library C:\Users\HP\.skiko\0de0d8dd8554d9bb66cfca3837db6514ff9b71080e998917280a3b777460a416\skiko-windows-x64.dll
Event: 1.819 Loaded shared library C:\Users\HP\.jdks\corretto-17.0.7\bin\freetype.dll
Event: 1.820 Loaded shared library C:\Users\HP\.jdks\corretto-17.0.7\bin\fontmanager.dll
Event: 5.687 Loaded shared library C:\Users\HP\AppData\Local\io-realm-kotlin\f7113120ba00ba1ff91d696eecd3919e85a4e34e\realmc.dll

Deoptimization events (20 events):
Event: 133.045 Thread 0x000001a1ca7d2030 Uncommon trap: trap_request=0xffffffc6 fr.pc=0x000001a1af0c5308 relative=0x0000000000000068
Event: 133.045 Thread 0x000001a1ca7d2030 Uncommon trap: reason=bimorphic_or_optimized_type_check action=maybe_recompile pc=0x000001a1af0c5308 method=kotlinx.coroutines.AbstractCoroutine.afterResume(Ljava/lang/Object;)V @ 2 c2
Event: 133.045 Thread 0x000001a1ca7d2030 DEOPT PACKING pc=0x000001a1af0c5308 sp=0x000000783f5fef80
Event: 133.045 Thread 0x000001a1ca7d2030 DEOPT UNPACKING pc=0x000001a1aea569a3 sp=0x000000783f5fef08 mode 2
Event: 133.045 Thread 0x000001a1ca7d8ee0 Uncommon trap: trap_request=0xffffffc6 fr.pc=0x000001a1af0c5308 relative=0x0000000000000068
Event: 133.045 Thread 0x000001a1ca7d8ee0 Uncommon trap: reason=bimorphic_or_optimized_type_check action=maybe_recompile pc=0x000001a1af0c5308 method=kotlinx.coroutines.AbstractCoroutine.afterResume(Ljava/lang/Object;)V @ 2 c2
Event: 133.045 Thread 0x000001a1ca7d8ee0 DEOPT PACKING pc=0x000001a1af0c5308 sp=0x00000078416fe600
Event: 133.045 Thread 0x000001a1ca7d8ee0 DEOPT UNPACKING pc=0x000001a1aea569a3 sp=0x00000078416fe588 mode 2
Event: 133.045 Thread 0x000001a1c7595a00 Uncommon trap: trap_request=0xffffff45 fr.pc=0x000001a1af3cc080 relative=0x00000000000000e0
Event: 133.045 Thread 0x000001a1c7595a00 Uncommon trap: reason=unstable_if action=reinterpret pc=0x000001a1af3cc080 method=java.util.concurrent.locks.AbstractQueuedSynchronizer$ConditionNode.isReleasable()Z @ 14 c2
Event: 133.045 Thread 0x000001a1c7595a00 DEOPT PACKING pc=0x000001a1af3cc080 sp=0x00000078420fefa0
Event: 133.045 Thread 0x000001a1c77e80a0 Uncommon trap: trap_request=0xffffff45 fr.pc=0x000001a1af3cc080 relative=0x00000000000000e0
Event: 133.045 Thread 0x000001a1c77e80a0 Uncommon trap: reason=unstable_if action=reinterpret pc=0x000001a1af3cc080 method=java.util.concurrent.locks.AbstractQueuedSynchronizer$ConditionNode.isReleasable()Z @ 14 c2
Event: 133.045 Thread 0x000001a1c77e80a0 DEOPT PACKING pc=0x000001a1af3cc080 sp=0x0000007841cff160
Event: 133.045 Thread 0x000001a1c77e80a0 DEOPT UNPACKING pc=0x000001a1aea569a3 sp=0x0000007841cfefc8 mode 2
Event: 133.046 Thread 0x000001a1c7595a00 DEOPT UNPACKING pc=0x000001a1aea569a3 sp=0x00000078420fee08 mode 2
Event: 133.068 Thread 0x000001a1ca7d8ee0 Uncommon trap: trap_request=0xffffff45 fr.pc=0x000001a1af19410c relative=0x00000000000006cc
Event: 133.068 Thread 0x000001a1ca7d8ee0 Uncommon trap: reason=unstable_if action=reinterpret pc=0x000001a1af19410c method=java.util.HashMap$HashIterator.<init>(Ljava/util/HashMap;)V @ 45 c2
Event: 133.068 Thread 0x000001a1ca7d8ee0 DEOPT PACKING pc=0x000001a1af19410c sp=0x00000078416fe450
Event: 133.068 Thread 0x000001a1ca7d8ee0 DEOPT UNPACKING pc=0x000001a1aea569a3 sp=0x00000078416fe2e0 mode 2

Classes unloaded (0 events):
No events

Classes redefined (0 events):
No events

Internal exceptions (20 events):
Event: 0.488 Thread 0x000001a19f9d6a30 Exception <a 'java/io/FileNotFoundException'{0x00000007122b77d0}> (0x00000007122b77d0) 
thrown [s\src\hotspot\share\prims\jni.cpp, line 516]
Event: 0.797 Thread 0x000001a1c29b8cd0 Exception <a 'java/lang/NoSuchMethodError'{0x00000007123e5d88}: 'java.lang.Object java.lang.invoke.DirectMethodHandle$Holder.invokeStaticInit(java.lang.Object, int, int, int, int)'> (0x00000007123e5d88) 
thrown [s\src\hotspot\share\interpreter\linkResolver.cpp, line 759]
Event: 0.909 Thread 0x000001a1c29b8cd0 Exception <a 'java/lang/NoSuchMethodError'{0x00000007120b6b70}: 'java.lang.Object java.lang.invoke.DirectMethodHandle$Holder.invokeStaticInit(java.lang.Object, java.lang.Object, int, int, int, int)'> (0x00000007120b6b70) 
thrown [s\src\hotspot\share\interpreter\linkResolver.cpp, line 759]
Event: 1.055 Thread 0x000001a1c29b8cd0 Exception <a 'java/lang/NoSuchMethodError'{0x0000000711d2b658}: 'double java.lang.invoke.DirectMethodHandle$Holder.invokeStatic(java.lang.Object, double)'> (0x0000000711d2b658) 
thrown [s\src\hotspot\share\interpreter\linkResolver.cpp, line 759]
Event: 1.056 Thread 0x000001a1c29b8cd0 Exception <a 'java/lang/NoSuchMethodError'{0x0000000711d2f0b8}: 'double java.lang.invoke.DirectMethodHandle$Holder.invokeStaticInit(java.lang.Object, double)'> (0x0000000711d2f0b8) 
thrown [s\src\hotspot\share\interpreter\linkResolver.cpp, line 759]
Event: 1.071 Thread 0x000001a1c29b8cd0 Exception <a 'java/lang/NoSuchMethodError'{0x0000000711d771f0}: 'java.lang.Object java.lang.invoke.DirectMethodHandle$Holder.newInvokeSpecial(java.lang.Object, double)'> (0x0000000711d771f0) 
thrown [s\src\hotspot\share\interpreter\linkResolver.cpp, line 759]
Event: 1.617 Thread 0x000001a1c29b8cd0 Exception <a 'java/lang/NoSuchMethodError'{0x0000000710ff4030}: 'void java.lang.invoke.DirectMethodHandle$Holder.invokeSpecial(java.lang.Object, java.lang.Object, java.lang.Object)'> (0x0000000710ff4030) 
thrown [s\src\hotspot\share\interpreter\linkResolver.cpp, line 759]
Event: 1.629 Thread 0x000001a1c29b8cd0 Exception <a 'java/lang/NoSuchMethodError'{0x0000000710c1e650}: 'java.lang.Object java.lang.invoke.DirectMethodHandle$Holder.newInvokeSpecial(java.lang.Object, java.lang.Object, java.lang.Object, java.lang.Object, java.lang.Object)'> (0x0000000710c1e650) 
thrown [s\src\hotspot\share\interpreter\linkResolver.cpp, line 759]
Event: 1.631 Thread 0x000001a1c29b8cd0 Exception <a 'java/lang/NoSuchMethodError'{0x0000000710c2a2c0}: 'java.lang.Object java.lang.invoke.DirectMethodHandle$Holder.invokeStatic(java.lang.Object, int, java.lang.Object, java.lang.Object, java.lang.Object, java.lang.Object)'> (0x0000000710c2a2c0) 
thrown [s\src\hotspot\share\interpreter\linkResolver.cpp, line 759]
Event: 1.638 Thread 0x000001a1c29b8cd0 Exception <a 'java/lang/NoSuchMethodError'{0x0000000710c4fd28}: 'java.lang.Object java.lang.invoke.DirectMethodHandle$Holder.invokeStatic(java.lang.Object, int, java.lang.Object)'> (0x0000000710c4fd28) 
thrown [s\src\hotspot\share\interpreter\linkResolver.cpp, line 759]
Event: 1.672 Thread 0x000001a1c29b8cd0 Exception <a 'java/lang/ClassNotFoundException'{0x0000000710d0c830}: com/sun/swing/internal/plaf/metal/resources/spi/metalProvider> (0x0000000710d0c830) 
thrown [s\src\hotspot\share\classfile\systemDictionary.cpp, line 256]
Event: 1.673 Thread 0x000001a1c29b8cd0 Exception <a 'java/lang/ClassNotFoundException'{0x0000000710d107d0}: com/sun/swing/internal/plaf/basic/resources/spi/basicProvider> (0x0000000710d107d0) 
thrown [s\src\hotspot\share\classfile\systemDictionary.cpp, line 256]
Event: 1.684 Thread 0x000001a1c29b8cd0 Implicit null exception at 0x000001a1aefcbf10 to 0x000001a1aefcc2e4
Event: 1.684 Thread 0x000001a1c29b8cd0 Implicit null exception at 0x000001a1aefc838f to 0x000001a1aefc877c
Event: 1.713 Thread 0x000001a1c29b8cd0 Exception <a 'java/lang/NoSuchMethodError'{0x0000000710a21790}: 'void java.lang.invoke.DirectMethodHandle$Holder.invokeStatic(java.lang.Object, java.lang.Object, java.lang.Object)'> (0x0000000710a21790) 
thrown [s\src\hotspot\share\interpreter\linkResolver.cpp, line 759]
Event: 1.814 Thread 0x000001a1c29b8cd0 Exception <a 'java/lang/NoSuchMethodError'{0x00000007108e8ff8}: 'void java.lang.invoke.DirectMethodHandle$Holder.invokeStaticInit(java.lang.Object)'> (0x00000007108e8ff8) 
thrown [s\src\hotspot\share\interpreter\linkResolver.cpp, line 759]
Event: 2.057 Thread 0x000001a1c29b8cd0 Exception <a 'java/lang/NoSuchMethodError'{0x0000000712141ba0}: 'int java.lang.invoke.DirectMethodHandle$Holder.invokeStaticInit(java.lang.Object, java.lang.Object, java.lang.Object)'> (0x0000000712141ba0) 
thrown [s\src\hotspot\share\interpreter\linkResolver.cpp, line 759]
Event: 2.504 Thread 0x000001a1c2cfb980 Exception <a 'java/lang/NoSuchMethodError'{0x0000000710a00be8}: 'void java.lang.invoke.DirectMethodHandle$Holder.invokeVirtual(java.lang.Object, java.lang.Object)'> (0x0000000710a00be8) 
thrown [s\src\hotspot\share\interpreter\linkResolver.cpp, line 759]
Event: 4.888 Thread 0x000001a1c29b8cd0 Exception <a 'java/lang/NoSuchMethodError'{0x0000000704b3f6e0}: 'int java.lang.invoke.DirectMethodHandle$Holder.invokeStaticInit(java.lang.Object, long, long)'> (0x0000000704b3f6e0) 
thrown [s\src\hotspot\share\interpreter\linkResolver.cpp, line 759]
Event: 5.554 Thread 0x000001a1c29b8cd0 Exception <a 'java/lang/NoSuchMethodError'{0x0000000704e22ed0}: 'java.lang.Object java.lang.invoke.DirectMethodHandle$Holder.newInvokeSpecial(java.lang.Object, int, java.lang.Object)'> (0x0000000704e22ed0) 
thrown [s\src\hotspot\share\interpreter\linkResolver.cpp, line 759]

VM Operations (20 events):
Event: 77.570 Executing VM operation: Cleanup
Event: 77.571 Executing VM operation: Cleanup done
Event: 78.577 Executing VM operation: Cleanup
Event: 78.577 Executing VM operation: Cleanup done
Event: 85.055 Executing VM operation: G1CollectForAllocation
Event: 85.059 Executing VM operation: G1CollectForAllocation done
Event: 91.470 Executing VM operation: G1CollectFull
Event: 91.495 Executing VM operation: G1CollectFull done
Event: 98.574 Executing VM operation: Cleanup
Event: 98.574 Executing VM operation: Cleanup done
Event: 100.598 Executing VM operation: Cleanup
Event: 100.598 Executing VM operation: Cleanup done
Event: 101.602 Executing VM operation: Cleanup
Event: 101.602 Executing VM operation: Cleanup done
Event: 115.707 Executing VM operation: Cleanup
Event: 115.707 Executing VM operation: Cleanup done
Event: 120.024 Executing VM operation: G1CollectForAllocation
Event: 120.025 Executing VM operation: G1CollectForAllocation done
Event: 121.510 Executing VM operation: G1CollectFull
Event: 121.542 Executing VM operation: G1CollectFull done

Events (20 events):
Event: 133.036 Thread 0x000001a1ca7d6390 Thread added: 0x000001a1ca7d6390
Event: 133.038 Thread 0x000001a1ca7d6390 Thread exited: 0x000001a1ca7d6390
Event: 133.044 Thread 0x000001a1c2cfb980 Thread exited: 0x000001a1c2cfb980
Event: 133.045 Thread 0x000001a1ca7d2030 Thread exited: 0x000001a1ca7d2030
Event: 133.046 Thread 0x000001a1c77e80a0 Thread exited: 0x000001a1c77e80a0
Event: 133.046 Thread 0x000001a1c7595a00 Thread exited: 0x000001a1c7595a00
Event: 133.065 loading class jdk/internal/reflect/UnsafeIntegerFieldAccessorImpl
Event: 133.065 loading class jdk/internal/reflect/UnsafeIntegerFieldAccessorImpl done
Event: 133.067 loading class java/lang/reflect/TypeVariable
Event: 133.067 loading class java/lang/reflect/TypeVariable done
Event: 133.067 loading class sun/reflect/generics/repository/ClassRepository
Event: 133.067 loading class sun/reflect/generics/repository/GenericDeclRepository
Event: 133.067 loading class sun/reflect/generics/repository/AbstractRepository
Event: 133.067 loading class sun/reflect/generics/repository/AbstractRepository done
Event: 133.067 loading class sun/reflect/generics/repository/GenericDeclRepository done
Event: 133.067 loading class sun/reflect/generics/repository/ClassRepository done
Event: 133.067 loading class java/lang/Class$EnclosingMethodInfo
Event: 133.067 loading class java/lang/Class$EnclosingMethodInfo done
Event: 133.067 loading class java/lang/reflect/AnnotatedType
Event: 133.067 loading class java/lang/reflect/AnnotatedType done


Dynamic libraries:
0x00007ff7eeda0000 - 0x00007ff7eedad000 	C:\Users\HP\.jdks\corretto-17.0.7\bin\java.exe
0x00007ffee9b50000 - 0x00007ffee9d48000 	C:\Windows\SYSTEM32\ntdll.dll
0x00007ffee90d0000 - 0x00007ffee918f000 	C:\Windows\System32\KERNEL32.DLL
0x00007ffee7790000 - 0x00007ffee7a86000 	C:\Windows\System32\KERNELBASE.dll
0x00007ffee7410000 - 0x00007ffee7510000 	C:\Windows\System32\ucrtbase.dll
0x00007ffedbcc0000 - 0x00007ffedbcd7000 	C:\Users\HP\.jdks\corretto-17.0.7\bin\jli.dll
0x00007ffee9970000 - 0x00007ffee9b0d000 	C:\Windows\System32\USER32.dll
0x00007ffee76c0000 - 0x00007ffee76e2000 	C:\Windows\System32\win32u.dll
0x00007ffee90a0000 - 0x00007ffee90cc000 	C:\Windows\System32\GDI32.dll
0x00007ffee7a90000 - 0x00007ffee7ba5000 	C:\Windows\System32\gdi32full.dll
0x00007ffee72c0000 - 0x00007ffee735d000 	C:\Windows\System32\msvcp_win.dll
0x00007ffeced70000 - 0x00007ffeced85000 	C:\Users\HP\.jdks\corretto-17.0.7\bin\VCRUNTIME140.dll
0x00007ffecd150000 - 0x00007ffecd3ea000 	C:\Windows\WinSxS\amd64_microsoft.windows.common-controls_6595b64144ccf1df_6.0.19041.1110_none_60b5254171f9507e\COMCTL32.dll
0x00007ffee8310000 - 0x00007ffee83ae000 	C:\Windows\System32\msvcrt.dll
0x00007ffee8600000 - 0x00007ffee8630000 	C:\Windows\System32\IMM32.DLL
0x00007ffec1e20000 - 0x00007ffec1ebb000 	C:\Users\HP\.jdks\corretto-17.0.7\bin\msvcp140.dll
0x00007ffea5510000 - 0x00007ffea612a000 	C:\Users\HP\.jdks\corretto-17.0.7\bin\server\jvm.dll
0x00007ffee8630000 - 0x00007ffee86df000 	C:\Windows\System32\ADVAPI32.dll
0x00007ffee8560000 - 0x00007ffee85fc000 	C:\Windows\System32\sechost.dll
0x00007ffee7d70000 - 0x00007ffee7e96000 	C:\Windows\System32\RPCRT4.dll
0x00007ffee0fa0000 - 0x00007ffee0fa9000 	C:\Windows\SYSTEM32\WSOCK32.dll
0x00007ffee8e70000 - 0x00007ffee8edb000 	C:\Windows\System32\WS2_32.dll
0x00007ffecca00000 - 0x00007ffecca27000 	C:\Windows\SYSTEM32\WINMM.dll
0x00007ffedb320000 - 0x00007ffedb32a000 	C:\Windows\SYSTEM32\VERSION.dll
0x00007ffee5a20000 - 0x00007ffee5a32000 	C:\Windows\SYSTEM32\kernel.appcore.dll
0x00007ffedf290000 - 0x00007ffedf29a000 	C:\Users\HP\.jdks\corretto-17.0.7\bin\jimage.dll
0x00007ffee1f40000 - 0x00007ffee2124000 	C:\Windows\SYSTEM32\DBGHELP.DLL
0x00007ffecec70000 - 0x00007ffececa4000 	C:\Windows\SYSTEM32\dbgcore.DLL
0x00007ffee7230000 - 0x00007ffee72b2000 	C:\Windows\System32\bcryptPrimitives.dll
0x00007ffedf250000 - 0x00007ffedf25e000 	C:\Users\HP\.jdks\corretto-17.0.7\bin\instrument.dll
0x00007ffeca980000 - 0x00007ffeca9a5000 	C:\Users\HP\.jdks\corretto-17.0.7\bin\java.dll
0x00007ffebaa40000 - 0x00007ffebab16000 	C:\Users\HP\.jdks\corretto-17.0.7\bin\jsvml.dll
0x00007ffee9190000 - 0x00007ffee98d4000 	C:\Windows\System32\SHELL32.dll
0x00007ffee2130000 - 0x00007ffee28c4000 	C:\Windows\SYSTEM32\windows.storage.dll
0x00007ffee8890000 - 0x00007ffee8be4000 	C:\Windows\System32\combase.dll
0x00007ffee6ab0000 - 0x00007ffee6ade000 	C:\Windows\SYSTEM32\Wldp.dll
0x00007ffee8f90000 - 0x00007ffee903d000 	C:\Windows\System32\SHCORE.dll
0x00007ffee9040000 - 0x00007ffee9095000 	C:\Windows\System32\shlwapi.dll
0x00007ffee7160000 - 0x00007ffee7185000 	C:\Windows\SYSTEM32\profapi.dll
0x00007ffec7110000 - 0x00007ffec7128000 	C:\Users\HP\.jdks\corretto-17.0.7\bin\zip.dll
0x00007ffeca7f0000 - 0x00007ffeca809000 	C:\Users\HP\.jdks\corretto-17.0.7\bin\net.dll
0x00007ffed8570000 - 0x00007ffed867a000 	C:\Windows\SYSTEM32\WINHTTP.dll
0x00007ffee6890000 - 0x00007ffee68fa000 	C:\Windows\system32\mswsock.dll
0x00007ffec73c0000 - 0x00007ffec73d5000 	C:\Users\HP\.jdks\corretto-17.0.7\bin\nio.dll
0x00007ffedc060000 - 0x00007ffedc07a000 	C:\Program Files\JetBrains\IntelliJ IDEA Community Edition 2021.3.2\bin\breakgen64.dll
0x00007ffea6c50000 - 0x00007ffea6df9000 	C:\Users\HP\.jdks\corretto-17.0.7\bin\awt.dll
0x00007ffee87c0000 - 0x00007ffee888d000 	C:\Windows\System32\OLEAUT32.dll
0x00007ffee0ec0000 - 0x00007ffee0f51000 	C:\Windows\SYSTEM32\apphelp.dll
0x00007ffee1180000 - 0x00007ffee121e000 	C:\Windows\system32\uxtheme.dll
0x00007ffee8440000 - 0x00007ffee8554000 	C:\Windows\System32\MSCTF.dll
0x00007ffee8c00000 - 0x00007ffee8d2a000 	C:\Windows\System32\ole32.dll
0x00007ffee1320000 - 0x00007ffee134f000 	C:\Windows\system32\DWMAPI.DLL
0x00007ffeb5d50000 - 0x00007ffeb5e75000 	C:\Windows\system32\opengl32.dll
0x00007ffeb67f0000 - 0x00007ffeb681c000 	C:\Windows\SYSTEM32\GLU32.dll
0x00007ffee6af0000 - 0x00007ffee6b08000 	C:\Windows\SYSTEM32\CRYPTSP.dll
0x00007ffee61d0000 - 0x00007ffee6204000 	C:\Windows\system32\rsaenh.dll
0x00007ffee7760000 - 0x00007ffee7787000 	C:\Windows\System32\bcrypt.dll
0x00007ffee7120000 - 0x00007ffee714e000 	C:\Windows\SYSTEM32\USERENV.dll
0x00007ffee6a20000 - 0x00007ffee6a2c000 	C:\Windows\SYSTEM32\CRYPTBASE.dll
0x00007ffee65a0000 - 0x00007ffee65dc000 	C:\Windows\SYSTEM32\IPHLPAPI.DLL
0x00007ffee7d60000 - 0x00007ffee7d68000 	C:\Windows\System32\NSI.dll
0x00007ffeda430000 - 0x00007ffeda447000 	C:\Windows\SYSTEM32\dhcpcsvc6.DLL
0x00007ffed8d80000 - 0x00007ffed8d9d000 	C:\Windows\SYSTEM32\dhcpcsvc.DLL
0x00007ffee65e0000 - 0x00007ffee66aa000 	C:\Windows\SYSTEM32\DNSAPI.dll
0x00007ffe9d3a0000 - 0x00007ffe9e3ec000 	C:\Users\HP\.skiko\0de0d8dd8554d9bb66cfca3837db6514ff9b71080e998917280a3b777460a416\skiko-windows-x64.dll
0x00007ffec67f0000 - 0x00007ffec6873000 	C:\Users\HP\.jdks\corretto-17.0.7\bin\freetype.dll
0x00007ffeb9a50000 - 0x00007ffeb9b12000 	C:\Users\HP\.jdks\corretto-17.0.7\bin\fontmanager.dll
0x00007ffedf230000 - 0x00007ffedf237000 	C:\Users\HP\.jdks\corretto-17.0.7\bin\jawt.dll
0x00007ffee5a90000 - 0x00007ffee5b83000 	C:\Windows\SYSTEM32\Dxgi.dll
0x00007ffedbfe0000 - 0x00007ffedc000000 	C:\Windows\SYSTEM32\D3D12.dll
0x00007ffea4fe0000 - 0x00007ffea51ad000 	C:\Windows\SYSTEM32\D3D12Core.dll
0x00007ffeda9e0000 - 0x00007ffedaa1b000 	C:\Windows\SYSTEM32\dxcore.dll
0x00007ffee7670000 - 0x00007ffee76be000 	C:\Windows\System32\cfgmgr32.dll
0x00007ffed4390000 - 0x00007ffed6fa9000 	C:\Windows\System32\DriverStore\FileRepository\igdlh64.inf_amd64_e6daaea9afe1e6f6\igc64.dll
0x00007ffe72ab0000 - 0x00007ffe73f83000 	C:\Windows\System32\DriverStore\FileRepository\igdlh64.inf_amd64_e6daaea9afe1e6f6\igd12umd64.dll
0x00007ffeda000000 - 0x00007ffeda257000 	C:\Windows\System32\DriverStore\FileRepository\igdlh64.inf_amd64_e6daaea9afe1e6f6\igdgmm64.dll
0x00007ffea2920000 - 0x00007ffea2d2b000 	C:\Windows\System32\DriverStore\FileRepository\igdlh64.inf_amd64_e6daaea9afe1e6f6\igdml64.dll
0x00007ffedbd00000 - 0x00007ffedbd2b000 	C:\Windows\SYSTEM32\D3DSCache.dll
0x00007ffe51780000 - 0x00007ffe55f82000 	C:\Windows\System32\DriverStore\FileRepository\igdlh64.inf_amd64_e6daaea9afe1e6f6\igd12dxva64.dll
0x00007ffee7ea0000 - 0x00007ffee830e000 	C:\Windows\System32\SETUPAPI.dll
0x00007ffe96bf0000 - 0x00007ffe96c17000 	C:\Windows\System32\DriverStore\FileRepository\igdlh64.inf_amd64_e6daaea9afe1e6f6\igdinfo64.dll
0x00007ffeddf50000 - 0x00007ffede157000 	C:\Windows\SYSTEM32\twinapi.appcore.dll
0x00007ffee8ee0000 - 0x00007ffee8f89000 	C:\Windows\System32\clbcatq.dll
0x00007ffe744c0000 - 0x00007ffe75492000 	C:\Windows\System32\DriverStore\FileRepository\igdlh64.inf_amd64_e6daaea9afe1e6f6\ig9icd64.dll
0x00007ffee7090000 - 0x00007ffee70db000 	C:\Windows\SYSTEM32\powrprof.dll
0x00007ffee7070000 - 0x00007ffee7082000 	C:\Windows\SYSTEM32\UMPDC.dll
0x00007ffed2250000 - 0x00007ffed24cf000 	C:\Windows\SYSTEM32\dwrite.dll
0x00007ffed3ec0000 - 0x00007ffed3fb9000 	C:\Windows\SYSTEM32\textinputframework.dll
0x00007ffee0b40000 - 0x00007ffee0c32000 	C:\Windows\System32\CoreMessaging.dll
0x00007ffee0460000 - 0x00007ffee07be000 	C:\Windows\System32\CoreUIComponents.dll
0x00007ffee62f0000 - 0x00007ffee6323000 	C:\Windows\SYSTEM32\ntmarta.dll
0x00007ffedf450000 - 0x00007ffedf5a4000 	C:\Windows\SYSTEM32\wintypes.dll
0x00007ffe60f60000 - 0x00007ffe61812000 	C:\Users\HP\AppData\Local\io-realm-kotlin\f7113120ba00ba1ff91d696eecd3919e85a4e34e\realmc.dll
0x00007ffee7510000 - 0x00007ffee766e000 	C:\Windows\System32\CRYPT32.dll

dbghelp: loaded successfully - version: 4.0.5 - missing functions: none
symbol engine: initialized successfully - sym options: 0x614 - pdb path: .;C:\Users\HP\.jdks\corretto-17.0.7\bin;C:\Windows\SYSTEM32;C:\Windows\WinSxS\amd64_microsoft.windows.common-controls_6595b64144ccf1df_6.0.19041.1110_none_60b5254171f9507e;C:\Users\HP\.jdks\corretto-17.0.7\bin\server;C:\Program Files\JetBrains\IntelliJ IDEA Community Edition 2021.3.2\bin;C:\Users\HP\.skiko\0de0d8dd8554d9bb66cfca3837db6514ff9b71080e998917280a3b777460a416;C:\Windows\System32\DriverStore\FileRepository\igdlh64.inf_amd64_e6daaea9afe1e6f6;C:\Users\HP\AppData\Local\io-realm-kotlin\f7113120ba00ba1ff91d696eecd3919e85a4e34e

VM Arguments:
jvm_args: -Djava.library.path=C:\Users\HP\Desktop\newderar\build\classes\kotlin\jvm\main;C:\Users\HP\Desktop\newderar\build\processedResources\jvm\main -javaagent:C:\Program Files\JetBrains\IntelliJ IDEA Community Edition 2021.3.2\lib\idea_rt.jar=52968:C:\Program Files\JetBrains\IntelliJ IDEA Community Edition 2021.3.2\bin -Dfile.encoding=UTF-8 
java_command: MainKt
java_class_path (initial): C:\Users\HP\Desktop\newderar\build\classes\kotlin\jvm\main;C:\Users\HP\Desktop\newderar\build\processedResources\jvm\main;C:\Users\HP\.gradle\caches\modules-2\files-2.1\io.insert-koin\koin-androidx-compose\3.4.5\ae0a88b7a68d507e651c5a3d70a541594bea54cb\koin-androidx-compose-3.4.5.aar;C:\Users\HP\.gradle\caches\modules-2\files-2.1\androidx.navigation\navigation-compose\2.6.0\3f8ce7b0bad21cced0c47b42b6347c65a6e422c3\navigation-compose-2.6.0.aar;C:\Users\HP\.gradle\caches\modules-2\files-2.1\org.jetbrains.kotlin\kotlin-stdlib-jdk8\1.8.21\67f57e154437cd9e6e9cf368394b95814836ff88\kotlin-stdlib-jdk8-1.8.21.jar;C:\Users\HP\.gradle\caches\modules-2\files-2.1\org.apache.poi\poi-ooxml\4.1.2\87d9a22aa9a7dd26e80c360e709f7ee02e32ab3b\poi-ooxml-4.1.2.jar;C:\Users\HP\.gradle\caches\modules-2\files-2.1\org.apache.poi\poi\4.1.2\964bf41cf68bce08e4ef6b2279b559fdf8d454f4\poi-4.1.2.jar;C:\Users\HP\.gradle\caches\modules-2\files-2.1\org.lwjgl\lwjgl-nfd\3.3.1\622318116996ddcff449b46cb38f0fdee39b8ac3\lwjgl-nfd-3.3.1.jar;C:\Users\HP\.gradle\caches\modules-2\files-2.1\org.lwjgl\lwjgl-nfd\3.3.1\2e007667e04ed3281152ae5c6e677fb1c2211691\lwjgl-nfd-3.3.1-natives-linux.jar;C:\Users\HP\.gradle\caches\modules-2\files-2.1\org.lwjgl\lwjgl\3.3.1\ae58664f88e18a9bb2c77b063833ca7aaec484cb\lwjgl-3.3.1.jar;C:\Users\HP\.gradle\caches\modules-2\files-2.1\io.insert-koin\koin-android\3.4.0\48715fbe06102a59a30bd45b06ed2400c16c6f45\koin-android-3.4.0.aar;C:\Users\HP\.gradle\caches\modules-2\files-2.1\org.lwjgl\lwjgl-nfd\3.3.1\b3e04e317f55dd738d8a345cdafd15b39f85a2ea\lwjgl-nfd-3.3.1-natives-linux-arm32.jar;C:\Users\HP\.gradle\caches\modules-2\files-2.1\androidx.lifecycle\lifecycle-viewmodel-compose\2.6.1\38cf3bb65ff3e0e5c3d63de2ebf5411d0898108c\lifecycle-viewmodel-compose-2.6.1.aar;C:\Users\HP\.gradle\caches\modules-2\files-2.1\org.lwjgl\lwjgl-nfd\3.3.1\f41dc62336f7ee4ab35705cfa440cc903d199165\lwjgl-nfd-3.3.1-natives-linux-arm64.jar;C:\Users\HP\.gradle\caches\modules-2\files-2.1\androi
Launcher Type: SUN_STANDARD

[Global flags]
     intx CICompilerCount                          = 3                                         {product} {ergonomic}
     uint ConcGCThreads                            = 1                                         {product} {ergonomic}
     uint G1ConcRefinementThreads                  = 4                                         {product} {ergonomic}
   size_t G1HeapRegionSize                         = 2097152                                   {product} {ergonomic}
    uintx GCDrainStackTargetSize                   = 64                                        {product} {ergonomic}
   size_t InitialHeapSize                          = 266338304                                 {product} {ergonomic}
   size_t MarkStackSize                            = 4194304                                   {product} {ergonomic}
   size_t MaxHeapSize                              = 4255121408                                {product} {ergonomic}
   size_t MaxNewSize                               = 2552233984                                {product} {ergonomic}
   size_t MinHeapDeltaBytes                        = 2097152                                   {product} {ergonomic}
   size_t MinHeapSize                              = 8388608                                   {product} {ergonomic}
    uintx NonNMethodCodeHeapSize                   = 5832780                                {pd product} {ergonomic}
    uintx NonProfiledCodeHeapSize                  = 122912730                              {pd product} {ergonomic}
    uintx ProfiledCodeHeapSize                     = 122912730                              {pd product} {ergonomic}
    uintx ReservedCodeCacheSize                    = 251658240                              {pd product} {ergonomic}
     bool SegmentedCodeCache                       = true                                      {product} {ergonomic}
   size_t SoftMaxHeapSize                          = 4255121408                             {manageable} {ergonomic}
     bool UseCompressedClassPointers               = true                           {product lp64_product} {ergonomic}
     bool UseCompressedOops                        = true                           {product lp64_product} {ergonomic}
     bool UseG1GC                                  = true                                      {product} {ergonomic}
     bool UseLargePagesIndividualAllocation        = false                                  {pd product} {ergonomic}

Logging:
Log output configuration:
 #0: stdout all=warning uptime,level,tags
 #1: stderr all=off uptime,level,tags

Environment Variables:
PATH=C:\Program Files\Common Files\Oracle\Java\javapath;C:\Program Files (x86)\Common Files\Oracle\Java\javapath;C:\Windows\system32;C:\Windows;C:\Windows\System32\Wbem;C:\Windows\System32\WindowsPowerShell\v1.0\;C:\Windows\System32\OpenSSH\;C:\xampp\php;C:\ProgramData\ComposerSetup\bin;C:\Program Files\nodejs\;C:\Program Files (x86)\Intel\Intel(R) Management Engine Components\DAL;C:\Program Files\Intel\Intel(R) Management Engine Components\DAL;C:\Program Files\Git\cmd;C:\Program Files\Fortect;C:\Users\HP\AppData\Local\Microsoft\WindowsApps;C:\Program Files\JetBrains\IntelliJ IDEA Community Edition 2021.3.2\bin;C:\Users\HP\AppData\Local\Programs\Microsoft VS Code\bin;C:\Users\HP\AppData\Local\JetBrains\Toolbox\scripts;C:\Users\HP\AppData\Local\GitHubDesktop\bin;C:\Users\HP\Desktop\camp\flutter_windows_3.7.6-stable\flutter\bin;C:\Users\HP\AppData\Roaming\Composer\vendor\bin;C:\Users\HP\AppData\Roaming\npm
USERNAME=HP
OS=Windows_NT
PROCESSOR_IDENTIFIER=Intel64 Family 6 Model 142 Stepping 9, GenuineIntel
TMP=C:\Users\HP\AppData\Local\Temp
TEMP=C:\Users\HP\AppData\Local\Temp



---------------  S Y S T E M  ---------------

OS:
 Windows 10 , 64 bit Build 19041 (10.0.19041.3155)
OS uptime: 2 days 12:11 hours
Hyper-V role detected

CPU: total 4 (initial active 4) (2 cores per cpu, 2 threads per core) family 6 model 142 stepping 9 microcode 0xf2, cx8, cmov, fxsr, ht, mmx, 3dnowpref, sse, sse2, sse3, ssse3, sse4.1, sse4.2, popcnt, lzcnt, tsc, tscinvbit, avx, avx2, aes, erms, clmul, bmi1, bmi2, rtm, adx, fma, vzeroupper, clflush, clflushopt, hv

Memory: 4k page, system-wide physical 16224M (5463M free)
TotalPageFile size 32096M (AvailPageFile size 19222M)
current process WorkingSet (physical memory assigned to process): 281M, peak: 345M
current process commit charge ("private bytes"): 289M, peak: 432M

vm_info: OpenJDK 64-Bit Server VM (17.0.7+7-LTS) for windows-amd64 JRE (17.0.7+7-LTS), built on Apr 14 2023 01:39:21 by "Administrator" with MS VC++ 15.9 (VS2017)

END.
