#
# A fatal error has been detected by the Java Runtime Environment:
#
#  EXCEPTION_ACCESS_VIOLATION (0xc0000005) at pc=0x00007ffe74e7ebe3, pid=19284, tid=8308
#
# JRE version: OpenJDK Runtime Environment Corretto-17.0.7.7.1 (17.0.7+7) (build 17.0.7+7-LTS)
# Java VM: OpenJDK 64-Bit Server VM Corretto-17.0.7.7.1 (17.0.7+7-LTS, mixed mode, sharing, tiered, compressed oops, compressed class ptrs, g1 gc, windows-amd64)
# Problematic frame:
# C  [ig9icd64.dll+0x9bebe3]
#
# No core dump will be written. Minidumps are not enabled by default on client versions of Windows
#
# If you would like to submit a bug report, please visit:
#   https://github.com/corretto/corretto-17/issues/
# The crash happened outside the Java Virtual Machine in native code.
# See problematic frame for where to report the bug.
#

---------------  S U M M A R Y ------------

Command Line: -Djava.library.path=C:\Users\HP\Desktop\newderar\build\classes\kotlin\jvm\main;C:\Users\HP\Desktop\newderar\build\processedResources\jvm\main -javaagent:C:\Program Files\JetBrains\IntelliJ IDEA Community Edition 2021.3.2\lib\idea_rt.jar=53230:C:\Program Files\JetBrains\IntelliJ IDEA Community Edition 2021.3.2\bin -Dfile.encoding=UTF-8 MainKt

Host: Intel(R) Core(TM) i5-7300U CPU @ 2.60GHz, 4 cores, 15G,  Windows 10 , 64 bit Build 19041 (10.0.19041.3155)
Time: Sat Jul  8 17:27:07 2023 Libya Standard Time elapsed time: 103.810605 seconds (0d 0h 1m 43s)

---------------  T H R E A D  ---------------

Current thread (0x000001c3715ea3c0):  JavaThread "AWT-EventQueue-0" [_thread_in_native, id=8308, stack(0x000000b7f0d00000,0x000000b7f0e00000)]

Stack: [0x000000b7f0d00000,0x000000b7f0e00000],  sp=0x000000b7f0dfc9c8,  free space=1010k
Native frames: (J=compiled Java code, j=interpreted, Vv=VM code, C=native code)
C  [ig9icd64.dll+0x9bebe3]

Java frames: (J=compiled Java code, j=interpreted, Vv=VM code)
J 4804  org.jetbrains.skia.DirectContextKt.DirectContext_nFlush(J)V (0 bytes) @ 0x000001c3599a4569 [0x000001c3599a4520+0x0000000000000049]
J 5058 c2 org.jetbrains.skiko.redrawer.WindowsOpenGLRedrawer$Companion$frameDispatcher$1.invokeSuspend(Ljava/lang/Object;)Ljava/lang/Object; (379 bytes) @ 0x000001c359838cc0 [0x000001c3598377a0+0x0000000000001520]
J 5096 c2 org.jetbrains.skiko.FrameDispatcher$job$1.invokeSuspend(Ljava/lang/Object;)Ljava/lang/Object; (156 bytes) @ 0x000001c359a63cf0 [0x000001c359a63aa0+0x0000000000000250]
J 4703 c2 kotlin.coroutines.jvm.internal.BaseContinuationImpl.resumeWith(Ljava/lang/Object;)V (128 bytes) @ 0x000001c35996fa80 [0x000001c35996fa20+0x0000000000000060]
j  kotlinx.coroutines.DispatchedTask.run()V+314
J 4826 c2 java.awt.EventQueue.dispatchEventImpl(Ljava/awt/AWTEvent;Ljava/lang/Object;)V java.desktop@17.0.7 (136 bytes) @ 0x000001c3599c034c [0x000001c3599bffe0+0x000000000000036c]
J 4827 c2 java.awt.EventDispatchThread.pumpOneEventForFilters(I)V java.desktop@17.0.7 (113 bytes) @ 0x000001c3599c2290 [0x000001c3599c1920+0x0000000000000970]
j  java.awt.EventDispatchThread.pumpEventsForFilter(ILjava/awt/Conditional;Ljava/awt/EventFilter;)V+35 java.desktop@17.0.7
j  java.awt.EventDispatchThread.pumpEventsForHierarchy(ILjava/awt/Conditional;Ljava/awt/Component;)V+11 java.desktop@17.0.7
j  java.awt.EventDispatchThread.pumpEvents(ILjava/awt/Conditional;)V+4 java.desktop@17.0.7
j  java.awt.EventDispatchThread.pumpEvents(Ljava/awt/Conditional;)V+3 java.desktop@17.0.7
j  java.awt.EventDispatchThread.run()V+9 java.desktop@17.0.7
v  ~StubRoutines::call_stub

siginfo: EXCEPTION_ACCESS_VIOLATION (0xc0000005), reading address 0xffffffffffffffff


Register to memory mapping:

RIP=0x00007ffe74e7ebe3 ig9icd64.dll
RAX=0x000000000fff0fff is an unknown value
RBX=0x00007ffe744c0000 ig9icd64.dll
RCX=0x000000033fcf3fcc is an unknown value
RDX=0x000000b7f0dfcee0 is pointing into the stack for thread: 0x000001c3715ea3c0
RSP=0x000000b7f0dfc9c8 is pointing into the stack for thread: 0x000001c3715ea3c0
RBP=0x000000b7f0dfcad0 is pointing into the stack for thread: 0x000001c3715ea3c0
RSI=0x000001c3725e5ec0 points into unknown readable memory: 0x000001c3725abfc0 | c0 bf 5a 72 c3 01 00 00
RDI=0x000000b7f0dfccd0 is pointing into the stack for thread: 0x000001c3715ea3c0
R8 =0x000000b7f0dfcb00 is pointing into the stack for thread: 0x000001c3715ea3c0
R9 =0x000000b7f0dfcee0 is pointing into the stack for thread: 0x000001c3715ea3c0
R10=0x000000b7f0dfccd0 is pointing into the stack for thread: 0x000001c3715ea3c0
R11=0x0 is NULL
R12=0x00007ffe752f15e0 ig9icd64.dll
R13=0x0 is NULL
R14=0x0 is NULL
R15=0x00000000000001c1 is an unknown value


Registers:
RAX=0x000000000fff0fff, RBX=0x00007ffe744c0000, RCX=0x000000033fcf3fcc, RDX=0x000000b7f0dfcee0
RSP=0x000000b7f0dfc9c8, RBP=0x000000b7f0dfcad0, RSI=0x000001c3725e5ec0, RDI=0x000000b7f0dfccd0
R8 =0x000000b7f0dfcb00, R9 =0x000000b7f0dfcee0, R10=0x000000b7f0dfccd0, R11=0x0000000000000000
R12=0x00007ffe752f15e0, R13=0x0000000000000000, R14=0x0000000000000000, R15=0x00000000000001c1
RIP=0x00007ffe74e7ebe3, EFLAGS=0x0000000000010206

Top of Stack: (sp=0x000000b7f0dfc9c8)
0x000000b7f0dfc9c8:   00007ffe74e7c31b 0000000000000001
0x000000b7f0dfc9d8:   0000000000000000 000001c37f757900
0x000000b7f0dfc9e8:   00007ffeda002622 000000b700000065
0x000000b7f0dfc9f8:   000000b7f0dfcc00 0000000000000000
0x000000b7f0dfca08:   000001c37f69ec60 0000000000000000
0x000000b7f0dfca18:   000001c3798ee540 000001c37f757960
0x000000b7f0dfca28:   0000000000001100 0000000000000000
0x000000b7f0dfca38:   0000000000000000 000000b7f0dfcbb0
0x000000b7f0dfca48:   00007ffe74b179c0 0000000000000000
0x000000b7f0dfca58:   0000000000000000 0000000000000000
0x000000b7f0dfca68:   0000000000000000 000022e1cb21c72d
0x000000b7f0dfca78:   00007ffe744d6555 000001c37f757960
0x000000b7f0dfca88:   0000000000004001 0000000000000000
0x000000b7f0dfca98:   00007ffee9b7b86b 00000000023e0468
0x000000b7f0dfcaa8:   0000000000000099 000001c37f132bb0
0x000000b7f0dfcab8:   0000000000000000 0000000000000000 

Instructions: (pc=0x00007ffe74e7ebe3)
0x00007ffe74e7eae3:   c1 75 31 00 48 89 51 08 48 89 01 8b 44 24 28 89
0x00007ffe74e7eaf3:   41 20 8b 44 24 30 89 41 24 48 8b c1 4c 89 41 10
0x00007ffe74e7eb03:   4c 89 49 18 c3 cc cc cc cc cc cc cc cc 48 89 5c
0x00007ffe74e7eb13:   24 08 8b 41 5c 48 8d 1d e1 14 64 ff 41 89 40 08
0x00007ffe74e7eb23:   4c 8b d1 8b 41 60 45 33 db 41 89 40 0c 4c 8b ca
0x00007ffe74e7eb33:   8b 41 64 41 89 40 10 8b 41 68 41 89 40 14 8b 41
0x00007ffe74e7eb43:   6c 41 89 40 18 8b 41 70 41 89 40 1c 48 63 41 74
0x00007ffe74e7eb53:   48 6b c8 34 8b 84 19 44 d1 ee 00 41 89 40 20 8b
0x00007ffe74e7eb63:   84 19 48 d1 ee 00 41 89 40 24 8b 84 19 4c d1 ee
0x00007ffe74e7eb73:   00 41 89 40 28 8b 84 19 50 d1 ee 00 41 89 40 2c
0x00007ffe74e7eb83:   8b 84 19 34 d1 ee 00 41 89 40 30 8b 84 19 38 d1
0x00007ffe74e7eb93:   ee 00 41 89 40 34 8b 84 19 3c d1 ee 00 41 89 40
0x00007ffe74e7eba3:   38 8b 84 19 40 d1 ee 00 41 89 40 3c 8b 84 19 24
0x00007ffe74e7ebb3:   d1 ee 00 41 89 40 40 8b 84 19 28 d1 ee 00 41 89
0x00007ffe74e7ebc3:   40 44 8b 84 19 2c d1 ee 00 41 89 40 48 8b 84 19
0x00007ffe74e7ebd3:   30 d1 ee 00 41 89 40 4c 49 63 42 78 48 6b c8 34
0x00007ffe74e7ebe3:   8b 84 19 44 d1 ee 00 41 89 40 50 8b 84 19 48 d1
0x00007ffe74e7ebf3:   ee 00 41 89 40 54 8b 84 19 4c d1 ee 00 41 89 40
0x00007ffe74e7ec03:   58 8b 84 19 50 d1 ee 00 41 89 40 5c 8b 84 19 34
0x00007ffe74e7ec13:   d1 ee 00 41 89 40 60 8b 84 19 38 d1 ee 00 41 89
0x00007ffe74e7ec23:   40 64 8b 84 19 3c d1 ee 00 41 89 40 68 8b 84 19
0x00007ffe74e7ec33:   40 d1 ee 00 41 89 40 6c 8b 84 19 24 d1 ee 00 41
0x00007ffe74e7ec43:   89 40 70 8b 84 19 28 d1 ee 00 41 89 40 74 8b 84
0x00007ffe74e7ec53:   19 2c d1 ee 00 41 89 40 78 8b 84 19 30 d1 ee 00
0x00007ffe74e7ec63:   41 89 40 7c 48 8b 42 18 8b 88 38 0b 00 00 f6 c1
0x00007ffe74e7ec73:   08 0f 84 86 00 00 00 8b 80 3c 0b 00 00 41 89 80
0x00007ffe74e7ec83:   80 00 00 00 48 8b 42 18 8b 88 40 0b 00 00 41 89
0x00007ffe74e7ec93:   88 84 00 00 00 48 8b 42 18 8b 88 44 0b 00 00 41
0x00007ffe74e7eca3:   89 88 88 00 00 00 48 8b 42 18 8b 88 48 0b 00 00
0x00007ffe74e7ecb3:   41 89 88 8c 00 00 00 48 8b 42 18 8b 88 4c 0b 00
0x00007ffe74e7ecc3:   00 41 89 88 90 00 00 00 48 8b 42 18 8b 88 50 0b
0x00007ffe74e7ecd3:   00 00 41 89 88 94 00 00 00 48 8b 42 18 8b 88 54 


Stack slot to memory mapping:
stack at sp + 0 slots: 0x00007ffe74e7c31b ig9icd64.dll
stack at sp + 1 slots: 0x0000000000000001 is an unknown value
stack at sp + 2 slots: 0x0 is NULL
stack at sp + 3 slots: 0x000001c37f757900 points into unknown readable memory: 0x0000000000000000 | 00 00 00 00 00 00 00 00
stack at sp + 4 slots: 0x00007ffeda002622 igdgmm64.dll
stack at sp + 5 slots: 0x000000b700000065 is an unknown value
stack at sp + 6 slots: 0x000000b7f0dfcc00 is pointing into the stack for thread: 0x000001c3715ea3c0
stack at sp + 7 slots: 0x0 is NULL


---------------  P R O C E S S  ---------------

Threads class SMR info:
_java_thread_list=0x000001c37f33b960, length=26, elements={
0x000001c34a17e870, 0x000001c36c837700, 0x000001c36c838480, 0x000001c36c84e8e0,
0x000001c36c84f3a0, 0x000001c36c851d70, 0x000001c36c852630, 0x000001c36c8532d0,
0x000001c36c856ca0, 0x000001c36c970800, 0x000001c36c81c500, 0x000001c36cc7cda0,
0x000001c3711e7260, 0x000001c371225f60, 0x000001c371226780, 0x000001c3715ea3c0,
0x000001c37192ad00, 0x000001c371dbe8e0, 0x000001c371dbc730, 0x000001c371dbe410,
0x000001c371dbd0d0, 0x000001c371dbf750, 0x000001c379cac210, 0x000001c379cb13e0,
0x000001c379cb0570, 0x000001c379cada20
}

Java Threads: ( => current thread )
  0x000001c34a17e870 JavaThread "main" [_thread_blocked, id=3572, stack(0x000000b7ef300000,0x000000b7ef400000)]
  0x000001c36c837700 JavaThread "Reference Handler" daemon [_thread_blocked, id=3292, stack(0x000000b7efa00000,0x000000b7efb00000)]
  0x000001c36c838480 JavaThread "Finalizer" daemon [_thread_blocked, id=18968, stack(0x000000b7efb00000,0x000000b7efc00000)]
  0x000001c36c84e8e0 JavaThread "Signal Dispatcher" daemon [_thread_blocked, id=14552, stack(0x000000b7efc00000,0x000000b7efd00000)]
  0x000001c36c84f3a0 JavaThread "Attach Listener" daemon [_thread_blocked, id=9692, stack(0x000000b7efd00000,0x000000b7efe00000)]
  0x000001c36c851d70 JavaThread "Service Thread" daemon [_thread_blocked, id=8820, stack(0x000000b7efe00000,0x000000b7eff00000)]
  0x000001c36c852630 JavaThread "Monitor Deflation Thread" daemon [_thread_blocked, id=17148, stack(0x000000b7eff00000,0x000000b7f0000000)]
  0x000001c36c8532d0 JavaThread "C2 CompilerThread0" daemon [_thread_blocked, id=2376, stack(0x000000b7f0000000,0x000000b7f0100000)]
  0x000001c36c856ca0 JavaThread "C1 CompilerThread0" daemon [_thread_blocked, id=16108, stack(0x000000b7f0100000,0x000000b7f0200000)]
  0x000001c36c970800 JavaThread "Sweeper thread" daemon [_thread_blocked, id=14984, stack(0x000000b7f0200000,0x000000b7f0300000)]
  0x000001c36c81c500 JavaThread "Common-Cleaner" daemon [_thread_blocked, id=224, stack(0x000000b7f0300000,0x000000b7f0400000)]
  0x000001c36cc7cda0 JavaThread "Monitor Ctrl-Break" daemon [_thread_in_native, id=7276, stack(0x000000b7f0400000,0x000000b7f0500000)]
  0x000001c3711e7260 JavaThread "Notification Thread" daemon [_thread_blocked, id=1464, stack(0x000000b7f0500000,0x000000b7f0600000)]
  0x000001c371225f60 JavaThread "Java2D Disposer" daemon [_thread_blocked, id=15688, stack(0x000000b7f0a00000,0x000000b7f0b00000)]
  0x000001c371226780 JavaThread "AWT-Shutdown" [_thread_blocked, id=12212, stack(0x000000b7f0b00000,0x000000b7f0c00000)]
=>0x000001c3715ea3c0 JavaThread "AWT-EventQueue-0" [_thread_in_native, id=8308, stack(0x000000b7f0d00000,0x000000b7f0e00000)]
  0x000001c37192ad00 JavaThread "Reference Cleaner" daemon [_thread_blocked, id=13328, stack(0x000000b7f0e00000,0x000000b7f0f00000)]
  0x000001c371dbe8e0 JavaThread "DefaultDispatcher-worker-2" daemon [_thread_blocked, id=3552, stack(0x000000b7f1100000,0x000000b7f1200000)]
  0x000001c371dbc730 JavaThread "DefaultDispatcher-worker-3" daemon [_thread_blocked, id=16496, stack(0x000000b7f1200000,0x000000b7f1300000)]
  0x000001c371dbe410 JavaThread "kotlinx.coroutines.DefaultExecutor" daemon [_thread_blocked, id=19040, stack(0x000000b7f1300000,0x000000b7f1400000)]
  0x000001c371dbd0d0 JavaThread "TimerQueue" daemon [_thread_blocked, id=17568, stack(0x000000b7f1700000,0x000000b7f1800000)]
  0x000001c371dbf750 JavaThread "RealmFinalizingDaemon" daemon [_thread_blocked, id=12232, stack(0x000000b7f1a00000,0x000000b7f1b00000)]
  0x000001c379cac210 JavaThread "core-notifier" daemon [_thread_in_native, id=648, stack(0x000000b7f1c00000,0x000000b7f1d00000)]
  0x000001c379cb13e0 JavaThread "DefaultDispatcher-worker-4" daemon [_thread_blocked, id=2040, stack(0x000000b7f1800000,0x000000b7f1900000)]
  0x000001c379cb0570 JavaThread "DefaultDispatcher-worker-1" daemon [_thread_blocked, id=16812, stack(0x000000b7f1f00000,0x000000b7f2000000)]
  0x000001c379cada20 JavaThread "SIGINT handler" daemon [_thread_blocked, id=9100, stack(0x000000b7ef100000,0x000000b7ef200000)]

Other Threads:
  0x000001c36c830850 VMThread "VM Thread" [stack: 0x000000b7ef900000,0x000000b7efa00000] [id=5820]
  0x000001c34a17f730 WatcherThread [stack: 0x000000b7f0600000,0x000000b7f0700000] [id=10676]
  0x000001c34a1e8910 GCTaskThread "GC Thread#0" [stack: 0x000000b7ef400000,0x000000b7ef500000] [id=18036]
  0x000001c3712f25c0 GCTaskThread "GC Thread#1" [stack: 0x000000b7f0700000,0x000000b7f0800000] [id=636]
  0x000001c3713965e0 GCTaskThread "GC Thread#2" [stack: 0x000000b7f0800000,0x000000b7f0900000] [id=14068]
  0x000001c371396890 GCTaskThread "GC Thread#3" [stack: 0x000000b7f0900000,0x000000b7f0a00000] [id=5472]
  0x000001c34814df40 ConcurrentGCThread "G1 Main Marker" [stack: 0x000000b7ef500000,0x000000b7ef600000] [id=3740]
  0x000001c34814e860 ConcurrentGCThread "G1 Conc#0" [stack: 0x000000b7ef600000,0x000000b7ef700000] [id=18148]
  0x000001c34a22e4e0 ConcurrentGCThread "G1 Refine#0" [stack: 0x000000b7ef700000,0x000000b7ef800000] [id=10616]
  0x000001c36c6e8100 ConcurrentGCThread "G1 Service" [stack: 0x000000b7ef800000,0x000000b7ef900000] [id=9116]

Threads with active compile tasks:

VM state: not at safepoint (normal execution)

VM Mutex/Monitor currently owned by a thread: None

Heap address: 0x0000000702600000, size: 4058 MB, Compressed Oops mode: Zero based, Oop shift amount: 3

CDS archive(s) mapped at: [0x0000000800000000-0x0000000800bc0000-0x0000000800bc0000), size 12320768, SharedBaseAddress: 0x0000000800000000, ArchiveRelocationMode: 0.
Compressed class space mapped at: 0x0000000801000000-0x0000000841000000, reserved size: 1073741824
Narrow klass base: 0x0000000800000000, Narrow klass shift: 0, Narrow klass range: 0x100000000

GC Precious Log:
 CPUs: 4 total, 4 available
 Memory: 16224M
 Large Page Support: Disabled
 NUMA Support: Disabled
 Compressed Oops: Enabled (Zero based)
 Heap Region Size: 2M
 Heap Min Capacity: 8M
 Heap Initial Capacity: 254M
 Heap Max Capacity: 4058M
 Pre-touch: Disabled
 Parallel Workers: 4
 Concurrent Workers: 1
 Concurrent Refinement Workers: 4
 Periodic GC: Disabled

Heap:
 garbage-first heap   total 90112K, used 46744K [0x0000000702600000, 0x0000000800000000)
  region size 2048K, 12 young (24576K), 0 survivors (0K)
 Metaspace       used 34120K, committed 34368K, reserved 1114112K
  class space    used 3713K, committed 3840K, reserved 1048576K

Heap Regions: E=young(eden), S=young(survivor), O=old, HS=humongous(starts), HC=humongous(continues), CS=collection set, F=free, OA=open archive, CA=closed archive, TAMS=top-at-mark-start (previous, next)
|   0|0x0000000702600000, 0x0000000702800000, 0x0000000702800000|100%|HS|  |TAMS 0x0000000702800000, 0x0000000702600000| Untracked 
|   1|0x0000000702800000, 0x0000000702a00000, 0x0000000702a00000|100%| O|  |TAMS 0x0000000702a00000, 0x0000000702800000| Untracked 
|   2|0x0000000702a00000, 0x0000000702c00000, 0x0000000702c00000|100%| O|  |TAMS 0x0000000702c00000, 0x0000000702a00000| Untracked 
|   3|0x0000000702c00000, 0x0000000702dfffb0, 0x0000000702e00000| 99%| O|  |TAMS 0x0000000702dfffb0, 0x0000000702c00000| Untracked 
|   4|0x0000000702e00000, 0x0000000702ffff80, 0x0000000703000000| 99%| O|  |TAMS 0x0000000702ffff80, 0x0000000702e00000| Untracked 
|   5|0x0000000703000000, 0x00000007031cb2d0, 0x0000000703200000| 89%| O|  |TAMS 0x0000000703000000, 0x0000000703000000| Untracked 
|   6|0x0000000703200000, 0x00000007033b4e28, 0x0000000703400000| 85%| O|  |TAMS 0x0000000703200000, 0x0000000703200000| Untracked 
|   7|0x0000000703400000, 0x0000000703426100, 0x0000000703600000|  7%| O|  |TAMS 0x0000000703400000, 0x0000000703400000| Untracked 
|   8|0x0000000703600000, 0x0000000703600000, 0x0000000703800000|  0%| F|  |TAMS 0x0000000703600000, 0x0000000703600000| Untracked 
|   9|0x0000000703800000, 0x0000000703800000, 0x0000000703a00000|  0%| F|  |TAMS 0x0000000703800000, 0x0000000703800000| Untracked 
|  10|0x0000000703a00000, 0x0000000703c00000, 0x0000000703c00000|100%| O|  |TAMS 0x0000000703c00000, 0x0000000703a00000| Untracked 
|  11|0x0000000703c00000, 0x0000000703c00000, 0x0000000703e00000|  0%| F|  |TAMS 0x0000000703c00000, 0x0000000703c00000| Untracked 
|  12|0x0000000703e00000, 0x0000000703e00000, 0x0000000704000000|  0%| F|  |TAMS 0x0000000703e00000, 0x0000000703e00000| Untracked 
|  13|0x0000000704000000, 0x0000000704000000, 0x0000000704200000|  0%| F|  |TAMS 0x0000000704000000, 0x0000000704000000| Untracked 
|  14|0x0000000704200000, 0x0000000704200000, 0x0000000704400000|  0%| F|  |TAMS 0x0000000704200000, 0x0000000704200000| Untracked 
|  15|0x0000000704400000, 0x0000000704400000, 0x0000000704600000|  0%| F|  |TAMS 0x0000000704400000, 0x0000000704400000| Untracked 
|  16|0x0000000704600000, 0x0000000704600000, 0x0000000704800000|  0%| F|  |TAMS 0x0000000704600000, 0x0000000704600000| Untracked 
|  17|0x0000000704800000, 0x0000000704a00000, 0x0000000704a00000|100%|HS|  |TAMS 0x0000000704a00000, 0x0000000704800000| Untracked 
|  18|0x0000000704a00000, 0x0000000704c00000, 0x0000000704c00000|100%|HC|  |TAMS 0x0000000704c00000, 0x0000000704a00000| Untracked 
|  19|0x0000000704c00000, 0x0000000704e00000, 0x0000000704e00000|100%|HC|  |TAMS 0x0000000704e00000, 0x0000000704c00000| Untracked 
|  20|0x0000000704e00000, 0x0000000705000000, 0x0000000705000000|100%|HC|  |TAMS 0x0000000705000000, 0x0000000704e00000| Untracked 
|  21|0x0000000705000000, 0x0000000705000000, 0x0000000705200000|  0%| F|  |TAMS 0x0000000705000000, 0x0000000705000000| Untracked 
|  22|0x0000000705200000, 0x0000000705200000, 0x0000000705400000|  0%| F|  |TAMS 0x0000000705200000, 0x0000000705200000| Untracked 
|  23|0x0000000705400000, 0x0000000705400000, 0x0000000705600000|  0%| F|  |TAMS 0x0000000705400000, 0x0000000705400000| Untracked 
|  24|0x0000000705600000, 0x0000000705600000, 0x0000000705800000|  0%| F|  |TAMS 0x0000000705600000, 0x0000000705600000| Untracked 
|  25|0x0000000705800000, 0x0000000705800000, 0x0000000705a00000|  0%| F|  |TAMS 0x0000000705800000, 0x0000000705800000| Untracked 
|  26|0x0000000705a00000, 0x0000000705a00000, 0x0000000705c00000|  0%| F|  |TAMS 0x0000000705a00000, 0x0000000705a00000| Untracked 
|  27|0x0000000705c00000, 0x0000000705c00000, 0x0000000705e00000|  0%| F|  |TAMS 0x0000000705c00000, 0x0000000705c00000| Untracked 
|  28|0x0000000705e00000, 0x0000000705e00000, 0x0000000706000000|  0%| F|  |TAMS 0x0000000705e00000, 0x0000000705e00000| Untracked 
|  29|0x0000000706000000, 0x0000000706000000, 0x0000000706200000|  0%| F|  |TAMS 0x0000000706000000, 0x0000000706000000| Untracked 
|  30|0x0000000706200000, 0x0000000706200000, 0x0000000706400000|  0%| F|  |TAMS 0x0000000706200000, 0x0000000706200000| Untracked 
|  31|0x0000000706400000, 0x0000000706400000, 0x0000000706600000|  0%| F|  |TAMS 0x0000000706400000, 0x0000000706400000| Untracked 
|  32|0x0000000706600000, 0x00000007066a7b68, 0x0000000706800000| 32%| E|  |TAMS 0x0000000706600000, 0x0000000706600000| Complete 
|  33|0x0000000706800000, 0x0000000706a00000, 0x0000000706a00000|100%| E|CS|TAMS 0x0000000706800000, 0x0000000706800000| Complete 
|  34|0x0000000706a00000, 0x0000000706c00000, 0x0000000706c00000|100%| E|CS|TAMS 0x0000000706a00000, 0x0000000706a00000| Complete 
|  35|0x0000000706c00000, 0x0000000706e00000, 0x0000000706e00000|100%| E|CS|TAMS 0x0000000706c00000, 0x0000000706c00000| Complete 
|  36|0x0000000706e00000, 0x0000000707000000, 0x0000000707000000|100%| E|CS|TAMS 0x0000000706e00000, 0x0000000706e00000| Complete 
|  37|0x0000000707000000, 0x0000000707200000, 0x0000000707200000|100%| E|CS|TAMS 0x0000000707000000, 0x0000000707000000| Complete 
|  38|0x0000000707200000, 0x0000000707400000, 0x0000000707400000|100%| E|CS|TAMS 0x0000000707200000, 0x0000000707200000| Complete 
|  39|0x0000000707400000, 0x0000000707600000, 0x0000000707600000|100%| E|CS|TAMS 0x0000000707400000, 0x0000000707400000| Complete 
|  40|0x0000000707600000, 0x0000000707800000, 0x0000000707800000|100%| E|CS|TAMS 0x0000000707600000, 0x0000000707600000| Complete 
|  41|0x0000000707800000, 0x0000000707a00000, 0x0000000707a00000|100%| E|CS|TAMS 0x0000000707800000, 0x0000000707800000| Complete 
|  42|0x0000000707a00000, 0x0000000707c00000, 0x0000000707c00000|100%| E|CS|TAMS 0x0000000707a00000, 0x0000000707a00000| Complete 
|  43|0x0000000707c00000, 0x0000000707e00000, 0x0000000707e00000|100%| E|CS|TAMS 0x0000000707c00000, 0x0000000707c00000| Complete 

Card table byte_map: [0x000001c361460000,0x000001c361c50000] _byte_map_base: 0x000001c35dc4d000

Marking Bits (Prev, Next): (CMBitMap*) 0x000001c34a1e8e30, (CMBitMap*) 0x000001c34a1e8e70
 Prev Bits: [0x000001c362440000, 0x000001c3663a8000)
 Next Bits: [0x000001c3663b0000, 0x000001c36a318000)

Polling page: 0x000001c348000000

Metaspace:

Usage:
  Non-class:     29.69 MB used.
      Class:      3.63 MB used.
       Both:     33.32 MB used.

Virtual space:
  Non-class space:       64.00 MB reserved,      29.81 MB ( 47%) committed,  1 nodes.
      Class space:        1.00 GB reserved,       3.75 MB ( <1%) committed,  1 nodes.
             Both:        1.06 GB reserved,      33.56 MB (  3%) committed. 

Chunk freelists:
   Non-Class:  2.16 MB
       Class:  12.28 MB
        Both:  14.44 MB

MaxMetaspaceSize: unlimited
CompressedClassSpaceSize: 1.00 GB
Initial GC threshold: 21.00 MB
Current GC threshold: 55.94 MB
CDS: on
MetaspaceReclaimPolicy: balanced
 - commit_granule_bytes: 65536.
 - commit_granule_words: 8192.
 - virtual_space_node_default_size: 8388608.
 - enlarge_chunks_in_place: 1.
 - new_chunks_are_fully_committed: 0.
 - uncommit_free_chunks: 1.
 - use_allocation_guard: 0.
 - handle_deallocations: 1.


Internal statistics:

num_allocs_failed_limit: 3.
num_arena_births: 160.
num_arena_deaths: 0.
num_vsnodes_births: 2.
num_vsnodes_deaths: 0.
num_space_committed: 537.
num_space_uncommitted: 0.
num_chunks_returned_to_freelist: 3.
num_chunks_taken_from_freelist: 1062.
num_chunk_merges: 3.
num_chunk_splits: 912.
num_chunks_enlarged: 831.
num_inconsistent_stats: 0.

CodeHeap 'non-profiled nmethods': size=120000Kb used=3814Kb max_used=3814Kb free=116185Kb
 bounds [0x000001c359740000, 0x000001c359b00000, 0x000001c360c70000]
CodeHeap 'profiled nmethods': size=120000Kb used=7938Kb max_used=9699Kb free=112061Kb
 bounds [0x000001c351c70000, 0x000001c3525f0000, 0x000001c3591a0000]
CodeHeap 'non-nmethods': size=5760Kb used=1866Kb max_used=1941Kb free=3893Kb
 bounds [0x000001c3591a0000, 0x000001c359410000, 0x000001c359740000]
 total_blobs=6000 nmethods=4657 adapters=1255
 compilation: enabled
              stopped_count=0, restarted_count=0
 full_count=0

Compilation events (20 events):
Event: 101.752 Thread 0x000001c36c8532d0 5421       4       kotlinx.coroutines.CoroutineContextKt::newCoroutineContext (22 bytes)
Event: 101.754 Thread 0x000001c36c8532d0 nmethod 5421 0x000001c359aecf10 code [0x000001c359aed0c0, 0x000001c359aed238]
Event: 101.799 Thread 0x000001c36c8532d0 5422   !   4       org.jetbrains.skiko.SkiaLayer::update$skiko (338 bytes)
Event: 101.849 Thread 0x000001c36c8532d0 nmethod 5422 0x000001c359aed410 code [0x000001c359aed760, 0x000001c359aefac0]
Event: 101.849 Thread 0x000001c36c8532d0 5423       4       androidx.compose.ui.awt.ComposeLayer$1::onRender (31 bytes)
Event: 101.851 Thread 0x000001c36c8532d0 nmethod 5423 0x000001c359af1610 code [0x000001c359af17a0, 0x000001c359af18f8]
Event: 101.851 Thread 0x000001c36c8532d0 5424       4       kotlinx.coroutines.DispatchedCoroutine::afterResume (30 bytes)
Event: 101.866 Thread 0x000001c36c8532d0 nmethod 5424 0x000001c359af1b10 code [0x000001c359af1d20, 0x000001c359af26d8]
Event: 101.866 Thread 0x000001c36c8532d0 5425       4       org.jetbrains.skiko.redrawer.WindowsOpenGLRedrawer$Companion$frameDispatcher$1$1::create (12 bytes)
Event: 101.870 Thread 0x000001c36c8532d0 nmethod 5425 0x000001c359af2d90 code [0x000001c359af2f20, 0x000001c359af3218]
Event: 102.166 Thread 0x000001c36c8532d0 5426       4       androidx.compose.material.ButtonKt::Button (1246 bytes)
Event: 102.210 Thread 0x000001c36c8532d0 nmethod 5426 0x000001c359af3390 code [0x000001c359af37e0, 0x000001c359af64a8]
Event: 102.718 Thread 0x000001c36c8532d0 5427       4       kotlin.collections.EmptyList::size (5 bytes)
Event: 102.718 Thread 0x000001c36c8532d0 nmethod 5427 0x000001c359af8c90 code [0x000001c359af8e00, 0x000001c359af8e78]
Event: 103.465 Thread 0x000001c36c8532d0 5428       4       java.util.AbstractMap::isEmpty (13 bytes)
Event: 103.466 Thread 0x000001c36c8532d0 nmethod 5428 0x000001c359af8f90 code [0x000001c359af9100, 0x000001c359af91b8]
Event: 103.763 Thread 0x000001c36c856ca0 5429       3       java.util.IdentityHashMap$IdentityHashMapIterator::nextIndex (72 bytes)
Event: 103.763 Thread 0x000001c36c856ca0 nmethod 5429 0x000001c352054f10 code [0x000001c3520550e0, 0x000001c352055528]
Event: 103.775 Thread 0x000001c36c8532d0 5430       4       kotlin.reflect.jvm.internal.pcollections.IntTree::get (60 bytes)
Event: 103.778 Thread 0x000001c36c8532d0 nmethod 5430 0x000001c359af9290 code [0x000001c359af9440, 0x000001c359af9690]

GC Heap History (20 events):
Event: 5.536 GC heap before
{Heap before GC invocations=3 (full 0):
 garbage-first heap   total 260096K, used 46707K [0x0000000702600000, 0x0000000800000000)
  region size 2048K, 21 young (43008K), 2 survivors (4096K)
 Metaspace       used 21340K, committed 21504K, reserved 1114112K
  class space    used 2282K, committed 2368K, reserved 1048576K
}
Event: 5.541 GC heap after
{Heap after GC invocations=4 (full 0):
 garbage-first heap   total 260096K, used 11087K [0x0000000702600000, 0x0000000800000000)
  region size 2048K, 2 young (4096K), 2 survivors (4096K)
 Metaspace       used 21340K, committed 21504K, reserved 1114112K
  class space    used 2282K, committed 2368K, reserved 1048576K
}
Event: 8.644 GC heap before
{Heap before GC invocations=5 (full 0):
 garbage-first heap   total 49152K, used 37711K [0x0000000702600000, 0x0000000800000000)
  region size 2048K, 10 young (20480K), 2 survivors (4096K)
 Metaspace       used 24288K, committed 24512K, reserved 1114112K
  class space    used 2633K, committed 2752K, reserved 1048576K
}
Event: 8.650 GC heap after
{Heap after GC invocations=6 (full 0):
 garbage-first heap   total 49152K, used 24165K [0x0000000702600000, 0x0000000800000000)
  region size 2048K, 2 young (4096K), 2 survivors (4096K)
 Metaspace       used 24288K, committed 24512K, reserved 1114112K
  class space    used 2633K, committed 2752K, reserved 1048576K
}
Event: 8.696 GC heap before
{Heap before GC invocations=6 (full 0):
 garbage-first heap   total 49152K, used 26213K [0x0000000702600000, 0x0000000800000000)
  region size 2048K, 3 young (6144K), 2 survivors (4096K)
 Metaspace       used 24698K, committed 24960K, reserved 1114112K
  class space    used 2679K, committed 2816K, reserved 1048576K
}
Event: 8.700 GC heap after
{Heap after GC invocations=7 (full 0):
 garbage-first heap   total 49152K, used 17977K [0x0000000702600000, 0x0000000800000000)
  region size 2048K, 1 young (2048K), 1 survivors (2048K)
 Metaspace       used 24698K, committed 24960K, reserved 1114112K
  class space    used 2679K, committed 2816K, reserved 1048576K
}
Event: 8.995 GC heap before
{Heap before GC invocations=7 (full 0):
 garbage-first heap   total 49152K, used 32313K [0x0000000702600000, 0x0000000800000000)
  region size 2048K, 8 young (16384K), 1 survivors (2048K)
 Metaspace       used 26863K, committed 27072K, reserved 1114112K
  class space    used 2957K, committed 3072K, reserved 1048576K
}
Event: 8.998 GC heap after
{Heap after GC invocations=8 (full 0):
 garbage-first heap   total 49152K, used 19426K [0x0000000702600000, 0x0000000800000000)
  region size 2048K, 1 young (2048K), 1 survivors (2048K)
 Metaspace       used 26863K, committed 27072K, reserved 1114112K
  class space    used 2957K, committed 3072K, reserved 1048576K
}
Event: 9.363 GC heap before
{Heap before GC invocations=8 (full 0):
 garbage-first heap   total 49152K, used 33762K [0x0000000702600000, 0x0000000800000000)
  region size 2048K, 8 young (16384K), 1 survivors (2048K)
 Metaspace       used 30063K, committed 30272K, reserved 1114112K
  class space    used 3348K, committed 3456K, reserved 1048576K
}
Event: 9.367 GC heap after
{Heap after GC invocations=9 (full 0):
 garbage-first heap   total 155648K, used 20439K [0x0000000702600000, 0x0000000800000000)
  region size 2048K, 1 young (2048K), 1 survivors (2048K)
 Metaspace       used 30063K, committed 30272K, reserved 1114112K
  class space    used 3348K, committed 3456K, reserved 1048576K
}
Event: 33.035 GC heap before
{Heap before GC invocations=9 (full 0):
 garbage-first heap   total 155648K, used 100311K [0x0000000702600000, 0x0000000800000000)
  region size 2048K, 37 young (75776K), 1 survivors (2048K)
 Metaspace       used 33940K, committed 34176K, reserved 1114112K
  class space    used 3705K, committed 3840K, reserved 1048576K
}
Event: 33.058 GC heap after
{Heap after GC invocations=10 (full 1):
 garbage-first heap   total 90112K, used 24195K [0x0000000702600000, 0x0000000800000000)
  region size 2048K, 0 young (0K), 0 survivors (0K)
 Metaspace       used 33940K, committed 34176K, reserved 1114112K
  class space    used 3705K, committed 3840K, reserved 1048576K
}
Event: 52.934 GC heap before
{Heap before GC invocations=10 (full 1):
 garbage-first heap   total 90112K, used 67203K [0x0000000702600000, 0x0000000800000000)
  region size 2048K, 21 young (43008K), 0 survivors (0K)
 Metaspace       used 33955K, committed 34176K, reserved 1114112K
  class space    used 3705K, committed 3840K, reserved 1048576K
}
Event: 52.935 GC heap after
{Heap after GC invocations=11 (full 1):
 garbage-first heap   total 90112K, used 24397K [0x0000000702600000, 0x0000000800000000)
  region size 2048K, 1 young (2048K), 1 survivors (2048K)
 Metaspace       used 33955K, committed 34176K, reserved 1114112K
  class space    used 3705K, committed 3840K, reserved 1048576K
}
Event: 63.062 GC heap before
{Heap before GC invocations=11 (full 1):
 garbage-first heap   total 90112K, used 44877K [0x0000000702600000, 0x0000000800000000)
  region size 2048K, 12 young (24576K), 1 survivors (2048K)
 Metaspace       used 33958K, committed 34176K, reserved 1114112K
  class space    used 3705K, committed 3840K, reserved 1048576K
}
Event: 63.087 GC heap after
{Heap after GC invocations=12 (full 2):
 garbage-first heap   total 90112K, used 24200K [0x0000000702600000, 0x0000000800000000)
  region size 2048K, 0 young (0K), 0 survivors (0K)
 Metaspace       used 33958K, committed 34176K, reserved 1114112K
  class space    used 3705K, committed 3840K, reserved 1048576K
}
Event: 83.691 GC heap before
{Heap before GC invocations=12 (full 2):
 garbage-first heap   total 90112K, used 69256K [0x0000000702600000, 0x0000000800000000)
  region size 2048K, 22 young (45056K), 0 survivors (0K)
 Metaspace       used 34025K, committed 34304K, reserved 1114112K
  class space    used 3706K, committed 3840K, reserved 1048576K
}
Event: 83.692 GC heap after
{Heap after GC invocations=13 (full 2):
 garbage-first heap   total 90112K, used 24287K [0x0000000702600000, 0x0000000800000000)
  region size 2048K, 1 young (2048K), 1 survivors (2048K)
 Metaspace       used 34025K, committed 34304K, reserved 1114112K
  class space    used 3706K, committed 3840K, reserved 1048576K
}
Event: 93.092 GC heap before
{Heap before GC invocations=13 (full 2):
 garbage-first heap   total 90112K, used 42719K [0x0000000702600000, 0x0000000800000000)
  region size 2048K, 11 young (22528K), 1 survivors (2048K)
 Metaspace       used 34096K, committed 34368K, reserved 1114112K
  class space    used 3710K, committed 3840K, reserved 1048576K
}
Event: 93.115 GC heap after
{Heap after GC invocations=14 (full 3):
 garbage-first heap   total 90112K, used 24216K [0x0000000702600000, 0x0000000800000000)
  region size 2048K, 0 young (0K), 0 survivors (0K)
 Metaspace       used 34096K, committed 34368K, reserved 1114112K
  class space    used 3710K, committed 3840K, reserved 1048576K
}

Dll operation events (14 events):
Event: 0.027 Loaded shared library C:\Users\HP\.jdks\corretto-17.0.7\bin\java.dll
Event: 0.040 Loaded shared library C:\Users\HP\.jdks\corretto-17.0.7\bin\jsvml.dll
Event: 0.266 Loaded shared library C:\Users\HP\.jdks\corretto-17.0.7\bin\zip.dll
Event: 0.270 Loaded shared library C:\Users\HP\.jdks\corretto-17.0.7\bin\instrument.dll
Event: 0.278 Loaded shared library C:\Users\HP\.jdks\corretto-17.0.7\bin\net.dll
Event: 0.280 Loaded shared library C:\Users\HP\.jdks\corretto-17.0.7\bin\nio.dll
Event: 0.294 Loaded shared library C:\Users\HP\.jdks\corretto-17.0.7\bin\zip.dll
Event: 0.510 Loaded shared library C:\Program Files\JetBrains\IntelliJ IDEA Community Edition 2021.3.2\bin\breakgen64.dll
Event: 0.780 Loaded shared library C:\Users\HP\.jdks\corretto-17.0.7\bin\jimage.dll
Event: 0.785 Loaded shared library C:\Users\HP\.jdks\corretto-17.0.7\bin\awt.dll
Event: 2.541 Loaded shared library C:\Users\HP\.skiko\0de0d8dd8554d9bb66cfca3837db6514ff9b71080e998917280a3b777460a416\skiko-windows-x64.dll
Event: 3.978 Loaded shared library C:\Users\HP\.jdks\corretto-17.0.7\bin\freetype.dll
Event: 3.980 Loaded shared library C:\Users\HP\.jdks\corretto-17.0.7\bin\fontmanager.dll
Event: 9.239 Loaded shared library C:\Users\HP\AppData\Local\io-realm-kotlin\f7113120ba00ba1ff91d696eecd3919e85a4e34e\realmc.dll

Deoptimization events (20 events):
Event: 103.769 Thread 0x000001c379caf230 Uncommon trap: trap_request=0xffffff5c fr.pc=0x000001c359a7c380 relative=0x0000000000000300
Event: 103.769 Thread 0x000001c379caf230 Uncommon trap: reason=speculate_null_check action=make_not_entrant pc=0x000001c359a7c380 method=java.util.concurrent.locks.AbstractQueuedSynchronizer.enqueue(Ljava/util/concurrent/locks/AbstractQueuedSynchronizer$Node;)V @ 15 c2
Event: 103.769 Thread 0x000001c379caf230 DEOPT PACKING pc=0x000001c359a7c380 sp=0x000000b7f10fe4f0
Event: 103.769 Thread 0x000001c379caf230 DEOPT UNPACKING pc=0x000001c3591f69a3 sp=0x000000b7f10fe4a8 mode 2
Event: 103.772 Thread 0x000001c379cae890 Uncommon trap: trap_request=0xffffff45 fr.pc=0x000001c35999c9e8 relative=0x0000000000000888
Event: 103.772 Thread 0x000001c379cae890 Uncommon trap: reason=unstable_if action=reinterpret pc=0x000001c35999c9e8 method=kotlinx.coroutines.CancellableContinuationImpl.getExceptionalResult$kotlinx_coroutines_core(Ljava/lang/Object;)Ljava/lang/Throwable; @ 6 c2
Event: 103.772 Thread 0x000001c379cae890 DEOPT PACKING pc=0x000001c35999c9e8 sp=0x000000b7f1dff050
Event: 103.772 Thread 0x000001c379cae890 DEOPT UNPACKING pc=0x000001c3591f69a3 sp=0x000000b7f1dfef20 mode 2
Event: 103.788 Thread 0x000001c379cae890 Uncommon trap: trap_request=0xffffff45 fr.pc=0x000001c359a7bc80 relative=0x00000000000000e0
Event: 103.788 Thread 0x000001c379cae890 Uncommon trap: reason=unstable_if action=reinterpret pc=0x000001c359a7bc80 method=java.util.concurrent.locks.AbstractQueuedSynchronizer$ConditionNode.isReleasable()Z @ 14 c2
Event: 103.788 Thread 0x000001c379cae890 DEOPT PACKING pc=0x000001c359a7bc80 sp=0x000000b7f1dfeeb0
Event: 103.788 Thread 0x000001c379cae890 DEOPT UNPACKING pc=0x000001c3591f69a3 sp=0x000000b7f1dfed18 mode 2
Event: 103.789 Thread 0x000001c379cae890 Uncommon trap: trap_request=0xffffff5c fr.pc=0x000001c359a62f98 relative=0x0000000000000f18
Event: 103.789 Thread 0x000001c379cae890 Uncommon trap: reason=speculate_null_check action=make_not_entrant pc=0x000001c359a62f98 method=java.util.concurrent.locks.AbstractQueuedSynchronizer.acquire(Ljava/util/concurrent/locks/AbstractQueuedSynchronizer$Node;IZZZJ)I @ 254 c2
Event: 103.789 Thread 0x000001c379cae890 DEOPT PACKING pc=0x000001c359a62f98 sp=0x000000b7f1dfee70
Event: 103.789 Thread 0x000001c379cae890 DEOPT UNPACKING pc=0x000001c3591f69a3 sp=0x000000b7f1dfee50 mode 2
Event: 103.789 Thread 0x000001c371dbc260 Uncommon trap: trap_request=0xffffff45 fr.pc=0x000001c359a7bc80 relative=0x00000000000000e0
Event: 103.789 Thread 0x000001c371dbc260 Uncommon trap: reason=unstable_if action=reinterpret pc=0x000001c359a7bc80 method=java.util.concurrent.locks.AbstractQueuedSynchronizer$ConditionNode.isReleasable()Z @ 14 c2
Event: 103.789 Thread 0x000001c371dbc260 DEOPT PACKING pc=0x000001c359a7bc80 sp=0x000000b7f19ff440
Event: 103.789 Thread 0x000001c371dbc260 DEOPT UNPACKING pc=0x000001c3591f69a3 sp=0x000000b7f19ff2a8 mode 2

Classes unloaded (0 events):
No events

Classes redefined (0 events):
No events

Internal exceptions (20 events):
Event: 1.694 Thread 0x000001c3715ea3c0 Exception <a 'java/lang/NoSuchMethodError'{0x00000007120f0508}: 'java.lang.Object java.lang.invoke.DirectMethodHandle$Holder.invokeStaticInit(java.lang.Object, int, int, int, int)'> (0x00000007120f0508) 
thrown [s\src\hotspot\share\interpreter\linkResolver.cpp, line 759]
Event: 1.977 Thread 0x000001c3715ea3c0 Exception <a 'java/lang/NoSuchMethodError'{0x00000007121c10c8}: 'java.lang.Object java.lang.invoke.DirectMethodHandle$Holder.invokeStaticInit(java.lang.Object, java.lang.Object, int, int, int, int)'> (0x00000007121c10c8) 
thrown [s\src\hotspot\share\interpreter\linkResolver.cpp, line 759]
Event: 2.111 Thread 0x000001c3715ea3c0 Exception <a 'java/lang/NoSuchMethodError'{0x0000000711d17fb8}: 'double java.lang.invoke.DirectMethodHandle$Holder.invokeStatic(java.lang.Object, double)'> (0x0000000711d17fb8) 
thrown [s\src\hotspot\share\interpreter\linkResolver.cpp, line 759]
Event: 2.112 Thread 0x000001c3715ea3c0 Exception <a 'java/lang/NoSuchMethodError'{0x0000000711d1ba18}: 'double java.lang.invoke.DirectMethodHandle$Holder.invokeStaticInit(java.lang.Object, double)'> (0x0000000711d1ba18) 
thrown [s\src\hotspot\share\interpreter\linkResolver.cpp, line 759]
Event: 2.143 Thread 0x000001c3715ea3c0 Exception <a 'java/lang/NoSuchMethodError'{0x0000000711d63988}: 'java.lang.Object java.lang.invoke.DirectMethodHandle$Holder.newInvokeSpecial(java.lang.Object, double)'> (0x0000000711d63988) 
thrown [s\src\hotspot\share\interpreter\linkResolver.cpp, line 759]
Event: 3.615 Thread 0x000001c3715ea3c0 Exception <a 'java/lang/NoSuchMethodError'{0x0000000710f68a70}: 'void java.lang.invoke.DirectMethodHandle$Holder.invokeSpecial(java.lang.Object, java.lang.Object, java.lang.Object)'> (0x0000000710f68a70) 
thrown [s\src\hotspot\share\interpreter\linkResolver.cpp, line 759]
Event: 3.627 Thread 0x000001c3715ea3c0 Exception <a 'java/lang/NoSuchMethodError'{0x0000000710f92e48}: 'java.lang.Object java.lang.invoke.DirectMethodHandle$Holder.newInvokeSpecial(java.lang.Object, java.lang.Object, java.lang.Object, java.lang.Object, java.lang.Object)'> (0x0000000710f92e48) 
thrown [s\src\hotspot\share\interpreter\linkResolver.cpp, line 759]
Event: 3.631 Thread 0x000001c3715ea3c0 Exception <a 'java/lang/NoSuchMethodError'{0x0000000710f9eab8}: 'java.lang.Object java.lang.invoke.DirectMethodHandle$Holder.invokeStatic(java.lang.Object, int, java.lang.Object, java.lang.Object, java.lang.Object, java.lang.Object)'> (0x0000000710f9eab8) 
thrown [s\src\hotspot\share\interpreter\linkResolver.cpp, line 759]
Event: 3.637 Thread 0x000001c3715ea3c0 Exception <a 'java/lang/NoSuchMethodError'{0x0000000710fc4798}: 'java.lang.Object java.lang.invoke.DirectMethodHandle$Holder.invokeStatic(java.lang.Object, int, java.lang.Object)'> (0x0000000710fc4798) 
thrown [s\src\hotspot\share\interpreter\linkResolver.cpp, line 759]
Event: 3.668 Thread 0x000001c3715ea3c0 Exception <a 'java/lang/ClassNotFoundException'{0x0000000710c80e48}: com/sun/swing/internal/plaf/metal/resources/spi/metalProvider> (0x0000000710c80e48) 
thrown [s\src\hotspot\share\classfile\systemDictionary.cpp, line 256]
Event: 3.669 Thread 0x000001c3715ea3c0 Exception <a 'java/lang/ClassNotFoundException'{0x0000000710c84de8}: com/sun/swing/internal/plaf/basic/resources/spi/basicProvider> (0x0000000710c84de8) 
thrown [s\src\hotspot\share\classfile\systemDictionary.cpp, line 256]
Event: 3.677 Thread 0x000001c3715ea3c0 Implicit null exception at 0x000001c35976d88f to 0x000001c35976dc64
Event: 3.677 Thread 0x000001c3715ea3c0 Implicit null exception at 0x000001c35976a30f to 0x000001c35976a6c8
Event: 3.704 Thread 0x000001c3715ea3c0 Exception <a 'java/lang/NoSuchMethodError'{0x0000000710d95d60}: 'void java.lang.invoke.DirectMethodHandle$Holder.invokeStatic(java.lang.Object, java.lang.Object, java.lang.Object)'> (0x0000000710d95d60) 
thrown [s\src\hotspot\share\interpreter\linkResolver.cpp, line 759]
Event: 3.960 Thread 0x000001c3715ea3c0 Exception <a 'java/lang/NoSuchMethodError'{0x0000000710874578}: 'void java.lang.invoke.DirectMethodHandle$Holder.invokeStaticInit(java.lang.Object)'> (0x0000000710874578) 
thrown [s\src\hotspot\share\interpreter\linkResolver.cpp, line 759]
Event: 4.307 Thread 0x000001c3715ea3c0 Exception <a 'java/lang/NoSuchMethodError'{0x0000000711c48688}: 'int java.lang.invoke.DirectMethodHandle$Holder.invokeStaticInit(java.lang.Object, java.lang.Object, java.lang.Object)'> (0x0000000711c48688) 
thrown [s\src\hotspot\share\interpreter\linkResolver.cpp, line 759]
Event: 4.893 Thread 0x000001c371227550 Exception <a 'java/lang/NoSuchMethodError'{0x0000000710901118}: 'void java.lang.invoke.DirectMethodHandle$Holder.invokeVirtual(java.lang.Object, java.lang.Object)'> (0x0000000710901118) 
thrown [s\src\hotspot\share\interpreter\linkResolver.cpp, line 759]
Event: 8.453 Thread 0x000001c3715ea3c0 Exception <a 'java/lang/NoSuchMethodError'{0x0000000704aaa2f0}: 'int java.lang.invoke.DirectMethodHandle$Holder.invokeStaticInit(java.lang.Object, long, long)'> (0x0000000704aaa2f0) 
thrown [s\src\hotspot\share\interpreter\linkResolver.cpp, line 759]
Event: 9.128 Thread 0x000001c3715ea3c0 Exception <a 'java/lang/NoSuchMethodError'{0x000000070f664988}: 'java.lang.Object java.lang.invoke.DirectMethodHandle$Holder.newInvokeSpecial(java.lang.Object, int, java.lang.Object)'> (0x000000070f664988) 
thrown [s\src\hotspot\share\interpreter\linkResolver.cpp, line 759]
Event: 9.156 Thread 0x000001c3715ea3c0 Implicit null exception at 0x000001c35979c953 to 0x000001c35979d3e4

VM Operations (20 events):
Event: 83.227 Executing VM operation: Cleanup
Event: 83.227 Executing VM operation: Cleanup done
Event: 83.345 Executing VM operation: HandshakeAllThreads
Event: 83.345 Executing VM operation: HandshakeAllThreads done
Event: 83.691 Executing VM operation: G1CollectForAllocation
Event: 83.692 Executing VM operation: G1CollectForAllocation done
Event: 84.704 Executing VM operation: Cleanup
Event: 84.704 Executing VM operation: Cleanup done
Event: 85.715 Executing VM operation: Cleanup
Event: 85.716 Executing VM operation: Cleanup done
Event: 86.729 Executing VM operation: Cleanup
Event: 86.729 Executing VM operation: Cleanup done
Event: 93.092 Executing VM operation: G1CollectFull
Event: 93.115 Executing VM operation: G1CollectFull done
Event: 101.213 Executing VM operation: Cleanup
Event: 101.213 Executing VM operation: Cleanup done
Event: 102.226 Executing VM operation: Cleanup
Event: 102.226 Executing VM operation: Cleanup done
Event: 103.241 Executing VM operation: Cleanup
Event: 103.241 Executing VM operation: Cleanup done

Events (20 events):
Event: 28.620 Thread 0x000001c36c970800 flushing nmethod 0x000001c352521090
Event: 28.620 Thread 0x000001c36c970800 flushing nmethod 0x000001c35254f190
Event: 28.620 Thread 0x000001c36c970800 flushing nmethod 0x000001c352551b10
Event: 28.620 Thread 0x000001c36c970800 flushing nmethod 0x000001c35255d610
Event: 28.620 Thread 0x000001c36c970800 flushing nmethod 0x000001c35255dc10
Event: 28.620 Thread 0x000001c36c970800 flushing nmethod 0x000001c3525d7a90
Event: 28.620 Thread 0x000001c36c970800 flushing nmethod 0x000001c3525d8190
Event: 69.413 Thread 0x000001c379caed60 Thread exited: 0x000001c379caed60
Event: 69.413 Thread 0x000001c371c68170 Thread exited: 0x000001c371c68170
Event: 103.762 loading class jdk/internal/misc/Signal$1
Event: 103.762 loading class jdk/internal/misc/Signal$1 done
Event: 103.762 Thread 0x000001c379cada20 Thread added: 0x000001c379cada20
Event: 103.763 Thread 0x000001c379cb00a0 Thread added: 0x000001c379cb00a0
Event: 103.763 Thread 0x000001c379caf230 Thread added: 0x000001c379caf230
Event: 103.763 Thread 0x000001c379caaed0 Thread added: 0x000001c379caaed0
Event: 103.780 Thread 0x000001c371227550 Thread exited: 0x000001c371227550
Event: 103.789 Thread 0x000001c379cae890 Thread exited: 0x000001c379cae890
Event: 103.789 Thread 0x000001c371dbc260 Thread exited: 0x000001c371dbc260
Event: 103.789 Thread 0x000001c379caf230 Thread exited: 0x000001c379caf230
Event: 103.789 Thread 0x000001c379cb00a0 Thread exited: 0x000001c379cb00a0


Dynamic libraries:
0x00007ff7eeda0000 - 0x00007ff7eedad000 	C:\Users\HP\.jdks\corretto-17.0.7\bin\java.exe
0x00007ffee9b50000 - 0x00007ffee9d48000 	C:\Windows\SYSTEM32\ntdll.dll
0x00007ffee90d0000 - 0x00007ffee918f000 	C:\Windows\System32\KERNEL32.DLL
0x00007ffee7790000 - 0x00007ffee7a86000 	C:\Windows\System32\KERNELBASE.dll
0x00007ffee7410000 - 0x00007ffee7510000 	C:\Windows\System32\ucrtbase.dll
0x00007ffedbcc0000 - 0x00007ffedbcd7000 	C:\Users\HP\.jdks\corretto-17.0.7\bin\jli.dll
0x00007ffee9970000 - 0x00007ffee9b0d000 	C:\Windows\System32\USER32.dll
0x00007ffee76c0000 - 0x00007ffee76e2000 	C:\Windows\System32\win32u.dll
0x00007ffee90a0000 - 0x00007ffee90cc000 	C:\Windows\System32\GDI32.dll
0x00007ffee7a90000 - 0x00007ffee7ba5000 	C:\Windows\System32\gdi32full.dll
0x00007ffee72c0000 - 0x00007ffee735d000 	C:\Windows\System32\msvcp_win.dll
0x00007ffeced70000 - 0x00007ffeced85000 	C:\Users\HP\.jdks\corretto-17.0.7\bin\VCRUNTIME140.dll
0x00007ffecd150000 - 0x00007ffecd3ea000 	C:\Windows\WinSxS\amd64_microsoft.windows.common-controls_6595b64144ccf1df_6.0.19041.1110_none_60b5254171f9507e\COMCTL32.dll
0x00007ffee8310000 - 0x00007ffee83ae000 	C:\Windows\System32\msvcrt.dll
0x00007ffee8600000 - 0x00007ffee8630000 	C:\Windows\System32\IMM32.DLL
0x00007ffec1e20000 - 0x00007ffec1ebb000 	C:\Users\HP\.jdks\corretto-17.0.7\bin\msvcp140.dll
0x00007ffea5510000 - 0x00007ffea612a000 	C:\Users\HP\.jdks\corretto-17.0.7\bin\server\jvm.dll
0x00007ffee8630000 - 0x00007ffee86df000 	C:\Windows\System32\ADVAPI32.dll
0x00007ffee8560000 - 0x00007ffee85fc000 	C:\Windows\System32\sechost.dll
0x00007ffee7d70000 - 0x00007ffee7e96000 	C:\Windows\System32\RPCRT4.dll
0x00007ffee0fa0000 - 0x00007ffee0fa9000 	C:\Windows\SYSTEM32\WSOCK32.dll
0x00007ffee8e70000 - 0x00007ffee8edb000 	C:\Windows\System32\WS2_32.dll
0x00007ffecca00000 - 0x00007ffecca27000 	C:\Windows\SYSTEM32\WINMM.dll
0x00007ffedb320000 - 0x00007ffedb32a000 	C:\Windows\SYSTEM32\VERSION.dll
0x00007ffee5a20000 - 0x00007ffee5a32000 	C:\Windows\SYSTEM32\kernel.appcore.dll
0x00007ffedf290000 - 0x00007ffedf29a000 	C:\Users\HP\.jdks\corretto-17.0.7\bin\jimage.dll
0x00007ffee1f40000 - 0x00007ffee2124000 	C:\Windows\SYSTEM32\DBGHELP.DLL
0x00007ffecec70000 - 0x00007ffececa4000 	C:\Windows\SYSTEM32\dbgcore.DLL
0x00007ffee7230000 - 0x00007ffee72b2000 	C:\Windows\System32\bcryptPrimitives.dll
0x00007ffedf230000 - 0x00007ffedf23e000 	C:\Users\HP\.jdks\corretto-17.0.7\bin\instrument.dll
0x00007ffeca980000 - 0x00007ffeca9a5000 	C:\Users\HP\.jdks\corretto-17.0.7\bin\java.dll
0x00007ffebaa40000 - 0x00007ffebab16000 	C:\Users\HP\.jdks\corretto-17.0.7\bin\jsvml.dll
0x00007ffee9190000 - 0x00007ffee98d4000 	C:\Windows\System32\SHELL32.dll
0x00007ffee2130000 - 0x00007ffee28c4000 	C:\Windows\SYSTEM32\windows.storage.dll
0x00007ffee8890000 - 0x00007ffee8be4000 	C:\Windows\System32\combase.dll
0x00007ffee6ab0000 - 0x00007ffee6ade000 	C:\Windows\SYSTEM32\Wldp.dll
0x00007ffee8f90000 - 0x00007ffee903d000 	C:\Windows\System32\SHCORE.dll
0x00007ffee9040000 - 0x00007ffee9095000 	C:\Windows\System32\shlwapi.dll
0x00007ffee7160000 - 0x00007ffee7185000 	C:\Windows\SYSTEM32\profapi.dll
0x00007ffec7110000 - 0x00007ffec7128000 	C:\Users\HP\.jdks\corretto-17.0.7\bin\zip.dll
0x00007ffeca7f0000 - 0x00007ffeca809000 	C:\Users\HP\.jdks\corretto-17.0.7\bin\net.dll
0x00007ffed8570000 - 0x00007ffed867a000 	C:\Windows\SYSTEM32\WINHTTP.dll
0x00007ffee6890000 - 0x00007ffee68fa000 	C:\Windows\system32\mswsock.dll
0x00007ffec73c0000 - 0x00007ffec73d5000 	C:\Users\HP\.jdks\corretto-17.0.7\bin\nio.dll
0x00007ffedd130000 - 0x00007ffedd14a000 	C:\Program Files\JetBrains\IntelliJ IDEA Community Edition 2021.3.2\bin\breakgen64.dll
0x00007ffea90e0000 - 0x00007ffea9289000 	C:\Users\HP\.jdks\corretto-17.0.7\bin\awt.dll
0x00007ffee87c0000 - 0x00007ffee888d000 	C:\Windows\System32\OLEAUT32.dll
0x00007ffee0ec0000 - 0x00007ffee0f51000 	C:\Windows\SYSTEM32\apphelp.dll
0x00007ffee1180000 - 0x00007ffee121e000 	C:\Windows\system32\uxtheme.dll
0x00007ffee8440000 - 0x00007ffee8554000 	C:\Windows\System32\MSCTF.dll
0x00007ffee8c00000 - 0x00007ffee8d2a000 	C:\Windows\System32\ole32.dll
0x00007ffee1320000 - 0x00007ffee134f000 	C:\Windows\system32\DWMAPI.DLL
0x00007ffeb5d50000 - 0x00007ffeb5e75000 	C:\Windows\system32\opengl32.dll
0x00007ffeb67f0000 - 0x00007ffeb681c000 	C:\Windows\SYSTEM32\GLU32.dll
0x00007ffee6af0000 - 0x00007ffee6b08000 	C:\Windows\SYSTEM32\CRYPTSP.dll
0x00007ffee61d0000 - 0x00007ffee6204000 	C:\Windows\system32\rsaenh.dll
0x00007ffee7760000 - 0x00007ffee7787000 	C:\Windows\System32\bcrypt.dll
0x00007ffee7120000 - 0x00007ffee714e000 	C:\Windows\SYSTEM32\USERENV.dll
0x00007ffee6a20000 - 0x00007ffee6a2c000 	C:\Windows\SYSTEM32\CRYPTBASE.dll
0x00007ffee65a0000 - 0x00007ffee65dc000 	C:\Windows\SYSTEM32\IPHLPAPI.DLL
0x00007ffee7d60000 - 0x00007ffee7d68000 	C:\Windows\System32\NSI.dll
0x00007ffeda430000 - 0x00007ffeda447000 	C:\Windows\SYSTEM32\dhcpcsvc6.DLL
0x00007ffed8d80000 - 0x00007ffed8d9d000 	C:\Windows\SYSTEM32\dhcpcsvc.DLL
0x00007ffee65e0000 - 0x00007ffee66aa000 	C:\Windows\SYSTEM32\DNSAPI.dll
0x00007ffe9d3a0000 - 0x00007ffe9e3ec000 	C:\Users\HP\.skiko\0de0d8dd8554d9bb66cfca3837db6514ff9b71080e998917280a3b777460a416\skiko-windows-x64.dll
0x00007ffeba3d0000 - 0x00007ffeba453000 	C:\Users\HP\.jdks\corretto-17.0.7\bin\freetype.dll
0x00007ffeb9a50000 - 0x00007ffeb9b12000 	C:\Users\HP\.jdks\corretto-17.0.7\bin\fontmanager.dll
0x00007ffedd5a0000 - 0x00007ffedd5a7000 	C:\Users\HP\.jdks\corretto-17.0.7\bin\jawt.dll
0x00007ffee5a90000 - 0x00007ffee5b83000 	C:\Windows\SYSTEM32\Dxgi.dll
0x00007ffedc060000 - 0x00007ffedc080000 	C:\Windows\SYSTEM32\D3D12.dll
0x00007ffea4fe0000 - 0x00007ffea51ad000 	C:\Windows\SYSTEM32\D3D12Core.dll
0x00007ffeda9e0000 - 0x00007ffedaa1b000 	C:\Windows\SYSTEM32\dxcore.dll
0x00007ffee7670000 - 0x00007ffee76be000 	C:\Windows\System32\cfgmgr32.dll
0x00007ffed4390000 - 0x00007ffed6fa9000 	C:\Windows\System32\DriverStore\FileRepository\igdlh64.inf_amd64_e6daaea9afe1e6f6\igc64.dll
0x00007ffe72ab0000 - 0x00007ffe73f83000 	C:\Windows\System32\DriverStore\FileRepository\igdlh64.inf_amd64_e6daaea9afe1e6f6\igd12umd64.dll
0x00007ffeda000000 - 0x00007ffeda257000 	C:\Windows\System32\DriverStore\FileRepository\igdlh64.inf_amd64_e6daaea9afe1e6f6\igdgmm64.dll
0x00007ffea2920000 - 0x00007ffea2d2b000 	C:\Windows\System32\DriverStore\FileRepository\igdlh64.inf_amd64_e6daaea9afe1e6f6\igdml64.dll
0x00007ffedba30000 - 0x00007ffedba5b000 	C:\Windows\SYSTEM32\D3DSCache.dll
0x00007ffe51780000 - 0x00007ffe55f82000 	C:\Windows\System32\DriverStore\FileRepository\igdlh64.inf_amd64_e6daaea9afe1e6f6\igd12dxva64.dll
0x00007ffee7ea0000 - 0x00007ffee830e000 	C:\Windows\System32\SETUPAPI.dll
0x00007ffe96bf0000 - 0x00007ffe96c17000 	C:\Windows\System32\DriverStore\FileRepository\igdlh64.inf_amd64_e6daaea9afe1e6f6\igdinfo64.dll
0x00007ffeddf50000 - 0x00007ffede157000 	C:\Windows\SYSTEM32\twinapi.appcore.dll
0x00007ffee8ee0000 - 0x00007ffee8f89000 	C:\Windows\System32\clbcatq.dll
0x00007ffe744c0000 - 0x00007ffe75492000 	C:\Windows\System32\DriverStore\FileRepository\igdlh64.inf_amd64_e6daaea9afe1e6f6\ig9icd64.dll
0x00007ffee7090000 - 0x00007ffee70db000 	C:\Windows\SYSTEM32\powrprof.dll
0x00007ffee7070000 - 0x00007ffee7082000 	C:\Windows\SYSTEM32\UMPDC.dll
0x00007ffed2250000 - 0x00007ffed24cf000 	C:\Windows\SYSTEM32\dwrite.dll
0x00007ffed3ec0000 - 0x00007ffed3fb9000 	C:\Windows\SYSTEM32\textinputframework.dll
0x00007ffee0460000 - 0x00007ffee07be000 	C:\Windows\System32\CoreUIComponents.dll
0x00007ffee0b40000 - 0x00007ffee0c32000 	C:\Windows\System32\CoreMessaging.dll
0x00007ffee62f0000 - 0x00007ffee6323000 	C:\Windows\SYSTEM32\ntmarta.dll
0x00007ffedf450000 - 0x00007ffedf5a4000 	C:\Windows\SYSTEM32\wintypes.dll
0x00007ffe60f60000 - 0x00007ffe61812000 	C:\Users\HP\AppData\Local\io-realm-kotlin\f7113120ba00ba1ff91d696eecd3919e85a4e34e\realmc.dll
0x00007ffee7510000 - 0x00007ffee766e000 	C:\Windows\System32\CRYPT32.dll

dbghelp: loaded successfully - version: 4.0.5 - missing functions: none
symbol engine: initialized successfully - sym options: 0x614 - pdb path: .;C:\Users\HP\.jdks\corretto-17.0.7\bin;C:\Windows\SYSTEM32;C:\Windows\WinSxS\amd64_microsoft.windows.common-controls_6595b64144ccf1df_6.0.19041.1110_none_60b5254171f9507e;C:\Users\HP\.jdks\corretto-17.0.7\bin\server;C:\Program Files\JetBrains\IntelliJ IDEA Community Edition 2021.3.2\bin;C:\Users\HP\.skiko\0de0d8dd8554d9bb66cfca3837db6514ff9b71080e998917280a3b777460a416;C:\Windows\System32\DriverStore\FileRepository\igdlh64.inf_amd64_e6daaea9afe1e6f6;C:\Users\HP\AppData\Local\io-realm-kotlin\f7113120ba00ba1ff91d696eecd3919e85a4e34e

VM Arguments:
jvm_args: -Djava.library.path=C:\Users\HP\Desktop\newderar\build\classes\kotlin\jvm\main;C:\Users\HP\Desktop\newderar\build\processedResources\jvm\main -javaagent:C:\Program Files\JetBrains\IntelliJ IDEA Community Edition 2021.3.2\lib\idea_rt.jar=53230:C:\Program Files\JetBrains\IntelliJ IDEA Community Edition 2021.3.2\bin -Dfile.encoding=UTF-8 
java_command: MainKt
java_class_path (initial): C:\Users\HP\Desktop\newderar\build\classes\kotlin\jvm\main;C:\Users\HP\Desktop\newderar\build\processedResources\jvm\main;C:\Users\HP\.gradle\caches\modules-2\files-2.1\io.insert-koin\koin-androidx-compose\3.4.5\ae0a88b7a68d507e651c5a3d70a541594bea54cb\koin-androidx-compose-3.4.5.aar;C:\Users\HP\.gradle\caches\modules-2\files-2.1\androidx.navigation\navigation-compose\2.6.0\3f8ce7b0bad21cced0c47b42b6347c65a6e422c3\navigation-compose-2.6.0.aar;C:\Users\HP\.gradle\caches\modules-2\files-2.1\org.jetbrains.kotlin\kotlin-stdlib-jdk8\1.8.21\67f57e154437cd9e6e9cf368394b95814836ff88\kotlin-stdlib-jdk8-1.8.21.jar;C:\Users\HP\.gradle\caches\modules-2\files-2.1\org.apache.poi\poi-ooxml\4.1.2\87d9a22aa9a7dd26e80c360e709f7ee02e32ab3b\poi-ooxml-4.1.2.jar;C:\Users\HP\.gradle\caches\modules-2\files-2.1\org.apache.poi\poi\4.1.2\964bf41cf68bce08e4ef6b2279b559fdf8d454f4\poi-4.1.2.jar;C:\Users\HP\.gradle\caches\modules-2\files-2.1\org.lwjgl\lwjgl-nfd\3.3.1\622318116996ddcff449b46cb38f0fdee39b8ac3\lwjgl-nfd-3.3.1.jar;C:\Users\HP\.gradle\caches\modules-2\files-2.1\org.lwjgl\lwjgl-nfd\3.3.1\2e007667e04ed3281152ae5c6e677fb1c2211691\lwjgl-nfd-3.3.1-natives-linux.jar;C:\Users\HP\.gradle\caches\modules-2\files-2.1\org.lwjgl\lwjgl\3.3.1\ae58664f88e18a9bb2c77b063833ca7aaec484cb\lwjgl-3.3.1.jar;C:\Users\HP\.gradle\caches\modules-2\files-2.1\io.insert-koin\koin-android\3.4.0\48715fbe06102a59a30bd45b06ed2400c16c6f45\koin-android-3.4.0.aar;C:\Users\HP\.gradle\caches\modules-2\files-2.1\org.lwjgl\lwjgl-nfd\3.3.1\b3e04e317f55dd738d8a345cdafd15b39f85a2ea\lwjgl-nfd-3.3.1-natives-linux-arm32.jar;C:\Users\HP\.gradle\caches\modules-2\files-2.1\androidx.lifecycle\lifecycle-viewmodel-compose\2.6.1\38cf3bb65ff3e0e5c3d63de2ebf5411d0898108c\lifecycle-viewmodel-compose-2.6.1.aar;C:\Users\HP\.gradle\caches\modules-2\files-2.1\org.lwjgl\lwjgl-nfd\3.3.1\f41dc62336f7ee4ab35705cfa440cc903d199165\lwjgl-nfd-3.3.1-natives-linux-arm64.jar;C:\Users\HP\.gradle\caches\modules-2\files-2.1\androi
Launcher Type: SUN_STANDARD

[Global flags]
     intx CICompilerCount                          = 3                                         {product} {ergonomic}
     uint ConcGCThreads                            = 1                                         {product} {ergonomic}
     uint G1ConcRefinementThreads                  = 4                                         {product} {ergonomic}
   size_t G1HeapRegionSize                         = 2097152                                   {product} {ergonomic}
    uintx GCDrainStackTargetSize                   = 64                                        {product} {ergonomic}
   size_t InitialHeapSize                          = 266338304                                 {product} {ergonomic}
   size_t MarkStackSize                            = 4194304                                   {product} {ergonomic}
   size_t MaxHeapSize                              = 4255121408                                {product} {ergonomic}
   size_t MaxNewSize                               = 2552233984                                {product} {ergonomic}
   size_t MinHeapDeltaBytes                        = 2097152                                   {product} {ergonomic}
   size_t MinHeapSize                              = 8388608                                   {product} {ergonomic}
    uintx NonNMethodCodeHeapSize                   = 5832780                                {pd product} {ergonomic}
    uintx NonProfiledCodeHeapSize                  = 122912730                              {pd product} {ergonomic}
    uintx ProfiledCodeHeapSize                     = 122912730                              {pd product} {ergonomic}
    uintx ReservedCodeCacheSize                    = 251658240                              {pd product} {ergonomic}
     bool SegmentedCodeCache                       = true                                      {product} {ergonomic}
   size_t SoftMaxHeapSize                          = 4255121408                             {manageable} {ergonomic}
     bool UseCompressedClassPointers               = true                           {product lp64_product} {ergonomic}
     bool UseCompressedOops                        = true                           {product lp64_product} {ergonomic}
     bool UseG1GC                                  = true                                      {product} {ergonomic}
     bool UseLargePagesIndividualAllocation        = false                                  {pd product} {ergonomic}

Logging:
Log output configuration:
 #0: stdout all=warning uptime,level,tags
 #1: stderr all=off uptime,level,tags

Environment Variables:
PATH=C:\Program Files\Common Files\Oracle\Java\javapath;C:\Program Files (x86)\Common Files\Oracle\Java\javapath;C:\Windows\system32;C:\Windows;C:\Windows\System32\Wbem;C:\Windows\System32\WindowsPowerShell\v1.0\;C:\Windows\System32\OpenSSH\;C:\xampp\php;C:\ProgramData\ComposerSetup\bin;C:\Program Files\nodejs\;C:\Program Files (x86)\Intel\Intel(R) Management Engine Components\DAL;C:\Program Files\Intel\Intel(R) Management Engine Components\DAL;C:\Program Files\Git\cmd;C:\Program Files\Fortect;C:\Users\HP\AppData\Local\Microsoft\WindowsApps;C:\Program Files\JetBrains\IntelliJ IDEA Community Edition 2021.3.2\bin;C:\Users\HP\AppData\Local\Programs\Microsoft VS Code\bin;C:\Users\HP\AppData\Local\JetBrains\Toolbox\scripts;C:\Users\HP\AppData\Local\GitHubDesktop\bin;C:\Users\HP\Desktop\camp\flutter_windows_3.7.6-stable\flutter\bin;C:\Users\HP\AppData\Roaming\Composer\vendor\bin;C:\Users\HP\AppData\Roaming\npm
USERNAME=HP
OS=Windows_NT
PROCESSOR_IDENTIFIER=Intel64 Family 6 Model 142 Stepping 9, GenuineIntel
TMP=C:\Users\HP\AppData\Local\Temp
TEMP=C:\Users\HP\AppData\Local\Temp



---------------  S Y S T E M  ---------------

OS:
 Windows 10 , 64 bit Build 19041 (10.0.19041.3155)
OS uptime: 2 days 13:59 hours
Hyper-V role detected

CPU: total 4 (initial active 4) (2 cores per cpu, 2 threads per core) family 6 model 142 stepping 9 microcode 0xf2, cx8, cmov, fxsr, ht, mmx, 3dnowpref, sse, sse2, sse3, ssse3, sse4.1, sse4.2, popcnt, lzcnt, tsc, tscinvbit, avx, avx2, aes, erms, clmul, bmi1, bmi2, rtm, adx, fma, vzeroupper, clflush, clflushopt, hv

Memory: 4k page, system-wide physical 16224M (5533M free)
TotalPageFile size 32096M (AvailPageFile size 19763M)
current process WorkingSet (physical memory assigned to process): 281M, peak: 334M
current process commit charge ("private bytes"): 290M, peak: 430M

vm_info: OpenJDK 64-Bit Server VM (17.0.7+7-LTS) for windows-amd64 JRE (17.0.7+7-LTS), built on Apr 14 2023 01:39:21 by "Administrator" with MS VC++ 15.9 (VS2017)

END.
