#
# A fatal error has been detected by the Java Runtime Environment:
#
#  EXCEPTION_ACCESS_VIOLATION (0xc0000005) at pc=0x00007ffa6337ebe3, pid=6224, tid=19928
#
# JRE version: OpenJDK Runtime Environment Corretto-17.0.7.7.1 (17.0.7+7) (build 17.0.7+7-LTS)
# Java VM: OpenJDK 64-Bit Server VM Corretto-17.0.7.7.1 (17.0.7+7-LTS, mixed mode, sharing, tiered, compressed oops, compressed class ptrs, g1 gc, windows-amd64)
# Problematic frame:
# C  [ig9icd64.dll+0x9bebe3]
#
# No core dump will be written. Minidumps are not enabled by default on client versions of Windows
#
# If you would like to submit a bug report, please visit:
#   https://github.com/corretto/corretto-17/issues/
# The crash happened outside the Java Virtual Machine in native code.
# See problematic frame for where to report the bug.
#

---------------  S U M M A R Y ------------

Command Line: -Djava.library.path=C:\Users\HP\Desktop\demo-compose-desktop\build\classes\kotlin\jvm\main;C:\Users\HP\Desktop\demo-compose-desktop\build\processedResources\jvm\main -javaagent:C:\Program Files\JetBrains\IntelliJ IDEA Community Edition 2021.3.2\lib\idea_rt.jar=56315:C:\Program Files\JetBrains\IntelliJ IDEA Community Edition 2021.3.2\bin -Dfile.encoding=UTF-8 MainKt

Host: Intel(R) Core(TM) i5-7300U CPU @ 2.60GHz, 4 cores, 15G,  Windows 10 , 64 bit Build 19041 (10.0.19041.3155)
Time: Wed Jul 12 14:57:41 2023 Libya Standard Time elapsed time: 18.525770 seconds (0d 0h 0m 18s)

---------------  T H R E A D  ---------------

Current thread (0x000001d9b2cca250):  JavaThread "AWT-EventQueue-0" [_thread_in_native, id=19928, stack(0x0000007c33f00000,0x0000007c34000000)]

Stack: [0x0000007c33f00000,0x0000007c34000000],  sp=0x0000007c33ffc9b8,  free space=1010k
Native frames: (J=compiled Java code, j=interpreted, Vv=VM code, C=native code)
C  [ig9icd64.dll+0x9bebe3]

Java frames: (J=compiled Java code, j=interpreted, Vv=VM code)
J 4384  org.jetbrains.skia.DirectContextKt.DirectContext_nFlush(J)V (0 bytes) @ 0x000001d99f1c8169 [0x000001d99f1c8120+0x0000000000000049]
J 4381 c1 org.jetbrains.skiko.context.ContextHandler.flush()V (17 bytes) @ 0x000001d997d044dc [0x000001d997d04360+0x000000000000017c]
J 4379 c1 org.jetbrains.skiko.context.ContextHandler.draw()V (91 bytes) @ 0x000001d997d004e4 [0x000001d997cff9e0+0x0000000000000b04]
J 4389 c1 org.jetbrains.skiko.redrawer.WindowsOpenGLRedrawer.draw()V (288 bytes) @ 0x000001d997d0673c [0x000001d997d06020+0x000000000000071c]
J 4135 c1 org.jetbrains.skiko.redrawer.WindowsOpenGLRedrawer$Companion$frameDispatcher$1.invokeSuspend(Ljava/lang/Object;)Ljava/lang/Object; (379 bytes) @ 0x000001d997c6c1f4 [0x000001d997c6ae80+0x0000000000001374]
J 4320 c1 org.jetbrains.skiko.redrawer.WindowsOpenGLRedrawer$Companion$frameDispatcher$1.invoke(Ljava/lang/Object;)Ljava/lang/Object; (9 bytes) @ 0x000001d997cd9c84 [0x000001d997cd9720+0x0000000000000564]
J 4126 c1 org.jetbrains.skiko.FrameDispatcher$job$1.invokeSuspend(Ljava/lang/Object;)Ljava/lang/Object; (156 bytes) @ 0x000001d997c65dc4 [0x000001d997c65420+0x00000000000009a4]
J 4326 c2 kotlin.coroutines.jvm.internal.BaseContinuationImpl.resumeWith(Ljava/lang/Object;)V (128 bytes) @ 0x000001d99f1bbff4 [0x000001d99f1bbfa0+0x0000000000000054]
J 4350 c2 kotlinx.coroutines.DispatchedTask.run()V (571 bytes) @ 0x000001d99f1c25ac [0x000001d99f1c2220+0x000000000000038c]
J 2362 c1 java.awt.event.InvocationEvent.dispatch()V java.desktop@17.0.7 (69 bytes) @ 0x000001d997915d9c [0x000001d997915b80+0x000000000000021c]
J 3347 c1 java.awt.EventQueue.dispatchEventImpl(Ljava/awt/AWTEvent;Ljava/lang/Object;)V java.desktop@17.0.7 (136 bytes) @ 0x000001d997acffdc [0x000001d997ace4e0+0x0000000000001afc]
J 3354 c1 java.awt.EventQueue$4.run()Ljava/lang/Void; java.desktop@17.0.7 (60 bytes) @ 0x000001d997ad8ca4 [0x000001d997ad8b60+0x0000000000000144]
J 2178 c1 java.awt.EventQueue.dispatchEvent(Ljava/awt/AWTEvent;)V java.desktop@17.0.7 (80 bytes) @ 0x000001d9978a1f24 [0x000001d9978a1960+0x00000000000005c4]
J 3348 c1 java.awt.EventDispatchThread.pumpOneEventForFilters(I)V java.desktop@17.0.7 (113 bytes) @ 0x000001d997ad98c4 [0x000001d997ad9280+0x0000000000000644]
j  java.awt.EventDispatchThread.pumpEventsForFilter(ILjava/awt/Conditional;Ljava/awt/EventFilter;)V+35 java.desktop@17.0.7
j  java.awt.EventDispatchThread.pumpEventsForHierarchy(ILjava/awt/Conditional;Ljava/awt/Component;)V+11 java.desktop@17.0.7
j  java.awt.EventDispatchThread.pumpEvents(ILjava/awt/Conditional;)V+4 java.desktop@17.0.7
j  java.awt.EventDispatchThread.pumpEvents(Ljava/awt/Conditional;)V+3 java.desktop@17.0.7
j  java.awt.EventDispatchThread.run()V+9 java.desktop@17.0.7
v  ~StubRoutines::call_stub

siginfo: EXCEPTION_ACCESS_VIOLATION (0xc0000005), reading address 0x00007ffda35a1110


Register to memory mapping:

RIP=0x00007ffa6337ebe3 ig9icd64.dll
RAX=0x000000000fff0fff is an unknown value
RBX=0x00007ffa629c0000 ig9icd64.dll
RCX=0x000000033fcf3fcc is an unknown value
RDX=0x0000007c33ffced0 is pointing into the stack for thread: 0x000001d9b2cca250
RSP=0x0000007c33ffc9b8 is pointing into the stack for thread: 0x000001d9b2cca250
RBP=0x0000007c33ffcac0 is pointing into the stack for thread: 0x000001d9b2cca250
RSI=0x000001d9b89e9200 points into unknown readable memory: 0x000001d9b87719c0 | c0 19 77 b8 d9 01 00 00
RDI=0x0000007c33ffccc0 is pointing into the stack for thread: 0x000001d9b2cca250
R8 =0x0000007c33ffcaf0 is pointing into the stack for thread: 0x000001d9b2cca250
R9 =0x0000007c33ffced0 is pointing into the stack for thread: 0x000001d9b2cca250
R10=0x0000007c33ffccc0 is pointing into the stack for thread: 0x000001d9b2cca250
R11=0x0 is NULL
R12=0x00007ffa637f15e0 ig9icd64.dll
R13=0x0 is NULL
R14=0x0 is NULL
R15=0x00000000000001c1 is an unknown value


Registers:
RAX=0x000000000fff0fff, RBX=0x00007ffa629c0000, RCX=0x000000033fcf3fcc, RDX=0x0000007c33ffced0
RSP=0x0000007c33ffc9b8, RBP=0x0000007c33ffcac0, RSI=0x000001d9b89e9200, RDI=0x0000007c33ffccc0
R8 =0x0000007c33ffcaf0, R9 =0x0000007c33ffced0, R10=0x0000007c33ffccc0, R11=0x0000000000000000
R12=0x00007ffa637f15e0, R13=0x0000000000000000, R14=0x0000000000000000, R15=0x00000000000001c1
RIP=0x00007ffa6337ebe3, EFLAGS=0x0000000000010206

Top of Stack: (sp=0x0000007c33ffc9b8)
0x0000007c33ffc9b8:   00007ffa6337c31b 0000000000000001
0x0000007c33ffc9c8:   0000000000000000 000001d9b22e9200
0x0000007c33ffc9d8:   00007ffad7ac2622 0000007c00000065
0x0000007c33ffc9e8:   0000007c33ffcbf0 0000000000000000
0x0000007c33ffc9f8:   000001d9c175f650 0000000000000000
0x0000007c33ffca08:   000001d9c1763ea0 000001d9b22e9230
0x0000007c33ffca18:   0000000000001100 0000000000000000
0x0000007c33ffca28:   0000000000000000 0000007c33ffcba0
0x0000007c33ffca38:   00007ffa630179c0 0000000000000000
0x0000007c33ffca48:   0000000000000000 0000000000000000
0x0000007c33ffca58:   0000000000000000 000052c6b7d0dbf0
0x0000007c33ffca68:   00007ffa629d6555 000001d9b22e9230
0x0000007c33ffca78:   0000000000000001 0000000000000000
0x0000007c33ffca88:   00007ffae8e9b86b 0000000000840112
0x0000007c33ffca98:   000000000000008f 000001d9b8de5fd0
0x0000007c33ffcaa8:   0000000000000000 0000000000000000 

Instructions: (pc=0x00007ffa6337ebe3)
0x00007ffa6337eae3:   c1 75 31 00 48 89 51 08 48 89 01 8b 44 24 28 89
0x00007ffa6337eaf3:   41 20 8b 44 24 30 89 41 24 48 8b c1 4c 89 41 10
0x00007ffa6337eb03:   4c 89 49 18 c3 cc cc cc cc cc cc cc cc 48 89 5c
0x00007ffa6337eb13:   24 08 8b 41 5c 48 8d 1d e1 14 64 ff 41 89 40 08
0x00007ffa6337eb23:   4c 8b d1 8b 41 60 45 33 db 41 89 40 0c 4c 8b ca
0x00007ffa6337eb33:   8b 41 64 41 89 40 10 8b 41 68 41 89 40 14 8b 41
0x00007ffa6337eb43:   6c 41 89 40 18 8b 41 70 41 89 40 1c 48 63 41 74
0x00007ffa6337eb53:   48 6b c8 34 8b 84 19 44 d1 ee 00 41 89 40 20 8b
0x00007ffa6337eb63:   84 19 48 d1 ee 00 41 89 40 24 8b 84 19 4c d1 ee
0x00007ffa6337eb73:   00 41 89 40 28 8b 84 19 50 d1 ee 00 41 89 40 2c
0x00007ffa6337eb83:   8b 84 19 34 d1 ee 00 41 89 40 30 8b 84 19 38 d1
0x00007ffa6337eb93:   ee 00 41 89 40 34 8b 84 19 3c d1 ee 00 41 89 40
0x00007ffa6337eba3:   38 8b 84 19 40 d1 ee 00 41 89 40 3c 8b 84 19 24
0x00007ffa6337ebb3:   d1 ee 00 41 89 40 40 8b 84 19 28 d1 ee 00 41 89
0x00007ffa6337ebc3:   40 44 8b 84 19 2c d1 ee 00 41 89 40 48 8b 84 19
0x00007ffa6337ebd3:   30 d1 ee 00 41 89 40 4c 49 63 42 78 48 6b c8 34
0x00007ffa6337ebe3:   8b 84 19 44 d1 ee 00 41 89 40 50 8b 84 19 48 d1
0x00007ffa6337ebf3:   ee 00 41 89 40 54 8b 84 19 4c d1 ee 00 41 89 40
0x00007ffa6337ec03:   58 8b 84 19 50 d1 ee 00 41 89 40 5c 8b 84 19 34
0x00007ffa6337ec13:   d1 ee 00 41 89 40 60 8b 84 19 38 d1 ee 00 41 89
0x00007ffa6337ec23:   40 64 8b 84 19 3c d1 ee 00 41 89 40 68 8b 84 19
0x00007ffa6337ec33:   40 d1 ee 00 41 89 40 6c 8b 84 19 24 d1 ee 00 41
0x00007ffa6337ec43:   89 40 70 8b 84 19 28 d1 ee 00 41 89 40 74 8b 84
0x00007ffa6337ec53:   19 2c d1 ee 00 41 89 40 78 8b 84 19 30 d1 ee 00
0x00007ffa6337ec63:   41 89 40 7c 48 8b 42 18 8b 88 38 0b 00 00 f6 c1
0x00007ffa6337ec73:   08 0f 84 86 00 00 00 8b 80 3c 0b 00 00 41 89 80
0x00007ffa6337ec83:   80 00 00 00 48 8b 42 18 8b 88 40 0b 00 00 41 89
0x00007ffa6337ec93:   88 84 00 00 00 48 8b 42 18 8b 88 44 0b 00 00 41
0x00007ffa6337eca3:   89 88 88 00 00 00 48 8b 42 18 8b 88 48 0b 00 00
0x00007ffa6337ecb3:   41 89 88 8c 00 00 00 48 8b 42 18 8b 88 4c 0b 00
0x00007ffa6337ecc3:   00 41 89 88 90 00 00 00 48 8b 42 18 8b 88 50 0b
0x00007ffa6337ecd3:   00 00 41 89 88 94 00 00 00 48 8b 42 18 8b 88 54 


Stack slot to memory mapping:
stack at sp + 0 slots: 0x00007ffa6337c31b ig9icd64.dll
stack at sp + 1 slots: 0x0000000000000001 is an unknown value
stack at sp + 2 slots: 0x0 is NULL
stack at sp + 3 slots: 0x000001d9b22e9200 points into unknown readable memory: 0x0000000000000000 | 00 00 00 00 00 00 00 00
stack at sp + 4 slots: 0x00007ffad7ac2622 igdgmm64.dll
stack at sp + 5 slots: 0x0000007c00000065 is an unknown value
stack at sp + 6 slots: 0x0000007c33ffcbf0 is pointing into the stack for thread: 0x000001d9b2cca250
stack at sp + 7 slots: 0x0 is NULL


---------------  P R O C E S S  ---------------

Threads class SMR info:
_java_thread_list=0x000001d9b229e050, length=30, elements={
0x000001d98f9eadc0, 0x000001d9b20944f0, 0x000001d9b2095360, 0x000001d9b20a7990,
0x000001d9b20ac460, 0x000001d9b20af6c0, 0x000001d9b20b0070, 0x000001d9b20b0e00,
0x000001d9b20b48c0, 0x000001d9b20b74d0, 0x000001d9b2370020, 0x000001d9b24d7200,
0x000001d9b24d76d0, 0x000001d9b22b59f0, 0x000001d9b2d02020, 0x000001d9b2cd0540,
0x000001d9b2cca250, 0x000001d9b71d1240, 0x000001d9b2dbdaa0, 0x000001d9b2dbdf70,
0x000001d9b776c3a0, 0x000001d9b776d210, 0x000001d9b776e080, 0x000001d9b776ea20,
0x000001d9c1f1b520, 0x000001d9c1f228a0, 0x000001d9c1f1f880, 0x000001d9c1f21560,
0x000001d9c1f1ea10, 0x000001d9c1f1d6d0
}

Java Threads: ( => current thread )
  0x000001d98f9eadc0 JavaThread "main" [_thread_blocked, id=12420, stack(0x0000007c32e00000,0x0000007c32f00000)]
  0x000001d9b20944f0 JavaThread "Reference Handler" daemon [_thread_blocked, id=480, stack(0x0000007c33500000,0x0000007c33600000)]
  0x000001d9b2095360 JavaThread "Finalizer" daemon [_thread_blocked, id=18248, stack(0x0000007c33600000,0x0000007c33700000)]
  0x000001d9b20a7990 JavaThread "Signal Dispatcher" daemon [_thread_blocked, id=4964, stack(0x0000007c33700000,0x0000007c33800000)]
  0x000001d9b20ac460 JavaThread "Attach Listener" daemon [_thread_blocked, id=11636, stack(0x0000007c33800000,0x0000007c33900000)]
  0x000001d9b20af6c0 JavaThread "Service Thread" daemon [_thread_blocked, id=19576, stack(0x0000007c33900000,0x0000007c33a00000)]
  0x000001d9b20b0070 JavaThread "Monitor Deflation Thread" daemon [_thread_blocked, id=19192, stack(0x0000007c33a00000,0x0000007c33b00000)]
  0x000001d9b20b0e00 JavaThread "C2 CompilerThread0" daemon [_thread_blocked, id=16024, stack(0x0000007c33b00000,0x0000007c33c00000)]
  0x000001d9b20b48c0 JavaThread "C1 CompilerThread0" daemon [_thread_blocked, id=15976, stack(0x0000007c33c00000,0x0000007c33d00000)]
  0x000001d9b20b74d0 JavaThread "Sweeper thread" daemon [_thread_blocked, id=10516, stack(0x0000007c33d00000,0x0000007c33e00000)]
  0x000001d9b2370020 JavaThread "Common-Cleaner" daemon [_thread_blocked, id=10696, stack(0x0000007c33e00000,0x0000007c33f00000)]
  0x000001d9b24d7200 JavaThread "Monitor Ctrl-Break" daemon [_thread_in_native, id=12052, stack(0x0000007c34000000,0x0000007c34100000)]
  0x000001d9b24d76d0 JavaThread "Notification Thread" daemon [_thread_blocked, id=11208, stack(0x0000007c34100000,0x0000007c34200000)]
  0x000001d9b22b59f0 JavaThread "Java2D Disposer" daemon [_thread_blocked, id=4660, stack(0x0000007c34700000,0x0000007c34800000)]
  0x000001d9b2d02020 JavaThread "AWT-Shutdown" [_thread_blocked, id=2628, stack(0x0000007c34800000,0x0000007c34900000)]
  0x000001d9b2cd0540 JavaThread "AWT-Windows" daemon [_thread_in_native, id=17936, stack(0x0000007c34600000,0x0000007c34700000)]
=>0x000001d9b2cca250 JavaThread "AWT-EventQueue-0" [_thread_in_native, id=19928, stack(0x0000007c33f00000,0x0000007c34000000)]
  0x000001d9b71d1240 JavaThread "Reference Cleaner" daemon [_thread_blocked, id=18892, stack(0x0000007c34a00000,0x0000007c34b00000)]
  0x000001d9b2dbdaa0 JavaThread "DefaultDispatcher-worker-1" daemon [_thread_blocked, id=10600, stack(0x0000007c34b00000,0x0000007c34c00000)]
  0x000001d9b2dbdf70 JavaThread "DefaultDispatcher-worker-2" daemon [_thread_blocked, id=18468, stack(0x0000007c34c00000,0x0000007c34d00000)]
  0x000001d9b776c3a0 JavaThread "DefaultDispatcher-worker-3" daemon [_thread_blocked, id=5720, stack(0x0000007c34d00000,0x0000007c34e00000)]
  0x000001d9b776d210 JavaThread "kotlinx.coroutines.DefaultExecutor" daemon [_thread_blocked, id=3464, stack(0x0000007c34e00000,0x0000007c34f00000)]
  0x000001d9b776e080 JavaThread "TimerQueue" daemon [_thread_blocked, id=3092, stack(0x0000007c34900000,0x0000007c34a00000)]
  0x000001d9b776ea20 JavaThread "RealmFinalizingDaemon" daemon [_thread_blocked, id=16104, stack(0x0000007c35400000,0x0000007c35500000)]
  0x000001d9c1f1b520 JavaThread "core-notifier" daemon [_thread_in_native, id=14716, stack(0x0000007c35600000,0x0000007c35700000)]
  0x000001d9c1f228a0 JavaThread "DefaultDispatcher-worker-4" daemon [_thread_blocked, id=4344, stack(0x0000007c35800000,0x0000007c35900000)]
  0x000001d9c1f1f880 JavaThread "DefaultDispatcher-worker-5" daemon [_thread_blocked, id=18148, stack(0x0000007c35900000,0x0000007c35a00000)]
  0x000001d9c1f21560 JavaThread "DefaultDispatcher-worker-6" daemon [_thread_blocked, id=17808, stack(0x0000007c35a00000,0x0000007c35b00000)]
  0x000001d9c1f1ea10 JavaThread "SIGINT handler" daemon [_thread_blocked, id=5820, stack(0x0000007c35200000,0x0000007c35300000)]
  0x000001d9c1f1d6d0 JavaThread "ToolkitShutdown" daemon [_thread_in_native, id=10720, stack(0x0000007c35c00000,0x0000007c35d00000)]

Other Threads:
  0x000001d9b208cce0 VMThread "VM Thread" [stack: 0x0000007c33400000,0x0000007c33500000] [id=12020]
  0x000001d9b2602ba0 WatcherThread [stack: 0x0000007c34200000,0x0000007c34300000] [id=3800]
  0x000001d98fa4ff60 GCTaskThread "GC Thread#0" [stack: 0x0000007c32f00000,0x0000007c33000000] [id=14204]
  0x000001d9b25694d0 GCTaskThread "GC Thread#1" [stack: 0x0000007c34300000,0x0000007c34400000] [id=3320]
  0x000001d9b29b5d20 GCTaskThread "GC Thread#2" [stack: 0x0000007c34400000,0x0000007c34500000] [id=18464]
  0x000001d9b29b5fd0 GCTaskThread "GC Thread#3" [stack: 0x0000007c34500000,0x0000007c34600000] [id=16672]
  0x000001d98fa60c30 ConcurrentGCThread "G1 Main Marker" [stack: 0x0000007c33000000,0x0000007c33100000] [id=2736]
  0x000001d98fa61640 ConcurrentGCThread "G1 Conc#0" [stack: 0x0000007c33100000,0x0000007c33200000] [id=7204]
  0x000001d98fa9ea30 ConcurrentGCThread "G1 Refine#0" [stack: 0x0000007c33200000,0x0000007c33300000] [id=16580]
  0x000001d9b1f44630 ConcurrentGCThread "G1 Service" [stack: 0x0000007c33300000,0x0000007c33400000] [id=19940]

Threads with active compile tasks:

VM state: not at safepoint (normal execution)

VM Mutex/Monitor currently owned by a thread: None

Heap address: 0x0000000702600000, size: 4058 MB, Compressed Oops mode: Zero based, Oop shift amount: 3

CDS archive(s) mapped at: [0x0000000800000000-0x0000000800bc0000-0x0000000800bc0000), size 12320768, SharedBaseAddress: 0x0000000800000000, ArchiveRelocationMode: 0.
Compressed class space mapped at: 0x0000000801000000-0x0000000841000000, reserved size: 1073741824
Narrow klass base: 0x0000000800000000, Narrow klass shift: 0, Narrow klass range: 0x100000000

GC Precious Log:
 CPUs: 4 total, 4 available
 Memory: 16224M
 Large Page Support: Disabled
 NUMA Support: Disabled
 Compressed Oops: Enabled (Zero based)
 Heap Region Size: 2M
 Heap Min Capacity: 8M
 Heap Initial Capacity: 254M
 Heap Max Capacity: 4058M
 Pre-touch: Disabled
 Parallel Workers: 4
 Concurrent Workers: 1
 Concurrent Refinement Workers: 4
 Periodic GC: Disabled

Heap:
 garbage-first heap   total 157696K, used 40217K [0x0000000702600000, 0x0000000800000000)
  region size 2048K, 7 young (14336K), 1 survivors (2048K)
 Metaspace       used 33831K, committed 34048K, reserved 1114112K
  class space    used 3722K, committed 3840K, reserved 1048576K

Heap Regions: E=young(eden), S=young(survivor), O=old, HS=humongous(starts), HC=humongous(continues), CS=collection set, F=free, OA=open archive, CA=closed archive, TAMS=top-at-mark-start (previous, next)
|   0|0x0000000702600000, 0x0000000702800000, 0x0000000702800000|100%|HS|  |TAMS 0x0000000702800000, 0x0000000702800000| Complete 
|   1|0x0000000702800000, 0x0000000702a00000, 0x0000000702a00000|100%| O|  |TAMS 0x0000000702a00000, 0x0000000702a00000| Untracked 
|   2|0x0000000702a00000, 0x0000000702c00000, 0x0000000702c00000|100%| O|  |TAMS 0x0000000702c00000, 0x0000000702c00000| Untracked 
|   3|0x0000000702c00000, 0x0000000702d91800, 0x0000000702e00000| 78%| O|  |TAMS 0x0000000702c00000, 0x0000000702c00000| Untracked 
|   4|0x0000000702e00000, 0x0000000702e00000, 0x0000000703000000|  0%| F|  |TAMS 0x0000000702e00000, 0x0000000702e00000| Untracked 
|   5|0x0000000703000000, 0x0000000703000000, 0x0000000703200000|  0%| F|  |TAMS 0x0000000703000000, 0x0000000703000000| Untracked 
|   6|0x0000000703200000, 0x0000000703200000, 0x0000000703400000|  0%| F|  |TAMS 0x0000000703200000, 0x0000000703200000| Untracked 
|   7|0x0000000703400000, 0x0000000703600000, 0x0000000703600000|100%|HS|  |TAMS 0x0000000703400000, 0x0000000703600000| Complete 
|   8|0x0000000703600000, 0x0000000703800000, 0x0000000703800000|100%|HC|  |TAMS 0x0000000703600000, 0x0000000703800000| Complete 
|   9|0x0000000703800000, 0x0000000703a00000, 0x0000000703a00000|100%|HC|  |TAMS 0x0000000703800000, 0x0000000703a00000| Complete 
|  10|0x0000000703a00000, 0x0000000703c00000, 0x0000000703c00000|100%| O|  |TAMS 0x0000000703a00000, 0x0000000703c00000| Untracked 
|  11|0x0000000703c00000, 0x0000000703e00000, 0x0000000703e00000|100%| O|  |TAMS 0x0000000703c00000, 0x0000000703e00000| Untracked 
|  12|0x0000000703e00000, 0x0000000704000000, 0x0000000704000000|100%| O|  |TAMS 0x0000000703e00000, 0x0000000703f9d400| Untracked 
|  13|0x0000000704000000, 0x0000000704200000, 0x0000000704200000|100%|HS|  |TAMS 0x0000000704000000, 0x0000000704000000| Complete 
|  14|0x0000000704200000, 0x0000000704400000, 0x0000000704400000|100%|HC|  |TAMS 0x0000000704200000, 0x0000000704200000| Complete 
|  15|0x0000000704400000, 0x0000000704600000, 0x0000000704600000|100%|HC|  |TAMS 0x0000000704400000, 0x0000000704400000| Complete 
|  16|0x0000000704600000, 0x0000000704800000, 0x0000000704800000|100%|HC|  |TAMS 0x0000000704600000, 0x0000000704600000| Complete 
|  17|0x0000000704800000, 0x0000000704800000, 0x0000000704a00000|  0%| F|  |TAMS 0x0000000704800000, 0x0000000704800000| Untracked 
|  18|0x0000000704a00000, 0x0000000704a00000, 0x0000000704c00000|  0%| F|  |TAMS 0x0000000704a00000, 0x0000000704a00000| Untracked 
|  19|0x0000000704c00000, 0x0000000704c00000, 0x0000000704e00000|  0%| F|  |TAMS 0x0000000704c00000, 0x0000000704c00000| Untracked 
|  20|0x0000000704e00000, 0x0000000704e00000, 0x0000000705000000|  0%| F|  |TAMS 0x0000000704e00000, 0x0000000704e00000| Untracked 
|  21|0x0000000705000000, 0x0000000705000000, 0x0000000705200000|  0%| F|  |TAMS 0x0000000705000000, 0x0000000705000000| Untracked 
|  22|0x0000000705200000, 0x0000000705200000, 0x0000000705400000|  0%| F|  |TAMS 0x0000000705200000, 0x0000000705200000| Untracked 
|  23|0x0000000705400000, 0x0000000705400000, 0x0000000705600000|  0%| F|  |TAMS 0x0000000705400000, 0x0000000705400000| Untracked 
|  24|0x0000000705600000, 0x0000000705600000, 0x0000000705800000|  0%| F|  |TAMS 0x0000000705600000, 0x0000000705600000| Untracked 
|  25|0x0000000705800000, 0x0000000705800000, 0x0000000705a00000|  0%| F|  |TAMS 0x0000000705800000, 0x0000000705800000| Untracked 
|  26|0x0000000705a00000, 0x0000000705a00000, 0x0000000705c00000|  0%| F|  |TAMS 0x0000000705a00000, 0x0000000705a00000| Untracked 
|  27|0x0000000705c00000, 0x0000000705c00000, 0x0000000705e00000|  0%| F|  |TAMS 0x0000000705c00000, 0x0000000705c00000| Untracked 
|  28|0x0000000705e00000, 0x0000000705e00000, 0x0000000706000000|  0%| F|  |TAMS 0x0000000705e00000, 0x0000000705e00000| Untracked 
|  29|0x0000000706000000, 0x0000000706000000, 0x0000000706200000|  0%| F|  |TAMS 0x0000000706000000, 0x0000000706000000| Untracked 
|  30|0x0000000706200000, 0x0000000706200000, 0x0000000706400000|  0%| F|  |TAMS 0x0000000706200000, 0x0000000706200000| Untracked 
|  31|0x0000000706400000, 0x0000000706400000, 0x0000000706600000|  0%| F|  |TAMS 0x0000000706400000, 0x0000000706400000| Untracked 
|  32|0x0000000706600000, 0x0000000706600000, 0x0000000706800000|  0%| F|  |TAMS 0x0000000706600000, 0x0000000706600000| Untracked 
|  33|0x0000000706800000, 0x0000000706800000, 0x0000000706a00000|  0%| F|  |TAMS 0x0000000706800000, 0x0000000706800000| Untracked 
|  34|0x0000000706a00000, 0x0000000706a00000, 0x0000000706c00000|  0%| F|  |TAMS 0x0000000706a00000, 0x0000000706a00000| Untracked 
|  35|0x0000000706c00000, 0x0000000706c00000, 0x0000000706e00000|  0%| F|  |TAMS 0x0000000706c00000, 0x0000000706c00000| Untracked 
|  36|0x0000000706e00000, 0x0000000706e00000, 0x0000000707000000|  0%| F|  |TAMS 0x0000000706e00000, 0x0000000706e00000| Untracked 
|  37|0x0000000707000000, 0x0000000707000000, 0x0000000707200000|  0%| F|  |TAMS 0x0000000707000000, 0x0000000707000000| Untracked 
|  38|0x0000000707200000, 0x0000000707200000, 0x0000000707400000|  0%| F|  |TAMS 0x0000000707200000, 0x0000000707200000| Untracked 
|  39|0x0000000707400000, 0x0000000707400000, 0x0000000707600000|  0%| F|  |TAMS 0x0000000707400000, 0x0000000707400000| Untracked 
|  40|0x0000000707600000, 0x0000000707600000, 0x0000000707800000|  0%| F|  |TAMS 0x0000000707600000, 0x0000000707600000| Untracked 
|  41|0x0000000707800000, 0x0000000707800000, 0x0000000707a00000|  0%| F|  |TAMS 0x0000000707800000, 0x0000000707800000| Untracked 
|  42|0x0000000707a00000, 0x0000000707a00000, 0x0000000707c00000|  0%| F|  |TAMS 0x0000000707a00000, 0x0000000707a00000| Untracked 
|  43|0x0000000707c00000, 0x0000000707c00000, 0x0000000707e00000|  0%| F|  |TAMS 0x0000000707c00000, 0x0000000707c00000| Untracked 
|  44|0x0000000707e00000, 0x0000000707e00000, 0x0000000708000000|  0%| F|  |TAMS 0x0000000707e00000, 0x0000000707e00000| Untracked 
|  45|0x0000000708000000, 0x0000000708000000, 0x0000000708200000|  0%| F|  |TAMS 0x0000000708000000, 0x0000000708000000| Untracked 
|  46|0x0000000708200000, 0x0000000708200000, 0x0000000708400000|  0%| F|  |TAMS 0x0000000708200000, 0x0000000708200000| Untracked 
|  47|0x0000000708400000, 0x0000000708400000, 0x0000000708600000|  0%| F|  |TAMS 0x0000000708400000, 0x0000000708400000| Untracked 
|  48|0x0000000708600000, 0x0000000708600000, 0x0000000708800000|  0%| F|  |TAMS 0x0000000708600000, 0x0000000708600000| Untracked 
|  49|0x0000000708800000, 0x0000000708800000, 0x0000000708a00000|  0%| F|  |TAMS 0x0000000708800000, 0x0000000708800000| Untracked 
|  50|0x0000000708a00000, 0x0000000708a00000, 0x0000000708c00000|  0%| F|  |TAMS 0x0000000708a00000, 0x0000000708a00000| Untracked 
|  51|0x0000000708c00000, 0x0000000708c00000, 0x0000000708e00000|  0%| F|  |TAMS 0x0000000708c00000, 0x0000000708c00000| Untracked 
|  52|0x0000000708e00000, 0x0000000708e00000, 0x0000000709000000|  0%| F|  |TAMS 0x0000000708e00000, 0x0000000708e00000| Untracked 
|  53|0x0000000709000000, 0x0000000709000000, 0x0000000709200000|  0%| F|  |TAMS 0x0000000709000000, 0x0000000709000000| Untracked 
|  54|0x0000000709200000, 0x0000000709200000, 0x0000000709400000|  0%| F|  |TAMS 0x0000000709200000, 0x0000000709200000| Untracked 
|  55|0x0000000709400000, 0x0000000709400000, 0x0000000709600000|  0%| F|  |TAMS 0x0000000709400000, 0x0000000709400000| Untracked 
|  56|0x0000000709600000, 0x0000000709600000, 0x0000000709800000|  0%| F|  |TAMS 0x0000000709600000, 0x0000000709600000| Untracked 
|  57|0x0000000709800000, 0x0000000709800000, 0x0000000709a00000|  0%| F|  |TAMS 0x0000000709800000, 0x0000000709800000| Untracked 
|  58|0x0000000709a00000, 0x0000000709a00000, 0x0000000709c00000|  0%| F|  |TAMS 0x0000000709a00000, 0x0000000709a00000| Untracked 
|  59|0x0000000709c00000, 0x0000000709c00000, 0x0000000709e00000|  0%| F|  |TAMS 0x0000000709c00000, 0x0000000709c00000| Untracked 
|  60|0x0000000709e00000, 0x0000000709e00000, 0x000000070a000000|  0%| F|  |TAMS 0x0000000709e00000, 0x0000000709e00000| Untracked 
|  61|0x000000070a000000, 0x000000070a000000, 0x000000070a200000|  0%| F|  |TAMS 0x000000070a000000, 0x000000070a000000| Untracked 
|  62|0x000000070a200000, 0x000000070a200000, 0x000000070a400000|  0%| F|  |TAMS 0x000000070a200000, 0x000000070a200000| Untracked 
|  63|0x000000070a400000, 0x000000070a400000, 0x000000070a600000|  0%| F|  |TAMS 0x000000070a400000, 0x000000070a400000| Untracked 
|  64|0x000000070a600000, 0x000000070a600000, 0x000000070a800000|  0%| F|  |TAMS 0x000000070a600000, 0x000000070a600000| Untracked 
|  65|0x000000070a800000, 0x000000070a800000, 0x000000070aa00000|  0%| F|  |TAMS 0x000000070a800000, 0x000000070a800000| Untracked 
|  66|0x000000070aa00000, 0x000000070aa00000, 0x000000070ac00000|  0%| F|  |TAMS 0x000000070aa00000, 0x000000070aa00000| Untracked 
|  67|0x000000070ac00000, 0x000000070ac00000, 0x000000070ae00000|  0%| F|  |TAMS 0x000000070ac00000, 0x000000070ac00000| Untracked 
|  68|0x000000070ae00000, 0x000000070ae00000, 0x000000070b000000|  0%| F|  |TAMS 0x000000070ae00000, 0x000000070ae00000| Untracked 
|  69|0x000000070b000000, 0x000000070b000000, 0x000000070b200000|  0%| F|  |TAMS 0x000000070b000000, 0x000000070b000000| Untracked 
|  70|0x000000070b200000, 0x000000070b305c78, 0x000000070b400000| 51%| E|  |TAMS 0x000000070b200000, 0x000000070b200000| Complete 
|  71|0x000000070b400000, 0x000000070b600000, 0x000000070b600000|100%| E|CS|TAMS 0x000000070b400000, 0x000000070b400000| Complete 
|  72|0x000000070b600000, 0x000000070b800000, 0x000000070b800000|100%| E|CS|TAMS 0x000000070b600000, 0x000000070b600000| Complete 
| 102|0x000000070f200000, 0x000000070f3b4df0, 0x000000070f400000| 85%| S|CS|TAMS 0x000000070f200000, 0x000000070f200000| Complete 
| 103|0x000000070f400000, 0x000000070f600000, 0x000000070f600000|100%| E|CS|TAMS 0x000000070f400000, 0x000000070f400000| Complete 
| 125|0x0000000712000000, 0x0000000712200000, 0x0000000712200000|100%| E|CS|TAMS 0x0000000712000000, 0x0000000712000000| Complete 
| 126|0x0000000712200000, 0x0000000712400000, 0x0000000712400000|100%| E|CS|TAMS 0x0000000712200000, 0x0000000712200000| Complete 

Card table byte_map: [0x000001d9a6cd0000,0x000001d9a74c0000] _byte_map_base: 0x000001d9a34bd000

Marking Bits (Prev, Next): (CMBitMap*) 0x000001d98fa505b0, (CMBitMap*) 0x000001d98fa50570
 Prev Bits: [0x000001d9abc20000, 0x000001d9afb88000)
 Next Bits: [0x000001d9a7cb0000, 0x000001d9abc18000)

Polling page: 0x000001d98d850000

Metaspace:

Usage:
  Non-class:     29.40 MB used.
      Class:      3.64 MB used.
       Both:     33.04 MB used.

Virtual space:
  Non-class space:       64.00 MB reserved,      29.50 MB ( 46%) committed,  1 nodes.
      Class space:        1.00 GB reserved,       3.75 MB ( <1%) committed,  1 nodes.
             Both:        1.06 GB reserved,      33.25 MB (  3%) committed. 

Chunk freelists:
   Non-Class:  1.95 MB
       Class:  12.28 MB
        Both:  14.23 MB

MaxMetaspaceSize: unlimited
CompressedClassSpaceSize: 1.00 GB
Initial GC threshold: 21.00 MB
Current GC threshold: 35.25 MB
CDS: on
MetaspaceReclaimPolicy: balanced
 - commit_granule_bytes: 65536.
 - commit_granule_words: 8192.
 - virtual_space_node_default_size: 8388608.
 - enlarge_chunks_in_place: 1.
 - new_chunks_are_fully_committed: 0.
 - uncommit_free_chunks: 1.
 - use_allocation_guard: 0.
 - handle_deallocations: 1.


Internal statistics:

num_allocs_failed_limit: 3.
num_arena_births: 160.
num_arena_deaths: 0.
num_vsnodes_births: 2.
num_vsnodes_deaths: 0.
num_space_committed: 532.
num_space_uncommitted: 0.
num_chunks_returned_to_freelist: 3.
num_chunks_taken_from_freelist: 1053.
num_chunk_merges: 3.
num_chunk_splits: 901.
num_chunks_enlarged: 822.
num_inconsistent_stats: 0.

CodeHeap 'non-profiled nmethods': size=120000Kb used=2162Kb max_used=2162Kb free=117837Kb
 bounds [0x000001d99efb0000, 0x000001d99f220000, 0x000001d9a64e0000]
CodeHeap 'profiled nmethods': size=120000Kb used=8355Kb max_used=8355Kb free=111644Kb
 bounds [0x000001d9974e0000, 0x000001d997d10000, 0x000001d99ea10000]
CodeHeap 'non-nmethods': size=5760Kb used=1891Kb max_used=1950Kb free=3868Kb
 bounds [0x000001d99ea10000, 0x000001d99ec80000, 0x000001d99efb0000]
 total_blobs=5772 nmethods=4396 adapters=1288
 compilation: enabled
              stopped_count=0, restarted_count=0
 full_count=0

Compilation events (20 events):
Event: 17.761 Thread 0x000001d9b20b48c0 4388       3       androidx.compose.ui.ComposeScene$frameClock$1::invoke (8 bytes)
Event: 17.761 Thread 0x000001d9b20b48c0 nmethod 4388 0x000001d997d04f90 code [0x000001d997d05140, 0x000001d997d05448]
Event: 17.761 Thread 0x000001d9b20b48c0 4387       3       kotlinx.coroutines.DispatchedCoroutine::trySuspend (74 bytes)
Event: 17.762 Thread 0x000001d9b20b48c0 nmethod 4387 0x000001d997d05590 code [0x000001d997d05760, 0x000001d997d05b58]
Event: 17.806 Thread 0x000001d9b20b48c0 4389   !   3       org.jetbrains.skiko.redrawer.WindowsOpenGLRedrawer::draw (288 bytes)
Event: 17.808 Thread 0x000001d9b20b48c0 nmethod 4389 0x000001d997d05c90 code [0x000001d997d06020, 0x000001d997d07788]
Event: 17.836 Thread 0x000001d9b20b48c0 4390       3       javax.swing.TimerQueue::now (8 bytes)
Event: 17.836 Thread 0x000001d9b20b48c0 nmethod 4390 0x000001d997d08110 code [0x000001d997d082a0, 0x000001d997d083b8]
Event: 17.888 Thread 0x000001d9b20b0e00 4391       4       java.util.HashMap::clear (50 bytes)
Event: 17.895 Thread 0x000001d9b20b0e00 nmethod 4391 0x000001d99f1ca290 code [0x000001d99f1ca400, 0x000001d99f1ca6b8]
Event: 18.254 Thread 0x000001d9b20b0e00 4392       4       jdk.internal.misc.Unsafe::weakCompareAndSetInt (11 bytes)
Event: 18.255 Thread 0x000001d9b20b0e00 nmethod 4392 0x000001d99f1ca790 code [0x000001d99f1ca900, 0x000001d99f1ca998]
Event: 18.464 Thread 0x000001d9b20b48c0 4393       3       java.util.IdentityHashMap$IdentityHashMapIterator::nextIndex (72 bytes)
Event: 18.464 Thread 0x000001d9b20b48c0 nmethod 4393 0x000001d997d08410 code [0x000001d997d085e0, 0x000001d997d08a28]
Event: 18.472 Thread 0x000001d9b20b0e00 4394       4       java.lang.AbstractStringBuilder::append (45 bytes)
Event: 18.484 Thread 0x000001d9b20b0e00 nmethod 4394 0x000001d99f1caa90 code [0x000001d99f1cac40, 0x000001d99f1cb4b8]
Event: 18.484 Thread 0x000001d9b20b0e00 4395       4       jdk.internal.misc.Unsafe::putReferenceOpaque (9 bytes)
Event: 18.485 Thread 0x000001d9b20b0e00 nmethod 4395 0x000001d99f1cb890 code [0x000001d99f1cba00, 0x000001d99f1cbb58]
Event: 18.488 Thread 0x000001d9b20b0e00 4396       4       java.lang.StringBuilder::append (8 bytes)
Event: 18.499 Thread 0x000001d9b20b0e00 nmethod 4396 0x000001d99f1cbc10 code [0x000001d99f1cbdc0, 0x000001d99f1cc618]

GC Heap History (18 events):
Event: 0.763 GC heap before
{Heap before GC invocations=0 (full 0):
 garbage-first heap   total 260096K, used 12288K [0x0000000702600000, 0x0000000800000000)
  region size 2048K, 6 young (12288K), 0 survivors (0K)
 Metaspace       used 1744K, committed 1792K, reserved 1114112K
  class space    used 158K, committed 192K, reserved 1048576K
}
Event: 0.835 GC heap after
{Heap after GC invocations=1 (full 0):
 garbage-first heap   total 260096K, used 7178K [0x0000000702600000, 0x0000000800000000)
  region size 2048K, 1 young (2048K), 1 survivors (2048K)
 Metaspace       used 1744K, committed 1792K, reserved 1114112K
  class space    used 158K, committed 192K, reserved 1048576K
}
Event: 1.966 GC heap before
{Heap before GC invocations=1 (full 0):
 garbage-first heap   total 260096K, used 15370K [0x0000000702600000, 0x0000000800000000)
  region size 2048K, 6 young (12288K), 1 survivors (2048K)
 Metaspace       used 5866K, committed 6016K, reserved 1114112K
  class space    used 464K, committed 512K, reserved 1048576K
}
Event: 1.969 GC heap after
{Heap after GC invocations=2 (full 0):
 garbage-first heap   total 260096K, used 8250K [0x0000000702600000, 0x0000000800000000)
  region size 2048K, 1 young (2048K), 1 survivors (2048K)
 Metaspace       used 5866K, committed 6016K, reserved 1114112K
  class space    used 464K, committed 512K, reserved 1048576K
}
Event: 3.256 GC heap before
{Heap before GC invocations=2 (full 0):
 garbage-first heap   total 260096K, used 28730K [0x0000000702600000, 0x0000000800000000)
  region size 2048K, 12 young (24576K), 1 survivors (2048K)
 Metaspace       used 12303K, committed 12480K, reserved 1114112K
  class space    used 1213K, committed 1280K, reserved 1048576K
}
Event: 3.260 GC heap after
{Heap after GC invocations=3 (full 0):
 garbage-first heap   total 260096K, used 9481K [0x0000000702600000, 0x0000000800000000)
  region size 2048K, 2 young (4096K), 2 survivors (4096K)
 Metaspace       used 12303K, committed 12480K, reserved 1114112K
  class space    used 1213K, committed 1280K, reserved 1048576K
}
Event: 5.261 GC heap before
{Heap before GC invocations=3 (full 0):
 garbage-first heap   total 260096K, used 50441K [0x0000000702600000, 0x0000000800000000)
  region size 2048K, 23 young (47104K), 2 survivors (4096K)
 Metaspace       used 21363K, committed 21504K, reserved 1114112K
  class space    used 2283K, committed 2368K, reserved 1048576K
}
Event: 5.267 GC heap after
{Heap after GC invocations=4 (full 0):
 garbage-first heap   total 260096K, used 11281K [0x0000000702600000, 0x0000000800000000)
  region size 2048K, 2 young (4096K), 2 survivors (4096K)
 Metaspace       used 21363K, committed 21504K, reserved 1114112K
  class space    used 2283K, committed 2368K, reserved 1048576K
}
Event: 7.655 GC heap before
{Heap before GC invocations=5 (full 0):
 garbage-first heap   total 55296K, used 42001K [0x0000000702600000, 0x0000000800000000)
  region size 2048K, 12 young (24576K), 2 survivors (4096K)
 Metaspace       used 24662K, committed 24896K, reserved 1114112K
  class space    used 2684K, committed 2816K, reserved 1048576K
}
Event: 7.661 GC heap after
{Heap after GC invocations=6 (full 0):
 garbage-first heap   total 55296K, used 24137K [0x0000000702600000, 0x0000000800000000)
  region size 2048K, 2 young (4096K), 2 survivors (4096K)
 Metaspace       used 24662K, committed 24896K, reserved 1114112K
  class space    used 2684K, committed 2816K, reserved 1048576K
}
Event: 7.712 GC heap before
{Heap before GC invocations=6 (full 0):
 garbage-first heap   total 55296K, used 26185K [0x0000000702600000, 0x0000000800000000)
  region size 2048K, 3 young (6144K), 2 survivors (4096K)
 Metaspace       used 25020K, committed 25280K, reserved 1114112K
  class space    used 2727K, committed 2880K, reserved 1048576K
}
Event: 7.717 GC heap after
{Heap after GC invocations=7 (full 0):
 garbage-first heap   total 55296K, used 18386K [0x0000000702600000, 0x0000000800000000)
  region size 2048K, 1 young (2048K), 1 survivors (2048K)
 Metaspace       used 25020K, committed 25280K, reserved 1114112K
  class space    used 2727K, committed 2880K, reserved 1048576K
}
Event: 8.379 GC heap before
{Heap before GC invocations=7 (full 0):
 garbage-first heap   total 55296K, used 38866K [0x0000000702600000, 0x0000000800000000)
  region size 2048K, 11 young (22528K), 1 survivors (2048K)
 Metaspace       used 28787K, committed 28992K, reserved 1114112K
  class space    used 3204K, committed 3328K, reserved 1048576K
}
Event: 8.384 GC heap after
{Heap after GC invocations=8 (full 0):
 garbage-first heap   total 55296K, used 20105K [0x0000000702600000, 0x0000000800000000)
  region size 2048K, 2 young (4096K), 2 survivors (4096K)
 Metaspace       used 28787K, committed 28992K, reserved 1114112K
  class space    used 3204K, committed 3328K, reserved 1048576K
}
Event: 8.763 GC heap before
{Heap before GC invocations=8 (full 0):
 garbage-first heap   total 55296K, used 36489K [0x0000000702600000, 0x0000000800000000)
  region size 2048K, 11 young (22528K), 2 survivors (4096K)
 Metaspace       used 32109K, committed 32320K, reserved 1114112K
  class space    used 3596K, committed 3712K, reserved 1048576K
}
Event: 8.769 GC heap after
{Heap after GC invocations=9 (full 0):
 garbage-first heap   total 55296K, used 21143K [0x0000000702600000, 0x0000000800000000)
  region size 2048K, 2 young (4096K), 2 survivors (4096K)
 Metaspace       used 32109K, committed 32320K, reserved 1114112K
  class space    used 3596K, committed 3712K, reserved 1048576K
}
Event: 9.170 GC heap before
{Heap before GC invocations=9 (full 0):
 garbage-first heap   total 55296K, used 25239K [0x0000000702600000, 0x0000000800000000)
  region size 2048K, 5 young (10240K), 2 survivors (4096K)
 Metaspace       used 33131K, committed 33344K, reserved 1114112K
  class space    used 3706K, committed 3840K, reserved 1048576K
}
Event: 9.176 GC heap after
{Heap after GC invocations=10 (full 0):
 garbage-first heap   total 157696K, used 21785K [0x0000000702600000, 0x0000000800000000)
  region size 2048K, 1 young (2048K), 1 survivors (2048K)
 Metaspace       used 33131K, committed 33344K, reserved 1114112K
  class space    used 3706K, committed 3840K, reserved 1048576K
}

Dll operation events (14 events):
Event: 0.011 Loaded shared library C:\Users\HP\.jdks\corretto-17.0.7\bin\java.dll
Event: 0.040 Loaded shared library C:\Users\HP\.jdks\corretto-17.0.7\bin\jsvml.dll
Event: 0.266 Loaded shared library C:\Users\HP\.jdks\corretto-17.0.7\bin\zip.dll
Event: 0.272 Loaded shared library C:\Users\HP\.jdks\corretto-17.0.7\bin\instrument.dll
Event: 0.288 Loaded shared library C:\Users\HP\.jdks\corretto-17.0.7\bin\net.dll
Event: 0.292 Loaded shared library C:\Users\HP\.jdks\corretto-17.0.7\bin\nio.dll
Event: 0.299 Loaded shared library C:\Users\HP\.jdks\corretto-17.0.7\bin\zip.dll
Event: 0.457 Loaded shared library C:\Program Files\JetBrains\IntelliJ IDEA Community Edition 2021.3.2\bin\breakgen64.dll
Event: 0.875 Loaded shared library C:\Users\HP\.jdks\corretto-17.0.7\bin\jimage.dll
Event: 0.881 Loaded shared library C:\Users\HP\.jdks\corretto-17.0.7\bin\awt.dll
Event: 2.546 Loaded shared library C:\Users\HP\.skiko\0de0d8dd8554d9bb66cfca3837db6514ff9b71080e998917280a3b777460a416\skiko-windows-x64.dll
Event: 3.439 Loaded shared library C:\Users\HP\.jdks\corretto-17.0.7\bin\freetype.dll
Event: 3.441 Loaded shared library C:\Users\HP\.jdks\corretto-17.0.7\bin\fontmanager.dll
Event: 8.335 Loaded shared library C:\Users\HP\AppData\Local\io-realm-kotlin\f7113120ba00ba1ff91d696eecd3919e85a4e34e\realmc.dll

Deoptimization events (20 events):
Event: 8.787 Thread 0x000001d9b2cca250 Uncommon trap: trap_request=0xffffff45 fr.pc=0x000001d99f123aa4 relative=0x00000000000000a4
Event: 8.787 Thread 0x000001d9b2cca250 Uncommon trap: reason=unstable_if action=reinterpret pc=0x000001d99f123aa4 method=androidx.compose.runtime.SlotWriter.moveSlotGapTo(II)V @ 20 c2
Event: 8.787 Thread 0x000001d9b2cca250 DEOPT PACKING pc=0x000001d99f123aa4 sp=0x0000007c33ffdff0
Event: 8.787 Thread 0x000001d9b2cca250 DEOPT UNPACKING pc=0x000001d99ea669a3 sp=0x0000007c33ffdf20 mode 2
Event: 8.789 Thread 0x000001d9b2cca250 Uncommon trap: trap_request=0xffffff45 fr.pc=0x000001d99f0840e4 relative=0x00000000000000c4
Event: 8.789 Thread 0x000001d9b2cca250 Uncommon trap: reason=unstable_if action=reinterpret pc=0x000001d99f0840e4 method=androidx.compose.runtime.SlotWriter.dataAnchorToDataIndex(III)I @ 1 c2
Event: 8.789 Thread 0x000001d9b2cca250 DEOPT PACKING pc=0x000001d99f0840e4 sp=0x0000007c33ffe2e0
Event: 8.789 Thread 0x000001d9b2cca250 DEOPT UNPACKING pc=0x000001d99ea669a3 sp=0x0000007c33ffe218 mode 2
Event: 8.895 Thread 0x000001d9b2cca250 Uncommon trap: trap_request=0xffffff45 fr.pc=0x000001d99f0bb488 relative=0x0000000000000088
Event: 8.895 Thread 0x000001d9b2cca250 Uncommon trap: reason=unstable_if action=reinterpret pc=0x000001d99f0bb488 method=androidx.compose.runtime.ComposerImpl.updateCompoundKeyWhenWeEnterGroup(ILjava/lang/Object;Ljava/lang/Object;)V @ 12 c2
Event: 8.895 Thread 0x000001d9b2cca250 DEOPT PACKING pc=0x000001d99f0bb488 sp=0x0000007c33ffa050
Event: 8.895 Thread 0x000001d9b2cca250 DEOPT UNPACKING pc=0x000001d99ea669a3 sp=0x0000007c33ffa010 mode 2
Event: 8.897 Thread 0x000001d9b2cca250 Uncommon trap: trap_request=0xffffff45 fr.pc=0x000001d99f0b3000 relative=0x0000000000000060
Event: 8.897 Thread 0x000001d9b2cca250 Uncommon trap: reason=unstable_if action=reinterpret pc=0x000001d99f0b3000 method=androidx.compose.runtime.ComposerImpl.updateCompoundKeyWhenWeEnterGroup(ILjava/lang/Object;Ljava/lang/Object;)V @ 12 c2
Event: 8.897 Thread 0x000001d9b2cca250 DEOPT PACKING pc=0x000001d99f0b3000 sp=0x0000007c33ff9cc0
Event: 8.897 Thread 0x000001d9b2cca250 DEOPT UNPACKING pc=0x000001d99ea669a3 sp=0x0000007c33ff9c58 mode 2
Event: 8.926 Thread 0x000001d9b2cca250 Uncommon trap: trap_request=0xffffff45 fr.pc=0x000001d99f0ac31c relative=0x00000000000000fc
Event: 8.926 Thread 0x000001d9b2cca250 Uncommon trap: reason=unstable_if action=reinterpret pc=0x000001d99f0ac31c method=androidx.compose.runtime.ComposerImpl.updateCompoundKeyWhenWeExitGroup(ILjava/lang/Object;Ljava/lang/Object;)V @ 12 c2
Event: 8.926 Thread 0x000001d9b2cca250 DEOPT PACKING pc=0x000001d99f0ac31c sp=0x0000007c33ff9c00
Event: 8.926 Thread 0x000001d9b2cca250 DEOPT UNPACKING pc=0x000001d99ea669a3 sp=0x0000007c33ff9b88 mode 2

Classes unloaded (0 events):
No events

Classes redefined (0 events):
No events

Internal exceptions (20 events):
Event: 0.958 Thread 0x000001d98f9eadc0 Exception <a 'java/io/FileNotFoundException'{0x00000007122c5ab0}> (0x00000007122c5ab0) 
thrown [s\src\hotspot\share\prims\jni.cpp, line 516]
Event: 2.093 Thread 0x000001d9b2cca250 Exception <a 'java/lang/NoSuchMethodError'{0x00000007120fddc0}: 'java.lang.Object java.lang.invoke.DirectMethodHandle$Holder.invokeStaticInit(java.lang.Object, int, int, int, int)'> (0x00000007120fddc0) 
thrown [s\src\hotspot\share\interpreter\linkResolver.cpp, line 759]
Event: 2.173 Thread 0x000001d9b2cca250 Exception <a 'java/lang/NoSuchMethodError'{0x00000007121cf7f0}: 'java.lang.Object java.lang.invoke.DirectMethodHandle$Holder.invokeStaticInit(java.lang.Object, java.lang.Object, int, int, int, int)'> (0x00000007121cf7f0) 
thrown [s\src\hotspot\share\interpreter\linkResolver.cpp, line 759]
Event: 2.269 Thread 0x000001d9b2cca250 Exception <a 'java/lang/NoSuchMethodError'{0x0000000711d3b880}: 'double java.lang.invoke.DirectMethodHandle$Holder.invokeStatic(java.lang.Object, double)'> (0x0000000711d3b880) 
thrown [s\src\hotspot\share\interpreter\linkResolver.cpp, line 759]
Event: 2.269 Thread 0x000001d9b2cca250 Exception <a 'java/lang/NoSuchMethodError'{0x0000000711d3f2e0}: 'double java.lang.invoke.DirectMethodHandle$Holder.invokeStaticInit(java.lang.Object, double)'> (0x0000000711d3f2e0) 
thrown [s\src\hotspot\share\interpreter\linkResolver.cpp, line 759]
Event: 2.282 Thread 0x000001d9b2cca250 Exception <a 'java/lang/NoSuchMethodError'{0x0000000711d87c68}: 'java.lang.Object java.lang.invoke.DirectMethodHandle$Holder.newInvokeSpecial(java.lang.Object, double)'> (0x0000000711d87c68) 
thrown [s\src\hotspot\share\interpreter\linkResolver.cpp, line 759]
Event: 3.148 Thread 0x000001d9b2cca250 Exception <a 'java/lang/NoSuchMethodError'{0x0000000710c56298}: 'void java.lang.invoke.DirectMethodHandle$Holder.invokeSpecial(java.lang.Object, java.lang.Object, java.lang.Object)'> (0x0000000710c56298) 
thrown [s\src\hotspot\share\interpreter\linkResolver.cpp, line 759]
Event: 3.164 Thread 0x000001d9b2cca250 Exception <a 'java/lang/NoSuchMethodError'{0x0000000710c80928}: 'java.lang.Object java.lang.invoke.DirectMethodHandle$Holder.newInvokeSpecial(java.lang.Object, java.lang.Object, java.lang.Object, java.lang.Object, java.lang.Object)'> (0x0000000710c80928) 
thrown [s\src\hotspot\share\interpreter\linkResolver.cpp, line 759]
Event: 3.168 Thread 0x000001d9b2cca250 Exception <a 'java/lang/NoSuchMethodError'{0x0000000710c8c598}: 'java.lang.Object java.lang.invoke.DirectMethodHandle$Holder.invokeStatic(java.lang.Object, int, java.lang.Object, java.lang.Object, java.lang.Object, java.lang.Object)'> (0x0000000710c8c598) 
thrown [s\src\hotspot\share\interpreter\linkResolver.cpp, line 759]
Event: 3.175 Thread 0x000001d9b2cca250 Exception <a 'java/lang/NoSuchMethodError'{0x0000000710cb22a8}: 'java.lang.Object java.lang.invoke.DirectMethodHandle$Holder.invokeStatic(java.lang.Object, int, java.lang.Object)'> (0x0000000710cb22a8) 
thrown [s\src\hotspot\share\interpreter\linkResolver.cpp, line 759]
Event: 3.225 Thread 0x000001d9b2cca250 Exception <a 'java/lang/ClassNotFoundException'{0x0000000710d6ea10}: com/sun/swing/internal/plaf/metal/resources/spi/metalProvider> (0x0000000710d6ea10) 
thrown [s\src\hotspot\share\classfile\systemDictionary.cpp, line 256]
Event: 3.227 Thread 0x000001d9b2cca250 Exception <a 'java/lang/ClassNotFoundException'{0x0000000710d729b0}: com/sun/swing/internal/plaf/basic/resources/spi/basicProvider> (0x0000000710d729b0) 
thrown [s\src\hotspot\share\classfile\systemDictionary.cpp, line 256]
Event: 3.240 Thread 0x000001d9b2cca250 Implicit null exception at 0x000001d99efe2610 to 0x000001d99efe29e4
Event: 3.241 Thread 0x000001d9b2cca250 Implicit null exception at 0x000001d99efd9f90 to 0x000001d99efda348
Event: 3.291 Thread 0x000001d9b2cca250 Exception <a 'java/lang/NoSuchMethodError'{0x0000000712285d80}: 'void java.lang.invoke.DirectMethodHandle$Holder.invokeStatic(java.lang.Object, java.lang.Object, java.lang.Object)'> (0x0000000712285d80) 
thrown [s\src\hotspot\share\interpreter\linkResolver.cpp, line 759]
Event: 3.433 Thread 0x000001d9b2cca250 Exception <a 'java/lang/NoSuchMethodError'{0x0000000711e56668}: 'void java.lang.invoke.DirectMethodHandle$Holder.invokeStaticInit(java.lang.Object)'> (0x0000000711e56668) 
thrown [s\src\hotspot\share\interpreter\linkResolver.cpp, line 759]
Event: 3.702 Thread 0x000001d9b2cca250 Exception <a 'java/lang/NoSuchMethodError'{0x000000071181bba8}: 'int java.lang.invoke.DirectMethodHandle$Holder.invokeStaticInit(java.lang.Object, java.lang.Object, java.lang.Object)'> (0x000000071181bba8) 
thrown [s\src\hotspot\share\interpreter\linkResolver.cpp, line 759]
Event: 4.272 Thread 0x000001d9b2cd0540 Exception <a 'java/lang/NoSuchMethodError'{0x0000000711f08960}: 'void java.lang.invoke.DirectMethodHandle$Holder.invokeVirtual(java.lang.Object, java.lang.Object)'> (0x0000000711f08960) 
thrown [s\src\hotspot\share\interpreter\linkResolver.cpp, line 759]
Event: 7.340 Thread 0x000001d9b2cca250 Exception <a 'java/lang/NoSuchMethodError'{0x0000000704e192b8}: 'int java.lang.invoke.DirectMethodHandle$Holder.invokeStaticInit(java.lang.Object, long, long)'> (0x0000000704e192b8) 
thrown [s\src\hotspot\share\interpreter\linkResolver.cpp, line 759]
Event: 8.187 Thread 0x000001d9b2cca250 Exception <a 'java/lang/NoSuchMethodError'{0x000000070489eac8}: 'java.lang.Object java.lang.invoke.DirectMethodHandle$Holder.newInvokeSpecial(java.lang.Object, int, java.lang.Object)'> (0x000000070489eac8) 
thrown [s\src\hotspot\share\interpreter\linkResolver.cpp, line 759]

VM Operations (20 events):
Event: 10.059 Executing VM operation: HandshakeAllThreads
Event: 10.059 Executing VM operation: HandshakeAllThreads done
Event: 10.264 Executing VM operation: ICBufferFull
Event: 10.264 Executing VM operation: ICBufferFull done
Event: 11.271 Executing VM operation: Cleanup
Event: 11.271 Executing VM operation: Cleanup done
Event: 12.274 Executing VM operation: Cleanup
Event: 12.274 Executing VM operation: Cleanup done
Event: 13.276 Executing VM operation: Cleanup
Event: 13.276 Executing VM operation: Cleanup done
Event: 14.281 Executing VM operation: Cleanup
Event: 14.281 Executing VM operation: Cleanup done
Event: 15.287 Executing VM operation: Cleanup
Event: 15.287 Executing VM operation: Cleanup done
Event: 16.314 Executing VM operation: Cleanup
Event: 16.314 Executing VM operation: Cleanup done
Event: 17.315 Executing VM operation: Cleanup
Event: 17.315 Executing VM operation: Cleanup done
Event: 18.322 Executing VM operation: Cleanup
Event: 18.322 Executing VM operation: Cleanup done

Events (20 events):
Event: 8.430 loading class java/time/zone/ZoneOffsetTransition done
Event: 8.479 Thread 0x000001d9c1f1b520 Thread added: 0x000001d9c1f1b520
Event: 8.514 Thread 0x000001d9c1f228a0 Thread added: 0x000001d9c1f228a0
Event: 8.514 Thread 0x000001d9c1f1f880 Thread added: 0x000001d9c1f1f880
Event: 8.514 Thread 0x000001d9c1f21560 Thread added: 0x000001d9c1f21560
Event: 8.770 Thread 0x000001d9b8e98c50 Thread exited: 0x000001d9b8e98c50
Event: 9.131 loading class java/awt/DisplayMode
Event: 9.132 loading class java/awt/DisplayMode done
Event: 9.132 loading class sun/awt/Win32GraphicsDevice$Win32FSWindowAdapter
Event: 9.132 loading class sun/awt/Win32GraphicsDevice$Win32FSWindowAdapter done
Event: 9.132 loading class sun/awt/Win32GraphicsDevice$1
Event: 9.132 loading class sun/awt/Win32GraphicsDevice$1 done
Event: 9.372 Thread 0x000001d9c1896f20 Thread added: 0x000001d9c1896f20
Event: 9.792 Thread 0x000001d9c1896f20 Thread exited: 0x000001d9c1896f20
Event: 18.463 loading class jdk/internal/misc/Signal$1
Event: 18.463 loading class jdk/internal/misc/Signal$1 done
Event: 18.463 Thread 0x000001d9c1f1ea10 Thread added: 0x000001d9c1f1ea10
Event: 18.464 Thread 0x000001d9c1f1b9f0 Thread added: 0x000001d9c1f1b9f0
Event: 18.464 Thread 0x000001d9c1f1d6d0 Thread added: 0x000001d9c1f1d6d0
Event: 18.464 Thread 0x000001d9c1f1eee0 Thread added: 0x000001d9c1f1eee0


Dynamic libraries:
0x00007ff76c870000 - 0x00007ff76c87d000 	C:\Users\HP\.jdks\corretto-17.0.7\bin\java.exe
0x00007ffae8e70000 - 0x00007ffae9068000 	C:\Windows\SYSTEM32\ntdll.dll
0x00007ffae85d0000 - 0x00007ffae868f000 	C:\Windows\System32\KERNEL32.DLL
0x00007ffae6550000 - 0x00007ffae6846000 	C:\Windows\System32\KERNELBASE.dll
0x00007ffae6b90000 - 0x00007ffae6c90000 	C:\Windows\System32\ucrtbase.dll
0x00007ffad3b70000 - 0x00007ffad3b87000 	C:\Users\HP\.jdks\corretto-17.0.7\bin\jli.dll
0x00007ffac1d40000 - 0x00007ffac1d55000 	C:\Users\HP\.jdks\corretto-17.0.7\bin\VCRUNTIME140.dll
0x00007ffae7e80000 - 0x00007ffae801d000 	C:\Windows\System32\USER32.dll
0x00007ffae6c90000 - 0x00007ffae6cb2000 	C:\Windows\System32\win32u.dll
0x00007ffacc090000 - 0x00007ffacc32a000 	C:\Windows\WinSxS\amd64_microsoft.windows.common-controls_6595b64144ccf1df_6.0.19041.1110_none_60b5254171f9507e\COMCTL32.dll
0x00007ffae7e20000 - 0x00007ffae7e4c000 	C:\Windows\System32\GDI32.dll
0x00007ffae6d10000 - 0x00007ffae6e25000 	C:\Windows\System32\gdi32full.dll
0x00007ffae6e30000 - 0x00007ffae6ecd000 	C:\Windows\System32\msvcp_win.dll
0x00007ffae8900000 - 0x00007ffae899e000 	C:\Windows\System32\msvcrt.dll
0x00007ffae7e50000 - 0x00007ffae7e80000 	C:\Windows\System32\IMM32.DLL
0x00007ffa9d440000 - 0x00007ffa9d4db000 	C:\Users\HP\.jdks\corretto-17.0.7\bin\msvcp140.dll
0x00007ffa1ec20000 - 0x00007ffa1f83a000 	C:\Users\HP\.jdks\corretto-17.0.7\bin\server\jvm.dll
0x00007ffae7550000 - 0x00007ffae75ff000 	C:\Windows\System32\ADVAPI32.dll
0x00007ffae8730000 - 0x00007ffae87cc000 	C:\Windows\System32\sechost.dll
0x00007ffae87d0000 - 0x00007ffae88f6000 	C:\Windows\System32\RPCRT4.dll
0x00007ffadc340000 - 0x00007ffadc349000 	C:\Windows\SYSTEM32\WSOCK32.dll
0x00007ffae8560000 - 0x00007ffae85cb000 	C:\Windows\System32\WS2_32.dll
0x00007ffacbdc0000 - 0x00007ffacbde7000 	C:\Windows\SYSTEM32\WINMM.dll
0x00007ffadc780000 - 0x00007ffadc78a000 	C:\Windows\SYSTEM32\VERSION.dll
0x00007ffae4d40000 - 0x00007ffae4d52000 	C:\Windows\SYSTEM32\kernel.appcore.dll
0x00007ffac90f0000 - 0x00007ffac90fa000 	C:\Users\HP\.jdks\corretto-17.0.7\bin\jimage.dll
0x00007ffae1260000 - 0x00007ffae1444000 	C:\Windows\SYSTEM32\DBGHELP.DLL
0x00007ffacded0000 - 0x00007ffacdf04000 	C:\Windows\SYSTEM32\dbgcore.DLL
0x00007ffae6b00000 - 0x00007ffae6b82000 	C:\Windows\System32\bcryptPrimitives.dll
0x00007ffadcc90000 - 0x00007ffadcc9e000 	C:\Users\HP\.jdks\corretto-17.0.7\bin\instrument.dll
0x00007ffabfe20000 - 0x00007ffabfe45000 	C:\Users\HP\.jdks\corretto-17.0.7\bin\java.dll
0x00007ffa70430000 - 0x00007ffa70506000 	C:\Users\HP\.jdks\corretto-17.0.7\bin\jsvml.dll
0x00007ffae76d0000 - 0x00007ffae7e14000 	C:\Windows\System32\SHELL32.dll
0x00007ffae4590000 - 0x00007ffae4d24000 	C:\Windows\SYSTEM32\windows.storage.dll
0x00007ffae89a0000 - 0x00007ffae8cf4000 	C:\Windows\System32\combase.dll
0x00007ffae5dd0000 - 0x00007ffae5dfe000 	C:\Windows\SYSTEM32\Wldp.dll
0x00007ffae6f80000 - 0x00007ffae702d000 	C:\Windows\System32\SHCORE.dll
0x00007ffae8020000 - 0x00007ffae8075000 	C:\Windows\System32\shlwapi.dll
0x00007ffae6480000 - 0x00007ffae64a5000 	C:\Windows\SYSTEM32\profapi.dll
0x00007ffab6270000 - 0x00007ffab6288000 	C:\Users\HP\.jdks\corretto-17.0.7\bin\zip.dll
0x00007ffabfe00000 - 0x00007ffabfe19000 	C:\Users\HP\.jdks\corretto-17.0.7\bin\net.dll
0x00007ffad78b0000 - 0x00007ffad79ba000 	C:\Windows\SYSTEM32\WINHTTP.dll
0x00007ffae5bb0000 - 0x00007ffae5c1a000 	C:\Windows\system32\mswsock.dll
0x00007ffabfde0000 - 0x00007ffabfdf5000 	C:\Users\HP\.jdks\corretto-17.0.7\bin\nio.dll
0x00007ffad3c70000 - 0x00007ffad3c8a000 	C:\Program Files\JetBrains\IntelliJ IDEA Community Edition 2021.3.2\bin\breakgen64.dll
0x00007ffaa86c0000 - 0x00007ffaa8869000 	C:\Users\HP\.jdks\corretto-17.0.7\bin\awt.dll
0x00007ffae7600000 - 0x00007ffae76cd000 	C:\Windows\System32\OLEAUT32.dll
0x00007ffae02d0000 - 0x00007ffae0361000 	C:\Windows\SYSTEM32\apphelp.dll
0x00007ffae0ac0000 - 0x00007ffae0b5e000 	C:\Windows\system32\uxtheme.dll
0x00007ffae7340000 - 0x00007ffae7454000 	C:\Windows\System32\MSCTF.dll
0x00007ffae8d00000 - 0x00007ffae8e2a000 	C:\Windows\System32\ole32.dll
0x00007ffae0bd0000 - 0x00007ffae0bff000 	C:\Windows\system32\DWMAPI.DLL
0x00007ffab5940000 - 0x00007ffab5a65000 	C:\Windows\system32\opengl32.dll
0x00007ffab58d0000 - 0x00007ffab58fc000 	C:\Windows\SYSTEM32\GLU32.dll
0x00007ffae5e10000 - 0x00007ffae5e28000 	C:\Windows\SYSTEM32\CRYPTSP.dll
0x00007ffae54f0000 - 0x00007ffae5524000 	C:\Windows\system32\rsaenh.dll
0x00007ffae6a60000 - 0x00007ffae6a87000 	C:\Windows\System32\bcrypt.dll
0x00007ffae6400000 - 0x00007ffae642e000 	C:\Windows\SYSTEM32\USERENV.dll
0x00007ffae5d40000 - 0x00007ffae5d4c000 	C:\Windows\SYSTEM32\CRYPTBASE.dll
0x00007ffae58c0000 - 0x00007ffae58fc000 	C:\Windows\SYSTEM32\IPHLPAPI.DLL
0x00007ffae8080000 - 0x00007ffae8088000 	C:\Windows\System32\NSI.dll
0x00007ffad7d60000 - 0x00007ffad7d77000 	C:\Windows\SYSTEM32\dhcpcsvc6.DLL
0x00007ffad7d40000 - 0x00007ffad7d5d000 	C:\Windows\SYSTEM32\dhcpcsvc.DLL
0x00007ffae5900000 - 0x00007ffae59ca000 	C:\Windows\SYSTEM32\DNSAPI.dll
0x00007ffa65290000 - 0x00007ffa662dc000 	C:\Users\HP\.skiko\0de0d8dd8554d9bb66cfca3837db6514ff9b71080e998917280a3b777460a416\skiko-windows-x64.dll
0x00007ffaa8430000 - 0x00007ffaa84b3000 	C:\Users\HP\.jdks\corretto-17.0.7\bin\freetype.dll
0x00007ffaa8360000 - 0x00007ffaa8422000 	C:\Users\HP\.jdks\corretto-17.0.7\bin\fontmanager.dll
0x00007ffadcbe0000 - 0x00007ffadcbe7000 	C:\Users\HP\.jdks\corretto-17.0.7\bin\jawt.dll
0x00007ffae4db0000 - 0x00007ffae4ea3000 	C:\Windows\SYSTEM32\Dxgi.dll
0x00007ffac90d0000 - 0x00007ffac90f0000 	C:\Windows\SYSTEM32\D3D12.dll
0x00007ffa71470000 - 0x00007ffa7163d000 	C:\Windows\SYSTEM32\D3D12Core.dll
0x00007ffad9fc0000 - 0x00007ffad9ffb000 	C:\Windows\SYSTEM32\dxcore.dll
0x00007ffae6cc0000 - 0x00007ffae6d0e000 	C:\Windows\System32\cfgmgr32.dll
0x00007ffad4b80000 - 0x00007ffad7799000 	C:\Windows\System32\DriverStore\FileRepository\igdlh64.inf_amd64_e6daaea9afe1e6f6\igc64.dll
0x00007ffa63db0000 - 0x00007ffa65283000 	C:\Windows\System32\DriverStore\FileRepository\igdlh64.inf_amd64_e6daaea9afe1e6f6\igd12umd64.dll
0x00007ffad7ac0000 - 0x00007ffad7d17000 	C:\Windows\System32\DriverStore\FileRepository\igdlh64.inf_amd64_e6daaea9afe1e6f6\igdgmm64.dll
0x00007ffa639a0000 - 0x00007ffa63dab000 	C:\Windows\System32\DriverStore\FileRepository\igdlh64.inf_amd64_e6daaea9afe1e6f6\igdml64.dll
0x00007ffac8de0000 - 0x00007ffac8e0b000 	C:\Windows\SYSTEM32\D3DSCache.dll
0x00007ffa59780000 - 0x00007ffa5df82000 	C:\Windows\System32\DriverStore\FileRepository\igdlh64.inf_amd64_e6daaea9afe1e6f6\igd12dxva64.dll
0x00007ffae80f0000 - 0x00007ffae855e000 	C:\Windows\System32\SETUPAPI.dll
0x00007ffa84fc0000 - 0x00007ffa84fe7000 	C:\Windows\System32\DriverStore\FileRepository\igdlh64.inf_amd64_e6daaea9afe1e6f6\igdinfo64.dll
0x00007ffadd380000 - 0x00007ffadd587000 	C:\Windows\SYSTEM32\twinapi.appcore.dll
0x00007ffae6ed0000 - 0x00007ffae6f79000 	C:\Windows\System32\clbcatq.dll
0x00007ffada810000 - 0x00007ffada914000 	C:\Windows\System32\AppXDeploymentClient.dll
0x00007ffa629c0000 - 0x00007ffa63992000 	C:\Windows\System32\DriverStore\FileRepository\igdlh64.inf_amd64_e6daaea9afe1e6f6\ig9icd64.dll
0x00007ffae63b0000 - 0x00007ffae63fb000 	C:\Windows\SYSTEM32\powrprof.dll
0x00007ffae6390000 - 0x00007ffae63a2000 	C:\Windows\SYSTEM32\UMPDC.dll
0x00007ffad15d0000 - 0x00007ffad184f000 	C:\Windows\SYSTEM32\dwrite.dll
0x00007ffad3160000 - 0x00007ffad3259000 	C:\Windows\SYSTEM32\textinputframework.dll
0x00007ffadffb0000 - 0x00007ffae00a2000 	C:\Windows\System32\CoreMessaging.dll
0x00007ffadfc50000 - 0x00007ffadffae000 	C:\Windows\System32\CoreUIComponents.dll
0x00007ffade8f0000 - 0x00007ffadea44000 	C:\Windows\SYSTEM32\wintypes.dll
0x00007ffae5630000 - 0x00007ffae5663000 	C:\Windows\SYSTEM32\ntmarta.dll
0x00007ffa62100000 - 0x00007ffa629b2000 	C:\Users\HP\AppData\Local\io-realm-kotlin\f7113120ba00ba1ff91d696eecd3919e85a4e34e\realmc.dll
0x00007ffae6900000 - 0x00007ffae6a5e000 	C:\Windows\System32\CRYPT32.dll

dbghelp: loaded successfully - version: 4.0.5 - missing functions: none
symbol engine: initialized successfully - sym options: 0x614 - pdb path: .;C:\Users\HP\.jdks\corretto-17.0.7\bin;C:\Windows\SYSTEM32;C:\Windows\WinSxS\amd64_microsoft.windows.common-controls_6595b64144ccf1df_6.0.19041.1110_none_60b5254171f9507e;C:\Users\HP\.jdks\corretto-17.0.7\bin\server;C:\Program Files\JetBrains\IntelliJ IDEA Community Edition 2021.3.2\bin;C:\Users\HP\.skiko\0de0d8dd8554d9bb66cfca3837db6514ff9b71080e998917280a3b777460a416;C:\Windows\System32\DriverStore\FileRepository\igdlh64.inf_amd64_e6daaea9afe1e6f6;C:\Users\HP\AppData\Local\io-realm-kotlin\f7113120ba00ba1ff91d696eecd3919e85a4e34e

VM Arguments:
jvm_args: -Djava.library.path=C:\Users\HP\Desktop\demo-compose-desktop\build\classes\kotlin\jvm\main;C:\Users\HP\Desktop\demo-compose-desktop\build\processedResources\jvm\main -javaagent:C:\Program Files\JetBrains\IntelliJ IDEA Community Edition 2021.3.2\lib\idea_rt.jar=56315:C:\Program Files\JetBrains\IntelliJ IDEA Community Edition 2021.3.2\bin -Dfile.encoding=UTF-8 
java_command: MainKt
java_class_path (initial): C:\Users\HP\Desktop\demo-compose-desktop\build\classes\kotlin\jvm\main;C:\Users\HP\Desktop\demo-compose-desktop\build\processedResources\jvm\main;C:\Users\HP\.gradle\caches\modules-2\files-2.1\io.insert-koin\koin-androidx-compose\3.4.5\ae0a88b7a68d507e651c5a3d70a541594bea54cb\koin-androidx-compose-3.4.5.aar;C:\Users\HP\.gradle\caches\modules-2\files-2.1\androidx.navigation\navigation-compose\2.6.0\3f8ce7b0bad21cced0c47b42b6347c65a6e422c3\navigation-compose-2.6.0.aar;C:\Users\HP\.gradle\caches\modules-2\files-2.1\org.jetbrains.kotlin\kotlin-stdlib-jdk8\1.8.21\67f57e154437cd9e6e9cf368394b95814836ff88\kotlin-stdlib-jdk8-1.8.21.jar;C:\Users\HP\.gradle\caches\modules-2\files-2.1\org.apache.poi\poi-ooxml\4.1.2\87d9a22aa9a7dd26e80c360e709f7ee02e32ab3b\poi-ooxml-4.1.2.jar;C:\Users\HP\.gradle\caches\modules-2\files-2.1\org.apache.poi\poi\4.1.2\964bf41cf68bce08e4ef6b2279b559fdf8d454f4\poi-4.1.2.jar;C:\Users\HP\.gradle\caches\modules-2\files-2.1\org.lwjgl\lwjgl-nfd\3.3.1\622318116996ddcff449b46cb38f0fdee39b8ac3\lwjgl-nfd-3.3.1.jar;C:\Users\HP\.gradle\caches\modules-2\files-2.1\org.lwjgl\lwjgl-nfd\3.3.1\2e007667e04ed3281152ae5c6e677fb1c2211691\lwjgl-nfd-3.3.1-natives-linux.jar;C:\Users\HP\.gradle\caches\modules-2\files-2.1\org.lwjgl\lwjgl\3.3.1\ae58664f88e18a9bb2c77b063833ca7aaec484cb\lwjgl-3.3.1.jar;C:\Users\HP\.gradle\caches\modules-2\files-2.1\io.insert-koin\koin-android\3.4.0\48715fbe06102a59a30bd45b06ed2400c16c6f45\koin-android-3.4.0.aar;C:\Users\HP\.gradle\caches\modules-2\files-2.1\org.lwjgl\lwjgl-nfd\3.3.1\b3e04e317f55dd738d8a345cdafd15b39f85a2ea\lwjgl-nfd-3.3.1-natives-linux-arm32.jar;C:\Users\HP\.gradle\caches\modules-2\files-2.1\androidx.lifecycle\lifecycle-viewmodel-compose\2.6.1\38cf3bb65ff3e0e5c3d63de2ebf5411d0898108c\lifecycle-viewmodel-compose-2.6.1.aar;C:\Users\HP\.gradle\caches\modules-2\files-2.1\org.lwjgl\lwjgl-nfd\3.3.1\f41dc62336f7ee4ab35705cfa440cc903d199165\lwjgl-nfd-3.3.1-natives-linux-arm64.jar;C:\Users\HP\.gradle\caches\mo
Launcher Type: SUN_STANDARD

[Global flags]
     intx CICompilerCount                          = 3                                         {product} {ergonomic}
     uint ConcGCThreads                            = 1                                         {product} {ergonomic}
     uint G1ConcRefinementThreads                  = 4                                         {product} {ergonomic}
   size_t G1HeapRegionSize                         = 2097152                                   {product} {ergonomic}
    uintx GCDrainStackTargetSize                   = 64                                        {product} {ergonomic}
   size_t InitialHeapSize                          = 266338304                                 {product} {ergonomic}
   size_t MarkStackSize                            = 4194304                                   {product} {ergonomic}
   size_t MaxHeapSize                              = 4255121408                                {product} {ergonomic}
   size_t MaxNewSize                               = 2552233984                                {product} {ergonomic}
   size_t MinHeapDeltaBytes                        = 2097152                                   {product} {ergonomic}
   size_t MinHeapSize                              = 8388608                                   {product} {ergonomic}
    uintx NonNMethodCodeHeapSize                   = 5832780                                {pd product} {ergonomic}
    uintx NonProfiledCodeHeapSize                  = 122912730                              {pd product} {ergonomic}
    uintx ProfiledCodeHeapSize                     = 122912730                              {pd product} {ergonomic}
    uintx ReservedCodeCacheSize                    = 251658240                              {pd product} {ergonomic}
     bool SegmentedCodeCache                       = true                                      {product} {ergonomic}
   size_t SoftMaxHeapSize                          = 4255121408                             {manageable} {ergonomic}
     bool UseCompressedClassPointers               = true                           {product lp64_product} {ergonomic}
     bool UseCompressedOops                        = true                           {product lp64_product} {ergonomic}
     bool UseG1GC                                  = true                                      {product} {ergonomic}
     bool UseLargePagesIndividualAllocation        = false                                  {pd product} {ergonomic}

Logging:
Log output configuration:
 #0: stdout all=warning uptime,level,tags
 #1: stderr all=off uptime,level,tags

Environment Variables:
PATH=C:\Program Files\Common Files\Oracle\Java\javapath;C:\Program Files (x86)\Common Files\Oracle\Java\javapath;C:\Windows\system32;C:\Windows;C:\Windows\System32\Wbem;C:\Windows\System32\WindowsPowerShell\v1.0\;C:\Windows\System32\OpenSSH\;C:\xampp\php;C:\ProgramData\ComposerSetup\bin;C:\Program Files\nodejs\;C:\Program Files (x86)\Intel\Intel(R) Management Engine Components\DAL;C:\Program Files\Intel\Intel(R) Management Engine Components\DAL;C:\Program Files\Git\cmd;C:\Program Files\Fortect;C:\Users\HP\AppData\Local\Microsoft\WindowsApps;C:\Program Files\JetBrains\IntelliJ IDEA Community Edition 2021.3.2\bin;C:\Users\HP\AppData\Local\Programs\Microsoft VS Code\bin;C:\Users\HP\AppData\Local\JetBrains\Toolbox\scripts;C:\Users\HP\AppData\Local\GitHubDesktop\bin;C:\Users\HP\Desktop\camp\flutter_windows_3.7.6-stable\flutter\bin;C:\Users\HP\AppData\Roaming\Composer\vendor\bin;C:\Users\HP\AppData\Roaming\npm
USERNAME=HP
OS=Windows_NT
PROCESSOR_IDENTIFIER=Intel64 Family 6 Model 142 Stepping 9, GenuineIntel
TMP=C:\Users\HP\AppData\Local\Temp
TEMP=C:\Users\HP\AppData\Local\Temp



---------------  S Y S T E M  ---------------

OS:
 Windows 10 , 64 bit Build 19041 (10.0.19041.3155)
OS uptime: 0 days 18:41 hours
Hyper-V role detected

CPU: total 4 (initial active 4) (2 cores per cpu, 2 threads per core) family 6 model 142 stepping 9 microcode 0xf2, cx8, cmov, fxsr, ht, mmx, 3dnowpref, sse, sse2, sse3, ssse3, sse4.1, sse4.2, popcnt, lzcnt, tsc, tscinvbit, avx, avx2, aes, erms, clmul, bmi1, bmi2, rtm, adx, fma, vzeroupper, clflush, clflushopt, hv

Memory: 4k page, system-wide physical 16224M (6303M free)
TotalPageFile size 32096M (AvailPageFile size 20077M)
current process WorkingSet (physical memory assigned to process): 258M, peak: 313M
current process commit charge ("private bytes"): 368M, peak: 434M

vm_info: OpenJDK 64-Bit Server VM (17.0.7+7-LTS) for windows-amd64 JRE (17.0.7+7-LTS), built on Apr 14 2023 01:39:21 by "Administrator" with MS VC++ 15.9 (VS2017)

END.
