#
# A fatal error has been detected by the Java Runtime Environment:
#
#  EXCEPTION_ACCESS_VIOLATION (0xc0000005) at pc=0x00007ffe74e7ebe3, pid=4228, tid=17888
#
# JRE version: OpenJDK Runtime Environment Corretto-17.0.7.7.1 (17.0.7+7) (build 17.0.7+7-LTS)
# Java VM: OpenJDK 64-Bit Server VM Corretto-17.0.7.7.1 (17.0.7+7-LTS, mixed mode, sharing, tiered, compressed oops, compressed class ptrs, g1 gc, windows-amd64)
# Problematic frame:
# C  [ig9icd64.dll+0x9bebe3]
#
# No core dump will be written. Minidumps are not enabled by default on client versions of Windows
#
# If you would like to submit a bug report, please visit:
#   https://github.com/corretto/corretto-17/issues/
# The crash happened outside the Java Virtual Machine in native code.
# See problematic frame for where to report the bug.
#

---------------  S U M M A R Y ------------

Command Line: -Djava.library.path=C:\Users\HP\Desktop\newderar\build\classes\kotlin\jvm\main;C:\Users\HP\Desktop\newderar\build\processedResources\jvm\main -javaagent:C:\Program Files\JetBrains\IntelliJ IDEA Community Edition 2021.3.2\lib\idea_rt.jar=49454:C:\Program Files\JetBrains\IntelliJ IDEA Community Edition 2021.3.2\bin -Dfile.encoding=UTF-8 MainKt

Host: Intel(R) Core(TM) i5-7300U CPU @ 2.60GHz, 4 cores, 15G,  Windows 10 , 64 bit Build 19041 (10.0.19041.3155)
Time: Sat Jul  8 14:55:31 2023 Libya Standard Time elapsed time: 70.118062 seconds (0d 0h 1m 10s)

---------------  T H R E A D  ---------------

Current thread (0x000001c0f68afe10):  JavaThread "AWT-EventQueue-0" [_thread_in_native, id=17888, stack(0x00000003c3c00000,0x00000003c3d00000)]

Stack: [0x00000003c3c00000,0x00000003c3d00000],  sp=0x00000003c3cfc7c8,  free space=1009k
Native frames: (J=compiled Java code, j=interpreted, Vv=VM code, C=native code)
C  [ig9icd64.dll+0x9bebe3]

Java frames: (J=compiled Java code, j=interpreted, Vv=VM code)
J 4701  org.jetbrains.skia.DirectContextKt.DirectContext_nFlush(J)V (0 bytes) @ 0x000001c0de3f5e69 [0x000001c0de3f5e20+0x0000000000000049]
J 5424 c2 org.jetbrains.skiko.redrawer.WindowsOpenGLRedrawer$Companion$frameDispatcher$1.invokeSuspend(Ljava/lang/Object;)Ljava/lang/Object; (379 bytes) @ 0x000001c0de5066bc [0x000001c0de504f80+0x000000000000173c]
J 4572 c1 org.jetbrains.skiko.redrawer.WindowsOpenGLRedrawer$Companion$frameDispatcher$1.invoke(Ljava/lang/Object;)Ljava/lang/Object; (9 bytes) @ 0x000001c0d6fd8b84 [0x000001c0d6fd8620+0x0000000000000564]
J 6037 c1 org.jetbrains.skiko.FrameDispatcher$job$1.invokeSuspend(Ljava/lang/Object;)Ljava/lang/Object; (156 bytes) @ 0x000001c0d70c33c4 [0x000001c0d70c2a20+0x00000000000009a4]
J 4605 c2 kotlin.coroutines.jvm.internal.BaseContinuationImpl.resumeWith(Ljava/lang/Object;)V (128 bytes) @ 0x000001c0de3da700 [0x000001c0de3da6a0+0x0000000000000060]
J 4625 c2 kotlinx.coroutines.DispatchedTask.run()V (571 bytes) @ 0x000001c0de3e06c8 [0x000001c0de3e0320+0x00000000000003a8]
J 4715 c2 java.awt.EventQueue.dispatchEvent(Ljava/awt/AWTEvent;)V java.desktop@17.0.7 (80 bytes) @ 0x000001c0de411338 [0x000001c0de410d60+0x00000000000005d8]
J 4716 c2 java.awt.EventDispatchThread.pumpOneEventForFilters(I)V java.desktop@17.0.7 (113 bytes) @ 0x000001c0de413eac [0x000001c0de4137c0+0x00000000000006ec]
j  java.awt.EventDispatchThread.pumpEventsForFilter(ILjava/awt/Conditional;Ljava/awt/EventFilter;)V+35 java.desktop@17.0.7
j  java.awt.EventDispatchThread.pumpEventsForHierarchy(ILjava/awt/Conditional;Ljava/awt/Component;)V+11 java.desktop@17.0.7
j  java.awt.EventDispatchThread.pumpEvents(ILjava/awt/Conditional;)V+4 java.desktop@17.0.7
j  java.awt.EventDispatchThread.pumpEvents(Ljava/awt/Conditional;)V+3 java.desktop@17.0.7
j  java.awt.EventDispatchThread.run()V+9 java.desktop@17.0.7
v  ~StubRoutines::call_stub

siginfo: EXCEPTION_ACCESS_VIOLATION (0xc0000005), reading address 0xffffffffffffffff


Register to memory mapping:

RIP=0x00007ffe74e7ebe3 ig9icd64.dll
RAX=0x000000000fff0fff is an unknown value
RBX=0x00007ffe744c0000 ig9icd64.dll
RCX=0x000000033fcf3fcc is an unknown value
RDX=0x00000003c3cfcce0 is pointing into the stack for thread: 0x000001c0f68afe10
RSP=0x00000003c3cfc7c8 is pointing into the stack for thread: 0x000001c0f68afe10
RBP=0x00000003c3cfc8d0 is pointing into the stack for thread: 0x000001c0f68afe10
RSI=0x000001c0f75efe80 points into unknown readable memory: 0x000001c0f7581e80 | 80 1e 58 f7 c0 01 00 00
RDI=0x00000003c3cfcad0 is pointing into the stack for thread: 0x000001c0f68afe10
R8 =0x00000003c3cfc900 is pointing into the stack for thread: 0x000001c0f68afe10
R9 =0x00000003c3cfcce0 is pointing into the stack for thread: 0x000001c0f68afe10
R10=0x00000003c3cfcad0 is pointing into the stack for thread: 0x000001c0f68afe10
R11=0x0 is NULL
R12=0x00007ffe752f15e0 ig9icd64.dll
R13=0x0 is NULL
R14=0x0 is NULL
R15=0x00000000000001c1 is an unknown value


Registers:
RAX=0x000000000fff0fff, RBX=0x00007ffe744c0000, RCX=0x000000033fcf3fcc, RDX=0x00000003c3cfcce0
RSP=0x00000003c3cfc7c8, RBP=0x00000003c3cfc8d0, RSI=0x000001c0f75efe80, RDI=0x00000003c3cfcad0
R8 =0x00000003c3cfc900, R9 =0x00000003c3cfcce0, R10=0x00000003c3cfcad0, R11=0x0000000000000000
R12=0x00007ffe752f15e0, R13=0x0000000000000000, R14=0x0000000000000000, R15=0x00000000000001c1
RIP=0x00007ffe74e7ebe3, EFLAGS=0x0000000000010206

Top of Stack: (sp=0x00000003c3cfc7c8)
0x00000003c3cfc7c8:   00007ffe74e7c31b 0000000000000001
0x00000003c3cfc7d8:   0000000000000000 000001c08183e000
0x00000003c3cfc7e8:   00007ffeda002622 0000000300000065
0x00000003c3cfc7f8:   00000003c3cfca00 0000000000000000
0x00000003c3cfc808:   000001c0f69386e0 0000000000000000
0x00000003c3cfc818:   000001c0fea20fb0 000001c08183e0c0
0x00000003c3cfc828:   0000000000001100 0000000000000000
0x00000003c3cfc838:   0000000000000000 00000003c3cfc9b0
0x00000003c3cfc848:   00007ffe74b179c0 0000000000000000
0x00000003c3cfc858:   0000000000000000 0000000000000000
0x00000003c3cfc868:   0000000000000000 0000f2a800f9cf04
0x00000003c3cfc878:   00007ffe744d6555 000001c08183e0c0
0x00000003c3cfc888:   0000000000000001 0000000000000000
0x00000003c3cfc898:   00007ffee9b7b86b 00000000019502ad
0x00000003c3cfc8a8:   000000000000001f 000001c0f720fef0
0x00000003c3cfc8b8:   0000000000000000 0000000000000000 

Instructions: (pc=0x00007ffe74e7ebe3)
0x00007ffe74e7eae3:   c1 75 31 00 48 89 51 08 48 89 01 8b 44 24 28 89
0x00007ffe74e7eaf3:   41 20 8b 44 24 30 89 41 24 48 8b c1 4c 89 41 10
0x00007ffe74e7eb03:   4c 89 49 18 c3 cc cc cc cc cc cc cc cc 48 89 5c
0x00007ffe74e7eb13:   24 08 8b 41 5c 48 8d 1d e1 14 64 ff 41 89 40 08
0x00007ffe74e7eb23:   4c 8b d1 8b 41 60 45 33 db 41 89 40 0c 4c 8b ca
0x00007ffe74e7eb33:   8b 41 64 41 89 40 10 8b 41 68 41 89 40 14 8b 41
0x00007ffe74e7eb43:   6c 41 89 40 18 8b 41 70 41 89 40 1c 48 63 41 74
0x00007ffe74e7eb53:   48 6b c8 34 8b 84 19 44 d1 ee 00 41 89 40 20 8b
0x00007ffe74e7eb63:   84 19 48 d1 ee 00 41 89 40 24 8b 84 19 4c d1 ee
0x00007ffe74e7eb73:   00 41 89 40 28 8b 84 19 50 d1 ee 00 41 89 40 2c
0x00007ffe74e7eb83:   8b 84 19 34 d1 ee 00 41 89 40 30 8b 84 19 38 d1
0x00007ffe74e7eb93:   ee 00 41 89 40 34 8b 84 19 3c d1 ee 00 41 89 40
0x00007ffe74e7eba3:   38 8b 84 19 40 d1 ee 00 41 89 40 3c 8b 84 19 24
0x00007ffe74e7ebb3:   d1 ee 00 41 89 40 40 8b 84 19 28 d1 ee 00 41 89
0x00007ffe74e7ebc3:   40 44 8b 84 19 2c d1 ee 00 41 89 40 48 8b 84 19
0x00007ffe74e7ebd3:   30 d1 ee 00 41 89 40 4c 49 63 42 78 48 6b c8 34
0x00007ffe74e7ebe3:   8b 84 19 44 d1 ee 00 41 89 40 50 8b 84 19 48 d1
0x00007ffe74e7ebf3:   ee 00 41 89 40 54 8b 84 19 4c d1 ee 00 41 89 40
0x00007ffe74e7ec03:   58 8b 84 19 50 d1 ee 00 41 89 40 5c 8b 84 19 34
0x00007ffe74e7ec13:   d1 ee 00 41 89 40 60 8b 84 19 38 d1 ee 00 41 89
0x00007ffe74e7ec23:   40 64 8b 84 19 3c d1 ee 00 41 89 40 68 8b 84 19
0x00007ffe74e7ec33:   40 d1 ee 00 41 89 40 6c 8b 84 19 24 d1 ee 00 41
0x00007ffe74e7ec43:   89 40 70 8b 84 19 28 d1 ee 00 41 89 40 74 8b 84
0x00007ffe74e7ec53:   19 2c d1 ee 00 41 89 40 78 8b 84 19 30 d1 ee 00
0x00007ffe74e7ec63:   41 89 40 7c 48 8b 42 18 8b 88 38 0b 00 00 f6 c1
0x00007ffe74e7ec73:   08 0f 84 86 00 00 00 8b 80 3c 0b 00 00 41 89 80
0x00007ffe74e7ec83:   80 00 00 00 48 8b 42 18 8b 88 40 0b 00 00 41 89
0x00007ffe74e7ec93:   88 84 00 00 00 48 8b 42 18 8b 88 44 0b 00 00 41
0x00007ffe74e7eca3:   89 88 88 00 00 00 48 8b 42 18 8b 88 48 0b 00 00
0x00007ffe74e7ecb3:   41 89 88 8c 00 00 00 48 8b 42 18 8b 88 4c 0b 00
0x00007ffe74e7ecc3:   00 41 89 88 90 00 00 00 48 8b 42 18 8b 88 50 0b
0x00007ffe74e7ecd3:   00 00 41 89 88 94 00 00 00 48 8b 42 18 8b 88 54 


Stack slot to memory mapping:
stack at sp + 0 slots: 0x00007ffe74e7c31b ig9icd64.dll
stack at sp + 1 slots: 0x0000000000000001 is an unknown value
stack at sp + 2 slots: 0x0 is NULL
stack at sp + 3 slots: 0x000001c08183e000 points into unknown readable memory: 0x0000000000000000 | 00 00 00 00 00 00 00 00
stack at sp + 4 slots: 0x00007ffeda002622 igdgmm64.dll
stack at sp + 5 slots: 0x0000000300000065 is an unknown value
stack at sp + 6 slots: 0x00000003c3cfca00 is pointing into the stack for thread: 0x000001c0f68afe10
stack at sp + 7 slots: 0x0 is NULL


---------------  P R O C E S S  ---------------

Threads class SMR info:
_java_thread_list=0x000001c0f7063c40, length=27, elements={
0x000001c0cd3d5cd0, 0x000001c0f1a190b0, 0x000001c0f1a19f20, 0x000001c0f1a32140,
0x000001c0f1a32cf0, 0x000001c0f1a357b0, 0x000001c0f1a36160, 0x000001c0f1a36e40,
0x000001c0f1b48140, 0x000001c0f1b50b40, 0x000001c0f1a058d0, 0x000001c0f1f3e120,
0x000001c0f1f3e5f0, 0x000001c0f6ac8500, 0x000001c0f6235780, 0x000001c0f68afe10,
0x000001c0f6ce5210, 0x000001c0f6d7e950, 0x000001c0f6d7f7c0, 0x000001c0f6d7be00,
0x000001c0f6d7c7a0, 0x000001c0f6d7dfb0, 0x000001c0fe4de420, 0x000001c0fe4dd0e0,
0x000001c0fe4e0aa0, 0x000001c0fe4e0100, 0x000001c0fe4da590
}

Java Threads: ( => current thread )
  0x000001c0cd3d5cd0 JavaThread "main" [_thread_blocked, id=17812, stack(0x00000003c2200000,0x00000003c2300000)]
  0x000001c0f1a190b0 JavaThread "Reference Handler" daemon [_thread_blocked, id=18768, stack(0x00000003c2900000,0x00000003c2a00000)]
  0x000001c0f1a19f20 JavaThread "Finalizer" daemon [_thread_blocked, id=4160, stack(0x00000003c2a00000,0x00000003c2b00000)]
  0x000001c0f1a32140 JavaThread "Signal Dispatcher" daemon [_thread_blocked, id=2068, stack(0x00000003c2b00000,0x00000003c2c00000)]
  0x000001c0f1a32cf0 JavaThread "Attach Listener" daemon [_thread_blocked, id=9328, stack(0x00000003c2c00000,0x00000003c2d00000)]
  0x000001c0f1a357b0 JavaThread "Service Thread" daemon [_thread_blocked, id=7316, stack(0x00000003c2d00000,0x00000003c2e00000)]
  0x000001c0f1a36160 JavaThread "Monitor Deflation Thread" daemon [_thread_blocked, id=15112, stack(0x00000003c2e00000,0x00000003c2f00000)]
  0x000001c0f1a36e40 JavaThread "C2 CompilerThread0" daemon [_thread_blocked, id=15748, stack(0x00000003c2f00000,0x00000003c3000000)]
  0x000001c0f1b48140 JavaThread "C1 CompilerThread0" daemon [_thread_blocked, id=5952, stack(0x00000003c3000000,0x00000003c3100000)]
  0x000001c0f1b50b40 JavaThread "Sweeper thread" daemon [_thread_blocked, id=18036, stack(0x00000003c3100000,0x00000003c3200000)]
  0x000001c0f1a058d0 JavaThread "Common-Cleaner" daemon [_thread_blocked, id=11984, stack(0x00000003c3200000,0x00000003c3300000)]
  0x000001c0f1f3e120 JavaThread "Monitor Ctrl-Break" daemon [_thread_in_native, id=12888, stack(0x00000003c3400000,0x00000003c3500000)]
  0x000001c0f1f3e5f0 JavaThread "Notification Thread" daemon [_thread_blocked, id=1412, stack(0x00000003c3500000,0x00000003c3600000)]
  0x000001c0f6ac8500 JavaThread "Java2D Disposer" daemon [_thread_blocked, id=3564, stack(0x00000003c3300000,0x00000003c3400000)]
  0x000001c0f6235780 JavaThread "AWT-Shutdown" [_thread_blocked, id=16656, stack(0x00000003c3a00000,0x00000003c3b00000)]
=>0x000001c0f68afe10 JavaThread "AWT-EventQueue-0" [_thread_in_native, id=17888, stack(0x00000003c3c00000,0x00000003c3d00000)]
  0x000001c0f6ce5210 JavaThread "Reference Cleaner" daemon [_thread_blocked, id=9584, stack(0x00000003c3e00000,0x00000003c3f00000)]
  0x000001c0f6d7e950 JavaThread "DefaultDispatcher-worker-2" daemon [_thread_blocked, id=16624, stack(0x00000003c4000000,0x00000003c4100000)]
  0x000001c0f6d7f7c0 JavaThread "DefaultDispatcher-worker-3" daemon [_thread_blocked, id=13424, stack(0x00000003c4100000,0x00000003c4200000)]
  0x000001c0f6d7be00 JavaThread "kotlinx.coroutines.DefaultExecutor" daemon [_thread_blocked, id=18296, stack(0x00000003c4200000,0x00000003c4300000)]
  0x000001c0f6d7c7a0 JavaThread "TimerQueue" daemon [_thread_blocked, id=10508, stack(0x00000003c4500000,0x00000003c4600000)]
  0x000001c0f6d7dfb0 JavaThread "RealmFinalizingDaemon" daemon [_thread_blocked, id=7704, stack(0x00000003c4800000,0x00000003c4900000)]
  0x000001c0fe4de420 JavaThread "core-notifier" daemon [_thread_in_native, id=7840, stack(0x00000003c4a00000,0x00000003c4b00000)]
  0x000001c0fe4dd0e0 JavaThread "DefaultDispatcher-worker-4" daemon [_thread_blocked, id=3960, stack(0x00000003c4600000,0x00000003c4700000)]
  0x000001c0fe4e0aa0 JavaThread "DefaultDispatcher-worker-5" daemon [_thread_blocked, id=16408, stack(0x00000003c4c00000,0x00000003c4d00000)]
  0x000001c0fe4e0100 JavaThread "DefaultDispatcher-worker-1" daemon [_thread_blocked, id=5064, stack(0x00000003c4d00000,0x00000003c4e00000)]
  0x000001c0fe4da590 JavaThread "SIGINT handler" daemon [_thread_blocked, id=9924, stack(0x00000003c1f00000,0x00000003c2000000)]

Other Threads:
  0x000001c0f1a144b0 VMThread "VM Thread" [stack: 0x00000003c2800000,0x00000003c2900000] [id=10816]
  0x000001c0cd4587f0 WatcherThread [stack: 0x00000003c3600000,0x00000003c3700000] [id=14236]
  0x000001c0cd43fe60 GCTaskThread "GC Thread#0" [stack: 0x00000003c2300000,0x00000003c2400000] [id=628]
  0x000001c0f6296d50 GCTaskThread "GC Thread#1" [stack: 0x00000003c3700000,0x00000003c3800000] [id=14396]
  0x000001c0f6467a20 GCTaskThread "GC Thread#2" [stack: 0x00000003c3800000,0x00000003c3900000] [id=19284]
  0x000001c0f69d6720 GCTaskThread "GC Thread#3" [stack: 0x00000003c3900000,0x00000003c3a00000] [id=18664]
  0x000001c0cd450b30 ConcurrentGCThread "G1 Main Marker" [stack: 0x00000003c2400000,0x00000003c2500000] [id=3540]
  0x000001c0cd451d80 ConcurrentGCThread "G1 Conc#0" [stack: 0x00000003c2500000,0x00000003c2600000] [id=17256]
  0x000001c0cd48df70 ConcurrentGCThread "G1 Refine#0" [stack: 0x00000003c2600000,0x00000003c2700000] [id=16644]
  0x000001c0cd48e990 ConcurrentGCThread "G1 Service" [stack: 0x00000003c2700000,0x00000003c2800000] [id=4944]

Threads with active compile tasks:

VM state: not at safepoint (normal execution)

VM Mutex/Monitor currently owned by a thread: None

Heap address: 0x0000000702600000, size: 4058 MB, Compressed Oops mode: Zero based, Oop shift amount: 3

CDS archive(s) mapped at: [0x0000000800000000-0x0000000800bc0000-0x0000000800bc0000), size 12320768, SharedBaseAddress: 0x0000000800000000, ArchiveRelocationMode: 0.
Compressed class space mapped at: 0x0000000801000000-0x0000000841000000, reserved size: 1073741824
Narrow klass base: 0x0000000800000000, Narrow klass shift: 0, Narrow klass range: 0x100000000

GC Precious Log:
 CPUs: 4 total, 4 available
 Memory: 16224M
 Large Page Support: Disabled
 NUMA Support: Disabled
 Compressed Oops: Enabled (Zero based)
 Heap Region Size: 2M
 Heap Min Capacity: 8M
 Heap Initial Capacity: 254M
 Heap Max Capacity: 4058M
 Pre-touch: Disabled
 Parallel Workers: 4
 Concurrent Workers: 1
 Concurrent Refinement Workers: 4
 Periodic GC: Disabled

Heap:
 garbage-first heap   total 81920K, used 36087K [0x0000000702600000, 0x0000000800000000)
  region size 2048K, 7 young (14336K), 0 survivors (0K)
 Metaspace       used 34989K, committed 35200K, reserved 1114112K
  class space    used 3755K, committed 3840K, reserved 1048576K

Heap Regions: E=young(eden), S=young(survivor), O=old, HS=humongous(starts), HC=humongous(continues), CS=collection set, F=free, OA=open archive, CA=closed archive, TAMS=top-at-mark-start (previous, next)
|   0|0x0000000702600000, 0x0000000702800000, 0x0000000702800000|100%|HS|  |TAMS 0x0000000702800000, 0x0000000702600000| Untracked 
|   1|0x0000000702800000, 0x0000000702a00000, 0x0000000702a00000|100%| O|  |TAMS 0x0000000702a00000, 0x0000000702800000| Untracked 
|   2|0x0000000702a00000, 0x0000000702c00000, 0x0000000702c00000|100%| O|  |TAMS 0x0000000702c00000, 0x0000000702a00000| Untracked 
|   3|0x0000000702c00000, 0x0000000702dfc600, 0x0000000702e00000| 99%| O|  |TAMS 0x0000000702c00000, 0x0000000702c00000| Untracked 
|   4|0x0000000702e00000, 0x0000000702f58968, 0x0000000703000000| 67%| O|  |TAMS 0x0000000702e00000, 0x0000000702e00000| Untracked 
|   5|0x0000000703000000, 0x00000007031990e0, 0x0000000703200000| 79%| O|  |TAMS 0x0000000703000000, 0x0000000703000000| Untracked 
|   6|0x0000000703200000, 0x00000007033ffff0, 0x0000000703400000| 99%| O|  |TAMS 0x00000007033ffff0, 0x0000000703200000| Untracked 
|   7|0x0000000703400000, 0x0000000703400000, 0x0000000703600000|  0%| F|  |TAMS 0x0000000703400000, 0x0000000703400000| Untracked 
|   8|0x0000000703600000, 0x0000000703600000, 0x0000000703800000|  0%| F|  |TAMS 0x0000000703600000, 0x0000000703600000| Untracked 
|   9|0x0000000703800000, 0x0000000703800000, 0x0000000703a00000|  0%| F|  |TAMS 0x0000000703800000, 0x0000000703800000| Untracked 
|  10|0x0000000703a00000, 0x0000000703c00000, 0x0000000703c00000|100%| O|  |TAMS 0x0000000703c00000, 0x0000000703a00000| Untracked 
|  11|0x0000000703c00000, 0x0000000703c00000, 0x0000000703e00000|  0%| F|  |TAMS 0x0000000703c00000, 0x0000000703c00000| Untracked 
|  12|0x0000000703e00000, 0x0000000703e00000, 0x0000000704000000|  0%| F|  |TAMS 0x0000000703e00000, 0x0000000703e00000| Untracked 
|  13|0x0000000704000000, 0x0000000704000000, 0x0000000704200000|  0%| F|  |TAMS 0x0000000704000000, 0x0000000704000000| Untracked 
|  14|0x0000000704200000, 0x0000000704200000, 0x0000000704400000|  0%| F|  |TAMS 0x0000000704200000, 0x0000000704200000| Untracked 
|  15|0x0000000704400000, 0x0000000704600000, 0x0000000704600000|100%|HS|  |TAMS 0x0000000704600000, 0x0000000704400000| Untracked 
|  16|0x0000000704600000, 0x0000000704800000, 0x0000000704800000|100%|HC|  |TAMS 0x0000000704800000, 0x0000000704600000| Untracked 
|  17|0x0000000704800000, 0x0000000704a00000, 0x0000000704a00000|100%|HC|  |TAMS 0x0000000704a00000, 0x0000000704800000| Untracked 
|  18|0x0000000704a00000, 0x0000000704c00000, 0x0000000704c00000|100%|HC|  |TAMS 0x0000000704c00000, 0x0000000704a00000| Untracked 
|  19|0x0000000704c00000, 0x0000000704c00000, 0x0000000704e00000|  0%| F|  |TAMS 0x0000000704c00000, 0x0000000704c00000| Untracked 
|  20|0x0000000704e00000, 0x0000000704e00000, 0x0000000705000000|  0%| F|  |TAMS 0x0000000704e00000, 0x0000000704e00000| Untracked 
|  21|0x0000000705000000, 0x0000000705000000, 0x0000000705200000|  0%| F|  |TAMS 0x0000000705000000, 0x0000000705000000| Untracked 
|  22|0x0000000705200000, 0x0000000705200000, 0x0000000705400000|  0%| F|  |TAMS 0x0000000705200000, 0x0000000705200000| Untracked 
|  23|0x0000000705400000, 0x0000000705400000, 0x0000000705600000|  0%| F|  |TAMS 0x0000000705400000, 0x0000000705400000| Untracked 
|  24|0x0000000705600000, 0x0000000705600000, 0x0000000705800000|  0%| F|  |TAMS 0x0000000705600000, 0x0000000705600000| Untracked 
|  25|0x0000000705800000, 0x0000000705800000, 0x0000000705a00000|  0%| F|  |TAMS 0x0000000705800000, 0x0000000705800000| Untracked 
|  26|0x0000000705a00000, 0x0000000705a00000, 0x0000000705c00000|  0%| F|  |TAMS 0x0000000705a00000, 0x0000000705a00000| Untracked 
|  27|0x0000000705c00000, 0x0000000705c00000, 0x0000000705e00000|  0%| F|  |TAMS 0x0000000705c00000, 0x0000000705c00000| Untracked 
|  28|0x0000000705e00000, 0x0000000705e00000, 0x0000000706000000|  0%| F|  |TAMS 0x0000000705e00000, 0x0000000705e00000| Untracked 
|  29|0x0000000706000000, 0x0000000706000000, 0x0000000706200000|  0%| F|  |TAMS 0x0000000706000000, 0x0000000706000000| Untracked 
|  30|0x0000000706200000, 0x0000000706200000, 0x0000000706400000|  0%| F|  |TAMS 0x0000000706200000, 0x0000000706200000| Untracked 
|  31|0x0000000706400000, 0x0000000706400000, 0x0000000706600000|  0%| F|  |TAMS 0x0000000706400000, 0x0000000706400000| Untracked 
|  32|0x0000000706600000, 0x00000007066b4320, 0x0000000706800000| 35%| E|  |TAMS 0x0000000706600000, 0x0000000706600000| Complete 
|  33|0x0000000706800000, 0x0000000706a00000, 0x0000000706a00000|100%| E|CS|TAMS 0x0000000706800000, 0x0000000706800000| Complete 
|  34|0x0000000706a00000, 0x0000000706c00000, 0x0000000706c00000|100%| E|CS|TAMS 0x0000000706a00000, 0x0000000706a00000| Complete 
|  35|0x0000000706c00000, 0x0000000706e00000, 0x0000000706e00000|100%| E|CS|TAMS 0x0000000706c00000, 0x0000000706c00000| Complete 
|  36|0x0000000706e00000, 0x0000000706e4ff78, 0x0000000707000000| 15%| O|  |TAMS 0x0000000706e00000, 0x0000000706e00000| Untracked 
|  37|0x0000000707000000, 0x0000000707200000, 0x0000000707200000|100%| E|CS|TAMS 0x0000000707000000, 0x0000000707000000| Complete 
|  38|0x0000000707200000, 0x0000000707400000, 0x0000000707400000|100%| E|CS|TAMS 0x0000000707200000, 0x0000000707200000| Complete 
|  39|0x0000000707400000, 0x0000000707600000, 0x0000000707600000|100%| E|CS|TAMS 0x0000000707400000, 0x0000000707400000| Complete 

Card table byte_map: [0x000001c0e64f0000,0x000001c0e6ce0000] _byte_map_base: 0x000001c0e2cdd000

Marking Bits (Prev, Next): (CMBitMap*) 0x000001c0cd4404b0, (CMBitMap*) 0x000001c0cd440470
 Prev Bits: [0x000001c0eb440000, 0x000001c0ef3a8000)
 Next Bits: [0x000001c0e74d0000, 0x000001c0eb438000)

Polling page: 0x000001c0cd280000

Metaspace:

Usage:
  Non-class:     30.50 MB used.
      Class:      3.67 MB used.
       Both:     34.17 MB used.

Virtual space:
  Non-class space:       64.00 MB reserved,      30.63 MB ( 48%) committed,  1 nodes.
      Class space:        1.00 GB reserved,       3.75 MB ( <1%) committed,  1 nodes.
             Both:        1.06 GB reserved,      34.38 MB (  3%) committed. 

Chunk freelists:
   Non-Class:  1.02 MB
       Class:  12.25 MB
        Both:  13.27 MB

MaxMetaspaceSize: unlimited
CompressedClassSpaceSize: 1.00 GB
Initial GC threshold: 21.00 MB
Current GC threshold: 57.13 MB
CDS: on
MetaspaceReclaimPolicy: balanced
 - commit_granule_bytes: 65536.
 - commit_granule_words: 8192.
 - virtual_space_node_default_size: 8388608.
 - enlarge_chunks_in_place: 1.
 - new_chunks_are_fully_committed: 0.
 - uncommit_free_chunks: 1.
 - use_allocation_guard: 0.
 - handle_deallocations: 1.


Internal statistics:

num_allocs_failed_limit: 3.
num_arena_births: 160.
num_arena_deaths: 0.
num_vsnodes_births: 2.
num_vsnodes_deaths: 0.
num_space_committed: 550.
num_space_uncommitted: 0.
num_chunks_returned_to_freelist: 3.
num_chunks_taken_from_freelist: 1081.
num_chunk_merges: 3.
num_chunk_splits: 932.
num_chunks_enlarged: 854.
num_inconsistent_stats: 0.

CodeHeap 'non-profiled nmethods': size=120000Kb used=4142Kb max_used=4142Kb free=115857Kb
 bounds [0x000001c0de1b0000, 0x000001c0de5c0000, 0x000001c0e56e0000]
CodeHeap 'profiled nmethods': size=120000Kb used=10425Kb max_used=10425Kb free=109574Kb
 bounds [0x000001c0d66e0000, 0x000001c0d7110000, 0x000001c0ddc10000]
CodeHeap 'non-nmethods': size=5760Kb used=1872Kb max_used=1953Kb free=3887Kb
 bounds [0x000001c0ddc10000, 0x000001c0dde80000, 0x000001c0de1b0000]
 total_blobs=6735 nmethods=5392 adapters=1254
 compilation: enabled
              stopped_count=0, restarted_count=0
 full_count=0

Compilation events (20 events):
Event: 70.076 Thread 0x000001c0f1b48140 6158       1       java.lang.reflect.Method::getDeclaringClass (5 bytes)
Event: 70.077 Thread 0x000001c0f1b48140 nmethod 6158 0x000001c0de5bb590 code [0x000001c0de5bb720, 0x000001c0de5bb7f8]
Event: 70.077 Thread 0x000001c0f1b48140 6159       3       java.lang.reflect.Method::getParameterCount (6 bytes)
Event: 70.077 Thread 0x000001c0f1b48140 nmethod 6159 0x000001c0d710ba10 code [0x000001c0d710bba0, 0x000001c0d710bcb8]
Event: 70.078 Thread 0x000001c0f1a36e40 6160       4       java.lang.StringBuilder::append (8 bytes)
Event: 70.078 Thread 0x000001c0f1a36e40 nmethod 6160 0x000001c0de5bb890 code [0x000001c0de5bba20, 0x000001c0de5bbac8]
Event: 70.088 Thread 0x000001c0f1b48140 6161       3       kotlinx.coroutines.CompletedExceptionally::<init> (15 bytes)
Event: 70.088 Thread 0x000001c0f1b48140 nmethod 6161 0x000001c0d710bd90 code [0x000001c0d710bf40, 0x000001c0d710c1b8]
Event: 70.090 Thread 0x000001c0f1b48140 6162       3       java.nio.charset.CoderResult::isOverflow (14 bytes)
Event: 70.090 Thread 0x000001c0f1b48140 nmethod 6162 0x000001c0d710c290 code [0x000001c0d710c420, 0x000001c0d710c598]
Event: 70.090 Thread 0x000001c0f1b48140 6163       3       java.nio.CharBuffer::array (35 bytes)
Event: 70.090 Thread 0x000001c0f1b48140 nmethod 6163 0x000001c0d710c610 code [0x000001c0d710c7e0, 0x000001c0d710cab8]
Event: 70.090 Thread 0x000001c0f1b48140 6164       3       java.nio.CharBuffer::hasArray (20 bytes)
Event: 70.090 Thread 0x000001c0f1b48140 nmethod 6164 0x000001c0d710cc10 code [0x000001c0d710cda0, 0x000001c0d710cf58]
Event: 70.090 Thread 0x000001c0f1b48140 6165       3       sun.nio.cs.UTF_8::updatePositions (23 bytes)
Event: 70.091 Thread 0x000001c0f1b48140 nmethod 6165 0x000001c0d710d010 code [0x000001c0d710d1e0, 0x000001c0d710d618]
Event: 70.091 Thread 0x000001c0f1b48140 6167       3       java.io.BufferedWriter::newLine (8 bytes)
Event: 70.091 Thread 0x000001c0f1b48140 nmethod 6167 0x000001c0d710d790 code [0x000001c0d710d960, 0x000001c0d710dd08]
Event: 70.091 Thread 0x000001c0f1b48140 6166   !   3       java.io.BufferedWriter::flushBuffer (53 bytes)
Event: 70.091 Thread 0x000001c0f1b48140 nmethod 6166 0x000001c0d710de90 code [0x000001c0d710e080, 0x000001c0d710e578]

GC Heap History (20 events):
Event: 3.588 GC heap before
{Heap before GC invocations=3 (full 0):
 garbage-first heap   total 260096K, used 46411K [0x0000000702600000, 0x0000000800000000)
  region size 2048K, 20 young (40960K), 1 survivors (2048K)
 Metaspace       used 21347K, committed 21504K, reserved 1114112K
  class space    used 2284K, committed 2368K, reserved 1048576K
}
Event: 3.593 GC heap after
{Heap after GC invocations=4 (full 0):
 garbage-first heap   total 260096K, used 11114K [0x0000000702600000, 0x0000000800000000)
  region size 2048K, 2 young (4096K), 2 survivors (4096K)
 Metaspace       used 21347K, committed 21504K, reserved 1114112K
  class space    used 2284K, committed 2368K, reserved 1048576K
}
Event: 5.631 GC heap before
{Heap before GC invocations=5 (full 0):
 garbage-first heap   total 55296K, used 43882K [0x0000000702600000, 0x0000000800000000)
  region size 2048K, 13 young (26624K), 2 survivors (4096K)
 Metaspace       used 25140K, committed 25280K, reserved 1114112K
  class space    used 2727K, committed 2816K, reserved 1048576K
}
Event: 5.639 GC heap after
{Heap after GC invocations=6 (full 0):
 garbage-first heap   total 55296K, used 24650K [0x0000000702600000, 0x0000000800000000)
  region size 2048K, 2 young (4096K), 2 survivors (4096K)
 Metaspace       used 25140K, committed 25280K, reserved 1114112K
  class space    used 2727K, committed 2816K, reserved 1048576K
}
Event: 5.681 GC heap before
{Heap before GC invocations=6 (full 0):
 garbage-first heap   total 55296K, used 24650K [0x0000000702600000, 0x0000000800000000)
  region size 2048K, 3 young (6144K), 2 survivors (4096K)
 Metaspace       used 25348K, committed 25600K, reserved 1114112K
  class space    used 2742K, committed 2880K, reserved 1048576K
}
Event: 5.685 GC heap after
{Heap after GC invocations=7 (full 0):
 garbage-first heap   total 55296K, used 19070K [0x0000000702600000, 0x0000000800000000)
  region size 2048K, 1 young (2048K), 1 survivors (2048K)
 Metaspace       used 25348K, committed 25600K, reserved 1114112K
  class space    used 2742K, committed 2880K, reserved 1048576K
}
Event: 6.212 GC heap before
{Heap before GC invocations=7 (full 0):
 garbage-first heap   total 55296K, used 37502K [0x0000000702600000, 0x0000000800000000)
  region size 2048K, 10 young (20480K), 1 survivors (2048K)
 Metaspace       used 29036K, committed 29248K, reserved 1114112K
  class space    used 3224K, committed 3328K, reserved 1048576K
}
Event: 6.214 GC heap after
{Heap after GC invocations=8 (full 0):
 garbage-first heap   total 55296K, used 20133K [0x0000000702600000, 0x0000000800000000)
  region size 2048K, 1 young (2048K), 1 survivors (2048K)
 Metaspace       used 29036K, committed 29248K, reserved 1114112K
  class space    used 3224K, committed 3328K, reserved 1048576K
}
Event: 6.568 GC heap before
{Heap before GC invocations=8 (full 0):
 garbage-first heap   total 55296K, used 38565K [0x0000000702600000, 0x0000000800000000)
  region size 2048K, 11 young (22528K), 1 survivors (2048K)
 Metaspace       used 32644K, committed 32896K, reserved 1114112K
  class space    used 3648K, committed 3776K, reserved 1048576K
}
Event: 6.571 GC heap after
{Heap after GC invocations=9 (full 0):
 garbage-first heap   total 55296K, used 21232K [0x0000000702600000, 0x0000000800000000)
  region size 2048K, 2 young (4096K), 2 survivors (4096K)
 Metaspace       used 32644K, committed 32896K, reserved 1114112K
  class space    used 3648K, committed 3776K, reserved 1048576K
}
Event: 6.674 GC heap before
{Heap before GC invocations=9 (full 0):
 garbage-first heap   total 55296K, used 23280K [0x0000000702600000, 0x0000000800000000)
  region size 2048K, 4 young (8192K), 2 survivors (4096K)
 Metaspace       used 33035K, committed 33216K, reserved 1114112K
  class space    used 3694K, committed 3776K, reserved 1048576K
}
Event: 6.677 GC heap after
{Heap after GC invocations=10 (full 0):
 garbage-first heap   total 55296K, used 21370K [0x0000000702600000, 0x0000000800000000)
  region size 2048K, 1 young (2048K), 1 survivors (2048K)
 Metaspace       used 33035K, committed 33216K, reserved 1114112K
  class space    used 3694K, committed 3776K, reserved 1048576K
}
Event: 18.193 GC heap before
{Heap before GC invocations=10 (full 0):
 garbage-first heap   total 55296K, used 47994K [0x0000000702600000, 0x0000000800000000)
  region size 2048K, 11 young (22528K), 1 survivors (2048K)
 Metaspace       used 33881K, committed 34112K, reserved 1114112K
  class space    used 3707K, committed 3840K, reserved 1048576K
}
Event: 18.197 GC heap after
{Heap after GC invocations=11 (full 0):
 garbage-first heap   total 157696K, used 30367K [0x0000000702600000, 0x0000000800000000)
  region size 2048K, 2 young (4096K), 2 survivors (4096K)
 Metaspace       used 33881K, committed 34112K, reserved 1114112K
  class space    used 3707K, committed 3840K, reserved 1048576K
}
Event: 31.843 GC heap before
{Heap before GC invocations=11 (full 0):
 garbage-first heap   total 157696K, used 50847K [0x0000000702600000, 0x0000000800000000)
  region size 2048K, 13 young (26624K), 2 survivors (4096K)
 Metaspace       used 33924K, committed 34176K, reserved 1114112K
  class space    used 3708K, committed 3840K, reserved 1048576K
}
Event: 31.864 GC heap after
{Heap after GC invocations=12 (full 1):
 garbage-first heap   total 81920K, used 23586K [0x0000000702600000, 0x0000000800000000)
  region size 2048K, 0 young (0K), 0 survivors (0K)
 Metaspace       used 33924K, committed 34176K, reserved 1114112K
  class space    used 3708K, committed 3840K, reserved 1048576K
}
Event: 52.272 GC heap before
{Heap before GC invocations=12 (full 1):
 garbage-first heap   total 81920K, used 58402K [0x0000000702600000, 0x0000000800000000)
  region size 2048K, 17 young (34816K), 0 survivors (0K)
 Metaspace       used 34235K, committed 34496K, reserved 1114112K
  class space    used 3710K, committed 3840K, reserved 1048576K
}
Event: 52.273 GC heap after
{Heap after GC invocations=13 (full 1):
 garbage-first heap   total 81920K, used 23925K [0x0000000702600000, 0x0000000800000000)
  region size 2048K, 1 young (2048K), 1 survivors (2048K)
 Metaspace       used 34235K, committed 34496K, reserved 1114112K
  class space    used 3710K, committed 3840K, reserved 1048576K
}
Event: 61.867 GC heap before
{Heap before GC invocations=13 (full 1):
 garbage-first heap   total 81920K, used 34165K [0x0000000702600000, 0x0000000800000000)
  region size 2048K, 7 young (14336K), 1 survivors (2048K)
 Metaspace       used 34876K, committed 35072K, reserved 1114112K
  class space    used 3740K, committed 3840K, reserved 1048576K
}
Event: 61.896 GC heap after
{Heap after GC invocations=14 (full 2):
 garbage-first heap   total 81920K, used 23799K [0x0000000702600000, 0x0000000800000000)
  region size 2048K, 0 young (0K), 0 survivors (0K)
 Metaspace       used 34876K, committed 35072K, reserved 1114112K
  class space    used 3740K, committed 3840K, reserved 1048576K
}

Dll operation events (14 events):
Event: 0.137 Loaded shared library C:\Users\HP\.jdks\corretto-17.0.7\bin\java.dll
Event: 0.200 Loaded shared library C:\Users\HP\.jdks\corretto-17.0.7\bin\jsvml.dll
Event: 0.352 Loaded shared library C:\Users\HP\.jdks\corretto-17.0.7\bin\zip.dll
Event: 0.355 Loaded shared library C:\Users\HP\.jdks\corretto-17.0.7\bin\instrument.dll
Event: 0.386 Loaded shared library C:\Users\HP\.jdks\corretto-17.0.7\bin\net.dll
Event: 0.418 Loaded shared library C:\Users\HP\.jdks\corretto-17.0.7\bin\nio.dll
Event: 0.423 Loaded shared library C:\Users\HP\.jdks\corretto-17.0.7\bin\zip.dll
Event: 0.564 Loaded shared library C:\Program Files\JetBrains\IntelliJ IDEA Community Edition 2021.3.2\bin\breakgen64.dll
Event: 0.802 Loaded shared library C:\Users\HP\.jdks\corretto-17.0.7\bin\jimage.dll
Event: 0.991 Loaded shared library C:\Users\HP\.jdks\corretto-17.0.7\bin\awt.dll
Event: 1.817 Loaded shared library C:\Users\HP\.skiko\0de0d8dd8554d9bb66cfca3837db6514ff9b71080e998917280a3b777460a416\skiko-windows-x64.dll
Event: 2.219 Loaded shared library C:\Users\HP\.jdks\corretto-17.0.7\bin\freetype.dll
Event: 2.254 Loaded shared library C:\Users\HP\.jdks\corretto-17.0.7\bin\fontmanager.dll
Event: 6.150 Loaded shared library C:\Users\HP\AppData\Local\io-realm-kotlin\f7113120ba00ba1ff91d696eecd3919e85a4e34e\realmc.dll

Deoptimization events (20 events):
Event: 70.079 Thread 0x000001c0fe4d9720 Uncommon trap: trap_request=0xffffff45 fr.pc=0x000001c0de38fb0c relative=0x00000000000006cc
Event: 70.079 Thread 0x000001c0fe4d9720 Uncommon trap: reason=unstable_if action=reinterpret pc=0x000001c0de38fb0c method=java.util.HashMap$HashIterator.<init>(Ljava/util/HashMap;)V @ 45 c2
Event: 70.080 Thread 0x000001c0fe4d9720 DEOPT PACKING pc=0x000001c0de38fb0c sp=0x00000003c21fe450
Event: 70.081 Thread 0x000001c0fe4d9720 DEOPT UNPACKING pc=0x000001c0ddc669a3 sp=0x00000003c21fe2e0 mode 2
Event: 70.087 Thread 0x000001c0fe4dd0e0 Uncommon trap: trap_request=0xffffffde fr.pc=0x000001c0de3e0c08 relative=0x00000000000008e8
Event: 70.087 Thread 0x000001c0fe4dd0e0 Uncommon trap: reason=class_check action=maybe_recompile pc=0x000001c0de3e0c08 method=kotlinx.coroutines.DispatchedTask.run()V @ 203 c2
Event: 70.087 Thread 0x000001c0fe4dd0e0 DEOPT PACKING pc=0x000001c0de3e0c08 sp=0x00000003c46fee70
Event: 70.087 Thread 0x000001c0fe4dd0e0 DEOPT UNPACKING pc=0x000001c0ddc669a3 sp=0x00000003c46fedb8 mode 2
Event: 70.087 Thread 0x000001c0fe4dd0e0 Uncommon trap: trap_request=0xffffffc6 fr.pc=0x000001c0de4e9bcc relative=0x00000000000000ac
Event: 70.087 Thread 0x000001c0fe4dd0e0 Uncommon trap: reason=bimorphic_or_optimized_type_check action=maybe_recompile pc=0x000001c0de4e9bcc method=kotlinx.coroutines.AbstractCoroutine.onCompletionInternal(Ljava/lang/Object;)V @ 22 c2
Event: 70.087 Thread 0x000001c0fe4dd0e0 DEOPT PACKING pc=0x000001c0de4e9bcc sp=0x00000003c46fea80
Event: 70.087 Thread 0x000001c0fe4dd0e0 DEOPT UNPACKING pc=0x000001c0ddc669a3 sp=0x00000003c46fea10 mode 2
Event: 70.088 Thread 0x000001c0fe4d9720 Uncommon trap: trap_request=0xffffffc6 fr.pc=0x000001c0de4e9bcc relative=0x00000000000000ac
Event: 70.088 Thread 0x000001c0fe4d9720 Uncommon trap: reason=bimorphic_or_optimized_type_check action=maybe_recompile pc=0x000001c0de4e9bcc method=kotlinx.coroutines.AbstractCoroutine.onCompletionInternal(Ljava/lang/Object;)V @ 22 c2
Event: 70.088 Thread 0x000001c0fe4d9720 DEOPT PACKING pc=0x000001c0de4e9bcc sp=0x00000003c21fe7b0
Event: 70.088 Thread 0x000001c0fe4d9720 DEOPT UNPACKING pc=0x000001c0ddc669a3 sp=0x00000003c21fe740 mode 2
Event: 70.089 Thread 0x000001c0fe4d9720 Uncommon trap: trap_request=0xffffffde fr.pc=0x000001c0de2fe3f4 relative=0x0000000000000074
Event: 70.089 Thread 0x000001c0fe4d9720 Uncommon trap: reason=class_check action=maybe_recompile pc=0x000001c0de2fe3f4 method=java.util.Collections$UnmodifiableCollection.size()I @ 4 c2
Event: 70.089 Thread 0x000001c0fe4d9720 DEOPT PACKING pc=0x000001c0de2fe3f4 sp=0x00000003c21fe460
Event: 70.089 Thread 0x000001c0fe4d9720 DEOPT UNPACKING pc=0x000001c0ddc669a3 sp=0x00000003c21fe3f0 mode 2

Classes unloaded (0 events):
No events

Classes redefined (0 events):
No events

Internal exceptions (20 events):
Event: 1.563 Thread 0x000001c0f68afe10 Exception <a 'java/lang/NoSuchMethodError'{0x0000000711d9c570}: 'java.lang.Object java.lang.invoke.DirectMethodHandle$Holder.newInvokeSpecial(java.lang.Object, double)'> (0x0000000711d9c570) 
thrown [s\src\hotspot\share\interpreter\linkResolver.cpp, line 759]
Event: 1.992 Thread 0x000001c0f68afe10 Exception <a 'java/lang/NoSuchMethodError'{0x0000000710f9d690}: 'void java.lang.invoke.DirectMethodHandle$Holder.invokeSpecial(java.lang.Object, java.lang.Object, java.lang.Object)'> (0x0000000710f9d690) 
thrown [s\src\hotspot\share\interpreter\linkResolver.cpp, line 759]
Event: 2.013 Thread 0x000001c0f68afe10 Exception <a 'java/lang/NoSuchMethodError'{0x0000000710fc7820}: 'java.lang.Object java.lang.invoke.DirectMethodHandle$Holder.newInvokeSpecial(java.lang.Object, java.lang.Object, java.lang.Object, java.lang.Object, java.lang.Object)'> (0x0000000710fc7820) 
thrown [s\src\hotspot\share\interpreter\linkResolver.cpp, line 759]
Event: 2.017 Thread 0x000001c0f68afe10 Exception <a 'java/lang/NoSuchMethodError'{0x0000000710fd3490}: 'java.lang.Object java.lang.invoke.DirectMethodHandle$Holder.invokeStatic(java.lang.Object, int, java.lang.Object, java.lang.Object, java.lang.Object, java.lang.Object)'> (0x0000000710fd3490) 
thrown [s\src\hotspot\share\interpreter\linkResolver.cpp, line 759]
Event: 2.024 Thread 0x000001c0f68afe10 Exception <a 'java/lang/NoSuchMethodError'{0x0000000710ff9140}: 'java.lang.Object java.lang.invoke.DirectMethodHandle$Holder.invokeStatic(java.lang.Object, int, java.lang.Object)'> (0x0000000710ff9140) 
thrown [s\src\hotspot\share\interpreter\linkResolver.cpp, line 759]
Event: 2.050 Thread 0x000001c0f68afe10 Exception <a 'java/lang/ClassNotFoundException'{0x0000000710cb5910}: com/sun/swing/internal/plaf/metal/resources/spi/metalProvider> (0x0000000710cb5910) 
thrown [s\src\hotspot\share\classfile\systemDictionary.cpp, line 256]
Event: 2.051 Thread 0x000001c0f68afe10 Exception <a 'java/lang/ClassNotFoundException'{0x0000000710cb98b0}: com/sun/swing/internal/plaf/basic/resources/spi/basicProvider> (0x0000000710cb98b0) 
thrown [s\src\hotspot\share\classfile\systemDictionary.cpp, line 256]
Event: 2.056 Thread 0x000001c0f68afe10 Implicit null exception at 0x000001c0de23440f to 0x000001c0de234489
Event: 2.060 Thread 0x000001c0f68afe10 Implicit null exception at 0x000001c0de1e2090 to 0x000001c0de1e2464
Event: 2.060 Thread 0x000001c0f68afe10 Implicit null exception at 0x000001c0de1d8f10 to 0x000001c0de1d92c8
Event: 2.085 Thread 0x000001c0f68afe10 Exception <a 'java/lang/NoSuchMethodError'{0x0000000710dca500}: 'void java.lang.invoke.DirectMethodHandle$Holder.invokeStatic(java.lang.Object, java.lang.Object, java.lang.Object)'> (0x0000000710dca500) 
thrown [s\src\hotspot\share\interpreter\linkResolver.cpp, line 759]
Event: 2.177 Thread 0x000001c0f68afe10 Exception <a 'java/lang/NoSuchMethodError'{0x0000000712351fd0}: 'void java.lang.invoke.DirectMethodHandle$Holder.invokeStaticInit(java.lang.Object)'> (0x0000000712351fd0) 
thrown [s\src\hotspot\share\interpreter\linkResolver.cpp, line 759]
Event: 2.492 Thread 0x000001c0f68afe10 Exception <a 'java/lang/NoSuchMethodError'{0x0000000711ccd450}: 'int java.lang.invoke.DirectMethodHandle$Holder.invokeStaticInit(java.lang.Object, java.lang.Object, java.lang.Object)'> (0x0000000711ccd450) 
thrown [s\src\hotspot\share\interpreter\linkResolver.cpp, line 759]
Event: 2.945 Thread 0x000001c0f68abbd0 Exception <a 'java/lang/NoSuchMethodError'{0x00000007123d63a0}: 'void java.lang.invoke.DirectMethodHandle$Holder.invokeVirtual(java.lang.Object, java.lang.Object)'> (0x00000007123d63a0) 
thrown [s\src\hotspot\share\interpreter\linkResolver.cpp, line 759]
Event: 5.358 Thread 0x000001c0f68afe10 Exception <a 'java/lang/NoSuchMethodError'{0x000000070516de60}: 'int java.lang.invoke.DirectMethodHandle$Holder.invokeStaticInit(java.lang.Object, long, long)'> (0x000000070516de60) 
thrown [s\src\hotspot\share\interpreter\linkResolver.cpp, line 759]
Event: 5.984 Thread 0x000001c0f68afe10 Exception <a 'java/lang/NoSuchMethodError'{0x0000000704a12b48}: 'java.lang.Object java.lang.invoke.DirectMethodHandle$Holder.newInvokeSpecial(java.lang.Object, int, java.lang.Object)'> (0x0000000704a12b48) 
thrown [s\src\hotspot\share\interpreter\linkResolver.cpp, line 759]
Event: 52.771 Thread 0x000001c0f68afe10 Implicit null exception at 0x000001c0de4ecae0 to 0x000001c0de4ed914
Event: 52.798 Thread 0x000001c0f68afe10 Implicit null exception at 0x000001c0de4a5ce0 to 0x000001c0de4a8668
Event: 52.823 Thread 0x000001c0f68afe10 Implicit null exception at 0x000001c0de3e5780 to 0x000001c0de3e6f78
Event: 60.508 Thread 0x000001c0f6d7e950 Implicit null exception at 0x000001c0de501400 to 0x000001c0de5016d8

VM Operations (20 events):
Event: 52.272 Executing VM operation: G1CollectForAllocation
Event: 52.273 Executing VM operation: G1CollectForAllocation done
Event: 53.129 Executing VM operation: ICBufferFull
Event: 53.129 Executing VM operation: ICBufferFull done
Event: 54.141 Executing VM operation: Cleanup
Event: 54.141 Executing VM operation: Cleanup done
Event: 61.182 Executing VM operation: Cleanup
Event: 61.183 Executing VM operation: Cleanup done
Event: 61.867 Executing VM operation: G1CollectFull
Event: 61.897 Executing VM operation: G1CollectFull done
Event: 62.897 Executing VM operation: Cleanup
Event: 62.897 Executing VM operation: Cleanup done
Event: 63.024 Executing VM operation: HandshakeAllThreads
Event: 63.024 Executing VM operation: HandshakeAllThreads done
Event: 64.033 Executing VM operation: Cleanup
Event: 64.033 Executing VM operation: Cleanup done
Event: 68.077 Executing VM operation: Cleanup
Event: 68.077 Executing VM operation: Cleanup done
Event: 70.089 Executing VM operation: Cleanup
Event: 70.089 Executing VM operation: Cleanup done

Events (20 events):
Event: 70.073 loading class jdk/internal/reflect/UnsafeIntegerFieldAccessorImpl done
Event: 70.074 loading class java/lang/reflect/TypeVariable
Event: 70.075 loading class java/lang/reflect/TypeVariable done
Event: 70.075 loading class sun/reflect/generics/repository/ClassRepository
Event: 70.075 loading class sun/reflect/generics/repository/GenericDeclRepository
Event: 70.075 loading class sun/reflect/generics/repository/AbstractRepository
Event: 70.075 loading class sun/reflect/generics/repository/AbstractRepository done
Event: 70.075 loading class sun/reflect/generics/repository/GenericDeclRepository done
Event: 70.075 loading class sun/reflect/generics/repository/ClassRepository done
Event: 70.075 loading class java/lang/Class$EnclosingMethodInfo
Event: 70.075 loading class java/lang/Class$EnclosingMethodInfo done
Event: 70.076 loading class java/lang/reflect/AnnotatedType
Event: 70.076 loading class java/lang/reflect/AnnotatedType done
Event: 70.088 loading class java/lang/Throwable$WrappedPrintStream
Event: 70.088 loading class java/lang/Throwable$PrintStreamOrWriter
Event: 70.088 loading class java/lang/Throwable$PrintStreamOrWriter done
Event: 70.088 loading class java/lang/Throwable$WrappedPrintStream done
Event: 70.089 loading class java/lang/StackTraceElement$HashedModules
Event: 70.089 loading class java/lang/StackTraceElement$HashedModules done
Event: 70.090 Thread 0x000001c0fe4d9720 Thread exited: 0x000001c0fe4d9720


Dynamic libraries:
0x00007ff7eeda0000 - 0x00007ff7eedad000 	C:\Users\HP\.jdks\corretto-17.0.7\bin\java.exe
0x00007ffee9b50000 - 0x00007ffee9d48000 	C:\Windows\SYSTEM32\ntdll.dll
0x00007ffee90d0000 - 0x00007ffee918f000 	C:\Windows\System32\KERNEL32.DLL
0x00007ffee7790000 - 0x00007ffee7a86000 	C:\Windows\System32\KERNELBASE.dll
0x00007ffee7410000 - 0x00007ffee7510000 	C:\Windows\System32\ucrtbase.dll
0x00007ffedbcc0000 - 0x00007ffedbcd7000 	C:\Users\HP\.jdks\corretto-17.0.7\bin\jli.dll
0x00007ffee9970000 - 0x00007ffee9b0d000 	C:\Windows\System32\USER32.dll
0x00007ffee76c0000 - 0x00007ffee76e2000 	C:\Windows\System32\win32u.dll
0x00007ffee90a0000 - 0x00007ffee90cc000 	C:\Windows\System32\GDI32.dll
0x00007ffee7a90000 - 0x00007ffee7ba5000 	C:\Windows\System32\gdi32full.dll
0x00007ffee72c0000 - 0x00007ffee735d000 	C:\Windows\System32\msvcp_win.dll
0x00007ffecd150000 - 0x00007ffecd3ea000 	C:\Windows\WinSxS\amd64_microsoft.windows.common-controls_6595b64144ccf1df_6.0.19041.1110_none_60b5254171f9507e\COMCTL32.dll
0x00007ffee8310000 - 0x00007ffee83ae000 	C:\Windows\System32\msvcrt.dll
0x00007ffeced70000 - 0x00007ffeced85000 	C:\Users\HP\.jdks\corretto-17.0.7\bin\VCRUNTIME140.dll
0x00007ffee8600000 - 0x00007ffee8630000 	C:\Windows\System32\IMM32.DLL
0x00007ffec1e20000 - 0x00007ffec1ebb000 	C:\Users\HP\.jdks\corretto-17.0.7\bin\msvcp140.dll
0x00007ffea5510000 - 0x00007ffea612a000 	C:\Users\HP\.jdks\corretto-17.0.7\bin\server\jvm.dll
0x00007ffee8630000 - 0x00007ffee86df000 	C:\Windows\System32\ADVAPI32.dll
0x00007ffee8560000 - 0x00007ffee85fc000 	C:\Windows\System32\sechost.dll
0x00007ffee7d70000 - 0x00007ffee7e96000 	C:\Windows\System32\RPCRT4.dll
0x00007ffecca00000 - 0x00007ffecca27000 	C:\Windows\SYSTEM32\WINMM.dll
0x00007ffee0fa0000 - 0x00007ffee0fa9000 	C:\Windows\SYSTEM32\WSOCK32.dll
0x00007ffee8e70000 - 0x00007ffee8edb000 	C:\Windows\System32\WS2_32.dll
0x00007ffedb320000 - 0x00007ffedb32a000 	C:\Windows\SYSTEM32\VERSION.dll
0x00007ffee5a20000 - 0x00007ffee5a32000 	C:\Windows\SYSTEM32\kernel.appcore.dll
0x00007ffedf290000 - 0x00007ffedf29a000 	C:\Users\HP\.jdks\corretto-17.0.7\bin\jimage.dll
0x00007ffee1f40000 - 0x00007ffee2124000 	C:\Windows\SYSTEM32\DBGHELP.DLL
0x00007ffecec70000 - 0x00007ffececa4000 	C:\Windows\SYSTEM32\dbgcore.DLL
0x00007ffee7230000 - 0x00007ffee72b2000 	C:\Windows\System32\bcryptPrimitives.dll
0x00007ffedd5a0000 - 0x00007ffedd5ae000 	C:\Users\HP\.jdks\corretto-17.0.7\bin\instrument.dll
0x00007ffeca980000 - 0x00007ffeca9a5000 	C:\Users\HP\.jdks\corretto-17.0.7\bin\java.dll
0x00007ffebaa40000 - 0x00007ffebab16000 	C:\Users\HP\.jdks\corretto-17.0.7\bin\jsvml.dll
0x00007ffee9190000 - 0x00007ffee98d4000 	C:\Windows\System32\SHELL32.dll
0x00007ffee2130000 - 0x00007ffee28c4000 	C:\Windows\SYSTEM32\windows.storage.dll
0x00007ffee8890000 - 0x00007ffee8be4000 	C:\Windows\System32\combase.dll
0x00007ffee6ab0000 - 0x00007ffee6ade000 	C:\Windows\SYSTEM32\Wldp.dll
0x00007ffee8f90000 - 0x00007ffee903d000 	C:\Windows\System32\SHCORE.dll
0x00007ffee9040000 - 0x00007ffee9095000 	C:\Windows\System32\shlwapi.dll
0x00007ffee7160000 - 0x00007ffee7185000 	C:\Windows\SYSTEM32\profapi.dll
0x00007ffec7110000 - 0x00007ffec7128000 	C:\Users\HP\.jdks\corretto-17.0.7\bin\zip.dll
0x00007ffeca7f0000 - 0x00007ffeca809000 	C:\Users\HP\.jdks\corretto-17.0.7\bin\net.dll
0x00007ffed8570000 - 0x00007ffed867a000 	C:\Windows\SYSTEM32\WINHTTP.dll
0x00007ffee6890000 - 0x00007ffee68fa000 	C:\Windows\system32\mswsock.dll
0x00007ffec73c0000 - 0x00007ffec73d5000 	C:\Users\HP\.jdks\corretto-17.0.7\bin\nio.dll
0x00007ffedc060000 - 0x00007ffedc07a000 	C:\Program Files\JetBrains\IntelliJ IDEA Community Edition 2021.3.2\bin\breakgen64.dll
0x00007ffea8a20000 - 0x00007ffea8bc9000 	C:\Users\HP\.jdks\corretto-17.0.7\bin\awt.dll
0x00007ffee87c0000 - 0x00007ffee888d000 	C:\Windows\System32\OLEAUT32.dll
0x00007ffee0ec0000 - 0x00007ffee0f51000 	C:\Windows\SYSTEM32\apphelp.dll
0x00007ffee1180000 - 0x00007ffee121e000 	C:\Windows\system32\uxtheme.dll
0x00007ffee8440000 - 0x00007ffee8554000 	C:\Windows\System32\MSCTF.dll
0x00007ffee8c00000 - 0x00007ffee8d2a000 	C:\Windows\System32\ole32.dll
0x00007ffee1320000 - 0x00007ffee134f000 	C:\Windows\system32\DWMAPI.DLL
0x00007ffeb5d50000 - 0x00007ffeb5e75000 	C:\Windows\system32\opengl32.dll
0x00007ffeb67f0000 - 0x00007ffeb681c000 	C:\Windows\SYSTEM32\GLU32.dll
0x00007ffee6af0000 - 0x00007ffee6b08000 	C:\Windows\SYSTEM32\CRYPTSP.dll
0x00007ffee61d0000 - 0x00007ffee6204000 	C:\Windows\system32\rsaenh.dll
0x00007ffee7760000 - 0x00007ffee7787000 	C:\Windows\System32\bcrypt.dll
0x00007ffee7120000 - 0x00007ffee714e000 	C:\Windows\SYSTEM32\USERENV.dll
0x00007ffee6a20000 - 0x00007ffee6a2c000 	C:\Windows\SYSTEM32\CRYPTBASE.dll
0x00007ffee65a0000 - 0x00007ffee65dc000 	C:\Windows\SYSTEM32\IPHLPAPI.DLL
0x00007ffee7d60000 - 0x00007ffee7d68000 	C:\Windows\System32\NSI.dll
0x00007ffeda430000 - 0x00007ffeda447000 	C:\Windows\SYSTEM32\dhcpcsvc6.DLL
0x00007ffed8d80000 - 0x00007ffed8d9d000 	C:\Windows\SYSTEM32\dhcpcsvc.DLL
0x00007ffee65e0000 - 0x00007ffee66aa000 	C:\Windows\SYSTEM32\DNSAPI.dll
0x00007ffe9d3a0000 - 0x00007ffe9e3ec000 	C:\Users\HP\.skiko\0de0d8dd8554d9bb66cfca3837db6514ff9b71080e998917280a3b777460a416\skiko-windows-x64.dll
0x00007ffeb1d30000 - 0x00007ffeb1db3000 	C:\Users\HP\.jdks\corretto-17.0.7\bin\freetype.dll
0x00007ffea6d30000 - 0x00007ffea6df2000 	C:\Users\HP\.jdks\corretto-17.0.7\bin\fontmanager.dll
0x00007ffedd040000 - 0x00007ffedd047000 	C:\Users\HP\.jdks\corretto-17.0.7\bin\jawt.dll
0x00007ffee5a90000 - 0x00007ffee5b83000 	C:\Windows\SYSTEM32\Dxgi.dll
0x00007ffedbfe0000 - 0x00007ffedc000000 	C:\Windows\SYSTEM32\D3D12.dll
0x00007ffea4fe0000 - 0x00007ffea51ad000 	C:\Windows\SYSTEM32\D3D12Core.dll
0x00007ffeda9e0000 - 0x00007ffedaa1b000 	C:\Windows\SYSTEM32\dxcore.dll
0x00007ffee7670000 - 0x00007ffee76be000 	C:\Windows\System32\cfgmgr32.dll
0x00007ffed4390000 - 0x00007ffed6fa9000 	C:\Windows\System32\DriverStore\FileRepository\igdlh64.inf_amd64_e6daaea9afe1e6f6\igc64.dll
0x00007ffe72ab0000 - 0x00007ffe73f83000 	C:\Windows\System32\DriverStore\FileRepository\igdlh64.inf_amd64_e6daaea9afe1e6f6\igd12umd64.dll
0x00007ffeda000000 - 0x00007ffeda257000 	C:\Windows\System32\DriverStore\FileRepository\igdlh64.inf_amd64_e6daaea9afe1e6f6\igdgmm64.dll
0x00007ffea2920000 - 0x00007ffea2d2b000 	C:\Windows\System32\DriverStore\FileRepository\igdlh64.inf_amd64_e6daaea9afe1e6f6\igdml64.dll
0x00007ffec6800000 - 0x00007ffec682b000 	C:\Windows\SYSTEM32\D3DSCache.dll
0x00007ffe51780000 - 0x00007ffe55f82000 	C:\Windows\System32\DriverStore\FileRepository\igdlh64.inf_amd64_e6daaea9afe1e6f6\igd12dxva64.dll
0x00007ffee7ea0000 - 0x00007ffee830e000 	C:\Windows\System32\SETUPAPI.dll
0x00007ffe96bf0000 - 0x00007ffe96c17000 	C:\Windows\System32\DriverStore\FileRepository\igdlh64.inf_amd64_e6daaea9afe1e6f6\igdinfo64.dll
0x00007ffeddf50000 - 0x00007ffede157000 	C:\Windows\SYSTEM32\twinapi.appcore.dll
0x00007ffee8ee0000 - 0x00007ffee8f89000 	C:\Windows\System32\clbcatq.dll
0x00007ffe744c0000 - 0x00007ffe75492000 	C:\Windows\System32\DriverStore\FileRepository\igdlh64.inf_amd64_e6daaea9afe1e6f6\ig9icd64.dll
0x00007ffee7090000 - 0x00007ffee70db000 	C:\Windows\SYSTEM32\powrprof.dll
0x00007ffee7070000 - 0x00007ffee7082000 	C:\Windows\SYSTEM32\UMPDC.dll
0x00007ffed2250000 - 0x00007ffed24cf000 	C:\Windows\SYSTEM32\dwrite.dll
0x00007ffed3ec0000 - 0x00007ffed3fb9000 	C:\Windows\SYSTEM32\textinputframework.dll
0x00007ffee0460000 - 0x00007ffee07be000 	C:\Windows\System32\CoreUIComponents.dll
0x00007ffee0b40000 - 0x00007ffee0c32000 	C:\Windows\System32\CoreMessaging.dll
0x00007ffee62f0000 - 0x00007ffee6323000 	C:\Windows\SYSTEM32\ntmarta.dll
0x00007ffedf450000 - 0x00007ffedf5a4000 	C:\Windows\SYSTEM32\wintypes.dll
0x00007ffe60f60000 - 0x00007ffe61812000 	C:\Users\HP\AppData\Local\io-realm-kotlin\f7113120ba00ba1ff91d696eecd3919e85a4e34e\realmc.dll
0x00007ffee7510000 - 0x00007ffee766e000 	C:\Windows\System32\CRYPT32.dll

dbghelp: loaded successfully - version: 4.0.5 - missing functions: none
symbol engine: initialized successfully - sym options: 0x614 - pdb path: .;C:\Users\HP\.jdks\corretto-17.0.7\bin;C:\Windows\SYSTEM32;C:\Windows\WinSxS\amd64_microsoft.windows.common-controls_6595b64144ccf1df_6.0.19041.1110_none_60b5254171f9507e;C:\Users\HP\.jdks\corretto-17.0.7\bin\server;C:\Program Files\JetBrains\IntelliJ IDEA Community Edition 2021.3.2\bin;C:\Users\HP\.skiko\0de0d8dd8554d9bb66cfca3837db6514ff9b71080e998917280a3b777460a416;C:\Windows\System32\DriverStore\FileRepository\igdlh64.inf_amd64_e6daaea9afe1e6f6;C:\Users\HP\AppData\Local\io-realm-kotlin\f7113120ba00ba1ff91d696eecd3919e85a4e34e

VM Arguments:
jvm_args: -Djava.library.path=C:\Users\HP\Desktop\newderar\build\classes\kotlin\jvm\main;C:\Users\HP\Desktop\newderar\build\processedResources\jvm\main -javaagent:C:\Program Files\JetBrains\IntelliJ IDEA Community Edition 2021.3.2\lib\idea_rt.jar=49454:C:\Program Files\JetBrains\IntelliJ IDEA Community Edition 2021.3.2\bin -Dfile.encoding=UTF-8 
java_command: MainKt
java_class_path (initial): C:\Users\HP\Desktop\newderar\build\classes\kotlin\jvm\main;C:\Users\HP\Desktop\newderar\build\processedResources\jvm\main;C:\Users\HP\.gradle\caches\modules-2\files-2.1\io.insert-koin\koin-androidx-compose\3.4.5\ae0a88b7a68d507e651c5a3d70a541594bea54cb\koin-androidx-compose-3.4.5.aar;C:\Users\HP\.gradle\caches\modules-2\files-2.1\androidx.navigation\navigation-compose\2.6.0\3f8ce7b0bad21cced0c47b42b6347c65a6e422c3\navigation-compose-2.6.0.aar;C:\Users\HP\.gradle\caches\modules-2\files-2.1\org.jetbrains.kotlin\kotlin-stdlib-jdk8\1.8.21\67f57e154437cd9e6e9cf368394b95814836ff88\kotlin-stdlib-jdk8-1.8.21.jar;C:\Users\HP\.gradle\caches\modules-2\files-2.1\org.apache.poi\poi-ooxml\4.1.2\87d9a22aa9a7dd26e80c360e709f7ee02e32ab3b\poi-ooxml-4.1.2.jar;C:\Users\HP\.gradle\caches\modules-2\files-2.1\org.apache.poi\poi\4.1.2\964bf41cf68bce08e4ef6b2279b559fdf8d454f4\poi-4.1.2.jar;C:\Users\HP\.gradle\caches\modules-2\files-2.1\org.lwjgl\lwjgl-nfd\3.3.1\622318116996ddcff449b46cb38f0fdee39b8ac3\lwjgl-nfd-3.3.1.jar;C:\Users\HP\.gradle\caches\modules-2\files-2.1\org.lwjgl\lwjgl-nfd\3.3.1\2e007667e04ed3281152ae5c6e677fb1c2211691\lwjgl-nfd-3.3.1-natives-linux.jar;C:\Users\HP\.gradle\caches\modules-2\files-2.1\org.lwjgl\lwjgl\3.3.1\ae58664f88e18a9bb2c77b063833ca7aaec484cb\lwjgl-3.3.1.jar;C:\Users\HP\.gradle\caches\modules-2\files-2.1\io.insert-koin\koin-android\3.4.0\48715fbe06102a59a30bd45b06ed2400c16c6f45\koin-android-3.4.0.aar;C:\Users\HP\.gradle\caches\modules-2\files-2.1\org.lwjgl\lwjgl-nfd\3.3.1\b3e04e317f55dd738d8a345cdafd15b39f85a2ea\lwjgl-nfd-3.3.1-natives-linux-arm32.jar;C:\Users\HP\.gradle\caches\modules-2\files-2.1\androidx.lifecycle\lifecycle-viewmodel-compose\2.6.1\38cf3bb65ff3e0e5c3d63de2ebf5411d0898108c\lifecycle-viewmodel-compose-2.6.1.aar;C:\Users\HP\.gradle\caches\modules-2\files-2.1\org.lwjgl\lwjgl-nfd\3.3.1\f41dc62336f7ee4ab35705cfa440cc903d199165\lwjgl-nfd-3.3.1-natives-linux-arm64.jar;C:\Users\HP\.gradle\caches\modules-2\files-2.1\androi
Launcher Type: SUN_STANDARD

[Global flags]
     intx CICompilerCount                          = 3                                         {product} {ergonomic}
     uint ConcGCThreads                            = 1                                         {product} {ergonomic}
     uint G1ConcRefinementThreads                  = 4                                         {product} {ergonomic}
   size_t G1HeapRegionSize                         = 2097152                                   {product} {ergonomic}
    uintx GCDrainStackTargetSize                   = 64                                        {product} {ergonomic}
   size_t InitialHeapSize                          = 266338304                                 {product} {ergonomic}
   size_t MarkStackSize                            = 4194304                                   {product} {ergonomic}
   size_t MaxHeapSize                              = 4255121408                                {product} {ergonomic}
   size_t MaxNewSize                               = 2552233984                                {product} {ergonomic}
   size_t MinHeapDeltaBytes                        = 2097152                                   {product} {ergonomic}
   size_t MinHeapSize                              = 8388608                                   {product} {ergonomic}
    uintx NonNMethodCodeHeapSize                   = 5832780                                {pd product} {ergonomic}
    uintx NonProfiledCodeHeapSize                  = 122912730                              {pd product} {ergonomic}
    uintx ProfiledCodeHeapSize                     = 122912730                              {pd product} {ergonomic}
    uintx ReservedCodeCacheSize                    = 251658240                              {pd product} {ergonomic}
     bool SegmentedCodeCache                       = true                                      {product} {ergonomic}
   size_t SoftMaxHeapSize                          = 4255121408                             {manageable} {ergonomic}
     bool UseCompressedClassPointers               = true                           {product lp64_product} {ergonomic}
     bool UseCompressedOops                        = true                           {product lp64_product} {ergonomic}
     bool UseG1GC                                  = true                                      {product} {ergonomic}
     bool UseLargePagesIndividualAllocation        = false                                  {pd product} {ergonomic}

Logging:
Log output configuration:
 #0: stdout all=warning uptime,level,tags
 #1: stderr all=off uptime,level,tags

Environment Variables:
PATH=C:\Program Files\Common Files\Oracle\Java\javapath;C:\Program Files (x86)\Common Files\Oracle\Java\javapath;C:\Windows\system32;C:\Windows;C:\Windows\System32\Wbem;C:\Windows\System32\WindowsPowerShell\v1.0\;C:\Windows\System32\OpenSSH\;C:\xampp\php;C:\ProgramData\ComposerSetup\bin;C:\Program Files\nodejs\;C:\Program Files (x86)\Intel\Intel(R) Management Engine Components\DAL;C:\Program Files\Intel\Intel(R) Management Engine Components\DAL;C:\Program Files\Git\cmd;C:\Program Files\Fortect;C:\Users\HP\AppData\Local\Microsoft\WindowsApps;C:\Program Files\JetBrains\IntelliJ IDEA Community Edition 2021.3.2\bin;C:\Users\HP\AppData\Local\Programs\Microsoft VS Code\bin;C:\Users\HP\AppData\Local\JetBrains\Toolbox\scripts;C:\Users\HP\AppData\Local\GitHubDesktop\bin;C:\Users\HP\Desktop\camp\flutter_windows_3.7.6-stable\flutter\bin;C:\Users\HP\AppData\Roaming\Composer\vendor\bin;C:\Users\HP\AppData\Roaming\npm
USERNAME=HP
OS=Windows_NT
PROCESSOR_IDENTIFIER=Intel64 Family 6 Model 142 Stepping 9, GenuineIntel
TMP=C:\Users\HP\AppData\Local\Temp
TEMP=C:\Users\HP\AppData\Local\Temp



---------------  S Y S T E M  ---------------

OS:
 Windows 10 , 64 bit Build 19041 (10.0.19041.3155)
OS uptime: 2 days 11:27 hours
Hyper-V role detected

CPU: total 4 (initial active 4) (2 cores per cpu, 2 threads per core) family 6 model 142 stepping 9 microcode 0xf2, cx8, cmov, fxsr, ht, mmx, 3dnowpref, sse, sse2, sse3, ssse3, sse4.1, sse4.2, popcnt, lzcnt, tsc, tscinvbit, avx, avx2, aes, erms, clmul, bmi1, bmi2, rtm, adx, fma, vzeroupper, clflush, clflushopt, hv

Memory: 4k page, system-wide physical 16224M (5313M free)
TotalPageFile size 32096M (AvailPageFile size 19237M)
current process WorkingSet (physical memory assigned to process): 296M, peak: 316M
current process commit charge ("private bytes"): 301M, peak: 431M

vm_info: OpenJDK 64-Bit Server VM (17.0.7+7-LTS) for windows-amd64 JRE (17.0.7+7-LTS), built on Apr 14 2023 01:39:21 by "Administrator" with MS VC++ 15.9 (VS2017)

END.
