#
# A fatal error has been detected by the Java Runtime Environment:
#
#  EXCEPTION_ACCESS_VIOLATION (0xc0000005) at pc=0x00007ffe74e7ebe3, pid=5956, tid=18776
#
# JRE version: OpenJDK Runtime Environment Corretto-17.0.7.7.1 (17.0.7+7) (build 17.0.7+7-LTS)
# Java VM: OpenJDK 64-Bit Server VM Corretto-17.0.7.7.1 (17.0.7+7-LTS, mixed mode, sharing, tiered, compressed oops, compressed class ptrs, g1 gc, windows-amd64)
# Problematic frame:
# C  [ig9icd64.dll+0x9bebe3]
#
# No core dump will be written. Minidumps are not enabled by default on client versions of Windows
#
# If you would like to submit a bug report, please visit:
#   https://github.com/corretto/corretto-17/issues/
# The crash happened outside the Java Virtual Machine in native code.
# See problematic frame for where to report the bug.
#

---------------  S U M M A R Y ------------

Command Line: -Djava.library.path=C:\Users\HP\Desktop\newderar\build\classes\kotlin\jvm\main;C:\Users\HP\Desktop\newderar\build\processedResources\jvm\main -javaagent:C:\Program Files\JetBrains\IntelliJ IDEA Community Edition 2021.3.2\lib\idea_rt.jar=52170:C:\Program Files\JetBrains\IntelliJ IDEA Community Edition 2021.3.2\bin -Dfile.encoding=UTF-8 MainKt

Host: Intel(R) Core(TM) i5-7300U CPU @ 2.60GHz, 4 cores, 15G,  Windows 10 , 64 bit Build 19041 (10.0.19041.3155)
Time: Sat Jul  8 17:16:31 2023 Libya Standard Time elapsed time: 20.731638 seconds (0d 0h 0m 20s)

---------------  T H R E A D  ---------------

Current thread (0x000001c2a1692da0):  JavaThread "AWT-EventQueue-0" [_thread_in_native, id=18776, stack(0x000000bea0500000,0x000000bea0600000)]

Stack: [0x000000bea0500000,0x000000bea0600000],  sp=0x000000bea05fcb78,  free space=1010k
Native frames: (J=compiled Java code, j=interpreted, Vv=VM code, C=native code)
C  [ig9icd64.dll+0x9bebe3]

Java frames: (J=compiled Java code, j=interpreted, Vv=VM code)
J 4978  org.jetbrains.skia.DirectContextKt.DirectContext_nFlush(J)V (0 bytes) @ 0x000001c28f7743e9 [0x000001c28f7743a0+0x0000000000000049]
J 4803 c1 org.jetbrains.skiko.context.ContextHandler.flush()V (17 bytes) @ 0x000001c2883c725c [0x000001c2883c70e0+0x000000000000017c]
J 4982 c1 org.jetbrains.skiko.context.ContextHandler.draw()V (91 bytes) @ 0x000001c2884390e4 [0x000001c2884385e0+0x0000000000000b04]
J 4819 c1 org.jetbrains.skiko.redrawer.WindowsOpenGLRedrawer.draw()V (288 bytes) @ 0x000001c2883d05bc [0x000001c2883cfea0+0x000000000000071c]
J 4649 c1 org.jetbrains.skiko.redrawer.WindowsOpenGLRedrawer$Companion$frameDispatcher$1.invokeSuspend(Ljava/lang/Object;)Ljava/lang/Object; (379 bytes) @ 0x000001c28835fdf4 [0x000001c28835ea80+0x0000000000001374]
J 4817 c1 org.jetbrains.skiko.redrawer.WindowsOpenGLRedrawer$Companion$frameDispatcher$1.invoke(Ljava/lang/Object;)Ljava/lang/Object; (9 bytes) @ 0x000001c2883cf604 [0x000001c2883cf0a0+0x0000000000000564]
J 4642 c1 org.jetbrains.skiko.FrameDispatcher$job$1.invokeSuspend(Ljava/lang/Object;)Ljava/lang/Object; (156 bytes) @ 0x000001c28835c7c4 [0x000001c28835be20+0x00000000000009a4]
J 4844 c2 kotlin.coroutines.jvm.internal.BaseContinuationImpl.resumeWith(Ljava/lang/Object;)V (128 bytes) @ 0x000001c28f755474 [0x000001c28f755420+0x0000000000000054]
J 4916 c2 kotlinx.coroutines.DispatchedTask.run()V (571 bytes) @ 0x000001c28f76b370 [0x000001c28f76afc0+0x00000000000003b0]
J 5123 c2 java.awt.EventQueue.dispatchEvent(Ljava/awt/AWTEvent;)V java.desktop@17.0.7 (80 bytes) @ 0x000001c28f7ac4a0 [0x000001c28f7abe60+0x0000000000000640]
J 5128 c2 java.awt.EventDispatchThread.pumpOneEventForFilters(I)V java.desktop@17.0.7 (113 bytes) @ 0x000001c28f7b2314 [0x000001c28f7b1ae0+0x0000000000000834]
j  java.awt.EventDispatchThread.pumpEventsForFilter(ILjava/awt/Conditional;Ljava/awt/EventFilter;)V+35 java.desktop@17.0.7
j  java.awt.EventDispatchThread.pumpEventsForHierarchy(ILjava/awt/Conditional;Ljava/awt/Component;)V+11 java.desktop@17.0.7
j  java.awt.EventDispatchThread.pumpEvents(ILjava/awt/Conditional;)V+4 java.desktop@17.0.7
j  java.awt.EventDispatchThread.pumpEvents(Ljava/awt/Conditional;)V+3 java.desktop@17.0.7
j  java.awt.EventDispatchThread.run()V+9 java.desktop@17.0.7
v  ~StubRoutines::call_stub

siginfo: EXCEPTION_ACCESS_VIOLATION (0xc0000005), reading address 0xffffffffffffffff


Register to memory mapping:

RIP=0x00007ffe74e7ebe3 ig9icd64.dll
RAX=0x000000000fff0fff is an unknown value
RBX=0x00007ffe744c0000 ig9icd64.dll
RCX=0x000000033fcf3fcc is an unknown value
RDX=0x000000bea05fd090 is pointing into the stack for thread: 0x000001c2a1692da0
RSP=0x000000bea05fcb78 is pointing into the stack for thread: 0x000001c2a1692da0
RBP=0x000000bea05fcc80 is pointing into the stack for thread: 0x000001c2a1692da0
RSI=0x000001c2a43704c0 points into unknown readable memory: 0x000001c2a431ec40 | 40 ec 31 a4 c2 01 00 00
RDI=0x000000bea05fce80 is pointing into the stack for thread: 0x000001c2a1692da0
R8 =0x000000bea05fccb0 is pointing into the stack for thread: 0x000001c2a1692da0
R9 =0x000000bea05fd090 is pointing into the stack for thread: 0x000001c2a1692da0
R10=0x000000bea05fce80 is pointing into the stack for thread: 0x000001c2a1692da0
R11=0x0 is NULL
R12=0x00007ffe752f15e0 ig9icd64.dll
R13=0x0 is NULL
R14=0x0 is NULL
R15=0x00000000000001c1 is an unknown value


Registers:
RAX=0x000000000fff0fff, RBX=0x00007ffe744c0000, RCX=0x000000033fcf3fcc, RDX=0x000000bea05fd090
RSP=0x000000bea05fcb78, RBP=0x000000bea05fcc80, RSI=0x000001c2a43704c0, RDI=0x000000bea05fce80
R8 =0x000000bea05fccb0, R9 =0x000000bea05fd090, R10=0x000000bea05fce80, R11=0x0000000000000000
R12=0x00007ffe752f15e0, R13=0x0000000000000000, R14=0x0000000000000000, R15=0x00000000000001c1
RIP=0x00007ffe74e7ebe3, EFLAGS=0x0000000000010206

Top of Stack: (sp=0x000000bea05fcb78)
0x000000bea05fcb78:   00007ffe74e7c31b 0000000000000001
0x000000bea05fcb88:   0000000000000000 000001c2af4e7f00
0x000000bea05fcb98:   00007ffeda002622 000000be00000065
0x000000bea05fcba8:   000000bea05fcdb0 0000000000000000
0x000000bea05fcbb8:   000001c2a14419e0 0000000000000000
0x000000bea05fcbc8:   000001c2a4b46180 000001c2af4e7f40
0x000000bea05fcbd8:   0000000000001100 0000000000000000
0x000000bea05fcbe8:   0000000000000000 000000bea05fcd60
0x000000bea05fcbf8:   00007ffe74b179c0 0000000000000000
0x000000bea05fcc08:   0000000000000000 0000000000000000
0x000000bea05fcc18:   0000000000000000 0000744f8efa681f
0x000000bea05fcc28:   00007ffe744d6555 000001c2af4e7f40
0x000000bea05fcc38:   0000000000000001 0000000000000000
0x000000bea05fcc48:   00007ffee9b7b86b 0000000001bd049d
0x000000bea05fcc58:   0000000000000008 000001c2a48b24a0
0x000000bea05fcc68:   0000000000000000 0000000000000000 

Instructions: (pc=0x00007ffe74e7ebe3)
0x00007ffe74e7eae3:   c1 75 31 00 48 89 51 08 48 89 01 8b 44 24 28 89
0x00007ffe74e7eaf3:   41 20 8b 44 24 30 89 41 24 48 8b c1 4c 89 41 10
0x00007ffe74e7eb03:   4c 89 49 18 c3 cc cc cc cc cc cc cc cc 48 89 5c
0x00007ffe74e7eb13:   24 08 8b 41 5c 48 8d 1d e1 14 64 ff 41 89 40 08
0x00007ffe74e7eb23:   4c 8b d1 8b 41 60 45 33 db 41 89 40 0c 4c 8b ca
0x00007ffe74e7eb33:   8b 41 64 41 89 40 10 8b 41 68 41 89 40 14 8b 41
0x00007ffe74e7eb43:   6c 41 89 40 18 8b 41 70 41 89 40 1c 48 63 41 74
0x00007ffe74e7eb53:   48 6b c8 34 8b 84 19 44 d1 ee 00 41 89 40 20 8b
0x00007ffe74e7eb63:   84 19 48 d1 ee 00 41 89 40 24 8b 84 19 4c d1 ee
0x00007ffe74e7eb73:   00 41 89 40 28 8b 84 19 50 d1 ee 00 41 89 40 2c
0x00007ffe74e7eb83:   8b 84 19 34 d1 ee 00 41 89 40 30 8b 84 19 38 d1
0x00007ffe74e7eb93:   ee 00 41 89 40 34 8b 84 19 3c d1 ee 00 41 89 40
0x00007ffe74e7eba3:   38 8b 84 19 40 d1 ee 00 41 89 40 3c 8b 84 19 24
0x00007ffe74e7ebb3:   d1 ee 00 41 89 40 40 8b 84 19 28 d1 ee 00 41 89
0x00007ffe74e7ebc3:   40 44 8b 84 19 2c d1 ee 00 41 89 40 48 8b 84 19
0x00007ffe74e7ebd3:   30 d1 ee 00 41 89 40 4c 49 63 42 78 48 6b c8 34
0x00007ffe74e7ebe3:   8b 84 19 44 d1 ee 00 41 89 40 50 8b 84 19 48 d1
0x00007ffe74e7ebf3:   ee 00 41 89 40 54 8b 84 19 4c d1 ee 00 41 89 40
0x00007ffe74e7ec03:   58 8b 84 19 50 d1 ee 00 41 89 40 5c 8b 84 19 34
0x00007ffe74e7ec13:   d1 ee 00 41 89 40 60 8b 84 19 38 d1 ee 00 41 89
0x00007ffe74e7ec23:   40 64 8b 84 19 3c d1 ee 00 41 89 40 68 8b 84 19
0x00007ffe74e7ec33:   40 d1 ee 00 41 89 40 6c 8b 84 19 24 d1 ee 00 41
0x00007ffe74e7ec43:   89 40 70 8b 84 19 28 d1 ee 00 41 89 40 74 8b 84
0x00007ffe74e7ec53:   19 2c d1 ee 00 41 89 40 78 8b 84 19 30 d1 ee 00
0x00007ffe74e7ec63:   41 89 40 7c 48 8b 42 18 8b 88 38 0b 00 00 f6 c1
0x00007ffe74e7ec73:   08 0f 84 86 00 00 00 8b 80 3c 0b 00 00 41 89 80
0x00007ffe74e7ec83:   80 00 00 00 48 8b 42 18 8b 88 40 0b 00 00 41 89
0x00007ffe74e7ec93:   88 84 00 00 00 48 8b 42 18 8b 88 44 0b 00 00 41
0x00007ffe74e7eca3:   89 88 88 00 00 00 48 8b 42 18 8b 88 48 0b 00 00
0x00007ffe74e7ecb3:   41 89 88 8c 00 00 00 48 8b 42 18 8b 88 4c 0b 00
0x00007ffe74e7ecc3:   00 41 89 88 90 00 00 00 48 8b 42 18 8b 88 50 0b
0x00007ffe74e7ecd3:   00 00 41 89 88 94 00 00 00 48 8b 42 18 8b 88 54 


Stack slot to memory mapping:
stack at sp + 0 slots: 0x00007ffe74e7c31b ig9icd64.dll
stack at sp + 1 slots: 0x0000000000000001 is an unknown value
stack at sp + 2 slots: 0x0 is NULL
stack at sp + 3 slots: 0x000001c2af4e7f00 points into unknown readable memory: 0x0000000000000000 | 00 00 00 00 00 00 00 00
stack at sp + 4 slots: 0x00007ffeda002622 igdgmm64.dll
stack at sp + 5 slots: 0x000000be00000065 is an unknown value
stack at sp + 6 slots: 0x000000bea05fcdb0 is pointing into the stack for thread: 0x000001c2a1692da0
stack at sp + 7 slots: 0x0 is NULL


---------------  P R O C E S S  ---------------

Threads class SMR info:
_java_thread_list=0x000001c2a1fe5fc0, length=30, elements={
0x000001c2f7a8b9e0, 0x000001c2ff6c47e0, 0x000001c2ff6c6c70, 0x000001c2ff6dac70,
0x000001c2ff6df830, 0x000001c2ff6e22f0, 0x000001c2ff6e2ca0, 0x000001c2ff6e3a30,
0x000001c2ff6e6cf0, 0x000001c29cb409e0, 0x000001c29cd8e790, 0x000001c29ce1b540,
0x000001c2a11e0a50, 0x000001c2a167c0f0, 0x000001c2a16c9f00, 0x000001c2a16ca850,
0x000001c2a1692da0, 0x000001c2a1aad620, 0x000001c2a1a820a0, 0x000001c2a1be7630,
0x000001c2a1be7160, 0x000001c2a1be7fd0, 0x000001c2a479d9d0, 0x000001c2a479f6b0,
0x000001c2a16af6e0, 0x000001c2a16b0ef0, 0x000001c2a16ae3a0, 0x000001c2a16b30a0,
0x000001c2a16afbb0, 0x000001c2a16b0550
}

Java Threads: ( => current thread )
  0x000001c2f7a8b9e0 JavaThread "main" [_thread_blocked, id=19372, stack(0x000000be9ea00000,0x000000be9eb00000)]
  0x000001c2ff6c47e0 JavaThread "Reference Handler" daemon [_thread_blocked, id=15376, stack(0x000000be9f100000,0x000000be9f200000)]
  0x000001c2ff6c6c70 JavaThread "Finalizer" daemon [_thread_blocked, id=18660, stack(0x000000be9f200000,0x000000be9f300000)]
  0x000001c2ff6dac70 JavaThread "Signal Dispatcher" daemon [_thread_blocked, id=1924, stack(0x000000be9f300000,0x000000be9f400000)]
  0x000001c2ff6df830 JavaThread "Attach Listener" daemon [_thread_blocked, id=13528, stack(0x000000be9f400000,0x000000be9f500000)]
  0x000001c2ff6e22f0 JavaThread "Service Thread" daemon [_thread_blocked, id=14832, stack(0x000000be9f500000,0x000000be9f600000)]
  0x000001c2ff6e2ca0 JavaThread "Monitor Deflation Thread" daemon [_thread_blocked, id=6256, stack(0x000000be9f600000,0x000000be9f700000)]
  0x000001c2ff6e3a30 JavaThread "C2 CompilerThread0" daemon [_thread_blocked, id=8104, stack(0x000000be9f700000,0x000000be9f800000)]
  0x000001c2ff6e6cf0 JavaThread "C1 CompilerThread0" daemon [_thread_blocked, id=16688, stack(0x000000be9f800000,0x000000be9f900000)]
  0x000001c29cb409e0 JavaThread "Sweeper thread" daemon [_thread_blocked, id=14736, stack(0x000000be9f900000,0x000000be9fa00000)]
  0x000001c29cd8e790 JavaThread "Common-Cleaner" daemon [_thread_blocked, id=10616, stack(0x000000be9fa00000,0x000000be9fb00000)]
  0x000001c29ce1b540 JavaThread "Monitor Ctrl-Break" daemon [_thread_in_native, id=1892, stack(0x000000be9fc00000,0x000000be9fd00000)]
  0x000001c2a11e0a50 JavaThread "Notification Thread" daemon [_thread_blocked, id=6700, stack(0x000000be9fd00000,0x000000be9fe00000)]
  0x000001c2a167c0f0 JavaThread "Java2D Disposer" daemon [_thread_blocked, id=11192, stack(0x000000bea0200000,0x000000bea0300000)]
  0x000001c2a16c9f00 JavaThread "AWT-Shutdown" [_thread_blocked, id=15264, stack(0x000000bea0300000,0x000000bea0400000)]
  0x000001c2a16ca850 JavaThread "AWT-Windows" daemon [_thread_in_native, id=17724, stack(0x000000bea0400000,0x000000bea0500000)]
=>0x000001c2a1692da0 JavaThread "AWT-EventQueue-0" [_thread_in_native, id=18776, stack(0x000000bea0500000,0x000000bea0600000)]
  0x000001c2a1aad620 JavaThread "Reference Cleaner" daemon [_thread_blocked, id=13760, stack(0x000000be9fb00000,0x000000be9fc00000)]
  0x000001c2a1a820a0 JavaThread "DefaultDispatcher-worker-1" daemon [_thread_blocked, id=18244, stack(0x000000bea0600000,0x000000bea0700000)]
  0x000001c2a1be7630 JavaThread "DefaultDispatcher-worker-2" daemon [_thread_blocked, id=6748, stack(0x000000bea0700000,0x000000bea0800000)]
  0x000001c2a1be7160 JavaThread "DefaultDispatcher-worker-3" daemon [_thread_blocked, id=14856, stack(0x000000bea0800000,0x000000bea0900000)]
  0x000001c2a1be7fd0 JavaThread "kotlinx.coroutines.DefaultExecutor" daemon [_thread_blocked, id=6528, stack(0x000000bea0a00000,0x000000bea0b00000)]
  0x000001c2a479d9d0 JavaThread "TimerQueue" daemon [_thread_blocked, id=14484, stack(0x000000bea0900000,0x000000bea0a00000)]
  0x000001c2a479f6b0 JavaThread "RealmFinalizingDaemon" daemon [_thread_blocked, id=16108, stack(0x000000bea1000000,0x000000bea1100000)]
  0x000001c2a16af6e0 JavaThread "core-notifier" daemon [_thread_in_native, id=10620, stack(0x000000bea1200000,0x000000bea1300000)]
  0x000001c2a16b0ef0 JavaThread "DefaultDispatcher-worker-4" daemon [_thread_blocked, id=4756, stack(0x000000bea0e00000,0x000000bea0f00000)]
  0x000001c2a16ae3a0 JavaThread "DefaultDispatcher-worker-5" daemon [_thread_blocked, id=4500, stack(0x000000bea1400000,0x000000bea1500000)]
  0x000001c2a16b30a0 JavaThread "DefaultDispatcher-worker-6" daemon [_thread_blocked, id=12264, stack(0x000000bea1500000,0x000000bea1600000)]
  0x000001c2a16afbb0 JavaThread "SIGINT handler" daemon [_thread_blocked, id=12096, stack(0x000000bea1600000,0x000000bea1700000)]
  0x000001c2a16b0550 JavaThread "ToolkitShutdown" daemon [_thread_in_native, id=1928, stack(0x000000bea1800000,0x000000bea1900000)]

Other Threads:
  0x000001c2ff6bdc40 VMThread "VM Thread" [stack: 0x000000be9f000000,0x000000be9f100000] [id=17052]
  0x000001c2f7a8c990 WatcherThread [stack: 0x000000be9fe00000,0x000000be9ff00000] [id=7528]
  0x000001c2f7af0800 GCTaskThread "GC Thread#0" [stack: 0x000000be9eb00000,0x000000be9ec00000] [id=304]
  0x000001c2a148ec20 GCTaskThread "GC Thread#1" [stack: 0x000000be9ff00000,0x000000bea0000000] [id=780]
  0x000001c2a148eed0 GCTaskThread "GC Thread#2" [stack: 0x000000bea0000000,0x000000bea0100000] [id=13968]
  0x000001c2a148f180 GCTaskThread "GC Thread#3" [stack: 0x000000bea0100000,0x000000bea0200000] [id=11872]
  0x000001c2f7b024e0 ConcurrentGCThread "G1 Main Marker" [stack: 0x000000be9ec00000,0x000000be9ed00000] [id=17284]
  0x000001c2f7b02ef0 ConcurrentGCThread "G1 Conc#0" [stack: 0x000000be9ed00000,0x000000be9ee00000] [id=3552]
  0x000001c2ff578100 ConcurrentGCThread "G1 Refine#0" [stack: 0x000000be9ee00000,0x000000be9ef00000] [id=13284]
  0x000001c2ff578b20 ConcurrentGCThread "G1 Service" [stack: 0x000000be9ef00000,0x000000be9f000000] [id=17992]

Threads with active compile tasks:

VM state: not at safepoint (normal execution)

VM Mutex/Monitor currently owned by a thread: None

Heap address: 0x0000000702600000, size: 4058 MB, Compressed Oops mode: Zero based, Oop shift amount: 3

CDS archive(s) mapped at: [0x0000000800000000-0x0000000800bc0000-0x0000000800bc0000), size 12320768, SharedBaseAddress: 0x0000000800000000, ArchiveRelocationMode: 0.
Compressed class space mapped at: 0x0000000801000000-0x0000000841000000, reserved size: 1073741824
Narrow klass base: 0x0000000800000000, Narrow klass shift: 0, Narrow klass range: 0x100000000

GC Precious Log:
 CPUs: 4 total, 4 available
 Memory: 16224M
 Large Page Support: Disabled
 NUMA Support: Disabled
 Compressed Oops: Enabled (Zero based)
 Heap Region Size: 2M
 Heap Min Capacity: 8M
 Heap Initial Capacity: 254M
 Heap Max Capacity: 4058M
 Pre-touch: Disabled
 Parallel Workers: 4
 Concurrent Workers: 1
 Concurrent Refinement Workers: 4
 Periodic GC: Disabled

Heap:
 garbage-first heap   total 59392K, used 31868K [0x0000000702600000, 0x0000000800000000)
  region size 2048K, 5 young (10240K), 1 survivors (2048K)
 Metaspace       used 34169K, committed 34432K, reserved 1114112K
  class space    used 3712K, committed 3840K, reserved 1048576K

Heap Regions: E=young(eden), S=young(survivor), O=old, HS=humongous(starts), HC=humongous(continues), CS=collection set, F=free, OA=open archive, CA=closed archive, TAMS=top-at-mark-start (previous, next)
|   0|0x0000000702600000, 0x0000000702800000, 0x0000000702800000|100%|HS|  |TAMS 0x0000000702800000, 0x0000000702600000| Complete 
|   1|0x0000000702800000, 0x0000000702a00000, 0x0000000702a00000|100%| O|  |TAMS 0x0000000702a00000, 0x0000000702800000| Untracked 
|   2|0x0000000702a00000, 0x0000000702c00000, 0x0000000702c00000|100%| O|  |TAMS 0x0000000702c00000, 0x0000000702a00000| Untracked 
|   3|0x0000000702c00000, 0x0000000702db5800, 0x0000000702e00000| 85%| O|  |TAMS 0x0000000702db5800, 0x0000000702c00000| Untracked 
|   4|0x0000000702e00000, 0x0000000703000000, 0x0000000703000000|100%| O|  |TAMS 0x0000000703000000, 0x0000000702e00000| Untracked 
|   5|0x0000000703000000, 0x0000000703200000, 0x0000000703200000|100%| O|  |TAMS 0x0000000703122400, 0x0000000703000000| Untracked 
|   6|0x0000000703200000, 0x0000000703316600, 0x0000000703400000| 54%| O|  |TAMS 0x0000000703200000, 0x0000000703200000| Untracked 
|   7|0x0000000703400000, 0x0000000703400000, 0x0000000703600000|  0%| F|  |TAMS 0x0000000703400000, 0x0000000703400000| Untracked 
|   8|0x0000000703600000, 0x0000000703600000, 0x0000000703800000|  0%| F|  |TAMS 0x0000000703600000, 0x0000000703600000| Untracked 
|   9|0x0000000703800000, 0x0000000703800000, 0x0000000703a00000|  0%| F|  |TAMS 0x0000000703800000, 0x0000000703800000| Untracked 
|  10|0x0000000703a00000, 0x0000000703c00000, 0x0000000703c00000|100%| O|  |TAMS 0x0000000703c00000, 0x0000000703a00000| Untracked 
|  11|0x0000000703c00000, 0x0000000703c00000, 0x0000000703e00000|  0%| F|  |TAMS 0x0000000703c00000, 0x0000000703c00000| Untracked 
|  12|0x0000000703e00000, 0x0000000703e00000, 0x0000000704000000|  0%| F|  |TAMS 0x0000000703e00000, 0x0000000703e00000| Untracked 
|  13|0x0000000704000000, 0x0000000704000000, 0x0000000704200000|  0%| F|  |TAMS 0x0000000704000000, 0x0000000704000000| Untracked 
|  14|0x0000000704200000, 0x0000000704400000, 0x0000000704400000|100%| O|  |TAMS 0x0000000704400000, 0x0000000704200000| Untracked 
|  15|0x0000000704400000, 0x0000000704400000, 0x0000000704600000|  0%| F|  |TAMS 0x0000000704400000, 0x0000000704400000| Untracked 
|  16|0x0000000704600000, 0x0000000704600000, 0x0000000704800000|  0%| F|  |TAMS 0x0000000704600000, 0x0000000704600000| Untracked 
|  17|0x0000000704800000, 0x00000007048535e0, 0x0000000704a00000| 16%| S|CS|TAMS 0x0000000704800000, 0x0000000704800000| Complete 
|  18|0x0000000704a00000, 0x0000000704c00000, 0x0000000704c00000|100%|HS|  |TAMS 0x0000000704c00000, 0x0000000704a00000| Complete 
|  19|0x0000000704c00000, 0x0000000704e00000, 0x0000000704e00000|100%|HC|  |TAMS 0x0000000704e00000, 0x0000000704c00000| Complete 
|  20|0x0000000704e00000, 0x0000000705000000, 0x0000000705000000|100%|HC|  |TAMS 0x0000000705000000, 0x0000000704e00000| Complete 
|  21|0x0000000705000000, 0x0000000705200000, 0x0000000705200000|100%|HC|  |TAMS 0x0000000705200000, 0x0000000705000000| Complete 
|  22|0x0000000705200000, 0x0000000705200000, 0x0000000705400000|  0%| F|  |TAMS 0x0000000705200000, 0x0000000705200000| Untracked 
|  23|0x0000000705400000, 0x0000000705400000, 0x0000000705600000|  0%| F|  |TAMS 0x0000000705400000, 0x0000000705400000| Untracked 
|  24|0x0000000705600000, 0x0000000705600000, 0x0000000705800000|  0%| F|  |TAMS 0x0000000705600000, 0x0000000705600000| Untracked 
|  25|0x0000000705800000, 0x00000007058c1660, 0x0000000705a00000| 37%| E|  |TAMS 0x0000000705800000, 0x0000000705800000| Complete 
| 105|0x000000070f800000, 0x000000070fa00000, 0x000000070fa00000|100%| E|CS|TAMS 0x000000070f800000, 0x000000070f800000| Complete 
| 106|0x000000070fa00000, 0x000000070fc00000, 0x000000070fc00000|100%| E|CS|TAMS 0x000000070fa00000, 0x000000070fa00000| Complete 
| 126|0x0000000712200000, 0x0000000712400000, 0x0000000712400000|100%| E|CS|TAMS 0x0000000712200000, 0x0000000712200000| Complete 

Card table byte_map: [0x000001c2fa110000,0x000001c2fa900000] _byte_map_base: 0x000001c2f68fd000

Marking Bits (Prev, Next): (CMBitMap*) 0x000001c2f7af1e60, (CMBitMap*) 0x000001c2f7af1e20
 Prev Bits: [0x000001c296a40000, 0x000001c29a9a8000)
 Next Bits: [0x000001c2fb0f0000, 0x000001c2ff058000)

Polling page: 0x000001c2f7900000

Metaspace:

Usage:
  Non-class:     29.74 MB used.
      Class:      3.63 MB used.
       Both:     33.37 MB used.

Virtual space:
  Non-class space:       64.00 MB reserved,      29.88 MB ( 47%) committed,  1 nodes.
      Class space:        1.00 GB reserved,       3.75 MB ( <1%) committed,  1 nodes.
             Both:        1.06 GB reserved,      33.63 MB (  3%) committed. 

Chunk freelists:
   Non-Class:  1.58 MB
       Class:  12.28 MB
        Both:  13.86 MB

MaxMetaspaceSize: unlimited
CompressedClassSpaceSize: 1.00 GB
Initial GC threshold: 21.00 MB
Current GC threshold: 55.94 MB
CDS: on
MetaspaceReclaimPolicy: balanced
 - commit_granule_bytes: 65536.
 - commit_granule_words: 8192.
 - virtual_space_node_default_size: 8388608.
 - enlarge_chunks_in_place: 1.
 - new_chunks_are_fully_committed: 0.
 - uncommit_free_chunks: 1.
 - use_allocation_guard: 0.
 - handle_deallocations: 1.


Internal statistics:

num_allocs_failed_limit: 3.
num_arena_births: 160.
num_arena_deaths: 0.
num_vsnodes_births: 2.
num_vsnodes_deaths: 0.
num_space_committed: 538.
num_space_uncommitted: 0.
num_chunks_returned_to_freelist: 3.
num_chunks_taken_from_freelist: 1059.
num_chunk_merges: 3.
num_chunk_splits: 914.
num_chunks_enlarged: 834.
num_inconsistent_stats: 0.

CodeHeap 'non-profiled nmethods': size=120000Kb used=3008Kb max_used=3008Kb free=116992Kb
 bounds [0x000001c28f510000, 0x000001c28f800000, 0x000001c296a40000]
CodeHeap 'profiled nmethods': size=120000Kb used=10433Kb max_used=10433Kb free=109566Kb
 bounds [0x000001c287a40000, 0x000001c288480000, 0x000001c28ef70000]
CodeHeap 'non-nmethods': size=5760Kb used=1865Kb max_used=1943Kb free=3894Kb
 bounds [0x000001c28ef70000, 0x000001c28f1e0000, 0x000001c28f510000]
 total_blobs=6524 nmethods=5181 adapters=1255
 compilation: enabled
              stopped_count=0, restarted_count=0
 full_count=0

Compilation events (20 events):
Event: 20.579 Thread 0x000001c2ff6e6cf0 5174       3       androidx.compose.ui.platform.FlushCoroutineDispatcher$scheduleResumeAfterDelay$2::<init> (24 bytes)
Event: 20.580 Thread 0x000001c2ff6e6cf0 nmethod 5174 0x000001c28846d890 code [0x000001c28846da80, 0x000001c28846e068]
Event: 20.580 Thread 0x000001c2ff6e6cf0 5175       1       javax.swing.Timer::setRepeats (6 bytes)
Event: 20.580 Thread 0x000001c2ff6e6cf0 nmethod 5175 0x000001c28f7fbc10 code [0x000001c28f7fbda0, 0x000001c28f7fbe78]
Event: 20.580 Thread 0x000001c2ff6e6cf0 5176       1       javax.swing.Timer::getInitialDelay (5 bytes)
Event: 20.580 Thread 0x000001c2ff6e6cf0 nmethod 5176 0x000001c28f7fbf10 code [0x000001c28f7fc0a0, 0x000001c28f7fc178]
Event: 20.608 Thread 0x000001c2ff6e3a30 5177       4       androidx.compose.runtime.snapshots.SnapshotKt$takeNewSnapshot$1::invoke (9 bytes)
Event: 20.633 Thread 0x000001c2ff6e3a30 nmethod 5177 0x000001c28f7fc210 code [0x000001c28f7fc400, 0x000001c28f7fd568]
Event: 20.633 Thread 0x000001c2ff6e3a30 5178   !   4       androidx.compose.runtime.snapshots.SnapshotKt$takeNewSnapshot$1::invoke (74 bytes)
Event: 20.653 Thread 0x000001c2ff6e3a30 nmethod 5178 0x000001c28f7fdd10 code [0x000001c28f7fdf00, 0x000001c28f7ff028]
Event: 20.683 Thread 0x000001c2ff6e6cf0 5179       3       java.util.IdentityHashMap$IdentityHashMapIterator::nextIndex (72 bytes)
Event: 20.683 Thread 0x000001c2ff6e6cf0 nmethod 5179 0x000001c28846e290 code [0x000001c28846e460, 0x000001c28846e8a8]
Event: 20.695 Thread 0x000001c2ff6e3a30 5180       4       java.util.ArrayList::addAll (76 bytes)
Event: 20.697 Thread 0x000001c2ff6e3a30 nmethod 5180 0x000001c28f7ff790 code [0x000001c28f7ff920, 0x000001c28f7ffb88]
Event: 20.711 Thread 0x000001c2ff6e6cf0 5181       3       javax.swing.TimerQueue$DelayedTimer::getDelay (16 bytes)
Event: 20.711 Thread 0x000001c2ff6e6cf0 nmethod 5181 0x000001c28846ea10 code [0x000001c28846ebc0, 0x000001c28846edc8]
Event: 20.712 Thread 0x000001c2ff6e6cf0 5182       1       javax.swing.Timer::isRepeats (5 bytes)
Event: 20.712 Thread 0x000001c2ff6e6cf0 nmethod 5182 0x000001c28f7ffd10 code [0x000001c28f7ffea0, 0x000001c28f7fff78]
Event: 20.712 Thread 0x000001c2ff6e6cf0 5183       3       java.util.concurrent.locks.AbstractQueuedSynchronizer$ConditionObject::awaitNanos (200 bytes)
Event: 20.713 Thread 0x000001c2ff6e6cf0 nmethod 5183 0x000001c28846ee90 code [0x000001c28846f160, 0x000001c2884701a8]

GC Heap History (20 events):
Event: 0.866 GC heap before
{Heap before GC invocations=1 (full 0):
 garbage-first heap   total 260096K, used 15558K [0x0000000702600000, 0x0000000800000000)
  region size 2048K, 6 young (12288K), 1 survivors (2048K)
 Metaspace       used 5827K, committed 6016K, reserved 1114112K
  class space    used 468K, committed 576K, reserved 1048576K
}
Event: 0.869 GC heap after
{Heap after GC invocations=2 (full 0):
 garbage-first heap   total 260096K, used 8337K [0x0000000702600000, 0x0000000800000000)
  region size 2048K, 1 young (2048K), 1 survivors (2048K)
 Metaspace       used 5827K, committed 6016K, reserved 1114112K
  class space    used 468K, committed 576K, reserved 1048576K
}
Event: 2.174 GC heap before
{Heap before GC invocations=2 (full 0):
 garbage-first heap   total 260096K, used 32913K [0x0000000702600000, 0x0000000800000000)
  region size 2048K, 14 young (28672K), 1 survivors (2048K)
 Metaspace       used 14161K, committed 14336K, reserved 1114112K
  class space    used 1453K, committed 1536K, reserved 1048576K
}
Event: 2.178 GC heap after
{Heap after GC invocations=3 (full 0):
 garbage-first heap   total 260096K, used 10314K [0x0000000702600000, 0x0000000800000000)
  region size 2048K, 2 young (4096K), 2 survivors (4096K)
 Metaspace       used 14161K, committed 14336K, reserved 1114112K
  class space    used 1453K, committed 1536K, reserved 1048576K
}
Event: 3.620 GC heap before
{Heap before GC invocations=3 (full 0):
 garbage-first heap   total 260096K, used 45130K [0x0000000702600000, 0x0000000800000000)
  region size 2048K, 20 young (40960K), 2 survivors (4096K)
 Metaspace       used 21341K, committed 21504K, reserved 1114112K
  class space    used 2280K, committed 2368K, reserved 1048576K
}
Event: 3.624 GC heap after
{Heap after GC invocations=4 (full 0):
 garbage-first heap   total 260096K, used 11796K [0x0000000702600000, 0x0000000800000000)
  region size 2048K, 2 young (4096K), 2 survivors (4096K)
 Metaspace       used 21341K, committed 21504K, reserved 1114112K
  class space    used 2280K, committed 2368K, reserved 1048576K
}
Event: 6.211 GC heap before
{Heap before GC invocations=5 (full 0):
 garbage-first heap   total 49152K, used 38420K [0x0000000702600000, 0x0000000800000000)
  region size 2048K, 10 young (20480K), 2 survivors (4096K)
 Metaspace       used 24299K, committed 24512K, reserved 1114112K
  class space    used 2620K, committed 2752K, reserved 1048576K
}
Event: 6.216 GC heap after
{Heap after GC invocations=6 (full 0):
 garbage-first heap   total 49152K, used 24594K [0x0000000702600000, 0x0000000800000000)
  region size 2048K, 3 young (6144K), 3 survivors (6144K)
 Metaspace       used 24299K, committed 24512K, reserved 1114112K
  class space    used 2620K, committed 2752K, reserved 1048576K
}
Event: 6.388 GC heap before
{Heap before GC invocations=6 (full 0):
 garbage-first heap   total 49152K, used 30738K [0x0000000702600000, 0x0000000800000000)
  region size 2048K, 7 young (14336K), 3 survivors (6144K)
 Metaspace       used 25459K, committed 25728K, reserved 1114112K
  class space    used 2741K, committed 2880K, reserved 1048576K
}
Event: 6.393 GC heap after
{Heap after GC invocations=7 (full 0):
 garbage-first heap   total 49152K, used 19375K [0x0000000702600000, 0x0000000800000000)
  region size 2048K, 1 young (2048K), 1 survivors (2048K)
 Metaspace       used 25459K, committed 25728K, reserved 1114112K
  class space    used 2741K, committed 2880K, reserved 1048576K
}
Event: 6.705 GC heap before
{Heap before GC invocations=7 (full 0):
 garbage-first heap   total 49152K, used 33711K [0x0000000702600000, 0x0000000800000000)
  region size 2048K, 8 young (16384K), 1 survivors (2048K)
 Metaspace       used 27911K, committed 28160K, reserved 1114112K
  class space    used 3104K, committed 3200K, reserved 1048576K
}
Event: 6.708 GC heap after
{Heap after GC invocations=8 (full 0):
 garbage-first heap   total 49152K, used 20544K [0x0000000702600000, 0x0000000800000000)
  region size 2048K, 1 young (2048K), 1 survivors (2048K)
 Metaspace       used 27911K, committed 28160K, reserved 1114112K
  class space    used 3104K, committed 3200K, reserved 1048576K
}
Event: 7.029 GC heap before
{Heap before GC invocations=8 (full 0):
 garbage-first heap   total 49152K, used 32832K [0x0000000702600000, 0x0000000800000000)
  region size 2048K, 8 young (16384K), 1 survivors (2048K)
 Metaspace       used 31108K, committed 31360K, reserved 1114112K
  class space    used 3455K, committed 3584K, reserved 1048576K
}
Event: 7.033 GC heap after
{Heap after GC invocations=9 (full 0):
 garbage-first heap   total 49152K, used 21294K [0x0000000702600000, 0x0000000800000000)
  region size 2048K, 1 young (2048K), 1 survivors (2048K)
 Metaspace       used 31108K, committed 31360K, reserved 1114112K
  class space    used 3455K, committed 3584K, reserved 1048576K
}
Event: 7.401 GC heap before
{Heap before GC invocations=9 (full 0):
 garbage-first heap   total 49152K, used 33582K [0x0000000702600000, 0x0000000800000000)
  region size 2048K, 7 young (14336K), 1 survivors (2048K)
 Metaspace       used 33117K, committed 33280K, reserved 1114112K
  class space    used 3690K, committed 3776K, reserved 1048576K
}
Event: 7.403 GC heap after
{Heap after GC invocations=10 (full 0):
 garbage-first heap   total 49152K, used 22034K [0x0000000702600000, 0x0000000800000000)
  region size 2048K, 1 young (2048K), 1 survivors (2048K)
 Metaspace       used 33117K, committed 33280K, reserved 1114112K
  class space    used 3690K, committed 3776K, reserved 1048576K
}
Event: 11.348 GC heap before
{Heap before GC invocations=11 (full 0):
 garbage-first heap   total 59392K, used 42514K [0x0000000702600000, 0x0000000800000000)
  region size 2048K, 7 young (14336K), 1 survivors (2048K)
 Metaspace       used 33954K, committed 34176K, reserved 1114112K
  class space    used 3706K, committed 3840K, reserved 1048576K
}
Event: 11.353 GC heap after
{Heap after GC invocations=12 (full 0):
 garbage-first heap   total 59392K, used 31583K [0x0000000702600000, 0x0000000800000000)
  region size 2048K, 1 young (2048K), 1 survivors (2048K)
 Metaspace       used 33954K, committed 34176K, reserved 1114112K
  class space    used 3706K, committed 3840K, reserved 1048576K
}
Event: 17.394 GC heap before
{Heap before GC invocations=12 (full 0):
 garbage-first heap   total 59392K, used 43871K [0x0000000702600000, 0x0000000800000000)
  region size 2048K, 7 young (14336K), 1 survivors (2048K)
 Metaspace       used 34139K, committed 34368K, reserved 1114112K
  class space    used 3709K, committed 3840K, reserved 1048576K
}
Event: 17.397 GC heap after
{Heap after GC invocations=13 (full 0):
 garbage-first heap   total 59392K, used 31868K [0x0000000702600000, 0x0000000800000000)
  region size 2048K, 1 young (2048K), 1 survivors (2048K)
 Metaspace       used 34139K, committed 34368K, reserved 1114112K
  class space    used 3709K, committed 3840K, reserved 1048576K
}

Dll operation events (14 events):
Event: 0.009 Loaded shared library C:\Users\HP\.jdks\corretto-17.0.7\bin\java.dll
Event: 0.023 Loaded shared library C:\Users\HP\.jdks\corretto-17.0.7\bin\jsvml.dll
Event: 0.211 Loaded shared library C:\Users\HP\.jdks\corretto-17.0.7\bin\zip.dll
Event: 0.214 Loaded shared library C:\Users\HP\.jdks\corretto-17.0.7\bin\instrument.dll
Event: 0.220 Loaded shared library C:\Users\HP\.jdks\corretto-17.0.7\bin\net.dll
Event: 0.222 Loaded shared library C:\Users\HP\.jdks\corretto-17.0.7\bin\nio.dll
Event: 0.228 Loaded shared library C:\Users\HP\.jdks\corretto-17.0.7\bin\zip.dll
Event: 0.387 Loaded shared library C:\Program Files\JetBrains\IntelliJ IDEA Community Edition 2021.3.2\bin\breakgen64.dll
Event: 0.584 Loaded shared library C:\Users\HP\.jdks\corretto-17.0.7\bin\jimage.dll
Event: 0.588 Loaded shared library C:\Users\HP\.jdks\corretto-17.0.7\bin\awt.dll
Event: 1.592 Loaded shared library C:\Users\HP\.skiko\0de0d8dd8554d9bb66cfca3837db6514ff9b71080e998917280a3b777460a416\skiko-windows-x64.dll
Event: 2.127 Loaded shared library C:\Users\HP\.jdks\corretto-17.0.7\bin\freetype.dll
Event: 2.129 Loaded shared library C:\Users\HP\.jdks\corretto-17.0.7\bin\fontmanager.dll
Event: 6.834 Loaded shared library C:\Users\HP\AppData\Local\io-realm-kotlin\f7113120ba00ba1ff91d696eecd3919e85a4e34e\realmc.dll

Deoptimization events (20 events):
Event: 14.337 Thread 0x000001c2a1692da0 Uncommon trap: trap_request=0xffffff45 fr.pc=0x000001c28f725774 relative=0x00000000000001d4
Event: 14.337 Thread 0x000001c2a1692da0 Uncommon trap: reason=unstable_if action=reinterpret pc=0x000001c28f725774 method=androidx.compose.foundation.layout.SizeModifier.<init>(FFFFZLkotlin/jvm/functions/Function1;ILkotlin/jvm/internal/DefaultConstructorMarker;)V @ 4 c2
Event: 14.337 Thread 0x000001c2a1692da0 DEOPT PACKING pc=0x000001c28f725774 sp=0x000000bea05fcdf0
Event: 14.337 Thread 0x000001c2a1692da0 DEOPT UNPACKING pc=0x000001c28efc69a3 sp=0x000000bea05fcdd0 mode 2
Event: 17.609 Thread 0x000001c2a1692da0 Uncommon trap: trap_request=0xffffffd6 fr.pc=0x000001c28f7c2f84 relative=0x0000000000004424
Event: 17.609 Thread 0x000001c2a1692da0 Uncommon trap: reason=array_check action=maybe_recompile pc=0x000001c28f7c2f84 method=androidx.compose.runtime.collection.MutableVector.add(Ljava/lang/Object;)Z @ 19 c2
Event: 17.609 Thread 0x000001c2a1692da0 DEOPT PACKING pc=0x000001c28f7c2f84 sp=0x000000bea05fe340
Event: 17.609 Thread 0x000001c2a1692da0 DEOPT UNPACKING pc=0x000001c28efc69a3 sp=0x000000bea05fe2f0 mode 2
Event: 17.609 Thread 0x000001c2a1692da0 Uncommon trap: trap_request=0xffffffd6 fr.pc=0x000001c28f7c2f84 relative=0x0000000000004424
Event: 17.609 Thread 0x000001c2a1692da0 Uncommon trap: reason=array_check action=maybe_recompile pc=0x000001c28f7c2f84 method=androidx.compose.runtime.collection.MutableVector.add(Ljava/lang/Object;)Z @ 19 c2
Event: 17.609 Thread 0x000001c2a1692da0 DEOPT PACKING pc=0x000001c28f7c2f84 sp=0x000000bea05fe340
Event: 17.609 Thread 0x000001c2a1692da0 DEOPT UNPACKING pc=0x000001c28efc69a3 sp=0x000000bea05fe2f0 mode 2
Event: 17.609 Thread 0x000001c2a1692da0 Uncommon trap: trap_request=0xffffffd6 fr.pc=0x000001c28f7c2f84 relative=0x0000000000004424
Event: 17.609 Thread 0x000001c2a1692da0 Uncommon trap: reason=array_check action=maybe_recompile pc=0x000001c28f7c2f84 method=androidx.compose.runtime.collection.MutableVector.add(Ljava/lang/Object;)Z @ 19 c2
Event: 17.609 Thread 0x000001c2a1692da0 DEOPT PACKING pc=0x000001c28f7c2f84 sp=0x000000bea05fe340
Event: 17.609 Thread 0x000001c2a1692da0 DEOPT UNPACKING pc=0x000001c28efc69a3 sp=0x000000bea05fe2f0 mode 2
Event: 17.610 Thread 0x000001c2a1692da0 Uncommon trap: trap_request=0xffffffd6 fr.pc=0x000001c28f7c2f84 relative=0x0000000000004424
Event: 17.610 Thread 0x000001c2a1692da0 Uncommon trap: reason=array_check action=maybe_recompile pc=0x000001c28f7c2f84 method=androidx.compose.runtime.collection.MutableVector.add(Ljava/lang/Object;)Z @ 19 c2
Event: 17.610 Thread 0x000001c2a1692da0 DEOPT PACKING pc=0x000001c28f7c2f84 sp=0x000000bea05fe340
Event: 17.610 Thread 0x000001c2a1692da0 DEOPT UNPACKING pc=0x000001c28efc69a3 sp=0x000000bea05fe2f0 mode 2

Classes unloaded (0 events):
No events

Classes redefined (0 events):
No events

Internal exceptions (20 events):
Event: 0.611 Thread 0x000001c2f7a8b9e0 Exception <a 'java/io/FileNotFoundException'{0x00000007122b9b50}> (0x00000007122b9b50) 
thrown [s\src\hotspot\share\prims\jni.cpp, line 516]
Event: 0.969 Thread 0x000001c2a1692da0 Exception <a 'java/lang/NoSuchMethodError'{0x00000007123e5d00}: 'java.lang.Object java.lang.invoke.DirectMethodHandle$Holder.invokeStaticInit(java.lang.Object, int, int, int, int)'> (0x00000007123e5d00) 
thrown [s\src\hotspot\share\interpreter\linkResolver.cpp, line 759]
Event: 1.207 Thread 0x000001c2a1692da0 Exception <a 'java/lang/NoSuchMethodError'{0x00000007121d16b0}: 'java.lang.Object java.lang.invoke.DirectMethodHandle$Holder.invokeStaticInit(java.lang.Object, java.lang.Object, int, int, int, int)'> (0x00000007121d16b0) 
thrown [s\src\hotspot\share\interpreter\linkResolver.cpp, line 759]
Event: 1.336 Thread 0x000001c2a1692da0 Exception <a 'java/lang/NoSuchMethodError'{0x0000000711d29290}: 'double java.lang.invoke.DirectMethodHandle$Holder.invokeStatic(java.lang.Object, double)'> (0x0000000711d29290) 
thrown [s\src\hotspot\share\interpreter\linkResolver.cpp, line 759]
Event: 1.337 Thread 0x000001c2a1692da0 Exception <a 'java/lang/NoSuchMethodError'{0x0000000711d2ccf0}: 'double java.lang.invoke.DirectMethodHandle$Holder.invokeStaticInit(java.lang.Object, double)'> (0x0000000711d2ccf0) 
thrown [s\src\hotspot\share\interpreter\linkResolver.cpp, line 759]
Event: 1.356 Thread 0x000001c2a1692da0 Exception <a 'java/lang/NoSuchMethodError'{0x0000000711d74c50}: 'java.lang.Object java.lang.invoke.DirectMethodHandle$Holder.newInvokeSpecial(java.lang.Object, double)'> (0x0000000711d74c50) 
thrown [s\src\hotspot\share\interpreter\linkResolver.cpp, line 759]
Event: 1.868 Thread 0x000001c2a1692da0 Exception <a 'java/lang/NoSuchMethodError'{0x0000000710c0e190}: 'void java.lang.invoke.DirectMethodHandle$Holder.invokeSpecial(java.lang.Object, java.lang.Object, java.lang.Object)'> (0x0000000710c0e190) 
thrown [s\src\hotspot\share\interpreter\linkResolver.cpp, line 759]
Event: 1.882 Thread 0x000001c2a1692da0 Exception <a 'java/lang/NoSuchMethodError'{0x0000000710c38320}: 'java.lang.Object java.lang.invoke.DirectMethodHandle$Holder.newInvokeSpecial(java.lang.Object, java.lang.Object, java.lang.Object, java.lang.Object, java.lang.Object)'> (0x0000000710c38320) 
thrown [s\src\hotspot\share\interpreter\linkResolver.cpp, line 759]
Event: 1.885 Thread 0x000001c2a1692da0 Exception <a 'java/lang/NoSuchMethodError'{0x0000000710c43f90}: 'java.lang.Object java.lang.invoke.DirectMethodHandle$Holder.invokeStatic(java.lang.Object, int, java.lang.Object, java.lang.Object, java.lang.Object, java.lang.Object)'> (0x0000000710c43f90) 
thrown [s\src\hotspot\share\interpreter\linkResolver.cpp, line 759]
Event: 1.892 Thread 0x000001c2a1692da0 Exception <a 'java/lang/NoSuchMethodError'{0x0000000710c69c40}: 'java.lang.Object java.lang.invoke.DirectMethodHandle$Holder.invokeStatic(java.lang.Object, int, java.lang.Object)'> (0x0000000710c69c40) 
thrown [s\src\hotspot\share\interpreter\linkResolver.cpp, line 759]
Event: 1.933 Thread 0x000001c2a1692da0 Exception <a 'java/lang/ClassNotFoundException'{0x0000000710d26108}: com/sun/swing/internal/plaf/metal/resources/spi/metalProvider> (0x0000000710d26108) 
thrown [s\src\hotspot\share\classfile\systemDictionary.cpp, line 256]
Event: 1.934 Thread 0x000001c2a1692da0 Exception <a 'java/lang/ClassNotFoundException'{0x0000000710d2a0a8}: com/sun/swing/internal/plaf/basic/resources/spi/basicProvider> (0x0000000710d2a0a8) 
thrown [s\src\hotspot\share\classfile\systemDictionary.cpp, line 256]
Event: 1.946 Thread 0x000001c2a1692da0 Implicit null exception at 0x000001c28f544b90 to 0x000001c28f544f64
Event: 1.946 Thread 0x000001c2a1692da0 Implicit null exception at 0x000001c28f539010 to 0x000001c28f5393c8
Event: 2.002 Thread 0x000001c2a1692da0 Exception <a 'java/lang/NoSuchMethodError'{0x0000000710a3aec8}: 'void java.lang.invoke.DirectMethodHandle$Holder.invokeStatic(java.lang.Object, java.lang.Object, java.lang.Object)'> (0x0000000710a3aec8) 
thrown [s\src\hotspot\share\interpreter\linkResolver.cpp, line 759]
Event: 2.122 Thread 0x000001c2a1692da0 Exception <a 'java/lang/NoSuchMethodError'{0x0000000710917f58}: 'void java.lang.invoke.DirectMethodHandle$Holder.invokeStaticInit(java.lang.Object)'> (0x0000000710917f58) 
thrown [s\src\hotspot\share\interpreter\linkResolver.cpp, line 759]
Event: 2.373 Thread 0x000001c2a1692da0 Exception <a 'java/lang/NoSuchMethodError'{0x0000000711f67460}: 'int java.lang.invoke.DirectMethodHandle$Holder.invokeStaticInit(java.lang.Object, java.lang.Object, java.lang.Object)'> (0x0000000711f67460) 
thrown [s\src\hotspot\share\interpreter\linkResolver.cpp, line 759]
Event: 2.912 Thread 0x000001c2a16ca850 Exception <a 'java/lang/NoSuchMethodError'{0x0000000710800b68}: 'void java.lang.invoke.DirectMethodHandle$Holder.invokeVirtual(java.lang.Object, java.lang.Object)'> (0x0000000710800b68) 
thrown [s\src\hotspot\share\interpreter\linkResolver.cpp, line 759]
Event: 6.052 Thread 0x000001c2a1692da0 Exception <a 'java/lang/NoSuchMethodError'{0x0000000704ba25b0}: 'int java.lang.invoke.DirectMethodHandle$Holder.invokeStaticInit(java.lang.Object, long, long)'> (0x0000000704ba25b0) 
thrown [s\src\hotspot\share\interpreter\linkResolver.cpp, line 759]
Event: 6.711 Thread 0x000001c2a1692da0 Exception <a 'java/lang/NoSuchMethodError'{0x000000071221d288}: 'java.lang.Object java.lang.invoke.DirectMethodHandle$Holder.newInvokeSpecial(java.lang.Object, int, java.lang.Object)'> (0x000000071221d288) 
thrown [s\src\hotspot\share\interpreter\linkResolver.cpp, line 759]

VM Operations (20 events):
Event: 13.366 Executing VM operation: Cleanup
Event: 13.366 Executing VM operation: Cleanup done
Event: 14.382 Executing VM operation: Cleanup
Event: 14.382 Executing VM operation: Cleanup done
Event: 15.394 Executing VM operation: Cleanup
Event: 15.394 Executing VM operation: Cleanup done
Event: 16.394 Executing VM operation: Cleanup
Event: 16.394 Executing VM operation: Cleanup done
Event: 17.393 Executing VM operation: G1CollectForAllocation
Event: 17.397 Executing VM operation: G1CollectForAllocation done
Event: 17.424 Executing VM operation: G1Concurrent
Event: 17.427 Executing VM operation: G1Concurrent done
Event: 17.439 Executing VM operation: G1Concurrent
Event: 17.439 Executing VM operation: G1Concurrent done
Event: 18.454 Executing VM operation: Cleanup
Event: 18.454 Executing VM operation: Cleanup done
Event: 19.468 Executing VM operation: Cleanup
Event: 19.468 Executing VM operation: Cleanup done
Event: 20.469 Executing VM operation: Cleanup
Event: 20.469 Executing VM operation: Cleanup done

Events (20 events):
Event: 7.379 loading class sun/awt/Win32GraphicsDevice$Win32FSWindowAdapter
Event: 7.379 loading class sun/awt/Win32GraphicsDevice$Win32FSWindowAdapter done
Event: 7.379 loading class sun/awt/Win32GraphicsDevice$1
Event: 7.379 loading class sun/awt/Win32GraphicsDevice$1 done
Event: 7.542 Thread 0x000001c2a2618800 Thread added: 0x000001c2a2618800
Event: 8.875 Thread 0x000001c2a2618800 Thread exited: 0x000001c2a2618800
Event: 8.994 Thread 0x000001c2a2510f90 Thread added: 0x000001c2a2510f90
Event: 9.201 Thread 0x000001c2a2510f90 Thread exited: 0x000001c2a2510f90
Event: 16.348 loading class java/security/DomainCombiner
Event: 16.348 loading class java/security/DomainCombiner done
Event: 20.682 loading class jdk/internal/misc/Signal$1
Event: 20.682 loading class jdk/internal/misc/Signal$1 done
Event: 20.682 Thread 0x000001c2a16afbb0 Thread added: 0x000001c2a16afbb0
Event: 20.682 Thread 0x000001c2a16b0080 Thread added: 0x000001c2a16b0080
Event: 20.682 Thread 0x000001c2a16b0550 Thread added: 0x000001c2a16b0550
Event: 20.683 Thread 0x000001c2a16b0a20 Thread added: 0x000001c2a16b0a20
Event: 20.685 Thread 0x000001c2a16b0a20 Thread exited: 0x000001c2a16b0a20
Event: 20.698 Thread 0x000001c2a479ed10 Thread exited: 0x000001c2a479ed10
Event: 20.699 Thread 0x000001c2a479fb80 Thread exited: 0x000001c2a479fb80
Event: 20.699 Thread 0x000001c2a16b0080 Thread exited: 0x000001c2a16b0080


Dynamic libraries:
0x00007ff7eeda0000 - 0x00007ff7eedad000 	C:\Users\HP\.jdks\corretto-17.0.7\bin\java.exe
0x00007ffee9b50000 - 0x00007ffee9d48000 	C:\Windows\SYSTEM32\ntdll.dll
0x00007ffee90d0000 - 0x00007ffee918f000 	C:\Windows\System32\KERNEL32.DLL
0x00007ffee7790000 - 0x00007ffee7a86000 	C:\Windows\System32\KERNELBASE.dll
0x00007ffee7410000 - 0x00007ffee7510000 	C:\Windows\System32\ucrtbase.dll
0x00007ffedbcc0000 - 0x00007ffedbcd7000 	C:\Users\HP\.jdks\corretto-17.0.7\bin\jli.dll
0x00007ffeced70000 - 0x00007ffeced85000 	C:\Users\HP\.jdks\corretto-17.0.7\bin\VCRUNTIME140.dll
0x00007ffee9970000 - 0x00007ffee9b0d000 	C:\Windows\System32\USER32.dll
0x00007ffee76c0000 - 0x00007ffee76e2000 	C:\Windows\System32\win32u.dll
0x00007ffecd150000 - 0x00007ffecd3ea000 	C:\Windows\WinSxS\amd64_microsoft.windows.common-controls_6595b64144ccf1df_6.0.19041.1110_none_60b5254171f9507e\COMCTL32.dll
0x00007ffee90a0000 - 0x00007ffee90cc000 	C:\Windows\System32\GDI32.dll
0x00007ffee8310000 - 0x00007ffee83ae000 	C:\Windows\System32\msvcrt.dll
0x00007ffee7a90000 - 0x00007ffee7ba5000 	C:\Windows\System32\gdi32full.dll
0x00007ffee72c0000 - 0x00007ffee735d000 	C:\Windows\System32\msvcp_win.dll
0x00007ffee8600000 - 0x00007ffee8630000 	C:\Windows\System32\IMM32.DLL
0x00007ffec1e20000 - 0x00007ffec1ebb000 	C:\Users\HP\.jdks\corretto-17.0.7\bin\msvcp140.dll
0x00007ffea5510000 - 0x00007ffea612a000 	C:\Users\HP\.jdks\corretto-17.0.7\bin\server\jvm.dll
0x00007ffee8630000 - 0x00007ffee86df000 	C:\Windows\System32\ADVAPI32.dll
0x00007ffee8560000 - 0x00007ffee85fc000 	C:\Windows\System32\sechost.dll
0x00007ffee7d70000 - 0x00007ffee7e96000 	C:\Windows\System32\RPCRT4.dll
0x00007ffee0fa0000 - 0x00007ffee0fa9000 	C:\Windows\SYSTEM32\WSOCK32.dll
0x00007ffee8e70000 - 0x00007ffee8edb000 	C:\Windows\System32\WS2_32.dll
0x00007ffedb320000 - 0x00007ffedb32a000 	C:\Windows\SYSTEM32\VERSION.dll
0x00007ffecca00000 - 0x00007ffecca27000 	C:\Windows\SYSTEM32\WINMM.dll
0x00007ffee5a20000 - 0x00007ffee5a32000 	C:\Windows\SYSTEM32\kernel.appcore.dll
0x00007ffedf290000 - 0x00007ffedf29a000 	C:\Users\HP\.jdks\corretto-17.0.7\bin\jimage.dll
0x00007ffee1f40000 - 0x00007ffee2124000 	C:\Windows\SYSTEM32\DBGHELP.DLL
0x00007ffecec70000 - 0x00007ffececa4000 	C:\Windows\SYSTEM32\dbgcore.DLL
0x00007ffee7230000 - 0x00007ffee72b2000 	C:\Windows\System32\bcryptPrimitives.dll
0x00007ffedf230000 - 0x00007ffedf23e000 	C:\Users\HP\.jdks\corretto-17.0.7\bin\instrument.dll
0x00007ffeca980000 - 0x00007ffeca9a5000 	C:\Users\HP\.jdks\corretto-17.0.7\bin\java.dll
0x00007ffebaa40000 - 0x00007ffebab16000 	C:\Users\HP\.jdks\corretto-17.0.7\bin\jsvml.dll
0x00007ffee9190000 - 0x00007ffee98d4000 	C:\Windows\System32\SHELL32.dll
0x00007ffee2130000 - 0x00007ffee28c4000 	C:\Windows\SYSTEM32\windows.storage.dll
0x00007ffee8890000 - 0x00007ffee8be4000 	C:\Windows\System32\combase.dll
0x00007ffee6ab0000 - 0x00007ffee6ade000 	C:\Windows\SYSTEM32\Wldp.dll
0x00007ffee8f90000 - 0x00007ffee903d000 	C:\Windows\System32\SHCORE.dll
0x00007ffee9040000 - 0x00007ffee9095000 	C:\Windows\System32\shlwapi.dll
0x00007ffee7160000 - 0x00007ffee7185000 	C:\Windows\SYSTEM32\profapi.dll
0x00007ffec7110000 - 0x00007ffec7128000 	C:\Users\HP\.jdks\corretto-17.0.7\bin\zip.dll
0x00007ffeca7f0000 - 0x00007ffeca809000 	C:\Users\HP\.jdks\corretto-17.0.7\bin\net.dll
0x00007ffed8570000 - 0x00007ffed867a000 	C:\Windows\SYSTEM32\WINHTTP.dll
0x00007ffee6890000 - 0x00007ffee68fa000 	C:\Windows\system32\mswsock.dll
0x00007ffec73c0000 - 0x00007ffec73d5000 	C:\Users\HP\.jdks\corretto-17.0.7\bin\nio.dll
0x00007ffedc060000 - 0x00007ffedc07a000 	C:\Program Files\JetBrains\IntelliJ IDEA Community Edition 2021.3.2\bin\breakgen64.dll
0x00007ffea9440000 - 0x00007ffea95e9000 	C:\Users\HP\.jdks\corretto-17.0.7\bin\awt.dll
0x00007ffee87c0000 - 0x00007ffee888d000 	C:\Windows\System32\OLEAUT32.dll
0x00007ffee0ec0000 - 0x00007ffee0f51000 	C:\Windows\SYSTEM32\apphelp.dll
0x00007ffee1180000 - 0x00007ffee121e000 	C:\Windows\system32\uxtheme.dll
0x00007ffee8440000 - 0x00007ffee8554000 	C:\Windows\System32\MSCTF.dll
0x00007ffee8c00000 - 0x00007ffee8d2a000 	C:\Windows\System32\ole32.dll
0x00007ffee1320000 - 0x00007ffee134f000 	C:\Windows\system32\DWMAPI.DLL
0x00007ffeb5d50000 - 0x00007ffeb5e75000 	C:\Windows\system32\opengl32.dll
0x00007ffeb67f0000 - 0x00007ffeb681c000 	C:\Windows\SYSTEM32\GLU32.dll
0x00007ffee6af0000 - 0x00007ffee6b08000 	C:\Windows\SYSTEM32\CRYPTSP.dll
0x00007ffee61d0000 - 0x00007ffee6204000 	C:\Windows\system32\rsaenh.dll
0x00007ffee7760000 - 0x00007ffee7787000 	C:\Windows\System32\bcrypt.dll
0x00007ffee7120000 - 0x00007ffee714e000 	C:\Windows\SYSTEM32\USERENV.dll
0x00007ffee6a20000 - 0x00007ffee6a2c000 	C:\Windows\SYSTEM32\CRYPTBASE.dll
0x00007ffee65a0000 - 0x00007ffee65dc000 	C:\Windows\SYSTEM32\IPHLPAPI.DLL
0x00007ffee7d60000 - 0x00007ffee7d68000 	C:\Windows\System32\NSI.dll
0x00007ffeda430000 - 0x00007ffeda447000 	C:\Windows\SYSTEM32\dhcpcsvc6.DLL
0x00007ffed8d80000 - 0x00007ffed8d9d000 	C:\Windows\SYSTEM32\dhcpcsvc.DLL
0x00007ffee65e0000 - 0x00007ffee66aa000 	C:\Windows\SYSTEM32\DNSAPI.dll
0x00007ffe9d3a0000 - 0x00007ffe9e3ec000 	C:\Users\HP\.skiko\0de0d8dd8554d9bb66cfca3837db6514ff9b71080e998917280a3b777460a416\skiko-windows-x64.dll
0x00007ffeba3d0000 - 0x00007ffeba453000 	C:\Users\HP\.jdks\corretto-17.0.7\bin\freetype.dll
0x00007ffeb9a50000 - 0x00007ffeb9b12000 	C:\Users\HP\.jdks\corretto-17.0.7\bin\fontmanager.dll
0x00007ffedd5a0000 - 0x00007ffedd5a7000 	C:\Users\HP\.jdks\corretto-17.0.7\bin\jawt.dll
0x00007ffee5a90000 - 0x00007ffee5b83000 	C:\Windows\SYSTEM32\Dxgi.dll
0x00007ffedb7b0000 - 0x00007ffedb7d0000 	C:\Windows\SYSTEM32\D3D12.dll
0x00007ffea90c0000 - 0x00007ffea928d000 	C:\Windows\SYSTEM32\D3D12Core.dll
0x00007ffeda9e0000 - 0x00007ffedaa1b000 	C:\Windows\SYSTEM32\dxcore.dll
0x00007ffee7670000 - 0x00007ffee76be000 	C:\Windows\System32\cfgmgr32.dll
0x00007ffed4390000 - 0x00007ffed6fa9000 	C:\Windows\System32\DriverStore\FileRepository\igdlh64.inf_amd64_e6daaea9afe1e6f6\igc64.dll
0x00007ffe72ab0000 - 0x00007ffe73f83000 	C:\Windows\System32\DriverStore\FileRepository\igdlh64.inf_amd64_e6daaea9afe1e6f6\igd12umd64.dll
0x00007ffeda000000 - 0x00007ffeda257000 	C:\Windows\System32\DriverStore\FileRepository\igdlh64.inf_amd64_e6daaea9afe1e6f6\igdgmm64.dll
0x00007ffea4da0000 - 0x00007ffea51ab000 	C:\Windows\System32\DriverStore\FileRepository\igdlh64.inf_amd64_e6daaea9afe1e6f6\igdml64.dll
0x00007ffedb780000 - 0x00007ffedb7ab000 	C:\Windows\SYSTEM32\D3DSCache.dll
0x00007ffe51780000 - 0x00007ffe55f82000 	C:\Windows\System32\DriverStore\FileRepository\igdlh64.inf_amd64_e6daaea9afe1e6f6\igd12dxva64.dll
0x00007ffee7ea0000 - 0x00007ffee830e000 	C:\Windows\System32\SETUPAPI.dll
0x00007ffe96bf0000 - 0x00007ffe96c17000 	C:\Windows\System32\DriverStore\FileRepository\igdlh64.inf_amd64_e6daaea9afe1e6f6\igdinfo64.dll
0x00007ffeddf50000 - 0x00007ffede157000 	C:\Windows\SYSTEM32\twinapi.appcore.dll
0x00007ffee8ee0000 - 0x00007ffee8f89000 	C:\Windows\System32\clbcatq.dll
0x00007ffedb410000 - 0x00007ffedb514000 	C:\Windows\System32\AppXDeploymentClient.dll
0x00007ffe744c0000 - 0x00007ffe75492000 	C:\Windows\System32\DriverStore\FileRepository\igdlh64.inf_amd64_e6daaea9afe1e6f6\ig9icd64.dll
0x00007ffee7090000 - 0x00007ffee70db000 	C:\Windows\SYSTEM32\powrprof.dll
0x00007ffee7070000 - 0x00007ffee7082000 	C:\Windows\SYSTEM32\UMPDC.dll
0x00007ffed2250000 - 0x00007ffed24cf000 	C:\Windows\SYSTEM32\dwrite.dll
0x00007ffed3ec0000 - 0x00007ffed3fb9000 	C:\Windows\SYSTEM32\textinputframework.dll
0x00007ffee0b40000 - 0x00007ffee0c32000 	C:\Windows\System32\CoreMessaging.dll
0x00007ffee0460000 - 0x00007ffee07be000 	C:\Windows\System32\CoreUIComponents.dll
0x00007ffee62f0000 - 0x00007ffee6323000 	C:\Windows\SYSTEM32\ntmarta.dll
0x00007ffedf450000 - 0x00007ffedf5a4000 	C:\Windows\SYSTEM32\wintypes.dll
0x00007ffea2470000 - 0x00007ffea2d22000 	C:\Users\HP\AppData\Local\io-realm-kotlin\f7113120ba00ba1ff91d696eecd3919e85a4e34e\realmc.dll
0x00007ffee7510000 - 0x00007ffee766e000 	C:\Windows\System32\CRYPT32.dll

dbghelp: loaded successfully - version: 4.0.5 - missing functions: none
symbol engine: initialized successfully - sym options: 0x614 - pdb path: .;C:\Users\HP\.jdks\corretto-17.0.7\bin;C:\Windows\SYSTEM32;C:\Windows\WinSxS\amd64_microsoft.windows.common-controls_6595b64144ccf1df_6.0.19041.1110_none_60b5254171f9507e;C:\Users\HP\.jdks\corretto-17.0.7\bin\server;C:\Program Files\JetBrains\IntelliJ IDEA Community Edition 2021.3.2\bin;C:\Users\HP\.skiko\0de0d8dd8554d9bb66cfca3837db6514ff9b71080e998917280a3b777460a416;C:\Windows\System32\DriverStore\FileRepository\igdlh64.inf_amd64_e6daaea9afe1e6f6;C:\Users\HP\AppData\Local\io-realm-kotlin\f7113120ba00ba1ff91d696eecd3919e85a4e34e

VM Arguments:
jvm_args: -Djava.library.path=C:\Users\HP\Desktop\newderar\build\classes\kotlin\jvm\main;C:\Users\HP\Desktop\newderar\build\processedResources\jvm\main -javaagent:C:\Program Files\JetBrains\IntelliJ IDEA Community Edition 2021.3.2\lib\idea_rt.jar=52170:C:\Program Files\JetBrains\IntelliJ IDEA Community Edition 2021.3.2\bin -Dfile.encoding=UTF-8 
java_command: MainKt
java_class_path (initial): C:\Users\HP\Desktop\newderar\build\classes\kotlin\jvm\main;C:\Users\HP\Desktop\newderar\build\processedResources\jvm\main;C:\Users\HP\.gradle\caches\modules-2\files-2.1\io.insert-koin\koin-androidx-compose\3.4.5\ae0a88b7a68d507e651c5a3d70a541594bea54cb\koin-androidx-compose-3.4.5.aar;C:\Users\HP\.gradle\caches\modules-2\files-2.1\androidx.navigation\navigation-compose\2.6.0\3f8ce7b0bad21cced0c47b42b6347c65a6e422c3\navigation-compose-2.6.0.aar;C:\Users\HP\.gradle\caches\modules-2\files-2.1\org.jetbrains.kotlin\kotlin-stdlib-jdk8\1.8.21\67f57e154437cd9e6e9cf368394b95814836ff88\kotlin-stdlib-jdk8-1.8.21.jar;C:\Users\HP\.gradle\caches\modules-2\files-2.1\org.apache.poi\poi-ooxml\4.1.2\87d9a22aa9a7dd26e80c360e709f7ee02e32ab3b\poi-ooxml-4.1.2.jar;C:\Users\HP\.gradle\caches\modules-2\files-2.1\org.apache.poi\poi\4.1.2\964bf41cf68bce08e4ef6b2279b559fdf8d454f4\poi-4.1.2.jar;C:\Users\HP\.gradle\caches\modules-2\files-2.1\org.lwjgl\lwjgl-nfd\3.3.1\622318116996ddcff449b46cb38f0fdee39b8ac3\lwjgl-nfd-3.3.1.jar;C:\Users\HP\.gradle\caches\modules-2\files-2.1\org.lwjgl\lwjgl-nfd\3.3.1\2e007667e04ed3281152ae5c6e677fb1c2211691\lwjgl-nfd-3.3.1-natives-linux.jar;C:\Users\HP\.gradle\caches\modules-2\files-2.1\org.lwjgl\lwjgl\3.3.1\ae58664f88e18a9bb2c77b063833ca7aaec484cb\lwjgl-3.3.1.jar;C:\Users\HP\.gradle\caches\modules-2\files-2.1\io.insert-koin\koin-android\3.4.0\48715fbe06102a59a30bd45b06ed2400c16c6f45\koin-android-3.4.0.aar;C:\Users\HP\.gradle\caches\modules-2\files-2.1\org.lwjgl\lwjgl-nfd\3.3.1\b3e04e317f55dd738d8a345cdafd15b39f85a2ea\lwjgl-nfd-3.3.1-natives-linux-arm32.jar;C:\Users\HP\.gradle\caches\modules-2\files-2.1\androidx.lifecycle\lifecycle-viewmodel-compose\2.6.1\38cf3bb65ff3e0e5c3d63de2ebf5411d0898108c\lifecycle-viewmodel-compose-2.6.1.aar;C:\Users\HP\.gradle\caches\modules-2\files-2.1\org.lwjgl\lwjgl-nfd\3.3.1\f41dc62336f7ee4ab35705cfa440cc903d199165\lwjgl-nfd-3.3.1-natives-linux-arm64.jar;C:\Users\HP\.gradle\caches\modules-2\files-2.1\androi
Launcher Type: SUN_STANDARD

[Global flags]
     intx CICompilerCount                          = 3                                         {product} {ergonomic}
     uint ConcGCThreads                            = 1                                         {product} {ergonomic}
     uint G1ConcRefinementThreads                  = 4                                         {product} {ergonomic}
   size_t G1HeapRegionSize                         = 2097152                                   {product} {ergonomic}
    uintx GCDrainStackTargetSize                   = 64                                        {product} {ergonomic}
   size_t InitialHeapSize                          = 266338304                                 {product} {ergonomic}
   size_t MarkStackSize                            = 4194304                                   {product} {ergonomic}
   size_t MaxHeapSize                              = 4255121408                                {product} {ergonomic}
   size_t MaxNewSize                               = 2552233984                                {product} {ergonomic}
   size_t MinHeapDeltaBytes                        = 2097152                                   {product} {ergonomic}
   size_t MinHeapSize                              = 8388608                                   {product} {ergonomic}
    uintx NonNMethodCodeHeapSize                   = 5832780                                {pd product} {ergonomic}
    uintx NonProfiledCodeHeapSize                  = 122912730                              {pd product} {ergonomic}
    uintx ProfiledCodeHeapSize                     = 122912730                              {pd product} {ergonomic}
    uintx ReservedCodeCacheSize                    = 251658240                              {pd product} {ergonomic}
     bool SegmentedCodeCache                       = true                                      {product} {ergonomic}
   size_t SoftMaxHeapSize                          = 4255121408                             {manageable} {ergonomic}
     bool UseCompressedClassPointers               = true                           {product lp64_product} {ergonomic}
     bool UseCompressedOops                        = true                           {product lp64_product} {ergonomic}
     bool UseG1GC                                  = true                                      {product} {ergonomic}
     bool UseLargePagesIndividualAllocation        = false                                  {pd product} {ergonomic}

Logging:
Log output configuration:
 #0: stdout all=warning uptime,level,tags
 #1: stderr all=off uptime,level,tags

Environment Variables:
PATH=C:\Program Files\Common Files\Oracle\Java\javapath;C:\Program Files (x86)\Common Files\Oracle\Java\javapath;C:\Windows\system32;C:\Windows;C:\Windows\System32\Wbem;C:\Windows\System32\WindowsPowerShell\v1.0\;C:\Windows\System32\OpenSSH\;C:\xampp\php;C:\ProgramData\ComposerSetup\bin;C:\Program Files\nodejs\;C:\Program Files (x86)\Intel\Intel(R) Management Engine Components\DAL;C:\Program Files\Intel\Intel(R) Management Engine Components\DAL;C:\Program Files\Git\cmd;C:\Program Files\Fortect;C:\Users\HP\AppData\Local\Microsoft\WindowsApps;C:\Program Files\JetBrains\IntelliJ IDEA Community Edition 2021.3.2\bin;C:\Users\HP\AppData\Local\Programs\Microsoft VS Code\bin;C:\Users\HP\AppData\Local\JetBrains\Toolbox\scripts;C:\Users\HP\AppData\Local\GitHubDesktop\bin;C:\Users\HP\Desktop\camp\flutter_windows_3.7.6-stable\flutter\bin;C:\Users\HP\AppData\Roaming\Composer\vendor\bin;C:\Users\HP\AppData\Roaming\npm
USERNAME=HP
OS=Windows_NT
PROCESSOR_IDENTIFIER=Intel64 Family 6 Model 142 Stepping 9, GenuineIntel
TMP=C:\Users\HP\AppData\Local\Temp
TEMP=C:\Users\HP\AppData\Local\Temp



---------------  S Y S T E M  ---------------

OS:
 Windows 10 , 64 bit Build 19041 (10.0.19041.3155)
OS uptime: 2 days 13:48 hours
Hyper-V role detected

CPU: total 4 (initial active 4) (2 cores per cpu, 2 threads per core) family 6 model 142 stepping 9 microcode 0xf2, cx8, cmov, fxsr, ht, mmx, 3dnowpref, sse, sse2, sse3, ssse3, sse4.1, sse4.2, popcnt, lzcnt, tsc, tscinvbit, avx, avx2, aes, erms, clmul, bmi1, bmi2, rtm, adx, fma, vzeroupper, clflush, clflushopt, hv

Memory: 4k page, system-wide physical 16224M (5485M free)
TotalPageFile size 32096M (AvailPageFile size 19757M)
current process WorkingSet (physical memory assigned to process): 249M, peak: 300M
current process commit charge ("private bytes"): 261M, peak: 432M

vm_info: OpenJDK 64-Bit Server VM (17.0.7+7-LTS) for windows-amd64 JRE (17.0.7+7-LTS), built on Apr 14 2023 01:39:21 by "Administrator" with MS VC++ 15.9 (VS2017)

END.
