#
# A fatal error has been detected by the Java Runtime Environment:
#
#  EXCEPTION_ACCESS_VIOLATION (0xc0000005) at pc=0x00007ffe5e3febe3, pid=4960, tid=21424
#
# JRE version: OpenJDK Runtime Environment Corretto-17.0.7.7.1 (17.0.7+7) (build 17.0.7+7-LTS)
# Java VM: OpenJDK 64-Bit Server VM Corretto-17.0.7.7.1 (17.0.7+7-LTS, mixed mode, sharing, tiered, compressed oops, compressed class ptrs, g1 gc, windows-amd64)
# Problematic frame:
# C  [ig9icd64.dll+0x9bebe3]
#
# No core dump will be written. Minidumps are not enabled by default on client versions of Windows
#
# If you would like to submit a bug report, please visit:
#   https://github.com/corretto/corretto-17/issues/
# The crash happened outside the Java Virtual Machine in native code.
# See problematic frame for where to report the bug.
#

---------------  S U M M A R Y ------------

Command Line: -Djava.library.path=C:\Users\HP\Desktop\newderar\build\classes\kotlin\jvm\main;C:\Users\HP\Desktop\newderar\build\processedResources\jvm\main -javaagent:C:\Program Files\JetBrains\IntelliJ IDEA Community Edition 2021.3.2\lib\idea_rt.jar=54769:C:\Program Files\JetBrains\IntelliJ IDEA Community Edition 2021.3.2\bin -Dfile.encoding=UTF-8 MainKt

Host: Intel(R) Core(TM) i5-7300U CPU @ 2.60GHz, 4 cores, 15G,  Windows 10 , 64 bit Build 19041 (10.0.19041.3155)
Time: Sun Jul  9 00:09:36 2023 Libya Standard Time elapsed time: 38.484884 seconds (0d 0h 0m 38s)

---------------  T H R E A D  ---------------

Current thread (0x0000018851a0d7a0):  JavaThread "AWT-EventQueue-0" [_thread_in_native, id=21424, stack(0x000000631b700000,0x000000631b800000)]

Stack: [0x000000631b700000,0x000000631b800000],  sp=0x000000631b7fcc68,  free space=1011k
Native frames: (J=compiled Java code, j=interpreted, Vv=VM code, C=native code)
C  [ig9icd64.dll+0x9bebe3]

Java frames: (J=compiled Java code, j=interpreted, Vv=VM code)
J 5332  org.jetbrains.skia.DirectContextKt.DirectContext_nFlush(J)V (0 bytes) @ 0x000001883e29c9e9 [0x000001883e29c9a0+0x0000000000000049]
J 5329 c1 org.jetbrains.skiko.context.ContextHandler.flush()V (17 bytes) @ 0x0000018836fb52dc [0x0000018836fb5160+0x000000000000017c]
J 5336 c1 org.jetbrains.skiko.context.ContextHandler.draw()V (91 bytes) @ 0x0000018836fb6b64 [0x0000018836fb6060+0x0000000000000b04]
J 5179 c1 org.jetbrains.skiko.redrawer.WindowsOpenGLRedrawer.draw()V (288 bytes) @ 0x0000018836f5b3bc [0x0000018836f5aca0+0x000000000000071c]
J 4891 c1 org.jetbrains.skiko.redrawer.WindowsOpenGLRedrawer$Companion$frameDispatcher$1.invokeSuspend(Ljava/lang/Object;)Ljava/lang/Object; (379 bytes) @ 0x0000018836eac674 [0x0000018836eab300+0x0000000000001374]
J 5177 c1 org.jetbrains.skiko.redrawer.WindowsOpenGLRedrawer$Companion$frameDispatcher$1.invoke(Ljava/lang/Object;)Ljava/lang/Object; (9 bytes) @ 0x0000018836f5a404 [0x0000018836f59ea0+0x0000000000000564]
J 4886 c1 org.jetbrains.skiko.FrameDispatcher$job$1.invokeSuspend(Ljava/lang/Object;)Ljava/lang/Object; (156 bytes) @ 0x0000018836ea9044 [0x0000018836ea86a0+0x00000000000009a4]
J 5138 c2 kotlin.coroutines.jvm.internal.BaseContinuationImpl.resumeWith(Ljava/lang/Object;)V (128 bytes) @ 0x000001883e26c374 [0x000001883e26c320+0x0000000000000054]
J 5197 c2 kotlinx.coroutines.DispatchedTask.run()V (571 bytes) @ 0x000001883e276ac8 [0x000001883e276720+0x00000000000003a8]
J 5352 c2 java.awt.EventDispatchThread.pumpOneEventForFilters(I)V java.desktop@17.0.7 (113 bytes) @ 0x000001883e2a5524 [0x000001883e2a48a0+0x0000000000000c84]
j  java.awt.EventDispatchThread.pumpEventsForFilter(ILjava/awt/Conditional;Ljava/awt/EventFilter;)V+35 java.desktop@17.0.7
j  java.awt.EventDispatchThread.pumpEventsForHierarchy(ILjava/awt/Conditional;Ljava/awt/Component;)V+11 java.desktop@17.0.7
j  java.awt.EventDispatchThread.pumpEvents(ILjava/awt/Conditional;)V+4 java.desktop@17.0.7
j  java.awt.EventDispatchThread.pumpEvents(Ljava/awt/Conditional;)V+3 java.desktop@17.0.7
j  java.awt.EventDispatchThread.run()V+9 java.desktop@17.0.7
v  ~StubRoutines::call_stub

siginfo: EXCEPTION_ACCESS_VIOLATION (0xc0000005), reading address 0xffffffffffffffff


Register to memory mapping:

RIP=0x00007ffe5e3febe3 ig9icd64.dll
RAX=0x000000000fff0fff is an unknown value
RBX=0x00007ffe5da40000 ig9icd64.dll
RCX=0x000000033fcf3fcc is an unknown value
RDX=0x000000631b7fd180 is pointing into the stack for thread: 0x0000018851a0d7a0
RSP=0x000000631b7fcc68 is pointing into the stack for thread: 0x0000018851a0d7a0
RBP=0x000000631b7fcd70 is pointing into the stack for thread: 0x0000018851a0d7a0
RSI=0x0000018856959e80 points into unknown readable memory: 0x000001885691fa80 | 80 fa 91 56 88 01 00 00
RDI=0x000000631b7fcf70 is pointing into the stack for thread: 0x0000018851a0d7a0
R8 =0x000000631b7fcda0 is pointing into the stack for thread: 0x0000018851a0d7a0
R9 =0x000000631b7fd180 is pointing into the stack for thread: 0x0000018851a0d7a0
R10=0x000000631b7fcf70 is pointing into the stack for thread: 0x0000018851a0d7a0
R11=0x0 is NULL
R12=0x00007ffe5e8715e0 ig9icd64.dll
R13=0x0 is NULL
R14=0x0 is NULL
R15=0x00000000000001c1 is an unknown value


Registers:
RAX=0x000000000fff0fff, RBX=0x00007ffe5da40000, RCX=0x000000033fcf3fcc, RDX=0x000000631b7fd180
RSP=0x000000631b7fcc68, RBP=0x000000631b7fcd70, RSI=0x0000018856959e80, RDI=0x000000631b7fcf70
R8 =0x000000631b7fcda0, R9 =0x000000631b7fd180, R10=0x000000631b7fcf70, R11=0x0000000000000000
R12=0x00007ffe5e8715e0, R13=0x0000000000000000, R14=0x0000000000000000, R15=0x00000000000001c1
RIP=0x00007ffe5e3febe3, EFLAGS=0x0000000000010206

Top of Stack: (sp=0x000000631b7fcc68)
0x000000631b7fcc68:   00007ffe5e3fc31b 0000000000000001
0x000000631b7fcc78:   0000000000000000 0000018851c00a00
0x000000631b7fcc88:   00007ffeda002622 0000006300000065
0x000000631b7fcc98:   000000631b7fcea0 0000000000000000
0x000000631b7fcca8:   0000018851ccc3c0 0000000000000000
0x000000631b7fccb8:   000001885949bda0 0000018851c00ab0
0x000000631b7fccc8:   0000000000001100 0000000000000000
0x000000631b7fccd8:   0000000000000000 000000631b7fce50
0x000000631b7fcce8:   00007ffe5e0979c0 0000000000000000
0x000000631b7fccf8:   0000000000000000 0000000000000000
0x000000631b7fcd08:   0000000000000000 00000921762d5fbf
0x000000631b7fcd18:   00007ffe5da56555 0000018851c00ab0
0x000000631b7fcd28:   0000000000004001 0000000000000000
0x000000631b7fcd38:   00007ffee9b7b86b 0000000006570064
0x000000631b7fcd48:   0000000000000014 00000188563b9d80
0x000000631b7fcd58:   0000000000000000 0000000000000000 

Instructions: (pc=0x00007ffe5e3febe3)
0x00007ffe5e3feae3:   c1 75 31 00 48 89 51 08 48 89 01 8b 44 24 28 89
0x00007ffe5e3feaf3:   41 20 8b 44 24 30 89 41 24 48 8b c1 4c 89 41 10
0x00007ffe5e3feb03:   4c 89 49 18 c3 cc cc cc cc cc cc cc cc 48 89 5c
0x00007ffe5e3feb13:   24 08 8b 41 5c 48 8d 1d e1 14 64 ff 41 89 40 08
0x00007ffe5e3feb23:   4c 8b d1 8b 41 60 45 33 db 41 89 40 0c 4c 8b ca
0x00007ffe5e3feb33:   8b 41 64 41 89 40 10 8b 41 68 41 89 40 14 8b 41
0x00007ffe5e3feb43:   6c 41 89 40 18 8b 41 70 41 89 40 1c 48 63 41 74
0x00007ffe5e3feb53:   48 6b c8 34 8b 84 19 44 d1 ee 00 41 89 40 20 8b
0x00007ffe5e3feb63:   84 19 48 d1 ee 00 41 89 40 24 8b 84 19 4c d1 ee
0x00007ffe5e3feb73:   00 41 89 40 28 8b 84 19 50 d1 ee 00 41 89 40 2c
0x00007ffe5e3feb83:   8b 84 19 34 d1 ee 00 41 89 40 30 8b 84 19 38 d1
0x00007ffe5e3feb93:   ee 00 41 89 40 34 8b 84 19 3c d1 ee 00 41 89 40
0x00007ffe5e3feba3:   38 8b 84 19 40 d1 ee 00 41 89 40 3c 8b 84 19 24
0x00007ffe5e3febb3:   d1 ee 00 41 89 40 40 8b 84 19 28 d1 ee 00 41 89
0x00007ffe5e3febc3:   40 44 8b 84 19 2c d1 ee 00 41 89 40 48 8b 84 19
0x00007ffe5e3febd3:   30 d1 ee 00 41 89 40 4c 49 63 42 78 48 6b c8 34
0x00007ffe5e3febe3:   8b 84 19 44 d1 ee 00 41 89 40 50 8b 84 19 48 d1
0x00007ffe5e3febf3:   ee 00 41 89 40 54 8b 84 19 4c d1 ee 00 41 89 40
0x00007ffe5e3fec03:   58 8b 84 19 50 d1 ee 00 41 89 40 5c 8b 84 19 34
0x00007ffe5e3fec13:   d1 ee 00 41 89 40 60 8b 84 19 38 d1 ee 00 41 89
0x00007ffe5e3fec23:   40 64 8b 84 19 3c d1 ee 00 41 89 40 68 8b 84 19
0x00007ffe5e3fec33:   40 d1 ee 00 41 89 40 6c 8b 84 19 24 d1 ee 00 41
0x00007ffe5e3fec43:   89 40 70 8b 84 19 28 d1 ee 00 41 89 40 74 8b 84
0x00007ffe5e3fec53:   19 2c d1 ee 00 41 89 40 78 8b 84 19 30 d1 ee 00
0x00007ffe5e3fec63:   41 89 40 7c 48 8b 42 18 8b 88 38 0b 00 00 f6 c1
0x00007ffe5e3fec73:   08 0f 84 86 00 00 00 8b 80 3c 0b 00 00 41 89 80
0x00007ffe5e3fec83:   80 00 00 00 48 8b 42 18 8b 88 40 0b 00 00 41 89
0x00007ffe5e3fec93:   88 84 00 00 00 48 8b 42 18 8b 88 44 0b 00 00 41
0x00007ffe5e3feca3:   89 88 88 00 00 00 48 8b 42 18 8b 88 48 0b 00 00
0x00007ffe5e3fecb3:   41 89 88 8c 00 00 00 48 8b 42 18 8b 88 4c 0b 00
0x00007ffe5e3fecc3:   00 41 89 88 90 00 00 00 48 8b 42 18 8b 88 50 0b
0x00007ffe5e3fecd3:   00 00 41 89 88 94 00 00 00 48 8b 42 18 8b 88 54 


Stack slot to memory mapping:
stack at sp + 0 slots: 0x00007ffe5e3fc31b ig9icd64.dll
stack at sp + 1 slots: 0x0000000000000001 is an unknown value
stack at sp + 2 slots: 0x0 is NULL
stack at sp + 3 slots: 0x0000018851c00a00 points into unknown readable memory: 0x0000000000000000 | 00 00 00 00 00 00 00 00
stack at sp + 4 slots: 0x00007ffeda002622 igdgmm64.dll
stack at sp + 5 slots: 0x0000006300000065 is an unknown value
stack at sp + 6 slots: 0x000000631b7fcea0 is pointing into the stack for thread: 0x0000018851a0d7a0
stack at sp + 7 slots: 0x0 is NULL


---------------  P R O C E S S  ---------------

Threads class SMR info:
_java_thread_list=0x0000018851491290, length=28, elements={
0x000001882ea27860, 0x00000188510d7fd0, 0x00000188510d8e40, 0x00000188510f02d0,
0x00000188510f0e80, 0x00000188510f3940, 0x00000188510f42f0, 0x00000188510f5080,
0x00000188510fd740, 0x00000188510fe130, 0x00000188512ea5f0, 0x00000188517d2630,
0x00000188517d2b00, 0x00000188560216f0, 0x000001885603d020, 0x0000018851a0d7a0,
0x00000188561e7a50, 0x0000018856284050, 0x0000018856313be0, 0x0000018856610e80,
0x00000188566121c0, 0x0000018856610010, 0x000001885660f1a0, 0x0000018856e6b2c0,
0x0000018856e6e2e0, 0x0000018856e69f80, 0x0000018856e6f150, 0x0000018856e717d0
}

Java Threads: ( => current thread )
  0x000001882ea27860 JavaThread "main" [_thread_blocked, id=4196, stack(0x0000006319c00000,0x0000006319d00000)]
  0x00000188510d7fd0 JavaThread "Reference Handler" daemon [_thread_blocked, id=17180, stack(0x000000631a300000,0x000000631a400000)]
  0x00000188510d8e40 JavaThread "Finalizer" daemon [_thread_blocked, id=5760, stack(0x000000631a400000,0x000000631a500000)]
  0x00000188510f02d0 JavaThread "Signal Dispatcher" daemon [_thread_blocked, id=20196, stack(0x000000631a500000,0x000000631a600000)]
  0x00000188510f0e80 JavaThread "Attach Listener" daemon [_thread_blocked, id=11076, stack(0x000000631a600000,0x000000631a700000)]
  0x00000188510f3940 JavaThread "Service Thread" daemon [_thread_blocked, id=19788, stack(0x000000631a700000,0x000000631a800000)]
  0x00000188510f42f0 JavaThread "Monitor Deflation Thread" daemon [_thread_blocked, id=1464, stack(0x000000631a800000,0x000000631a900000)]
  0x00000188510f5080 JavaThread "C2 CompilerThread0" daemon [_thread_blocked, id=16684, stack(0x000000631a900000,0x000000631aa00000)]
  0x00000188510fd740 JavaThread "C1 CompilerThread0" daemon [_thread_blocked, id=20092, stack(0x000000631aa00000,0x000000631ab00000)]
  0x00000188510fe130 JavaThread "Sweeper thread" daemon [_thread_blocked, id=20504, stack(0x000000631ab00000,0x000000631ac00000)]
  0x00000188512ea5f0 JavaThread "Common-Cleaner" daemon [_thread_blocked, id=8504, stack(0x000000631ac00000,0x000000631ad00000)]
  0x00000188517d2630 JavaThread "Monitor Ctrl-Break" daemon [_thread_in_native, id=16404, stack(0x000000631ae00000,0x000000631af00000)]
  0x00000188517d2b00 JavaThread "Notification Thread" daemon [_thread_blocked, id=10280, stack(0x000000631af00000,0x000000631b000000)]
  0x00000188560216f0 JavaThread "Java2D Disposer" daemon [_thread_blocked, id=11872, stack(0x000000631b400000,0x000000631b500000)]
  0x000001885603d020 JavaThread "AWT-Shutdown" [_thread_blocked, id=3328, stack(0x000000631b500000,0x000000631b600000)]
=>0x0000018851a0d7a0 JavaThread "AWT-EventQueue-0" [_thread_in_native, id=21424, stack(0x000000631b700000,0x000000631b800000)]
  0x00000188561e7a50 JavaThread "Reference Cleaner" daemon [_thread_blocked, id=9840, stack(0x000000631b800000,0x000000631b900000)]
  0x0000018856284050 JavaThread "DefaultDispatcher-worker-1" daemon [_thread_blocked, id=21280, stack(0x000000631b900000,0x000000631ba00000)]
  0x0000018856313be0 JavaThread "DefaultDispatcher-worker-2" daemon [_thread_blocked, id=19656, stack(0x000000631ba00000,0x000000631bb00000)]
  0x0000018856610e80 JavaThread "DefaultDispatcher-worker-3" daemon [_thread_blocked, id=21376, stack(0x000000631bb00000,0x000000631bc00000)]
  0x00000188566121c0 JavaThread "kotlinx.coroutines.DefaultExecutor" daemon [_thread_blocked, id=10872, stack(0x000000631bc00000,0x000000631bd00000)]
  0x0000018856610010 JavaThread "TimerQueue" daemon [_thread_blocked, id=21052, stack(0x000000631bf00000,0x000000631c000000)]
  0x000001885660f1a0 JavaThread "RealmFinalizingDaemon" daemon [_thread_blocked, id=4652, stack(0x000000631c100000,0x000000631c200000)]
  0x0000018856e6b2c0 JavaThread "core-notifier" daemon [_thread_in_native, id=9544, stack(0x000000631c300000,0x000000631c400000)]
  0x0000018856e6e2e0 JavaThread "DefaultDispatcher-worker-4" daemon [_thread_blocked, id=6200, stack(0x000000631c500000,0x000000631c600000)]
  0x0000018856e69f80 JavaThread "DefaultDispatcher-worker-5" daemon [_thread_blocked, id=5124, stack(0x000000631c600000,0x000000631c700000)]
  0x0000018856e6f150 JavaThread "DefaultDispatcher-worker-6" daemon [_thread_blocked, id=9328, stack(0x000000631c700000,0x000000631c800000)]
  0x0000018856e717d0 JavaThread "SIGINT handler" daemon [_thread_blocked, id=10772, stack(0x000000631ca00000,0x000000631cb00000)]

Other Threads:
  0x00000188510d2710 VMThread "VM Thread" [stack: 0x000000631a200000,0x000000631a300000] [id=20972]
  0x000001882eab2e40 WatcherThread [stack: 0x000000631b000000,0x000000631b100000] [id=11664]
  0x000001882ea91670 GCTaskThread "GC Thread#0" [stack: 0x0000006319d00000,0x0000006319e00000] [id=13704]
  0x00000188519e5db0 GCTaskThread "GC Thread#1" [stack: 0x000000631b100000,0x000000631b200000] [id=20228]
  0x0000018851d1d7c0 GCTaskThread "GC Thread#2" [stack: 0x000000631b200000,0x000000631b300000] [id=20624]
  0x0000018851d1da70 GCTaskThread "GC Thread#3" [stack: 0x000000631b300000,0x000000631b400000] [id=7304]
  0x000001882eaa2340 ConcurrentGCThread "G1 Main Marker" [stack: 0x0000006319e00000,0x0000006319f00000] [id=15216]
  0x000001882eaa2d50 ConcurrentGCThread "G1 Conc#0" [stack: 0x0000006319f00000,0x000000631a000000] [id=14032]
  0x0000018850f944f0 ConcurrentGCThread "G1 Refine#0" [stack: 0x000000631a000000,0x000000631a100000] [id=18552]
  0x0000018850f94f10 ConcurrentGCThread "G1 Service" [stack: 0x000000631a100000,0x000000631a200000] [id=21440]

Threads with active compile tasks:

VM state: not at safepoint (normal execution)

VM Mutex/Monitor currently owned by a thread: None

Heap address: 0x0000000702600000, size: 4058 MB, Compressed Oops mode: Zero based, Oop shift amount: 3

CDS archive(s) mapped at: [0x0000000800000000-0x0000000800bc0000-0x0000000800bc0000), size 12320768, SharedBaseAddress: 0x0000000800000000, ArchiveRelocationMode: 0.
Compressed class space mapped at: 0x0000000801000000-0x0000000841000000, reserved size: 1073741824
Narrow klass base: 0x0000000800000000, Narrow klass shift: 0, Narrow klass range: 0x100000000

GC Precious Log:
 CPUs: 4 total, 4 available
 Memory: 16224M
 Large Page Support: Disabled
 NUMA Support: Disabled
 Compressed Oops: Enabled (Zero based)
 Heap Region Size: 2M
 Heap Min Capacity: 8M
 Heap Initial Capacity: 254M
 Heap Max Capacity: 4058M
 Pre-touch: Disabled
 Parallel Workers: 4
 Concurrent Workers: 1
 Concurrent Refinement Workers: 4
 Periodic GC: Disabled

Heap:
 garbage-first heap   total 59392K, used 38638K [0x0000000702600000, 0x0000000800000000)
  region size 2048K, 8 young (16384K), 0 survivors (0K)
 Metaspace       used 34647K, committed 34816K, reserved 1114112K
  class space    used 3737K, committed 3840K, reserved 1048576K

Heap Regions: E=young(eden), S=young(survivor), O=old, HS=humongous(starts), HC=humongous(continues), CS=collection set, F=free, OA=open archive, CA=closed archive, TAMS=top-at-mark-start (previous, next)
|   0|0x0000000702600000, 0x0000000702800000, 0x0000000702800000|100%|HS|  |TAMS 0x0000000702800000, 0x0000000702600000| Untracked 
|   1|0x0000000702800000, 0x0000000702a00000, 0x0000000702a00000|100%| O|  |TAMS 0x0000000702a00000, 0x0000000702800000| Untracked 
|   2|0x0000000702a00000, 0x0000000702c00000, 0x0000000702c00000|100%| O|  |TAMS 0x0000000702c00000, 0x0000000702a00000| Untracked 
|   3|0x0000000702c00000, 0x0000000702dfffe0, 0x0000000702e00000| 99%| O|  |TAMS 0x0000000702c00000, 0x0000000702c00000| Untracked 
|   4|0x0000000702e00000, 0x0000000702fffff8, 0x0000000703000000| 99%| O|  |TAMS 0x0000000702e00000, 0x0000000702e00000| Untracked 
|   5|0x0000000703000000, 0x00000007031ffff8, 0x0000000703200000| 99%| O|  |TAMS 0x0000000703000000, 0x0000000703000000| Untracked 
|   6|0x0000000703200000, 0x000000070321dbf8, 0x0000000703400000|  5%| O|  |TAMS 0x0000000703200000, 0x0000000703200000| Untracked 
|   7|0x0000000703400000, 0x0000000703400000, 0x0000000703600000|  0%| F|  |TAMS 0x0000000703400000, 0x0000000703400000| Untracked 
|   8|0x0000000703600000, 0x0000000703600000, 0x0000000703800000|  0%| F|  |TAMS 0x0000000703600000, 0x0000000703600000| Untracked 
|   9|0x0000000703800000, 0x0000000703800000, 0x0000000703a00000|  0%| F|  |TAMS 0x0000000703800000, 0x0000000703800000| Untracked 
|  10|0x0000000703a00000, 0x0000000703c00000, 0x0000000703c00000|100%| O|  |TAMS 0x0000000703c00000, 0x0000000703a00000| Untracked 
|  11|0x0000000703c00000, 0x0000000703d9dd00, 0x0000000703e00000| 80%| O|  |TAMS 0x0000000703c00000, 0x0000000703c00000| Untracked 
|  12|0x0000000703e00000, 0x0000000703e00000, 0x0000000704000000|  0%| F|  |TAMS 0x0000000703e00000, 0x0000000703e00000| Untracked 
|  13|0x0000000704000000, 0x0000000704000000, 0x0000000704200000|  0%| F|  |TAMS 0x0000000704000000, 0x0000000704000000| Untracked 
|  14|0x0000000704200000, 0x0000000704200000, 0x0000000704400000|  0%| F|  |TAMS 0x0000000704200000, 0x0000000704200000| Untracked 
|  15|0x0000000704400000, 0x0000000704600000, 0x0000000704600000|100%|HS|  |TAMS 0x0000000704600000, 0x0000000704400000| Untracked 
|  16|0x0000000704600000, 0x0000000704800000, 0x0000000704800000|100%|HC|  |TAMS 0x0000000704800000, 0x0000000704600000| Untracked 
|  17|0x0000000704800000, 0x0000000704a00000, 0x0000000704a00000|100%|HC|  |TAMS 0x0000000704a00000, 0x0000000704800000| Untracked 
|  18|0x0000000704a00000, 0x0000000704c00000, 0x0000000704c00000|100%|HC|  |TAMS 0x0000000704c00000, 0x0000000704a00000| Untracked 
|  19|0x0000000704c00000, 0x0000000704c00000, 0x0000000704e00000|  0%| F|  |TAMS 0x0000000704c00000, 0x0000000704c00000| Untracked 
|  20|0x0000000704e00000, 0x0000000704e00000, 0x0000000705000000|  0%| F|  |TAMS 0x0000000704e00000, 0x0000000704e00000| Untracked 
|  21|0x0000000705000000, 0x000000070506b810, 0x0000000705200000| 20%| E|  |TAMS 0x0000000705000000, 0x0000000705000000| Complete 
|  22|0x0000000705200000, 0x0000000705400000, 0x0000000705400000|100%| E|CS|TAMS 0x0000000705200000, 0x0000000705200000| Complete 
|  23|0x0000000705400000, 0x0000000705600000, 0x0000000705600000|100%| E|CS|TAMS 0x0000000705400000, 0x0000000705400000| Complete 
|  24|0x0000000705600000, 0x0000000705800000, 0x0000000705800000|100%| E|CS|TAMS 0x0000000705600000, 0x0000000705600000| Complete 
|  25|0x0000000705800000, 0x0000000705a00000, 0x0000000705a00000|100%| E|CS|TAMS 0x0000000705800000, 0x0000000705800000| Complete 
| 105|0x000000070f800000, 0x000000070fa00000, 0x000000070fa00000|100%| E|CS|TAMS 0x000000070f800000, 0x000000070f800000| Complete 
| 106|0x000000070fa00000, 0x000000070fc00000, 0x000000070fc00000|100%| E|CS|TAMS 0x000000070fa00000, 0x000000070fa00000| Complete 
| 126|0x0000000712200000, 0x0000000712400000, 0x0000000712400000|100%| E|CS|TAMS 0x0000000712200000, 0x0000000712200000| Complete 

Card table byte_map: [0x0000018845d10000,0x0000018846500000] _byte_map_base: 0x00000188424fd000

Marking Bits (Prev, Next): (CMBitMap*) 0x000001882ea91c80, (CMBitMap*) 0x000001882ea91cc0
 Prev Bits: [0x0000018846cf0000, 0x000001884ac58000)
 Next Bits: [0x000001884ac60000, 0x000001884ebc8000)

Polling page: 0x000001882e1e0000

Metaspace:

Usage:
  Non-class:     30.19 MB used.
      Class:      3.65 MB used.
       Both:     33.84 MB used.

Virtual space:
  Non-class space:       64.00 MB reserved,      30.25 MB ( 47%) committed,  1 nodes.
      Class space:        1.00 GB reserved,       3.75 MB ( <1%) committed,  1 nodes.
             Both:        1.06 GB reserved,      34.00 MB (  3%) committed. 

Chunk freelists:
   Non-Class:  1.31 MB
       Class:  12.27 MB
        Both:  13.58 MB

MaxMetaspaceSize: unlimited
CompressedClassSpaceSize: 1.00 GB
Initial GC threshold: 21.00 MB
Current GC threshold: 56.50 MB
CDS: on
MetaspaceReclaimPolicy: balanced
 - commit_granule_bytes: 65536.
 - commit_granule_words: 8192.
 - virtual_space_node_default_size: 8388608.
 - enlarge_chunks_in_place: 1.
 - new_chunks_are_fully_committed: 0.
 - uncommit_free_chunks: 1.
 - use_allocation_guard: 0.
 - handle_deallocations: 1.


Internal statistics:

num_allocs_failed_limit: 3.
num_arena_births: 160.
num_arena_deaths: 0.
num_vsnodes_births: 2.
num_vsnodes_deaths: 0.
num_space_committed: 544.
num_space_uncommitted: 0.
num_chunks_returned_to_freelist: 3.
num_chunks_taken_from_freelist: 1071.
num_chunk_merges: 3.
num_chunk_splits: 925.
num_chunks_enlarged: 843.
num_inconsistent_stats: 0.

CodeHeap 'non-profiled nmethods': size=120000Kb used=3572Kb max_used=3572Kb free=116427Kb
 bounds [0x000001883dff0000, 0x000001883e370000, 0x0000018845520000]
CodeHeap 'profiled nmethods': size=120000Kb used=8843Kb max_used=11303Kb free=111156Kb
 bounds [0x0000018836520000, 0x0000018837030000, 0x000001883da50000]
CodeHeap 'non-nmethods': size=5760Kb used=1898Kb max_used=1986Kb free=3862Kb
 bounds [0x000001883da50000, 0x000001883dcc0000, 0x000001883dff0000]
 total_blobs=6301 nmethods=4921 adapters=1292
 compilation: enabled
              stopped_count=0, restarted_count=0
 full_count=0

Compilation events (20 events):
Event: 36.411 Thread 0x00000188510f5080 5721       4       androidx.compose.runtime.snapshots.SnapshotIdSet::or (235 bytes)
Event: 36.419 Thread 0x00000188510f5080 nmethod 5721 0x000001883e365390 code [0x000001883e3655c0, 0x000001883e365c10]
Event: 36.868 Thread 0x00000188510fd740 5722       3       java.util.concurrent.locks.LockSupport::parkNanos (29 bytes)
Event: 36.868 Thread 0x00000188510fd740 nmethod 5722 0x000001883659f490 code [0x000001883659f660, 0x000001883659f868]
Event: 37.410 Thread 0x00000188510f5080 5723       4       kotlinx.coroutines.channels.AbstractChannel::receive (28 bytes)
Event: 37.481 Thread 0x00000188510f5080 nmethod 5723 0x000001883e366210 code [0x000001883e366580, 0x000001883e3690f0]
Event: 37.693 Thread 0x00000188510f5080 5724       4       androidx.compose.ui.graphics.Color$Companion::getLightGray-0d7_KjU (4 bytes)
Event: 37.693 Thread 0x00000188510f5080 nmethod 5724 0x000001883e36ab10 code [0x000001883e36ac80, 0x000001883e36acf8]
Event: 37.780 Thread 0x00000188510f5080 5725   !   4       androidx.compose.runtime.Recomposer::getHasSchedulingWork (92 bytes)
Event: 37.783 Thread 0x00000188510f5080 nmethod 5725 0x000001883e36ae10 code [0x000001883e36afa0, 0x000001883e36b518]
Event: 37.995 Thread 0x00000188510f5080 5726   !   4       kotlinx.coroutines.intrinsics.CancellableKt::startCoroutineCancellable (44 bytes)
Event: 38.005 Thread 0x00000188510f5080 nmethod 5726 0x000001883e36b810 code [0x000001883e36ba20, 0x000001883e36c2f8]
Event: 38.091 Thread 0x00000188510fd740 5727       3       kotlinx.coroutines.CancellableContinuationImpl::resume (11 bytes)
Event: 38.091 Thread 0x00000188510fd740 nmethod 5727 0x000001883657b310 code [0x000001883657b4a0, 0x000001883657b5e8]
Event: 38.452 Thread 0x00000188510fd740 5728       3       java.util.IdentityHashMap$IdentityHashMapIterator::nextIndex (72 bytes)
Event: 38.453 Thread 0x00000188510fd740 nmethod 5728 0x00000188368cbc90 code [0x00000188368cbe60, 0x00000188368cc2a8]
Event: 38.457 Thread 0x00000188510f5080 5729       4       kotlinx.coroutines.JobSupport::isCompleted (16 bytes)
Event: 38.459 Thread 0x00000188510f5080 nmethod 5729 0x000001883e36ca10 code [0x000001883e36cb80, 0x000001883e36cc98]
Event: 38.459 Thread 0x00000188510f5080 5730       4       kotlin.reflect.jvm.internal.pcollections.IntTree::get (60 bytes)
Event: 38.461 Thread 0x00000188510f5080 nmethod 5730 0x000001883e36cd90 code [0x000001883e36cf40, 0x000001883e36d190]

GC Heap History (20 events):
Event: 5.529 GC heap before
{Heap before GC invocations=6 (full 0):
 garbage-first heap   total 49152K, used 24107K [0x0000000702600000, 0x0000000800000000)
  region size 2048K, 3 young (6144K), 2 survivors (4096K)
 Metaspace       used 24691K, committed 24960K, reserved 1114112K
  class space    used 2682K, committed 2816K, reserved 1048576K
}
Event: 5.534 GC heap after
{Heap after GC invocations=7 (full 0):
 garbage-first heap   total 49152K, used 18065K [0x0000000702600000, 0x0000000800000000)
  region size 2048K, 1 young (2048K), 1 survivors (2048K)
 Metaspace       used 24691K, committed 24960K, reserved 1114112K
  class space    used 2682K, committed 2816K, reserved 1048576K
}
Event: 5.813 GC heap before
{Heap before GC invocations=7 (full 0):
 garbage-first heap   total 49152K, used 32401K [0x0000000702600000, 0x0000000800000000)
  region size 2048K, 8 young (16384K), 1 survivors (2048K)
 Metaspace       used 26727K, committed 26944K, reserved 1114112K
  class space    used 2941K, committed 3008K, reserved 1048576K
}
Event: 5.818 GC heap after
{Heap after GC invocations=8 (full 0):
 garbage-first heap   total 49152K, used 19454K [0x0000000702600000, 0x0000000800000000)
  region size 2048K, 1 young (2048K), 1 survivors (2048K)
 Metaspace       used 26727K, committed 26944K, reserved 1114112K
  class space    used 2941K, committed 3008K, reserved 1048576K
}
Event: 6.230 GC heap before
{Heap before GC invocations=8 (full 0):
 garbage-first heap   total 49152K, used 33790K [0x0000000702600000, 0x0000000800000000)
  region size 2048K, 8 young (16384K), 1 survivors (2048K)
 Metaspace       used 29936K, committed 30208K, reserved 1114112K
  class space    used 3330K, committed 3456K, reserved 1048576K
}
Event: 6.234 GC heap after
{Heap after GC invocations=9 (full 0):
 garbage-first heap   total 49152K, used 20737K [0x0000000702600000, 0x0000000800000000)
  region size 2048K, 1 young (2048K), 1 survivors (2048K)
 Metaspace       used 29936K, committed 30208K, reserved 1114112K
  class space    used 3330K, committed 3456K, reserved 1048576K
}
Event: 6.575 GC heap before
{Heap before GC invocations=9 (full 0):
 garbage-first heap   total 49152K, used 35073K [0x0000000702600000, 0x0000000800000000)
  region size 2048K, 8 young (16384K), 1 survivors (2048K)
 Metaspace       used 32270K, committed 32448K, reserved 1114112K
  class space    used 3614K, committed 3712K, reserved 1048576K
}
Event: 6.578 GC heap after
{Heap after GC invocations=10 (full 0):
 garbage-first heap   total 49152K, used 21253K [0x0000000702600000, 0x0000000800000000)
  region size 2048K, 1 young (2048K), 1 survivors (2048K)
 Metaspace       used 32270K, committed 32448K, reserved 1114112K
  class space    used 3614K, committed 3712K, reserved 1048576K
}
Event: 6.845 GC heap before
{Heap before GC invocations=10 (full 0):
 garbage-first heap   total 49152K, used 25349K [0x0000000702600000, 0x0000000800000000)
  region size 2048K, 4 young (8192K), 1 survivors (2048K)
 Metaspace       used 33222K, committed 33408K, reserved 1114112K
  class space    used 3716K, committed 3840K, reserved 1048576K
}
Event: 6.848 GC heap after
{Heap after GC invocations=11 (full 0):
 garbage-first heap   total 49152K, used 21930K [0x0000000702600000, 0x0000000800000000)
  region size 2048K, 1 young (2048K), 1 survivors (2048K)
 Metaspace       used 33222K, committed 33408K, reserved 1114112K
  class space    used 3716K, committed 3840K, reserved 1048576K
}
Event: 10.019 GC heap before
{Heap before GC invocations=12 (full 0):
 garbage-first heap   total 59392K, used 42410K [0x0000000702600000, 0x0000000800000000)
  region size 2048K, 7 young (14336K), 1 survivors (2048K)
 Metaspace       used 34193K, committed 34432K, reserved 1114112K
  class space    used 3729K, committed 3840K, reserved 1048576K
}
Event: 10.024 GC heap after
{Heap after GC invocations=13 (full 0):
 garbage-first heap   total 59392K, used 31369K [0x0000000702600000, 0x0000000800000000)
  region size 2048K, 1 young (2048K), 1 survivors (2048K)
 Metaspace       used 34193K, committed 34432K, reserved 1114112K
  class space    used 3729K, committed 3840K, reserved 1048576K
}
Event: 14.217 GC heap before
{Heap before GC invocations=13 (full 0):
 garbage-first heap   total 59392K, used 43657K [0x0000000702600000, 0x0000000800000000)
  region size 2048K, 7 young (14336K), 1 survivors (2048K)
 Metaspace       used 34472K, committed 34688K, reserved 1114112K
  class space    used 3731K, committed 3840K, reserved 1048576K
}
Event: 14.220 GC heap after
{Heap after GC invocations=14 (full 0):
 garbage-first heap   total 59392K, used 31613K [0x0000000702600000, 0x0000000800000000)
  region size 2048K, 1 young (2048K), 1 survivors (2048K)
 Metaspace       used 34472K, committed 34688K, reserved 1114112K
  class space    used 3731K, committed 3840K, reserved 1048576K
}
Event: 19.309 GC heap before
{Heap before GC invocations=15 (full 0):
 garbage-first heap   total 59392K, used 37757K [0x0000000702600000, 0x0000000800000000)
  region size 2048K, 7 young (14336K), 1 survivors (2048K)
 Metaspace       used 34601K, committed 34816K, reserved 1114112K
  class space    used 3734K, committed 3840K, reserved 1048576K
}
Event: 19.310 GC heap after
{Heap after GC invocations=16 (full 0):
 garbage-first heap   total 59392K, used 25298K [0x0000000702600000, 0x0000000800000000)
  region size 2048K, 1 young (2048K), 1 survivors (2048K)
 Metaspace       used 34601K, committed 34816K, reserved 1114112K
  class space    used 3734K, committed 3840K, reserved 1048576K
}
Event: 27.570 GC heap before
{Heap before GC invocations=16 (full 0):
 garbage-first heap   total 59392K, used 43730K [0x0000000702600000, 0x0000000800000000)
  region size 2048K, 10 young (20480K), 1 survivors (2048K)
 Metaspace       used 34609K, committed 34816K, reserved 1114112K
  class space    used 3734K, committed 3840K, reserved 1048576K
}
Event: 27.572 GC heap after
{Heap after GC invocations=17 (full 0):
 garbage-first heap   total 59392K, used 25295K [0x0000000702600000, 0x0000000800000000)
  region size 2048K, 1 young (2048K), 1 survivors (2048K)
 Metaspace       used 34609K, committed 34816K, reserved 1114112K
  class space    used 3734K, committed 3840K, reserved 1048576K
}
Event: 31.691 GC heap before
{Heap before GC invocations=17 (full 0):
 garbage-first heap   total 59392K, used 33487K [0x0000000702600000, 0x0000000800000000)
  region size 2048K, 6 young (12288K), 1 survivors (2048K)
 Metaspace       used 34611K, committed 34816K, reserved 1114112K
  class space    used 3734K, committed 3840K, reserved 1048576K
}
Event: 31.716 GC heap after
{Heap after GC invocations=18 (full 1):
 garbage-first heap   total 59392K, used 24302K [0x0000000702600000, 0x0000000800000000)
  region size 2048K, 0 young (0K), 0 survivors (0K)
 Metaspace       used 34611K, committed 34816K, reserved 1114112K
  class space    used 3734K, committed 3840K, reserved 1048576K
}

Dll operation events (14 events):
Event: 0.008 Loaded shared library C:\Users\HP\.jdks\corretto-17.0.7\bin\java.dll
Event: 0.020 Loaded shared library C:\Users\HP\.jdks\corretto-17.0.7\bin\jsvml.dll
Event: 0.260 Loaded shared library C:\Users\HP\.jdks\corretto-17.0.7\bin\zip.dll
Event: 0.263 Loaded shared library C:\Users\HP\.jdks\corretto-17.0.7\bin\instrument.dll
Event: 0.273 Loaded shared library C:\Users\HP\.jdks\corretto-17.0.7\bin\net.dll
Event: 0.275 Loaded shared library C:\Users\HP\.jdks\corretto-17.0.7\bin\nio.dll
Event: 0.281 Loaded shared library C:\Users\HP\.jdks\corretto-17.0.7\bin\zip.dll
Event: 0.379 Loaded shared library C:\Program Files\JetBrains\IntelliJ IDEA Community Edition 2021.3.2\bin\breakgen64.dll
Event: 0.544 Loaded shared library C:\Users\HP\.jdks\corretto-17.0.7\bin\jimage.dll
Event: 0.548 Loaded shared library C:\Users\HP\.jdks\corretto-17.0.7\bin\awt.dll
Event: 1.601 Loaded shared library C:\Users\HP\.skiko\0de0d8dd8554d9bb66cfca3837db6514ff9b71080e998917280a3b777460a416\skiko-windows-x64.dll
Event: 2.184 Loaded shared library C:\Users\HP\.jdks\corretto-17.0.7\bin\freetype.dll
Event: 2.185 Loaded shared library C:\Users\HP\.jdks\corretto-17.0.7\bin\fontmanager.dll
Event: 6.109 Loaded shared library C:\Users\HP\AppData\Local\io-realm-kotlin\f7113120ba00ba1ff91d696eecd3919e85a4e34e\realmc.dll

Deoptimization events (20 events):
Event: 31.691 Thread 0x00000188566121c0 Uncommon trap: trap_request=0xffffffc6 fr.pc=0x000001883e067624 relative=0x0000000000000104
Event: 31.691 Thread 0x00000188566121c0 Uncommon trap: reason=bimorphic_or_optimized_type_check action=maybe_recompile pc=0x000001883e067624 method=kotlinx.coroutines.DispatchedTaskKt.dispatch(Lkotlinx/coroutines/DispatchedTask;I)V @ 91 c2
Event: 31.691 Thread 0x00000188566121c0 DEOPT PACKING pc=0x000001883e067624 sp=0x000000631bcfede0
Event: 31.691 Thread 0x00000188566121c0 DEOPT UNPACKING pc=0x000001883daa69a3 sp=0x000000631bcfedb8 mode 2
Event: 38.456 Thread 0x0000018856e70960 Uncommon trap: trap_request=0xffffffde fr.pc=0x000001883e346060 relative=0x0000000000000060
Event: 38.456 Thread 0x0000018856e70960 Uncommon trap: reason=class_check action=maybe_recompile pc=0x000001883e346060 method=kotlinx.coroutines.AbstractCoroutine.afterResume(Ljava/lang/Object;)V @ 2 c2
Event: 38.456 Thread 0x0000018856e70960 DEOPT PACKING pc=0x000001883e346060 sp=0x000000631cdfec10
Event: 38.456 Thread 0x0000018856e70960 DEOPT UNPACKING pc=0x000001883daa69a3 sp=0x000000631cdfeb98 mode 2
Event: 38.456 Thread 0x0000018856e70960 Uncommon trap: trap_request=0xffffffc6 fr.pc=0x000001883e067624 relative=0x0000000000000104
Event: 38.456 Thread 0x0000018856e70960 Uncommon trap: reason=bimorphic_or_optimized_type_check action=maybe_recompile pc=0x000001883e067624 method=kotlinx.coroutines.DispatchedTaskKt.dispatch(Lkotlinx/coroutines/DispatchedTask;I)V @ 91 c2
Event: 38.456 Thread 0x0000018856e70960 DEOPT PACKING pc=0x000001883e067624 sp=0x000000631cdfe580
Event: 38.456 Thread 0x0000018856e70960 DEOPT UNPACKING pc=0x000001883daa69a3 sp=0x000000631cdfe558 mode 2
Event: 38.458 Thread 0x0000018856e6ec80 Uncommon trap: trap_request=0xffffffde fr.pc=0x000001883e346060 relative=0x0000000000000060
Event: 38.458 Thread 0x0000018856e6ec80 Uncommon trap: reason=class_check action=maybe_recompile pc=0x000001883e346060 method=kotlinx.coroutines.AbstractCoroutine.afterResume(Ljava/lang/Object;)V @ 2 c2
Event: 38.458 Thread 0x0000018856e6ec80 DEOPT PACKING pc=0x000001883e346060 sp=0x000000631c4ff240
Event: 38.458 Thread 0x0000018856e6ec80 DEOPT UNPACKING pc=0x000001883daa69a3 sp=0x000000631c4ff1c8 mode 2
Event: 38.459 Thread 0x0000018856e70960 Uncommon trap: trap_request=0xffffffde fr.pc=0x000001883e346060 relative=0x0000000000000060
Event: 38.459 Thread 0x0000018856e70960 Uncommon trap: reason=class_check action=maybe_recompile pc=0x000001883e346060 method=kotlinx.coroutines.AbstractCoroutine.afterResume(Ljava/lang/Object;)V @ 2 c2
Event: 38.460 Thread 0x0000018856e70960 DEOPT PACKING pc=0x000001883e346060 sp=0x000000631cdff120
Event: 38.460 Thread 0x0000018856e70960 DEOPT UNPACKING pc=0x000001883daa69a3 sp=0x000000631cdff0a8 mode 2

Classes unloaded (0 events):
No events

Classes redefined (0 events):
No events

Internal exceptions (20 events):
Event: 0.573 Thread 0x000001882ea27860 Exception <a 'java/io/FileNotFoundException'{0x00000007122b5a40}> (0x00000007122b5a40) 
thrown [s\src\hotspot\share\prims\jni.cpp, line 516]
Event: 0.933 Thread 0x0000018851a0d7a0 Exception <a 'java/lang/NoSuchMethodError'{0x00000007123e6190}: 'java.lang.Object java.lang.invoke.DirectMethodHandle$Holder.invokeStaticInit(java.lang.Object, int, int, int, int)'> (0x00000007123e6190) 
thrown [s\src\hotspot\share\interpreter\linkResolver.cpp, line 759]
Event: 1.190 Thread 0x0000018851a0d7a0 Exception <a 'java/lang/NoSuchMethodError'{0x00000007121d59e8}: 'java.lang.Object java.lang.invoke.DirectMethodHandle$Holder.invokeStaticInit(java.lang.Object, java.lang.Object, int, int, int, int)'> (0x00000007121d59e8) 
thrown [s\src\hotspot\share\interpreter\linkResolver.cpp, line 759]
Event: 1.343 Thread 0x0000018851a0d7a0 Exception <a 'java/lang/NoSuchMethodError'{0x0000000711d2e6a8}: 'double java.lang.invoke.DirectMethodHandle$Holder.invokeStatic(java.lang.Object, double)'> (0x0000000711d2e6a8) 
thrown [s\src\hotspot\share\interpreter\linkResolver.cpp, line 759]
Event: 1.344 Thread 0x0000018851a0d7a0 Exception <a 'java/lang/NoSuchMethodError'{0x0000000711d32108}: 'double java.lang.invoke.DirectMethodHandle$Holder.invokeStaticInit(java.lang.Object, double)'> (0x0000000711d32108) 
thrown [s\src\hotspot\share\interpreter\linkResolver.cpp, line 759]
Event: 1.358 Thread 0x0000018851a0d7a0 Exception <a 'java/lang/NoSuchMethodError'{0x0000000711d7a058}: 'java.lang.Object java.lang.invoke.DirectMethodHandle$Holder.newInvokeSpecial(java.lang.Object, double)'> (0x0000000711d7a058) 
thrown [s\src\hotspot\share\interpreter\linkResolver.cpp, line 759]
Event: 1.898 Thread 0x0000018851a0d7a0 Exception <a 'java/lang/NoSuchMethodError'{0x0000000710c1dc58}: 'void java.lang.invoke.DirectMethodHandle$Holder.invokeSpecial(java.lang.Object, java.lang.Object, java.lang.Object)'> (0x0000000710c1dc58) 
thrown [s\src\hotspot\share\interpreter\linkResolver.cpp, line 759]
Event: 1.916 Thread 0x0000018851a0d7a0 Exception <a 'java/lang/NoSuchMethodError'{0x0000000710c47de8}: 'java.lang.Object java.lang.invoke.DirectMethodHandle$Holder.newInvokeSpecial(java.lang.Object, java.lang.Object, java.lang.Object, java.lang.Object, java.lang.Object)'> (0x0000000710c47de8) 
thrown [s\src\hotspot\share\interpreter\linkResolver.cpp, line 759]
Event: 1.920 Thread 0x0000018851a0d7a0 Exception <a 'java/lang/NoSuchMethodError'{0x0000000710c53d60}: 'java.lang.Object java.lang.invoke.DirectMethodHandle$Holder.invokeStatic(java.lang.Object, int, java.lang.Object, java.lang.Object, java.lang.Object, java.lang.Object)'> (0x0000000710c53d60) 
thrown [s\src\hotspot\share\interpreter\linkResolver.cpp, line 759]
Event: 1.927 Thread 0x0000018851a0d7a0 Exception <a 'java/lang/NoSuchMethodError'{0x0000000710c797c8}: 'java.lang.Object java.lang.invoke.DirectMethodHandle$Holder.invokeStatic(java.lang.Object, int, java.lang.Object)'> (0x0000000710c797c8) 
thrown [s\src\hotspot\share\interpreter\linkResolver.cpp, line 759]
Event: 1.973 Thread 0x0000018851a0d7a0 Exception <a 'java/lang/ClassNotFoundException'{0x0000000710d35f48}: com/sun/swing/internal/plaf/metal/resources/spi/metalProvider> (0x0000000710d35f48) 
thrown [s\src\hotspot\share\classfile\systemDictionary.cpp, line 256]
Event: 1.975 Thread 0x0000018851a0d7a0 Exception <a 'java/lang/ClassNotFoundException'{0x0000000710d39ee8}: com/sun/swing/internal/plaf/basic/resources/spi/basicProvider> (0x0000000710d39ee8) 
thrown [s\src\hotspot\share\classfile\systemDictionary.cpp, line 256]
Event: 1.990 Thread 0x0000018851a0d7a0 Implicit null exception at 0x000001883e01bb90 to 0x000001883e01bf64
Event: 1.990 Thread 0x0000018851a0d7a0 Implicit null exception at 0x000001883e018d10 to 0x000001883e0190c8
Event: 2.032 Thread 0x0000018851a0d7a0 Exception <a 'java/lang/NoSuchMethodError'{0x0000000710a4b570}: 'void java.lang.invoke.DirectMethodHandle$Holder.invokeStatic(java.lang.Object, java.lang.Object, java.lang.Object)'> (0x0000000710a4b570) 
thrown [s\src\hotspot\share\interpreter\linkResolver.cpp, line 759]
Event: 2.178 Thread 0x0000018851a0d7a0 Exception <a 'java/lang/NoSuchMethodError'{0x0000000710929fd0}: 'void java.lang.invoke.DirectMethodHandle$Holder.invokeStaticInit(java.lang.Object)'> (0x0000000710929fd0) 
thrown [s\src\hotspot\share\interpreter\linkResolver.cpp, line 759]
Event: 2.447 Thread 0x0000018851a0d7a0 Exception <a 'java/lang/NoSuchMethodError'{0x0000000711f621d0}: 'int java.lang.invoke.DirectMethodHandle$Holder.invokeStaticInit(java.lang.Object, java.lang.Object, java.lang.Object)'> (0x0000000711f621d0) 
thrown [s\src\hotspot\share\interpreter\linkResolver.cpp, line 759]
Event: 2.956 Thread 0x000001885603d4f0 Exception <a 'java/lang/NoSuchMethodError'{0x0000000710800be8}: 'void java.lang.invoke.DirectMethodHandle$Holder.invokeVirtual(java.lang.Object, java.lang.Object)'> (0x0000000710800be8) 
thrown [s\src\hotspot\share\interpreter\linkResolver.cpp, line 759]
Event: 5.270 Thread 0x0000018851a0d7a0 Exception <a 'java/lang/NoSuchMethodError'{0x0000000704a8fd90}: 'int java.lang.invoke.DirectMethodHandle$Holder.invokeStaticInit(java.lang.Object, long, long)'> (0x0000000704a8fd90) 
thrown [s\src\hotspot\share\interpreter\linkResolver.cpp, line 759]
Event: 5.974 Thread 0x0000018851a0d7a0 Exception <a 'java/lang/NoSuchMethodError'{0x000000070f922028}: 'java.lang.Object java.lang.invoke.DirectMethodHandle$Holder.newInvokeSpecial(java.lang.Object, int, java.lang.Object)'> (0x000000070f922028) 
thrown [s\src\hotspot\share\interpreter\linkResolver.cpp, line 759]

VM Operations (20 events):
Event: 24.338 Executing VM operation: Cleanup
Event: 24.338 Executing VM operation: Cleanup done
Event: 25.339 Executing VM operation: Cleanup
Event: 25.339 Executing VM operation: Cleanup done
Event: 26.345 Executing VM operation: Cleanup
Event: 26.345 Executing VM operation: Cleanup done
Event: 27.569 Executing VM operation: G1CollectForAllocation
Event: 27.572 Executing VM operation: G1CollectForAllocation done
Event: 29.584 Executing VM operation: Cleanup
Event: 29.584 Executing VM operation: Cleanup done
Event: 30.595 Executing VM operation: Cleanup
Event: 30.595 Executing VM operation: Cleanup done
Event: 31.691 Executing VM operation: G1CollectFull
Event: 31.716 Executing VM operation: G1CollectFull done
Event: 33.735 Executing VM operation: Cleanup
Event: 33.735 Executing VM operation: Cleanup done
Event: 34.739 Executing VM operation: Cleanup
Event: 34.739 Executing VM operation: Cleanup done
Event: 37.760 Executing VM operation: Cleanup
Event: 37.760 Executing VM operation: Cleanup done

Events (20 events):
Event: 17.401 Thread 0x00000188510fe130 flushing nmethod 0x0000018836d90690
Event: 17.401 Thread 0x00000188510fe130 flushing nmethod 0x0000018836d94710
Event: 17.401 Thread 0x00000188510fe130 flushing nmethod 0x0000018836dae890
Event: 17.401 Thread 0x00000188510fe130 flushing nmethod 0x0000018836dbbf90
Event: 17.402 Thread 0x00000188510fe130 flushing nmethod 0x0000018836df8010
Event: 17.402 Thread 0x00000188510fe130 flushing nmethod 0x0000018836e11110
Event: 17.403 Thread 0x00000188510fe130 flushing nmethod 0x0000018836f3dc10
Event: 22.707 Thread 0x0000018851c75980 Thread added: 0x0000018851c75980
Event: 23.223 Thread 0x0000018851c75980 Thread exited: 0x0000018851c75980
Event: 38.451 loading class jdk/internal/misc/Signal$1
Event: 38.451 loading class jdk/internal/misc/Signal$1 done
Event: 38.452 Thread 0x0000018856e717d0 Thread added: 0x0000018856e717d0
Event: 38.452 Thread 0x0000018856e6de10 Thread added: 0x0000018856e6de10
Event: 38.452 Thread 0x0000018856e70490 Thread added: 0x0000018856e70490
Event: 38.452 Thread 0x0000018856e70960 Thread added: 0x0000018856e70960
Event: 38.453 Thread 0x0000018856e70490 Thread exited: 0x0000018856e70490
Event: 38.460 Thread 0x0000018856e70960 Thread exited: 0x0000018856e70960
Event: 38.460 Thread 0x0000018856e6ec80 Thread exited: 0x0000018856e6ec80
Event: 38.460 Thread 0x0000018856611cf0 Thread exited: 0x0000018856611cf0
Event: 38.463 Thread 0x000001885603d4f0 Thread exited: 0x000001885603d4f0


Dynamic libraries:
0x00007ff7eeda0000 - 0x00007ff7eedad000 	C:\Users\HP\.jdks\corretto-17.0.7\bin\java.exe
0x00007ffee9b50000 - 0x00007ffee9d48000 	C:\Windows\SYSTEM32\ntdll.dll
0x00007ffee90d0000 - 0x00007ffee918f000 	C:\Windows\System32\KERNEL32.DLL
0x00007ffee7790000 - 0x00007ffee7a86000 	C:\Windows\System32\KERNELBASE.dll
0x00007ffee7410000 - 0x00007ffee7510000 	C:\Windows\System32\ucrtbase.dll
0x00007ffedd130000 - 0x00007ffedd147000 	C:\Users\HP\.jdks\corretto-17.0.7\bin\jli.dll
0x00007ffedf250000 - 0x00007ffedf265000 	C:\Users\HP\.jdks\corretto-17.0.7\bin\VCRUNTIME140.dll
0x00007ffee9970000 - 0x00007ffee9b0d000 	C:\Windows\System32\USER32.dll
0x00007ffecd150000 - 0x00007ffecd3ea000 	C:\Windows\WinSxS\amd64_microsoft.windows.common-controls_6595b64144ccf1df_6.0.19041.1110_none_60b5254171f9507e\COMCTL32.dll
0x00007ffee76c0000 - 0x00007ffee76e2000 	C:\Windows\System32\win32u.dll
0x00007ffee8310000 - 0x00007ffee83ae000 	C:\Windows\System32\msvcrt.dll
0x00007ffee90a0000 - 0x00007ffee90cc000 	C:\Windows\System32\GDI32.dll
0x00007ffee7a90000 - 0x00007ffee7ba5000 	C:\Windows\System32\gdi32full.dll
0x00007ffee72c0000 - 0x00007ffee735d000 	C:\Windows\System32\msvcp_win.dll
0x00007ffee8600000 - 0x00007ffee8630000 	C:\Windows\System32\IMM32.DLL
0x00007ffec73d0000 - 0x00007ffec746b000 	C:\Users\HP\.jdks\corretto-17.0.7\bin\msvcp140.dll
0x00007ffea5510000 - 0x00007ffea612a000 	C:\Users\HP\.jdks\corretto-17.0.7\bin\server\jvm.dll
0x00007ffee8630000 - 0x00007ffee86df000 	C:\Windows\System32\ADVAPI32.dll
0x00007ffee8560000 - 0x00007ffee85fc000 	C:\Windows\System32\sechost.dll
0x00007ffee7d70000 - 0x00007ffee7e96000 	C:\Windows\System32\RPCRT4.dll
0x00007ffee0fa0000 - 0x00007ffee0fa9000 	C:\Windows\SYSTEM32\WSOCK32.dll
0x00007ffecca00000 - 0x00007ffecca27000 	C:\Windows\SYSTEM32\WINMM.dll
0x00007ffee8e70000 - 0x00007ffee8edb000 	C:\Windows\System32\WS2_32.dll
0x00007ffedb320000 - 0x00007ffedb32a000 	C:\Windows\SYSTEM32\VERSION.dll
0x00007ffee5a20000 - 0x00007ffee5a32000 	C:\Windows\SYSTEM32\kernel.appcore.dll
0x00007ffedf290000 - 0x00007ffedf29a000 	C:\Users\HP\.jdks\corretto-17.0.7\bin\jimage.dll
0x00007ffee1f40000 - 0x00007ffee2124000 	C:\Windows\SYSTEM32\DBGHELP.DLL
0x00007ffecec70000 - 0x00007ffececa4000 	C:\Windows\SYSTEM32\dbgcore.DLL
0x00007ffee7230000 - 0x00007ffee72b2000 	C:\Windows\System32\bcryptPrimitives.dll
0x00007ffede550000 - 0x00007ffede55e000 	C:\Users\HP\.jdks\corretto-17.0.7\bin\instrument.dll
0x00007ffedbcf0000 - 0x00007ffedbd15000 	C:\Users\HP\.jdks\corretto-17.0.7\bin\java.dll
0x00007ffebaa40000 - 0x00007ffebab16000 	C:\Users\HP\.jdks\corretto-17.0.7\bin\jsvml.dll
0x00007ffee9190000 - 0x00007ffee98d4000 	C:\Windows\System32\SHELL32.dll
0x00007ffee2130000 - 0x00007ffee28c4000 	C:\Windows\SYSTEM32\windows.storage.dll
0x00007ffee8890000 - 0x00007ffee8be4000 	C:\Windows\System32\combase.dll
0x00007ffee6ab0000 - 0x00007ffee6ade000 	C:\Windows\SYSTEM32\Wldp.dll
0x00007ffee8f90000 - 0x00007ffee903d000 	C:\Windows\System32\SHCORE.dll
0x00007ffee9040000 - 0x00007ffee9095000 	C:\Windows\System32\shlwapi.dll
0x00007ffee7160000 - 0x00007ffee7185000 	C:\Windows\SYSTEM32\profapi.dll
0x00007ffedbcc0000 - 0x00007ffedbcd8000 	C:\Users\HP\.jdks\corretto-17.0.7\bin\zip.dll
0x00007ffedc060000 - 0x00007ffedc079000 	C:\Users\HP\.jdks\corretto-17.0.7\bin\net.dll
0x00007ffed8570000 - 0x00007ffed867a000 	C:\Windows\SYSTEM32\WINHTTP.dll
0x00007ffee6890000 - 0x00007ffee68fa000 	C:\Windows\system32\mswsock.dll
0x00007ffedbfe0000 - 0x00007ffedbff5000 	C:\Users\HP\.jdks\corretto-17.0.7\bin\nio.dll
0x00007ffedbaf0000 - 0x00007ffedbb0a000 	C:\Program Files\JetBrains\IntelliJ IDEA Community Edition 2021.3.2\bin\breakgen64.dll
0x00007ffea8bb0000 - 0x00007ffea8d59000 	C:\Users\HP\.jdks\corretto-17.0.7\bin\awt.dll
0x00007ffee87c0000 - 0x00007ffee888d000 	C:\Windows\System32\OLEAUT32.dll
0x00007ffee0ec0000 - 0x00007ffee0f51000 	C:\Windows\SYSTEM32\apphelp.dll
0x00007ffee1180000 - 0x00007ffee121e000 	C:\Windows\system32\uxtheme.dll
0x00007ffee8440000 - 0x00007ffee8554000 	C:\Windows\System32\MSCTF.dll
0x00007ffee8c00000 - 0x00007ffee8d2a000 	C:\Windows\System32\ole32.dll
0x00007ffee1320000 - 0x00007ffee134f000 	C:\Windows\system32\DWMAPI.DLL
0x00007ffeb5d50000 - 0x00007ffeb5e75000 	C:\Windows\system32\opengl32.dll
0x00007ffeb67f0000 - 0x00007ffeb681c000 	C:\Windows\SYSTEM32\GLU32.dll
0x00007ffee6af0000 - 0x00007ffee6b08000 	C:\Windows\SYSTEM32\CRYPTSP.dll
0x00007ffee61d0000 - 0x00007ffee6204000 	C:\Windows\system32\rsaenh.dll
0x00007ffee7760000 - 0x00007ffee7787000 	C:\Windows\System32\bcrypt.dll
0x00007ffee7120000 - 0x00007ffee714e000 	C:\Windows\SYSTEM32\USERENV.dll
0x00007ffee6a20000 - 0x00007ffee6a2c000 	C:\Windows\SYSTEM32\CRYPTBASE.dll
0x00007ffee65a0000 - 0x00007ffee65dc000 	C:\Windows\SYSTEM32\IPHLPAPI.DLL
0x00007ffee7d60000 - 0x00007ffee7d68000 	C:\Windows\System32\NSI.dll
0x00007ffeda430000 - 0x00007ffeda447000 	C:\Windows\SYSTEM32\dhcpcsvc6.DLL
0x00007ffed8d80000 - 0x00007ffed8d9d000 	C:\Windows\SYSTEM32\dhcpcsvc.DLL
0x00007ffee65e0000 - 0x00007ffee66aa000 	C:\Windows\SYSTEM32\DNSAPI.dll
0x00007ffe9d3a0000 - 0x00007ffe9e3ec000 	C:\Users\HP\.skiko\0de0d8dd8554d9bb66cfca3837db6514ff9b71080e998917280a3b777460a416\skiko-windows-x64.dll
0x00007ffeb1ce0000 - 0x00007ffeb1d63000 	C:\Users\HP\.jdks\corretto-17.0.7\bin\freetype.dll
0x00007ffea9320000 - 0x00007ffea93e2000 	C:\Users\HP\.jdks\corretto-17.0.7\bin\fontmanager.dll
0x00007ffedbd50000 - 0x00007ffedbd57000 	C:\Users\HP\.jdks\corretto-17.0.7\bin\jawt.dll
0x00007ffee5a90000 - 0x00007ffee5b83000 	C:\Windows\SYSTEM32\Dxgi.dll
0x00007ffeced70000 - 0x00007ffeced90000 	C:\Windows\SYSTEM32\D3D12.dll
0x00007ffea2b60000 - 0x00007ffea2d2d000 	C:\Windows\SYSTEM32\D3D12Core.dll
0x00007ffeda9e0000 - 0x00007ffedaa1b000 	C:\Windows\SYSTEM32\dxcore.dll
0x00007ffee7670000 - 0x00007ffee76be000 	C:\Windows\System32\cfgmgr32.dll
0x00007ffed4390000 - 0x00007ffed6fa9000 	C:\Windows\System32\DriverStore\FileRepository\igdlh64.inf_amd64_e6daaea9afe1e6f6\igc64.dll
0x00007ffe72ab0000 - 0x00007ffe73f83000 	C:\Windows\System32\DriverStore\FileRepository\igdlh64.inf_amd64_e6daaea9afe1e6f6\igd12umd64.dll
0x00007ffeda000000 - 0x00007ffeda257000 	C:\Windows\System32\DriverStore\FileRepository\igdlh64.inf_amd64_e6daaea9afe1e6f6\igdgmm64.dll
0x00007ffe75090000 - 0x00007ffe7549b000 	C:\Windows\System32\DriverStore\FileRepository\igdlh64.inf_amd64_e6daaea9afe1e6f6\igdml64.dll
0x00007ffeca230000 - 0x00007ffeca25b000 	C:\Windows\SYSTEM32\D3DSCache.dll
0x00007ffe51780000 - 0x00007ffe55f82000 	C:\Windows\System32\DriverStore\FileRepository\igdlh64.inf_amd64_e6daaea9afe1e6f6\igd12dxva64.dll
0x00007ffee7ea0000 - 0x00007ffee830e000 	C:\Windows\System32\SETUPAPI.dll
0x00007ffe96bf0000 - 0x00007ffe96c17000 	C:\Windows\System32\DriverStore\FileRepository\igdlh64.inf_amd64_e6daaea9afe1e6f6\igdinfo64.dll
0x00007ffeddf50000 - 0x00007ffede157000 	C:\Windows\SYSTEM32\twinapi.appcore.dll
0x00007ffee8ee0000 - 0x00007ffee8f89000 	C:\Windows\System32\clbcatq.dll
0x00007ffe5da40000 - 0x00007ffe5ea12000 	C:\Windows\System32\DriverStore\FileRepository\igdlh64.inf_amd64_e6daaea9afe1e6f6\ig9icd64.dll
0x00007ffee7090000 - 0x00007ffee70db000 	C:\Windows\SYSTEM32\powrprof.dll
0x00007ffee7070000 - 0x00007ffee7082000 	C:\Windows\SYSTEM32\UMPDC.dll
0x00007ffed2250000 - 0x00007ffed24cf000 	C:\Windows\SYSTEM32\dwrite.dll
0x00007ffed3ec0000 - 0x00007ffed3fb9000 	C:\Windows\SYSTEM32\textinputframework.dll
0x00007ffee0b40000 - 0x00007ffee0c32000 	C:\Windows\System32\CoreMessaging.dll
0x00007ffee0460000 - 0x00007ffee07be000 	C:\Windows\System32\CoreUIComponents.dll
0x00007ffee62f0000 - 0x00007ffee6323000 	C:\Windows\SYSTEM32\ntmarta.dll
0x00007ffedf450000 - 0x00007ffedf5a4000 	C:\Windows\SYSTEM32\wintypes.dll
0x00007ffe747d0000 - 0x00007ffe75082000 	C:\Users\HP\AppData\Local\io-realm-kotlin\f7113120ba00ba1ff91d696eecd3919e85a4e34e\realmc.dll
0x00007ffee7510000 - 0x00007ffee766e000 	C:\Windows\System32\CRYPT32.dll

dbghelp: loaded successfully - version: 4.0.5 - missing functions: none
symbol engine: initialized successfully - sym options: 0x614 - pdb path: .;C:\Users\HP\.jdks\corretto-17.0.7\bin;C:\Windows\SYSTEM32;C:\Windows\WinSxS\amd64_microsoft.windows.common-controls_6595b64144ccf1df_6.0.19041.1110_none_60b5254171f9507e;C:\Users\HP\.jdks\corretto-17.0.7\bin\server;C:\Program Files\JetBrains\IntelliJ IDEA Community Edition 2021.3.2\bin;C:\Users\HP\.skiko\0de0d8dd8554d9bb66cfca3837db6514ff9b71080e998917280a3b777460a416;C:\Windows\System32\DriverStore\FileRepository\igdlh64.inf_amd64_e6daaea9afe1e6f6;C:\Users\HP\AppData\Local\io-realm-kotlin\f7113120ba00ba1ff91d696eecd3919e85a4e34e

VM Arguments:
jvm_args: -Djava.library.path=C:\Users\HP\Desktop\newderar\build\classes\kotlin\jvm\main;C:\Users\HP\Desktop\newderar\build\processedResources\jvm\main -javaagent:C:\Program Files\JetBrains\IntelliJ IDEA Community Edition 2021.3.2\lib\idea_rt.jar=54769:C:\Program Files\JetBrains\IntelliJ IDEA Community Edition 2021.3.2\bin -Dfile.encoding=UTF-8 
java_command: MainKt
java_class_path (initial): C:\Users\HP\Desktop\newderar\build\classes\kotlin\jvm\main;C:\Users\HP\Desktop\newderar\build\processedResources\jvm\main;C:\Users\HP\.gradle\caches\modules-2\files-2.1\io.insert-koin\koin-androidx-compose\3.4.5\ae0a88b7a68d507e651c5a3d70a541594bea54cb\koin-androidx-compose-3.4.5.aar;C:\Users\HP\.gradle\caches\modules-2\files-2.1\androidx.navigation\navigation-compose\2.6.0\3f8ce7b0bad21cced0c47b42b6347c65a6e422c3\navigation-compose-2.6.0.aar;C:\Users\HP\.gradle\caches\modules-2\files-2.1\org.jetbrains.kotlin\kotlin-stdlib-jdk8\1.8.21\67f57e154437cd9e6e9cf368394b95814836ff88\kotlin-stdlib-jdk8-1.8.21.jar;C:\Users\HP\.gradle\caches\modules-2\files-2.1\org.apache.poi\poi-ooxml\4.1.2\87d9a22aa9a7dd26e80c360e709f7ee02e32ab3b\poi-ooxml-4.1.2.jar;C:\Users\HP\.gradle\caches\modules-2\files-2.1\org.apache.poi\poi\4.1.2\964bf41cf68bce08e4ef6b2279b559fdf8d454f4\poi-4.1.2.jar;C:\Users\HP\.gradle\caches\modules-2\files-2.1\org.lwjgl\lwjgl-nfd\3.3.1\622318116996ddcff449b46cb38f0fdee39b8ac3\lwjgl-nfd-3.3.1.jar;C:\Users\HP\.gradle\caches\modules-2\files-2.1\org.lwjgl\lwjgl-nfd\3.3.1\2e007667e04ed3281152ae5c6e677fb1c2211691\lwjgl-nfd-3.3.1-natives-linux.jar;C:\Users\HP\.gradle\caches\modules-2\files-2.1\org.lwjgl\lwjgl\3.3.1\ae58664f88e18a9bb2c77b063833ca7aaec484cb\lwjgl-3.3.1.jar;C:\Users\HP\.gradle\caches\modules-2\files-2.1\io.insert-koin\koin-android\3.4.0\48715fbe06102a59a30bd45b06ed2400c16c6f45\koin-android-3.4.0.aar;C:\Users\HP\.gradle\caches\modules-2\files-2.1\org.lwjgl\lwjgl-nfd\3.3.1\b3e04e317f55dd738d8a345cdafd15b39f85a2ea\lwjgl-nfd-3.3.1-natives-linux-arm32.jar;C:\Users\HP\.gradle\caches\modules-2\files-2.1\androidx.lifecycle\lifecycle-viewmodel-compose\2.6.1\38cf3bb65ff3e0e5c3d63de2ebf5411d0898108c\lifecycle-viewmodel-compose-2.6.1.aar;C:\Users\HP\.gradle\caches\modules-2\files-2.1\org.lwjgl\lwjgl-nfd\3.3.1\f41dc62336f7ee4ab35705cfa440cc903d199165\lwjgl-nfd-3.3.1-natives-linux-arm64.jar;C:\Users\HP\.gradle\caches\modules-2\files-2.1\androi
Launcher Type: SUN_STANDARD

[Global flags]
     intx CICompilerCount                          = 3                                         {product} {ergonomic}
     uint ConcGCThreads                            = 1                                         {product} {ergonomic}
     uint G1ConcRefinementThreads                  = 4                                         {product} {ergonomic}
   size_t G1HeapRegionSize                         = 2097152                                   {product} {ergonomic}
    uintx GCDrainStackTargetSize                   = 64                                        {product} {ergonomic}
   size_t InitialHeapSize                          = 266338304                                 {product} {ergonomic}
   size_t MarkStackSize                            = 4194304                                   {product} {ergonomic}
   size_t MaxHeapSize                              = 4255121408                                {product} {ergonomic}
   size_t MaxNewSize                               = 2552233984                                {product} {ergonomic}
   size_t MinHeapDeltaBytes                        = 2097152                                   {product} {ergonomic}
   size_t MinHeapSize                              = 8388608                                   {product} {ergonomic}
    uintx NonNMethodCodeHeapSize                   = 5832780                                {pd product} {ergonomic}
    uintx NonProfiledCodeHeapSize                  = 122912730                              {pd product} {ergonomic}
    uintx ProfiledCodeHeapSize                     = 122912730                              {pd product} {ergonomic}
    uintx ReservedCodeCacheSize                    = 251658240                              {pd product} {ergonomic}
     bool SegmentedCodeCache                       = true                                      {product} {ergonomic}
   size_t SoftMaxHeapSize                          = 4255121408                             {manageable} {ergonomic}
     bool UseCompressedClassPointers               = true                           {product lp64_product} {ergonomic}
     bool UseCompressedOops                        = true                           {product lp64_product} {ergonomic}
     bool UseG1GC                                  = true                                      {product} {ergonomic}
     bool UseLargePagesIndividualAllocation        = false                                  {pd product} {ergonomic}

Logging:
Log output configuration:
 #0: stdout all=warning uptime,level,tags
 #1: stderr all=off uptime,level,tags

Environment Variables:
PATH=C:\Program Files\Common Files\Oracle\Java\javapath;C:\Program Files (x86)\Common Files\Oracle\Java\javapath;C:\Windows\system32;C:\Windows;C:\Windows\System32\Wbem;C:\Windows\System32\WindowsPowerShell\v1.0\;C:\Windows\System32\OpenSSH\;C:\xampp\php;C:\ProgramData\ComposerSetup\bin;C:\Program Files\nodejs\;C:\Program Files (x86)\Intel\Intel(R) Management Engine Components\DAL;C:\Program Files\Intel\Intel(R) Management Engine Components\DAL;C:\Program Files\Git\cmd;C:\Program Files\Fortect;C:\Users\HP\AppData\Local\Microsoft\WindowsApps;C:\Program Files\JetBrains\IntelliJ IDEA Community Edition 2021.3.2\bin;C:\Users\HP\AppData\Local\Programs\Microsoft VS Code\bin;C:\Users\HP\AppData\Local\JetBrains\Toolbox\scripts;C:\Users\HP\AppData\Local\GitHubDesktop\bin;C:\Users\HP\Desktop\camp\flutter_windows_3.7.6-stable\flutter\bin;C:\Users\HP\AppData\Roaming\Composer\vendor\bin;C:\Users\HP\AppData\Roaming\npm
USERNAME=HP
OS=Windows_NT
PROCESSOR_IDENTIFIER=Intel64 Family 6 Model 142 Stepping 9, GenuineIntel
TMP=C:\Users\HP\AppData\Local\Temp
TEMP=C:\Users\HP\AppData\Local\Temp



---------------  S Y S T E M  ---------------

OS:
 Windows 10 , 64 bit Build 19041 (10.0.19041.3155)
OS uptime: 2 days 20:41 hours
Hyper-V role detected

CPU: total 4 (initial active 4) (2 cores per cpu, 2 threads per core) family 6 model 142 stepping 9 microcode 0xf2, cx8, cmov, fxsr, ht, mmx, 3dnowpref, sse, sse2, sse3, ssse3, sse4.1, sse4.2, popcnt, lzcnt, tsc, tscinvbit, avx, avx2, aes, erms, clmul, bmi1, bmi2, rtm, adx, fma, vzeroupper, clflush, clflushopt, hv

Memory: 4k page, system-wide physical 16224M (5837M free)
TotalPageFile size 32096M (AvailPageFile size 19496M)
current process WorkingSet (physical memory assigned to process): 251M, peak: 310M
current process commit charge ("private bytes"): 261M, peak: 432M

vm_info: OpenJDK 64-Bit Server VM (17.0.7+7-LTS) for windows-amd64 JRE (17.0.7+7-LTS), built on Apr 14 2023 01:39:21 by "Administrator" with MS VC++ 15.9 (VS2017)

END.
