#
# A fatal error has been detected by the Java Runtime Environment:
#
#  EXCEPTION_ACCESS_VIOLATION (0xc0000005) at pc=0x00007ffe74e7ebe3, pid=9612, tid=17280
#
# JRE version: OpenJDK Runtime Environment Corretto-17.0.7.7.1 (17.0.7+7) (build 17.0.7+7-LTS)
# Java VM: OpenJDK 64-Bit Server VM Corretto-17.0.7.7.1 (17.0.7+7-LTS, mixed mode, sharing, tiered, compressed oops, compressed class ptrs, g1 gc, windows-amd64)
# Problematic frame:
# C  [ig9icd64.dll+0x9bebe3]
#
# No core dump will be written. Minidumps are not enabled by default on client versions of Windows
#
# If you would like to submit a bug report, please visit:
#   https://github.com/corretto/corretto-17/issues/
# The crash happened outside the Java Virtual Machine in native code.
# See problematic frame for where to report the bug.
#

---------------  S U M M A R Y ------------

Command Line: -Djava.library.path=C:\Users\HP\Desktop\newderar\build\classes\kotlin\jvm\main;C:\Users\HP\Desktop\newderar\build\processedResources\jvm\main -javaagent:C:\Program Files\JetBrains\IntelliJ IDEA Community Edition 2021.3.2\lib\idea_rt.jar=53492:C:\Program Files\JetBrains\IntelliJ IDEA Community Edition 2021.3.2\bin -Dfile.encoding=UTF-8 MainKt

Host: Intel(R) Core(TM) i5-7300U CPU @ 2.60GHz, 4 cores, 15G,  Windows 10 , 64 bit Build 19041 (10.0.19041.3155)
Time: Sat Jul  8 17:30:57 2023 Libya Standard Time elapsed time: 34.044067 seconds (0d 0h 0m 34s)

---------------  T H R E A D  ---------------

Current thread (0x000001a8c7653e00):  JavaThread "AWT-EventQueue-0" [_thread_in_native, id=17280, stack(0x00000014ae600000,0x00000014ae700000)]

Stack: [0x00000014ae600000,0x00000014ae700000],  sp=0x00000014ae6fcb48,  free space=1010k
Native frames: (J=compiled Java code, j=interpreted, Vv=VM code, C=native code)
C  [ig9icd64.dll+0x9bebe3]

Java frames: (J=compiled Java code, j=interpreted, Vv=VM code)
J 4966  org.jetbrains.skia.DirectContextKt.DirectContext_nFlush(J)V (0 bytes) @ 0x000001a8af9abc69 [0x000001a8af9abc20+0x0000000000000049]
J 4963 c1 org.jetbrains.skiko.context.ContextHandler.flush()V (17 bytes) @ 0x000001a8a8647cdc [0x000001a8a8647b60+0x000000000000017c]
J 4994 c1 org.jetbrains.skiko.context.ContextHandler.draw()V (91 bytes) @ 0x000001a8a865a464 [0x000001a8a8659960+0x0000000000000b04]
J 4845 c1 org.jetbrains.skiko.redrawer.WindowsOpenGLRedrawer.draw()V (288 bytes) @ 0x000001a8a85fc2bc [0x000001a8a85fbba0+0x000000000000071c]
J 4696 c1 org.jetbrains.skiko.redrawer.WindowsOpenGLRedrawer$Companion$frameDispatcher$1.invokeSuspend(Ljava/lang/Object;)Ljava/lang/Object; (379 bytes) @ 0x000001a8a85912f4 [0x000001a8a858ff80+0x0000000000001374]
J 4844 c1 org.jetbrains.skiko.redrawer.WindowsOpenGLRedrawer$Companion$frameDispatcher$1.invoke(Ljava/lang/Object;)Ljava/lang/Object; (9 bytes) @ 0x000001a8a85fb304 [0x000001a8a85fada0+0x0000000000000564]
J 4685 c1 org.jetbrains.skiko.FrameDispatcher$job$1.invokeSuspend(Ljava/lang/Object;)Ljava/lang/Object; (156 bytes) @ 0x000001a8a8589dc4 [0x000001a8a8589420+0x00000000000009a4]
J 4881 c2 kotlin.coroutines.jvm.internal.BaseContinuationImpl.resumeWith(Ljava/lang/Object;)V (128 bytes) @ 0x000001a8af98bd74 [0x000001a8af98bd20+0x0000000000000054]
J 5730 c2 kotlinx.coroutines.DispatchedTask.run()V (571 bytes) @ 0x000001a8af78efa8 [0x000001a8af78ec20+0x0000000000000388]
J 5118 c2 java.awt.EventQueue.dispatchEvent(Ljava/awt/AWTEvent;)V java.desktop@17.0.7 (80 bytes) @ 0x000001a8af9fcf18 [0x000001a8af9fc8e0+0x0000000000000638]
J 5123 c2 java.awt.EventDispatchThread.pumpOneEventForFilters(I)V java.desktop@17.0.7 (113 bytes) @ 0x000001a8afa049ec [0x000001a8afa045c0+0x000000000000042c]
j  java.awt.EventDispatchThread.pumpEventsForFilter(ILjava/awt/Conditional;Ljava/awt/EventFilter;)V+35 java.desktop@17.0.7
j  java.awt.EventDispatchThread.pumpEventsForHierarchy(ILjava/awt/Conditional;Ljava/awt/Component;)V+11 java.desktop@17.0.7
j  java.awt.EventDispatchThread.pumpEvents(ILjava/awt/Conditional;)V+4 java.desktop@17.0.7
j  java.awt.EventDispatchThread.pumpEvents(Ljava/awt/Conditional;)V+3 java.desktop@17.0.7
j  java.awt.EventDispatchThread.run()V+9 java.desktop@17.0.7
v  ~StubRoutines::call_stub

siginfo: EXCEPTION_ACCESS_VIOLATION (0xc0000005), reading address 0xffffffffffffffff


Register to memory mapping:

RIP=0x00007ffe74e7ebe3 ig9icd64.dll
RAX=0x000000000fff0fff is an unknown value
RBX=0x00007ffe744c0000 ig9icd64.dll
RCX=0x000000033fcf3fcc is an unknown value
RDX=0x00000014ae6fd060 is pointing into the stack for thread: 0x000001a8c7653e00
RSP=0x00000014ae6fcb48 is pointing into the stack for thread: 0x000001a8c7653e00
RBP=0x00000014ae6fcc50 is pointing into the stack for thread: 0x000001a8c7653e00
RSI=0x000001a8c8c60f80 points into unknown readable memory: 0x000001a8c8405200 | 00 52 40 c8 a8 01 00 00
RDI=0x00000014ae6fce50 is pointing into the stack for thread: 0x000001a8c7653e00
R8 =0x00000014ae6fcc80 is pointing into the stack for thread: 0x000001a8c7653e00
R9 =0x00000014ae6fd060 is pointing into the stack for thread: 0x000001a8c7653e00
R10=0x00000014ae6fce50 is pointing into the stack for thread: 0x000001a8c7653e00
R11=0x0 is NULL
R12=0x00007ffe752f15e0 ig9icd64.dll
R13=0x0 is NULL
R14=0x0 is NULL
R15=0x00000000000001c1 is an unknown value


Registers:
RAX=0x000000000fff0fff, RBX=0x00007ffe744c0000, RCX=0x000000033fcf3fcc, RDX=0x00000014ae6fd060
RSP=0x00000014ae6fcb48, RBP=0x00000014ae6fcc50, RSI=0x000001a8c8c60f80, RDI=0x00000014ae6fce50
R8 =0x00000014ae6fcc80, R9 =0x00000014ae6fd060, R10=0x00000014ae6fce50, R11=0x0000000000000000
R12=0x00007ffe752f15e0, R13=0x0000000000000000, R14=0x0000000000000000, R15=0x00000000000001c1
RIP=0x00007ffe74e7ebe3, EFLAGS=0x0000000000010206

Top of Stack: (sp=0x00000014ae6fcb48)
0x00000014ae6fcb48:   00007ffe74e7c31b 0000000000000001
0x00000014ae6fcb58:   0000000000000000 000001a8d34ac900
0x00000014ae6fcb68:   00007ffeda002622 0000001400000065
0x00000014ae6fcb78:   00000014ae6fcd80 0000000000000000
0x00000014ae6fcb88:   000001a8c9beb170 0000000000000000
0x00000014ae6fcb98:   000001a8c9ba66c0 000001a8d34ac940
0x00000014ae6fcba8:   0000000000001100 0000000000000000
0x00000014ae6fcbb8:   0000000000000000 00000014ae6fcd30
0x00000014ae6fcbc8:   00007ffe74b179c0 0000000000000000
0x00000014ae6fcbd8:   0000000000000000 0000000000000000
0x00000014ae6fcbe8:   0000000000000000 0000a4313f0fc31b
0x00000014ae6fcbf8:   00007ffe744d6555 000001a8d34ac940
0x00000014ae6fcc08:   0000000000000001 0000000000000000
0x00000014ae6fcc18:   00007ffee9b7b86b 0000000001f50238
0x00000014ae6fcc28:   00000000000000db 000001a8c7199540
0x00000014ae6fcc38:   0000000000000000 0000000000000000 

Instructions: (pc=0x00007ffe74e7ebe3)
0x00007ffe74e7eae3:   c1 75 31 00 48 89 51 08 48 89 01 8b 44 24 28 89
0x00007ffe74e7eaf3:   41 20 8b 44 24 30 89 41 24 48 8b c1 4c 89 41 10
0x00007ffe74e7eb03:   4c 89 49 18 c3 cc cc cc cc cc cc cc cc 48 89 5c
0x00007ffe74e7eb13:   24 08 8b 41 5c 48 8d 1d e1 14 64 ff 41 89 40 08
0x00007ffe74e7eb23:   4c 8b d1 8b 41 60 45 33 db 41 89 40 0c 4c 8b ca
0x00007ffe74e7eb33:   8b 41 64 41 89 40 10 8b 41 68 41 89 40 14 8b 41
0x00007ffe74e7eb43:   6c 41 89 40 18 8b 41 70 41 89 40 1c 48 63 41 74
0x00007ffe74e7eb53:   48 6b c8 34 8b 84 19 44 d1 ee 00 41 89 40 20 8b
0x00007ffe74e7eb63:   84 19 48 d1 ee 00 41 89 40 24 8b 84 19 4c d1 ee
0x00007ffe74e7eb73:   00 41 89 40 28 8b 84 19 50 d1 ee 00 41 89 40 2c
0x00007ffe74e7eb83:   8b 84 19 34 d1 ee 00 41 89 40 30 8b 84 19 38 d1
0x00007ffe74e7eb93:   ee 00 41 89 40 34 8b 84 19 3c d1 ee 00 41 89 40
0x00007ffe74e7eba3:   38 8b 84 19 40 d1 ee 00 41 89 40 3c 8b 84 19 24
0x00007ffe74e7ebb3:   d1 ee 00 41 89 40 40 8b 84 19 28 d1 ee 00 41 89
0x00007ffe74e7ebc3:   40 44 8b 84 19 2c d1 ee 00 41 89 40 48 8b 84 19
0x00007ffe74e7ebd3:   30 d1 ee 00 41 89 40 4c 49 63 42 78 48 6b c8 34
0x00007ffe74e7ebe3:   8b 84 19 44 d1 ee 00 41 89 40 50 8b 84 19 48 d1
0x00007ffe74e7ebf3:   ee 00 41 89 40 54 8b 84 19 4c d1 ee 00 41 89 40
0x00007ffe74e7ec03:   58 8b 84 19 50 d1 ee 00 41 89 40 5c 8b 84 19 34
0x00007ffe74e7ec13:   d1 ee 00 41 89 40 60 8b 84 19 38 d1 ee 00 41 89
0x00007ffe74e7ec23:   40 64 8b 84 19 3c d1 ee 00 41 89 40 68 8b 84 19
0x00007ffe74e7ec33:   40 d1 ee 00 41 89 40 6c 8b 84 19 24 d1 ee 00 41
0x00007ffe74e7ec43:   89 40 70 8b 84 19 28 d1 ee 00 41 89 40 74 8b 84
0x00007ffe74e7ec53:   19 2c d1 ee 00 41 89 40 78 8b 84 19 30 d1 ee 00
0x00007ffe74e7ec63:   41 89 40 7c 48 8b 42 18 8b 88 38 0b 00 00 f6 c1
0x00007ffe74e7ec73:   08 0f 84 86 00 00 00 8b 80 3c 0b 00 00 41 89 80
0x00007ffe74e7ec83:   80 00 00 00 48 8b 42 18 8b 88 40 0b 00 00 41 89
0x00007ffe74e7ec93:   88 84 00 00 00 48 8b 42 18 8b 88 44 0b 00 00 41
0x00007ffe74e7eca3:   89 88 88 00 00 00 48 8b 42 18 8b 88 48 0b 00 00
0x00007ffe74e7ecb3:   41 89 88 8c 00 00 00 48 8b 42 18 8b 88 4c 0b 00
0x00007ffe74e7ecc3:   00 41 89 88 90 00 00 00 48 8b 42 18 8b 88 50 0b
0x00007ffe74e7ecd3:   00 00 41 89 88 94 00 00 00 48 8b 42 18 8b 88 54 


Stack slot to memory mapping:
stack at sp + 0 slots: 0x00007ffe74e7c31b ig9icd64.dll
stack at sp + 1 slots: 0x0000000000000001 is an unknown value
stack at sp + 2 slots: 0x0 is NULL
stack at sp + 3 slots: 0x000001a8d34ac900 points into unknown readable memory: 0x0000000000000000 | 00 00 00 00 00 00 00 00
stack at sp + 4 slots: 0x00007ffeda002622 igdgmm64.dll
stack at sp + 5 slots: 0x0000001400000065 is an unknown value
stack at sp + 6 slots: 0x00000014ae6fcd80 is pointing into the stack for thread: 0x000001a8c7653e00
stack at sp + 7 slots: 0x0 is NULL


---------------  P R O C E S S  ---------------

Threads class SMR info:
_java_thread_list=0x000001a8c8a7a460, length=28, elements={
0x000001a89e9c7c60, 0x000001a8c2fa7be0, 0x000001a8c2fa8a50, 0x000001a8c2fbb430,
0x000001a8c2fbfff0, 0x000001a8c2fc2ab0, 0x000001a8c2fc3460, 0x000001a8c2fc41f0,
0x000001a8c71280e0, 0x000001a8c71628f0, 0x000001a8c2f91f30, 0x000001a8c7652ac0,
0x000001a8c76547a0, 0x000001a8c7653930, 0x000001a8c7655ae0, 0x000001a8c7653e00,
0x000001a8c7652f90, 0x000001a8c7655610, 0x000001a8c7653460, 0x000001a8c76542d0,
0x000001a8c7654c70, 0x000001a8c8293f60, 0x000001a8c82935c0, 0x000001a8c82930f0,
0x000001a8c8295770, 0x000001a8c8296ab0, 0x000001a8c8297450, 0x000001a8c801e0f0
}

Java Threads: ( => current thread )
  0x000001a89e9c7c60 JavaThread "main" [_thread_blocked, id=14132, stack(0x00000014acb00000,0x00000014acc00000)]
  0x000001a8c2fa7be0 JavaThread "Reference Handler" daemon [_thread_blocked, id=1980, stack(0x00000014ad200000,0x00000014ad300000)]
  0x000001a8c2fa8a50 JavaThread "Finalizer" daemon [_thread_blocked, id=17992, stack(0x00000014ad300000,0x00000014ad400000)]
  0x000001a8c2fbb430 JavaThread "Signal Dispatcher" daemon [_thread_blocked, id=4792, stack(0x00000014ad400000,0x00000014ad500000)]
  0x000001a8c2fbfff0 JavaThread "Attach Listener" daemon [_thread_blocked, id=16476, stack(0x00000014ad500000,0x00000014ad600000)]
  0x000001a8c2fc2ab0 JavaThread "Service Thread" daemon [_thread_blocked, id=9544, stack(0x00000014ad600000,0x00000014ad700000)]
  0x000001a8c2fc3460 JavaThread "Monitor Deflation Thread" daemon [_thread_blocked, id=11396, stack(0x00000014ad700000,0x00000014ad800000)]
  0x000001a8c2fc41f0 JavaThread "C2 CompilerThread0" daemon [_thread_in_native, id=17188, stack(0x00000014ad800000,0x00000014ad900000)]
  0x000001a8c71280e0 JavaThread "C1 CompilerThread0" daemon [_thread_blocked, id=10724, stack(0x00000014ad900000,0x00000014ada00000)]
  0x000001a8c71628f0 JavaThread "Sweeper thread" daemon [_thread_blocked, id=13968, stack(0x00000014ada00000,0x00000014adb00000)]
  0x000001a8c2f91f30 JavaThread "Common-Cleaner" daemon [_thread_blocked, id=7828, stack(0x00000014adb00000,0x00000014adc00000)]
  0x000001a8c7652ac0 JavaThread "Monitor Ctrl-Break" daemon [_thread_in_native, id=17784, stack(0x00000014add00000,0x00000014ade00000)]
  0x000001a8c76547a0 JavaThread "Notification Thread" daemon [_thread_blocked, id=19320, stack(0x00000014ade00000,0x00000014adf00000)]
  0x000001a8c7653930 JavaThread "Java2D Disposer" daemon [_thread_blocked, id=17476, stack(0x00000014ae300000,0x00000014ae400000)]
  0x000001a8c7655ae0 JavaThread "AWT-Shutdown" [_thread_blocked, id=6324, stack(0x00000014ae400000,0x00000014ae500000)]
=>0x000001a8c7653e00 JavaThread "AWT-EventQueue-0" [_thread_in_native, id=17280, stack(0x00000014ae600000,0x00000014ae700000)]
  0x000001a8c7652f90 JavaThread "Reference Cleaner" daemon [_thread_blocked, id=16540, stack(0x00000014ae700000,0x00000014ae800000)]
  0x000001a8c7655610 JavaThread "DefaultDispatcher-worker-1" daemon [_thread_blocked, id=16800, stack(0x00000014ae800000,0x00000014ae900000)]
  0x000001a8c7653460 JavaThread "DefaultDispatcher-worker-2" daemon [_thread_blocked, id=13676, stack(0x00000014ae900000,0x00000014aea00000)]
  0x000001a8c76542d0 JavaThread "DefaultDispatcher-worker-3" daemon [_thread_blocked, id=6784, stack(0x00000014aea00000,0x00000014aeb00000)]
  0x000001a8c7654c70 JavaThread "kotlinx.coroutines.DefaultExecutor" daemon [_thread_blocked, id=11904, stack(0x00000014aeb00000,0x00000014aec00000)]
  0x000001a8c8293f60 JavaThread "TimerQueue" daemon [_thread_blocked, id=5076, stack(0x00000014aee00000,0x00000014aef00000)]
  0x000001a8c82935c0 JavaThread "RealmFinalizingDaemon" daemon [_thread_blocked, id=18360, stack(0x00000014af100000,0x00000014af200000)]
  0x000001a8c82930f0 JavaThread "core-notifier" daemon [_thread_in_native, id=11496, stack(0x00000014af300000,0x00000014af400000)]
  0x000001a8c8295770 JavaThread "DefaultDispatcher-worker-4" daemon [_thread_blocked, id=7440, stack(0x00000014aef00000,0x00000014af000000)]
  0x000001a8c8296ab0 JavaThread "DefaultDispatcher-worker-5" daemon [_thread_blocked, id=3340, stack(0x00000014af500000,0x00000014af600000)]
  0x000001a8c8297450 JavaThread "DefaultDispatcher-worker-6" daemon [_thread_blocked, id=2684, stack(0x00000014af600000,0x00000014af700000)]
  0x000001a8c801e0f0 JavaThread "SIGINT handler" daemon [_thread_blocked, id=15464, stack(0x00000014af900000,0x00000014afa00000)]

Other Threads:
  0x000001a8c2fa2310 VMThread "VM Thread" [stack: 0x00000014ad100000,0x00000014ad200000] [id=17672]
  0x000001a89e9c8c10 WatcherThread [stack: 0x00000014adf00000,0x00000014ae000000] [id=10484]
  0x000001a89ea31df0 GCTaskThread "GC Thread#0" [stack: 0x00000014acc00000,0x00000014acd00000] [id=18304]
  0x000001a8c772ebf0 GCTaskThread "GC Thread#1" [stack: 0x00000014ae000000,0x00000014ae100000] [id=18348]
  0x000001a8c7775ea0 GCTaskThread "GC Thread#2" [stack: 0x00000014ae100000,0x00000014ae200000] [id=12528]
  0x000001a8c772e1b0 GCTaskThread "GC Thread#3" [stack: 0x00000014ae200000,0x00000014ae300000] [id=18524]
  0x000001a89ea42ac0 ConcurrentGCThread "G1 Main Marker" [stack: 0x00000014acd00000,0x00000014ace00000] [id=8936]
  0x000001a89ea434d0 ConcurrentGCThread "G1 Conc#0" [stack: 0x00000014ace00000,0x00000014acf00000] [id=16872]
  0x000001a89ea7da50 ConcurrentGCThread "G1 Refine#0" [stack: 0x00000014acf00000,0x00000014ad000000] [id=7588]
  0x000001a89ea7e470 ConcurrentGCThread "G1 Service" [stack: 0x00000014ad000000,0x00000014ad100000] [id=2640]

Threads with active compile tasks:
C2 CompilerThread0    34723 6007       4       features.courses.presentation.courses.component.PaginationTableKt$PaginatedTable$2$3$invoke$$inlined$items$default$4::invoke (2763 bytes)

VM state: not at safepoint (normal execution)

VM Mutex/Monitor currently owned by a thread: None

Heap address: 0x0000000702600000, size: 4058 MB, Compressed Oops mode: Zero based, Oop shift amount: 3

CDS archive(s) mapped at: [0x0000000800000000-0x0000000800bc0000-0x0000000800bc0000), size 12320768, SharedBaseAddress: 0x0000000800000000, ArchiveRelocationMode: 0.
Compressed class space mapped at: 0x0000000801000000-0x0000000841000000, reserved size: 1073741824
Narrow klass base: 0x0000000800000000, Narrow klass shift: 0, Narrow klass range: 0x100000000

GC Precious Log:
 CPUs: 4 total, 4 available
 Memory: 16224M
 Large Page Support: Disabled
 NUMA Support: Disabled
 Compressed Oops: Enabled (Zero based)
 Heap Region Size: 2M
 Heap Min Capacity: 8M
 Heap Initial Capacity: 254M
 Heap Max Capacity: 4058M
 Pre-touch: Disabled
 Parallel Workers: 4
 Concurrent Workers: 1
 Concurrent Refinement Workers: 4
 Periodic GC: Disabled

Heap:
 garbage-first heap   total 90112K, used 28255K [0x0000000702600000, 0x0000000800000000)
  region size 2048K, 3 young (6144K), 0 survivors (0K)
 Metaspace       used 34900K, committed 35136K, reserved 1114112K
  class space    used 3749K, committed 3840K, reserved 1048576K

Heap Regions: E=young(eden), S=young(survivor), O=old, HS=humongous(starts), HC=humongous(continues), CS=collection set, F=free, OA=open archive, CA=closed archive, TAMS=top-at-mark-start (previous, next)
|   0|0x0000000702600000, 0x0000000702800000, 0x0000000702800000|100%|HS|  |TAMS 0x0000000702800000, 0x0000000702600000| Untracked 
|   1|0x0000000702800000, 0x00000007029ffff0, 0x0000000702a00000| 99%| O|  |TAMS 0x0000000702800000, 0x0000000702800000| Untracked 
|   2|0x0000000702a00000, 0x0000000702bfffe0, 0x0000000702c00000| 99%| O|  |TAMS 0x0000000702a00000, 0x0000000702a00000| Untracked 
|   3|0x0000000702c00000, 0x0000000702dfb908, 0x0000000702e00000| 99%| O|  |TAMS 0x0000000702c00000, 0x0000000702c00000| Untracked 
|   4|0x0000000702e00000, 0x0000000703000000, 0x0000000703000000|100%| O|  |TAMS 0x0000000702e00000, 0x0000000702e00000| Untracked 
|   5|0x0000000703000000, 0x0000000703037df8, 0x0000000703200000| 10%| O|  |TAMS 0x0000000703000000, 0x0000000703000000| Untracked 
|   6|0x0000000703200000, 0x0000000703200000, 0x0000000703400000|  0%| F|  |TAMS 0x0000000703200000, 0x0000000703200000| Untracked 
|   7|0x0000000703400000, 0x0000000703400000, 0x0000000703600000|  0%| F|  |TAMS 0x0000000703400000, 0x0000000703400000| Untracked 
|   8|0x0000000703600000, 0x0000000703600000, 0x0000000703800000|  0%| F|  |TAMS 0x0000000703600000, 0x0000000703600000| Untracked 
|   9|0x0000000703800000, 0x0000000703800000, 0x0000000703a00000|  0%| F|  |TAMS 0x0000000703800000, 0x0000000703800000| Untracked 
|  10|0x0000000703a00000, 0x0000000703c00000, 0x0000000703c00000|100%| O|  |TAMS 0x0000000703c00000, 0x0000000703a00000| Untracked 
|  11|0x0000000703c00000, 0x0000000703df0840, 0x0000000703e00000| 96%| O|  |TAMS 0x0000000703c00000, 0x0000000703c00000| Untracked 
|  12|0x0000000703e00000, 0x0000000703e00000, 0x0000000704000000|  0%| F|  |TAMS 0x0000000703e00000, 0x0000000703e00000| Untracked 
|  13|0x0000000704000000, 0x0000000704200000, 0x0000000704200000|100%|HS|  |TAMS 0x0000000704200000, 0x0000000704000000| Untracked 
|  14|0x0000000704200000, 0x0000000704400000, 0x0000000704400000|100%|HC|  |TAMS 0x0000000704400000, 0x0000000704200000| Untracked 
|  15|0x0000000704400000, 0x0000000704600000, 0x0000000704600000|100%|HC|  |TAMS 0x0000000704600000, 0x0000000704400000| Untracked 
|  16|0x0000000704600000, 0x0000000704800000, 0x0000000704800000|100%|HC|  |TAMS 0x0000000704800000, 0x0000000704600000| Untracked 
|  17|0x0000000704800000, 0x0000000704973d30, 0x0000000704a00000| 72%| O|  |TAMS 0x0000000704800000, 0x0000000704800000| Untracked 
|  18|0x0000000704a00000, 0x0000000704a00000, 0x0000000704c00000|  0%| F|  |TAMS 0x0000000704a00000, 0x0000000704a00000| Untracked 
|  19|0x0000000704c00000, 0x0000000704c00000, 0x0000000704e00000|  0%| F|  |TAMS 0x0000000704c00000, 0x0000000704c00000| Untracked 
|  20|0x0000000704e00000, 0x0000000704e00000, 0x0000000705000000|  0%| F|  |TAMS 0x0000000704e00000, 0x0000000704e00000| Untracked 
|  21|0x0000000705000000, 0x0000000705000000, 0x0000000705200000|  0%| F|  |TAMS 0x0000000705000000, 0x0000000705000000| Untracked 
|  22|0x0000000705200000, 0x0000000705200000, 0x0000000705400000|  0%| F|  |TAMS 0x0000000705200000, 0x0000000705200000| Untracked 
|  23|0x0000000705400000, 0x0000000705400000, 0x0000000705600000|  0%| F|  |TAMS 0x0000000705400000, 0x0000000705400000| Untracked 
|  24|0x0000000705600000, 0x0000000705600000, 0x0000000705800000|  0%| F|  |TAMS 0x0000000705600000, 0x0000000705600000| Untracked 
|  25|0x0000000705800000, 0x0000000705800000, 0x0000000705a00000|  0%| F|  |TAMS 0x0000000705800000, 0x0000000705800000| Untracked 
|  26|0x0000000705a00000, 0x0000000705a00000, 0x0000000705c00000|  0%| F|  |TAMS 0x0000000705a00000, 0x0000000705a00000| Untracked 
|  27|0x0000000705c00000, 0x0000000705c00000, 0x0000000705e00000|  0%| F|  |TAMS 0x0000000705c00000, 0x0000000705c00000| Untracked 
|  28|0x0000000705e00000, 0x0000000705e00000, 0x0000000706000000|  0%| F|  |TAMS 0x0000000705e00000, 0x0000000705e00000| Untracked 
|  29|0x0000000706000000, 0x0000000706000000, 0x0000000706200000|  0%| F|  |TAMS 0x0000000706000000, 0x0000000706000000| Untracked 
|  30|0x0000000706200000, 0x0000000706200000, 0x0000000706400000|  0%| F|  |TAMS 0x0000000706200000, 0x0000000706200000| Untracked 
|  31|0x0000000706400000, 0x0000000706400000, 0x0000000706600000|  0%| F|  |TAMS 0x0000000706400000, 0x0000000706400000| Untracked 
|  32|0x0000000706600000, 0x0000000706600000, 0x0000000706800000|  0%| F|  |TAMS 0x0000000706600000, 0x0000000706600000| Untracked 
|  33|0x0000000706800000, 0x0000000706800000, 0x0000000706a00000|  0%| F|  |TAMS 0x0000000706800000, 0x0000000706800000| Untracked 
|  34|0x0000000706a00000, 0x0000000706a00000, 0x0000000706c00000|  0%| F|  |TAMS 0x0000000706a00000, 0x0000000706a00000| Untracked 
|  35|0x0000000706c00000, 0x0000000706c00000, 0x0000000706e00000|  0%| F|  |TAMS 0x0000000706c00000, 0x0000000706c00000| Untracked 
|  36|0x0000000706e00000, 0x0000000706e00000, 0x0000000707000000|  0%| F|  |TAMS 0x0000000706e00000, 0x0000000706e00000| Untracked 
|  37|0x0000000707000000, 0x0000000707000000, 0x0000000707200000|  0%| F|  |TAMS 0x0000000707000000, 0x0000000707000000| Untracked 
|  38|0x0000000707200000, 0x0000000707200000, 0x0000000707400000|  0%| F|  |TAMS 0x0000000707200000, 0x0000000707200000| Untracked 
|  39|0x0000000707400000, 0x0000000707400000, 0x0000000707600000|  0%| F|  |TAMS 0x0000000707400000, 0x0000000707400000| Untracked 
|  40|0x0000000707600000, 0x0000000707600000, 0x0000000707800000|  0%| F|  |TAMS 0x0000000707600000, 0x0000000707600000| Untracked 
|  41|0x0000000707800000, 0x00000007078c3dd8, 0x0000000707a00000| 38%| E|  |TAMS 0x0000000707800000, 0x0000000707800000| Complete 
|  42|0x0000000707a00000, 0x0000000707c00000, 0x0000000707c00000|100%| E|CS|TAMS 0x0000000707a00000, 0x0000000707a00000| Complete 
|  43|0x0000000707c00000, 0x0000000707e00000, 0x0000000707e00000|100%| E|CS|TAMS 0x0000000707c00000, 0x0000000707c00000| Complete 

Card table byte_map: [0x000001a8b7a80000,0x000001a8b8270000] _byte_map_base: 0x000001a8b426d000

Marking Bits (Prev, Next): (CMBitMap*) 0x000001a89ea32400, (CMBitMap*) 0x000001a89ea32440
 Prev Bits: [0x000001a8b8a60000, 0x000001a8bc9c8000)
 Next Bits: [0x000001a8bc9d0000, 0x000001a8c0938000)

Polling page: 0x000001a89e770000

Metaspace:

Usage:
  Non-class:     30.42 MB used.
      Class:      3.66 MB used.
       Both:     34.08 MB used.

Virtual space:
  Non-class space:       64.00 MB reserved,      30.56 MB ( 48%) committed,  1 nodes.
      Class space:        1.00 GB reserved,       3.75 MB ( <1%) committed,  1 nodes.
             Both:        1.06 GB reserved,      34.31 MB (  3%) committed. 

Chunk freelists:
   Non-Class:  1.03 MB
       Class:  12.27 MB
        Both:  13.30 MB

MaxMetaspaceSize: unlimited
CompressedClassSpaceSize: 1.00 GB
Initial GC threshold: 21.00 MB
Current GC threshold: 57.00 MB
CDS: on
MetaspaceReclaimPolicy: balanced
 - commit_granule_bytes: 65536.
 - commit_granule_words: 8192.
 - virtual_space_node_default_size: 8388608.
 - enlarge_chunks_in_place: 1.
 - new_chunks_are_fully_committed: 0.
 - uncommit_free_chunks: 1.
 - use_allocation_guard: 0.
 - handle_deallocations: 1.


Internal statistics:

num_allocs_failed_limit: 3.
num_arena_births: 160.
num_arena_deaths: 0.
num_vsnodes_births: 2.
num_vsnodes_deaths: 0.
num_space_committed: 549.
num_space_uncommitted: 0.
num_chunks_returned_to_freelist: 3.
num_chunks_taken_from_freelist: 1084.
num_chunk_merges: 3.
num_chunk_splits: 931.
num_chunks_enlarged: 850.
num_inconsistent_stats: 0.

CodeHeap 'non-profiled nmethods': size=120000Kb used=3351Kb max_used=3351Kb free=116648Kb
 bounds [0x000001a8af740000, 0x000001a8afa90000, 0x000001a8b6c70000]
CodeHeap 'profiled nmethods': size=120000Kb used=10175Kb max_used=10674Kb free=109824Kb
 bounds [0x000001a8a7c70000, 0x000001a8a8730000, 0x000001a8af1a0000]
CodeHeap 'non-nmethods': size=5760Kb used=1869Kb max_used=1938Kb free=3890Kb
 bounds [0x000001a8af1a0000, 0x000001a8af410000, 0x000001a8af740000]
 total_blobs=6590 nmethods=5247 adapters=1255
 compilation: enabled
              stopped_count=0, restarted_count=0
 full_count=0

Compilation events (20 events):
Event: 33.756 Thread 0x000001a8c2fc41f0 nmethod 6005 0x000001a8afa84f10 code [0x000001a8afa850a0, 0x000001a8afa85178]
Event: 33.789 Thread 0x000001a8c2fc41f0 6006       4       androidx.compose.runtime.ComposerImpl::useNode (85 bytes)
Event: 33.795 Thread 0x000001a8c2fc41f0 nmethod 6006 0x000001a8afa85290 code [0x000001a8afa85440, 0x000001a8afa85868]
Event: 33.956 Thread 0x000001a8c2fc41f0 6007       4       features.courses.presentation.courses.component.PaginationTableKt$PaginatedTable$2$3$invoke$$inlined$items$default$4::invoke (2763 bytes)
Event: 33.994 Thread 0x000001a8c71280e0 6008       3       java.util.IdentityHashMap$IdentityHashMapIterator::nextIndex (72 bytes)
Event: 33.995 Thread 0x000001a8c71280e0 nmethod 6008 0x000001a8a8022c90 code [0x000001a8a8022e60, 0x000001a8a80232a8]
Event: 34.000 Thread 0x000001a8c71280e0 6009   !   3       kotlinx.coroutines.JobSupport::notifyCompletion (200 bytes)
Event: 34.002 Thread 0x000001a8c71280e0 nmethod 6009 0x000001a8a805b610 code [0x000001a8a805b980, 0x000001a8a805d028]
Event: 34.002 Thread 0x000001a8c71280e0 6010       3       java.util.concurrent.locks.AbstractQueuedSynchronizer$ConditionObject::signal (34 bytes)
Event: 34.002 Thread 0x000001a8c71280e0 nmethod 6010 0x000001a8a8022610 code [0x000001a8a80227e0, 0x000001a8a8022b48]
Event: 34.006 Thread 0x000001a8c71280e0 6011       3       jdk.internal.org.objectweb.asm.Frame::getInputStackSize (6 bytes)
Event: 34.006 Thread 0x000001a8c71280e0 nmethod 6011 0x000001a8a8022290 code [0x000001a8a8022420, 0x000001a8a8022538]
Event: 34.007 Thread 0x000001a8c71280e0 6012       3       jdk.internal.org.objectweb.asm.Frame::accept (264 bytes)
Event: 34.007 Thread 0x000001a8c71280e0 nmethod 6012 0x000001a8a8021110 code [0x000001a8a8021340, 0x000001a8a8021c78]
Event: 34.007 Thread 0x000001a8c71280e0 6013       3       jdk.internal.org.objectweb.asm.MethodWriter::visitFrameEnd (53 bytes)
Event: 34.008 Thread 0x000001a8c71280e0 nmethod 6013 0x000001a8a80cc290 code [0x000001a8a80cc460, 0x000001a8a80cc968]
Event: 34.008 Thread 0x000001a8c71280e0 6014       3       java.lang.PublicMethods$Key::matches (31 bytes)
Event: 34.009 Thread 0x000001a8c71280e0 nmethod 6014 0x000001a8a80cbb90 code [0x000001a8a80cbd60, 0x000001a8a80cc0d8]
Event: 34.009 Thread 0x000001a8c71280e0 6015       3       java.util.Collections$EmptyMap::entrySet (4 bytes)
Event: 34.010 Thread 0x000001a8c71280e0 nmethod 6015 0x000001a8a80cb790 code [0x000001a8a80cb920, 0x000001a8a80cba98]

GC Heap History (20 events):
Event: 1.206 GC heap before
{Heap before GC invocations=1 (full 0):
 garbage-first heap   total 260096K, used 15468K [0x0000000702600000, 0x0000000800000000)
  region size 2048K, 6 young (12288K), 1 survivors (2048K)
 Metaspace       used 5765K, committed 5888K, reserved 1114112K
  class space    used 464K, committed 512K, reserved 1048576K
}
Event: 1.208 GC heap after
{Heap after GC invocations=2 (full 0):
 garbage-first heap   total 260096K, used 8143K [0x0000000702600000, 0x0000000800000000)
  region size 2048K, 1 young (2048K), 1 survivors (2048K)
 Metaspace       used 5765K, committed 5888K, reserved 1114112K
  class space    used 464K, committed 512K, reserved 1048576K
}
Event: 3.184 GC heap before
{Heap before GC invocations=2 (full 0):
 garbage-first heap   total 260096K, used 34767K [0x0000000702600000, 0x0000000800000000)
  region size 2048K, 14 young (28672K), 1 survivors (2048K)
 Metaspace       used 14207K, committed 14400K, reserved 1114112K
  class space    used 1457K, committed 1536K, reserved 1048576K
}
Event: 3.188 GC heap after
{Heap after GC invocations=3 (full 0):
 garbage-first heap   total 260096K, used 9897K [0x0000000702600000, 0x0000000800000000)
  region size 2048K, 2 young (4096K), 2 survivors (4096K)
 Metaspace       used 14207K, committed 14400K, reserved 1114112K
  class space    used 1457K, committed 1536K, reserved 1048576K
}
Event: 4.712 GC heap before
{Heap before GC invocations=3 (full 0):
 garbage-first heap   total 260096K, used 44713K [0x0000000702600000, 0x0000000800000000)
  region size 2048K, 20 young (40960K), 2 survivors (4096K)
 Metaspace       used 21339K, committed 21504K, reserved 1114112K
  class space    used 2280K, committed 2368K, reserved 1048576K
}
Event: 4.717 GC heap after
{Heap after GC invocations=4 (full 0):
 garbage-first heap   total 260096K, used 11313K [0x0000000702600000, 0x0000000800000000)
  region size 2048K, 2 young (4096K), 2 survivors (4096K)
 Metaspace       used 21339K, committed 21504K, reserved 1114112K
  class space    used 2280K, committed 2368K, reserved 1048576K
}
Event: 7.642 GC heap before
{Heap before GC invocations=5 (full 0):
 garbage-first heap   total 49152K, used 37937K [0x0000000702600000, 0x0000000800000000)
  region size 2048K, 10 young (20480K), 2 survivors (4096K)
 Metaspace       used 24029K, committed 24192K, reserved 1114112K
  class space    used 2579K, committed 2688K, reserved 1048576K
}
Event: 7.648 GC heap after
{Heap after GC invocations=6 (full 0):
 garbage-first heap   total 49152K, used 24113K [0x0000000702600000, 0x0000000800000000)
  region size 2048K, 1 young (2048K), 1 survivors (2048K)
 Metaspace       used 24029K, committed 24192K, reserved 1114112K
  class space    used 2579K, committed 2688K, reserved 1048576K
}
Event: 7.677 GC heap before
{Heap before GC invocations=6 (full 0):
 garbage-first heap   total 49152K, used 26161K [0x0000000702600000, 0x0000000800000000)
  region size 2048K, 2 young (4096K), 1 survivors (2048K)
 Metaspace       used 24402K, committed 24576K, reserved 1114112K
  class space    used 2629K, committed 2752K, reserved 1048576K
}
Event: 7.681 GC heap after
{Heap after GC invocations=7 (full 0):
 garbage-first heap   total 49152K, used 18115K [0x0000000702600000, 0x0000000800000000)
  region size 2048K, 1 young (2048K), 1 survivors (2048K)
 Metaspace       used 24402K, committed 24576K, reserved 1114112K
  class space    used 2629K, committed 2752K, reserved 1048576K
}
Event: 8.028 GC heap before
{Heap before GC invocations=7 (full 0):
 garbage-first heap   total 49152K, used 32451K [0x0000000702600000, 0x0000000800000000)
  region size 2048K, 8 young (16384K), 1 survivors (2048K)
 Metaspace       used 26851K, committed 27008K, reserved 1114112K
  class space    used 2939K, committed 3008K, reserved 1048576K
}
Event: 8.031 GC heap after
{Heap after GC invocations=8 (full 0):
 garbage-first heap   total 49152K, used 19048K [0x0000000702600000, 0x0000000800000000)
  region size 2048K, 1 young (2048K), 1 survivors (2048K)
 Metaspace       used 26851K, committed 27008K, reserved 1114112K
  class space    used 2939K, committed 3008K, reserved 1048576K
}
Event: 8.500 GC heap before
{Heap before GC invocations=8 (full 0):
 garbage-first heap   total 49152K, used 33384K [0x0000000702600000, 0x0000000800000000)
  region size 2048K, 8 young (16384K), 1 survivors (2048K)
 Metaspace       used 29818K, committed 30016K, reserved 1114112K
  class space    used 3300K, committed 3392K, reserved 1048576K
}
Event: 8.504 GC heap after
{Heap after GC invocations=9 (full 0):
 garbage-first heap   total 49152K, used 20394K [0x0000000702600000, 0x0000000800000000)
  region size 2048K, 1 young (2048K), 1 survivors (2048K)
 Metaspace       used 29818K, committed 30016K, reserved 1114112K
  class space    used 3300K, committed 3392K, reserved 1048576K
}
Event: 8.702 GC heap before
{Heap before GC invocations=9 (full 0):
 garbage-first heap   total 49152K, used 30634K [0x0000000702600000, 0x0000000800000000)
  region size 2048K, 7 young (14336K), 1 survivors (2048K)
 Metaspace       used 31928K, committed 32128K, reserved 1114112K
  class space    used 3542K, committed 3648K, reserved 1048576K
}
Event: 8.705 GC heap after
{Heap after GC invocations=10 (full 0):
 garbage-first heap   total 49152K, used 21039K [0x0000000702600000, 0x0000000800000000)
  region size 2048K, 1 young (2048K), 1 survivors (2048K)
 Metaspace       used 31928K, committed 32128K, reserved 1114112K
  class space    used 3542K, committed 3648K, reserved 1048576K
}
Event: 8.966 GC heap before
{Heap before GC invocations=10 (full 0):
 garbage-first heap   total 49152K, used 27183K [0x0000000702600000, 0x0000000800000000)
  region size 2048K, 5 young (10240K), 1 survivors (2048K)
 Metaspace       used 33153K, committed 33344K, reserved 1114112K
  class space    used 3693K, committed 3776K, reserved 1048576K
}
Event: 8.968 GC heap after
{Heap after GC invocations=11 (full 0):
 garbage-first heap   total 155648K, used 21539K [0x0000000702600000, 0x0000000800000000)
  region size 2048K, 1 young (2048K), 1 survivors (2048K)
 Metaspace       used 33153K, committed 33344K, reserved 1114112K
  class space    used 3693K, committed 3776K, reserved 1048576K
}
Event: 32.480 GC heap before
{Heap before GC invocations=11 (full 0):
 garbage-first heap   total 155648K, used 87075K [0x0000000702600000, 0x0000000800000000)
  region size 2048K, 30 young (61440K), 1 survivors (2048K)
 Metaspace       used 34806K, committed 35008K, reserved 1114112K
  class space    used 3734K, committed 3840K, reserved 1048576K
}
Event: 32.523 GC heap after
{Heap after GC invocations=12 (full 1):
 garbage-first heap   total 90112K, used 24159K [0x0000000702600000, 0x0000000800000000)
  region size 2048K, 0 young (0K), 0 survivors (0K)
 Metaspace       used 34806K, committed 35008K, reserved 1114112K
  class space    used 3734K, committed 3840K, reserved 1048576K
}

Dll operation events (14 events):
Event: 0.020 Loaded shared library C:\Users\HP\.jdks\corretto-17.0.7\bin\java.dll
Event: 0.033 Loaded shared library C:\Users\HP\.jdks\corretto-17.0.7\bin\jsvml.dll
Event: 0.237 Loaded shared library C:\Users\HP\.jdks\corretto-17.0.7\bin\zip.dll
Event: 0.240 Loaded shared library C:\Users\HP\.jdks\corretto-17.0.7\bin\instrument.dll
Event: 0.247 Loaded shared library C:\Users\HP\.jdks\corretto-17.0.7\bin\net.dll
Event: 0.248 Loaded shared library C:\Users\HP\.jdks\corretto-17.0.7\bin\nio.dll
Event: 0.252 Loaded shared library C:\Users\HP\.jdks\corretto-17.0.7\bin\zip.dll
Event: 0.379 Loaded shared library C:\Program Files\JetBrains\IntelliJ IDEA Community Edition 2021.3.2\bin\breakgen64.dll
Event: 0.630 Loaded shared library C:\Users\HP\.jdks\corretto-17.0.7\bin\jimage.dll
Event: 0.634 Loaded shared library C:\Users\HP\.jdks\corretto-17.0.7\bin\awt.dll
Event: 2.222 Loaded shared library C:\Users\HP\.skiko\0de0d8dd8554d9bb66cfca3837db6514ff9b71080e998917280a3b777460a416\skiko-windows-x64.dll
Event: 3.121 Loaded shared library C:\Users\HP\.jdks\corretto-17.0.7\bin\freetype.dll
Event: 3.123 Loaded shared library C:\Users\HP\.jdks\corretto-17.0.7\bin\fontmanager.dll
Event: 8.384 Loaded shared library C:\Users\HP\AppData\Local\io-realm-kotlin\f7113120ba00ba1ff91d696eecd3919e85a4e34e\realmc.dll

Deoptimization events (20 events):
Event: 27.587 Thread 0x000001a8c7653e00 Uncommon trap: trap_request=0xffffffde fr.pc=0x000001a8af9ffe00 relative=0x0000000000000a60
Event: 27.587 Thread 0x000001a8c7653e00 Uncommon trap: reason=class_check action=maybe_recompile pc=0x000001a8af9ffe00 method=java.awt.EventQueue.dispatchEventImpl(Ljava/awt/AWTEvent;Ljava/lang/Object;)V @ 18 c2
Event: 27.587 Thread 0x000001a8c7653e00 DEOPT PACKING pc=0x000001a8af9ffe00 sp=0x00000014ae6ff240
Event: 27.587 Thread 0x000001a8c7653e00 DEOPT UNPACKING pc=0x000001a8af1f69a3 sp=0x00000014ae6ff1b8 mode 2
Event: 27.587 Thread 0x000001a8c7653e00 Uncommon trap: trap_request=0xffffff45 fr.pc=0x000001a8af7daea4 relative=0x0000000000000084
Event: 27.587 Thread 0x000001a8c7653e00 Uncommon trap: reason=unstable_if action=reinterpret pc=0x000001a8af7daea4 method=java.util.AbstractCollection.isEmpty()Z @ 4 c2
Event: 27.587 Thread 0x000001a8c7653e00 DEOPT PACKING pc=0x000001a8af7daea4 sp=0x00000014ae6feb50
Event: 27.588 Thread 0x000001a8c7653e00 DEOPT UNPACKING pc=0x000001a8af1f69a3 sp=0x00000014ae6feae0 mode 2
Event: 27.622 Thread 0x000001a8c7653e00 Uncommon trap: trap_request=0xffffffde fr.pc=0x000001a8af9fdca4 relative=0x00000000000013c4
Event: 27.622 Thread 0x000001a8c7653e00 Uncommon trap: reason=class_check action=maybe_recompile pc=0x000001a8af9fdca4 method=java.awt.EventQueue.dispatchEventImpl(Ljava/awt/AWTEvent;Ljava/lang/Object;)V @ 18 c2
Event: 27.623 Thread 0x000001a8c7653e00 DEOPT PACKING pc=0x000001a8af9fdca4 sp=0x00000014ae6ff400
Event: 27.623 Thread 0x000001a8c7653e00 DEOPT UNPACKING pc=0x000001a8af1f69a3 sp=0x00000014ae6ff128 mode 2
Event: 27.623 Thread 0x000001a8c7653e00 Uncommon trap: trap_request=0xffffffde fr.pc=0x000001a8af9fdca4 relative=0x00000000000013c4
Event: 27.623 Thread 0x000001a8c7653e00 Uncommon trap: reason=class_check action=maybe_recompile pc=0x000001a8af9fdca4 method=java.awt.EventQueue.dispatchEventImpl(Ljava/awt/AWTEvent;Ljava/lang/Object;)V @ 18 c2
Event: 27.623 Thread 0x000001a8c7653e00 DEOPT PACKING pc=0x000001a8af9fdca4 sp=0x00000014ae6ff400
Event: 27.623 Thread 0x000001a8c7653e00 DEOPT UNPACKING pc=0x000001a8af1f69a3 sp=0x00000014ae6ff128 mode 2
Event: 34.007 Thread 0x000001a8c801ea90 Uncommon trap: trap_request=0xffffff45 fr.pc=0x000001a8af87424c relative=0x000000000000106c
Event: 34.007 Thread 0x000001a8c801ea90 Uncommon trap: reason=unstable_if action=reinterpret pc=0x000001a8af87424c method=jdk.internal.org.objectweb.asm.SymbolTable.put(Ljdk/internal/org/objectweb/asm/SymbolTable$Entry;)Ljdk/internal/org/objectweb/asm/SymbolTable$Entry; @ 13 c2
Event: 34.007 Thread 0x000001a8c801ea90 DEOPT PACKING pc=0x000001a8af87424c sp=0x00000014afafd4c0
Event: 34.007 Thread 0x000001a8c801ea90 DEOPT UNPACKING pc=0x000001a8af1f69a3 sp=0x00000014afafd418 mode 2

Classes unloaded (0 events):
No events

Classes redefined (0 events):
No events

Internal exceptions (20 events):
Event: 0.663 Thread 0x000001a89e9c7c60 Exception <a 'java/io/FileNotFoundException'{0x00000007122b5a48}> (0x00000007122b5a48) 
thrown [s\src\hotspot\share\prims\jni.cpp, line 516]
Event: 1.351 Thread 0x000001a8c7653e00 Exception <a 'java/lang/NoSuchMethodError'{0x000000071214bab0}: 'java.lang.Object java.lang.invoke.DirectMethodHandle$Holder.invokeStaticInit(java.lang.Object, int, int, int, int)'> (0x000000071214bab0) 
thrown [s\src\hotspot\share\interpreter\linkResolver.cpp, line 759]
Event: 1.611 Thread 0x000001a8c7653e00 Exception <a 'java/lang/NoSuchMethodError'{0x0000000711e1d708}: 'java.lang.Object java.lang.invoke.DirectMethodHandle$Holder.invokeStaticInit(java.lang.Object, java.lang.Object, int, int, int, int)'> (0x0000000711e1d708) 
thrown [s\src\hotspot\share\interpreter\linkResolver.cpp, line 759]
Event: 1.761 Thread 0x000001a8c7653e00 Exception <a 'java/lang/NoSuchMethodError'{0x0000000711d761e8}: 'double java.lang.invoke.DirectMethodHandle$Holder.invokeStatic(java.lang.Object, double)'> (0x0000000711d761e8) 
thrown [s\src\hotspot\share\interpreter\linkResolver.cpp, line 759]
Event: 1.762 Thread 0x000001a8c7653e00 Exception <a 'java/lang/NoSuchMethodError'{0x0000000711d79c48}: 'double java.lang.invoke.DirectMethodHandle$Holder.invokeStaticInit(java.lang.Object, double)'> (0x0000000711d79c48) 
thrown [s\src\hotspot\share\interpreter\linkResolver.cpp, line 759]
Event: 1.797 Thread 0x000001a8c7653e00 Exception <a 'java/lang/NoSuchMethodError'{0x0000000711dc2008}: 'java.lang.Object java.lang.invoke.DirectMethodHandle$Holder.newInvokeSpecial(java.lang.Object, double)'> (0x0000000711dc2008) 
thrown [s\src\hotspot\share\interpreter\linkResolver.cpp, line 759]
Event: 2.699 Thread 0x000001a8c7653e00 Exception <a 'java/lang/NoSuchMethodError'{0x0000000710febe50}: 'void java.lang.invoke.DirectMethodHandle$Holder.invokeSpecial(java.lang.Object, java.lang.Object, java.lang.Object)'> (0x0000000710febe50) 
thrown [s\src\hotspot\share\interpreter\linkResolver.cpp, line 759]
Event: 2.710 Thread 0x000001a8c7653e00 Exception <a 'java/lang/NoSuchMethodError'{0x0000000710c16480}: 'java.lang.Object java.lang.invoke.DirectMethodHandle$Holder.newInvokeSpecial(java.lang.Object, java.lang.Object, java.lang.Object, java.lang.Object, java.lang.Object)'> (0x0000000710c16480) 
thrown [s\src\hotspot\share\interpreter\linkResolver.cpp, line 759]
Event: 2.713 Thread 0x000001a8c7653e00 Exception <a 'java/lang/NoSuchMethodError'{0x0000000710c220f0}: 'java.lang.Object java.lang.invoke.DirectMethodHandle$Holder.invokeStatic(java.lang.Object, int, java.lang.Object, java.lang.Object, java.lang.Object, java.lang.Object)'> (0x0000000710c220f0) 
thrown [s\src\hotspot\share\interpreter\linkResolver.cpp, line 759]
Event: 2.719 Thread 0x000001a8c7653e00 Exception <a 'java/lang/NoSuchMethodError'{0x0000000710c47b58}: 'java.lang.Object java.lang.invoke.DirectMethodHandle$Holder.invokeStatic(java.lang.Object, int, java.lang.Object)'> (0x0000000710c47b58) 
thrown [s\src\hotspot\share\interpreter\linkResolver.cpp, line 759]
Event: 2.914 Thread 0x000001a8c7653e00 Exception <a 'java/lang/ClassNotFoundException'{0x0000000710d03fe0}: com/sun/swing/internal/plaf/metal/resources/spi/metalProvider> (0x0000000710d03fe0) 
thrown [s\src\hotspot\share\classfile\systemDictionary.cpp, line 256]
Event: 2.915 Thread 0x000001a8c7653e00 Exception <a 'java/lang/ClassNotFoundException'{0x0000000710d07f80}: com/sun/swing/internal/plaf/basic/resources/spi/basicProvider> (0x0000000710d07f80) 
thrown [s\src\hotspot\share\classfile\systemDictionary.cpp, line 256]
Event: 2.928 Thread 0x000001a8c7653e00 Implicit null exception at 0x000001a8af773d10 to 0x000001a8af7740e4
Event: 2.929 Thread 0x000001a8c7653e00 Implicit null exception at 0x000001a8af768b90 to 0x000001a8af768f48
Event: 2.983 Thread 0x000001a8c7653e00 Exception <a 'java/lang/NoSuchMethodError'{0x0000000710a1a010}: 'void java.lang.invoke.DirectMethodHandle$Holder.invokeStatic(java.lang.Object, java.lang.Object, java.lang.Object)'> (0x0000000710a1a010) 
thrown [s\src\hotspot\share\interpreter\linkResolver.cpp, line 759]
Event: 3.116 Thread 0x000001a8c7653e00 Exception <a 'java/lang/NoSuchMethodError'{0x00000007108e0ed0}: 'void java.lang.invoke.DirectMethodHandle$Holder.invokeStaticInit(java.lang.Object)'> (0x00000007108e0ed0) 
thrown [s\src\hotspot\share\interpreter\linkResolver.cpp, line 759]
Event: 3.452 Thread 0x000001a8c7653e00 Exception <a 'java/lang/NoSuchMethodError'{0x0000000711f47e98}: 'int java.lang.invoke.DirectMethodHandle$Holder.invokeStaticInit(java.lang.Object, java.lang.Object, java.lang.Object)'> (0x0000000711f47e98) 
thrown [s\src\hotspot\share\interpreter\linkResolver.cpp, line 759]
Event: 4.035 Thread 0x000001a8c7655140 Exception <a 'java/lang/NoSuchMethodError'{0x0000000710bd0e40}: 'void java.lang.invoke.DirectMethodHandle$Holder.invokeVirtual(java.lang.Object, java.lang.Object)'> (0x0000000710bd0e40) 
thrown [s\src\hotspot\share\interpreter\linkResolver.cpp, line 759]
Event: 7.508 Thread 0x000001a8c7653e00 Exception <a 'java/lang/NoSuchMethodError'{0x00000007048e06e8}: 'int java.lang.invoke.DirectMethodHandle$Holder.invokeStaticInit(java.lang.Object, long, long)'> (0x00000007048e06e8) 
thrown [s\src\hotspot\share\interpreter\linkResolver.cpp, line 759]
Event: 8.234 Thread 0x000001a8c7653e00 Exception <a 'java/lang/NoSuchMethodError'{0x0000000704ee8d20}: 'java.lang.Object java.lang.invoke.DirectMethodHandle$Holder.newInvokeSpecial(java.lang.Object, int, java.lang.Object)'> (0x0000000704ee8d20) 
thrown [s\src\hotspot\share\interpreter\linkResolver.cpp, line 759]

VM Operations (20 events):
Event: 22.517 Executing VM operation: HandshakeAllThreads
Event: 22.517 Executing VM operation: HandshakeAllThreads done
Event: 23.530 Executing VM operation: Cleanup
Event: 23.530 Executing VM operation: Cleanup done
Event: 25.538 Executing VM operation: Cleanup
Event: 25.538 Executing VM operation: Cleanup done
Event: 26.542 Executing VM operation: Cleanup
Event: 26.542 Executing VM operation: Cleanup done
Event: 27.545 Executing VM operation: Cleanup
Event: 27.545 Executing VM operation: Cleanup done
Event: 28.549 Executing VM operation: Cleanup
Event: 28.549 Executing VM operation: Cleanup done
Event: 29.553 Executing VM operation: Cleanup
Event: 29.566 Executing VM operation: Cleanup done
Event: 31.590 Executing VM operation: Cleanup
Event: 31.590 Executing VM operation: Cleanup done
Event: 32.480 Executing VM operation: G1CollectFull
Event: 32.524 Executing VM operation: G1CollectFull done
Event: 33.537 Executing VM operation: Cleanup
Event: 33.537 Executing VM operation: Cleanup done

Events (20 events):
Event: 22.524 Thread 0x000001a8c71628f0 flushing nmethod 0x000001a8a855f990
Event: 22.524 Thread 0x000001a8c71628f0 flushing nmethod 0x000001a8a8588e10
Event: 22.525 Thread 0x000001a8c71628f0 flushing nmethod 0x000001a8a8669890
Event: 24.681 Thread 0x000001a8c9e65460 Thread exited: 0x000001a8c9e65460
Event: 25.488 Thread 0x000001a8c9ed48d0 Thread added: 0x000001a8c9ed48d0
Event: 25.697 Thread 0x000001a8c9ed48d0 Thread exited: 0x000001a8c9ed48d0
Event: 33.994 loading class jdk/internal/misc/Signal$1
Event: 33.994 loading class jdk/internal/misc/Signal$1 done
Event: 33.994 Thread 0x000001a8c801e0f0 Thread added: 0x000001a8c801e0f0
Event: 33.994 Thread 0x000001a8c801ea90 Thread added: 0x000001a8c801ea90
Event: 33.994 Thread 0x000001a8c801d280 Thread added: 0x000001a8c801d280
Event: 33.994 Thread 0x000001a8c801c410 Thread added: 0x000001a8c801c410
Event: 33.995 Thread 0x000001a8c801bf40 Thread added: 0x000001a8c801bf40
Event: 33.996 Thread 0x000001a8c801bf40 Thread exited: 0x000001a8c801bf40
Event: 34.002 Thread 0x000001a8c7655140 Thread exited: 0x000001a8c7655140
Event: 34.003 Thread 0x000001a8c801c410 Thread exited: 0x000001a8c801c410
Event: 34.004 Thread 0x000001a8c8296f80 Thread exited: 0x000001a8c8296f80
Event: 34.004 Thread 0x000001a8c82952a0 Thread exited: 0x000001a8c82952a0
Event: 34.010 loading class jdk/internal/reflect/UnsafeIntegerFieldAccessorImpl
Event: 34.010 loading class jdk/internal/reflect/UnsafeIntegerFieldAccessorImpl done


Dynamic libraries:
0x00007ff7eeda0000 - 0x00007ff7eedad000 	C:\Users\HP\.jdks\corretto-17.0.7\bin\java.exe
0x00007ffee9b50000 - 0x00007ffee9d48000 	C:\Windows\SYSTEM32\ntdll.dll
0x00007ffee90d0000 - 0x00007ffee918f000 	C:\Windows\System32\KERNEL32.DLL
0x00007ffee7790000 - 0x00007ffee7a86000 	C:\Windows\System32\KERNELBASE.dll
0x00007ffee7410000 - 0x00007ffee7510000 	C:\Windows\System32\ucrtbase.dll
0x00007ffedbcc0000 - 0x00007ffedbcd7000 	C:\Users\HP\.jdks\corretto-17.0.7\bin\jli.dll
0x00007ffeced70000 - 0x00007ffeced85000 	C:\Users\HP\.jdks\corretto-17.0.7\bin\VCRUNTIME140.dll
0x00007ffee9970000 - 0x00007ffee9b0d000 	C:\Windows\System32\USER32.dll
0x00007ffee76c0000 - 0x00007ffee76e2000 	C:\Windows\System32\win32u.dll
0x00007ffee90a0000 - 0x00007ffee90cc000 	C:\Windows\System32\GDI32.dll
0x00007ffee7a90000 - 0x00007ffee7ba5000 	C:\Windows\System32\gdi32full.dll
0x00007ffee72c0000 - 0x00007ffee735d000 	C:\Windows\System32\msvcp_win.dll
0x00007ffecd150000 - 0x00007ffecd3ea000 	C:\Windows\WinSxS\amd64_microsoft.windows.common-controls_6595b64144ccf1df_6.0.19041.1110_none_60b5254171f9507e\COMCTL32.dll
0x00007ffee8310000 - 0x00007ffee83ae000 	C:\Windows\System32\msvcrt.dll
0x00007ffee8600000 - 0x00007ffee8630000 	C:\Windows\System32\IMM32.DLL
0x00007ffec1e20000 - 0x00007ffec1ebb000 	C:\Users\HP\.jdks\corretto-17.0.7\bin\msvcp140.dll
0x00007ffea5510000 - 0x00007ffea612a000 	C:\Users\HP\.jdks\corretto-17.0.7\bin\server\jvm.dll
0x00007ffee8630000 - 0x00007ffee86df000 	C:\Windows\System32\ADVAPI32.dll
0x00007ffee8560000 - 0x00007ffee85fc000 	C:\Windows\System32\sechost.dll
0x00007ffee7d70000 - 0x00007ffee7e96000 	C:\Windows\System32\RPCRT4.dll
0x00007ffecca00000 - 0x00007ffecca27000 	C:\Windows\SYSTEM32\WINMM.dll
0x00007ffedb320000 - 0x00007ffedb32a000 	C:\Windows\SYSTEM32\VERSION.dll
0x00007ffee0fa0000 - 0x00007ffee0fa9000 	C:\Windows\SYSTEM32\WSOCK32.dll
0x00007ffee8e70000 - 0x00007ffee8edb000 	C:\Windows\System32\WS2_32.dll
0x00007ffee5a20000 - 0x00007ffee5a32000 	C:\Windows\SYSTEM32\kernel.appcore.dll
0x00007ffedf290000 - 0x00007ffedf29a000 	C:\Users\HP\.jdks\corretto-17.0.7\bin\jimage.dll
0x00007ffee1f40000 - 0x00007ffee2124000 	C:\Windows\SYSTEM32\DBGHELP.DLL
0x00007ffecec70000 - 0x00007ffececa4000 	C:\Windows\SYSTEM32\dbgcore.DLL
0x00007ffee7230000 - 0x00007ffee72b2000 	C:\Windows\System32\bcryptPrimitives.dll
0x00007ffedf230000 - 0x00007ffedf23e000 	C:\Users\HP\.jdks\corretto-17.0.7\bin\instrument.dll
0x00007ffeca980000 - 0x00007ffeca9a5000 	C:\Users\HP\.jdks\corretto-17.0.7\bin\java.dll
0x00007ffebaa40000 - 0x00007ffebab16000 	C:\Users\HP\.jdks\corretto-17.0.7\bin\jsvml.dll
0x00007ffee9190000 - 0x00007ffee98d4000 	C:\Windows\System32\SHELL32.dll
0x00007ffee2130000 - 0x00007ffee28c4000 	C:\Windows\SYSTEM32\windows.storage.dll
0x00007ffee8890000 - 0x00007ffee8be4000 	C:\Windows\System32\combase.dll
0x00007ffee6ab0000 - 0x00007ffee6ade000 	C:\Windows\SYSTEM32\Wldp.dll
0x00007ffee8f90000 - 0x00007ffee903d000 	C:\Windows\System32\SHCORE.dll
0x00007ffee9040000 - 0x00007ffee9095000 	C:\Windows\System32\shlwapi.dll
0x00007ffee7160000 - 0x00007ffee7185000 	C:\Windows\SYSTEM32\profapi.dll
0x00007ffec7110000 - 0x00007ffec7128000 	C:\Users\HP\.jdks\corretto-17.0.7\bin\zip.dll
0x00007ffeca7f0000 - 0x00007ffeca809000 	C:\Users\HP\.jdks\corretto-17.0.7\bin\net.dll
0x00007ffed8570000 - 0x00007ffed867a000 	C:\Windows\SYSTEM32\WINHTTP.dll
0x00007ffee6890000 - 0x00007ffee68fa000 	C:\Windows\system32\mswsock.dll
0x00007ffec73c0000 - 0x00007ffec73d5000 	C:\Users\HP\.jdks\corretto-17.0.7\bin\nio.dll
0x00007ffedd130000 - 0x00007ffedd14a000 	C:\Program Files\JetBrains\IntelliJ IDEA Community Edition 2021.3.2\bin\breakgen64.dll
0x00007ffea90e0000 - 0x00007ffea9289000 	C:\Users\HP\.jdks\corretto-17.0.7\bin\awt.dll
0x00007ffee87c0000 - 0x00007ffee888d000 	C:\Windows\System32\OLEAUT32.dll
0x00007ffee0ec0000 - 0x00007ffee0f51000 	C:\Windows\SYSTEM32\apphelp.dll
0x00007ffee1180000 - 0x00007ffee121e000 	C:\Windows\system32\uxtheme.dll
0x00007ffee8440000 - 0x00007ffee8554000 	C:\Windows\System32\MSCTF.dll
0x00007ffee8c00000 - 0x00007ffee8d2a000 	C:\Windows\System32\ole32.dll
0x00007ffee1320000 - 0x00007ffee134f000 	C:\Windows\system32\DWMAPI.DLL
0x00007ffeb5d50000 - 0x00007ffeb5e75000 	C:\Windows\system32\opengl32.dll
0x00007ffeb67f0000 - 0x00007ffeb681c000 	C:\Windows\SYSTEM32\GLU32.dll
0x00007ffee6af0000 - 0x00007ffee6b08000 	C:\Windows\SYSTEM32\CRYPTSP.dll
0x00007ffee61d0000 - 0x00007ffee6204000 	C:\Windows\system32\rsaenh.dll
0x00007ffee7760000 - 0x00007ffee7787000 	C:\Windows\System32\bcrypt.dll
0x00007ffee7120000 - 0x00007ffee714e000 	C:\Windows\SYSTEM32\USERENV.dll
0x00007ffee6a20000 - 0x00007ffee6a2c000 	C:\Windows\SYSTEM32\CRYPTBASE.dll
0x00007ffee65a0000 - 0x00007ffee65dc000 	C:\Windows\SYSTEM32\IPHLPAPI.DLL
0x00007ffee7d60000 - 0x00007ffee7d68000 	C:\Windows\System32\NSI.dll
0x00007ffeda430000 - 0x00007ffeda447000 	C:\Windows\SYSTEM32\dhcpcsvc6.DLL
0x00007ffed8d80000 - 0x00007ffed8d9d000 	C:\Windows\SYSTEM32\dhcpcsvc.DLL
0x00007ffee65e0000 - 0x00007ffee66aa000 	C:\Windows\SYSTEM32\DNSAPI.dll
0x00007ffe9d3a0000 - 0x00007ffe9e3ec000 	C:\Users\HP\.skiko\0de0d8dd8554d9bb66cfca3837db6514ff9b71080e998917280a3b777460a416\skiko-windows-x64.dll
0x00007ffeba3d0000 - 0x00007ffeba453000 	C:\Users\HP\.jdks\corretto-17.0.7\bin\freetype.dll
0x00007ffeb9a50000 - 0x00007ffeb9b12000 	C:\Users\HP\.jdks\corretto-17.0.7\bin\fontmanager.dll
0x00007ffedd5a0000 - 0x00007ffedd5a7000 	C:\Users\HP\.jdks\corretto-17.0.7\bin\jawt.dll
0x00007ffee5a90000 - 0x00007ffee5b83000 	C:\Windows\SYSTEM32\Dxgi.dll
0x00007ffedc060000 - 0x00007ffedc080000 	C:\Windows\SYSTEM32\D3D12.dll
0x00007ffea8ae0000 - 0x00007ffea8cad000 	C:\Windows\SYSTEM32\D3D12Core.dll
0x00007ffeda9e0000 - 0x00007ffedaa1b000 	C:\Windows\SYSTEM32\dxcore.dll
0x00007ffee7670000 - 0x00007ffee76be000 	C:\Windows\System32\cfgmgr32.dll
0x00007ffed4390000 - 0x00007ffed6fa9000 	C:\Windows\System32\DriverStore\FileRepository\igdlh64.inf_amd64_e6daaea9afe1e6f6\igc64.dll
0x00007ffe72ab0000 - 0x00007ffe73f83000 	C:\Windows\System32\DriverStore\FileRepository\igdlh64.inf_amd64_e6daaea9afe1e6f6\igd12umd64.dll
0x00007ffeda000000 - 0x00007ffeda257000 	C:\Windows\System32\DriverStore\FileRepository\igdlh64.inf_amd64_e6daaea9afe1e6f6\igdgmm64.dll
0x00007ffea4da0000 - 0x00007ffea51ab000 	C:\Windows\System32\DriverStore\FileRepository\igdlh64.inf_amd64_e6daaea9afe1e6f6\igdml64.dll
0x00007ffedba30000 - 0x00007ffedba5b000 	C:\Windows\SYSTEM32\D3DSCache.dll
0x00007ffe51780000 - 0x00007ffe55f82000 	C:\Windows\System32\DriverStore\FileRepository\igdlh64.inf_amd64_e6daaea9afe1e6f6\igd12dxva64.dll
0x00007ffee7ea0000 - 0x00007ffee830e000 	C:\Windows\System32\SETUPAPI.dll
0x00007ffe96bf0000 - 0x00007ffe96c17000 	C:\Windows\System32\DriverStore\FileRepository\igdlh64.inf_amd64_e6daaea9afe1e6f6\igdinfo64.dll
0x00007ffeddf50000 - 0x00007ffede157000 	C:\Windows\SYSTEM32\twinapi.appcore.dll
0x00007ffee8ee0000 - 0x00007ffee8f89000 	C:\Windows\System32\clbcatq.dll
0x00007ffe744c0000 - 0x00007ffe75492000 	C:\Windows\System32\DriverStore\FileRepository\igdlh64.inf_amd64_e6daaea9afe1e6f6\ig9icd64.dll
0x00007ffee7090000 - 0x00007ffee70db000 	C:\Windows\SYSTEM32\powrprof.dll
0x00007ffee7070000 - 0x00007ffee7082000 	C:\Windows\SYSTEM32\UMPDC.dll
0x00007ffed2250000 - 0x00007ffed24cf000 	C:\Windows\SYSTEM32\dwrite.dll
0x00007ffed3ec0000 - 0x00007ffed3fb9000 	C:\Windows\SYSTEM32\textinputframework.dll
0x00007ffee0b40000 - 0x00007ffee0c32000 	C:\Windows\System32\CoreMessaging.dll
0x00007ffee0460000 - 0x00007ffee07be000 	C:\Windows\System32\CoreUIComponents.dll
0x00007ffee62f0000 - 0x00007ffee6323000 	C:\Windows\SYSTEM32\ntmarta.dll
0x00007ffedf450000 - 0x00007ffedf5a4000 	C:\Windows\SYSTEM32\wintypes.dll
0x00007ffea2470000 - 0x00007ffea2d22000 	C:\Users\HP\AppData\Local\io-realm-kotlin\f7113120ba00ba1ff91d696eecd3919e85a4e34e\realmc.dll
0x00007ffee7510000 - 0x00007ffee766e000 	C:\Windows\System32\CRYPT32.dll

dbghelp: loaded successfully - version: 4.0.5 - missing functions: none
symbol engine: initialized successfully - sym options: 0x614 - pdb path: .;C:\Users\HP\.jdks\corretto-17.0.7\bin;C:\Windows\SYSTEM32;C:\Windows\WinSxS\amd64_microsoft.windows.common-controls_6595b64144ccf1df_6.0.19041.1110_none_60b5254171f9507e;C:\Users\HP\.jdks\corretto-17.0.7\bin\server;C:\Program Files\JetBrains\IntelliJ IDEA Community Edition 2021.3.2\bin;C:\Users\HP\.skiko\0de0d8dd8554d9bb66cfca3837db6514ff9b71080e998917280a3b777460a416;C:\Windows\System32\DriverStore\FileRepository\igdlh64.inf_amd64_e6daaea9afe1e6f6;C:\Users\HP\AppData\Local\io-realm-kotlin\f7113120ba00ba1ff91d696eecd3919e85a4e34e

VM Arguments:
jvm_args: -Djava.library.path=C:\Users\HP\Desktop\newderar\build\classes\kotlin\jvm\main;C:\Users\HP\Desktop\newderar\build\processedResources\jvm\main -javaagent:C:\Program Files\JetBrains\IntelliJ IDEA Community Edition 2021.3.2\lib\idea_rt.jar=53492:C:\Program Files\JetBrains\IntelliJ IDEA Community Edition 2021.3.2\bin -Dfile.encoding=UTF-8 
java_command: MainKt
java_class_path (initial): C:\Users\HP\Desktop\newderar\build\classes\kotlin\jvm\main;C:\Users\HP\Desktop\newderar\build\processedResources\jvm\main;C:\Users\HP\.gradle\caches\modules-2\files-2.1\io.insert-koin\koin-androidx-compose\3.4.5\ae0a88b7a68d507e651c5a3d70a541594bea54cb\koin-androidx-compose-3.4.5.aar;C:\Users\HP\.gradle\caches\modules-2\files-2.1\androidx.navigation\navigation-compose\2.6.0\3f8ce7b0bad21cced0c47b42b6347c65a6e422c3\navigation-compose-2.6.0.aar;C:\Users\HP\.gradle\caches\modules-2\files-2.1\org.jetbrains.kotlin\kotlin-stdlib-jdk8\1.8.21\67f57e154437cd9e6e9cf368394b95814836ff88\kotlin-stdlib-jdk8-1.8.21.jar;C:\Users\HP\.gradle\caches\modules-2\files-2.1\org.apache.poi\poi-ooxml\4.1.2\87d9a22aa9a7dd26e80c360e709f7ee02e32ab3b\poi-ooxml-4.1.2.jar;C:\Users\HP\.gradle\caches\modules-2\files-2.1\org.apache.poi\poi\4.1.2\964bf41cf68bce08e4ef6b2279b559fdf8d454f4\poi-4.1.2.jar;C:\Users\HP\.gradle\caches\modules-2\files-2.1\org.lwjgl\lwjgl-nfd\3.3.1\622318116996ddcff449b46cb38f0fdee39b8ac3\lwjgl-nfd-3.3.1.jar;C:\Users\HP\.gradle\caches\modules-2\files-2.1\org.lwjgl\lwjgl-nfd\3.3.1\2e007667e04ed3281152ae5c6e677fb1c2211691\lwjgl-nfd-3.3.1-natives-linux.jar;C:\Users\HP\.gradle\caches\modules-2\files-2.1\org.lwjgl\lwjgl\3.3.1\ae58664f88e18a9bb2c77b063833ca7aaec484cb\lwjgl-3.3.1.jar;C:\Users\HP\.gradle\caches\modules-2\files-2.1\io.insert-koin\koin-android\3.4.0\48715fbe06102a59a30bd45b06ed2400c16c6f45\koin-android-3.4.0.aar;C:\Users\HP\.gradle\caches\modules-2\files-2.1\org.lwjgl\lwjgl-nfd\3.3.1\b3e04e317f55dd738d8a345cdafd15b39f85a2ea\lwjgl-nfd-3.3.1-natives-linux-arm32.jar;C:\Users\HP\.gradle\caches\modules-2\files-2.1\androidx.lifecycle\lifecycle-viewmodel-compose\2.6.1\38cf3bb65ff3e0e5c3d63de2ebf5411d0898108c\lifecycle-viewmodel-compose-2.6.1.aar;C:\Users\HP\.gradle\caches\modules-2\files-2.1\org.lwjgl\lwjgl-nfd\3.3.1\f41dc62336f7ee4ab35705cfa440cc903d199165\lwjgl-nfd-3.3.1-natives-linux-arm64.jar;C:\Users\HP\.gradle\caches\modules-2\files-2.1\androi
Launcher Type: SUN_STANDARD

[Global flags]
     intx CICompilerCount                          = 3                                         {product} {ergonomic}
     uint ConcGCThreads                            = 1                                         {product} {ergonomic}
     uint G1ConcRefinementThreads                  = 4                                         {product} {ergonomic}
   size_t G1HeapRegionSize                         = 2097152                                   {product} {ergonomic}
    uintx GCDrainStackTargetSize                   = 64                                        {product} {ergonomic}
   size_t InitialHeapSize                          = 266338304                                 {product} {ergonomic}
   size_t MarkStackSize                            = 4194304                                   {product} {ergonomic}
   size_t MaxHeapSize                              = 4255121408                                {product} {ergonomic}
   size_t MaxNewSize                               = 2552233984                                {product} {ergonomic}
   size_t MinHeapDeltaBytes                        = 2097152                                   {product} {ergonomic}
   size_t MinHeapSize                              = 8388608                                   {product} {ergonomic}
    uintx NonNMethodCodeHeapSize                   = 5832780                                {pd product} {ergonomic}
    uintx NonProfiledCodeHeapSize                  = 122912730                              {pd product} {ergonomic}
    uintx ProfiledCodeHeapSize                     = 122912730                              {pd product} {ergonomic}
    uintx ReservedCodeCacheSize                    = 251658240                              {pd product} {ergonomic}
     bool SegmentedCodeCache                       = true                                      {product} {ergonomic}
   size_t SoftMaxHeapSize                          = 4255121408                             {manageable} {ergonomic}
     bool UseCompressedClassPointers               = true                           {product lp64_product} {ergonomic}
     bool UseCompressedOops                        = true                           {product lp64_product} {ergonomic}
     bool UseG1GC                                  = true                                      {product} {ergonomic}
     bool UseLargePagesIndividualAllocation        = false                                  {pd product} {ergonomic}

Logging:
Log output configuration:
 #0: stdout all=warning uptime,level,tags
 #1: stderr all=off uptime,level,tags

Environment Variables:
PATH=C:\Program Files\Common Files\Oracle\Java\javapath;C:\Program Files (x86)\Common Files\Oracle\Java\javapath;C:\Windows\system32;C:\Windows;C:\Windows\System32\Wbem;C:\Windows\System32\WindowsPowerShell\v1.0\;C:\Windows\System32\OpenSSH\;C:\xampp\php;C:\ProgramData\ComposerSetup\bin;C:\Program Files\nodejs\;C:\Program Files (x86)\Intel\Intel(R) Management Engine Components\DAL;C:\Program Files\Intel\Intel(R) Management Engine Components\DAL;C:\Program Files\Git\cmd;C:\Program Files\Fortect;C:\Users\HP\AppData\Local\Microsoft\WindowsApps;C:\Program Files\JetBrains\IntelliJ IDEA Community Edition 2021.3.2\bin;C:\Users\HP\AppData\Local\Programs\Microsoft VS Code\bin;C:\Users\HP\AppData\Local\JetBrains\Toolbox\scripts;C:\Users\HP\AppData\Local\GitHubDesktop\bin;C:\Users\HP\Desktop\camp\flutter_windows_3.7.6-stable\flutter\bin;C:\Users\HP\AppData\Roaming\Composer\vendor\bin;C:\Users\HP\AppData\Roaming\npm
USERNAME=HP
OS=Windows_NT
PROCESSOR_IDENTIFIER=Intel64 Family 6 Model 142 Stepping 9, GenuineIntel
TMP=C:\Users\HP\AppData\Local\Temp
TEMP=C:\Users\HP\AppData\Local\Temp



---------------  S Y S T E M  ---------------

OS:
 Windows 10 , 64 bit Build 19041 (10.0.19041.3155)
OS uptime: 2 days 14:03 hours
Hyper-V role detected

CPU: total 4 (initial active 4) (2 cores per cpu, 2 threads per core) family 6 model 142 stepping 9 microcode 0xf2, cx8, cmov, fxsr, ht, mmx, 3dnowpref, sse, sse2, sse3, ssse3, sse4.1, sse4.2, popcnt, lzcnt, tsc, tscinvbit, avx, avx2, aes, erms, clmul, bmi1, bmi2, rtm, adx, fma, vzeroupper, clflush, clflushopt, hv

Memory: 4k page, system-wide physical 16224M (5611M free)
TotalPageFile size 32096M (AvailPageFile size 19817M)
current process WorkingSet (physical memory assigned to process): 266M, peak: 337M
current process commit charge ("private bytes"): 316M, peak: 433M

vm_info: OpenJDK 64-Bit Server VM (17.0.7+7-LTS) for windows-amd64 JRE (17.0.7+7-LTS), built on Apr 14 2023 01:39:21 by "Administrator" with MS VC++ 15.9 (VS2017)

END.
