#
# A fatal error has been detected by the Java Runtime Environment:
#
#  EXCEPTION_ACCESS_VIOLATION (0xc0000005) at pc=0x00007ffa62a5ebe3, pid=14036, tid=5548
#
# JRE version: OpenJDK Runtime Environment Corretto-17.0.7.7.1 (17.0.7+7) (build 17.0.7+7-LTS)
# Java VM: OpenJDK 64-Bit Server VM Corretto-17.0.7.7.1 (17.0.7+7-LTS, mixed mode, sharing, tiered, compressed oops, compressed class ptrs, g1 gc, windows-amd64)
# Problematic frame:
# C  [ig9icd64.dll+0x9bebe3]
#
# No core dump will be written. Minidumps are not enabled by default on client versions of Windows
#
# If you would like to submit a bug report, please visit:
#   https://github.com/corretto/corretto-17/issues/
# The crash happened outside the Java Virtual Machine in native code.
# See problematic frame for where to report the bug.
#

---------------  S U M M A R Y ------------

Command Line: -Djava.library.path=C:\Users\HP\Desktop\demo-compose-desktop\build\classes\kotlin\jvm\main;C:\Users\HP\Desktop\demo-compose-desktop\build\processedResources\jvm\main -javaagent:C:\Program Files\JetBrains\IntelliJ IDEA Community Edition 2021.3.2\lib\idea_rt.jar=54694:C:\Program Files\JetBrains\IntelliJ IDEA Community Edition 2021.3.2\bin -Dfile.encoding=UTF-8 MainKt

Host: Intel(R) Core(TM) i5-7300U CPU @ 2.60GHz, 4 cores, 15G,  Windows 10 , 64 bit Build 19041 (10.0.19041.3155)
Time: Wed Jul 12 19:11:15 2023 Libya Standard Time elapsed time: 102.544497 seconds (0d 0h 1m 42s)

---------------  T H R E A D  ---------------

Current thread (0x000001e49da98450):  JavaThread "AWT-EventQueue-0" [_thread_in_native, id=5548, stack(0x0000007255200000,0x0000007255300000)]

Stack: [0x0000007255200000,0x0000007255300000],  sp=0x00000072552fcba8,  free space=1010k
Native frames: (J=compiled Java code, j=interpreted, Vv=VM code, C=native code)
C  [ig9icd64.dll+0x9bebe3]

Java frames: (J=compiled Java code, j=interpreted, Vv=VM code)
J 5716  org.jetbrains.skia.DirectContextKt.DirectContext_nFlush(J)V (0 bytes) @ 0x000001e487decbe9 [0x000001e487decba0+0x0000000000000049]
J 7070 c2 org.jetbrains.skiko.redrawer.WindowsOpenGLRedrawer$Companion$frameDispatcher$1.invokeSuspend(Ljava/lang/Object;)Ljava/lang/Object; (379 bytes) @ 0x000001e4880361e0 [0x000001e488034c40+0x00000000000015a0]
J 7069 c2 org.jetbrains.skiko.FrameDispatcher$job$1.invokeSuspend(Ljava/lang/Object;)Ljava/lang/Object; (156 bytes) @ 0x000001e488032770 [0x000001e488032520+0x0000000000000250]
J 5075 c2 kotlin.coroutines.jvm.internal.BaseContinuationImpl.resumeWith(Ljava/lang/Object;)V (128 bytes) @ 0x000001e487d53600 [0x000001e487d535a0+0x0000000000000060]
J 5280 c2 kotlinx.coroutines.DispatchedTask.run()V (571 bytes) @ 0x000001e487d84d2c [0x000001e487d849a0+0x000000000000038c]
J 5612 c2 java.awt.EventDispatchThread.pumpOneEventForFilters(I)V java.desktop@17.0.7 (113 bytes) @ 0x000001e487dd40b8 [0x000001e487dd3480+0x0000000000000c38]
J 7268% c1 java.awt.EventDispatchThread.pumpEventsForFilter(ILjava/awt/Conditional;Ljava/awt/EventFilter;)V java.desktop@17.0.7 (47 bytes) @ 0x000001e48022b79c [0x000001e48022b500+0x000000000000029c]
j  java.awt.EventDispatchThread.pumpEventsForHierarchy(ILjava/awt/Conditional;Ljava/awt/Component;)V+11 java.desktop@17.0.7
j  java.awt.EventDispatchThread.pumpEvents(ILjava/awt/Conditional;)V+4 java.desktop@17.0.7
j  java.awt.EventDispatchThread.pumpEvents(Ljava/awt/Conditional;)V+3 java.desktop@17.0.7
j  java.awt.EventDispatchThread.run()V+9 java.desktop@17.0.7
v  ~StubRoutines::call_stub

siginfo: EXCEPTION_ACCESS_VIOLATION (0xc0000005), reading address 0x00007ffda2c81110


Register to memory mapping:

RIP=0x00007ffa62a5ebe3 ig9icd64.dll
RAX=0x000000000fff0fff is an unknown value
RBX=0x00007ffa620a0000 ig9icd64.dll
RCX=0x000000033fcf3fcc is an unknown value
RDX=0x00000072552fd0c0 is pointing into the stack for thread: 0x000001e49da98450
RSP=0x00000072552fcba8 is pointing into the stack for thread: 0x000001e49da98450
RBP=0x00000072552fccb0 is pointing into the stack for thread: 0x000001e49da98450
RSI=0x000001e4a01a1b40 points into unknown readable memory: 0x000001e4a0168840 | 40 88 16 a0 e4 01 00 00
RDI=0x00000072552fceb0 is pointing into the stack for thread: 0x000001e49da98450
R8 =0x00000072552fcce0 is pointing into the stack for thread: 0x000001e49da98450
R9 =0x00000072552fd0c0 is pointing into the stack for thread: 0x000001e49da98450
R10=0x00000072552fceb0 is pointing into the stack for thread: 0x000001e49da98450
R11=0x0 is NULL
R12=0x00007ffa62ed15e0 ig9icd64.dll
R13=0x0 is NULL
R14=0x0 is NULL
R15=0x00000000000001c1 is an unknown value


Registers:
RAX=0x000000000fff0fff, RBX=0x00007ffa620a0000, RCX=0x000000033fcf3fcc, RDX=0x00000072552fd0c0
RSP=0x00000072552fcba8, RBP=0x00000072552fccb0, RSI=0x000001e4a01a1b40, RDI=0x00000072552fceb0
R8 =0x00000072552fcce0, R9 =0x00000072552fd0c0, R10=0x00000072552fceb0, R11=0x0000000000000000
R12=0x00007ffa62ed15e0, R13=0x0000000000000000, R14=0x0000000000000000, R15=0x00000000000001c1
RIP=0x00007ffa62a5ebe3, EFLAGS=0x0000000000010206

Top of Stack: (sp=0x00000072552fcba8)
0x00000072552fcba8:   00007ffa62a5c31b 0000000000000001
0x00000072552fcbb8:   0000000000000000 000001e4a0a82500
0x00000072552fcbc8:   00007ffad7ac2622 0000007200000065
0x00000072552fcbd8:   00000072552fcde0 0000000000000000
0x00000072552fcbe8:   000001e4a88bf550 0000000000000000
0x00000072552fcbf8:   000001e4a90d6ac0 000001e4a0a82500
0x00000072552fcc08:   0000000000001100 0000000000000000
0x00000072552fcc18:   0000000000000000 00000072552fcd90
0x00000072552fcc28:   00007ffa626f79c0 0000000000000000
0x00000072552fcc38:   0000000000000000 0000000000000000
0x00000072552fcc48:   0000000000000000 0000448df1ff31cb
0x00000072552fcc58:   00007ffa620b6555 000001e4a0a82500
0x00000072552fcc68:   0000000000004001 0000000000000000
0x00000072552fcc78:   00007ffae8e9b86b 00000000005e0012
0x00000072552fcc88:   0000000000000011 000001e4a07a5eb0
0x00000072552fcc98:   0000000000000000 0000000000000000 

Instructions: (pc=0x00007ffa62a5ebe3)
0x00007ffa62a5eae3:   c1 75 31 00 48 89 51 08 48 89 01 8b 44 24 28 89
0x00007ffa62a5eaf3:   41 20 8b 44 24 30 89 41 24 48 8b c1 4c 89 41 10
0x00007ffa62a5eb03:   4c 89 49 18 c3 cc cc cc cc cc cc cc cc 48 89 5c
0x00007ffa62a5eb13:   24 08 8b 41 5c 48 8d 1d e1 14 64 ff 41 89 40 08
0x00007ffa62a5eb23:   4c 8b d1 8b 41 60 45 33 db 41 89 40 0c 4c 8b ca
0x00007ffa62a5eb33:   8b 41 64 41 89 40 10 8b 41 68 41 89 40 14 8b 41
0x00007ffa62a5eb43:   6c 41 89 40 18 8b 41 70 41 89 40 1c 48 63 41 74
0x00007ffa62a5eb53:   48 6b c8 34 8b 84 19 44 d1 ee 00 41 89 40 20 8b
0x00007ffa62a5eb63:   84 19 48 d1 ee 00 41 89 40 24 8b 84 19 4c d1 ee
0x00007ffa62a5eb73:   00 41 89 40 28 8b 84 19 50 d1 ee 00 41 89 40 2c
0x00007ffa62a5eb83:   8b 84 19 34 d1 ee 00 41 89 40 30 8b 84 19 38 d1
0x00007ffa62a5eb93:   ee 00 41 89 40 34 8b 84 19 3c d1 ee 00 41 89 40
0x00007ffa62a5eba3:   38 8b 84 19 40 d1 ee 00 41 89 40 3c 8b 84 19 24
0x00007ffa62a5ebb3:   d1 ee 00 41 89 40 40 8b 84 19 28 d1 ee 00 41 89
0x00007ffa62a5ebc3:   40 44 8b 84 19 2c d1 ee 00 41 89 40 48 8b 84 19
0x00007ffa62a5ebd3:   30 d1 ee 00 41 89 40 4c 49 63 42 78 48 6b c8 34
0x00007ffa62a5ebe3:   8b 84 19 44 d1 ee 00 41 89 40 50 8b 84 19 48 d1
0x00007ffa62a5ebf3:   ee 00 41 89 40 54 8b 84 19 4c d1 ee 00 41 89 40
0x00007ffa62a5ec03:   58 8b 84 19 50 d1 ee 00 41 89 40 5c 8b 84 19 34
0x00007ffa62a5ec13:   d1 ee 00 41 89 40 60 8b 84 19 38 d1 ee 00 41 89
0x00007ffa62a5ec23:   40 64 8b 84 19 3c d1 ee 00 41 89 40 68 8b 84 19
0x00007ffa62a5ec33:   40 d1 ee 00 41 89 40 6c 8b 84 19 24 d1 ee 00 41
0x00007ffa62a5ec43:   89 40 70 8b 84 19 28 d1 ee 00 41 89 40 74 8b 84
0x00007ffa62a5ec53:   19 2c d1 ee 00 41 89 40 78 8b 84 19 30 d1 ee 00
0x00007ffa62a5ec63:   41 89 40 7c 48 8b 42 18 8b 88 38 0b 00 00 f6 c1
0x00007ffa62a5ec73:   08 0f 84 86 00 00 00 8b 80 3c 0b 00 00 41 89 80
0x00007ffa62a5ec83:   80 00 00 00 48 8b 42 18 8b 88 40 0b 00 00 41 89
0x00007ffa62a5ec93:   88 84 00 00 00 48 8b 42 18 8b 88 44 0b 00 00 41
0x00007ffa62a5eca3:   89 88 88 00 00 00 48 8b 42 18 8b 88 48 0b 00 00
0x00007ffa62a5ecb3:   41 89 88 8c 00 00 00 48 8b 42 18 8b 88 4c 0b 00
0x00007ffa62a5ecc3:   00 41 89 88 90 00 00 00 48 8b 42 18 8b 88 50 0b
0x00007ffa62a5ecd3:   00 00 41 89 88 94 00 00 00 48 8b 42 18 8b 88 54 


Stack slot to memory mapping:
stack at sp + 0 slots: 0x00007ffa62a5c31b ig9icd64.dll
stack at sp + 1 slots: 0x0000000000000001 is an unknown value
stack at sp + 2 slots: 0x0 is NULL
stack at sp + 3 slots: 0x000001e4a0a82500 points into unknown readable memory: 0x00007ffad7cf52d8 | d8 52 cf d7 fa 7f 00 00
stack at sp + 4 slots: 0x00007ffad7ac2622 igdgmm64.dll
stack at sp + 5 slots: 0x0000007200000065 is an unknown value
stack at sp + 6 slots: 0x00000072552fcde0 is pointing into the stack for thread: 0x000001e49da98450
stack at sp + 7 slots: 0x0 is NULL


---------------  P R O C E S S  ---------------

Threads class SMR info:
_java_thread_list=0x000001e49ea4bb10, length=28, elements={
0x000001e4f54f5a40, 0x000001e4febb3d30, 0x000001e4febb4ba0, 0x000001e4febc8c80,
0x000001e4febcd840, 0x000001e4febd0300, 0x000001e4febd0cb0, 0x000001e4febd1a40,
0x000001e4febd5500, 0x000001e49d080760, 0x000001e4feb98990, 0x000001e49d5c6590,
0x000001e49d5c6a60, 0x000001e49dae2150, 0x000001e49dae2ea0, 0x000001e49da98450,
0x000001e49e2f1e50, 0x000001e49e2b1560, 0x000001e49e208860, 0x000001e49e207520,
0x000001e49e20a070, 0x000001e49e207ec0, 0x000001e49e2096d0, 0x000001e49e29d770,
0x000001e49e29a750, 0x000001e49e297260, 0x000001e49e29b5c0, 0x000001e49e2980d0
}

Java Threads: ( => current thread )
  0x000001e4f54f5a40 JavaThread "main" [_thread_blocked, id=17152, stack(0x0000007253700000,0x0000007253800000)]
  0x000001e4febb3d30 JavaThread "Reference Handler" daemon [_thread_blocked, id=3452, stack(0x0000007253e00000,0x0000007253f00000)]
  0x000001e4febb4ba0 JavaThread "Finalizer" daemon [_thread_blocked, id=20208, stack(0x0000007253f00000,0x0000007254000000)]
  0x000001e4febc8c80 JavaThread "Signal Dispatcher" daemon [_thread_blocked, id=11240, stack(0x0000007254000000,0x0000007254100000)]
  0x000001e4febcd840 JavaThread "Attach Listener" daemon [_thread_blocked, id=19464, stack(0x0000007254100000,0x0000007254200000)]
  0x000001e4febd0300 JavaThread "Service Thread" daemon [_thread_blocked, id=9892, stack(0x0000007254200000,0x0000007254300000)]
  0x000001e4febd0cb0 JavaThread "Monitor Deflation Thread" daemon [_thread_blocked, id=17952, stack(0x0000007254300000,0x0000007254400000)]
  0x000001e4febd1a40 JavaThread "C2 CompilerThread0" daemon [_thread_blocked, id=19584, stack(0x0000007254400000,0x0000007254500000)]
  0x000001e4febd5500 JavaThread "C1 CompilerThread0" daemon [_thread_blocked, id=20012, stack(0x0000007254500000,0x0000007254600000)]
  0x000001e49d080760 JavaThread "Sweeper thread" daemon [_thread_blocked, id=7904, stack(0x0000007254600000,0x0000007254700000)]
  0x000001e4feb98990 JavaThread "Common-Cleaner" daemon [_thread_blocked, id=676, stack(0x0000007254700000,0x0000007254800000)]
  0x000001e49d5c6590 JavaThread "Monitor Ctrl-Break" daemon [_thread_in_native, id=10984, stack(0x0000007254900000,0x0000007254a00000)]
  0x000001e49d5c6a60 JavaThread "Notification Thread" daemon [_thread_blocked, id=7716, stack(0x0000007254a00000,0x0000007254b00000)]
  0x000001e49dae2150 JavaThread "Java2D Disposer" daemon [_thread_blocked, id=17688, stack(0x0000007254f00000,0x0000007255000000)]
  0x000001e49dae2ea0 JavaThread "AWT-Shutdown" [_thread_blocked, id=8228, stack(0x0000007255000000,0x0000007255100000)]
=>0x000001e49da98450 JavaThread "AWT-EventQueue-0" [_thread_in_native, id=5548, stack(0x0000007255200000,0x0000007255300000)]
  0x000001e49e2f1e50 JavaThread "Reference Cleaner" daemon [_thread_blocked, id=10844, stack(0x0000007255300000,0x0000007255400000)]
  0x000001e49e2b1560 JavaThread "DefaultDispatcher-worker-1" daemon [_thread_blocked, id=1172, stack(0x0000007255400000,0x0000007255500000)]
  0x000001e49e208860 JavaThread "DefaultDispatcher-worker-2" daemon [_thread_blocked, id=18868, stack(0x0000007255500000,0x0000007255600000)]
  0x000001e49e207520 JavaThread "DefaultDispatcher-worker-3" daemon [_thread_blocked, id=5796, stack(0x0000007255600000,0x0000007255700000)]
  0x000001e49e20a070 JavaThread "kotlinx.coroutines.DefaultExecutor" daemon [_thread_blocked, id=9840, stack(0x0000007255700000,0x0000007255800000)]
  0x000001e49e207ec0 JavaThread "TimerQueue" daemon [_thread_blocked, id=10696, stack(0x0000007255b00000,0x0000007255c00000)]
  0x000001e49e2096d0 JavaThread "RealmFinalizingDaemon" daemon [_thread_blocked, id=11364, stack(0x0000007255e00000,0x0000007255f00000)]
  0x000001e49e29d770 JavaThread "core-notifier" daemon [_thread_in_native, id=9192, stack(0x0000007256000000,0x0000007256100000)]
  0x000001e49e29a750 JavaThread "DefaultDispatcher-worker-4" daemon [_thread_blocked, id=12376, stack(0x0000007256200000,0x0000007256300000)]
  0x000001e49e297260 JavaThread "DefaultDispatcher-worker-5" daemon [_thread_blocked, id=2488, stack(0x0000007256300000,0x0000007256400000)]
  0x000001e49e29b5c0 JavaThread "DefaultDispatcher-worker-6" daemon [_thread_blocked, id=17988, stack(0x0000007256400000,0x0000007256500000)]
  0x000001e49e2980d0 JavaThread "SIGINT handler" daemon [_thread_blocked, id=19400, stack(0x0000007253500000,0x0000007253600000)]

Other Threads:
  0x000001e4febae0d0 VMThread "VM Thread" [stack: 0x0000007253d00000,0x0000007253e00000] [id=16256]
  0x000001e49d5dae80 WatcherThread [stack: 0x0000007254b00000,0x0000007254c00000] [id=15568]
  0x000001e4f555fbe0 GCTaskThread "GC Thread#0" [stack: 0x0000007253800000,0x0000007253900000] [id=15700]
  0x000001e49d6d5600 GCTaskThread "GC Thread#1" [stack: 0x0000007254c00000,0x0000007254d00000] [id=7428]
  0x000001e49d8b7130 GCTaskThread "GC Thread#2" [stack: 0x0000007254d00000,0x0000007254e00000] [id=1580]
  0x000001e49d8b73e0 GCTaskThread "GC Thread#3" [stack: 0x0000007254e00000,0x0000007254f00000] [id=15536]
  0x000001e4f55708b0 ConcurrentGCThread "G1 Main Marker" [stack: 0x0000007253900000,0x0000007253a00000] [id=15820]
  0x000001e4f55712c0 ConcurrentGCThread "G1 Conc#0" [stack: 0x0000007253a00000,0x0000007253b00000] [id=3940]
  0x000001e4f55ae6b0 ConcurrentGCThread "G1 Refine#0" [stack: 0x0000007253b00000,0x0000007253c00000] [id=19676]
  0x000001e4fea64240 ConcurrentGCThread "G1 Service" [stack: 0x0000007253c00000,0x0000007253d00000] [id=14296]

Threads with active compile tasks:

VM state: not at safepoint (normal execution)

VM Mutex/Monitor currently owned by a thread: None

Heap address: 0x0000000702600000, size: 4058 MB, Compressed Oops mode: Zero based, Oop shift amount: 3

CDS archive(s) mapped at: [0x0000000800000000-0x0000000800bc0000-0x0000000800bc0000), size 12320768, SharedBaseAddress: 0x0000000800000000, ArchiveRelocationMode: 0.
Compressed class space mapped at: 0x0000000801000000-0x0000000841000000, reserved size: 1073741824
Narrow klass base: 0x0000000800000000, Narrow klass shift: 0, Narrow klass range: 0x100000000

GC Precious Log:
 CPUs: 4 total, 4 available
 Memory: 16224M
 Large Page Support: Disabled
 NUMA Support: Disabled
 Compressed Oops: Enabled (Zero based)
 Heap Region Size: 2M
 Heap Min Capacity: 8M
 Heap Initial Capacity: 254M
 Heap Max Capacity: 4058M
 Pre-touch: Disabled
 Parallel Workers: 4
 Concurrent Workers: 1
 Concurrent Refinement Workers: 4
 Periodic GC: Disabled

Heap:
 garbage-first heap   total 59392K, used 28650K [0x0000000702600000, 0x0000000800000000)
  region size 2048K, 4 young (8192K), 1 survivors (2048K)
 Metaspace       used 36393K, committed 36608K, reserved 1114112K
  class space    used 3860K, committed 3968K, reserved 1048576K

Heap Regions: E=young(eden), S=young(survivor), O=old, HS=humongous(starts), HC=humongous(continues), CS=collection set, F=free, OA=open archive, CA=closed archive, TAMS=top-at-mark-start (previous, next)
|   0|0x0000000702600000, 0x0000000702800000, 0x0000000702800000|100%|HS|  |TAMS 0x0000000702800000, 0x0000000702600000| Untracked 
|   1|0x0000000702800000, 0x0000000702a00000, 0x0000000702a00000|100%| O|  |TAMS 0x0000000702a00000, 0x0000000702800000| Untracked 
|   2|0x0000000702a00000, 0x0000000702bd7fc8, 0x0000000702c00000| 92%| O|  |TAMS 0x0000000702a00000, 0x0000000702a00000| Untracked 
|   3|0x0000000702c00000, 0x0000000702dfffe0, 0x0000000702e00000| 99%| O|  |TAMS 0x0000000702dfffe0, 0x0000000702c00000| Untracked 
|   4|0x0000000702e00000, 0x0000000702fffff0, 0x0000000703000000| 99%| O|  |TAMS 0x0000000702fffff0, 0x0000000702e00000| Untracked 
|   5|0x0000000703000000, 0x00000007031f9820, 0x0000000703200000| 98%| O|  |TAMS 0x00000007031f9820, 0x0000000703000000| Untracked 
|   6|0x0000000703200000, 0x0000000703400000, 0x0000000703400000|100%| O|  |TAMS 0x0000000703400000, 0x0000000703200000| Untracked 
|   7|0x0000000703400000, 0x000000070340ef80, 0x0000000703600000|  2%| O|  |TAMS 0x0000000703400000, 0x0000000703400000| Untracked 
|   8|0x0000000703600000, 0x0000000703600000, 0x0000000703800000|  0%| F|  |TAMS 0x0000000703600000, 0x0000000703600000| Untracked 
|   9|0x0000000703800000, 0x0000000703800000, 0x0000000703a00000|  0%| F|  |TAMS 0x0000000703800000, 0x0000000703800000| Untracked 
|  10|0x0000000703a00000, 0x0000000703c00000, 0x0000000703c00000|100%| O|  |TAMS 0x0000000703c00000, 0x0000000703a00000| Untracked 
|  11|0x0000000703c00000, 0x0000000703c00000, 0x0000000703e00000|  0%| F|  |TAMS 0x0000000703c00000, 0x0000000703c00000| Untracked 
|  12|0x0000000703e00000, 0x0000000704000000, 0x0000000704000000|100%|HS|  |TAMS 0x0000000704000000, 0x0000000703e00000| Untracked 
|  13|0x0000000704000000, 0x0000000704200000, 0x0000000704200000|100%|HC|  |TAMS 0x0000000704200000, 0x0000000704000000| Untracked 
|  14|0x0000000704200000, 0x0000000704400000, 0x0000000704400000|100%|HC|  |TAMS 0x0000000704400000, 0x0000000704200000| Untracked 
|  15|0x0000000704400000, 0x0000000704600000, 0x0000000704600000|100%|HC|  |TAMS 0x0000000704600000, 0x0000000704400000| Untracked 
|  16|0x0000000704600000, 0x0000000704600000, 0x0000000704800000|  0%| F|  |TAMS 0x0000000704600000, 0x0000000704600000| Untracked 
|  17|0x0000000704800000, 0x000000070481a160, 0x0000000704a00000|  5%| S|CS|TAMS 0x0000000704800000, 0x0000000704800000| Complete 
|  18|0x0000000704a00000, 0x0000000704a00000, 0x0000000704c00000|  0%| F|  |TAMS 0x0000000704a00000, 0x0000000704a00000| Untracked 
|  19|0x0000000704c00000, 0x0000000704c00000, 0x0000000704e00000|  0%| F|  |TAMS 0x0000000704c00000, 0x0000000704c00000| Untracked 
|  20|0x0000000704e00000, 0x0000000704e00000, 0x0000000705000000|  0%| F|  |TAMS 0x0000000704e00000, 0x0000000704e00000| Untracked 
|  21|0x0000000705000000, 0x0000000705000000, 0x0000000705200000|  0%| F|  |TAMS 0x0000000705000000, 0x0000000705000000| Untracked 
|  22|0x0000000705200000, 0x0000000705200000, 0x0000000705400000|  0%| F|  |TAMS 0x0000000705200000, 0x0000000705200000| Untracked 
|  23|0x0000000705400000, 0x0000000705400000, 0x0000000705600000|  0%| F|  |TAMS 0x0000000705400000, 0x0000000705400000| Untracked 
|  24|0x0000000705600000, 0x0000000705600000, 0x0000000705800000|  0%| F|  |TAMS 0x0000000705600000, 0x0000000705600000| Untracked 
|  25|0x0000000705800000, 0x0000000705800000, 0x0000000705a00000|  0%| F|  |TAMS 0x0000000705800000, 0x0000000705800000| Untracked 
| 104|0x000000070f600000, 0x000000070f749f18, 0x000000070f800000| 64%| E|  |TAMS 0x000000070f600000, 0x000000070f600000| Complete 
| 105|0x000000070f800000, 0x000000070fa00000, 0x000000070fa00000|100%| E|CS|TAMS 0x000000070f800000, 0x000000070f800000| Complete 
| 126|0x0000000712200000, 0x0000000712400000, 0x0000000712400000|100%| E|CS|TAMS 0x0000000712200000, 0x0000000712200000| Complete 

Card table byte_map: [0x000001e4fd7e0000,0x000001e4fdfd0000] _byte_map_base: 0x000001e4f9fcd000

Marking Bits (Prev, Next): (CMBitMap*) 0x000001e4f55601f0, (CMBitMap*) 0x000001e4f5560230
 Prev Bits: [0x000001e48f000000, 0x000001e492f68000)
 Next Bits: [0x000001e492f70000, 0x000001e496ed8000)

Polling page: 0x000001e4f3210000

Metaspace:

Usage:
  Non-class:     31.77 MB used.
      Class:      3.77 MB used.
       Both:     35.54 MB used.

Virtual space:
  Non-class space:       64.00 MB reserved,      31.88 MB ( 50%) committed,  1 nodes.
      Class space:        1.00 GB reserved,       3.88 MB ( <1%) committed,  1 nodes.
             Both:        1.06 GB reserved,      35.75 MB (  3%) committed. 

Chunk freelists:
   Non-Class:  15.83 MB
       Class:  12.17 MB
        Both:  28.00 MB

MaxMetaspaceSize: unlimited
CompressedClassSpaceSize: 1.00 GB
Initial GC threshold: 21.00 MB
Current GC threshold: 59.63 MB
CDS: on
MetaspaceReclaimPolicy: balanced
 - commit_granule_bytes: 65536.
 - commit_granule_words: 8192.
 - virtual_space_node_default_size: 8388608.
 - enlarge_chunks_in_place: 1.
 - new_chunks_are_fully_committed: 0.
 - uncommit_free_chunks: 1.
 - use_allocation_guard: 0.
 - handle_deallocations: 1.


Internal statistics:

num_allocs_failed_limit: 3.
num_arena_births: 160.
num_arena_deaths: 0.
num_vsnodes_births: 2.
num_vsnodes_deaths: 0.
num_space_committed: 572.
num_space_uncommitted: 0.
num_chunks_returned_to_freelist: 3.
num_chunks_taken_from_freelist: 1124.
num_chunk_merges: 3.
num_chunk_splits: 975.
num_chunks_enlarged: 891.
num_inconsistent_stats: 0.

CodeHeap 'non-profiled nmethods': size=120000Kb used=5857Kb max_used=5857Kb free=114142Kb
 bounds [0x000001e487ad0000, 0x000001e488090000, 0x000001e48f000000]
CodeHeap 'profiled nmethods': size=120000Kb used=11033Kb max_used=13076Kb free=108966Kb
 bounds [0x000001e480000000, 0x000001e480ce0000, 0x000001e487530000]
CodeHeap 'non-nmethods': size=5760Kb used=1903Kb max_used=1984Kb free=3857Kb
 bounds [0x000001e487530000, 0x000001e4877a0000, 0x000001e487ad0000]
 total_blobs=7338 nmethods=5945 adapters=1304
 compilation: enabled
              stopped_count=0, restarted_count=0
 full_count=0

Compilation events (20 events):
Event: 100.169 Thread 0x000001e4febd1a40 nmethod 7305 0x000001e48807e190 code [0x000001e48807e320, 0x000001e48807e5d8]
Event: 100.931 Thread 0x000001e4febd1a40 7306       4       androidx.compose.runtime.ComposerImpl$realizeDowns$1::invoke (20 bytes)
Event: 100.938 Thread 0x000001e4febd1a40 nmethod 7306 0x000001e48807e790 code [0x000001e48807e940, 0x000001e48807ef08]
Event: 101.431 Thread 0x000001e4febd1a40 7307       4       androidx.compose.ui.graphics.SimpleGraphicsLayerModifier$measure$1::invoke (12 bytes)
Event: 101.433 Thread 0x000001e4febd1a40 nmethod 7307 0x000001e487ff4690 code [0x000001e487ff4820, 0x000001e487ff4998]
Event: 101.485 Thread 0x000001e4febd1a40 7308       4       kotlinx.coroutines.scheduling.CoroutineScheduler::signalCpuWork (25 bytes)
Event: 101.492 Thread 0x000001e4febd1a40 nmethod 7308 0x000001e48807f310 code [0x000001e48807f4e0, 0x000001e48807f8c8]
Event: 101.497 Thread 0x000001e4febd1a40 7309       4       kotlinx.coroutines.scheduling.CoroutineScheduler$Worker::afterTask (76 bytes)
Event: 101.499 Thread 0x000001e4febd1a40 nmethod 7309 0x000001e48807fd10 code [0x000001e48807fea0, 0x000001e488080078]
Event: 101.681 Thread 0x000001e4febd1a40 7310       4       androidx.compose.foundation.layout.PaddingModifier$measure$1::invoke (12 bytes)
Event: 101.687 Thread 0x000001e4febd1a40 nmethod 7310 0x000001e488080210 code [0x000001e488080420, 0x000001e488080a58]
Event: 101.881 Thread 0x000001e4febd1a40 7311       4       androidx.compose.ui.input.pointer.SuspendingPointerInputFilterKt$pointerInput$2::invoke (20 bytes)
Event: 101.901 Thread 0x000001e4febd1a40 nmethod 7311 0x000001e488081090 code [0x000001e488081380, 0x000001e488082568]
Event: 101.947 Thread 0x000001e4febd1a40 7312       4       androidx.compose.ui.input.pointer.SuspendingPointerInputFilterKt::pointerInput (55 bytes)
Event: 101.950 Thread 0x000001e4febd1a40 nmethod 7312 0x000001e488083710 code [0x000001e4880838a0, 0x000001e488083af8]
Event: 102.431 Thread 0x000001e4febd1a40 7313       4       androidx.compose.ui.platform.SkiaLayer::updateLayerProperties-dDxr-wY (164 bytes)
Event: 102.454 Thread 0x000001e4febd1a40 nmethod 7313 0x000001e488083d10 code [0x000001e488083fa0, 0x000001e488085b00]
Event: 102.505 Thread 0x000001e4febd5500 7314       3       java.util.IdentityHashMap$IdentityHashMapIterator::nextIndex (72 bytes)
Event: 102.505 Thread 0x000001e4febd5500 nmethod 7314 0x000001e480678f90 code [0x000001e480679160, 0x000001e4806795a8]
Event: 102.518 Thread 0x000001e4febd1a40 7315       4       androidx.compose.foundation.layout.SizeModifier::getTargetConstraints-OenEA2s (242 bytes)

GC Heap History (20 events):
Event: 61.717 GC heap before
{Heap before GC invocations=29 (full 1):
 garbage-first heap   total 59392K, used 25049K [0x0000000702600000, 0x0000000800000000)
  region size 2048K, 2 young (4096K), 1 survivors (2048K)
 Metaspace       used 36354K, committed 36608K, reserved 1114112K
  class space    used 3855K, committed 3968K, reserved 1048576K
}
Event: 61.752 GC heap after
{Heap after GC invocations=30 (full 2):
 garbage-first heap   total 59392K, used 24390K [0x0000000702600000, 0x0000000800000000)
  region size 2048K, 0 young (0K), 0 survivors (0K)
 Metaspace       used 36354K, committed 36608K, reserved 1114112K
  class space    used 3855K, committed 3968K, reserved 1048576K
}
Event: 66.513 GC heap before
{Heap before GC invocations=30 (full 2):
 garbage-first heap   total 59392K, used 51014K [0x0000000702600000, 0x0000000800000000)
  region size 2048K, 13 young (26624K), 0 survivors (0K)
 Metaspace       used 36354K, committed 36608K, reserved 1114112K
  class space    used 3855K, committed 3968K, reserved 1048576K
}
Event: 66.514 GC heap after
{Heap after GC invocations=31 (full 2):
 garbage-first heap   total 59392K, used 24533K [0x0000000702600000, 0x0000000800000000)
  region size 2048K, 1 young (2048K), 1 survivors (2048K)
 Metaspace       used 36354K, committed 36608K, reserved 1114112K
  class space    used 3855K, committed 3968K, reserved 1048576K
}
Event: 70.808 GC heap before
{Heap before GC invocations=31 (full 2):
 garbage-first heap   total 59392K, used 49109K [0x0000000702600000, 0x0000000800000000)
  region size 2048K, 13 young (26624K), 1 survivors (2048K)
 Metaspace       used 36356K, committed 36608K, reserved 1114112K
  class space    used 3855K, committed 3968K, reserved 1048576K
}
Event: 70.809 GC heap after
{Heap after GC invocations=32 (full 2):
 garbage-first heap   total 59392K, used 24539K [0x0000000702600000, 0x0000000800000000)
  region size 2048K, 1 young (2048K), 1 survivors (2048K)
 Metaspace       used 36356K, committed 36608K, reserved 1114112K
  class space    used 3855K, committed 3968K, reserved 1048576K
}
Event: 75.155 GC heap before
{Heap before GC invocations=32 (full 2):
 garbage-first heap   total 59392K, used 49115K [0x0000000702600000, 0x0000000800000000)
  region size 2048K, 13 young (26624K), 1 survivors (2048K)
 Metaspace       used 36359K, committed 36608K, reserved 1114112K
  class space    used 3855K, committed 3968K, reserved 1048576K
}
Event: 75.156 GC heap after
{Heap after GC invocations=33 (full 2):
 garbage-first heap   total 59392K, used 24551K [0x0000000702600000, 0x0000000800000000)
  region size 2048K, 1 young (2048K), 1 survivors (2048K)
 Metaspace       used 36359K, committed 36608K, reserved 1114112K
  class space    used 3855K, committed 3968K, reserved 1048576K
}
Event: 80.134 GC heap before
{Heap before GC invocations=33 (full 2):
 garbage-first heap   total 59392K, used 49127K [0x0000000702600000, 0x0000000800000000)
  region size 2048K, 13 young (26624K), 1 survivors (2048K)
 Metaspace       used 36361K, committed 36608K, reserved 1114112K
  class space    used 3856K, committed 3968K, reserved 1048576K
}
Event: 80.135 GC heap after
{Heap after GC invocations=34 (full 2):
 garbage-first heap   total 59392K, used 24567K [0x0000000702600000, 0x0000000800000000)
  region size 2048K, 1 young (2048K), 1 survivors (2048K)
 Metaspace       used 36361K, committed 36608K, reserved 1114112K
  class space    used 3856K, committed 3968K, reserved 1048576K
}
Event: 85.629 GC heap before
{Heap before GC invocations=34 (full 2):
 garbage-first heap   total 59392K, used 49143K [0x0000000702600000, 0x0000000800000000)
  region size 2048K, 13 young (26624K), 1 survivors (2048K)
 Metaspace       used 36361K, committed 36608K, reserved 1114112K
  class space    used 3856K, committed 3968K, reserved 1048576K
}
Event: 85.631 GC heap after
{Heap after GC invocations=35 (full 2):
 garbage-first heap   total 59392K, used 24582K [0x0000000702600000, 0x0000000800000000)
  region size 2048K, 1 young (2048K), 1 survivors (2048K)
 Metaspace       used 36361K, committed 36608K, reserved 1114112K
  class space    used 3856K, committed 3968K, reserved 1048576K
}
Event: 90.675 GC heap before
{Heap before GC invocations=35 (full 2):
 garbage-first heap   total 59392K, used 49158K [0x0000000702600000, 0x0000000800000000)
  region size 2048K, 13 young (26624K), 1 survivors (2048K)
 Metaspace       used 36361K, committed 36608K, reserved 1114112K
  class space    used 3856K, committed 3968K, reserved 1048576K
}
Event: 90.676 GC heap after
{Heap after GC invocations=36 (full 2):
 garbage-first heap   total 59392K, used 24605K [0x0000000702600000, 0x0000000800000000)
  region size 2048K, 1 young (2048K), 1 survivors (2048K)
 Metaspace       used 36361K, committed 36608K, reserved 1114112K
  class space    used 3856K, committed 3968K, reserved 1048576K
}
Event: 91.768 GC heap before
{Heap before GC invocations=36 (full 2):
 garbage-first heap   total 59392K, used 28701K [0x0000000702600000, 0x0000000800000000)
  region size 2048K, 4 young (8192K), 1 survivors (2048K)
 Metaspace       used 36364K, committed 36608K, reserved 1114112K
  class space    used 3856K, committed 3968K, reserved 1048576K
}
Event: 91.807 GC heap after
{Heap after GC invocations=37 (full 3):
 garbage-first heap   total 59392K, used 24449K [0x0000000702600000, 0x0000000800000000)
  region size 2048K, 0 young (0K), 0 survivors (0K)
 Metaspace       used 36364K, committed 36608K, reserved 1114112K
  class space    used 3856K, committed 3968K, reserved 1048576K
}
Event: 96.852 GC heap before
{Heap before GC invocations=37 (full 3):
 garbage-first heap   total 59392K, used 49025K [0x0000000702600000, 0x0000000800000000)
  region size 2048K, 12 young (24576K), 0 survivors (0K)
 Metaspace       used 36364K, committed 36608K, reserved 1114112K
  class space    used 3856K, committed 3968K, reserved 1048576K
}
Event: 96.853 GC heap after
{Heap after GC invocations=38 (full 3):
 garbage-first heap   total 59392K, used 24551K [0x0000000702600000, 0x0000000800000000)
  region size 2048K, 1 young (2048K), 1 survivors (2048K)
 Metaspace       used 36364K, committed 36608K, reserved 1114112K
  class space    used 3856K, committed 3968K, reserved 1048576K
}
Event: 101.597 GC heap before
{Heap before GC invocations=38 (full 3):
 garbage-first heap   total 59392K, used 47079K [0x0000000702600000, 0x0000000800000000)
  region size 2048K, 12 young (24576K), 1 survivors (2048K)
 Metaspace       used 36367K, committed 36608K, reserved 1114112K
  class space    used 3856K, committed 3968K, reserved 1048576K
}
Event: 101.599 GC heap after
{Heap after GC invocations=39 (full 3):
 garbage-first heap   total 59392K, used 24554K [0x0000000702600000, 0x0000000800000000)
  region size 2048K, 1 young (2048K), 1 survivors (2048K)
 Metaspace       used 36367K, committed 36608K, reserved 1114112K
  class space    used 3856K, committed 3968K, reserved 1048576K
}

Dll operation events (14 events):
Event: 0.011 Loaded shared library C:\Users\HP\.jdks\corretto-17.0.7\bin\java.dll
Event: 0.026 Loaded shared library C:\Users\HP\.jdks\corretto-17.0.7\bin\jsvml.dll
Event: 0.210 Loaded shared library C:\Users\HP\.jdks\corretto-17.0.7\bin\zip.dll
Event: 0.213 Loaded shared library C:\Users\HP\.jdks\corretto-17.0.7\bin\instrument.dll
Event: 0.220 Loaded shared library C:\Users\HP\.jdks\corretto-17.0.7\bin\net.dll
Event: 0.222 Loaded shared library C:\Users\HP\.jdks\corretto-17.0.7\bin\nio.dll
Event: 0.230 Loaded shared library C:\Users\HP\.jdks\corretto-17.0.7\bin\zip.dll
Event: 0.331 Loaded shared library C:\Program Files\JetBrains\IntelliJ IDEA Community Edition 2021.3.2\bin\breakgen64.dll
Event: 0.539 Loaded shared library C:\Users\HP\.jdks\corretto-17.0.7\bin\jimage.dll
Event: 0.543 Loaded shared library C:\Users\HP\.jdks\corretto-17.0.7\bin\awt.dll
Event: 1.648 Loaded shared library C:\Users\HP\.skiko\0de0d8dd8554d9bb66cfca3837db6514ff9b71080e998917280a3b777460a416\skiko-windows-x64.dll
Event: 2.184 Loaded shared library C:\Users\HP\.jdks\corretto-17.0.7\bin\freetype.dll
Event: 2.186 Loaded shared library C:\Users\HP\.jdks\corretto-17.0.7\bin\fontmanager.dll
Event: 6.423 Loaded shared library C:\Users\HP\AppData\Local\io-realm-kotlin\f7113120ba00ba1ff91d696eecd3919e85a4e34e\realmc.dll

Deoptimization events (20 events):
Event: 75.995 Thread 0x000001e49da98450 Uncommon trap: trap_request=0xffffffde fr.pc=0x000001e487dd6e28 relative=0x00000000000039a8
Event: 75.995 Thread 0x000001e49da98450 Uncommon trap: reason=class_check action=maybe_recompile pc=0x000001e487dd6e28 method=java.awt.EventQueue.dispatchEventImpl(Ljava/awt/AWTEvent;Ljava/lang/Object;)V @ 18 c2
Event: 75.995 Thread 0x000001e49da98450 DEOPT PACKING pc=0x000001e487dd6e28 sp=0x00000072552ff110
Event: 75.995 Thread 0x000001e49da98450 DEOPT UNPACKING pc=0x000001e4875869a3 sp=0x00000072552fedf8 mode 2
Event: 84.329 Thread 0x000001e49da98450 Uncommon trap: trap_request=0xffffff6e fr.pc=0x000001e488064270 relative=0x0000000000005f50
Event: 84.329 Thread 0x000001e49da98450 Uncommon trap: reason=loop_limit_check action=maybe_recompile pc=0x000001e488064270 method=androidx.compose.ui.ComposeScene.hoveredOwner(Landroidx/compose/ui/input/pointer/PointerInputEvent;)Landroidx/compose/ui/platform/SkiaBasedOwner; @ 28 c2
Event: 84.329 Thread 0x000001e49da98450 DEOPT PACKING pc=0x000001e488064270 sp=0x00000072552feb60
Event: 84.329 Thread 0x000001e49da98450 DEOPT UNPACKING pc=0x000001e4875869a3 sp=0x00000072552fe638 mode 2
Event: 102.508 Thread 0x000001e49e29b0f0 Uncommon trap: trap_request=0xffffff5c fr.pc=0x000001e487d91700 relative=0x0000000000000300
Event: 102.508 Thread 0x000001e49e29b0f0 Uncommon trap: reason=speculate_null_check action=make_not_entrant pc=0x000001e487d91700 method=java.util.concurrent.locks.AbstractQueuedSynchronizer.enqueue(Ljava/util/concurrent/locks/AbstractQueuedSynchronizer$Node;)V @ 15 c2
Event: 102.508 Thread 0x000001e49e29b0f0 DEOPT PACKING pc=0x000001e487d91700 sp=0x00000072566fe290
Event: 102.508 Thread 0x000001e49e29b0f0 DEOPT UNPACKING pc=0x000001e4875869a3 sp=0x00000072566fe248 mode 2
Event: 102.514 Thread 0x000001e49e29bf60 Uncommon trap: trap_request=0xffffff45 fr.pc=0x000001e487d91b80 relative=0x00000000000000e0
Event: 102.514 Thread 0x000001e49e209ba0 Uncommon trap: trap_request=0xffffff45 fr.pc=0x000001e487d91b80 relative=0x00000000000000e0
Event: 102.514 Thread 0x000001e49e29bf60 Uncommon trap: reason=unstable_if action=reinterpret pc=0x000001e487d91b80 method=java.util.concurrent.locks.AbstractQueuedSynchronizer$ConditionNode.isReleasable()Z @ 14 c2
Event: 102.514 Thread 0x000001e49e209ba0 Uncommon trap: reason=unstable_if action=reinterpret pc=0x000001e487d91b80 method=java.util.concurrent.locks.AbstractQueuedSynchronizer$ConditionNode.isReleasable()Z @ 14 c2
Event: 102.514 Thread 0x000001e49e29bf60 DEOPT PACKING pc=0x000001e487d91b80 sp=0x00000072561fefd0
Event: 102.514 Thread 0x000001e49e29bf60 DEOPT UNPACKING pc=0x000001e4875869a3 sp=0x00000072561fee38 mode 2
Event: 102.514 Thread 0x000001e49e209ba0 DEOPT PACKING pc=0x000001e487d91b80 sp=0x0000007255dff090
Event: 102.514 Thread 0x000001e49e209ba0 DEOPT UNPACKING pc=0x000001e4875869a3 sp=0x0000007255dfeef8 mode 2

Classes unloaded (0 events):
No events

Classes redefined (0 events):
No events

Internal exceptions (20 events):
Event: 2.003 Thread 0x000001e49da98450 Exception <a 'java/lang/ClassNotFoundException'{0x0000000710ddc6b8}: com/sun/swing/internal/plaf/basic/resources/spi/basicProvider> (0x0000000710ddc6b8) 
thrown [s\src\hotspot\share\classfile\systemDictionary.cpp, line 256]
Event: 2.016 Thread 0x000001e49da98450 Implicit null exception at 0x000001e487b575a0 to 0x000001e487b57cd5
Event: 2.021 Thread 0x000001e49da98450 Implicit null exception at 0x000001e487b03810 to 0x000001e487b03be4
Event: 2.021 Thread 0x000001e49da98450 Implicit null exception at 0x000001e487af8a90 to 0x000001e487af8e48
Event: 2.059 Thread 0x000001e49da98450 Exception <a 'java/lang/NoSuchMethodError'{0x0000000710af0c78}: 'void java.lang.invoke.DirectMethodHandle$Holder.invokeStatic(java.lang.Object, java.lang.Object, java.lang.Object)'> (0x0000000710af0c78) 
thrown [s\src\hotspot\share\interpreter\linkResolver.cpp, line 759]
Event: 2.178 Thread 0x000001e49da98450 Exception <a 'java/lang/NoSuchMethodError'{0x00000007109c1898}: 'void java.lang.invoke.DirectMethodHandle$Holder.invokeStaticInit(java.lang.Object)'> (0x00000007109c1898) 
thrown [s\src\hotspot\share\interpreter\linkResolver.cpp, line 759]
Event: 2.402 Thread 0x000001e49da98450 Exception <a 'java/lang/NoSuchMethodError'{0x0000000711c1f5f0}: 'int java.lang.invoke.DirectMethodHandle$Holder.invokeStaticInit(java.lang.Object, java.lang.Object, java.lang.Object)'> (0x0000000711c1f5f0) 
thrown [s\src\hotspot\share\interpreter\linkResolver.cpp, line 759]
Event: 2.846 Thread 0x000001e49d7dccd0 Exception <a 'java/lang/NoSuchMethodError'{0x0000000710901118}: 'void java.lang.invoke.DirectMethodHandle$Holder.invokeVirtual(java.lang.Object, java.lang.Object)'> (0x0000000710901118) 
thrown [s\src\hotspot\share\interpreter\linkResolver.cpp, line 759]
Event: 5.724 Thread 0x000001e49da98450 Exception <a 'java/lang/NoSuchMethodError'{0x0000000704b85ce0}: 'int java.lang.invoke.DirectMethodHandle$Holder.invokeStaticInit(java.lang.Object, long, long)'> (0x0000000704b85ce0) 
thrown [s\src\hotspot\share\interpreter\linkResolver.cpp, line 759]
Event: 6.308 Thread 0x000001e49da98450 Exception <a 'java/lang/NoSuchMethodError'{0x0000000712212ea0}: 'java.lang.Object java.lang.invoke.DirectMethodHandle$Holder.newInvokeSpecial(java.lang.Object, int, java.lang.Object)'> (0x0000000712212ea0) 
thrown [s\src\hotspot\share\interpreter\linkResolver.cpp, line 759]
Event: 6.329 Thread 0x000001e49da98450 Implicit null exception at 0x000001e487b2a8d3 to 0x000001e487b2b364
Event: 19.990 Thread 0x000001e49da98450 Implicit null exception at 0x000001e487ae3340 to 0x000001e487ae3d28
Event: 21.387 Thread 0x000001e49da98450 Implicit null exception at 0x000001e487b5ed68 to 0x000001e487b5f3bc
Event: 21.388 Thread 0x000001e49da98450 Implicit null exception at 0x000001e487affc91 to 0x000001e487b0199c
Event: 41.135 Thread 0x000001e49da98450 Implicit null exception at 0x000001e487bd6115 to 0x000001e487bda55c
Event: 44.318 Thread 0x000001e49da98450 Implicit null exception at 0x000001e487b0612c to 0x000001e487b06928
Event: 44.325 Thread 0x000001e49da98450 Implicit null exception at 0x000001e487e1c940 to 0x000001e487e1cc8c
Event: 45.364 Thread 0x000001e49da98450 Implicit null exception at 0x000001e487db24e9 to 0x000001e487db3118
Event: 50.427 Thread 0x000001e49da98450 Implicit null exception at 0x000001e487ff4de0 to 0x000001e487ff9b1c
Event: 51.925 Thread 0x000001e49da98450 Implicit null exception at 0x000001e487ef4744 to 0x000001e487ef6ac0

VM Operations (20 events):
Event: 83.140 Executing VM operation: Cleanup
Event: 83.140 Executing VM operation: Cleanup done
Event: 84.145 Executing VM operation: Cleanup
Event: 84.145 Executing VM operation: Cleanup done
Event: 85.629 Executing VM operation: G1CollectForAllocation
Event: 85.631 Executing VM operation: G1CollectForAllocation done
Event: 90.675 Executing VM operation: G1CollectForAllocation
Event: 90.676 Executing VM operation: G1CollectForAllocation done
Event: 91.767 Executing VM operation: G1CollectFull
Event: 91.807 Executing VM operation: G1CollectFull done
Event: 93.827 Executing VM operation: Cleanup
Event: 93.829 Executing VM operation: Cleanup done
Event: 95.844 Executing VM operation: Cleanup
Event: 95.844 Executing VM operation: Cleanup done
Event: 96.852 Executing VM operation: G1CollectForAllocation
Event: 96.853 Executing VM operation: G1CollectForAllocation done
Event: 99.892 Executing VM operation: Cleanup
Event: 99.892 Executing VM operation: Cleanup done
Event: 101.597 Executing VM operation: G1CollectForAllocation
Event: 101.599 Executing VM operation: G1CollectForAllocation done

Events (20 events):
Event: 58.882 Thread 0x000001e49d080760 flushing nmethod 0x000001e4809f3a90
Event: 58.882 Thread 0x000001e49d080760 flushing nmethod 0x000001e4809f8590
Event: 58.882 Thread 0x000001e49d080760 flushing nmethod 0x000001e480a05010
Event: 58.882 Thread 0x000001e49d080760 flushing nmethod 0x000001e480a12910
Event: 58.882 Thread 0x000001e49d080760 flushing nmethod 0x000001e480a19990
Event: 58.882 Thread 0x000001e49d080760 flushing nmethod 0x000001e480a7f490
Event: 58.883 Thread 0x000001e49d080760 flushing nmethod 0x000001e480ae5b10
Event: 58.884 Thread 0x000001e49d080760 flushing nmethod 0x000001e480c90d90
Event: 58.884 Thread 0x000001e49d080760 flushing nmethod 0x000001e480cc9990
Event: 102.504 loading class jdk/internal/misc/Signal$1
Event: 102.504 loading class jdk/internal/misc/Signal$1 done
Event: 102.504 Thread 0x000001e49e2980d0 Thread added: 0x000001e49e2980d0
Event: 102.504 Thread 0x000001e49e2998e0 Thread added: 0x000001e49e2998e0
Event: 102.504 Thread 0x000001e49e29d2a0 Thread added: 0x000001e49e29d2a0
Event: 102.505 Thread 0x000001e49e29b0f0 Thread added: 0x000001e49e29b0f0
Event: 102.505 Thread 0x000001e49e29d2a0 Thread exited: 0x000001e49e29d2a0
Event: 102.514 Thread 0x000001e49e29b0f0 Thread exited: 0x000001e49e29b0f0
Event: 102.514 Thread 0x000001e49e209ba0 Thread exited: 0x000001e49e209ba0
Event: 102.514 Thread 0x000001e49e29bf60 Thread exited: 0x000001e49e29bf60
Event: 102.516 Thread 0x000001e49d7dccd0 Thread exited: 0x000001e49d7dccd0


Dynamic libraries:
0x00007ff76c870000 - 0x00007ff76c87d000 	C:\Users\HP\.jdks\corretto-17.0.7\bin\java.exe
0x00007ffae8e70000 - 0x00007ffae9068000 	C:\Windows\SYSTEM32\ntdll.dll
0x00007ffae85d0000 - 0x00007ffae868f000 	C:\Windows\System32\KERNEL32.DLL
0x00007ffae6550000 - 0x00007ffae6846000 	C:\Windows\System32\KERNELBASE.dll
0x00007ffae6b90000 - 0x00007ffae6c90000 	C:\Windows\System32\ucrtbase.dll
0x00007ffad3b70000 - 0x00007ffad3b87000 	C:\Users\HP\.jdks\corretto-17.0.7\bin\jli.dll
0x00007ffae7e80000 - 0x00007ffae801d000 	C:\Windows\System32\USER32.dll
0x00007ffae6c90000 - 0x00007ffae6cb2000 	C:\Windows\System32\win32u.dll
0x00007ffae7e20000 - 0x00007ffae7e4c000 	C:\Windows\System32\GDI32.dll
0x00007ffae6d10000 - 0x00007ffae6e25000 	C:\Windows\System32\gdi32full.dll
0x00007ffae6e30000 - 0x00007ffae6ecd000 	C:\Windows\System32\msvcp_win.dll
0x00007ffac1d40000 - 0x00007ffac1d55000 	C:\Users\HP\.jdks\corretto-17.0.7\bin\VCRUNTIME140.dll
0x00007ffacc090000 - 0x00007ffacc32a000 	C:\Windows\WinSxS\amd64_microsoft.windows.common-controls_6595b64144ccf1df_6.0.19041.1110_none_60b5254171f9507e\COMCTL32.dll
0x00007ffae8900000 - 0x00007ffae899e000 	C:\Windows\System32\msvcrt.dll
0x00007ffae7e50000 - 0x00007ffae7e80000 	C:\Windows\System32\IMM32.DLL
0x00007ffa9d440000 - 0x00007ffa9d4db000 	C:\Users\HP\.jdks\corretto-17.0.7\bin\msvcp140.dll
0x00007ffa1ec20000 - 0x00007ffa1f83a000 	C:\Users\HP\.jdks\corretto-17.0.7\bin\server\jvm.dll
0x00007ffae7550000 - 0x00007ffae75ff000 	C:\Windows\System32\ADVAPI32.dll
0x00007ffae8730000 - 0x00007ffae87cc000 	C:\Windows\System32\sechost.dll
0x00007ffae87d0000 - 0x00007ffae88f6000 	C:\Windows\System32\RPCRT4.dll
0x00007ffadc340000 - 0x00007ffadc349000 	C:\Windows\SYSTEM32\WSOCK32.dll
0x00007ffae8560000 - 0x00007ffae85cb000 	C:\Windows\System32\WS2_32.dll
0x00007ffacbdc0000 - 0x00007ffacbde7000 	C:\Windows\SYSTEM32\WINMM.dll
0x00007ffadc780000 - 0x00007ffadc78a000 	C:\Windows\SYSTEM32\VERSION.dll
0x00007ffae4d40000 - 0x00007ffae4d52000 	C:\Windows\SYSTEM32\kernel.appcore.dll
0x00007ffac90f0000 - 0x00007ffac90fa000 	C:\Users\HP\.jdks\corretto-17.0.7\bin\jimage.dll
0x00007ffae1260000 - 0x00007ffae1444000 	C:\Windows\SYSTEM32\DBGHELP.DLL
0x00007ffacded0000 - 0x00007ffacdf04000 	C:\Windows\SYSTEM32\dbgcore.DLL
0x00007ffae6b00000 - 0x00007ffae6b82000 	C:\Windows\System32\bcryptPrimitives.dll
0x00007ffadcc90000 - 0x00007ffadcc9e000 	C:\Users\HP\.jdks\corretto-17.0.7\bin\instrument.dll
0x00007ffabfe20000 - 0x00007ffabfe45000 	C:\Users\HP\.jdks\corretto-17.0.7\bin\java.dll
0x00007ffa70430000 - 0x00007ffa70506000 	C:\Users\HP\.jdks\corretto-17.0.7\bin\jsvml.dll
0x00007ffae76d0000 - 0x00007ffae7e14000 	C:\Windows\System32\SHELL32.dll
0x00007ffae4590000 - 0x00007ffae4d24000 	C:\Windows\SYSTEM32\windows.storage.dll
0x00007ffae89a0000 - 0x00007ffae8cf4000 	C:\Windows\System32\combase.dll
0x00007ffae5dd0000 - 0x00007ffae5dfe000 	C:\Windows\SYSTEM32\Wldp.dll
0x00007ffae6f80000 - 0x00007ffae702d000 	C:\Windows\System32\SHCORE.dll
0x00007ffae8020000 - 0x00007ffae8075000 	C:\Windows\System32\shlwapi.dll
0x00007ffae6480000 - 0x00007ffae64a5000 	C:\Windows\SYSTEM32\profapi.dll
0x00007ffab6270000 - 0x00007ffab6288000 	C:\Users\HP\.jdks\corretto-17.0.7\bin\zip.dll
0x00007ffabfe00000 - 0x00007ffabfe19000 	C:\Users\HP\.jdks\corretto-17.0.7\bin\net.dll
0x00007ffad78b0000 - 0x00007ffad79ba000 	C:\Windows\SYSTEM32\WINHTTP.dll
0x00007ffae5bb0000 - 0x00007ffae5c1a000 	C:\Windows\system32\mswsock.dll
0x00007ffabfde0000 - 0x00007ffabfdf5000 	C:\Users\HP\.jdks\corretto-17.0.7\bin\nio.dll
0x00007ffad3b30000 - 0x00007ffad3b4a000 	C:\Program Files\JetBrains\IntelliJ IDEA Community Edition 2021.3.2\bin\breakgen64.dll
0x00007ffa71490000 - 0x00007ffa71639000 	C:\Users\HP\.jdks\corretto-17.0.7\bin\awt.dll
0x00007ffae7600000 - 0x00007ffae76cd000 	C:\Windows\System32\OLEAUT32.dll
0x00007ffae02d0000 - 0x00007ffae0361000 	C:\Windows\SYSTEM32\apphelp.dll
0x00007ffae0ac0000 - 0x00007ffae0b5e000 	C:\Windows\system32\uxtheme.dll
0x00007ffae7340000 - 0x00007ffae7454000 	C:\Windows\System32\MSCTF.dll
0x00007ffae8d00000 - 0x00007ffae8e2a000 	C:\Windows\System32\ole32.dll
0x00007ffae0bd0000 - 0x00007ffae0bff000 	C:\Windows\system32\DWMAPI.DLL
0x00007ffab5940000 - 0x00007ffab5a65000 	C:\Windows\system32\opengl32.dll
0x00007ffab58d0000 - 0x00007ffab58fc000 	C:\Windows\SYSTEM32\GLU32.dll
0x00007ffae5e10000 - 0x00007ffae5e28000 	C:\Windows\SYSTEM32\CRYPTSP.dll
0x00007ffae54f0000 - 0x00007ffae5524000 	C:\Windows\system32\rsaenh.dll
0x00007ffae6a60000 - 0x00007ffae6a87000 	C:\Windows\System32\bcrypt.dll
0x00007ffae6400000 - 0x00007ffae642e000 	C:\Windows\SYSTEM32\USERENV.dll
0x00007ffae5d40000 - 0x00007ffae5d4c000 	C:\Windows\SYSTEM32\CRYPTBASE.dll
0x00007ffae58c0000 - 0x00007ffae58fc000 	C:\Windows\SYSTEM32\IPHLPAPI.DLL
0x00007ffae8080000 - 0x00007ffae8088000 	C:\Windows\System32\NSI.dll
0x00007ffad7d60000 - 0x00007ffad7d77000 	C:\Windows\SYSTEM32\dhcpcsvc6.DLL
0x00007ffad7d40000 - 0x00007ffad7d5d000 	C:\Windows\SYSTEM32\dhcpcsvc.DLL
0x00007ffae5900000 - 0x00007ffae59ca000 	C:\Windows\SYSTEM32\DNSAPI.dll
0x00007ffa65290000 - 0x00007ffa662dc000 	C:\Users\HP\.skiko\0de0d8dd8554d9bb66cfca3837db6514ff9b71080e998917280a3b777460a416\skiko-windows-x64.dll
0x00007ffaa83c0000 - 0x00007ffaa8443000 	C:\Users\HP\.jdks\corretto-17.0.7\bin\freetype.dll
0x00007ffa9d1b0000 - 0x00007ffa9d272000 	C:\Users\HP\.jdks\corretto-17.0.7\bin\fontmanager.dll
0x00007ffadcbe0000 - 0x00007ffadcbe7000 	C:\Users\HP\.jdks\corretto-17.0.7\bin\jawt.dll
0x00007ffae4db0000 - 0x00007ffae4ea3000 	C:\Windows\SYSTEM32\Dxgi.dll
0x00007ffad3b10000 - 0x00007ffad3b30000 	C:\Windows\SYSTEM32\D3D12.dll
0x00007ffa712c0000 - 0x00007ffa7148d000 	C:\Windows\SYSTEM32\D3D12Core.dll
0x00007ffad9fc0000 - 0x00007ffad9ffb000 	C:\Windows\SYSTEM32\dxcore.dll
0x00007ffae6cc0000 - 0x00007ffae6d0e000 	C:\Windows\System32\cfgmgr32.dll
0x00007ffad4b80000 - 0x00007ffad7799000 	C:\Windows\System32\DriverStore\FileRepository\igdlh64.inf_amd64_e6daaea9afe1e6f6\igc64.dll
0x00007ffa63080000 - 0x00007ffa64553000 	C:\Windows\System32\DriverStore\FileRepository\igdlh64.inf_amd64_e6daaea9afe1e6f6\igd12umd64.dll
0x00007ffad7ac0000 - 0x00007ffad7d17000 	C:\Windows\System32\DriverStore\FileRepository\igdlh64.inf_amd64_e6daaea9afe1e6f6\igdgmm64.dll
0x00007ffa64e80000 - 0x00007ffa6528b000 	C:\Windows\System32\DriverStore\FileRepository\igdlh64.inf_amd64_e6daaea9afe1e6f6\igdml64.dll
0x00007ffac7070000 - 0x00007ffac709b000 	C:\Windows\SYSTEM32\D3DSCache.dll
0x00007ffa59780000 - 0x00007ffa5df82000 	C:\Windows\System32\DriverStore\FileRepository\igdlh64.inf_amd64_e6daaea9afe1e6f6\igd12dxva64.dll
0x00007ffae80f0000 - 0x00007ffae855e000 	C:\Windows\System32\SETUPAPI.dll
0x00007ffa84fc0000 - 0x00007ffa84fe7000 	C:\Windows\System32\DriverStore\FileRepository\igdlh64.inf_amd64_e6daaea9afe1e6f6\igdinfo64.dll
0x00007ffadd380000 - 0x00007ffadd587000 	C:\Windows\SYSTEM32\twinapi.appcore.dll
0x00007ffae6ed0000 - 0x00007ffae6f79000 	C:\Windows\System32\clbcatq.dll
0x00007ffa620a0000 - 0x00007ffa63072000 	C:\Windows\System32\DriverStore\FileRepository\igdlh64.inf_amd64_e6daaea9afe1e6f6\ig9icd64.dll
0x00007ffae63b0000 - 0x00007ffae63fb000 	C:\Windows\SYSTEM32\powrprof.dll
0x00007ffae6390000 - 0x00007ffae63a2000 	C:\Windows\SYSTEM32\UMPDC.dll
0x00007ffad15d0000 - 0x00007ffad184f000 	C:\Windows\SYSTEM32\dwrite.dll
0x00007ffad3160000 - 0x00007ffad3259000 	C:\Windows\SYSTEM32\textinputframework.dll
0x00007ffadffb0000 - 0x00007ffae00a2000 	C:\Windows\System32\CoreMessaging.dll
0x00007ffadfc50000 - 0x00007ffadffae000 	C:\Windows\System32\CoreUIComponents.dll
0x00007ffae5630000 - 0x00007ffae5663000 	C:\Windows\SYSTEM32\ntmarta.dll
0x00007ffade8f0000 - 0x00007ffadea44000 	C:\Windows\SYSTEM32\wintypes.dll
0x00007ffa617e0000 - 0x00007ffa62092000 	C:\Users\HP\AppData\Local\io-realm-kotlin\f7113120ba00ba1ff91d696eecd3919e85a4e34e\realmc.dll
0x00007ffae6900000 - 0x00007ffae6a5e000 	C:\Windows\System32\CRYPT32.dll

dbghelp: loaded successfully - version: 4.0.5 - missing functions: none
symbol engine: initialized successfully - sym options: 0x614 - pdb path: .;C:\Users\HP\.jdks\corretto-17.0.7\bin;C:\Windows\SYSTEM32;C:\Windows\WinSxS\amd64_microsoft.windows.common-controls_6595b64144ccf1df_6.0.19041.1110_none_60b5254171f9507e;C:\Users\HP\.jdks\corretto-17.0.7\bin\server;C:\Program Files\JetBrains\IntelliJ IDEA Community Edition 2021.3.2\bin;C:\Users\HP\.skiko\0de0d8dd8554d9bb66cfca3837db6514ff9b71080e998917280a3b777460a416;C:\Windows\System32\DriverStore\FileRepository\igdlh64.inf_amd64_e6daaea9afe1e6f6;C:\Users\HP\AppData\Local\io-realm-kotlin\f7113120ba00ba1ff91d696eecd3919e85a4e34e

VM Arguments:
jvm_args: -Djava.library.path=C:\Users\HP\Desktop\demo-compose-desktop\build\classes\kotlin\jvm\main;C:\Users\HP\Desktop\demo-compose-desktop\build\processedResources\jvm\main -javaagent:C:\Program Files\JetBrains\IntelliJ IDEA Community Edition 2021.3.2\lib\idea_rt.jar=54694:C:\Program Files\JetBrains\IntelliJ IDEA Community Edition 2021.3.2\bin -Dfile.encoding=UTF-8 
java_command: MainKt
java_class_path (initial): C:\Users\HP\Desktop\demo-compose-desktop\build\classes\kotlin\jvm\main;C:\Users\HP\Desktop\demo-compose-desktop\build\processedResources\jvm\main;C:\Users\HP\.gradle\caches\modules-2\files-2.1\io.insert-koin\koin-androidx-compose\3.4.5\ae0a88b7a68d507e651c5a3d70a541594bea54cb\koin-androidx-compose-3.4.5.aar;C:\Users\HP\.gradle\caches\modules-2\files-2.1\androidx.navigation\navigation-compose\2.6.0\3f8ce7b0bad21cced0c47b42b6347c65a6e422c3\navigation-compose-2.6.0.aar;C:\Users\HP\.gradle\caches\modules-2\files-2.1\org.jetbrains.kotlin\kotlin-stdlib-jdk8\1.8.21\67f57e154437cd9e6e9cf368394b95814836ff88\kotlin-stdlib-jdk8-1.8.21.jar;C:\Users\HP\.gradle\caches\modules-2\files-2.1\org.apache.poi\poi-ooxml\4.1.2\87d9a22aa9a7dd26e80c360e709f7ee02e32ab3b\poi-ooxml-4.1.2.jar;C:\Users\HP\.gradle\caches\modules-2\files-2.1\org.apache.poi\poi\4.1.2\964bf41cf68bce08e4ef6b2279b559fdf8d454f4\poi-4.1.2.jar;C:\Users\HP\.gradle\caches\modules-2\files-2.1\org.lwjgl\lwjgl-nfd\3.3.1\622318116996ddcff449b46cb38f0fdee39b8ac3\lwjgl-nfd-3.3.1.jar;C:\Users\HP\.gradle\caches\modules-2\files-2.1\org.lwjgl\lwjgl-nfd\3.3.1\2e007667e04ed3281152ae5c6e677fb1c2211691\lwjgl-nfd-3.3.1-natives-linux.jar;C:\Users\HP\.gradle\caches\modules-2\files-2.1\org.lwjgl\lwjgl\3.3.1\ae58664f88e18a9bb2c77b063833ca7aaec484cb\lwjgl-3.3.1.jar;C:\Users\HP\.gradle\caches\modules-2\files-2.1\io.insert-koin\koin-android\3.4.0\48715fbe06102a59a30bd45b06ed2400c16c6f45\koin-android-3.4.0.aar;C:\Users\HP\.gradle\caches\modules-2\files-2.1\org.lwjgl\lwjgl-nfd\3.3.1\b3e04e317f55dd738d8a345cdafd15b39f85a2ea\lwjgl-nfd-3.3.1-natives-linux-arm32.jar;C:\Users\HP\.gradle\caches\modules-2\files-2.1\androidx.lifecycle\lifecycle-viewmodel-compose\2.6.1\38cf3bb65ff3e0e5c3d63de2ebf5411d0898108c\lifecycle-viewmodel-compose-2.6.1.aar;C:\Users\HP\.gradle\caches\modules-2\files-2.1\org.lwjgl\lwjgl-nfd\3.3.1\f41dc62336f7ee4ab35705cfa440cc903d199165\lwjgl-nfd-3.3.1-natives-linux-arm64.jar;C:\Users\HP\.gradle\caches\mo
Launcher Type: SUN_STANDARD

[Global flags]
     intx CICompilerCount                          = 3                                         {product} {ergonomic}
     uint ConcGCThreads                            = 1                                         {product} {ergonomic}
     uint G1ConcRefinementThreads                  = 4                                         {product} {ergonomic}
   size_t G1HeapRegionSize                         = 2097152                                   {product} {ergonomic}
    uintx GCDrainStackTargetSize                   = 64                                        {product} {ergonomic}
   size_t InitialHeapSize                          = 266338304                                 {product} {ergonomic}
   size_t MarkStackSize                            = 4194304                                   {product} {ergonomic}
   size_t MaxHeapSize                              = 4255121408                                {product} {ergonomic}
   size_t MaxNewSize                               = 2552233984                                {product} {ergonomic}
   size_t MinHeapDeltaBytes                        = 2097152                                   {product} {ergonomic}
   size_t MinHeapSize                              = 8388608                                   {product} {ergonomic}
    uintx NonNMethodCodeHeapSize                   = 5832780                                {pd product} {ergonomic}
    uintx NonProfiledCodeHeapSize                  = 122912730                              {pd product} {ergonomic}
    uintx ProfiledCodeHeapSize                     = 122912730                              {pd product} {ergonomic}
    uintx ReservedCodeCacheSize                    = 251658240                              {pd product} {ergonomic}
     bool SegmentedCodeCache                       = true                                      {product} {ergonomic}
   size_t SoftMaxHeapSize                          = 4255121408                             {manageable} {ergonomic}
     bool UseCompressedClassPointers               = true                           {product lp64_product} {ergonomic}
     bool UseCompressedOops                        = true                           {product lp64_product} {ergonomic}
     bool UseG1GC                                  = true                                      {product} {ergonomic}
     bool UseLargePagesIndividualAllocation        = false                                  {pd product} {ergonomic}

Logging:
Log output configuration:
 #0: stdout all=warning uptime,level,tags
 #1: stderr all=off uptime,level,tags

Environment Variables:
PATH=C:\Program Files\Common Files\Oracle\Java\javapath;C:\Program Files (x86)\Common Files\Oracle\Java\javapath;C:\Windows\system32;C:\Windows;C:\Windows\System32\Wbem;C:\Windows\System32\WindowsPowerShell\v1.0\;C:\Windows\System32\OpenSSH\;C:\xampp\php;C:\ProgramData\ComposerSetup\bin;C:\Program Files\nodejs\;C:\Program Files (x86)\Intel\Intel(R) Management Engine Components\DAL;C:\Program Files\Intel\Intel(R) Management Engine Components\DAL;C:\Program Files\Git\cmd;C:\Program Files\Fortect;C:\Users\HP\AppData\Local\Microsoft\WindowsApps;C:\Program Files\JetBrains\IntelliJ IDEA Community Edition 2021.3.2\bin;C:\Users\HP\AppData\Local\Programs\Microsoft VS Code\bin;C:\Users\HP\AppData\Local\JetBrains\Toolbox\scripts;C:\Users\HP\AppData\Local\GitHubDesktop\bin;C:\Users\HP\Desktop\camp\flutter_windows_3.7.6-stable\flutter\bin;C:\Users\HP\AppData\Roaming\Composer\vendor\bin;C:\Users\HP\AppData\Roaming\npm
USERNAME=HP
OS=Windows_NT
PROCESSOR_IDENTIFIER=Intel64 Family 6 Model 142 Stepping 9, GenuineIntel
TMP=C:\Users\HP\AppData\Local\Temp
TEMP=C:\Users\HP\AppData\Local\Temp



---------------  S Y S T E M  ---------------

OS:
 Windows 10 , 64 bit Build 19041 (10.0.19041.3155)
OS uptime: 0 days 22:55 hours
Hyper-V role detected

CPU: total 4 (initial active 4) (2 cores per cpu, 2 threads per core) family 6 model 142 stepping 9 microcode 0xf2, cx8, cmov, fxsr, ht, mmx, 3dnowpref, sse, sse2, sse3, ssse3, sse4.1, sse4.2, popcnt, lzcnt, tsc, tscinvbit, avx, avx2, aes, erms, clmul, bmi1, bmi2, rtm, adx, fma, vzeroupper, clflush, clflushopt, hv

Memory: 4k page, system-wide physical 16224M (6387M free)
TotalPageFile size 32096M (AvailPageFile size 20008M)
current process WorkingSet (physical memory assigned to process): 260M, peak: 312M
current process commit charge ("private bytes"): 265M, peak: 435M

vm_info: OpenJDK 64-Bit Server VM (17.0.7+7-LTS) for windows-amd64 JRE (17.0.7+7-LTS), built on Apr 14 2023 01:39:21 by "Administrator" with MS VC++ 15.9 (VS2017)

END.
