#
# A fatal error has been detected by the Java Runtime Environment:
#
#  EXCEPTION_ACCESS_VIOLATION (0xc0000005) at pc=0x00007ffa6337ebe3, pid=15692, tid=8588
#
# JRE version: OpenJDK Runtime Environment Corretto-17.0.7.7.1 (17.0.7+7) (build 17.0.7+7-LTS)
# Java VM: OpenJDK 64-Bit Server VM Corretto-17.0.7.7.1 (17.0.7+7-LTS, mixed mode, sharing, tiered, compressed oops, compressed class ptrs, g1 gc, windows-amd64)
# Problematic frame:
# C  [ig9icd64.dll+0x9bebe3]
#
# No core dump will be written. Minidumps are not enabled by default on client versions of Windows
#
# If you would like to submit a bug report, please visit:
#   https://github.com/corretto/corretto-17/issues/
# The crash happened outside the Java Virtual Machine in native code.
# See problematic frame for where to report the bug.
#

---------------  S U M M A R Y ------------

Command Line: -Djava.library.path=C:\Users\HP\Desktop\demo-compose-desktop\build\classes\kotlin\jvm\main;C:\Users\HP\Desktop\demo-compose-desktop\build\processedResources\jvm\main -javaagent:C:\Program Files\JetBrains\IntelliJ IDEA Community Edition 2021.3.2\lib\idea_rt.jar=56252:C:\Program Files\JetBrains\IntelliJ IDEA Community Edition 2021.3.2\bin -Dfile.encoding=UTF-8 MainKt

Host: Intel(R) Core(TM) i5-7300U CPU @ 2.60GHz, 4 cores, 15G,  Windows 10 , 64 bit Build 19041 (10.0.19041.3155)
Time: Wed Jul 12 14:50:58 2023 Libya Standard Time elapsed time: 22.818172 seconds (0d 0h 0m 22s)

---------------  T H R E A D  ---------------

Current thread (0x000001c17589e430):  JavaThread "AWT-EventQueue-0" [_thread_in_native, id=8588, stack(0x000000c13e000000,0x000000c13e100000)]

Stack: [0x000000c13e000000,0x000000c13e100000],  sp=0x000000c13e0fc948,  free space=1010k
Native frames: (J=compiled Java code, j=interpreted, Vv=VM code, C=native code)
C  [ig9icd64.dll+0x9bebe3]

Java frames: (J=compiled Java code, j=interpreted, Vv=VM code)
J 4765  org.jetbrains.skia.DirectContextKt.DirectContext_nFlush(J)V (0 bytes) @ 0x000001c15e11dee9 [0x000001c15e11dea0+0x0000000000000049]
J 4764 c1 org.jetbrains.skiko.context.ContextHandler.flush()V (17 bytes) @ 0x000001c156d2b0dc [0x000001c156d2af60+0x000000000000017c]
J 4753 c1 org.jetbrains.skiko.context.ContextHandler.draw()V (91 bytes) @ 0x000001c156d212e4 [0x000001c156d207e0+0x0000000000000b04]
J 4779 c1 org.jetbrains.skiko.redrawer.WindowsOpenGLRedrawer.draw()V (288 bytes) @ 0x000001c156d33e3c [0x000001c156d33720+0x000000000000071c]
J 4481 c1 org.jetbrains.skiko.redrawer.WindowsOpenGLRedrawer$Companion$frameDispatcher$1.invokeSuspend(Ljava/lang/Object;)Ljava/lang/Object; (379 bytes) @ 0x000001c156c75974 [0x000001c156c74600+0x0000000000001374]
J 4776 c1 org.jetbrains.skiko.redrawer.WindowsOpenGLRedrawer$Companion$frameDispatcher$1.invoke(Ljava/lang/Object;)Ljava/lang/Object; (9 bytes) @ 0x000001c156d32384 [0x000001c156d31e20+0x0000000000000564]
J 4472 c1 org.jetbrains.skiko.FrameDispatcher$job$1.invokeSuspend(Ljava/lang/Object;)Ljava/lang/Object; (156 bytes) @ 0x000001c156c70fc4 [0x000001c156c70620+0x00000000000009a4]
J 4508 c2 kotlin.coroutines.jvm.internal.BaseContinuationImpl.resumeWith(Ljava/lang/Object;)V (128 bytes) @ 0x000001c15e0faef4 [0x000001c15e0faea0+0x0000000000000054]
J 4883 c2 kotlinx.coroutines.DispatchedTask.run()V (571 bytes) @ 0x000001c15e14e5c8 [0x000001c15e14e220+0x00000000000003a8]
J 4821 c2 java.awt.EventQueue.dispatchEvent(Ljava/awt/AWTEvent;)V java.desktop@17.0.7 (80 bytes) @ 0x000001c15e131600 [0x000001c15e130fe0+0x0000000000000620]
J 4858 c2 java.awt.EventDispatchThread.pumpOneEventForFilters(I)V java.desktop@17.0.7 (113 bytes) @ 0x000001c15e13b42c [0x000001c15e13ad40+0x00000000000006ec]
j  java.awt.EventDispatchThread.pumpEventsForFilter(ILjava/awt/Conditional;Ljava/awt/EventFilter;)V+35 java.desktop@17.0.7
j  java.awt.EventDispatchThread.pumpEventsForHierarchy(ILjava/awt/Conditional;Ljava/awt/Component;)V+11 java.desktop@17.0.7
j  java.awt.EventDispatchThread.pumpEvents(ILjava/awt/Conditional;)V+4 java.desktop@17.0.7
j  java.awt.EventDispatchThread.pumpEvents(Ljava/awt/Conditional;)V+3 java.desktop@17.0.7
j  java.awt.EventDispatchThread.run()V+9 java.desktop@17.0.7
v  ~StubRoutines::call_stub

siginfo: EXCEPTION_ACCESS_VIOLATION (0xc0000005), reading address 0x00007ffda35a1110


Register to memory mapping:

RIP=0x00007ffa6337ebe3 ig9icd64.dll
RAX=0x000000000fff0fff is an unknown value
RBX=0x00007ffa629c0000 ig9icd64.dll
RCX=0x000000033fcf3fcc is an unknown value
RDX=0x000000c13e0fce60 is pointing into the stack for thread: 0x000001c17589e430
RSP=0x000000c13e0fc948 is pointing into the stack for thread: 0x000001c17589e430
RBP=0x000000c13e0fca50 is pointing into the stack for thread: 0x000001c17589e430
RSI=0x000001c1779cc6c0 points into unknown readable memory: 0x000001c1779933c0 | c0 33 99 77 c1 01 00 00
RDI=0x000000c13e0fcc50 is pointing into the stack for thread: 0x000001c17589e430
R8 =0x000000c13e0fca80 is pointing into the stack for thread: 0x000001c17589e430
R9 =0x000000c13e0fce60 is pointing into the stack for thread: 0x000001c17589e430
R10=0x000000c13e0fcc50 is pointing into the stack for thread: 0x000001c17589e430
R11=0x0 is NULL
R12=0x00007ffa637f15e0 ig9icd64.dll
R13=0x0 is NULL
R14=0x0 is NULL
R15=0x00000000000001c1 is an unknown value


Registers:
RAX=0x000000000fff0fff, RBX=0x00007ffa629c0000, RCX=0x000000033fcf3fcc, RDX=0x000000c13e0fce60
RSP=0x000000c13e0fc948, RBP=0x000000c13e0fca50, RSI=0x000001c1779cc6c0, RDI=0x000000c13e0fcc50
R8 =0x000000c13e0fca80, R9 =0x000000c13e0fce60, R10=0x000000c13e0fcc50, R11=0x0000000000000000
R12=0x00007ffa637f15e0, R13=0x0000000000000000, R14=0x0000000000000000, R15=0x00000000000001c1
RIP=0x00007ffa6337ebe3, EFLAGS=0x0000000000010206

Top of Stack: (sp=0x000000c13e0fc948)
0x000000c13e0fc948:   00007ffa6337c31b 0000000000000001
0x000000c13e0fc958:   0000000000000000 000001c17f75e800
0x000000c13e0fc968:   00007ffad7ac2622 000000c100000065
0x000000c13e0fc978:   000000c13e0fcb80 0000000000000000
0x000000c13e0fc988:   000001c17ebc71d0 0000000000000000
0x000000c13e0fc998:   000001c1783dfc40 000001c17f75e8e0
0x000000c13e0fc9a8:   0000000000001100 0000000000000000
0x000000c13e0fc9b8:   0000000000000000 000000c13e0fcb30
0x000000c13e0fc9c8:   00007ffa630179c0 0000000000000000
0x000000c13e0fc9d8:   0000000000000000 0000000000000000
0x000000c13e0fc9e8:   0000000000000000 00003e04cc33b205
0x000000c13e0fc9f8:   00007ffa629d6555 000001c17f75e8e0
0x000000c13e0fca08:   0000000000000001 0000000000000000
0x000000c13e0fca18:   00007ffae8e9b86b 0000000002c50159
0x000000c13e0fca28:   00000000000000f4 000001c17eb86870
0x000000c13e0fca38:   0000000000000000 0000000000000000 

Instructions: (pc=0x00007ffa6337ebe3)
0x00007ffa6337eae3:   c1 75 31 00 48 89 51 08 48 89 01 8b 44 24 28 89
0x00007ffa6337eaf3:   41 20 8b 44 24 30 89 41 24 48 8b c1 4c 89 41 10
0x00007ffa6337eb03:   4c 89 49 18 c3 cc cc cc cc cc cc cc cc 48 89 5c
0x00007ffa6337eb13:   24 08 8b 41 5c 48 8d 1d e1 14 64 ff 41 89 40 08
0x00007ffa6337eb23:   4c 8b d1 8b 41 60 45 33 db 41 89 40 0c 4c 8b ca
0x00007ffa6337eb33:   8b 41 64 41 89 40 10 8b 41 68 41 89 40 14 8b 41
0x00007ffa6337eb43:   6c 41 89 40 18 8b 41 70 41 89 40 1c 48 63 41 74
0x00007ffa6337eb53:   48 6b c8 34 8b 84 19 44 d1 ee 00 41 89 40 20 8b
0x00007ffa6337eb63:   84 19 48 d1 ee 00 41 89 40 24 8b 84 19 4c d1 ee
0x00007ffa6337eb73:   00 41 89 40 28 8b 84 19 50 d1 ee 00 41 89 40 2c
0x00007ffa6337eb83:   8b 84 19 34 d1 ee 00 41 89 40 30 8b 84 19 38 d1
0x00007ffa6337eb93:   ee 00 41 89 40 34 8b 84 19 3c d1 ee 00 41 89 40
0x00007ffa6337eba3:   38 8b 84 19 40 d1 ee 00 41 89 40 3c 8b 84 19 24
0x00007ffa6337ebb3:   d1 ee 00 41 89 40 40 8b 84 19 28 d1 ee 00 41 89
0x00007ffa6337ebc3:   40 44 8b 84 19 2c d1 ee 00 41 89 40 48 8b 84 19
0x00007ffa6337ebd3:   30 d1 ee 00 41 89 40 4c 49 63 42 78 48 6b c8 34
0x00007ffa6337ebe3:   8b 84 19 44 d1 ee 00 41 89 40 50 8b 84 19 48 d1
0x00007ffa6337ebf3:   ee 00 41 89 40 54 8b 84 19 4c d1 ee 00 41 89 40
0x00007ffa6337ec03:   58 8b 84 19 50 d1 ee 00 41 89 40 5c 8b 84 19 34
0x00007ffa6337ec13:   d1 ee 00 41 89 40 60 8b 84 19 38 d1 ee 00 41 89
0x00007ffa6337ec23:   40 64 8b 84 19 3c d1 ee 00 41 89 40 68 8b 84 19
0x00007ffa6337ec33:   40 d1 ee 00 41 89 40 6c 8b 84 19 24 d1 ee 00 41
0x00007ffa6337ec43:   89 40 70 8b 84 19 28 d1 ee 00 41 89 40 74 8b 84
0x00007ffa6337ec53:   19 2c d1 ee 00 41 89 40 78 8b 84 19 30 d1 ee 00
0x00007ffa6337ec63:   41 89 40 7c 48 8b 42 18 8b 88 38 0b 00 00 f6 c1
0x00007ffa6337ec73:   08 0f 84 86 00 00 00 8b 80 3c 0b 00 00 41 89 80
0x00007ffa6337ec83:   80 00 00 00 48 8b 42 18 8b 88 40 0b 00 00 41 89
0x00007ffa6337ec93:   88 84 00 00 00 48 8b 42 18 8b 88 44 0b 00 00 41
0x00007ffa6337eca3:   89 88 88 00 00 00 48 8b 42 18 8b 88 48 0b 00 00
0x00007ffa6337ecb3:   41 89 88 8c 00 00 00 48 8b 42 18 8b 88 4c 0b 00
0x00007ffa6337ecc3:   00 41 89 88 90 00 00 00 48 8b 42 18 8b 88 50 0b
0x00007ffa6337ecd3:   00 00 41 89 88 94 00 00 00 48 8b 42 18 8b 88 54 


Stack slot to memory mapping:
stack at sp + 0 slots: 0x00007ffa6337c31b ig9icd64.dll
stack at sp + 1 slots: 0x0000000000000001 is an unknown value
stack at sp + 2 slots: 0x0 is NULL
stack at sp + 3 slots: 0x000001c17f75e800 points into unknown readable memory: 0x0000000000000000 | 00 00 00 00 00 00 00 00
stack at sp + 4 slots: 0x00007ffad7ac2622 igdgmm64.dll
stack at sp + 5 slots: 0x000000c100000065 is an unknown value
stack at sp + 6 slots: 0x000000c13e0fcb80 is pointing into the stack for thread: 0x000001c17589e430
stack at sp + 7 slots: 0x0 is NULL


---------------  P R O C E S S  ---------------

Threads class SMR info:
_java_thread_list=0x000001c1782eda30, length=28, elements={
0x000001c14e917190, 0x000001c170fc8cb0, 0x000001c170fc9b20, 0x000001c170fdbbf0,
0x000001c170fe07b0, 0x000001c170fe3670, 0x000001c170fe4020, 0x000001c170fe4db0,
0x000001c170fed770, 0x000001c170fee070, 0x000001c175219300, 0x000001c1755fa940,
0x000001c1755fae10, 0x000001c175a6d040, 0x000001c175a6d910, 0x000001c17589e430,
0x000001c176269300, 0x000001c1761f0470, 0x000001c1762aac10, 0x000001c17710b4d0,
0x000001c17710e4f0, 0x000001c17710b000, 0x000001c17710e020, 0x000001c17e978c20,
0x000001c17e97b2a0, 0x000001c17e9748c0, 0x000001c17e975c00, 0x000001c17e9778e0
}

Java Threads: ( => current thread )
  0x000001c14e917190 JavaThread "main" [_thread_blocked, id=3764, stack(0x000000c13c900000,0x000000c13ca00000)]
  0x000001c170fc8cb0 JavaThread "Reference Handler" daemon [_thread_blocked, id=17992, stack(0x000000c13d000000,0x000000c13d100000)]
  0x000001c170fc9b20 JavaThread "Finalizer" daemon [_thread_blocked, id=10872, stack(0x000000c13d100000,0x000000c13d200000)]
  0x000001c170fdbbf0 JavaThread "Signal Dispatcher" daemon [_thread_blocked, id=10316, stack(0x000000c13d200000,0x000000c13d300000)]
  0x000001c170fe07b0 JavaThread "Attach Listener" daemon [_thread_blocked, id=18060, stack(0x000000c13d300000,0x000000c13d400000)]
  0x000001c170fe3670 JavaThread "Service Thread" daemon [_thread_blocked, id=19400, stack(0x000000c13d400000,0x000000c13d500000)]
  0x000001c170fe4020 JavaThread "Monitor Deflation Thread" daemon [_thread_blocked, id=7280, stack(0x000000c13d500000,0x000000c13d600000)]
  0x000001c170fe4db0 JavaThread "C2 CompilerThread0" daemon [_thread_blocked, id=7588, stack(0x000000c13d600000,0x000000c13d700000)]
  0x000001c170fed770 JavaThread "C1 CompilerThread0" daemon [_thread_blocked, id=10560, stack(0x000000c13d700000,0x000000c13d800000)]
  0x000001c170fee070 JavaThread "Sweeper thread" daemon [_thread_blocked, id=8112, stack(0x000000c13d800000,0x000000c13d900000)]
  0x000001c175219300 JavaThread "Common-Cleaner" daemon [_thread_blocked, id=17928, stack(0x000000c13d900000,0x000000c13da00000)]
  0x000001c1755fa940 JavaThread "Monitor Ctrl-Break" daemon [_thread_in_native, id=12520, stack(0x000000c13da00000,0x000000c13db00000)]
  0x000001c1755fae10 JavaThread "Notification Thread" daemon [_thread_blocked, id=7112, stack(0x000000c13db00000,0x000000c13dc00000)]
  0x000001c175a6d040 JavaThread "Java2D Disposer" daemon [_thread_blocked, id=19472, stack(0x000000c13e100000,0x000000c13e200000)]
  0x000001c175a6d910 JavaThread "AWT-Shutdown" [_thread_blocked, id=16572, stack(0x000000c13e200000,0x000000c13e300000)]
=>0x000001c17589e430 JavaThread "AWT-EventQueue-0" [_thread_in_native, id=8588, stack(0x000000c13e000000,0x000000c13e100000)]
  0x000001c176269300 JavaThread "Reference Cleaner" daemon [_thread_blocked, id=7172, stack(0x000000c13e500000,0x000000c13e600000)]
  0x000001c1761f0470 JavaThread "DefaultDispatcher-worker-1" daemon [_thread_blocked, id=11128, stack(0x000000c13e600000,0x000000c13e700000)]
  0x000001c1762aac10 JavaThread "DefaultDispatcher-worker-2" daemon [_thread_blocked, id=3400, stack(0x000000c13e700000,0x000000c13e800000)]
  0x000001c17710b4d0 JavaThread "DefaultDispatcher-worker-3" daemon [_thread_blocked, id=19776, stack(0x000000c13e800000,0x000000c13e900000)]
  0x000001c17710e4f0 JavaThread "kotlinx.coroutines.DefaultExecutor" daemon [_thread_blocked, id=17512, stack(0x000000c13e900000,0x000000c13ea00000)]
  0x000001c17710b000 JavaThread "TimerQueue" daemon [_thread_blocked, id=9532, stack(0x000000c13e400000,0x000000c13e500000)]
  0x000001c17710e020 JavaThread "RealmFinalizingDaemon" daemon [_thread_blocked, id=19452, stack(0x000000c13ee00000,0x000000c13ef00000)]
  0x000001c17e978c20 JavaThread "core-notifier" daemon [_thread_in_native, id=8968, stack(0x000000c13f000000,0x000000c13f100000)]
  0x000001c17e97b2a0 JavaThread "DefaultDispatcher-worker-4" daemon [_thread_blocked, id=1740, stack(0x000000c13f200000,0x000000c13f300000)]
  0x000001c17e9748c0 JavaThread "DefaultDispatcher-worker-5" daemon [_thread_blocked, id=17488, stack(0x000000c13f300000,0x000000c13f400000)]
  0x000001c17e975c00 JavaThread "DefaultDispatcher-worker-6" daemon [_thread_blocked, id=16952, stack(0x000000c13f400000,0x000000c13f500000)]
  0x000001c17e9778e0 JavaThread "SIGINT handler" daemon [_thread_blocked, id=19340, stack(0x000000c13f500000,0x000000c13f600000)]

Other Threads:
  0x000001c170fc41a0 VMThread "VM Thread" [stack: 0x000000c13cf00000,0x000000c13d000000] [id=5604]
  0x000001c14e918140 WatcherThread [stack: 0x000000c13dc00000,0x000000c13dd00000] [id=5936]
  0x000001c14e9820e0 GCTaskThread "GC Thread#0" [stack: 0x000000c13ca00000,0x000000c13cb00000] [id=11812]
  0x000001c17589d580 GCTaskThread "GC Thread#1" [stack: 0x000000c13dd00000,0x000000c13de00000] [id=11224]
  0x000001c17589d830 GCTaskThread "GC Thread#2" [stack: 0x000000c13de00000,0x000000c13df00000] [id=19416]
  0x000001c17589dae0 GCTaskThread "GC Thread#3" [stack: 0x000000c13df00000,0x000000c13e000000] [id=11524]
  0x000001c14e992db0 ConcurrentGCThread "G1 Main Marker" [stack: 0x000000c13cb00000,0x000000c13cc00000] [id=17596]
  0x000001c14e9937c0 ConcurrentGCThread "G1 Conc#0" [stack: 0x000000c13cc00000,0x000000c13cd00000] [id=784]
  0x000001c14e9cdbc0 ConcurrentGCThread "G1 Refine#0" [stack: 0x000000c13cd00000,0x000000c13ce00000] [id=20384]
  0x000001c14e9ce5e0 ConcurrentGCThread "G1 Service" [stack: 0x000000c13ce00000,0x000000c13cf00000] [id=11604]

Threads with active compile tasks:

VM state: not at safepoint (normal execution)

VM Mutex/Monitor currently owned by a thread: None

Heap address: 0x0000000702600000, size: 4058 MB, Compressed Oops mode: Zero based, Oop shift amount: 3

CDS archive(s) mapped at: [0x0000000800000000-0x0000000800bc0000-0x0000000800bc0000), size 12320768, SharedBaseAddress: 0x0000000800000000, ArchiveRelocationMode: 0.
Compressed class space mapped at: 0x0000000801000000-0x0000000841000000, reserved size: 1073741824
Narrow klass base: 0x0000000800000000, Narrow klass shift: 0, Narrow klass range: 0x100000000

GC Precious Log:
 CPUs: 4 total, 4 available
 Memory: 16224M
 Large Page Support: Disabled
 NUMA Support: Disabled
 Compressed Oops: Enabled (Zero based)
 Heap Region Size: 2M
 Heap Min Capacity: 8M
 Heap Initial Capacity: 254M
 Heap Max Capacity: 4058M
 Pre-touch: Disabled
 Parallel Workers: 4
 Concurrent Workers: 1
 Concurrent Refinement Workers: 4
 Periodic GC: Disabled

Heap:
 garbage-first heap   total 155648K, used 52076K [0x0000000702600000, 0x0000000800000000)
  region size 2048K, 14 young (28672K), 2 survivors (4096K)
 Metaspace       used 34243K, committed 34432K, reserved 1114112K
  class space    used 3739K, committed 3840K, reserved 1048576K

Heap Regions: E=young(eden), S=young(survivor), O=old, HS=humongous(starts), HC=humongous(continues), CS=collection set, F=free, OA=open archive, CA=closed archive, TAMS=top-at-mark-start (previous, next)
|   0|0x0000000702600000, 0x0000000702800000, 0x0000000702800000|100%|HS|  |TAMS 0x0000000702800000, 0x0000000702600000| Complete 
|   1|0x0000000702800000, 0x0000000702a00000, 0x0000000702a00000|100%| O|  |TAMS 0x0000000702a00000, 0x0000000702800000| Untracked 
|   2|0x0000000702a00000, 0x0000000702c00000, 0x0000000702c00000|100%| O|  |TAMS 0x0000000702c00000, 0x0000000702a00000| Untracked 
|   3|0x0000000702c00000, 0x0000000702c50a00, 0x0000000702e00000| 15%| O|  |TAMS 0x0000000702c00000, 0x0000000702c00000| Untracked 
|   4|0x0000000702e00000, 0x0000000702e00000, 0x0000000703000000|  0%| F|  |TAMS 0x0000000702e00000, 0x0000000702e00000| Untracked 
|   5|0x0000000703000000, 0x0000000703000000, 0x0000000703200000|  0%| F|  |TAMS 0x0000000703000000, 0x0000000703000000| Untracked 
|   6|0x0000000703200000, 0x0000000703200000, 0x0000000703400000|  0%| F|  |TAMS 0x0000000703200000, 0x0000000703200000| Untracked 
|   7|0x0000000703400000, 0x0000000703600000, 0x0000000703600000|100%|HS|  |TAMS 0x0000000703400000, 0x0000000703400000| Complete 
|   8|0x0000000703600000, 0x0000000703800000, 0x0000000703800000|100%|HC|  |TAMS 0x0000000703600000, 0x0000000703600000| Complete 
|   9|0x0000000703800000, 0x0000000703a00000, 0x0000000703a00000|100%|HC|  |TAMS 0x0000000703800000, 0x0000000703800000| Complete 
|  10|0x0000000703a00000, 0x0000000703c00000, 0x0000000703c00000|100%| O|  |TAMS 0x0000000703a00000, 0x0000000703a00000| Untracked 
|  11|0x0000000703c00000, 0x0000000703e00000, 0x0000000703e00000|100%| O|  |TAMS 0x0000000703c00000, 0x0000000703c00000| Untracked 
|  12|0x0000000703e00000, 0x0000000704000000, 0x0000000704000000|100%| O|  |TAMS 0x0000000703e00000, 0x0000000703e00000| Untracked 
|  13|0x0000000704000000, 0x0000000704000000, 0x0000000704200000|  0%| F|  |TAMS 0x0000000704000000, 0x0000000704000000| Untracked 
|  14|0x0000000704200000, 0x0000000704200000, 0x0000000704400000|  0%| F|  |TAMS 0x0000000704200000, 0x0000000704200000| Untracked 
|  15|0x0000000704400000, 0x000000070448a8c0, 0x0000000704600000| 27%| S|CS|TAMS 0x0000000704400000, 0x0000000704400000| Complete 
|  16|0x0000000704600000, 0x0000000704800000, 0x0000000704800000|100%| S|CS|TAMS 0x0000000704600000, 0x0000000704600000| Complete 
|  17|0x0000000704800000, 0x0000000704a00000, 0x0000000704a00000|100%|HS|  |TAMS 0x0000000704800000, 0x0000000704800000| Complete 
|  18|0x0000000704a00000, 0x0000000704c00000, 0x0000000704c00000|100%|HC|  |TAMS 0x0000000704a00000, 0x0000000704a00000| Complete 
|  19|0x0000000704c00000, 0x0000000704e00000, 0x0000000704e00000|100%|HC|  |TAMS 0x0000000704c00000, 0x0000000704c00000| Complete 
|  20|0x0000000704e00000, 0x0000000705000000, 0x0000000705000000|100%|HC|  |TAMS 0x0000000704e00000, 0x0000000704e00000| Complete 
|  21|0x0000000705000000, 0x0000000705000000, 0x0000000705200000|  0%| F|  |TAMS 0x0000000705000000, 0x0000000705000000| Untracked 
|  22|0x0000000705200000, 0x0000000705200000, 0x0000000705400000|  0%| F|  |TAMS 0x0000000705200000, 0x0000000705200000| Untracked 
|  23|0x0000000705400000, 0x0000000705400000, 0x0000000705600000|  0%| F|  |TAMS 0x0000000705400000, 0x0000000705400000| Untracked 
|  24|0x0000000705600000, 0x0000000705600000, 0x0000000705800000|  0%| F|  |TAMS 0x0000000705600000, 0x0000000705600000| Untracked 
|  25|0x0000000705800000, 0x0000000705800000, 0x0000000705a00000|  0%| F|  |TAMS 0x0000000705800000, 0x0000000705800000| Untracked 
|  26|0x0000000705a00000, 0x0000000705a00000, 0x0000000705c00000|  0%| F|  |TAMS 0x0000000705a00000, 0x0000000705a00000| Untracked 
|  27|0x0000000705c00000, 0x0000000705c00000, 0x0000000705e00000|  0%| F|  |TAMS 0x0000000705c00000, 0x0000000705c00000| Untracked 
|  28|0x0000000705e00000, 0x0000000705e00000, 0x0000000706000000|  0%| F|  |TAMS 0x0000000705e00000, 0x0000000705e00000| Untracked 
|  29|0x0000000706000000, 0x0000000706000000, 0x0000000706200000|  0%| F|  |TAMS 0x0000000706000000, 0x0000000706000000| Untracked 
|  30|0x0000000706200000, 0x0000000706200000, 0x0000000706400000|  0%| F|  |TAMS 0x0000000706200000, 0x0000000706200000| Untracked 
|  31|0x0000000706400000, 0x0000000706400000, 0x0000000706600000|  0%| F|  |TAMS 0x0000000706400000, 0x0000000706400000| Untracked 
|  32|0x0000000706600000, 0x0000000706600000, 0x0000000706800000|  0%| F|  |TAMS 0x0000000706600000, 0x0000000706600000| Untracked 
|  33|0x0000000706800000, 0x0000000706800000, 0x0000000706a00000|  0%| F|  |TAMS 0x0000000706800000, 0x0000000706800000| Untracked 
|  34|0x0000000706a00000, 0x0000000706a00000, 0x0000000706c00000|  0%| F|  |TAMS 0x0000000706a00000, 0x0000000706a00000| Untracked 
|  35|0x0000000706c00000, 0x0000000706c00000, 0x0000000706e00000|  0%| F|  |TAMS 0x0000000706c00000, 0x0000000706c00000| Untracked 
|  36|0x0000000706e00000, 0x0000000706e00000, 0x0000000707000000|  0%| F|  |TAMS 0x0000000706e00000, 0x0000000706e00000| Untracked 
|  37|0x0000000707000000, 0x0000000707000000, 0x0000000707200000|  0%| F|  |TAMS 0x0000000707000000, 0x0000000707000000| Untracked 
|  38|0x0000000707200000, 0x0000000707200000, 0x0000000707400000|  0%| F|  |TAMS 0x0000000707200000, 0x0000000707200000| Untracked 
|  39|0x0000000707400000, 0x0000000707400000, 0x0000000707600000|  0%| F|  |TAMS 0x0000000707400000, 0x0000000707400000| Untracked 
|  40|0x0000000707600000, 0x0000000707600000, 0x0000000707800000|  0%| F|  |TAMS 0x0000000707600000, 0x0000000707600000| Untracked 
|  41|0x0000000707800000, 0x0000000707800000, 0x0000000707a00000|  0%| F|  |TAMS 0x0000000707800000, 0x0000000707800000| Untracked 
|  42|0x0000000707a00000, 0x0000000707a00000, 0x0000000707c00000|  0%| F|  |TAMS 0x0000000707a00000, 0x0000000707a00000| Untracked 
|  43|0x0000000707c00000, 0x0000000707c00000, 0x0000000707e00000|  0%| F|  |TAMS 0x0000000707c00000, 0x0000000707c00000| Untracked 
|  44|0x0000000707e00000, 0x0000000707e00000, 0x0000000708000000|  0%| F|  |TAMS 0x0000000707e00000, 0x0000000707e00000| Untracked 
|  45|0x0000000708000000, 0x0000000708000000, 0x0000000708200000|  0%| F|  |TAMS 0x0000000708000000, 0x0000000708000000| Untracked 
|  46|0x0000000708200000, 0x0000000708200000, 0x0000000708400000|  0%| F|  |TAMS 0x0000000708200000, 0x0000000708200000| Untracked 
|  47|0x0000000708400000, 0x0000000708400000, 0x0000000708600000|  0%| F|  |TAMS 0x0000000708400000, 0x0000000708400000| Untracked 
|  48|0x0000000708600000, 0x0000000708600000, 0x0000000708800000|  0%| F|  |TAMS 0x0000000708600000, 0x0000000708600000| Untracked 
|  49|0x0000000708800000, 0x0000000708800000, 0x0000000708a00000|  0%| F|  |TAMS 0x0000000708800000, 0x0000000708800000| Untracked 
|  50|0x0000000708a00000, 0x0000000708a00000, 0x0000000708c00000|  0%| F|  |TAMS 0x0000000708a00000, 0x0000000708a00000| Untracked 
|  51|0x0000000708c00000, 0x0000000708c00000, 0x0000000708e00000|  0%| F|  |TAMS 0x0000000708c00000, 0x0000000708c00000| Untracked 
|  52|0x0000000708e00000, 0x0000000708e00000, 0x0000000709000000|  0%| F|  |TAMS 0x0000000708e00000, 0x0000000708e00000| Untracked 
|  53|0x0000000709000000, 0x0000000709000000, 0x0000000709200000|  0%| F|  |TAMS 0x0000000709000000, 0x0000000709000000| Untracked 
|  54|0x0000000709200000, 0x0000000709200000, 0x0000000709400000|  0%| F|  |TAMS 0x0000000709200000, 0x0000000709200000| Untracked 
|  55|0x0000000709400000, 0x0000000709400000, 0x0000000709600000|  0%| F|  |TAMS 0x0000000709400000, 0x0000000709400000| Untracked 
|  56|0x0000000709600000, 0x0000000709600000, 0x0000000709800000|  0%| F|  |TAMS 0x0000000709600000, 0x0000000709600000| Untracked 
|  57|0x0000000709800000, 0x0000000709800000, 0x0000000709a00000|  0%| F|  |TAMS 0x0000000709800000, 0x0000000709800000| Untracked 
|  58|0x0000000709a00000, 0x0000000709a00000, 0x0000000709c00000|  0%| F|  |TAMS 0x0000000709a00000, 0x0000000709a00000| Untracked 
|  59|0x0000000709c00000, 0x0000000709c00000, 0x0000000709e00000|  0%| F|  |TAMS 0x0000000709c00000, 0x0000000709c00000| Untracked 
|  60|0x0000000709e00000, 0x0000000709e00000, 0x000000070a000000|  0%| F|  |TAMS 0x0000000709e00000, 0x0000000709e00000| Untracked 
|  61|0x000000070a000000, 0x000000070a000000, 0x000000070a200000|  0%| F|  |TAMS 0x000000070a000000, 0x000000070a000000| Untracked 
|  62|0x000000070a200000, 0x000000070a200000, 0x000000070a400000|  0%| F|  |TAMS 0x000000070a200000, 0x000000070a200000| Untracked 
|  63|0x000000070a400000, 0x000000070a400000, 0x000000070a600000|  0%| F|  |TAMS 0x000000070a400000, 0x000000070a400000| Untracked 
|  64|0x000000070a600000, 0x000000070a6fa538, 0x000000070a800000| 48%| E|  |TAMS 0x000000070a600000, 0x000000070a600000| Complete 
|  65|0x000000070a800000, 0x000000070aa00000, 0x000000070aa00000|100%| E|CS|TAMS 0x000000070a800000, 0x000000070a800000| Complete 
|  66|0x000000070aa00000, 0x000000070ac00000, 0x000000070ac00000|100%| E|CS|TAMS 0x000000070aa00000, 0x000000070aa00000| Complete 
|  67|0x000000070ac00000, 0x000000070ae00000, 0x000000070ae00000|100%| E|CS|TAMS 0x000000070ac00000, 0x000000070ac00000| Complete 
|  68|0x000000070ae00000, 0x000000070b000000, 0x000000070b000000|100%| E|CS|TAMS 0x000000070ae00000, 0x000000070ae00000| Complete 
|  69|0x000000070b000000, 0x000000070b200000, 0x000000070b200000|100%| E|CS|TAMS 0x000000070b000000, 0x000000070b000000| Complete 
|  70|0x000000070b200000, 0x000000070b400000, 0x000000070b400000|100%| E|CS|TAMS 0x000000070b200000, 0x000000070b200000| Complete 
|  71|0x000000070b400000, 0x000000070b600000, 0x000000070b600000|100%| E|CS|TAMS 0x000000070b400000, 0x000000070b400000| Complete 
|  72|0x000000070b600000, 0x000000070b800000, 0x000000070b800000|100%| E|CS|TAMS 0x000000070b600000, 0x000000070b600000| Complete 
| 104|0x000000070f600000, 0x000000070f800000, 0x000000070f800000|100%| E|CS|TAMS 0x000000070f600000, 0x000000070f600000| Complete 
| 105|0x000000070f800000, 0x000000070fa00000, 0x000000070fa00000|100%| E|CS|TAMS 0x000000070f800000, 0x000000070f800000| Complete 
| 126|0x0000000712200000, 0x0000000712400000, 0x0000000712400000|100%| E|CS|TAMS 0x0000000712200000, 0x0000000712200000| Complete 

Card table byte_map: [0x000001c165c00000,0x000001c1663f0000] _byte_map_base: 0x000001c1623ed000

Marking Bits (Prev, Next): (CMBitMap*) 0x000001c14e982730, (CMBitMap*) 0x000001c14e9826f0
 Prev Bits: [0x000001c16ab50000, 0x000001c16eab8000)
 Next Bits: [0x000001c166be0000, 0x000001c16ab48000)

Polling page: 0x000001c14c760000

Metaspace:

Usage:
  Non-class:     29.79 MB used.
      Class:      3.65 MB used.
       Both:     33.44 MB used.

Virtual space:
  Non-class space:       64.00 MB reserved,      29.88 MB ( 47%) committed,  1 nodes.
      Class space:        1.00 GB reserved,       3.75 MB ( <1%) committed,  1 nodes.
             Both:        1.06 GB reserved,      33.63 MB (  3%) committed. 

Chunk freelists:
   Non-Class:  1.58 MB
       Class:  12.27 MB
        Both:  13.84 MB

MaxMetaspaceSize: unlimited
CompressedClassSpaceSize: 1.00 GB
Initial GC threshold: 21.00 MB
Current GC threshold: 35.13 MB
CDS: on
MetaspaceReclaimPolicy: balanced
 - commit_granule_bytes: 65536.
 - commit_granule_words: 8192.
 - virtual_space_node_default_size: 8388608.
 - enlarge_chunks_in_place: 1.
 - new_chunks_are_fully_committed: 0.
 - uncommit_free_chunks: 1.
 - use_allocation_guard: 0.
 - handle_deallocations: 1.


Internal statistics:

num_allocs_failed_limit: 3.
num_arena_births: 160.
num_arena_deaths: 0.
num_vsnodes_births: 2.
num_vsnodes_deaths: 0.
num_space_committed: 538.
num_space_uncommitted: 0.
num_chunks_returned_to_freelist: 3.
num_chunks_taken_from_freelist: 1066.
num_chunk_merges: 0.
num_chunk_splits: 915.
num_chunks_enlarged: 835.
num_inconsistent_stats: 0.

CodeHeap 'non-profiled nmethods': size=120000Kb used=2502Kb max_used=2502Kb free=117498Kb
 bounds [0x000001c15dee0000, 0x000001c15e160000, 0x000001c165410000]
CodeHeap 'profiled nmethods': size=120000Kb used=9591Kb max_used=9591Kb free=110409Kb
 bounds [0x000001c156410000, 0x000001c156d70000, 0x000001c15d940000]
CodeHeap 'non-nmethods': size=5760Kb used=1893Kb max_used=1945Kb free=3866Kb
 bounds [0x000001c15d940000, 0x000001c15dbb0000, 0x000001c15dee0000]
 total_blobs=6278 nmethods=4897 adapters=1293
 compilation: enabled
              stopped_count=0, restarted_count=0
 full_count=0

Compilation events (20 events):
Event: 22.526 Thread 0x000001c170fed770 4889       3       kotlinx.coroutines.scheduling.CoroutineScheduler$Worker::idleReset (52 bytes)
Event: 22.527 Thread 0x000001c170fed770 nmethod 4889 0x000001c156d5e810 code [0x000001c156d5e9c0, 0x000001c156d5ec18]
Event: 22.527 Thread 0x000001c170fed770 4890       3       kotlinx.coroutines.scheduling.CoroutineScheduler::signalCpuWork (25 bytes)
Event: 22.527 Thread 0x000001c170fed770 nmethod 4890 0x000001c156d5ed10 code [0x000001c156d5eee0, 0x000001c156d5f1c8]
Event: 22.527 Thread 0x000001c170fed770 4891   !   3       kotlinx.coroutines.scheduling.CoroutineScheduler::runSafely (73 bytes)
Event: 22.528 Thread 0x000001c170fed770 nmethod 4891 0x000001c156d5f310 code [0x000001c156d5f540, 0x000001c156d5fbc8]
Event: 22.535 Thread 0x000001c170fed770 4892   !   3       androidx.compose.runtime.Recomposer$runRecomposeAndApplyChanges$2$2::invoke (1312 bytes)
Event: 22.549 Thread 0x000001c170fed770 nmethod 4892 0x000001c156d5fe10 code [0x000001c156d60820, 0x000001c156d67378]
Event: 22.552 Thread 0x000001c170fe4db0 4893       4       kotlinx.coroutines.AbstractCoroutine::<init> (45 bytes)
Event: 22.603 Thread 0x000001c170fed770 4894   !   3       org.jetbrains.skia.Surface::getCanvas (61 bytes)
Event: 22.604 Thread 0x000001c170fed770 nmethod 4894 0x000001c156d6af10 code [0x000001c156d6b120, 0x000001c156d6b6d8]
Event: 22.604 Thread 0x000001c170fed770 4895       3       org.jetbrains.skiko.SkiaLayer::draw$skiko (57 bytes)
Event: 22.605 Thread 0x000001c170fe4db0 nmethod 4893 0x000001c15e14ff10 code [0x000001c15e150120, 0x000001c15e150df8]
Event: 22.606 Thread 0x000001c170fed770 nmethod 4895 0x000001c156d6ba10 code [0x000001c156d6bc60, 0x000001c156d6c618]
Event: 22.606 Thread 0x000001c170fed770 4896       3       org.jetbrains.skiko.SkiaLayer$draw$2::invoke (23 bytes)
Event: 22.607 Thread 0x000001c170fed770 nmethod 4896 0x000001c156d6c990 code [0x000001c156d6cbc0, 0x000001c156d6d208]
Event: 22.773 Thread 0x000001c170fed770 4897       3       java.util.IdentityHashMap$IdentityHashMapIterator::nextIndex (72 bytes)
Event: 22.774 Thread 0x000001c170fed770 nmethod 4897 0x000001c156d6d490 code [0x000001c156d6d660, 0x000001c156d6daa8]
Event: 22.784 Thread 0x000001c170fe4db0 4898       4       kotlinx.coroutines.JobSupport::isCompleted (16 bytes)
Event: 22.786 Thread 0x000001c170fe4db0 nmethod 4898 0x000001c15e151490 code [0x000001c15e151600, 0x000001c15e151718]

GC Heap History (18 events):
Event: 0.787 GC heap before
{Heap before GC invocations=0 (full 0):
 garbage-first heap   total 260096K, used 12288K [0x0000000702600000, 0x0000000800000000)
  region size 2048K, 6 young (12288K), 0 survivors (0K)
 Metaspace       used 1761K, committed 1856K, reserved 1114112K
  class space    used 158K, committed 192K, reserved 1048576K
}
Event: 0.797 GC heap after
{Heap after GC invocations=1 (full 0):
 garbage-first heap   total 260096K, used 7177K [0x0000000702600000, 0x0000000800000000)
  region size 2048K, 1 young (2048K), 1 survivors (2048K)
 Metaspace       used 1761K, committed 1856K, reserved 1114112K
  class space    used 158K, committed 192K, reserved 1048576K
}
Event: 1.564 GC heap before
{Heap before GC invocations=1 (full 0):
 garbage-first heap   total 260096K, used 15369K [0x0000000702600000, 0x0000000800000000)
  region size 2048K, 6 young (12288K), 1 survivors (2048K)
 Metaspace       used 5865K, committed 6016K, reserved 1114112K
  class space    used 462K, committed 512K, reserved 1048576K
}
Event: 1.567 GC heap after
{Heap after GC invocations=2 (full 0):
 garbage-first heap   total 260096K, used 8139K [0x0000000702600000, 0x0000000800000000)
  region size 2048K, 1 young (2048K), 1 survivors (2048K)
 Metaspace       used 5865K, committed 6016K, reserved 1114112K
  class space    used 462K, committed 512K, reserved 1048576K
}
Event: 3.234 GC heap before
{Heap before GC invocations=2 (full 0):
 garbage-first heap   total 260096K, used 34763K [0x0000000702600000, 0x0000000800000000)
  region size 2048K, 14 young (28672K), 1 survivors (2048K)
 Metaspace       used 14065K, committed 14272K, reserved 1114112K
  class space    used 1445K, committed 1536K, reserved 1048576K
}
Event: 3.239 GC heap after
{Heap after GC invocations=3 (full 0):
 garbage-first heap   total 260096K, used 9676K [0x0000000702600000, 0x0000000800000000)
  region size 2048K, 2 young (4096K), 2 survivors (4096K)
 Metaspace       used 14065K, committed 14272K, reserved 1114112K
  class space    used 1445K, committed 1536K, reserved 1048576K
}
Event: 5.084 GC heap before
{Heap before GC invocations=3 (full 0):
 garbage-first heap   total 260096K, used 46540K [0x0000000702600000, 0x0000000800000000)
  region size 2048K, 21 young (43008K), 2 survivors (4096K)
 Metaspace       used 21304K, committed 21504K, reserved 1114112K
  class space    used 2274K, committed 2368K, reserved 1048576K
}
Event: 5.091 GC heap after
{Heap after GC invocations=4 (full 0):
 garbage-first heap   total 260096K, used 11247K [0x0000000702600000, 0x0000000800000000)
  region size 2048K, 2 young (4096K), 2 survivors (4096K)
 Metaspace       used 21304K, committed 21504K, reserved 1114112K
  class space    used 2274K, committed 2368K, reserved 1048576K
}
Event: 7.202 GC heap before
{Heap before GC invocations=5 (full 0):
 garbage-first heap   total 49152K, used 37871K [0x0000000702600000, 0x0000000800000000)
  region size 2048K, 10 young (20480K), 2 survivors (4096K)
 Metaspace       used 24068K, committed 24320K, reserved 1114112K
  class space    used 2599K, committed 2752K, reserved 1048576K
}
Event: 7.210 GC heap after
{Heap after GC invocations=6 (full 0):
 garbage-first heap   total 49152K, used 23901K [0x0000000702600000, 0x0000000800000000)
  region size 2048K, 1 young (2048K), 1 survivors (2048K)
 Metaspace       used 24068K, committed 24320K, reserved 1114112K
  class space    used 2599K, committed 2752K, reserved 1048576K
}
Event: 7.251 GC heap before
{Heap before GC invocations=6 (full 0):
 garbage-first heap   total 49152K, used 25949K [0x0000000702600000, 0x0000000800000000)
  region size 2048K, 2 young (4096K), 1 survivors (2048K)
 Metaspace       used 24380K, committed 24576K, reserved 1114112K
  class space    used 2645K, committed 2752K, reserved 1048576K
}
Event: 7.255 GC heap after
{Heap after GC invocations=7 (full 0):
 garbage-first heap   total 49152K, used 17987K [0x0000000702600000, 0x0000000800000000)
  region size 2048K, 1 young (2048K), 1 survivors (2048K)
 Metaspace       used 24380K, committed 24576K, reserved 1114112K
  class space    used 2645K, committed 2752K, reserved 1048576K
}
Event: 7.549 GC heap before
{Heap before GC invocations=7 (full 0):
 garbage-first heap   total 49152K, used 32323K [0x0000000702600000, 0x0000000800000000)
  region size 2048K, 8 young (16384K), 1 survivors (2048K)
 Metaspace       used 26732K, committed 26880K, reserved 1114112K
  class space    used 2940K, committed 3008K, reserved 1048576K
}
Event: 7.552 GC heap after
{Heap after GC invocations=8 (full 0):
 garbage-first heap   total 49152K, used 18927K [0x0000000702600000, 0x0000000800000000)
  region size 2048K, 1 young (2048K), 1 survivors (2048K)
 Metaspace       used 26732K, committed 26880K, reserved 1114112K
  class space    used 2940K, committed 3008K, reserved 1048576K
}
Event: 7.994 GC heap before
{Heap before GC invocations=8 (full 0):
 garbage-first heap   total 49152K, used 35311K [0x0000000702600000, 0x0000000800000000)
  region size 2048K, 9 young (18432K), 1 survivors (2048K)
 Metaspace       used 30026K, committed 30272K, reserved 1114112K
  class space    used 3337K, committed 3456K, reserved 1048576K
}
Event: 8.000 GC heap after
{Heap after GC invocations=9 (full 0):
 garbage-first heap   total 49152K, used 20359K [0x0000000702600000, 0x0000000800000000)
  region size 2048K, 2 young (4096K), 2 survivors (4096K)
 Metaspace       used 30026K, committed 30272K, reserved 1114112K
  class space    used 3337K, committed 3456K, reserved 1048576K
}
Event: 8.409 GC heap before
{Heap before GC invocations=9 (full 0):
 garbage-first heap   total 49152K, used 34695K [0x0000000702600000, 0x0000000800000000)
  region size 2048K, 9 young (18432K), 2 survivors (4096K)
 Metaspace       used 32440K, committed 32640K, reserved 1114112K
  class space    used 3626K, committed 3712K, reserved 1048576K
}
Event: 8.415 GC heap after
{Heap after GC invocations=10 (full 0):
 garbage-first heap   total 155648K, used 21356K [0x0000000702600000, 0x0000000800000000)
  region size 2048K, 2 young (4096K), 2 survivors (4096K)
 Metaspace       used 32440K, committed 32640K, reserved 1114112K
  class space    used 3626K, committed 3712K, reserved 1048576K
}

Dll operation events (14 events):
Event: 0.014 Loaded shared library C:\Users\HP\.jdks\corretto-17.0.7\bin\java.dll
Event: 0.029 Loaded shared library C:\Users\HP\.jdks\corretto-17.0.7\bin\jsvml.dll
Event: 0.280 Loaded shared library C:\Users\HP\.jdks\corretto-17.0.7\bin\zip.dll
Event: 0.283 Loaded shared library C:\Users\HP\.jdks\corretto-17.0.7\bin\instrument.dll
Event: 0.292 Loaded shared library C:\Users\HP\.jdks\corretto-17.0.7\bin\net.dll
Event: 0.295 Loaded shared library C:\Users\HP\.jdks\corretto-17.0.7\bin\nio.dll
Event: 0.301 Loaded shared library C:\Users\HP\.jdks\corretto-17.0.7\bin\zip.dll
Event: 0.520 Loaded shared library C:\Program Files\JetBrains\IntelliJ IDEA Community Edition 2021.3.2\bin\breakgen64.dll
Event: 0.825 Loaded shared library C:\Users\HP\.jdks\corretto-17.0.7\bin\jimage.dll
Event: 0.831 Loaded shared library C:\Users\HP\.jdks\corretto-17.0.7\bin\awt.dll
Event: 2.200 Loaded shared library C:\Users\HP\.skiko\0de0d8dd8554d9bb66cfca3837db6514ff9b71080e998917280a3b777460a416\skiko-windows-x64.dll
Event: 3.201 Loaded shared library C:\Users\HP\.jdks\corretto-17.0.7\bin\freetype.dll
Event: 3.202 Loaded shared library C:\Users\HP\.jdks\corretto-17.0.7\bin\fontmanager.dll
Event: 7.845 Loaded shared library C:\Users\HP\AppData\Local\io-realm-kotlin\f7113120ba00ba1ff91d696eecd3919e85a4e34e\realmc.dll

Deoptimization events (20 events):
Event: 10.384 Thread 0x000001c17589e430 Uncommon trap: trap_request=0xffffffd6 fr.pc=0x000001c15e0b4e3c relative=0x000000000000049c
Event: 10.384 Thread 0x000001c17589e430 Uncommon trap: reason=array_check action=maybe_recompile pc=0x000001c15e0b4e3c method=androidx.compose.runtime.collection.MutableVector.add(Ljava/lang/Object;)Z @ 19 c2
Event: 10.384 Thread 0x000001c17589e430 DEOPT PACKING pc=0x000001c15e0b4e3c sp=0x000000c13e0fd050
Event: 10.384 Thread 0x000001c17589e430 DEOPT UNPACKING pc=0x000001c15d9969a3 sp=0x000000c13e0fd028 mode 2
Event: 10.387 Thread 0x000001c17589e430 Uncommon trap: trap_request=0xffffffd6 fr.pc=0x000001c15e0b4e3c relative=0x000000000000049c
Event: 10.387 Thread 0x000001c17589e430 Uncommon trap: reason=array_check action=maybe_recompile pc=0x000001c15e0b4e3c method=androidx.compose.runtime.collection.MutableVector.add(Ljava/lang/Object;)Z @ 19 c2
Event: 10.387 Thread 0x000001c17589e430 DEOPT PACKING pc=0x000001c15e0b4e3c sp=0x000000c13e0fcd70
Event: 10.387 Thread 0x000001c17589e430 DEOPT UNPACKING pc=0x000001c15d9969a3 sp=0x000000c13e0fcd48 mode 2
Event: 10.388 Thread 0x000001c17589e430 Uncommon trap: trap_request=0xffffffd6 fr.pc=0x000001c15e0b4e3c relative=0x000000000000049c
Event: 10.388 Thread 0x000001c17589e430 Uncommon trap: reason=array_check action=maybe_recompile pc=0x000001c15e0b4e3c method=androidx.compose.runtime.collection.MutableVector.add(Ljava/lang/Object;)Z @ 19 c2
Event: 10.388 Thread 0x000001c17589e430 DEOPT PACKING pc=0x000001c15e0b4e3c sp=0x000000c13e0fcc60
Event: 10.388 Thread 0x000001c17589e430 DEOPT UNPACKING pc=0x000001c15d9969a3 sp=0x000000c13e0fcc38 mode 2
Event: 10.388 Thread 0x000001c17589e430 Uncommon trap: trap_request=0xffffffd6 fr.pc=0x000001c15e0b4e3c relative=0x000000000000049c
Event: 10.388 Thread 0x000001c17589e430 Uncommon trap: reason=array_check action=maybe_recompile pc=0x000001c15e0b4e3c method=androidx.compose.runtime.collection.MutableVector.add(Ljava/lang/Object;)Z @ 19 c2
Event: 10.388 Thread 0x000001c17589e430 DEOPT PACKING pc=0x000001c15e0b4e3c sp=0x000000c13e0fcc60
Event: 10.388 Thread 0x000001c17589e430 DEOPT UNPACKING pc=0x000001c15d9969a3 sp=0x000000c13e0fcc38 mode 2
Event: 15.062 Thread 0x000001c17589e430 Uncommon trap: trap_request=0xffffff45 fr.pc=0x000001c15e103634 relative=0x0000000000000894
Event: 15.062 Thread 0x000001c17589e430 Uncommon trap: reason=unstable_if action=reinterpret pc=0x000001c15e103634 method=kotlinx.coroutines.CancellableContinuationImpl.getExceptionalResult$kotlinx_coroutines_core(Ljava/lang/Object;)Ljava/lang/Throwable; @ 6 c2
Event: 15.062 Thread 0x000001c17589e430 DEOPT PACKING pc=0x000001c15e103634 sp=0x000000c13e0fecb0
Event: 15.062 Thread 0x000001c17589e430 DEOPT UNPACKING pc=0x000001c15d9969a3 sp=0x000000c13e0feb78 mode 2

Classes unloaded (0 events):
No events

Classes redefined (0 events):
No events

Internal exceptions (20 events):
Event: 0.876 Thread 0x000001c14e917190 Exception <a 'java/io/FileNotFoundException'{0x00000007122c5778}> (0x00000007122c5778) 
thrown [s\src\hotspot\share\prims\jni.cpp, line 516]
Event: 1.707 Thread 0x000001c17589e430 Exception <a 'java/lang/NoSuchMethodError'{0x000000071211cda8}: 'java.lang.Object java.lang.invoke.DirectMethodHandle$Holder.invokeStaticInit(java.lang.Object, int, int, int, int)'> (0x000000071211cda8) 
thrown [s\src\hotspot\share\interpreter\linkResolver.cpp, line 759]
Event: 1.786 Thread 0x000001c17589e430 Exception <a 'java/lang/NoSuchMethodError'{0x00000007121ee738}: 'java.lang.Object java.lang.invoke.DirectMethodHandle$Holder.invokeStaticInit(java.lang.Object, java.lang.Object, int, int, int, int)'> (0x00000007121ee738) 
thrown [s\src\hotspot\share\interpreter\linkResolver.cpp, line 759]
Event: 1.896 Thread 0x000001c17589e430 Exception <a 'java/lang/NoSuchMethodError'{0x0000000711d5d448}: 'double java.lang.invoke.DirectMethodHandle$Holder.invokeStatic(java.lang.Object, double)'> (0x0000000711d5d448) 
thrown [s\src\hotspot\share\interpreter\linkResolver.cpp, line 759]
Event: 1.896 Thread 0x000001c17589e430 Exception <a 'java/lang/NoSuchMethodError'{0x0000000711d60ea8}: 'double java.lang.invoke.DirectMethodHandle$Holder.invokeStaticInit(java.lang.Object, double)'> (0x0000000711d60ea8) 
thrown [s\src\hotspot\share\interpreter\linkResolver.cpp, line 759]
Event: 1.907 Thread 0x000001c17589e430 Exception <a 'java/lang/NoSuchMethodError'{0x0000000711da95e8}: 'java.lang.Object java.lang.invoke.DirectMethodHandle$Holder.newInvokeSpecial(java.lang.Object, double)'> (0x0000000711da95e8) 
thrown [s\src\hotspot\share\interpreter\linkResolver.cpp, line 759]
Event: 2.817 Thread 0x000001c17589e430 Exception <a 'java/lang/NoSuchMethodError'{0x0000000710c71c80}: 'void java.lang.invoke.DirectMethodHandle$Holder.invokeSpecial(java.lang.Object, java.lang.Object, java.lang.Object)'> (0x0000000710c71c80) 
thrown [s\src\hotspot\share\interpreter\linkResolver.cpp, line 759]
Event: 2.836 Thread 0x000001c17589e430 Exception <a 'java/lang/NoSuchMethodError'{0x0000000710c9c138}: 'java.lang.Object java.lang.invoke.DirectMethodHandle$Holder.newInvokeSpecial(java.lang.Object, java.lang.Object, java.lang.Object, java.lang.Object, java.lang.Object)'> (0x0000000710c9c138) 
thrown [s\src\hotspot\share\interpreter\linkResolver.cpp, line 759]
Event: 2.843 Thread 0x000001c17589e430 Exception <a 'java/lang/NoSuchMethodError'{0x0000000710ca7da8}: 'java.lang.Object java.lang.invoke.DirectMethodHandle$Holder.invokeStatic(java.lang.Object, int, java.lang.Object, java.lang.Object, java.lang.Object, java.lang.Object)'> (0x0000000710ca7da8) 
thrown [s\src\hotspot\share\interpreter\linkResolver.cpp, line 759]
Event: 2.857 Thread 0x000001c17589e430 Exception <a 'java/lang/NoSuchMethodError'{0x0000000710ccd7e0}: 'java.lang.Object java.lang.invoke.DirectMethodHandle$Holder.invokeStatic(java.lang.Object, int, java.lang.Object)'> (0x0000000710ccd7e0) 
thrown [s\src\hotspot\share\interpreter\linkResolver.cpp, line 759]
Event: 2.946 Thread 0x000001c17589e430 Exception <a 'java/lang/ClassNotFoundException'{0x0000000710d89a30}: com/sun/swing/internal/plaf/metal/resources/spi/metalProvider> (0x0000000710d89a30) 
thrown [s\src\hotspot\share\classfile\systemDictionary.cpp, line 256]
Event: 2.947 Thread 0x000001c17589e430 Exception <a 'java/lang/ClassNotFoundException'{0x0000000710d8d9d0}: com/sun/swing/internal/plaf/basic/resources/spi/basicProvider> (0x0000000710d8d9d0) 
thrown [s\src\hotspot\share\classfile\systemDictionary.cpp, line 256]
Event: 2.971 Thread 0x000001c17589e430 Implicit null exception at 0x000001c15df24a0f to 0x000001c15df24de4
Event: 2.971 Thread 0x000001c17589e430 Implicit null exception at 0x000001c15df08d90 to 0x000001c15df09148
Event: 3.026 Thread 0x000001c17589e430 Exception <a 'java/lang/NoSuchMethodError'{0x0000000710aa2ce8}: 'void java.lang.invoke.DirectMethodHandle$Holder.invokeStatic(java.lang.Object, java.lang.Object, java.lang.Object)'> (0x0000000710aa2ce8) 
thrown [s\src\hotspot\share\interpreter\linkResolver.cpp, line 759]
Event: 3.194 Thread 0x000001c17589e430 Exception <a 'java/lang/NoSuchMethodError'{0x0000000710971ac0}: 'void java.lang.invoke.DirectMethodHandle$Holder.invokeStaticInit(java.lang.Object)'> (0x0000000710971ac0) 
thrown [s\src\hotspot\share\interpreter\linkResolver.cpp, line 759]
Event: 3.458 Thread 0x000001c17589e430 Exception <a 'java/lang/NoSuchMethodError'{0x0000000711cc6ac8}: 'int java.lang.invoke.DirectMethodHandle$Holder.invokeStaticInit(java.lang.Object, java.lang.Object, java.lang.Object)'> (0x0000000711cc6ac8) 
thrown [s\src\hotspot\share\interpreter\linkResolver.cpp, line 759]
Event: 4.037 Thread 0x000001c175a6e6e0 Exception <a 'java/lang/NoSuchMethodError'{0x0000000710200b68}: 'void java.lang.invoke.DirectMethodHandle$Holder.invokeVirtual(java.lang.Object, java.lang.Object)'> (0x0000000710200b68) 
thrown [s\src\hotspot\share\interpreter\linkResolver.cpp, line 759]
Event: 6.897 Thread 0x000001c17589e430 Exception <a 'java/lang/NoSuchMethodError'{0x0000000704878ef8}: 'int java.lang.invoke.DirectMethodHandle$Holder.invokeStaticInit(java.lang.Object, long, long)'> (0x0000000704878ef8) 
thrown [s\src\hotspot\share\interpreter\linkResolver.cpp, line 759]
Event: 7.731 Thread 0x000001c17589e430 Exception <a 'java/lang/NoSuchMethodError'{0x0000000704efb968}: 'java.lang.Object java.lang.invoke.DirectMethodHandle$Holder.newInvokeSpecial(java.lang.Object, int, java.lang.Object)'> (0x0000000704efb968) 
thrown [s\src\hotspot\share\interpreter\linkResolver.cpp, line 759]

VM Operations (20 events):
Event: 13.212 Executing VM operation: Cleanup
Event: 13.212 Executing VM operation: Cleanup done
Event: 14.215 Executing VM operation: Cleanup
Event: 14.215 Executing VM operation: Cleanup done
Event: 15.218 Executing VM operation: Cleanup
Event: 15.218 Executing VM operation: Cleanup done
Event: 16.262 Executing VM operation: Cleanup
Event: 16.302 Executing VM operation: Cleanup done
Event: 17.312 Executing VM operation: Cleanup
Event: 17.371 Executing VM operation: Cleanup done
Event: 18.372 Executing VM operation: Cleanup
Event: 18.372 Executing VM operation: Cleanup done
Event: 19.382 Executing VM operation: Cleanup
Event: 19.382 Executing VM operation: Cleanup done
Event: 20.408 Executing VM operation: Cleanup
Event: 20.408 Executing VM operation: Cleanup done
Event: 21.435 Executing VM operation: Cleanup
Event: 21.440 Executing VM operation: Cleanup done
Event: 22.445 Executing VM operation: Cleanup
Event: 22.445 Executing VM operation: Cleanup done

Events (20 events):
Event: 8.676 loading class sun/awt/Win32GraphicsDevice$Win32FSWindowAdapter
Event: 8.676 loading class sun/awt/Win32GraphicsDevice$Win32FSWindowAdapter done
Event: 8.676 loading class sun/awt/Win32GraphicsDevice$1
Event: 8.677 loading class sun/awt/Win32GraphicsDevice$1 done
Event: 9.466 Thread 0x000001c17ec5d4a0 Thread exited: 0x000001c17ec5d4a0
Event: 10.470 Thread 0x000001c17ee49fc0 Thread added: 0x000001c17ee49fc0
Event: 11.546 Thread 0x000001c17ee49fc0 Thread exited: 0x000001c17ee49fc0
Event: 16.531 loading class java/security/DomainCombiner
Event: 16.531 loading class java/security/DomainCombiner done
Event: 22.771 loading class jdk/internal/misc/Signal$1
Event: 22.772 loading class jdk/internal/misc/Signal$1 done
Event: 22.772 Thread 0x000001c17e9778e0 Thread added: 0x000001c17e9778e0
Event: 22.773 Thread 0x000001c17e978280 Thread added: 0x000001c17e978280
Event: 22.773 Thread 0x000001c17e9790f0 Thread added: 0x000001c17e9790f0
Event: 22.773 Thread 0x000001c17e9795c0 Thread added: 0x000001c17e9795c0
Event: 22.775 Thread 0x000001c17e9790f0 Thread exited: 0x000001c17e9790f0
Event: 22.784 Thread 0x000001c17e9795c0 Thread exited: 0x000001c17e9795c0
Event: 22.784 Thread 0x000001c17e97a900 Thread exited: 0x000001c17e97a900
Event: 22.784 Thread 0x000001c17710d680 Thread exited: 0x000001c17710d680
Event: 22.789 Thread 0x000001c175a6e6e0 Thread exited: 0x000001c175a6e6e0


Dynamic libraries:
0x00007ff76c870000 - 0x00007ff76c87d000 	C:\Users\HP\.jdks\corretto-17.0.7\bin\java.exe
0x00007ffae8e70000 - 0x00007ffae9068000 	C:\Windows\SYSTEM32\ntdll.dll
0x00007ffae85d0000 - 0x00007ffae868f000 	C:\Windows\System32\KERNEL32.DLL
0x00007ffae6550000 - 0x00007ffae6846000 	C:\Windows\System32\KERNELBASE.dll
0x00007ffae6b90000 - 0x00007ffae6c90000 	C:\Windows\System32\ucrtbase.dll
0x00007ffad3b70000 - 0x00007ffad3b87000 	C:\Users\HP\.jdks\corretto-17.0.7\bin\jli.dll
0x00007ffac1d40000 - 0x00007ffac1d55000 	C:\Users\HP\.jdks\corretto-17.0.7\bin\VCRUNTIME140.dll
0x00007ffae7e80000 - 0x00007ffae801d000 	C:\Windows\System32\USER32.dll
0x00007ffacc090000 - 0x00007ffacc32a000 	C:\Windows\WinSxS\amd64_microsoft.windows.common-controls_6595b64144ccf1df_6.0.19041.1110_none_60b5254171f9507e\COMCTL32.dll
0x00007ffae6c90000 - 0x00007ffae6cb2000 	C:\Windows\System32\win32u.dll
0x00007ffae7e20000 - 0x00007ffae7e4c000 	C:\Windows\System32\GDI32.dll
0x00007ffae8900000 - 0x00007ffae899e000 	C:\Windows\System32\msvcrt.dll
0x00007ffae6d10000 - 0x00007ffae6e25000 	C:\Windows\System32\gdi32full.dll
0x00007ffae6e30000 - 0x00007ffae6ecd000 	C:\Windows\System32\msvcp_win.dll
0x00007ffae7e50000 - 0x00007ffae7e80000 	C:\Windows\System32\IMM32.DLL
0x00007ffa9d440000 - 0x00007ffa9d4db000 	C:\Users\HP\.jdks\corretto-17.0.7\bin\msvcp140.dll
0x00007ffa1ec20000 - 0x00007ffa1f83a000 	C:\Users\HP\.jdks\corretto-17.0.7\bin\server\jvm.dll
0x00007ffae7550000 - 0x00007ffae75ff000 	C:\Windows\System32\ADVAPI32.dll
0x00007ffae8730000 - 0x00007ffae87cc000 	C:\Windows\System32\sechost.dll
0x00007ffae87d0000 - 0x00007ffae88f6000 	C:\Windows\System32\RPCRT4.dll
0x00007ffadc340000 - 0x00007ffadc349000 	C:\Windows\SYSTEM32\WSOCK32.dll
0x00007ffacbdc0000 - 0x00007ffacbde7000 	C:\Windows\SYSTEM32\WINMM.dll
0x00007ffae8560000 - 0x00007ffae85cb000 	C:\Windows\System32\WS2_32.dll
0x00007ffadc780000 - 0x00007ffadc78a000 	C:\Windows\SYSTEM32\VERSION.dll
0x00007ffae4d40000 - 0x00007ffae4d52000 	C:\Windows\SYSTEM32\kernel.appcore.dll
0x00007ffac90f0000 - 0x00007ffac90fa000 	C:\Users\HP\.jdks\corretto-17.0.7\bin\jimage.dll
0x00007ffae1260000 - 0x00007ffae1444000 	C:\Windows\SYSTEM32\DBGHELP.DLL
0x00007ffacded0000 - 0x00007ffacdf04000 	C:\Windows\SYSTEM32\dbgcore.DLL
0x00007ffae6b00000 - 0x00007ffae6b82000 	C:\Windows\System32\bcryptPrimitives.dll
0x00007ffadcc90000 - 0x00007ffadcc9e000 	C:\Users\HP\.jdks\corretto-17.0.7\bin\instrument.dll
0x00007ffabfe20000 - 0x00007ffabfe45000 	C:\Users\HP\.jdks\corretto-17.0.7\bin\java.dll
0x00007ffa70430000 - 0x00007ffa70506000 	C:\Users\HP\.jdks\corretto-17.0.7\bin\jsvml.dll
0x00007ffae76d0000 - 0x00007ffae7e14000 	C:\Windows\System32\SHELL32.dll
0x00007ffae4590000 - 0x00007ffae4d24000 	C:\Windows\SYSTEM32\windows.storage.dll
0x00007ffae89a0000 - 0x00007ffae8cf4000 	C:\Windows\System32\combase.dll
0x00007ffae5dd0000 - 0x00007ffae5dfe000 	C:\Windows\SYSTEM32\Wldp.dll
0x00007ffae6f80000 - 0x00007ffae702d000 	C:\Windows\System32\SHCORE.dll
0x00007ffae8020000 - 0x00007ffae8075000 	C:\Windows\System32\shlwapi.dll
0x00007ffae6480000 - 0x00007ffae64a5000 	C:\Windows\SYSTEM32\profapi.dll
0x00007ffab6270000 - 0x00007ffab6288000 	C:\Users\HP\.jdks\corretto-17.0.7\bin\zip.dll
0x00007ffabfe00000 - 0x00007ffabfe19000 	C:\Users\HP\.jdks\corretto-17.0.7\bin\net.dll
0x00007ffad78b0000 - 0x00007ffad79ba000 	C:\Windows\SYSTEM32\WINHTTP.dll
0x00007ffae5bb0000 - 0x00007ffae5c1a000 	C:\Windows\system32\mswsock.dll
0x00007ffabfde0000 - 0x00007ffabfdf5000 	C:\Users\HP\.jdks\corretto-17.0.7\bin\nio.dll
0x00007ffad3c70000 - 0x00007ffad3c8a000 	C:\Program Files\JetBrains\IntelliJ IDEA Community Edition 2021.3.2\bin\breakgen64.dll
0x00007ffaa86c0000 - 0x00007ffaa8869000 	C:\Users\HP\.jdks\corretto-17.0.7\bin\awt.dll
0x00007ffae7600000 - 0x00007ffae76cd000 	C:\Windows\System32\OLEAUT32.dll
0x00007ffae02d0000 - 0x00007ffae0361000 	C:\Windows\SYSTEM32\apphelp.dll
0x00007ffae0ac0000 - 0x00007ffae0b5e000 	C:\Windows\system32\uxtheme.dll
0x00007ffae7340000 - 0x00007ffae7454000 	C:\Windows\System32\MSCTF.dll
0x00007ffae8d00000 - 0x00007ffae8e2a000 	C:\Windows\System32\ole32.dll
0x00007ffae0bd0000 - 0x00007ffae0bff000 	C:\Windows\system32\DWMAPI.DLL
0x00007ffab5940000 - 0x00007ffab5a65000 	C:\Windows\system32\opengl32.dll
0x00007ffab58d0000 - 0x00007ffab58fc000 	C:\Windows\SYSTEM32\GLU32.dll
0x00007ffae5e10000 - 0x00007ffae5e28000 	C:\Windows\SYSTEM32\CRYPTSP.dll
0x00007ffae54f0000 - 0x00007ffae5524000 	C:\Windows\system32\rsaenh.dll
0x00007ffae6a60000 - 0x00007ffae6a87000 	C:\Windows\System32\bcrypt.dll
0x00007ffae6400000 - 0x00007ffae642e000 	C:\Windows\SYSTEM32\USERENV.dll
0x00007ffae5d40000 - 0x00007ffae5d4c000 	C:\Windows\SYSTEM32\CRYPTBASE.dll
0x00007ffae58c0000 - 0x00007ffae58fc000 	C:\Windows\SYSTEM32\IPHLPAPI.DLL
0x00007ffae8080000 - 0x00007ffae8088000 	C:\Windows\System32\NSI.dll
0x00007ffad7d60000 - 0x00007ffad7d77000 	C:\Windows\SYSTEM32\dhcpcsvc6.DLL
0x00007ffad7d40000 - 0x00007ffad7d5d000 	C:\Windows\SYSTEM32\dhcpcsvc.DLL
0x00007ffae5900000 - 0x00007ffae59ca000 	C:\Windows\SYSTEM32\DNSAPI.dll
0x00007ffa65290000 - 0x00007ffa662dc000 	C:\Users\HP\.skiko\0de0d8dd8554d9bb66cfca3837db6514ff9b71080e998917280a3b777460a416\skiko-windows-x64.dll
0x00007ffaa8430000 - 0x00007ffaa84b3000 	C:\Users\HP\.jdks\corretto-17.0.7\bin\freetype.dll
0x00007ffaa8360000 - 0x00007ffaa8422000 	C:\Users\HP\.jdks\corretto-17.0.7\bin\fontmanager.dll
0x00007ffadcbe0000 - 0x00007ffadcbe7000 	C:\Users\HP\.jdks\corretto-17.0.7\bin\jawt.dll
0x00007ffae4db0000 - 0x00007ffae4ea3000 	C:\Windows\SYSTEM32\Dxgi.dll
0x00007ffac9200000 - 0x00007ffac9220000 	C:\Windows\SYSTEM32\D3D12.dll
0x00007ffa71470000 - 0x00007ffa7163d000 	C:\Windows\SYSTEM32\D3D12Core.dll
0x00007ffad9fc0000 - 0x00007ffad9ffb000 	C:\Windows\SYSTEM32\dxcore.dll
0x00007ffae6cc0000 - 0x00007ffae6d0e000 	C:\Windows\System32\cfgmgr32.dll
0x00007ffad4b80000 - 0x00007ffad7799000 	C:\Windows\System32\DriverStore\FileRepository\igdlh64.inf_amd64_e6daaea9afe1e6f6\igc64.dll
0x00007ffa63db0000 - 0x00007ffa65283000 	C:\Windows\System32\DriverStore\FileRepository\igdlh64.inf_amd64_e6daaea9afe1e6f6\igd12umd64.dll
0x00007ffad7ac0000 - 0x00007ffad7d17000 	C:\Windows\System32\DriverStore\FileRepository\igdlh64.inf_amd64_e6daaea9afe1e6f6\igdgmm64.dll
0x00007ffa639a0000 - 0x00007ffa63dab000 	C:\Windows\System32\DriverStore\FileRepository\igdlh64.inf_amd64_e6daaea9afe1e6f6\igdml64.dll
0x00007ffac7070000 - 0x00007ffac709b000 	C:\Windows\SYSTEM32\D3DSCache.dll
0x00007ffa59780000 - 0x00007ffa5df82000 	C:\Windows\System32\DriverStore\FileRepository\igdlh64.inf_amd64_e6daaea9afe1e6f6\igd12dxva64.dll
0x00007ffae80f0000 - 0x00007ffae855e000 	C:\Windows\System32\SETUPAPI.dll
0x00007ffa84fc0000 - 0x00007ffa84fe7000 	C:\Windows\System32\DriverStore\FileRepository\igdlh64.inf_amd64_e6daaea9afe1e6f6\igdinfo64.dll
0x00007ffadd380000 - 0x00007ffadd587000 	C:\Windows\SYSTEM32\twinapi.appcore.dll
0x00007ffae6ed0000 - 0x00007ffae6f79000 	C:\Windows\System32\clbcatq.dll
0x00007ffa629c0000 - 0x00007ffa63992000 	C:\Windows\System32\DriverStore\FileRepository\igdlh64.inf_amd64_e6daaea9afe1e6f6\ig9icd64.dll
0x00007ffae63b0000 - 0x00007ffae63fb000 	C:\Windows\SYSTEM32\powrprof.dll
0x00007ffae6390000 - 0x00007ffae63a2000 	C:\Windows\SYSTEM32\UMPDC.dll
0x00007ffad15d0000 - 0x00007ffad184f000 	C:\Windows\SYSTEM32\dwrite.dll
0x00007ffad3160000 - 0x00007ffad3259000 	C:\Windows\SYSTEM32\textinputframework.dll
0x00007ffadffb0000 - 0x00007ffae00a2000 	C:\Windows\System32\CoreMessaging.dll
0x00007ffadfc50000 - 0x00007ffadffae000 	C:\Windows\System32\CoreUIComponents.dll
0x00007ffae5630000 - 0x00007ffae5663000 	C:\Windows\SYSTEM32\ntmarta.dll
0x00007ffade8f0000 - 0x00007ffadea44000 	C:\Windows\SYSTEM32\wintypes.dll
0x00007ffa62100000 - 0x00007ffa629b2000 	C:\Users\HP\AppData\Local\io-realm-kotlin\f7113120ba00ba1ff91d696eecd3919e85a4e34e\realmc.dll
0x00007ffae6900000 - 0x00007ffae6a5e000 	C:\Windows\System32\CRYPT32.dll

dbghelp: loaded successfully - version: 4.0.5 - missing functions: none
symbol engine: initialized successfully - sym options: 0x614 - pdb path: .;C:\Users\HP\.jdks\corretto-17.0.7\bin;C:\Windows\SYSTEM32;C:\Windows\WinSxS\amd64_microsoft.windows.common-controls_6595b64144ccf1df_6.0.19041.1110_none_60b5254171f9507e;C:\Users\HP\.jdks\corretto-17.0.7\bin\server;C:\Program Files\JetBrains\IntelliJ IDEA Community Edition 2021.3.2\bin;C:\Users\HP\.skiko\0de0d8dd8554d9bb66cfca3837db6514ff9b71080e998917280a3b777460a416;C:\Windows\System32\DriverStore\FileRepository\igdlh64.inf_amd64_e6daaea9afe1e6f6;C:\Users\HP\AppData\Local\io-realm-kotlin\f7113120ba00ba1ff91d696eecd3919e85a4e34e

VM Arguments:
jvm_args: -Djava.library.path=C:\Users\HP\Desktop\demo-compose-desktop\build\classes\kotlin\jvm\main;C:\Users\HP\Desktop\demo-compose-desktop\build\processedResources\jvm\main -javaagent:C:\Program Files\JetBrains\IntelliJ IDEA Community Edition 2021.3.2\lib\idea_rt.jar=56252:C:\Program Files\JetBrains\IntelliJ IDEA Community Edition 2021.3.2\bin -Dfile.encoding=UTF-8 
java_command: MainKt
java_class_path (initial): C:\Users\HP\Desktop\demo-compose-desktop\build\classes\kotlin\jvm\main;C:\Users\HP\Desktop\demo-compose-desktop\build\processedResources\jvm\main;C:\Users\HP\.gradle\caches\modules-2\files-2.1\io.insert-koin\koin-androidx-compose\3.4.5\ae0a88b7a68d507e651c5a3d70a541594bea54cb\koin-androidx-compose-3.4.5.aar;C:\Users\HP\.gradle\caches\modules-2\files-2.1\androidx.navigation\navigation-compose\2.6.0\3f8ce7b0bad21cced0c47b42b6347c65a6e422c3\navigation-compose-2.6.0.aar;C:\Users\HP\.gradle\caches\modules-2\files-2.1\org.jetbrains.kotlin\kotlin-stdlib-jdk8\1.8.21\67f57e154437cd9e6e9cf368394b95814836ff88\kotlin-stdlib-jdk8-1.8.21.jar;C:\Users\HP\.gradle\caches\modules-2\files-2.1\org.apache.poi\poi-ooxml\4.1.2\87d9a22aa9a7dd26e80c360e709f7ee02e32ab3b\poi-ooxml-4.1.2.jar;C:\Users\HP\.gradle\caches\modules-2\files-2.1\org.apache.poi\poi\4.1.2\964bf41cf68bce08e4ef6b2279b559fdf8d454f4\poi-4.1.2.jar;C:\Users\HP\.gradle\caches\modules-2\files-2.1\org.lwjgl\lwjgl-nfd\3.3.1\622318116996ddcff449b46cb38f0fdee39b8ac3\lwjgl-nfd-3.3.1.jar;C:\Users\HP\.gradle\caches\modules-2\files-2.1\org.lwjgl\lwjgl-nfd\3.3.1\2e007667e04ed3281152ae5c6e677fb1c2211691\lwjgl-nfd-3.3.1-natives-linux.jar;C:\Users\HP\.gradle\caches\modules-2\files-2.1\org.lwjgl\lwjgl\3.3.1\ae58664f88e18a9bb2c77b063833ca7aaec484cb\lwjgl-3.3.1.jar;C:\Users\HP\.gradle\caches\modules-2\files-2.1\io.insert-koin\koin-android\3.4.0\48715fbe06102a59a30bd45b06ed2400c16c6f45\koin-android-3.4.0.aar;C:\Users\HP\.gradle\caches\modules-2\files-2.1\org.lwjgl\lwjgl-nfd\3.3.1\b3e04e317f55dd738d8a345cdafd15b39f85a2ea\lwjgl-nfd-3.3.1-natives-linux-arm32.jar;C:\Users\HP\.gradle\caches\modules-2\files-2.1\androidx.lifecycle\lifecycle-viewmodel-compose\2.6.1\38cf3bb65ff3e0e5c3d63de2ebf5411d0898108c\lifecycle-viewmodel-compose-2.6.1.aar;C:\Users\HP\.gradle\caches\modules-2\files-2.1\org.lwjgl\lwjgl-nfd\3.3.1\f41dc62336f7ee4ab35705cfa440cc903d199165\lwjgl-nfd-3.3.1-natives-linux-arm64.jar;C:\Users\HP\.gradle\caches\mo
Launcher Type: SUN_STANDARD

[Global flags]
     intx CICompilerCount                          = 3                                         {product} {ergonomic}
     uint ConcGCThreads                            = 1                                         {product} {ergonomic}
     uint G1ConcRefinementThreads                  = 4                                         {product} {ergonomic}
   size_t G1HeapRegionSize                         = 2097152                                   {product} {ergonomic}
    uintx GCDrainStackTargetSize                   = 64                                        {product} {ergonomic}
   size_t InitialHeapSize                          = 266338304                                 {product} {ergonomic}
   size_t MarkStackSize                            = 4194304                                   {product} {ergonomic}
   size_t MaxHeapSize                              = 4255121408                                {product} {ergonomic}
   size_t MaxNewSize                               = 2552233984                                {product} {ergonomic}
   size_t MinHeapDeltaBytes                        = 2097152                                   {product} {ergonomic}
   size_t MinHeapSize                              = 8388608                                   {product} {ergonomic}
    uintx NonNMethodCodeHeapSize                   = 5832780                                {pd product} {ergonomic}
    uintx NonProfiledCodeHeapSize                  = 122912730                              {pd product} {ergonomic}
    uintx ProfiledCodeHeapSize                     = 122912730                              {pd product} {ergonomic}
    uintx ReservedCodeCacheSize                    = 251658240                              {pd product} {ergonomic}
     bool SegmentedCodeCache                       = true                                      {product} {ergonomic}
   size_t SoftMaxHeapSize                          = 4255121408                             {manageable} {ergonomic}
     bool UseCompressedClassPointers               = true                           {product lp64_product} {ergonomic}
     bool UseCompressedOops                        = true                           {product lp64_product} {ergonomic}
     bool UseG1GC                                  = true                                      {product} {ergonomic}
     bool UseLargePagesIndividualAllocation        = false                                  {pd product} {ergonomic}

Logging:
Log output configuration:
 #0: stdout all=warning uptime,level,tags
 #1: stderr all=off uptime,level,tags

Environment Variables:
PATH=C:\Program Files\Common Files\Oracle\Java\javapath;C:\Program Files (x86)\Common Files\Oracle\Java\javapath;C:\Windows\system32;C:\Windows;C:\Windows\System32\Wbem;C:\Windows\System32\WindowsPowerShell\v1.0\;C:\Windows\System32\OpenSSH\;C:\xampp\php;C:\ProgramData\ComposerSetup\bin;C:\Program Files\nodejs\;C:\Program Files (x86)\Intel\Intel(R) Management Engine Components\DAL;C:\Program Files\Intel\Intel(R) Management Engine Components\DAL;C:\Program Files\Git\cmd;C:\Program Files\Fortect;C:\Users\HP\AppData\Local\Microsoft\WindowsApps;C:\Program Files\JetBrains\IntelliJ IDEA Community Edition 2021.3.2\bin;C:\Users\HP\AppData\Local\Programs\Microsoft VS Code\bin;C:\Users\HP\AppData\Local\JetBrains\Toolbox\scripts;C:\Users\HP\AppData\Local\GitHubDesktop\bin;C:\Users\HP\Desktop\camp\flutter_windows_3.7.6-stable\flutter\bin;C:\Users\HP\AppData\Roaming\Composer\vendor\bin;C:\Users\HP\AppData\Roaming\npm
USERNAME=HP
OS=Windows_NT
PROCESSOR_IDENTIFIER=Intel64 Family 6 Model 142 Stepping 9, GenuineIntel
TMP=C:\Users\HP\AppData\Local\Temp
TEMP=C:\Users\HP\AppData\Local\Temp



---------------  S Y S T E M  ---------------

OS:
 Windows 10 , 64 bit Build 19041 (10.0.19041.3155)
OS uptime: 0 days 18:34 hours
Hyper-V role detected

CPU: total 4 (initial active 4) (2 cores per cpu, 2 threads per core) family 6 model 142 stepping 9 microcode 0xf2, cx8, cmov, fxsr, ht, mmx, 3dnowpref, sse, sse2, sse3, ssse3, sse4.1, sse4.2, popcnt, lzcnt, tsc, tscinvbit, avx, avx2, aes, erms, clmul, bmi1, bmi2, rtm, adx, fma, vzeroupper, clflush, clflushopt, hv

Memory: 4k page, system-wide physical 16224M (6419M free)
TotalPageFile size 32096M (AvailPageFile size 20207M)
current process WorkingSet (physical memory assigned to process): 258M, peak: 309M
current process commit charge ("private bytes"): 362M, peak: 440M

vm_info: OpenJDK 64-Bit Server VM (17.0.7+7-LTS) for windows-amd64 JRE (17.0.7+7-LTS), built on Apr 14 2023 01:39:21 by "Administrator" with MS VC++ 15.9 (VS2017)

END.
