#
# A fatal error has been detected by the Java Runtime Environment:
#
#  EXCEPTION_ACCESS_VIOLATION (0xc0000005) at pc=0x00007ffa7c4aebe3, pid=14396, tid=5224
#
# JRE version: OpenJDK Runtime Environment JBR-17.0.7+7-1000.5-nomod (17.0.7+7) (build 17.0.7+7-b1000.5)
# Java VM: OpenJDK 64-Bit Server VM JBR-17.0.7+7-1000.5-nomod (17.0.7+7-b1000.5, mixed mode, tiered, compressed oops, compressed class ptrs, g1 gc, windows-amd64)
# Problematic frame:
# C  [ig9icd64.dll+0x9bebe3]
#
# No core dump will be written. Minidumps are not enabled by default on client versions of Windows
#
# If you would like to submit a bug report, please visit:
#   https://youtrack.jetbrains.com/issues/JBR
# The crash happened outside the Java Virtual Machine in native code.
# See problematic frame for where to report the bug.
#

---------------  S U M M A R Y ------------

Command Line: -Djava.library.path=C:\Users\HP\Desktop\newderar\build\classes\kotlin\jvm\main;C:\Users\HP\Desktop\newderar\build\processedResources\jvm\main -javaagent:C:\Program Files\JetBrains\IntelliJ IDEA Community Edition 2021.3.2\lib\idea_rt.jar=57091:C:\Program Files\JetBrains\IntelliJ IDEA Community Edition 2021.3.2\bin -Dfile.encoding=UTF-8 MainKt

Host: Intel(R) Core(TM) i5-7300U CPU @ 2.60GHz, 4 cores, 15G,  Windows 10 , 64 bit Build 19041 (10.0.19041.3155)
Time: Thu Jul  6 02:58:12 2023 Libya Standard Time elapsed time: 45.627592 seconds (0d 0h 0m 45s)

---------------  T H R E A D  ---------------

Current thread (0x00000179268a6420):  JavaThread "AWT-EventQueue-0" [_thread_in_native, id=5224, stack(0x0000002e2ef00000,0x0000002e2f000000)]

Stack: [0x0000002e2ef00000,0x0000002e2f000000],  sp=0x0000002e2effc768,  free space=1009k
Native frames: (J=compiled Java code, j=interpreted, Vv=VM code, C=native code)
C  [ig9icd64.dll+0x9bebe3]

Java frames: (J=compiled Java code, j=interpreted, Vv=VM code)
J 4833  org.jetbrains.skia.DirectContextKt.DirectContext_nFlush(J)V (0 bytes) @ 0x000001790e8e75e9 [0x000001790e8e75a0+0x0000000000000049]
J 4681 c1 org.jetbrains.skiko.context.ContextHandler.flush()V (17 bytes) @ 0x000001790748d2dc [0x000001790748d160+0x000000000000017c]
J 4688 c1 org.jetbrains.skiko.context.ContextHandler.draw()V (91 bytes) @ 0x000001790748f274 [0x000001790748ea20+0x0000000000000854]
J 4539 c1 org.jetbrains.skiko.redrawer.WindowsOpenGLRedrawer.draw()V (245 bytes) @ 0x00000179074398dc [0x00000179074391c0+0x000000000000071c]
J 4279 c1 org.jetbrains.skiko.redrawer.WindowsOpenGLRedrawer$Companion$frameDispatcher$1.invokeSuspend(Ljava/lang/Object;)Ljava/lang/Object; (379 bytes) @ 0x00000179073ab8f4 [0x00000179073aa580+0x0000000000001374]
J 4538 c1 org.jetbrains.skiko.redrawer.WindowsOpenGLRedrawer$Companion$frameDispatcher$1.invoke(Ljava/lang/Object;)Ljava/lang/Object; (9 bytes) @ 0x0000017907438984 [0x0000017907438420+0x0000000000000564]
J 4273 c1 org.jetbrains.skiko.FrameDispatcher$job$1.invokeSuspend(Ljava/lang/Object;)Ljava/lang/Object; (156 bytes) @ 0x00000179073a7f44 [0x00000179073a75a0+0x00000000000009a4]
J 4596 c2 kotlin.coroutines.jvm.internal.BaseContinuationImpl.resumeWith(Ljava/lang/Object;)V (128 bytes) @ 0x000001790e8846f4 [0x000001790e8846a0+0x0000000000000054]
j  kotlinx.coroutines.DispatchedTask.run()V+314
J 4758 c2 java.awt.EventQueue.dispatchEvent(Ljava/awt/AWTEvent;)V java.desktop@17.0.7 (80 bytes) @ 0x000001790e8b9b24 [0x000001790e8b9540+0x00000000000005e4]
J 4847 c2 java.awt.EventDispatchThread.pumpOneEventForFilters(I)V java.desktop@17.0.7 (113 bytes) @ 0x000001790e9057ec [0x000001790e9053c0+0x000000000000042c]
j  java.awt.EventDispatchThread.pumpEventsForFilter(ILjava/awt/Conditional;Ljava/awt/EventFilter;)V+35 java.desktop@17.0.7
j  java.awt.EventDispatchThread.pumpEventsForHierarchy(ILjava/awt/Conditional;Ljava/awt/Component;)V+11 java.desktop@17.0.7
j  java.awt.EventDispatchThread.pumpEvents(ILjava/awt/Conditional;)V+4 java.desktop@17.0.7
j  java.awt.EventDispatchThread.pumpEvents(Ljava/awt/Conditional;)V+3 java.desktop@17.0.7
j  java.awt.EventDispatchThread.run()V+18 java.desktop@17.0.7
v  ~StubRoutines::call_stub

siginfo: EXCEPTION_ACCESS_VIOLATION (0xc0000005), reading address 0x00007ffdbc6d1110


Register to memory mapping:

RIP=0x00007ffa7c4aebe3 ig9icd64.dll
RAX=0x000000000fff0fff is an unknown value
RBX=0x00007ffa7baf0000 ig9icd64.dll
RCX=0x000000033fcf3fcc is an unknown value
RDX=0x0000002e2effcc80 is pointing into the stack for thread: 0x00000179268a6420
RSP=0x0000002e2effc768 is pointing into the stack for thread: 0x00000179268a6420
RBP=0x0000002e2effc870 is pointing into the stack for thread: 0x00000179268a6420
RSI=0x0000017929079f00 points into unknown readable memory: 0x00000179274dee80 | 80 ee 4d 27 79 01 00 00
RDI=0x0000002e2effca70 is pointing into the stack for thread: 0x00000179268a6420
R8 =0x0000002e2effc8a0 is pointing into the stack for thread: 0x00000179268a6420
R9 =0x0000002e2effcc80 is pointing into the stack for thread: 0x00000179268a6420
R10=0x0000002e2effca70 is pointing into the stack for thread: 0x00000179268a6420
R11=0x0 is NULL
R12=0x00007ffa7c9215e0 ig9icd64.dll
R13=0x0 is NULL
R14=0x0 is NULL
R15=0x00000000000001c1 is an unknown value


Registers:
RAX=0x000000000fff0fff, RBX=0x00007ffa7baf0000, RCX=0x000000033fcf3fcc, RDX=0x0000002e2effcc80
RSP=0x0000002e2effc768, RBP=0x0000002e2effc870, RSI=0x0000017929079f00, RDI=0x0000002e2effca70
R8 =0x0000002e2effc8a0, R9 =0x0000002e2effcc80, R10=0x0000002e2effca70, R11=0x0000000000000000
R12=0x00007ffa7c9215e0, R13=0x0000000000000000, R14=0x0000000000000000, R15=0x00000000000001c1
RIP=0x00007ffa7c4aebe3, EFLAGS=0x0000000000010206

Top of Stack: (sp=0x0000002e2effc768)
0x0000002e2effc768:   00007ffa7c4ac31b 0000000000000001
0x0000002e2effc778:   0000000000000000 0000017927707800
0x0000002e2effc788:   00007ffaf6782622 0000002e00000065
0x0000002e2effc798:   0000002e2effc9a0 0000000000000000
0x0000002e2effc7a8:   0000017929683520 0000000000000000
0x0000002e2effc7b8:   00000179319456b0 00000179277078a0
0x0000002e2effc7c8:   0000000000001100 0000000000000000
0x0000002e2effc7d8:   0000000000000000 0000002e2effc950
0x0000002e2effc7e8:   00007ffa7c1479c0 0000000000000000
0x0000002e2effc7f8:   0000000000000000 0000000000000000
0x0000002e2effc808:   0000000000000000 0000ab6068ae49f1
0x0000002e2effc818:   00007ffa7bb06555 00000179277078a0
0x0000002e2effc828:   0000000000000001 0000000000000000
0x0000002e2effc838:   00007ffb07c5b86b 0000000000090002
0x0000002e2effc848:   000000000000005a 00000179272035c0
0x0000002e2effc858:   0000000000000000 0000000000000000 

Instructions: (pc=0x00007ffa7c4aebe3)
0x00007ffa7c4aeae3:   c1 75 31 00 48 89 51 08 48 89 01 8b 44 24 28 89
0x00007ffa7c4aeaf3:   41 20 8b 44 24 30 89 41 24 48 8b c1 4c 89 41 10
0x00007ffa7c4aeb03:   4c 89 49 18 c3 cc cc cc cc cc cc cc cc 48 89 5c
0x00007ffa7c4aeb13:   24 08 8b 41 5c 48 8d 1d e1 14 64 ff 41 89 40 08
0x00007ffa7c4aeb23:   4c 8b d1 8b 41 60 45 33 db 41 89 40 0c 4c 8b ca
0x00007ffa7c4aeb33:   8b 41 64 41 89 40 10 8b 41 68 41 89 40 14 8b 41
0x00007ffa7c4aeb43:   6c 41 89 40 18 8b 41 70 41 89 40 1c 48 63 41 74
0x00007ffa7c4aeb53:   48 6b c8 34 8b 84 19 44 d1 ee 00 41 89 40 20 8b
0x00007ffa7c4aeb63:   84 19 48 d1 ee 00 41 89 40 24 8b 84 19 4c d1 ee
0x00007ffa7c4aeb73:   00 41 89 40 28 8b 84 19 50 d1 ee 00 41 89 40 2c
0x00007ffa7c4aeb83:   8b 84 19 34 d1 ee 00 41 89 40 30 8b 84 19 38 d1
0x00007ffa7c4aeb93:   ee 00 41 89 40 34 8b 84 19 3c d1 ee 00 41 89 40
0x00007ffa7c4aeba3:   38 8b 84 19 40 d1 ee 00 41 89 40 3c 8b 84 19 24
0x00007ffa7c4aebb3:   d1 ee 00 41 89 40 40 8b 84 19 28 d1 ee 00 41 89
0x00007ffa7c4aebc3:   40 44 8b 84 19 2c d1 ee 00 41 89 40 48 8b 84 19
0x00007ffa7c4aebd3:   30 d1 ee 00 41 89 40 4c 49 63 42 78 48 6b c8 34
0x00007ffa7c4aebe3:   8b 84 19 44 d1 ee 00 41 89 40 50 8b 84 19 48 d1
0x00007ffa7c4aebf3:   ee 00 41 89 40 54 8b 84 19 4c d1 ee 00 41 89 40
0x00007ffa7c4aec03:   58 8b 84 19 50 d1 ee 00 41 89 40 5c 8b 84 19 34
0x00007ffa7c4aec13:   d1 ee 00 41 89 40 60 8b 84 19 38 d1 ee 00 41 89
0x00007ffa7c4aec23:   40 64 8b 84 19 3c d1 ee 00 41 89 40 68 8b 84 19
0x00007ffa7c4aec33:   40 d1 ee 00 41 89 40 6c 8b 84 19 24 d1 ee 00 41
0x00007ffa7c4aec43:   89 40 70 8b 84 19 28 d1 ee 00 41 89 40 74 8b 84
0x00007ffa7c4aec53:   19 2c d1 ee 00 41 89 40 78 8b 84 19 30 d1 ee 00
0x00007ffa7c4aec63:   41 89 40 7c 48 8b 42 18 8b 88 38 0b 00 00 f6 c1
0x00007ffa7c4aec73:   08 0f 84 86 00 00 00 8b 80 3c 0b 00 00 41 89 80
0x00007ffa7c4aec83:   80 00 00 00 48 8b 42 18 8b 88 40 0b 00 00 41 89
0x00007ffa7c4aec93:   88 84 00 00 00 48 8b 42 18 8b 88 44 0b 00 00 41
0x00007ffa7c4aeca3:   89 88 88 00 00 00 48 8b 42 18 8b 88 48 0b 00 00
0x00007ffa7c4aecb3:   41 89 88 8c 00 00 00 48 8b 42 18 8b 88 4c 0b 00
0x00007ffa7c4aecc3:   00 41 89 88 90 00 00 00 48 8b 42 18 8b 88 50 0b
0x00007ffa7c4aecd3:   00 00 41 89 88 94 00 00 00 48 8b 42 18 8b 88 54 


Stack slot to memory mapping:
stack at sp + 0 slots: 0x00007ffa7c4ac31b ig9icd64.dll
stack at sp + 1 slots: 0x0000000000000001 is an unknown value
stack at sp + 2 slots: 0x0 is NULL
stack at sp + 3 slots: 0x0000017927707800 points into unknown readable memory: 0x0000000000000000 | 00 00 00 00 00 00 00 00
stack at sp + 4 slots: 0x00007ffaf6782622 igdgmm64.dll
stack at sp + 5 slots: 0x0000002e00000065 is an unknown value
stack at sp + 6 slots: 0x0000002e2effc9a0 is pointing into the stack for thread: 0x00000179268a6420
stack at sp + 7 slots: 0x0 is NULL


---------------  P R O C E S S  ---------------

Threads class SMR info:
_java_thread_list=0x00000179299d04b0, length=28, elements={
0x00000179033ab2d0, 0x000001792189ded0, 0x000001792189f4e0, 0x00000179218d4970,
0x00000179218d5520, 0x00000179218d8780, 0x00000179218f4260, 0x00000179218f55f0,
0x000001792192e7c0, 0x0000017921940f60, 0x0000017921a1e240, 0x0000017921c5d520,
0x00000179261b87f0, 0x00000179267fe330, 0x0000017921b5cc80, 0x00000179268a6420,
0x000001792192d5f0, 0x00000179272f4360, 0x00000179272f4830, 0x0000017927133ff0,
0x0000017927134e60, 0x00000179297a5550, 0x00000179297a7bd0, 0x00000179297a4210,
0x00000179297a2a00, 0x00000179297a2ed0, 0x00000179297a8f10, 0x00000179297a63c0
}

Java Threads: ( => current thread )
  0x00000179033ab2d0 JavaThread "main" [_thread_blocked, id=9896, stack(0x0000002e2d400000,0x0000002e2d500000)]
  0x000001792189ded0 JavaThread "Reference Handler" daemon [_thread_blocked, id=4076, stack(0x0000002e2db00000,0x0000002e2dc00000)]
  0x000001792189f4e0 JavaThread "Finalizer" daemon [_thread_blocked, id=6028, stack(0x0000002e2dc00000,0x0000002e2dd00000)]
  0x00000179218d4970 JavaThread "Signal Dispatcher" daemon [_thread_blocked, id=9832, stack(0x0000002e2dd00000,0x0000002e2de00000)]
  0x00000179218d5520 JavaThread "Attach Listener" daemon [_thread_blocked, id=11304, stack(0x0000002e2de00000,0x0000002e2df00000)]
  0x00000179218d8780 JavaThread "Service Thread" daemon [_thread_blocked, id=7876, stack(0x0000002e2df00000,0x0000002e2e000000)]
  0x00000179218f4260 JavaThread "Monitor Deflation Thread" daemon [_thread_blocked, id=4080, stack(0x0000002e2e000000,0x0000002e2e100000)]
  0x00000179218f55f0 JavaThread "C2 CompilerThread0" daemon [_thread_blocked, id=11212, stack(0x0000002e2e100000,0x0000002e2e200000)]
  0x000001792192e7c0 JavaThread "C1 CompilerThread0" daemon [_thread_blocked, id=16196, stack(0x0000002e2e200000,0x0000002e2e300000)]
  0x0000017921940f60 JavaThread "Sweeper thread" daemon [_thread_blocked, id=2388, stack(0x0000002e2e300000,0x0000002e2e400000)]
  0x0000017921a1e240 JavaThread "Common-Cleaner" daemon [_thread_blocked, id=5340, stack(0x0000002e2e400000,0x0000002e2e500000)]
  0x0000017921c5d520 JavaThread "Monitor Ctrl-Break" daemon [_thread_in_native, id=14988, stack(0x0000002e2e600000,0x0000002e2e700000)]
  0x00000179261b87f0 JavaThread "Notification Thread" daemon [_thread_blocked, id=5232, stack(0x0000002e2e700000,0x0000002e2e800000)]
  0x00000179267fe330 JavaThread "Java2D Disposer" daemon [_thread_blocked, id=10716, stack(0x0000002e2ec00000,0x0000002e2ed00000)]
  0x0000017921b5cc80 JavaThread "AWT-Shutdown" [_thread_blocked, id=13304, stack(0x0000002e2ed00000,0x0000002e2ee00000)]
=>0x00000179268a6420 JavaThread "AWT-EventQueue-0" [_thread_in_native, id=5224, stack(0x0000002e2ef00000,0x0000002e2f000000)]
  0x000001792192d5f0 JavaThread "Reference Cleaner" daemon [_thread_blocked, id=13724, stack(0x0000002e2f000000,0x0000002e2f100000)]
  0x00000179272f4360 JavaThread "DefaultDispatcher-worker-1" daemon [_thread_blocked, id=16240, stack(0x0000002e2f100000,0x0000002e2f200000)]
  0x00000179272f4830 JavaThread "DefaultDispatcher-worker-2" daemon [_thread_blocked, id=13744, stack(0x0000002e2f200000,0x0000002e2f300000)]
  0x0000017927133ff0 JavaThread "DefaultDispatcher-worker-3" daemon [_thread_blocked, id=15952, stack(0x0000002e2f300000,0x0000002e2f400000)]
  0x0000017927134e60 JavaThread "kotlinx.coroutines.DefaultExecutor" daemon [_thread_blocked, id=3408, stack(0x0000002e2f400000,0x0000002e2f500000)]
  0x00000179297a5550 JavaThread "TimerQueue" daemon [_thread_blocked, id=10252, stack(0x0000002e2e500000,0x0000002e2e600000)]
  0x00000179297a7bd0 JavaThread "RealmFinalizingDaemon" daemon [_thread_blocked, id=824, stack(0x0000002e2fb00000,0x0000002e2fc00000)]
  0x00000179297a4210 JavaThread "core-notifier" daemon [_thread_in_native, id=3348, stack(0x0000002e2fd00000,0x0000002e2fe00000)]
  0x00000179297a2a00 JavaThread "DefaultDispatcher-worker-4" daemon [_thread_blocked, id=8200, stack(0x0000002e2f900000,0x0000002e2fa00000)]
  0x00000179297a2ed0 JavaThread "DefaultDispatcher-worker-5" daemon [_thread_blocked, id=10140, stack(0x0000002e2ff00000,0x0000002e30000000)]
  0x00000179297a8f10 JavaThread "DefaultDispatcher-worker-6" daemon [_thread_blocked, id=11156, stack(0x0000002e30000000,0x0000002e30100000)]
  0x00000179297a63c0 JavaThread "SIGINT handler" daemon [_thread_blocked, id=7568, stack(0x0000002e30300000,0x0000002e30400000)]

Other Threads:
  0x0000017921720210 VMThread "VM Thread" [stack: 0x0000002e2da00000,0x0000002e2db00000] [id=2052]
  0x000001790342c770 WatcherThread [stack: 0x0000002e2e800000,0x0000002e2e900000] [id=7400]
  0x00000179034152e0 GCTaskThread "GC Thread#0" [stack: 0x0000002e2d500000,0x0000002e2d600000] [id=14308]
  0x0000017926989540 GCTaskThread "GC Thread#1" [stack: 0x0000002e2e900000,0x0000002e2ea00000] [id=15764]
  0x00000179269897f0 GCTaskThread "GC Thread#2" [stack: 0x0000002e2ea00000,0x0000002e2eb00000] [id=1244]
  0x0000017921c3a400 GCTaskThread "GC Thread#3" [stack: 0x0000002e2eb00000,0x0000002e2ec00000] [id=9728]
  0x0000017903425fb0 ConcurrentGCThread "G1 Main Marker" [stack: 0x0000002e2d600000,0x0000002e2d700000] [id=3652]
  0x0000017903427160 ConcurrentGCThread "G1 Conc#0" [stack: 0x0000002e2d700000,0x0000002e2d800000] [id=8928]
  0x000001790345e060 ConcurrentGCThread "G1 Refine#0" [stack: 0x0000002e2d800000,0x0000002e2d900000] [id=14784]
  0x000001790345ea80 ConcurrentGCThread "G1 Service" [stack: 0x0000002e2d900000,0x0000002e2da00000] [id=900]

Threads with active compile tasks:

VM state: not at safepoint (normal execution)

VM Mutex/Monitor currently owned by a thread: None

Heap address: 0x0000000702600000, size: 4058 MB, Compressed Oops mode: Zero based, Oop shift amount: 3

CDS archive(s) not mapped
Compressed class space mapped at: 0x0000000800000000-0x0000000840000000, reserved size: 1073741824
Narrow klass base: 0x0000000800000000, Narrow klass shift: 0, Narrow klass range: 0x40000000

GC Precious Log:
 CPUs: 4 total, 4 available
 Memory: 16224M
 Large Page Support: Disabled
 NUMA Support: Disabled
 Compressed Oops: Enabled (Zero based)
 Heap Region Size: 2M
 Heap Min Capacity: 8M
 Heap Initial Capacity: 254M
 Heap Max Capacity: 4058M
 Pre-touch: Disabled
 Parallel Workers: 4
 Concurrent Workers: 1
 Concurrent Refinement Workers: 4
 Periodic GC: Disabled

Heap:
 garbage-first heap   total 55296K, used 27525K [0x0000000702600000, 0x0000000800000000)
  region size 2048K, 4 young (8192K), 1 survivors (2048K)
 Metaspace       used 43062K, committed 43392K, reserved 1114112K
  class space    used 4644K, committed 4800K, reserved 1048576K

Heap Regions: E=young(eden), S=young(survivor), O=old, HS=humongous(starts), HC=humongous(continues), CS=collection set, F=free, OA=open archive, CA=closed archive, TAMS=top-at-mark-start (previous, next)
|   0|0x0000000702600000, 0x0000000702800000, 0x0000000702800000|100%|HS|  |TAMS 0x0000000702800000, 0x0000000702600000| Untracked 
|   1|0x0000000702800000, 0x0000000702a00000, 0x0000000702a00000|100%| O|  |TAMS 0x0000000702a00000, 0x0000000702800000| Untracked 
|   2|0x0000000702a00000, 0x0000000702c00000, 0x0000000702c00000|100%| O|  |TAMS 0x0000000702c00000, 0x0000000702a00000| Untracked 
|   3|0x0000000702c00000, 0x0000000702e00000, 0x0000000702e00000|100%| O|  |TAMS 0x0000000702e00000, 0x0000000702c00000| Untracked 
|   4|0x0000000702e00000, 0x0000000702fd8830, 0x0000000703000000| 92%| O|  |TAMS 0x0000000702e00000, 0x0000000702e00000| Untracked 
|   5|0x0000000703000000, 0x00000007031ff110, 0x0000000703200000| 99%| O|  |TAMS 0x0000000703000000, 0x0000000703000000| Untracked 
|   6|0x0000000703200000, 0x00000007033d2c78, 0x0000000703400000| 91%| O|  |TAMS 0x0000000703200000, 0x0000000703200000| Untracked 
|   7|0x0000000703400000, 0x000000070351e178, 0x0000000703600000| 55%| O|  |TAMS 0x0000000703400000, 0x0000000703400000| Untracked 
|   8|0x0000000703600000, 0x0000000703600000, 0x0000000703800000|  0%| F|  |TAMS 0x0000000703600000, 0x0000000703600000| Untracked 
|   9|0x0000000703800000, 0x0000000703800000, 0x0000000703a00000|  0%| F|  |TAMS 0x0000000703800000, 0x0000000703800000| Untracked 
|  10|0x0000000703a00000, 0x0000000703c00000, 0x0000000703c00000|100%|HS|  |TAMS 0x0000000703c00000, 0x0000000703a00000| Untracked 
|  11|0x0000000703c00000, 0x0000000703e00000, 0x0000000703e00000|100%|HC|  |TAMS 0x0000000703e00000, 0x0000000703c00000| Untracked 
|  12|0x0000000703e00000, 0x0000000704000000, 0x0000000704000000|100%|HC|  |TAMS 0x0000000704000000, 0x0000000703e00000| Untracked 
|  13|0x0000000704000000, 0x0000000704200000, 0x0000000704200000|100%|HC|  |TAMS 0x0000000704200000, 0x0000000704000000| Untracked 
|  14|0x0000000704200000, 0x0000000704200000, 0x0000000704400000|  0%| F|  |TAMS 0x0000000704200000, 0x0000000704200000| Untracked 
|  15|0x0000000704400000, 0x0000000704400000, 0x0000000704600000|  0%| F|  |TAMS 0x0000000704400000, 0x0000000704400000| Untracked 
|  16|0x0000000704600000, 0x0000000704600000, 0x0000000704800000|  0%| F|  |TAMS 0x0000000704600000, 0x0000000704600000| Untracked 
|  17|0x0000000704800000, 0x0000000704819028, 0x0000000704a00000|  4%| S|CS|TAMS 0x0000000704800000, 0x0000000704800000| Complete 
|  18|0x0000000704a00000, 0x0000000704a00000, 0x0000000704c00000|  0%| F|  |TAMS 0x0000000704a00000, 0x0000000704a00000| Untracked 
|  19|0x0000000704c00000, 0x0000000704c00000, 0x0000000704e00000|  0%| F|  |TAMS 0x0000000704c00000, 0x0000000704c00000| Untracked 
|  20|0x0000000704e00000, 0x0000000704e00000, 0x0000000705000000|  0%| F|  |TAMS 0x0000000704e00000, 0x0000000704e00000| Untracked 
|  21|0x0000000705000000, 0x0000000705000000, 0x0000000705200000|  0%| F|  |TAMS 0x0000000705000000, 0x0000000705000000| Untracked 
|  22|0x0000000705200000, 0x0000000705200000, 0x0000000705400000|  0%| F|  |TAMS 0x0000000705200000, 0x0000000705200000| Untracked 
| 112|0x0000000710600000, 0x0000000710600000, 0x0000000710800000|  0%| F|  |TAMS 0x0000000710600000, 0x0000000710600000| Untracked 
| 113|0x0000000710800000, 0x00000007109c4580, 0x0000000710a00000| 88%| E|  |TAMS 0x0000000710800000, 0x0000000710800000| Complete 
| 125|0x0000000712000000, 0x0000000712200000, 0x0000000712200000|100%| E|CS|TAMS 0x0000000712000000, 0x0000000712000000| Complete 
| 126|0x0000000712200000, 0x0000000712400000, 0x0000000712400000|100%| E|CS|TAMS 0x0000000712200000, 0x0000000712200000| Complete 

Card table byte_map: [0x0000017916350000,0x0000017916b40000] _byte_map_base: 0x0000017912b3d000

Marking Bits (Prev, Next): (CMBitMap*) 0x00000179034158f0, (CMBitMap*) 0x0000017903415930
 Prev Bits: [0x0000017917330000, 0x000001791b298000)
 Next Bits: [0x000001791b2a0000, 0x000001791f208000)

Polling page: 0x0000017902b60000

Metaspace:

Usage:
  Non-class:     37.52 MB used.
      Class:      4.54 MB used.
       Both:     42.05 MB used.

Virtual space:
  Non-class space:       64.00 MB reserved,      37.69 MB ( 59%) committed,  1 nodes.
      Class space:        1.00 GB reserved,       4.69 MB ( <1%) committed,  1 nodes.
             Both:        1.06 GB reserved,      42.38 MB (  4%) committed. 

Chunk freelists:
   Non-Class:  9.73 MB
       Class:  11.28 MB
        Both:  21.02 MB

MaxMetaspaceSize: unlimited
CompressedClassSpaceSize: 1.00 GB
Initial GC threshold: 21.00 MB
Current GC threshold: 70.31 MB
CDS: off
MetaspaceReclaimPolicy: balanced
 - commit_granule_bytes: 65536.
 - commit_granule_words: 8192.
 - virtual_space_node_default_size: 8388608.
 - enlarge_chunks_in_place: 1.
 - new_chunks_are_fully_committed: 0.
 - uncommit_free_chunks: 1.
 - use_allocation_guard: 0.
 - handle_deallocations: 1.


Internal statistics:

num_allocs_failed_limit: 6.
num_arena_births: 226.
num_arena_deaths: 0.
num_vsnodes_births: 2.
num_vsnodes_deaths: 0.
num_space_committed: 678.
num_space_uncommitted: 0.
num_chunks_returned_to_freelist: 6.
num_chunks_taken_from_freelist: 1115.
num_chunk_merges: 3.
num_chunk_splits: 958.
num_chunks_enlarged: 869.
num_inconsistent_stats: 0.

CodeHeap 'non-profiled nmethods': size=120000Kb used=3507Kb max_used=3507Kb free=116492Kb
 bounds [0x000001790e630000, 0x000001790e9a0000, 0x0000017915b60000]
CodeHeap 'profiled nmethods': size=120000Kb used=7638Kb max_used=9828Kb free=112361Kb
 bounds [0x0000017906b60000, 0x0000017907500000, 0x000001790e090000]
CodeHeap 'non-nmethods': size=5760Kb used=1839Kb max_used=1933Kb free=3920Kb
 bounds [0x000001790e090000, 0x000001790e300000, 0x000001790e630000]
 total_blobs=5712 nmethods=4394 adapters=1230
 compilation: enabled
              stopped_count=0, restarted_count=0
 full_count=0

Compilation events (20 events):
Event: 39.495 Thread 0x00000179218f55f0 5176       4       common.component.PaginationTableKt::PaginatedTable$lambda$4 (25 bytes)
Event: 39.505 Thread 0x00000179218f55f0 nmethod 5176 0x000001790e97c510 code [0x000001790e97c6e0, 0x000001790e97cd28]
Event: 39.817 Thread 0x00000179218f55f0 5177   !   4       java.awt.EventQueue::getNextEvent (110 bytes)
Event: 39.906 Thread 0x00000179218f55f0 nmethod 5177 0x000001790e97d490 code [0x000001790e97d840, 0x000001790e980718]
Event: 40.799 Thread 0x00000179218f55f0 5178   !   4       androidx.compose.runtime.Recomposer::getHasSchedulingWork (92 bytes)
Event: 40.801 Thread 0x00000179218f55f0 nmethod 5178 0x000001790e982190 code [0x000001790e982320, 0x000001790e982898]
Event: 41.132 Thread 0x00000179218f55f0 5179       4       kotlinx.coroutines.channels.AbstractChannel::receive (28 bytes)
Event: 41.211 Thread 0x00000179218f55f0 nmethod 5179 0x000001790e982b90 code [0x000001790e982f20, 0x000001790e985e98]
Event: 41.780 Thread 0x00000179218f55f0 5180       4       androidx.compose.runtime.snapshots.SnapshotIdSet::or (235 bytes)
Event: 41.780 Thread 0x00000179218f55f0 nmethod 5180 0x000001790e987a10 code [0x000001790e987b80, 0x000001790e987c38]
Event: 41.913 Thread 0x00000179218f55f0 5181   !   4       androidx.compose.runtime.Recomposer$runRecomposeAndApplyChanges$2$2::invoke (1312 bytes)
Event: 42.347 Thread 0x00000179218f55f0 nmethod 5181 0x000001790e987d10 code [0x000001790e9883e0, 0x000001790e990fc0]
Event: 43.179 Thread 0x00000179218f55f0 5182       4       kotlinx.coroutines.CancellableContinuationImpl::resumeWith (20 bytes)
Event: 43.192 Thread 0x00000179218f55f0 nmethod 5182 0x000001790e998390 code [0x000001790e998560, 0x000001790e998bc8]
Event: 43.193 Thread 0x00000179218f55f0 5183       4       kotlinx.coroutines.CompletionStateKt::toState (70 bytes)
Event: 43.193 Thread 0x00000179218f55f0 nmethod 5183 0x000001790e999110 code [0x000001790e999280, 0x000001790e999338]
Event: 44.211 Thread 0x00000179218f55f0 5184       4       java.lang.Integer::compareTo (9 bytes)
Event: 44.212 Thread 0x00000179218f55f0 nmethod 5184 0x000001790e999410 code [0x000001790e9995a0, 0x000001790e999678]
Event: 44.863 Thread 0x00000179218f55f0 5185       4       androidx.compose.ui.ComposeScene::invalidateIfNeeded (85 bytes)
Event: 44.896 Thread 0x00000179218f55f0 nmethod 5185 0x000001790e999790 code [0x000001790e999ac0, 0x000001790e99b7b8]

GC Heap History (20 events):
Event: 3.057 GC heap before
{Heap before GC invocations=5 (full 0):
 garbage-first heap   total 55296K, used 12959K [0x0000000702600000, 0x0000000800000000)
  region size 2048K, 3 young (6144K), 2 survivors (4096K)
 Metaspace       used 28469K, committed 28672K, reserved 1114112K
  class space    used 3017K, committed 3136K, reserved 1048576K
}
Event: 3.061 GC heap after
{Heap after GC invocations=6 (full 0):
 garbage-first heap   total 55296K, used 11121K [0x0000000702600000, 0x0000000800000000)
  region size 2048K, 1 young (2048K), 1 survivors (2048K)
 Metaspace       used 28469K, committed 28672K, reserved 1114112K
  class space    used 3017K, committed 3136K, reserved 1048576K
}
Event: 9.729 GC heap before
{Heap before GC invocations=6 (full 0):
 garbage-first heap   total 55296K, used 41841K [0x0000000702600000, 0x0000000800000000)
  region size 2048K, 13 young (26624K), 1 survivors (2048K)
 Metaspace       used 33586K, committed 33920K, reserved 1114112K
  class space    used 3618K, committed 3776K, reserved 1048576K
}
Event: 9.734 GC heap after
{Heap after GC invocations=7 (full 0):
 garbage-first heap   total 55296K, used 18229K [0x0000000702600000, 0x0000000800000000)
  region size 2048K, 1 young (2048K), 1 survivors (2048K)
 Metaspace       used 33586K, committed 33920K, reserved 1114112K
  class space    used 3618K, committed 3776K, reserved 1048576K
}
Event: 10.009 GC heap before
{Heap before GC invocations=7 (full 0):
 garbage-first heap   total 55296K, used 30517K [0x0000000702600000, 0x0000000800000000)
  region size 2048K, 8 young (16384K), 1 survivors (2048K)
 Metaspace       used 35764K, committed 35968K, reserved 1114112K
  class space    used 3911K, committed 4032K, reserved 1048576K
}
Event: 10.012 GC heap after
{Heap after GC invocations=8 (full 0):
 garbage-first heap   total 55296K, used 19622K [0x0000000702600000, 0x0000000800000000)
  region size 2048K, 2 young (4096K), 2 survivors (4096K)
 Metaspace       used 35764K, committed 35968K, reserved 1114112K
  class space    used 3911K, committed 4032K, reserved 1048576K
}
Event: 10.341 GC heap before
{Heap before GC invocations=9 (full 0):
 garbage-first heap   total 55296K, used 36006K [0x0000000702600000, 0x0000000800000000)
  region size 2048K, 10 young (20480K), 2 survivors (4096K)
 Metaspace       used 39809K, committed 40000K, reserved 1114112K
  class space    used 4383K, committed 4480K, reserved 1048576K
}
Event: 10.345 GC heap after
{Heap after GC invocations=10 (full 0):
 garbage-first heap   total 55296K, used 20375K [0x0000000702600000, 0x0000000800000000)
  region size 2048K, 2 young (4096K), 2 survivors (4096K)
 Metaspace       used 39809K, committed 40000K, reserved 1114112K
  class space    used 4383K, committed 4480K, reserved 1048576K
}
Event: 10.690 GC heap before
{Heap before GC invocations=10 (full 0):
 garbage-first heap   total 55296K, used 30615K [0x0000000702600000, 0x0000000800000000)
  region size 2048K, 8 young (16384K), 2 survivors (4096K)
 Metaspace       used 41814K, committed 42048K, reserved 1114112K
  class space    used 4623K, committed 4736K, reserved 1048576K
}
Event: 10.693 GC heap after
{Heap after GC invocations=11 (full 0):
 garbage-first heap   total 55296K, used 21076K [0x0000000702600000, 0x0000000800000000)
  region size 2048K, 2 young (4096K), 2 survivors (4096K)
 Metaspace       used 41814K, committed 42048K, reserved 1114112K
  class space    used 4623K, committed 4736K, reserved 1048576K
}
Event: 17.917 GC heap before
{Heap before GC invocations=11 (full 0):
 garbage-first heap   total 55296K, used 45652K [0x0000000702600000, 0x0000000800000000)
  region size 2048K, 11 young (22528K), 2 survivors (4096K)
 Metaspace       used 42860K, committed 43136K, reserved 1114112K
  class space    used 4639K, committed 4736K, reserved 1048576K
}
Event: 17.922 GC heap after
{Heap after GC invocations=12 (full 0):
 garbage-first heap   total 55296K, used 30420K [0x0000000702600000, 0x0000000800000000)
  region size 2048K, 2 young (4096K), 2 survivors (4096K)
 Metaspace       used 42860K, committed 43136K, reserved 1114112K
  class space    used 4639K, committed 4736K, reserved 1048576K
}
Event: 23.702 GC heap before
{Heap before GC invocations=12 (full 0):
 garbage-first heap   total 55296K, used 42708K [0x0000000702600000, 0x0000000800000000)
  region size 2048K, 8 young (16384K), 2 survivors (4096K)
 Metaspace       used 42951K, committed 43200K, reserved 1114112K
  class space    used 4639K, committed 4736K, reserved 1048576K
}
Event: 23.706 GC heap after
{Heap after GC invocations=13 (full 0):
 garbage-first heap   total 55296K, used 30630K [0x0000000702600000, 0x0000000800000000)
  region size 2048K, 1 young (2048K), 1 survivors (2048K)
 Metaspace       used 42951K, committed 43200K, reserved 1114112K
  class space    used 4639K, committed 4736K, reserved 1048576K
}
Event: 29.225 GC heap before
{Heap before GC invocations=14 (full 0):
 garbage-first heap   total 55296K, used 36774K [0x0000000702600000, 0x0000000800000000)
  region size 2048K, 7 young (14336K), 1 survivors (2048K)
 Metaspace       used 42979K, committed 43264K, reserved 1114112K
  class space    used 4639K, committed 4736K, reserved 1048576K
}
Event: 29.229 GC heap after
{Heap after GC invocations=15 (full 0):
 garbage-first heap   total 55296K, used 24214K [0x0000000702600000, 0x0000000800000000)
  region size 2048K, 1 young (2048K), 1 survivors (2048K)
 Metaspace       used 42979K, committed 43264K, reserved 1114112K
  class space    used 4639K, committed 4736K, reserved 1048576K
}
Event: 31.932 GC heap before
{Heap before GC invocations=15 (full 0):
 garbage-first heap   total 55296K, used 28310K [0x0000000702600000, 0x0000000800000000)
  region size 2048K, 4 young (8192K), 1 survivors (2048K)
 Metaspace       used 43026K, committed 43328K, reserved 1114112K
  class space    used 4640K, committed 4800K, reserved 1048576K
}
Event: 31.961 GC heap after
{Heap after GC invocations=16 (full 1):
 garbage-first heap   total 55296K, used 23329K [0x0000000702600000, 0x0000000800000000)
  region size 2048K, 0 young (0K), 0 survivors (0K)
 Metaspace       used 43026K, committed 43328K, reserved 1114112K
  class space    used 4640K, committed 4800K, reserved 1048576K
}
Event: 42.593 GC heap before
{Heap before GC invocations=16 (full 1):
 garbage-first heap   total 55296K, used 41761K [0x0000000702600000, 0x0000000800000000)
  region size 2048K, 9 young (18432K), 0 survivors (0K)
 Metaspace       used 43038K, committed 43328K, reserved 1114112K
  class space    used 4640K, committed 4800K, reserved 1048576K
}
Event: 42.594 GC heap after
{Heap after GC invocations=17 (full 1):
 garbage-first heap   total 55296K, used 23429K [0x0000000702600000, 0x0000000800000000)
  region size 2048K, 1 young (2048K), 1 survivors (2048K)
 Metaspace       used 43038K, committed 43328K, reserved 1114112K
  class space    used 4640K, committed 4800K, reserved 1048576K
}

Dll operation events (3 events):
Event: 0.009 Loaded shared library C:\Users\HP\.jdks\jbr-17.0.7-1\bin\java.dll
Event: 0.044 Loaded shared library C:\Users\HP\.jdks\jbr-17.0.7-1\bin\jsvml.dll
Event: 0.302 Loaded shared library C:\Users\HP\.jdks\jbr-17.0.7-1\bin\zip.dll

Deoptimization events (20 events):
Event: 45.588 Thread 0x00000179297a5080 Uncommon trap: trap_request=0xffffff45 fr.pc=0x000001790e892ae8 relative=0x0000000000000888
Event: 45.589 Thread 0x00000179297a5080 Uncommon trap: reason=unstable_if action=reinterpret pc=0x000001790e892ae8 method=kotlinx.coroutines.CancellableContinuationImpl.getExceptionalResult$kotlinx_coroutines_core(Ljava/lang/Object;)Ljava/lang/Throwable; @ 6 c2
Event: 45.589 Thread 0x00000179297a5080 DEOPT PACKING pc=0x000001790e892ae8 sp=0x0000002e2feff510
Event: 45.589 Thread 0x00000179297a5080 DEOPT UNPACKING pc=0x000001790e0e69a3 sp=0x0000002e2feff3e0 mode 2
Event: 45.590 Thread 0x00000179297a6890 Uncommon trap: trap_request=0xffffffc6 fr.pc=0x000001790e967298 relative=0x0000000000000d78
Event: 45.590 Thread 0x00000179297a6890 Uncommon trap: reason=bimorphic_or_optimized_type_check action=maybe_recompile pc=0x000001790e967298 method=kotlin.coroutines.CoroutineContext$plus$1.invoke(Lkotlin/coroutines/CoroutineContext;Lkotlin/coroutines/CoroutineContext$Element;)Lkotlin/coroutine
Event: 45.590 Thread 0x00000179297a6890 DEOPT PACKING pc=0x000001790e967298 sp=0x0000002e305fe750
Event: 45.590 Thread 0x00000179297a6890 DEOPT UNPACKING pc=0x000001790e0e69a3 sp=0x0000002e305fe698 mode 2
Event: 45.600 Thread 0x00000179297a6890 Uncommon trap: trap_request=0xffffffc6 fr.pc=0x000001790e888d20 relative=0x0000000000000080
Event: 45.600 Thread 0x00000179297a6890 Uncommon trap: reason=bimorphic_or_optimized_type_check action=maybe_recompile pc=0x000001790e888d20 method=java.util.AbstractCollection.isEmpty()Z @ 1 c2
Event: 45.600 Thread 0x00000179297a6890 DEOPT PACKING pc=0x000001790e888d20 sp=0x0000002e305feec0
Event: 45.600 Thread 0x00000179297a6890 DEOPT UNPACKING pc=0x000001790e0e69a3 sp=0x0000002e305fee50 mode 2
Event: 45.600 Thread 0x00000179297a6890 Uncommon trap: trap_request=0xffffffc6 fr.pc=0x000001790e888d20 relative=0x0000000000000080
Event: 45.600 Thread 0x00000179297a6890 Uncommon trap: reason=bimorphic_or_optimized_type_check action=maybe_recompile pc=0x000001790e888d20 method=java.util.AbstractCollection.isEmpty()Z @ 1 c2
Event: 45.600 Thread 0x00000179297a6890 DEOPT PACKING pc=0x000001790e888d20 sp=0x0000002e305feec0
Event: 45.600 Thread 0x00000179297a6890 DEOPT UNPACKING pc=0x000001790e0e69a3 sp=0x0000002e305fee50 mode 2
Event: 45.601 Thread 0x00000179297a5080 Uncommon trap: trap_request=0xffffffc6 fr.pc=0x000001790e888d20 relative=0x0000000000000080
Event: 45.601 Thread 0x00000179297a5080 Uncommon trap: reason=bimorphic_or_optimized_type_check action=maybe_recompile pc=0x000001790e888d20 method=java.util.AbstractCollection.isEmpty()Z @ 1 c2
Event: 45.601 Thread 0x00000179297a5080 DEOPT PACKING pc=0x000001790e888d20 sp=0x0000002e2feff4e0
Event: 45.601 Thread 0x00000179297a5080 DEOPT UNPACKING pc=0x000001790e0e69a3 sp=0x0000002e2feff470 mode 2

Classes unloaded (0 events):
No events

Classes redefined (0 events):
No events

Internal exceptions (20 events):
Event: 2.190 Thread 0x00000179268a6420 Exception <a 'java/lang/NoSuchMethodError'{0x0000000710d05728}: 'void java.lang.invoke.DirectMethodHandle$Holder.invokeStatic(java.lang.Object, java.lang.Object, java.lang.Object)'> (0x0000000710d05728) 
thrown [s\src\hotspot\share\interpreter\linkResolver.cpp, line 771]
Event: 2.253 Thread 0x00000179268a6420 Exception <a 'java/lang/NoSuchMethodError'{0x0000000710b8e990}: 'java.lang.Object java.lang.invoke.DirectMethodHandle$Holder.newInvokeSpecial(java.lang.Object, java.lang.Object, int, int)'> (0x0000000710b8e990) 
thrown [s\src\hotspot\share\interpreter\linkResolver.cpp, line 771]
Event: 2.256 Thread 0x00000179268a6420 Exception <a 'java/lang/NoSuchMethodError'{0x0000000710ba0030}: 'java.lang.Object java.lang.invoke.DirectMethodHandle$Holder.newInvokeSpecial(java.lang.Object, java.lang.Object, int, int, int, int)'> (0x0000000710ba0030) 
thrown [s\src\hotspot\share\interpreter\linkResolver.cpp, line 771]
Event: 2.282 Thread 0x0000017921b5d7f0 Exception <a 'java/lang/NoSuchMethodError'{0x00000007120052d8}: 'void java.lang.invoke.DirectMethodHandle$Holder.invokeVirtual(java.lang.Object, java.lang.Object)'> (0x00000007120052d8) 
thrown [s\src\hotspot\share\interpreter\linkResolver.cpp, line 771]
Event: 2.382 Thread 0x00000179268a6420 Exception <a 'java/lang/NoSuchMethodError'{0x00000007121fa848}: 'java.lang.Object java.lang.invoke.DirectMethodHandle$Holder.invokeStaticInit(java.lang.Object, java.lang.Object, java.lang.Object, java.lang.Object, java.lang.Object, java.lang.Object, java.lang.Object)'> (0x00000007121fa848) 
thrown [s\src\hotspot\share\interpreter\linkResolver.cpp, line 771]
Event: 2.383 Thread 0x00000179268a6420 Exception <a 'java/lang/NoSuchMethodError'{0x0000000705204838}: 'java.lang.Object java.lang.invoke.DirectMethodHandle$Holder.invokeSpecial(java.lang.Object, java.lang.Object, java.lang.Object, java.lang.Object, java.lang.Object, java.lang.Object, java.lang.Object, java.lang.Object, java.lang.Object, java.lang.Object)'> (0x0000000705204838) 
thrown [s\src\hotspot\share\interpreter\linkResolver.cpp, line 771]
Event: 2.383 Thread 0x00000179268a6420 Exception <a 'java/lang/NoSuchMethodError'{0x00000007052090c8}: 'java.lang.Object java.lang.invoke.Invokers$Holder.invoke_MT(java.lang.Object, java.lang.Object, java.lang.Object, java.lang.Object, java.lang.Object, java.lang.Object, java.lang.Object, java.lang.Object, java.lang.Object, java.lang.Object)'> (0x00000007052090c8) 
thrown [s\src\hotspot\share\interpreter\linkResolver.cpp, line 771]
Event: 2.385 Thread 0x00000179268a6420 Exception <a 'java/lang/NoSuchMethodError'{0x000000070520f810}: 'java.lang.Object java.lang.invoke.DirectMethodHandle$Holder.invokeStatic(java.lang.Object, java.lang.Object, int)'> (0x000000070520f810) 
thrown [s\src\hotspot\share\interpreter\linkResolver.cpp, line 771]
Event: 2.388 Thread 0x00000179268a6420 Exception <a 'java/lang/NoSuchMethodError'{0x0000000705222378}: 'void java.lang.invoke.DelegatingMethodHandle$Holder.delegate(java.lang.Object, java.lang.Object, int, java.lang.Object)'> (0x0000000705222378) 
thrown [s\src\hotspot\share\interpreter\linkResolver.cpp, line 771]
Event: 2.388 Thread 0x00000179268a6420 Exception <a 'java/lang/NoSuchMethodError'{0x0000000705226760}: 'int java.lang.invoke.DirectMethodHandle$Holder.invokeSpecial(java.lang.Object, java.lang.Object, java.lang.Object)'> (0x0000000705226760) 
thrown [s\src\hotspot\share\interpreter\linkResolver.cpp, line 771]
Event: 2.394 Thread 0x00000179268a6420 Exception <a 'java/lang/NoSuchMethodError'{0x0000000705246da8}: 'int java.lang.invoke.DirectMethodHandle$Holder.invokeVirtual(java.lang.Object, java.lang.Object, java.lang.Object)'> (0x0000000705246da8) 
thrown [s\src\hotspot\share\interpreter\linkResolver.cpp, line 771]
Event: 2.395 Thread 0x00000179268a6420 Exception <a 'java/lang/NoSuchMethodError'{0x000000070524abe0}: 'int java.lang.invoke.DirectMethodHandle$Holder.invokeVirtual(java.lang.Object, java.lang.Object)'> (0x000000070524abe0) 
thrown [s\src\hotspot\share\interpreter\linkResolver.cpp, line 771]
Event: 2.395 Thread 0x00000179268a6420 Exception <a 'java/lang/NoSuchMethodError'{0x000000070524f3d8}: 'int java.lang.invoke.DirectMethodHandle$Holder.invokeStaticInit(java.lang.Object, java.lang.Object, java.lang.Object)'> (0x000000070524f3d8) 
thrown [s\src\hotspot\share\interpreter\linkResolver.cpp, line 771]
Event: 2.396 Thread 0x00000179268a6420 Exception <a 'java/lang/NoSuchMethodError'{0x0000000705253260}: 'int java.lang.invoke.DirectMethodHandle$Holder.invokeStaticInit(java.lang.Object, int, int)'> (0x0000000705253260) 
thrown [s\src\hotspot\share\interpreter\linkResolver.cpp, line 771]
Event: 2.396 Thread 0x00000179268a6420 Exception <a 'java/lang/NoSuchMethodError'{0x000000070525b098}: 'int java.lang.invoke.DirectMethodHandle$Holder.invokeStaticInit(java.lang.Object, long, long)'> (0x000000070525b098) 
thrown [s\src\hotspot\share\interpreter\linkResolver.cpp, line 771]
Event: 2.397 Thread 0x00000179268a6420 Exception <a 'java/lang/NoSuchMethodError'{0x0000000705262438}: 'int java.lang.invoke.DirectMethodHandle$Holder.invokeStaticInit(java.lang.Object, float, float)'> (0x0000000705262438) 
thrown [s\src\hotspot\share\interpreter\linkResolver.cpp, line 771]
Event: 2.398 Thread 0x00000179268a6420 Exception <a 'java/lang/NoSuchMethodError'{0x00000007052697e0}: 'int java.lang.invoke.DirectMethodHandle$Holder.invokeStaticInit(java.lang.Object, double, double)'> (0x00000007052697e0) 
thrown [s\src\hotspot\share\interpreter\linkResolver.cpp, line 771]
Event: 2.398 Thread 0x00000179268a6420 Exception <a 'java/lang/NoSuchMethodError'{0x000000070526e338}: 'int java.lang.invoke.DirectMethodHandle$Holder.invokeStatic(java.lang.Object, long)'> (0x000000070526e338) 
thrown [s\src\hotspot\share\interpreter\linkResolver.cpp, line 771]
Event: 2.403 Thread 0x00000179268a6420 Exception <a 'java/lang/NoSuchMethodError'{0x0000000705292a80}: 'int java.lang.invoke.Invokers$Holder.linkToTargetMethod(java.lang.Object, java.lang.Object)'> (0x0000000705292a80) 
thrown [s\src\hotspot\share\interpreter\linkResolver.cpp, line 771]
Event: 10.061 Thread 0x00000179268a6420 Exception <a 'java/lang/NoSuchMethodError'{0x00000007123ffbb8}: 'java.lang.Object java.lang.invoke.DirectMethodHandle$Holder.newInvokeSpecial(java.lang.Object, int, java.lang.Object)'> (0x00000007123ffbb8) 
thrown [s\src\hotspot\share\interpreter\linkResolver.cpp, line 771]

VM Operations (20 events):
Event: 30.235 Executing VM operation: Cleanup
Event: 30.236 Executing VM operation: Cleanup done
Event: 31.931 Executing VM operation: G1CollectFull
Event: 31.961 Executing VM operation: G1CollectFull done
Event: 33.985 Executing VM operation: Cleanup
Event: 33.985 Executing VM operation: Cleanup done
Event: 35.000 Executing VM operation: Cleanup
Event: 35.000 Executing VM operation: Cleanup done
Event: 37.018 Executing VM operation: Cleanup
Event: 37.018 Executing VM operation: Cleanup done
Event: 39.028 Executing VM operation: Cleanup
Event: 39.028 Executing VM operation: Cleanup done
Event: 42.059 Executing VM operation: Cleanup
Event: 42.061 Executing VM operation: Cleanup done
Event: 42.593 Executing VM operation: G1CollectForAllocation
Event: 42.594 Executing VM operation: G1CollectForAllocation done
Event: 43.607 Executing VM operation: Cleanup
Event: 43.607 Executing VM operation: Cleanup done
Event: 44.619 Executing VM operation: Cleanup
Event: 44.619 Executing VM operation: Cleanup done

Events (20 events):
Event: 28.621 Thread 0x0000017921940f60 flushing nmethod 0x000001790737df10
Event: 28.621 Thread 0x0000017921940f60 flushing nmethod 0x00000179073e5510
Event: 28.621 Thread 0x0000017921940f60 flushing nmethod 0x00000179073e5890
Event: 28.621 Thread 0x0000017921940f60 flushing nmethod 0x000001790743fe90
Event: 28.621 Thread 0x0000017921940f60 flushing nmethod 0x0000017907440210
Event: 28.621 Thread 0x0000017921940f60 flushing nmethod 0x0000017907440590
Event: 28.622 Thread 0x0000017921940f60 flushing nmethod 0x00000179074e0090
Event: 28.776 Thread 0x00000179310a37f0 Thread added: 0x00000179310a37f0
Event: 28.990 Thread 0x00000179310a37f0 Thread exited: 0x00000179310a37f0
Event: 45.582 loading class jdk/internal/misc/Signal$1
Event: 45.582 loading class jdk/internal/misc/Signal$1 done
Event: 45.583 Thread 0x00000179297a63c0 Thread added: 0x00000179297a63c0
Event: 45.583 Thread 0x00000179297a8570 Thread added: 0x00000179297a8570
Event: 45.583 Thread 0x00000179297a6890 Thread added: 0x00000179297a6890
Event: 45.583 Thread 0x00000179297a98b0 Thread added: 0x00000179297a98b0
Event: 45.584 Thread 0x00000179297a98b0 Thread exited: 0x00000179297a98b0
Event: 45.591 Thread 0x0000017921b5d7f0 Thread exited: 0x0000017921b5d7f0
Event: 45.600 Thread 0x00000179297a6890 Thread exited: 0x00000179297a6890
Event: 45.601 Thread 0x00000179297a5080 Thread exited: 0x00000179297a5080
Event: 45.601 Thread 0x00000179297a7230 Thread exited: 0x00000179297a7230


Dynamic libraries:
0x00007ff762bd0000 - 0x00007ff762bda000 	C:\Users\HP\.jdks\jbr-17.0.7-1\bin\java.exe
0x00007ffb07c30000 - 0x00007ffb07e28000 	C:\Windows\SYSTEM32\ntdll.dll
0x00007ffb07050000 - 0x00007ffb0710f000 	C:\Windows\System32\KERNEL32.DLL
0x00007ffb056e0000 - 0x00007ffb059d6000 	C:\Windows\System32\KERNELBASE.dll
0x00007ffb055e0000 - 0x00007ffb056e0000 	C:\Windows\System32\ucrtbase.dll
0x00007ffadbca0000 - 0x00007ffadbcbb000 	C:\Users\HP\.jdks\jbr-17.0.7-1\bin\VCRUNTIME140.dll
0x00007ffad9850000 - 0x00007ffad9867000 	C:\Users\HP\.jdks\jbr-17.0.7-1\bin\jli.dll
0x00007ffb075e0000 - 0x00007ffb0777d000 	C:\Windows\System32\USER32.dll
0x00007ffb059e0000 - 0x00007ffb05a02000 	C:\Windows\System32\win32u.dll
0x00007ffb05c90000 - 0x00007ffb05cbc000 	C:\Windows\System32\GDI32.dll
0x00007ffaee100000 - 0x00007ffaee39a000 	C:\Windows\WinSxS\amd64_microsoft.windows.common-controls_6595b64144ccf1df_6.0.19041.1110_none_60b5254171f9507e\COMCTL32.dll
0x00007ffb073c0000 - 0x00007ffb0745e000 	C:\Windows\System32\msvcrt.dll
0x00007ffb05b70000 - 0x00007ffb05c85000 	C:\Windows\System32\gdi32full.dll
0x00007ffb05540000 - 0x00007ffb055dd000 	C:\Windows\System32\msvcp_win.dll
0x00007ffb06900000 - 0x00007ffb06930000 	C:\Windows\System32\IMM32.DLL
0x00007ffafd350000 - 0x00007ffafd35c000 	C:\Users\HP\.jdks\jbr-17.0.7-1\bin\vcruntime140_1.dll
0x00007ffad13e0000 - 0x00007ffad146d000 	C:\Users\HP\.jdks\jbr-17.0.7-1\bin\msvcp140.dll
0x00007ffad0760000 - 0x00007ffad13e0000 	C:\Users\HP\.jdks\jbr-17.0.7-1\bin\server\jvm.dll
0x00007ffb05df0000 - 0x00007ffb05e9f000 	C:\Windows\System32\ADVAPI32.dll
0x00007ffb07110000 - 0x00007ffb071ac000 	C:\Windows\System32\sechost.dll
0x00007ffb06080000 - 0x00007ffb061a6000 	C:\Windows\System32\RPCRT4.dll
0x00007ffaec5c0000 - 0x00007ffaec5e7000 	C:\Windows\SYSTEM32\WINMM.dll
0x00007ffafadf0000 - 0x00007ffafadfa000 	C:\Windows\SYSTEM32\VERSION.dll
0x00007ffaeee70000 - 0x00007ffaeee79000 	C:\Windows\SYSTEM32\WSOCK32.dll
0x00007ffb069c0000 - 0x00007ffb06a2b000 	C:\Windows\System32\WS2_32.dll
0x00007ffb03b00000 - 0x00007ffb03b12000 	C:\Windows\SYSTEM32\kernel.appcore.dll
0x00007ffafd260000 - 0x00007ffafd26a000 	C:\Users\HP\.jdks\jbr-17.0.7-1\bin\jimage.dll
0x00007ffb00020000 - 0x00007ffb00204000 	C:\Windows\SYSTEM32\DBGHELP.DLL
0x00007ffaeec60000 - 0x00007ffaeec94000 	C:\Windows\SYSTEM32\dbgcore.DLL
0x00007ffb054b0000 - 0x00007ffb05532000 	C:\Windows\System32\bcryptPrimitives.dll
0x00007ffafd370000 - 0x00007ffafd37e000 	C:\Users\HP\.jdks\jbr-17.0.7-1\bin\instrument.dll
0x00007ffad9820000 - 0x00007ffad9845000 	C:\Users\HP\.jdks\jbr-17.0.7-1\bin\java.dll
0x00007ffad72e0000 - 0x00007ffad72f8000 	C:\Users\HP\.jdks\jbr-17.0.7-1\bin\zip.dll
0x00007ffad0680000 - 0x00007ffad0757000 	C:\Users\HP\.jdks\jbr-17.0.7-1\bin\jsvml.dll
0x00007ffb061b0000 - 0x00007ffb068f4000 	C:\Windows\System32\SHELL32.dll
0x00007ffb00210000 - 0x00007ffb009a4000 	C:\Windows\SYSTEM32\windows.storage.dll
0x00007ffb06b80000 - 0x00007ffb06ed4000 	C:\Windows\System32\combase.dll
0x00007ffb04b90000 - 0x00007ffb04bbe000 	C:\Windows\SYSTEM32\Wldp.dll
0x00007ffb06ef0000 - 0x00007ffb06f9d000 	C:\Windows\System32\SHCORE.dll
0x00007ffb07580000 - 0x00007ffb075d5000 	C:\Windows\System32\shlwapi.dll
0x00007ffb05240000 - 0x00007ffb05265000 	C:\Windows\SYSTEM32\profapi.dll
0x00007ffad6a10000 - 0x00007ffad6a29000 	C:\Users\HP\.jdks\jbr-17.0.7-1\bin\net.dll
0x00007ffaf65e0000 - 0x00007ffaf66ea000 	C:\Windows\SYSTEM32\WINHTTP.dll
0x00007ffb04970000 - 0x00007ffb049da000 	C:\Windows\system32\mswsock.dll
0x00007ffad0660000 - 0x00007ffad0676000 	C:\Users\HP\.jdks\jbr-17.0.7-1\bin\nio.dll
0x00007ffaf9440000 - 0x00007ffaf945a000 	C:\Program Files\JetBrains\IntelliJ IDEA Community Edition 2021.3.2\bin\breakgen64.dll
0x00007ffa9ca00000 - 0x00007ffa9cb98000 	C:\Users\HP\.jdks\jbr-17.0.7-1\bin\awt.dll
0x00007ffb05d20000 - 0x00007ffb05ded000 	C:\Windows\System32\OLEAUT32.dll
0x00007ffaff9b0000 - 0x00007ffaff9df000 	C:\Windows\SYSTEM32\dwmapi.dll
0x00007ffadbd10000 - 0x00007ffadbd54000 	C:\Users\HP\.jdks\jbr-17.0.7-1\bin\nvdaControllerClient64.dll
0x00007ffafefa0000 - 0x00007ffaff031000 	C:\Windows\SYSTEM32\apphelp.dll
0x00007ffaff300000 - 0x00007ffaff39e000 	C:\Windows\system32\uxtheme.dll
0x00007ffb07460000 - 0x00007ffb07574000 	C:\Windows\System32\MSCTF.dll
0x00007ffb071b0000 - 0x00007ffb072da000 	C:\Windows\System32\ole32.dll
0x00007ffadd9f0000 - 0x00007ffaddb15000 	C:\Windows\system32\opengl32.dll
0x00007ffade740000 - 0x00007ffade76c000 	C:\Windows\SYSTEM32\GLU32.dll
0x00007ffb04bd0000 - 0x00007ffb04be8000 	C:\Windows\SYSTEM32\CRYPTSP.dll
0x00007ffb042b0000 - 0x00007ffb042e4000 	C:\Windows\system32\rsaenh.dll
0x00007ffb05310000 - 0x00007ffb05337000 	C:\Windows\System32\bcrypt.dll
0x00007ffb051c0000 - 0x00007ffb051ee000 	C:\Windows\SYSTEM32\USERENV.dll
0x00007ffb04b00000 - 0x00007ffb04b0c000 	C:\Windows\SYSTEM32\CRYPTBASE.dll
0x00007ffb04680000 - 0x00007ffb046bc000 	C:\Windows\SYSTEM32\IPHLPAPI.DLL
0x00007ffb05ea0000 - 0x00007ffb05ea8000 	C:\Windows\System32\NSI.dll
0x00007ffaf8ab0000 - 0x00007ffaf8ac7000 	C:\Windows\SYSTEM32\dhcpcsvc6.DLL
0x00007ffaf83c0000 - 0x00007ffaf83dd000 	C:\Windows\SYSTEM32\dhcpcsvc.DLL
0x00007ffb046c0000 - 0x00007ffb0478a000 	C:\Windows\SYSTEM32\DNSAPI.dll
0x00007ffa83920000 - 0x00007ffa8492f000 	C:\Users\HP\.skiko\58752788008ddd92aea4562f2a41915f7f74e689ca70e0fbada57f009a92b9cf\skiko-windows-x64.dll
0x00007ffaedc90000 - 0x00007ffaede35000 	C:\Windows\WinSxS\amd64_microsoft.windows.gdiplus_6595b64144ccf1df_1.1.19041.2251_none_91a40448cc8846c1\gdiplus.dll
0x00007ffacf0e0000 - 0x00007ffacf166000 	C:\Users\HP\.jdks\jbr-17.0.7-1\bin\freetype.dll
0x00007ffacf010000 - 0x00007ffacf0d9000 	C:\Users\HP\.jdks\jbr-17.0.7-1\bin\fontmanager.dll
0x00007ffafd300000 - 0x00007ffafd307000 	C:\Users\HP\.jdks\jbr-17.0.7-1\bin\jawt.dll
0x00007ffb03b70000 - 0x00007ffb03c63000 	C:\Windows\SYSTEM32\Dxgi.dll
0x00007ffaf93f0000 - 0x00007ffaf9410000 	C:\Windows\SYSTEM32\D3D12.dll
0x00007ffa8c980000 - 0x00007ffa8cb4d000 	C:\Windows\SYSTEM32\D3D12Core.dll
0x00007ffaf84e0000 - 0x00007ffaf851b000 	C:\Windows\SYSTEM32\dxcore.dll
0x00007ffb05460000 - 0x00007ffb054ae000 	C:\Windows\System32\cfgmgr32.dll
0x00007ffaf3540000 - 0x00007ffaf6159000 	C:\Windows\System32\DriverStore\FileRepository\igdlh64.inf_amd64_e6daaea9afe1e6f6\igc64.dll
0x00007ffa812e0000 - 0x00007ffa827b3000 	C:\Windows\System32\DriverStore\FileRepository\igdlh64.inf_amd64_e6daaea9afe1e6f6\igd12umd64.dll
0x00007ffaf6780000 - 0x00007ffaf69d7000 	C:\Windows\System32\DriverStore\FileRepository\igdlh64.inf_amd64_e6daaea9afe1e6f6\igdgmm64.dll
0x00007ffa8b970000 - 0x00007ffa8bd7b000 	C:\Windows\System32\DriverStore\FileRepository\igdlh64.inf_amd64_e6daaea9afe1e6f6\igdml64.dll
0x00007ffadbcc0000 - 0x00007ffadbceb000 	C:\Windows\SYSTEM32\D3DSCache.dll
0x00007ffa7cad0000 - 0x00007ffa812d2000 	C:\Windows\System32\DriverStore\FileRepository\igdlh64.inf_amd64_e6daaea9afe1e6f6\igd12dxva64.dll
0x00007ffb07780000 - 0x00007ffb07bee000 	C:\Windows\System32\SETUPAPI.dll
0x00007ffa8cd00000 - 0x00007ffa8cd27000 	C:\Windows\System32\DriverStore\FileRepository\igdlh64.inf_amd64_e6daaea9afe1e6f6\igdinfo64.dll
0x00007ffb06fa0000 - 0x00007ffb07049000 	C:\Windows\System32\clbcatq.dll
0x00007ffa7baf0000 - 0x00007ffa7cac2000 	C:\Windows\System32\DriverStore\FileRepository\igdlh64.inf_amd64_e6daaea9afe1e6f6\ig9icd64.dll
0x00007ffb05170000 - 0x00007ffb051bb000 	C:\Windows\SYSTEM32\powrprof.dll
0x00007ffb05150000 - 0x00007ffb05162000 	C:\Windows\SYSTEM32\UMPDC.dll
0x00007ffadace0000 - 0x00007ffadaf5f000 	C:\Windows\SYSTEM32\dwrite.dll
0x00007ffae0b50000 - 0x00007ffae0c49000 	C:\Windows\SYSTEM32\textinputframework.dll
0x00007ffafec20000 - 0x00007ffafed12000 	C:\Windows\System32\CoreMessaging.dll
0x00007ffafe8c0000 - 0x00007ffafec1e000 	C:\Windows\System32\CoreUIComponents.dll
0x00007ffb043d0000 - 0x00007ffb04403000 	C:\Windows\SYSTEM32\ntmarta.dll
0x00007ffafe1c0000 - 0x00007ffafe314000 	C:\Windows\SYSTEM32\wintypes.dll
0x00007ffa83060000 - 0x00007ffa83912000 	C:\Users\HP\AppData\Local\io-realm-kotlin\f7113120ba00ba1ff91d696eecd3919e85a4e34e\realmc.dll
0x00007ffb05a10000 - 0x00007ffb05b6e000 	C:\Windows\System32\CRYPT32.dll

dbghelp: loaded successfully - version: 4.0.5 - missing functions: none
symbol engine: initialized successfully - sym options: 0x614 - pdb path: .;C:\Users\HP\.jdks\jbr-17.0.7-1\bin;C:\Windows\SYSTEM32;C:\Windows\WinSxS\amd64_microsoft.windows.common-controls_6595b64144ccf1df_6.0.19041.1110_none_60b5254171f9507e;C:\Users\HP\.jdks\jbr-17.0.7-1\bin\server;C:\Program Files\JetBrains\IntelliJ IDEA Community Edition 2021.3.2\bin;C:\Users\HP\.skiko\58752788008ddd92aea4562f2a41915f7f74e689ca70e0fbada57f009a92b9cf;C:\Windows\WinSxS\amd64_microsoft.windows.gdiplus_6595b64144ccf1df_1.1.19041.2251_none_91a40448cc8846c1;C:\Windows\System32\DriverStore\FileRepository\igdlh64.inf_amd64_e6daaea9afe1e6f6;C:\Users\HP\AppData\Local\io-realm-kotlin\f7113120ba00ba1ff91d696eecd3919e85a4e34e

VM Arguments:
jvm_args: -Djava.library.path=C:\Users\HP\Desktop\newderar\build\classes\kotlin\jvm\main;C:\Users\HP\Desktop\newderar\build\processedResources\jvm\main -javaagent:C:\Program Files\JetBrains\IntelliJ IDEA Community Edition 2021.3.2\lib\idea_rt.jar=57091:C:\Program Files\JetBrains\IntelliJ IDEA Community Edition 2021.3.2\bin -Dfile.encoding=UTF-8 
java_command: MainKt
java_class_path (initial): C:\Users\HP\Desktop\newderar\build\classes\kotlin\jvm\main;C:\Users\HP\Desktop\newderar\build\processedResources\jvm\main;C:\Users\HP\.gradle\caches\modules-2\files-2.1\io.insert-koin\koin-androidx-compose\3.4.5\ae0a88b7a68d507e651c5a3d70a541594bea54cb\koin-androidx-compose-3.4.5.aar;C:\Users\HP\.gradle\caches\modules-2\files-2.1\org.jetbrains.kotlin\kotlin-stdlib-jdk8\1.8.21\67f57e154437cd9e6e9cf368394b95814836ff88\kotlin-stdlib-jdk8-1.8.21.jar;C:\Users\HP\.gradle\caches\modules-2\files-2.1\org.apache.poi\poi-ooxml\4.1.2\87d9a22aa9a7dd26e80c360e709f7ee02e32ab3b\poi-ooxml-4.1.2.jar;C:\Users\HP\.gradle\caches\modules-2\files-2.1\org.apache.poi\poi\4.1.2\964bf41cf68bce08e4ef6b2279b559fdf8d454f4\poi-4.1.2.jar;C:\Users\HP\.gradle\caches\modules-2\files-2.1\org.lwjgl\lwjgl-nfd\3.3.1\622318116996ddcff449b46cb38f0fdee39b8ac3\lwjgl-nfd-3.3.1.jar;C:\Users\HP\.gradle\caches\modules-2\files-2.1\org.lwjgl\lwjgl-nfd\3.3.1\2e007667e04ed3281152ae5c6e677fb1c2211691\lwjgl-nfd-3.3.1-natives-linux.jar;C:\Users\HP\.gradle\caches\modules-2\files-2.1\org.lwjgl\lwjgl\3.3.1\ae58664f88e18a9bb2c77b063833ca7aaec484cb\lwjgl-3.3.1.jar;C:\Users\HP\.gradle\caches\modules-2\files-2.1\io.insert-koin\koin-android\3.4.0\48715fbe06102a59a30bd45b06ed2400c16c6f45\koin-android-3.4.0.aar;C:\Users\HP\.gradle\caches\modules-2\files-2.1\org.lwjgl\lwjgl-nfd\3.3.1\b3e04e317f55dd738d8a345cdafd15b39f85a2ea\lwjgl-nfd-3.3.1-natives-linux-arm32.jar;C:\Users\HP\.gradle\caches\modules-2\files-2.1\androidx.lifecycle\lifecycle-viewmodel-compose\2.6.1\38cf3bb65ff3e0e5c3d63de2ebf5411d0898108c\lifecycle-viewmodel-compose-2.6.1.aar;C:\Users\HP\.gradle\caches\modules-2\files-2.1\org.lwjgl\lwjgl-nfd\3.3.1\f41dc62336f7ee4ab35705cfa440cc903d199165\lwjgl-nfd-3.3.1-natives-linux-arm64.jar;C:\Users\HP\.gradle\caches\modules-2\files-2.1\androidx.compose.runtime\runtime\1.4.3\6e52f81bd60023ca9be12a878ae161d2e7571aeb\runtime-1.4.3.aar;C:\Users\HP\.gradle\caches\modules-2\files-2.1\org.lwjgl\lwjgl-nfd\3.3
Launcher Type: SUN_STANDARD

[Global flags]
     intx CICompilerCount                          = 3                                         {product} {ergonomic}
     uint ConcGCThreads                            = 1                                         {product} {ergonomic}
     uint G1ConcRefinementThreads                  = 4                                         {product} {ergonomic}
   size_t G1HeapRegionSize                         = 2097152                                   {product} {ergonomic}
    uintx GCDrainStackTargetSize                   = 64                                        {product} {ergonomic}
   size_t InitialHeapSize                          = 266338304                                 {product} {ergonomic}
   size_t MarkStackSize                            = 4194304                                   {product} {ergonomic}
   size_t MaxHeapSize                              = 4255121408                                {product} {ergonomic}
   size_t MaxNewSize                               = 2552233984                                {product} {ergonomic}
   size_t MinHeapDeltaBytes                        = 2097152                                   {product} {ergonomic}
   size_t MinHeapSize                              = 8388608                                   {product} {ergonomic}
    uintx NonNMethodCodeHeapSize                   = 5832780                                {pd product} {ergonomic}
    uintx NonProfiledCodeHeapSize                  = 122912730                              {pd product} {ergonomic}
    uintx ProfiledCodeHeapSize                     = 122912730                              {pd product} {ergonomic}
    uintx ReservedCodeCacheSize                    = 251658240                              {pd product} {ergonomic}
     bool SegmentedCodeCache                       = true                                      {product} {ergonomic}
   size_t SoftMaxHeapSize                          = 4255121408                             {manageable} {ergonomic}
     bool UseCompressedClassPointers               = true                           {product lp64_product} {ergonomic}
     bool UseCompressedOops                        = true                           {product lp64_product} {ergonomic}
     bool UseG1GC                                  = true                                      {product} {ergonomic}
     bool UseLargePagesIndividualAllocation        = false                                  {pd product} {ergonomic}

Logging:
Log output configuration:
 #0: stdout all=warning uptime,level,tags
 #1: stderr all=off uptime,level,tags

Environment Variables:
PATH=C:\Program Files\Common Files\Oracle\Java\javapath;C:\Program Files (x86)\Common Files\Oracle\Java\javapath;C:\Windows\system32;C:\Windows;C:\Windows\System32\Wbem;C:\Windows\System32\WindowsPowerShell\v1.0\;C:\Windows\System32\OpenSSH\;C:\xampp\php;C:\ProgramData\ComposerSetup\bin;C:\Program Files\nodejs\;C:\Program Files (x86)\Intel\Intel(R) Management Engine Components\DAL;C:\Program Files\Intel\Intel(R) Management Engine Components\DAL;C:\Program Files\Git\cmd;C:\Program Files\Fortect;C:\Users\HP\AppData\Local\Microsoft\WindowsApps;C:\Program Files\JetBrains\IntelliJ IDEA Community Edition 2021.3.2\bin;C:\Users\HP\AppData\Local\Programs\Microsoft VS Code\bin;C:\Users\HP\AppData\Local\JetBrains\Toolbox\scripts;C:\Users\HP\AppData\Local\GitHubDesktop\bin;C:\Users\HP\Desktop\camp\flutter_windows_3.7.6-stable\flutter\bin;C:\Users\HP\AppData\Roaming\Composer\vendor\bin;C:\Users\HP\AppData\Roaming\npm
USERNAME=HP
OS=Windows_NT
PROCESSOR_IDENTIFIER=Intel64 Family 6 Model 142 Stepping 9, GenuineIntel
TMP=C:\Users\HP\AppData\Local\Temp
TEMP=C:\Users\HP\AppData\Local\Temp


JNI global refs:
JNI global refs: 167, weak refs: 9

JNI global refs memory usage: 2107, weak refs: 841

OOME stack traces (most recent first):
Classloader memory used:
Loader jdk.internal.loader.ClassLoaders$AppClassLoader                                 : 3145K
Loader bootstrap                                                                       : 2236K
Loader jdk.internal.loader.ClassLoaders$PlatformClassLoader                            : 764B


---------------  S Y S T E M  ---------------

OS:
 Windows 10 , 64 bit Build 19041 (10.0.19041.3155)
OS uptime: 0 days 2:30 hours
Hyper-V role detected

CPU: total 4 (initial active 4) (2 cores per cpu, 2 threads per core) family 6 model 142 stepping 9 microcode 0xf2, cx8, cmov, fxsr, ht, mmx, 3dnowpref, sse, sse2, sse3, ssse3, sse4.1, sse4.2, popcnt, lzcnt, tsc, tscinvbit, avx, avx2, aes, erms, clmul, bmi1, bmi2, rtm, adx, fma, vzeroupper, clflush, clflushopt, hv

Memory: 4k page, system-wide physical 16224M (7287M free)
TotalPageFile size 32096M (AvailPageFile size 21572M)
current process WorkingSet (physical memory assigned to process): 264M, peak: 324M
current process commit charge ("private bytes"): 268M, peak: 383M

vm_info: OpenJDK 64-Bit Server VM (17.0.7+7-b1000.5) for windows-amd64 JRE (17.0.7+7-b1000.5), built on 2023-07-03 by "builduser" with MS VC++ 16.10 / 16.11 (VS2019)

END.
