#
# A fatal error has been detected by the Java Runtime Environment:
#
#  EXCEPTION_ACCESS_VIOLATION (0xc0000005) at pc=0x00007ffe5448ebe3, pid=10484, tid=4432
#
# JRE version: OpenJDK Runtime Environment Corretto-17.0.7.7.1 (17.0.7+7) (build 17.0.7+7-LTS)
# Java VM: OpenJDK 64-Bit Server VM Corretto-17.0.7.7.1 (17.0.7+7-LTS, mixed mode, sharing, tiered, compressed oops, compressed class ptrs, g1 gc, windows-amd64)
# Problematic frame:
# C  [ig9icd64.dll+0x9bebe3]
#
# No core dump will be written. Minidumps are not enabled by default on client versions of Windows
#
# If you would like to submit a bug report, please visit:
#   https://github.com/corretto/corretto-17/issues/
# The crash happened outside the Java Virtual Machine in native code.
# See problematic frame for where to report the bug.
#

---------------  S U M M A R Y ------------

Command Line: -Djava.library.path=C:\Users\HP\Desktop\newderar\build\classes\kotlin\jvm\main;C:\Users\HP\Desktop\newderar\build\processedResources\jvm\main -javaagent:C:\Program Files\JetBrains\IntelliJ IDEA Community Edition 2021.3.2\lib\idea_rt.jar=60114:C:\Program Files\JetBrains\IntelliJ IDEA Community Edition 2021.3.2\bin -Dfile.encoding=UTF-8 MainKt

Host: Intel(R) Core(TM) i5-7300U CPU @ 2.60GHz, 4 cores, 15G,  Windows 10 , 64 bit Build 19041 (10.0.19041.3155)
Time: Fri Jul  7 23:59:24 2023 Libya Standard Time elapsed time: 3614.178793 seconds (0d 1h 0m 14s)

---------------  T H R E A D  ---------------

Current thread (0x000001784767e5f0):  JavaThread "AWT-EventQueue-0" [_thread_in_native, id=4432, stack(0x0000004442e00000,0x0000004442f00000)]

Stack: [0x0000004442e00000,0x0000004442f00000],  sp=0x0000004442efc888,  free space=1010k
Native frames: (J=compiled Java code, j=interpreted, Vv=VM code, C=native code)
C  [ig9icd64.dll+0x9bebe3]

Java frames: (J=compiled Java code, j=interpreted, Vv=VM code)
J 5575  org.jetbrains.skia.DirectContextKt.DirectContext_nFlush(J)V (0 bytes) @ 0x000001782fc73ee9 [0x000001782fc73ea0+0x0000000000000049]
J 11265 c2 org.jetbrains.skiko.redrawer.WindowsOpenGLRedrawer$Companion$frameDispatcher$1.invokeSuspend(Ljava/lang/Object;)Ljava/lang/Object; (379 bytes) @ 0x000001783076eae8 [0x000001783076d540+0x00000000000015a8]
J 11266 c2 org.jetbrains.skiko.FrameDispatcher$job$1.invokeSuspend(Ljava/lang/Object;)Ljava/lang/Object; (156 bytes) @ 0x0000017830776e94 [0x0000017830776c00+0x0000000000000294]
J 5321 c2 kotlin.coroutines.jvm.internal.BaseContinuationImpl.resumeWith(Ljava/lang/Object;)V (128 bytes) @ 0x000001782fc1df74 [0x000001782fc1df20+0x0000000000000054]
J 5496 c2 kotlinx.coroutines.DispatchedTask.run()V (571 bytes) @ 0x000001782fc480c8 [0x000001782fc47d20+0x00000000000003a8]
J 5561 c2 java.awt.EventQueue.dispatchEventImpl(Ljava/awt/AWTEvent;Ljava/lang/Object;)V java.desktop@17.0.7 (136 bytes) @ 0x000001782fc7287c [0x000001782fc72540+0x000000000000033c]
J 5605 c2 java.awt.EventDispatchThread.pumpOneEventForFilters(I)V java.desktop@17.0.7 (113 bytes) @ 0x000001782fc96cd8 [0x000001782fc964c0+0x0000000000000818]
J 10059% c2 java.awt.EventDispatchThread.pumpEventsForFilter(ILjava/awt/Conditional;Ljava/awt/EventFilter;)V java.desktop@17.0.7 (47 bytes) @ 0x0000017830178440 [0x0000017830178320+0x0000000000000120]
j  java.awt.EventDispatchThread.pumpEventsForHierarchy(ILjava/awt/Conditional;Ljava/awt/Component;)V+11 java.desktop@17.0.7
j  java.awt.EventDispatchThread.pumpEvents(ILjava/awt/Conditional;)V+4 java.desktop@17.0.7
j  java.awt.EventDispatchThread.pumpEvents(Ljava/awt/Conditional;)V+3 java.desktop@17.0.7
j  java.awt.EventDispatchThread.run()V+9 java.desktop@17.0.7
v  ~StubRoutines::call_stub

siginfo: EXCEPTION_ACCESS_VIOLATION (0xc0000005), reading address 0xffffffffffffffff


Register to memory mapping:

RIP=0x00007ffe5448ebe3 ig9icd64.dll
RAX=0x000000000fff0fff is an unknown value
RBX=0x00007ffe53ad0000 ig9icd64.dll
RCX=0x000000033fcf3fcc is an unknown value
RDX=0x0000004442efcda0 is pointing into the stack for thread: 0x000001784767e5f0
RSP=0x0000004442efc888 is pointing into the stack for thread: 0x000001784767e5f0
RBP=0x0000004442efc990 is pointing into the stack for thread: 0x000001784767e5f0
RSI=0x000001784a34e600 points into unknown readable memory: 0x000001784a315300 | 00 53 31 4a 78 01 00 00
RDI=0x0000004442efcb90 is pointing into the stack for thread: 0x000001784767e5f0
R8 =0x0000004442efc9c0 is pointing into the stack for thread: 0x000001784767e5f0
R9 =0x0000004442efcda0 is pointing into the stack for thread: 0x000001784767e5f0
R10=0x0000004442efcb90 is pointing into the stack for thread: 0x000001784767e5f0
R11=0x0 is NULL
R12=0x00007ffe549015e0 ig9icd64.dll
R13=0x0 is NULL
R14=0x0 is NULL
R15=0x00000000000001c1 is an unknown value


Registers:
RAX=0x000000000fff0fff, RBX=0x00007ffe53ad0000, RCX=0x000000033fcf3fcc, RDX=0x0000004442efcda0
RSP=0x0000004442efc888, RBP=0x0000004442efc990, RSI=0x000001784a34e600, RDI=0x0000004442efcb90
R8 =0x0000004442efc9c0, R9 =0x0000004442efcda0, R10=0x0000004442efcb90, R11=0x0000000000000000
R12=0x00007ffe549015e0, R13=0x0000000000000000, R14=0x0000000000000000, R15=0x00000000000001c1
RIP=0x00007ffe5448ebe3, EFLAGS=0x0000000000010206

Top of Stack: (sp=0x0000004442efc888)
0x0000004442efc888:   00007ffe5448c31b 0000000000000001
0x0000004442efc898:   0000000000000000 000001784b192d00
0x0000004442efc8a8:   00007ffeda002622 0000004400000065
0x0000004442efc8b8:   0000004442efcac0 0000000000000000
0x0000004442efc8c8:   00000178481bb6e0 0000000000000000
0x0000004442efc8d8:   000001784827ab80 000001784b192d00
0x0000004442efc8e8:   0000000000001100 0000000000000000
0x0000004442efc8f8:   0000000000000000 0000004442efca70
0x0000004442efc908:   00007ffe541279c0 0000000000000000
0x0000004442efc918:   0000000000000000 0000000000000000
0x0000004442efc928:   0000000000000000 00007b93f7858701
0x0000004442efc938:   00007ffe53ae6555 000001784b192d00
0x0000004442efc948:   0000000000004001 0000000000000000
0x0000004442efc958:   00007ffee9b7b86b 0000000000fe01ce
0x0000004442efc968:   000000000000008f 00000178481eeb20
0x0000004442efc978:   0000000000000000 0000000000000000 

Instructions: (pc=0x00007ffe5448ebe3)
0x00007ffe5448eae3:   c1 75 31 00 48 89 51 08 48 89 01 8b 44 24 28 89
0x00007ffe5448eaf3:   41 20 8b 44 24 30 89 41 24 48 8b c1 4c 89 41 10
0x00007ffe5448eb03:   4c 89 49 18 c3 cc cc cc cc cc cc cc cc 48 89 5c
0x00007ffe5448eb13:   24 08 8b 41 5c 48 8d 1d e1 14 64 ff 41 89 40 08
0x00007ffe5448eb23:   4c 8b d1 8b 41 60 45 33 db 41 89 40 0c 4c 8b ca
0x00007ffe5448eb33:   8b 41 64 41 89 40 10 8b 41 68 41 89 40 14 8b 41
0x00007ffe5448eb43:   6c 41 89 40 18 8b 41 70 41 89 40 1c 48 63 41 74
0x00007ffe5448eb53:   48 6b c8 34 8b 84 19 44 d1 ee 00 41 89 40 20 8b
0x00007ffe5448eb63:   84 19 48 d1 ee 00 41 89 40 24 8b 84 19 4c d1 ee
0x00007ffe5448eb73:   00 41 89 40 28 8b 84 19 50 d1 ee 00 41 89 40 2c
0x00007ffe5448eb83:   8b 84 19 34 d1 ee 00 41 89 40 30 8b 84 19 38 d1
0x00007ffe5448eb93:   ee 00 41 89 40 34 8b 84 19 3c d1 ee 00 41 89 40
0x00007ffe5448eba3:   38 8b 84 19 40 d1 ee 00 41 89 40 3c 8b 84 19 24
0x00007ffe5448ebb3:   d1 ee 00 41 89 40 40 8b 84 19 28 d1 ee 00 41 89
0x00007ffe5448ebc3:   40 44 8b 84 19 2c d1 ee 00 41 89 40 48 8b 84 19
0x00007ffe5448ebd3:   30 d1 ee 00 41 89 40 4c 49 63 42 78 48 6b c8 34
0x00007ffe5448ebe3:   8b 84 19 44 d1 ee 00 41 89 40 50 8b 84 19 48 d1
0x00007ffe5448ebf3:   ee 00 41 89 40 54 8b 84 19 4c d1 ee 00 41 89 40
0x00007ffe5448ec03:   58 8b 84 19 50 d1 ee 00 41 89 40 5c 8b 84 19 34
0x00007ffe5448ec13:   d1 ee 00 41 89 40 60 8b 84 19 38 d1 ee 00 41 89
0x00007ffe5448ec23:   40 64 8b 84 19 3c d1 ee 00 41 89 40 68 8b 84 19
0x00007ffe5448ec33:   40 d1 ee 00 41 89 40 6c 8b 84 19 24 d1 ee 00 41
0x00007ffe5448ec43:   89 40 70 8b 84 19 28 d1 ee 00 41 89 40 74 8b 84
0x00007ffe5448ec53:   19 2c d1 ee 00 41 89 40 78 8b 84 19 30 d1 ee 00
0x00007ffe5448ec63:   41 89 40 7c 48 8b 42 18 8b 88 38 0b 00 00 f6 c1
0x00007ffe5448ec73:   08 0f 84 86 00 00 00 8b 80 3c 0b 00 00 41 89 80
0x00007ffe5448ec83:   80 00 00 00 48 8b 42 18 8b 88 40 0b 00 00 41 89
0x00007ffe5448ec93:   88 84 00 00 00 48 8b 42 18 8b 88 44 0b 00 00 41
0x00007ffe5448eca3:   89 88 88 00 00 00 48 8b 42 18 8b 88 48 0b 00 00
0x00007ffe5448ecb3:   41 89 88 8c 00 00 00 48 8b 42 18 8b 88 4c 0b 00
0x00007ffe5448ecc3:   00 41 89 88 90 00 00 00 48 8b 42 18 8b 88 50 0b
0x00007ffe5448ecd3:   00 00 41 89 88 94 00 00 00 48 8b 42 18 8b 88 54 


Stack slot to memory mapping:
stack at sp + 0 slots: 0x00007ffe5448c31b ig9icd64.dll
stack at sp + 1 slots: 0x0000000000000001 is an unknown value
stack at sp + 2 slots: 0x0 is NULL
stack at sp + 3 slots: 0x000001784b192d00 points into unknown readable memory: 0x00007ffeda2352d8 | d8 52 23 da fe 7f 00 00
stack at sp + 4 slots: 0x00007ffeda002622 igdgmm64.dll
stack at sp + 5 slots: 0x0000004400000065 is an unknown value
stack at sp + 6 slots: 0x0000004442efcac0 is pointing into the stack for thread: 0x000001784767e5f0
stack at sp + 7 slots: 0x0 is NULL


---------------  P R O C E S S  ---------------

Threads class SMR info:
_java_thread_list=0x000001784b28bbf0, length=28, elements={
0x00000178203d69c0, 0x0000017842a94b80, 0x0000017842a959f0, 0x0000017842aac320,
0x0000017842aaced0, 0x0000017842aaf990, 0x0000017842ab0340, 0x0000017842ab10d0,
0x0000017842abea40, 0x0000017842c248b0, 0x0000017842a79920, 0x0000017842ecd180,
0x0000017842ef97d0, 0x0000017847257920, 0x0000017847678010, 0x00000178476ce770,
0x000001784767e5f0, 0x0000017847c30010, 0x0000017847e55e10, 0x0000017847e671d0,
0x0000017847e69850, 0x0000017847e6a1f0, 0x000001784ace6020, 0x000001784ace86a0,
0x0000017852fcd8b0, 0x0000017842cd1460, 0x0000017842cd27a0, 0x0000017842cd4950
}

Java Threads: ( => current thread )
  0x00000178203d69c0 JavaThread "main" [_thread_blocked, id=1560, stack(0x0000004441400000,0x0000004441500000)]
  0x0000017842a94b80 JavaThread "Reference Handler" daemon [_thread_blocked, id=5716, stack(0x0000004441b00000,0x0000004441c00000)]
  0x0000017842a959f0 JavaThread "Finalizer" daemon [_thread_blocked, id=19432, stack(0x0000004441c00000,0x0000004441d00000)]
  0x0000017842aac320 JavaThread "Signal Dispatcher" daemon [_thread_blocked, id=10844, stack(0x0000004441d00000,0x0000004441e00000)]
  0x0000017842aaced0 JavaThread "Attach Listener" daemon [_thread_blocked, id=2340, stack(0x0000004441e00000,0x0000004441f00000)]
  0x0000017842aaf990 JavaThread "Service Thread" daemon [_thread_blocked, id=14484, stack(0x0000004441f00000,0x0000004442000000)]
  0x0000017842ab0340 JavaThread "Monitor Deflation Thread" daemon [_thread_blocked, id=16508, stack(0x0000004442000000,0x0000004442100000)]
  0x0000017842ab10d0 JavaThread "C2 CompilerThread0" daemon [_thread_blocked, id=13300, stack(0x0000004442100000,0x0000004442200000)]
  0x0000017842abea40 JavaThread "C1 CompilerThread0" daemon [_thread_blocked, id=18956, stack(0x0000004442200000,0x0000004442300000)]
  0x0000017842c248b0 JavaThread "Sweeper thread" daemon [_thread_blocked, id=19424, stack(0x0000004442300000,0x0000004442400000)]
  0x0000017842a79920 JavaThread "Common-Cleaner" daemon [_thread_blocked, id=15228, stack(0x0000004442400000,0x0000004442500000)]
  0x0000017842ecd180 JavaThread "Monitor Ctrl-Break" daemon [_thread_in_native, id=13416, stack(0x0000004442600000,0x0000004442700000)]
  0x0000017842ef97d0 JavaThread "Notification Thread" daemon [_thread_blocked, id=9952, stack(0x0000004442700000,0x0000004442800000)]
  0x0000017847257920 JavaThread "Java2D Disposer" daemon [_thread_blocked, id=8640, stack(0x0000004442b00000,0x0000004442c00000)]
  0x0000017847678010 JavaThread "AWT-Shutdown" [_thread_blocked, id=6392, stack(0x0000004442c00000,0x0000004442d00000)]
  0x00000178476ce770 JavaThread "AWT-Windows" daemon [_thread_in_native, id=13596, stack(0x0000004442d00000,0x0000004442e00000)]
=>0x000001784767e5f0 JavaThread "AWT-EventQueue-0" [_thread_in_native, id=4432, stack(0x0000004442e00000,0x0000004442f00000)]
  0x0000017847c30010 JavaThread "Reference Cleaner" daemon [_thread_blocked, id=5576, stack(0x0000004443000000,0x0000004443100000)]
  0x0000017847e55e10 JavaThread "DefaultDispatcher-worker-2" daemon [_thread_blocked, id=636, stack(0x0000004443200000,0x0000004443300000)]
  0x0000017847e671d0 JavaThread "kotlinx.coroutines.DefaultExecutor" daemon [_thread_blocked, id=12836, stack(0x0000004443400000,0x0000004443500000)]
  0x0000017847e69850 JavaThread "TimerQueue" daemon [_thread_blocked, id=3844, stack(0x0000004443800000,0x0000004443900000)]
  0x0000017847e6a1f0 JavaThread "RealmFinalizingDaemon" daemon [_thread_blocked, id=16912, stack(0x0000004443b00000,0x0000004443c00000)]
  0x000001784ace6020 JavaThread "core-notifier" daemon [_thread_in_native, id=4852, stack(0x0000004443c00000,0x0000004443d00000)]
  0x000001784ace86a0 JavaThread "DefaultDispatcher-worker-4" daemon [_thread_blocked, id=18436, stack(0x0000004444000000,0x0000004444100000)]
  0x0000017852fcd8b0 JavaThread "DefaultDispatcher-worker-3" daemon [_thread_blocked, id=18972, stack(0x0000004444400000,0x0000004444500000)]
  0x0000017842cd1460 JavaThread "DefaultDispatcher-worker-1" daemon [_thread_blocked, id=7056, stack(0x0000004443100000,0x0000004443200000)]
  0x0000017842cd27a0 JavaThread "SIGINT handler" daemon [_thread_blocked, id=9160, stack(0x0000004441200000,0x0000004441300000)]
  0x0000017842cd4950 JavaThread "ToolkitShutdown" daemon [_thread_in_native, id=3944, stack(0x0000004441300000,0x0000004441400000)]

Other Threads:
  0x0000017842a8ef20 VMThread "VM Thread" [stack: 0x0000004441a00000,0x0000004441b00000] [id=13424]
  0x0000017842ecdc80 WatcherThread [stack: 0x0000004442800000,0x0000004442900000] [id=7268]
  0x0000017820440750 GCTaskThread "GC Thread#0" [stack: 0x0000004441500000,0x0000004441600000] [id=5516]
  0x0000017847239cf0 GCTaskThread "GC Thread#1" [stack: 0x0000004442500000,0x0000004442600000] [id=14848]
  0x0000017847239fa0 GCTaskThread "GC Thread#2" [stack: 0x0000004442900000,0x0000004442a00000] [id=17960]
  0x000001784725f310 GCTaskThread "GC Thread#3" [stack: 0x0000004442a00000,0x0000004442b00000] [id=3576]
  0x0000017820451420 ConcurrentGCThread "G1 Main Marker" [stack: 0x0000004441600000,0x0000004441700000] [id=12068]
  0x0000017820451e30 ConcurrentGCThread "G1 Conc#0" [stack: 0x0000004441700000,0x0000004441800000] [id=14560]
  0x000001782048d610 ConcurrentGCThread "G1 Refine#0" [stack: 0x0000004441800000,0x0000004441900000] [id=2756]
  0x00000178481cf7b0 ConcurrentGCThread "G1 Refine#1" [stack: 0x0000004443f00000,0x0000004444000000] [id=17040]
  0x000001782048e030 ConcurrentGCThread "G1 Service" [stack: 0x0000004441900000,0x0000004441a00000] [id=1204]

Threads with active compile tasks:

VM state: not at safepoint (normal execution)

VM Mutex/Monitor currently owned by a thread: None

Heap address: 0x0000000702600000, size: 4058 MB, Compressed Oops mode: Zero based, Oop shift amount: 3

CDS archive(s) mapped at: [0x0000000800000000-0x0000000800bc0000-0x0000000800bc0000), size 12320768, SharedBaseAddress: 0x0000000800000000, ArchiveRelocationMode: 0.
Compressed class space mapped at: 0x0000000801000000-0x0000000841000000, reserved size: 1073741824
Narrow klass base: 0x0000000800000000, Narrow klass shift: 0, Narrow klass range: 0x100000000

GC Precious Log:
 CPUs: 4 total, 4 available
 Memory: 16224M
 Large Page Support: Disabled
 NUMA Support: Disabled
 Compressed Oops: Enabled (Zero based)
 Heap Region Size: 2M
 Heap Min Capacity: 8M
 Heap Initial Capacity: 254M
 Heap Max Capacity: 4058M
 Pre-touch: Disabled
 Parallel Workers: 4
 Concurrent Workers: 1
 Concurrent Refinement Workers: 4
 Periodic GC: Disabled

Heap:
 garbage-first heap   total 102400K, used 37162K [0x0000000702600000, 0x0000000800000000)
  region size 2048K, 5 young (10240K), 0 survivors (0K)
 Metaspace       used 38689K, committed 38912K, reserved 1114112K
  class space    used 3892K, committed 4032K, reserved 1048576K

Heap Regions: E=young(eden), S=young(survivor), O=old, HS=humongous(starts), HC=humongous(continues), CS=collection set, F=free, OA=open archive, CA=closed archive, TAMS=top-at-mark-start (previous, next)
|   0|0x0000000702600000, 0x0000000702800000, 0x0000000702800000|100%|HS|  |TAMS 0x0000000702800000, 0x0000000702600000| Untracked 
|   1|0x0000000702800000, 0x0000000702a00000, 0x0000000702a00000|100%| O|  |TAMS 0x0000000702a00000, 0x0000000702800000| Untracked 
|   2|0x0000000702a00000, 0x0000000702c00000, 0x0000000702c00000|100%| O|  |TAMS 0x0000000702c00000, 0x0000000702a00000| Untracked 
|   3|0x0000000702c00000, 0x0000000702dfffb0, 0x0000000702e00000| 99%| O|  |TAMS 0x0000000702dfffb0, 0x0000000702c00000| Untracked 
|   4|0x0000000702e00000, 0x0000000702ffffe8, 0x0000000703000000| 99%| O|  |TAMS 0x0000000702ffffe8, 0x0000000702e00000| Untracked 
|   5|0x0000000703000000, 0x00000007031a7748, 0x0000000703200000| 82%| O|  |TAMS 0x0000000703000000, 0x0000000703000000| Untracked 
|   6|0x0000000703200000, 0x00000007033fffe8, 0x0000000703400000| 99%| O|  |TAMS 0x00000007033fffe8, 0x0000000703200000| Untracked 
|   7|0x0000000703400000, 0x00000007035fffc8, 0x0000000703600000| 99%| O|  |TAMS 0x00000007035fffc8, 0x0000000703400000| Untracked 
|   8|0x0000000703600000, 0x00000007037e0030, 0x0000000703800000| 93%| O|  |TAMS 0x0000000703600000, 0x0000000703600000| Untracked 
|   9|0x0000000703800000, 0x00000007038c3300, 0x0000000703a00000| 38%| O|  |TAMS 0x0000000703800000, 0x0000000703800000| Untracked 
|  10|0x0000000703a00000, 0x0000000703c00000, 0x0000000703c00000|100%| O|  |TAMS 0x0000000703c00000, 0x0000000703a00000| Untracked 
|  11|0x0000000703c00000, 0x0000000703c00000, 0x0000000703e00000|  0%| F|  |TAMS 0x0000000703c00000, 0x0000000703c00000| Untracked 
|  12|0x0000000703e00000, 0x0000000703e00000, 0x0000000704000000|  0%| F|  |TAMS 0x0000000703e00000, 0x0000000703e00000| Untracked 
|  13|0x0000000704000000, 0x0000000704000000, 0x0000000704200000|  0%| F|  |TAMS 0x0000000704000000, 0x0000000704000000| Untracked 
|  14|0x0000000704200000, 0x0000000704200000, 0x0000000704400000|  0%| F|  |TAMS 0x0000000704200000, 0x0000000704200000| Untracked 
|  15|0x0000000704400000, 0x0000000704600000, 0x0000000704600000|100%|HS|  |TAMS 0x0000000704600000, 0x0000000704400000| Untracked 
|  16|0x0000000704600000, 0x0000000704800000, 0x0000000704800000|100%|HC|  |TAMS 0x0000000704800000, 0x0000000704600000| Untracked 
|  17|0x0000000704800000, 0x0000000704a00000, 0x0000000704a00000|100%|HC|  |TAMS 0x0000000704a00000, 0x0000000704800000| Untracked 
|  18|0x0000000704a00000, 0x0000000704c00000, 0x0000000704c00000|100%|HC|  |TAMS 0x0000000704c00000, 0x0000000704a00000| Untracked 
|  19|0x0000000704c00000, 0x0000000704c00000, 0x0000000704e00000|  0%| F|  |TAMS 0x0000000704c00000, 0x0000000704c00000| Untracked 
|  20|0x0000000704e00000, 0x0000000704e00000, 0x0000000705000000|  0%| F|  |TAMS 0x0000000704e00000, 0x0000000704e00000| Untracked 
|  21|0x0000000705000000, 0x0000000705000000, 0x0000000705200000|  0%| F|  |TAMS 0x0000000705000000, 0x0000000705000000| Untracked 
|  22|0x0000000705200000, 0x0000000705200000, 0x0000000705400000|  0%| F|  |TAMS 0x0000000705200000, 0x0000000705200000| Untracked 
|  23|0x0000000705400000, 0x0000000705400000, 0x0000000705600000|  0%| F|  |TAMS 0x0000000705400000, 0x0000000705400000| Untracked 
|  24|0x0000000705600000, 0x0000000705600000, 0x0000000705800000|  0%| F|  |TAMS 0x0000000705600000, 0x0000000705600000| Untracked 
|  25|0x0000000705800000, 0x0000000705800000, 0x0000000705a00000|  0%| F|  |TAMS 0x0000000705800000, 0x0000000705800000| Untracked 
|  26|0x0000000705a00000, 0x0000000705a00000, 0x0000000705c00000|  0%| F|  |TAMS 0x0000000705a00000, 0x0000000705a00000| Untracked 
|  27|0x0000000705c00000, 0x0000000705c00000, 0x0000000705e00000|  0%| F|  |TAMS 0x0000000705c00000, 0x0000000705c00000| Untracked 
|  28|0x0000000705e00000, 0x0000000705e00000, 0x0000000706000000|  0%| F|  |TAMS 0x0000000705e00000, 0x0000000705e00000| Untracked 
|  29|0x0000000706000000, 0x0000000706000000, 0x0000000706200000|  0%| F|  |TAMS 0x0000000706000000, 0x0000000706000000| Untracked 
|  30|0x0000000706200000, 0x0000000706200000, 0x0000000706400000|  0%| F|  |TAMS 0x0000000706200000, 0x0000000706200000| Untracked 
|  31|0x0000000706400000, 0x0000000706400000, 0x0000000706600000|  0%| F|  |TAMS 0x0000000706400000, 0x0000000706400000| Untracked 
|  32|0x0000000706600000, 0x0000000706600000, 0x0000000706800000|  0%| F|  |TAMS 0x0000000706600000, 0x0000000706600000| Untracked 
|  33|0x0000000706800000, 0x0000000706800000, 0x0000000706a00000|  0%| F|  |TAMS 0x0000000706800000, 0x0000000706800000| Untracked 
|  34|0x0000000706a00000, 0x0000000706a00000, 0x0000000706c00000|  0%| F|  |TAMS 0x0000000706a00000, 0x0000000706a00000| Untracked 
|  35|0x0000000706c00000, 0x0000000706c00000, 0x0000000706e00000|  0%| F|  |TAMS 0x0000000706c00000, 0x0000000706c00000| Untracked 
|  36|0x0000000706e00000, 0x0000000706e00000, 0x0000000707000000|  0%| F|  |TAMS 0x0000000706e00000, 0x0000000706e00000| Untracked 
|  37|0x0000000707000000, 0x0000000707000000, 0x0000000707200000|  0%| F|  |TAMS 0x0000000707000000, 0x0000000707000000| Untracked 
|  38|0x0000000707200000, 0x0000000707200000, 0x0000000707400000|  0%| F|  |TAMS 0x0000000707200000, 0x0000000707200000| Untracked 
|  39|0x0000000707400000, 0x0000000707400000, 0x0000000707600000|  0%| F|  |TAMS 0x0000000707400000, 0x0000000707400000| Untracked 
|  40|0x0000000707600000, 0x0000000707600000, 0x0000000707800000|  0%| F|  |TAMS 0x0000000707600000, 0x0000000707600000| Untracked 
|  41|0x0000000707800000, 0x0000000707800000, 0x0000000707a00000|  0%| F|  |TAMS 0x0000000707800000, 0x0000000707800000| Untracked 
|  42|0x0000000707a00000, 0x0000000707a00000, 0x0000000707c00000|  0%| F|  |TAMS 0x0000000707a00000, 0x0000000707a00000| Untracked 
|  43|0x0000000707c00000, 0x0000000707c00000, 0x0000000707e00000|  0%| F|  |TAMS 0x0000000707c00000, 0x0000000707c00000| Untracked 
|  44|0x0000000707e00000, 0x0000000707ecb1f8, 0x0000000708000000| 39%| E|  |TAMS 0x0000000707e00000, 0x0000000707e00000| Complete 
|  45|0x0000000708000000, 0x0000000708200000, 0x0000000708200000|100%| E|CS|TAMS 0x0000000708000000, 0x0000000708000000| Complete 
|  46|0x0000000708200000, 0x0000000708400000, 0x0000000708400000|100%| E|CS|TAMS 0x0000000708200000, 0x0000000708200000| Complete 
|  47|0x0000000708400000, 0x0000000708600000, 0x0000000708600000|100%| E|CS|TAMS 0x0000000708400000, 0x0000000708400000| Complete 
|  48|0x0000000708600000, 0x0000000708800000, 0x0000000708800000|100%| E|CS|TAMS 0x0000000708600000, 0x0000000708600000| Complete 
|  49|0x0000000708800000, 0x0000000708800068, 0x0000000708a00000|  0%| O|  |TAMS 0x0000000708800000, 0x0000000708800000| Untracked 

Card table byte_map: [0x00000178376c0000,0x0000017837eb0000] _byte_map_base: 0x0000017833ead000

Marking Bits (Prev, Next): (CMBitMap*) 0x0000017820440da0, (CMBitMap*) 0x0000017820440d60
 Prev Bits: [0x000001783c610000, 0x0000017840578000)
 Next Bits: [0x00000178386a0000, 0x000001783c608000)

Polling page: 0x000001781fb90000

Metaspace:

Usage:
  Non-class:     33.98 MB used.
      Class:      3.80 MB used.
       Both:     37.78 MB used.

Virtual space:
  Non-class space:       64.00 MB reserved,      34.06 MB ( 53%) committed,  1 nodes.
      Class space:        1.00 GB reserved,       3.94 MB ( <1%) committed,  1 nodes.
             Both:        1.06 GB reserved,      38.00 MB (  3%) committed. 

Chunk freelists:
   Non-Class:  13.58 MB
       Class:  12.11 MB
        Both:  25.69 MB

MaxMetaspaceSize: unlimited
CompressedClassSpaceSize: 1.00 GB
Initial GC threshold: 21.00 MB
Current GC threshold: 63.25 MB
CDS: on
MetaspaceReclaimPolicy: balanced
 - commit_granule_bytes: 65536.
 - commit_granule_words: 8192.
 - virtual_space_node_default_size: 8388608.
 - enlarge_chunks_in_place: 1.
 - new_chunks_are_fully_committed: 0.
 - uncommit_free_chunks: 1.
 - use_allocation_guard: 0.
 - handle_deallocations: 1.


Internal statistics:

num_allocs_failed_limit: 3.
num_arena_births: 162.
num_arena_deaths: 0.
num_vsnodes_births: 2.
num_vsnodes_deaths: 0.
num_space_committed: 608.
num_space_uncommitted: 0.
num_chunks_returned_to_freelist: 3.
num_chunks_taken_from_freelist: 1205.
num_chunk_merges: 3.
num_chunk_splits: 1049.
num_chunks_enlarged: 969.
num_inconsistent_stats: 0.

CodeHeap 'non-profiled nmethods': size=120000Kb used=14191Kb max_used=14191Kb free=105809Kb
 bounds [0x000001782f9a0000, 0x0000017830780000, 0x0000017836ed0000]
CodeHeap 'profiled nmethods': size=120000Kb used=14144Kb max_used=23319Kb free=105855Kb
 bounds [0x0000017827ed0000, 0x00000178295d0000, 0x000001782f400000]
CodeHeap 'non-nmethods': size=5760Kb used=1894Kb max_used=1986Kb free=3865Kb
 bounds [0x000001782f400000, 0x000001782f670000, 0x000001782f9a0000]
 total_blobs=10037 nmethods=8659 adapters=1289
 compilation: enabled
              stopped_count=0, restarted_count=0
 full_count=0

Compilation events (20 events):
Event: 2798.147 Thread 0x0000017842abea40 11285       3       androidx.compose.animation.core.AnimationScope::setRunning$animation_core (26 bytes)
Event: 2798.148 Thread 0x0000017842abea40 nmethod 11285 0x0000017828c72510 code [0x0000017828c726c0, 0x0000017828c72908]
Event: 2798.162 Thread 0x0000017842abea40 11286       3       androidx.compose.animation.core.MutatorMutex$mutate$2::create (31 bytes)
Event: 2798.163 Thread 0x0000017842abea40 nmethod 11286 0x0000017828801210 code [0x0000017828801400, 0x0000017828801b88]
Event: 2799.234 Thread 0x0000017842abea40 11287       3       androidx.compose.animation.core.AnimationScope::<init> (94 bytes)
Event: 2799.237 Thread 0x0000017842abea40 nmethod 11287 0x0000017828cb4710 code [0x0000017828cb4b20, 0x0000017828cb6768]
Event: 2799.743 Thread 0x0000017842abea40 11288       1       sun.util.locale.BaseLocale::getRegion (5 bytes)
Event: 2799.743 Thread 0x0000017842abea40 nmethod 11288 0x000001783077b910 code [0x000001783077baa0, 0x000001783077bb78]
Event: 2799.760 Thread 0x0000017842abea40 11289       3       androidx.compose.animation.core.SuspendAnimationKt$animate$6::<init> (45 bytes)
Event: 2799.761 Thread 0x0000017842abea40 nmethod 11289 0x000001782833dd90 code [0x000001782833df40, 0x000001782833e378]
Event: 3614.136 Thread 0x0000017842abea40 11290       3       kotlinx.coroutines.EventLoop::getNextTime (29 bytes)
Event: 3614.136 Thread 0x0000017842abea40 nmethod 11290 0x0000017828742990 code [0x0000017828742b40, 0x0000017828742d68]
Event: 3614.148 Thread 0x0000017842abea40 11291   !   3       java.util.concurrent.locks.AbstractQueuedSynchronizer$ConditionObject::await (183 bytes)
Event: 3614.150 Thread 0x0000017842abea40 nmethod 11291 0x00000178289ad310 code [0x00000178289ad660, 0x00000178289aeb98]
Event: 3614.150 Thread 0x0000017842abea40 11292       3       java.io.BufferedWriter::min (9 bytes)
Event: 3614.150 Thread 0x0000017842abea40 nmethod 11292 0x0000017828852790 code [0x0000017828852920, 0x0000017828852a98]
Event: 3614.150 Thread 0x0000017842abea40 11294   !   3       java.io.BufferedWriter::write (117 bytes)
Event: 3614.151 Thread 0x0000017842abea40 nmethod 11294 0x0000017828541890 code [0x0000017828541a80, 0x0000017828542088]
Event: 3614.151 Thread 0x0000017842abea40 11293       3       java.io.Writer::write (11 bytes)
Event: 3614.151 Thread 0x0000017842abea40 nmethod 11293 0x0000017829483b10 code [0x0000017829483cc0, 0x0000017829483fa8]

GC Heap History (20 events):
Event: 3339.653 GC heap before
{Heap before GC invocations=812 (full 89):
 garbage-first heap   total 102400K, used 80170K [0x0000000702600000, 0x0000000800000000)
  region size 2048K, 26 young (53248K), 0 survivors (0K)
 Metaspace       used 38655K, committed 38912K, reserved 1114112K
  class space    used 3887K, committed 4032K, reserved 1048576K
}
Event: 3339.687 GC heap after
{Heap after GC invocations=813 (full 90):
 garbage-first heap   total 102400K, used 28970K [0x0000000702600000, 0x0000000800000000)
  region size 2048K, 0 young (0K), 0 survivors (0K)
 Metaspace       used 38655K, committed 38912K, reserved 1114112K
  class space    used 3887K, committed 4032K, reserved 1048576K
}
Event: 3369.694 GC heap before
{Heap before GC invocations=813 (full 90):
 garbage-first heap   total 102400K, used 82218K [0x0000000702600000, 0x0000000800000000)
  region size 2048K, 27 young (55296K), 0 survivors (0K)
 Metaspace       used 38655K, committed 38912K, reserved 1114112K
  class space    used 3887K, committed 4032K, reserved 1048576K
}
Event: 3369.739 GC heap after
{Heap after GC invocations=814 (full 91):
 garbage-first heap   total 102400K, used 28970K [0x0000000702600000, 0x0000000800000000)
  region size 2048K, 0 young (0K), 0 survivors (0K)
 Metaspace       used 38655K, committed 38912K, reserved 1114112K
  class space    used 3887K, committed 4032K, reserved 1048576K
}
Event: 3399.746 GC heap before
{Heap before GC invocations=814 (full 91):
 garbage-first heap   total 102400K, used 82218K [0x0000000702600000, 0x0000000800000000)
  region size 2048K, 27 young (55296K), 0 survivors (0K)
 Metaspace       used 38655K, committed 38912K, reserved 1114112K
  class space    used 3887K, committed 4032K, reserved 1048576K
}
Event: 3399.789 GC heap after
{Heap after GC invocations=815 (full 92):
 garbage-first heap   total 102400K, used 28970K [0x0000000702600000, 0x0000000800000000)
  region size 2048K, 0 young (0K), 0 survivors (0K)
 Metaspace       used 38655K, committed 38912K, reserved 1114112K
  class space    used 3887K, committed 4032K, reserved 1048576K
}
Event: 3429.804 GC heap before
{Heap before GC invocations=815 (full 92):
 garbage-first heap   total 102400K, used 82218K [0x0000000702600000, 0x0000000800000000)
  region size 2048K, 27 young (55296K), 0 survivors (0K)
 Metaspace       used 38655K, committed 38912K, reserved 1114112K
  class space    used 3887K, committed 4032K, reserved 1048576K
}
Event: 3429.843 GC heap after
{Heap after GC invocations=816 (full 93):
 garbage-first heap   total 102400K, used 28969K [0x0000000702600000, 0x0000000800000000)
  region size 2048K, 0 young (0K), 0 survivors (0K)
 Metaspace       used 38655K, committed 38912K, reserved 1114112K
  class space    used 3887K, committed 4032K, reserved 1048576K
}
Event: 3459.847 GC heap before
{Heap before GC invocations=816 (full 93):
 garbage-first heap   total 102400K, used 82217K [0x0000000702600000, 0x0000000800000000)
  region size 2048K, 27 young (55296K), 0 survivors (0K)
 Metaspace       used 38655K, committed 38912K, reserved 1114112K
  class space    used 3887K, committed 4032K, reserved 1048576K
}
Event: 3459.892 GC heap after
{Heap after GC invocations=817 (full 94):
 garbage-first heap   total 102400K, used 28969K [0x0000000702600000, 0x0000000800000000)
  region size 2048K, 0 young (0K), 0 survivors (0K)
 Metaspace       used 38655K, committed 38912K, reserved 1114112K
  class space    used 3887K, committed 4032K, reserved 1048576K
}
Event: 3489.896 GC heap before
{Heap before GC invocations=817 (full 94):
 garbage-first heap   total 102400K, used 82217K [0x0000000702600000, 0x0000000800000000)
  region size 2048K, 27 young (55296K), 0 survivors (0K)
 Metaspace       used 38655K, committed 38912K, reserved 1114112K
  class space    used 3887K, committed 4032K, reserved 1048576K
}
Event: 3489.939 GC heap after
{Heap after GC invocations=818 (full 95):
 garbage-first heap   total 102400K, used 28969K [0x0000000702600000, 0x0000000800000000)
  region size 2048K, 0 young (0K), 0 survivors (0K)
 Metaspace       used 38655K, committed 38912K, reserved 1114112K
  class space    used 3887K, committed 4032K, reserved 1048576K
}
Event: 3519.954 GC heap before
{Heap before GC invocations=818 (full 95):
 garbage-first heap   total 102400K, used 82217K [0x0000000702600000, 0x0000000800000000)
  region size 2048K, 27 young (55296K), 0 survivors (0K)
 Metaspace       used 38655K, committed 38912K, reserved 1114112K
  class space    used 3887K, committed 4032K, reserved 1048576K
}
Event: 3520.005 GC heap after
{Heap after GC invocations=819 (full 96):
 garbage-first heap   total 102400K, used 28969K [0x0000000702600000, 0x0000000800000000)
  region size 2048K, 0 young (0K), 0 survivors (0K)
 Metaspace       used 38655K, committed 38912K, reserved 1114112K
  class space    used 3887K, committed 4032K, reserved 1048576K
}
Event: 3550.008 GC heap before
{Heap before GC invocations=819 (full 96):
 garbage-first heap   total 102400K, used 82217K [0x0000000702600000, 0x0000000800000000)
  region size 2048K, 27 young (55296K), 0 survivors (0K)
 Metaspace       used 38655K, committed 38912K, reserved 1114112K
  class space    used 3887K, committed 4032K, reserved 1048576K
}
Event: 3550.055 GC heap after
{Heap after GC invocations=820 (full 97):
 garbage-first heap   total 102400K, used 28969K [0x0000000702600000, 0x0000000800000000)
  region size 2048K, 0 young (0K), 0 survivors (0K)
 Metaspace       used 38655K, committed 38912K, reserved 1114112K
  class space    used 3887K, committed 4032K, reserved 1048576K
}
Event: 3580.064 GC heap before
{Heap before GC invocations=820 (full 97):
 garbage-first heap   total 102400K, used 82217K [0x0000000702600000, 0x0000000800000000)
  region size 2048K, 27 young (55296K), 0 survivors (0K)
 Metaspace       used 38655K, committed 38912K, reserved 1114112K
  class space    used 3887K, committed 4032K, reserved 1048576K
}
Event: 3580.101 GC heap after
{Heap after GC invocations=821 (full 98):
 garbage-first heap   total 102400K, used 28969K [0x0000000702600000, 0x0000000800000000)
  region size 2048K, 0 young (0K), 0 survivors (0K)
 Metaspace       used 38655K, committed 38912K, reserved 1114112K
  class space    used 3887K, committed 4032K, reserved 1048576K
}
Event: 3610.116 GC heap before
{Heap before GC invocations=821 (full 98):
 garbage-first heap   total 102400K, used 82217K [0x0000000702600000, 0x0000000800000000)
  region size 2048K, 27 young (55296K), 0 survivors (0K)
 Metaspace       used 38655K, committed 38912K, reserved 1114112K
  class space    used 3887K, committed 4032K, reserved 1048576K
}
Event: 3610.162 GC heap after
{Heap after GC invocations=822 (full 99):
 garbage-first heap   total 102400K, used 28970K [0x0000000702600000, 0x0000000800000000)
  region size 2048K, 0 young (0K), 0 survivors (0K)
 Metaspace       used 38655K, committed 38912K, reserved 1114112K
  class space    used 3887K, committed 4032K, reserved 1048576K
}

Dll operation events (14 events):
Event: 0.219 Loaded shared library C:\Users\HP\.jdks\corretto-17.0.7\bin\java.dll
Event: 0.261 Loaded shared library C:\Users\HP\.jdks\corretto-17.0.7\bin\jsvml.dll
Event: 2.156 Loaded shared library C:\Users\HP\.jdks\corretto-17.0.7\bin\zip.dll
Event: 2.160 Loaded shared library C:\Users\HP\.jdks\corretto-17.0.7\bin\instrument.dll
Event: 2.173 Loaded shared library C:\Users\HP\.jdks\corretto-17.0.7\bin\net.dll
Event: 2.176 Loaded shared library C:\Users\HP\.jdks\corretto-17.0.7\bin\nio.dll
Event: 2.187 Loaded shared library C:\Users\HP\.jdks\corretto-17.0.7\bin\zip.dll
Event: 2.858 Loaded shared library C:\Users\HP\.jdks\corretto-17.0.7\bin\jimage.dll
Event: 2.912 Loaded shared library C:\Program Files\JetBrains\IntelliJ IDEA Community Edition 2021.3.2\bin\breakgen64.dll
Event: 3.525 Loaded shared library C:\Users\HP\.jdks\corretto-17.0.7\bin\awt.dll
Event: 4.654 Loaded shared library C:\Users\HP\.skiko\0de0d8dd8554d9bb66cfca3837db6514ff9b71080e998917280a3b777460a416\skiko-windows-x64.dll
Event: 5.397 Loaded shared library C:\Users\HP\.jdks\corretto-17.0.7\bin\freetype.dll
Event: 5.441 Loaded shared library C:\Users\HP\.jdks\corretto-17.0.7\bin\fontmanager.dll
Event: 11.372 Loaded shared library C:\Users\HP\AppData\Local\io-realm-kotlin\f7113120ba00ba1ff91d696eecd3919e85a4e34e\realmc.dll

Deoptimization events (20 events):
Event: 3614.147 Thread 0x0000017842cd3140 Uncommon trap: trap_request=0xffffffc6 fr.pc=0x000001782fcb9808 relative=0x0000000000000068
Event: 3614.147 Thread 0x0000017842cd3140 Uncommon trap: reason=bimorphic_or_optimized_type_check action=maybe_recompile pc=0x000001782fcb9808 method=kotlinx.coroutines.AbstractCoroutine.afterResume(Ljava/lang/Object;)V @ 2 c2
Event: 3614.147 Thread 0x0000017842cd3140 DEOPT PACKING pc=0x000001782fcb9808 sp=0x00000044441ff2b0
Event: 3614.147 Thread 0x0000017842cd3140 DEOPT UNPACKING pc=0x000001782f4569a3 sp=0x00000044441ff238 mode 2
Event: 3614.147 Thread 0x0000017842ccf2b0 Uncommon trap: trap_request=0xffffffc6 fr.pc=0x000001782fcb9808 relative=0x0000000000000068
Event: 3614.147 Thread 0x0000017842ccf2b0 Uncommon trap: reason=bimorphic_or_optimized_type_check action=maybe_recompile pc=0x000001782fcb9808 method=kotlinx.coroutines.AbstractCoroutine.afterResume(Ljava/lang/Object;)V @ 2 c2
Event: 3614.147 Thread 0x0000017842ccf2b0 DEOPT PACKING pc=0x000001782fcb9808 sp=0x00000044437fe9b0
Event: 3614.147 Thread 0x0000017842ccf2b0 DEOPT UNPACKING pc=0x000001782f4569a3 sp=0x00000044437fe938 mode 2
Event: 3614.148 Thread 0x0000017847e6ab90 Uncommon trap: trap_request=0xffffff45 fr.pc=0x00000178306f5e34 relative=0x00000000000004b4
Event: 3614.148 Thread 0x0000017847e6ab90 Uncommon trap: reason=unstable_if action=reinterpret pc=0x00000178306f5e34 method=java.util.concurrent.locks.AbstractQueuedSynchronizer$ConditionNode.isReleasable()Z @ 14 c2
Event: 3614.148 Thread 0x0000017847e6ab90 DEOPT PACKING pc=0x00000178306f5e34 sp=0x0000004443aff520
Event: 3614.148 Thread 0x0000017847e6ab90 DEOPT UNPACKING pc=0x000001782f4569a3 sp=0x0000004443aff350 mode 2
Event: 3614.148 Thread 0x0000017847e6ab90 Uncommon trap: trap_request=0xffffff45 fr.pc=0x000001782fc6f94c relative=0x000000000000004c
Event: 3614.148 Thread 0x0000017847e6ab90 Uncommon trap: reason=unstable_if action=reinterpret pc=0x000001782fc6f94c method=java.lang.Thread.interrupted()Z @ 10 c2
Event: 3614.148 Thread 0x0000017847e6ab90 DEOPT PACKING pc=0x000001782fc6f94c sp=0x0000004443aff4d0
Event: 3614.148 Thread 0x0000017847e6ab90 DEOPT UNPACKING pc=0x000001782f4569a3 sp=0x0000004443aff460 mode 2
Event: 3614.150 Thread 0x0000017842ccf2b0 Uncommon trap: trap_request=0xffffffde fr.pc=0x000001782fad9c74 relative=0x0000000000000074
Event: 3614.150 Thread 0x0000017842ccf2b0 Uncommon trap: reason=class_check action=maybe_recompile pc=0x000001782fad9c74 method=java.util.Collections$UnmodifiableCollection.size()I @ 4 c2
Event: 3614.150 Thread 0x0000017842ccf2b0 DEOPT PACKING pc=0x000001782fad9c74 sp=0x00000044437fe330
Event: 3614.150 Thread 0x0000017842ccf2b0 DEOPT UNPACKING pc=0x000001782f4569a3 sp=0x00000044437fe2c0 mode 2

Classes unloaded (0 events):
No events

Classes redefined (0 events):
No events

Internal exceptions (20 events):
Event: 5.036 Thread 0x000001784767e5f0 Exception <a 'java/lang/NoSuchMethodError'{0x0000000710c1e290}: 'java.lang.Object java.lang.invoke.DirectMethodHandle$Holder.newInvokeSpecial(java.lang.Object, java.lang.Object, java.lang.Object, java.lang.Object, java.lang.Object)'> (0x0000000710c1e290) 
thrown [s\src\hotspot\share\interpreter\linkResolver.cpp, line 759]
Event: 5.040 Thread 0x000001784767e5f0 Exception <a 'java/lang/NoSuchMethodError'{0x0000000710c29f00}: 'java.lang.Object java.lang.invoke.DirectMethodHandle$Holder.invokeStatic(java.lang.Object, int, java.lang.Object, java.lang.Object, java.lang.Object, java.lang.Object)'> (0x0000000710c29f00) 
thrown [s\src\hotspot\share\interpreter\linkResolver.cpp, line 759]
Event: 5.049 Thread 0x000001784767e5f0 Exception <a 'java/lang/NoSuchMethodError'{0x0000000710c4fba8}: 'java.lang.Object java.lang.invoke.DirectMethodHandle$Holder.invokeStatic(java.lang.Object, int, java.lang.Object)'> (0x0000000710c4fba8) 
thrown [s\src\hotspot\share\interpreter\linkResolver.cpp, line 759]
Event: 5.102 Thread 0x000001784767e5f0 Exception <a 'java/lang/ClassNotFoundException'{0x0000000710d0bd90}: com/sun/swing/internal/plaf/metal/resources/spi/metalProvider> (0x0000000710d0bd90) 
thrown [s\src\hotspot\share\classfile\systemDictionary.cpp, line 256]
Event: 5.104 Thread 0x000001784767e5f0 Exception <a 'java/lang/ClassNotFoundException'{0x0000000710d0fd30}: com/sun/swing/internal/plaf/basic/resources/spi/basicProvider> (0x0000000710d0fd30) 
thrown [s\src\hotspot\share\classfile\systemDictionary.cpp, line 256]
Event: 5.112 Thread 0x000001784767e5f0 Implicit null exception at 0x000001782fa1f08f to 0x000001782fa1f109
Event: 5.118 Thread 0x000001784767e5f0 Implicit null exception at 0x000001782f9d4a90 to 0x000001782f9d4e64
Event: 5.118 Thread 0x000001784767e5f0 Implicit null exception at 0x000001782f9cd310 to 0x000001782f9cd6c8
Event: 5.155 Thread 0x000001784767e5f0 Exception <a 'java/lang/NoSuchMethodError'{0x0000000710a22388}: 'void java.lang.invoke.DirectMethodHandle$Holder.invokeStatic(java.lang.Object, java.lang.Object, java.lang.Object)'> (0x0000000710a22388) 
thrown [s\src\hotspot\share\interpreter\linkResolver.cpp, line 759]
Event: 5.347 Thread 0x000001784767e5f0 Exception <a 'java/lang/NoSuchMethodError'{0x00000007108fd758}: 'void java.lang.invoke.DirectMethodHandle$Holder.invokeStaticInit(java.lang.Object)'> (0x00000007108fd758) 
thrown [s\src\hotspot\share\interpreter\linkResolver.cpp, line 759]
Event: 5.801 Thread 0x000001784767e5f0 Exception <a 'java/lang/NoSuchMethodError'{0x0000000711cdb2d0}: 'int java.lang.invoke.DirectMethodHandle$Holder.invokeStaticInit(java.lang.Object, java.lang.Object, java.lang.Object)'> (0x0000000711cdb2d0) 
thrown [s\src\hotspot\share\interpreter\linkResolver.cpp, line 759]
Event: 6.683 Thread 0x00000178476ce770 Exception <a 'java/lang/NoSuchMethodError'{0x0000000710901118}: 'void java.lang.invoke.DirectMethodHandle$Holder.invokeVirtual(java.lang.Object, java.lang.Object)'> (0x0000000710901118) 
thrown [s\src\hotspot\share\interpreter\linkResolver.cpp, line 759]
Event: 9.828 Thread 0x000001784767e5f0 Exception <a 'java/lang/NoSuchMethodError'{0x00000007048ea308}: 'int java.lang.invoke.DirectMethodHandle$Holder.invokeStaticInit(java.lang.Object, long, long)'> (0x00000007048ea308) 
thrown [s\src\hotspot\share\interpreter\linkResolver.cpp, line 759]
Event: 11.088 Thread 0x000001784767e5f0 Exception <a 'java/lang/NoSuchMethodError'{0x000000070f8d4588}: 'java.lang.Object java.lang.invoke.DirectMethodHandle$Holder.newInvokeSpecial(java.lang.Object, int, java.lang.Object)'> (0x000000070f8d4588) 
thrown [s\src\hotspot\share\interpreter\linkResolver.cpp, line 759]
Event: 11.640 Thread 0x000001784767e5f0 Exception <a 'java/lang/NoSuchMethodError'{0x000000071230ddf0}: 'void java.lang.invoke.DirectMethodHandle$Holder.invokeStatic(java.lang.Object, java.lang.Object, java.lang.Object, java.lang.Object)'> (0x000000071230ddf0) 
thrown [s\src\hotspot\share\interpreter\linkResolver.cpp, line 759]
Event: 16.303 Thread 0x000001784ace6020 Implicit null exception at 0x000001782fb9772b to 0x000001782fb987c0
Event: 29.970 Thread 0x000001784767e5f0 Implicit null exception at 0x000001782fc2c7c0 to 0x000001782fc2d468
Event: 42.309 Thread 0x000001784767e5f0 Implicit null exception at 0x000001782fb43ae2 to 0x000001782fb457f8
Event: 42.330 Thread 0x000001784767e5f0 Implicit null exception at 0x000001782fe9fe88 to 0x000001782fea340c
Event: 624.613 Thread 0x000001784767e5f0 Implicit null exception at 0x000001782feb2160 to 0x000001782feb27ac

VM Operations (20 events):
Event: 3339.652 Executing VM operation: G1CollectFull
Event: 3339.687 Executing VM operation: G1CollectFull done
Event: 3369.693 Executing VM operation: G1CollectFull
Event: 3369.739 Executing VM operation: G1CollectFull done
Event: 3399.745 Executing VM operation: G1CollectFull
Event: 3399.789 Executing VM operation: G1CollectFull done
Event: 3429.804 Executing VM operation: G1CollectFull
Event: 3429.843 Executing VM operation: G1CollectFull done
Event: 3459.846 Executing VM operation: G1CollectFull
Event: 3459.892 Executing VM operation: G1CollectFull done
Event: 3489.896 Executing VM operation: G1CollectFull
Event: 3489.939 Executing VM operation: G1CollectFull done
Event: 3519.953 Executing VM operation: G1CollectFull
Event: 3520.005 Executing VM operation: G1CollectFull done
Event: 3550.008 Executing VM operation: G1CollectFull
Event: 3550.055 Executing VM operation: G1CollectFull done
Event: 3580.064 Executing VM operation: G1CollectFull
Event: 3580.101 Executing VM operation: G1CollectFull done
Event: 3610.116 Executing VM operation: G1CollectFull
Event: 3610.162 Executing VM operation: G1CollectFull done

Events (20 events):
Event: 1077.360 Thread 0x0000017842cd1e00 Thread exited: 0x0000017842cd1e00
Event: 1077.361 Thread 0x000001784ace99e0 Thread exited: 0x000001784ace99e0
Event: 3614.124 loading class jdk/internal/misc/Signal$1
Event: 3614.124 loading class jdk/internal/misc/Signal$1 done
Event: 3614.124 Thread 0x0000017842cd27a0 Thread added: 0x0000017842cd27a0
Event: 3614.125 Thread 0x0000017842cd4950 Thread added: 0x0000017842cd4950
Event: 3614.125 Thread 0x0000017842cd2c70 Thread added: 0x0000017842cd2c70
Event: 3614.125 Thread 0x0000017842ccf2b0 Thread added: 0x0000017842ccf2b0
Event: 3614.125 Thread 0x0000017842cd3140 Thread added: 0x0000017842cd3140
Event: 3614.127 Thread 0x0000017842cd2c70 Thread exited: 0x0000017842cd2c70
Event: 3614.147 Thread 0x0000017842cd3140 Thread exited: 0x0000017842cd3140
Event: 3614.148 loading class java/lang/Throwable$WrappedPrintStream
Event: 3614.148 Thread 0x0000017847e6a6c0 Thread exited: 0x0000017847e6a6c0
Event: 3614.148 loading class java/lang/Throwable$PrintStreamOrWriter
Event: 3614.148 loading class java/lang/Throwable$PrintStreamOrWriter done
Event: 3614.148 loading class java/lang/Throwable$WrappedPrintStream done
Event: 3614.148 Thread 0x0000017847e6ab90 Thread exited: 0x0000017847e6ab90
Event: 3614.149 loading class java/lang/StackTraceElement$HashedModules
Event: 3614.149 loading class java/lang/StackTraceElement$HashedModules done
Event: 3614.150 Thread 0x0000017842ccf2b0 Thread exited: 0x0000017842ccf2b0


Dynamic libraries:
0x00007ff7eeda0000 - 0x00007ff7eedad000 	C:\Users\HP\.jdks\corretto-17.0.7\bin\java.exe
0x00007ffee9b50000 - 0x00007ffee9d48000 	C:\Windows\SYSTEM32\ntdll.dll
0x00007ffee90d0000 - 0x00007ffee918f000 	C:\Windows\System32\KERNEL32.DLL
0x00007ffee7790000 - 0x00007ffee7a86000 	C:\Windows\System32\KERNELBASE.dll
0x00007ffee7410000 - 0x00007ffee7510000 	C:\Windows\System32\ucrtbase.dll
0x00007ffedbd50000 - 0x00007ffedbd67000 	C:\Users\HP\.jdks\corretto-17.0.7\bin\jli.dll
0x00007ffee9970000 - 0x00007ffee9b0d000 	C:\Windows\System32\USER32.dll
0x00007ffee76c0000 - 0x00007ffee76e2000 	C:\Windows\System32\win32u.dll
0x00007ffee90a0000 - 0x00007ffee90cc000 	C:\Windows\System32\GDI32.dll
0x00007ffee7a90000 - 0x00007ffee7ba5000 	C:\Windows\System32\gdi32full.dll
0x00007ffee72c0000 - 0x00007ffee735d000 	C:\Windows\System32\msvcp_win.dll
0x00007ffedbcc0000 - 0x00007ffedbcd5000 	C:\Users\HP\.jdks\corretto-17.0.7\bin\VCRUNTIME140.dll
0x00007ffecd150000 - 0x00007ffecd3ea000 	C:\Windows\WinSxS\amd64_microsoft.windows.common-controls_6595b64144ccf1df_6.0.19041.1110_none_60b5254171f9507e\COMCTL32.dll
0x00007ffee8310000 - 0x00007ffee83ae000 	C:\Windows\System32\msvcrt.dll
0x00007ffee8600000 - 0x00007ffee8630000 	C:\Windows\System32\IMM32.DLL
0x00007ffec5b90000 - 0x00007ffec5c2b000 	C:\Users\HP\.jdks\corretto-17.0.7\bin\msvcp140.dll
0x00007ffea5510000 - 0x00007ffea612a000 	C:\Users\HP\.jdks\corretto-17.0.7\bin\server\jvm.dll
0x00007ffee8630000 - 0x00007ffee86df000 	C:\Windows\System32\ADVAPI32.dll
0x00007ffee8560000 - 0x00007ffee85fc000 	C:\Windows\System32\sechost.dll
0x00007ffee7d70000 - 0x00007ffee7e96000 	C:\Windows\System32\RPCRT4.dll
0x00007ffee0fa0000 - 0x00007ffee0fa9000 	C:\Windows\SYSTEM32\WSOCK32.dll
0x00007ffee8e70000 - 0x00007ffee8edb000 	C:\Windows\System32\WS2_32.dll
0x00007ffecca00000 - 0x00007ffecca27000 	C:\Windows\SYSTEM32\WINMM.dll
0x00007ffedb320000 - 0x00007ffedb32a000 	C:\Windows\SYSTEM32\VERSION.dll
0x00007ffee5a20000 - 0x00007ffee5a32000 	C:\Windows\SYSTEM32\kernel.appcore.dll
0x00007ffedf1f0000 - 0x00007ffedf1fa000 	C:\Users\HP\.jdks\corretto-17.0.7\bin\jimage.dll
0x00007ffee1f40000 - 0x00007ffee2124000 	C:\Windows\SYSTEM32\DBGHELP.DLL
0x00007ffecec70000 - 0x00007ffececa4000 	C:\Windows\SYSTEM32\dbgcore.DLL
0x00007ffee7230000 - 0x00007ffee72b2000 	C:\Windows\System32\bcryptPrimitives.dll
0x00007ffedbde0000 - 0x00007ffedbdee000 	C:\Users\HP\.jdks\corretto-17.0.7\bin\instrument.dll
0x00007ffedb800000 - 0x00007ffedb825000 	C:\Users\HP\.jdks\corretto-17.0.7\bin\java.dll
0x00007ffeba8b0000 - 0x00007ffeba986000 	C:\Users\HP\.jdks\corretto-17.0.7\bin\jsvml.dll
0x00007ffee9190000 - 0x00007ffee98d4000 	C:\Windows\System32\SHELL32.dll
0x00007ffee2130000 - 0x00007ffee28c4000 	C:\Windows\SYSTEM32\windows.storage.dll
0x00007ffee8890000 - 0x00007ffee8be4000 	C:\Windows\System32\combase.dll
0x00007ffee6ab0000 - 0x00007ffee6ade000 	C:\Windows\SYSTEM32\Wldp.dll
0x00007ffee8f90000 - 0x00007ffee903d000 	C:\Windows\System32\SHCORE.dll
0x00007ffee9040000 - 0x00007ffee9095000 	C:\Windows\System32\shlwapi.dll
0x00007ffee7160000 - 0x00007ffee7185000 	C:\Windows\SYSTEM32\profapi.dll
0x00007ffeca7f0000 - 0x00007ffeca808000 	C:\Users\HP\.jdks\corretto-17.0.7\bin\zip.dll
0x00007ffedb9b0000 - 0x00007ffedb9c9000 	C:\Users\HP\.jdks\corretto-17.0.7\bin\net.dll
0x00007ffed8570000 - 0x00007ffed867a000 	C:\Windows\SYSTEM32\WINHTTP.dll
0x00007ffee6890000 - 0x00007ffee68fa000 	C:\Windows\system32\mswsock.dll
0x00007ffeced70000 - 0x00007ffeced85000 	C:\Users\HP\.jdks\corretto-17.0.7\bin\nio.dll
0x00007ffec9c00000 - 0x00007ffec9c1a000 	C:\Program Files\JetBrains\IntelliJ IDEA Community Edition 2021.3.2\bin\breakgen64.dll
0x00007ffea8a20000 - 0x00007ffea8bc9000 	C:\Users\HP\.jdks\corretto-17.0.7\bin\awt.dll
0x00007ffee87c0000 - 0x00007ffee888d000 	C:\Windows\System32\OLEAUT32.dll
0x00007ffee0ec0000 - 0x00007ffee0f51000 	C:\Windows\SYSTEM32\apphelp.dll
0x00007ffee1180000 - 0x00007ffee121e000 	C:\Windows\system32\uxtheme.dll
0x00007ffee8440000 - 0x00007ffee8554000 	C:\Windows\System32\MSCTF.dll
0x00007ffee8c00000 - 0x00007ffee8d2a000 	C:\Windows\System32\ole32.dll
0x00007ffee1320000 - 0x00007ffee134f000 	C:\Windows\system32\DWMAPI.DLL
0x00007ffeb5d50000 - 0x00007ffeb5e75000 	C:\Windows\system32\opengl32.dll
0x00007ffeb67f0000 - 0x00007ffeb681c000 	C:\Windows\SYSTEM32\GLU32.dll
0x00007ffee6af0000 - 0x00007ffee6b08000 	C:\Windows\SYSTEM32\CRYPTSP.dll
0x00007ffee61d0000 - 0x00007ffee6204000 	C:\Windows\system32\rsaenh.dll
0x00007ffee7760000 - 0x00007ffee7787000 	C:\Windows\System32\bcrypt.dll
0x00007ffee7120000 - 0x00007ffee714e000 	C:\Windows\SYSTEM32\USERENV.dll
0x00007ffee6a20000 - 0x00007ffee6a2c000 	C:\Windows\SYSTEM32\CRYPTBASE.dll
0x00007ffee65a0000 - 0x00007ffee65dc000 	C:\Windows\SYSTEM32\IPHLPAPI.DLL
0x00007ffee7d60000 - 0x00007ffee7d68000 	C:\Windows\System32\NSI.dll
0x00007ffeda430000 - 0x00007ffeda447000 	C:\Windows\SYSTEM32\dhcpcsvc6.DLL
0x00007ffed8d80000 - 0x00007ffed8d9d000 	C:\Windows\SYSTEM32\dhcpcsvc.DLL
0x00007ffee65e0000 - 0x00007ffee66aa000 	C:\Windows\SYSTEM32\DNSAPI.dll
0x00007ffe72f40000 - 0x00007ffe73f8c000 	C:\Users\HP\.skiko\0de0d8dd8554d9bb66cfca3837db6514ff9b71080e998917280a3b777460a416\skiko-windows-x64.dll
0x00007ffeb9be0000 - 0x00007ffeb9c63000 	C:\Users\HP\.jdks\corretto-17.0.7\bin\freetype.dll
0x00007ffeb9a10000 - 0x00007ffeb9ad2000 	C:\Users\HP\.jdks\corretto-17.0.7\bin\fontmanager.dll
0x00007ffedbd30000 - 0x00007ffedbd37000 	C:\Users\HP\.jdks\corretto-17.0.7\bin\jawt.dll
0x00007ffee5a90000 - 0x00007ffee5b83000 	C:\Windows\SYSTEM32\Dxgi.dll
0x00007ffec73b0000 - 0x00007ffec73d0000 	C:\Windows\SYSTEM32\D3D12.dll
0x00007ffea8850000 - 0x00007ffea8a1d000 	C:\Windows\SYSTEM32\D3D12Core.dll
0x00007ffeda9e0000 - 0x00007ffedaa1b000 	C:\Windows\SYSTEM32\dxcore.dll
0x00007ffee7670000 - 0x00007ffee76be000 	C:\Windows\System32\cfgmgr32.dll
0x00007ffed4390000 - 0x00007ffed6fa9000 	C:\Windows\System32\DriverStore\FileRepository\igdlh64.inf_amd64_e6daaea9afe1e6f6\igc64.dll
0x00007ffe54ab0000 - 0x00007ffe55f83000 	C:\Windows\System32\DriverStore\FileRepository\igdlh64.inf_amd64_e6daaea9afe1e6f6\igd12umd64.dll
0x00007ffeda000000 - 0x00007ffeda257000 	C:\Windows\System32\DriverStore\FileRepository\igdlh64.inf_amd64_e6daaea9afe1e6f6\igdgmm64.dll
0x00007ffea73e0000 - 0x00007ffea77eb000 	C:\Windows\System32\DriverStore\FileRepository\igdlh64.inf_amd64_e6daaea9afe1e6f6\igdml64.dll
0x00007ffec6220000 - 0x00007ffec624b000 	C:\Windows\SYSTEM32\D3DSCache.dll
0x00007ffe3ee90000 - 0x00007ffe43692000 	C:\Windows\System32\DriverStore\FileRepository\igdlh64.inf_amd64_e6daaea9afe1e6f6\igd12dxva64.dll
0x00007ffee7ea0000 - 0x00007ffee830e000 	C:\Windows\System32\SETUPAPI.dll
0x00007ffe96bf0000 - 0x00007ffe96c17000 	C:\Windows\System32\DriverStore\FileRepository\igdlh64.inf_amd64_e6daaea9afe1e6f6\igdinfo64.dll
0x00007ffeddf50000 - 0x00007ffede157000 	C:\Windows\SYSTEM32\twinapi.appcore.dll
0x00007ffee8ee0000 - 0x00007ffee8f89000 	C:\Windows\System32\clbcatq.dll
0x00007ffe53ad0000 - 0x00007ffe54aa2000 	C:\Windows\System32\DriverStore\FileRepository\igdlh64.inf_amd64_e6daaea9afe1e6f6\ig9icd64.dll
0x00007ffee7090000 - 0x00007ffee70db000 	C:\Windows\SYSTEM32\powrprof.dll
0x00007ffee7070000 - 0x00007ffee7082000 	C:\Windows\SYSTEM32\UMPDC.dll
0x00007ffed2250000 - 0x00007ffed24cf000 	C:\Windows\SYSTEM32\dwrite.dll
0x00007ffed3ec0000 - 0x00007ffed3fb9000 	C:\Windows\SYSTEM32\textinputframework.dll
0x00007ffee0460000 - 0x00007ffee07be000 	C:\Windows\System32\CoreUIComponents.dll
0x00007ffee0b40000 - 0x00007ffee0c32000 	C:\Windows\System32\CoreMessaging.dll
0x00007ffedf450000 - 0x00007ffedf5a4000 	C:\Windows\SYSTEM32\wintypes.dll
0x00007ffee62f0000 - 0x00007ffee6323000 	C:\Windows\SYSTEM32\ntmarta.dll
0x00007ffea4c50000 - 0x00007ffea5502000 	C:\Users\HP\AppData\Local\io-realm-kotlin\f7113120ba00ba1ff91d696eecd3919e85a4e34e\realmc.dll
0x00007ffee7510000 - 0x00007ffee766e000 	C:\Windows\System32\CRYPT32.dll

dbghelp: loaded successfully - version: 4.0.5 - missing functions: none
symbol engine: initialized successfully - sym options: 0x614 - pdb path: .;C:\Users\HP\.jdks\corretto-17.0.7\bin;C:\Windows\SYSTEM32;C:\Windows\WinSxS\amd64_microsoft.windows.common-controls_6595b64144ccf1df_6.0.19041.1110_none_60b5254171f9507e;C:\Users\HP\.jdks\corretto-17.0.7\bin\server;C:\Program Files\JetBrains\IntelliJ IDEA Community Edition 2021.3.2\bin;C:\Users\HP\.skiko\0de0d8dd8554d9bb66cfca3837db6514ff9b71080e998917280a3b777460a416;C:\Windows\System32\DriverStore\FileRepository\igdlh64.inf_amd64_e6daaea9afe1e6f6;C:\Users\HP\AppData\Local\io-realm-kotlin\f7113120ba00ba1ff91d696eecd3919e85a4e34e

VM Arguments:
jvm_args: -Djava.library.path=C:\Users\HP\Desktop\newderar\build\classes\kotlin\jvm\main;C:\Users\HP\Desktop\newderar\build\processedResources\jvm\main -javaagent:C:\Program Files\JetBrains\IntelliJ IDEA Community Edition 2021.3.2\lib\idea_rt.jar=60114:C:\Program Files\JetBrains\IntelliJ IDEA Community Edition 2021.3.2\bin -Dfile.encoding=UTF-8 
java_command: MainKt
java_class_path (initial): C:\Users\HP\Desktop\newderar\build\classes\kotlin\jvm\main;C:\Users\HP\Desktop\newderar\build\processedResources\jvm\main;C:\Users\HP\.gradle\caches\modules-2\files-2.1\io.insert-koin\koin-androidx-compose\3.4.5\ae0a88b7a68d507e651c5a3d70a541594bea54cb\koin-androidx-compose-3.4.5.aar;C:\Users\HP\.gradle\caches\modules-2\files-2.1\androidx.navigation\navigation-compose\2.6.0\3f8ce7b0bad21cced0c47b42b6347c65a6e422c3\navigation-compose-2.6.0.aar;C:\Users\HP\.gradle\caches\modules-2\files-2.1\org.jetbrains.kotlin\kotlin-stdlib-jdk8\1.8.21\67f57e154437cd9e6e9cf368394b95814836ff88\kotlin-stdlib-jdk8-1.8.21.jar;C:\Users\HP\.gradle\caches\modules-2\files-2.1\org.apache.poi\poi-ooxml\4.1.2\87d9a22aa9a7dd26e80c360e709f7ee02e32ab3b\poi-ooxml-4.1.2.jar;C:\Users\HP\.gradle\caches\modules-2\files-2.1\org.apache.poi\poi\4.1.2\964bf41cf68bce08e4ef6b2279b559fdf8d454f4\poi-4.1.2.jar;C:\Users\HP\.gradle\caches\modules-2\files-2.1\org.lwjgl\lwjgl-nfd\3.3.1\622318116996ddcff449b46cb38f0fdee39b8ac3\lwjgl-nfd-3.3.1.jar;C:\Users\HP\.gradle\caches\modules-2\files-2.1\org.lwjgl\lwjgl-nfd\3.3.1\2e007667e04ed3281152ae5c6e677fb1c2211691\lwjgl-nfd-3.3.1-natives-linux.jar;C:\Users\HP\.gradle\caches\modules-2\files-2.1\org.lwjgl\lwjgl\3.3.1\ae58664f88e18a9bb2c77b063833ca7aaec484cb\lwjgl-3.3.1.jar;C:\Users\HP\.gradle\caches\modules-2\files-2.1\io.insert-koin\koin-android\3.4.0\48715fbe06102a59a30bd45b06ed2400c16c6f45\koin-android-3.4.0.aar;C:\Users\HP\.gradle\caches\modules-2\files-2.1\org.lwjgl\lwjgl-nfd\3.3.1\b3e04e317f55dd738d8a345cdafd15b39f85a2ea\lwjgl-nfd-3.3.1-natives-linux-arm32.jar;C:\Users\HP\.gradle\caches\modules-2\files-2.1\androidx.lifecycle\lifecycle-viewmodel-compose\2.6.1\38cf3bb65ff3e0e5c3d63de2ebf5411d0898108c\lifecycle-viewmodel-compose-2.6.1.aar;C:\Users\HP\.gradle\caches\modules-2\files-2.1\org.lwjgl\lwjgl-nfd\3.3.1\f41dc62336f7ee4ab35705cfa440cc903d199165\lwjgl-nfd-3.3.1-natives-linux-arm64.jar;C:\Users\HP\.gradle\caches\modules-2\files-2.1\androi
Launcher Type: SUN_STANDARD

[Global flags]
     intx CICompilerCount                          = 3                                         {product} {ergonomic}
     uint ConcGCThreads                            = 1                                         {product} {ergonomic}
     uint G1ConcRefinementThreads                  = 4                                         {product} {ergonomic}
   size_t G1HeapRegionSize                         = 2097152                                   {product} {ergonomic}
    uintx GCDrainStackTargetSize                   = 64                                        {product} {ergonomic}
   size_t InitialHeapSize                          = 266338304                                 {product} {ergonomic}
   size_t MarkStackSize                            = 4194304                                   {product} {ergonomic}
   size_t MaxHeapSize                              = 4255121408                                {product} {ergonomic}
   size_t MaxNewSize                               = 2552233984                                {product} {ergonomic}
   size_t MinHeapDeltaBytes                        = 2097152                                   {product} {ergonomic}
   size_t MinHeapSize                              = 8388608                                   {product} {ergonomic}
    uintx NonNMethodCodeHeapSize                   = 5832780                                {pd product} {ergonomic}
    uintx NonProfiledCodeHeapSize                  = 122912730                              {pd product} {ergonomic}
    uintx ProfiledCodeHeapSize                     = 122912730                              {pd product} {ergonomic}
    uintx ReservedCodeCacheSize                    = 251658240                              {pd product} {ergonomic}
     bool SegmentedCodeCache                       = true                                      {product} {ergonomic}
   size_t SoftMaxHeapSize                          = 4255121408                             {manageable} {ergonomic}
     bool UseCompressedClassPointers               = true                           {product lp64_product} {ergonomic}
     bool UseCompressedOops                        = true                           {product lp64_product} {ergonomic}
     bool UseG1GC                                  = true                                      {product} {ergonomic}
     bool UseLargePagesIndividualAllocation        = false                                  {pd product} {ergonomic}

Logging:
Log output configuration:
 #0: stdout all=warning uptime,level,tags
 #1: stderr all=off uptime,level,tags

Environment Variables:
PATH=C:\Program Files\Common Files\Oracle\Java\javapath;C:\Program Files (x86)\Common Files\Oracle\Java\javapath;C:\Windows\system32;C:\Windows;C:\Windows\System32\Wbem;C:\Windows\System32\WindowsPowerShell\v1.0\;C:\Windows\System32\OpenSSH\;C:\xampp\php;C:\ProgramData\ComposerSetup\bin;C:\Program Files\nodejs\;C:\Program Files (x86)\Intel\Intel(R) Management Engine Components\DAL;C:\Program Files\Intel\Intel(R) Management Engine Components\DAL;C:\Program Files\Git\cmd;C:\Program Files\Fortect;C:\Users\HP\AppData\Local\Microsoft\WindowsApps;C:\Program Files\JetBrains\IntelliJ IDEA Community Edition 2021.3.2\bin;C:\Users\HP\AppData\Local\Programs\Microsoft VS Code\bin;C:\Users\HP\AppData\Local\JetBrains\Toolbox\scripts;C:\Users\HP\AppData\Local\GitHubDesktop\bin;C:\Users\HP\Desktop\camp\flutter_windows_3.7.6-stable\flutter\bin;C:\Users\HP\AppData\Roaming\Composer\vendor\bin;C:\Users\HP\AppData\Roaming\npm
USERNAME=HP
OS=Windows_NT
PROCESSOR_IDENTIFIER=Intel64 Family 6 Model 142 Stepping 9, GenuineIntel
TMP=C:\Users\HP\AppData\Local\Temp
TEMP=C:\Users\HP\AppData\Local\Temp



---------------  S Y S T E M  ---------------

OS:
 Windows 10 , 64 bit Build 19041 (10.0.19041.3155)
OS uptime: 1 days 20:31 hours
Hyper-V role detected

CPU: total 4 (initial active 4) (2 cores per cpu, 2 threads per core) family 6 model 142 stepping 9 microcode 0xf2, cx8, cmov, fxsr, ht, mmx, 3dnowpref, sse, sse2, sse3, ssse3, sse4.1, sse4.2, popcnt, lzcnt, tsc, tscinvbit, avx, avx2, aes, erms, clmul, bmi1, bmi2, rtm, adx, fma, vzeroupper, clflush, clflushopt, hv

Memory: 4k page, system-wide physical 16224M (6054M free)
TotalPageFile size 32096M (AvailPageFile size 20311M)
current process WorkingSet (physical memory assigned to process): 265M, peak: 426M
current process commit charge ("private bytes"): 353M, peak: 432M

vm_info: OpenJDK 64-Bit Server VM (17.0.7+7-LTS) for windows-amd64 JRE (17.0.7+7-LTS), built on Apr 14 2023 01:39:21 by "Administrator" with MS VC++ 15.9 (VS2017)

END.
