#
# A fatal error has been detected by the Java Runtime Environment:
#
#  EXCEPTION_ACCESS_VIOLATION (0xc0000005) at pc=0x00007ffa7c4aebe3, pid=8156, tid=5424
#
# JRE version: OpenJDK Runtime Environment JBR-17.0.7+7-1000.5-nomod (17.0.7+7) (build 17.0.7+7-b1000.5)
# Java VM: OpenJDK 64-Bit Server VM JBR-17.0.7+7-1000.5-nomod (17.0.7+7-b1000.5, mixed mode, tiered, compressed oops, compressed class ptrs, g1 gc, windows-amd64)
# Problematic frame:
# C  [ig9icd64.dll+0x9bebe3]
#
# No core dump will be written. Minidumps are not enabled by default on client versions of Windows
#
# If you would like to submit a bug report, please visit:
#   https://youtrack.jetbrains.com/issues/JBR
# The crash happened outside the Java Virtual Machine in native code.
# See problematic frame for where to report the bug.
#

---------------  S U M M A R Y ------------

Command Line: -Djava.library.path=C:\Users\HP\Desktop\newderar\build\classes\kotlin\jvm\main;C:\Users\HP\Desktop\newderar\build\processedResources\jvm\main -javaagent:C:\Program Files\JetBrains\IntelliJ IDEA Community Edition 2021.3.2\lib\idea_rt.jar=65234:C:\Program Files\JetBrains\IntelliJ IDEA Community Edition 2021.3.2\bin -Dfile.encoding=UTF-8 MainKt

Host: Intel(R) Core(TM) i5-7300U CPU @ 2.60GHz, 4 cores, 15G,  Windows 10 , 64 bit Build 19041 (10.0.19041.3155)
Time: Thu Jul  6 01:32:27 2023 Libya Standard Time elapsed time: 119.799624 seconds (0d 0h 1m 59s)

---------------  T H R E A D  ---------------

Current thread (0x000001eb28132010):  JavaThread "AWT-EventQueue-0" [_thread_in_native, id=5424, stack(0x000000d845100000,0x000000d845200000)]

Stack: [0x000000d845100000,0x000000d845200000],  sp=0x000000d8451fca08,  free space=1010k
Native frames: (J=compiled Java code, j=interpreted, Vv=VM code, C=native code)
C  [ig9icd64.dll+0x9bebe3]

Java frames: (J=compiled Java code, j=interpreted, Vv=VM code)
J 4976  org.jetbrains.skia.DirectContextKt.DirectContext_nFlush(J)V (0 bytes) @ 0x000001eb101d39e9 [0x000001eb101d39a0+0x0000000000000049]
J 5216 c2 org.jetbrains.skiko.redrawer.WindowsOpenGLRedrawer$Companion$frameDispatcher$1.invokeSuspend(Ljava/lang/Object;)Ljava/lang/Object; (379 bytes) @ 0x000001eb10051278 [0x000001eb1004fea0+0x00000000000013d8]
J 5213 c2 org.jetbrains.skiko.FrameDispatcher$job$1.invokeSuspend(Ljava/lang/Object;)Ljava/lang/Object; (156 bytes) @ 0x000001eb1003acf0 [0x000001eb1003aaa0+0x0000000000000250]
J 4838 c2 kotlin.coroutines.jvm.internal.BaseContinuationImpl.resumeWith(Ljava/lang/Object;)V (128 bytes) @ 0x000001eb1018e5f4 [0x000001eb1018e5a0+0x0000000000000054]
J 4847 c2 kotlinx.coroutines.DispatchedTask.run()V (571 bytes) @ 0x000001eb101904f0 [0x000001eb10190140+0x00000000000003b0]
J 4934 c2 java.awt.EventQueue.dispatchEvent(Ljava/awt/AWTEvent;)V java.desktop@17.0.7 (80 bytes) @ 0x000001eb101c4824 [0x000001eb101c4280+0x00000000000005a4]
J 5484 c2 java.awt.EventDispatchThread.pumpOneEventForFilters(I)V java.desktop@17.0.7 (113 bytes) @ 0x000001eb102c806c [0x000001eb102c7c40+0x000000000000042c]
j  java.awt.EventDispatchThread.pumpEventsForFilter(ILjava/awt/Conditional;Ljava/awt/EventFilter;)V+35 java.desktop@17.0.7
j  java.awt.EventDispatchThread.pumpEventsForHierarchy(ILjava/awt/Conditional;Ljava/awt/Component;)V+11 java.desktop@17.0.7
j  java.awt.EventDispatchThread.pumpEvents(ILjava/awt/Conditional;)V+4 java.desktop@17.0.7
j  java.awt.EventDispatchThread.pumpEvents(Ljava/awt/Conditional;)V+3 java.desktop@17.0.7
j  java.awt.EventDispatchThread.run()V+18 java.desktop@17.0.7
v  ~StubRoutines::call_stub

siginfo: EXCEPTION_ACCESS_VIOLATION (0xc0000005), reading address 0x00007ffdbc6d1110


Register to memory mapping:

RIP=0x00007ffa7c4aebe3 ig9icd64.dll
RAX=0x000000000fff0fff is an unknown value
RBX=0x00007ffa7baf0000 ig9icd64.dll
RCX=0x000000033fcf3fcc is an unknown value
RDX=0x000000d8451fcf20 is pointing into the stack for thread: 0x000001eb28132010
RSP=0x000000d8451fca08 is pointing into the stack for thread: 0x000001eb28132010
RBP=0x000000d8451fcb10 is pointing into the stack for thread: 0x000001eb28132010
RSI=0x000001eb28958e40 points into unknown readable memory: 0x000001eb2a1883c0 | c0 83 18 2a eb 01 00 00
RDI=0x000000d8451fcd10 is pointing into the stack for thread: 0x000001eb28132010
R8 =0x000000d8451fcb40 is pointing into the stack for thread: 0x000001eb28132010
R9 =0x000000d8451fcf20 is pointing into the stack for thread: 0x000001eb28132010
R10=0x000000d8451fcd10 is pointing into the stack for thread: 0x000001eb28132010
R11=0x0 is NULL
R12=0x00007ffa7c9215e0 ig9icd64.dll
R13=0x0 is NULL
R14=0x0 is NULL
R15=0x00000000000001c1 is an unknown value


Registers:
RAX=0x000000000fff0fff, RBX=0x00007ffa7baf0000, RCX=0x000000033fcf3fcc, RDX=0x000000d8451fcf20
RSP=0x000000d8451fca08, RBP=0x000000d8451fcb10, RSI=0x000001eb28958e40, RDI=0x000000d8451fcd10
R8 =0x000000d8451fcb40, R9 =0x000000d8451fcf20, R10=0x000000d8451fcd10, R11=0x0000000000000000
R12=0x00007ffa7c9215e0, R13=0x0000000000000000, R14=0x0000000000000000, R15=0x00000000000001c1
RIP=0x00007ffa7c4aebe3, EFLAGS=0x0000000000010206

Top of Stack: (sp=0x000000d8451fca08)
0x000000d8451fca08:   00007ffa7c4ac31b 0000000000000001
0x000000d8451fca18:   0000000000000000 000001eb3314cb00
0x000000d8451fca28:   00007ffaf6782622 000000d800000065
0x000000d8451fca38:   000000d8451fcc40 0000000000000000
0x000000d8451fca48:   000001eb33a71970 0000000000000000
0x000000d8451fca58:   000001eb33a70e50 000001eb3314cb90
0x000000d8451fca68:   0000000000001100 0000000000000000
0x000000d8451fca78:   0000000000000000 000000d8451fcbf0
0x000000d8451fca88:   00007ffa7c1479c0 0000000000000000
0x000000d8451fca98:   0000000000000000 0000000000000000
0x000000d8451fcaa8:   0000000000000000 0000dde5a2f2fe11
0x000000d8451fcab8:   00007ffa7bb06555 000001eb3314cb90
0x000000d8451fcac8:   0000000000004001 0000000000000000
0x000000d8451fcad8:   00007ffb07c5b86b 0000000002ea0260
0x000000d8451fcae8:   0000000000000007 000001eb28c2e400
0x000000d8451fcaf8:   0000000000000000 0000000000000000 

Instructions: (pc=0x00007ffa7c4aebe3)
0x00007ffa7c4aeae3:   c1 75 31 00 48 89 51 08 48 89 01 8b 44 24 28 89
0x00007ffa7c4aeaf3:   41 20 8b 44 24 30 89 41 24 48 8b c1 4c 89 41 10
0x00007ffa7c4aeb03:   4c 89 49 18 c3 cc cc cc cc cc cc cc cc 48 89 5c
0x00007ffa7c4aeb13:   24 08 8b 41 5c 48 8d 1d e1 14 64 ff 41 89 40 08
0x00007ffa7c4aeb23:   4c 8b d1 8b 41 60 45 33 db 41 89 40 0c 4c 8b ca
0x00007ffa7c4aeb33:   8b 41 64 41 89 40 10 8b 41 68 41 89 40 14 8b 41
0x00007ffa7c4aeb43:   6c 41 89 40 18 8b 41 70 41 89 40 1c 48 63 41 74
0x00007ffa7c4aeb53:   48 6b c8 34 8b 84 19 44 d1 ee 00 41 89 40 20 8b
0x00007ffa7c4aeb63:   84 19 48 d1 ee 00 41 89 40 24 8b 84 19 4c d1 ee
0x00007ffa7c4aeb73:   00 41 89 40 28 8b 84 19 50 d1 ee 00 41 89 40 2c
0x00007ffa7c4aeb83:   8b 84 19 34 d1 ee 00 41 89 40 30 8b 84 19 38 d1
0x00007ffa7c4aeb93:   ee 00 41 89 40 34 8b 84 19 3c d1 ee 00 41 89 40
0x00007ffa7c4aeba3:   38 8b 84 19 40 d1 ee 00 41 89 40 3c 8b 84 19 24
0x00007ffa7c4aebb3:   d1 ee 00 41 89 40 40 8b 84 19 28 d1 ee 00 41 89
0x00007ffa7c4aebc3:   40 44 8b 84 19 2c d1 ee 00 41 89 40 48 8b 84 19
0x00007ffa7c4aebd3:   30 d1 ee 00 41 89 40 4c 49 63 42 78 48 6b c8 34
0x00007ffa7c4aebe3:   8b 84 19 44 d1 ee 00 41 89 40 50 8b 84 19 48 d1
0x00007ffa7c4aebf3:   ee 00 41 89 40 54 8b 84 19 4c d1 ee 00 41 89 40
0x00007ffa7c4aec03:   58 8b 84 19 50 d1 ee 00 41 89 40 5c 8b 84 19 34
0x00007ffa7c4aec13:   d1 ee 00 41 89 40 60 8b 84 19 38 d1 ee 00 41 89
0x00007ffa7c4aec23:   40 64 8b 84 19 3c d1 ee 00 41 89 40 68 8b 84 19
0x00007ffa7c4aec33:   40 d1 ee 00 41 89 40 6c 8b 84 19 24 d1 ee 00 41
0x00007ffa7c4aec43:   89 40 70 8b 84 19 28 d1 ee 00 41 89 40 74 8b 84
0x00007ffa7c4aec53:   19 2c d1 ee 00 41 89 40 78 8b 84 19 30 d1 ee 00
0x00007ffa7c4aec63:   41 89 40 7c 48 8b 42 18 8b 88 38 0b 00 00 f6 c1
0x00007ffa7c4aec73:   08 0f 84 86 00 00 00 8b 80 3c 0b 00 00 41 89 80
0x00007ffa7c4aec83:   80 00 00 00 48 8b 42 18 8b 88 40 0b 00 00 41 89
0x00007ffa7c4aec93:   88 84 00 00 00 48 8b 42 18 8b 88 44 0b 00 00 41
0x00007ffa7c4aeca3:   89 88 88 00 00 00 48 8b 42 18 8b 88 48 0b 00 00
0x00007ffa7c4aecb3:   41 89 88 8c 00 00 00 48 8b 42 18 8b 88 4c 0b 00
0x00007ffa7c4aecc3:   00 41 89 88 90 00 00 00 48 8b 42 18 8b 88 50 0b
0x00007ffa7c4aecd3:   00 00 41 89 88 94 00 00 00 48 8b 42 18 8b 88 54 


Stack slot to memory mapping:
stack at sp + 0 slots: 0x00007ffa7c4ac31b ig9icd64.dll
stack at sp + 1 slots: 0x0000000000000001 is an unknown value
stack at sp + 2 slots: 0x0 is NULL
stack at sp + 3 slots: 0x000001eb3314cb00 points into unknown readable memory: 0x000001eb28fb8200 | 00 82 fb 28 eb 01 00 00
stack at sp + 4 slots: 0x00007ffaf6782622 igdgmm64.dll
stack at sp + 5 slots: 0x000000d800000065 is an unknown value
stack at sp + 6 slots: 0x000000d8451fcc40 is pointing into the stack for thread: 0x000001eb28132010
stack at sp + 7 slots: 0x0 is NULL


---------------  P R O C E S S  ---------------

Threads class SMR info:
_java_thread_list=0x000001eb237acbf0, length=26, elements={
0x000001eb04cbd770, 0x000001eb231a0bc0, 0x000001eb231a1b70, 0x000001eb2321ac40,
0x000001eb2321b700, 0x000001eb2321e1c0, 0x000001eb2321ef70, 0x000001eb232224c0,
0x000001eb2322de70, 0x000001eb2322f040, 0x000001eb23395af0, 0x000001eb2387a500,
0x000001eb238d3730, 0x000001eb280e3bf0, 0x000001eb280ec7a0, 0x000001eb28132010,
0x000001eb283a6c30, 0x000001eb2843eeb0, 0x000001eb2880b290, 0x000001eb28809a80,
0x000001eb2a617a00, 0x000001eb2a61bd60, 0x000001eb2a61b3c0, 0x000001eb2a6183a0,
0x000001eb2a617530, 0x000001eb234920b0
}

Java Threads: ( => current thread )
  0x000001eb04cbd770 JavaThread "main" [_thread_blocked, id=4596, stack(0x000000d843600000,0x000000d843700000)]
  0x000001eb231a0bc0 JavaThread "Reference Handler" daemon [_thread_blocked, id=15968, stack(0x000000d843d00000,0x000000d843e00000)]
  0x000001eb231a1b70 JavaThread "Finalizer" daemon [_thread_blocked, id=6708, stack(0x000000d843e00000,0x000000d843f00000)]
  0x000001eb2321ac40 JavaThread "Signal Dispatcher" daemon [_thread_blocked, id=5688, stack(0x000000d843f00000,0x000000d844000000)]
  0x000001eb2321b700 JavaThread "Attach Listener" daemon [_thread_blocked, id=8004, stack(0x000000d844000000,0x000000d844100000)]
  0x000001eb2321e1c0 JavaThread "Service Thread" daemon [_thread_blocked, id=13800, stack(0x000000d844100000,0x000000d844200000)]
  0x000001eb2321ef70 JavaThread "Monitor Deflation Thread" daemon [_thread_blocked, id=10452, stack(0x000000d844200000,0x000000d844300000)]
  0x000001eb232224c0 JavaThread "C2 CompilerThread0" daemon [_thread_blocked, id=1584, stack(0x000000d844300000,0x000000d844400000)]
  0x000001eb2322de70 JavaThread "C1 CompilerThread0" daemon [_thread_blocked, id=12308, stack(0x000000d844400000,0x000000d844500000)]
  0x000001eb2322f040 JavaThread "Sweeper thread" daemon [_thread_blocked, id=8832, stack(0x000000d844500000,0x000000d844600000)]
  0x000001eb23395af0 JavaThread "Common-Cleaner" daemon [_thread_blocked, id=3728, stack(0x000000d844600000,0x000000d844700000)]
  0x000001eb2387a500 JavaThread "Monitor Ctrl-Break" daemon [_thread_in_native, id=10508, stack(0x000000d844800000,0x000000d844900000)]
  0x000001eb238d3730 JavaThread "Notification Thread" daemon [_thread_blocked, id=9984, stack(0x000000d844900000,0x000000d844a00000)]
  0x000001eb280e3bf0 JavaThread "Java2D Disposer" daemon [_thread_blocked, id=6780, stack(0x000000d844700000,0x000000d844800000)]
  0x000001eb280ec7a0 JavaThread "AWT-Shutdown" [_thread_blocked, id=9980, stack(0x000000d844e00000,0x000000d844f00000)]
=>0x000001eb28132010 JavaThread "AWT-EventQueue-0" [_thread_in_native, id=5424, stack(0x000000d845100000,0x000000d845200000)]
  0x000001eb283a6c30 JavaThread "Reference Cleaner" daemon [_thread_blocked, id=4016, stack(0x000000d845000000,0x000000d845100000)]
  0x000001eb2843eeb0 JavaThread "DefaultDispatcher-worker-1" daemon [_thread_blocked, id=13956, stack(0x000000d845300000,0x000000d845400000)]
  0x000001eb2880b290 JavaThread "DefaultDispatcher-worker-2" daemon [_thread_blocked, id=15672, stack(0x000000d845400000,0x000000d845500000)]
  0x000001eb28809a80 JavaThread "kotlinx.coroutines.DefaultExecutor" daemon [_thread_blocked, id=4632, stack(0x000000d845600000,0x000000d845700000)]
  0x000001eb2a617a00 JavaThread "TimerQueue" daemon [_thread_blocked, id=2992, stack(0x000000d845200000,0x000000d845300000)]
  0x000001eb2a61bd60 JavaThread "RealmFinalizingDaemon" daemon [_thread_blocked, id=12696, stack(0x000000d845f00000,0x000000d846000000)]
  0x000001eb2a61b3c0 JavaThread "core-notifier" daemon [_thread_in_native, id=16280, stack(0x000000d846100000,0x000000d846200000)]
  0x000001eb2a6183a0 JavaThread "DefaultDispatcher-worker-4" daemon [_thread_blocked, id=14332, stack(0x000000d846300000,0x000000d846400000)]
  0x000001eb2a617530 JavaThread "DefaultDispatcher-worker-3" daemon [_thread_blocked, id=16092, stack(0x000000d846400000,0x000000d846500000)]
  0x000001eb234920b0 JavaThread "SIGINT handler" daemon [_thread_blocked, id=3408, stack(0x000000d843300000,0x000000d843400000)]

Other Threads:
  0x000001eb23030010 VMThread "VM Thread" [stack: 0x000000d843c00000,0x000000d843d00000] [id=15024]
  0x000001eb238d3c00 WatcherThread [stack: 0x000000d844a00000,0x000000d844b00000] [id=5352]
  0x000001eb04d258e0 GCTaskThread "GC Thread#0" [stack: 0x000000d843700000,0x000000d843800000] [id=5640]
  0x000001eb23d30ae0 GCTaskThread "GC Thread#1" [stack: 0x000000d844b00000,0x000000d844c00000] [id=15924]
  0x000001eb23d30d90 GCTaskThread "GC Thread#2" [stack: 0x000000d844c00000,0x000000d844d00000] [id=5828]
  0x000001eb23d31040 GCTaskThread "GC Thread#3" [stack: 0x000000d844d00000,0x000000d844e00000] [id=592]
  0x000001eb04d365b0 ConcurrentGCThread "G1 Main Marker" [stack: 0x000000d843800000,0x000000d843900000] [id=11872]
  0x000001eb04d36fd0 ConcurrentGCThread "G1 Conc#0" [stack: 0x000000d843900000,0x000000d843a00000] [id=2408]
  0x000001eb04d6ec70 ConcurrentGCThread "G1 Refine#0" [stack: 0x000000d843a00000,0x000000d843b00000] [id=11136]
  0x000001eb22edec60 ConcurrentGCThread "G1 Service" [stack: 0x000000d843b00000,0x000000d843c00000] [id=16228]

Threads with active compile tasks:

VM state: not at safepoint (normal execution)

VM Mutex/Monitor currently owned by a thread: None

Heap address: 0x0000000702600000, size: 4058 MB, Compressed Oops mode: Zero based, Oop shift amount: 3

CDS archive(s) not mapped
Compressed class space mapped at: 0x0000000800000000-0x0000000840000000, reserved size: 1073741824
Narrow klass base: 0x0000000800000000, Narrow klass shift: 0, Narrow klass range: 0x40000000

GC Precious Log:
 CPUs: 4 total, 4 available
 Memory: 16224M
 Large Page Support: Disabled
 NUMA Support: Disabled
 Compressed Oops: Enabled (Zero based)
 Heap Region Size: 2M
 Heap Min Capacity: 8M
 Heap Initial Capacity: 254M
 Heap Max Capacity: 4058M
 Pre-touch: Disabled
 Parallel Workers: 4
 Concurrent Workers: 1
 Concurrent Refinement Workers: 4
 Periodic GC: Disabled

Heap:
 garbage-first heap   total 55296K, used 34316K [0x0000000702600000, 0x0000000800000000)
  region size 2048K, 7 young (14336K), 1 survivors (2048K)
 Metaspace       used 43242K, committed 43456K, reserved 1114112K
  class space    used 4662K, committed 4736K, reserved 1048576K

Heap Regions: E=young(eden), S=young(survivor), O=old, HS=humongous(starts), HC=humongous(continues), CS=collection set, F=free, OA=open archive, CA=closed archive, TAMS=top-at-mark-start (previous, next)
|   0|0x0000000702600000, 0x0000000702800000, 0x0000000702800000|100%|HS|  |TAMS 0x0000000702800000, 0x0000000702600000| Untracked 
|   1|0x0000000702800000, 0x0000000702a00000, 0x0000000702a00000|100%| O|  |TAMS 0x0000000702a00000, 0x0000000702800000| Untracked 
|   2|0x0000000702a00000, 0x0000000702c00000, 0x0000000702c00000|100%| O|  |TAMS 0x0000000702c00000, 0x0000000702a00000| Untracked 
|   3|0x0000000702c00000, 0x0000000702dffff8, 0x0000000702e00000| 99%| O|  |TAMS 0x0000000702dffff8, 0x0000000702c00000| Untracked 
|   4|0x0000000702e00000, 0x0000000703000000, 0x0000000703000000|100%| O|  |TAMS 0x0000000703000000, 0x0000000702e00000| Untracked 
|   5|0x0000000703000000, 0x00000007031d4318, 0x0000000703200000| 91%| O|  |TAMS 0x0000000703000000, 0x0000000703000000| Untracked 
|   6|0x0000000703200000, 0x0000000703395878, 0x0000000703400000| 79%| O|  |TAMS 0x0000000703200000, 0x0000000703200000| Untracked 
|   7|0x0000000703400000, 0x0000000703400000, 0x0000000703600000|  0%| F|  |TAMS 0x0000000703400000, 0x0000000703400000| Untracked 
|   8|0x0000000703600000, 0x0000000703600000, 0x0000000703800000|  0%| F|  |TAMS 0x0000000703600000, 0x0000000703600000| Untracked 
|   9|0x0000000703800000, 0x0000000703a00000, 0x0000000703a00000|100%| O|  |TAMS 0x0000000703a00000, 0x0000000703800000| Untracked 
|  10|0x0000000703a00000, 0x0000000703c00000, 0x0000000703c00000|100%|HS|  |TAMS 0x0000000703c00000, 0x0000000703a00000| Untracked 
|  11|0x0000000703c00000, 0x0000000703e00000, 0x0000000703e00000|100%|HC|  |TAMS 0x0000000703e00000, 0x0000000703c00000| Untracked 
|  12|0x0000000703e00000, 0x0000000704000000, 0x0000000704000000|100%|HC|  |TAMS 0x0000000704000000, 0x0000000703e00000| Untracked 
|  13|0x0000000704000000, 0x0000000704200000, 0x0000000704200000|100%|HC|  |TAMS 0x0000000704200000, 0x0000000704000000| Untracked 
|  14|0x0000000704200000, 0x0000000704200000, 0x0000000704400000|  0%| F|  |TAMS 0x0000000704200000, 0x0000000704200000| Untracked 
|  15|0x0000000704400000, 0x0000000704400000, 0x0000000704600000|  0%| F|  |TAMS 0x0000000704400000, 0x0000000704400000| Untracked 
|  16|0x0000000704600000, 0x0000000704600000, 0x0000000704800000|  0%| F|  |TAMS 0x0000000704600000, 0x0000000704600000| Untracked 
|  17|0x0000000704800000, 0x0000000704819560, 0x0000000704a00000|  4%| S|CS|TAMS 0x0000000704800000, 0x0000000704800000| Complete 
|  18|0x0000000704a00000, 0x0000000704a00000, 0x0000000704c00000|  0%| F|  |TAMS 0x0000000704a00000, 0x0000000704a00000| Untracked 
|  19|0x0000000704c00000, 0x0000000704c00000, 0x0000000704e00000|  0%| F|  |TAMS 0x0000000704c00000, 0x0000000704c00000| Untracked 
|  20|0x0000000704e00000, 0x0000000704e00000, 0x0000000705000000|  0%| F|  |TAMS 0x0000000704e00000, 0x0000000704e00000| Untracked 
|  21|0x0000000705000000, 0x0000000705200000, 0x0000000705200000|100%| E|  |TAMS 0x0000000705000000, 0x0000000705000000| Complete 
|  22|0x0000000705200000, 0x0000000705400000, 0x0000000705400000|100%| E|CS|TAMS 0x0000000705200000, 0x0000000705200000| Complete 
|  23|0x0000000705400000, 0x0000000705600000, 0x0000000705600000|100%| E|CS|TAMS 0x0000000705400000, 0x0000000705400000| Complete 
|  24|0x0000000705600000, 0x0000000705800000, 0x0000000705800000|100%| E|CS|TAMS 0x0000000705600000, 0x0000000705600000| Complete 
| 112|0x0000000710600000, 0x0000000710800000, 0x0000000710800000|100%| E|CS|TAMS 0x0000000710600000, 0x0000000710600000| Complete 
| 113|0x0000000710800000, 0x0000000710a00000, 0x0000000710a00000|100%| E|CS|TAMS 0x0000000710800000, 0x0000000710800000| Complete 

Card table byte_map: [0x000001eb17c60000,0x000001eb18450000] _byte_map_base: 0x000001eb1444d000

Marking Bits (Prev, Next): (CMBitMap*) 0x000001eb04d25f30, (CMBitMap*) 0x000001eb04d25ef0
 Prev Bits: [0x000001eb1cbb0000, 0x000001eb20b18000)
 Next Bits: [0x000001eb18c40000, 0x000001eb1cba8000)

Polling page: 0x000001eb02ac0000

Metaspace:

Usage:
  Non-class:     37.68 MB used.
      Class:      4.55 MB used.
       Both:     42.23 MB used.

Virtual space:
  Non-class space:       64.00 MB reserved,      37.81 MB ( 59%) committed,  1 nodes.
      Class space:        1.00 GB reserved,       4.62 MB ( <1%) committed,  1 nodes.
             Both:        1.06 GB reserved,      42.44 MB (  4%) committed. 

Chunk freelists:
   Non-Class:  9.34 MB
       Class:  11.25 MB
        Both:  20.59 MB

MaxMetaspaceSize: unlimited
CompressedClassSpaceSize: 1.00 GB
Initial GC threshold: 21.00 MB
Current GC threshold: 70.44 MB
CDS: off
MetaspaceReclaimPolicy: balanced
 - commit_granule_bytes: 65536.
 - commit_granule_words: 8192.
 - virtual_space_node_default_size: 8388608.
 - enlarge_chunks_in_place: 1.
 - new_chunks_are_fully_committed: 0.
 - uncommit_free_chunks: 1.
 - use_allocation_guard: 0.
 - handle_deallocations: 1.


Internal statistics:

num_allocs_failed_limit: 6.
num_arena_births: 226.
num_arena_deaths: 0.
num_vsnodes_births: 2.
num_vsnodes_deaths: 0.
num_space_committed: 679.
num_space_uncommitted: 0.
num_chunks_returned_to_freelist: 6.
num_chunks_taken_from_freelist: 1122.
num_chunk_merges: 3.
num_chunk_splits: 973.
num_chunks_enlarged: 881.
num_inconsistent_stats: 0.

CodeHeap 'non-profiled nmethods': size=120000Kb used=3622Kb max_used=3622Kb free=116377Kb
 bounds [0x000001eb0ff40000, 0x000001eb102d0000, 0x000001eb17470000]
CodeHeap 'profiled nmethods': size=120000Kb used=7965Kb max_used=10020Kb free=112034Kb
 bounds [0x000001eb08470000, 0x000001eb08e40000, 0x000001eb0f9a0000]
CodeHeap 'non-nmethods': size=5760Kb used=1847Kb max_used=1934Kb free=3912Kb
 bounds [0x000001eb0f9a0000, 0x000001eb0fc10000, 0x000001eb0ff40000]
 total_blobs=5959 nmethods=4637 adapters=1234
 compilation: enabled
              stopped_count=0, restarted_count=0
 full_count=0

Compilation events (20 events):
Event: 114.681 Thread 0x000001eb232224c0 5477       4       java.util.Arrays::sort (47 bytes)
Event: 114.685 Thread 0x000001eb232224c0 nmethod 5477 0x000001eb102c4e10 code [0x000001eb102c5000, 0x000001eb102c53c0]
Event: 115.131 Thread 0x000001eb232224c0 5478       4       kotlin.collections.ArraysKt___ArraysJvmKt::sortWith (20 bytes)
Event: 115.139 Thread 0x000001eb232224c0 nmethod 5478 0x000001eb102c5890 code [0x000001eb102c5a80, 0x000001eb102c5e60]
Event: 116.197 Thread 0x000001eb232224c0 5479   !   4       org.jetbrains.skia.PictureRecorder::beginRecording (62 bytes)
Event: 116.200 Thread 0x000001eb232224c0 nmethod 5479 0x000001eb102c6310 code [0x000001eb102c64a0, 0x000001eb102c6738]
Event: 116.200 Thread 0x000001eb232224c0 5480   !   4       org.jetbrains.skia.PictureRecorder::finishRecordingAsPicture (38 bytes)
Event: 116.202 Thread 0x000001eb232224c0 nmethod 5480 0x000001eb100e9310 code [0x000001eb100e94a0, 0x000001eb100e9618]
Event: 116.779 Thread 0x000001eb232224c0 5481       4       kotlinx.coroutines.CompletedContinuation::<init> (52 bytes)
Event: 116.785 Thread 0x000001eb232224c0 nmethod 5481 0x000001eb102c6910 code [0x000001eb102c6a80, 0x000001eb102c7098]
Event: 117.065 Thread 0x000001eb232224c0 5482       4       kotlinx.coroutines.internal.ThreadContextKt::restoreThreadContext (65 bytes)
Event: 117.066 Thread 0x000001eb232224c0 nmethod 5482 0x000001eb102c7110 code [0x000001eb102c7280, 0x000001eb102c72f8]
Event: 117.313 Thread 0x000001eb232224c0 5483       4       kotlinx.coroutines.internal.ThreadContextKt::updateThreadContext (73 bytes)
Event: 117.315 Thread 0x000001eb232224c0 nmethod 5483 0x000001eb102c7410 code [0x000001eb102c75a0, 0x000001eb102c77b8]
Event: 118.897 Thread 0x000001eb232224c0 5484   !   4       java.awt.EventDispatchThread::pumpOneEventForFilters (113 bytes)
Event: 118.918 Thread 0x000001eb232224c0 nmethod 5484 0x000001eb102c7a10 code [0x000001eb102c7c40, 0x000001eb102c8cc0]
Event: 119.754 Thread 0x000001eb232224c0 5485       4       kotlinx.coroutines.JobSupport::isCompleted (16 bytes)
Event: 119.754 Thread 0x000001eb2322de70 5486       1       kotlinx.coroutines.JobSupport::isScopedCoroutine (2 bytes)
Event: 119.755 Thread 0x000001eb2322de70 nmethod 5486 0x000001eb102c9510 code [0x000001eb102c96a0, 0x000001eb102c9778]
Event: 119.755 Thread 0x000001eb232224c0 nmethod 5485 0x000001eb102c9810 code [0x000001eb102c9980, 0x000001eb102c9a98]

GC Heap History (20 events):
Event: 42.244 GC heap before
{Heap before GC invocations=17 (full 0):
 garbage-first heap   total 55296K, used 42302K [0x0000000702600000, 0x0000000800000000)
  region size 2048K, 7 young (14336K), 1 survivors (2048K)
 Metaspace       used 43038K, committed 43264K, reserved 1114112K
  class space    used 4656K, committed 4736K, reserved 1048576K
}
Event: 42.249 GC heap after
{Heap after GC invocations=18 (full 0):
 garbage-first heap   total 55296K, used 30757K [0x0000000702600000, 0x0000000800000000)
  region size 2048K, 1 young (2048K), 1 survivors (2048K)
 Metaspace       used 43038K, committed 43264K, reserved 1114112K
  class space    used 4656K, committed 4736K, reserved 1048576K
}
Event: 47.797 GC heap before
{Heap before GC invocations=19 (full 0):
 garbage-first heap   total 55296K, used 34853K [0x0000000702600000, 0x0000000800000000)
  region size 2048K, 6 young (12288K), 1 survivors (2048K)
 Metaspace       used 43051K, committed 43264K, reserved 1114112K
  class space    used 4656K, committed 4736K, reserved 1048576K
}
Event: 47.799 GC heap after
{Heap after GC invocations=20 (full 0):
 garbage-first heap   total 55296K, used 24693K [0x0000000702600000, 0x0000000800000000)
  region size 2048K, 1 young (2048K), 1 survivors (2048K)
 Metaspace       used 43051K, committed 43264K, reserved 1114112K
  class space    used 4656K, committed 4736K, reserved 1048576K
}
Event: 55.583 GC heap before
{Heap before GC invocations=20 (full 0):
 garbage-first heap   total 55296K, used 39029K [0x0000000702600000, 0x0000000800000000)
  region size 2048K, 8 young (16384K), 1 survivors (2048K)
 Metaspace       used 43061K, committed 43264K, reserved 1114112K
  class space    used 4656K, committed 4736K, reserved 1048576K
}
Event: 55.586 GC heap after
{Heap after GC invocations=21 (full 0):
 garbage-first heap   total 55296K, used 24718K [0x0000000702600000, 0x0000000800000000)
  region size 2048K, 1 young (2048K), 1 survivors (2048K)
 Metaspace       used 43061K, committed 43264K, reserved 1114112K
  class space    used 4656K, committed 4736K, reserved 1048576K
}
Event: 62.569 GC heap before
{Heap before GC invocations=21 (full 0):
 garbage-first heap   total 55296K, used 37006K [0x0000000702600000, 0x0000000800000000)
  region size 2048K, 8 young (16384K), 1 survivors (2048K)
 Metaspace       used 43068K, committed 43264K, reserved 1114112K
  class space    used 4656K, committed 4736K, reserved 1048576K
}
Event: 62.613 GC heap after
{Heap after GC invocations=22 (full 1):
 garbage-first heap   total 55296K, used 23921K [0x0000000702600000, 0x0000000800000000)
  region size 2048K, 0 young (0K), 0 survivors (0K)
 Metaspace       used 43068K, committed 43264K, reserved 1114112K
  class space    used 4656K, committed 4736K, reserved 1048576K
}
Event: 72.517 GC heap before
{Heap before GC invocations=22 (full 1):
 garbage-first heap   total 55296K, used 42353K [0x0000000702600000, 0x0000000800000000)
  region size 2048K, 9 young (18432K), 0 survivors (0K)
 Metaspace       used 43068K, committed 43264K, reserved 1114112K
  class space    used 4656K, committed 4736K, reserved 1048576K
}
Event: 72.518 GC heap after
{Heap after GC invocations=23 (full 1):
 garbage-first heap   total 55296K, used 24037K [0x0000000702600000, 0x0000000800000000)
  region size 2048K, 1 young (2048K), 1 survivors (2048K)
 Metaspace       used 43068K, committed 43264K, reserved 1114112K
  class space    used 4656K, committed 4736K, reserved 1048576K
}
Event: 81.317 GC heap before
{Heap before GC invocations=23 (full 1):
 garbage-first heap   total 55296K, used 40421K [0x0000000702600000, 0x0000000800000000)
  region size 2048K, 9 young (18432K), 1 survivors (2048K)
 Metaspace       used 43080K, committed 43328K, reserved 1114112K
  class space    used 4657K, committed 4736K, reserved 1048576K
}
Event: 81.319 GC heap after
{Heap after GC invocations=24 (full 1):
 garbage-first heap   total 55296K, used 24087K [0x0000000702600000, 0x0000000800000000)
  region size 2048K, 1 young (2048K), 1 survivors (2048K)
 Metaspace       used 43080K, committed 43328K, reserved 1114112K
  class space    used 4657K, committed 4736K, reserved 1048576K
}
Event: 91.409 GC heap before
{Heap before GC invocations=24 (full 1):
 garbage-first heap   total 55296K, used 42519K [0x0000000702600000, 0x0000000800000000)
  region size 2048K, 10 young (20480K), 1 survivors (2048K)
 Metaspace       used 43080K, committed 43328K, reserved 1114112K
  class space    used 4657K, committed 4736K, reserved 1048576K
}
Event: 91.410 GC heap after
{Heap after GC invocations=25 (full 1):
 garbage-first heap   total 55296K, used 24100K [0x0000000702600000, 0x0000000800000000)
  region size 2048K, 1 young (2048K), 1 survivors (2048K)
 Metaspace       used 43080K, committed 43328K, reserved 1114112K
  class space    used 4657K, committed 4736K, reserved 1048576K
}
Event: 92.620 GC heap before
{Heap before GC invocations=25 (full 1):
 garbage-first heap   total 55296K, used 26148K [0x0000000702600000, 0x0000000800000000)
  region size 2048K, 3 young (6144K), 1 survivors (2048K)
 Metaspace       used 43080K, committed 43328K, reserved 1114112K
  class space    used 4657K, committed 4736K, reserved 1048576K
}
Event: 92.644 GC heap after
{Heap after GC invocations=26 (full 2):
 garbage-first heap   total 55296K, used 23974K [0x0000000702600000, 0x0000000800000000)
  region size 2048K, 0 young (0K), 0 survivors (0K)
 Metaspace       used 43080K, committed 43328K, reserved 1114112K
  class space    used 4657K, committed 4736K, reserved 1048576K
}
Event: 103.741 GC heap before
{Heap before GC invocations=26 (full 2):
 garbage-first heap   total 55296K, used 44454K [0x0000000702600000, 0x0000000800000000)
  region size 2048K, 10 young (20480K), 0 survivors (0K)
 Metaspace       used 43080K, committed 43328K, reserved 1114112K
  class space    used 4657K, committed 4736K, reserved 1048576K
}
Event: 103.743 GC heap after
{Heap after GC invocations=27 (full 2):
 garbage-first heap   total 55296K, used 24019K [0x0000000702600000, 0x0000000800000000)
  region size 2048K, 1 young (2048K), 1 survivors (2048K)
 Metaspace       used 43080K, committed 43328K, reserved 1114112K
  class space    used 4657K, committed 4736K, reserved 1048576K
}
Event: 113.398 GC heap before
{Heap before GC invocations=27 (full 2):
 garbage-first heap   total 55296K, used 42451K [0x0000000702600000, 0x0000000800000000)
  region size 2048K, 10 young (20480K), 1 survivors (2048K)
 Metaspace       used 43218K, committed 43456K, reserved 1114112K
  class space    used 4659K, committed 4736K, reserved 1048576K
}
Event: 113.399 GC heap after
{Heap after GC invocations=28 (full 2):
 garbage-first heap   total 55296K, used 24076K [0x0000000702600000, 0x0000000800000000)
  region size 2048K, 1 young (2048K), 1 survivors (2048K)
 Metaspace       used 43218K, committed 43456K, reserved 1114112K
  class space    used 4659K, committed 4736K, reserved 1048576K
}

Dll operation events (3 events):
Event: 0.011 Loaded shared library C:\Users\HP\.jdks\jbr-17.0.7-1\bin\java.dll
Event: 0.056 Loaded shared library C:\Users\HP\.jdks\jbr-17.0.7-1\bin\jsvml.dll
Event: 0.254 Loaded shared library C:\Users\HP\.jdks\jbr-17.0.7-1\bin\zip.dll

Deoptimization events (20 events):
Event: 119.754 Thread 0x000001eb234933f0 Uncommon trap: trap_request=0xffffff5c fr.pc=0x000001eb0ff7f080 relative=0x0000000000000300
Event: 119.754 Thread 0x000001eb234933f0 Uncommon trap: reason=speculate_null_check action=make_not_entrant pc=0x000001eb0ff7f080 method=java.util.concurrent.locks.AbstractQueuedSynchronizer.enqueue(Ljava/util/concurrent/locks/AbstractQueuedSynchronizer$Node;)V @ 15 c2
Event: 119.754 Thread 0x000001eb234933f0 DEOPT PACKING pc=0x000001eb0ff7f080 sp=0x000000d8435fe5c0
Event: 119.754 Thread 0x000001eb234933f0 DEOPT UNPACKING pc=0x000001eb0f9f69a3 sp=0x000000d8435fe578 mode 2
Event: 119.757 Thread 0x000001eb234933f0 Uncommon trap: trap_request=0xffffffc6 fr.pc=0x000001eb101c6620 relative=0x0000000000000080
Event: 119.757 Thread 0x000001eb234933f0 Uncommon trap: reason=bimorphic_or_optimized_type_check action=maybe_recompile pc=0x000001eb101c6620 method=java.util.AbstractCollection.isEmpty()Z @ 1 c2
Event: 119.757 Thread 0x000001eb234933f0 DEOPT PACKING pc=0x000001eb101c6620 sp=0x000000d8435ff2f0
Event: 119.757 Thread 0x000001eb234933f0 DEOPT UNPACKING pc=0x000001eb0f9f69a3 sp=0x000000d8435ff280 mode 2
Event: 119.757 Thread 0x000001eb234933f0 Uncommon trap: trap_request=0xffffffc6 fr.pc=0x000001eb101c6620 relative=0x0000000000000080
Event: 119.757 Thread 0x000001eb234933f0 Uncommon trap: reason=bimorphic_or_optimized_type_check action=maybe_recompile pc=0x000001eb101c6620 method=java.util.AbstractCollection.isEmpty()Z @ 1 c2
Event: 119.757 Thread 0x000001eb234933f0 DEOPT PACKING pc=0x000001eb101c6620 sp=0x000000d8435ff2f0
Event: 119.757 Thread 0x000001eb234933f0 DEOPT UNPACKING pc=0x000001eb0f9f69a3 sp=0x000000d8435ff280 mode 2
Event: 119.757 Thread 0x000001eb2a619bb0 Uncommon trap: trap_request=0xffffffc6 fr.pc=0x000001eb101c6620 relative=0x0000000000000080
Event: 119.757 Thread 0x000001eb2a617060 Uncommon trap: trap_request=0xffffffc6 fr.pc=0x000001eb101c6620 relative=0x0000000000000080
Event: 119.757 Thread 0x000001eb2a619bb0 Uncommon trap: reason=bimorphic_or_optimized_type_check action=maybe_recompile pc=0x000001eb101c6620 method=java.util.AbstractCollection.isEmpty()Z @ 1 c2
Event: 119.757 Thread 0x000001eb2a617060 Uncommon trap: reason=bimorphic_or_optimized_type_check action=maybe_recompile pc=0x000001eb101c6620 method=java.util.AbstractCollection.isEmpty()Z @ 1 c2
Event: 119.757 Thread 0x000001eb2a617060 DEOPT PACKING pc=0x000001eb101c6620 sp=0x000000d845eff120
Event: 119.757 Thread 0x000001eb2a619bb0 DEOPT PACKING pc=0x000001eb101c6620 sp=0x000000d8462feef0
Event: 119.757 Thread 0x000001eb2a617060 DEOPT UNPACKING pc=0x000001eb0f9f69a3 sp=0x000000d845eff0b0 mode 2
Event: 119.757 Thread 0x000001eb2a619bb0 DEOPT UNPACKING pc=0x000001eb0f9f69a3 sp=0x000000d8462fee80 mode 2

Classes unloaded (0 events):
No events

Classes redefined (0 events):
No events

Internal exceptions (20 events):
Event: 2.765 Thread 0x000001eb28132010 Exception <a 'java/lang/NoSuchMethodError'{0x0000000710cb7df8}: 'void java.lang.invoke.DirectMethodHandle$Holder.invokeStatic(java.lang.Object, java.lang.Object, java.lang.Object)'> (0x0000000710cb7df8) 
thrown [s\src\hotspot\share\interpreter\linkResolver.cpp, line 771]
Event: 2.924 Thread 0x000001eb28132010 Exception <a 'java/lang/NoSuchMethodError'{0x0000000710b40298}: 'java.lang.Object java.lang.invoke.DirectMethodHandle$Holder.newInvokeSpecial(java.lang.Object, java.lang.Object, int, int)'> (0x0000000710b40298) 
thrown [s\src\hotspot\share\interpreter\linkResolver.cpp, line 771]
Event: 2.929 Thread 0x000001eb28132010 Exception <a 'java/lang/NoSuchMethodError'{0x0000000710b516e8}: 'java.lang.Object java.lang.invoke.DirectMethodHandle$Holder.newInvokeSpecial(java.lang.Object, java.lang.Object, int, int, int, int)'> (0x0000000710b516e8) 
thrown [s\src\hotspot\share\interpreter\linkResolver.cpp, line 771]
Event: 2.966 Thread 0x000001eb280edd10 Exception <a 'java/lang/NoSuchMethodError'{0x00000007046052f8}: 'void java.lang.invoke.DirectMethodHandle$Holder.invokeVirtual(java.lang.Object, java.lang.Object)'> (0x00000007046052f8) 
thrown [s\src\hotspot\share\interpreter\linkResolver.cpp, line 771]
Event: 3.070 Thread 0x000001eb28132010 Exception <a 'java/lang/NoSuchMethodError'{0x00000007047fa858}: 'java.lang.Object java.lang.invoke.DirectMethodHandle$Holder.invokeStaticInit(java.lang.Object, java.lang.Object, java.lang.Object, java.lang.Object, java.lang.Object, java.lang.Object, java.lang.Object)'> (0x00000007047fa858) 
thrown [s\src\hotspot\share\interpreter\linkResolver.cpp, line 771]
Event: 3.071 Thread 0x000001eb28132010 Exception <a 'java/lang/NoSuchMethodError'{0x0000000704404838}: 'java.lang.Object java.lang.invoke.DirectMethodHandle$Holder.invokeSpecial(java.lang.Object, java.lang.Object, java.lang.Object, java.lang.Object, java.lang.Object, java.lang.Object, java.lang.Object, java.lang.Object, java.lang.Object, java.lang.Object)'> (0x0000000704404838) 
thrown [s\src\hotspot\share\interpreter\linkResolver.cpp, line 771]
Event: 3.072 Thread 0x000001eb28132010 Exception <a 'java/lang/NoSuchMethodError'{0x00000007044090c8}: 'java.lang.Object java.lang.invoke.Invokers$Holder.invoke_MT(java.lang.Object, java.lang.Object, java.lang.Object, java.lang.Object, java.lang.Object, java.lang.Object, java.lang.Object, java.lang.Object, java.lang.Object, java.lang.Object)'> (0x00000007044090c8) 
thrown [s\src\hotspot\share\interpreter\linkResolver.cpp, line 771]
Event: 3.074 Thread 0x000001eb28132010 Exception <a 'java/lang/NoSuchMethodError'{0x000000070440f810}: 'java.lang.Object java.lang.invoke.DirectMethodHandle$Holder.invokeStatic(java.lang.Object, java.lang.Object, int)'> (0x000000070440f810) 
thrown [s\src\hotspot\share\interpreter\linkResolver.cpp, line 771]
Event: 3.077 Thread 0x000001eb28132010 Exception <a 'java/lang/NoSuchMethodError'{0x00000007044223a8}: 'void java.lang.invoke.DelegatingMethodHandle$Holder.delegate(java.lang.Object, java.lang.Object, int, java.lang.Object)'> (0x00000007044223a8) 
thrown [s\src\hotspot\share\interpreter\linkResolver.cpp, line 771]
Event: 3.077 Thread 0x000001eb28132010 Exception <a 'java/lang/NoSuchMethodError'{0x0000000704426790}: 'int java.lang.invoke.DirectMethodHandle$Holder.invokeSpecial(java.lang.Object, java.lang.Object, java.lang.Object)'> (0x0000000704426790) 
thrown [s\src\hotspot\share\interpreter\linkResolver.cpp, line 771]
Event: 3.082 Thread 0x000001eb28132010 Exception <a 'java/lang/NoSuchMethodError'{0x0000000704446dd8}: 'int java.lang.invoke.DirectMethodHandle$Holder.invokeVirtual(java.lang.Object, java.lang.Object, java.lang.Object)'> (0x0000000704446dd8) 
thrown [s\src\hotspot\share\interpreter\linkResolver.cpp, line 771]
Event: 3.082 Thread 0x000001eb28132010 Exception <a 'java/lang/NoSuchMethodError'{0x000000070444ac10}: 'int java.lang.invoke.DirectMethodHandle$Holder.invokeVirtual(java.lang.Object, java.lang.Object)'> (0x000000070444ac10) 
thrown [s\src\hotspot\share\interpreter\linkResolver.cpp, line 771]
Event: 3.083 Thread 0x000001eb28132010 Exception <a 'java/lang/NoSuchMethodError'{0x000000070444f408}: 'int java.lang.invoke.DirectMethodHandle$Holder.invokeStaticInit(java.lang.Object, java.lang.Object, java.lang.Object)'> (0x000000070444f408) 
thrown [s\src\hotspot\share\interpreter\linkResolver.cpp, line 771]
Event: 3.083 Thread 0x000001eb28132010 Exception <a 'java/lang/NoSuchMethodError'{0x0000000704453290}: 'int java.lang.invoke.DirectMethodHandle$Holder.invokeStaticInit(java.lang.Object, int, int)'> (0x0000000704453290) 
thrown [s\src\hotspot\share\interpreter\linkResolver.cpp, line 771]
Event: 3.084 Thread 0x000001eb28132010 Exception <a 'java/lang/NoSuchMethodError'{0x000000070445b0c8}: 'int java.lang.invoke.DirectMethodHandle$Holder.invokeStaticInit(java.lang.Object, long, long)'> (0x000000070445b0c8) 
thrown [s\src\hotspot\share\interpreter\linkResolver.cpp, line 771]
Event: 3.085 Thread 0x000001eb28132010 Exception <a 'java/lang/NoSuchMethodError'{0x0000000704462468}: 'int java.lang.invoke.DirectMethodHandle$Holder.invokeStaticInit(java.lang.Object, float, float)'> (0x0000000704462468) 
thrown [s\src\hotspot\share\interpreter\linkResolver.cpp, line 771]
Event: 3.086 Thread 0x000001eb28132010 Exception <a 'java/lang/NoSuchMethodError'{0x0000000704469810}: 'int java.lang.invoke.DirectMethodHandle$Holder.invokeStaticInit(java.lang.Object, double, double)'> (0x0000000704469810) 
thrown [s\src\hotspot\share\interpreter\linkResolver.cpp, line 771]
Event: 3.086 Thread 0x000001eb28132010 Exception <a 'java/lang/NoSuchMethodError'{0x000000070446e368}: 'int java.lang.invoke.DirectMethodHandle$Holder.invokeStatic(java.lang.Object, long)'> (0x000000070446e368) 
thrown [s\src\hotspot\share\interpreter\linkResolver.cpp, line 771]
Event: 3.090 Thread 0x000001eb28132010 Exception <a 'java/lang/NoSuchMethodError'{0x0000000704492ab0}: 'int java.lang.invoke.Invokers$Holder.linkToTargetMethod(java.lang.Object, java.lang.Object)'> (0x0000000704492ab0) 
thrown [s\src\hotspot\share\interpreter\linkResolver.cpp, line 771]
Event: 33.961 Thread 0x000001eb28132010 Exception <a 'java/lang/NoSuchMethodError'{0x00000007106405d8}: 'java.lang.Object java.lang.invoke.DirectMethodHandle$Holder.newInvokeSpecial(java.lang.Object, int, java.lang.Object)'> (0x00000007106405d8) 
thrown [s\src\hotspot\share\interpreter\linkResolver.cpp, line 771]

VM Operations (20 events):
Event: 82.326 Executing VM operation: Cleanup
Event: 82.326 Executing VM operation: Cleanup done
Event: 83.327 Executing VM operation: Cleanup
Event: 83.327 Executing VM operation: Cleanup done
Event: 84.341 Executing VM operation: Cleanup
Event: 84.341 Executing VM operation: Cleanup done
Event: 91.408 Executing VM operation: G1CollectForAllocation
Event: 91.410 Executing VM operation: G1CollectForAllocation done
Event: 92.620 Executing VM operation: G1CollectFull
Event: 92.645 Executing VM operation: G1CollectFull done
Event: 103.741 Executing VM operation: G1CollectForAllocation
Event: 103.743 Executing VM operation: G1CollectForAllocation done
Event: 106.782 Executing VM operation: Cleanup
Event: 106.783 Executing VM operation: Cleanup done
Event: 107.784 Executing VM operation: Cleanup
Event: 107.784 Executing VM operation: Cleanup done
Event: 108.794 Executing VM operation: Cleanup
Event: 108.794 Executing VM operation: Cleanup done
Event: 113.398 Executing VM operation: G1CollectForAllocation
Event: 113.399 Executing VM operation: G1CollectForAllocation done

Events (20 events):
Event: 64.454 Thread 0x000001eb2322f040 flushing nmethod 0x000001eb08dd7a90
Event: 64.454 Thread 0x000001eb2322f040 flushing nmethod 0x000001eb08df5f10
Event: 64.454 Thread 0x000001eb2322f040 flushing nmethod 0x000001eb08df6290
Event: 64.454 Thread 0x000001eb2322f040 flushing nmethod 0x000001eb08df6610
Event: 64.454 Thread 0x000001eb2322f040 flushing nmethod 0x000001eb08e00590
Event: 64.454 Thread 0x000001eb2322f040 flushing nmethod 0x000001eb08e27810
Event: 64.454 Thread 0x000001eb2322f040 flushing nmethod 0x000001eb08e27d90
Event: 94.275 Thread 0x000001eb2880a420 Thread exited: 0x000001eb2880a420
Event: 94.275 Thread 0x000001eb2a61aa20 Thread exited: 0x000001eb2a61aa20
Event: 119.749 loading class jdk/internal/misc/Signal$1
Event: 119.749 loading class jdk/internal/misc/Signal$1 done
Event: 119.749 Thread 0x000001eb234920b0 Thread added: 0x000001eb234920b0
Event: 119.750 Thread 0x000001eb23497750 Thread added: 0x000001eb23497750
Event: 119.750 Thread 0x000001eb234933f0 Thread added: 0x000001eb234933f0
Event: 119.750 Thread 0x000001eb234985c0 Thread added: 0x000001eb234985c0
Event: 119.750 Thread 0x000001eb234985c0 Thread exited: 0x000001eb234985c0
Event: 119.757 Thread 0x000001eb280edd10 Thread exited: 0x000001eb280edd10
Event: 119.757 Thread 0x000001eb234933f0 Thread exited: 0x000001eb234933f0
Event: 119.758 Thread 0x000001eb2a619bb0 Thread exited: 0x000001eb2a619bb0
Event: 119.758 Thread 0x000001eb2a617060 Thread exited: 0x000001eb2a617060


Dynamic libraries:
0x00007ff762bd0000 - 0x00007ff762bda000 	C:\Users\HP\.jdks\jbr-17.0.7-1\bin\java.exe
0x00007ffb07c30000 - 0x00007ffb07e28000 	C:\Windows\SYSTEM32\ntdll.dll
0x00007ffb07050000 - 0x00007ffb0710f000 	C:\Windows\System32\KERNEL32.DLL
0x00007ffb056e0000 - 0x00007ffb059d6000 	C:\Windows\System32\KERNELBASE.dll
0x00007ffb055e0000 - 0x00007ffb056e0000 	C:\Windows\System32\ucrtbase.dll
0x00007ffad9850000 - 0x00007ffad9867000 	C:\Users\HP\.jdks\jbr-17.0.7-1\bin\jli.dll
0x00007ffadbca0000 - 0x00007ffadbcbb000 	C:\Users\HP\.jdks\jbr-17.0.7-1\bin\VCRUNTIME140.dll
0x00007ffb075e0000 - 0x00007ffb0777d000 	C:\Windows\System32\USER32.dll
0x00007ffb059e0000 - 0x00007ffb05a02000 	C:\Windows\System32\win32u.dll
0x00007ffaee100000 - 0x00007ffaee39a000 	C:\Windows\WinSxS\amd64_microsoft.windows.common-controls_6595b64144ccf1df_6.0.19041.1110_none_60b5254171f9507e\COMCTL32.dll
0x00007ffb05c90000 - 0x00007ffb05cbc000 	C:\Windows\System32\GDI32.dll
0x00007ffb073c0000 - 0x00007ffb0745e000 	C:\Windows\System32\msvcrt.dll
0x00007ffb05b70000 - 0x00007ffb05c85000 	C:\Windows\System32\gdi32full.dll
0x00007ffb05540000 - 0x00007ffb055dd000 	C:\Windows\System32\msvcp_win.dll
0x00007ffb06900000 - 0x00007ffb06930000 	C:\Windows\System32\IMM32.DLL
0x00007ffafd350000 - 0x00007ffafd35c000 	C:\Users\HP\.jdks\jbr-17.0.7-1\bin\vcruntime140_1.dll
0x00007ffad13e0000 - 0x00007ffad146d000 	C:\Users\HP\.jdks\jbr-17.0.7-1\bin\msvcp140.dll
0x00007ffad0760000 - 0x00007ffad13e0000 	C:\Users\HP\.jdks\jbr-17.0.7-1\bin\server\jvm.dll
0x00007ffb05df0000 - 0x00007ffb05e9f000 	C:\Windows\System32\ADVAPI32.dll
0x00007ffb07110000 - 0x00007ffb071ac000 	C:\Windows\System32\sechost.dll
0x00007ffb06080000 - 0x00007ffb061a6000 	C:\Windows\System32\RPCRT4.dll
0x00007ffaeee70000 - 0x00007ffaeee79000 	C:\Windows\SYSTEM32\WSOCK32.dll
0x00007ffaec5c0000 - 0x00007ffaec5e7000 	C:\Windows\SYSTEM32\WINMM.dll
0x00007ffb069c0000 - 0x00007ffb06a2b000 	C:\Windows\System32\WS2_32.dll
0x00007ffafadf0000 - 0x00007ffafadfa000 	C:\Windows\SYSTEM32\VERSION.dll
0x00007ffb03b00000 - 0x00007ffb03b12000 	C:\Windows\SYSTEM32\kernel.appcore.dll
0x00007ffafd260000 - 0x00007ffafd26a000 	C:\Users\HP\.jdks\jbr-17.0.7-1\bin\jimage.dll
0x00007ffb00020000 - 0x00007ffb00204000 	C:\Windows\SYSTEM32\DBGHELP.DLL
0x00007ffaeec60000 - 0x00007ffaeec94000 	C:\Windows\SYSTEM32\dbgcore.DLL
0x00007ffb054b0000 - 0x00007ffb05532000 	C:\Windows\System32\bcryptPrimitives.dll
0x00007ffafd370000 - 0x00007ffafd37e000 	C:\Users\HP\.jdks\jbr-17.0.7-1\bin\instrument.dll
0x00007ffad9820000 - 0x00007ffad9845000 	C:\Users\HP\.jdks\jbr-17.0.7-1\bin\java.dll
0x00007ffad72e0000 - 0x00007ffad72f8000 	C:\Users\HP\.jdks\jbr-17.0.7-1\bin\zip.dll
0x00007ffad0680000 - 0x00007ffad0757000 	C:\Users\HP\.jdks\jbr-17.0.7-1\bin\jsvml.dll
0x00007ffb061b0000 - 0x00007ffb068f4000 	C:\Windows\System32\SHELL32.dll
0x00007ffb00210000 - 0x00007ffb009a4000 	C:\Windows\SYSTEM32\windows.storage.dll
0x00007ffb06b80000 - 0x00007ffb06ed4000 	C:\Windows\System32\combase.dll
0x00007ffb04b90000 - 0x00007ffb04bbe000 	C:\Windows\SYSTEM32\Wldp.dll
0x00007ffb06ef0000 - 0x00007ffb06f9d000 	C:\Windows\System32\SHCORE.dll
0x00007ffb07580000 - 0x00007ffb075d5000 	C:\Windows\System32\shlwapi.dll
0x00007ffb05240000 - 0x00007ffb05265000 	C:\Windows\SYSTEM32\profapi.dll
0x00007ffad6a10000 - 0x00007ffad6a29000 	C:\Users\HP\.jdks\jbr-17.0.7-1\bin\net.dll
0x00007ffaf65e0000 - 0x00007ffaf66ea000 	C:\Windows\SYSTEM32\WINHTTP.dll
0x00007ffb04970000 - 0x00007ffb049da000 	C:\Windows\system32\mswsock.dll
0x00007ffad0660000 - 0x00007ffad0676000 	C:\Users\HP\.jdks\jbr-17.0.7-1\bin\nio.dll
0x00007ffaf6b90000 - 0x00007ffaf6baa000 	C:\Program Files\JetBrains\IntelliJ IDEA Community Edition 2021.3.2\bin\breakgen64.dll
0x00007ffa9ca00000 - 0x00007ffa9cb98000 	C:\Users\HP\.jdks\jbr-17.0.7-1\bin\awt.dll
0x00007ffb05d20000 - 0x00007ffb05ded000 	C:\Windows\System32\OLEAUT32.dll
0x00007ffaff9b0000 - 0x00007ffaff9df000 	C:\Windows\SYSTEM32\dwmapi.dll
0x00007ffad49a0000 - 0x00007ffad49e4000 	C:\Users\HP\.jdks\jbr-17.0.7-1\bin\nvdaControllerClient64.dll
0x00007ffafefa0000 - 0x00007ffaff031000 	C:\Windows\SYSTEM32\apphelp.dll
0x00007ffaff300000 - 0x00007ffaff39e000 	C:\Windows\system32\uxtheme.dll
0x00007ffb07460000 - 0x00007ffb07574000 	C:\Windows\System32\MSCTF.dll
0x00007ffb071b0000 - 0x00007ffb072da000 	C:\Windows\System32\ole32.dll
0x00007ffadd9f0000 - 0x00007ffaddb15000 	C:\Windows\system32\opengl32.dll
0x00007ffade740000 - 0x00007ffade76c000 	C:\Windows\SYSTEM32\GLU32.dll
0x00007ffb04bd0000 - 0x00007ffb04be8000 	C:\Windows\SYSTEM32\CRYPTSP.dll
0x00007ffb042b0000 - 0x00007ffb042e4000 	C:\Windows\system32\rsaenh.dll
0x00007ffb05310000 - 0x00007ffb05337000 	C:\Windows\System32\bcrypt.dll
0x00007ffb051c0000 - 0x00007ffb051ee000 	C:\Windows\SYSTEM32\USERENV.dll
0x00007ffb04b00000 - 0x00007ffb04b0c000 	C:\Windows\SYSTEM32\CRYPTBASE.dll
0x00007ffb04680000 - 0x00007ffb046bc000 	C:\Windows\SYSTEM32\IPHLPAPI.DLL
0x00007ffb05ea0000 - 0x00007ffb05ea8000 	C:\Windows\System32\NSI.dll
0x00007ffaf8ab0000 - 0x00007ffaf8ac7000 	C:\Windows\SYSTEM32\dhcpcsvc6.DLL
0x00007ffaf83c0000 - 0x00007ffaf83dd000 	C:\Windows\SYSTEM32\dhcpcsvc.DLL
0x00007ffb046c0000 - 0x00007ffb0478a000 	C:\Windows\SYSTEM32\DNSAPI.dll
0x00007ffa83920000 - 0x00007ffa8492f000 	C:\Users\HP\.skiko\58752788008ddd92aea4562f2a41915f7f74e689ca70e0fbada57f009a92b9cf\skiko-windows-x64.dll
0x00007ffaedc90000 - 0x00007ffaede35000 	C:\Windows\WinSxS\amd64_microsoft.windows.gdiplus_6595b64144ccf1df_1.1.19041.2251_none_91a40448cc8846c1\gdiplus.dll
0x00007ffac9f00000 - 0x00007ffac9f86000 	C:\Users\HP\.jdks\jbr-17.0.7-1\bin\freetype.dll
0x00007ffaa2cc0000 - 0x00007ffaa2d89000 	C:\Users\HP\.jdks\jbr-17.0.7-1\bin\fontmanager.dll
0x00007ffae5990000 - 0x00007ffae5997000 	C:\Users\HP\.jdks\jbr-17.0.7-1\bin\jawt.dll
0x00007ffb03b70000 - 0x00007ffb03c63000 	C:\Windows\SYSTEM32\Dxgi.dll
0x00007ffadc9b0000 - 0x00007ffadc9d0000 	C:\Windows\SYSTEM32\D3D12.dll
0x00007ffa8bbb0000 - 0x00007ffa8bd7d000 	C:\Windows\SYSTEM32\D3D12Core.dll
0x00007ffaf84e0000 - 0x00007ffaf851b000 	C:\Windows\SYSTEM32\dxcore.dll
0x00007ffb05460000 - 0x00007ffb054ae000 	C:\Windows\System32\cfgmgr32.dll
0x00007ffaf3540000 - 0x00007ffaf6159000 	C:\Windows\System32\DriverStore\FileRepository\igdlh64.inf_amd64_e6daaea9afe1e6f6\igc64.dll
0x00007ffa812e0000 - 0x00007ffa827b3000 	C:\Windows\System32\DriverStore\FileRepository\igdlh64.inf_amd64_e6daaea9afe1e6f6\igd12umd64.dll
0x00007ffaf6780000 - 0x00007ffaf69d7000 	C:\Windows\System32\DriverStore\FileRepository\igdlh64.inf_amd64_e6daaea9afe1e6f6\igdgmm64.dll
0x00007ffa88fe0000 - 0x00007ffa893eb000 	C:\Windows\System32\DriverStore\FileRepository\igdlh64.inf_amd64_e6daaea9afe1e6f6\igdml64.dll
0x00007ffadc6b0000 - 0x00007ffadc6db000 	C:\Windows\SYSTEM32\D3DSCache.dll
0x00007ffa7cad0000 - 0x00007ffa812d2000 	C:\Windows\System32\DriverStore\FileRepository\igdlh64.inf_amd64_e6daaea9afe1e6f6\igd12dxva64.dll
0x00007ffb07780000 - 0x00007ffb07bee000 	C:\Windows\System32\SETUPAPI.dll
0x00007ffa8cd00000 - 0x00007ffa8cd27000 	C:\Windows\System32\DriverStore\FileRepository\igdlh64.inf_amd64_e6daaea9afe1e6f6\igdinfo64.dll
0x00007ffafbb60000 - 0x00007ffafbd67000 	C:\Windows\SYSTEM32\twinapi.appcore.dll
0x00007ffb06fa0000 - 0x00007ffb07049000 	C:\Windows\System32\clbcatq.dll
0x00007ffa7baf0000 - 0x00007ffa7cac2000 	C:\Windows\System32\DriverStore\FileRepository\igdlh64.inf_amd64_e6daaea9afe1e6f6\ig9icd64.dll
0x00007ffb05170000 - 0x00007ffb051bb000 	C:\Windows\SYSTEM32\powrprof.dll
0x00007ffb05150000 - 0x00007ffb05162000 	C:\Windows\SYSTEM32\UMPDC.dll
0x00007ffadace0000 - 0x00007ffadaf5f000 	C:\Windows\SYSTEM32\dwrite.dll
0x00007ffae0b50000 - 0x00007ffae0c49000 	C:\Windows\SYSTEM32\textinputframework.dll
0x00007ffafe8c0000 - 0x00007ffafec1e000 	C:\Windows\System32\CoreUIComponents.dll
0x00007ffafec20000 - 0x00007ffafed12000 	C:\Windows\System32\CoreMessaging.dll
0x00007ffb043d0000 - 0x00007ffb04403000 	C:\Windows\SYSTEM32\ntmarta.dll
0x00007ffafe1c0000 - 0x00007ffafe314000 	C:\Windows\SYSTEM32\wintypes.dll
0x00007ffa83060000 - 0x00007ffa83912000 	C:\Users\HP\AppData\Local\io-realm-kotlin\f7113120ba00ba1ff91d696eecd3919e85a4e34e\realmc.dll
0x00007ffb05a10000 - 0x00007ffb05b6e000 	C:\Windows\System32\CRYPT32.dll

dbghelp: loaded successfully - version: 4.0.5 - missing functions: none
symbol engine: initialized successfully - sym options: 0x614 - pdb path: .;C:\Users\HP\.jdks\jbr-17.0.7-1\bin;C:\Windows\SYSTEM32;C:\Windows\WinSxS\amd64_microsoft.windows.common-controls_6595b64144ccf1df_6.0.19041.1110_none_60b5254171f9507e;C:\Users\HP\.jdks\jbr-17.0.7-1\bin\server;C:\Program Files\JetBrains\IntelliJ IDEA Community Edition 2021.3.2\bin;C:\Users\HP\.skiko\58752788008ddd92aea4562f2a41915f7f74e689ca70e0fbada57f009a92b9cf;C:\Windows\WinSxS\amd64_microsoft.windows.gdiplus_6595b64144ccf1df_1.1.19041.2251_none_91a40448cc8846c1;C:\Windows\System32\DriverStore\FileRepository\igdlh64.inf_amd64_e6daaea9afe1e6f6;C:\Users\HP\AppData\Local\io-realm-kotlin\f7113120ba00ba1ff91d696eecd3919e85a4e34e

VM Arguments:
jvm_args: -Djava.library.path=C:\Users\HP\Desktop\newderar\build\classes\kotlin\jvm\main;C:\Users\HP\Desktop\newderar\build\processedResources\jvm\main -javaagent:C:\Program Files\JetBrains\IntelliJ IDEA Community Edition 2021.3.2\lib\idea_rt.jar=65234:C:\Program Files\JetBrains\IntelliJ IDEA Community Edition 2021.3.2\bin -Dfile.encoding=UTF-8 
java_command: MainKt
java_class_path (initial): C:\Users\HP\Desktop\newderar\build\classes\kotlin\jvm\main;C:\Users\HP\Desktop\newderar\build\processedResources\jvm\main;C:\Users\HP\.gradle\caches\modules-2\files-2.1\io.insert-koin\koin-androidx-compose\3.4.5\ae0a88b7a68d507e651c5a3d70a541594bea54cb\koin-androidx-compose-3.4.5.aar;C:\Users\HP\.gradle\caches\modules-2\files-2.1\org.jetbrains.kotlin\kotlin-stdlib-jdk8\1.8.21\67f57e154437cd9e6e9cf368394b95814836ff88\kotlin-stdlib-jdk8-1.8.21.jar;C:\Users\HP\.gradle\caches\modules-2\files-2.1\org.apache.poi\poi-ooxml\4.1.2\87d9a22aa9a7dd26e80c360e709f7ee02e32ab3b\poi-ooxml-4.1.2.jar;C:\Users\HP\.gradle\caches\modules-2\files-2.1\org.apache.poi\poi\4.1.2\964bf41cf68bce08e4ef6b2279b559fdf8d454f4\poi-4.1.2.jar;C:\Users\HP\.gradle\caches\modules-2\files-2.1\org.lwjgl\lwjgl-nfd\3.3.1\622318116996ddcff449b46cb38f0fdee39b8ac3\lwjgl-nfd-3.3.1.jar;C:\Users\HP\.gradle\caches\modules-2\files-2.1\org.lwjgl\lwjgl-nfd\3.3.1\2e007667e04ed3281152ae5c6e677fb1c2211691\lwjgl-nfd-3.3.1-natives-linux.jar;C:\Users\HP\.gradle\caches\modules-2\files-2.1\org.lwjgl\lwjgl\3.3.1\ae58664f88e18a9bb2c77b063833ca7aaec484cb\lwjgl-3.3.1.jar;C:\Users\HP\.gradle\caches\modules-2\files-2.1\io.insert-koin\koin-android\3.4.0\48715fbe06102a59a30bd45b06ed2400c16c6f45\koin-android-3.4.0.aar;C:\Users\HP\.gradle\caches\modules-2\files-2.1\org.lwjgl\lwjgl-nfd\3.3.1\b3e04e317f55dd738d8a345cdafd15b39f85a2ea\lwjgl-nfd-3.3.1-natives-linux-arm32.jar;C:\Users\HP\.gradle\caches\modules-2\files-2.1\androidx.lifecycle\lifecycle-viewmodel-compose\2.6.1\38cf3bb65ff3e0e5c3d63de2ebf5411d0898108c\lifecycle-viewmodel-compose-2.6.1.aar;C:\Users\HP\.gradle\caches\modules-2\files-2.1\org.lwjgl\lwjgl-nfd\3.3.1\f41dc62336f7ee4ab35705cfa440cc903d199165\lwjgl-nfd-3.3.1-natives-linux-arm64.jar;C:\Users\HP\.gradle\caches\modules-2\files-2.1\androidx.compose.runtime\runtime\1.4.3\6e52f81bd60023ca9be12a878ae161d2e7571aeb\runtime-1.4.3.aar;C:\Users\HP\.gradle\caches\modules-2\files-2.1\org.lwjgl\lwjgl-nfd\3.3
Launcher Type: SUN_STANDARD

[Global flags]
     intx CICompilerCount                          = 3                                         {product} {ergonomic}
     uint ConcGCThreads                            = 1                                         {product} {ergonomic}
     uint G1ConcRefinementThreads                  = 4                                         {product} {ergonomic}
   size_t G1HeapRegionSize                         = 2097152                                   {product} {ergonomic}
    uintx GCDrainStackTargetSize                   = 64                                        {product} {ergonomic}
   size_t InitialHeapSize                          = 266338304                                 {product} {ergonomic}
   size_t MarkStackSize                            = 4194304                                   {product} {ergonomic}
   size_t MaxHeapSize                              = 4255121408                                {product} {ergonomic}
   size_t MaxNewSize                               = 2552233984                                {product} {ergonomic}
   size_t MinHeapDeltaBytes                        = 2097152                                   {product} {ergonomic}
   size_t MinHeapSize                              = 8388608                                   {product} {ergonomic}
    uintx NonNMethodCodeHeapSize                   = 5832780                                {pd product} {ergonomic}
    uintx NonProfiledCodeHeapSize                  = 122912730                              {pd product} {ergonomic}
    uintx ProfiledCodeHeapSize                     = 122912730                              {pd product} {ergonomic}
    uintx ReservedCodeCacheSize                    = 251658240                              {pd product} {ergonomic}
     bool SegmentedCodeCache                       = true                                      {product} {ergonomic}
   size_t SoftMaxHeapSize                          = 4255121408                             {manageable} {ergonomic}
     bool UseCompressedClassPointers               = true                           {product lp64_product} {ergonomic}
     bool UseCompressedOops                        = true                           {product lp64_product} {ergonomic}
     bool UseG1GC                                  = true                                      {product} {ergonomic}
     bool UseLargePagesIndividualAllocation        = false                                  {pd product} {ergonomic}

Logging:
Log output configuration:
 #0: stdout all=warning uptime,level,tags
 #1: stderr all=off uptime,level,tags

Environment Variables:
PATH=C:\Program Files\Common Files\Oracle\Java\javapath;C:\Program Files (x86)\Common Files\Oracle\Java\javapath;C:\Windows\system32;C:\Windows;C:\Windows\System32\Wbem;C:\Windows\System32\WindowsPowerShell\v1.0\;C:\Windows\System32\OpenSSH\;C:\xampp\php;C:\ProgramData\ComposerSetup\bin;C:\Program Files\nodejs\;C:\Program Files (x86)\Intel\Intel(R) Management Engine Components\DAL;C:\Program Files\Intel\Intel(R) Management Engine Components\DAL;C:\Program Files\Git\cmd;C:\Program Files\Fortect;C:\Users\HP\AppData\Local\Microsoft\WindowsApps;C:\Program Files\JetBrains\IntelliJ IDEA Community Edition 2021.3.2\bin;C:\Users\HP\AppData\Local\Programs\Microsoft VS Code\bin;C:\Users\HP\AppData\Local\JetBrains\Toolbox\scripts;C:\Users\HP\AppData\Local\GitHubDesktop\bin;C:\Users\HP\Desktop\camp\flutter_windows_3.7.6-stable\flutter\bin;C:\Users\HP\AppData\Roaming\Composer\vendor\bin;C:\Users\HP\AppData\Roaming\npm
USERNAME=HP
OS=Windows_NT
PROCESSOR_IDENTIFIER=Intel64 Family 6 Model 142 Stepping 9, GenuineIntel
TMP=C:\Users\HP\AppData\Local\Temp
TEMP=C:\Users\HP\AppData\Local\Temp


JNI global refs:
JNI global refs: 167, weak refs: 9

JNI global refs memory usage: 2107, weak refs: 841

OOME stack traces (most recent first):
Classloader memory used:
Loader jdk.internal.loader.ClassLoaders$AppClassLoader                                 : 3181K
Loader bootstrap                                                                       : 2222K
Loader jdk.internal.loader.ClassLoaders$PlatformClassLoader                            : 764B


---------------  S Y S T E M  ---------------

OS:
 Windows 10 , 64 bit Build 19041 (10.0.19041.3155)
OS uptime: 0 days 1:04 hours
Hyper-V role detected

CPU: total 4 (initial active 4) (2 cores per cpu, 2 threads per core) family 6 model 142 stepping 9 microcode 0xf2, cx8, cmov, fxsr, ht, mmx, 3dnowpref, sse, sse2, sse3, ssse3, sse4.1, sse4.2, popcnt, lzcnt, tsc, tscinvbit, avx, avx2, aes, erms, clmul, bmi1, bmi2, rtm, adx, fma, vzeroupper, clflush, clflushopt, hv

Memory: 4k page, system-wide physical 16224M (7959M free)
TotalPageFile size 32096M (AvailPageFile size 22716M)
current process WorkingSet (physical memory assigned to process): 254M, peak: 327M
current process commit charge ("private bytes"): 256M, peak: 386M

vm_info: OpenJDK 64-Bit Server VM (17.0.7+7-b1000.5) for windows-amd64 JRE (17.0.7+7-b1000.5), built on 2023-07-03 by "builduser" with MS VC++ 16.10 / 16.11 (VS2019)

END.
