#
# A fatal error has been detected by the Java Runtime Environment:
#
#  EXCEPTION_ACCESS_VIOLATION (0xc0000005) at pc=0x00007ffe74e7ebe3, pid=16644, tid=780
#
# JRE version: OpenJDK Runtime Environment Corretto-17.0.7.7.1 (17.0.7+7) (build 17.0.7+7-LTS)
# Java VM: OpenJDK 64-Bit Server VM Corretto-17.0.7.7.1 (17.0.7+7-LTS, mixed mode, sharing, tiered, compressed oops, compressed class ptrs, g1 gc, windows-amd64)
# Problematic frame:
# C  [ig9icd64.dll+0x9bebe3]
#
# No core dump will be written. Minidumps are not enabled by default on client versions of Windows
#
# If you would like to submit a bug report, please visit:
#   https://github.com/corretto/corretto-17/issues/
# The crash happened outside the Java Virtual Machine in native code.
# See problematic frame for where to report the bug.
#

---------------  S U M M A R Y ------------

Command Line: -Djava.library.path=C:\Users\HP\Desktop\newderar\build\classes\kotlin\jvm\main;C:\Users\HP\Desktop\newderar\build\processedResources\jvm\main -javaagent:C:\Program Files\JetBrains\IntelliJ IDEA Community Edition 2021.3.2\lib\idea_rt.jar=51257:C:\Program Files\JetBrains\IntelliJ IDEA Community Edition 2021.3.2\bin -Dfile.encoding=UTF-8 MainKt

Host: Intel(R) Core(TM) i5-7300U CPU @ 2.60GHz, 4 cores, 15G,  Windows 10 , 64 bit Build 19041 (10.0.19041.3155)
Time: Sat Jul  8 17:06:57 2023 Libya Standard Time elapsed time: 178.766338 seconds (0d 0h 2m 58s)

---------------  T H R E A D  ---------------

Current thread (0x00000227269f4570):  JavaThread "AWT-EventQueue-0" [_thread_in_native, id=780, stack(0x0000009ea4f00000,0x0000009ea5000000)]

Stack: [0x0000009ea4f00000,0x0000009ea5000000],  sp=0x0000009ea4ffce98,  free space=1011k
Native frames: (J=compiled Java code, j=interpreted, Vv=VM code, C=native code)
C  [ig9icd64.dll+0x9bebe3]

Java frames: (J=compiled Java code, j=interpreted, Vv=VM code)
J 5159  org.jetbrains.skia.DirectContextKt.DirectContext_nFlush(J)V (0 bytes) @ 0x000002270f7b5de9 [0x000002270f7b5da0+0x0000000000000049]
J 7114 c2 org.jetbrains.skiko.redrawer.WindowsOpenGLRedrawer$Companion$frameDispatcher$1.invokeSuspend(Ljava/lang/Object;)Ljava/lang/Object; (379 bytes) @ 0x000002270f9b2380 [0x000002270f9b0e80+0x0000000000001500]
J 7113 c2 org.jetbrains.skiko.FrameDispatcher$job$1.invokeSuspend(Ljava/lang/Object;)Ljava/lang/Object; (156 bytes) @ 0x000002270f9aeb2c [0x000002270f9ae8a0+0x000000000000028c]
J 5068 c2 kotlin.coroutines.jvm.internal.BaseContinuationImpl.resumeWith(Ljava/lang/Object;)V (128 bytes) @ 0x000002270f790880 [0x000002270f790820+0x0000000000000060]
J 5777 c2 kotlinx.coroutines.DispatchedTask.run()V (571 bytes) @ 0x000002270f544628 [0x000002270f5442a0+0x0000000000000388]
J 7217 c2 java.awt.EventQueue.dispatchEventImpl(Ljava/awt/AWTEvent;Ljava/lang/Object;)V java.desktop@17.0.7 (136 bytes) @ 0x000002270f9e9f7c [0x000002270f9e9c40+0x000000000000033c]
J 5334 c2 java.awt.EventDispatchThread.pumpOneEventForFilters(I)V java.desktop@17.0.7 (113 bytes) @ 0x000002270f81b27c [0x000002270f81abe0+0x000000000000069c]
J 7514% c1 java.awt.EventDispatchThread.pumpEventsForFilter(ILjava/awt/Conditional;Ljava/awt/EventFilter;)V java.desktop@17.0.7 (47 bytes) @ 0x0000022707d0a39c [0x0000022707d0a100+0x000000000000029c]
j  java.awt.EventDispatchThread.pumpEventsForHierarchy(ILjava/awt/Conditional;Ljava/awt/Component;)V+11 java.desktop@17.0.7
j  java.awt.EventDispatchThread.pumpEvents(ILjava/awt/Conditional;)V+4 java.desktop@17.0.7
j  java.awt.EventDispatchThread.pumpEvents(Ljava/awt/Conditional;)V+3 java.desktop@17.0.7
j  java.awt.EventDispatchThread.run()V+9 java.desktop@17.0.7
v  ~StubRoutines::call_stub

siginfo: EXCEPTION_ACCESS_VIOLATION (0xc0000005), reading address 0xffffffffffffffff


Register to memory mapping:

RIP=0x00007ffe74e7ebe3 ig9icd64.dll
RAX=0x000000000fff0fff is an unknown value
RBX=0x00007ffe744c0000 ig9icd64.dll
RCX=0x000000033fcf3fcc is an unknown value
RDX=0x0000009ea4ffd3b0 is pointing into the stack for thread: 0x00000227269f4570
RSP=0x0000009ea4ffce98 is pointing into the stack for thread: 0x00000227269f4570
RBP=0x0000009ea4ffcfa0 is pointing into the stack for thread: 0x00000227269f4570
RSI=0x0000022729181240 points into unknown readable memory: 0x00000227272b3bc0 | c0 3b 2b 27 27 02 00 00
RDI=0x0000009ea4ffd1a0 is pointing into the stack for thread: 0x00000227269f4570
R8 =0x0000009ea4ffcfd0 is pointing into the stack for thread: 0x00000227269f4570
R9 =0x0000009ea4ffd3b0 is pointing into the stack for thread: 0x00000227269f4570
R10=0x0000009ea4ffd1a0 is pointing into the stack for thread: 0x00000227269f4570
R11=0x0 is NULL
R12=0x00007ffe752f15e0 ig9icd64.dll
R13=0x0 is NULL
R14=0x0 is NULL
R15=0x00000000000001c1 is an unknown value


Registers:
RAX=0x000000000fff0fff, RBX=0x00007ffe744c0000, RCX=0x000000033fcf3fcc, RDX=0x0000009ea4ffd3b0
RSP=0x0000009ea4ffce98, RBP=0x0000009ea4ffcfa0, RSI=0x0000022729181240, RDI=0x0000009ea4ffd1a0
R8 =0x0000009ea4ffcfd0, R9 =0x0000009ea4ffd3b0, R10=0x0000009ea4ffd1a0, R11=0x0000000000000000
R12=0x00007ffe752f15e0, R13=0x0000000000000000, R14=0x0000000000000000, R15=0x00000000000001c1
RIP=0x00007ffe74e7ebe3, EFLAGS=0x0000000000010206

Top of Stack: (sp=0x0000009ea4ffce98)
0x0000009ea4ffce98:   00007ffe74e7c31b 0000000000000001
0x0000009ea4ffcea8:   0000000000000000 0000022726f2d000
0x0000009ea4ffceb8:   00007ffeda002622 0000009e00000065
0x0000009ea4ffcec8:   0000009ea4ffd0d0 0000000000000000
0x0000009ea4ffced8:   0000022734503400 0000000000000000
0x0000009ea4ffcee8:   00000227302bfae0 0000022726f2d070
0x0000009ea4ffcef8:   0000000000001100 0000000000000000
0x0000009ea4ffcf08:   0000000000000000 0000009ea4ffd080
0x0000009ea4ffcf18:   00007ffe74b179c0 0000000000000000
0x0000009ea4ffcf28:   0000000000000000 0000000000000000
0x0000009ea4ffcf38:   0000000000000000 0000f4ff80253e4b
0x0000009ea4ffcf48:   00007ffe744d6555 0000022726f2d070
0x0000009ea4ffcf58:   0000000000004001 0000000000000000
0x0000009ea4ffcf68:   00007ffee9b7b86b 00000000000f0013
0x0000009ea4ffcf78:   000000000000007b 000002272fd32c60
0x0000009ea4ffcf88:   0000000000000000 0000000000000000 

Instructions: (pc=0x00007ffe74e7ebe3)
0x00007ffe74e7eae3:   c1 75 31 00 48 89 51 08 48 89 01 8b 44 24 28 89
0x00007ffe74e7eaf3:   41 20 8b 44 24 30 89 41 24 48 8b c1 4c 89 41 10
0x00007ffe74e7eb03:   4c 89 49 18 c3 cc cc cc cc cc cc cc cc 48 89 5c
0x00007ffe74e7eb13:   24 08 8b 41 5c 48 8d 1d e1 14 64 ff 41 89 40 08
0x00007ffe74e7eb23:   4c 8b d1 8b 41 60 45 33 db 41 89 40 0c 4c 8b ca
0x00007ffe74e7eb33:   8b 41 64 41 89 40 10 8b 41 68 41 89 40 14 8b 41
0x00007ffe74e7eb43:   6c 41 89 40 18 8b 41 70 41 89 40 1c 48 63 41 74
0x00007ffe74e7eb53:   48 6b c8 34 8b 84 19 44 d1 ee 00 41 89 40 20 8b
0x00007ffe74e7eb63:   84 19 48 d1 ee 00 41 89 40 24 8b 84 19 4c d1 ee
0x00007ffe74e7eb73:   00 41 89 40 28 8b 84 19 50 d1 ee 00 41 89 40 2c
0x00007ffe74e7eb83:   8b 84 19 34 d1 ee 00 41 89 40 30 8b 84 19 38 d1
0x00007ffe74e7eb93:   ee 00 41 89 40 34 8b 84 19 3c d1 ee 00 41 89 40
0x00007ffe74e7eba3:   38 8b 84 19 40 d1 ee 00 41 89 40 3c 8b 84 19 24
0x00007ffe74e7ebb3:   d1 ee 00 41 89 40 40 8b 84 19 28 d1 ee 00 41 89
0x00007ffe74e7ebc3:   40 44 8b 84 19 2c d1 ee 00 41 89 40 48 8b 84 19
0x00007ffe74e7ebd3:   30 d1 ee 00 41 89 40 4c 49 63 42 78 48 6b c8 34
0x00007ffe74e7ebe3:   8b 84 19 44 d1 ee 00 41 89 40 50 8b 84 19 48 d1
0x00007ffe74e7ebf3:   ee 00 41 89 40 54 8b 84 19 4c d1 ee 00 41 89 40
0x00007ffe74e7ec03:   58 8b 84 19 50 d1 ee 00 41 89 40 5c 8b 84 19 34
0x00007ffe74e7ec13:   d1 ee 00 41 89 40 60 8b 84 19 38 d1 ee 00 41 89
0x00007ffe74e7ec23:   40 64 8b 84 19 3c d1 ee 00 41 89 40 68 8b 84 19
0x00007ffe74e7ec33:   40 d1 ee 00 41 89 40 6c 8b 84 19 24 d1 ee 00 41
0x00007ffe74e7ec43:   89 40 70 8b 84 19 28 d1 ee 00 41 89 40 74 8b 84
0x00007ffe74e7ec53:   19 2c d1 ee 00 41 89 40 78 8b 84 19 30 d1 ee 00
0x00007ffe74e7ec63:   41 89 40 7c 48 8b 42 18 8b 88 38 0b 00 00 f6 c1
0x00007ffe74e7ec73:   08 0f 84 86 00 00 00 8b 80 3c 0b 00 00 41 89 80
0x00007ffe74e7ec83:   80 00 00 00 48 8b 42 18 8b 88 40 0b 00 00 41 89
0x00007ffe74e7ec93:   88 84 00 00 00 48 8b 42 18 8b 88 44 0b 00 00 41
0x00007ffe74e7eca3:   89 88 88 00 00 00 48 8b 42 18 8b 88 48 0b 00 00
0x00007ffe74e7ecb3:   41 89 88 8c 00 00 00 48 8b 42 18 8b 88 4c 0b 00
0x00007ffe74e7ecc3:   00 41 89 88 90 00 00 00 48 8b 42 18 8b 88 50 0b
0x00007ffe74e7ecd3:   00 00 41 89 88 94 00 00 00 48 8b 42 18 8b 88 54 


Stack slot to memory mapping:
stack at sp + 0 slots: 0x00007ffe74e7c31b ig9icd64.dll
stack at sp + 1 slots: 0x0000000000000001 is an unknown value
stack at sp + 2 slots: 0x0 is NULL
stack at sp + 3 slots: 0x0000022726f2d000 points into unknown readable memory: 0x0000000000000000 | 00 00 00 00 00 00 00 00
stack at sp + 4 slots: 0x00007ffeda002622 igdgmm64.dll
stack at sp + 5 slots: 0x0000009e00000065 is an unknown value
stack at sp + 6 slots: 0x0000009ea4ffd0d0 is pointing into the stack for thread: 0x00000227269f4570
stack at sp + 7 slots: 0x0 is NULL


---------------  P R O C E S S  ---------------

Threads class SMR info:
_java_thread_list=0x0000022730429c70, length=28, elements={
0x000002277d41da00, 0x0000022721ada9d0, 0x0000022721adb840, 0x0000022721af0f80,
0x0000022721af1b30, 0x0000022721af45f0, 0x0000022721af4fa0, 0x0000022721af5d30,
0x0000022721afe7d0, 0x00000227260627c0, 0x0000022721ac1310, 0x0000022726323c10,
0x0000022726590de0, 0x0000022726b31890, 0x0000022726b323d0, 0x00000227269fd350,
0x00000227269f4570, 0x0000022726e313d0, 0x0000022726de3e90, 0x0000022726e29ec0,
0x0000022726e2c540, 0x0000022726e2b6d0, 0x0000022726e2d3b0, 0x00000227292b7f50,
0x00000227292b5da0, 0x00000227292b4590, 0x00000227292b58d0, 0x00000227292b8420
}

Java Threads: ( => current thread )
  0x000002277d41da00 JavaThread "main" [_thread_blocked, id=3916, stack(0x0000009ea3400000,0x0000009ea3500000)]
  0x0000022721ada9d0 JavaThread "Reference Handler" daemon [_thread_blocked, id=13724, stack(0x0000009ea3b00000,0x0000009ea3c00000)]
  0x0000022721adb840 JavaThread "Finalizer" daemon [_thread_blocked, id=16872, stack(0x0000009ea3c00000,0x0000009ea3d00000)]
  0x0000022721af0f80 JavaThread "Signal Dispatcher" daemon [_thread_blocked, id=3328, stack(0x0000009ea3d00000,0x0000009ea3e00000)]
  0x0000022721af1b30 JavaThread "Attach Listener" daemon [_thread_blocked, id=18948, stack(0x0000009ea3e00000,0x0000009ea3f00000)]
  0x0000022721af45f0 JavaThread "Service Thread" daemon [_thread_blocked, id=18120, stack(0x0000009ea3f00000,0x0000009ea4000000)]
  0x0000022721af4fa0 JavaThread "Monitor Deflation Thread" daemon [_thread_blocked, id=10832, stack(0x0000009ea4000000,0x0000009ea4100000)]
  0x0000022721af5d30 JavaThread "C2 CompilerThread0" daemon [_thread_blocked, id=2404, stack(0x0000009ea4100000,0x0000009ea4200000)]
  0x0000022721afe7d0 JavaThread "C1 CompilerThread0" daemon [_thread_blocked, id=17072, stack(0x0000009ea4200000,0x0000009ea4300000)]
  0x00000227260627c0 JavaThread "Sweeper thread" daemon [_thread_blocked, id=18872, stack(0x0000009ea4300000,0x0000009ea4400000)]
  0x0000022721ac1310 JavaThread "Common-Cleaner" daemon [_thread_blocked, id=6668, stack(0x0000009ea4400000,0x0000009ea4500000)]
  0x0000022726323c10 JavaThread "Monitor Ctrl-Break" daemon [_thread_in_native, id=17284, stack(0x0000009ea4600000,0x0000009ea4700000)]
  0x0000022726590de0 JavaThread "Notification Thread" daemon [_thread_blocked, id=8104, stack(0x0000009ea4700000,0x0000009ea4800000)]
  0x0000022726b31890 JavaThread "Java2D Disposer" daemon [_thread_blocked, id=1280, stack(0x0000009ea4c00000,0x0000009ea4d00000)]
  0x0000022726b323d0 JavaThread "AWT-Shutdown" [_thread_blocked, id=3160, stack(0x0000009ea4d00000,0x0000009ea4e00000)]
  0x00000227269fd350 JavaThread "AWT-Windows" daemon [_thread_in_native, id=18392, stack(0x0000009ea4e00000,0x0000009ea4f00000)]
=>0x00000227269f4570 JavaThread "AWT-EventQueue-0" [_thread_in_native, id=780, stack(0x0000009ea4f00000,0x0000009ea5000000)]
  0x0000022726e313d0 JavaThread "Reference Cleaner" daemon [_thread_blocked, id=16136, stack(0x0000009ea4500000,0x0000009ea4600000)]
  0x0000022726de3e90 JavaThread "DefaultDispatcher-worker-1" daemon [_thread_blocked, id=19116, stack(0x0000009ea5000000,0x0000009ea5100000)]
  0x0000022726e29ec0 JavaThread "DefaultDispatcher-worker-2" daemon [_thread_blocked, id=7092, stack(0x0000009ea5100000,0x0000009ea5200000)]
  0x0000022726e2c540 JavaThread "kotlinx.coroutines.DefaultExecutor" daemon [_thread_blocked, id=14196, stack(0x0000009ea5400000,0x0000009ea5500000)]
  0x0000022726e2b6d0 JavaThread "TimerQueue" daemon [_thread_blocked, id=19144, stack(0x0000009ea5200000,0x0000009ea5300000)]
  0x0000022726e2d3b0 JavaThread "RealmFinalizingDaemon" daemon [_thread_blocked, id=19448, stack(0x0000009ea5a00000,0x0000009ea5b00000)]
  0x00000227292b7f50 JavaThread "core-notifier" daemon [_thread_in_native, id=2980, stack(0x0000009ea5c00000,0x0000009ea5d00000)]
  0x00000227292b5da0 JavaThread "DefaultDispatcher-worker-3" daemon [_thread_blocked, id=1184, stack(0x0000009ea5f00000,0x0000009ea6000000)]
  0x00000227292b4590 JavaThread "DefaultDispatcher-worker-4" daemon [_thread_blocked, id=2648, stack(0x0000009ea3200000,0x0000009ea3300000)]
  0x00000227292b58d0 JavaThread "SIGINT handler" daemon [_thread_blocked, id=16648, stack(0x0000009ea5300000,0x0000009ea5400000)]
  0x00000227292b8420 JavaThread "ToolkitShutdown" daemon [_thread_in_native, id=9740, stack(0x0000009ea5d00000,0x0000009ea5e00000)]

Other Threads:
  0x0000022721ad5110 VMThread "VM Thread" [stack: 0x0000009ea3a00000,0x0000009ea3b00000] [id=6784]
  0x00000227263244f0 WatcherThread [stack: 0x0000009ea4800000,0x0000009ea4900000] [id=6524]
  0x000002277d487b90 GCTaskThread "GC Thread#0" [stack: 0x0000009ea3500000,0x0000009ea3600000] [id=18564]
  0x00000227268b2990 GCTaskThread "GC Thread#1" [stack: 0x0000009ea4900000,0x0000009ea4a00000] [id=7224]
  0x00000227268b39b0 GCTaskThread "GC Thread#2" [stack: 0x0000009ea4a00000,0x0000009ea4b00000] [id=5980]
  0x00000227268b3c60 GCTaskThread "GC Thread#3" [stack: 0x0000009ea4b00000,0x0000009ea4c00000] [id=8500]
  0x000002277d34dee0 ConcurrentGCThread "G1 Main Marker" [stack: 0x0000009ea3600000,0x0000009ea3700000] [id=17912]
  0x000002277d34e8f0 ConcurrentGCThread "G1 Conc#0" [stack: 0x0000009ea3700000,0x0000009ea3800000] [id=7944]
  0x000002277d4ce4d0 ConcurrentGCThread "G1 Refine#0" [stack: 0x0000009ea3800000,0x0000009ea3900000] [id=8356]
  0x000002272198e130 ConcurrentGCThread "G1 Service" [stack: 0x0000009ea3900000,0x0000009ea3a00000] [id=8924]

Threads with active compile tasks:

VM state: not at safepoint (normal execution)

VM Mutex/Monitor currently owned by a thread: None

Heap address: 0x0000000702600000, size: 4058 MB, Compressed Oops mode: Zero based, Oop shift amount: 3

CDS archive(s) mapped at: [0x0000000800000000-0x0000000800bc0000-0x0000000800bc0000), size 12320768, SharedBaseAddress: 0x0000000800000000, ArchiveRelocationMode: 0.
Compressed class space mapped at: 0x0000000801000000-0x0000000841000000, reserved size: 1073741824
Narrow klass base: 0x0000000800000000, Narrow klass shift: 0, Narrow klass range: 0x100000000

GC Precious Log:
 CPUs: 4 total, 4 available
 Memory: 16224M
 Large Page Support: Disabled
 NUMA Support: Disabled
 Compressed Oops: Enabled (Zero based)
 Heap Region Size: 2M
 Heap Min Capacity: 8M
 Heap Initial Capacity: 254M
 Heap Max Capacity: 4058M
 Pre-touch: Disabled
 Parallel Workers: 4
 Concurrent Workers: 1
 Concurrent Refinement Workers: 4
 Periodic GC: Disabled

Heap:
 garbage-first heap   total 90112K, used 28713K [0x0000000702600000, 0x0000000800000000)
  region size 2048K, 4 young (8192K), 1 survivors (2048K)
 Metaspace       used 36431K, committed 36672K, reserved 1114112K
  class space    used 3849K, committed 3968K, reserved 1048576K

Heap Regions: E=young(eden), S=young(survivor), O=old, HS=humongous(starts), HC=humongous(continues), CS=collection set, F=free, OA=open archive, CA=closed archive, TAMS=top-at-mark-start (previous, next)
|   0|0x0000000702600000, 0x0000000702800000, 0x0000000702800000|100%|HS|  |TAMS 0x0000000702800000, 0x0000000702600000| Untracked 
|   1|0x0000000702800000, 0x00000007029ffff8, 0x0000000702a00000| 99%| O|  |TAMS 0x00000007029ffff8, 0x0000000702800000| Untracked 
|   2|0x0000000702a00000, 0x0000000702c00000, 0x0000000702c00000|100%| O|  |TAMS 0x0000000702c00000, 0x0000000702a00000| Untracked 
|   3|0x0000000702c00000, 0x0000000702dfc008, 0x0000000702e00000| 99%| O|  |TAMS 0x0000000702c00000, 0x0000000702c00000| Untracked 
|   4|0x0000000702e00000, 0x0000000703000000, 0x0000000703000000|100%| O|  |TAMS 0x0000000703000000, 0x0000000702e00000| Untracked 
|   5|0x0000000703000000, 0x00000007031ff818, 0x0000000703200000| 99%| O|  |TAMS 0x00000007031ff818, 0x0000000703000000| Untracked 
|   6|0x0000000703200000, 0x00000007033e4070, 0x0000000703400000| 94%| O|  |TAMS 0x0000000703200000, 0x0000000703200000| Untracked 
|   7|0x0000000703400000, 0x000000070341abe8, 0x0000000703600000|  5%| O|  |TAMS 0x0000000703400000, 0x0000000703400000| Untracked 
|   8|0x0000000703600000, 0x0000000703600000, 0x0000000703800000|  0%| F|  |TAMS 0x0000000703600000, 0x0000000703600000| Untracked 
|   9|0x0000000703800000, 0x0000000703800000, 0x0000000703a00000|  0%| F|  |TAMS 0x0000000703800000, 0x0000000703800000| Untracked 
|  10|0x0000000703a00000, 0x0000000703c00000, 0x0000000703c00000|100%| O|  |TAMS 0x0000000703c00000, 0x0000000703a00000| Untracked 
|  11|0x0000000703c00000, 0x0000000703c00000, 0x0000000703e00000|  0%| F|  |TAMS 0x0000000703c00000, 0x0000000703c00000| Untracked 
|  12|0x0000000703e00000, 0x0000000703e00000, 0x0000000704000000|  0%| F|  |TAMS 0x0000000703e00000, 0x0000000703e00000| Untracked 
|  13|0x0000000704000000, 0x0000000704000000, 0x0000000704200000|  0%| F|  |TAMS 0x0000000704000000, 0x0000000704000000| Untracked 
|  14|0x0000000704200000, 0x0000000704200000, 0x0000000704400000|  0%| F|  |TAMS 0x0000000704200000, 0x0000000704200000| Untracked 
|  15|0x0000000704400000, 0x0000000704400000, 0x0000000704600000|  0%| F|  |TAMS 0x0000000704400000, 0x0000000704400000| Untracked 
|  16|0x0000000704600000, 0x00000007046101e8, 0x0000000704800000|  3%| S|CS|TAMS 0x0000000704600000, 0x0000000704600000| Complete 
|  17|0x0000000704800000, 0x0000000704a00000, 0x0000000704a00000|100%|HS|  |TAMS 0x0000000704a00000, 0x0000000704800000| Untracked 
|  18|0x0000000704a00000, 0x0000000704c00000, 0x0000000704c00000|100%|HC|  |TAMS 0x0000000704c00000, 0x0000000704a00000| Untracked 
|  19|0x0000000704c00000, 0x0000000704e00000, 0x0000000704e00000|100%|HC|  |TAMS 0x0000000704e00000, 0x0000000704c00000| Untracked 
|  20|0x0000000704e00000, 0x0000000705000000, 0x0000000705000000|100%|HC|  |TAMS 0x0000000705000000, 0x0000000704e00000| Untracked 
|  21|0x0000000705000000, 0x0000000705000000, 0x0000000705200000|  0%| F|  |TAMS 0x0000000705000000, 0x0000000705000000| Untracked 
|  22|0x0000000705200000, 0x0000000705200000, 0x0000000705400000|  0%| F|  |TAMS 0x0000000705200000, 0x0000000705200000| Untracked 
|  23|0x0000000705400000, 0x0000000705400000, 0x0000000705600000|  0%| F|  |TAMS 0x0000000705400000, 0x0000000705400000| Untracked 
|  24|0x0000000705600000, 0x0000000705600000, 0x0000000705800000|  0%| F|  |TAMS 0x0000000705600000, 0x0000000705600000| Untracked 
|  25|0x0000000705800000, 0x0000000705800000, 0x0000000705a00000|  0%| F|  |TAMS 0x0000000705800000, 0x0000000705800000| Untracked 
|  26|0x0000000705a00000, 0x0000000705a00000, 0x0000000705c00000|  0%| F|  |TAMS 0x0000000705a00000, 0x0000000705a00000| Untracked 
|  27|0x0000000705c00000, 0x0000000705c00000, 0x0000000705e00000|  0%| F|  |TAMS 0x0000000705c00000, 0x0000000705c00000| Untracked 
|  28|0x0000000705e00000, 0x0000000705e00000, 0x0000000706000000|  0%| F|  |TAMS 0x0000000705e00000, 0x0000000705e00000| Untracked 
|  29|0x0000000706000000, 0x0000000706000000, 0x0000000706200000|  0%| F|  |TAMS 0x0000000706000000, 0x0000000706000000| Untracked 
|  30|0x0000000706200000, 0x0000000706200000, 0x0000000706400000|  0%| F|  |TAMS 0x0000000706200000, 0x0000000706200000| Untracked 
|  31|0x0000000706400000, 0x0000000706400000, 0x0000000706600000|  0%| F|  |TAMS 0x0000000706400000, 0x0000000706400000| Untracked 
|  32|0x0000000706600000, 0x0000000706600000, 0x0000000706800000|  0%| F|  |TAMS 0x0000000706600000, 0x0000000706600000| Untracked 
|  33|0x0000000706800000, 0x0000000706800000, 0x0000000706a00000|  0%| F|  |TAMS 0x0000000706800000, 0x0000000706800000| Untracked 
|  34|0x0000000706a00000, 0x0000000706a00000, 0x0000000706c00000|  0%| F|  |TAMS 0x0000000706a00000, 0x0000000706a00000| Untracked 
|  35|0x0000000706c00000, 0x0000000706c00000, 0x0000000706e00000|  0%| F|  |TAMS 0x0000000706c00000, 0x0000000706c00000| Untracked 
|  36|0x0000000706e00000, 0x0000000706e00000, 0x0000000707000000|  0%| F|  |TAMS 0x0000000706e00000, 0x0000000706e00000| Untracked 
|  37|0x0000000707000000, 0x0000000707000000, 0x0000000707200000|  0%| F|  |TAMS 0x0000000707000000, 0x0000000707000000| Untracked 
|  38|0x0000000707200000, 0x0000000707200000, 0x0000000707400000|  0%| F|  |TAMS 0x0000000707200000, 0x0000000707200000| Untracked 
|  39|0x0000000707400000, 0x0000000707400000, 0x0000000707600000|  0%| F|  |TAMS 0x0000000707400000, 0x0000000707400000| Untracked 
|  40|0x0000000707600000, 0x0000000707600000, 0x0000000707800000|  0%| F|  |TAMS 0x0000000707600000, 0x0000000707600000| Untracked 
|  41|0x0000000707800000, 0x00000007078bb1f8, 0x0000000707a00000| 36%| E|  |TAMS 0x0000000707800000, 0x0000000707800000| Complete 
|  42|0x0000000707a00000, 0x0000000707c00000, 0x0000000707c00000|100%| E|CS|TAMS 0x0000000707a00000, 0x0000000707a00000| Complete 
|  43|0x0000000707c00000, 0x0000000707e00000, 0x0000000707e00000|100%| E|CS|TAMS 0x0000000707c00000, 0x0000000707c00000| Complete 

Card table byte_map: [0x0000022716a40000,0x0000022717230000] _byte_map_base: 0x000002271322d000

Marking Bits (Prev, Next): (CMBitMap*) 0x000002277d4881a0, (CMBitMap*) 0x000002277d4881e0
 Prev Bits: [0x0000022717a20000, 0x000002271b988000)
 Next Bits: [0x000002271b990000, 0x000002271f8f8000)

Polling page: 0x000002277d4d0000

Metaspace:

Usage:
  Non-class:     31.82 MB used.
      Class:      3.76 MB used.
       Both:     35.58 MB used.

Virtual space:
  Non-class space:       64.00 MB reserved,      31.94 MB ( 50%) committed,  1 nodes.
      Class space:        1.00 GB reserved,       3.88 MB ( <1%) committed,  1 nodes.
             Both:        1.06 GB reserved,      35.81 MB (  3%) committed. 

Chunk freelists:
   Non-Class:  15.28 MB
       Class:  12.16 MB
        Both:  27.44 MB

MaxMetaspaceSize: unlimited
CompressedClassSpaceSize: 1.00 GB
Initial GC threshold: 21.00 MB
Current GC threshold: 59.50 MB
CDS: on
MetaspaceReclaimPolicy: balanced
 - commit_granule_bytes: 65536.
 - commit_granule_words: 8192.
 - virtual_space_node_default_size: 8388608.
 - enlarge_chunks_in_place: 1.
 - new_chunks_are_fully_committed: 0.
 - uncommit_free_chunks: 1.
 - use_allocation_guard: 0.
 - handle_deallocations: 1.


Internal statistics:

num_allocs_failed_limit: 3.
num_arena_births: 162.
num_arena_deaths: 0.
num_vsnodes_births: 2.
num_vsnodes_deaths: 0.
num_space_committed: 573.
num_space_uncommitted: 0.
num_chunks_returned_to_freelist: 3.
num_chunks_taken_from_freelist: 1129.
num_chunk_merges: 3.
num_chunk_splits: 975.
num_chunks_enlarged: 896.
num_inconsistent_stats: 0.

CodeHeap 'non-profiled nmethods': size=120000Kb used=4809Kb max_used=5297Kb free=115190Kb
 bounds [0x000002270f510000, 0x000002270fa40000, 0x0000022716a40000]
CodeHeap 'profiled nmethods': size=120000Kb used=12267Kb max_used=14148Kb free=107732Kb
 bounds [0x0000022707a40000, 0x0000022708820000, 0x000002270ef70000]
CodeHeap 'non-nmethods': size=5760Kb used=1893Kb max_used=1976Kb free=3866Kb
 bounds [0x000002270ef70000, 0x000002270f1e0000, 0x000002270f510000]
 total_blobs=7655 nmethods=6277 adapters=1289
 compilation: enabled
              stopped_count=0, restarted_count=0
 full_count=0

Compilation events (20 events):
Event: 123.561 Thread 0x0000022721afe7d0 nmethod 7570 0x0000022707d86990 code [0x0000022707d87360, 0x0000022707d8d098]
Event: 123.640 Thread 0x0000022721af5d30 7571       4       androidx.compose.runtime.snapshots.SnapshotStateObserver$ObservedScopeMap::notifyInvalidatedScopes (57 bytes)
Event: 123.647 Thread 0x0000022721af5d30 nmethod 7571 0x000002270f7cfa90 code [0x000002270f7cfc20, 0x000002270f7d0058]
Event: 127.620 Thread 0x0000022721af5d30 7572       4       androidx.compose.runtime.snapshots.SnapshotIdSet::or (235 bytes)
Event: 127.661 Thread 0x0000022721af5d30 nmethod 7572 0x000002270f778690 code [0x000002270f778a00, 0x000002270f77a488]
Event: 131.834 Thread 0x0000022721af5d30 7573   !   4       androidx.compose.runtime.CompositionImpl::recompose (223 bytes)
Event: 131.983 Thread 0x0000022721af5d30 nmethod 7573 0x000002270f610e90 code [0x000002270f6110c0, 0x000002270f6121f0]
Event: 133.265 Thread 0x0000022721af5d30 7574   !   4       androidx.compose.runtime.snapshots.MutableSnapshot::innerApplyLocked$runtime (621 bytes)
Event: 133.352 Thread 0x0000022721af5d30 nmethod 7574 0x000002270f775a90 code [0x000002270f775cc0, 0x000002270f777478]
Event: 149.958 Thread 0x0000022721af5d30 7575       4       java.util.concurrent.atomic.AtomicLong::getAndIncrement (12 bytes)
Event: 149.959 Thread 0x0000022721af5d30 nmethod 7575 0x000002270f610b90 code [0x000002270f610d00, 0x000002270f610d78]
Event: 150.554 Thread 0x0000022721afe7d0 7576       3       kotlinx.coroutines.scheduling.CoroutineScheduler$Worker::tryPark (114 bytes)
Event: 150.555 Thread 0x0000022721afe7d0 nmethod 7576 0x0000022707e96610 code [0x0000022707e96840, 0x0000022707e96f38]
Event: 154.817 Thread 0x0000022721af5d30 7577       4       kotlinx.coroutines.scheduling.CoroutineScheduler$Worker::tryReleaseCpu (56 bytes)
Event: 154.819 Thread 0x0000022721af5d30 nmethod 7577 0x000002270f8f0290 code [0x000002270f8f0400, 0x000002270f8f05d8]
Event: 173.050 Thread 0x0000022721af5d30 7578       4       kotlinx.coroutines.scheduling.CoroutineScheduler$Worker::tryPark (114 bytes)
Event: 173.056 Thread 0x0000022721af5d30 nmethod 7578 0x000002270f7ceb90 code [0x000002270f7ced60, 0x000002270f7cf378]
Event: 178.599 Thread 0x0000022721afe7d0 7579       3       java.util.IdentityHashMap$IdentityHashMapIterator::nextIndex (72 bytes)
Event: 178.600 Thread 0x0000022721afe7d0 nmethod 7579 0x0000022707d86210 code [0x0000022707d863e0, 0x0000022707d86828]
Event: 178.617 Thread 0x0000022721af5d30 7580       4       kotlinx.coroutines.CancellableContinuationImpl::tryResume (8 bytes)

GC Heap History (20 events):
Event: 32.237 GC heap before
{Heap before GC invocations=9 (full 0):
 garbage-first heap   total 155648K, used 114749K [0x0000000702600000, 0x0000000800000000)
  region size 2048K, 44 young (90112K), 1 survivors (2048K)
 Metaspace       used 34599K, committed 34880K, reserved 1114112K
  class space    used 3726K, committed 3840K, reserved 1048576K
}
Event: 32.265 GC heap after
{Heap after GC invocations=10 (full 1):
 garbage-first heap   total 96256K, used 24289K [0x0000000702600000, 0x0000000800000000)
  region size 2048K, 0 young (0K), 0 survivors (0K)
 Metaspace       used 34599K, committed 34880K, reserved 1114112K
  class space    used 3726K, committed 3840K, reserved 1048576K
}
Event: 45.887 GC heap before
{Heap before GC invocations=10 (full 1):
 garbage-first heap   total 96256K, used 71393K [0x0000000702600000, 0x0000000800000000)
  region size 2048K, 23 young (47104K), 0 survivors (0K)
 Metaspace       used 36052K, committed 36352K, reserved 1114112K
  class space    used 3833K, committed 3968K, reserved 1048576K
}
Event: 45.895 GC heap after
{Heap after GC invocations=11 (full 1):
 garbage-first heap   total 96256K, used 29536K [0x0000000702600000, 0x0000000800000000)
  region size 2048K, 3 young (6144K), 3 survivors (6144K)
 Metaspace       used 36052K, committed 36352K, reserved 1114112K
  class space    used 3833K, committed 3968K, reserved 1048576K
}
Event: 62.277 GC heap before
{Heap before GC invocations=11 (full 1):
 garbage-first heap   total 96256K, used 64352K [0x0000000702600000, 0x0000000800000000)
  region size 2048K, 21 young (43008K), 3 survivors (6144K)
 Metaspace       used 36098K, committed 36352K, reserved 1114112K
  class space    used 3834K, committed 3968K, reserved 1048576K
}
Event: 62.314 GC heap after
{Heap after GC invocations=12 (full 2):
 garbage-first heap   total 96256K, used 24449K [0x0000000702600000, 0x0000000800000000)
  region size 2048K, 0 young (0K), 0 survivors (0K)
 Metaspace       used 36098K, committed 36352K, reserved 1114112K
  class space    used 3834K, committed 3968K, reserved 1048576K
}
Event: 83.260 GC heap before
{Heap before GC invocations=12 (full 2):
 garbage-first heap   total 96256K, used 69505K [0x0000000702600000, 0x0000000800000000)
  region size 2048K, 22 young (45056K), 0 survivors (0K)
 Metaspace       used 36142K, committed 36416K, reserved 1114112K
  class space    used 3834K, committed 3968K, reserved 1048576K
}
Event: 83.262 GC heap after
{Heap after GC invocations=13 (full 2):
 garbage-first heap   total 96256K, used 25212K [0x0000000702600000, 0x0000000800000000)
  region size 2048K, 1 young (2048K), 1 survivors (2048K)
 Metaspace       used 36142K, committed 36416K, reserved 1114112K
  class space    used 3834K, committed 3968K, reserved 1048576K
}
Event: 92.328 GC heap before
{Heap before GC invocations=13 (full 2):
 garbage-first heap   total 96256K, used 49788K [0x0000000702600000, 0x0000000800000000)
  region size 2048K, 14 young (28672K), 1 survivors (2048K)
 Metaspace       used 36304K, committed 36544K, reserved 1114112K
  class space    used 3834K, committed 3968K, reserved 1048576K
}
Event: 92.353 GC heap after
{Heap after GC invocations=14 (full 3):
 garbage-first heap   total 90112K, used 24598K [0x0000000702600000, 0x0000000800000000)
  region size 2048K, 0 young (0K), 0 survivors (0K)
 Metaspace       used 36304K, committed 36544K, reserved 1114112K
  class space    used 3834K, committed 3968K, reserved 1048576K
}
Event: 112.534 GC heap before
{Heap before GC invocations=14 (full 3):
 garbage-first heap   total 90112K, used 67606K [0x0000000702600000, 0x0000000800000000)
  region size 2048K, 21 young (43008K), 0 survivors (0K)
 Metaspace       used 36306K, committed 36544K, reserved 1114112K
  class space    used 3834K, committed 3968K, reserved 1048576K
}
Event: 112.535 GC heap after
{Heap after GC invocations=15 (full 3):
 garbage-first heap   total 90112K, used 24830K [0x0000000702600000, 0x0000000800000000)
  region size 2048K, 1 young (2048K), 1 survivors (2048K)
 Metaspace       used 36306K, committed 36544K, reserved 1114112K
  class space    used 3834K, committed 3968K, reserved 1048576K
}
Event: 122.368 GC heap before
{Heap before GC invocations=15 (full 3):
 garbage-first heap   total 90112K, used 47358K [0x0000000702600000, 0x0000000800000000)
  region size 2048K, 13 young (26624K), 1 survivors (2048K)
 Metaspace       used 36343K, committed 36544K, reserved 1114112K
  class space    used 3835K, committed 3968K, reserved 1048576K
}
Event: 122.398 GC heap after
{Heap after GC invocations=16 (full 4):
 garbage-first heap   total 90112K, used 24505K [0x0000000702600000, 0x0000000800000000)
  region size 2048K, 0 young (0K), 0 survivors (0K)
 Metaspace       used 36343K, committed 36544K, reserved 1114112K
  class space    used 3835K, committed 3968K, reserved 1048576K
}
Event: 144.622 GC heap before
{Heap before GC invocations=16 (full 4):
 garbage-first heap   total 90112K, used 69561K [0x0000000702600000, 0x0000000800000000)
  region size 2048K, 22 young (45056K), 0 survivors (0K)
 Metaspace       used 36346K, committed 36544K, reserved 1114112K
  class space    used 3835K, committed 3968K, reserved 1048576K
}
Event: 144.623 GC heap after
{Heap after GC invocations=17 (full 4):
 garbage-first heap   total 90112K, used 24720K [0x0000000702600000, 0x0000000800000000)
  region size 2048K, 1 young (2048K), 1 survivors (2048K)
 Metaspace       used 36346K, committed 36544K, reserved 1114112K
  class space    used 3835K, committed 3968K, reserved 1048576K
}
Event: 152.439 GC heap before
{Heap before GC invocations=17 (full 4):
 garbage-first heap   total 90112K, used 39056K [0x0000000702600000, 0x0000000800000000)
  region size 2048K, 9 young (18432K), 1 survivors (2048K)
 Metaspace       used 36346K, committed 36544K, reserved 1114112K
  class space    used 3835K, committed 3968K, reserved 1048576K
}
Event: 152.477 GC heap after
{Heap after GC invocations=18 (full 5):
 garbage-first heap   total 90112K, used 24553K [0x0000000702600000, 0x0000000800000000)
  region size 2048K, 0 young (0K), 0 survivors (0K)
 Metaspace       used 36346K, committed 36544K, reserved 1114112K
  class space    used 3835K, committed 3968K, reserved 1048576K
}
Event: 177.178 GC heap before
{Heap before GC invocations=18 (full 5):
 garbage-first heap   total 90112K, used 71657K [0x0000000702600000, 0x0000000800000000)
  region size 2048K, 23 young (47104K), 0 survivors (0K)
 Metaspace       used 36346K, committed 36544K, reserved 1114112K
  class space    used 3835K, committed 3968K, reserved 1048576K
}
Event: 177.180 GC heap after
{Heap after GC invocations=19 (full 5):
 garbage-first heap   total 90112K, used 24617K [0x0000000702600000, 0x0000000800000000)
  region size 2048K, 1 young (2048K), 1 survivors (2048K)
 Metaspace       used 36346K, committed 36544K, reserved 1114112K
  class space    used 3835K, committed 3968K, reserved 1048576K
}

Dll operation events (14 events):
Event: 0.012 Loaded shared library C:\Users\HP\.jdks\corretto-17.0.7\bin\java.dll
Event: 0.028 Loaded shared library C:\Users\HP\.jdks\corretto-17.0.7\bin\jsvml.dll
Event: 0.300 Loaded shared library C:\Users\HP\.jdks\corretto-17.0.7\bin\zip.dll
Event: 0.302 Loaded shared library C:\Users\HP\.jdks\corretto-17.0.7\bin\instrument.dll
Event: 0.309 Loaded shared library C:\Users\HP\.jdks\corretto-17.0.7\bin\net.dll
Event: 0.311 Loaded shared library C:\Users\HP\.jdks\corretto-17.0.7\bin\nio.dll
Event: 0.315 Loaded shared library C:\Users\HP\.jdks\corretto-17.0.7\bin\zip.dll
Event: 0.416 Loaded shared library C:\Program Files\JetBrains\IntelliJ IDEA Community Edition 2021.3.2\bin\breakgen64.dll
Event: 0.609 Loaded shared library C:\Users\HP\.jdks\corretto-17.0.7\bin\jimage.dll
Event: 0.614 Loaded shared library C:\Users\HP\.jdks\corretto-17.0.7\bin\awt.dll
Event: 2.030 Loaded shared library C:\Users\HP\.skiko\0de0d8dd8554d9bb66cfca3837db6514ff9b71080e998917280a3b777460a416\skiko-windows-x64.dll
Event: 2.855 Loaded shared library C:\Users\HP\.jdks\corretto-17.0.7\bin\freetype.dll
Event: 2.856 Loaded shared library C:\Users\HP\.jdks\corretto-17.0.7\bin\fontmanager.dll
Event: 7.117 Loaded shared library C:\Users\HP\AppData\Local\io-realm-kotlin\f7113120ba00ba1ff91d696eecd3919e85a4e34e\realmc.dll

Deoptimization events (20 events):
Event: 152.478 Thread 0x00000227292b4590 Uncommon trap: trap_request=0xffffff45 fr.pc=0x000002270fa02b54 relative=0x0000000000000574
Event: 152.478 Thread 0x00000227292b4590 Uncommon trap: reason=unstable_if action=reinterpret pc=0x000002270fa02b54 method=kotlinx.coroutines.scheduling.CoroutineScheduler$Worker.park()V @ 44 c2
Event: 152.478 Thread 0x00000227292b4590 DEOPT PACKING pc=0x000002270fa02b54 sp=0x0000009ea32ff610
Event: 152.478 Thread 0x00000227292b4590 DEOPT UNPACKING pc=0x000002270efc69a3 sp=0x0000009ea32ff588 mode 2
Event: 178.611 Thread 0x00000227292b9760 Uncommon trap: trap_request=0xffffff5c fr.pc=0x000002270f9d1300 relative=0x0000000000000300
Event: 178.611 Thread 0x00000227292b9760 Uncommon trap: reason=speculate_null_check action=make_not_entrant pc=0x000002270f9d1300 method=java.util.concurrent.locks.AbstractQueuedSynchronizer.enqueue(Ljava/util/concurrent/locks/AbstractQueuedSynchronizer$Node;)V @ 15 c2
Event: 178.611 Thread 0x00000227292b9760 DEOPT PACKING pc=0x000002270f9d1300 sp=0x0000009ea5efe4e0
Event: 178.611 Thread 0x00000227292b9760 DEOPT UNPACKING pc=0x000002270efc69a3 sp=0x0000009ea5efe498 mode 2
Event: 178.612 Thread 0x00000227292b9760 Uncommon trap: trap_request=0xffffffc6 fr.pc=0x000002270fa2ef08 relative=0x0000000000000068
Event: 178.612 Thread 0x00000227292b9760 Uncommon trap: reason=bimorphic_or_optimized_type_check action=maybe_recompile pc=0x000002270fa2ef08 method=kotlinx.coroutines.AbstractCoroutine.afterResume(Ljava/lang/Object;)V @ 2 c2
Event: 178.612 Thread 0x00000227292b9760 DEOPT PACKING pc=0x000002270fa2ef08 sp=0x0000009ea5efeb40
Event: 178.612 Thread 0x00000227292b9760 DEOPT UNPACKING pc=0x000002270efc69a3 sp=0x0000009ea5efeac8 mode 2
Event: 178.616 Thread 0x00000227292ba5d0 Uncommon trap: trap_request=0xffffffc6 fr.pc=0x000002270fa2ef08 relative=0x0000000000000068
Event: 178.616 Thread 0x00000227292ba5d0 Uncommon trap: reason=bimorphic_or_optimized_type_check action=maybe_recompile pc=0x000002270fa2ef08 method=kotlinx.coroutines.AbstractCoroutine.afterResume(Ljava/lang/Object;)V @ 2 c2
Event: 178.616 Thread 0x00000227292ba5d0 DEOPT PACKING pc=0x000002270fa2ef08 sp=0x0000009ea58fefb0
Event: 178.616 Thread 0x00000227292ba5d0 DEOPT UNPACKING pc=0x000002270efc69a3 sp=0x0000009ea58fef38 mode 2
Event: 178.617 Thread 0x00000227292b9760 Uncommon trap: trap_request=0xffffffc6 fr.pc=0x000002270fa2ef08 relative=0x0000000000000068
Event: 178.617 Thread 0x00000227292b9760 Uncommon trap: reason=bimorphic_or_optimized_type_check action=maybe_recompile pc=0x000002270fa2ef08 method=kotlinx.coroutines.AbstractCoroutine.afterResume(Ljava/lang/Object;)V @ 2 c2
Event: 178.617 Thread 0x00000227292b9760 DEOPT PACKING pc=0x000002270fa2ef08 sp=0x0000009ea5eff060
Event: 178.617 Thread 0x00000227292b9760 DEOPT UNPACKING pc=0x000002270efc69a3 sp=0x0000009ea5efefe8 mode 2

Classes unloaded (0 events):
No events

Classes redefined (0 events):
No events

Internal exceptions (20 events):
Event: 1.774 Thread 0x00000227269f4570 Exception <a 'java/lang/NoSuchMethodError'{0x0000000711de80f8}: 'java.lang.Object java.lang.invoke.DirectMethodHandle$Holder.newInvokeSpecial(java.lang.Object, double)'> (0x0000000711de80f8) 
thrown [s\src\hotspot\share\interpreter\linkResolver.cpp, line 759]
Event: 2.330 Thread 0x00000227269f4570 Exception <a 'java/lang/NoSuchMethodError'{0x0000000710cd21f0}: 'void java.lang.invoke.DirectMethodHandle$Holder.invokeSpecial(java.lang.Object, java.lang.Object, java.lang.Object)'> (0x0000000710cd21f0) 
thrown [s\src\hotspot\share\interpreter\linkResolver.cpp, line 759]
Event: 2.344 Thread 0x00000227269f4570 Exception <a 'java/lang/NoSuchMethodError'{0x0000000710cfc5c0}: 'java.lang.Object java.lang.invoke.DirectMethodHandle$Holder.newInvokeSpecial(java.lang.Object, java.lang.Object, java.lang.Object, java.lang.Object, java.lang.Object)'> (0x0000000710cfc5c0) 
thrown [s\src\hotspot\share\interpreter\linkResolver.cpp, line 759]
Event: 2.352 Thread 0x00000227269f4570 Exception <a 'java/lang/NoSuchMethodError'{0x0000000710d08230}: 'java.lang.Object java.lang.invoke.DirectMethodHandle$Holder.invokeStatic(java.lang.Object, int, java.lang.Object, java.lang.Object, java.lang.Object, java.lang.Object)'> (0x0000000710d08230) 
thrown [s\src\hotspot\share\interpreter\linkResolver.cpp, line 759]
Event: 2.362 Thread 0x00000227269f4570 Exception <a 'java/lang/NoSuchMethodError'{0x0000000710d2dc98}: 'java.lang.Object java.lang.invoke.DirectMethodHandle$Holder.invokeStatic(java.lang.Object, int, java.lang.Object)'> (0x0000000710d2dc98) 
thrown [s\src\hotspot\share\interpreter\linkResolver.cpp, line 759]
Event: 2.419 Thread 0x00000227269f4570 Exception <a 'java/lang/ClassNotFoundException'{0x0000000710dea490}: com/sun/swing/internal/plaf/metal/resources/spi/metalProvider> (0x0000000710dea490) 
thrown [s\src\hotspot\share\classfile\systemDictionary.cpp, line 256]
Event: 2.420 Thread 0x00000227269f4570 Exception <a 'java/lang/ClassNotFoundException'{0x0000000710dee430}: com/sun/swing/internal/plaf/basic/resources/spi/basicProvider> (0x0000000710dee430) 
thrown [s\src\hotspot\share\classfile\systemDictionary.cpp, line 256]
Event: 2.439 Thread 0x00000227269f4570 Implicit null exception at 0x000002270f53ed90 to 0x000002270f53f164
Event: 2.439 Thread 0x00000227269f4570 Implicit null exception at 0x000002270f539110 to 0x000002270f5394c8
Event: 2.647 Thread 0x00000227269f4570 Exception <a 'java/lang/NoSuchMethodError'{0x0000000710aff3e8}: 'void java.lang.invoke.DirectMethodHandle$Holder.invokeStatic(java.lang.Object, java.lang.Object, java.lang.Object)'> (0x0000000710aff3e8) 
thrown [s\src\hotspot\share\interpreter\linkResolver.cpp, line 759]
Event: 2.849 Thread 0x00000227269f4570 Exception <a 'java/lang/NoSuchMethodError'{0x00000007109df740}: 'void java.lang.invoke.DirectMethodHandle$Holder.invokeStaticInit(java.lang.Object)'> (0x00000007109df740) 
thrown [s\src\hotspot\share\interpreter\linkResolver.cpp, line 759]
Event: 3.177 Thread 0x00000227269f4570 Exception <a 'java/lang/NoSuchMethodError'{0x00000007121d6498}: 'int java.lang.invoke.DirectMethodHandle$Holder.invokeStaticInit(java.lang.Object, java.lang.Object, java.lang.Object)'> (0x00000007121d6498) 
thrown [s\src\hotspot\share\interpreter\linkResolver.cpp, line 759]
Event: 3.785 Thread 0x00000227269fd350 Exception <a 'java/lang/NoSuchMethodError'{0x0000000710a00b68}: 'void java.lang.invoke.DirectMethodHandle$Holder.invokeVirtual(java.lang.Object, java.lang.Object)'> (0x0000000710a00b68) 
thrown [s\src\hotspot\share\interpreter\linkResolver.cpp, line 759]
Event: 6.247 Thread 0x00000227269f4570 Exception <a 'java/lang/NoSuchMethodError'{0x0000000704a8a038}: 'int java.lang.invoke.DirectMethodHandle$Holder.invokeStaticInit(java.lang.Object, long, long)'> (0x0000000704a8a038) 
thrown [s\src\hotspot\share\interpreter\linkResolver.cpp, line 759]
Event: 6.985 Thread 0x00000227269f4570 Exception <a 'java/lang/NoSuchMethodError'{0x000000070fadb758}: 'java.lang.Object java.lang.invoke.DirectMethodHandle$Holder.newInvokeSpecial(java.lang.Object, int, java.lang.Object)'> (0x000000070fadb758) 
thrown [s\src\hotspot\share\interpreter\linkResolver.cpp, line 759]
Event: 37.866 Thread 0x00000227269f4570 Implicit null exception at 0x000002270f733e00 to 0x000002270f736fcc
Event: 37.966 Thread 0x00000227269f4570 Implicit null exception at 0x000002270f7a1d20 to 0x000002270f7a6f51
Event: 40.227 Thread 0x00000227269f4570 Exception <a 'java/lang/NoSuchMethodError'{0x000000070644f308}: 'void java.lang.invoke.DirectMethodHandle$Holder.invokeStatic(java.lang.Object, java.lang.Object, java.lang.Object, java.lang.Object)'> (0x000000070644f308) 
thrown [s\src\hotspot\share\interpreter\linkResolver.cpp, line 759]
Event: 88.522 Thread 0x00000227269f4570 Implicit null exception at 0x000002270f770175 to 0x000002270f770e58
Event: 89.932 Thread 0x00000227292b5da0 Implicit null exception at 0x000002270f9ad3b2 to 0x000002270f9ad537

VM Operations (20 events):
Event: 101.791 Executing VM operation: HandshakeAllThreads
Event: 101.791 Executing VM operation: HandshakeAllThreads done
Event: 103.796 Executing VM operation: Cleanup
Event: 103.796 Executing VM operation: Cleanup done
Event: 104.811 Executing VM operation: Cleanup
Event: 104.811 Executing VM operation: Cleanup done
Event: 112.534 Executing VM operation: G1CollectForAllocation
Event: 112.535 Executing VM operation: G1CollectForAllocation done
Event: 116.579 Executing VM operation: Cleanup
Event: 116.579 Executing VM operation: Cleanup done
Event: 121.627 Executing VM operation: Cleanup
Event: 121.627 Executing VM operation: Cleanup done
Event: 122.367 Executing VM operation: G1CollectFull
Event: 122.398 Executing VM operation: G1CollectFull done
Event: 144.622 Executing VM operation: G1CollectForAllocation
Event: 144.623 Executing VM operation: G1CollectForAllocation done
Event: 152.439 Executing VM operation: G1CollectFull
Event: 152.478 Executing VM operation: G1CollectFull done
Event: 177.178 Executing VM operation: G1CollectForAllocation
Event: 177.180 Executing VM operation: G1CollectForAllocation done

Events (20 events):
Event: 101.801 Thread 0x00000227260627c0 flushing nmethod 0x00000227086e3390
Event: 101.801 Thread 0x00000227260627c0 flushing nmethod 0x0000022708705690
Event: 101.801 Thread 0x00000227260627c0 flushing nmethod 0x0000022708723c10
Event: 101.801 Thread 0x00000227260627c0 flushing nmethod 0x0000022708724f10
Event: 101.801 Thread 0x00000227260627c0 flushing nmethod 0x0000022708725610
Event: 101.801 Thread 0x00000227260627c0 flushing nmethod 0x0000022708728010
Event: 101.801 Thread 0x00000227260627c0 flushing nmethod 0x000002270875cc90
Event: 101.801 Thread 0x00000227260627c0 flushing nmethod 0x000002270875fc10
Event: 101.801 Thread 0x00000227260627c0 flushing nmethod 0x00000227087e3990
Event: 101.801 Thread 0x00000227260627c0 flushing nmethod 0x00000227087e3f10
Event: 150.005 Thread 0x00000227292b8420 Thread exited: 0x00000227292b8420
Event: 150.005 Thread 0x00000227292b9760 Thread exited: 0x00000227292b9760
Event: 178.598 loading class jdk/internal/misc/Signal$1
Event: 178.598 loading class jdk/internal/misc/Signal$1 done
Event: 178.599 Thread 0x00000227292b58d0 Thread added: 0x00000227292b58d0
Event: 178.599 Thread 0x00000227292b6740 Thread added: 0x00000227292b6740
Event: 178.599 Thread 0x00000227292b8420 Thread added: 0x00000227292b8420
Event: 178.599 Thread 0x00000227292b9760 Thread added: 0x00000227292b9760
Event: 178.599 Thread 0x0000022726e2a390 Thread added: 0x0000022726e2a390
Event: 178.611 Thread 0x0000022726e2a390 Thread exited: 0x0000022726e2a390


Dynamic libraries:
0x00007ff7eeda0000 - 0x00007ff7eedad000 	C:\Users\HP\.jdks\corretto-17.0.7\bin\java.exe
0x00007ffee9b50000 - 0x00007ffee9d48000 	C:\Windows\SYSTEM32\ntdll.dll
0x00007ffee90d0000 - 0x00007ffee918f000 	C:\Windows\System32\KERNEL32.DLL
0x00007ffee7790000 - 0x00007ffee7a86000 	C:\Windows\System32\KERNELBASE.dll
0x00007ffee7410000 - 0x00007ffee7510000 	C:\Windows\System32\ucrtbase.dll
0x00007ffedbcc0000 - 0x00007ffedbcd7000 	C:\Users\HP\.jdks\corretto-17.0.7\bin\jli.dll
0x00007ffee9970000 - 0x00007ffee9b0d000 	C:\Windows\System32\USER32.dll
0x00007ffee76c0000 - 0x00007ffee76e2000 	C:\Windows\System32\win32u.dll
0x00007ffee90a0000 - 0x00007ffee90cc000 	C:\Windows\System32\GDI32.dll
0x00007ffee7a90000 - 0x00007ffee7ba5000 	C:\Windows\System32\gdi32full.dll
0x00007ffee72c0000 - 0x00007ffee735d000 	C:\Windows\System32\msvcp_win.dll
0x00007ffeced70000 - 0x00007ffeced85000 	C:\Users\HP\.jdks\corretto-17.0.7\bin\VCRUNTIME140.dll
0x00007ffecd150000 - 0x00007ffecd3ea000 	C:\Windows\WinSxS\amd64_microsoft.windows.common-controls_6595b64144ccf1df_6.0.19041.1110_none_60b5254171f9507e\COMCTL32.dll
0x00007ffee8310000 - 0x00007ffee83ae000 	C:\Windows\System32\msvcrt.dll
0x00007ffee8600000 - 0x00007ffee8630000 	C:\Windows\System32\IMM32.DLL
0x00007ffec1e20000 - 0x00007ffec1ebb000 	C:\Users\HP\.jdks\corretto-17.0.7\bin\msvcp140.dll
0x00007ffea5510000 - 0x00007ffea612a000 	C:\Users\HP\.jdks\corretto-17.0.7\bin\server\jvm.dll
0x00007ffee8630000 - 0x00007ffee86df000 	C:\Windows\System32\ADVAPI32.dll
0x00007ffee8560000 - 0x00007ffee85fc000 	C:\Windows\System32\sechost.dll
0x00007ffee7d70000 - 0x00007ffee7e96000 	C:\Windows\System32\RPCRT4.dll
0x00007ffee0fa0000 - 0x00007ffee0fa9000 	C:\Windows\SYSTEM32\WSOCK32.dll
0x00007ffee8e70000 - 0x00007ffee8edb000 	C:\Windows\System32\WS2_32.dll
0x00007ffecca00000 - 0x00007ffecca27000 	C:\Windows\SYSTEM32\WINMM.dll
0x00007ffedb320000 - 0x00007ffedb32a000 	C:\Windows\SYSTEM32\VERSION.dll
0x00007ffee5a20000 - 0x00007ffee5a32000 	C:\Windows\SYSTEM32\kernel.appcore.dll
0x00007ffedf290000 - 0x00007ffedf29a000 	C:\Users\HP\.jdks\corretto-17.0.7\bin\jimage.dll
0x00007ffee1f40000 - 0x00007ffee2124000 	C:\Windows\SYSTEM32\DBGHELP.DLL
0x00007ffecec70000 - 0x00007ffececa4000 	C:\Windows\SYSTEM32\dbgcore.DLL
0x00007ffee7230000 - 0x00007ffee72b2000 	C:\Windows\System32\bcryptPrimitives.dll
0x00007ffedf250000 - 0x00007ffedf25e000 	C:\Users\HP\.jdks\corretto-17.0.7\bin\instrument.dll
0x00007ffeca980000 - 0x00007ffeca9a5000 	C:\Users\HP\.jdks\corretto-17.0.7\bin\java.dll
0x00007ffebaa40000 - 0x00007ffebab16000 	C:\Users\HP\.jdks\corretto-17.0.7\bin\jsvml.dll
0x00007ffee9190000 - 0x00007ffee98d4000 	C:\Windows\System32\SHELL32.dll
0x00007ffee2130000 - 0x00007ffee28c4000 	C:\Windows\SYSTEM32\windows.storage.dll
0x00007ffee8890000 - 0x00007ffee8be4000 	C:\Windows\System32\combase.dll
0x00007ffee6ab0000 - 0x00007ffee6ade000 	C:\Windows\SYSTEM32\Wldp.dll
0x00007ffee8f90000 - 0x00007ffee903d000 	C:\Windows\System32\SHCORE.dll
0x00007ffee9040000 - 0x00007ffee9095000 	C:\Windows\System32\shlwapi.dll
0x00007ffee7160000 - 0x00007ffee7185000 	C:\Windows\SYSTEM32\profapi.dll
0x00007ffec7110000 - 0x00007ffec7128000 	C:\Users\HP\.jdks\corretto-17.0.7\bin\zip.dll
0x00007ffeca7f0000 - 0x00007ffeca809000 	C:\Users\HP\.jdks\corretto-17.0.7\bin\net.dll
0x00007ffed8570000 - 0x00007ffed867a000 	C:\Windows\SYSTEM32\WINHTTP.dll
0x00007ffee6890000 - 0x00007ffee68fa000 	C:\Windows\system32\mswsock.dll
0x00007ffec73c0000 - 0x00007ffec73d5000 	C:\Users\HP\.jdks\corretto-17.0.7\bin\nio.dll
0x00007ffedc060000 - 0x00007ffedc07a000 	C:\Program Files\JetBrains\IntelliJ IDEA Community Edition 2021.3.2\bin\breakgen64.dll
0x00007ffea90e0000 - 0x00007ffea9289000 	C:\Users\HP\.jdks\corretto-17.0.7\bin\awt.dll
0x00007ffee87c0000 - 0x00007ffee888d000 	C:\Windows\System32\OLEAUT32.dll
0x00007ffee0ec0000 - 0x00007ffee0f51000 	C:\Windows\SYSTEM32\apphelp.dll
0x00007ffee1180000 - 0x00007ffee121e000 	C:\Windows\system32\uxtheme.dll
0x00007ffee8440000 - 0x00007ffee8554000 	C:\Windows\System32\MSCTF.dll
0x00007ffee8c00000 - 0x00007ffee8d2a000 	C:\Windows\System32\ole32.dll
0x00007ffee1320000 - 0x00007ffee134f000 	C:\Windows\system32\DWMAPI.DLL
0x00007ffeb5d50000 - 0x00007ffeb5e75000 	C:\Windows\system32\opengl32.dll
0x00007ffeb67f0000 - 0x00007ffeb681c000 	C:\Windows\SYSTEM32\GLU32.dll
0x00007ffee6af0000 - 0x00007ffee6b08000 	C:\Windows\SYSTEM32\CRYPTSP.dll
0x00007ffee61d0000 - 0x00007ffee6204000 	C:\Windows\system32\rsaenh.dll
0x00007ffee7760000 - 0x00007ffee7787000 	C:\Windows\System32\bcrypt.dll
0x00007ffee7120000 - 0x00007ffee714e000 	C:\Windows\SYSTEM32\USERENV.dll
0x00007ffee6a20000 - 0x00007ffee6a2c000 	C:\Windows\SYSTEM32\CRYPTBASE.dll
0x00007ffee65a0000 - 0x00007ffee65dc000 	C:\Windows\SYSTEM32\IPHLPAPI.DLL
0x00007ffee7d60000 - 0x00007ffee7d68000 	C:\Windows\System32\NSI.dll
0x00007ffeda430000 - 0x00007ffeda447000 	C:\Windows\SYSTEM32\dhcpcsvc6.DLL
0x00007ffed8d80000 - 0x00007ffed8d9d000 	C:\Windows\SYSTEM32\dhcpcsvc.DLL
0x00007ffee65e0000 - 0x00007ffee66aa000 	C:\Windows\SYSTEM32\DNSAPI.dll
0x00007ffe9d3a0000 - 0x00007ffe9e3ec000 	C:\Users\HP\.skiko\0de0d8dd8554d9bb66cfca3837db6514ff9b71080e998917280a3b777460a416\skiko-windows-x64.dll
0x00007ffec1fc0000 - 0x00007ffec2043000 	C:\Users\HP\.jdks\corretto-17.0.7\bin\freetype.dll
0x00007ffeba390000 - 0x00007ffeba452000 	C:\Users\HP\.jdks\corretto-17.0.7\bin\fontmanager.dll
0x00007ffedf230000 - 0x00007ffedf237000 	C:\Users\HP\.jdks\corretto-17.0.7\bin\jawt.dll
0x00007ffee5a90000 - 0x00007ffee5b83000 	C:\Windows\SYSTEM32\Dxgi.dll
0x00007ffedbfe0000 - 0x00007ffedc000000 	C:\Windows\SYSTEM32\D3D12.dll
0x00007ffea8ae0000 - 0x00007ffea8cad000 	C:\Windows\SYSTEM32\D3D12Core.dll
0x00007ffeda9e0000 - 0x00007ffedaa1b000 	C:\Windows\SYSTEM32\dxcore.dll
0x00007ffee7670000 - 0x00007ffee76be000 	C:\Windows\System32\cfgmgr32.dll
0x00007ffed4390000 - 0x00007ffed6fa9000 	C:\Windows\System32\DriverStore\FileRepository\igdlh64.inf_amd64_e6daaea9afe1e6f6\igc64.dll
0x00007ffe72ab0000 - 0x00007ffe73f83000 	C:\Windows\System32\DriverStore\FileRepository\igdlh64.inf_amd64_e6daaea9afe1e6f6\igd12umd64.dll
0x00007ffeda000000 - 0x00007ffeda257000 	C:\Windows\System32\DriverStore\FileRepository\igdlh64.inf_amd64_e6daaea9afe1e6f6\igdgmm64.dll
0x00007ffea4da0000 - 0x00007ffea51ab000 	C:\Windows\System32\DriverStore\FileRepository\igdlh64.inf_amd64_e6daaea9afe1e6f6\igdml64.dll
0x00007ffedba30000 - 0x00007ffedba5b000 	C:\Windows\SYSTEM32\D3DSCache.dll
0x00007ffe51780000 - 0x00007ffe55f82000 	C:\Windows\System32\DriverStore\FileRepository\igdlh64.inf_amd64_e6daaea9afe1e6f6\igd12dxva64.dll
0x00007ffee7ea0000 - 0x00007ffee830e000 	C:\Windows\System32\SETUPAPI.dll
0x00007ffe96bf0000 - 0x00007ffe96c17000 	C:\Windows\System32\DriverStore\FileRepository\igdlh64.inf_amd64_e6daaea9afe1e6f6\igdinfo64.dll
0x00007ffeddf50000 - 0x00007ffede157000 	C:\Windows\SYSTEM32\twinapi.appcore.dll
0x00007ffee8ee0000 - 0x00007ffee8f89000 	C:\Windows\System32\clbcatq.dll
0x00007ffedb410000 - 0x00007ffedb514000 	C:\Windows\System32\AppXDeploymentClient.dll
0x00007ffe744c0000 - 0x00007ffe75492000 	C:\Windows\System32\DriverStore\FileRepository\igdlh64.inf_amd64_e6daaea9afe1e6f6\ig9icd64.dll
0x00007ffee7090000 - 0x00007ffee70db000 	C:\Windows\SYSTEM32\powrprof.dll
0x00007ffee7070000 - 0x00007ffee7082000 	C:\Windows\SYSTEM32\UMPDC.dll
0x00007ffed2250000 - 0x00007ffed24cf000 	C:\Windows\SYSTEM32\dwrite.dll
0x00007ffed3ec0000 - 0x00007ffed3fb9000 	C:\Windows\SYSTEM32\textinputframework.dll
0x00007ffee0b40000 - 0x00007ffee0c32000 	C:\Windows\System32\CoreMessaging.dll
0x00007ffee0460000 - 0x00007ffee07be000 	C:\Windows\System32\CoreUIComponents.dll
0x00007ffee62f0000 - 0x00007ffee6323000 	C:\Windows\SYSTEM32\ntmarta.dll
0x00007ffedf450000 - 0x00007ffedf5a4000 	C:\Windows\SYSTEM32\wintypes.dll
0x00007ffea2470000 - 0x00007ffea2d22000 	C:\Users\HP\AppData\Local\io-realm-kotlin\f7113120ba00ba1ff91d696eecd3919e85a4e34e\realmc.dll
0x00007ffee7510000 - 0x00007ffee766e000 	C:\Windows\System32\CRYPT32.dll
0x00007ffede280000 - 0x00007ffede2ea000 	C:\Windows\system32\Ninput.dll

dbghelp: loaded successfully - version: 4.0.5 - missing functions: none
symbol engine: initialized successfully - sym options: 0x614 - pdb path: .;C:\Users\HP\.jdks\corretto-17.0.7\bin;C:\Windows\SYSTEM32;C:\Windows\WinSxS\amd64_microsoft.windows.common-controls_6595b64144ccf1df_6.0.19041.1110_none_60b5254171f9507e;C:\Users\HP\.jdks\corretto-17.0.7\bin\server;C:\Program Files\JetBrains\IntelliJ IDEA Community Edition 2021.3.2\bin;C:\Users\HP\.skiko\0de0d8dd8554d9bb66cfca3837db6514ff9b71080e998917280a3b777460a416;C:\Windows\System32\DriverStore\FileRepository\igdlh64.inf_amd64_e6daaea9afe1e6f6;C:\Users\HP\AppData\Local\io-realm-kotlin\f7113120ba00ba1ff91d696eecd3919e85a4e34e

VM Arguments:
jvm_args: -Djava.library.path=C:\Users\HP\Desktop\newderar\build\classes\kotlin\jvm\main;C:\Users\HP\Desktop\newderar\build\processedResources\jvm\main -javaagent:C:\Program Files\JetBrains\IntelliJ IDEA Community Edition 2021.3.2\lib\idea_rt.jar=51257:C:\Program Files\JetBrains\IntelliJ IDEA Community Edition 2021.3.2\bin -Dfile.encoding=UTF-8 
java_command: MainKt
java_class_path (initial): C:\Users\HP\Desktop\newderar\build\classes\kotlin\jvm\main;C:\Users\HP\Desktop\newderar\build\processedResources\jvm\main;C:\Users\HP\.gradle\caches\modules-2\files-2.1\io.insert-koin\koin-androidx-compose\3.4.5\ae0a88b7a68d507e651c5a3d70a541594bea54cb\koin-androidx-compose-3.4.5.aar;C:\Users\HP\.gradle\caches\modules-2\files-2.1\androidx.navigation\navigation-compose\2.6.0\3f8ce7b0bad21cced0c47b42b6347c65a6e422c3\navigation-compose-2.6.0.aar;C:\Users\HP\.gradle\caches\modules-2\files-2.1\org.jetbrains.kotlin\kotlin-stdlib-jdk8\1.8.21\67f57e154437cd9e6e9cf368394b95814836ff88\kotlin-stdlib-jdk8-1.8.21.jar;C:\Users\HP\.gradle\caches\modules-2\files-2.1\org.apache.poi\poi-ooxml\4.1.2\87d9a22aa9a7dd26e80c360e709f7ee02e32ab3b\poi-ooxml-4.1.2.jar;C:\Users\HP\.gradle\caches\modules-2\files-2.1\org.apache.poi\poi\4.1.2\964bf41cf68bce08e4ef6b2279b559fdf8d454f4\poi-4.1.2.jar;C:\Users\HP\.gradle\caches\modules-2\files-2.1\org.lwjgl\lwjgl-nfd\3.3.1\622318116996ddcff449b46cb38f0fdee39b8ac3\lwjgl-nfd-3.3.1.jar;C:\Users\HP\.gradle\caches\modules-2\files-2.1\org.lwjgl\lwjgl-nfd\3.3.1\2e007667e04ed3281152ae5c6e677fb1c2211691\lwjgl-nfd-3.3.1-natives-linux.jar;C:\Users\HP\.gradle\caches\modules-2\files-2.1\org.lwjgl\lwjgl\3.3.1\ae58664f88e18a9bb2c77b063833ca7aaec484cb\lwjgl-3.3.1.jar;C:\Users\HP\.gradle\caches\modules-2\files-2.1\io.insert-koin\koin-android\3.4.0\48715fbe06102a59a30bd45b06ed2400c16c6f45\koin-android-3.4.0.aar;C:\Users\HP\.gradle\caches\modules-2\files-2.1\org.lwjgl\lwjgl-nfd\3.3.1\b3e04e317f55dd738d8a345cdafd15b39f85a2ea\lwjgl-nfd-3.3.1-natives-linux-arm32.jar;C:\Users\HP\.gradle\caches\modules-2\files-2.1\androidx.lifecycle\lifecycle-viewmodel-compose\2.6.1\38cf3bb65ff3e0e5c3d63de2ebf5411d0898108c\lifecycle-viewmodel-compose-2.6.1.aar;C:\Users\HP\.gradle\caches\modules-2\files-2.1\org.lwjgl\lwjgl-nfd\3.3.1\f41dc62336f7ee4ab35705cfa440cc903d199165\lwjgl-nfd-3.3.1-natives-linux-arm64.jar;C:\Users\HP\.gradle\caches\modules-2\files-2.1\androi
Launcher Type: SUN_STANDARD

[Global flags]
     intx CICompilerCount                          = 3                                         {product} {ergonomic}
     uint ConcGCThreads                            = 1                                         {product} {ergonomic}
     uint G1ConcRefinementThreads                  = 4                                         {product} {ergonomic}
   size_t G1HeapRegionSize                         = 2097152                                   {product} {ergonomic}
    uintx GCDrainStackTargetSize                   = 64                                        {product} {ergonomic}
   size_t InitialHeapSize                          = 266338304                                 {product} {ergonomic}
   size_t MarkStackSize                            = 4194304                                   {product} {ergonomic}
   size_t MaxHeapSize                              = 4255121408                                {product} {ergonomic}
   size_t MaxNewSize                               = 2552233984                                {product} {ergonomic}
   size_t MinHeapDeltaBytes                        = 2097152                                   {product} {ergonomic}
   size_t MinHeapSize                              = 8388608                                   {product} {ergonomic}
    uintx NonNMethodCodeHeapSize                   = 5832780                                {pd product} {ergonomic}
    uintx NonProfiledCodeHeapSize                  = 122912730                              {pd product} {ergonomic}
    uintx ProfiledCodeHeapSize                     = 122912730                              {pd product} {ergonomic}
    uintx ReservedCodeCacheSize                    = 251658240                              {pd product} {ergonomic}
     bool SegmentedCodeCache                       = true                                      {product} {ergonomic}
   size_t SoftMaxHeapSize                          = 4255121408                             {manageable} {ergonomic}
     bool UseCompressedClassPointers               = true                           {product lp64_product} {ergonomic}
     bool UseCompressedOops                        = true                           {product lp64_product} {ergonomic}
     bool UseG1GC                                  = true                                      {product} {ergonomic}
     bool UseLargePagesIndividualAllocation        = false                                  {pd product} {ergonomic}

Logging:
Log output configuration:
 #0: stdout all=warning uptime,level,tags
 #1: stderr all=off uptime,level,tags

Environment Variables:
PATH=C:\Program Files\Common Files\Oracle\Java\javapath;C:\Program Files (x86)\Common Files\Oracle\Java\javapath;C:\Windows\system32;C:\Windows;C:\Windows\System32\Wbem;C:\Windows\System32\WindowsPowerShell\v1.0\;C:\Windows\System32\OpenSSH\;C:\xampp\php;C:\ProgramData\ComposerSetup\bin;C:\Program Files\nodejs\;C:\Program Files (x86)\Intel\Intel(R) Management Engine Components\DAL;C:\Program Files\Intel\Intel(R) Management Engine Components\DAL;C:\Program Files\Git\cmd;C:\Program Files\Fortect;C:\Users\HP\AppData\Local\Microsoft\WindowsApps;C:\Program Files\JetBrains\IntelliJ IDEA Community Edition 2021.3.2\bin;C:\Users\HP\AppData\Local\Programs\Microsoft VS Code\bin;C:\Users\HP\AppData\Local\JetBrains\Toolbox\scripts;C:\Users\HP\AppData\Local\GitHubDesktop\bin;C:\Users\HP\Desktop\camp\flutter_windows_3.7.6-stable\flutter\bin;C:\Users\HP\AppData\Roaming\Composer\vendor\bin;C:\Users\HP\AppData\Roaming\npm
USERNAME=HP
OS=Windows_NT
PROCESSOR_IDENTIFIER=Intel64 Family 6 Model 142 Stepping 9, GenuineIntel
TMP=C:\Users\HP\AppData\Local\Temp
TEMP=C:\Users\HP\AppData\Local\Temp



---------------  S Y S T E M  ---------------

OS:
 Windows 10 , 64 bit Build 19041 (10.0.19041.3155)
OS uptime: 2 days 13:39 hours
Hyper-V role detected

CPU: total 4 (initial active 4) (2 cores per cpu, 2 threads per core) family 6 model 142 stepping 9 microcode 0xf2, cx8, cmov, fxsr, ht, mmx, 3dnowpref, sse, sse2, sse3, ssse3, sse4.1, sse4.2, popcnt, lzcnt, tsc, tscinvbit, avx, avx2, aes, erms, clmul, bmi1, bmi2, rtm, adx, fma, vzeroupper, clflush, clflushopt, hv

Memory: 4k page, system-wide physical 16224M (5215M free)
TotalPageFile size 32096M (AvailPageFile size 19684M)
current process WorkingSet (physical memory assigned to process): 297M, peak: 357M
current process commit charge ("private bytes"): 303M, peak: 439M

vm_info: OpenJDK 64-Bit Server VM (17.0.7+7-LTS) for windows-amd64 JRE (17.0.7+7-LTS), built on Apr 14 2023 01:39:21 by "Administrator" with MS VC++ 15.9 (VS2017)

END.
