#
# A fatal error has been detected by the Java Runtime Environment:
#
#  EXCEPTION_ACCESS_VIOLATION (0xc0000005) at pc=0x00007ffea4f9ebe3, pid=3600, tid=4972
#
# JRE version: OpenJDK Runtime Environment JBR-17.0.7+7-1000.5-nomod (17.0.7+7) (build 17.0.7+7-b1000.5)
# Java VM: OpenJDK 64-Bit Server VM JBR-17.0.7+7-1000.5-nomod (17.0.7+7-b1000.5, mixed mode, tiered, compressed oops, compressed class ptrs, g1 gc, windows-amd64)
# Problematic frame:
# C  [ig9icd64.dll+0x9bebe3]
#
# No core dump will be written. Minidumps are not enabled by default on client versions of Windows
#
# If you would like to submit a bug report, please visit:
#   https://youtrack.jetbrains.com/issues/JBR
# The crash happened outside the Java Virtual Machine in native code.
# See problematic frame for where to report the bug.
#

---------------  S U M M A R Y ------------

Command Line: -Djava.library.path=C:\Users\HP\Desktop\newderar\build\classes\kotlin\jvm\main;C:\Users\HP\Desktop\newderar\build\processedResources\jvm\main -javaagent:C:\Program Files\JetBrains\IntelliJ IDEA Community Edition 2021.3.2\lib\idea_rt.jar=57601:C:\Program Files\JetBrains\IntelliJ IDEA Community Edition 2021.3.2\bin -Dfile.encoding=UTF-8 MainKt

Host: Intel(R) Core(TM) i5-7300U CPU @ 2.60GHz, 4 cores, 15G,  Windows 10 , 64 bit Build 19041 (10.0.19041.3155)
Time: Thu Jul  6 22:18:28 2023 Libya Standard Time elapsed time: 937.485457 seconds (0d 0h 15m 37s)

---------------  T H R E A D  ---------------

Current thread (0x000001e7c2cb1190):  JavaThread "AWT-EventQueue-0" [_thread_in_native, id=4972, stack(0x0000002e2b200000,0x0000002e2b300000)]

Stack: [0x0000002e2b200000,0x0000002e2b300000],  sp=0x0000002e2b2fcbf8,  free space=1010k
Native frames: (J=compiled Java code, j=interpreted, Vv=VM code, C=native code)
C  [ig9icd64.dll+0x9bebe3]

Java frames: (J=compiled Java code, j=interpreted, Vv=VM code)
J 6336  org.jetbrains.skia.DirectContextKt.DirectContext_nFlush(J)V (0 bytes) @ 0x000001e7afac08e9 [0x000001e7afac08a0+0x0000000000000049]
J 6861 c2 org.jetbrains.skiko.redrawer.WindowsOpenGLRedrawer$Companion$frameDispatcher$1.invokeSuspend(Ljava/lang/Object;)Ljava/lang/Object; (379 bytes) @ 0x000001e7afb84a28 [0x000001e7afb83640+0x00000000000013e8]
J 6855 c2 org.jetbrains.skiko.FrameDispatcher$job$1.invokeSuspend(Ljava/lang/Object;)Ljava/lang/Object; (156 bytes) @ 0x000001e7afb7fd2c [0x000001e7afb7faa0+0x000000000000028c]
J 5111 c2 kotlin.coroutines.jvm.internal.BaseContinuationImpl.resumeWith(Ljava/lang/Object;)V (128 bytes) @ 0x000001e7afa0e174 [0x000001e7afa0e120+0x0000000000000054]
J 5362 c2 kotlinx.coroutines.DispatchedTask.run()V (571 bytes) @ 0x000001e7afa24748 [0x000001e7afa243a0+0x00000000000003a8]
J 8888 c2 java.awt.EventQueue.dispatchEvent(Ljava/awt/AWTEvent;)V java.desktop@17.0.7 (80 bytes) @ 0x000001e7afd7f528 [0x000001e7afd7ef20+0x0000000000000608]
J 8870 c2 java.awt.EventDispatchThread.pumpOneEventForFilters(I)V java.desktop@17.0.7 (113 bytes) @ 0x000001e7afd6e32c [0x000001e7afd6dc60+0x00000000000006cc]
J 6937% c2 java.awt.EventDispatchThread.pumpEventsForFilter(ILjava/awt/Conditional;Ljava/awt/EventFilter;)V java.desktop@17.0.7 (47 bytes) @ 0x000001e7afbd1ec0 [0x000001e7afbd1da0+0x0000000000000120]
j  java.awt.EventDispatchThread.pumpEventsForHierarchy(ILjava/awt/Conditional;Ljava/awt/Component;)V+11 java.desktop@17.0.7
j  java.awt.EventDispatchThread.pumpEvents(ILjava/awt/Conditional;)V+4 java.desktop@17.0.7
j  java.awt.EventDispatchThread.pumpEvents(Ljava/awt/Conditional;)V+3 java.desktop@17.0.7
j  java.awt.EventDispatchThread.run()V+18 java.desktop@17.0.7
v  ~StubRoutines::call_stub

siginfo: EXCEPTION_ACCESS_VIOLATION (0xc0000005), reading address 0xffffffffffffffff


Register to memory mapping:

RIP=0x00007ffea4f9ebe3 ig9icd64.dll
RAX=0x000000000fff0fff is an unknown value
RBX=0x00007ffea45e0000 ig9icd64.dll
RCX=0x000000033fcf3fcc is an unknown value
RDX=0x0000002e2b2fd110 is pointing into the stack for thread: 0x000001e7c2cb1190
RSP=0x0000002e2b2fcbf8 is pointing into the stack for thread: 0x000001e7c2cb1190
RBP=0x0000002e2b2fcd00 is pointing into the stack for thread: 0x000001e7c2cb1190
RSI=0x000001e7c80c9340 points into unknown readable memory: 0x000001e7c8090040 | 40 00 09 c8 e7 01 00 00
RDI=0x0000002e2b2fcf00 is pointing into the stack for thread: 0x000001e7c2cb1190
R8 =0x0000002e2b2fcd30 is pointing into the stack for thread: 0x000001e7c2cb1190
R9 =0x0000002e2b2fd110 is pointing into the stack for thread: 0x000001e7c2cb1190
R10=0x0000002e2b2fcf00 is pointing into the stack for thread: 0x000001e7c2cb1190
R11=0x0 is NULL
R12=0x00007ffea54115e0 ig9icd64.dll
R13=0x0 is NULL
R14=0x0 is NULL
R15=0x00000000000001c1 is an unknown value


Registers:
RAX=0x000000000fff0fff, RBX=0x00007ffea45e0000, RCX=0x000000033fcf3fcc, RDX=0x0000002e2b2fd110
RSP=0x0000002e2b2fcbf8, RBP=0x0000002e2b2fcd00, RSI=0x000001e7c80c9340, RDI=0x0000002e2b2fcf00
R8 =0x0000002e2b2fcd30, R9 =0x0000002e2b2fd110, R10=0x0000002e2b2fcf00, R11=0x0000000000000000
R12=0x00007ffea54115e0, R13=0x0000000000000000, R14=0x0000000000000000, R15=0x00000000000001c1
RIP=0x00007ffea4f9ebe3, EFLAGS=0x0000000000010206

Top of Stack: (sp=0x0000002e2b2fcbf8)
0x0000002e2b2fcbf8:   00007ffea4f9c31b 0000000000000001
0x0000002e2b2fcc08:   0000000000000000 000001e7d2f5ec00
0x0000002e2b2fcc18:   00007ffeda002622 0000002e00000065
0x0000002e2b2fcc28:   0000002e2b2fce30 0000000000000000
0x0000002e2b2fcc38:   000001e7cb758650 0000000000000000
0x0000002e2b2fcc48:   000001e7d58736a0 000001e7d2f5ecb0
0x0000002e2b2fcc58:   0000000000001100 0000000000000000
0x0000002e2b2fcc68:   0000000000000000 0000002e2b2fcde0
0x0000002e2b2fcc78:   00007ffea4c379c0 0000000000000000
0x0000002e2b2fcc88:   0000000000000000 0000000000000000
0x0000002e2b2fcc98:   0000000000000000 000071788846ca25
0x0000002e2b2fcca8:   00007ffea45f6555 000001e7d2f5ecb0
0x0000002e2b2fccb8:   0000000000000001 0000000000000000
0x0000002e2b2fccc8:   00007ffee9b7b86b 00000000008900c7
0x0000002e2b2fccd8:   0000000000000027 000001e7cb69d790
0x0000002e2b2fcce8:   0000000000000000 0000000000000000 

Instructions: (pc=0x00007ffea4f9ebe3)
0x00007ffea4f9eae3:   c1 75 31 00 48 89 51 08 48 89 01 8b 44 24 28 89
0x00007ffea4f9eaf3:   41 20 8b 44 24 30 89 41 24 48 8b c1 4c 89 41 10
0x00007ffea4f9eb03:   4c 89 49 18 c3 cc cc cc cc cc cc cc cc 48 89 5c
0x00007ffea4f9eb13:   24 08 8b 41 5c 48 8d 1d e1 14 64 ff 41 89 40 08
0x00007ffea4f9eb23:   4c 8b d1 8b 41 60 45 33 db 41 89 40 0c 4c 8b ca
0x00007ffea4f9eb33:   8b 41 64 41 89 40 10 8b 41 68 41 89 40 14 8b 41
0x00007ffea4f9eb43:   6c 41 89 40 18 8b 41 70 41 89 40 1c 48 63 41 74
0x00007ffea4f9eb53:   48 6b c8 34 8b 84 19 44 d1 ee 00 41 89 40 20 8b
0x00007ffea4f9eb63:   84 19 48 d1 ee 00 41 89 40 24 8b 84 19 4c d1 ee
0x00007ffea4f9eb73:   00 41 89 40 28 8b 84 19 50 d1 ee 00 41 89 40 2c
0x00007ffea4f9eb83:   8b 84 19 34 d1 ee 00 41 89 40 30 8b 84 19 38 d1
0x00007ffea4f9eb93:   ee 00 41 89 40 34 8b 84 19 3c d1 ee 00 41 89 40
0x00007ffea4f9eba3:   38 8b 84 19 40 d1 ee 00 41 89 40 3c 8b 84 19 24
0x00007ffea4f9ebb3:   d1 ee 00 41 89 40 40 8b 84 19 28 d1 ee 00 41 89
0x00007ffea4f9ebc3:   40 44 8b 84 19 2c d1 ee 00 41 89 40 48 8b 84 19
0x00007ffea4f9ebd3:   30 d1 ee 00 41 89 40 4c 49 63 42 78 48 6b c8 34
0x00007ffea4f9ebe3:   8b 84 19 44 d1 ee 00 41 89 40 50 8b 84 19 48 d1
0x00007ffea4f9ebf3:   ee 00 41 89 40 54 8b 84 19 4c d1 ee 00 41 89 40
0x00007ffea4f9ec03:   58 8b 84 19 50 d1 ee 00 41 89 40 5c 8b 84 19 34
0x00007ffea4f9ec13:   d1 ee 00 41 89 40 60 8b 84 19 38 d1 ee 00 41 89
0x00007ffea4f9ec23:   40 64 8b 84 19 3c d1 ee 00 41 89 40 68 8b 84 19
0x00007ffea4f9ec33:   40 d1 ee 00 41 89 40 6c 8b 84 19 24 d1 ee 00 41
0x00007ffea4f9ec43:   89 40 70 8b 84 19 28 d1 ee 00 41 89 40 74 8b 84
0x00007ffea4f9ec53:   19 2c d1 ee 00 41 89 40 78 8b 84 19 30 d1 ee 00
0x00007ffea4f9ec63:   41 89 40 7c 48 8b 42 18 8b 88 38 0b 00 00 f6 c1
0x00007ffea4f9ec73:   08 0f 84 86 00 00 00 8b 80 3c 0b 00 00 41 89 80
0x00007ffea4f9ec83:   80 00 00 00 48 8b 42 18 8b 88 40 0b 00 00 41 89
0x00007ffea4f9ec93:   88 84 00 00 00 48 8b 42 18 8b 88 44 0b 00 00 41
0x00007ffea4f9eca3:   89 88 88 00 00 00 48 8b 42 18 8b 88 48 0b 00 00
0x00007ffea4f9ecb3:   41 89 88 8c 00 00 00 48 8b 42 18 8b 88 4c 0b 00
0x00007ffea4f9ecc3:   00 41 89 88 90 00 00 00 48 8b 42 18 8b 88 50 0b
0x00007ffea4f9ecd3:   00 00 41 89 88 94 00 00 00 48 8b 42 18 8b 88 54 


Stack slot to memory mapping:
stack at sp + 0 slots: 0x00007ffea4f9c31b ig9icd64.dll
stack at sp + 1 slots: 0x0000000000000001 is an unknown value
stack at sp + 2 slots: 0x0 is NULL
stack at sp + 3 slots: 0x000001e7d2f5ec00 points into unknown readable memory: 0x0000000000000000 | 00 00 00 00 00 00 00 00
stack at sp + 4 slots: 0x00007ffeda002622 igdgmm64.dll
stack at sp + 5 slots: 0x0000002e00000065 is an unknown value
stack at sp + 6 slots: 0x0000002e2b2fce30 is pointing into the stack for thread: 0x000001e7c2cb1190
stack at sp + 7 slots: 0x0 is NULL


---------------  P R O C E S S  ---------------

Threads class SMR info:
_java_thread_list=0x000001e7d27e9e70, length=28, elements={
0x000001e7a4511d80, 0x000001e7c2a214f0, 0x000001e7c2a22360, 0x000001e7c2a65570,
0x000001e7c2a66030, 0x000001e7c2a68af0, 0x000001e7c2a694a0, 0x000001e7c2a854e0,
0x000001e7c2a8a880, 0x000001e7c2a8b960, 0x000001e7c2b87180, 0x000001e7c73886f0,
0x000001e7c2ce6650, 0x000001e7c761ccb0, 0x000001e7c761d450, 0x000001e7c77d4c50,
0x000001e7c2cb1190, 0x000001e7c7acf570, 0x000001e7c7928000, 0x000001e7c7b3a300,
0x000001e7cb2a1bb0, 0x000001e7cb2a2080, 0x000001e7cb2a4bd0, 0x000001e7d249cbe0,
0x000001e7d249f260, 0x000001e7d2fcaaf0, 0x000001e7d2fc7ad0, 0x000001e7d2fca620
}

Java Threads: ( => current thread )
  0x000001e7a4511d80 JavaThread "main" [_thread_blocked, id=10404, stack(0x0000002e2a100000,0x0000002e2a200000)]
  0x000001e7c2a214f0 JavaThread "Reference Handler" daemon [_thread_blocked, id=9420, stack(0x0000002e2a800000,0x0000002e2a900000)]
  0x000001e7c2a22360 JavaThread "Finalizer" daemon [_thread_blocked, id=3824, stack(0x0000002e2a900000,0x0000002e2aa00000)]
  0x000001e7c2a65570 JavaThread "Signal Dispatcher" daemon [_thread_blocked, id=15256, stack(0x0000002e2aa00000,0x0000002e2ab00000)]
  0x000001e7c2a66030 JavaThread "Attach Listener" daemon [_thread_blocked, id=15920, stack(0x0000002e2ab00000,0x0000002e2ac00000)]
  0x000001e7c2a68af0 JavaThread "Service Thread" daemon [_thread_blocked, id=9212, stack(0x0000002e2ac00000,0x0000002e2ad00000)]
  0x000001e7c2a694a0 JavaThread "Monitor Deflation Thread" daemon [_thread_blocked, id=15208, stack(0x0000002e2ad00000,0x0000002e2ae00000)]
  0x000001e7c2a854e0 JavaThread "C2 CompilerThread0" daemon [_thread_blocked, id=14228, stack(0x0000002e2ae00000,0x0000002e2af00000)]
  0x000001e7c2a8a880 JavaThread "C1 CompilerThread0" daemon [_thread_blocked, id=3184, stack(0x0000002e2af00000,0x0000002e2b000000)]
  0x000001e7c2a8b960 JavaThread "Sweeper thread" daemon [_thread_blocked, id=124, stack(0x0000002e2b000000,0x0000002e2b100000)]
  0x000001e7c2b87180 JavaThread "Common-Cleaner" daemon [_thread_blocked, id=584, stack(0x0000002e2b100000,0x0000002e2b200000)]
  0x000001e7c73886f0 JavaThread "Monitor Ctrl-Break" daemon [_thread_in_native, id=4100, stack(0x0000002e2b300000,0x0000002e2b400000)]
  0x000001e7c2ce6650 JavaThread "Notification Thread" daemon [_thread_blocked, id=15572, stack(0x0000002e2b400000,0x0000002e2b500000)]
  0x000001e7c761ccb0 JavaThread "Java2D Disposer" daemon [_thread_blocked, id=8444, stack(0x0000002e2b900000,0x0000002e2ba00000)]
  0x000001e7c761d450 JavaThread "AWT-Shutdown" [_thread_blocked, id=8820, stack(0x0000002e2ba00000,0x0000002e2bb00000)]
  0x000001e7c77d4c50 JavaThread "AWT-Windows" daemon [_thread_in_native, id=5996, stack(0x0000002e2bb00000,0x0000002e2bc00000)]
=>0x000001e7c2cb1190 JavaThread "AWT-EventQueue-0" [_thread_in_native, id=4972, stack(0x0000002e2b200000,0x0000002e2b300000)]
  0x000001e7c7acf570 JavaThread "Reference Cleaner" daemon [_thread_blocked, id=7732, stack(0x0000002e2bc00000,0x0000002e2bd00000)]
  0x000001e7c7928000 JavaThread "DefaultDispatcher-worker-2" daemon [_thread_blocked, id=10684, stack(0x0000002e2be00000,0x0000002e2bf00000)]
  0x000001e7c7b3a300 JavaThread "kotlinx.coroutines.DefaultExecutor" daemon [_thread_blocked, id=11252, stack(0x0000002e2c000000,0x0000002e2c100000)]
  0x000001e7cb2a1bb0 JavaThread "TimerQueue" daemon [_thread_blocked, id=12204, stack(0x0000002e2c500000,0x0000002e2c600000)]
  0x000001e7cb2a2080 JavaThread "RealmFinalizingDaemon" daemon [_thread_blocked, id=7472, stack(0x0000002e2c800000,0x0000002e2c900000)]
  0x000001e7cb2a4bd0 JavaThread "core-notifier" daemon [_thread_in_native, id=3160, stack(0x0000002e2ca00000,0x0000002e2cb00000)]
  0x000001e7d249cbe0 JavaThread "DefaultDispatcher-worker-4" daemon [_thread_blocked, id=5884, stack(0x0000002e29e00000,0x0000002e29f00000)]
  0x000001e7d249f260 JavaThread "DefaultDispatcher-worker-3" daemon [_thread_blocked, id=5476, stack(0x0000002e29f00000,0x0000002e2a000000)]
  0x000001e7d2fcaaf0 JavaThread "DefaultDispatcher-worker-1" daemon [_thread_blocked, id=1068, stack(0x0000002e2cb00000,0x0000002e2cc00000)]
  0x000001e7d2fc7ad0 JavaThread "SIGINT handler" daemon [_thread_blocked, id=10880, stack(0x0000002e2a000000,0x0000002e2a100000)]
  0x000001e7d2fca620 JavaThread "ToolkitShutdown" daemon [_thread_in_native, id=12740, stack(0x0000002e2bd00000,0x0000002e2be00000)]

Other Threads:
  0x000001e7c2a1e7e0 VMThread "VM Thread" [stack: 0x0000002e2a700000,0x0000002e2a800000] [id=14440]
  0x000001e7a4597090 WatcherThread [stack: 0x0000002e2b500000,0x0000002e2b600000] [id=6668]
  0x000001e7a457bae0 GCTaskThread "GC Thread#0" [stack: 0x0000002e2a200000,0x0000002e2a300000] [id=14680]
  0x000001e7c7774020 GCTaskThread "GC Thread#1" [stack: 0x0000002e2b600000,0x0000002e2b700000] [id=5828]
  0x000001e7c77742d0 GCTaskThread "GC Thread#2" [stack: 0x0000002e2b700000,0x0000002e2b800000] [id=11536]
  0x000001e7c7774580 GCTaskThread "GC Thread#3" [stack: 0x0000002e2b800000,0x0000002e2b900000] [id=1048]
  0x000001e7a247df10 ConcurrentGCThread "G1 Main Marker" [stack: 0x0000002e2a300000,0x0000002e2a400000] [id=11584]
  0x000001e7a247e920 ConcurrentGCThread "G1 Conc#0" [stack: 0x0000002e2a400000,0x0000002e2a500000] [id=6356]
  0x000001e7c27444f0 ConcurrentGCThread "G1 Refine#0" [stack: 0x0000002e2a500000,0x0000002e2a600000] [id=6840]
  0x000001e7c2744f10 ConcurrentGCThread "G1 Service" [stack: 0x0000002e2a600000,0x0000002e2a700000] [id=5564]

Threads with active compile tasks:

VM state: not at safepoint (normal execution)

VM Mutex/Monitor currently owned by a thread: None

Heap address: 0x0000000702600000, size: 4058 MB, Compressed Oops mode: Zero based, Oop shift amount: 3

CDS archive(s) not mapped
Compressed class space mapped at: 0x0000000800000000-0x0000000840000000, reserved size: 1073741824
Narrow klass base: 0x0000000800000000, Narrow klass shift: 0, Narrow klass range: 0x40000000

GC Precious Log:
 CPUs: 4 total, 4 available
 Memory: 16224M
 Large Page Support: Disabled
 NUMA Support: Disabled
 Compressed Oops: Enabled (Zero based)
 Heap Region Size: 2M
 Heap Min Capacity: 8M
 Heap Initial Capacity: 254M
 Heap Max Capacity: 4058M
 Pre-touch: Disabled
 Parallel Workers: 4
 Concurrent Workers: 1
 Concurrent Refinement Workers: 4
 Periodic GC: Disabled

Heap:
 garbage-first heap   total 81920K, used 32129K [0x0000000702600000, 0x0000000800000000)
  region size 2048K, 5 young (10240K), 0 survivors (0K)
 Metaspace       used 46691K, committed 46976K, reserved 1114112K
  class space    used 4825K, committed 4928K, reserved 1048576K

Heap Regions: E=young(eden), S=young(survivor), O=old, HS=humongous(starts), HC=humongous(continues), CS=collection set, F=free, OA=open archive, CA=closed archive, TAMS=top-at-mark-start (previous, next)
|   0|0x0000000702600000, 0x0000000702800000, 0x0000000702800000|100%|HS|  |TAMS 0x0000000702800000, 0x0000000702600000| Untracked 
|   1|0x0000000702800000, 0x0000000702a00000, 0x0000000702a00000|100%| O|  |TAMS 0x0000000702a00000, 0x0000000702800000| Untracked 
|   2|0x0000000702a00000, 0x0000000702c00000, 0x0000000702c00000|100%| O|  |TAMS 0x0000000702c00000, 0x0000000702a00000| Untracked 
|   3|0x0000000702c00000, 0x0000000702df9710, 0x0000000702e00000| 98%| O|  |TAMS 0x0000000702df9710, 0x0000000702c00000| Untracked 
|   4|0x0000000702e00000, 0x0000000703000000, 0x0000000703000000|100%| O|  |TAMS 0x0000000703000000, 0x0000000702e00000| Untracked 
|   5|0x0000000703000000, 0x00000007031fffe0, 0x0000000703200000| 99%| O|  |TAMS 0x00000007031fffe0, 0x0000000703000000| Untracked 
|   6|0x0000000703200000, 0x00000007033b33a8, 0x0000000703400000| 85%| O|  |TAMS 0x0000000703200000, 0x0000000703200000| Untracked 
|   7|0x0000000703400000, 0x000000070359e1d8, 0x0000000703600000| 80%| O|  |TAMS 0x0000000703400000, 0x0000000703400000| Untracked 
|   8|0x0000000703600000, 0x0000000703615908, 0x0000000703800000|  4%| O|  |TAMS 0x0000000703600000, 0x0000000703600000| Untracked 
|   9|0x0000000703800000, 0x0000000703800000, 0x0000000703a00000|  0%| F|  |TAMS 0x0000000703800000, 0x0000000703800000| Untracked 
|  10|0x0000000703a00000, 0x0000000703c00000, 0x0000000703c00000|100%|HS|  |TAMS 0x0000000703c00000, 0x0000000703a00000| Untracked 
|  11|0x0000000703c00000, 0x0000000703e00000, 0x0000000703e00000|100%|HC|  |TAMS 0x0000000703e00000, 0x0000000703c00000| Untracked 
|  12|0x0000000703e00000, 0x0000000704000000, 0x0000000704000000|100%|HC|  |TAMS 0x0000000704000000, 0x0000000703e00000| Untracked 
|  13|0x0000000704000000, 0x0000000704200000, 0x0000000704200000|100%|HC|  |TAMS 0x0000000704200000, 0x0000000704000000| Untracked 
|  14|0x0000000704200000, 0x0000000704200000, 0x0000000704400000|  0%| F|  |TAMS 0x0000000704200000, 0x0000000704200000| Untracked 
|  15|0x0000000704400000, 0x0000000704400000, 0x0000000704600000|  0%| F|  |TAMS 0x0000000704400000, 0x0000000704400000| Untracked 
|  16|0x0000000704600000, 0x0000000704600000, 0x0000000704800000|  0%| F|  |TAMS 0x0000000704600000, 0x0000000704600000| Untracked 
|  17|0x0000000704800000, 0x0000000704800000, 0x0000000704a00000|  0%| F|  |TAMS 0x0000000704800000, 0x0000000704800000| Untracked 
|  18|0x0000000704a00000, 0x0000000704a00000, 0x0000000704c00000|  0%| F|  |TAMS 0x0000000704a00000, 0x0000000704a00000| Untracked 
|  19|0x0000000704c00000, 0x0000000704c00000, 0x0000000704e00000|  0%| F|  |TAMS 0x0000000704c00000, 0x0000000704c00000| Untracked 
|  20|0x0000000704e00000, 0x0000000704e00000, 0x0000000705000000|  0%| F|  |TAMS 0x0000000704e00000, 0x0000000704e00000| Untracked 
|  21|0x0000000705000000, 0x0000000705000000, 0x0000000705200000|  0%| F|  |TAMS 0x0000000705000000, 0x0000000705000000| Untracked 
|  22|0x0000000705200000, 0x0000000705200000, 0x0000000705400000|  0%| F|  |TAMS 0x0000000705200000, 0x0000000705200000| Untracked 
|  23|0x0000000705400000, 0x0000000705400000, 0x0000000705600000|  0%| F|  |TAMS 0x0000000705400000, 0x0000000705400000| Untracked 
|  24|0x0000000705600000, 0x0000000705600000, 0x0000000705800000|  0%| F|  |TAMS 0x0000000705600000, 0x0000000705600000| Untracked 
|  25|0x0000000705800000, 0x0000000705800000, 0x0000000705a00000|  0%| F|  |TAMS 0x0000000705800000, 0x0000000705800000| Untracked 
|  26|0x0000000705a00000, 0x0000000705a00000, 0x0000000705c00000|  0%| F|  |TAMS 0x0000000705a00000, 0x0000000705a00000| Untracked 
|  27|0x0000000705c00000, 0x0000000705c00000, 0x0000000705e00000|  0%| F|  |TAMS 0x0000000705c00000, 0x0000000705c00000| Untracked 
|  28|0x0000000705e00000, 0x0000000705e00000, 0x0000000706000000|  0%| F|  |TAMS 0x0000000705e00000, 0x0000000705e00000| Untracked 
|  29|0x0000000706000000, 0x0000000706000000, 0x0000000706200000|  0%| F|  |TAMS 0x0000000706000000, 0x0000000706000000| Untracked 
|  30|0x0000000706200000, 0x0000000706200000, 0x0000000706400000|  0%| F|  |TAMS 0x0000000706200000, 0x0000000706200000| Untracked 
|  31|0x0000000706400000, 0x0000000706400000, 0x0000000706600000|  0%| F|  |TAMS 0x0000000706400000, 0x0000000706400000| Untracked 
|  32|0x0000000706600000, 0x0000000706600000, 0x0000000706800000|  0%| F|  |TAMS 0x0000000706600000, 0x0000000706600000| Untracked 
|  33|0x0000000706800000, 0x0000000706800000, 0x0000000706a00000|  0%| F|  |TAMS 0x0000000706800000, 0x0000000706800000| Untracked 
|  34|0x0000000706a00000, 0x0000000706a00000, 0x0000000706c00000|  0%| F|  |TAMS 0x0000000706a00000, 0x0000000706a00000| Untracked 
|  35|0x0000000706c00000, 0x0000000706c63418, 0x0000000706e00000| 19%| E|  |TAMS 0x0000000706c00000, 0x0000000706c00000| Complete 
|  36|0x0000000706e00000, 0x0000000707000000, 0x0000000707000000|100%| E|CS|TAMS 0x0000000706e00000, 0x0000000706e00000| Complete 
|  37|0x0000000707000000, 0x0000000707200000, 0x0000000707200000|100%| E|CS|TAMS 0x0000000707000000, 0x0000000707000000| Complete 
|  38|0x0000000707200000, 0x0000000707400000, 0x0000000707400000|100%| E|CS|TAMS 0x0000000707200000, 0x0000000707200000| Complete 
|  39|0x0000000707400000, 0x0000000707600000, 0x0000000707600000|100%| E|CS|TAMS 0x0000000707400000, 0x0000000707400000| Complete 

Card table byte_map: [0x000001e7b74b0000,0x000001e7b7ca0000] _byte_map_base: 0x000001e7b3c9d000

Marking Bits (Prev, Next): (CMBitMap*) 0x000001e7a457c0f0, (CMBitMap*) 0x000001e7a457c130
 Prev Bits: [0x000001e7b8490000, 0x000001e7bc3f8000)
 Next Bits: [0x000001e7bc400000, 0x000001e7c0368000)

Polling page: 0x000001e7a24e0000

Metaspace:

Usage:
  Non-class:     40.88 MB used.
      Class:      4.71 MB used.
       Both:     45.60 MB used.

Virtual space:
  Non-class space:       64.00 MB reserved,      41.06 MB ( 64%) committed,  1 nodes.
      Class space:        1.00 GB reserved,       4.81 MB ( <1%) committed,  1 nodes.
             Both:        1.06 GB reserved,      45.88 MB (  4%) committed. 

Chunk freelists:
   Non-Class:  6.61 MB
       Class:  11.12 MB
        Both:  17.73 MB

MaxMetaspaceSize: unlimited
CompressedClassSpaceSize: 1.00 GB
Initial GC threshold: 21.00 MB
Current GC threshold: 76.38 MB
CDS: off
MetaspaceReclaimPolicy: balanced
 - commit_granule_bytes: 65536.
 - commit_granule_words: 8192.
 - virtual_space_node_default_size: 8388608.
 - enlarge_chunks_in_place: 1.
 - new_chunks_are_fully_committed: 0.
 - uncommit_free_chunks: 1.
 - use_allocation_guard: 0.
 - handle_deallocations: 1.


Internal statistics:

num_allocs_failed_limit: 6.
num_arena_births: 226.
num_arena_deaths: 0.
num_vsnodes_births: 2.
num_vsnodes_deaths: 0.
num_space_committed: 734.
num_space_uncommitted: 0.
num_chunks_returned_to_freelist: 6.
num_chunks_taken_from_freelist: 1214.
num_chunk_merges: 3.
num_chunk_splits: 1062.
num_chunks_enlarged: 978.
num_inconsistent_stats: 0.

CodeHeap 'non-profiled nmethods': size=120000Kb used=6104Kb max_used=6104Kb free=113895Kb
 bounds [0x000001e7af790000, 0x000001e7afd90000, 0x000001e7b6cc0000]
CodeHeap 'profiled nmethods': size=120000Kb used=16979Kb max_used=16979Kb free=103020Kb
 bounds [0x000001e7a7cc0000, 0x000001e7a8d60000, 0x000001e7af1f0000]
CodeHeap 'non-nmethods': size=5760Kb used=1866Kb max_used=1955Kb free=3893Kb
 bounds [0x000001e7af1f0000, 0x000001e7af460000, 0x000001e7af790000]
 total_blobs=8827 nmethods=7484 adapters=1255
 compilation: enabled
              stopped_count=0, restarted_count=0
 full_count=0

Compilation events (20 events):
Event: 776.032 Thread 0x000001e7c2a8a880 nmethod 8900 0x000001e7a8592710 code [0x000001e7a85928e0, 0x000001e7a8592a98]
Event: 776.032 Thread 0x000001e7c2a8a880 8901       3       androidx.compose.ui.text.style.TextGeometricTransformKt::lerp (44 bytes)
Event: 776.032 Thread 0x000001e7c2a8a880 nmethod 8901 0x000001e7a8d4da10 code [0x000001e7a8d4dce0, 0x000001e7a8d4e9d8]
Event: 776.040 Thread 0x000001e7c2a854e0 nmethod 8888 0x000001e7afd7ec10 code [0x000001e7afd7ef20, 0x000001e7afd809b8]
Event: 776.040 Thread 0x000001e7c2a854e0 8892       4       java.awt.EventQueue$3::run (60 bytes)
Event: 776.042 Thread 0x000001e7c2a8a880 8902       3       androidx.compose.ui.text.TextStyleKt::lerp (44 bytes)
Event: 776.043 Thread 0x000001e7c2a8a880 nmethod 8902 0x000001e7a8d4ee90 code [0x000001e7a8d4f140, 0x000001e7a8d4fd68]
Event: 776.043 Thread 0x000001e7c2a8a880 8903       3       androidx.compose.material.TextFieldImplKt::Decoration-euL9pac (466 bytes)
Event: 776.047 Thread 0x000001e7c2a8a880 nmethod 8903 0x000001e7a8d50210 code [0x000001e7a8d509e0, 0x000001e7a8d54da8]
Event: 776.054 Thread 0x000001e7c2a854e0 nmethod 8892 0x000001e7afd81b10 code [0x000001e7afd81d40, 0x000001e7afd82a50]
Event: 776.126 Thread 0x000001e7c2a8a880 8904       3       androidx.compose.runtime.ComposerImpl::reportFreeMovableContent (13 bytes)
Event: 776.126 Thread 0x000001e7c2a8a880 nmethod 8904 0x000001e7a8511f10 code [0x000001e7a85120c0, 0x000001e7a8512238]
Event: 776.129 Thread 0x000001e7c2a854e0 8905       4       androidx.compose.ui.geometry.Size::equals-impl (27 bytes)
Event: 776.133 Thread 0x000001e7c2a854e0 nmethod 8905 0x000001e7afd83290 code [0x000001e7afd83400, 0x000001e7afd83498]
Event: 816.079 Thread 0x000001e7c2a854e0 8906 %     4       kotlinx.coroutines.scheduling.CoroutineScheduler$Worker::runWorker @ 2 (118 bytes)
Event: 816.105 Thread 0x000001e7c2a854e0 nmethod 8906% 0x000001e7afd83590 code [0x000001e7afd837c0, 0x000001e7afd842c0]
Event: 843.499 Thread 0x000001e7c2a854e0 8907       4       kotlinx.coroutines.scheduling.CoroutineScheduler$Worker::runWorker (118 bytes)
Event: 843.512 Thread 0x000001e7c2a854e0 nmethod 8907 0x000001e7afd84b90 code [0x000001e7afd84dc0, 0x000001e7afd858c0]
Event: 867.611 Thread 0x000001e7c2a8a880 8908       3       kotlinx.coroutines.DispatchedCoroutine::afterResume (30 bytes)
Event: 867.612 Thread 0x000001e7c2a8a880 nmethod 8908 0x000001e7a8d56510 code [0x000001e7a8d56780, 0x000001e7a8d57258]

GC Heap History (20 events):
Event: 808.843 GC heap before
{Heap before GC invocations=51 (full 19):
 garbage-first heap   total 81920K, used 68836K [0x0000000702600000, 0x0000000800000000)
  region size 2048K, 22 young (45056K), 0 survivors (0K)
 Metaspace       used 46667K, committed 46912K, reserved 1114112K
  class space    used 4822K, committed 4928K, reserved 1048576K
}
Event: 808.844 GC heap after
{Heap after GC invocations=52 (full 19):
 garbage-first heap   total 81920K, used 23998K [0x0000000702600000, 0x0000000800000000)
  region size 2048K, 1 young (2048K), 1 survivors (2048K)
 Metaspace       used 46667K, committed 46912K, reserved 1114112K
  class space    used 4822K, committed 4928K, reserved 1048576K
}
Event: 813.152 GC heap before
{Heap before GC invocations=52 (full 19):
 garbage-first heap   total 81920K, used 30142K [0x0000000702600000, 0x0000000800000000)
  region size 2048K, 5 young (10240K), 1 survivors (2048K)
 Metaspace       used 46667K, committed 46912K, reserved 1114112K
  class space    used 4822K, committed 4928K, reserved 1048576K
}
Event: 813.180 GC heap after
{Heap after GC invocations=53 (full 20):
 garbage-first heap   total 81920K, used 23837K [0x0000000702600000, 0x0000000800000000)
  region size 2048K, 0 young (0K), 0 survivors (0K)
 Metaspace       used 46667K, committed 46912K, reserved 1114112K
  class space    used 4822K, committed 4928K, reserved 1048576K
}
Event: 838.420 GC heap before
{Heap before GC invocations=53 (full 20):
 garbage-first heap   total 81920K, used 68893K [0x0000000702600000, 0x0000000800000000)
  region size 2048K, 22 young (45056K), 0 survivors (0K)
 Metaspace       used 46667K, committed 46912K, reserved 1114112K
  class space    used 4822K, committed 4928K, reserved 1048576K
}
Event: 838.421 GC heap after
{Heap after GC invocations=54 (full 20):
 garbage-first heap   total 81920K, used 23934K [0x0000000702600000, 0x0000000800000000)
  region size 2048K, 1 young (2048K), 1 survivors (2048K)
 Metaspace       used 46667K, committed 46912K, reserved 1114112K
  class space    used 4822K, committed 4928K, reserved 1048576K
}
Event: 843.196 GC heap before
{Heap before GC invocations=54 (full 20):
 garbage-first heap   total 81920K, used 32126K [0x0000000702600000, 0x0000000800000000)
  region size 2048K, 6 young (12288K), 1 survivors (2048K)
 Metaspace       used 46667K, committed 46912K, reserved 1114112K
  class space    used 4822K, committed 4928K, reserved 1048576K
}
Event: 843.230 GC heap after
{Heap after GC invocations=55 (full 21):
 garbage-first heap   total 81920K, used 23843K [0x0000000702600000, 0x0000000800000000)
  region size 2048K, 0 young (0K), 0 survivors (0K)
 Metaspace       used 46667K, committed 46912K, reserved 1114112K
  class space    used 4822K, committed 4928K, reserved 1048576K
}
Event: 867.929 GC heap before
{Heap before GC invocations=55 (full 21):
 garbage-first heap   total 81920K, used 66851K [0x0000000702600000, 0x0000000800000000)
  region size 2048K, 21 young (43008K), 0 survivors (0K)
 Metaspace       used 46667K, committed 46912K, reserved 1114112K
  class space    used 4822K, committed 4928K, reserved 1048576K
}
Event: 867.930 GC heap after
{Heap after GC invocations=56 (full 21):
 garbage-first heap   total 81920K, used 24111K [0x0000000702600000, 0x0000000800000000)
  region size 2048K, 1 young (2048K), 1 survivors (2048K)
 Metaspace       used 46667K, committed 46912K, reserved 1114112K
  class space    used 4822K, committed 4928K, reserved 1048576K
}
Event: 873.237 GC heap before
{Heap before GC invocations=56 (full 21):
 garbage-first heap   total 81920K, used 32303K [0x0000000702600000, 0x0000000800000000)
  region size 2048K, 6 young (12288K), 1 survivors (2048K)
 Metaspace       used 46667K, committed 46912K, reserved 1114112K
  class space    used 4822K, committed 4928K, reserved 1048576K
}
Event: 873.272 GC heap after
{Heap after GC invocations=57 (full 22):
 garbage-first heap   total 81920K, used 23937K [0x0000000702600000, 0x0000000800000000)
  region size 2048K, 0 young (0K), 0 survivors (0K)
 Metaspace       used 46667K, committed 46912K, reserved 1114112K
  class space    used 4822K, committed 4928K, reserved 1048576K
}
Event: 899.067 GC heap before
{Heap before GC invocations=57 (full 22):
 garbage-first heap   total 81920K, used 68993K [0x0000000702600000, 0x0000000800000000)
  region size 2048K, 22 young (45056K), 0 survivors (0K)
 Metaspace       used 46667K, committed 46912K, reserved 1114112K
  class space    used 4822K, committed 4928K, reserved 1048576K
}
Event: 899.068 GC heap after
{Heap after GC invocations=58 (full 22):
 garbage-first heap   total 81920K, used 24011K [0x0000000702600000, 0x0000000800000000)
  region size 2048K, 1 young (2048K), 1 survivors (2048K)
 Metaspace       used 46667K, committed 46912K, reserved 1114112K
  class space    used 4822K, committed 4928K, reserved 1048576K
}
Event: 903.287 GC heap before
{Heap before GC invocations=58 (full 22):
 garbage-first heap   total 81920K, used 30155K [0x0000000702600000, 0x0000000800000000)
  region size 2048K, 5 young (10240K), 1 survivors (2048K)
 Metaspace       used 46667K, committed 46912K, reserved 1114112K
  class space    used 4822K, committed 4928K, reserved 1048576K
}
Event: 903.318 GC heap after
{Heap after GC invocations=59 (full 23):
 garbage-first heap   total 81920K, used 23937K [0x0000000702600000, 0x0000000800000000)
  region size 2048K, 0 young (0K), 0 survivors (0K)
 Metaspace       used 46667K, committed 46912K, reserved 1114112K
  class space    used 4822K, committed 4928K, reserved 1048576K
}
Event: 928.508 GC heap before
{Heap before GC invocations=59 (full 23):
 garbage-first heap   total 81920K, used 68993K [0x0000000702600000, 0x0000000800000000)
  region size 2048K, 22 young (45056K), 0 survivors (0K)
 Metaspace       used 46667K, committed 46912K, reserved 1114112K
  class space    used 4822K, committed 4928K, reserved 1048576K
}
Event: 928.510 GC heap after
{Heap after GC invocations=60 (full 23):
 garbage-first heap   total 81920K, used 24005K [0x0000000702600000, 0x0000000800000000)
  region size 2048K, 1 young (2048K), 1 survivors (2048K)
 Metaspace       used 46667K, committed 46912K, reserved 1114112K
  class space    used 4822K, committed 4928K, reserved 1048576K
}
Event: 933.331 GC heap before
{Heap before GC invocations=60 (full 23):
 garbage-first heap   total 81920K, used 32197K [0x0000000702600000, 0x0000000800000000)
  region size 2048K, 6 young (12288K), 1 survivors (2048K)
 Metaspace       used 46667K, committed 46912K, reserved 1114112K
  class space    used 4822K, committed 4928K, reserved 1048576K
}
Event: 933.360 GC heap after
{Heap after GC invocations=61 (full 24):
 garbage-first heap   total 81920K, used 23937K [0x0000000702600000, 0x0000000800000000)
  region size 2048K, 0 young (0K), 0 survivors (0K)
 Metaspace       used 46667K, committed 46912K, reserved 1114112K
  class space    used 4822K, committed 4928K, reserved 1048576K
}

Dll operation events (3 events):
Event: 0.009 Loaded shared library C:\Users\HP\.jdks\jbr-17.0.7-1\bin\java.dll
Event: 0.049 Loaded shared library C:\Users\HP\.jdks\jbr-17.0.7-1\bin\jsvml.dll
Event: 0.264 Loaded shared library C:\Users\HP\.jdks\jbr-17.0.7-1\bin\zip.dll

Deoptimization events (20 events):
Event: 775.933 Thread 0x000001e7c2cb1190 Uncommon trap: trap_request=0xffffffde fr.pc=0x000001e7afa6856c relative=0x0000000000000bac
Event: 775.933 Thread 0x000001e7c2cb1190 Uncommon trap: reason=class_check action=maybe_recompile pc=0x000001e7afa6856c method=java.awt.EventQueue.dispatchEventImpl(Ljava/awt/AWTEvent;Ljava/lang/Object;)V @ 18 c2
Event: 775.933 Thread 0x000001e7c2cb1190 DEOPT PACKING pc=0x000001e7afa6856c sp=0x0000002e2b2fef90
Event: 775.933 Thread 0x000001e7c2cb1190 DEOPT UNPACKING pc=0x000001e7af2469a3 sp=0x0000002e2b2fef08 mode 2
Event: 843.499 Thread 0x000001e7d2fcaaf0 DEOPT PACKING pc=0x000001e7a8084a11 sp=0x0000002e2cbff470
Event: 843.499 Thread 0x000001e7d2fcaaf0 DEOPT UNPACKING pc=0x000001e7af247143 sp=0x0000002e2cbfe948 mode 0
Event: 865.468 Thread 0x000001e7d2fcaaf0 Uncommon trap: trap_request=0xffffff45 fr.pc=0x000001e7afbca64c relative=0x000000000000072c
Event: 865.468 Thread 0x000001e7d2fcaaf0 Uncommon trap: reason=unstable_if action=reinterpret pc=0x000001e7afbca64c method=kotlinx.coroutines.DispatchedCoroutine.tryResume()Z @ 14 c2
Event: 865.468 Thread 0x000001e7d2fcaaf0 DEOPT PACKING pc=0x000001e7afbca64c sp=0x0000002e2cbff260
Event: 865.468 Thread 0x000001e7d2fcaaf0 DEOPT UNPACKING pc=0x000001e7af2469a3 sp=0x0000002e2cbff1d0 mode 2
Event: 897.704 Thread 0x000001e7d249cbe0 DEOPT PACKING pc=0x000001e7a8084a11 sp=0x0000002e29eff290
Event: 897.704 Thread 0x000001e7d249cbe0 DEOPT UNPACKING pc=0x000001e7af247143 sp=0x0000002e29efe768 mode 0
Event: 937.452 Thread 0x000001e7d2fc97b0 Uncommon trap: trap_request=0xffffff5c fr.pc=0x000001e7afb0fe54 relative=0x00000000000004b4
Event: 937.452 Thread 0x000001e7d2fc97b0 Uncommon trap: reason=speculate_null_check action=make_not_entrant pc=0x000001e7afb0fe54 method=java.util.concurrent.locks.AbstractQueuedSynchronizer.enqueue(Ljava/util/concurrent/locks/AbstractQueuedSynchronizer$Node;)V @ 15 c2
Event: 937.452 Thread 0x000001e7d2fc97b0 DEOPT PACKING pc=0x000001e7afb0fe54 sp=0x0000002e2bffe5a0
Event: 937.452 Thread 0x000001e7d2fc97b0 DEOPT UNPACKING pc=0x000001e7af2469a3 sp=0x0000002e2bffe4e0 mode 2
Event: 937.454 Thread 0x000001e7cb2a4700 Uncommon trap: trap_request=0xffffff45 fr.pc=0x000001e7afd1472c relative=0x000000000000010c
Event: 937.454 Thread 0x000001e7cb2a4700 Uncommon trap: reason=unstable_if action=reinterpret pc=0x000001e7afd1472c method=kotlin.reflect.jvm.internal.ReflectProperties$LazySoftVal.invoke()Ljava/lang/Object; @ 6 c2
Event: 937.454 Thread 0x000001e7cb2a4700 DEOPT PACKING pc=0x000001e7afd1472c sp=0x0000002e2c6fec70
Event: 937.454 Thread 0x000001e7cb2a4700 DEOPT UNPACKING pc=0x000001e7af2469a3 sp=0x0000002e2c6fec18 mode 2

Classes unloaded (0 events):
No events

Classes redefined (0 events):
No events

Internal exceptions (20 events):
Event: 3.495 Thread 0x000001e7c2cb1190 Exception <a 'java/lang/NoSuchMethodError'{0x0000000704ee5a30}: 'java.lang.Object java.lang.invoke.DirectMethodHandle$Holder.invokeSpecial(java.lang.Object, java.lang.Object, java.lang.Object, java.lang.Object, java.lang.Object, java.lang.Object, java.lang.Object, java.lang.Object, java.lang.Object, java.lang.Object)'> (0x0000000704ee5a30) 
thrown [s\src\hotspot\share\interpreter\linkResolver.cpp, line 771]
Event: 3.495 Thread 0x000001e7c2cb1190 Exception <a 'java/lang/NoSuchMethodError'{0x0000000704eea2c0}: 'java.lang.Object java.lang.invoke.Invokers$Holder.invoke_MT(java.lang.Object, java.lang.Object, java.lang.Object, java.lang.Object, java.lang.Object, java.lang.Object, java.lang.Object, java.lang.Object, java.lang.Object, java.lang.Object)'> (0x0000000704eea2c0) 
thrown [s\src\hotspot\share\interpreter\linkResolver.cpp, line 771]
Event: 3.501 Thread 0x000001e7c2cb1190 Exception <a 'java/lang/NoSuchMethodError'{0x0000000704ef0a08}: 'java.lang.Object java.lang.invoke.DirectMethodHandle$Holder.invokeStatic(java.lang.Object, java.lang.Object, int)'> (0x0000000704ef0a08) 
thrown [s\src\hotspot\share\interpreter\linkResolver.cpp, line 771]
Event: 3.506 Thread 0x000001e7c2cb1190 Exception <a 'java/lang/NoSuchMethodError'{0x0000000704f03b40}: 'void java.lang.invoke.DelegatingMethodHandle$Holder.delegate(java.lang.Object, java.lang.Object, int, java.lang.Object)'> (0x0000000704f03b40) 
thrown [s\src\hotspot\share\interpreter\linkResolver.cpp, line 771]
Event: 3.506 Thread 0x000001e7c2cb1190 Exception <a 'java/lang/NoSuchMethodError'{0x0000000704f07f28}: 'int java.lang.invoke.DirectMethodHandle$Holder.invokeSpecial(java.lang.Object, java.lang.Object, java.lang.Object)'> (0x0000000704f07f28) 
thrown [s\src\hotspot\share\interpreter\linkResolver.cpp, line 771]
Event: 3.522 Thread 0x000001e7c2cb1190 Exception <a 'java/lang/NoSuchMethodError'{0x0000000704f28570}: 'int java.lang.invoke.DirectMethodHandle$Holder.invokeVirtual(java.lang.Object, java.lang.Object, java.lang.Object)'> (0x0000000704f28570) 
thrown [s\src\hotspot\share\interpreter\linkResolver.cpp, line 771]
Event: 3.522 Thread 0x000001e7c2cb1190 Exception <a 'java/lang/NoSuchMethodError'{0x0000000704f2c3a8}: 'int java.lang.invoke.DirectMethodHandle$Holder.invokeVirtual(java.lang.Object, java.lang.Object)'> (0x0000000704f2c3a8) 
thrown [s\src\hotspot\share\interpreter\linkResolver.cpp, line 771]
Event: 3.523 Thread 0x000001e7c2cb1190 Exception <a 'java/lang/NoSuchMethodError'{0x0000000704f30ba0}: 'int java.lang.invoke.DirectMethodHandle$Holder.invokeStaticInit(java.lang.Object, java.lang.Object, java.lang.Object)'> (0x0000000704f30ba0) 
thrown [s\src\hotspot\share\interpreter\linkResolver.cpp, line 771]
Event: 3.524 Thread 0x000001e7c2cb1190 Exception <a 'java/lang/NoSuchMethodError'{0x0000000704f34a28}: 'int java.lang.invoke.DirectMethodHandle$Holder.invokeStaticInit(java.lang.Object, int, int)'> (0x0000000704f34a28) 
thrown [s\src\hotspot\share\interpreter\linkResolver.cpp, line 771]
Event: 3.525 Thread 0x000001e7c2cb1190 Exception <a 'java/lang/NoSuchMethodError'{0x0000000704f3c860}: 'int java.lang.invoke.DirectMethodHandle$Holder.invokeStaticInit(java.lang.Object, long, long)'> (0x0000000704f3c860) 
thrown [s\src\hotspot\share\interpreter\linkResolver.cpp, line 771]
Event: 3.527 Thread 0x000001e7c2cb1190 Exception <a 'java/lang/NoSuchMethodError'{0x0000000704f43c00}: 'int java.lang.invoke.DirectMethodHandle$Holder.invokeStaticInit(java.lang.Object, float, float)'> (0x0000000704f43c00) 
thrown [s\src\hotspot\share\interpreter\linkResolver.cpp, line 771]
Event: 3.529 Thread 0x000001e7c2cb1190 Exception <a 'java/lang/NoSuchMethodError'{0x0000000704f4afa8}: 'int java.lang.invoke.DirectMethodHandle$Holder.invokeStaticInit(java.lang.Object, double, double)'> (0x0000000704f4afa8) 
thrown [s\src\hotspot\share\interpreter\linkResolver.cpp, line 771]
Event: 3.529 Thread 0x000001e7c2cb1190 Exception <a 'java/lang/NoSuchMethodError'{0x0000000704f4fb00}: 'int java.lang.invoke.DirectMethodHandle$Holder.invokeStatic(java.lang.Object, long)'> (0x0000000704f4fb00) 
thrown [s\src\hotspot\share\interpreter\linkResolver.cpp, line 771]
Event: 3.543 Thread 0x000001e7c2cb1190 Exception <a 'java/lang/NoSuchMethodError'{0x0000000704f74248}: 'int java.lang.invoke.Invokers$Holder.linkToTargetMethod(java.lang.Object, java.lang.Object)'> (0x0000000704f74248) 
thrown [s\src\hotspot\share\interpreter\linkResolver.cpp, line 771]
Event: 26.316 Thread 0x000001e7c2cb1190 Exception <a 'java/lang/NoSuchMethodError'{0x0000000710857ba8}: 'java.lang.Object java.lang.invoke.DirectMethodHandle$Holder.newInvokeSpecial(java.lang.Object, int, java.lang.Object)'> (0x0000000710857ba8) 
thrown [s\src\hotspot\share\interpreter\linkResolver.cpp, line 771]
Event: 26.351 Thread 0x000001e7c2cb1190 Implicit null exception at 0x000001e7af7ea753 to 0x000001e7af7eb1e4
Event: 453.241 Thread 0x000001e7c2cb1190 Implicit null exception at 0x000001e7afc0a460 to 0x000001e7afc0ada8
Event: 488.618 Thread 0x000001e7c7b3a7d0 Implicit null exception at 0x000001e7afbbdab2 to 0x000001e7afbbdc65
Event: 493.669 Thread 0x000001e7d249f260 Implicit null exception at 0x000001e7afb81c80 to 0x000001e7afb81f58
Event: 937.454 Thread 0x000001e7cb2a4700 Implicit null exception at 0x000001e7afd14652 to 0x000001e7afd14718

VM Operations (20 events):
Event: 808.843 Executing VM operation: G1CollectForAllocation
Event: 808.844 Executing VM operation: G1CollectForAllocation done
Event: 813.152 Executing VM operation: G1CollectFull
Event: 813.180 Executing VM operation: G1CollectFull done
Event: 838.420 Executing VM operation: G1CollectForAllocation
Event: 838.421 Executing VM operation: G1CollectForAllocation done
Event: 843.196 Executing VM operation: G1CollectFull
Event: 843.230 Executing VM operation: G1CollectFull done
Event: 867.929 Executing VM operation: G1CollectForAllocation
Event: 867.930 Executing VM operation: G1CollectForAllocation done
Event: 873.237 Executing VM operation: G1CollectFull
Event: 873.272 Executing VM operation: G1CollectFull done
Event: 899.067 Executing VM operation: G1CollectForAllocation
Event: 899.068 Executing VM operation: G1CollectForAllocation done
Event: 903.286 Executing VM operation: G1CollectFull
Event: 903.318 Executing VM operation: G1CollectFull done
Event: 928.508 Executing VM operation: G1CollectForAllocation
Event: 928.510 Executing VM operation: G1CollectForAllocation done
Event: 933.330 Executing VM operation: G1CollectFull
Event: 933.360 Executing VM operation: G1CollectFull done

Events (20 events):
Event: 489.140 Thread 0x000001e7c2a8b960 flushing nmethod 0x000001e7a8934190
Event: 489.141 Thread 0x000001e7c2a8b960 flushing nmethod 0x000001e7a898cb90
Event: 489.143 Thread 0x000001e7c2a8b960 flushing nmethod 0x000001e7a8c83610
Event: 555.730 Thread 0x000001e7d2499220 Thread added: 0x000001e7d2499220
Event: 648.677 Thread 0x000001e7cb2a63e0 Thread exited: 0x000001e7cb2a63e0
Event: 649.839 Thread 0x000001e7c7b3a7d0 Thread exited: 0x000001e7c7b3a7d0
Event: 649.840 Thread 0x000001e7d2499220 Thread exited: 0x000001e7d2499220
Event: 763.697 Thread 0x000001e7d2fca620 Thread added: 0x000001e7d2fca620
Event: 763.697 Thread 0x000001e7d2fcaaf0 Thread added: 0x000001e7d2fcaaf0
Event: 763.697 Thread 0x000001e7d2fc97b0 Thread added: 0x000001e7d2fc97b0
Event: 825.470 Thread 0x000001e7d2fc97b0 Thread exited: 0x000001e7d2fc97b0
Event: 825.470 Thread 0x000001e7cb2a50a0 Thread exited: 0x000001e7cb2a50a0
Event: 825.470 Thread 0x000001e7d2fca620 Thread exited: 0x000001e7d2fca620
Event: 937.447 loading class jdk/internal/misc/Signal$1
Event: 937.447 loading class jdk/internal/misc/Signal$1 done
Event: 937.447 Thread 0x000001e7d2fc7ad0 Thread added: 0x000001e7d2fc7ad0
Event: 937.448 Thread 0x000001e7d2fca620 Thread added: 0x000001e7d2fca620
Event: 937.448 Thread 0x000001e7d2fc97b0 Thread added: 0x000001e7d2fc97b0
Event: 937.448 Thread 0x000001e7d2fce4b0 Thread added: 0x000001e7d2fce4b0
Event: 937.449 Thread 0x000001e7d2fce4b0 Thread exited: 0x000001e7d2fce4b0


Dynamic libraries:
0x00007ff61a780000 - 0x00007ff61a78a000 	C:\Users\HP\.jdks\jbr-17.0.7-1\bin\java.exe
0x00007ffee9b50000 - 0x00007ffee9d48000 	C:\Windows\SYSTEM32\ntdll.dll
0x00007ffee90d0000 - 0x00007ffee918f000 	C:\Windows\System32\KERNEL32.DLL
0x00007ffee7790000 - 0x00007ffee7a86000 	C:\Windows\System32\KERNELBASE.dll
0x00007ffee7410000 - 0x00007ffee7510000 	C:\Windows\System32\ucrtbase.dll
0x00007ffedf180000 - 0x00007ffedf197000 	C:\Users\HP\.jdks\jbr-17.0.7-1\bin\jli.dll
0x00007ffedf160000 - 0x00007ffedf17b000 	C:\Users\HP\.jdks\jbr-17.0.7-1\bin\VCRUNTIME140.dll
0x00007ffee9970000 - 0x00007ffee9b0d000 	C:\Windows\System32\USER32.dll
0x00007ffecd150000 - 0x00007ffecd3ea000 	C:\Windows\WinSxS\amd64_microsoft.windows.common-controls_6595b64144ccf1df_6.0.19041.1110_none_60b5254171f9507e\COMCTL32.dll
0x00007ffee76c0000 - 0x00007ffee76e2000 	C:\Windows\System32\win32u.dll
0x00007ffee8310000 - 0x00007ffee83ae000 	C:\Windows\System32\msvcrt.dll
0x00007ffee90a0000 - 0x00007ffee90cc000 	C:\Windows\System32\GDI32.dll
0x00007ffee7a90000 - 0x00007ffee7ba5000 	C:\Windows\System32\gdi32full.dll
0x00007ffee72c0000 - 0x00007ffee735d000 	C:\Windows\System32\msvcp_win.dll
0x00007ffee8600000 - 0x00007ffee8630000 	C:\Windows\System32\IMM32.DLL
0x00007ffedd5c0000 - 0x00007ffedd5cc000 	C:\Users\HP\.jdks\jbr-17.0.7-1\bin\vcruntime140_1.dll
0x00007ffedc070000 - 0x00007ffedc0fd000 	C:\Users\HP\.jdks\jbr-17.0.7-1\bin\msvcp140.dll
0x00007ffeb9ea0000 - 0x00007ffebab20000 	C:\Users\HP\.jdks\jbr-17.0.7-1\bin\server\jvm.dll
0x00007ffee8630000 - 0x00007ffee86df000 	C:\Windows\System32\ADVAPI32.dll
0x00007ffee8560000 - 0x00007ffee85fc000 	C:\Windows\System32\sechost.dll
0x00007ffee7d70000 - 0x00007ffee7e96000 	C:\Windows\System32\RPCRT4.dll
0x00007ffee0fa0000 - 0x00007ffee0fa9000 	C:\Windows\SYSTEM32\WSOCK32.dll
0x00007ffecca00000 - 0x00007ffecca27000 	C:\Windows\SYSTEM32\WINMM.dll
0x00007ffee8e70000 - 0x00007ffee8edb000 	C:\Windows\System32\WS2_32.dll
0x00007ffedb320000 - 0x00007ffedb32a000 	C:\Windows\SYSTEM32\VERSION.dll
0x00007ffee5a20000 - 0x00007ffee5a32000 	C:\Windows\SYSTEM32\kernel.appcore.dll
0x00007ffedd5b0000 - 0x00007ffedd5ba000 	C:\Users\HP\.jdks\jbr-17.0.7-1\bin\jimage.dll
0x00007ffee1f40000 - 0x00007ffee2124000 	C:\Windows\SYSTEM32\DBGHELP.DLL
0x00007ffecec70000 - 0x00007ffececa4000 	C:\Windows\SYSTEM32\dbgcore.DLL
0x00007ffee7230000 - 0x00007ffee72b2000 	C:\Windows\System32\bcryptPrimitives.dll
0x00007ffedf2a0000 - 0x00007ffedf2ae000 	C:\Users\HP\.jdks\jbr-17.0.7-1\bin\instrument.dll
0x00007ffedd120000 - 0x00007ffedd145000 	C:\Users\HP\.jdks\jbr-17.0.7-1\bin\java.dll
0x00007ffedd100000 - 0x00007ffedd118000 	C:\Users\HP\.jdks\jbr-17.0.7-1\bin\zip.dll
0x00007ffeb9dc0000 - 0x00007ffeb9e97000 	C:\Users\HP\.jdks\jbr-17.0.7-1\bin\jsvml.dll
0x00007ffee9190000 - 0x00007ffee98d4000 	C:\Windows\System32\SHELL32.dll
0x00007ffee2130000 - 0x00007ffee28c4000 	C:\Windows\SYSTEM32\windows.storage.dll
0x00007ffee8890000 - 0x00007ffee8be4000 	C:\Windows\System32\combase.dll
0x00007ffee6ab0000 - 0x00007ffee6ade000 	C:\Windows\SYSTEM32\Wldp.dll
0x00007ffee8f90000 - 0x00007ffee903d000 	C:\Windows\System32\SHCORE.dll
0x00007ffee9040000 - 0x00007ffee9095000 	C:\Windows\System32\shlwapi.dll
0x00007ffee7160000 - 0x00007ffee7185000 	C:\Windows\SYSTEM32\profapi.dll
0x00007ffedc050000 - 0x00007ffedc069000 	C:\Users\HP\.jdks\jbr-17.0.7-1\bin\net.dll
0x00007ffed8570000 - 0x00007ffed867a000 	C:\Windows\SYSTEM32\WINHTTP.dll
0x00007ffee6890000 - 0x00007ffee68fa000 	C:\Windows\system32\mswsock.dll
0x00007ffedc030000 - 0x00007ffedc046000 	C:\Users\HP\.jdks\jbr-17.0.7-1\bin\nio.dll
0x00007ffedbaf0000 - 0x00007ffedbb0a000 	C:\Program Files\JetBrains\IntelliJ IDEA Community Edition 2021.3.2\bin\breakgen64.dll
0x00007ffea9db0000 - 0x00007ffea9f48000 	C:\Users\HP\.jdks\jbr-17.0.7-1\bin\awt.dll
0x00007ffee87c0000 - 0x00007ffee888d000 	C:\Windows\System32\OLEAUT32.dll
0x00007ffee1320000 - 0x00007ffee134f000 	C:\Windows\SYSTEM32\dwmapi.dll
0x00007ffedb840000 - 0x00007ffedb884000 	C:\Users\HP\.jdks\jbr-17.0.7-1\bin\nvdaControllerClient64.dll
0x00007ffee0ec0000 - 0x00007ffee0f51000 	C:\Windows\SYSTEM32\apphelp.dll
0x00007ffee1180000 - 0x00007ffee121e000 	C:\Windows\system32\uxtheme.dll
0x00007ffee8440000 - 0x00007ffee8554000 	C:\Windows\System32\MSCTF.dll
0x00007ffee8c00000 - 0x00007ffee8d2a000 	C:\Windows\System32\ole32.dll
0x00007ffeb5d50000 - 0x00007ffeb5e75000 	C:\Windows\system32\opengl32.dll
0x00007ffeb67f0000 - 0x00007ffeb681c000 	C:\Windows\SYSTEM32\GLU32.dll
0x00007ffee6af0000 - 0x00007ffee6b08000 	C:\Windows\SYSTEM32\CRYPTSP.dll
0x00007ffee61d0000 - 0x00007ffee6204000 	C:\Windows\system32\rsaenh.dll
0x00007ffee7760000 - 0x00007ffee7787000 	C:\Windows\System32\bcrypt.dll
0x00007ffee7120000 - 0x00007ffee714e000 	C:\Windows\SYSTEM32\USERENV.dll
0x00007ffee6a20000 - 0x00007ffee6a2c000 	C:\Windows\SYSTEM32\CRYPTBASE.dll
0x00007ffee65a0000 - 0x00007ffee65dc000 	C:\Windows\SYSTEM32\IPHLPAPI.DLL
0x00007ffee7d60000 - 0x00007ffee7d68000 	C:\Windows\System32\NSI.dll
0x00007ffeda430000 - 0x00007ffeda447000 	C:\Windows\SYSTEM32\dhcpcsvc6.DLL
0x00007ffed8d80000 - 0x00007ffed8d9d000 	C:\Windows\SYSTEM32\dhcpcsvc.DLL
0x00007ffee65e0000 - 0x00007ffee66aa000 	C:\Windows\SYSTEM32\DNSAPI.dll
0x00007ffea7450000 - 0x00007ffea845f000 	C:\Users\HP\.skiko\58752788008ddd92aea4562f2a41915f7f74e689ca70e0fbada57f009a92b9cf\skiko-windows-x64.dll
0x00007ffeccee0000 - 0x00007ffecd085000 	C:\Windows\WinSxS\amd64_microsoft.windows.gdiplus_6595b64144ccf1df_1.1.19041.2251_none_91a40448cc8846c1\gdiplus.dll
0x00007ffec2180000 - 0x00007ffec2206000 	C:\Users\HP\.jdks\jbr-17.0.7-1\bin\freetype.dll
0x00007ffec1e20000 - 0x00007ffec1ee9000 	C:\Users\HP\.jdks\jbr-17.0.7-1\bin\fontmanager.dll
0x00007ffedd570000 - 0x00007ffedd577000 	C:\Users\HP\.jdks\jbr-17.0.7-1\bin\jawt.dll
0x00007ffee5a90000 - 0x00007ffee5b83000 	C:\Windows\SYSTEM32\Dxgi.dll
0x00007ffedb9b0000 - 0x00007ffedb9d0000 	C:\Windows\SYSTEM32\D3D12.dll
0x00007ffea7280000 - 0x00007ffea744d000 	C:\Windows\SYSTEM32\D3D12Core.dll
0x00007ffeda9e0000 - 0x00007ffedaa1b000 	C:\Windows\SYSTEM32\dxcore.dll
0x00007ffee7670000 - 0x00007ffee76be000 	C:\Windows\System32\cfgmgr32.dll
0x00007ffed4390000 - 0x00007ffed6fa9000 	C:\Windows\System32\DriverStore\FileRepository\igdlh64.inf_amd64_e6daaea9afe1e6f6\igc64.dll
0x00007ffea5da0000 - 0x00007ffea7273000 	C:\Windows\System32\DriverStore\FileRepository\igdlh64.inf_amd64_e6daaea9afe1e6f6\igd12umd64.dll
0x00007ffeda000000 - 0x00007ffeda257000 	C:\Windows\System32\DriverStore\FileRepository\igdlh64.inf_amd64_e6daaea9afe1e6f6\igdgmm64.dll
0x00007ffea5990000 - 0x00007ffea5d9b000 	C:\Windows\System32\DriverStore\FileRepository\igdlh64.inf_amd64_e6daaea9afe1e6f6\igdml64.dll
0x00007ffedb810000 - 0x00007ffedb83b000 	C:\Windows\SYSTEM32\D3DSCache.dll
0x00007ffe71ce0000 - 0x00007ffe764e2000 	C:\Windows\System32\DriverStore\FileRepository\igdlh64.inf_amd64_e6daaea9afe1e6f6\igd12dxva64.dll
0x00007ffee7ea0000 - 0x00007ffee830e000 	C:\Windows\System32\SETUPAPI.dll
0x00007ffe96bf0000 - 0x00007ffe96c17000 	C:\Windows\System32\DriverStore\FileRepository\igdlh64.inf_amd64_e6daaea9afe1e6f6\igdinfo64.dll
0x00007ffeddf50000 - 0x00007ffede157000 	C:\Windows\SYSTEM32\twinapi.appcore.dll
0x00007ffee8ee0000 - 0x00007ffee8f89000 	C:\Windows\System32\clbcatq.dll
0x00007ffedb410000 - 0x00007ffedb514000 	C:\Windows\System32\AppXDeploymentClient.dll
0x00007ffea45e0000 - 0x00007ffea55b2000 	C:\Windows\System32\DriverStore\FileRepository\igdlh64.inf_amd64_e6daaea9afe1e6f6\ig9icd64.dll
0x00007ffee7090000 - 0x00007ffee70db000 	C:\Windows\SYSTEM32\powrprof.dll
0x00007ffee7070000 - 0x00007ffee7082000 	C:\Windows\SYSTEM32\UMPDC.dll
0x00007ffed2250000 - 0x00007ffed24cf000 	C:\Windows\SYSTEM32\dwrite.dll
0x00007ffed3ec0000 - 0x00007ffed3fb9000 	C:\Windows\SYSTEM32\textinputframework.dll
0x00007ffee0b40000 - 0x00007ffee0c32000 	C:\Windows\System32\CoreMessaging.dll
0x00007ffee0460000 - 0x00007ffee07be000 	C:\Windows\System32\CoreUIComponents.dll
0x00007ffedf450000 - 0x00007ffedf5a4000 	C:\Windows\SYSTEM32\wintypes.dll
0x00007ffee62f0000 - 0x00007ffee6323000 	C:\Windows\SYSTEM32\ntmarta.dll
0x00007ffe5e160000 - 0x00007ffe5ea12000 	C:\Users\HP\AppData\Local\io-realm-kotlin\f7113120ba00ba1ff91d696eecd3919e85a4e34e\realmc.dll
0x00007ffee7510000 - 0x00007ffee766e000 	C:\Windows\System32\CRYPT32.dll

dbghelp: loaded successfully - version: 4.0.5 - missing functions: none
symbol engine: initialized successfully - sym options: 0x614 - pdb path: .;C:\Users\HP\.jdks\jbr-17.0.7-1\bin;C:\Windows\SYSTEM32;C:\Windows\WinSxS\amd64_microsoft.windows.common-controls_6595b64144ccf1df_6.0.19041.1110_none_60b5254171f9507e;C:\Users\HP\.jdks\jbr-17.0.7-1\bin\server;C:\Program Files\JetBrains\IntelliJ IDEA Community Edition 2021.3.2\bin;C:\Users\HP\.skiko\58752788008ddd92aea4562f2a41915f7f74e689ca70e0fbada57f009a92b9cf;C:\Windows\WinSxS\amd64_microsoft.windows.gdiplus_6595b64144ccf1df_1.1.19041.2251_none_91a40448cc8846c1;C:\Windows\System32\DriverStore\FileRepository\igdlh64.inf_amd64_e6daaea9afe1e6f6;C:\Users\HP\AppData\Local\io-realm-kotlin\f7113120ba00ba1ff91d696eecd3919e85a4e34e

VM Arguments:
jvm_args: -Djava.library.path=C:\Users\HP\Desktop\newderar\build\classes\kotlin\jvm\main;C:\Users\HP\Desktop\newderar\build\processedResources\jvm\main -javaagent:C:\Program Files\JetBrains\IntelliJ IDEA Community Edition 2021.3.2\lib\idea_rt.jar=57601:C:\Program Files\JetBrains\IntelliJ IDEA Community Edition 2021.3.2\bin -Dfile.encoding=UTF-8 
java_command: MainKt
java_class_path (initial): C:\Users\HP\Desktop\newderar\build\classes\kotlin\jvm\main;C:\Users\HP\Desktop\newderar\build\processedResources\jvm\main;C:\Users\HP\.gradle\caches\modules-2\files-2.1\io.insert-koin\koin-androidx-compose\3.4.5\ae0a88b7a68d507e651c5a3d70a541594bea54cb\koin-androidx-compose-3.4.5.aar;C:\Users\HP\.gradle\caches\modules-2\files-2.1\org.jetbrains.kotlin\kotlin-stdlib-jdk8\1.8.21\67f57e154437cd9e6e9cf368394b95814836ff88\kotlin-stdlib-jdk8-1.8.21.jar;C:\Users\HP\.gradle\caches\modules-2\files-2.1\org.apache.poi\poi-ooxml\4.1.2\87d9a22aa9a7dd26e80c360e709f7ee02e32ab3b\poi-ooxml-4.1.2.jar;C:\Users\HP\.gradle\caches\modules-2\files-2.1\org.apache.poi\poi\4.1.2\964bf41cf68bce08e4ef6b2279b559fdf8d454f4\poi-4.1.2.jar;C:\Users\HP\.gradle\caches\modules-2\files-2.1\org.lwjgl\lwjgl-nfd\3.3.1\622318116996ddcff449b46cb38f0fdee39b8ac3\lwjgl-nfd-3.3.1.jar;C:\Users\HP\.gradle\caches\modules-2\files-2.1\org.lwjgl\lwjgl-nfd\3.3.1\2e007667e04ed3281152ae5c6e677fb1c2211691\lwjgl-nfd-3.3.1-natives-linux.jar;C:\Users\HP\.gradle\caches\modules-2\files-2.1\org.lwjgl\lwjgl\3.3.1\ae58664f88e18a9bb2c77b063833ca7aaec484cb\lwjgl-3.3.1.jar;C:\Users\HP\.gradle\caches\modules-2\files-2.1\io.insert-koin\koin-android\3.4.0\48715fbe06102a59a30bd45b06ed2400c16c6f45\koin-android-3.4.0.aar;C:\Users\HP\.gradle\caches\modules-2\files-2.1\org.lwjgl\lwjgl-nfd\3.3.1\b3e04e317f55dd738d8a345cdafd15b39f85a2ea\lwjgl-nfd-3.3.1-natives-linux-arm32.jar;C:\Users\HP\.gradle\caches\modules-2\files-2.1\androidx.lifecycle\lifecycle-viewmodel-compose\2.6.1\38cf3bb65ff3e0e5c3d63de2ebf5411d0898108c\lifecycle-viewmodel-compose-2.6.1.aar;C:\Users\HP\.gradle\caches\modules-2\files-2.1\org.lwjgl\lwjgl-nfd\3.3.1\f41dc62336f7ee4ab35705cfa440cc903d199165\lwjgl-nfd-3.3.1-natives-linux-arm64.jar;C:\Users\HP\.gradle\caches\modules-2\files-2.1\androidx.compose.runtime\runtime\1.4.3\6e52f81bd60023ca9be12a878ae161d2e7571aeb\runtime-1.4.3.aar;C:\Users\HP\.gradle\caches\modules-2\files-2.1\org.lwjgl\lwjgl-nfd\3.3
Launcher Type: SUN_STANDARD

[Global flags]
     intx CICompilerCount                          = 3                                         {product} {ergonomic}
     uint ConcGCThreads                            = 1                                         {product} {ergonomic}
     uint G1ConcRefinementThreads                  = 4                                         {product} {ergonomic}
   size_t G1HeapRegionSize                         = 2097152                                   {product} {ergonomic}
    uintx GCDrainStackTargetSize                   = 64                                        {product} {ergonomic}
   size_t InitialHeapSize                          = 266338304                                 {product} {ergonomic}
   size_t MarkStackSize                            = 4194304                                   {product} {ergonomic}
   size_t MaxHeapSize                              = 4255121408                                {product} {ergonomic}
   size_t MaxNewSize                               = 2552233984                                {product} {ergonomic}
   size_t MinHeapDeltaBytes                        = 2097152                                   {product} {ergonomic}
   size_t MinHeapSize                              = 8388608                                   {product} {ergonomic}
    uintx NonNMethodCodeHeapSize                   = 5832780                                {pd product} {ergonomic}
    uintx NonProfiledCodeHeapSize                  = 122912730                              {pd product} {ergonomic}
    uintx ProfiledCodeHeapSize                     = 122912730                              {pd product} {ergonomic}
    uintx ReservedCodeCacheSize                    = 251658240                              {pd product} {ergonomic}
     bool SegmentedCodeCache                       = true                                      {product} {ergonomic}
   size_t SoftMaxHeapSize                          = 4255121408                             {manageable} {ergonomic}
     bool UseCompressedClassPointers               = true                           {product lp64_product} {ergonomic}
     bool UseCompressedOops                        = true                           {product lp64_product} {ergonomic}
     bool UseG1GC                                  = true                                      {product} {ergonomic}
     bool UseLargePagesIndividualAllocation        = false                                  {pd product} {ergonomic}

Logging:
Log output configuration:
 #0: stdout all=warning uptime,level,tags
 #1: stderr all=off uptime,level,tags

Environment Variables:
PATH=C:\Program Files\Common Files\Oracle\Java\javapath;C:\Program Files (x86)\Common Files\Oracle\Java\javapath;C:\Windows\system32;C:\Windows;C:\Windows\System32\Wbem;C:\Windows\System32\WindowsPowerShell\v1.0\;C:\Windows\System32\OpenSSH\;C:\xampp\php;C:\ProgramData\ComposerSetup\bin;C:\Program Files\nodejs\;C:\Program Files (x86)\Intel\Intel(R) Management Engine Components\DAL;C:\Program Files\Intel\Intel(R) Management Engine Components\DAL;C:\Program Files\Git\cmd;C:\Program Files\Fortect;C:\Users\HP\AppData\Local\Microsoft\WindowsApps;C:\Program Files\JetBrains\IntelliJ IDEA Community Edition 2021.3.2\bin;C:\Users\HP\AppData\Local\Programs\Microsoft VS Code\bin;C:\Users\HP\AppData\Local\JetBrains\Toolbox\scripts;C:\Users\HP\AppData\Local\GitHubDesktop\bin;C:\Users\HP\Desktop\camp\flutter_windows_3.7.6-stable\flutter\bin;C:\Users\HP\AppData\Roaming\Composer\vendor\bin;C:\Users\HP\AppData\Roaming\npm
USERNAME=HP
OS=Windows_NT
PROCESSOR_IDENTIFIER=Intel64 Family 6 Model 142 Stepping 9, GenuineIntel
TMP=C:\Users\HP\AppData\Local\Temp
TEMP=C:\Users\HP\AppData\Local\Temp


JNI global refs:
JNI global refs: 169, weak refs: 9

JNI global refs memory usage: 2107, weak refs: 841

OOME stack traces (most recent first):
Classloader memory used:
Loader jdk.internal.loader.ClassLoaders$AppClassLoader                                 : 3566K
Loader bootstrap                                                                       : 2269K
Loader jdk.internal.loader.ClassLoaders$PlatformClassLoader                            : 764B


---------------  S Y S T E M  ---------------

OS:
 Windows 10 , 64 bit Build 19041 (10.0.19041.3155)
OS uptime: 0 days 18:50 hours
Hyper-V role detected

CPU: total 4 (initial active 4) (2 cores per cpu, 2 threads per core) family 6 model 142 stepping 9 microcode 0xf2, cx8, cmov, fxsr, ht, mmx, 3dnowpref, sse, sse2, sse3, ssse3, sse4.1, sse4.2, popcnt, lzcnt, tsc, tscinvbit, avx, avx2, aes, erms, clmul, bmi1, bmi2, rtm, adx, fma, vzeroupper, clflush, clflushopt, hv

Memory: 4k page, system-wide physical 16224M (6531M free)
TotalPageFile size 32096M (AvailPageFile size 22272M)
current process WorkingSet (physical memory assigned to process): 296M, peak: 372M
current process commit charge ("private bytes"): 301M, peak: 411M

vm_info: OpenJDK 64-Bit Server VM (17.0.7+7-b1000.5) for windows-amd64 JRE (17.0.7+7-b1000.5), built on 2023-07-03 by "builduser" with MS VC++ 16.10 / 16.11 (VS2019)

END.
