#
# A fatal error has been detected by the Java Runtime Environment:
#
#  EXCEPTION_ACCESS_VIOLATION (0xc0000005) at pc=0x00007ffe74e7ebe3, pid=17724, tid=19880
#
# JRE version: OpenJDK Runtime Environment Corretto-17.0.7.7.1 (17.0.7+7) (build 17.0.7+7-LTS)
# Java VM: OpenJDK 64-Bit Server VM Corretto-17.0.7.7.1 (17.0.7+7-LTS, mixed mode, sharing, tiered, compressed oops, compressed class ptrs, g1 gc, windows-amd64)
# Problematic frame:
# C  [ig9icd64.dll+0x9bebe3]
#
# No core dump will be written. Minidumps are not enabled by default on client versions of Windows
#
# If you would like to submit a bug report, please visit:
#   https://github.com/corretto/corretto-17/issues/
# The crash happened outside the Java Virtual Machine in native code.
# See problematic frame for where to report the bug.
#

---------------  S U M M A R Y ------------

Command Line: -Djava.library.path=C:\Users\HP\Desktop\newderar\build\classes\kotlin\jvm\main;C:\Users\HP\Desktop\newderar\build\processedResources\jvm\main -javaagent:C:\Program Files\JetBrains\IntelliJ IDEA Community Edition 2021.3.2\lib\idea_rt.jar=52892:C:\Program Files\JetBrains\IntelliJ IDEA Community Edition 2021.3.2\bin -Dfile.encoding=UTF-8 MainKt

Host: Intel(R) Core(TM) i5-7300U CPU @ 2.60GHz, 4 cores, 15G,  Windows 10 , 64 bit Build 19041 (10.0.19041.3155)
Time: Sat Jul  8 23:51:12 2023 Libya Standard Time elapsed time: 35.646305 seconds (0d 0h 0m 35s)

---------------  T H R E A D  ---------------

Current thread (0x0000018443eb15c0):  JavaThread "AWT-EventQueue-0" [_thread_in_native, id=19880, stack(0x0000005717600000,0x0000005717700000)]

Stack: [0x0000005717600000,0x0000005717700000],  sp=0x00000057176fc538,  free space=1009k
Native frames: (J=compiled Java code, j=interpreted, Vv=VM code, C=native code)
C  [ig9icd64.dll+0x9bebe3]

Java frames: (J=compiled Java code, j=interpreted, Vv=VM code)
J 5389  org.jetbrains.skia.DirectContextKt.DirectContext_nFlush(J)V (0 bytes) @ 0x00000184304bd569 [0x00000184304bd520+0x0000000000000049]
J 5284 c1 org.jetbrains.skiko.context.ContextHandler.flush()V (17 bytes) @ 0x00000184291d4a5c [0x00000184291d48e0+0x000000000000017c]
J 5286 c1 org.jetbrains.skiko.context.ContextHandler.draw()V (91 bytes) @ 0x00000184291d5ae4 [0x00000184291d4fe0+0x0000000000000b04]
J 5144 c1 org.jetbrains.skiko.redrawer.WindowsOpenGLRedrawer.draw()V (288 bytes) @ 0x00000184291695bc [0x0000018429168ea0+0x000000000000071c]
J 4873 c1 org.jetbrains.skiko.redrawer.WindowsOpenGLRedrawer$Companion$frameDispatcher$1.invokeSuspend(Ljava/lang/Object;)Ljava/lang/Object; (379 bytes) @ 0x00000184290b9df4 [0x00000184290b8a80+0x0000000000001374]
J 5142 c1 org.jetbrains.skiko.redrawer.WindowsOpenGLRedrawer$Companion$frameDispatcher$1.invoke(Ljava/lang/Object;)Ljava/lang/Object; (9 bytes) @ 0x0000018429168604 [0x00000184291680a0+0x0000000000000564]
J 4865 c1 org.jetbrains.skiko.FrameDispatcher$job$1.invokeSuspend(Ljava/lang/Object;)Ljava/lang/Object; (156 bytes) @ 0x00000184290aa444 [0x00000184290a9aa0+0x00000000000009a4]
J 5034 c2 kotlin.coroutines.jvm.internal.BaseContinuationImpl.resumeWith(Ljava/lang/Object;)V (128 bytes) @ 0x0000018430456674 [0x0000018430456620+0x0000000000000054]
j  kotlinx.coroutines.DispatchedTask.run()V+314
J 5312 c2 java.awt.EventDispatchThread.pumpOneEventForFilters(I)V java.desktop@17.0.7 (113 bytes) @ 0x000001843049ae44 [0x000001843049a1a0+0x0000000000000ca4]
j  java.awt.EventDispatchThread.pumpEventsForFilter(ILjava/awt/Conditional;Ljava/awt/EventFilter;)V+35 java.desktop@17.0.7
j  java.awt.EventDispatchThread.pumpEventsForHierarchy(ILjava/awt/Conditional;Ljava/awt/Component;)V+11 java.desktop@17.0.7
j  java.awt.EventDispatchThread.pumpEvents(ILjava/awt/Conditional;)V+4 java.desktop@17.0.7
j  java.awt.EventDispatchThread.pumpEvents(Ljava/awt/Conditional;)V+3 java.desktop@17.0.7
j  java.awt.EventDispatchThread.run()V+9 java.desktop@17.0.7
v  ~StubRoutines::call_stub

siginfo: EXCEPTION_ACCESS_VIOLATION (0xc0000005), reading address 0xffffffffffffffff


Register to memory mapping:

RIP=0x00007ffe74e7ebe3 ig9icd64.dll
RAX=0x000000000fff0fff is an unknown value
RBX=0x00007ffe744c0000 ig9icd64.dll
RCX=0x000000033fcf3fcc is an unknown value
RDX=0x00000057176fca50 is pointing into the stack for thread: 0x0000018443eb15c0
RSP=0x00000057176fc538 is pointing into the stack for thread: 0x0000018443eb15c0
RBP=0x00000057176fc640 is pointing into the stack for thread: 0x0000018443eb15c0
RSI=0x0000018448627f40 points into unknown readable memory: 0x000001844acaa7c0 | c0 a7 ca 4a 84 01 00 00
RDI=0x00000057176fc840 is pointing into the stack for thread: 0x0000018443eb15c0
R8 =0x00000057176fc670 is pointing into the stack for thread: 0x0000018443eb15c0
R9 =0x00000057176fca50 is pointing into the stack for thread: 0x0000018443eb15c0
R10=0x00000057176fc840 is pointing into the stack for thread: 0x0000018443eb15c0
R11=0x0 is NULL
R12=0x00007ffe752f15e0 ig9icd64.dll
R13=0x0 is NULL
R14=0x0 is NULL
R15=0x00000000000001c1 is an unknown value


Registers:
RAX=0x000000000fff0fff, RBX=0x00007ffe744c0000, RCX=0x000000033fcf3fcc, RDX=0x00000057176fca50
RSP=0x00000057176fc538, RBP=0x00000057176fc640, RSI=0x0000018448627f40, RDI=0x00000057176fc840
R8 =0x00000057176fc670, R9 =0x00000057176fca50, R10=0x00000057176fc840, R11=0x0000000000000000
R12=0x00007ffe752f15e0, R13=0x0000000000000000, R14=0x0000000000000000, R15=0x00000000000001c1
RIP=0x00007ffe74e7ebe3, EFLAGS=0x0000000000010206

Top of Stack: (sp=0x00000057176fc538)
0x00000057176fc538:   00007ffe74e7c31b 0000000000000001
0x00000057176fc548:   0000000000000000 000001844ba19900
0x00000057176fc558:   00007ffeda002622 0000005700000065
0x00000057176fc568:   00000057176fc770 0000000000000000
0x00000057176fc578:   0000018443ae0520 0000000000000000
0x00000057176fc588:   000001844b626500 000001844ba19910
0x00000057176fc598:   0000000000001100 0000000000000000
0x00000057176fc5a8:   0000000000000000 00000057176fc720
0x00000057176fc5b8:   00007ffe74b179c0 0000000000000000
0x00000057176fc5c8:   0000000000000000 0000000000000000
0x00000057176fc5d8:   0000000000000000 00002dfcb20747c4
0x00000057176fc5e8:   00007ffe744d6555 000001844ba19910
0x00000057176fc5f8:   0000000000000001 0000000000000000
0x00000057176fc608:   00007ffee9b7b86b 0000000002a2015b
0x00000057176fc618:   0000000000000057 0000018443f2f0b0
0x00000057176fc628:   0000000000000000 0000000000000000 

Instructions: (pc=0x00007ffe74e7ebe3)
0x00007ffe74e7eae3:   c1 75 31 00 48 89 51 08 48 89 01 8b 44 24 28 89
0x00007ffe74e7eaf3:   41 20 8b 44 24 30 89 41 24 48 8b c1 4c 89 41 10
0x00007ffe74e7eb03:   4c 89 49 18 c3 cc cc cc cc cc cc cc cc 48 89 5c
0x00007ffe74e7eb13:   24 08 8b 41 5c 48 8d 1d e1 14 64 ff 41 89 40 08
0x00007ffe74e7eb23:   4c 8b d1 8b 41 60 45 33 db 41 89 40 0c 4c 8b ca
0x00007ffe74e7eb33:   8b 41 64 41 89 40 10 8b 41 68 41 89 40 14 8b 41
0x00007ffe74e7eb43:   6c 41 89 40 18 8b 41 70 41 89 40 1c 48 63 41 74
0x00007ffe74e7eb53:   48 6b c8 34 8b 84 19 44 d1 ee 00 41 89 40 20 8b
0x00007ffe74e7eb63:   84 19 48 d1 ee 00 41 89 40 24 8b 84 19 4c d1 ee
0x00007ffe74e7eb73:   00 41 89 40 28 8b 84 19 50 d1 ee 00 41 89 40 2c
0x00007ffe74e7eb83:   8b 84 19 34 d1 ee 00 41 89 40 30 8b 84 19 38 d1
0x00007ffe74e7eb93:   ee 00 41 89 40 34 8b 84 19 3c d1 ee 00 41 89 40
0x00007ffe74e7eba3:   38 8b 84 19 40 d1 ee 00 41 89 40 3c 8b 84 19 24
0x00007ffe74e7ebb3:   d1 ee 00 41 89 40 40 8b 84 19 28 d1 ee 00 41 89
0x00007ffe74e7ebc3:   40 44 8b 84 19 2c d1 ee 00 41 89 40 48 8b 84 19
0x00007ffe74e7ebd3:   30 d1 ee 00 41 89 40 4c 49 63 42 78 48 6b c8 34
0x00007ffe74e7ebe3:   8b 84 19 44 d1 ee 00 41 89 40 50 8b 84 19 48 d1
0x00007ffe74e7ebf3:   ee 00 41 89 40 54 8b 84 19 4c d1 ee 00 41 89 40
0x00007ffe74e7ec03:   58 8b 84 19 50 d1 ee 00 41 89 40 5c 8b 84 19 34
0x00007ffe74e7ec13:   d1 ee 00 41 89 40 60 8b 84 19 38 d1 ee 00 41 89
0x00007ffe74e7ec23:   40 64 8b 84 19 3c d1 ee 00 41 89 40 68 8b 84 19
0x00007ffe74e7ec33:   40 d1 ee 00 41 89 40 6c 8b 84 19 24 d1 ee 00 41
0x00007ffe74e7ec43:   89 40 70 8b 84 19 28 d1 ee 00 41 89 40 74 8b 84
0x00007ffe74e7ec53:   19 2c d1 ee 00 41 89 40 78 8b 84 19 30 d1 ee 00
0x00007ffe74e7ec63:   41 89 40 7c 48 8b 42 18 8b 88 38 0b 00 00 f6 c1
0x00007ffe74e7ec73:   08 0f 84 86 00 00 00 8b 80 3c 0b 00 00 41 89 80
0x00007ffe74e7ec83:   80 00 00 00 48 8b 42 18 8b 88 40 0b 00 00 41 89
0x00007ffe74e7ec93:   88 84 00 00 00 48 8b 42 18 8b 88 44 0b 00 00 41
0x00007ffe74e7eca3:   89 88 88 00 00 00 48 8b 42 18 8b 88 48 0b 00 00
0x00007ffe74e7ecb3:   41 89 88 8c 00 00 00 48 8b 42 18 8b 88 4c 0b 00
0x00007ffe74e7ecc3:   00 41 89 88 90 00 00 00 48 8b 42 18 8b 88 50 0b
0x00007ffe74e7ecd3:   00 00 41 89 88 94 00 00 00 48 8b 42 18 8b 88 54 


Stack slot to memory mapping:
stack at sp + 0 slots: 0x00007ffe74e7c31b ig9icd64.dll
stack at sp + 1 slots: 0x0000000000000001 is an unknown value
stack at sp + 2 slots: 0x0 is NULL
stack at sp + 3 slots: 0x000001844ba19900 points into unknown readable memory: 0x0074686769654865 | 65 48 65 69 67 68 74 00
stack at sp + 4 slots: 0x00007ffeda002622 igdgmm64.dll
stack at sp + 5 slots: 0x0000005700000065 is an unknown value
stack at sp + 6 slots: 0x00000057176fc770 is pointing into the stack for thread: 0x0000018443eb15c0
stack at sp + 7 slots: 0x0 is NULL


---------------  P R O C E S S  ---------------

Threads class SMR info:
_java_thread_list=0x00000184435ceb90, length=28, elements={
0x0000018420c26c20, 0x00000184432d5200, 0x00000184432d6070, 0x00000184432ed5d0,
0x00000184432ee090, 0x00000184432f0b50, 0x00000184432f1500, 0x00000184432f2290,
0x00000184432f5d50, 0x000001844346df90, 0x000001844360bfe0, 0x00000184439ac550,
0x0000018443875180, 0x0000018443f46670, 0x0000018443f46d30, 0x0000018443eb15c0,
0x0000018448213d00, 0x00000184482145d0, 0x0000018448486000, 0x0000018448485b30,
0x0000018448485190, 0x0000018448487810, 0x00000184484881b0, 0x0000018443bcfef0,
0x0000018443bd33e0, 0x0000018443bd2570, 0x0000018443bd38b0, 0x0000018443bcf080
}

Java Threads: ( => current thread )
  0x0000018420c26c20 JavaThread "main" [_thread_blocked, id=20168, stack(0x0000005715a00000,0x0000005715b00000)]
  0x00000184432d5200 JavaThread "Reference Handler" daemon [_thread_blocked, id=21452, stack(0x0000005716200000,0x0000005716300000)]
  0x00000184432d6070 JavaThread "Finalizer" daemon [_thread_blocked, id=18972, stack(0x0000005716300000,0x0000005716400000)]
  0x00000184432ed5d0 JavaThread "Signal Dispatcher" daemon [_thread_blocked, id=7028, stack(0x0000005716400000,0x0000005716500000)]
  0x00000184432ee090 JavaThread "Attach Listener" daemon [_thread_blocked, id=9280, stack(0x0000005716500000,0x0000005716600000)]
  0x00000184432f0b50 JavaThread "Service Thread" daemon [_thread_blocked, id=10036, stack(0x0000005716600000,0x0000005716700000)]
  0x00000184432f1500 JavaThread "Monitor Deflation Thread" daemon [_thread_blocked, id=9620, stack(0x0000005716700000,0x0000005716800000)]
  0x00000184432f2290 JavaThread "C2 CompilerThread0" daemon [_thread_blocked, id=18776, stack(0x0000005716800000,0x0000005716900000)]
  0x00000184432f5d50 JavaThread "C1 CompilerThread0" daemon [_thread_blocked, id=15740, stack(0x0000005716900000,0x0000005716a00000)]
  0x000001844346df90 JavaThread "Sweeper thread" daemon [_thread_blocked, id=16732, stack(0x0000005716a00000,0x0000005716b00000)]
  0x000001844360bfe0 JavaThread "Common-Cleaner" daemon [_thread_blocked, id=15620, stack(0x0000005716b00000,0x0000005716c00000)]
  0x00000184439ac550 JavaThread "Monitor Ctrl-Break" daemon [_thread_in_native, id=8920, stack(0x0000005716d00000,0x0000005716e00000)]
  0x0000018443875180 JavaThread "Notification Thread" daemon [_thread_blocked, id=19304, stack(0x0000005716e00000,0x0000005716f00000)]
  0x0000018443f46670 JavaThread "Java2D Disposer" daemon [_thread_blocked, id=17452, stack(0x0000005717300000,0x0000005717400000)]
  0x0000018443f46d30 JavaThread "AWT-Shutdown" [_thread_blocked, id=16532, stack(0x0000005717400000,0x0000005717500000)]
=>0x0000018443eb15c0 JavaThread "AWT-EventQueue-0" [_thread_in_native, id=19880, stack(0x0000005717600000,0x0000005717700000)]
  0x0000018448213d00 JavaThread "Reference Cleaner" daemon [_thread_blocked, id=4948, stack(0x0000005716c00000,0x0000005716d00000)]
  0x00000184482145d0 JavaThread "DefaultDispatcher-worker-1" daemon [_thread_blocked, id=13808, stack(0x0000005717700000,0x0000005717800000)]
  0x0000018448486000 JavaThread "DefaultDispatcher-worker-2" daemon [_thread_blocked, id=11764, stack(0x0000005717800000,0x0000005717900000)]
  0x0000018448485b30 JavaThread "DefaultDispatcher-worker-3" daemon [_thread_blocked, id=19692, stack(0x0000005717900000,0x0000005717a00000)]
  0x0000018448485190 JavaThread "kotlinx.coroutines.DefaultExecutor" daemon [_thread_blocked, id=8128, stack(0x0000005717a00000,0x0000005717b00000)]
  0x0000018448487810 JavaThread "TimerQueue" daemon [_thread_blocked, id=17860, stack(0x0000005717b00000,0x0000005717c00000)]
  0x00000184484881b0 JavaThread "RealmFinalizingDaemon" daemon [_thread_blocked, id=8908, stack(0x0000005718100000,0x0000005718200000)]
  0x0000018443bcfef0 JavaThread "core-notifier" daemon [_thread_in_native, id=11604, stack(0x0000005718300000,0x0000005718400000)]
  0x0000018443bd33e0 JavaThread "DefaultDispatcher-worker-4" daemon [_thread_blocked, id=20632, stack(0x0000005718500000,0x0000005718600000)]
  0x0000018443bd2570 JavaThread "DefaultDispatcher-worker-5" daemon [_thread_blocked, id=13048, stack(0x0000005718600000,0x0000005718700000)]
  0x0000018443bd38b0 JavaThread "DefaultDispatcher-worker-6" daemon [_thread_blocked, id=10792, stack(0x0000005718700000,0x0000005718800000)]
  0x0000018443bcf080 JavaThread "SIGINT handler" daemon [_thread_blocked, id=19132, stack(0x0000005718900000,0x0000005718a00000)]

Other Threads:
  0x00000184432ce260 VMThread "VM Thread" [stack: 0x0000005716100000,0x0000005716200000] [id=21432]
  0x0000018443875ad0 WatcherThread [stack: 0x0000005716f00000,0x0000005717000000] [id=5468]
  0x0000018420c909b0 GCTaskThread "GC Thread#0" [stack: 0x0000005715c00000,0x0000005715d00000] [id=18952]
  0x0000018443ddb5f0 GCTaskThread "GC Thread#1" [stack: 0x0000005717000000,0x0000005717100000] [id=12672]
  0x0000018443e96740 GCTaskThread "GC Thread#2" [stack: 0x0000005717100000,0x0000005717200000] [id=7712]
  0x0000018443e969f0 GCTaskThread "GC Thread#3" [stack: 0x0000005717200000,0x0000005717300000] [id=13200]
  0x0000018420ca1680 ConcurrentGCThread "G1 Main Marker" [stack: 0x0000005715d00000,0x0000005715e00000] [id=21392]
  0x0000018420ca2090 ConcurrentGCThread "G1 Conc#0" [stack: 0x0000005715e00000,0x0000005715f00000] [id=18508]
  0x0000018420cdd870 ConcurrentGCThread "G1 Refine#0" [stack: 0x0000005715f00000,0x0000005716000000] [id=17004]
  0x0000018420cde290 ConcurrentGCThread "G1 Service" [stack: 0x0000005716000000,0x0000005716100000] [id=6476]

Threads with active compile tasks:

VM state: not at safepoint (normal execution)

VM Mutex/Monitor currently owned by a thread: None

Heap address: 0x0000000702600000, size: 4058 MB, Compressed Oops mode: Zero based, Oop shift amount: 3

CDS archive(s) mapped at: [0x0000000800000000-0x0000000800bc0000-0x0000000800bc0000), size 12320768, SharedBaseAddress: 0x0000000800000000, ArchiveRelocationMode: 0.
Compressed class space mapped at: 0x0000000801000000-0x0000000841000000, reserved size: 1073741824
Narrow klass base: 0x0000000800000000, Narrow klass shift: 0, Narrow klass range: 0x100000000

GC Precious Log:
 CPUs: 4 total, 4 available
 Memory: 16224M
 Large Page Support: Disabled
 NUMA Support: Disabled
 Compressed Oops: Enabled (Zero based)
 Heap Region Size: 2M
 Heap Min Capacity: 8M
 Heap Initial Capacity: 254M
 Heap Max Capacity: 4058M
 Pre-touch: Disabled
 Parallel Workers: 4
 Concurrent Workers: 1
 Concurrent Refinement Workers: 4
 Periodic GC: Disabled

Heap:
 garbage-first heap   total 90112K, used 32449K [0x0000000702600000, 0x0000000800000000)
  region size 2048K, 5 young (10240K), 0 survivors (0K)
 Metaspace       used 34736K, committed 34944K, reserved 1114112K
  class space    used 3735K, committed 3840K, reserved 1048576K

Heap Regions: E=young(eden), S=young(survivor), O=old, HS=humongous(starts), HC=humongous(continues), CS=collection set, F=free, OA=open archive, CA=closed archive, TAMS=top-at-mark-start (previous, next)
|   0|0x0000000702600000, 0x0000000702800000, 0x0000000702800000|100%|HS|  |TAMS 0x0000000702800000, 0x0000000702600000| Untracked 
|   1|0x0000000702800000, 0x0000000702a00000, 0x0000000702a00000|100%| O|  |TAMS 0x0000000702a00000, 0x0000000702800000| Untracked 
|   2|0x0000000702a00000, 0x0000000702c00000, 0x0000000702c00000|100%| O|  |TAMS 0x0000000702a00000, 0x0000000702a00000| Untracked 
|   3|0x0000000702c00000, 0x0000000702dfcea0, 0x0000000702e00000| 99%| O|  |TAMS 0x0000000702c00000, 0x0000000702c00000| Untracked 
|   4|0x0000000702e00000, 0x0000000702ffffb8, 0x0000000703000000| 99%| O|  |TAMS 0x0000000702e00000, 0x0000000702e00000| Untracked 
|   5|0x0000000703000000, 0x00000007030d3d18, 0x0000000703200000| 41%| O|  |TAMS 0x0000000703000000, 0x0000000703000000| Untracked 
|   6|0x0000000703200000, 0x0000000703200000, 0x0000000703400000|  0%| F|  |TAMS 0x0000000703200000, 0x0000000703200000| Untracked 
|   7|0x0000000703400000, 0x0000000703400000, 0x0000000703600000|  0%| F|  |TAMS 0x0000000703400000, 0x0000000703400000| Untracked 
|   8|0x0000000703600000, 0x0000000703600000, 0x0000000703800000|  0%| F|  |TAMS 0x0000000703600000, 0x0000000703600000| Untracked 
|   9|0x0000000703800000, 0x0000000703800000, 0x0000000703a00000|  0%| F|  |TAMS 0x0000000703800000, 0x0000000703800000| Untracked 
|  10|0x0000000703a00000, 0x0000000703c00000, 0x0000000703c00000|100%| O|  |TAMS 0x0000000703c00000, 0x0000000703a00000| Untracked 
|  11|0x0000000703c00000, 0x0000000703c00000, 0x0000000703e00000|  0%| F|  |TAMS 0x0000000703c00000, 0x0000000703c00000| Untracked 
|  12|0x0000000703e00000, 0x0000000703f84280, 0x0000000704000000| 75%| O|  |TAMS 0x0000000703e00000, 0x0000000703e00000| Untracked 
|  13|0x0000000704000000, 0x0000000704200000, 0x0000000704200000|100%|HS|  |TAMS 0x0000000704200000, 0x0000000704000000| Untracked 
|  14|0x0000000704200000, 0x0000000704400000, 0x0000000704400000|100%|HC|  |TAMS 0x0000000704400000, 0x0000000704200000| Untracked 
|  15|0x0000000704400000, 0x0000000704600000, 0x0000000704600000|100%|HC|  |TAMS 0x0000000704600000, 0x0000000704400000| Untracked 
|  16|0x0000000704600000, 0x0000000704800000, 0x0000000704800000|100%|HC|  |TAMS 0x0000000704800000, 0x0000000704600000| Untracked 
|  17|0x0000000704800000, 0x000000070495b7b0, 0x0000000704a00000| 67%| O|  |TAMS 0x0000000704800000, 0x0000000704800000| Untracked 
|  18|0x0000000704a00000, 0x0000000704a00000, 0x0000000704c00000|  0%| F|  |TAMS 0x0000000704a00000, 0x0000000704a00000| Untracked 
|  19|0x0000000704c00000, 0x0000000704c00000, 0x0000000704e00000|  0%| F|  |TAMS 0x0000000704c00000, 0x0000000704c00000| Untracked 
|  20|0x0000000704e00000, 0x0000000704e00000, 0x0000000705000000|  0%| F|  |TAMS 0x0000000704e00000, 0x0000000704e00000| Untracked 
|  21|0x0000000705000000, 0x0000000705000000, 0x0000000705200000|  0%| F|  |TAMS 0x0000000705000000, 0x0000000705000000| Untracked 
|  22|0x0000000705200000, 0x0000000705200000, 0x0000000705400000|  0%| F|  |TAMS 0x0000000705200000, 0x0000000705200000| Untracked 
|  23|0x0000000705400000, 0x0000000705400000, 0x0000000705600000|  0%| F|  |TAMS 0x0000000705400000, 0x0000000705400000| Untracked 
|  24|0x0000000705600000, 0x0000000705600000, 0x0000000705800000|  0%| F|  |TAMS 0x0000000705600000, 0x0000000705600000| Untracked 
|  25|0x0000000705800000, 0x0000000705800000, 0x0000000705a00000|  0%| F|  |TAMS 0x0000000705800000, 0x0000000705800000| Untracked 
|  26|0x0000000705a00000, 0x0000000705a00000, 0x0000000705c00000|  0%| F|  |TAMS 0x0000000705a00000, 0x0000000705a00000| Untracked 
|  27|0x0000000705c00000, 0x0000000705c00000, 0x0000000705e00000|  0%| F|  |TAMS 0x0000000705c00000, 0x0000000705c00000| Untracked 
|  28|0x0000000705e00000, 0x0000000705e00000, 0x0000000706000000|  0%| F|  |TAMS 0x0000000705e00000, 0x0000000705e00000| Untracked 
|  29|0x0000000706000000, 0x0000000706000000, 0x0000000706200000|  0%| F|  |TAMS 0x0000000706000000, 0x0000000706000000| Untracked 
|  30|0x0000000706200000, 0x0000000706200000, 0x0000000706400000|  0%| F|  |TAMS 0x0000000706200000, 0x0000000706200000| Untracked 
|  31|0x0000000706400000, 0x0000000706400000, 0x0000000706600000|  0%| F|  |TAMS 0x0000000706400000, 0x0000000706400000| Untracked 
|  32|0x0000000706600000, 0x0000000706600000, 0x0000000706800000|  0%| F|  |TAMS 0x0000000706600000, 0x0000000706600000| Untracked 
|  33|0x0000000706800000, 0x0000000706800000, 0x0000000706a00000|  0%| F|  |TAMS 0x0000000706800000, 0x0000000706800000| Untracked 
|  34|0x0000000706a00000, 0x0000000706a00000, 0x0000000706c00000|  0%| F|  |TAMS 0x0000000706a00000, 0x0000000706a00000| Untracked 
|  35|0x0000000706c00000, 0x0000000706c00000, 0x0000000706e00000|  0%| F|  |TAMS 0x0000000706c00000, 0x0000000706c00000| Untracked 
|  36|0x0000000706e00000, 0x0000000706e00000, 0x0000000707000000|  0%| F|  |TAMS 0x0000000706e00000, 0x0000000706e00000| Untracked 
|  37|0x0000000707000000, 0x0000000707000000, 0x0000000707200000|  0%| F|  |TAMS 0x0000000707000000, 0x0000000707000000| Untracked 
|  38|0x0000000707200000, 0x0000000707200000, 0x0000000707400000|  0%| F|  |TAMS 0x0000000707200000, 0x0000000707200000| Untracked 
|  39|0x0000000707400000, 0x0000000707551618, 0x0000000707600000| 65%| E|  |TAMS 0x0000000707400000, 0x0000000707400000| Complete 
|  40|0x0000000707600000, 0x0000000707800000, 0x0000000707800000|100%| E|CS|TAMS 0x0000000707600000, 0x0000000707600000| Complete 
|  41|0x0000000707800000, 0x0000000707a00000, 0x0000000707a00000|100%| E|CS|TAMS 0x0000000707800000, 0x0000000707800000| Complete 
|  42|0x0000000707a00000, 0x0000000707c00000, 0x0000000707c00000|100%| E|CS|TAMS 0x0000000707a00000, 0x0000000707a00000| Complete 
|  43|0x0000000707c00000, 0x0000000707e00000, 0x0000000707e00000|100%| E|CS|TAMS 0x0000000707c00000, 0x0000000707c00000| Complete 

Card table byte_map: [0x0000018437f10000,0x0000018438700000] _byte_map_base: 0x00000184346fd000

Marking Bits (Prev, Next): (CMBitMap*) 0x0000018420c90fc0, (CMBitMap*) 0x0000018420c91000
 Prev Bits: [0x0000018438ef0000, 0x000001843ce58000)
 Next Bits: [0x000001843ce60000, 0x0000018440dc8000)

Polling page: 0x000001841ebe0000

Metaspace:

Usage:
  Non-class:     30.27 MB used.
      Class:      3.65 MB used.
       Both:     33.92 MB used.

Virtual space:
  Non-class space:       64.00 MB reserved,      30.38 MB ( 47%) committed,  1 nodes.
      Class space:        1.00 GB reserved,       3.75 MB ( <1%) committed,  1 nodes.
             Both:        1.06 GB reserved,      34.13 MB (  3%) committed. 

Chunk freelists:
   Non-Class:  736.00 KB
       Class:  12.27 MB
        Both:  12.98 MB

MaxMetaspaceSize: unlimited
CompressedClassSpaceSize: 1.00 GB
Initial GC threshold: 21.00 MB
Current GC threshold: 56.88 MB
CDS: on
MetaspaceReclaimPolicy: balanced
 - commit_granule_bytes: 65536.
 - commit_granule_words: 8192.
 - virtual_space_node_default_size: 8388608.
 - enlarge_chunks_in_place: 1.
 - new_chunks_are_fully_committed: 0.
 - uncommit_free_chunks: 1.
 - use_allocation_guard: 0.
 - handle_deallocations: 1.


Internal statistics:

num_allocs_failed_limit: 3.
num_arena_births: 160.
num_arena_deaths: 0.
num_vsnodes_births: 2.
num_vsnodes_deaths: 0.
num_space_committed: 546.
num_space_uncommitted: 0.
num_chunks_returned_to_freelist: 3.
num_chunks_taken_from_freelist: 1075.
num_chunk_merges: 3.
num_chunk_splits: 926.
num_chunks_enlarged: 844.
num_inconsistent_stats: 0.

CodeHeap 'non-profiled nmethods': size=120000Kb used=3617Kb max_used=3617Kb free=116383Kb
 bounds [0x00000184301f0000, 0x0000018430580000, 0x0000018437720000]
CodeHeap 'profiled nmethods': size=120000Kb used=9150Kb max_used=11561Kb free=110849Kb
 bounds [0x0000018428720000, 0x0000018429270000, 0x000001842fc50000]
CodeHeap 'non-nmethods': size=5760Kb used=1899Kb max_used=1998Kb free=3861Kb
 bounds [0x000001842fc50000, 0x000001842fec0000, 0x00000184301f0000]
 total_blobs=6348 nmethods=4967 adapters=1292
 compilation: enabled
              stopped_count=0, restarted_count=0
 full_count=0

Compilation events (20 events):
Event: 35.281 Thread 0x00000184432f5d50 5801       3       kotlin.ranges.RangesKt___RangesKt::coerceAtMost (12 bytes)
Event: 35.281 Thread 0x00000184432f5d50 nmethod 5801 0x00000184289cf890 code [0x00000184289cfa20, 0x00000184289cfb58]
Event: 35.389 Thread 0x00000184432f5d50 5802       3       kotlinx.coroutines.CancellableContinuationImpl::resumeUndispatched (58 bytes)
Event: 35.390 Thread 0x00000184432f5d50 nmethod 5802 0x000001842878c990 code [0x000001842878cb60, 0x000001842878d048]
Event: 35.390 Thread 0x00000184432f5d50 5803   !   3       java.util.concurrent.DelayQueue::take (214 bytes)
Event: 35.392 Thread 0x00000184432f5d50 nmethod 5803 0x0000018428aa3290 code [0x0000018428aa3660, 0x0000018428aa5328]
Event: 35.392 Thread 0x00000184432f5d50 5804       3       androidx.compose.ui.platform.AccessibilityControllerImpl::syncLoop (163 bytes)
Event: 35.393 Thread 0x00000184432f5d50 

Event: 35.401 Thread 0x00000184432f2290 5805       4       kotlinx.coroutines.CancellableContinuationImpl::resumeWith (20 bytes)
Event: 35.403 Thread 0x00000184432f2290 nmethod 5805 0x0000018430577a10 code [0x0000018430577ba0, 0x0000018430577c88]
Event: 35.499 Thread 0x00000184432f5d50 5806       3       javax.swing.Timer::post (36 bytes)
Event: 35.502 Thread 0x00000184432f5d50 nmethod 5806 0x00000184287eb890 code [0x00000184287ebb80, 0x00000184287ecb98]
Event: 35.502 Thread 0x00000184432f5d50 5807       3       javax.swing.Timer$1::<init> (10 bytes)
Event: 35.502 Thread 0x00000184432f5d50 nmethod 5807 0x000001842898e510 code [0x000001842898e6a0, 0x000001842898e878]
Event: 35.502 Thread 0x00000184432f5d50 5808       3       javax.swing.Timer::getAccessControlContext (22 bytes)
Event: 35.502 Thread 0x00000184432f5d50 nmethod 5808 0x000001842875fd10 code [0x000001842875fec0, 0x00000184287600e8]
Event: 35.613 Thread 0x00000184432f5d50 5809       3       java.util.IdentityHashMap$IdentityHashMapIterator::nextIndex (72 bytes)
Event: 35.613 Thread 0x00000184432f5d50 nmethod 5809 0x00000184287c5190 code [0x00000184287c5360, 0x00000184287c57a8]
Event: 35.619 Thread 0x00000184432f2290 5810       4       kotlin.reflect.jvm.internal.pcollections.IntTree::get (60 bytes)
Event: 35.621 Thread 0x00000184432f2290 nmethod 5810 0x0000018430577e10 code [0x0000018430577fc0, 0x0000018430578210]

GC Heap History (20 events):
Event: 1.105 GC heap before
{Heap before GC invocations=1 (full 0):
 garbage-first heap   total 260096K, used 16023K [0x0000000702600000, 0x0000000800000000)
  region size 2048K, 6 young (12288K), 1 survivors (2048K)
 Metaspace       used 5826K, committed 6016K, reserved 1114112K
  class space    used 468K, committed 576K, reserved 1048576K
}
Event: 1.107 GC heap after
{Heap after GC invocations=2 (full 0):
 garbage-first heap   total 260096K, used 7705K [0x0000000702600000, 0x0000000800000000)
  region size 2048K, 1 young (2048K), 1 survivors (2048K)
 Metaspace       used 5826K, committed 6016K, reserved 1114112K
  class space    used 468K, committed 576K, reserved 1048576K
}
Event: 2.484 GC heap before
{Heap before GC invocations=2 (full 0):
 garbage-first heap   total 260096K, used 32281K [0x0000000702600000, 0x0000000800000000)
  region size 2048K, 14 young (28672K), 1 survivors (2048K)
 Metaspace       used 14302K, committed 14528K, reserved 1114112K
  class space    used 1465K, committed 1536K, reserved 1048576K
}
Event: 2.487 GC heap after
{Heap after GC invocations=3 (full 0):
 garbage-first heap   total 260096K, used 9689K [0x0000000702600000, 0x0000000800000000)
  region size 2048K, 2 young (4096K), 2 survivors (4096K)
 Metaspace       used 14302K, committed 14528K, reserved 1114112K
  class space    used 1465K, committed 1536K, reserved 1048576K
}
Event: 3.925 GC heap before
{Heap before GC invocations=3 (full 0):
 garbage-first heap   total 260096K, used 44505K [0x0000000702600000, 0x0000000800000000)
  region size 2048K, 20 young (40960K), 2 survivors (4096K)
 Metaspace       used 21340K, committed 21504K, reserved 1114112K
  class space    used 2280K, committed 2368K, reserved 1048576K
}
Event: 3.929 GC heap after
{Heap after GC invocations=4 (full 0):
 garbage-first heap   total 260096K, used 11130K [0x0000000702600000, 0x0000000800000000)
  region size 2048K, 2 young (4096K), 2 survivors (4096K)
 Metaspace       used 21340K, committed 21504K, reserved 1114112K
  class space    used 2280K, committed 2368K, reserved 1048576K
}
Event: 6.830 GC heap before
{Heap before GC invocations=5 (full 0):
 garbage-first heap   total 49152K, used 37754K [0x0000000702600000, 0x0000000800000000)
  region size 2048K, 10 young (20480K), 2 survivors (4096K)
 Metaspace       used 24026K, committed 24192K, reserved 1114112K
  class space    used 2589K, committed 2688K, reserved 1048576K
}
Event: 6.837 GC heap after
{Heap after GC invocations=6 (full 0):
 garbage-first heap   total 49152K, used 23943K [0x0000000702600000, 0x0000000800000000)
  region size 2048K, 1 young (2048K), 1 survivors (2048K)
 Metaspace       used 24026K, committed 24192K, reserved 1114112K
  class space    used 2589K, committed 2688K, reserved 1048576K
}
Event: 6.886 GC heap before
{Heap before GC invocations=6 (full 0):
 garbage-first heap   total 49152K, used 25991K [0x0000000702600000, 0x0000000800000000)
  region size 2048K, 2 young (4096K), 1 survivors (2048K)
 Metaspace       used 24336K, committed 24576K, reserved 1114112K
  class space    used 2635K, committed 2752K, reserved 1048576K
}
Event: 6.890 GC heap after
{Heap after GC invocations=7 (full 0):
 garbage-first heap   total 49152K, used 17915K [0x0000000702600000, 0x0000000800000000)
  region size 2048K, 1 young (2048K), 1 survivors (2048K)
 Metaspace       used 24336K, committed 24576K, reserved 1114112K
  class space    used 2635K, committed 2752K, reserved 1048576K
}
Event: 7.190 GC heap before
{Heap before GC invocations=7 (full 0):
 garbage-first heap   total 49152K, used 32251K [0x0000000702600000, 0x0000000800000000)
  region size 2048K, 8 young (16384K), 1 survivors (2048K)
 Metaspace       used 26625K, committed 26816K, reserved 1114112K
  class space    used 2923K, committed 3008K, reserved 1048576K
}
Event: 7.192 GC heap after
{Heap after GC invocations=8 (full 0):
 garbage-first heap   total 49152K, used 18811K [0x0000000702600000, 0x0000000800000000)
  region size 2048K, 1 young (2048K), 1 survivors (2048K)
 Metaspace       used 26625K, committed 26816K, reserved 1114112K
  class space    used 2923K, committed 3008K, reserved 1048576K
}
Event: 7.594 GC heap before
{Heap before GC invocations=8 (full 0):
 garbage-first heap   total 49152K, used 33147K [0x0000000702600000, 0x0000000800000000)
  region size 2048K, 9 young (18432K), 1 survivors (2048K)
 Metaspace       used 29953K, committed 30208K, reserved 1114112K
  class space    used 3322K, committed 3456K, reserved 1048576K
}
Event: 7.599 GC heap after
{Heap after GC invocations=9 (full 0):
 garbage-first heap   total 49152K, used 20426K [0x0000000702600000, 0x0000000800000000)
  region size 2048K, 2 young (4096K), 2 survivors (4096K)
 Metaspace       used 29953K, committed 30208K, reserved 1114112K
  class space    used 3322K, committed 3456K, reserved 1048576K
}
Event: 7.904 GC heap before
{Heap before GC invocations=9 (full 0):
 garbage-first heap   total 49152K, used 34762K [0x0000000702600000, 0x0000000800000000)
  region size 2048K, 9 young (18432K), 2 survivors (4096K)
 Metaspace       used 32350K, committed 32512K, reserved 1114112K
  class space    used 3615K, committed 3712K, reserved 1048576K
}
Event: 7.909 GC heap after
{Heap after GC invocations=10 (full 0):
 garbage-first heap   total 49152K, used 21200K [0x0000000702600000, 0x0000000800000000)
  region size 2048K, 2 young (4096K), 2 survivors (4096K)
 Metaspace       used 32350K, committed 32512K, reserved 1114112K
  class space    used 3615K, committed 3712K, reserved 1048576K
}
Event: 8.194 GC heap before
{Heap before GC invocations=10 (full 0):
 garbage-first heap   total 49152K, used 25296K [0x0000000702600000, 0x0000000800000000)
  region size 2048K, 5 young (10240K), 2 survivors (4096K)
 Metaspace       used 33295K, committed 33536K, reserved 1114112K
  class space    used 3717K, committed 3840K, reserved 1048576K
}
Event: 8.199 GC heap after
{Heap after GC invocations=11 (full 0):
 garbage-first heap   total 155648K, used 22022K [0x0000000702600000, 0x0000000800000000)
  region size 2048K, 1 young (2048K), 1 survivors (2048K)
 Metaspace       used 33295K, committed 33536K, reserved 1114112K
  class space    used 3717K, committed 3840K, reserved 1048576K
}
Event: 31.818 GC heap before
{Heap before GC invocations=11 (full 0):
 garbage-first heap   total 155648K, used 95750K [0x0000000702600000, 0x0000000800000000)
  region size 2048K, 34 young (69632K), 1 survivors (2048K)
 Metaspace       used 34709K, committed 34944K, reserved 1114112K
  class space    used 3731K, committed 3840K, reserved 1048576K
}
Event: 31.846 GC heap after
{Heap after GC invocations=12 (full 1):
 garbage-first heap   total 90112K, used 24257K [0x0000000702600000, 0x0000000800000000)
  region size 2048K, 0 young (0K), 0 survivors (0K)
 Metaspace       used 34709K, committed 34944K, reserved 1114112K
  class space    used 3731K, committed 3840K, reserved 1048576K
}

Dll operation events (14 events):
Event: 0.009 Loaded shared library C:\Users\HP\.jdks\corretto-17.0.7\bin\java.dll
Event: 0.022 Loaded shared library C:\Users\HP\.jdks\corretto-17.0.7\bin\jsvml.dll
Event: 0.288 Loaded shared library C:\Users\HP\.jdks\corretto-17.0.7\bin\zip.dll
Event: 0.291 Loaded shared library C:\Users\HP\.jdks\corretto-17.0.7\bin\instrument.dll
Event: 0.297 Loaded shared library C:\Users\HP\.jdks\corretto-17.0.7\bin\net.dll
Event: 0.299 Loaded shared library C:\Users\HP\.jdks\corretto-17.0.7\bin\nio.dll
Event: 0.304 Loaded shared library C:\Users\HP\.jdks\corretto-17.0.7\bin\zip.dll
Event: 0.427 Loaded shared library C:\Program Files\JetBrains\IntelliJ IDEA Community Edition 2021.3.2\bin\breakgen64.dll
Event: 0.643 Loaded shared library C:\Users\HP\.jdks\corretto-17.0.7\bin\jimage.dll
Event: 0.648 Loaded shared library C:\Users\HP\.jdks\corretto-17.0.7\bin\awt.dll
Event: 1.777 Loaded shared library C:\Users\HP\.skiko\0de0d8dd8554d9bb66cfca3837db6514ff9b71080e998917280a3b777460a416\skiko-windows-x64.dll
Event: 2.431 Loaded shared library C:\Users\HP\.jdks\corretto-17.0.7\bin\freetype.dll
Event: 2.432 Loaded shared library C:\Users\HP\.jdks\corretto-17.0.7\bin\fontmanager.dll
Event: 7.480 Loaded shared library C:\Users\HP\AppData\Local\io-realm-kotlin\f7113120ba00ba1ff91d696eecd3919e85a4e34e\realmc.dll

Deoptimization events (20 events):
Event: 26.497 Thread 0x0000018443eb15c0 Uncommon trap: trap_request=0xffffff45 fr.pc=0x0000018430406b74 relative=0x00000000000001d4
Event: 26.497 Thread 0x0000018443eb15c0 Uncommon trap: reason=unstable_if action=reinterpret pc=0x0000018430406b74 method=androidx.compose.foundation.layout.SizeModifier.<init>(FFFFZLkotlin/jvm/functions/Function1;ILkotlin/jvm/internal/DefaultConstructorMarker;)V @ 4 c2
Event: 26.497 Thread 0x0000018443eb15c0 DEOPT PACKING pc=0x0000018430406b74 sp=0x00000057176fd3d0
Event: 26.497 Thread 0x0000018443eb15c0 DEOPT UNPACKING pc=0x000001842fca69a3 sp=0x00000057176fd3b0 mode 2
Event: 26.512 Thread 0x0000018443eb15c0 Uncommon trap: trap_request=0xffffffde fr.pc=0x000001843049dd74 relative=0x0000000000003bd4
Event: 26.512 Thread 0x0000018443eb15c0 Uncommon trap: reason=class_check action=maybe_recompile pc=0x000001843049dd74 method=java.awt.EventQueue.dispatchEventImpl(Ljava/awt/AWTEvent;Ljava/lang/Object;)V @ 18 c2
Event: 26.512 Thread 0x0000018443eb15c0 DEOPT PACKING pc=0x000001843049dd74 sp=0x00000057176fee70
Event: 26.512 Thread 0x0000018443eb15c0 DEOPT UNPACKING pc=0x000001842fca69a3 sp=0x00000057176feb68 mode 2
Event: 26.512 Thread 0x0000018443eb15c0 Uncommon trap: trap_request=0xffffffde fr.pc=0x000001843049dd74 relative=0x0000000000003bd4
Event: 26.512 Thread 0x0000018443eb15c0 Uncommon trap: reason=class_check action=maybe_recompile pc=0x000001843049dd74 method=java.awt.EventQueue.dispatchEventImpl(Ljava/awt/AWTEvent;Ljava/lang/Object;)V @ 18 c2
Event: 26.512 Thread 0x0000018443eb15c0 DEOPT PACKING pc=0x000001843049dd74 sp=0x00000057176fee70
Event: 26.512 Thread 0x0000018443eb15c0 DEOPT UNPACKING pc=0x000001842fca69a3 sp=0x00000057176feb68 mode 2
Event: 26.698 Thread 0x0000018443eb15c0 Uncommon trap: trap_request=0xffffffde fr.pc=0x00000184304dd5ec relative=0x000000000000178c
Event: 26.698 Thread 0x0000018443eb15c0 Uncommon trap: reason=class_check action=maybe_recompile pc=0x00000184304dd5ec method=androidx.compose.runtime.snapshots.SnapshotKt.advanceGlobalSnapshot(Lkotlin/jvm/functions/Function1;)Ljava/lang/Object; @ 263 c2
Event: 26.698 Thread 0x0000018443eb15c0 DEOPT PACKING pc=0x00000184304dd5ec sp=0x00000057176fec50
Event: 26.698 Thread 0x0000018443eb15c0 DEOPT UNPACKING pc=0x000001842fca69a3 sp=0x00000057176febb8 mode 2
Event: 35.617 Thread 0x0000018443bce210 Uncommon trap: trap_request=0xffffff45 fr.pc=0x000001843047a3e8 relative=0x0000000000000888
Event: 35.617 Thread 0x0000018443bce210 Uncommon trap: reason=unstable_if action=reinterpret pc=0x000001843047a3e8 method=kotlinx.coroutines.CancellableContinuationImpl.getExceptionalResult$kotlinx_coroutines_core(Ljava/lang/Object;)Ljava/lang/Throwable; @ 6 c2
Event: 35.617 Thread 0x0000018443bce210 DEOPT PACKING pc=0x000001843047a3e8 sp=0x00000057184ff1e0
Event: 35.618 Thread 0x0000018443bce210 DEOPT UNPACKING pc=0x000001842fca69a3 sp=0x00000057184ff0b0 mode 2

Classes unloaded (0 events):
No events

Classes redefined (0 events):
No events

Internal exceptions (20 events):
Event: 0.673 Thread 0x0000018420c26c20 Exception <a 'java/io/FileNotFoundException'{0x00000007122b9a40}> (0x00000007122b9a40) 
thrown [s\src\hotspot\share\prims\jni.cpp, line 516]
Event: 1.225 Thread 0x0000018443eb15c0 Exception <a 'java/lang/NoSuchMethodError'{0x0000000712125a60}: 'java.lang.Object java.lang.invoke.DirectMethodHandle$Holder.invokeStaticInit(java.lang.Object, int, int, int, int)'> (0x0000000712125a60) 
thrown [s\src\hotspot\share\interpreter\linkResolver.cpp, line 759]
Event: 1.379 Thread 0x0000018443eb15c0 Exception <a 'java/lang/NoSuchMethodError'{0x00000007121f62e0}: 'java.lang.Object java.lang.invoke.DirectMethodHandle$Holder.invokeStaticInit(java.lang.Object, java.lang.Object, int, int, int, int)'> (0x00000007121f62e0) 
thrown [s\src\hotspot\share\interpreter\linkResolver.cpp, line 759]
Event: 1.503 Thread 0x0000018443eb15c0 Exception <a 'java/lang/NoSuchMethodError'{0x0000000711d4d6b8}: 'double java.lang.invoke.DirectMethodHandle$Holder.invokeStatic(java.lang.Object, double)'> (0x0000000711d4d6b8) 
thrown [s\src\hotspot\share\interpreter\linkResolver.cpp, line 759]
Event: 1.504 Thread 0x0000018443eb15c0 Exception <a 'java/lang/NoSuchMethodError'{0x0000000711d51368}: 'double java.lang.invoke.DirectMethodHandle$Holder.invokeStaticInit(java.lang.Object, double)'> (0x0000000711d51368) 
thrown [s\src\hotspot\share\interpreter\linkResolver.cpp, line 759]
Event: 1.527 Thread 0x0000018443eb15c0 Exception <a 'java/lang/NoSuchMethodError'{0x0000000711d99078}: 'java.lang.Object java.lang.invoke.DirectMethodHandle$Holder.newInvokeSpecial(java.lang.Object, double)'> (0x0000000711d99078) 
thrown [s\src\hotspot\share\interpreter\linkResolver.cpp, line 759]
Event: 2.061 Thread 0x0000018443eb15c0 Exception <a 'java/lang/NoSuchMethodError'{0x0000000710f936c8}: 'void java.lang.invoke.DirectMethodHandle$Holder.invokeSpecial(java.lang.Object, java.lang.Object, java.lang.Object)'> (0x0000000710f936c8) 
thrown [s\src\hotspot\share\interpreter\linkResolver.cpp, line 759]
Event: 2.077 Thread 0x0000018443eb15c0 Exception <a 'java/lang/NoSuchMethodError'{0x0000000710fbdaf0}: 'java.lang.Object java.lang.invoke.DirectMethodHandle$Holder.newInvokeSpecial(java.lang.Object, java.lang.Object, java.lang.Object, java.lang.Object, java.lang.Object)'> (0x0000000710fbdaf0) 
thrown [s\src\hotspot\share\interpreter\linkResolver.cpp, line 759]
Event: 2.082 Thread 0x0000018443eb15c0 Exception <a 'java/lang/NoSuchMethodError'{0x0000000710fc9760}: 'java.lang.Object java.lang.invoke.DirectMethodHandle$Holder.invokeStatic(java.lang.Object, int, java.lang.Object, java.lang.Object, java.lang.Object, java.lang.Object)'> (0x0000000710fc9760) 
thrown [s\src\hotspot\share\interpreter\linkResolver.cpp, line 759]
Event: 2.096 Thread 0x0000018443eb15c0 Exception <a 'java/lang/NoSuchMethodError'{0x0000000710fef458}: 'java.lang.Object java.lang.invoke.DirectMethodHandle$Holder.invokeStatic(java.lang.Object, int, java.lang.Object)'> (0x0000000710fef458) 
thrown [s\src\hotspot\share\interpreter\linkResolver.cpp, line 759]
Event: 2.155 Thread 0x0000018443eb15c0 Exception <a 'java/lang/ClassNotFoundException'{0x0000000710cabc60}: com/sun/swing/internal/plaf/metal/resources/spi/metalProvider> (0x0000000710cabc60) 
thrown [s\src\hotspot\share\classfile\systemDictionary.cpp, line 256]
Event: 2.156 Thread 0x0000018443eb15c0 Exception <a 'java/lang/ClassNotFoundException'{0x0000000710cafc00}: com/sun/swing/internal/plaf/basic/resources/spi/basicProvider> (0x0000000710cafc00) 
thrown [s\src\hotspot\share\classfile\systemDictionary.cpp, line 256]
Event: 2.169 Thread 0x0000018443eb15c0 Implicit null exception at 0x000001843021ce10 to 0x000001843021d1e4
Event: 2.169 Thread 0x0000018443eb15c0 Implicit null exception at 0x0000018430218710 to 0x0000018430218ac8
Event: 2.227 Thread 0x0000018443eb15c0 Exception <a 'java/lang/NoSuchMethodError'{0x0000000710dc18d8}: 'void java.lang.invoke.DirectMethodHandle$Holder.invokeStatic(java.lang.Object, java.lang.Object, java.lang.Object)'> (0x0000000710dc18d8) 
thrown [s\src\hotspot\share\interpreter\linkResolver.cpp, line 759]
Event: 2.426 Thread 0x0000018443eb15c0 Exception <a 'java/lang/NoSuchMethodError'{0x0000000710888b70}: 'void java.lang.invoke.DirectMethodHandle$Holder.invokeStaticInit(java.lang.Object)'> (0x0000000710888b70) 
thrown [s\src\hotspot\share\interpreter\linkResolver.cpp, line 759]
Event: 2.675 Thread 0x0000018443eb15c0 Exception <a 'java/lang/NoSuchMethodError'{0x0000000711f5a950}: 'int java.lang.invoke.DirectMethodHandle$Holder.invokeStaticInit(java.lang.Object, java.lang.Object, java.lang.Object)'> (0x0000000711f5a950) 
thrown [s\src\hotspot\share\interpreter\linkResolver.cpp, line 759]
Event: 3.209 Thread 0x0000018443f47200 Exception <a 'java/lang/NoSuchMethodError'{0x0000000710b80200}: 'void java.lang.invoke.DirectMethodHandle$Holder.invokeVirtual(java.lang.Object, java.lang.Object)'> (0x0000000710b80200) 
thrown [s\src\hotspot\share\interpreter\linkResolver.cpp, line 759]
Event: 6.648 Thread 0x0000018443eb15c0 Exception <a 'java/lang/NoSuchMethodError'{0x0000000704b913c8}: 'int java.lang.invoke.DirectMethodHandle$Holder.invokeStaticInit(java.lang.Object, long, long)'> (0x0000000704b913c8) 
thrown [s\src\hotspot\share\interpreter\linkResolver.cpp, line 759]
Event: 7.369 Thread 0x0000018443eb15c0 Exception <a 'java/lang/NoSuchMethodError'{0x0000000704f4a2c0}: 'java.lang.Object java.lang.invoke.DirectMethodHandle$Holder.newInvokeSpecial(java.lang.Object, int, java.lang.Object)'> (0x0000000704f4a2c0) 
thrown [s\src\hotspot\share\interpreter\linkResolver.cpp, line 759]

VM Operations (20 events):
Event: 22.944 Executing VM operation: Cleanup
Event: 22.944 Executing VM operation: Cleanup done
Event: 23.958 Executing VM operation: Cleanup
Event: 23.959 Executing VM operation: Cleanup done
Event: 24.963 Executing VM operation: Cleanup
Event: 24.963 Executing VM operation: Cleanup done
Event: 25.970 Executing VM operation: Cleanup
Event: 25.970 Executing VM operation: Cleanup done
Event: 26.985 Executing VM operation: Cleanup
Event: 26.986 Executing VM operation: Cleanup done
Event: 28.000 Executing VM operation: Cleanup
Event: 28.000 Executing VM operation: Cleanup done
Event: 30.010 Executing VM operation: Cleanup
Event: 30.010 Executing VM operation: Cleanup done
Event: 31.818 Executing VM operation: G1CollectFull
Event: 31.847 Executing VM operation: G1CollectFull done
Event: 32.848 Executing VM operation: Cleanup
Event: 32.851 Executing VM operation: Cleanup done
Event: 33.865 Executing VM operation: Cleanup
Event: 33.865 Executing VM operation: Cleanup done

Events (20 events):
Event: 21.950 Thread 0x000001844346df90 flushing nmethod 0x0000018428fd6490
Event: 21.950 Thread 0x000001844346df90 flushing nmethod 0x0000018429010010
Event: 21.950 Thread 0x000001844346df90 flushing nmethod 0x0000018429013910
Event: 21.950 Thread 0x000001844346df90 flushing nmethod 0x0000018429020510
Event: 21.950 Thread 0x000001844346df90 flushing nmethod 0x0000018429052310
Event: 21.950 Thread 0x000001844346df90 flushing nmethod 0x0000018429058f90
Event: 21.950 Thread 0x000001844346df90 flushing nmethod 0x00000184290a4090
Event: 21.950 Thread 0x000001844346df90 flushing nmethod 0x00000184290cf490
Event: 21.951 Thread 0x000001844346df90 flushing nmethod 0x0000018429225790
Event: 35.612 loading class jdk/internal/misc/Signal$1
Event: 35.612 loading class jdk/internal/misc/Signal$1 done
Event: 35.612 Thread 0x0000018443bcf080 Thread added: 0x0000018443bcf080
Event: 35.612 Thread 0x0000018443bcc530 Thread added: 0x0000018443bcc530
Event: 35.612 Thread 0x0000018443bcca00 Thread added: 0x0000018443bcca00
Event: 35.613 Thread 0x0000018443bd0890 Thread added: 0x0000018443bd0890
Event: 35.613 Thread 0x0000018443bcca00 Thread exited: 0x0000018443bcca00
Event: 35.622 Thread 0x0000018443f47200 Thread exited: 0x0000018443f47200
Event: 35.622 Thread 0x0000018443bce210 Thread exited: 0x0000018443bce210
Event: 35.622 Thread 0x0000018443bd0890 Thread exited: 0x0000018443bd0890
Event: 35.623 Thread 0x0000018448487ce0 Thread exited: 0x0000018448487ce0


Dynamic libraries:
0x00007ff7eeda0000 - 0x00007ff7eedad000 	C:\Users\HP\.jdks\corretto-17.0.7\bin\java.exe
0x00007ffee9b50000 - 0x00007ffee9d48000 	C:\Windows\SYSTEM32\ntdll.dll
0x00007ffee90d0000 - 0x00007ffee918f000 	C:\Windows\System32\KERNEL32.DLL
0x00007ffee7790000 - 0x00007ffee7a86000 	C:\Windows\System32\KERNELBASE.dll
0x00007ffee7410000 - 0x00007ffee7510000 	C:\Windows\System32\ucrtbase.dll
0x00007ffedd130000 - 0x00007ffedd147000 	C:\Users\HP\.jdks\corretto-17.0.7\bin\jli.dll
0x00007ffee9970000 - 0x00007ffee9b0d000 	C:\Windows\System32\USER32.dll
0x00007ffee76c0000 - 0x00007ffee76e2000 	C:\Windows\System32\win32u.dll
0x00007ffee90a0000 - 0x00007ffee90cc000 	C:\Windows\System32\GDI32.dll
0x00007ffee7a90000 - 0x00007ffee7ba5000 	C:\Windows\System32\gdi32full.dll
0x00007ffee72c0000 - 0x00007ffee735d000 	C:\Windows\System32\msvcp_win.dll
0x00007ffedf250000 - 0x00007ffedf265000 	C:\Users\HP\.jdks\corretto-17.0.7\bin\VCRUNTIME140.dll
0x00007ffecd150000 - 0x00007ffecd3ea000 	C:\Windows\WinSxS\amd64_microsoft.windows.common-controls_6595b64144ccf1df_6.0.19041.1110_none_60b5254171f9507e\COMCTL32.dll
0x00007ffee8310000 - 0x00007ffee83ae000 	C:\Windows\System32\msvcrt.dll
0x00007ffee8600000 - 0x00007ffee8630000 	C:\Windows\System32\IMM32.DLL
0x00007ffec73d0000 - 0x00007ffec746b000 	C:\Users\HP\.jdks\corretto-17.0.7\bin\msvcp140.dll
0x00007ffea5510000 - 0x00007ffea612a000 	C:\Users\HP\.jdks\corretto-17.0.7\bin\server\jvm.dll
0x00007ffee8630000 - 0x00007ffee86df000 	C:\Windows\System32\ADVAPI32.dll
0x00007ffee8560000 - 0x00007ffee85fc000 	C:\Windows\System32\sechost.dll
0x00007ffee7d70000 - 0x00007ffee7e96000 	C:\Windows\System32\RPCRT4.dll
0x00007ffee0fa0000 - 0x00007ffee0fa9000 	C:\Windows\SYSTEM32\WSOCK32.dll
0x00007ffee8e70000 - 0x00007ffee8edb000 	C:\Windows\System32\WS2_32.dll
0x00007ffecca00000 - 0x00007ffecca27000 	C:\Windows\SYSTEM32\WINMM.dll
0x00007ffedb320000 - 0x00007ffedb32a000 	C:\Windows\SYSTEM32\VERSION.dll
0x00007ffee5a20000 - 0x00007ffee5a32000 	C:\Windows\SYSTEM32\kernel.appcore.dll
0x00007ffedf290000 - 0x00007ffedf29a000 	C:\Users\HP\.jdks\corretto-17.0.7\bin\jimage.dll
0x00007ffee1f40000 - 0x00007ffee2124000 	C:\Windows\SYSTEM32\DBGHELP.DLL
0x00007ffecec70000 - 0x00007ffececa4000 	C:\Windows\SYSTEM32\dbgcore.DLL
0x00007ffee7230000 - 0x00007ffee72b2000 	C:\Windows\System32\bcryptPrimitives.dll
0x00007ffede550000 - 0x00007ffede55e000 	C:\Users\HP\.jdks\corretto-17.0.7\bin\instrument.dll
0x00007ffedbcf0000 - 0x00007ffedbd15000 	C:\Users\HP\.jdks\corretto-17.0.7\bin\java.dll
0x00007ffebaa40000 - 0x00007ffebab16000 	C:\Users\HP\.jdks\corretto-17.0.7\bin\jsvml.dll
0x00007ffee9190000 - 0x00007ffee98d4000 	C:\Windows\System32\SHELL32.dll
0x00007ffee2130000 - 0x00007ffee28c4000 	C:\Windows\SYSTEM32\windows.storage.dll
0x00007ffee8890000 - 0x00007ffee8be4000 	C:\Windows\System32\combase.dll
0x00007ffee6ab0000 - 0x00007ffee6ade000 	C:\Windows\SYSTEM32\Wldp.dll
0x00007ffee8f90000 - 0x00007ffee903d000 	C:\Windows\System32\SHCORE.dll
0x00007ffee9040000 - 0x00007ffee9095000 	C:\Windows\System32\shlwapi.dll
0x00007ffee7160000 - 0x00007ffee7185000 	C:\Windows\SYSTEM32\profapi.dll
0x00007ffedbcc0000 - 0x00007ffedbcd8000 	C:\Users\HP\.jdks\corretto-17.0.7\bin\zip.dll
0x00007ffedc060000 - 0x00007ffedc079000 	C:\Users\HP\.jdks\corretto-17.0.7\bin\net.dll
0x00007ffed8570000 - 0x00007ffed867a000 	C:\Windows\SYSTEM32\WINHTTP.dll
0x00007ffee6890000 - 0x00007ffee68fa000 	C:\Windows\system32\mswsock.dll
0x00007ffedbfe0000 - 0x00007ffedbff5000 	C:\Users\HP\.jdks\corretto-17.0.7\bin\nio.dll
0x00007ffedb970000 - 0x00007ffedb98a000 	C:\Program Files\JetBrains\IntelliJ IDEA Community Edition 2021.3.2\bin\breakgen64.dll
0x00007ffea2b80000 - 0x00007ffea2d29000 	C:\Users\HP\.jdks\corretto-17.0.7\bin\awt.dll
0x00007ffee87c0000 - 0x00007ffee888d000 	C:\Windows\System32\OLEAUT32.dll
0x00007ffee0ec0000 - 0x00007ffee0f51000 	C:\Windows\SYSTEM32\apphelp.dll
0x00007ffee1180000 - 0x00007ffee121e000 	C:\Windows\system32\uxtheme.dll
0x00007ffee8440000 - 0x00007ffee8554000 	C:\Windows\System32\MSCTF.dll
0x00007ffee8c00000 - 0x00007ffee8d2a000 	C:\Windows\System32\ole32.dll
0x00007ffee1320000 - 0x00007ffee134f000 	C:\Windows\system32\DWMAPI.DLL
0x00007ffeb5d50000 - 0x00007ffeb5e75000 	C:\Windows\system32\opengl32.dll
0x00007ffeb67f0000 - 0x00007ffeb681c000 	C:\Windows\SYSTEM32\GLU32.dll
0x00007ffee6af0000 - 0x00007ffee6b08000 	C:\Windows\SYSTEM32\CRYPTSP.dll
0x00007ffee61d0000 - 0x00007ffee6204000 	C:\Windows\system32\rsaenh.dll
0x00007ffee7760000 - 0x00007ffee7787000 	C:\Windows\System32\bcrypt.dll
0x00007ffee7120000 - 0x00007ffee714e000 	C:\Windows\SYSTEM32\USERENV.dll
0x00007ffee6a20000 - 0x00007ffee6a2c000 	C:\Windows\SYSTEM32\CRYPTBASE.dll
0x00007ffee65a0000 - 0x00007ffee65dc000 	C:\Windows\SYSTEM32\IPHLPAPI.DLL
0x00007ffee7d60000 - 0x00007ffee7d68000 	C:\Windows\System32\NSI.dll
0x00007ffeda430000 - 0x00007ffeda447000 	C:\Windows\SYSTEM32\dhcpcsvc6.DLL
0x00007ffed8d80000 - 0x00007ffed8d9d000 	C:\Windows\SYSTEM32\dhcpcsvc.DLL
0x00007ffee65e0000 - 0x00007ffee66aa000 	C:\Windows\SYSTEM32\DNSAPI.dll
0x00007ffe9d3a0000 - 0x00007ffe9e3ec000 	C:\Users\HP\.skiko\0de0d8dd8554d9bb66cfca3837db6514ff9b71080e998917280a3b777460a416\skiko-windows-x64.dll
0x00007ffeba3a0000 - 0x00007ffeba423000 	C:\Users\HP\.jdks\corretto-17.0.7\bin\freetype.dll
0x00007ffeb1cf0000 - 0x00007ffeb1db2000 	C:\Users\HP\.jdks\corretto-17.0.7\bin\fontmanager.dll
0x00007ffedbd50000 - 0x00007ffedbd57000 	C:\Users\HP\.jdks\corretto-17.0.7\bin\jawt.dll
0x00007ffee5a90000 - 0x00007ffee5b83000 	C:\Windows\SYSTEM32\Dxgi.dll
0x00007ffeced70000 - 0x00007ffeced90000 	C:\Windows\SYSTEM32\D3D12.dll
0x00007ffea29b0000 - 0x00007ffea2b7d000 	C:\Windows\SYSTEM32\D3D12Core.dll
0x00007ffeda9e0000 - 0x00007ffedaa1b000 	C:\Windows\SYSTEM32\dxcore.dll
0x00007ffee7670000 - 0x00007ffee76be000 	C:\Windows\System32\cfgmgr32.dll
0x00007ffed4390000 - 0x00007ffed6fa9000 	C:\Windows\System32\DriverStore\FileRepository\igdlh64.inf_amd64_e6daaea9afe1e6f6\igc64.dll
0x00007ffe72ab0000 - 0x00007ffe73f83000 	C:\Windows\System32\DriverStore\FileRepository\igdlh64.inf_amd64_e6daaea9afe1e6f6\igd12umd64.dll
0x00007ffeda000000 - 0x00007ffeda257000 	C:\Windows\System32\DriverStore\FileRepository\igdlh64.inf_amd64_e6daaea9afe1e6f6\igdgmm64.dll
0x00007ffe91b00000 - 0x00007ffe91f0b000 	C:\Windows\System32\DriverStore\FileRepository\igdlh64.inf_amd64_e6daaea9afe1e6f6\igdml64.dll
0x00007ffeca980000 - 0x00007ffeca9ab000 	C:\Windows\SYSTEM32\D3DSCache.dll
0x00007ffe51780000 - 0x00007ffe55f82000 	C:\Windows\System32\DriverStore\FileRepository\igdlh64.inf_amd64_e6daaea9afe1e6f6\igd12dxva64.dll
0x00007ffee7ea0000 - 0x00007ffee830e000 	C:\Windows\System32\SETUPAPI.dll
0x00007ffe96bf0000 - 0x00007ffe96c17000 	C:\Windows\System32\DriverStore\FileRepository\igdlh64.inf_amd64_e6daaea9afe1e6f6\igdinfo64.dll
0x00007ffeddf50000 - 0x00007ffede157000 	C:\Windows\SYSTEM32\twinapi.appcore.dll
0x00007ffee8ee0000 - 0x00007ffee8f89000 	C:\Windows\System32\clbcatq.dll
0x00007ffe744c0000 - 0x00007ffe75492000 	C:\Windows\System32\DriverStore\FileRepository\igdlh64.inf_amd64_e6daaea9afe1e6f6\ig9icd64.dll
0x00007ffee7090000 - 0x00007ffee70db000 	C:\Windows\SYSTEM32\powrprof.dll
0x00007ffee7070000 - 0x00007ffee7082000 	C:\Windows\SYSTEM32\UMPDC.dll
0x00007ffed2250000 - 0x00007ffed24cf000 	C:\Windows\SYSTEM32\dwrite.dll
0x00007ffed3ec0000 - 0x00007ffed3fb9000 	C:\Windows\SYSTEM32\textinputframework.dll
0x00007ffee0b40000 - 0x00007ffee0c32000 	C:\Windows\System32\CoreMessaging.dll
0x00007ffee0460000 - 0x00007ffee07be000 	C:\Windows\System32\CoreUIComponents.dll
0x00007ffee62f0000 - 0x00007ffee6323000 	C:\Windows\SYSTEM32\ntmarta.dll
0x00007ffedf450000 - 0x00007ffedf5a4000 	C:\Windows\SYSTEM32\wintypes.dll
0x00007ffe60f60000 - 0x00007ffe61812000 	C:\Users\HP\AppData\Local\io-realm-kotlin\f7113120ba00ba1ff91d696eecd3919e85a4e34e\realmc.dll
0x00007ffee7510000 - 0x00007ffee766e000 	C:\Windows\System32\CRYPT32.dll

dbghelp: loaded successfully - version: 4.0.5 - missing functions: none
symbol engine: initialized successfully - sym options: 0x614 - pdb path: .;C:\Users\HP\.jdks\corretto-17.0.7\bin;C:\Windows\SYSTEM32;C:\Windows\WinSxS\amd64_microsoft.windows.common-controls_6595b64144ccf1df_6.0.19041.1110_none_60b5254171f9507e;C:\Users\HP\.jdks\corretto-17.0.7\bin\server;C:\Program Files\JetBrains\IntelliJ IDEA Community Edition 2021.3.2\bin;C:\Users\HP\.skiko\0de0d8dd8554d9bb66cfca3837db6514ff9b71080e998917280a3b777460a416;C:\Windows\System32\DriverStore\FileRepository\igdlh64.inf_amd64_e6daaea9afe1e6f6;C:\Users\HP\AppData\Local\io-realm-kotlin\f7113120ba00ba1ff91d696eecd3919e85a4e34e

VM Arguments:
jvm_args: -Djava.library.path=C:\Users\HP\Desktop\newderar\build\classes\kotlin\jvm\main;C:\Users\HP\Desktop\newderar\build\processedResources\jvm\main -javaagent:C:\Program Files\JetBrains\IntelliJ IDEA Community Edition 2021.3.2\lib\idea_rt.jar=52892:C:\Program Files\JetBrains\IntelliJ IDEA Community Edition 2021.3.2\bin -Dfile.encoding=UTF-8 
java_command: MainKt
java_class_path (initial): C:\Users\HP\Desktop\newderar\build\classes\kotlin\jvm\main;C:\Users\HP\Desktop\newderar\build\processedResources\jvm\main;C:\Users\HP\.gradle\caches\modules-2\files-2.1\io.insert-koin\koin-androidx-compose\3.4.5\ae0a88b7a68d507e651c5a3d70a541594bea54cb\koin-androidx-compose-3.4.5.aar;C:\Users\HP\.gradle\caches\modules-2\files-2.1\androidx.navigation\navigation-compose\2.6.0\3f8ce7b0bad21cced0c47b42b6347c65a6e422c3\navigation-compose-2.6.0.aar;C:\Users\HP\.gradle\caches\modules-2\files-2.1\org.jetbrains.kotlin\kotlin-stdlib-jdk8\1.8.21\67f57e154437cd9e6e9cf368394b95814836ff88\kotlin-stdlib-jdk8-1.8.21.jar;C:\Users\HP\.gradle\caches\modules-2\files-2.1\org.apache.poi\poi-ooxml\4.1.2\87d9a22aa9a7dd26e80c360e709f7ee02e32ab3b\poi-ooxml-4.1.2.jar;C:\Users\HP\.gradle\caches\modules-2\files-2.1\org.apache.poi\poi\4.1.2\964bf41cf68bce08e4ef6b2279b559fdf8d454f4\poi-4.1.2.jar;C:\Users\HP\.gradle\caches\modules-2\files-2.1\org.lwjgl\lwjgl-nfd\3.3.1\622318116996ddcff449b46cb38f0fdee39b8ac3\lwjgl-nfd-3.3.1.jar;C:\Users\HP\.gradle\caches\modules-2\files-2.1\org.lwjgl\lwjgl-nfd\3.3.1\2e007667e04ed3281152ae5c6e677fb1c2211691\lwjgl-nfd-3.3.1-natives-linux.jar;C:\Users\HP\.gradle\caches\modules-2\files-2.1\org.lwjgl\lwjgl\3.3.1\ae58664f88e18a9bb2c77b063833ca7aaec484cb\lwjgl-3.3.1.jar;C:\Users\HP\.gradle\caches\modules-2\files-2.1\io.insert-koin\koin-android\3.4.0\48715fbe06102a59a30bd45b06ed2400c16c6f45\koin-android-3.4.0.aar;C:\Users\HP\.gradle\caches\modules-2\files-2.1\org.lwjgl\lwjgl-nfd\3.3.1\b3e04e317f55dd738d8a345cdafd15b39f85a2ea\lwjgl-nfd-3.3.1-natives-linux-arm32.jar;C:\Users\HP\.gradle\caches\modules-2\files-2.1\androidx.lifecycle\lifecycle-viewmodel-compose\2.6.1\38cf3bb65ff3e0e5c3d63de2ebf5411d0898108c\lifecycle-viewmodel-compose-2.6.1.aar;C:\Users\HP\.gradle\caches\modules-2\files-2.1\org.lwjgl\lwjgl-nfd\3.3.1\f41dc62336f7ee4ab35705cfa440cc903d199165\lwjgl-nfd-3.3.1-natives-linux-arm64.jar;C:\Users\HP\.gradle\caches\modules-2\files-2.1\androi
Launcher Type: SUN_STANDARD

[Global flags]
     intx CICompilerCount                          = 3                                         {product} {ergonomic}
     uint ConcGCThreads                            = 1                                         {product} {ergonomic}
     uint G1ConcRefinementThreads                  = 4                                         {product} {ergonomic}
   size_t G1HeapRegionSize                         = 2097152                                   {product} {ergonomic}
    uintx GCDrainStackTargetSize                   = 64                                        {product} {ergonomic}
   size_t InitialHeapSize                          = 266338304                                 {product} {ergonomic}
   size_t MarkStackSize                            = 4194304                                   {product} {ergonomic}
   size_t MaxHeapSize                              = 4255121408                                {product} {ergonomic}
   size_t MaxNewSize                               = 2552233984                                {product} {ergonomic}
   size_t MinHeapDeltaBytes                        = 2097152                                   {product} {ergonomic}
   size_t MinHeapSize                              = 8388608                                   {product} {ergonomic}
    uintx NonNMethodCodeHeapSize                   = 5832780                                {pd product} {ergonomic}
    uintx NonProfiledCodeHeapSize                  = 122912730                              {pd product} {ergonomic}
    uintx ProfiledCodeHeapSize                     = 122912730                              {pd product} {ergonomic}
    uintx ReservedCodeCacheSize                    = 251658240                              {pd product} {ergonomic}
     bool SegmentedCodeCache                       = true                                      {product} {ergonomic}
   size_t SoftMaxHeapSize                          = 4255121408                             {manageable} {ergonomic}
     bool UseCompressedClassPointers               = true                           {product lp64_product} {ergonomic}
     bool UseCompressedOops                        = true                           {product lp64_product} {ergonomic}
     bool UseG1GC                                  = true                                      {product} {ergonomic}
     bool UseLargePagesIndividualAllocation        = false                                  {pd product} {ergonomic}

Logging:
Log output configuration:
 #0: stdout all=warning uptime,level,tags
 #1: stderr all=off uptime,level,tags

Environment Variables:
PATH=C:\Program Files\Common Files\Oracle\Java\javapath;C:\Program Files (x86)\Common Files\Oracle\Java\javapath;C:\Windows\system32;C:\Windows;C:\Windows\System32\Wbem;C:\Windows\System32\WindowsPowerShell\v1.0\;C:\Windows\System32\OpenSSH\;C:\xampp\php;C:\ProgramData\ComposerSetup\bin;C:\Program Files\nodejs\;C:\Program Files (x86)\Intel\Intel(R) Management Engine Components\DAL;C:\Program Files\Intel\Intel(R) Management Engine Components\DAL;C:\Program Files\Git\cmd;C:\Program Files\Fortect;C:\Users\HP\AppData\Local\Microsoft\WindowsApps;C:\Program Files\JetBrains\IntelliJ IDEA Community Edition 2021.3.2\bin;C:\Users\HP\AppData\Local\Programs\Microsoft VS Code\bin;C:\Users\HP\AppData\Local\JetBrains\Toolbox\scripts;C:\Users\HP\AppData\Local\GitHubDesktop\bin;C:\Users\HP\Desktop\camp\flutter_windows_3.7.6-stable\flutter\bin;C:\Users\HP\AppData\Roaming\Composer\vendor\bin;C:\Users\HP\AppData\Roaming\npm
USERNAME=HP
OS=Windows_NT
PROCESSOR_IDENTIFIER=Intel64 Family 6 Model 142 Stepping 9, GenuineIntel
TMP=C:\Users\HP\AppData\Local\Temp
TEMP=C:\Users\HP\AppData\Local\Temp



---------------  S Y S T E M  ---------------

OS:
 Windows 10 , 64 bit Build 19041 (10.0.19041.3155)
OS uptime: 2 days 20:23 hours
Hyper-V role detected

CPU: total 4 (initial active 4) (2 cores per cpu, 2 threads per core) family 6 model 142 stepping 9 microcode 0xf2, cx8, cmov, fxsr, ht, mmx, 3dnowpref, sse, sse2, sse3, ssse3, sse4.1, sse4.2, popcnt, lzcnt, tsc, tscinvbit, avx, avx2, aes, erms, clmul, bmi1, bmi2, rtm, adx, fma, vzeroupper, clflush, clflushopt, hv

Memory: 4k page, system-wide physical 16224M (6028M free)
TotalPageFile size 32096M (AvailPageFile size 19994M)
current process WorkingSet (physical memory assigned to process): 258M, peak: 335M
current process commit charge ("private bytes"): 302M, peak: 434M

vm_info: OpenJDK 64-Bit Server VM (17.0.7+7-LTS) for windows-amd64 JRE (17.0.7+7-LTS), built on Apr 14 2023 01:39:21 by "Administrator" with MS VC++ 15.9 (VS2017)

END.
