#
# A fatal error has been detected by the Java Runtime Environment:
#
#  EXCEPTION_ACCESS_VIOLATION (0xc0000005) at pc=0x00007ffe74e7ebe3, pid=19212, tid=17188
#
# JRE version: OpenJDK Runtime Environment Corretto-17.0.7.7.1 (17.0.7+7) (build 17.0.7+7-LTS)
# Java VM: OpenJDK 64-Bit Server VM Corretto-17.0.7.7.1 (17.0.7+7-LTS, mixed mode, sharing, tiered, compressed oops, compressed class ptrs, g1 gc, windows-amd64)
# Problematic frame:
# C  [ig9icd64.dll+0x9bebe3]
#
# No core dump will be written. Minidumps are not enabled by default on client versions of Windows
#
# If you would like to submit a bug report, please visit:
#   https://github.com/corretto/corretto-17/issues/
# The crash happened outside the Java Virtual Machine in native code.
# See problematic frame for where to report the bug.
#

---------------  S U M M A R Y ------------

Command Line: -Djava.library.path=C:\Users\HP\Desktop\newderar\build\classes\kotlin\jvm\main;C:\Users\HP\Desktop\newderar\build\processedResources\jvm\main -javaagent:C:\Program Files\JetBrains\IntelliJ IDEA Community Edition 2021.3.2\lib\idea_rt.jar=54357:C:\Program Files\JetBrains\IntelliJ IDEA Community Edition 2021.3.2\bin -Dfile.encoding=UTF-8 MainKt

Host: Intel(R) Core(TM) i5-7300U CPU @ 2.60GHz, 4 cores, 15G,  Windows 10 , 64 bit Build 19041 (10.0.19041.3155)
Time: Sat Jul  8 17:43:23 2023 Libya Standard Time elapsed time: 50.836793 seconds (0d 0h 0m 50s)

---------------  T H R E A D  ---------------

Current thread (0x000001cc4bc73ff0):  JavaThread "AWT-EventQueue-0" [_thread_in_native, id=17188, stack(0x0000000a0d200000,0x0000000a0d300000)]

Stack: [0x0000000a0d200000,0x0000000a0d300000],  sp=0x0000000a0d2fcb28,  free space=1010k
Native frames: (J=compiled Java code, j=interpreted, Vv=VM code, C=native code)
C  [ig9icd64.dll+0x9bebe3]

Java frames: (J=compiled Java code, j=interpreted, Vv=VM code)
J 5040  org.jetbrains.skia.DirectContextKt.DirectContext_nFlush(J)V (0 bytes) @ 0x000001cc335adae9 [0x000001cc335adaa0+0x0000000000000049]
J 5039 c1 org.jetbrains.skiko.context.ContextHandler.flush()V (17 bytes) @ 0x000001cc2c267f5c [0x000001cc2c267de0+0x000000000000017c]
J 5131 c1 org.jetbrains.skiko.context.ContextHandler.draw()V (91 bytes) @ 0x000001cc2c29f864 [0x000001cc2c29ed60+0x0000000000000b04]
J 5055 c1 org.jetbrains.skiko.redrawer.WindowsOpenGLRedrawer.draw()V (288 bytes) @ 0x000001cc2c27233c [0x000001cc2c271c20+0x000000000000071c]
J 4736 c1 org.jetbrains.skiko.redrawer.WindowsOpenGLRedrawer$Companion$frameDispatcher$1.invokeSuspend(Ljava/lang/Object;)Ljava/lang/Object; (379 bytes) @ 0x000001cc2c1ada74 [0x000001cc2c1ac700+0x0000000000001374]
J 5052 c1 org.jetbrains.skiko.redrawer.WindowsOpenGLRedrawer$Companion$frameDispatcher$1.invoke(Ljava/lang/Object;)Ljava/lang/Object; (9 bytes) @ 0x000001cc2c26fe84 [0x000001cc2c26f920+0x0000000000000564]
J 4730 c1 org.jetbrains.skiko.FrameDispatcher$job$1.invokeSuspend(Ljava/lang/Object;)Ljava/lang/Object; (156 bytes) @ 0x000001cc2c1a79c4 [0x000001cc2c1a7020+0x00000000000009a4]
J 5060 c2 kotlin.coroutines.jvm.internal.BaseContinuationImpl.resumeWith(Ljava/lang/Object;)V (128 bytes) @ 0x000001cc335ae700 [0x000001cc335ae6a0+0x0000000000000060]
J 5095 c2 kotlinx.coroutines.DispatchedTask.run()V (571 bytes) @ 0x000001cc335bd2c8 [0x000001cc335bcf20+0x00000000000003a8]
J 5162 c2 java.awt.EventQueue.dispatchEvent(Ljava/awt/AWTEvent;)V java.desktop@17.0.7 (80 bytes) @ 0x000001cc335f0a80 [0x000001cc335f04a0+0x00000000000005e0]
J 5176 c2 java.awt.EventDispatchThread.pumpOneEventForFilters(I)V java.desktop@17.0.7 (113 bytes) @ 0x000001cc335f52ac [0x000001cc335f4bc0+0x00000000000006ec]
j  java.awt.EventDispatchThread.pumpEventsForFilter(ILjava/awt/Conditional;Ljava/awt/EventFilter;)V+35 java.desktop@17.0.7
j  java.awt.EventDispatchThread.pumpEventsForHierarchy(ILjava/awt/Conditional;Ljava/awt/Component;)V+11 java.desktop@17.0.7
j  java.awt.EventDispatchThread.pumpEvents(ILjava/awt/Conditional;)V+4 java.desktop@17.0.7
j  java.awt.EventDispatchThread.pumpEvents(Ljava/awt/Conditional;)V+3 java.desktop@17.0.7
j  java.awt.EventDispatchThread.run()V+9 java.desktop@17.0.7
v  ~StubRoutines::call_stub

siginfo: EXCEPTION_ACCESS_VIOLATION (0xc0000005), reading address 0xffffffffffffffff


Register to memory mapping:

RIP=0x00007ffe74e7ebe3 ig9icd64.dll
RAX=0x000000000fff0fff is an unknown value
RBX=0x00007ffe744c0000 ig9icd64.dll
RCX=0x000000033fcf3fcc is an unknown value
RDX=0x0000000a0d2fd040 is pointing into the stack for thread: 0x000001cc4bc73ff0
RSP=0x0000000a0d2fcb28 is pointing into the stack for thread: 0x000001cc4bc73ff0
RBP=0x0000000a0d2fcc30 is pointing into the stack for thread: 0x000001cc4bc73ff0
RSI=0x000001cc4ca99fc0 points into unknown readable memory: 0x000001cc4c422100 | 00 21 42 4c cc 01 00 00
RDI=0x0000000a0d2fce30 is pointing into the stack for thread: 0x000001cc4bc73ff0
R8 =0x0000000a0d2fcc60 is pointing into the stack for thread: 0x000001cc4bc73ff0
R9 =0x0000000a0d2fd040 is pointing into the stack for thread: 0x000001cc4bc73ff0
R10=0x0000000a0d2fce30 is pointing into the stack for thread: 0x000001cc4bc73ff0
R11=0x0 is NULL
R12=0x00007ffe752f15e0 ig9icd64.dll
R13=0x0 is NULL
R14=0x0 is NULL
R15=0x00000000000001c1 is an unknown value


Registers:
RAX=0x000000000fff0fff, RBX=0x00007ffe744c0000, RCX=0x000000033fcf3fcc, RDX=0x0000000a0d2fd040
RSP=0x0000000a0d2fcb28, RBP=0x0000000a0d2fcc30, RSI=0x000001cc4ca99fc0, RDI=0x0000000a0d2fce30
R8 =0x0000000a0d2fcc60, R9 =0x0000000a0d2fd040, R10=0x0000000a0d2fce30, R11=0x0000000000000000
R12=0x00007ffe752f15e0, R13=0x0000000000000000, R14=0x0000000000000000, R15=0x00000000000001c1
RIP=0x00007ffe74e7ebe3, EFLAGS=0x0000000000010206

Top of Stack: (sp=0x0000000a0d2fcb28)
0x0000000a0d2fcb28:   00007ffe74e7c31b 0000000000000001
0x0000000a0d2fcb38:   0000000000000000 000001cc53eac500
0x0000000a0d2fcb48:   00007ffeda002622 0000000a00000065
0x0000000a0d2fcb58:   0000000a0d2fcd60 0000000000000000
0x0000000a0d2fcb68:   000001cc4c22e710 0000000000000000
0x0000000a0d2fcb78:   000001cc53bda0b0 000001cc53eac510
0x0000000a0d2fcb88:   0000000000001100 0000000000000000
0x0000000a0d2fcb98:   0000000000000000 0000000a0d2fcd10
0x0000000a0d2fcba8:   00007ffe74b179c0 0000000a0b289000
0x0000000a0d2fcbb8:   00007ffee9b5a46c 00000000042a0144
0x0000000a0d2fcbc8:   000000000000002c 000001cc4ca101f0
0x0000000a0d2fcbd8:   00007ffe744d6555 000001cc53eac510
0x0000000a0d2fcbe8:   0000000000004001 000001cc4ca101f0
0x0000000a0d2fcbf8:   00007ffee9b7b86b 00000000042a0144
0x0000000a0d2fcc08:   000000000000002c 000001cc4ca101f0
0x0000000a0d2fcc18:   0000000000000000 0000000000000000 

Instructions: (pc=0x00007ffe74e7ebe3)
0x00007ffe74e7eae3:   c1 75 31 00 48 89 51 08 48 89 01 8b 44 24 28 89
0x00007ffe74e7eaf3:   41 20 8b 44 24 30 89 41 24 48 8b c1 4c 89 41 10
0x00007ffe74e7eb03:   4c 89 49 18 c3 cc cc cc cc cc cc cc cc 48 89 5c
0x00007ffe74e7eb13:   24 08 8b 41 5c 48 8d 1d e1 14 64 ff 41 89 40 08
0x00007ffe74e7eb23:   4c 8b d1 8b 41 60 45 33 db 41 89 40 0c 4c 8b ca
0x00007ffe74e7eb33:   8b 41 64 41 89 40 10 8b 41 68 41 89 40 14 8b 41
0x00007ffe74e7eb43:   6c 41 89 40 18 8b 41 70 41 89 40 1c 48 63 41 74
0x00007ffe74e7eb53:   48 6b c8 34 8b 84 19 44 d1 ee 00 41 89 40 20 8b
0x00007ffe74e7eb63:   84 19 48 d1 ee 00 41 89 40 24 8b 84 19 4c d1 ee
0x00007ffe74e7eb73:   00 41 89 40 28 8b 84 19 50 d1 ee 00 41 89 40 2c
0x00007ffe74e7eb83:   8b 84 19 34 d1 ee 00 41 89 40 30 8b 84 19 38 d1
0x00007ffe74e7eb93:   ee 00 41 89 40 34 8b 84 19 3c d1 ee 00 41 89 40
0x00007ffe74e7eba3:   38 8b 84 19 40 d1 ee 00 41 89 40 3c 8b 84 19 24
0x00007ffe74e7ebb3:   d1 ee 00 41 89 40 40 8b 84 19 28 d1 ee 00 41 89
0x00007ffe74e7ebc3:   40 44 8b 84 19 2c d1 ee 00 41 89 40 48 8b 84 19
0x00007ffe74e7ebd3:   30 d1 ee 00 41 89 40 4c 49 63 42 78 48 6b c8 34
0x00007ffe74e7ebe3:   8b 84 19 44 d1 ee 00 41 89 40 50 8b 84 19 48 d1
0x00007ffe74e7ebf3:   ee 00 41 89 40 54 8b 84 19 4c d1 ee 00 41 89 40
0x00007ffe74e7ec03:   58 8b 84 19 50 d1 ee 00 41 89 40 5c 8b 84 19 34
0x00007ffe74e7ec13:   d1 ee 00 41 89 40 60 8b 84 19 38 d1 ee 00 41 89
0x00007ffe74e7ec23:   40 64 8b 84 19 3c d1 ee 00 41 89 40 68 8b 84 19
0x00007ffe74e7ec33:   40 d1 ee 00 41 89 40 6c 8b 84 19 24 d1 ee 00 41
0x00007ffe74e7ec43:   89 40 70 8b 84 19 28 d1 ee 00 41 89 40 74 8b 84
0x00007ffe74e7ec53:   19 2c d1 ee 00 41 89 40 78 8b 84 19 30 d1 ee 00
0x00007ffe74e7ec63:   41 89 40 7c 48 8b 42 18 8b 88 38 0b 00 00 f6 c1
0x00007ffe74e7ec73:   08 0f 84 86 00 00 00 8b 80 3c 0b 00 00 41 89 80
0x00007ffe74e7ec83:   80 00 00 00 48 8b 42 18 8b 88 40 0b 00 00 41 89
0x00007ffe74e7ec93:   88 84 00 00 00 48 8b 42 18 8b 88 44 0b 00 00 41
0x00007ffe74e7eca3:   89 88 88 00 00 00 48 8b 42 18 8b 88 48 0b 00 00
0x00007ffe74e7ecb3:   41 89 88 8c 00 00 00 48 8b 42 18 8b 88 4c 0b 00
0x00007ffe74e7ecc3:   00 41 89 88 90 00 00 00 48 8b 42 18 8b 88 50 0b
0x00007ffe74e7ecd3:   00 00 41 89 88 94 00 00 00 48 8b 42 18 8b 88 54 


Stack slot to memory mapping:
stack at sp + 0 slots: 0x00007ffe74e7c31b ig9icd64.dll
stack at sp + 1 slots: 0x0000000000000001 is an unknown value
stack at sp + 2 slots: 0x0 is NULL
stack at sp + 3 slots: 0x000001cc53eac500 points into unknown readable memory: 0x00000000000000f0 | f0 00 00 00 00 00 00 00
stack at sp + 4 slots: 0x00007ffeda002622 igdgmm64.dll
stack at sp + 5 slots: 0x0000000a00000065 is an unknown value
stack at sp + 6 slots: 0x0000000a0d2fcd60 is pointing into the stack for thread: 0x000001cc4bc73ff0
stack at sp + 7 slots: 0x0 is NULL


---------------  P R O C E S S  ---------------

Threads class SMR info:
_java_thread_list=0x000001cc53d38d00, length=30, elements={
0x000001cc225b6280, 0x000001cc46bb7f60, 0x000001cc46bb9570, 0x000001cc46bcddf0,
0x000001cc46bd29b0, 0x000001cc46bd5870, 0x000001cc46bd69c0, 0x000001cc46bd7370,
0x000001cc46bd8d70, 0x000001cc4b03e930, 0x000001cc4b264920, 0x000001cc4b5425c0,
0x000001cc4b542a90, 0x000001cc4bad7200, 0x000001cc4b6f1490, 0x000001cc4bbefcc0,
0x000001cc4bc73ff0, 0x000001cc4bed6ad0, 0x000001cc4bfd03a0, 0x000001cc4bed3900,
0x000001cc4bed55e0, 0x000001cc4bed4c40, 0x000001cc4bed5f80, 0x000001cc4bed2a90,
0x000001cc4c7456d0, 0x000001cc4c740030, 0x000001cc4c741370, 0x000001cc4c7421e0,
0x000001cc4c741d10, 0x000001cc4c745200
}

Java Threads: ( => current thread )
  0x000001cc225b6280 JavaThread "main" [_thread_blocked, id=19128, stack(0x0000000a0b700000,0x0000000a0b800000)]
  0x000001cc46bb7f60 JavaThread "Reference Handler" daemon [_thread_blocked, id=18156, stack(0x0000000a0be00000,0x0000000a0bf00000)]
  0x000001cc46bb9570 JavaThread "Finalizer" daemon [_thread_blocked, id=18668, stack(0x0000000a0bf00000,0x0000000a0c000000)]
  0x000001cc46bcddf0 JavaThread "Signal Dispatcher" daemon [_thread_blocked, id=15864, stack(0x0000000a0c000000,0x0000000a0c100000)]
  0x000001cc46bd29b0 JavaThread "Attach Listener" daemon [_thread_blocked, id=18956, stack(0x0000000a0c100000,0x0000000a0c200000)]
  0x000001cc46bd5870 JavaThread "Service Thread" daemon [_thread_blocked, id=13692, stack(0x0000000a0c200000,0x0000000a0c300000)]
  0x000001cc46bd69c0 JavaThread "Monitor Deflation Thread" daemon [_thread_blocked, id=15492, stack(0x0000000a0c300000,0x0000000a0c400000)]
  0x000001cc46bd7370 JavaThread "C2 CompilerThread0" daemon [_thread_blocked, id=18052, stack(0x0000000a0c400000,0x0000000a0c500000)]
  0x000001cc46bd8d70 JavaThread "C1 CompilerThread0" daemon [_thread_blocked, id=4380, stack(0x0000000a0c500000,0x0000000a0c600000)]
  0x000001cc4b03e930 JavaThread "Sweeper thread" daemon [_thread_blocked, id=11260, stack(0x0000000a0c600000,0x0000000a0c700000)]
  0x000001cc4b264920 JavaThread "Common-Cleaner" daemon [_thread_blocked, id=18704, stack(0x0000000a0c700000,0x0000000a0c800000)]
  0x000001cc4b5425c0 JavaThread "Monitor Ctrl-Break" daemon [_thread_in_native, id=4048, stack(0x0000000a0c900000,0x0000000a0ca00000)]
  0x000001cc4b542a90 JavaThread "Notification Thread" daemon [_thread_blocked, id=18184, stack(0x0000000a0ca00000,0x0000000a0cb00000)]
  0x000001cc4bad7200 JavaThread "Java2D Disposer" daemon [_thread_blocked, id=4268, stack(0x0000000a0cf00000,0x0000000a0d000000)]
  0x000001cc4b6f1490 JavaThread "AWT-Shutdown" [_thread_blocked, id=3460, stack(0x0000000a0d000000,0x0000000a0d100000)]
  0x000001cc4bbefcc0 JavaThread "AWT-Windows" daemon [_thread_in_native, id=4948, stack(0x0000000a0d100000,0x0000000a0d200000)]
=>0x000001cc4bc73ff0 JavaThread "AWT-EventQueue-0" [_thread_in_native, id=17188, stack(0x0000000a0d200000,0x0000000a0d300000)]
  0x000001cc4bed6ad0 JavaThread "Reference Cleaner" daemon [_thread_blocked, id=2280, stack(0x0000000a0d300000,0x0000000a0d400000)]
  0x000001cc4bfd03a0 JavaThread "DefaultDispatcher-worker-1" daemon [_thread_blocked, id=16980, stack(0x0000000a0d400000,0x0000000a0d500000)]
  0x000001cc4bed3900 JavaThread "DefaultDispatcher-worker-2" daemon [_thread_blocked, id=11064, stack(0x0000000a0d500000,0x0000000a0d600000)]
  0x000001cc4bed55e0 JavaThread "DefaultDispatcher-worker-3" daemon [_thread_blocked, id=1184, stack(0x0000000a0d600000,0x0000000a0d700000)]
  0x000001cc4bed4c40 JavaThread "kotlinx.coroutines.DefaultExecutor" daemon [_thread_blocked, id=9040, stack(0x0000000a0d700000,0x0000000a0d800000)]
  0x000001cc4bed5f80 JavaThread "TimerQueue" daemon [_thread_blocked, id=19320, stack(0x0000000a0c800000,0x0000000a0c900000)]
  0x000001cc4bed2a90 JavaThread "RealmFinalizingDaemon" daemon [_thread_blocked, id=15376, stack(0x0000000a0dd00000,0x0000000a0de00000)]
  0x000001cc4c7456d0 JavaThread "core-notifier" daemon [_thread_in_native, id=9740, stack(0x0000000a0df00000,0x0000000a0e000000)]
  0x000001cc4c740030 JavaThread "DefaultDispatcher-worker-4" daemon [_thread_blocked, id=1272, stack(0x0000000a0db00000,0x0000000a0dc00000)]
  0x000001cc4c741370 JavaThread "DefaultDispatcher-worker-5" daemon [_thread_blocked, id=8444, stack(0x0000000a0e100000,0x0000000a0e200000)]
  0x000001cc4c7421e0 JavaThread "DefaultDispatcher-worker-6" daemon [_thread_blocked, id=1892, stack(0x0000000a0e200000,0x0000000a0e300000)]
  0x000001cc4c741d10 JavaThread "SIGINT handler" daemon [_thread_blocked, id=12112, stack(0x0000000a0e500000,0x0000000a0e600000)]
  0x000001cc4c745200 JavaThread "ToolkitShutdown" daemon [_thread_in_native, id=16952, stack(0x0000000a0e700000,0x0000000a0e800000)]

Other Threads:
  0x000001cc46bb2bc0 VMThread "VM Thread" [stack: 0x0000000a0bd00000,0x0000000a0be00000] [id=19236]
  0x000001cc4b542f60 WatcherThread [stack: 0x0000000a0cb00000,0x0000000a0cc00000] [id=8804]
  0x000001cc22621350 GCTaskThread "GC Thread#0" [stack: 0x0000000a0b800000,0x0000000a0b900000] [id=14484]
  0x000001cc4b62ad30 GCTaskThread "GC Thread#1" [stack: 0x0000000a0cc00000,0x0000000a0cd00000] [id=13652]
  0x000001cc4b965c90 GCTaskThread "GC Thread#2" [stack: 0x0000000a0cd00000,0x0000000a0ce00000] [id=19328]
  0x000001cc4b918870 GCTaskThread "GC Thread#3" [stack: 0x0000000a0ce00000,0x0000000a0cf00000] [id=8500]
  0x000001cc22632020 ConcurrentGCThread "G1 Main Marker" [stack: 0x0000000a0b900000,0x0000000a0ba00000] [id=12868]
  0x000001cc22632a30 ConcurrentGCThread "G1 Conc#0" [stack: 0x0000000a0ba00000,0x0000000a0bb00000] [id=9168]
  0x000001cc2266e760 ConcurrentGCThread "G1 Refine#0" [stack: 0x0000000a0bb00000,0x0000000a0bc00000] [id=17432]
  0x000001cc46a6a370 ConcurrentGCThread "G1 Service" [stack: 0x0000000a0bc00000,0x0000000a0bd00000] [id=10620]

Threads with active compile tasks:

VM state: not at safepoint (normal execution)

VM Mutex/Monitor currently owned by a thread: None

Heap address: 0x0000000702600000, size: 4058 MB, Compressed Oops mode: Zero based, Oop shift amount: 3

CDS archive(s) mapped at: [0x0000000800000000-0x0000000800bc0000-0x0000000800bc0000), size 12320768, SharedBaseAddress: 0x0000000800000000, ArchiveRelocationMode: 0.
Compressed class space mapped at: 0x0000000801000000-0x0000000841000000, reserved size: 1073741824
Narrow klass base: 0x0000000800000000, Narrow klass shift: 0, Narrow klass range: 0x100000000

GC Precious Log:
 CPUs: 4 total, 4 available
 Memory: 16224M
 Large Page Support: Disabled
 NUMA Support: Disabled
 Compressed Oops: Enabled (Zero based)
 Heap Region Size: 2M
 Heap Min Capacity: 8M
 Heap Initial Capacity: 254M
 Heap Max Capacity: 4058M
 Pre-touch: Disabled
 Parallel Workers: 4
 Concurrent Workers: 1
 Concurrent Refinement Workers: 4
 Periodic GC: Disabled

Heap:
 garbage-first heap   total 90112K, used 64984K [0x0000000702600000, 0x0000000800000000)
  region size 2048K, 21 young (43008K), 0 survivors (0K)
 Metaspace       used 34185K, committed 34432K, reserved 1114112K
  class space    used 3712K, committed 3840K, reserved 1048576K

Heap Regions: E=young(eden), S=young(survivor), O=old, HS=humongous(starts), HC=humongous(continues), CS=collection set, F=free, OA=open archive, CA=closed archive, TAMS=top-at-mark-start (previous, next)
|   0|0x0000000702600000, 0x0000000702800000, 0x0000000702800000|100%|HS|  |TAMS 0x0000000702800000, 0x0000000702600000| Untracked 
|   1|0x0000000702800000, 0x0000000702a00000, 0x0000000702a00000|100%| O|  |TAMS 0x0000000702a00000, 0x0000000702800000| Untracked 
|   2|0x0000000702a00000, 0x0000000702c00000, 0x0000000702c00000|100%| O|  |TAMS 0x0000000702c00000, 0x0000000702a00000| Untracked 
|   3|0x0000000702c00000, 0x0000000702dffff0, 0x0000000702e00000| 99%| O|  |TAMS 0x0000000702c00000, 0x0000000702c00000| Untracked 
|   4|0x0000000702e00000, 0x0000000702ffffe8, 0x0000000703000000| 99%| O|  |TAMS 0x0000000702e00000, 0x0000000702e00000| Untracked 
|   5|0x0000000703000000, 0x00000007030673a0, 0x0000000703200000| 20%| O|  |TAMS 0x0000000703000000, 0x0000000703000000| Untracked 
|   6|0x0000000703200000, 0x0000000703200000, 0x0000000703400000|  0%| F|  |TAMS 0x0000000703200000, 0x0000000703200000| Untracked 
|   7|0x0000000703400000, 0x0000000703400000, 0x0000000703600000|  0%| F|  |TAMS 0x0000000703400000, 0x0000000703400000| Untracked 
|   8|0x0000000703600000, 0x0000000703600000, 0x0000000703800000|  0%| F|  |TAMS 0x0000000703600000, 0x0000000703600000| Untracked 
|   9|0x0000000703800000, 0x0000000703800000, 0x0000000703a00000|  0%| F|  |TAMS 0x0000000703800000, 0x0000000703800000| Untracked 
|  10|0x0000000703a00000, 0x0000000703c00000, 0x0000000703c00000|100%| O|  |TAMS 0x0000000703c00000, 0x0000000703a00000| Untracked 
|  11|0x0000000703c00000, 0x0000000703c00000, 0x0000000703e00000|  0%| F|  |TAMS 0x0000000703c00000, 0x0000000703c00000| Untracked 
|  12|0x0000000703e00000, 0x0000000703f3e938, 0x0000000704000000| 62%| O|  |TAMS 0x0000000703e00000, 0x0000000703e00000| Untracked 
|  13|0x0000000704000000, 0x00000007041d06b0, 0x0000000704200000| 90%| O|  |TAMS 0x0000000704000000, 0x0000000704000000| Untracked 
|  14|0x0000000704200000, 0x0000000704200000, 0x0000000704400000|  0%| F|  |TAMS 0x0000000704200000, 0x0000000704200000| Untracked 
|  15|0x0000000704400000, 0x0000000704400000, 0x0000000704600000|  0%| F|  |TAMS 0x0000000704400000, 0x0000000704400000| Untracked 
|  16|0x0000000704600000, 0x0000000704800000, 0x0000000704800000|100%|HS|  |TAMS 0x0000000704800000, 0x0000000704600000| Untracked 
|  17|0x0000000704800000, 0x0000000704a00000, 0x0000000704a00000|100%|HC|  |TAMS 0x0000000704a00000, 0x0000000704800000| Untracked 
|  18|0x0000000704a00000, 0x0000000704c00000, 0x0000000704c00000|100%|HC|  |TAMS 0x0000000704c00000, 0x0000000704a00000| Untracked 
|  19|0x0000000704c00000, 0x0000000704e00000, 0x0000000704e00000|100%|HC|  |TAMS 0x0000000704e00000, 0x0000000704c00000| Untracked 
|  20|0x0000000704e00000, 0x0000000704e00000, 0x0000000705000000|  0%| F|  |TAMS 0x0000000704e00000, 0x0000000704e00000| Untracked 
|  21|0x0000000705000000, 0x0000000705000000, 0x0000000705200000|  0%| F|  |TAMS 0x0000000705000000, 0x0000000705000000| Untracked 
|  22|0x0000000705200000, 0x0000000705200000, 0x0000000705400000|  0%| F|  |TAMS 0x0000000705200000, 0x0000000705200000| Untracked 
|  23|0x0000000705400000, 0x0000000705470f18, 0x0000000705600000| 22%| E|  |TAMS 0x0000000705400000, 0x0000000705400000| Complete 
|  24|0x0000000705600000, 0x0000000705800000, 0x0000000705800000|100%| E|CS|TAMS 0x0000000705600000, 0x0000000705600000| Complete 
|  25|0x0000000705800000, 0x0000000705a00000, 0x0000000705a00000|100%| E|CS|TAMS 0x0000000705800000, 0x0000000705800000| Complete 
|  26|0x0000000705a00000, 0x0000000705c00000, 0x0000000705c00000|100%| E|CS|TAMS 0x0000000705a00000, 0x0000000705a00000| Complete 
|  27|0x0000000705c00000, 0x0000000705e00000, 0x0000000705e00000|100%| E|CS|TAMS 0x0000000705c00000, 0x0000000705c00000| Complete 
|  28|0x0000000705e00000, 0x0000000706000000, 0x0000000706000000|100%| E|CS|TAMS 0x0000000705e00000, 0x0000000705e00000| Complete 
|  29|0x0000000706000000, 0x0000000706200000, 0x0000000706200000|100%| E|CS|TAMS 0x0000000706000000, 0x0000000706000000| Complete 
|  30|0x0000000706200000, 0x0000000706400000, 0x0000000706400000|100%| E|CS|TAMS 0x0000000706200000, 0x0000000706200000| Complete 
|  31|0x0000000706400000, 0x0000000706600000, 0x0000000706600000|100%| E|CS|TAMS 0x0000000706400000, 0x0000000706400000| Complete 
|  32|0x0000000706600000, 0x0000000706800000, 0x0000000706800000|100%| E|CS|TAMS 0x0000000706600000, 0x0000000706600000| Complete 
|  33|0x0000000706800000, 0x0000000706a00000, 0x0000000706a00000|100%| E|CS|TAMS 0x0000000706800000, 0x0000000706800000| Complete 
|  34|0x0000000706a00000, 0x0000000706c00000, 0x0000000706c00000|100%| E|CS|TAMS 0x0000000706a00000, 0x0000000706a00000| Complete 
|  35|0x0000000706c00000, 0x0000000706e00000, 0x0000000706e00000|100%| E|CS|TAMS 0x0000000706c00000, 0x0000000706c00000| Complete 
|  36|0x0000000706e00000, 0x0000000707000000, 0x0000000707000000|100%| E|CS|TAMS 0x0000000706e00000, 0x0000000706e00000| Complete 
|  37|0x0000000707000000, 0x0000000707200000, 0x0000000707200000|100%| E|CS|TAMS 0x0000000707000000, 0x0000000707000000| Complete 
|  38|0x0000000707200000, 0x0000000707400000, 0x0000000707400000|100%| E|CS|TAMS 0x0000000707200000, 0x0000000707200000| Complete 
|  39|0x0000000707400000, 0x0000000707600000, 0x0000000707600000|100%| E|CS|TAMS 0x0000000707400000, 0x0000000707400000| Complete 
|  40|0x0000000707600000, 0x0000000707800000, 0x0000000707800000|100%| E|CS|TAMS 0x0000000707600000, 0x0000000707600000| Complete 
|  41|0x0000000707800000, 0x0000000707a00000, 0x0000000707a00000|100%| E|CS|TAMS 0x0000000707800000, 0x0000000707800000| Complete 
|  42|0x0000000707a00000, 0x0000000707c00000, 0x0000000707c00000|100%| E|CS|TAMS 0x0000000707a00000, 0x0000000707a00000| Complete 
|  43|0x0000000707c00000, 0x0000000707e00000, 0x0000000707e00000|100%| E|CS|TAMS 0x0000000707c00000, 0x0000000707c00000| Complete 

Card table byte_map: [0x000001cc3b690000,0x000001cc3be80000] _byte_map_base: 0x000001cc37e7d000

Marking Bits (Prev, Next): (CMBitMap*) 0x000001cc22621960, (CMBitMap*) 0x000001cc226219a0
 Prev Bits: [0x000001cc3c670000, 0x000001cc405d8000)
 Next Bits: [0x000001cc405e0000, 0x000001cc44548000)

Polling page: 0x000001cc22370000

Metaspace:

Usage:
  Non-class:     29.76 MB used.
      Class:      3.63 MB used.
       Both:     33.38 MB used.

Virtual space:
  Non-class space:       64.00 MB reserved,      29.88 MB ( 47%) committed,  1 nodes.
      Class space:        1.00 GB reserved,       3.75 MB ( <1%) committed,  1 nodes.
             Both:        1.06 GB reserved,      33.63 MB (  3%) committed. 

Chunk freelists:
   Non-Class:  1.58 MB
       Class:  12.28 MB
        Both:  13.86 MB

MaxMetaspaceSize: unlimited
CompressedClassSpaceSize: 1.00 GB
Initial GC threshold: 21.00 MB
Current GC threshold: 56.06 MB
CDS: on
MetaspaceReclaimPolicy: balanced
 - commit_granule_bytes: 65536.
 - commit_granule_words: 8192.
 - virtual_space_node_default_size: 8388608.
 - enlarge_chunks_in_place: 1.
 - new_chunks_are_fully_committed: 0.
 - uncommit_free_chunks: 1.
 - use_allocation_guard: 0.
 - handle_deallocations: 1.


Internal statistics:

num_allocs_failed_limit: 3.
num_arena_births: 160.
num_arena_deaths: 0.
num_vsnodes_births: 2.
num_vsnodes_deaths: 0.
num_space_committed: 538.
num_space_uncommitted: 0.
num_chunks_returned_to_freelist: 3.
num_chunks_taken_from_freelist: 1062.
num_chunk_merges: 3.
num_chunk_splits: 916.
num_chunks_enlarged: 834.
num_inconsistent_stats: 0.

CodeHeap 'non-profiled nmethods': size=120000Kb used=3269Kb max_used=3336Kb free=116730Kb
 bounds [0x000001cc33340000, 0x000001cc33690000, 0x000001cc3a870000]
CodeHeap 'profiled nmethods': size=120000Kb used=7885Kb max_used=10480Kb free=112114Kb
 bounds [0x000001cc2b870000, 0x000001cc2c2b0000, 0x000001cc32da0000]
CodeHeap 'non-nmethods': size=5760Kb used=1867Kb max_used=1956Kb free=3892Kb
 bounds [0x000001cc32da0000, 0x000001cc33010000, 0x000001cc33340000]
 total_blobs=5928 nmethods=4585 adapters=1255
 compilation: enabled
              stopped_count=0, restarted_count=0
 full_count=0

Compilation events (20 events):
Event: 48.370 Thread 0x000001cc46bd8d70 5386       3       javax.swing.Timer::addActionListener (11 bytes)
Event: 48.370 Thread 0x000001cc46bd8d70 nmethod 5386 0x000001cc2bab4310 code [0x000001cc2bab44c0, 0x000001cc2bab4628]
Event: 48.370 Thread 0x000001cc46bd8d70 5387  s    3       javax.swing.event.EventListenerList::add (102 bytes)
Event: 48.371 Thread 0x000001cc46bd8d70 nmethod 5387 0x000001cc2b95a410 code [0x000001cc2b95a660, 0x000001cc2b95b468]
Event: 48.471 Thread 0x000001cc46bd8d70 5388       3       javax.swing.Timer$DoPostEvent::run (82 bytes)
Event: 48.471 Thread 0x000001cc46bd8d70 nmethod 5388 0x000001cc2b8a0490 code [0x000001cc2b8a06c0, 0x000001cc2b8a0df8]
Event: 48.471 Thread 0x000001cc46bd8d70 5390       3       javax.swing.Timer::fireActionPerformed (46 bytes)
Event: 48.472 Thread 0x000001cc46bd8d70 nmethod 5390 0x000001cc2baa4f90 code [0x000001cc2baa5160, 0x000001cc2baa55e8]
Event: 48.472 Thread 0x000001cc46bd8d70 5389       3       java.awt.event.ActionEvent::<init> (24 bytes)
Event: 48.472 Thread 0x000001cc46bd8d70 nmethod 5389 0x000001cc2b8b1110 code [0x000001cc2b8b12c0, 0x000001cc2b8b1488]
Event: 48.472 Thread 0x000001cc46bd8d70 5391       3       org.jetbrains.skiko.SwingDispatcher$$Lambda$167/0x00000008012525b8::actionPerformed (9 bytes)
Event: 48.472 Thread 0x000001cc46bd8d70 nmethod 5391 0x000001cc2b8ce110 code [0x000001cc2b8ce2a0, 0x000001cc2b8ce3e8]
Event: 48.472 Thread 0x000001cc46bd8d70 5392       3       org.jetbrains.skiko.SwingDispatcher::scheduleResumeAfterDelay$lambda$1 (27 bytes)
Event: 48.472 Thread 0x000001cc46bd8d70 nmethod 5392 0x000001cc2baa3590 code [0x000001cc2baa37c0, 0x000001cc2baa3de8]
Event: 48.472 Thread 0x000001cc46bd8d70 5393       3       androidx.compose.ui.platform.FlushCoroutineDispatcher$scheduleResumeAfterDelay$2$1::invoke (8 bytes)
Event: 48.472 Thread 0x000001cc46bd8d70 nmethod 5393 0x000001cc2b8dad10 code [0x000001cc2b8daec0, 0x000001cc2b8db008]
Event: 49.273 Thread 0x000001cc46bd7370 5394       4       java.util.LinkedHashMap::afterNodeAccess (116 bytes)
Event: 49.273 Thread 0x000001cc46bd7370 nmethod 5394 0x000001cc33367d10 code [0x000001cc33367e80, 0x000001cc33367f18]
Event: 50.803 Thread 0x000001cc46bd8d70 5395       3       java.util.IdentityHashMap$IdentityHashMapIterator::nextIndex (72 bytes)
Event: 50.803 Thread 0x000001cc46bd8d70 nmethod 5395 0x000001cc2b8a9210 code [0x000001cc2b8a93e0, 0x000001cc2b8a9828]

GC Heap History (20 events):
Event: 0.412 GC heap before
{Heap before GC invocations=0 (full 0):
 garbage-first heap   total 260096K, used 12288K [0x0000000702600000, 0x0000000800000000)
  region size 2048K, 6 young (12288K), 0 survivors (0K)
 Metaspace       used 1763K, committed 1856K, reserved 1114112K
  class space    used 161K, committed 192K, reserved 1048576K
}
Event: 0.416 GC heap after
{Heap after GC invocations=1 (full 0):
 garbage-first heap   total 260096K, used 8007K [0x0000000702600000, 0x0000000800000000)
  region size 2048K, 1 young (2048K), 1 survivors (2048K)
 Metaspace       used 1763K, committed 1856K, reserved 1114112K
  class space    used 161K, committed 192K, reserved 1048576K
}
Event: 0.732 GC heap before
{Heap before GC invocations=1 (full 0):
 garbage-first heap   total 260096K, used 16199K [0x0000000702600000, 0x0000000800000000)
  region size 2048K, 6 young (12288K), 1 survivors (2048K)
 Metaspace       used 5830K, committed 6016K, reserved 1114112K
  class space    used 468K, committed 576K, reserved 1048576K
}
Event: 0.734 GC heap after
{Heap after GC invocations=2 (full 0):
 garbage-first heap   total 260096K, used 7622K [0x0000000702600000, 0x0000000800000000)
  region size 2048K, 1 young (2048K), 1 survivors (2048K)
 Metaspace       used 5830K, committed 6016K, reserved 1114112K
  class space    used 468K, committed 576K, reserved 1048576K
}
Event: 2.049 GC heap before
{Heap before GC invocations=2 (full 0):
 garbage-first heap   total 260096K, used 34246K [0x0000000702600000, 0x0000000800000000)
  region size 2048K, 15 young (30720K), 1 survivors (2048K)
 Metaspace       used 14952K, committed 15104K, reserved 1114112K
  class space    used 1534K, committed 1600K, reserved 1048576K
}
Event: 2.052 GC heap after
{Heap after GC invocations=3 (full 0):
 garbage-first heap   total 260096K, used 9771K [0x0000000702600000, 0x0000000800000000)
  region size 2048K, 2 young (4096K), 2 survivors (4096K)
 Metaspace       used 14952K, committed 15104K, reserved 1114112K
  class space    used 1534K, committed 1600K, reserved 1048576K
}
Event: 3.147 GC heap before
{Heap before GC invocations=3 (full 0):
 garbage-first heap   total 260096K, used 42539K [0x0000000702600000, 0x0000000800000000)
  region size 2048K, 19 young (38912K), 2 survivors (4096K)
 Metaspace       used 21338K, committed 21504K, reserved 1114112K
  class space    used 2281K, committed 2368K, reserved 1048576K
}
Event: 3.152 GC heap after
{Heap after GC invocations=4 (full 0):
 garbage-first heap   total 260096K, used 11113K [0x0000000702600000, 0x0000000800000000)
  region size 2048K, 2 young (4096K), 2 survivors (4096K)
 Metaspace       used 21338K, committed 21504K, reserved 1114112K
  class space    used 2281K, committed 2368K, reserved 1048576K
}
Event: 5.724 GC heap before
{Heap before GC invocations=5 (full 0):
 garbage-first heap   total 49152K, used 37737K [0x0000000702600000, 0x0000000800000000)
  region size 2048K, 10 young (20480K), 2 survivors (4096K)
 Metaspace       used 24308K, committed 24512K, reserved 1114112K
  class space    used 2624K, committed 2752K, reserved 1048576K
}
Event: 5.730 GC heap after
{Heap after GC invocations=6 (full 0):
 garbage-first heap   total 49152K, used 23918K [0x0000000702600000, 0x0000000800000000)
  region size 2048K, 1 young (2048K), 1 survivors (2048K)
 Metaspace       used 24308K, committed 24512K, reserved 1114112K
  class space    used 2624K, committed 2752K, reserved 1048576K
}
Event: 5.767 GC heap before
{Heap before GC invocations=6 (full 0):
 garbage-first heap   total 49152K, used 25966K [0x0000000702600000, 0x0000000800000000)
  region size 2048K, 2 young (4096K), 1 survivors (2048K)
 Metaspace       used 24661K, committed 24896K, reserved 1114112K
  class space    used 2668K, committed 2816K, reserved 1048576K
}
Event: 5.772 GC heap after
{Heap after GC invocations=7 (full 0):
 garbage-first heap   total 49152K, used 17803K [0x0000000702600000, 0x0000000800000000)
  region size 2048K, 1 young (2048K), 1 survivors (2048K)
 Metaspace       used 24661K, committed 24896K, reserved 1114112K
  class space    used 2668K, committed 2816K, reserved 1048576K
}
Event: 6.020 GC heap before
{Heap before GC invocations=7 (full 0):
 garbage-first heap   total 49152K, used 32139K [0x0000000702600000, 0x0000000800000000)
  region size 2048K, 8 young (16384K), 1 survivors (2048K)
 Metaspace       used 26895K, committed 27072K, reserved 1114112K
  class space    used 2943K, committed 3008K, reserved 1048576K
}
Event: 6.024 GC heap after
{Heap after GC invocations=8 (full 0):
 garbage-first heap   total 49152K, used 19092K [0x0000000702600000, 0x0000000800000000)
  region size 2048K, 1 young (2048K), 1 survivors (2048K)
 Metaspace       used 26895K, committed 27072K, reserved 1114112K
  class space    used 2943K, committed 3008K, reserved 1048576K
}
Event: 6.365 GC heap before
{Heap before GC invocations=8 (full 0):
 garbage-first heap   total 49152K, used 33428K [0x0000000702600000, 0x0000000800000000)
  region size 2048K, 8 young (16384K), 1 survivors (2048K)
 Metaspace       used 30021K, committed 30272K, reserved 1114112K
  class space    used 3320K, committed 3456K, reserved 1048576K
}
Event: 6.369 GC heap after
{Heap after GC invocations=9 (full 0):
 garbage-first heap   total 49152K, used 20291K [0x0000000702600000, 0x0000000800000000)
  region size 2048K, 1 young (2048K), 1 survivors (2048K)
 Metaspace       used 30021K, committed 30272K, reserved 1114112K
  class space    used 3320K, committed 3456K, reserved 1048576K
}
Event: 6.584 GC heap before
{Heap before GC invocations=9 (full 0):
 garbage-first heap   total 49152K, used 34627K [0x0000000702600000, 0x0000000800000000)
  region size 2048K, 8 young (16384K), 1 survivors (2048K)
 Metaspace       used 32351K, committed 32576K, reserved 1114112K
  class space    used 3607K, committed 3712K, reserved 1048576K
}
Event: 6.587 GC heap after
{Heap after GC invocations=10 (full 0):
 garbage-first heap   total 155648K, used 20729K [0x0000000702600000, 0x0000000800000000)
  region size 2048K, 1 young (2048K), 1 survivors (2048K)
 Metaspace       used 32351K, committed 32576K, reserved 1114112K
  class space    used 3607K, committed 3712K, reserved 1048576K
}
Event: 31.463 GC heap before
{Heap before GC invocations=10 (full 0):
 garbage-first heap   total 155648K, used 90361K [0x0000000702600000, 0x0000000800000000)
  region size 2048K, 32 young (65536K), 1 survivors (2048K)
 Metaspace       used 34148K, committed 34432K, reserved 1114112K
  class space    used 3709K, committed 3840K, reserved 1048576K
}
Event: 31.493 GC heap after
{Heap after GC invocations=11 (full 1):
 garbage-first heap   total 90112K, used 24024K [0x0000000702600000, 0x0000000800000000)
  region size 2048K, 0 young (0K), 0 survivors (0K)
 Metaspace       used 34148K, committed 34432K, reserved 1114112K
  class space    used 3709K, committed 3840K, reserved 1048576K
}

Dll operation events (14 events):
Event: 0.008 Loaded shared library C:\Users\HP\.jdks\corretto-17.0.7\bin\java.dll
Event: 0.020 Loaded shared library C:\Users\HP\.jdks\corretto-17.0.7\bin\jsvml.dll
Event: 0.156 Loaded shared library C:\Users\HP\.jdks\corretto-17.0.7\bin\zip.dll
Event: 0.159 Loaded shared library C:\Users\HP\.jdks\corretto-17.0.7\bin\instrument.dll
Event: 0.165 Loaded shared library C:\Users\HP\.jdks\corretto-17.0.7\bin\net.dll
Event: 0.167 Loaded shared library C:\Users\HP\.jdks\corretto-17.0.7\bin\nio.dll
Event: 0.171 Loaded shared library C:\Users\HP\.jdks\corretto-17.0.7\bin\zip.dll
Event: 0.282 Loaded shared library C:\Program Files\JetBrains\IntelliJ IDEA Community Edition 2021.3.2\bin\breakgen64.dll
Event: 0.430 Loaded shared library C:\Users\HP\.jdks\corretto-17.0.7\bin\jimage.dll
Event: 0.442 Loaded shared library C:\Users\HP\.jdks\corretto-17.0.7\bin\awt.dll
Event: 1.394 Loaded shared library C:\Users\HP\.skiko\0de0d8dd8554d9bb66cfca3837db6514ff9b71080e998917280a3b777460a416\skiko-windows-x64.dll
Event: 1.908 Loaded shared library C:\Users\HP\.jdks\corretto-17.0.7\bin\freetype.dll
Event: 1.909 Loaded shared library C:\Users\HP\.jdks\corretto-17.0.7\bin\fontmanager.dll
Event: 6.267 Loaded shared library C:\Users\HP\AppData\Local\io-realm-kotlin\f7113120ba00ba1ff91d696eecd3919e85a4e34e\realmc.dll

Deoptimization events (20 events):
Event: 10.574 Thread 0x000001cc4bbefcc0 Uncommon trap: trap_request=0xffffff45 fr.pc=0x000001cc335212d4 relative=0x00000000000000b4
Event: 10.574 Thread 0x000001cc4bbefcc0 Uncommon trap: reason=unstable_if action=reinterpret pc=0x000001cc335212d4 method=java.util.concurrent.locks.AbstractQueuedSynchronizer.signalNext(Ljava/util/concurrent/locks/AbstractQueuedSynchronizer$Node;)V @ 17 c2
Event: 10.574 Thread 0x000001cc4bbefcc0 DEOPT PACKING pc=0x000001cc335212d4 sp=0x0000000a0d1fdac0
Event: 10.574 Thread 0x000001cc4bbefcc0 DEOPT UNPACKING pc=0x000001cc32df69a3 sp=0x0000000a0d1fda50 mode 2
Event: 19.950 Thread 0x000001cc4bc73ff0 Uncommon trap: trap_request=0xffffffd6 fr.pc=0x000001cc336185c8 relative=0x0000000000004448
Event: 19.950 Thread 0x000001cc4bc73ff0 Uncommon trap: reason=array_check action=maybe_recompile pc=0x000001cc336185c8 method=androidx.compose.runtime.collection.MutableVector.add(Ljava/lang/Object;)Z @ 19 c2
Event: 19.950 Thread 0x000001cc4bc73ff0 DEOPT PACKING pc=0x000001cc336185c8 sp=0x0000000a0d2fe2f0
Event: 19.950 Thread 0x000001cc4bc73ff0 DEOPT UNPACKING pc=0x000001cc32df69a3 sp=0x0000000a0d2fe2a0 mode 2
Event: 19.954 Thread 0x000001cc4bc73ff0 Uncommon trap: trap_request=0xffffffd6 fr.pc=0x000001cc336185c8 relative=0x0000000000004448
Event: 19.954 Thread 0x000001cc4bc73ff0 Uncommon trap: reason=array_check action=maybe_recompile pc=0x000001cc336185c8 method=androidx.compose.runtime.collection.MutableVector.add(Ljava/lang/Object;)Z @ 19 c2
Event: 19.954 Thread 0x000001cc4bc73ff0 DEOPT PACKING pc=0x000001cc336185c8 sp=0x0000000a0d2fe2f0
Event: 19.954 Thread 0x000001cc4bc73ff0 DEOPT UNPACKING pc=0x000001cc32df69a3 sp=0x0000000a0d2fe2a0 mode 2
Event: 19.954 Thread 0x000001cc4bc73ff0 Uncommon trap: trap_request=0xffffffd6 fr.pc=0x000001cc336185c8 relative=0x0000000000004448
Event: 19.954 Thread 0x000001cc4bc73ff0 Uncommon trap: reason=array_check action=maybe_recompile pc=0x000001cc336185c8 method=androidx.compose.runtime.collection.MutableVector.add(Ljava/lang/Object;)Z @ 19 c2
Event: 19.954 Thread 0x000001cc4bc73ff0 DEOPT PACKING pc=0x000001cc336185c8 sp=0x0000000a0d2fe2f0
Event: 19.954 Thread 0x000001cc4bc73ff0 DEOPT UNPACKING pc=0x000001cc32df69a3 sp=0x0000000a0d2fe2a0 mode 2
Event: 19.954 Thread 0x000001cc4bc73ff0 Uncommon trap: trap_request=0xffffffd6 fr.pc=0x000001cc336185c8 relative=0x0000000000004448
Event: 19.955 Thread 0x000001cc4bc73ff0 Uncommon trap: reason=array_check action=maybe_recompile pc=0x000001cc336185c8 method=androidx.compose.runtime.collection.MutableVector.add(Ljava/lang/Object;)Z @ 19 c2
Event: 19.955 Thread 0x000001cc4bc73ff0 DEOPT PACKING pc=0x000001cc336185c8 sp=0x0000000a0d2fe2f0
Event: 19.955 Thread 0x000001cc4bc73ff0 DEOPT UNPACKING pc=0x000001cc32df69a3 sp=0x0000000a0d2fe2a0 mode 2

Classes unloaded (0 events):
No events

Classes redefined (0 events):
No events

Internal exceptions (20 events):
Event: 0.474 Thread 0x000001cc225b6280 Exception <a 'java/io/FileNotFoundException'{0x00000007122b9c28}> (0x00000007122b9c28) 
thrown [s\src\hotspot\share\prims\jni.cpp, line 516]
Event: 0.854 Thread 0x000001cc4bc73ff0 Exception <a 'java/lang/NoSuchMethodError'{0x00000007123e5a20}: 'java.lang.Object java.lang.invoke.DirectMethodHandle$Holder.invokeStaticInit(java.lang.Object, int, int, int, int)'> (0x00000007123e5a20) 
thrown [s\src\hotspot\share\interpreter\linkResolver.cpp, line 759]
Event: 0.940 Thread 0x000001cc4bc73ff0 Exception <a 'java/lang/NoSuchMethodError'{0x00000007120b7590}: 'java.lang.Object java.lang.invoke.DirectMethodHandle$Holder.invokeStaticInit(java.lang.Object, java.lang.Object, int, int, int, int)'> (0x00000007120b7590) 
thrown [s\src\hotspot\share\interpreter\linkResolver.cpp, line 759]
Event: 1.089 Thread 0x000001cc4bc73ff0 Exception <a 'java/lang/NoSuchMethodError'{0x0000000711c0d220}: 'double java.lang.invoke.DirectMethodHandle$Holder.invokeStatic(java.lang.Object, double)'> (0x0000000711c0d220) 
thrown [s\src\hotspot\share\interpreter\linkResolver.cpp, line 759]
Event: 1.090 Thread 0x000001cc4bc73ff0 Exception <a 'java/lang/NoSuchMethodError'{0x0000000711c10c80}: 'double java.lang.invoke.DirectMethodHandle$Holder.invokeStaticInit(java.lang.Object, double)'> (0x0000000711c10c80) 
thrown [s\src\hotspot\share\interpreter\linkResolver.cpp, line 759]
Event: 1.109 Thread 0x000001cc4bc73ff0 Exception <a 'java/lang/NoSuchMethodError'{0x0000000711c58db0}: 'java.lang.Object java.lang.invoke.DirectMethodHandle$Holder.newInvokeSpecial(java.lang.Object, double)'> (0x0000000711c58db0) 
thrown [s\src\hotspot\share\interpreter\linkResolver.cpp, line 759]
Event: 1.656 Thread 0x000001cc4bc73ff0 Exception <a 'java/lang/NoSuchMethodError'{0x0000000710fe1a38}: 'void java.lang.invoke.DirectMethodHandle$Holder.invokeSpecial(java.lang.Object, java.lang.Object, java.lang.Object)'> (0x0000000710fe1a38) 
thrown [s\src\hotspot\share\interpreter\linkResolver.cpp, line 759]
Event: 1.671 Thread 0x000001cc4bc73ff0 Exception <a 'java/lang/NoSuchMethodError'{0x0000000710c0c680}: 'java.lang.Object java.lang.invoke.DirectMethodHandle$Holder.newInvokeSpecial(java.lang.Object, java.lang.Object, java.lang.Object, java.lang.Object, java.lang.Object)'> (0x0000000710c0c680) 
thrown [s\src\hotspot\share\interpreter\linkResolver.cpp, line 759]
Event: 1.674 Thread 0x000001cc4bc73ff0 Exception <a 'java/lang/NoSuchMethodError'{0x0000000710c182f0}: 'java.lang.Object java.lang.invoke.DirectMethodHandle$Holder.invokeStatic(java.lang.Object, int, java.lang.Object, java.lang.Object, java.lang.Object, java.lang.Object)'> (0x0000000710c182f0) 
thrown [s\src\hotspot\share\interpreter\linkResolver.cpp, line 759]
Event: 1.679 Thread 0x000001cc4bc73ff0 Exception <a 'java/lang/NoSuchMethodError'{0x0000000710c3dd58}: 'java.lang.Object java.lang.invoke.DirectMethodHandle$Holder.invokeStatic(java.lang.Object, int, java.lang.Object)'> (0x0000000710c3dd58) 
thrown [s\src\hotspot\share\interpreter\linkResolver.cpp, line 759]
Event: 1.722 Thread 0x000001cc4bc73ff0 Exception <a 'java/lang/ClassNotFoundException'{0x0000000710cfa3a8}: com/sun/swing/internal/plaf/metal/resources/spi/metalProvider> (0x0000000710cfa3a8) 
thrown [s\src\hotspot\share\classfile\systemDictionary.cpp, line 256]
Event: 1.723 Thread 0x000001cc4bc73ff0 Exception <a 'java/lang/ClassNotFoundException'{0x0000000710cfe348}: com/sun/swing/internal/plaf/basic/resources/spi/basicProvider> (0x0000000710cfe348) 
thrown [s\src\hotspot\share\classfile\systemDictionary.cpp, line 256]
Event: 1.736 Thread 0x000001cc4bc73ff0 Implicit null exception at 0x000001cc3336b410 to 0x000001cc3336b7e4
Event: 1.736 Thread 0x000001cc4bc73ff0 Implicit null exception at 0x000001cc33367f10 to 0x000001cc333682c8
Event: 1.776 Thread 0x000001cc4bc73ff0 Exception <a 'java/lang/NoSuchMethodError'{0x0000000710a0f238}: 'void java.lang.invoke.DirectMethodHandle$Holder.invokeStatic(java.lang.Object, java.lang.Object, java.lang.Object)'> (0x0000000710a0f238) 
thrown [s\src\hotspot\share\interpreter\linkResolver.cpp, line 759]
Event: 1.898 Thread 0x000001cc4bc73ff0 Exception <a 'java/lang/NoSuchMethodError'{0x00000007108d6118}: 'void java.lang.invoke.DirectMethodHandle$Holder.invokeStaticInit(java.lang.Object)'> (0x00000007108d6118) 
thrown [s\src\hotspot\share\interpreter\linkResolver.cpp, line 759]
Event: 2.113 Thread 0x000001cc4bc73ff0 Exception <a 'java/lang/NoSuchMethodError'{0x0000000712131718}: 'int java.lang.invoke.DirectMethodHandle$Holder.invokeStaticInit(java.lang.Object, java.lang.Object, java.lang.Object)'> (0x0000000712131718) 
thrown [s\src\hotspot\share\interpreter\linkResolver.cpp, line 759]
Event: 2.546 Thread 0x000001cc4bbefcc0 Exception <a 'java/lang/NoSuchMethodError'{0x0000000710a00be8}: 'void java.lang.invoke.DirectMethodHandle$Holder.invokeVirtual(java.lang.Object, java.lang.Object)'> (0x0000000710a00be8) 
thrown [s\src\hotspot\share\interpreter\linkResolver.cpp, line 759]
Event: 5.597 Thread 0x000001cc4bc73ff0 Exception <a 'java/lang/NoSuchMethodError'{0x0000000704ba4290}: 'int java.lang.invoke.DirectMethodHandle$Holder.invokeStaticInit(java.lang.Object, long, long)'> (0x0000000704ba4290) 
thrown [s\src\hotspot\share\interpreter\linkResolver.cpp, line 759]
Event: 6.159 Thread 0x000001cc4bc73ff0 Exception <a 'java/lang/NoSuchMethodError'{0x000000070fbef4b0}: 'java.lang.Object java.lang.invoke.DirectMethodHandle$Holder.newInvokeSpecial(java.lang.Object, int, java.lang.Object)'> (0x000000070fbef4b0) 
thrown [s\src\hotspot\share\interpreter\linkResolver.cpp, line 759]

VM Operations (20 events):
Event: 26.463 Executing VM operation: Cleanup
Event: 26.463 Executing VM operation: Cleanup done
Event: 27.469 Executing VM operation: Cleanup
Event: 27.469 Executing VM operation: Cleanup done
Event: 28.483 Executing VM operation: Cleanup
Event: 28.483 Executing VM operation: Cleanup done
Event: 31.463 Executing VM operation: G1CollectFull
Event: 31.493 Executing VM operation: G1CollectFull done
Event: 32.504 Executing VM operation: Cleanup
Event: 32.504 Executing VM operation: Cleanup done
Event: 33.511 Executing VM operation: Cleanup
Event: 33.511 Executing VM operation: Cleanup done
Event: 35.519 Executing VM operation: Cleanup
Event: 35.519 Executing VM operation: Cleanup done
Event: 39.551 Executing VM operation: Cleanup
Event: 39.551 Executing VM operation: Cleanup done
Event: 43.585 Executing VM operation: Cleanup
Event: 43.585 Executing VM operation: Cleanup done
Event: 48.625 Executing VM operation: Cleanup
Event: 48.626 Executing VM operation: Cleanup done

Events (20 events):
Event: 25.467 Thread 0x000001cc4b03e930 flushing nmethod 0x000001cc2c11b890
Event: 25.467 Thread 0x000001cc4b03e930 flushing nmethod 0x000001cc2c11f090
Event: 25.467 Thread 0x000001cc4b03e930 flushing nmethod 0x000001cc2c125f10
Event: 25.467 Thread 0x000001cc4b03e930 flushing nmethod 0x000001cc2c137490
Event: 25.467 Thread 0x000001cc4b03e930 flushing nmethod 0x000001cc2c161110
Event: 25.467 Thread 0x000001cc4b03e930 flushing nmethod 0x000001cc2c162e10
Event: 25.467 Thread 0x000001cc4b03e930 flushing nmethod 0x000001cc2c16b610
Event: 25.468 Thread 0x000001cc4b03e930 flushing nmethod 0x000001cc2c194c10
Event: 25.468 Thread 0x000001cc4b03e930 flushing nmethod 0x000001cc2c1dbd10
Event: 25.468 Thread 0x000001cc4b03e930 flushing nmethod 0x000001cc2c1de090
Event: 25.468 Thread 0x000001cc4b03e930 flushing nmethod 0x000001cc2c1f7090
Event: 25.468 Thread 0x000001cc4b03e930 flushing nmethod 0x000001cc2c209390
Event: 25.468 Thread 0x000001cc4b03e930 flushing nmethod 0x000001cc2c2a1190
Event: 50.802 loading class jdk/internal/misc/Signal$1
Event: 50.802 loading class jdk/internal/misc/Signal$1 done
Event: 50.802 Thread 0x000001cc4c741d10 Thread added: 0x000001cc4c741d10
Event: 50.803 Thread 0x000001cc4c744390 Thread added: 0x000001cc4c744390
Event: 50.803 Thread 0x000001cc4c745200 Thread added: 0x000001cc4c745200
Event: 50.803 Thread 0x000001cc4c746a10 Thread added: 0x000001cc4c746a10
Event: 50.804 Thread 0x000001cc4c746a10 Thread exited: 0x000001cc4c746a10


Dynamic libraries:
0x00007ff7eeda0000 - 0x00007ff7eedad000 	C:\Users\HP\.jdks\corretto-17.0.7\bin\java.exe
0x00007ffee9b50000 - 0x00007ffee9d48000 	C:\Windows\SYSTEM32\ntdll.dll
0x00007ffee90d0000 - 0x00007ffee918f000 	C:\Windows\System32\KERNEL32.DLL
0x00007ffee7790000 - 0x00007ffee7a86000 	C:\Windows\System32\KERNELBASE.dll
0x00007ffee7410000 - 0x00007ffee7510000 	C:\Windows\System32\ucrtbase.dll
0x00007ffeced70000 - 0x00007ffeced85000 	C:\Users\HP\.jdks\corretto-17.0.7\bin\VCRUNTIME140.dll
0x00007ffedbcc0000 - 0x00007ffedbcd7000 	C:\Users\HP\.jdks\corretto-17.0.7\bin\jli.dll
0x00007ffecd150000 - 0x00007ffecd3ea000 	C:\Windows\WinSxS\amd64_microsoft.windows.common-controls_6595b64144ccf1df_6.0.19041.1110_none_60b5254171f9507e\COMCTL32.dll
0x00007ffee9970000 - 0x00007ffee9b0d000 	C:\Windows\System32\USER32.dll
0x00007ffee8310000 - 0x00007ffee83ae000 	C:\Windows\System32\msvcrt.dll
0x00007ffee90a0000 - 0x00007ffee90cc000 	C:\Windows\System32\GDI32.dll
0x00007ffee76c0000 - 0x00007ffee76e2000 	C:\Windows\System32\win32u.dll
0x00007ffee7a90000 - 0x00007ffee7ba5000 	C:\Windows\System32\gdi32full.dll
0x00007ffee72c0000 - 0x00007ffee735d000 	C:\Windows\System32\msvcp_win.dll
0x00007ffee8600000 - 0x00007ffee8630000 	C:\Windows\System32\IMM32.DLL
0x00007ffec1e20000 - 0x00007ffec1ebb000 	C:\Users\HP\.jdks\corretto-17.0.7\bin\msvcp140.dll
0x00007ffea5510000 - 0x00007ffea612a000 	C:\Users\HP\.jdks\corretto-17.0.7\bin\server\jvm.dll
0x00007ffee8630000 - 0x00007ffee86df000 	C:\Windows\System32\ADVAPI32.dll
0x00007ffee8560000 - 0x00007ffee85fc000 	C:\Windows\System32\sechost.dll
0x00007ffee7d70000 - 0x00007ffee7e96000 	C:\Windows\System32\RPCRT4.dll
0x00007ffee0fa0000 - 0x00007ffee0fa9000 	C:\Windows\SYSTEM32\WSOCK32.dll
0x00007ffecca00000 - 0x00007ffecca27000 	C:\Windows\SYSTEM32\WINMM.dll
0x00007ffee8e70000 - 0x00007ffee8edb000 	C:\Windows\System32\WS2_32.dll
0x00007ffedb320000 - 0x00007ffedb32a000 	C:\Windows\SYSTEM32\VERSION.dll
0x00007ffee5a20000 - 0x00007ffee5a32000 	C:\Windows\SYSTEM32\kernel.appcore.dll
0x00007ffedf290000 - 0x00007ffedf29a000 	C:\Users\HP\.jdks\corretto-17.0.7\bin\jimage.dll
0x00007ffee1f40000 - 0x00007ffee2124000 	C:\Windows\SYSTEM32\DBGHELP.DLL
0x00007ffecec70000 - 0x00007ffececa4000 	C:\Windows\SYSTEM32\dbgcore.DLL
0x00007ffee7230000 - 0x00007ffee72b2000 	C:\Windows\System32\bcryptPrimitives.dll
0x00007ffedf230000 - 0x00007ffedf23e000 	C:\Users\HP\.jdks\corretto-17.0.7\bin\instrument.dll
0x00007ffeca980000 - 0x00007ffeca9a5000 	C:\Users\HP\.jdks\corretto-17.0.7\bin\java.dll
0x00007ffebaa40000 - 0x00007ffebab16000 	C:\Users\HP\.jdks\corretto-17.0.7\bin\jsvml.dll
0x00007ffee9190000 - 0x00007ffee98d4000 	C:\Windows\System32\SHELL32.dll
0x00007ffee2130000 - 0x00007ffee28c4000 	C:\Windows\SYSTEM32\windows.storage.dll
0x00007ffee8890000 - 0x00007ffee8be4000 	C:\Windows\System32\combase.dll
0x00007ffee6ab0000 - 0x00007ffee6ade000 	C:\Windows\SYSTEM32\Wldp.dll
0x00007ffee8f90000 - 0x00007ffee903d000 	C:\Windows\System32\SHCORE.dll
0x00007ffee9040000 - 0x00007ffee9095000 	C:\Windows\System32\shlwapi.dll
0x00007ffee7160000 - 0x00007ffee7185000 	C:\Windows\SYSTEM32\profapi.dll
0x00007ffec7110000 - 0x00007ffec7128000 	C:\Users\HP\.jdks\corretto-17.0.7\bin\zip.dll
0x00007ffeca7f0000 - 0x00007ffeca809000 	C:\Users\HP\.jdks\corretto-17.0.7\bin\net.dll
0x00007ffed8570000 - 0x00007ffed867a000 	C:\Windows\SYSTEM32\WINHTTP.dll
0x00007ffee6890000 - 0x00007ffee68fa000 	C:\Windows\system32\mswsock.dll
0x00007ffec73c0000 - 0x00007ffec73d5000 	C:\Users\HP\.jdks\corretto-17.0.7\bin\nio.dll
0x00007ffedd130000 - 0x00007ffedd14a000 	C:\Program Files\JetBrains\IntelliJ IDEA Community Edition 2021.3.2\bin\breakgen64.dll
0x00007ffea9440000 - 0x00007ffea95e9000 	C:\Users\HP\.jdks\corretto-17.0.7\bin\awt.dll
0x00007ffee87c0000 - 0x00007ffee888d000 	C:\Windows\System32\OLEAUT32.dll
0x00007ffee0ec0000 - 0x00007ffee0f51000 	C:\Windows\SYSTEM32\apphelp.dll
0x00007ffee1180000 - 0x00007ffee121e000 	C:\Windows\system32\uxtheme.dll
0x00007ffee8440000 - 0x00007ffee8554000 	C:\Windows\System32\MSCTF.dll
0x00007ffee8c00000 - 0x00007ffee8d2a000 	C:\Windows\System32\ole32.dll
0x00007ffee1320000 - 0x00007ffee134f000 	C:\Windows\system32\DWMAPI.DLL
0x00007ffeb5d50000 - 0x00007ffeb5e75000 	C:\Windows\system32\opengl32.dll
0x00007ffeb67f0000 - 0x00007ffeb681c000 	C:\Windows\SYSTEM32\GLU32.dll
0x00007ffee6af0000 - 0x00007ffee6b08000 	C:\Windows\SYSTEM32\CRYPTSP.dll
0x00007ffee61d0000 - 0x00007ffee6204000 	C:\Windows\system32\rsaenh.dll
0x00007ffee7760000 - 0x00007ffee7787000 	C:\Windows\System32\bcrypt.dll
0x00007ffee7120000 - 0x00007ffee714e000 	C:\Windows\SYSTEM32\USERENV.dll
0x00007ffee6a20000 - 0x00007ffee6a2c000 	C:\Windows\SYSTEM32\CRYPTBASE.dll
0x00007ffee65a0000 - 0x00007ffee65dc000 	C:\Windows\SYSTEM32\IPHLPAPI.DLL
0x00007ffee7d60000 - 0x00007ffee7d68000 	C:\Windows\System32\NSI.dll
0x00007ffeda430000 - 0x00007ffeda447000 	C:\Windows\SYSTEM32\dhcpcsvc6.DLL
0x00007ffed8d80000 - 0x00007ffed8d9d000 	C:\Windows\SYSTEM32\dhcpcsvc.DLL
0x00007ffee65e0000 - 0x00007ffee66aa000 	C:\Windows\SYSTEM32\DNSAPI.dll
0x00007ffe9d3a0000 - 0x00007ffe9e3ec000 	C:\Users\HP\.skiko\0de0d8dd8554d9bb66cfca3837db6514ff9b71080e998917280a3b777460a416\skiko-windows-x64.dll
0x00007ffec27c0000 - 0x00007ffec2843000 	C:\Users\HP\.jdks\corretto-17.0.7\bin\freetype.dll
0x00007ffeb9a50000 - 0x00007ffeb9b12000 	C:\Users\HP\.jdks\corretto-17.0.7\bin\fontmanager.dll
0x00007ffedd5a0000 - 0x00007ffedd5a7000 	C:\Users\HP\.jdks\corretto-17.0.7\bin\jawt.dll
0x00007ffee5a90000 - 0x00007ffee5b83000 	C:\Windows\SYSTEM32\Dxgi.dll
0x00007ffedc060000 - 0x00007ffedc080000 	C:\Windows\SYSTEM32\D3D12.dll
0x00007ffea90c0000 - 0x00007ffea928d000 	C:\Windows\SYSTEM32\D3D12Core.dll
0x00007ffeda9e0000 - 0x00007ffedaa1b000 	C:\Windows\SYSTEM32\dxcore.dll
0x00007ffee7670000 - 0x00007ffee76be000 	C:\Windows\System32\cfgmgr32.dll
0x00007ffed4390000 - 0x00007ffed6fa9000 	C:\Windows\System32\DriverStore\FileRepository\igdlh64.inf_amd64_e6daaea9afe1e6f6\igc64.dll
0x00007ffe72ab0000 - 0x00007ffe73f83000 	C:\Windows\System32\DriverStore\FileRepository\igdlh64.inf_amd64_e6daaea9afe1e6f6\igd12umd64.dll
0x00007ffeda000000 - 0x00007ffeda257000 	C:\Windows\System32\DriverStore\FileRepository\igdlh64.inf_amd64_e6daaea9afe1e6f6\igdgmm64.dll
0x00007ffea4da0000 - 0x00007ffea51ab000 	C:\Windows\System32\DriverStore\FileRepository\igdlh64.inf_amd64_e6daaea9afe1e6f6\igdml64.dll
0x00007ffedba30000 - 0x00007ffedba5b000 	C:\Windows\SYSTEM32\D3DSCache.dll
0x00007ffe51780000 - 0x00007ffe55f82000 	C:\Windows\System32\DriverStore\FileRepository\igdlh64.inf_amd64_e6daaea9afe1e6f6\igd12dxva64.dll
0x00007ffee7ea0000 - 0x00007ffee830e000 	C:\Windows\System32\SETUPAPI.dll
0x00007ffe96bf0000 - 0x00007ffe96c17000 	C:\Windows\System32\DriverStore\FileRepository\igdlh64.inf_amd64_e6daaea9afe1e6f6\igdinfo64.dll
0x00007ffeddf50000 - 0x00007ffede157000 	C:\Windows\SYSTEM32\twinapi.appcore.dll
0x00007ffee8ee0000 - 0x00007ffee8f89000 	C:\Windows\System32\clbcatq.dll
0x00007ffe744c0000 - 0x00007ffe75492000 	C:\Windows\System32\DriverStore\FileRepository\igdlh64.inf_amd64_e6daaea9afe1e6f6\ig9icd64.dll
0x00007ffee7090000 - 0x00007ffee70db000 	C:\Windows\SYSTEM32\powrprof.dll
0x00007ffee7070000 - 0x00007ffee7082000 	C:\Windows\SYSTEM32\UMPDC.dll
0x00007ffed2250000 - 0x00007ffed24cf000 	C:\Windows\SYSTEM32\dwrite.dll
0x00007ffed3ec0000 - 0x00007ffed3fb9000 	C:\Windows\SYSTEM32\textinputframework.dll
0x00007ffee0460000 - 0x00007ffee07be000 	C:\Windows\System32\CoreUIComponents.dll
0x00007ffee0b40000 - 0x00007ffee0c32000 	C:\Windows\System32\CoreMessaging.dll
0x00007ffee62f0000 - 0x00007ffee6323000 	C:\Windows\SYSTEM32\ntmarta.dll
0x00007ffedf450000 - 0x00007ffedf5a4000 	C:\Windows\SYSTEM32\wintypes.dll
0x00007ffea2470000 - 0x00007ffea2d22000 	C:\Users\HP\AppData\Local\io-realm-kotlin\f7113120ba00ba1ff91d696eecd3919e85a4e34e\realmc.dll
0x00007ffee7510000 - 0x00007ffee766e000 	C:\Windows\System32\CRYPT32.dll

dbghelp: loaded successfully - version: 4.0.5 - missing functions: none
symbol engine: initialized successfully - sym options: 0x614 - pdb path: .;C:\Users\HP\.jdks\corretto-17.0.7\bin;C:\Windows\SYSTEM32;C:\Windows\WinSxS\amd64_microsoft.windows.common-controls_6595b64144ccf1df_6.0.19041.1110_none_60b5254171f9507e;C:\Users\HP\.jdks\corretto-17.0.7\bin\server;C:\Program Files\JetBrains\IntelliJ IDEA Community Edition 2021.3.2\bin;C:\Users\HP\.skiko\0de0d8dd8554d9bb66cfca3837db6514ff9b71080e998917280a3b777460a416;C:\Windows\System32\DriverStore\FileRepository\igdlh64.inf_amd64_e6daaea9afe1e6f6;C:\Users\HP\AppData\Local\io-realm-kotlin\f7113120ba00ba1ff91d696eecd3919e85a4e34e

VM Arguments:
jvm_args: -Djava.library.path=C:\Users\HP\Desktop\newderar\build\classes\kotlin\jvm\main;C:\Users\HP\Desktop\newderar\build\processedResources\jvm\main -javaagent:C:\Program Files\JetBrains\IntelliJ IDEA Community Edition 2021.3.2\lib\idea_rt.jar=54357:C:\Program Files\JetBrains\IntelliJ IDEA Community Edition 2021.3.2\bin -Dfile.encoding=UTF-8 
java_command: MainKt
java_class_path (initial): C:\Users\HP\Desktop\newderar\build\classes\kotlin\jvm\main;C:\Users\HP\Desktop\newderar\build\processedResources\jvm\main;C:\Users\HP\.gradle\caches\modules-2\files-2.1\io.insert-koin\koin-androidx-compose\3.4.5\ae0a88b7a68d507e651c5a3d70a541594bea54cb\koin-androidx-compose-3.4.5.aar;C:\Users\HP\.gradle\caches\modules-2\files-2.1\androidx.navigation\navigation-compose\2.6.0\3f8ce7b0bad21cced0c47b42b6347c65a6e422c3\navigation-compose-2.6.0.aar;C:\Users\HP\.gradle\caches\modules-2\files-2.1\org.jetbrains.kotlin\kotlin-stdlib-jdk8\1.8.21\67f57e154437cd9e6e9cf368394b95814836ff88\kotlin-stdlib-jdk8-1.8.21.jar;C:\Users\HP\.gradle\caches\modules-2\files-2.1\org.apache.poi\poi-ooxml\4.1.2\87d9a22aa9a7dd26e80c360e709f7ee02e32ab3b\poi-ooxml-4.1.2.jar;C:\Users\HP\.gradle\caches\modules-2\files-2.1\org.apache.poi\poi\4.1.2\964bf41cf68bce08e4ef6b2279b559fdf8d454f4\poi-4.1.2.jar;C:\Users\HP\.gradle\caches\modules-2\files-2.1\org.lwjgl\lwjgl-nfd\3.3.1\622318116996ddcff449b46cb38f0fdee39b8ac3\lwjgl-nfd-3.3.1.jar;C:\Users\HP\.gradle\caches\modules-2\files-2.1\org.lwjgl\lwjgl-nfd\3.3.1\2e007667e04ed3281152ae5c6e677fb1c2211691\lwjgl-nfd-3.3.1-natives-linux.jar;C:\Users\HP\.gradle\caches\modules-2\files-2.1\org.lwjgl\lwjgl\3.3.1\ae58664f88e18a9bb2c77b063833ca7aaec484cb\lwjgl-3.3.1.jar;C:\Users\HP\.gradle\caches\modules-2\files-2.1\io.insert-koin\koin-android\3.4.0\48715fbe06102a59a30bd45b06ed2400c16c6f45\koin-android-3.4.0.aar;C:\Users\HP\.gradle\caches\modules-2\files-2.1\org.lwjgl\lwjgl-nfd\3.3.1\b3e04e317f55dd738d8a345cdafd15b39f85a2ea\lwjgl-nfd-3.3.1-natives-linux-arm32.jar;C:\Users\HP\.gradle\caches\modules-2\files-2.1\androidx.lifecycle\lifecycle-viewmodel-compose\2.6.1\38cf3bb65ff3e0e5c3d63de2ebf5411d0898108c\lifecycle-viewmodel-compose-2.6.1.aar;C:\Users\HP\.gradle\caches\modules-2\files-2.1\org.lwjgl\lwjgl-nfd\3.3.1\f41dc62336f7ee4ab35705cfa440cc903d199165\lwjgl-nfd-3.3.1-natives-linux-arm64.jar;C:\Users\HP\.gradle\caches\modules-2\files-2.1\androi
Launcher Type: SUN_STANDARD

[Global flags]
     intx CICompilerCount                          = 3                                         {product} {ergonomic}
     uint ConcGCThreads                            = 1                                         {product} {ergonomic}
     uint G1ConcRefinementThreads                  = 4                                         {product} {ergonomic}
   size_t G1HeapRegionSize                         = 2097152                                   {product} {ergonomic}
    uintx GCDrainStackTargetSize                   = 64                                        {product} {ergonomic}
   size_t InitialHeapSize                          = 266338304                                 {product} {ergonomic}
   size_t MarkStackSize                            = 4194304                                   {product} {ergonomic}
   size_t MaxHeapSize                              = 4255121408                                {product} {ergonomic}
   size_t MaxNewSize                               = 2552233984                                {product} {ergonomic}
   size_t MinHeapDeltaBytes                        = 2097152                                   {product} {ergonomic}
   size_t MinHeapSize                              = 8388608                                   {product} {ergonomic}
    uintx NonNMethodCodeHeapSize                   = 5832780                                {pd product} {ergonomic}
    uintx NonProfiledCodeHeapSize                  = 122912730                              {pd product} {ergonomic}
    uintx ProfiledCodeHeapSize                     = 122912730                              {pd product} {ergonomic}
    uintx ReservedCodeCacheSize                    = 251658240                              {pd product} {ergonomic}
     bool SegmentedCodeCache                       = true                                      {product} {ergonomic}
   size_t SoftMaxHeapSize                          = 4255121408                             {manageable} {ergonomic}
     bool UseCompressedClassPointers               = true                           {product lp64_product} {ergonomic}
     bool UseCompressedOops                        = true                           {product lp64_product} {ergonomic}
     bool UseG1GC                                  = true                                      {product} {ergonomic}
     bool UseLargePagesIndividualAllocation        = false                                  {pd product} {ergonomic}

Logging:
Log output configuration:
 #0: stdout all=warning uptime,level,tags
 #1: stderr all=off uptime,level,tags

Environment Variables:
PATH=C:\Program Files\Common Files\Oracle\Java\javapath;C:\Program Files (x86)\Common Files\Oracle\Java\javapath;C:\Windows\system32;C:\Windows;C:\Windows\System32\Wbem;C:\Windows\System32\WindowsPowerShell\v1.0\;C:\Windows\System32\OpenSSH\;C:\xampp\php;C:\ProgramData\ComposerSetup\bin;C:\Program Files\nodejs\;C:\Program Files (x86)\Intel\Intel(R) Management Engine Components\DAL;C:\Program Files\Intel\Intel(R) Management Engine Components\DAL;C:\Program Files\Git\cmd;C:\Program Files\Fortect;C:\Users\HP\AppData\Local\Microsoft\WindowsApps;C:\Program Files\JetBrains\IntelliJ IDEA Community Edition 2021.3.2\bin;C:\Users\HP\AppData\Local\Programs\Microsoft VS Code\bin;C:\Users\HP\AppData\Local\JetBrains\Toolbox\scripts;C:\Users\HP\AppData\Local\GitHubDesktop\bin;C:\Users\HP\Desktop\camp\flutter_windows_3.7.6-stable\flutter\bin;C:\Users\HP\AppData\Roaming\Composer\vendor\bin;C:\Users\HP\AppData\Roaming\npm
USERNAME=HP
OS=Windows_NT
PROCESSOR_IDENTIFIER=Intel64 Family 6 Model 142 Stepping 9, GenuineIntel
TMP=C:\Users\HP\AppData\Local\Temp
TEMP=C:\Users\HP\AppData\Local\Temp



---------------  S Y S T E M  ---------------

OS:
 Windows 10 , 64 bit Build 19041 (10.0.19041.3155)
OS uptime: 2 days 14:15 hours
Hyper-V role detected

CPU: total 4 (initial active 4) (2 cores per cpu, 2 threads per core) family 6 model 142 stepping 9 microcode 0xf2, cx8, cmov, fxsr, ht, mmx, 3dnowpref, sse, sse2, sse3, ssse3, sse4.1, sse4.2, popcnt, lzcnt, tsc, tscinvbit, avx, avx2, aes, erms, clmul, bmi1, bmi2, rtm, adx, fma, vzeroupper, clflush, clflushopt, hv

Memory: 4k page, system-wide physical 16224M (5625M free)
TotalPageFile size 32096M (AvailPageFile size 19777M)
current process WorkingSet (physical memory assigned to process): 270M, peak: 302M
current process commit charge ("private bytes"): 285M, peak: 430M

vm_info: OpenJDK 64-Bit Server VM (17.0.7+7-LTS) for windows-amd64 JRE (17.0.7+7-LTS), built on Apr 14 2023 01:39:21 by "Administrator" with MS VC++ 15.9 (VS2017)

END.
