#
# A fatal error has been detected by the Java Runtime Environment:
#
#  EXCEPTION_ACCESS_VIOLATION (0xc0000005) at pc=0x00007ffe74e7ebe3, pid=19160, tid=6156
#
# JRE version: OpenJDK Runtime Environment Corretto-17.0.7.7.1 (17.0.7+7) (build 17.0.7+7-LTS)
# Java VM: OpenJDK 64-Bit Server VM Corretto-17.0.7.7.1 (17.0.7+7-LTS, mixed mode, sharing, tiered, compressed oops, compressed class ptrs, g1 gc, windows-amd64)
# Problematic frame:
# C  [ig9icd64.dll+0x9bebe3]
#
# No core dump will be written. Minidumps are not enabled by default on client versions of Windows
#
# If you would like to submit a bug report, please visit:
#   https://github.com/corretto/corretto-17/issues/
# The crash happened outside the Java Virtual Machine in native code.
# See problematic frame for where to report the bug.
#

---------------  S U M M A R Y ------------

Command Line: -Djava.library.path=C:\Users\HP\Desktop\newderar\build\classes\kotlin\jvm\main;C:\Users\HP\Desktop\newderar\build\processedResources\jvm\main -javaagent:C:\Program Files\JetBrains\IntelliJ IDEA Community Edition 2021.3.2\lib\idea_rt.jar=53763:C:\Program Files\JetBrains\IntelliJ IDEA Community Edition 2021.3.2\bin -Dfile.encoding=UTF-8 MainKt

Host: Intel(R) Core(TM) i5-7300U CPU @ 2.60GHz, 4 cores, 15G,  Windows 10 , 64 bit Build 19041 (10.0.19041.3155)
Time: Sat Jul  8 17:35:24 2023 Libya Standard Time elapsed time: 101.375425 seconds (0d 0h 1m 41s)

---------------  T H R E A D  ---------------

Current thread (0x000001b51ea6db20):  JavaThread "AWT-EventQueue-0" [_thread_in_native, id=6156, stack(0x0000000a6f300000,0x0000000a6f400000)]

Stack: [0x0000000a6f300000,0x0000000a6f400000],  sp=0x0000000a6f3fc9e8,  free space=1010k
Native frames: (J=compiled Java code, j=interpreted, Vv=VM code, C=native code)
C  [ig9icd64.dll+0x9bebe3]

Java frames: (J=compiled Java code, j=interpreted, Vv=VM code)
J 4959  org.jetbrains.skia.DirectContextKt.DirectContext_nFlush(J)V (0 bytes) @ 0x000001b507d43169 [0x000001b507d43120+0x0000000000000049]
J 5602 c2 org.jetbrains.skiko.redrawer.WindowsOpenGLRedrawer$Companion$frameDispatcher$1.invokeSuspend(Ljava/lang/Object;)Ljava/lang/Object; (379 bytes) @ 0x000001b507e6f2a8 [0x000001b507e6dc00+0x00000000000016a8]
J 5601 c2 org.jetbrains.skiko.FrameDispatcher$job$1.invokeSuspend(Ljava/lang/Object;)Ljava/lang/Object; (156 bytes) @ 0x000001b507e6b8d0 [0x000001b507e6b6a0+0x0000000000000230]
J 4826 c2 kotlin.coroutines.jvm.internal.BaseContinuationImpl.resumeWith(Ljava/lang/Object;)V (128 bytes) @ 0x000001b507d18d00 [0x000001b507d18ca0+0x0000000000000060]
J 4909 c2 kotlinx.coroutines.DispatchedTask.run()V (571 bytes) @ 0x000001b507d26d70 [0x000001b507d269c0+0x00000000000003b0]
J 4977 c2 java.awt.EventQueue$4.run()Ljava/lang/Void; java.desktop@17.0.7 (60 bytes) @ 0x000001b507d68bcc [0x000001b507d68820+0x00000000000003ac]
J 5096 c2 java.awt.EventDispatchThread.pumpOneEventForFilters(I)V java.desktop@17.0.7 (113 bytes) @ 0x000001b507de27c4 [0x000001b507de2160+0x0000000000000664]
j  java.awt.EventDispatchThread.pumpEventsForFilter(ILjava/awt/Conditional;Ljava/awt/EventFilter;)V+35 java.desktop@17.0.7
j  java.awt.EventDispatchThread.pumpEventsForHierarchy(ILjava/awt/Conditional;Ljava/awt/Component;)V+11 java.desktop@17.0.7
j  java.awt.EventDispatchThread.pumpEvents(ILjava/awt/Conditional;)V+4 java.desktop@17.0.7
j  java.awt.EventDispatchThread.pumpEvents(Ljava/awt/Conditional;)V+3 java.desktop@17.0.7
j  java.awt.EventDispatchThread.run()V+9 java.desktop@17.0.7
v  ~StubRoutines::call_stub

siginfo: EXCEPTION_ACCESS_VIOLATION (0xc0000005), reading address 0xffffffffffffffff


Register to memory mapping:

RIP=0x00007ffe74e7ebe3 ig9icd64.dll
RAX=0x000000000fff0fff is an unknown value
RBX=0x00007ffe744c0000 ig9icd64.dll
RCX=0x000000033fcf3fcc is an unknown value
RDX=0x0000000a6f3fcf00 is pointing into the stack for thread: 0x000001b51ea6db20
RSP=0x0000000a6f3fc9e8 is pointing into the stack for thread: 0x000001b51ea6db20
RBP=0x0000000a6f3fcaf0 is pointing into the stack for thread: 0x000001b51ea6db20
RSI=0x000001b5213bc3c0 points into unknown readable memory: 0x000001b51f1ed600 | 00 d6 1e 1f b5 01 00 00
RDI=0x0000000a6f3fccf0 is pointing into the stack for thread: 0x000001b51ea6db20
R8 =0x0000000a6f3fcb20 is pointing into the stack for thread: 0x000001b51ea6db20
R9 =0x0000000a6f3fcf00 is pointing into the stack for thread: 0x000001b51ea6db20
R10=0x0000000a6f3fccf0 is pointing into the stack for thread: 0x000001b51ea6db20
R11=0x0 is NULL
R12=0x00007ffe752f15e0 ig9icd64.dll
R13=0x0 is NULL
R14=0x0 is NULL
R15=0x00000000000001c1 is an unknown value


Registers:
RAX=0x000000000fff0fff, RBX=0x00007ffe744c0000, RCX=0x000000033fcf3fcc, RDX=0x0000000a6f3fcf00
RSP=0x0000000a6f3fc9e8, RBP=0x0000000a6f3fcaf0, RSI=0x000001b5213bc3c0, RDI=0x0000000a6f3fccf0
R8 =0x0000000a6f3fcb20, R9 =0x0000000a6f3fcf00, R10=0x0000000a6f3fccf0, R11=0x0000000000000000
R12=0x00007ffe752f15e0, R13=0x0000000000000000, R14=0x0000000000000000, R15=0x00000000000001c1
RIP=0x00007ffe74e7ebe3, EFLAGS=0x0000000000010206

Top of Stack: (sp=0x0000000a6f3fc9e8)
0x0000000a6f3fc9e8:   00007ffe74e7c31b 0000000000000001
0x0000000a6f3fc9f8:   0000000000000000 000001b52232e600
0x0000000a6f3fca08:   00007ffeda002622 0000000a00000065
0x0000000a6f3fca18:   0000000a6f3fcc20 0000000000000000
0x0000000a6f3fca28:   000001b521c32c20 0000000000000000
0x0000000a6f3fca38:   000001b51f600df0 000001b52232e6d0
0x0000000a6f3fca48:   0000000000001100 0000000000000000
0x0000000a6f3fca58:   0000000000000000 0000000a6f3fcbd0
0x0000000a6f3fca68:   00007ffe74b179c0 0000000000000000
0x0000000a6f3fca78:   0000000000000000 0000000000000000
0x0000000a6f3fca88:   0000000000000000 00009789438b456a
0x0000000a6f3fca98:   00007ffe744d6555 000001b52232e6d0
0x0000000a6f3fcaa8:   0000000000004001 0000000000000000
0x0000000a6f3fcab8:   00007ffee9b7b86b 000000000006000f
0x0000000a6f3fcac8:   00000000000000e8 000001b521c558c0
0x0000000a6f3fcad8:   0000000000000000 0000000000000000 

Instructions: (pc=0x00007ffe74e7ebe3)
0x00007ffe74e7eae3:   c1 75 31 00 48 89 51 08 48 89 01 8b 44 24 28 89
0x00007ffe74e7eaf3:   41 20 8b 44 24 30 89 41 24 48 8b c1 4c 89 41 10
0x00007ffe74e7eb03:   4c 89 49 18 c3 cc cc cc cc cc cc cc cc 48 89 5c
0x00007ffe74e7eb13:   24 08 8b 41 5c 48 8d 1d e1 14 64 ff 41 89 40 08
0x00007ffe74e7eb23:   4c 8b d1 8b 41 60 45 33 db 41 89 40 0c 4c 8b ca
0x00007ffe74e7eb33:   8b 41 64 41 89 40 10 8b 41 68 41 89 40 14 8b 41
0x00007ffe74e7eb43:   6c 41 89 40 18 8b 41 70 41 89 40 1c 48 63 41 74
0x00007ffe74e7eb53:   48 6b c8 34 8b 84 19 44 d1 ee 00 41 89 40 20 8b
0x00007ffe74e7eb63:   84 19 48 d1 ee 00 41 89 40 24 8b 84 19 4c d1 ee
0x00007ffe74e7eb73:   00 41 89 40 28 8b 84 19 50 d1 ee 00 41 89 40 2c
0x00007ffe74e7eb83:   8b 84 19 34 d1 ee 00 41 89 40 30 8b 84 19 38 d1
0x00007ffe74e7eb93:   ee 00 41 89 40 34 8b 84 19 3c d1 ee 00 41 89 40
0x00007ffe74e7eba3:   38 8b 84 19 40 d1 ee 00 41 89 40 3c 8b 84 19 24
0x00007ffe74e7ebb3:   d1 ee 00 41 89 40 40 8b 84 19 28 d1 ee 00 41 89
0x00007ffe74e7ebc3:   40 44 8b 84 19 2c d1 ee 00 41 89 40 48 8b 84 19
0x00007ffe74e7ebd3:   30 d1 ee 00 41 89 40 4c 49 63 42 78 48 6b c8 34
0x00007ffe74e7ebe3:   8b 84 19 44 d1 ee 00 41 89 40 50 8b 84 19 48 d1
0x00007ffe74e7ebf3:   ee 00 41 89 40 54 8b 84 19 4c d1 ee 00 41 89 40
0x00007ffe74e7ec03:   58 8b 84 19 50 d1 ee 00 41 89 40 5c 8b 84 19 34
0x00007ffe74e7ec13:   d1 ee 00 41 89 40 60 8b 84 19 38 d1 ee 00 41 89
0x00007ffe74e7ec23:   40 64 8b 84 19 3c d1 ee 00 41 89 40 68 8b 84 19
0x00007ffe74e7ec33:   40 d1 ee 00 41 89 40 6c 8b 84 19 24 d1 ee 00 41
0x00007ffe74e7ec43:   89 40 70 8b 84 19 28 d1 ee 00 41 89 40 74 8b 84
0x00007ffe74e7ec53:   19 2c d1 ee 00 41 89 40 78 8b 84 19 30 d1 ee 00
0x00007ffe74e7ec63:   41 89 40 7c 48 8b 42 18 8b 88 38 0b 00 00 f6 c1
0x00007ffe74e7ec73:   08 0f 84 86 00 00 00 8b 80 3c 0b 00 00 41 89 80
0x00007ffe74e7ec83:   80 00 00 00 48 8b 42 18 8b 88 40 0b 00 00 41 89
0x00007ffe74e7ec93:   88 84 00 00 00 48 8b 42 18 8b 88 44 0b 00 00 41
0x00007ffe74e7eca3:   89 88 88 00 00 00 48 8b 42 18 8b 88 48 0b 00 00
0x00007ffe74e7ecb3:   41 89 88 8c 00 00 00 48 8b 42 18 8b 88 4c 0b 00
0x00007ffe74e7ecc3:   00 41 89 88 90 00 00 00 48 8b 42 18 8b 88 50 0b
0x00007ffe74e7ecd3:   00 00 41 89 88 94 00 00 00 48 8b 42 18 8b 88 54 


Stack slot to memory mapping:
stack at sp + 0 slots: 0x00007ffe74e7c31b ig9icd64.dll
stack at sp + 1 slots: 0x0000000000000001 is an unknown value
stack at sp + 2 slots: 0x0 is NULL
stack at sp + 3 slots: 0x000001b52232e600 points into unknown readable memory: 0x0000000000000000 | 00 00 00 00 00 00 00 00
stack at sp + 4 slots: 0x00007ffeda002622 igdgmm64.dll
stack at sp + 5 slots: 0x0000000a00000065 is an unknown value
stack at sp + 6 slots: 0x0000000a6f3fcc20 is pointing into the stack for thread: 0x000001b51ea6db20
stack at sp + 7 slots: 0x0 is NULL


---------------  P R O C E S S  ---------------

Threads class SMR info:
_java_thread_list=0x000001b51e8d2170, length=26, elements={
0x000001b5773ca3d0, 0x000001b519abdef0, 0x000001b519abec70, 0x000001b519ad4fb0,
0x000001b519ad5a70, 0x000001b519ad8440, 0x000001b519ad8d00, 0x000001b519ad99a0,
0x000001b519add370, 0x000001b51e058770, 0x000001b51e108090, 0x000001b51e3f38d0,
0x000001b51e3f3da0, 0x000001b51eab48c0, 0x000001b51eabd220, 0x000001b51ea6db20,
0x000001b51eda3040, 0x000001b51ee75f60, 0x000001b51ef03a40, 0x000001b51ef02bd0,
0x000001b51ef00080, 0x000001b51ef013c0, 0x000001b521e4b8a0, 0x000001b521e49220,
0x000001b521e4c240, 0x000001b521e45d30
}

Java Threads: ( => current thread )
  0x000001b5773ca3d0 JavaThread "main" [_thread_blocked, id=5472, stack(0x0000000a6d800000,0x0000000a6d900000)]
  0x000001b519abdef0 JavaThread "Reference Handler" daemon [_thread_blocked, id=8500, stack(0x0000000a6df00000,0x0000000a6e000000)]
  0x000001b519abec70 JavaThread "Finalizer" daemon [_thread_blocked, id=3816, stack(0x0000000a6e000000,0x0000000a6e100000)]
  0x000001b519ad4fb0 JavaThread "Signal Dispatcher" daemon [_thread_blocked, id=11164, stack(0x0000000a6e100000,0x0000000a6e200000)]
  0x000001b519ad5a70 JavaThread "Attach Listener" daemon [_thread_blocked, id=7972, stack(0x0000000a6e200000,0x0000000a6e300000)]
  0x000001b519ad8440 JavaThread "Service Thread" daemon [_thread_blocked, id=14512, stack(0x0000000a6e300000,0x0000000a6e400000)]
  0x000001b519ad8d00 JavaThread "Monitor Deflation Thread" daemon [_thread_blocked, id=1560, stack(0x0000000a6e400000,0x0000000a6e500000)]
  0x000001b519ad99a0 JavaThread "C2 CompilerThread0" daemon [_thread_blocked, id=14276, stack(0x0000000a6e500000,0x0000000a6e600000)]
  0x000001b519add370 JavaThread "C1 CompilerThread0" daemon [_thread_blocked, id=5596, stack(0x0000000a6e600000,0x0000000a6e700000)]
  0x000001b51e058770 JavaThread "Sweeper thread" daemon [_thread_blocked, id=15648, stack(0x0000000a6e700000,0x0000000a6e800000)]
  0x000001b51e108090 JavaThread "Common-Cleaner" daemon [_thread_blocked, id=4500, stack(0x0000000a6e800000,0x0000000a6e900000)]
  0x000001b51e3f38d0 JavaThread "Monitor Ctrl-Break" daemon [_thread_in_native, id=5956, stack(0x0000000a6ea00000,0x0000000a6eb00000)]
  0x000001b51e3f3da0 JavaThread "Notification Thread" daemon [_thread_blocked, id=4756, stack(0x0000000a6eb00000,0x0000000a6ec00000)]
  0x000001b51eab48c0 JavaThread "Java2D Disposer" daemon [_thread_blocked, id=420, stack(0x0000000a6f000000,0x0000000a6f100000)]
  0x000001b51eabd220 JavaThread "AWT-Shutdown" [_thread_blocked, id=6104, stack(0x0000000a6f100000,0x0000000a6f200000)]
=>0x000001b51ea6db20 JavaThread "AWT-EventQueue-0" [_thread_in_native, id=6156, stack(0x0000000a6f300000,0x0000000a6f400000)]
  0x000001b51eda3040 JavaThread "Reference Cleaner" daemon [_thread_blocked, id=14676, stack(0x0000000a6e900000,0x0000000a6ea00000)]
  0x000001b51ee75f60 JavaThread "DefaultDispatcher-worker-1" daemon [_thread_blocked, id=19436, stack(0x0000000a6f400000,0x0000000a6f500000)]
  0x000001b51ef03a40 JavaThread "DefaultDispatcher-worker-2" daemon [_thread_blocked, id=12184, stack(0x0000000a6f500000,0x0000000a6f600000)]
  0x000001b51ef02bd0 JavaThread "kotlinx.coroutines.DefaultExecutor" daemon [_thread_blocked, id=9100, stack(0x0000000a6f700000,0x0000000a6f800000)]
  0x000001b51ef00080 JavaThread "TimerQueue" daemon [_thread_blocked, id=18788, stack(0x0000000a6f800000,0x0000000a6f900000)]
  0x000001b51ef013c0 JavaThread "RealmFinalizingDaemon" daemon [_thread_blocked, id=8912, stack(0x0000000a70000000,0x0000000a70100000)]
  0x000001b521e4b8a0 JavaThread "core-notifier" daemon [_thread_in_native, id=7400, stack(0x0000000a70200000,0x0000000a70300000)]
  0x000001b521e49220 JavaThread "DefaultDispatcher-worker-3" daemon [_thread_blocked, id=6640, stack(0x0000000a70500000,0x0000000a70600000)]
  0x000001b521e4c240 JavaThread "DefaultDispatcher-worker-4" daemon [_thread_blocked, id=16940, stack(0x0000000a70600000,0x0000000a70700000)]
  0x000001b521e45d30 JavaThread "SIGINT handler" daemon [_thread_blocked, id=8000, stack(0x0000000a6d500000,0x0000000a6d600000)]

Other Threads:
  0x000001b519ab7f80 VMThread "VM Thread" [stack: 0x0000000a6de00000,0x0000000a6df00000] [id=19104]
  0x000001b51e597aa0 WatcherThread [stack: 0x0000000a6ec00000,0x0000000a6ed00000] [id=1732]
  0x000001b577433460 GCTaskThread "GC Thread#0" [stack: 0x0000000a6d900000,0x0000000a6da00000] [id=19428]
  0x000001b51e821b00 GCTaskThread "GC Thread#1" [stack: 0x0000000a6ed00000,0x0000000a6ee00000] [id=16180]
  0x000001b51e821db0 GCTaskThread "GC Thread#2" [stack: 0x0000000a6ee00000,0x0000000a6ef00000] [id=7844]
  0x000001b51e822060 GCTaskThread "GC Thread#3" [stack: 0x0000000a6ef00000,0x0000000a6f000000] [id=18588]
  0x000001b577444040 ConcurrentGCThread "G1 Main Marker" [stack: 0x0000000a6da00000,0x0000000a6db00000] [id=19328]
  0x000001b577444960 ConcurrentGCThread "G1 Conc#0" [stack: 0x0000000a6db00000,0x0000000a6dc00000] [id=18264]
  0x000001b5199724d0 ConcurrentGCThread "G1 Refine#0" [stack: 0x0000000a6dc00000,0x0000000a6dd00000] [id=5824]
  0x000001b57747c490 ConcurrentGCThread "G1 Service" [stack: 0x0000000a6dd00000,0x0000000a6de00000] [id=5136]

Threads with active compile tasks:

VM state: not at safepoint (normal execution)

VM Mutex/Monitor currently owned by a thread: None

Heap address: 0x0000000702600000, size: 4058 MB, Compressed Oops mode: Zero based, Oop shift amount: 3

CDS archive(s) mapped at: [0x0000000800000000-0x0000000800bc0000-0x0000000800bc0000), size 12320768, SharedBaseAddress: 0x0000000800000000, ArchiveRelocationMode: 0.
Compressed class space mapped at: 0x0000000801000000-0x0000000841000000, reserved size: 1073741824
Narrow klass base: 0x0000000800000000, Narrow klass shift: 0, Narrow klass range: 0x100000000

GC Precious Log:
 CPUs: 4 total, 4 available
 Memory: 16224M
 Large Page Support: Disabled
 NUMA Support: Disabled
 Compressed Oops: Enabled (Zero based)
 Heap Region Size: 2M
 Heap Min Capacity: 8M
 Heap Initial Capacity: 254M
 Heap Max Capacity: 4058M
 Pre-touch: Disabled
 Parallel Workers: 4
 Concurrent Workers: 1
 Concurrent Refinement Workers: 4
 Periodic GC: Disabled

Heap:
 garbage-first heap   total 96256K, used 44647K [0x0000000702600000, 0x0000000800000000)
  region size 2048K, 11 young (22528K), 0 survivors (0K)
 Metaspace       used 34281K, committed 34496K, reserved 1114112K
  class space    used 3713K, committed 3840K, reserved 1048576K

Heap Regions: E=young(eden), S=young(survivor), O=old, HS=humongous(starts), HC=humongous(continues), CS=collection set, F=free, OA=open archive, CA=closed archive, TAMS=top-at-mark-start (previous, next)
|   0|0x0000000702600000, 0x0000000702800000, 0x0000000702800000|100%|HS|  |TAMS 0x0000000702800000, 0x0000000702600000| Untracked 
|   1|0x0000000702800000, 0x0000000702a00000, 0x0000000702a00000|100%| O|  |TAMS 0x0000000702a00000, 0x0000000702800000| Untracked 
|   2|0x0000000702a00000, 0x0000000702bf5030, 0x0000000702c00000| 97%| O|  |TAMS 0x0000000702bf5030, 0x0000000702a00000| Untracked 
|   3|0x0000000702c00000, 0x0000000702dfffc8, 0x0000000702e00000| 99%| O|  |TAMS 0x0000000702dfffc8, 0x0000000702c00000| Untracked 
|   4|0x0000000702e00000, 0x0000000703000000, 0x0000000703000000|100%| O|  |TAMS 0x0000000703000000, 0x0000000702e00000| Untracked 
|   5|0x0000000703000000, 0x0000000703114510, 0x0000000703200000| 53%| O|  |TAMS 0x0000000703000000, 0x0000000703000000| Untracked 
|   6|0x0000000703200000, 0x000000070326ff18, 0x0000000703400000| 21%| O|  |TAMS 0x0000000703200000, 0x0000000703200000| Untracked 
|   7|0x0000000703400000, 0x0000000703400000, 0x0000000703600000|  0%| F|  |TAMS 0x0000000703400000, 0x0000000703400000| Untracked 
|   8|0x0000000703600000, 0x0000000703600000, 0x0000000703800000|  0%| F|  |TAMS 0x0000000703600000, 0x0000000703600000| Untracked 
|   9|0x0000000703800000, 0x0000000703800000, 0x0000000703a00000|  0%| F|  |TAMS 0x0000000703800000, 0x0000000703800000| Untracked 
|  10|0x0000000703a00000, 0x0000000703c00000, 0x0000000703c00000|100%| O|  |TAMS 0x0000000703c00000, 0x0000000703a00000| Untracked 
|  11|0x0000000703c00000, 0x0000000703c00000, 0x0000000703e00000|  0%| F|  |TAMS 0x0000000703c00000, 0x0000000703c00000| Untracked 
|  12|0x0000000703e00000, 0x0000000703ff79d0, 0x0000000704000000| 98%| O|  |TAMS 0x0000000703ff79d0, 0x0000000703e00000| Untracked 
|  13|0x0000000704000000, 0x0000000704000000, 0x0000000704200000|  0%| F|  |TAMS 0x0000000704000000, 0x0000000704000000| Untracked 
|  14|0x0000000704200000, 0x0000000704228e48, 0x0000000704400000|  7%| O|  |TAMS 0x0000000704200000, 0x0000000704200000| Untracked 
|  15|0x0000000704400000, 0x0000000704400000, 0x0000000704600000|  0%| F|  |TAMS 0x0000000704400000, 0x0000000704400000| Untracked 
|  16|0x0000000704600000, 0x0000000704800000, 0x0000000704800000|100%|HS|  |TAMS 0x0000000704800000, 0x0000000704600000| Untracked 
|  17|0x0000000704800000, 0x0000000704a00000, 0x0000000704a00000|100%|HC|  |TAMS 0x0000000704a00000, 0x0000000704800000| Untracked 
|  18|0x0000000704a00000, 0x0000000704c00000, 0x0000000704c00000|100%|HC|  |TAMS 0x0000000704c00000, 0x0000000704a00000| Untracked 
|  19|0x0000000704c00000, 0x0000000704e00000, 0x0000000704e00000|100%|HC|  |TAMS 0x0000000704e00000, 0x0000000704c00000| Untracked 
|  20|0x0000000704e00000, 0x0000000704e00000, 0x0000000705000000|  0%| F|  |TAMS 0x0000000704e00000, 0x0000000704e00000| Untracked 
|  21|0x0000000705000000, 0x0000000705000000, 0x0000000705200000|  0%| F|  |TAMS 0x0000000705000000, 0x0000000705000000| Untracked 
|  22|0x0000000705200000, 0x0000000705200000, 0x0000000705400000|  0%| F|  |TAMS 0x0000000705200000, 0x0000000705200000| Untracked 
|  23|0x0000000705400000, 0x0000000705400000, 0x0000000705600000|  0%| F|  |TAMS 0x0000000705400000, 0x0000000705400000| Untracked 
|  24|0x0000000705600000, 0x0000000705600000, 0x0000000705800000|  0%| F|  |TAMS 0x0000000705600000, 0x0000000705600000| Untracked 
|  25|0x0000000705800000, 0x0000000705800000, 0x0000000705a00000|  0%| F|  |TAMS 0x0000000705800000, 0x0000000705800000| Untracked 
|  26|0x0000000705a00000, 0x0000000705a00000, 0x0000000705c00000|  0%| F|  |TAMS 0x0000000705a00000, 0x0000000705a00000| Untracked 
|  27|0x0000000705c00000, 0x0000000705c00000, 0x0000000705e00000|  0%| F|  |TAMS 0x0000000705c00000, 0x0000000705c00000| Untracked 
|  28|0x0000000705e00000, 0x0000000705e00000, 0x0000000706000000|  0%| F|  |TAMS 0x0000000705e00000, 0x0000000705e00000| Untracked 
|  29|0x0000000706000000, 0x0000000706000000, 0x0000000706200000|  0%| F|  |TAMS 0x0000000706000000, 0x0000000706000000| Untracked 
|  30|0x0000000706200000, 0x0000000706200000, 0x0000000706400000|  0%| F|  |TAMS 0x0000000706200000, 0x0000000706200000| Untracked 
|  31|0x0000000706400000, 0x0000000706400000, 0x0000000706600000|  0%| F|  |TAMS 0x0000000706400000, 0x0000000706400000| Untracked 
|  32|0x0000000706600000, 0x0000000706600000, 0x0000000706800000|  0%| F|  |TAMS 0x0000000706600000, 0x0000000706600000| Untracked 
|  33|0x0000000706800000, 0x0000000706800000, 0x0000000706a00000|  0%| F|  |TAMS 0x0000000706800000, 0x0000000706800000| Untracked 
|  34|0x0000000706a00000, 0x0000000706a00000, 0x0000000706c00000|  0%| F|  |TAMS 0x0000000706a00000, 0x0000000706a00000| Untracked 
|  35|0x0000000706c00000, 0x0000000706c00000, 0x0000000706e00000|  0%| F|  |TAMS 0x0000000706c00000, 0x0000000706c00000| Untracked 
|  36|0x0000000706e00000, 0x0000000706f63308, 0x0000000707000000| 69%| E|  |TAMS 0x0000000706e00000, 0x0000000706e00000| Complete 
|  37|0x0000000707000000, 0x0000000707200000, 0x0000000707200000|100%| E|CS|TAMS 0x0000000707000000, 0x0000000707000000| Complete 
|  38|0x0000000707200000, 0x0000000707400000, 0x0000000707400000|100%| E|CS|TAMS 0x0000000707200000, 0x0000000707200000| Complete 
|  39|0x0000000707400000, 0x0000000707600000, 0x0000000707600000|100%| E|CS|TAMS 0x0000000707400000, 0x0000000707400000| Complete 
|  40|0x0000000707600000, 0x0000000707800000, 0x0000000707800000|100%| E|CS|TAMS 0x0000000707600000, 0x0000000707600000| Complete 
|  41|0x0000000707800000, 0x0000000707a00000, 0x0000000707a00000|100%| E|CS|TAMS 0x0000000707800000, 0x0000000707800000| Complete 
|  42|0x0000000707a00000, 0x0000000707c00000, 0x0000000707c00000|100%| E|CS|TAMS 0x0000000707a00000, 0x0000000707a00000| Complete 
|  43|0x0000000707c00000, 0x0000000707e00000, 0x0000000707e00000|100%| E|CS|TAMS 0x0000000707c00000, 0x0000000707c00000| Complete 
|  44|0x0000000707e00000, 0x0000000708000000, 0x0000000708000000|100%| E|CS|TAMS 0x0000000707e00000, 0x0000000707e00000| Complete 
|  45|0x0000000708000000, 0x0000000708200000, 0x0000000708200000|100%| E|CS|TAMS 0x0000000708000000, 0x0000000708000000| Complete 
|  46|0x0000000708200000, 0x0000000708400000, 0x0000000708400000|100%| E|CS|TAMS 0x0000000708200000, 0x0000000708200000| Complete 

Card table byte_map: [0x000001b57f6b0000,0x000001b57fea0000] _byte_map_base: 0x000001b57be9d000

Marking Bits (Prev, Next): (CMBitMap*) 0x000001b5774339c0, (CMBitMap*) 0x000001b577433980
 Prev Bits: [0x000001b513760000, 0x000001b5176c8000)
 Next Bits: [0x000001b50f7f0000, 0x000001b513758000)

Polling page: 0x000001b575180000

Metaspace:

Usage:
  Non-class:     29.85 MB used.
      Class:      3.63 MB used.
       Both:     33.48 MB used.

Virtual space:
  Non-class space:       64.00 MB reserved,      29.94 MB ( 47%) committed,  1 nodes.
      Class space:        1.00 GB reserved,       3.75 MB ( <1%) committed,  1 nodes.
             Both:        1.06 GB reserved,      33.69 MB (  3%) committed. 

Chunk freelists:
   Non-Class:  1.58 MB
       Class:  12.28 MB
        Both:  13.86 MB

MaxMetaspaceSize: unlimited
CompressedClassSpaceSize: 1.00 GB
Initial GC threshold: 21.00 MB
Current GC threshold: 56.06 MB
CDS: on
MetaspaceReclaimPolicy: balanced
 - commit_granule_bytes: 65536.
 - commit_granule_words: 8192.
 - virtual_space_node_default_size: 8388608.
 - enlarge_chunks_in_place: 1.
 - new_chunks_are_fully_committed: 0.
 - uncommit_free_chunks: 1.
 - use_allocation_guard: 0.
 - handle_deallocations: 1.


Internal statistics:

num_allocs_failed_limit: 3.
num_arena_births: 160.
num_arena_deaths: 0.
num_vsnodes_births: 2.
num_vsnodes_deaths: 0.
num_space_committed: 539.
num_space_uncommitted: 0.
num_chunks_returned_to_freelist: 3.
num_chunks_taken_from_freelist: 1058.
num_chunk_merges: 3.
num_chunk_splits: 916.
num_chunks_enlarged: 834.
num_inconsistent_stats: 0.

CodeHeap 'non-profiled nmethods': size=120000Kb used=3795Kb max_used=3795Kb free=116204Kb
 bounds [0x000001b507ad0000, 0x000001b507e90000, 0x000001b50f000000]
CodeHeap 'profiled nmethods': size=120000Kb used=8337Kb max_used=10108Kb free=111662Kb
 bounds [0x000001b500000000, 0x000001b5009e0000, 0x000001b507530000]
CodeHeap 'non-nmethods': size=5760Kb used=1870Kb max_used=1954Kb free=3889Kb
 bounds [0x000001b507530000, 0x000001b5077a0000, 0x000001b507ad0000]
 total_blobs=6155 nmethods=4809 adapters=1257
 compilation: enabled
              stopped_count=0, restarted_count=0
 full_count=0

Compilation events (20 events):
Event: 92.045 Thread 0x000001b519ad99a0 5608       4       kotlinx.coroutines.intrinsics.CancellableKt::startCoroutineCancellable$default (17 bytes)
Event: 92.059 Thread 0x000001b519ad99a0 nmethod 5608 0x000001b507e78f90 code [0x000001b507e791a0, 0x000001b507e79ad8]
Event: 93.676 Thread 0x000001b519ad99a0 5609   !   4       kotlinx.coroutines.flow.StateFlowImpl::collect (532 bytes)
Event: 93.780 Thread 0x000001b519ad99a0 nmethod 5609 0x000001b507e7a210 code [0x000001b507e7a560, 0x000001b507e7e008]
Event: 93.781 Thread 0x000001b519ad99a0 5611       4       kotlinx.coroutines.flow.StateFlowSlot::awaitPending (173 bytes)
Event: 93.816 Thread 0x000001b519ad99a0 nmethod 5611 0x000001b507e7fd10 code [0x000001b507e7ffc0, 0x000001b507e81cb8]
Event: 93.816 Thread 0x000001b519ad99a0 5610       4       kotlinx.coroutines.flow.StateFlowImpl$collect$1::invokeSuspend (29 bytes)
Event: 93.817 Thread 0x000001b519ad99a0 nmethod 5610 0x000001b507e82b90 code [0x000001b507e82d20, 0x000001b507e82ee8]
Event: 97.522 Thread 0x000001b519ad99a0 5612       4       kotlin.coroutines.jvm.internal.DebugProbesKt::probeCoroutineSuspended (7 bytes)
Event: 97.522 Thread 0x000001b519ad99a0 nmethod 5612 0x000001b507e82f90 code [0x000001b507e83100, 0x000001b507e83178]
Event: 98.369 Thread 0x000001b519ad99a0 5613       4       org.jetbrains.skia.impl.CleanableImpl::clean (21 bytes)
Event: 98.381 Thread 0x000001b519ad99a0 nmethod 5613 0x000001b507e83290 code [0x000001b507e83440, 0x000001b507e83c38]
Event: 98.381 Thread 0x000001b519ad99a0 5614   !   4       org.jetbrains.skia.impl.CleanableImpl::remove (95 bytes)
Event: 98.388 Thread 0x000001b519ad99a0 nmethod 5614 0x000001b507e84010 code [0x000001b507e841a0, 0x000001b507e84878]
Event: 99.287 Thread 0x000001b519add370 5615       3       kotlinx.coroutines.scheduling.CoroutineScheduler$Worker::tryReleaseCpu (56 bytes)
Event: 99.288 Thread 0x000001b519add370 nmethod 5615 0x000001b5003b8e90 code [0x000001b5003b9040, 0x000001b5003b9388]
Event: 101.345 Thread 0x000001b519add370 5616       3       java.util.IdentityHashMap$IdentityHashMapIterator::nextIndex (72 bytes)
Event: 101.346 Thread 0x000001b519add370 nmethod 5616 0x000001b5003c4d10 code [0x000001b5003c4ee0, 0x000001b5003c5328]
Event: 101.351 Thread 0x000001b519ad99a0 5617       4       kotlinx.coroutines.JobSupport::isCompleted (16 bytes)
Event: 101.352 Thread 0x000001b519ad99a0 nmethod 5617 0x000001b507e84a10 code [0x000001b507e84b80, 0x000001b507e84c98]

GC Heap History (20 events):
Event: 2.577 GC heap before
{Heap before GC invocations=2 (full 0):
 garbage-first heap   total 260096K, used 36562K [0x0000000702600000, 0x0000000800000000)
  region size 2048K, 15 young (30720K), 1 survivors (2048K)
 Metaspace       used 14956K, committed 15104K, reserved 1114112K
  class space    used 1534K, committed 1600K, reserved 1048576K
}
Event: 2.580 GC heap after
{Heap after GC invocations=3 (full 0):
 garbage-first heap   total 260096K, used 9997K [0x0000000702600000, 0x0000000800000000)
  region size 2048K, 2 young (4096K), 2 survivors (4096K)
 Metaspace       used 14956K, committed 15104K, reserved 1114112K
  class space    used 1534K, committed 1600K, reserved 1048576K
}
Event: 3.722 GC heap before
{Heap before GC invocations=3 (full 0):
 garbage-first heap   total 260096K, used 42765K [0x0000000702600000, 0x0000000800000000)
  region size 2048K, 19 young (38912K), 2 survivors (4096K)
 Metaspace       used 21337K, committed 21504K, reserved 1114112K
  class space    used 2280K, committed 2368K, reserved 1048576K
}
Event: 3.727 GC heap after
{Heap after GC invocations=4 (full 0):
 garbage-first heap   total 260096K, used 11297K [0x0000000702600000, 0x0000000800000000)
  region size 2048K, 2 young (4096K), 2 survivors (4096K)
 Metaspace       used 21337K, committed 21504K, reserved 1114112K
  class space    used 2280K, committed 2368K, reserved 1048576K
}
Event: 36.393 GC heap before
{Heap before GC invocations=5 (full 0):
 garbage-first heap   total 49152K, used 37921K [0x0000000702600000, 0x0000000800000000)
  region size 2048K, 10 young (20480K), 2 survivors (4096K)
 Metaspace       used 24018K, committed 24256K, reserved 1114112K
  class space    used 2584K, committed 2688K, reserved 1048576K
}
Event: 36.398 GC heap after
{Heap after GC invocations=6 (full 0):
 garbage-first heap   total 49152K, used 24311K [0x0000000702600000, 0x0000000800000000)
  region size 2048K, 2 young (4096K), 2 survivors (4096K)
 Metaspace       used 24018K, committed 24256K, reserved 1114112K
  class space    used 2584K, committed 2688K, reserved 1048576K
}
Event: 36.432 GC heap before
{Heap before GC invocations=6 (full 0):
 garbage-first heap   total 49152K, used 26359K [0x0000000702600000, 0x0000000800000000)
  region size 2048K, 3 young (6144K), 2 survivors (4096K)
 Metaspace       used 24403K, committed 24640K, reserved 1114112K
  class space    used 2632K, committed 2752K, reserved 1048576K
}
Event: 36.435 GC heap after
{Heap after GC invocations=7 (full 0):
 garbage-first heap   total 49152K, used 17975K [0x0000000702600000, 0x0000000800000000)
  region size 2048K, 1 young (2048K), 1 survivors (2048K)
 Metaspace       used 24403K, committed 24640K, reserved 1114112K
  class space    used 2632K, committed 2752K, reserved 1048576K
}
Event: 36.712 GC heap before
{Heap before GC invocations=7 (full 0):
 garbage-first heap   total 49152K, used 30263K [0x0000000702600000, 0x0000000800000000)
  region size 2048K, 8 young (16384K), 1 survivors (2048K)
 Metaspace       used 26745K, committed 26880K, reserved 1114112K
  class space    used 2930K, committed 3008K, reserved 1048576K
}
Event: 36.715 GC heap after
{Heap after GC invocations=8 (full 0):
 garbage-first heap   total 49152K, used 19055K [0x0000000702600000, 0x0000000800000000)
  region size 2048K, 1 young (2048K), 1 survivors (2048K)
 Metaspace       used 26745K, committed 26880K, reserved 1114112K
  class space    used 2930K, committed 3008K, reserved 1048576K
}
Event: 37.069 GC heap before
{Heap before GC invocations=8 (full 0):
 garbage-first heap   total 49152K, used 33391K [0x0000000702600000, 0x0000000800000000)
  region size 2048K, 8 young (16384K), 1 survivors (2048K)
 Metaspace       used 29690K, committed 29888K, reserved 1114112K
  class space    used 3289K, committed 3392K, reserved 1048576K
}
Event: 37.073 GC heap after
{Heap after GC invocations=9 (full 0):
 garbage-first heap   total 49152K, used 20388K [0x0000000702600000, 0x0000000800000000)
  region size 2048K, 1 young (2048K), 1 survivors (2048K)
 Metaspace       used 29690K, committed 29888K, reserved 1114112K
  class space    used 3289K, committed 3392K, reserved 1048576K
}
Event: 37.297 GC heap before
{Heap before GC invocations=9 (full 0):
 garbage-first heap   total 49152K, used 34724K [0x0000000702600000, 0x0000000800000000)
  region size 2048K, 8 young (16384K), 1 survivors (2048K)
 Metaspace       used 32174K, committed 32384K, reserved 1114112K
  class space    used 3575K, committed 3712K, reserved 1048576K
}
Event: 37.301 GC heap after
{Heap after GC invocations=10 (full 0):
 garbage-first heap   total 155648K, used 20937K [0x0000000702600000, 0x0000000800000000)
  region size 2048K, 1 young (2048K), 1 survivors (2048K)
 Metaspace       used 32174K, committed 32384K, reserved 1114112K
  class space    used 3575K, committed 3712K, reserved 1048576K
}
Event: 61.888 GC heap before
{Heap before GC invocations=10 (full 0):
 garbage-first heap   total 155648K, used 96713K [0x0000000702600000, 0x0000000800000000)
  region size 2048K, 35 young (71680K), 1 survivors (2048K)
 Metaspace       used 34192K, committed 34432K, reserved 1114112K
  class space    used 3707K, committed 3840K, reserved 1048576K
}
Event: 61.911 GC heap after
{Heap after GC invocations=11 (full 1):
 garbage-first heap   total 96256K, used 24063K [0x0000000702600000, 0x0000000800000000)
  region size 2048K, 0 young (0K), 0 survivors (0K)
 Metaspace       used 34192K, committed 34432K, reserved 1114112K
  class space    used 3707K, committed 3840K, reserved 1048576K
}
Event: 83.085 GC heap before
{Heap before GC invocations=11 (full 1):
 garbage-first heap   total 96256K, used 67071K [0x0000000702600000, 0x0000000800000000)
  region size 2048K, 21 young (43008K), 0 survivors (0K)
 Metaspace       used 34253K, committed 34496K, reserved 1114112K
  class space    used 3709K, committed 3840K, reserved 1048576K
}
Event: 83.086 GC heap after
{Heap after GC invocations=12 (full 1):
 garbage-first heap   total 96256K, used 24326K [0x0000000702600000, 0x0000000800000000)
  region size 2048K, 1 young (2048K), 1 survivors (2048K)
 Metaspace       used 34253K, committed 34496K, reserved 1114112K
  class space    used 3709K, committed 3840K, reserved 1048576K
}
Event: 91.927 GC heap before
{Heap before GC invocations=12 (full 1):
 garbage-first heap   total 96256K, used 40710K [0x0000000702600000, 0x0000000800000000)
  region size 2048K, 10 young (20480K), 1 survivors (2048K)
 Metaspace       used 34257K, committed 34496K, reserved 1114112K
  class space    used 3709K, committed 3840K, reserved 1048576K
}
Event: 91.949 GC heap after
{Heap after GC invocations=13 (full 2):
 garbage-first heap   total 96256K, used 24167K [0x0000000702600000, 0x0000000800000000)
  region size 2048K, 0 young (0K), 0 survivors (0K)
 Metaspace       used 34257K, committed 34496K, reserved 1114112K
  class space    used 3709K, committed 3840K, reserved 1048576K
}

Dll operation events (14 events):
Event: 0.009 Loaded shared library C:\Users\HP\.jdks\corretto-17.0.7\bin\java.dll
Event: 0.049 Loaded shared library C:\Users\HP\.jdks\corretto-17.0.7\bin\jsvml.dll
Event: 0.243 Loaded shared library C:\Users\HP\.jdks\corretto-17.0.7\bin\zip.dll
Event: 0.246 Loaded shared library C:\Users\HP\.jdks\corretto-17.0.7\bin\instrument.dll
Event: 0.256 Loaded shared library C:\Users\HP\.jdks\corretto-17.0.7\bin\net.dll
Event: 0.258 Loaded shared library C:\Users\HP\.jdks\corretto-17.0.7\bin\nio.dll
Event: 0.262 Loaded shared library C:\Users\HP\.jdks\corretto-17.0.7\bin\zip.dll
Event: 0.375 Loaded shared library C:\Program Files\JetBrains\IntelliJ IDEA Community Edition 2021.3.2\bin\breakgen64.dll
Event: 0.647 Loaded shared library C:\Users\HP\.jdks\corretto-17.0.7\bin\jimage.dll
Event: 0.651 Loaded shared library C:\Users\HP\.jdks\corretto-17.0.7\bin\awt.dll
Event: 1.847 Loaded shared library C:\Users\HP\.skiko\0de0d8dd8554d9bb66cfca3837db6514ff9b71080e998917280a3b777460a416\skiko-windows-x64.dll
Event: 2.415 Loaded shared library C:\Users\HP\.jdks\corretto-17.0.7\bin\freetype.dll
Event: 2.416 Loaded shared library C:\Users\HP\.jdks\corretto-17.0.7\bin\fontmanager.dll
Event: 36.982 Loaded shared library C:\Users\HP\AppData\Local\io-realm-kotlin\f7113120ba00ba1ff91d696eecd3919e85a4e34e\realmc.dll

Deoptimization events (20 events):
Event: 62.669 Thread 0x000001b51ea6db20 Uncommon trap: trap_request=0xffffffc6 fr.pc=0x000001b507b0a524 relative=0x0000000000001b44
Event: 62.669 Thread 0x000001b51ea6db20 Uncommon trap: reason=bimorphic_or_optimized_type_check action=maybe_recompile pc=0x000001b507b0a524 method=androidx.compose.runtime.CompositionImpl.applyChangesInLocked(Ljava/util/List;)V @ 158 c2
Event: 62.669 Thread 0x000001b51ea6db20 DEOPT PACKING pc=0x000001b507b0a524 sp=0x0000000a6f3fe1a0
Event: 62.669 Thread 0x000001b51ea6db20 DEOPT UNPACKING pc=0x000001b5075869a3 sp=0x0000000a6f3fe0e8 mode 2
Event: 62.856 Thread 0x000001b51ea6db20 Uncommon trap: trap_request=0xffffffde fr.pc=0x000001b507d911ec relative=0x000000000000110c
Event: 62.856 Thread 0x000001b51ea6db20 Uncommon trap: reason=class_check action=maybe_recompile pc=0x000001b507d911ec method=androidx.compose.runtime.snapshots.SnapshotKt.advanceGlobalSnapshot(Lkotlin/jvm/functions/Function1;)Ljava/lang/Object; @ 263 c2
Event: 62.856 Thread 0x000001b51ea6db20 DEOPT PACKING pc=0x000001b507d911ec sp=0x0000000a6f3feca0
Event: 62.856 Thread 0x000001b51ea6db20 DEOPT UNPACKING pc=0x000001b5075869a3 sp=0x0000000a6f3fec08 mode 2
Event: 76.419 Thread 0x000001b51ef00080 Uncommon trap: trap_request=0xffffff45 fr.pc=0x000001b507bdf99c relative=0x000000000000019c
Event: 76.419 Thread 0x000001b51ef00080 Uncommon trap: reason=unstable_if action=reinterpret pc=0x000001b507bdf99c method=java.util.concurrent.locks.ReentrantLock$NonfairSync.initialTryLock()Z @ 25 c2
Event: 76.419 Thread 0x000001b51ef00080 DEOPT PACKING pc=0x000001b507bdf99c sp=0x0000000a6f8fee60
Event: 76.419 Thread 0x000001b51ef00080 DEOPT UNPACKING pc=0x000001b5075869a3 sp=0x0000000a6f8fee00 mode 2
Event: 97.142 Thread 0x000001b521e46200 Uncommon trap: trap_request=0xffffff45 fr.pc=0x000001b507e554b4 relative=0x0000000000000194
Event: 97.142 Thread 0x000001b51ef01890 Uncommon trap: trap_request=0xffffff45 fr.pc=0x000001b507e554b4 relative=0x0000000000000194
Event: 97.142 Thread 0x000001b521e46200 Uncommon trap: reason=unstable_if action=reinterpret pc=0x000001b507e554b4 method=kotlinx.coroutines.scheduling.CoroutineScheduler$Worker.tryReleaseCpu(Lkotlinx/coroutines/scheduling/CoroutineScheduler$WorkerState;)Z @ 9 c2
Event: 97.142 Thread 0x000001b51ef01890 Uncommon trap: reason=unstable_if action=reinterpret pc=0x000001b507e554b4 method=kotlinx.coroutines.scheduling.CoroutineScheduler$Worker.tryReleaseCpu(Lkotlinx/coroutines/scheduling/CoroutineScheduler$WorkerState;)Z @ 9 c2
Event: 97.142 Thread 0x000001b521e46200 DEOPT PACKING pc=0x000001b507e554b4 sp=0x0000000a704ff3b0
Event: 97.142 Thread 0x000001b51ef01890 DEOPT PACKING pc=0x000001b507e554b4 sp=0x0000000a6f6ff280
Event: 97.142 Thread 0x000001b51ef01890 DEOPT UNPACKING pc=0x000001b5075869a3 sp=0x0000000a6f6ff218 mode 2
Event: 97.142 Thread 0x000001b521e46200 DEOPT UNPACKING pc=0x000001b5075869a3 sp=0x0000000a704ff348 mode 2

Classes unloaded (0 events):
No events

Classes redefined (0 events):
No events

Internal exceptions (20 events):
Event: 1.084 Thread 0x000001b51ea6db20 Exception <a 'java/lang/NoSuchMethodError'{0x00000007123e4200}: 'java.lang.Object java.lang.invoke.DirectMethodHandle$Holder.invokeStaticInit(java.lang.Object, int, int, int, int)'> (0x00000007123e4200) 
thrown [s\src\hotspot\share\interpreter\linkResolver.cpp, line 759]
Event: 1.264 Thread 0x000001b51ea6db20 Exception <a 'java/lang/NoSuchMethodError'{0x00000007121d4f00}: 'java.lang.Object java.lang.invoke.DirectMethodHandle$Holder.invokeStaticInit(java.lang.Object, java.lang.Object, int, int, int, int)'> (0x00000007121d4f00) 
thrown [s\src\hotspot\share\interpreter\linkResolver.cpp, line 759]
Event: 1.535 Thread 0x000001b51ea6db20 Exception <a 'java/lang/NoSuchMethodError'{0x0000000711d2e420}: 'double java.lang.invoke.DirectMethodHandle$Holder.invokeStatic(java.lang.Object, double)'> (0x0000000711d2e420) 
thrown [s\src\hotspot\share\interpreter\linkResolver.cpp, line 759]
Event: 1.535 Thread 0x000001b51ea6db20 Exception <a 'java/lang/NoSuchMethodError'{0x0000000711d31e80}: 'double java.lang.invoke.DirectMethodHandle$Holder.invokeStaticInit(java.lang.Object, double)'> (0x0000000711d31e80) 
thrown [s\src\hotspot\share\interpreter\linkResolver.cpp, line 759]
Event: 1.571 Thread 0x000001b51ea6db20 Exception <a 'java/lang/NoSuchMethodError'{0x0000000711d79dd0}: 'java.lang.Object java.lang.invoke.DirectMethodHandle$Holder.newInvokeSpecial(java.lang.Object, double)'> (0x0000000711d79dd0) 
thrown [s\src\hotspot\share\interpreter\linkResolver.cpp, line 759]
Event: 2.133 Thread 0x000001b51ea6db20 Exception <a 'java/lang/NoSuchMethodError'{0x0000000710fa4e20}: 'void java.lang.invoke.DirectMethodHandle$Holder.invokeSpecial(java.lang.Object, java.lang.Object, java.lang.Object)'> (0x0000000710fa4e20) 
thrown [s\src\hotspot\share\interpreter\linkResolver.cpp, line 759]
Event: 2.152 Thread 0x000001b51ea6db20 Exception <a 'java/lang/NoSuchMethodError'{0x0000000710fcefb0}: 'java.lang.Object java.lang.invoke.DirectMethodHandle$Holder.newInvokeSpecial(java.lang.Object, java.lang.Object, java.lang.Object, java.lang.Object, java.lang.Object)'> (0x0000000710fcefb0) 
thrown [s\src\hotspot\share\interpreter\linkResolver.cpp, line 759]
Event: 2.155 Thread 0x000001b51ea6db20 Exception <a 'java/lang/NoSuchMethodError'{0x0000000710fdac20}: 'java.lang.Object java.lang.invoke.DirectMethodHandle$Holder.invokeStatic(java.lang.Object, int, java.lang.Object, java.lang.Object, java.lang.Object, java.lang.Object)'> (0x0000000710fdac20) 
thrown [s\src\hotspot\share\interpreter\linkResolver.cpp, line 759]
Event: 2.164 Thread 0x000001b51ea6db20 Exception <a 'java/lang/NoSuchMethodError'{0x0000000710c00d38}: 'java.lang.Object java.lang.invoke.DirectMethodHandle$Holder.invokeStatic(java.lang.Object, int, java.lang.Object)'> (0x0000000710c00d38) 
thrown [s\src\hotspot\share\interpreter\linkResolver.cpp, line 759]
Event: 2.212 Thread 0x000001b51ea6db20 Exception <a 'java/lang/ClassNotFoundException'{0x0000000710cbd238}: com/sun/swing/internal/plaf/metal/resources/spi/metalProvider> (0x0000000710cbd238) 
thrown [s\src\hotspot\share\classfile\systemDictionary.cpp, line 256]
Event: 2.214 Thread 0x000001b51ea6db20 Exception <a 'java/lang/ClassNotFoundException'{0x0000000710cc11d8}: com/sun/swing/internal/plaf/basic/resources/spi/basicProvider> (0x0000000710cc11d8) 
thrown [s\src\hotspot\share\classfile\systemDictionary.cpp, line 256]
Event: 2.224 Thread 0x000001b51ea6db20 Implicit null exception at 0x000001b507b49e8f to 0x000001b507b49f09
Event: 2.229 Thread 0x000001b51ea6db20 Implicit null exception at 0x000001b507afdb90 to 0x000001b507afdf64
Event: 2.229 Thread 0x000001b51ea6db20 Implicit null exception at 0x000001b507af9b10 to 0x000001b507af9ec8
Event: 2.264 Thread 0x000001b51ea6db20 Exception <a 'java/lang/NoSuchMethodError'{0x0000000710dd1b80}: 'void java.lang.invoke.DirectMethodHandle$Holder.invokeStatic(java.lang.Object, java.lang.Object, java.lang.Object)'> (0x0000000710dd1b80) 
thrown [s\src\hotspot\share\interpreter\linkResolver.cpp, line 759]
Event: 2.409 Thread 0x000001b51ea6db20 Exception <a 'java/lang/NoSuchMethodError'{0x000000071089b040}: 'void java.lang.invoke.DirectMethodHandle$Holder.invokeStaticInit(java.lang.Object)'> (0x000000071089b040) 
thrown [s\src\hotspot\share\interpreter\linkResolver.cpp, line 759]
Event: 2.650 Thread 0x000001b51ea6db20 Exception <a 'java/lang/NoSuchMethodError'{0x0000000712136770}: 'int java.lang.invoke.DirectMethodHandle$Holder.invokeStaticInit(java.lang.Object, java.lang.Object, java.lang.Object)'> (0x0000000712136770) 
thrown [s\src\hotspot\share\interpreter\linkResolver.cpp, line 759]
Event: 3.120 Thread 0x000001b51eabdb70 Exception <a 'java/lang/NoSuchMethodError'{0x0000000710a00b68}: 'void java.lang.invoke.DirectMethodHandle$Holder.invokeVirtual(java.lang.Object, java.lang.Object)'> (0x0000000710a00b68) 
thrown [s\src\hotspot\share\interpreter\linkResolver.cpp, line 759]
Event: 36.270 Thread 0x000001b51ea6db20 Exception <a 'java/lang/NoSuchMethodError'{0x00000007048edab0}: 'int java.lang.invoke.DirectMethodHandle$Holder.invokeStaticInit(java.lang.Object, long, long)'> (0x00000007048edab0) 
thrown [s\src\hotspot\share\interpreter\linkResolver.cpp, line 759]
Event: 36.888 Thread 0x000001b51ea6db20 Exception <a 'java/lang/NoSuchMethodError'{0x0000000704f5c708}: 'java.lang.Object java.lang.invoke.DirectMethodHandle$Holder.newInvokeSpecial(java.lang.Object, int, java.lang.Object)'> (0x0000000704f5c708) 
thrown [s\src\hotspot\share\interpreter\linkResolver.cpp, line 759]

VM Operations (20 events):
Event: 68.960 Executing VM operation: Cleanup
Event: 68.960 Executing VM operation: Cleanup done
Event: 77.038 Executing VM operation: Cleanup
Event: 77.038 Executing VM operation: Cleanup done
Event: 79.044 Executing VM operation: Cleanup
Event: 79.044 Executing VM operation: Cleanup done
Event: 80.057 Executing VM operation: Cleanup
Event: 80.057 Executing VM operation: Cleanup done
Event: 83.084 Executing VM operation: G1CollectForAllocation
Event: 83.086 Executing VM operation: G1CollectForAllocation done
Event: 84.097 Executing VM operation: Cleanup
Event: 84.097 Executing VM operation: Cleanup done
Event: 85.101 Executing VM operation: Cleanup
Event: 85.101 Executing VM operation: Cleanup done
Event: 87.120 Executing VM operation: Cleanup
Event: 87.120 Executing VM operation: Cleanup done
Event: 91.927 Executing VM operation: G1CollectFull
Event: 91.949 Executing VM operation: G1CollectFull done
Event: 99.021 Executing VM operation: Cleanup
Event: 99.021 Executing VM operation: Cleanup done

Events (20 events):
Event: 53.080 Thread 0x000001b51e058770 flushing nmethod 0x000001b5008c4210
Event: 53.080 Thread 0x000001b51e058770 flushing nmethod 0x000001b5008c7610
Event: 53.080 Thread 0x000001b51e058770 flushing nmethod 0x000001b5008f0690
Event: 53.080 Thread 0x000001b51e058770 flushing nmethod 0x000001b500911910
Event: 53.080 Thread 0x000001b51e058770 flushing nmethod 0x000001b500921a90
Event: 53.080 Thread 0x000001b51e058770 flushing nmethod 0x000001b500922a90
Event: 53.081 Thread 0x000001b51e058770 flushing nmethod 0x000001b5009cdf90
Event: 97.142 Thread 0x000001b51ef01890 Thread exited: 0x000001b51ef01890
Event: 97.142 Thread 0x000001b521e46200 Thread exited: 0x000001b521e46200
Event: 101.344 loading class jdk/internal/misc/Signal$1
Event: 101.344 loading class jdk/internal/misc/Signal$1 done
Event: 101.345 Thread 0x000001b521e45d30 Thread added: 0x000001b521e45d30
Event: 101.345 Thread 0x000001b521e46200 Thread added: 0x000001b521e46200
Event: 101.345 Thread 0x000001b521e49bc0 Thread added: 0x000001b521e49bc0
Event: 101.345 Thread 0x000001b521e4a560 Thread added: 0x000001b521e4a560
Event: 101.346 Thread 0x000001b521e4a560 Thread exited: 0x000001b521e4a560
Event: 101.353 Thread 0x000001b521e46200 Thread exited: 0x000001b521e46200
Event: 101.353 Thread 0x000001b521e47ee0 Thread exited: 0x000001b521e47ee0
Event: 101.354 Thread 0x000001b51ef00ef0 Thread exited: 0x000001b51ef00ef0
Event: 101.354 Thread 0x000001b51eabdb70 Thread exited: 0x000001b51eabdb70


Dynamic libraries:
0x00007ff7eeda0000 - 0x00007ff7eedad000 	C:\Users\HP\.jdks\corretto-17.0.7\bin\java.exe
0x00007ffee9b50000 - 0x00007ffee9d48000 	C:\Windows\SYSTEM32\ntdll.dll
0x00007ffee90d0000 - 0x00007ffee918f000 	C:\Windows\System32\KERNEL32.DLL
0x00007ffee7790000 - 0x00007ffee7a86000 	C:\Windows\System32\KERNELBASE.dll
0x00007ffee7410000 - 0x00007ffee7510000 	C:\Windows\System32\ucrtbase.dll
0x00007ffedbcc0000 - 0x00007ffedbcd7000 	C:\Users\HP\.jdks\corretto-17.0.7\bin\jli.dll
0x00007ffeced70000 - 0x00007ffeced85000 	C:\Users\HP\.jdks\corretto-17.0.7\bin\VCRUNTIME140.dll
0x00007ffee9970000 - 0x00007ffee9b0d000 	C:\Windows\System32\USER32.dll
0x00007ffecd150000 - 0x00007ffecd3ea000 	C:\Windows\WinSxS\amd64_microsoft.windows.common-controls_6595b64144ccf1df_6.0.19041.1110_none_60b5254171f9507e\COMCTL32.dll
0x00007ffee76c0000 - 0x00007ffee76e2000 	C:\Windows\System32\win32u.dll
0x00007ffee8310000 - 0x00007ffee83ae000 	C:\Windows\System32\msvcrt.dll
0x00007ffee90a0000 - 0x00007ffee90cc000 	C:\Windows\System32\GDI32.dll
0x00007ffee7a90000 - 0x00007ffee7ba5000 	C:\Windows\System32\gdi32full.dll
0x00007ffee72c0000 - 0x00007ffee735d000 	C:\Windows\System32\msvcp_win.dll
0x00007ffee8600000 - 0x00007ffee8630000 	C:\Windows\System32\IMM32.DLL
0x00007ffec1e20000 - 0x00007ffec1ebb000 	C:\Users\HP\.jdks\corretto-17.0.7\bin\msvcp140.dll
0x00007ffea5510000 - 0x00007ffea612a000 	C:\Users\HP\.jdks\corretto-17.0.7\bin\server\jvm.dll
0x00007ffee8630000 - 0x00007ffee86df000 	C:\Windows\System32\ADVAPI32.dll
0x00007ffee8560000 - 0x00007ffee85fc000 	C:\Windows\System32\sechost.dll
0x00007ffee7d70000 - 0x00007ffee7e96000 	C:\Windows\System32\RPCRT4.dll
0x00007ffee0fa0000 - 0x00007ffee0fa9000 	C:\Windows\SYSTEM32\WSOCK32.dll
0x00007ffecca00000 - 0x00007ffecca27000 	C:\Windows\SYSTEM32\WINMM.dll
0x00007ffee8e70000 - 0x00007ffee8edb000 	C:\Windows\System32\WS2_32.dll
0x00007ffedb320000 - 0x00007ffedb32a000 	C:\Windows\SYSTEM32\VERSION.dll
0x00007ffee5a20000 - 0x00007ffee5a32000 	C:\Windows\SYSTEM32\kernel.appcore.dll
0x00007ffedf290000 - 0x00007ffedf29a000 	C:\Users\HP\.jdks\corretto-17.0.7\bin\jimage.dll
0x00007ffee1f40000 - 0x00007ffee2124000 	C:\Windows\SYSTEM32\DBGHELP.DLL
0x00007ffecec70000 - 0x00007ffececa4000 	C:\Windows\SYSTEM32\dbgcore.DLL
0x00007ffee7230000 - 0x00007ffee72b2000 	C:\Windows\System32\bcryptPrimitives.dll
0x00007ffedf260000 - 0x00007ffedf26e000 	C:\Users\HP\.jdks\corretto-17.0.7\bin\instrument.dll
0x00007ffeca980000 - 0x00007ffeca9a5000 	C:\Users\HP\.jdks\corretto-17.0.7\bin\java.dll
0x00007ffebaa40000 - 0x00007ffebab16000 	C:\Users\HP\.jdks\corretto-17.0.7\bin\jsvml.dll
0x00007ffee9190000 - 0x00007ffee98d4000 	C:\Windows\System32\SHELL32.dll
0x00007ffee2130000 - 0x00007ffee28c4000 	C:\Windows\SYSTEM32\windows.storage.dll
0x00007ffee8890000 - 0x00007ffee8be4000 	C:\Windows\System32\combase.dll
0x00007ffee6ab0000 - 0x00007ffee6ade000 	C:\Windows\SYSTEM32\Wldp.dll
0x00007ffee8f90000 - 0x00007ffee903d000 	C:\Windows\System32\SHCORE.dll
0x00007ffee9040000 - 0x00007ffee9095000 	C:\Windows\System32\shlwapi.dll
0x00007ffee7160000 - 0x00007ffee7185000 	C:\Windows\SYSTEM32\profapi.dll
0x00007ffec7110000 - 0x00007ffec7128000 	C:\Users\HP\.jdks\corretto-17.0.7\bin\zip.dll
0x00007ffeca7f0000 - 0x00007ffeca809000 	C:\Users\HP\.jdks\corretto-17.0.7\bin\net.dll
0x00007ffed8570000 - 0x00007ffed867a000 	C:\Windows\SYSTEM32\WINHTTP.dll
0x00007ffee6890000 - 0x00007ffee68fa000 	C:\Windows\system32\mswsock.dll
0x00007ffec73c0000 - 0x00007ffec73d5000 	C:\Users\HP\.jdks\corretto-17.0.7\bin\nio.dll
0x00007ffedd130000 - 0x00007ffedd14a000 	C:\Program Files\JetBrains\IntelliJ IDEA Community Edition 2021.3.2\bin\breakgen64.dll
0x00007ffea90e0000 - 0x00007ffea9289000 	C:\Users\HP\.jdks\corretto-17.0.7\bin\awt.dll
0x00007ffee87c0000 - 0x00007ffee888d000 	C:\Windows\System32\OLEAUT32.dll
0x00007ffee0ec0000 - 0x00007ffee0f51000 	C:\Windows\SYSTEM32\apphelp.dll
0x00007ffee1180000 - 0x00007ffee121e000 	C:\Windows\system32\uxtheme.dll
0x00007ffee8440000 - 0x00007ffee8554000 	C:\Windows\System32\MSCTF.dll
0x00007ffee8c00000 - 0x00007ffee8d2a000 	C:\Windows\System32\ole32.dll
0x00007ffee1320000 - 0x00007ffee134f000 	C:\Windows\system32\DWMAPI.DLL
0x00007ffeb5d50000 - 0x00007ffeb5e75000 	C:\Windows\system32\opengl32.dll
0x00007ffeb67f0000 - 0x00007ffeb681c000 	C:\Windows\SYSTEM32\GLU32.dll
0x00007ffee6af0000 - 0x00007ffee6b08000 	C:\Windows\SYSTEM32\CRYPTSP.dll
0x00007ffee61d0000 - 0x00007ffee6204000 	C:\Windows\system32\rsaenh.dll
0x00007ffee7760000 - 0x00007ffee7787000 	C:\Windows\System32\bcrypt.dll
0x00007ffee7120000 - 0x00007ffee714e000 	C:\Windows\SYSTEM32\USERENV.dll
0x00007ffee6a20000 - 0x00007ffee6a2c000 	C:\Windows\SYSTEM32\CRYPTBASE.dll
0x00007ffee65a0000 - 0x00007ffee65dc000 	C:\Windows\SYSTEM32\IPHLPAPI.DLL
0x00007ffee7d60000 - 0x00007ffee7d68000 	C:\Windows\System32\NSI.dll
0x00007ffeda430000 - 0x00007ffeda447000 	C:\Windows\SYSTEM32\dhcpcsvc6.DLL
0x00007ffed8d80000 - 0x00007ffed8d9d000 	C:\Windows\SYSTEM32\dhcpcsvc.DLL
0x00007ffee65e0000 - 0x00007ffee66aa000 	C:\Windows\SYSTEM32\DNSAPI.dll
0x00007ffe9d3a0000 - 0x00007ffe9e3ec000 	C:\Users\HP\.skiko\0de0d8dd8554d9bb66cfca3837db6514ff9b71080e998917280a3b777460a416\skiko-windows-x64.dll
0x00007ffeba3d0000 - 0x00007ffeba453000 	C:\Users\HP\.jdks\corretto-17.0.7\bin\freetype.dll
0x00007ffeb9a50000 - 0x00007ffeb9b12000 	C:\Users\HP\.jdks\corretto-17.0.7\bin\fontmanager.dll
0x00007ffedf250000 - 0x00007ffedf257000 	C:\Users\HP\.jdks\corretto-17.0.7\bin\jawt.dll
0x00007ffee5a90000 - 0x00007ffee5b83000 	C:\Windows\SYSTEM32\Dxgi.dll
0x00007ffedc060000 - 0x00007ffedc080000 	C:\Windows\SYSTEM32\D3D12.dll
0x00007ffea8ae0000 - 0x00007ffea8cad000 	C:\Windows\SYSTEM32\D3D12Core.dll
0x00007ffeda9e0000 - 0x00007ffedaa1b000 	C:\Windows\SYSTEM32\dxcore.dll
0x00007ffee7670000 - 0x00007ffee76be000 	C:\Windows\System32\cfgmgr32.dll
0x00007ffed4390000 - 0x00007ffed6fa9000 	C:\Windows\System32\DriverStore\FileRepository\igdlh64.inf_amd64_e6daaea9afe1e6f6\igc64.dll
0x00007ffe72ab0000 - 0x00007ffe73f83000 	C:\Windows\System32\DriverStore\FileRepository\igdlh64.inf_amd64_e6daaea9afe1e6f6\igd12umd64.dll
0x00007ffeda000000 - 0x00007ffeda257000 	C:\Windows\System32\DriverStore\FileRepository\igdlh64.inf_amd64_e6daaea9afe1e6f6\igdgmm64.dll
0x00007ffea4da0000 - 0x00007ffea51ab000 	C:\Windows\System32\DriverStore\FileRepository\igdlh64.inf_amd64_e6daaea9afe1e6f6\igdml64.dll
0x00007ffedbfd0000 - 0x00007ffedbffb000 	C:\Windows\SYSTEM32\D3DSCache.dll
0x00007ffe51780000 - 0x00007ffe55f82000 	C:\Windows\System32\DriverStore\FileRepository\igdlh64.inf_amd64_e6daaea9afe1e6f6\igd12dxva64.dll
0x00007ffee7ea0000 - 0x00007ffee830e000 	C:\Windows\System32\SETUPAPI.dll
0x00007ffe96bf0000 - 0x00007ffe96c17000 	C:\Windows\System32\DriverStore\FileRepository\igdlh64.inf_amd64_e6daaea9afe1e6f6\igdinfo64.dll
0x00007ffeddf50000 - 0x00007ffede157000 	C:\Windows\SYSTEM32\twinapi.appcore.dll
0x00007ffee8ee0000 - 0x00007ffee8f89000 	C:\Windows\System32\clbcatq.dll
0x00007ffe744c0000 - 0x00007ffe75492000 	C:\Windows\System32\DriverStore\FileRepository\igdlh64.inf_amd64_e6daaea9afe1e6f6\ig9icd64.dll
0x00007ffee7090000 - 0x00007ffee70db000 	C:\Windows\SYSTEM32\powrprof.dll
0x00007ffee7070000 - 0x00007ffee7082000 	C:\Windows\SYSTEM32\UMPDC.dll
0x00007ffed2250000 - 0x00007ffed24cf000 	C:\Windows\SYSTEM32\dwrite.dll
0x00007ffed3ec0000 - 0x00007ffed3fb9000 	C:\Windows\SYSTEM32\textinputframework.dll
0x00007ffee0b40000 - 0x00007ffee0c32000 	C:\Windows\System32\CoreMessaging.dll
0x00007ffee0460000 - 0x00007ffee07be000 	C:\Windows\System32\CoreUIComponents.dll
0x00007ffee62f0000 - 0x00007ffee6323000 	C:\Windows\SYSTEM32\ntmarta.dll
0x00007ffedf450000 - 0x00007ffedf5a4000 	C:\Windows\SYSTEM32\wintypes.dll
0x00007ffea2470000 - 0x00007ffea2d22000 	C:\Users\HP\AppData\Local\io-realm-kotlin\f7113120ba00ba1ff91d696eecd3919e85a4e34e\realmc.dll
0x00007ffee7510000 - 0x00007ffee766e000 	C:\Windows\System32\CRYPT32.dll
0x00007ffede280000 - 0x00007ffede2ea000 	C:\Windows\system32\Ninput.dll

dbghelp: loaded successfully - version: 4.0.5 - missing functions: none
symbol engine: initialized successfully - sym options: 0x614 - pdb path: .;C:\Users\HP\.jdks\corretto-17.0.7\bin;C:\Windows\SYSTEM32;C:\Windows\WinSxS\amd64_microsoft.windows.common-controls_6595b64144ccf1df_6.0.19041.1110_none_60b5254171f9507e;C:\Users\HP\.jdks\corretto-17.0.7\bin\server;C:\Program Files\JetBrains\IntelliJ IDEA Community Edition 2021.3.2\bin;C:\Users\HP\.skiko\0de0d8dd8554d9bb66cfca3837db6514ff9b71080e998917280a3b777460a416;C:\Windows\System32\DriverStore\FileRepository\igdlh64.inf_amd64_e6daaea9afe1e6f6;C:\Users\HP\AppData\Local\io-realm-kotlin\f7113120ba00ba1ff91d696eecd3919e85a4e34e

VM Arguments:
jvm_args: -Djava.library.path=C:\Users\HP\Desktop\newderar\build\classes\kotlin\jvm\main;C:\Users\HP\Desktop\newderar\build\processedResources\jvm\main -javaagent:C:\Program Files\JetBrains\IntelliJ IDEA Community Edition 2021.3.2\lib\idea_rt.jar=53763:C:\Program Files\JetBrains\IntelliJ IDEA Community Edition 2021.3.2\bin -Dfile.encoding=UTF-8 
java_command: MainKt
java_class_path (initial): C:\Users\HP\Desktop\newderar\build\classes\kotlin\jvm\main;C:\Users\HP\Desktop\newderar\build\processedResources\jvm\main;C:\Users\HP\.gradle\caches\modules-2\files-2.1\io.insert-koin\koin-androidx-compose\3.4.5\ae0a88b7a68d507e651c5a3d70a541594bea54cb\koin-androidx-compose-3.4.5.aar;C:\Users\HP\.gradle\caches\modules-2\files-2.1\androidx.navigation\navigation-compose\2.6.0\3f8ce7b0bad21cced0c47b42b6347c65a6e422c3\navigation-compose-2.6.0.aar;C:\Users\HP\.gradle\caches\modules-2\files-2.1\org.jetbrains.kotlin\kotlin-stdlib-jdk8\1.8.21\67f57e154437cd9e6e9cf368394b95814836ff88\kotlin-stdlib-jdk8-1.8.21.jar;C:\Users\HP\.gradle\caches\modules-2\files-2.1\org.apache.poi\poi-ooxml\4.1.2\87d9a22aa9a7dd26e80c360e709f7ee02e32ab3b\poi-ooxml-4.1.2.jar;C:\Users\HP\.gradle\caches\modules-2\files-2.1\org.apache.poi\poi\4.1.2\964bf41cf68bce08e4ef6b2279b559fdf8d454f4\poi-4.1.2.jar;C:\Users\HP\.gradle\caches\modules-2\files-2.1\org.lwjgl\lwjgl-nfd\3.3.1\622318116996ddcff449b46cb38f0fdee39b8ac3\lwjgl-nfd-3.3.1.jar;C:\Users\HP\.gradle\caches\modules-2\files-2.1\org.lwjgl\lwjgl-nfd\3.3.1\2e007667e04ed3281152ae5c6e677fb1c2211691\lwjgl-nfd-3.3.1-natives-linux.jar;C:\Users\HP\.gradle\caches\modules-2\files-2.1\org.lwjgl\lwjgl\3.3.1\ae58664f88e18a9bb2c77b063833ca7aaec484cb\lwjgl-3.3.1.jar;C:\Users\HP\.gradle\caches\modules-2\files-2.1\io.insert-koin\koin-android\3.4.0\48715fbe06102a59a30bd45b06ed2400c16c6f45\koin-android-3.4.0.aar;C:\Users\HP\.gradle\caches\modules-2\files-2.1\org.lwjgl\lwjgl-nfd\3.3.1\b3e04e317f55dd738d8a345cdafd15b39f85a2ea\lwjgl-nfd-3.3.1-natives-linux-arm32.jar;C:\Users\HP\.gradle\caches\modules-2\files-2.1\androidx.lifecycle\lifecycle-viewmodel-compose\2.6.1\38cf3bb65ff3e0e5c3d63de2ebf5411d0898108c\lifecycle-viewmodel-compose-2.6.1.aar;C:\Users\HP\.gradle\caches\modules-2\files-2.1\org.lwjgl\lwjgl-nfd\3.3.1\f41dc62336f7ee4ab35705cfa440cc903d199165\lwjgl-nfd-3.3.1-natives-linux-arm64.jar;C:\Users\HP\.gradle\caches\modules-2\files-2.1\androi
Launcher Type: SUN_STANDARD

[Global flags]
     intx CICompilerCount                          = 3                                         {product} {ergonomic}
     uint ConcGCThreads                            = 1                                         {product} {ergonomic}
     uint G1ConcRefinementThreads                  = 4                                         {product} {ergonomic}
   size_t G1HeapRegionSize                         = 2097152                                   {product} {ergonomic}
    uintx GCDrainStackTargetSize                   = 64                                        {product} {ergonomic}
   size_t InitialHeapSize                          = 266338304                                 {product} {ergonomic}
   size_t MarkStackSize                            = 4194304                                   {product} {ergonomic}
   size_t MaxHeapSize                              = 4255121408                                {product} {ergonomic}
   size_t MaxNewSize                               = 2552233984                                {product} {ergonomic}
   size_t MinHeapDeltaBytes                        = 2097152                                   {product} {ergonomic}
   size_t MinHeapSize                              = 8388608                                   {product} {ergonomic}
    uintx NonNMethodCodeHeapSize                   = 5832780                                {pd product} {ergonomic}
    uintx NonProfiledCodeHeapSize                  = 122912730                              {pd product} {ergonomic}
    uintx ProfiledCodeHeapSize                     = 122912730                              {pd product} {ergonomic}
    uintx ReservedCodeCacheSize                    = 251658240                              {pd product} {ergonomic}
     bool SegmentedCodeCache                       = true                                      {product} {ergonomic}
   size_t SoftMaxHeapSize                          = 4255121408                             {manageable} {ergonomic}
     bool UseCompressedClassPointers               = true                           {product lp64_product} {ergonomic}
     bool UseCompressedOops                        = true                           {product lp64_product} {ergonomic}
     bool UseG1GC                                  = true                                      {product} {ergonomic}
     bool UseLargePagesIndividualAllocation        = false                                  {pd product} {ergonomic}

Logging:
Log output configuration:
 #0: stdout all=warning uptime,level,tags
 #1: stderr all=off uptime,level,tags

Environment Variables:
PATH=C:\Program Files\Common Files\Oracle\Java\javapath;C:\Program Files (x86)\Common Files\Oracle\Java\javapath;C:\Windows\system32;C:\Windows;C:\Windows\System32\Wbem;C:\Windows\System32\WindowsPowerShell\v1.0\;C:\Windows\System32\OpenSSH\;C:\xampp\php;C:\ProgramData\ComposerSetup\bin;C:\Program Files\nodejs\;C:\Program Files (x86)\Intel\Intel(R) Management Engine Components\DAL;C:\Program Files\Intel\Intel(R) Management Engine Components\DAL;C:\Program Files\Git\cmd;C:\Program Files\Fortect;C:\Users\HP\AppData\Local\Microsoft\WindowsApps;C:\Program Files\JetBrains\IntelliJ IDEA Community Edition 2021.3.2\bin;C:\Users\HP\AppData\Local\Programs\Microsoft VS Code\bin;C:\Users\HP\AppData\Local\JetBrains\Toolbox\scripts;C:\Users\HP\AppData\Local\GitHubDesktop\bin;C:\Users\HP\Desktop\camp\flutter_windows_3.7.6-stable\flutter\bin;C:\Users\HP\AppData\Roaming\Composer\vendor\bin;C:\Users\HP\AppData\Roaming\npm
USERNAME=HP
OS=Windows_NT
PROCESSOR_IDENTIFIER=Intel64 Family 6 Model 142 Stepping 9, GenuineIntel
TMP=C:\Users\HP\AppData\Local\Temp
TEMP=C:\Users\HP\AppData\Local\Temp



---------------  S Y S T E M  ---------------

OS:
 Windows 10 , 64 bit Build 19041 (10.0.19041.3155)
OS uptime: 2 days 14:07 hours
Hyper-V role detected

CPU: total 4 (initial active 4) (2 cores per cpu, 2 threads per core) family 6 model 142 stepping 9 microcode 0xf2, cx8, cmov, fxsr, ht, mmx, 3dnowpref, sse, sse2, sse3, ssse3, sse4.1, sse4.2, popcnt, lzcnt, tsc, tscinvbit, avx, avx2, aes, erms, clmul, bmi1, bmi2, rtm, adx, fma, vzeroupper, clflush, clflushopt, hv

Memory: 4k page, system-wide physical 16224M (5693M free)
TotalPageFile size 32096M (AvailPageFile size 19800M)
current process WorkingSet (physical memory assigned to process): 268M, peak: 325M
current process commit charge ("private bytes"): 285M, peak: 432M

vm_info: OpenJDK 64-Bit Server VM (17.0.7+7-LTS) for windows-amd64 JRE (17.0.7+7-LTS), built on Apr 14 2023 01:39:21 by "Administrator" with MS VC++ 15.9 (VS2017)

END.
