#
# A fatal error has been detected by the Java Runtime Environment:
#
#  EXCEPTION_ACCESS_VIOLATION (0xc0000005) at pc=0x00007ffe74e7ebe3, pid=18044, tid=9528
#
# JRE version: OpenJDK Runtime Environment Corretto-17.0.7.7.1 (17.0.7+7) (build 17.0.7+7-LTS)
# Java VM: OpenJDK 64-Bit Server VM Corretto-17.0.7.7.1 (17.0.7+7-LTS, mixed mode, sharing, tiered, compressed oops, compressed class ptrs, g1 gc, windows-amd64)
# Problematic frame:
# C  [ig9icd64.dll+0x9bebe3]
#
# No core dump will be written. Minidumps are not enabled by default on client versions of Windows
#
# If you would like to submit a bug report, please visit:
#   https://github.com/corretto/corretto-17/issues/
# The crash happened outside the Java Virtual Machine in native code.
# See problematic frame for where to report the bug.
#

---------------  S U M M A R Y ------------

Command Line: -Djava.library.path=C:\Users\HP\Desktop\newderar\build\classes\kotlin\jvm\main;C:\Users\HP\Desktop\newderar\build\processedResources\jvm\main -javaagent:C:\Program Files\JetBrains\IntelliJ IDEA Community Edition 2021.3.2\lib\idea_rt.jar=54316:C:\Program Files\JetBrains\IntelliJ IDEA Community Edition 2021.3.2\bin -Dfile.encoding=UTF-8 MainKt

Host: Intel(R) Core(TM) i5-7300U CPU @ 2.60GHz, 4 cores, 15G,  Windows 10 , 64 bit Build 19041 (10.0.19041.3155)
Time: Sat Jul  8 17:42:19 2023 Libya Standard Time elapsed time: 20.423747 seconds (0d 0h 0m 20s)

---------------  T H R E A D  ---------------

Current thread (0x000002657d63b7b0):  JavaThread "AWT-EventQueue-0" [_thread_in_native, id=9528, stack(0x000000df67d00000,0x000000df67e00000)]

Stack: [0x000000df67d00000,0x000000df67e00000],  sp=0x000000df67dfca88,  free space=1010k
Native frames: (J=compiled Java code, j=interpreted, Vv=VM code, C=native code)
C  [ig9icd64.dll+0x9bebe3]

Java frames: (J=compiled Java code, j=interpreted, Vv=VM code)
J 5227  org.jetbrains.skia.DirectContextKt.DirectContext_nFlush(J)V (0 bytes) @ 0x00000265658806e9 [0x00000265658806a0+0x0000000000000049]
J 5224 c1 org.jetbrains.skiko.context.ContextHandler.flush()V (17 bytes) @ 0x000002655e51ffdc [0x000002655e51fe60+0x000000000000017c]
J 5068 c1 org.jetbrains.skiko.context.ContextHandler.draw()V (91 bytes) @ 0x000002655e4dd5e4 [0x000002655e4dcae0+0x0000000000000b04]
J 4809 c1 org.jetbrains.skiko.redrawer.WindowsOpenGLRedrawer.draw()V (288 bytes) @ 0x000002655e42bbbc [0x000002655e42b4a0+0x000000000000071c]
J 4656 c1 org.jetbrains.skiko.redrawer.WindowsOpenGLRedrawer$Companion$frameDispatcher$1.invokeSuspend(Ljava/lang/Object;)Ljava/lang/Object; (379 bytes) @ 0x000002655e3c7374 [0x000002655e3c6000+0x0000000000001374]
J 4808 c1 org.jetbrains.skiko.redrawer.WindowsOpenGLRedrawer$Companion$frameDispatcher$1.invoke(Ljava/lang/Object;)Ljava/lang/Object; (9 bytes) @ 0x000002655e42ac04 [0x000002655e42a6a0+0x0000000000000564]
J 4647 c1 org.jetbrains.skiko.FrameDispatcher$job$1.invokeSuspend(Ljava/lang/Object;)Ljava/lang/Object; (156 bytes) @ 0x000002655e3be0c4 [0x000002655e3bd720+0x00000000000009a4]
J 4835 c2 kotlin.coroutines.jvm.internal.BaseContinuationImpl.resumeWith(Ljava/lang/Object;)V (128 bytes) @ 0x00000265657f8680 [0x00000265657f8620+0x0000000000000060]
J 5163 c1 kotlinx.coroutines.DispatchedTask.run()V (571 bytes) @ 0x000002655e507314 [0x000002655e505f20+0x00000000000013f4]
J 5200 c2 java.awt.EventQueue.dispatchEvent(Ljava/awt/AWTEvent;)V java.desktop@17.0.7 (80 bytes) @ 0x00000265658811e8 [0x0000026565880c20+0x00000000000005c8]
J 2218 c1 java.awt.EventDispatchThread.pumpOneEventForFilters(I)V java.desktop@17.0.7 (113 bytes) @ 0x000002655de9f834 [0x000002655de9f1a0+0x0000000000000694]
j  java.awt.EventDispatchThread.pumpEventsForFilter(ILjava/awt/Conditional;Ljava/awt/EventFilter;)V+35 java.desktop@17.0.7
j  java.awt.EventDispatchThread.pumpEventsForHierarchy(ILjava/awt/Conditional;Ljava/awt/Component;)V+11 java.desktop@17.0.7
j  java.awt.EventDispatchThread.pumpEvents(ILjava/awt/Conditional;)V+4 java.desktop@17.0.7
j  java.awt.EventDispatchThread.pumpEvents(Ljava/awt/Conditional;)V+3 java.desktop@17.0.7
j  java.awt.EventDispatchThread.run()V+9 java.desktop@17.0.7
v  ~StubRoutines::call_stub

siginfo: EXCEPTION_ACCESS_VIOLATION (0xc0000005), reading address 0xffffffffffffffff


Register to memory mapping:

RIP=0x00007ffe74e7ebe3 ig9icd64.dll
RAX=0x000000000fff0fff is an unknown value
RBX=0x00007ffe744c0000 ig9icd64.dll
RCX=0x000000033fcf3fcc is an unknown value
RDX=0x000000df67dfcfa0 is pointing into the stack for thread: 0x000002657d63b7b0
RSP=0x000000df67dfca88 is pointing into the stack for thread: 0x000002657d63b7b0
RBP=0x000000df67dfcb90 is pointing into the stack for thread: 0x000002657d63b7b0
RSI=0x0000026500050000 points into unknown readable memory: 0x000002657dedb140 | 40 b1 ed 7d 65 02 00 00
RDI=0x000000df67dfcd90 is pointing into the stack for thread: 0x000002657d63b7b0
R8 =0x000000df67dfcbc0 is pointing into the stack for thread: 0x000002657d63b7b0
R9 =0x000000df67dfcfa0 is pointing into the stack for thread: 0x000002657d63b7b0
R10=0x000000df67dfcd90 is pointing into the stack for thread: 0x000002657d63b7b0
R11=0x0 is NULL
R12=0x00007ffe752f15e0 ig9icd64.dll
R13=0x0 is NULL
R14=0x0 is NULL
R15=0x00000000000001c1 is an unknown value


Registers:
RAX=0x000000000fff0fff, RBX=0x00007ffe744c0000, RCX=0x000000033fcf3fcc, RDX=0x000000df67dfcfa0
RSP=0x000000df67dfca88, RBP=0x000000df67dfcb90, RSI=0x0000026500050000, RDI=0x000000df67dfcd90
R8 =0x000000df67dfcbc0, R9 =0x000000df67dfcfa0, R10=0x000000df67dfcd90, R11=0x0000000000000000
R12=0x00007ffe752f15e0, R13=0x0000000000000000, R14=0x0000000000000000, R15=0x00000000000001c1
RIP=0x00007ffe74e7ebe3, EFLAGS=0x0000000000010206

Top of Stack: (sp=0x000000df67dfca88)
0x000000df67dfca88:   00007ffe74e7c31b 0000000000000001
0x000000df67dfca98:   0000000000000000 00000265088bf700
0x000000df67dfcaa8:   00007ffeda002622 000000df00000065
0x000000df67dfcab8:   000000df67dfccc0 0000000000000000
0x000000df67dfcac8:   00000265087e5f20 0000000000000000
0x000000df67dfcad8:   00000265087eb290 00000265088bf7f0
0x000000df67dfcae8:   0000000000001100 0000000000000000
0x000000df67dfcaf8:   0000000000000000 000000df67dfcc70
0x000000df67dfcb08:   00007ffe74b179c0 0000000000000000
0x000000df67dfcb18:   0000000000000000 0000000000000000
0x000000df67dfcb28:   0000000000000000 00003fa1bf3ed299
0x000000df67dfcb38:   00007ffe744d6555 00000265088bf7f0
0x000000df67dfcb48:   0000000000000001 0000000000000000
0x000000df67dfcb58:   00007ffee9b7b86b 0000000000b40160
0x000000df67dfcb68:   0000000000000044 00000265006dc1a0
0x000000df67dfcb78:   0000000000000000 0000000000000000 

Instructions: (pc=0x00007ffe74e7ebe3)
0x00007ffe74e7eae3:   c1 75 31 00 48 89 51 08 48 89 01 8b 44 24 28 89
0x00007ffe74e7eaf3:   41 20 8b 44 24 30 89 41 24 48 8b c1 4c 89 41 10
0x00007ffe74e7eb03:   4c 89 49 18 c3 cc cc cc cc cc cc cc cc 48 89 5c
0x00007ffe74e7eb13:   24 08 8b 41 5c 48 8d 1d e1 14 64 ff 41 89 40 08
0x00007ffe74e7eb23:   4c 8b d1 8b 41 60 45 33 db 41 89 40 0c 4c 8b ca
0x00007ffe74e7eb33:   8b 41 64 41 89 40 10 8b 41 68 41 89 40 14 8b 41
0x00007ffe74e7eb43:   6c 41 89 40 18 8b 41 70 41 89 40 1c 48 63 41 74
0x00007ffe74e7eb53:   48 6b c8 34 8b 84 19 44 d1 ee 00 41 89 40 20 8b
0x00007ffe74e7eb63:   84 19 48 d1 ee 00 41 89 40 24 8b 84 19 4c d1 ee
0x00007ffe74e7eb73:   00 41 89 40 28 8b 84 19 50 d1 ee 00 41 89 40 2c
0x00007ffe74e7eb83:   8b 84 19 34 d1 ee 00 41 89 40 30 8b 84 19 38 d1
0x00007ffe74e7eb93:   ee 00 41 89 40 34 8b 84 19 3c d1 ee 00 41 89 40
0x00007ffe74e7eba3:   38 8b 84 19 40 d1 ee 00 41 89 40 3c 8b 84 19 24
0x00007ffe74e7ebb3:   d1 ee 00 41 89 40 40 8b 84 19 28 d1 ee 00 41 89
0x00007ffe74e7ebc3:   40 44 8b 84 19 2c d1 ee 00 41 89 40 48 8b 84 19
0x00007ffe74e7ebd3:   30 d1 ee 00 41 89 40 4c 49 63 42 78 48 6b c8 34
0x00007ffe74e7ebe3:   8b 84 19 44 d1 ee 00 41 89 40 50 8b 84 19 48 d1
0x00007ffe74e7ebf3:   ee 00 41 89 40 54 8b 84 19 4c d1 ee 00 41 89 40
0x00007ffe74e7ec03:   58 8b 84 19 50 d1 ee 00 41 89 40 5c 8b 84 19 34
0x00007ffe74e7ec13:   d1 ee 00 41 89 40 60 8b 84 19 38 d1 ee 00 41 89
0x00007ffe74e7ec23:   40 64 8b 84 19 3c d1 ee 00 41 89 40 68 8b 84 19
0x00007ffe74e7ec33:   40 d1 ee 00 41 89 40 6c 8b 84 19 24 d1 ee 00 41
0x00007ffe74e7ec43:   89 40 70 8b 84 19 28 d1 ee 00 41 89 40 74 8b 84
0x00007ffe74e7ec53:   19 2c d1 ee 00 41 89 40 78 8b 84 19 30 d1 ee 00
0x00007ffe74e7ec63:   41 89 40 7c 48 8b 42 18 8b 88 38 0b 00 00 f6 c1
0x00007ffe74e7ec73:   08 0f 84 86 00 00 00 8b 80 3c 0b 00 00 41 89 80
0x00007ffe74e7ec83:   80 00 00 00 48 8b 42 18 8b 88 40 0b 00 00 41 89
0x00007ffe74e7ec93:   88 84 00 00 00 48 8b 42 18 8b 88 44 0b 00 00 41
0x00007ffe74e7eca3:   89 88 88 00 00 00 48 8b 42 18 8b 88 48 0b 00 00
0x00007ffe74e7ecb3:   41 89 88 8c 00 00 00 48 8b 42 18 8b 88 4c 0b 00
0x00007ffe74e7ecc3:   00 41 89 88 90 00 00 00 48 8b 42 18 8b 88 50 0b
0x00007ffe74e7ecd3:   00 00 41 89 88 94 00 00 00 48 8b 42 18 8b 88 54 


Stack slot to memory mapping:
stack at sp + 0 slots: 0x00007ffe74e7c31b ig9icd64.dll
stack at sp + 1 slots: 0x0000000000000001 is an unknown value
stack at sp + 2 slots: 0x0 is NULL
stack at sp + 3 slots: 0x00000265088bf700 points into unknown readable memory: 0x0024e024d824d024 | 24 d0 24 d8 24 e0 24 00
stack at sp + 4 slots: 0x00007ffeda002622 igdgmm64.dll
stack at sp + 5 slots: 0x000000df00000065 is an unknown value
stack at sp + 6 slots: 0x000000df67dfccc0 is pointing into the stack for thread: 0x000002657d63b7b0
stack at sp + 7 slots: 0x0 is NULL


---------------  P R O C E S S  ---------------

Threads class SMR info:
_java_thread_list=0x0000026508bc9c40, length=28, elements={
0x0000026555fd6a30, 0x0000026578684b70, 0x0000026578686180, 0x0000026578698410,
0x000002657869cee0, 0x000002657869f9a0, 0x00000265786a0350, 0x00000265786a10e0,
0x00000265786adb10, 0x00000265786ae8b0, 0x00000265788569e0, 0x0000026578ae1ac0,
0x000002657d181de0, 0x000002657d6575c0, 0x000002657d657f10, 0x000002657d63b7b0,
0x000002657d948e10, 0x000002657db2a740, 0x000002657da3fa60, 0x000002657da3ebf0,
0x000002657da3f0c0, 0x000002657da41c10, 0x000002657da41740, 0x000002657dfdb340,
0x000002657dfdf6a0, 0x000002657dfdd9c0, 0x000002657dfde830, 0x000002657dfdc1b0
}

Java Threads: ( => current thread )
  0x0000026555fd6a30 JavaThread "main" [_thread_blocked, id=14400, stack(0x000000df66200000,0x000000df66300000)]
  0x0000026578684b70 JavaThread "Reference Handler" daemon [_thread_blocked, id=7268, stack(0x000000df66900000,0x000000df66a00000)]
  0x0000026578686180 JavaThread "Finalizer" daemon [_thread_blocked, id=8908, stack(0x000000df66a00000,0x000000df66b00000)]
  0x0000026578698410 JavaThread "Signal Dispatcher" daemon [_thread_blocked, id=18108, stack(0x000000df66b00000,0x000000df66c00000)]
  0x000002657869cee0 JavaThread "Attach Listener" daemon [_thread_blocked, id=19224, stack(0x000000df66c00000,0x000000df66d00000)]
  0x000002657869f9a0 JavaThread "Service Thread" daemon [_thread_blocked, id=16440, stack(0x000000df66d00000,0x000000df66e00000)]
  0x00000265786a0350 JavaThread "Monitor Deflation Thread" daemon [_thread_blocked, id=2500, stack(0x000000df66e00000,0x000000df66f00000)]
  0x00000265786a10e0 JavaThread "C2 CompilerThread0" daemon [_thread_blocked, id=15748, stack(0x000000df66f00000,0x000000df67000000)]
  0x00000265786adb10 JavaThread "C1 CompilerThread0" daemon [_thread_blocked, id=6236, stack(0x000000df67000000,0x000000df67100000)]
  0x00000265786ae8b0 JavaThread "Sweeper thread" daemon [_thread_blocked, id=14692, stack(0x000000df67100000,0x000000df67200000)]
  0x00000265788569e0 JavaThread "Common-Cleaner" daemon [_thread_blocked, id=15244, stack(0x000000df67200000,0x000000df67300000)]
  0x0000026578ae1ac0 JavaThread "Monitor Ctrl-Break" daemon [_thread_in_native, id=4920, stack(0x000000df67400000,0x000000df67500000)]
  0x000002657d181de0 JavaThread "Notification Thread" daemon [_thread_blocked, id=15188, stack(0x000000df67500000,0x000000df67600000)]
  0x000002657d6575c0 JavaThread "Java2D Disposer" daemon [_thread_blocked, id=7972, stack(0x000000df67a00000,0x000000df67b00000)]
  0x000002657d657f10 JavaThread "AWT-Shutdown" [_thread_blocked, id=16752, stack(0x000000df67b00000,0x000000df67c00000)]
=>0x000002657d63b7b0 JavaThread "AWT-EventQueue-0" [_thread_in_native, id=9528, stack(0x000000df67d00000,0x000000df67e00000)]
  0x000002657d948e10 JavaThread "Reference Cleaner" daemon [_thread_blocked, id=17892, stack(0x000000df67300000,0x000000df67400000)]
  0x000002657db2a740 JavaThread "DefaultDispatcher-worker-1" daemon [_thread_blocked, id=10484, stack(0x000000df67e00000,0x000000df67f00000)]
  0x000002657da3fa60 JavaThread "DefaultDispatcher-worker-2" daemon [_thread_blocked, id=18328, stack(0x000000df67f00000,0x000000df68000000)]
  0x000002657da3ebf0 JavaThread "DefaultDispatcher-worker-3" daemon [_thread_blocked, id=9408, stack(0x000000df68000000,0x000000df68100000)]
  0x000002657da3f0c0 JavaThread "kotlinx.coroutines.DefaultExecutor" daemon [_thread_blocked, id=16136, stack(0x000000df68100000,0x000000df68200000)]
  0x000002657da41c10 JavaThread "TimerQueue" daemon [_thread_blocked, id=12988, stack(0x000000df68600000,0x000000df68700000)]
  0x000002657da41740 JavaThread "RealmFinalizingDaemon" daemon [_thread_blocked, id=4484, stack(0x000000df68900000,0x000000df68a00000)]
  0x000002657dfdb340 JavaThread "core-notifier" daemon [_thread_in_native, id=15960, stack(0x000000df68b00000,0x000000df68c00000)]
  0x000002657dfdf6a0 JavaThread "DefaultDispatcher-worker-4" daemon [_thread_blocked, id=15404, stack(0x000000df68d00000,0x000000df68e00000)]
  0x000002657dfdd9c0 JavaThread "DefaultDispatcher-worker-5" daemon [_thread_blocked, id=18376, stack(0x000000df68e00000,0x000000df68f00000)]
  0x000002657dfde830 JavaThread "DefaultDispatcher-worker-6" daemon [_thread_blocked, id=15288, stack(0x000000df68f00000,0x000000df69000000)]
  0x000002657dfdc1b0 JavaThread "SIGINT handler" daemon [_thread_blocked, id=7524, stack(0x000000df68700000,0x000000df68800000)]

Other Threads:
  0x000002657867ef10 VMThread "VM Thread" [stack: 0x000000df66800000,0x000000df66900000] [id=14132]
  0x000002657d18ad60 WatcherThread [stack: 0x000000df67600000,0x000000df67700000] [id=4160]
  0x00000265560407c0 GCTaskThread "GC Thread#0" [stack: 0x000000df66300000,0x000000df66400000] [id=304]
  0x000002657d436c10 GCTaskThread "GC Thread#1" [stack: 0x000000df67700000,0x000000df67800000] [id=6096]
  0x000002657d436ec0 GCTaskThread "GC Thread#2" [stack: 0x000000df67800000,0x000000df67900000] [id=14032]
  0x000002657d258a40 GCTaskThread "GC Thread#3" [stack: 0x000000df67900000,0x000000df67a00000] [id=10196]
  0x0000026556051490 ConcurrentGCThread "G1 Main Marker" [stack: 0x000000df66400000,0x000000df66500000] [id=9684]
  0x00000265560526e0 ConcurrentGCThread "G1 Conc#0" [stack: 0x000000df66500000,0x000000df66600000] [id=14560]
  0x000002655608d070 ConcurrentGCThread "G1 Refine#0" [stack: 0x000000df66600000,0x000000df66700000] [id=9480]
  0x000002655608da90 ConcurrentGCThread "G1 Service" [stack: 0x000000df66700000,0x000000df66800000] [id=16708]

Threads with active compile tasks:

VM state: not at safepoint (normal execution)

VM Mutex/Monitor currently owned by a thread: None

Heap address: 0x0000000702600000, size: 4058 MB, Compressed Oops mode: Zero based, Oop shift amount: 3

CDS archive(s) mapped at: [0x0000000800000000-0x0000000800bc0000-0x0000000800bc0000), size 12320768, SharedBaseAddress: 0x0000000800000000, ArchiveRelocationMode: 0.
Compressed class space mapped at: 0x0000000801000000-0x0000000841000000, reserved size: 1073741824
Narrow klass base: 0x0000000800000000, Narrow klass shift: 0, Narrow klass range: 0x100000000

GC Precious Log:
 CPUs: 4 total, 4 available
 Memory: 16224M
 Large Page Support: Disabled
 NUMA Support: Disabled
 Compressed Oops: Enabled (Zero based)
 Heap Region Size: 2M
 Heap Min Capacity: 8M
 Heap Initial Capacity: 254M
 Heap Max Capacity: 4058M
 Pre-touch: Disabled
 Parallel Workers: 4
 Concurrent Workers: 1
 Concurrent Refinement Workers: 4
 Periodic GC: Disabled

Heap:
 garbage-first heap   total 155648K, used 77613K [0x0000000702600000, 0x0000000800000000)
  region size 2048K, 27 young (55296K), 2 survivors (4096K)
 Metaspace       used 34193K, committed 34432K, reserved 1114112K
  class space    used 3711K, committed 3840K, reserved 1048576K

Heap Regions: E=young(eden), S=young(survivor), O=old, HS=humongous(starts), HC=humongous(continues), CS=collection set, F=free, OA=open archive, CA=closed archive, TAMS=top-at-mark-start (previous, next)
|   0|0x0000000702600000, 0x0000000702800000, 0x0000000702800000|100%|HS|  |TAMS 0x0000000702800000, 0x0000000702600000| Complete 
|   1|0x0000000702800000, 0x0000000702a00000, 0x0000000702a00000|100%| O|  |TAMS 0x0000000702a00000, 0x0000000702800000| Untracked 
|   2|0x0000000702a00000, 0x0000000702c00000, 0x0000000702c00000|100%| O|  |TAMS 0x0000000702c00000, 0x0000000702a00000| Untracked 
|   3|0x0000000702c00000, 0x0000000702e00000, 0x0000000702e00000|100%|HS|  |TAMS 0x0000000702c00000, 0x0000000702c00000| Complete 
|   4|0x0000000702e00000, 0x0000000703000000, 0x0000000703000000|100%|HC|  |TAMS 0x0000000702e00000, 0x0000000702e00000| Complete 
|   5|0x0000000703000000, 0x0000000703200000, 0x0000000703200000|100%|HC|  |TAMS 0x0000000703000000, 0x0000000703000000| Complete 
|   6|0x0000000703200000, 0x0000000703400000, 0x0000000703400000|100%|HC|  |TAMS 0x0000000703200000, 0x0000000703200000| Complete 
|   7|0x0000000703400000, 0x0000000703600000, 0x0000000703600000|100%|HS|  |TAMS 0x0000000703400000, 0x0000000703400000| Complete 
|   8|0x0000000703600000, 0x0000000703800000, 0x0000000703800000|100%|HC|  |TAMS 0x0000000703600000, 0x0000000703600000| Complete 
|   9|0x0000000703800000, 0x0000000703a00000, 0x0000000703a00000|100%|HC|  |TAMS 0x0000000703800000, 0x0000000703800000| Complete 
|  10|0x0000000703a00000, 0x0000000703c00000, 0x0000000703c00000|100%| O|  |TAMS 0x0000000703a00000, 0x0000000703a00000| Untracked 
|  11|0x0000000703c00000, 0x0000000703e00000, 0x0000000703e00000|100%| O|  |TAMS 0x0000000703c00000, 0x0000000703c00000| Untracked 
|  12|0x0000000703e00000, 0x0000000703ec0200, 0x0000000704000000| 37%| O|  |TAMS 0x0000000703e00000, 0x0000000703e00000| Untracked 
|  13|0x0000000704000000, 0x000000070410b2a8, 0x0000000704200000| 52%| S|CS|TAMS 0x0000000704000000, 0x0000000704000000| Complete 
|  14|0x0000000704200000, 0x0000000704400000, 0x0000000704400000|100%| S|CS|TAMS 0x0000000704200000, 0x0000000704200000| Complete 
|  15|0x0000000704400000, 0x0000000704400000, 0x0000000704600000|  0%| F|  |TAMS 0x0000000704400000, 0x0000000704400000| Untracked 
|  16|0x0000000704600000, 0x0000000704600000, 0x0000000704800000|  0%| F|  |TAMS 0x0000000704600000, 0x0000000704600000| Untracked 
|  17|0x0000000704800000, 0x0000000704800000, 0x0000000704a00000|  0%| F|  |TAMS 0x0000000704800000, 0x0000000704800000| Untracked 
|  18|0x0000000704a00000, 0x0000000704a00000, 0x0000000704c00000|  0%| F|  |TAMS 0x0000000704a00000, 0x0000000704a00000| Untracked 
|  19|0x0000000704c00000, 0x0000000704c00000, 0x0000000704e00000|  0%| F|  |TAMS 0x0000000704c00000, 0x0000000704c00000| Untracked 
|  20|0x0000000704e00000, 0x0000000704e00000, 0x0000000705000000|  0%| F|  |TAMS 0x0000000704e00000, 0x0000000704e00000| Untracked 
|  21|0x0000000705000000, 0x0000000705000000, 0x0000000705200000|  0%| F|  |TAMS 0x0000000705000000, 0x0000000705000000| Untracked 
|  22|0x0000000705200000, 0x0000000705200000, 0x0000000705400000|  0%| F|  |TAMS 0x0000000705200000, 0x0000000705200000| Untracked 
|  23|0x0000000705400000, 0x0000000705400000, 0x0000000705600000|  0%| F|  |TAMS 0x0000000705400000, 0x0000000705400000| Untracked 
|  24|0x0000000705600000, 0x0000000705600000, 0x0000000705800000|  0%| F|  |TAMS 0x0000000705600000, 0x0000000705600000| Untracked 
|  25|0x0000000705800000, 0x0000000705800000, 0x0000000705a00000|  0%| F|  |TAMS 0x0000000705800000, 0x0000000705800000| Untracked 
|  26|0x0000000705a00000, 0x0000000705a00000, 0x0000000705c00000|  0%| F|  |TAMS 0x0000000705a00000, 0x0000000705a00000| Untracked 
|  27|0x0000000705c00000, 0x0000000705c00000, 0x0000000705e00000|  0%| F|  |TAMS 0x0000000705c00000, 0x0000000705c00000| Untracked 
|  28|0x0000000705e00000, 0x0000000705e00000, 0x0000000706000000|  0%| F|  |TAMS 0x0000000705e00000, 0x0000000705e00000| Untracked 
|  29|0x0000000706000000, 0x0000000706000000, 0x0000000706200000|  0%| F|  |TAMS 0x0000000706000000, 0x0000000706000000| Untracked 
|  30|0x0000000706200000, 0x0000000706200000, 0x0000000706400000|  0%| F|  |TAMS 0x0000000706200000, 0x0000000706200000| Untracked 
|  31|0x0000000706400000, 0x0000000706400000, 0x0000000706600000|  0%| F|  |TAMS 0x0000000706400000, 0x0000000706400000| Untracked 
|  32|0x0000000706600000, 0x0000000706600000, 0x0000000706800000|  0%| F|  |TAMS 0x0000000706600000, 0x0000000706600000| Untracked 
|  33|0x0000000706800000, 0x0000000706800000, 0x0000000706a00000|  0%| F|  |TAMS 0x0000000706800000, 0x0000000706800000| Untracked 
|  34|0x0000000706a00000, 0x0000000706a00000, 0x0000000706c00000|  0%| F|  |TAMS 0x0000000706a00000, 0x0000000706a00000| Untracked 
|  35|0x0000000706c00000, 0x0000000706c00000, 0x0000000706e00000|  0%| F|  |TAMS 0x0000000706c00000, 0x0000000706c00000| Untracked 
|  36|0x0000000706e00000, 0x0000000706e00000, 0x0000000707000000|  0%| F|  |TAMS 0x0000000706e00000, 0x0000000706e00000| Untracked 
|  37|0x0000000707000000, 0x0000000707000000, 0x0000000707200000|  0%| F|  |TAMS 0x0000000707000000, 0x0000000707000000| Untracked 
|  38|0x0000000707200000, 0x0000000707200000, 0x0000000707400000|  0%| F|  |TAMS 0x0000000707200000, 0x0000000707200000| Untracked 
|  39|0x0000000707400000, 0x0000000707400000, 0x0000000707600000|  0%| F|  |TAMS 0x0000000707400000, 0x0000000707400000| Untracked 
|  40|0x0000000707600000, 0x0000000707600000, 0x0000000707800000|  0%| F|  |TAMS 0x0000000707600000, 0x0000000707600000| Untracked 
|  41|0x0000000707800000, 0x0000000707800000, 0x0000000707a00000|  0%| F|  |TAMS 0x0000000707800000, 0x0000000707800000| Untracked 
|  42|0x0000000707a00000, 0x0000000707a00000, 0x0000000707c00000|  0%| F|  |TAMS 0x0000000707a00000, 0x0000000707a00000| Untracked 
|  43|0x0000000707c00000, 0x0000000707c00000, 0x0000000707e00000|  0%| F|  |TAMS 0x0000000707c00000, 0x0000000707c00000| Untracked 
|  44|0x0000000707e00000, 0x0000000707e00000, 0x0000000708000000|  0%| F|  |TAMS 0x0000000707e00000, 0x0000000707e00000| Untracked 
|  45|0x0000000708000000, 0x0000000708000000, 0x0000000708200000|  0%| F|  |TAMS 0x0000000708000000, 0x0000000708000000| Untracked 
|  46|0x0000000708200000, 0x0000000708200000, 0x0000000708400000|  0%| F|  |TAMS 0x0000000708200000, 0x0000000708200000| Untracked 
|  47|0x0000000708400000, 0x0000000708400000, 0x0000000708600000|  0%| F|  |TAMS 0x0000000708400000, 0x0000000708400000| Untracked 
|  48|0x0000000708600000, 0x0000000708600000, 0x0000000708800000|  0%| F|  |TAMS 0x0000000708600000, 0x0000000708600000| Untracked 
|  49|0x0000000708800000, 0x0000000708800000, 0x0000000708a00000|  0%| F|  |TAMS 0x0000000708800000, 0x0000000708800000| Untracked 
|  50|0x0000000708a00000, 0x0000000708a00000, 0x0000000708c00000|  0%| F|  |TAMS 0x0000000708a00000, 0x0000000708a00000| Untracked 
|  51|0x0000000708c00000, 0x0000000708d2f800, 0x0000000708e00000| 59%| E|  |TAMS 0x0000000708c00000, 0x0000000708c00000| Complete 
|  52|0x0000000708e00000, 0x0000000709000000, 0x0000000709000000|100%| E|CS|TAMS 0x0000000708e00000, 0x0000000708e00000| Complete 
|  53|0x0000000709000000, 0x0000000709200000, 0x0000000709200000|100%| E|CS|TAMS 0x0000000709000000, 0x0000000709000000| Complete 
|  54|0x0000000709200000, 0x0000000709400000, 0x0000000709400000|100%| E|CS|TAMS 0x0000000709200000, 0x0000000709200000| Complete 
|  55|0x0000000709400000, 0x0000000709600000, 0x0000000709600000|100%| E|CS|TAMS 0x0000000709400000, 0x0000000709400000| Complete 
|  56|0x0000000709600000, 0x0000000709800000, 0x0000000709800000|100%| E|CS|TAMS 0x0000000709600000, 0x0000000709600000| Complete 
|  57|0x0000000709800000, 0x0000000709a00000, 0x0000000709a00000|100%| E|CS|TAMS 0x0000000709800000, 0x0000000709800000| Complete 
|  58|0x0000000709a00000, 0x0000000709c00000, 0x0000000709c00000|100%| E|CS|TAMS 0x0000000709a00000, 0x0000000709a00000| Complete 
|  59|0x0000000709c00000, 0x0000000709e00000, 0x0000000709e00000|100%| E|CS|TAMS 0x0000000709c00000, 0x0000000709c00000| Complete 
|  60|0x0000000709e00000, 0x000000070a000000, 0x000000070a000000|100%| E|CS|TAMS 0x0000000709e00000, 0x0000000709e00000| Complete 
|  61|0x000000070a000000, 0x000000070a200000, 0x000000070a200000|100%| E|CS|TAMS 0x000000070a000000, 0x000000070a000000| Complete 
|  62|0x000000070a200000, 0x000000070a400000, 0x000000070a400000|100%| E|CS|TAMS 0x000000070a200000, 0x000000070a200000| Complete 
|  63|0x000000070a400000, 0x000000070a600000, 0x000000070a600000|100%| E|CS|TAMS 0x000000070a400000, 0x000000070a400000| Complete 
|  64|0x000000070a600000, 0x000000070a800000, 0x000000070a800000|100%| E|CS|TAMS 0x000000070a600000, 0x000000070a600000| Complete 
|  65|0x000000070a800000, 0x000000070aa00000, 0x000000070aa00000|100%| E|CS|TAMS 0x000000070a800000, 0x000000070a800000| Complete 
|  66|0x000000070aa00000, 0x000000070ac00000, 0x000000070ac00000|100%| E|CS|TAMS 0x000000070aa00000, 0x000000070aa00000| Complete 
|  67|0x000000070ac00000, 0x000000070ae00000, 0x000000070ae00000|100%| E|CS|TAMS 0x000000070ac00000, 0x000000070ac00000| Complete 
|  68|0x000000070ae00000, 0x000000070b000000, 0x000000070b000000|100%| E|CS|TAMS 0x000000070ae00000, 0x000000070ae00000| Complete 
|  69|0x000000070b000000, 0x000000070b200000, 0x000000070b200000|100%| E|CS|TAMS 0x000000070b000000, 0x000000070b000000| Complete 
|  70|0x000000070b200000, 0x000000070b400000, 0x000000070b400000|100%| E|CS|TAMS 0x000000070b200000, 0x000000070b200000| Complete 
|  71|0x000000070b400000, 0x000000070b600000, 0x000000070b600000|100%| E|CS|TAMS 0x000000070b400000, 0x000000070b400000| Complete 
|  72|0x000000070b600000, 0x000000070b800000, 0x000000070b800000|100%| E|CS|TAMS 0x000000070b600000, 0x000000070b600000| Complete 
| 106|0x000000070fa00000, 0x000000070fc00000, 0x000000070fc00000|100%| E|CS|TAMS 0x000000070fa00000, 0x000000070fa00000| Complete 
| 107|0x000000070fc00000, 0x000000070fe00000, 0x000000070fe00000|100%| E|CS|TAMS 0x000000070fc00000, 0x000000070fc00000| Complete 
| 126|0x0000000712200000, 0x0000000712400000, 0x0000000712400000|100%| E|CS|TAMS 0x0000000712200000, 0x0000000712200000| Complete 

Card table byte_map: [0x000002656d2c0000,0x000002656dab0000] _byte_map_base: 0x0000026569aad000

Marking Bits (Prev, Next): (CMBitMap*) 0x0000026556040e10, (CMBitMap*) 0x0000026556040dd0
 Prev Bits: [0x0000026572210000, 0x0000026576178000)
 Next Bits: [0x000002656e2a0000, 0x0000026572208000)

Polling page: 0x0000026553f80000

Metaspace:

Usage:
  Non-class:     29.77 MB used.
      Class:      3.62 MB used.
       Both:     33.39 MB used.

Virtual space:
  Non-class space:       64.00 MB reserved,      29.88 MB ( 47%) committed,  1 nodes.
      Class space:        1.00 GB reserved,       3.75 MB ( <1%) committed,  1 nodes.
             Both:        1.06 GB reserved,      33.63 MB (  3%) committed. 

Chunk freelists:
   Non-Class:  1.55 MB
       Class:  12.28 MB
        Both:  13.83 MB

MaxMetaspaceSize: unlimited
CompressedClassSpaceSize: 1.00 GB
Initial GC threshold: 21.00 MB
Current GC threshold: 35.25 MB
CDS: on
MetaspaceReclaimPolicy: balanced
 - commit_granule_bytes: 65536.
 - commit_granule_words: 8192.
 - virtual_space_node_default_size: 8388608.
 - enlarge_chunks_in_place: 1.
 - new_chunks_are_fully_committed: 0.
 - uncommit_free_chunks: 1.
 - use_allocation_guard: 0.
 - handle_deallocations: 1.


Internal statistics:

num_allocs_failed_limit: 3.
num_arena_births: 160.
num_arena_deaths: 0.
num_vsnodes_births: 2.
num_vsnodes_deaths: 0.
num_space_committed: 538.
num_space_uncommitted: 0.
num_chunks_returned_to_freelist: 3.
num_chunks_taken_from_freelist: 1056.
num_chunk_merges: 3.
num_chunk_splits: 914.
num_chunks_enlarged: 836.
num_inconsistent_stats: 0.

CodeHeap 'non-profiled nmethods': size=120000Kb used=3145Kb max_used=3145Kb free=116854Kb
 bounds [0x00000265655a0000, 0x00000265658c0000, 0x000002656cad0000]
CodeHeap 'profiled nmethods': size=120000Kb used=10570Kb max_used=10570Kb free=109429Kb
 bounds [0x000002655dad0000, 0x000002655e530000, 0x0000026565000000]
CodeHeap 'non-nmethods': size=5760Kb used=1867Kb max_used=1942Kb free=3892Kb
 bounds [0x0000026565000000, 0x0000026565270000, 0x00000265655a0000]
 total_blobs=6612 nmethods=5269 adapters=1255
 compilation: enabled
              stopped_count=0, restarted_count=0
 full_count=0

Compilation events (20 events):
Event: 20.055 Thread 0x00000265786a10e0 5263       4       kotlinx.coroutines.JobSupport::makeNode (132 bytes)
Event: 20.056 Thread 0x00000265786a10e0 nmethod 5263 0x00000265658add90 code [0x00000265658adf20, 0x00000265658ae118]
Event: 20.114 Thread 0x00000265786a10e0 5264   !   4       androidx.compose.runtime.snapshots.SnapshotKt::advanceGlobalSnapshot (310 bytes)
Event: 20.173 Thread 0x00000265786a10e0 nmethod 5264 0x00000265658ae290 code [0x00000265658ae500, 0x00000265658b00a8]
Event: 20.174 Thread 0x00000265786a10e0 5265       4       java.util.concurrent.atomic.AtomicLongFieldUpdater$CASUpdater::compareAndSet (20 bytes)
Event: 20.175 Thread 0x00000265786a10e0 nmethod 5265 0x00000265658b0f10 code [0x00000265658b1080, 0x00000265658b11d8]
Event: 20.242 Thread 0x00000265786a10e0 5266       4       androidx.compose.ui.node.ComposeUiNode$Companion::getSetDensity (4 bytes)
Event: 20.242 Thread 0x00000265786a10e0 nmethod 5266 0x00000265658b1310 code [0x00000265658b1480, 0x00000265658b14f8]
Event: 20.242 Thread 0x00000265786a10e0 5267       4       androidx.compose.ui.node.ComposeUiNode$Companion::getSetLayoutDirection (4 bytes)
Event: 20.243 Thread 0x00000265786a10e0 nmethod 5267 0x00000265658b1610 code [0x00000265658b1780, 0x00000265658b17f8]
Event: 20.262 Thread 0x00000265786a10e0 5268       4       androidx.compose.runtime.snapshots.SnapshotStateObserver::removeChanges (157 bytes)
Event: 20.264 Thread 0x00000265786a10e0 nmethod 5268 0x00000265658b1910 code [0x00000265658b1aa0, 0x00000265658b1c18]
Event: 20.361 Thread 0x00000265786adb10 5269       3       java.util.concurrent.locks.LockSupport::setBlocker (12 bytes)
Event: 20.361 Thread 0x00000265786adb10 nmethod 5269 0x000002655e521f10 code [0x000002655e5220c0, 0x000002655e5222c8]
Event: 20.390 Thread 0x00000265786adb10 5270       3       java.util.IdentityHashMap$IdentityHashMapIterator::nextIndex (72 bytes)
Event: 20.390 Thread 0x00000265786adb10 nmethod 5270 0x000002655e522390 code [0x000002655e522560, 0x000002655e5229a8]
Event: 20.397 Thread 0x00000265786a10e0 5271       4       kotlin.reflect.jvm.internal.pcollections.IntTree::get (60 bytes)
Event: 20.400 Thread 0x00000265786a10e0 nmethod 5271 0x00000265658b1d90 code [0x00000265658b1f40, 0x00000265658b2190]
Event: 20.403 Thread 0x00000265786a10e0 5272       4       java.util.HashMap::afterNodeRemoval (1 bytes)
Event: 20.403 Thread 0x00000265786a10e0 nmethod 5272 0x00000265658b2390 code [0x00000265658b2500, 0x00000265658b2578]

GC Heap History (16 events):
Event: 0.577 GC heap before
{Heap before GC invocations=0 (full 0):
 garbage-first heap   total 260096K, used 12288K [0x0000000702600000, 0x0000000800000000)
  region size 2048K, 6 young (12288K), 0 survivors (0K)
 Metaspace       used 1762K, committed 1856K, reserved 1114112K
  class space    used 161K, committed 192K, reserved 1048576K
}
Event: 0.584 GC heap after
{Heap after GC invocations=1 (full 0):
 garbage-first heap   total 260096K, used 7209K [0x0000000702600000, 0x0000000800000000)
  region size 2048K, 1 young (2048K), 1 survivors (2048K)
 Metaspace       used 1762K, committed 1856K, reserved 1114112K
  class space    used 161K, committed 192K, reserved 1048576K
}
Event: 0.999 GC heap before
{Heap before GC invocations=1 (full 0):
 garbage-first heap   total 260096K, used 15401K [0x0000000702600000, 0x0000000800000000)
  region size 2048K, 6 young (12288K), 1 survivors (2048K)
 Metaspace       used 5834K, committed 6016K, reserved 1114112K
  class space    used 468K, committed 576K, reserved 1048576K
}
Event: 1.002 GC heap after
{Heap after GC invocations=2 (full 0):
 garbage-first heap   total 260096K, used 7711K [0x0000000702600000, 0x0000000800000000)
  region size 2048K, 1 young (2048K), 1 survivors (2048K)
 Metaspace       used 5834K, committed 6016K, reserved 1114112K
  class space    used 468K, committed 576K, reserved 1048576K
}
Event: 2.596 GC heap before
{Heap before GC invocations=2 (full 0):
 garbage-first heap   total 260096K, used 36383K [0x0000000702600000, 0x0000000800000000)
  region size 2048K, 15 young (30720K), 1 survivors (2048K)
 Metaspace       used 14833K, committed 15040K, reserved 1114112K
  class space    used 1526K, committed 1600K, reserved 1048576K
}
Event: 2.600 GC heap after
{Heap after GC invocations=3 (full 0):
 garbage-first heap   total 260096K, used 9701K [0x0000000702600000, 0x0000000800000000)
  region size 2048K, 2 young (4096K), 2 survivors (4096K)
 Metaspace       used 14833K, committed 15040K, reserved 1114112K
  class space    used 1526K, committed 1600K, reserved 1048576K
}
Event: 3.937 GC heap before
{Heap before GC invocations=3 (full 0):
 garbage-first heap   total 260096K, used 42469K [0x0000000702600000, 0x0000000800000000)
  region size 2048K, 19 young (38912K), 2 survivors (4096K)
 Metaspace       used 21336K, committed 21504K, reserved 1114112K
  class space    used 2280K, committed 2368K, reserved 1048576K
}
Event: 3.941 GC heap after
{Heap after GC invocations=4 (full 0):
 garbage-first heap   total 260096K, used 11024K [0x0000000702600000, 0x0000000800000000)
  region size 2048K, 2 young (4096K), 2 survivors (4096K)
 Metaspace       used 21336K, committed 21504K, reserved 1114112K
  class space    used 2280K, committed 2368K, reserved 1048576K
}
Event: 7.172 GC heap before
{Heap before GC invocations=5 (full 0):
 garbage-first heap   total 49152K, used 37648K [0x0000000702600000, 0x0000000800000000)
  region size 2048K, 10 young (20480K), 2 survivors (4096K)
 Metaspace       used 24118K, committed 24384K, reserved 1114112K
  class space    used 2606K, committed 2752K, reserved 1048576K
}
Event: 7.178 GC heap after
{Heap after GC invocations=6 (full 0):
 garbage-first heap   total 49152K, used 23951K [0x0000000702600000, 0x0000000800000000)
  region size 2048K, 1 young (2048K), 1 survivors (2048K)
 Metaspace       used 24118K, committed 24384K, reserved 1114112K
  class space    used 2606K, committed 2752K, reserved 1048576K
}
Event: 7.213 GC heap before
{Heap before GC invocations=6 (full 0):
 garbage-first heap   total 49152K, used 25999K [0x0000000702600000, 0x0000000800000000)
  region size 2048K, 2 young (4096K), 1 survivors (2048K)
 Metaspace       used 24449K, committed 24640K, reserved 1114112K
  class space    used 2649K, committed 2752K, reserved 1048576K
}
Event: 7.217 GC heap after
{Heap after GC invocations=7 (full 0):
 garbage-first heap   total 49152K, used 18022K [0x0000000702600000, 0x0000000800000000)
  region size 2048K, 1 young (2048K), 1 survivors (2048K)
 Metaspace       used 24449K, committed 24640K, reserved 1114112K
  class space    used 2649K, committed 2752K, reserved 1048576K
}
Event: 7.560 GC heap before
{Heap before GC invocations=7 (full 0):
 garbage-first heap   total 49152K, used 30310K [0x0000000702600000, 0x0000000800000000)
  region size 2048K, 8 young (16384K), 1 survivors (2048K)
 Metaspace       used 26752K, committed 26944K, reserved 1114112K
  class space    used 2936K, committed 3008K, reserved 1048576K
}
Event: 7.564 GC heap after
{Heap after GC invocations=8 (full 0):
 garbage-first heap   total 49152K, used 19022K [0x0000000702600000, 0x0000000800000000)
  region size 2048K, 1 young (2048K), 1 survivors (2048K)
 Metaspace       used 26752K, committed 26944K, reserved 1114112K
  class space    used 2936K, committed 3008K, reserved 1048576K
}
Event: 8.048 GC heap before
{Heap before GC invocations=8 (full 0):
 garbage-first heap   total 49152K, used 35406K [0x0000000702600000, 0x0000000800000000)
  region size 2048K, 9 young (18432K), 1 survivors (2048K)
 Metaspace       used 30169K, committed 30400K, reserved 1114112K
  class space    used 3349K, committed 3456K, reserved 1048576K
}
Event: 8.052 GC heap after
{Heap after GC invocations=9 (full 0):
 garbage-first heap   total 155648K, used 20269K [0x0000000702600000, 0x0000000800000000)
  region size 2048K, 2 young (4096K), 2 survivors (4096K)
 Metaspace       used 30169K, committed 30400K, reserved 1114112K
  class space    used 3349K, committed 3456K, reserved 1048576K
}

Dll operation events (14 events):
Event: 0.013 Loaded shared library C:\Users\HP\.jdks\corretto-17.0.7\bin\java.dll
Event: 0.023 Loaded shared library C:\Users\HP\.jdks\corretto-17.0.7\bin\jsvml.dll
Event: 0.193 Loaded shared library C:\Users\HP\.jdks\corretto-17.0.7\bin\zip.dll
Event: 0.196 Loaded shared library C:\Users\HP\.jdks\corretto-17.0.7\bin\instrument.dll
Event: 0.205 Loaded shared library C:\Users\HP\.jdks\corretto-17.0.7\bin\net.dll
Event: 0.206 Loaded shared library C:\Users\HP\.jdks\corretto-17.0.7\bin\nio.dll
Event: 0.211 Loaded shared library C:\Users\HP\.jdks\corretto-17.0.7\bin\zip.dll
Event: 0.385 Loaded shared library C:\Program Files\JetBrains\IntelliJ IDEA Community Edition 2021.3.2\bin\breakgen64.dll
Event: 0.606 Loaded shared library C:\Users\HP\.jdks\corretto-17.0.7\bin\jimage.dll
Event: 0.612 Loaded shared library C:\Users\HP\.jdks\corretto-17.0.7\bin\awt.dll
Event: 1.890 Loaded shared library C:\Users\HP\.skiko\0de0d8dd8554d9bb66cfca3837db6514ff9b71080e998917280a3b777460a416\skiko-windows-x64.dll
Event: 2.449 Loaded shared library C:\Users\HP\.jdks\corretto-17.0.7\bin\freetype.dll
Event: 2.450 Loaded shared library C:\Users\HP\.jdks\corretto-17.0.7\bin\fontmanager.dll
Event: 7.911 Loaded shared library C:\Users\HP\AppData\Local\io-realm-kotlin\f7113120ba00ba1ff91d696eecd3919e85a4e34e\realmc.dll

Deoptimization events (20 events):
Event: 15.935 Thread 0x000002657d63b7b0 Uncommon trap: trap_request=0xffffff45 fr.pc=0x000002656584962c relative=0x000000000000088c
Event: 15.935 Thread 0x000002657d63b7b0 Uncommon trap: reason=unstable_if action=reinterpret pc=0x000002656584962c method=kotlinx.coroutines.CancellableContinuationImpl.getExceptionalResult$kotlinx_coroutines_core(Ljava/lang/Object;)Ljava/lang/Throwable; @ 6 c2
Event: 15.935 Thread 0x000002657d63b7b0 DEOPT PACKING pc=0x000002656584962c sp=0x000000df67dfef20
Event: 15.935 Thread 0x000002657d63b7b0 DEOPT UNPACKING pc=0x00000265650569a3 sp=0x000000df67dfede8 mode 2
Event: 17.941 Thread 0x000002657d63b7b0 Uncommon trap: trap_request=0xffffffd6 fr.pc=0x0000026565874660 relative=0x00000000000048c0
Event: 17.941 Thread 0x000002657d63b7b0 Uncommon trap: reason=array_check action=maybe_recompile pc=0x0000026565874660 method=androidx.compose.runtime.collection.MutableVector.add(Ljava/lang/Object;)Z @ 19 c2
Event: 17.941 Thread 0x000002657d63b7b0 DEOPT PACKING pc=0x0000026565874660 sp=0x000000df67dfdf80
Event: 17.941 Thread 0x000002657d63b7b0 DEOPT UNPACKING pc=0x00000265650569a3 sp=0x000000df67dfdf60 mode 2
Event: 17.941 Thread 0x000002657d63b7b0 Uncommon trap: trap_request=0xffffffd6 fr.pc=0x0000026565874660 relative=0x00000000000048c0
Event: 17.941 Thread 0x000002657d63b7b0 Uncommon trap: reason=array_check action=maybe_recompile pc=0x0000026565874660 method=androidx.compose.runtime.collection.MutableVector.add(Ljava/lang/Object;)Z @ 19 c2
Event: 17.941 Thread 0x000002657d63b7b0 DEOPT PACKING pc=0x0000026565874660 sp=0x000000df67dfdf80
Event: 17.941 Thread 0x000002657d63b7b0 DEOPT UNPACKING pc=0x00000265650569a3 sp=0x000000df67dfdf60 mode 2
Event: 17.942 Thread 0x000002657d63b7b0 Uncommon trap: trap_request=0xffffffd6 fr.pc=0x0000026565874660 relative=0x00000000000048c0
Event: 17.942 Thread 0x000002657d63b7b0 Uncommon trap: reason=array_check action=maybe_recompile pc=0x0000026565874660 method=androidx.compose.runtime.collection.MutableVector.add(Ljava/lang/Object;)Z @ 19 c2
Event: 17.942 Thread 0x000002657d63b7b0 DEOPT PACKING pc=0x0000026565874660 sp=0x000000df67dfdf80
Event: 17.942 Thread 0x000002657d63b7b0 DEOPT UNPACKING pc=0x00000265650569a3 sp=0x000000df67dfdf60 mode 2
Event: 17.942 Thread 0x000002657d63b7b0 Uncommon trap: trap_request=0xffffffd6 fr.pc=0x0000026565874660 relative=0x00000000000048c0
Event: 17.942 Thread 0x000002657d63b7b0 Uncommon trap: reason=array_check action=maybe_recompile pc=0x0000026565874660 method=androidx.compose.runtime.collection.MutableVector.add(Ljava/lang/Object;)Z @ 19 c2
Event: 17.942 Thread 0x000002657d63b7b0 DEOPT PACKING pc=0x0000026565874660 sp=0x000000df67dfdf80
Event: 17.942 Thread 0x000002657d63b7b0 DEOPT UNPACKING pc=0x00000265650569a3 sp=0x000000df67dfdf60 mode 2

Classes unloaded (0 events):
No events

Classes redefined (0 events):
No events

Internal exceptions (20 events):
Event: 1.234 Thread 0x000002657d63b7b0 Exception <a 'java/lang/NoSuchMethodError'{0x00000007123e73c0}: 'java.lang.Object java.lang.invoke.DirectMethodHandle$Holder.invokeStaticInit(java.lang.Object, int, int, int, int)'> (0x00000007123e73c0) 
thrown [s\src\hotspot\share\interpreter\linkResolver.cpp, line 759]
Event: 1.485 Thread 0x000002657d63b7b0 Exception <a 'java/lang/NoSuchMethodError'{0x00000007121d7960}: 'java.lang.Object java.lang.invoke.DirectMethodHandle$Holder.invokeStaticInit(java.lang.Object, java.lang.Object, int, int, int, int)'> (0x00000007121d7960) 
thrown [s\src\hotspot\share\interpreter\linkResolver.cpp, line 759]
Event: 1.625 Thread 0x000002657d63b7b0 Exception <a 'java/lang/NoSuchMethodError'{0x0000000711d2e360}: 'double java.lang.invoke.DirectMethodHandle$Holder.invokeStatic(java.lang.Object, double)'> (0x0000000711d2e360) 
thrown [s\src\hotspot\share\interpreter\linkResolver.cpp, line 759]
Event: 1.626 Thread 0x000002657d63b7b0 Exception <a 'java/lang/NoSuchMethodError'{0x0000000711d31dc0}: 'double java.lang.invoke.DirectMethodHandle$Holder.invokeStaticInit(java.lang.Object, double)'> (0x0000000711d31dc0) 
thrown [s\src\hotspot\share\interpreter\linkResolver.cpp, line 759]
Event: 1.641 Thread 0x000002657d63b7b0 Exception <a 'java/lang/NoSuchMethodError'{0x0000000711d79d10}: 'java.lang.Object java.lang.invoke.DirectMethodHandle$Holder.newInvokeSpecial(java.lang.Object, double)'> (0x0000000711d79d10) 
thrown [s\src\hotspot\share\interpreter\linkResolver.cpp, line 759]
Event: 2.181 Thread 0x000002657d63b7b0 Exception <a 'java/lang/NoSuchMethodError'{0x0000000710c3d7b8}: 'void java.lang.invoke.DirectMethodHandle$Holder.invokeSpecial(java.lang.Object, java.lang.Object, java.lang.Object)'> (0x0000000710c3d7b8) 
thrown [s\src\hotspot\share\interpreter\linkResolver.cpp, line 759]
Event: 2.199 Thread 0x000002657d63b7b0 Exception <a 'java/lang/NoSuchMethodError'{0x0000000710c67c08}: 'java.lang.Object java.lang.invoke.DirectMethodHandle$Holder.newInvokeSpecial(java.lang.Object, java.lang.Object, java.lang.Object, java.lang.Object, java.lang.Object)'> (0x0000000710c67c08) 
thrown [s\src\hotspot\share\interpreter\linkResolver.cpp, line 759]
Event: 2.203 Thread 0x000002657d63b7b0 Exception <a 'java/lang/NoSuchMethodError'{0x0000000710c73878}: 'java.lang.Object java.lang.invoke.DirectMethodHandle$Holder.invokeStatic(java.lang.Object, int, java.lang.Object, java.lang.Object, java.lang.Object, java.lang.Object)'> (0x0000000710c73878) 
thrown [s\src\hotspot\share\interpreter\linkResolver.cpp, line 759]
Event: 2.212 Thread 0x000002657d63b7b0 Exception <a 'java/lang/NoSuchMethodError'{0x0000000710c992e0}: 'java.lang.Object java.lang.invoke.DirectMethodHandle$Holder.invokeStatic(java.lang.Object, int, java.lang.Object)'> (0x0000000710c992e0) 
thrown [s\src\hotspot\share\interpreter\linkResolver.cpp, line 759]
Event: 2.257 Thread 0x000002657d63b7b0 Exception <a 'java/lang/ClassNotFoundException'{0x0000000710d841e8}: com/sun/swing/internal/plaf/metal/resources/spi/metalProvider> (0x0000000710d841e8) 
thrown [s\src\hotspot\share\classfile\systemDictionary.cpp, line 256]
Event: 2.259 Thread 0x000002657d63b7b0 Exception <a 'java/lang/ClassNotFoundException'{0x0000000710d88188}: com/sun/swing/internal/plaf/basic/resources/spi/basicProvider> (0x0000000710d88188) 
thrown [s\src\hotspot\share\classfile\systemDictionary.cpp, line 256]
Event: 2.268 Thread 0x000002657d63b7b0 Implicit null exception at 0x000002656561cb0f to 0x000002656561cb89
Event: 2.273 Thread 0x000002657d63b7b0 Implicit null exception at 0x00000265655cd210 to 0x00000265655cd5e4
Event: 2.274 Thread 0x000002657d63b7b0 Implicit null exception at 0x00000265655c8f90 to 0x00000265655c9348
Event: 2.319 Thread 0x000002657d63b7b0 Exception <a 'java/lang/NoSuchMethodError'{0x0000000710a992e0}: 'void java.lang.invoke.DirectMethodHandle$Holder.invokeStatic(java.lang.Object, java.lang.Object, java.lang.Object)'> (0x0000000710a992e0) 
thrown [s\src\hotspot\share\interpreter\linkResolver.cpp, line 759]
Event: 2.443 Thread 0x000002657d63b7b0 Exception <a 'java/lang/NoSuchMethodError'{0x0000000710978440}: 'void java.lang.invoke.DirectMethodHandle$Holder.invokeStaticInit(java.lang.Object)'> (0x0000000710978440) 
thrown [s\src\hotspot\share\interpreter\linkResolver.cpp, line 759]
Event: 2.725 Thread 0x000002657d63b7b0 Exception <a 'java/lang/NoSuchMethodError'{0x00000007121b8750}: 'int java.lang.invoke.DirectMethodHandle$Holder.invokeStaticInit(java.lang.Object, java.lang.Object, java.lang.Object)'> (0x00000007121b8750) 
thrown [s\src\hotspot\share\interpreter\linkResolver.cpp, line 759]
Event: 3.242 Thread 0x000002657d626d80 Exception <a 'java/lang/NoSuchMethodError'{0x0000000710a00b68}: 'void java.lang.invoke.DirectMethodHandle$Holder.invokeVirtual(java.lang.Object, java.lang.Object)'> (0x0000000710a00b68) 
thrown [s\src\hotspot\share\interpreter\linkResolver.cpp, line 759]
Event: 7.022 Thread 0x000002657d63b7b0 Exception <a 'java/lang/NoSuchMethodError'{0x000000070480d950}: 'int java.lang.invoke.DirectMethodHandle$Holder.invokeStaticInit(java.lang.Object, long, long)'> (0x000000070480d950) 
thrown [s\src\hotspot\share\interpreter\linkResolver.cpp, line 759]
Event: 7.767 Thread 0x000002657d63b7b0 Exception <a 'java/lang/NoSuchMethodError'{0x0000000704e83370}: 'java.lang.Object java.lang.invoke.DirectMethodHandle$Holder.newInvokeSpecial(java.lang.Object, int, java.lang.Object)'> (0x0000000704e83370) 
thrown [s\src\hotspot\share\interpreter\linkResolver.cpp, line 759]

VM Operations (20 events):
Event: 11.258 Executing VM operation: Cleanup
Event: 11.259 Executing VM operation: Cleanup done
Event: 12.264 Executing VM operation: Cleanup
Event: 12.264 Executing VM operation: Cleanup done
Event: 13.269 Executing VM operation: Cleanup
Event: 13.270 Executing VM operation: Cleanup done
Event: 14.284 Executing VM operation: Cleanup
Event: 14.285 Executing VM operation: Cleanup done
Event: 15.286 Executing VM operation: Cleanup
Event: 15.286 Executing VM operation: Cleanup done
Event: 15.971 Executing VM operation: HandshakeAllThreads
Event: 15.971 Executing VM operation: HandshakeAllThreads done
Event: 16.971 Executing VM operation: Cleanup
Event: 16.971 Executing VM operation: Cleanup done
Event: 17.984 Executing VM operation: Cleanup
Event: 17.984 Executing VM operation: Cleanup done
Event: 18.985 Executing VM operation: Cleanup
Event: 18.985 Executing VM operation: Cleanup done
Event: 19.995 Executing VM operation: Cleanup
Event: 19.996 Executing VM operation: Cleanup done

Events (20 events):
Event: 8.462 loading class sun/awt/Win32GraphicsDevice$1 done
Event: 8.514 Thread 0x0000026500abc8b0 Thread added: 0x0000026500abc8b0
Event: 10.854 Thread 0x0000026500abc8b0 Thread exited: 0x0000026500abc8b0
Event: 14.595 Thread 0x00000265088dacd0 Thread added: 0x00000265088dacd0
Event: 15.259 Thread 0x00000265088dacd0 Thread exited: 0x00000265088dacd0
Event: 17.940 Thread 0x00000265088df3b0 Thread added: 0x00000265088df3b0
Event: 18.997 Thread 0x00000265088df3b0 Thread exited: 0x00000265088df3b0
Event: 19.982 loading class java/security/DomainCombiner
Event: 19.982 loading class java/security/DomainCombiner done
Event: 20.389 loading class jdk/internal/misc/Signal$1
Event: 20.389 loading class jdk/internal/misc/Signal$1 done
Event: 20.389 Thread 0x000002657dfdc1b0 Thread added: 0x000002657dfdc1b0
Event: 20.390 Thread 0x000002657dfded00 Thread added: 0x000002657dfded00
Event: 20.390 Thread 0x000002657dfdd020 Thread added: 0x000002657dfdd020
Event: 20.390 Thread 0x000002657dfdd4f0 Thread added: 0x000002657dfdd4f0
Event: 20.390 Thread 0x000002657dfdd020 Thread exited: 0x000002657dfdd020
Event: 20.402 Thread 0x000002657dfdd4f0 Thread exited: 0x000002657dfdd4f0
Event: 20.403 Thread 0x000002657dfe1850 Thread exited: 0x000002657dfe1850
Event: 20.405 Thread 0x000002657d626d80 Thread exited: 0x000002657d626d80
Event: 20.406 Thread 0x000002657da408d0 Thread exited: 0x000002657da408d0


Dynamic libraries:
0x00007ff7eeda0000 - 0x00007ff7eedad000 	C:\Users\HP\.jdks\corretto-17.0.7\bin\java.exe
0x00007ffee9b50000 - 0x00007ffee9d48000 	C:\Windows\SYSTEM32\ntdll.dll
0x00007ffee90d0000 - 0x00007ffee918f000 	C:\Windows\System32\KERNEL32.DLL
0x00007ffee7790000 - 0x00007ffee7a86000 	C:\Windows\System32\KERNELBASE.dll
0x00007ffee7410000 - 0x00007ffee7510000 	C:\Windows\System32\ucrtbase.dll
0x00007ffedbcc0000 - 0x00007ffedbcd7000 	C:\Users\HP\.jdks\corretto-17.0.7\bin\jli.dll
0x00007ffee9970000 - 0x00007ffee9b0d000 	C:\Windows\System32\USER32.dll
0x00007ffee76c0000 - 0x00007ffee76e2000 	C:\Windows\System32\win32u.dll
0x00007ffee90a0000 - 0x00007ffee90cc000 	C:\Windows\System32\GDI32.dll
0x00007ffee7a90000 - 0x00007ffee7ba5000 	C:\Windows\System32\gdi32full.dll
0x00007ffee72c0000 - 0x00007ffee735d000 	C:\Windows\System32\msvcp_win.dll
0x00007ffeced70000 - 0x00007ffeced85000 	C:\Users\HP\.jdks\corretto-17.0.7\bin\VCRUNTIME140.dll
0x00007ffecd150000 - 0x00007ffecd3ea000 	C:\Windows\WinSxS\amd64_microsoft.windows.common-controls_6595b64144ccf1df_6.0.19041.1110_none_60b5254171f9507e\COMCTL32.dll
0x00007ffee8310000 - 0x00007ffee83ae000 	C:\Windows\System32\msvcrt.dll
0x00007ffee8600000 - 0x00007ffee8630000 	C:\Windows\System32\IMM32.DLL
0x00007ffec1e20000 - 0x00007ffec1ebb000 	C:\Users\HP\.jdks\corretto-17.0.7\bin\msvcp140.dll
0x00007ffea5510000 - 0x00007ffea612a000 	C:\Users\HP\.jdks\corretto-17.0.7\bin\server\jvm.dll
0x00007ffee8630000 - 0x00007ffee86df000 	C:\Windows\System32\ADVAPI32.dll
0x00007ffee8560000 - 0x00007ffee85fc000 	C:\Windows\System32\sechost.dll
0x00007ffee7d70000 - 0x00007ffee7e96000 	C:\Windows\System32\RPCRT4.dll
0x00007ffee0fa0000 - 0x00007ffee0fa9000 	C:\Windows\SYSTEM32\WSOCK32.dll
0x00007ffee8e70000 - 0x00007ffee8edb000 	C:\Windows\System32\WS2_32.dll
0x00007ffecca00000 - 0x00007ffecca27000 	C:\Windows\SYSTEM32\WINMM.dll
0x00007ffedb320000 - 0x00007ffedb32a000 	C:\Windows\SYSTEM32\VERSION.dll
0x00007ffee5a20000 - 0x00007ffee5a32000 	C:\Windows\SYSTEM32\kernel.appcore.dll
0x00007ffedf290000 - 0x00007ffedf29a000 	C:\Users\HP\.jdks\corretto-17.0.7\bin\jimage.dll
0x00007ffee1f40000 - 0x00007ffee2124000 	C:\Windows\SYSTEM32\DBGHELP.DLL
0x00007ffecec70000 - 0x00007ffececa4000 	C:\Windows\SYSTEM32\dbgcore.DLL
0x00007ffee7230000 - 0x00007ffee72b2000 	C:\Windows\System32\bcryptPrimitives.dll
0x00007ffedf230000 - 0x00007ffedf23e000 	C:\Users\HP\.jdks\corretto-17.0.7\bin\instrument.dll
0x00007ffeca980000 - 0x00007ffeca9a5000 	C:\Users\HP\.jdks\corretto-17.0.7\bin\java.dll
0x00007ffebaa40000 - 0x00007ffebab16000 	C:\Users\HP\.jdks\corretto-17.0.7\bin\jsvml.dll
0x00007ffee9190000 - 0x00007ffee98d4000 	C:\Windows\System32\SHELL32.dll
0x00007ffee2130000 - 0x00007ffee28c4000 	C:\Windows\SYSTEM32\windows.storage.dll
0x00007ffee8890000 - 0x00007ffee8be4000 	C:\Windows\System32\combase.dll
0x00007ffee6ab0000 - 0x00007ffee6ade000 	C:\Windows\SYSTEM32\Wldp.dll
0x00007ffee8f90000 - 0x00007ffee903d000 	C:\Windows\System32\SHCORE.dll
0x00007ffee9040000 - 0x00007ffee9095000 	C:\Windows\System32\shlwapi.dll
0x00007ffee7160000 - 0x00007ffee7185000 	C:\Windows\SYSTEM32\profapi.dll
0x00007ffec7110000 - 0x00007ffec7128000 	C:\Users\HP\.jdks\corretto-17.0.7\bin\zip.dll
0x00007ffeca7f0000 - 0x00007ffeca809000 	C:\Users\HP\.jdks\corretto-17.0.7\bin\net.dll
0x00007ffed8570000 - 0x00007ffed867a000 	C:\Windows\SYSTEM32\WINHTTP.dll
0x00007ffee6890000 - 0x00007ffee68fa000 	C:\Windows\system32\mswsock.dll
0x00007ffec73c0000 - 0x00007ffec73d5000 	C:\Users\HP\.jdks\corretto-17.0.7\bin\nio.dll
0x00007ffedd130000 - 0x00007ffedd14a000 	C:\Program Files\JetBrains\IntelliJ IDEA Community Edition 2021.3.2\bin\breakgen64.dll
0x00007ffea9440000 - 0x00007ffea95e9000 	C:\Users\HP\.jdks\corretto-17.0.7\bin\awt.dll
0x00007ffee87c0000 - 0x00007ffee888d000 	C:\Windows\System32\OLEAUT32.dll
0x00007ffee0ec0000 - 0x00007ffee0f51000 	C:\Windows\SYSTEM32\apphelp.dll
0x00007ffee1180000 - 0x00007ffee121e000 	C:\Windows\system32\uxtheme.dll
0x00007ffee8440000 - 0x00007ffee8554000 	C:\Windows\System32\MSCTF.dll
0x00007ffee8c00000 - 0x00007ffee8d2a000 	C:\Windows\System32\ole32.dll
0x00007ffee1320000 - 0x00007ffee134f000 	C:\Windows\system32\DWMAPI.DLL
0x00007ffeb5d50000 - 0x00007ffeb5e75000 	C:\Windows\system32\opengl32.dll
0x00007ffeb67f0000 - 0x00007ffeb681c000 	C:\Windows\SYSTEM32\GLU32.dll
0x00007ffee6af0000 - 0x00007ffee6b08000 	C:\Windows\SYSTEM32\CRYPTSP.dll
0x00007ffee61d0000 - 0x00007ffee6204000 	C:\Windows\system32\rsaenh.dll
0x00007ffee7760000 - 0x00007ffee7787000 	C:\Windows\System32\bcrypt.dll
0x00007ffee7120000 - 0x00007ffee714e000 	C:\Windows\SYSTEM32\USERENV.dll
0x00007ffee6a20000 - 0x00007ffee6a2c000 	C:\Windows\SYSTEM32\CRYPTBASE.dll
0x00007ffee65a0000 - 0x00007ffee65dc000 	C:\Windows\SYSTEM32\IPHLPAPI.DLL
0x00007ffee7d60000 - 0x00007ffee7d68000 	C:\Windows\System32\NSI.dll
0x00007ffeda430000 - 0x00007ffeda447000 	C:\Windows\SYSTEM32\dhcpcsvc6.DLL
0x00007ffed8d80000 - 0x00007ffed8d9d000 	C:\Windows\SYSTEM32\dhcpcsvc.DLL
0x00007ffee65e0000 - 0x00007ffee66aa000 	C:\Windows\SYSTEM32\DNSAPI.dll
0x00007ffe9d3a0000 - 0x00007ffe9e3ec000 	C:\Users\HP\.skiko\0de0d8dd8554d9bb66cfca3837db6514ff9b71080e998917280a3b777460a416\skiko-windows-x64.dll
0x00007ffec27c0000 - 0x00007ffec2843000 	C:\Users\HP\.jdks\corretto-17.0.7\bin\freetype.dll
0x00007ffeb9a50000 - 0x00007ffeb9b12000 	C:\Users\HP\.jdks\corretto-17.0.7\bin\fontmanager.dll
0x00007ffedd5a0000 - 0x00007ffedd5a7000 	C:\Users\HP\.jdks\corretto-17.0.7\bin\jawt.dll
0x00007ffee5a90000 - 0x00007ffee5b83000 	C:\Windows\SYSTEM32\Dxgi.dll
0x00007ffedba40000 - 0x00007ffedba60000 	C:\Windows\SYSTEM32\D3D12.dll
0x00007ffea90c0000 - 0x00007ffea928d000 	C:\Windows\SYSTEM32\D3D12Core.dll
0x00007ffeda9e0000 - 0x00007ffedaa1b000 	C:\Windows\SYSTEM32\dxcore.dll
0x00007ffee7670000 - 0x00007ffee76be000 	C:\Windows\System32\cfgmgr32.dll
0x00007ffed4390000 - 0x00007ffed6fa9000 	C:\Windows\System32\DriverStore\FileRepository\igdlh64.inf_amd64_e6daaea9afe1e6f6\igc64.dll
0x00007ffe72ab0000 - 0x00007ffe73f83000 	C:\Windows\System32\DriverStore\FileRepository\igdlh64.inf_amd64_e6daaea9afe1e6f6\igd12umd64.dll
0x00007ffeda000000 - 0x00007ffeda257000 	C:\Windows\System32\DriverStore\FileRepository\igdlh64.inf_amd64_e6daaea9afe1e6f6\igdgmm64.dll
0x00007ffea4da0000 - 0x00007ffea51ab000 	C:\Windows\System32\DriverStore\FileRepository\igdlh64.inf_amd64_e6daaea9afe1e6f6\igdml64.dll
0x00007ffec67b0000 - 0x00007ffec67db000 	C:\Windows\SYSTEM32\D3DSCache.dll
0x00007ffe51780000 - 0x00007ffe55f82000 	C:\Windows\System32\DriverStore\FileRepository\igdlh64.inf_amd64_e6daaea9afe1e6f6\igd12dxva64.dll
0x00007ffee7ea0000 - 0x00007ffee830e000 	C:\Windows\System32\SETUPAPI.dll
0x00007ffe96bf0000 - 0x00007ffe96c17000 	C:\Windows\System32\DriverStore\FileRepository\igdlh64.inf_amd64_e6daaea9afe1e6f6\igdinfo64.dll
0x00007ffeddf50000 - 0x00007ffede157000 	C:\Windows\SYSTEM32\twinapi.appcore.dll
0x00007ffee8ee0000 - 0x00007ffee8f89000 	C:\Windows\System32\clbcatq.dll
0x00007ffe744c0000 - 0x00007ffe75492000 	C:\Windows\System32\DriverStore\FileRepository\igdlh64.inf_amd64_e6daaea9afe1e6f6\ig9icd64.dll
0x00007ffee7090000 - 0x00007ffee70db000 	C:\Windows\SYSTEM32\powrprof.dll
0x00007ffee7070000 - 0x00007ffee7082000 	C:\Windows\SYSTEM32\UMPDC.dll
0x00007ffed2250000 - 0x00007ffed24cf000 	C:\Windows\SYSTEM32\dwrite.dll
0x00007ffed3ec0000 - 0x00007ffed3fb9000 	C:\Windows\SYSTEM32\textinputframework.dll
0x00007ffee0460000 - 0x00007ffee07be000 	C:\Windows\System32\CoreUIComponents.dll
0x00007ffee0b40000 - 0x00007ffee0c32000 	C:\Windows\System32\CoreMessaging.dll
0x00007ffee62f0000 - 0x00007ffee6323000 	C:\Windows\SYSTEM32\ntmarta.dll
0x00007ffedf450000 - 0x00007ffedf5a4000 	C:\Windows\SYSTEM32\wintypes.dll
0x00007ffea2470000 - 0x00007ffea2d22000 	C:\Users\HP\AppData\Local\io-realm-kotlin\f7113120ba00ba1ff91d696eecd3919e85a4e34e\realmc.dll
0x00007ffee7510000 - 0x00007ffee766e000 	C:\Windows\System32\CRYPT32.dll

dbghelp: loaded successfully - version: 4.0.5 - missing functions: none
symbol engine: initialized successfully - sym options: 0x614 - pdb path: .;C:\Users\HP\.jdks\corretto-17.0.7\bin;C:\Windows\SYSTEM32;C:\Windows\WinSxS\amd64_microsoft.windows.common-controls_6595b64144ccf1df_6.0.19041.1110_none_60b5254171f9507e;C:\Users\HP\.jdks\corretto-17.0.7\bin\server;C:\Program Files\JetBrains\IntelliJ IDEA Community Edition 2021.3.2\bin;C:\Users\HP\.skiko\0de0d8dd8554d9bb66cfca3837db6514ff9b71080e998917280a3b777460a416;C:\Windows\System32\DriverStore\FileRepository\igdlh64.inf_amd64_e6daaea9afe1e6f6;C:\Users\HP\AppData\Local\io-realm-kotlin\f7113120ba00ba1ff91d696eecd3919e85a4e34e

VM Arguments:
jvm_args: -Djava.library.path=C:\Users\HP\Desktop\newderar\build\classes\kotlin\jvm\main;C:\Users\HP\Desktop\newderar\build\processedResources\jvm\main -javaagent:C:\Program Files\JetBrains\IntelliJ IDEA Community Edition 2021.3.2\lib\idea_rt.jar=54316:C:\Program Files\JetBrains\IntelliJ IDEA Community Edition 2021.3.2\bin -Dfile.encoding=UTF-8 
java_command: MainKt
java_class_path (initial): C:\Users\HP\Desktop\newderar\build\classes\kotlin\jvm\main;C:\Users\HP\Desktop\newderar\build\processedResources\jvm\main;C:\Users\HP\.gradle\caches\modules-2\files-2.1\io.insert-koin\koin-androidx-compose\3.4.5\ae0a88b7a68d507e651c5a3d70a541594bea54cb\koin-androidx-compose-3.4.5.aar;C:\Users\HP\.gradle\caches\modules-2\files-2.1\androidx.navigation\navigation-compose\2.6.0\3f8ce7b0bad21cced0c47b42b6347c65a6e422c3\navigation-compose-2.6.0.aar;C:\Users\HP\.gradle\caches\modules-2\files-2.1\org.jetbrains.kotlin\kotlin-stdlib-jdk8\1.8.21\67f57e154437cd9e6e9cf368394b95814836ff88\kotlin-stdlib-jdk8-1.8.21.jar;C:\Users\HP\.gradle\caches\modules-2\files-2.1\org.apache.poi\poi-ooxml\4.1.2\87d9a22aa9a7dd26e80c360e709f7ee02e32ab3b\poi-ooxml-4.1.2.jar;C:\Users\HP\.gradle\caches\modules-2\files-2.1\org.apache.poi\poi\4.1.2\964bf41cf68bce08e4ef6b2279b559fdf8d454f4\poi-4.1.2.jar;C:\Users\HP\.gradle\caches\modules-2\files-2.1\org.lwjgl\lwjgl-nfd\3.3.1\622318116996ddcff449b46cb38f0fdee39b8ac3\lwjgl-nfd-3.3.1.jar;C:\Users\HP\.gradle\caches\modules-2\files-2.1\org.lwjgl\lwjgl-nfd\3.3.1\2e007667e04ed3281152ae5c6e677fb1c2211691\lwjgl-nfd-3.3.1-natives-linux.jar;C:\Users\HP\.gradle\caches\modules-2\files-2.1\org.lwjgl\lwjgl\3.3.1\ae58664f88e18a9bb2c77b063833ca7aaec484cb\lwjgl-3.3.1.jar;C:\Users\HP\.gradle\caches\modules-2\files-2.1\io.insert-koin\koin-android\3.4.0\48715fbe06102a59a30bd45b06ed2400c16c6f45\koin-android-3.4.0.aar;C:\Users\HP\.gradle\caches\modules-2\files-2.1\org.lwjgl\lwjgl-nfd\3.3.1\b3e04e317f55dd738d8a345cdafd15b39f85a2ea\lwjgl-nfd-3.3.1-natives-linux-arm32.jar;C:\Users\HP\.gradle\caches\modules-2\files-2.1\androidx.lifecycle\lifecycle-viewmodel-compose\2.6.1\38cf3bb65ff3e0e5c3d63de2ebf5411d0898108c\lifecycle-viewmodel-compose-2.6.1.aar;C:\Users\HP\.gradle\caches\modules-2\files-2.1\org.lwjgl\lwjgl-nfd\3.3.1\f41dc62336f7ee4ab35705cfa440cc903d199165\lwjgl-nfd-3.3.1-natives-linux-arm64.jar;C:\Users\HP\.gradle\caches\modules-2\files-2.1\androi
Launcher Type: SUN_STANDARD

[Global flags]
     intx CICompilerCount                          = 3                                         {product} {ergonomic}
     uint ConcGCThreads                            = 1                                         {product} {ergonomic}
     uint G1ConcRefinementThreads                  = 4                                         {product} {ergonomic}
   size_t G1HeapRegionSize                         = 2097152                                   {product} {ergonomic}
    uintx GCDrainStackTargetSize                   = 64                                        {product} {ergonomic}
   size_t InitialHeapSize                          = 266338304                                 {product} {ergonomic}
   size_t MarkStackSize                            = 4194304                                   {product} {ergonomic}
   size_t MaxHeapSize                              = 4255121408                                {product} {ergonomic}
   size_t MaxNewSize                               = 2552233984                                {product} {ergonomic}
   size_t MinHeapDeltaBytes                        = 2097152                                   {product} {ergonomic}
   size_t MinHeapSize                              = 8388608                                   {product} {ergonomic}
    uintx NonNMethodCodeHeapSize                   = 5832780                                {pd product} {ergonomic}
    uintx NonProfiledCodeHeapSize                  = 122912730                              {pd product} {ergonomic}
    uintx ProfiledCodeHeapSize                     = 122912730                              {pd product} {ergonomic}
    uintx ReservedCodeCacheSize                    = 251658240                              {pd product} {ergonomic}
     bool SegmentedCodeCache                       = true                                      {product} {ergonomic}
   size_t SoftMaxHeapSize                          = 4255121408                             {manageable} {ergonomic}
     bool UseCompressedClassPointers               = true                           {product lp64_product} {ergonomic}
     bool UseCompressedOops                        = true                           {product lp64_product} {ergonomic}
     bool UseG1GC                                  = true                                      {product} {ergonomic}
     bool UseLargePagesIndividualAllocation        = false                                  {pd product} {ergonomic}

Logging:
Log output configuration:
 #0: stdout all=warning uptime,level,tags
 #1: stderr all=off uptime,level,tags

Environment Variables:
PATH=C:\Program Files\Common Files\Oracle\Java\javapath;C:\Program Files (x86)\Common Files\Oracle\Java\javapath;C:\Windows\system32;C:\Windows;C:\Windows\System32\Wbem;C:\Windows\System32\WindowsPowerShell\v1.0\;C:\Windows\System32\OpenSSH\;C:\xampp\php;C:\ProgramData\ComposerSetup\bin;C:\Program Files\nodejs\;C:\Program Files (x86)\Intel\Intel(R) Management Engine Components\DAL;C:\Program Files\Intel\Intel(R) Management Engine Components\DAL;C:\Program Files\Git\cmd;C:\Program Files\Fortect;C:\Users\HP\AppData\Local\Microsoft\WindowsApps;C:\Program Files\JetBrains\IntelliJ IDEA Community Edition 2021.3.2\bin;C:\Users\HP\AppData\Local\Programs\Microsoft VS Code\bin;C:\Users\HP\AppData\Local\JetBrains\Toolbox\scripts;C:\Users\HP\AppData\Local\GitHubDesktop\bin;C:\Users\HP\Desktop\camp\flutter_windows_3.7.6-stable\flutter\bin;C:\Users\HP\AppData\Roaming\Composer\vendor\bin;C:\Users\HP\AppData\Roaming\npm
USERNAME=HP
OS=Windows_NT
PROCESSOR_IDENTIFIER=Intel64 Family 6 Model 142 Stepping 9, GenuineIntel
TMP=C:\Users\HP\AppData\Local\Temp
TEMP=C:\Users\HP\AppData\Local\Temp



---------------  S Y S T E M  ---------------

OS:
 Windows 10 , 64 bit Build 19041 (10.0.19041.3155)
OS uptime: 2 days 14:14 hours
Hyper-V role detected

CPU: total 4 (initial active 4) (2 cores per cpu, 2 threads per core) family 6 model 142 stepping 9 microcode 0xf2, cx8, cmov, fxsr, ht, mmx, 3dnowpref, sse, sse2, sse3, ssse3, sse4.1, sse4.2, popcnt, lzcnt, tsc, tscinvbit, avx, avx2, aes, erms, clmul, bmi1, bmi2, rtm, adx, fma, vzeroupper, clflush, clflushopt, hv

Memory: 4k page, system-wide physical 16224M (5611M free)
TotalPageFile size 32096M (AvailPageFile size 19686M)
current process WorkingSet (physical memory assigned to process): 311M, peak: 335M
current process commit charge ("private bytes"): 386M, peak: 433M

vm_info: OpenJDK 64-Bit Server VM (17.0.7+7-LTS) for windows-amd64 JRE (17.0.7+7-LTS), built on Apr 14 2023 01:39:21 by "Administrator" with MS VC++ 15.9 (VS2017)

END.
