#
# A fatal error has been detected by the Java Runtime Environment:
#
#  EXCEPTION_ACCESS_VIOLATION (0xc0000005) at pc=0x00007ffe74e7ebe3, pid=10032, tid=4160
#
# JRE version: OpenJDK Runtime Environment Corretto-17.0.7.7.1 (17.0.7+7) (build 17.0.7+7-LTS)
# Java VM: OpenJDK 64-Bit Server VM Corretto-17.0.7.7.1 (17.0.7+7-LTS, mixed mode, sharing, tiered, compressed oops, compressed class ptrs, g1 gc, windows-amd64)
# Problematic frame:
# C  [ig9icd64.dll+0x9bebe3]
#
# No core dump will be written. Minidumps are not enabled by default on client versions of Windows
#
# If you would like to submit a bug report, please visit:
#   https://github.com/corretto/corretto-17/issues/
# The crash happened outside the Java Virtual Machine in native code.
# See problematic frame for where to report the bug.
#

---------------  S U M M A R Y ------------

Command Line: -Djava.library.path=C:\Users\HP\Desktop\newderar\build\classes\kotlin\jvm\main;C:\Users\HP\Desktop\newderar\build\processedResources\jvm\main -javaagent:C:\Program Files\JetBrains\IntelliJ IDEA Community Edition 2021.3.2\lib\idea_rt.jar=51758:C:\Program Files\JetBrains\IntelliJ IDEA Community Edition 2021.3.2\bin -Dfile.encoding=UTF-8 MainKt

Host: Intel(R) Core(TM) i5-7300U CPU @ 2.60GHz, 4 cores, 15G,  Windows 10 , 64 bit Build 19041 (10.0.19041.3155)
Time: Sat Jul  8 17:12:12 2023 Libya Standard Time elapsed time: 71.679595 seconds (0d 0h 1m 11s)

---------------  T H R E A D  ---------------

Current thread (0x000001e7e43f1460):  JavaThread "AWT-EventQueue-0" [_thread_in_native, id=4160, stack(0x0000009c47f00000,0x0000009c48000000)]

Stack: [0x0000009c47f00000,0x0000009c48000000],  sp=0x0000009c47ffca88,  free space=1010k
Native frames: (J=compiled Java code, j=interpreted, Vv=VM code, C=native code)
C  [ig9icd64.dll+0x9bebe3]

Java frames: (J=compiled Java code, j=interpreted, Vv=VM code)
J 4797  org.jetbrains.skia.DirectContextKt.DirectContext_nFlush(J)V (0 bytes) @ 0x000001e7ccb62ee9 [0x000001e7ccb62ea0+0x0000000000000049]
J 5444 c2 org.jetbrains.skiko.redrawer.WindowsOpenGLRedrawer$Companion$frameDispatcher$1.invokeSuspend(Ljava/lang/Object;)Ljava/lang/Object; (379 bytes) @ 0x000001e7ccc9a2c0 [0x000001e7ccc98ca0+0x0000000000001620]
J 5443 c2 org.jetbrains.skiko.FrameDispatcher$job$1.invokeSuspend(Ljava/lang/Object;)Ljava/lang/Object; (156 bytes) @ 0x000001e7ccc966f0 [0x000001e7ccc964a0+0x0000000000000250]
J 4745 c2 kotlin.coroutines.jvm.internal.BaseContinuationImpl.resumeWith(Ljava/lang/Object;)V (128 bytes) @ 0x000001e7ccb3e374 [0x000001e7ccb3e320+0x0000000000000054]
J 4819 c2 kotlinx.coroutines.DispatchedTask.run()V (571 bytes) @ 0x000001e7ccb780c8 [0x000001e7ccb77d20+0x00000000000003a8]
J 5380 c2 java.awt.EventQueue$4.run()Ljava/lang/Void; java.desktop@17.0.7 (60 bytes) @ 0x000001e7ccc44d9c [0x000001e7ccc44a00+0x000000000000039c]
J 4937 c2 java.awt.EventDispatchThread.pumpOneEventForFilters(I)V java.desktop@17.0.7 (113 bytes) @ 0x000001e7ccbd4544 [0x000001e7ccbd3ee0+0x0000000000000664]
j  java.awt.EventDispatchThread.pumpEventsForFilter(ILjava/awt/Conditional;Ljava/awt/EventFilter;)V+35 java.desktop@17.0.7
j  java.awt.EventDispatchThread.pumpEventsForHierarchy(ILjava/awt/Conditional;Ljava/awt/Component;)V+11 java.desktop@17.0.7
j  java.awt.EventDispatchThread.pumpEvents(ILjava/awt/Conditional;)V+4 java.desktop@17.0.7
j  java.awt.EventDispatchThread.pumpEvents(Ljava/awt/Conditional;)V+3 java.desktop@17.0.7
j  java.awt.EventDispatchThread.run()V+9 java.desktop@17.0.7
v  ~StubRoutines::call_stub

siginfo: EXCEPTION_ACCESS_VIOLATION (0xc0000005), reading address 0xffffffffffffffff


Register to memory mapping:

RIP=0x00007ffe74e7ebe3 ig9icd64.dll
RAX=0x000000000fff0fff is an unknown value
RBX=0x00007ffe744c0000 ig9icd64.dll
RCX=0x000000033fcf3fcc is an unknown value
RDX=0x0000009c47ffcfa0 is pointing into the stack for thread: 0x000001e7e43f1460
RSP=0x0000009c47ffca88 is pointing into the stack for thread: 0x000001e7e43f1460
RBP=0x0000009c47ffcb90 is pointing into the stack for thread: 0x000001e7e43f1460
RSI=0x000001e7e7641a40 points into unknown readable memory: 0x000001e7e7549180 | 80 91 54 e7 e7 01 00 00
RDI=0x0000009c47ffcd90 is pointing into the stack for thread: 0x000001e7e43f1460
R8 =0x0000009c47ffcbc0 is pointing into the stack for thread: 0x000001e7e43f1460
R9 =0x0000009c47ffcfa0 is pointing into the stack for thread: 0x000001e7e43f1460
R10=0x0000009c47ffcd90 is pointing into the stack for thread: 0x000001e7e43f1460
R11=0x0 is NULL
R12=0x00007ffe752f15e0 ig9icd64.dll
R13=0x0 is NULL
R14=0x0 is NULL
R15=0x00000000000001c1 is an unknown value


Registers:
RAX=0x000000000fff0fff, RBX=0x00007ffe744c0000, RCX=0x000000033fcf3fcc, RDX=0x0000009c47ffcfa0
RSP=0x0000009c47ffca88, RBP=0x0000009c47ffcb90, RSI=0x000001e7e7641a40, RDI=0x0000009c47ffcd90
R8 =0x0000009c47ffcbc0, R9 =0x0000009c47ffcfa0, R10=0x0000009c47ffcd90, R11=0x0000000000000000
R12=0x00007ffe752f15e0, R13=0x0000000000000000, R14=0x0000000000000000, R15=0x00000000000001c1
RIP=0x00007ffe74e7ebe3, EFLAGS=0x0000000000010206

Top of Stack: (sp=0x0000009c47ffca88)
0x0000009c47ffca88:   00007ffe74e7c31b 0000000000000001
0x0000009c47ffca98:   0000000000000000 000001e7e7d56700
0x0000009c47ffcaa8:   00007ffeda002622 0000009c00000065
0x0000009c47ffcab8:   0000009c47ffccc0 0000000000000000
0x0000009c47ffcac8:   000001e7e5680f50 0000000000000000
0x0000009c47ffcad8:   000001e7e56809c0 000001e7e7d567f0
0x0000009c47ffcae8:   0000000000001100 0000000000000000
0x0000009c47ffcaf8:   0000000000000000 0000009c47ffcc70
0x0000009c47ffcb08:   00007ffe74b179c0 0000000000000000
0x0000009c47ffcb18:   0000000000000000 0000000000000000
0x0000009c47ffcb28:   0000000000000000 00008568960cf59a
0x0000009c47ffcb38:   00007ffe744d6555 000001e7e7d567f0
0x0000009c47ffcb48:   0000000000000001 0000000000000000
0x0000009c47ffcb58:   00007ffee9b7b86b 0000000002030238
0x0000009c47ffcb68:   00000000000000cb 000001e7e441f2d0
0x0000009c47ffcb78:   0000000000000000 0000000000000000 

Instructions: (pc=0x00007ffe74e7ebe3)
0x00007ffe74e7eae3:   c1 75 31 00 48 89 51 08 48 89 01 8b 44 24 28 89
0x00007ffe74e7eaf3:   41 20 8b 44 24 30 89 41 24 48 8b c1 4c 89 41 10
0x00007ffe74e7eb03:   4c 89 49 18 c3 cc cc cc cc cc cc cc cc 48 89 5c
0x00007ffe74e7eb13:   24 08 8b 41 5c 48 8d 1d e1 14 64 ff 41 89 40 08
0x00007ffe74e7eb23:   4c 8b d1 8b 41 60 45 33 db 41 89 40 0c 4c 8b ca
0x00007ffe74e7eb33:   8b 41 64 41 89 40 10 8b 41 68 41 89 40 14 8b 41
0x00007ffe74e7eb43:   6c 41 89 40 18 8b 41 70 41 89 40 1c 48 63 41 74
0x00007ffe74e7eb53:   48 6b c8 34 8b 84 19 44 d1 ee 00 41 89 40 20 8b
0x00007ffe74e7eb63:   84 19 48 d1 ee 00 41 89 40 24 8b 84 19 4c d1 ee
0x00007ffe74e7eb73:   00 41 89 40 28 8b 84 19 50 d1 ee 00 41 89 40 2c
0x00007ffe74e7eb83:   8b 84 19 34 d1 ee 00 41 89 40 30 8b 84 19 38 d1
0x00007ffe74e7eb93:   ee 00 41 89 40 34 8b 84 19 3c d1 ee 00 41 89 40
0x00007ffe74e7eba3:   38 8b 84 19 40 d1 ee 00 41 89 40 3c 8b 84 19 24
0x00007ffe74e7ebb3:   d1 ee 00 41 89 40 40 8b 84 19 28 d1 ee 00 41 89
0x00007ffe74e7ebc3:   40 44 8b 84 19 2c d1 ee 00 41 89 40 48 8b 84 19
0x00007ffe74e7ebd3:   30 d1 ee 00 41 89 40 4c 49 63 42 78 48 6b c8 34
0x00007ffe74e7ebe3:   8b 84 19 44 d1 ee 00 41 89 40 50 8b 84 19 48 d1
0x00007ffe74e7ebf3:   ee 00 41 89 40 54 8b 84 19 4c d1 ee 00 41 89 40
0x00007ffe74e7ec03:   58 8b 84 19 50 d1 ee 00 41 89 40 5c 8b 84 19 34
0x00007ffe74e7ec13:   d1 ee 00 41 89 40 60 8b 84 19 38 d1 ee 00 41 89
0x00007ffe74e7ec23:   40 64 8b 84 19 3c d1 ee 00 41 89 40 68 8b 84 19
0x00007ffe74e7ec33:   40 d1 ee 00 41 89 40 6c 8b 84 19 24 d1 ee 00 41
0x00007ffe74e7ec43:   89 40 70 8b 84 19 28 d1 ee 00 41 89 40 74 8b 84
0x00007ffe74e7ec53:   19 2c d1 ee 00 41 89 40 78 8b 84 19 30 d1 ee 00
0x00007ffe74e7ec63:   41 89 40 7c 48 8b 42 18 8b 88 38 0b 00 00 f6 c1
0x00007ffe74e7ec73:   08 0f 84 86 00 00 00 8b 80 3c 0b 00 00 41 89 80
0x00007ffe74e7ec83:   80 00 00 00 48 8b 42 18 8b 88 40 0b 00 00 41 89
0x00007ffe74e7ec93:   88 84 00 00 00 48 8b 42 18 8b 88 44 0b 00 00 41
0x00007ffe74e7eca3:   89 88 88 00 00 00 48 8b 42 18 8b 88 48 0b 00 00
0x00007ffe74e7ecb3:   41 89 88 8c 00 00 00 48 8b 42 18 8b 88 4c 0b 00
0x00007ffe74e7ecc3:   00 41 89 88 90 00 00 00 48 8b 42 18 8b 88 50 0b
0x00007ffe74e7ecd3:   00 00 41 89 88 94 00 00 00 48 8b 42 18 8b 88 54 


Stack slot to memory mapping:
stack at sp + 0 slots: 0x00007ffe74e7c31b ig9icd64.dll
stack at sp + 1 slots: 0x0000000000000001 is an unknown value
stack at sp + 2 slots: 0x0 is NULL
stack at sp + 3 slots: 0x000001e7e7d56700 points into unknown readable memory: 0x0000000000000000 | 00 00 00 00 00 00 00 00
stack at sp + 4 slots: 0x00007ffeda002622 igdgmm64.dll
stack at sp + 5 slots: 0x0000009c00000065 is an unknown value
stack at sp + 6 slots: 0x0000009c47ffccc0 is pointing into the stack for thread: 0x000001e7e43f1460
stack at sp + 7 slots: 0x0 is NULL


---------------  P R O C E S S  ---------------

Threads class SMR info:
_java_thread_list=0x000001e7e52ab780, length=26, elements={
0x000001e7bd337a20, 0x000001e7df9e5810, 0x000001e7df9e6590, 0x000001e7df9fc9c0,
0x000001e7df9fd480, 0x000001e7df9ffe50, 0x000001e7dfa00710, 0x000001e7dfa013b0,
0x000001e7dfa04d80, 0x000001e7dfa0e890, 0x000001e7dfbae9a0, 0x000001e7e4069ce0,
0x000001e7dfeaab50, 0x000001e7e42b47f0, 0x000001e7e42b4cc0, 0x000001e7e43f1460,
0x000001e7e4c6bbb0, 0x000001e7e4a1b470, 0x000001e7e4b7f0d0, 0x000001e7e4b7e730,
0x000001e7e4b7ca50, 0x000001e7e4b7d8c0, 0x000001e7e42e1810, 0x000001e7e42e2b50,
0x000001e7e42dfb30, 0x000001e7e42decc0
}

Java Threads: ( => current thread )
  0x000001e7bd337a20 JavaThread "main" [_thread_blocked, id=15884, stack(0x0000009c46400000,0x0000009c46500000)]
  0x000001e7df9e5810 JavaThread "Reference Handler" daemon [_thread_blocked, id=12060, stack(0x0000009c46b00000,0x0000009c46c00000)]
  0x000001e7df9e6590 JavaThread "Finalizer" daemon [_thread_blocked, id=13356, stack(0x0000009c46c00000,0x0000009c46d00000)]
  0x000001e7df9fc9c0 JavaThread "Signal Dispatcher" daemon [_thread_blocked, id=19024, stack(0x0000009c46d00000,0x0000009c46e00000)]
  0x000001e7df9fd480 JavaThread "Attach Listener" daemon [_thread_blocked, id=8252, stack(0x0000009c46e00000,0x0000009c46f00000)]
  0x000001e7df9ffe50 JavaThread "Service Thread" daemon [_thread_blocked, id=19160, stack(0x0000009c46f00000,0x0000009c47000000)]
  0x000001e7dfa00710 JavaThread "Monitor Deflation Thread" daemon [_thread_blocked, id=12408, stack(0x0000009c47000000,0x0000009c47100000)]
  0x000001e7dfa013b0 JavaThread "C2 CompilerThread0" daemon [_thread_blocked, id=6496, stack(0x0000009c47100000,0x0000009c47200000)]
  0x000001e7dfa04d80 JavaThread "C1 CompilerThread0" daemon [_thread_blocked, id=17784, stack(0x0000009c47200000,0x0000009c47300000)]
  0x000001e7dfa0e890 JavaThread "Sweeper thread" daemon [_thread_blocked, id=18208, stack(0x0000009c47300000,0x0000009c47400000)]
  0x000001e7dfbae9a0 JavaThread "Common-Cleaner" daemon [_thread_blocked, id=3608, stack(0x0000009c47400000,0x0000009c47500000)]
  0x000001e7e4069ce0 JavaThread "Monitor Ctrl-Break" daemon [_thread_in_native, id=15208, stack(0x0000009c47600000,0x0000009c47700000)]
  0x000001e7dfeaab50 JavaThread "Notification Thread" daemon [_thread_blocked, id=3348, stack(0x0000009c47700000,0x0000009c47800000)]
  0x000001e7e42b47f0 JavaThread "Java2D Disposer" daemon [_thread_blocked, id=15252, stack(0x0000009c47c00000,0x0000009c47d00000)]
  0x000001e7e42b4cc0 JavaThread "AWT-Shutdown" [_thread_blocked, id=4292, stack(0x0000009c47d00000,0x0000009c47e00000)]
=>0x000001e7e43f1460 JavaThread "AWT-EventQueue-0" [_thread_in_native, id=4160, stack(0x0000009c47f00000,0x0000009c48000000)]
  0x000001e7e4c6bbb0 JavaThread "Reference Cleaner" daemon [_thread_blocked, id=8044, stack(0x0000009c47500000,0x0000009c47600000)]
  0x000001e7e4a1b470 JavaThread "DefaultDispatcher-worker-1" daemon [_thread_blocked, id=6400, stack(0x0000009c48100000,0x0000009c48200000)]
  0x000001e7e4b7f0d0 JavaThread "DefaultDispatcher-worker-3" daemon [_thread_blocked, id=9528, stack(0x0000009c48300000,0x0000009c48400000)]
  0x000001e7e4b7e730 JavaThread "kotlinx.coroutines.DefaultExecutor" daemon [_thread_blocked, id=17464, stack(0x0000009c48400000,0x0000009c48500000)]
  0x000001e7e4b7ca50 JavaThread "TimerQueue" daemon [_thread_blocked, id=18124, stack(0x0000009c48800000,0x0000009c48900000)]
  0x000001e7e4b7d8c0 JavaThread "RealmFinalizingDaemon" daemon [_thread_blocked, id=7268, stack(0x0000009c48a00000,0x0000009c48b00000)]
  0x000001e7e42e1810 JavaThread "core-notifier" daemon [_thread_in_native, id=18956, stack(0x0000009c48c00000,0x0000009c48d00000)]
  0x000001e7e42e2b50 JavaThread "DefaultDispatcher-worker-2" daemon [_thread_blocked, id=16644, stack(0x0000009c48f00000,0x0000009c49000000)]
  0x000001e7e42dfb30 JavaThread "DefaultDispatcher-worker-4" daemon [_thread_blocked, id=5084, stack(0x0000009c49000000,0x0000009c49100000)]
  0x000001e7e42decc0 JavaThread "SIGINT handler" daemon [_thread_blocked, id=17912, stack(0x0000009c46200000,0x0000009c46300000)]

Other Threads:
  0x000001e7df9df8a0 VMThread "VM Thread" [stack: 0x0000009c46a00000,0x0000009c46b00000] [id=17824]
  0x000001e7bd3388e0 WatcherThread [stack: 0x0000009c47800000,0x0000009c47900000] [id=11044]
  0x000001e7bd3a1ac0 GCTaskThread "GC Thread#0" [stack: 0x0000009c46500000,0x0000009c46600000] [id=10352]
  0x000001e7e4728920 GCTaskThread "GC Thread#1" [stack: 0x0000009c47900000,0x0000009c47a00000] [id=18836]
  0x000001e7e4262500 GCTaskThread "GC Thread#2" [stack: 0x0000009c47a00000,0x0000009c47b00000] [id=17012]
  0x000001e7e42627b0 GCTaskThread "GC Thread#3" [stack: 0x0000009c47b00000,0x0000009c47c00000] [id=5920]
  0x000001e7bd3b26a0 ConcurrentGCThread "G1 Main Marker" [stack: 0x0000009c46600000,0x0000009c46700000] [id=5640]
  0x000001e7bd3b2fc0 ConcurrentGCThread "G1 Conc#0" [stack: 0x0000009c46700000,0x0000009c46800000] [id=19004]
  0x000001e7bd3ee1d0 ConcurrentGCThread "G1 Refine#0" [stack: 0x0000009c46800000,0x0000009c46900000] [id=5712]
  0x000001e7bd3eeb00 ConcurrentGCThread "G1 Service" [stack: 0x0000009c46900000,0x0000009c46a00000] [id=12792]

Threads with active compile tasks:

VM state: not at safepoint (normal execution)

VM Mutex/Monitor currently owned by a thread: None

Heap address: 0x0000000702600000, size: 4058 MB, Compressed Oops mode: Zero based, Oop shift amount: 3

CDS archive(s) mapped at: [0x0000000800000000-0x0000000800bc0000-0x0000000800bc0000), size 12320768, SharedBaseAddress: 0x0000000800000000, ArchiveRelocationMode: 0.
Compressed class space mapped at: 0x0000000801000000-0x0000000841000000, reserved size: 1073741824
Narrow klass base: 0x0000000800000000, Narrow klass shift: 0, Narrow klass range: 0x100000000

GC Precious Log:
 CPUs: 4 total, 4 available
 Memory: 16224M
 Large Page Support: Disabled
 NUMA Support: Disabled
 Compressed Oops: Enabled (Zero based)
 Heap Region Size: 2M
 Heap Min Capacity: 8M
 Heap Initial Capacity: 254M
 Heap Max Capacity: 4058M
 Pre-touch: Disabled
 Parallel Workers: 4
 Concurrent Workers: 1
 Concurrent Refinement Workers: 4
 Periodic GC: Disabled

Heap:
 garbage-first heap   total 90112K, used 46490K [0x0000000702600000, 0x0000000800000000)
  region size 2048K, 12 young (24576K), 0 survivors (0K)
 Metaspace       used 34238K, committed 34496K, reserved 1114112K
  class space    used 3713K, committed 3840K, reserved 1048576K

Heap Regions: E=young(eden), S=young(survivor), O=old, HS=humongous(starts), HC=humongous(continues), CS=collection set, F=free, OA=open archive, CA=closed archive, TAMS=top-at-mark-start (previous, next)
|   0|0x0000000702600000, 0x0000000702800000, 0x0000000702800000|100%|HS|  |TAMS 0x0000000702800000, 0x0000000702600000| Untracked 
|   1|0x0000000702800000, 0x0000000702a00000, 0x0000000702a00000|100%| O|  |TAMS 0x0000000702a00000, 0x0000000702800000| Untracked 
|   2|0x0000000702a00000, 0x0000000702bfffd8, 0x0000000702c00000| 99%| O|  |TAMS 0x0000000702bfffd8, 0x0000000702a00000| Untracked 
|   3|0x0000000702c00000, 0x0000000702dffff0, 0x0000000702e00000| 99%| O|  |TAMS 0x0000000702dffff0, 0x0000000702c00000| Untracked 
|   4|0x0000000702e00000, 0x0000000702fffff8, 0x0000000703000000| 99%| O|  |TAMS 0x0000000702e00000, 0x0000000702e00000| Untracked 
|   5|0x0000000703000000, 0x00000007031b7c20, 0x0000000703200000| 85%| O|  |TAMS 0x0000000703000000, 0x0000000703000000| Untracked 
|   6|0x0000000703200000, 0x0000000703200000, 0x0000000703400000|  0%| F|  |TAMS 0x0000000703200000, 0x0000000703200000| Untracked 
|   7|0x0000000703400000, 0x0000000703400000, 0x0000000703600000|  0%| F|  |TAMS 0x0000000703400000, 0x0000000703400000| Untracked 
|   8|0x0000000703600000, 0x0000000703600000, 0x0000000703800000|  0%| F|  |TAMS 0x0000000703600000, 0x0000000703600000| Untracked 
|   9|0x0000000703800000, 0x0000000703800000, 0x0000000703a00000|  0%| F|  |TAMS 0x0000000703800000, 0x0000000703800000| Untracked 
|  10|0x0000000703a00000, 0x0000000703c00000, 0x0000000703c00000|100%| O|  |TAMS 0x0000000703c00000, 0x0000000703a00000| Untracked 
|  11|0x0000000703c00000, 0x0000000703c00000, 0x0000000703e00000|  0%| F|  |TAMS 0x0000000703c00000, 0x0000000703c00000| Untracked 
|  12|0x0000000703e00000, 0x0000000703e00000, 0x0000000704000000|  0%| F|  |TAMS 0x0000000703e00000, 0x0000000703e00000| Untracked 
|  13|0x0000000704000000, 0x000000070418e950, 0x0000000704200000| 77%| O|  |TAMS 0x0000000704000000, 0x0000000704000000| Untracked 
|  14|0x0000000704200000, 0x0000000704200000, 0x0000000704400000|  0%| F|  |TAMS 0x0000000704200000, 0x0000000704200000| Untracked 
|  15|0x0000000704400000, 0x0000000704400000, 0x0000000704600000|  0%| F|  |TAMS 0x0000000704400000, 0x0000000704400000| Untracked 
|  16|0x0000000704600000, 0x0000000704620418, 0x0000000704800000|  6%| O|  |TAMS 0x0000000704600000, 0x0000000704600000| Untracked 
|  17|0x0000000704800000, 0x0000000704a00000, 0x0000000704a00000|100%|HS|  |TAMS 0x0000000704a00000, 0x0000000704800000| Untracked 
|  18|0x0000000704a00000, 0x0000000704c00000, 0x0000000704c00000|100%|HC|  |TAMS 0x0000000704c00000, 0x0000000704a00000| Untracked 
|  19|0x0000000704c00000, 0x0000000704e00000, 0x0000000704e00000|100%|HC|  |TAMS 0x0000000704e00000, 0x0000000704c00000| Untracked 
|  20|0x0000000704e00000, 0x0000000705000000, 0x0000000705000000|100%|HC|  |TAMS 0x0000000705000000, 0x0000000704e00000| Untracked 
|  21|0x0000000705000000, 0x0000000705000000, 0x0000000705200000|  0%| F|  |TAMS 0x0000000705000000, 0x0000000705000000| Untracked 
|  22|0x0000000705200000, 0x0000000705200000, 0x0000000705400000|  0%| F|  |TAMS 0x0000000705200000, 0x0000000705200000| Untracked 
|  23|0x0000000705400000, 0x0000000705400000, 0x0000000705600000|  0%| F|  |TAMS 0x0000000705400000, 0x0000000705400000| Untracked 
|  24|0x0000000705600000, 0x0000000705600000, 0x0000000705800000|  0%| F|  |TAMS 0x0000000705600000, 0x0000000705600000| Untracked 
|  25|0x0000000705800000, 0x0000000705800000, 0x0000000705a00000|  0%| F|  |TAMS 0x0000000705800000, 0x0000000705800000| Untracked 
|  26|0x0000000705a00000, 0x0000000705a00000, 0x0000000705c00000|  0%| F|  |TAMS 0x0000000705a00000, 0x0000000705a00000| Untracked 
|  27|0x0000000705c00000, 0x0000000705c00000, 0x0000000705e00000|  0%| F|  |TAMS 0x0000000705c00000, 0x0000000705c00000| Untracked 
|  28|0x0000000705e00000, 0x0000000705e00000, 0x0000000706000000|  0%| F|  |TAMS 0x0000000705e00000, 0x0000000705e00000| Untracked 
|  29|0x0000000706000000, 0x0000000706000000, 0x0000000706200000|  0%| F|  |TAMS 0x0000000706000000, 0x0000000706000000| Untracked 
|  30|0x0000000706200000, 0x0000000706200000, 0x0000000706400000|  0%| F|  |TAMS 0x0000000706200000, 0x0000000706200000| Untracked 
|  31|0x0000000706400000, 0x0000000706400000, 0x0000000706600000|  0%| F|  |TAMS 0x0000000706400000, 0x0000000706400000| Untracked 
|  32|0x0000000706600000, 0x000000070663be28, 0x0000000706800000| 11%| E|  |TAMS 0x0000000706600000, 0x0000000706600000| Complete 
|  33|0x0000000706800000, 0x0000000706a00000, 0x0000000706a00000|100%| E|CS|TAMS 0x0000000706800000, 0x0000000706800000| Complete 
|  34|0x0000000706a00000, 0x0000000706c00000, 0x0000000706c00000|100%| E|CS|TAMS 0x0000000706a00000, 0x0000000706a00000| Complete 
|  35|0x0000000706c00000, 0x0000000706e00000, 0x0000000706e00000|100%| E|CS|TAMS 0x0000000706c00000, 0x0000000706c00000| Complete 
|  36|0x0000000706e00000, 0x0000000707000000, 0x0000000707000000|100%| E|CS|TAMS 0x0000000706e00000, 0x0000000706e00000| Complete 
|  37|0x0000000707000000, 0x0000000707200000, 0x0000000707200000|100%| E|CS|TAMS 0x0000000707000000, 0x0000000707000000| Complete 
|  38|0x0000000707200000, 0x0000000707400000, 0x0000000707400000|100%| E|CS|TAMS 0x0000000707200000, 0x0000000707200000| Complete 
|  39|0x0000000707400000, 0x0000000707600000, 0x0000000707600000|100%| E|CS|TAMS 0x0000000707400000, 0x0000000707400000| Complete 
|  40|0x0000000707600000, 0x0000000707800000, 0x0000000707800000|100%| E|CS|TAMS 0x0000000707600000, 0x0000000707600000| Complete 
|  41|0x0000000707800000, 0x0000000707a00000, 0x0000000707a00000|100%| E|CS|TAMS 0x0000000707800000, 0x0000000707800000| Complete 
|  42|0x0000000707a00000, 0x0000000707c00000, 0x0000000707c00000|100%| E|CS|TAMS 0x0000000707a00000, 0x0000000707a00000| Complete 
|  43|0x0000000707c00000, 0x0000000707e00000, 0x0000000707e00000|100%| E|CS|TAMS 0x0000000707c00000, 0x0000000707c00000| Complete 

Card table byte_map: [0x000001e7d4620000,0x000001e7d4e10000] _byte_map_base: 0x000001e7d0e0d000

Marking Bits (Prev, Next): (CMBitMap*) 0x000001e7bd3a2020, (CMBitMap*) 0x000001e7bd3a1fe0
 Prev Bits: [0x000001e7d9570000, 0x000001e7dd4d8000)
 Next Bits: [0x000001e7d5600000, 0x000001e7d9568000)

Polling page: 0x000001e7bb150000

Metaspace:

Usage:
  Non-class:     29.81 MB used.
      Class:      3.63 MB used.
       Both:     33.44 MB used.

Virtual space:
  Non-class space:       64.00 MB reserved,      29.94 MB ( 47%) committed,  1 nodes.
      Class space:        1.00 GB reserved,       3.75 MB ( <1%) committed,  1 nodes.
             Both:        1.06 GB reserved,      33.69 MB (  3%) committed. 

Chunk freelists:
   Non-Class:  1.55 MB
       Class:  12.28 MB
        Both:  13.83 MB

MaxMetaspaceSize: unlimited
CompressedClassSpaceSize: 1.00 GB
Initial GC threshold: 21.00 MB
Current GC threshold: 55.88 MB
CDS: on
MetaspaceReclaimPolicy: balanced
 - commit_granule_bytes: 65536.
 - commit_granule_words: 8192.
 - virtual_space_node_default_size: 8388608.
 - enlarge_chunks_in_place: 1.
 - new_chunks_are_fully_committed: 0.
 - uncommit_free_chunks: 1.
 - use_allocation_guard: 0.
 - handle_deallocations: 1.


Internal statistics:

num_allocs_failed_limit: 3.
num_arena_births: 160.
num_arena_deaths: 0.
num_vsnodes_births: 2.
num_vsnodes_deaths: 0.
num_space_committed: 539.
num_space_uncommitted: 0.
num_chunks_returned_to_freelist: 3.
num_chunks_taken_from_freelist: 1060.
num_chunk_merges: 3.
num_chunk_splits: 915.
num_chunks_enlarged: 836.
num_inconsistent_stats: 0.

CodeHeap 'non-profiled nmethods': size=120000Kb used=4059Kb max_used=4059Kb free=115940Kb
 bounds [0x000001e7cc900000, 0x000001e7ccd00000, 0x000001e7d3e30000]
CodeHeap 'profiled nmethods': size=120000Kb used=8395Kb max_used=10039Kb free=111604Kb
 bounds [0x000001e7c4e30000, 0x000001e7c5820000, 0x000001e7cc360000]
CodeHeap 'non-nmethods': size=5760Kb used=1863Kb max_used=1939Kb free=3896Kb
 bounds [0x000001e7cc360000, 0x000001e7cc5d0000, 0x000001e7cc900000]
 total_blobs=6159 nmethods=4816 adapters=1255
 compilation: enabled
              stopped_count=0, restarted_count=0
 full_count=0

Compilation events (20 events):
Event: 67.136 Thread 0x000001e7dfa013b0 5625   !   4       java.util.concurrent.locks.AbstractQueuedSynchronizer::acquire (407 bytes)
Event: 67.157 Thread 0x000001e7dfa013b0 nmethod 5625 0x000001e7cccebd10 code [0x000001e7cccebee0, 0x000001e7cccece90]
Event: 67.836 Thread 0x000001e7dfa013b0 5626       4       java.util.AbstractMap::isEmpty (13 bytes)
Event: 67.837 Thread 0x000001e7dfa013b0 nmethod 5626 0x000001e7ccced490 code [0x000001e7ccced600, 0x000001e7ccced6b8]
Event: 68.086 Thread 0x000001e7dfa013b0 5627       4       androidx.compose.ui.platform.DefaultUiApplier::onEndChanges (28 bytes)
Event: 68.089 Thread 0x000001e7dfa013b0 nmethod 5627 0x000001e7ccced790 code [0x000001e7ccced960, 0x000001e7cccedc28]
Event: 68.286 Thread 0x000001e7dfa013b0 5628   !   4       androidx.compose.runtime.CompositionImpl::applyChangesInLocked (670 bytes)
Event: 68.359 Thread 0x000001e7dfa013b0 nmethod 5628 0x000001e7cccedf90 code [0x000001e7cccee300, 0x000001e7cccf0788]
Event: 68.452 Thread 0x000001e7dfa013b0 5629       4       androidx.compose.runtime.ComposerImpl$updateValue$2::invoke (20 bytes)
Event: 68.461 Thread 0x000001e7dfa013b0 nmethod 5629 0x000001e7cccf2390 code [0x000001e7cccf2580, 0x000001e7cccf2d18]
Event: 68.572 Thread 0x000001e7dfa04d80 5630       3       kotlinx.coroutines.scheduling.CoroutineScheduler$Worker::tryReleaseCpu (56 bytes)
Event: 68.572 Thread 0x000001e7dfa04d80 nmethod 5630 0x000001e7c5171f10 code [0x000001e7c51720c0, 0x000001e7c5172408]
Event: 69.701 Thread 0x000001e7dfa013b0 5631       4       androidx.compose.runtime.ComposerImpl::updateValue (98 bytes)
Event: 69.741 Thread 0x000001e7dfa013b0 nmethod 5631 0x000001e7cccf3410 code [0x000001e7cccf36c0, 0x000001e7cccf4ff0]
Event: 70.437 Thread 0x000001e7dfa013b0 5632       4       kotlinx.coroutines.JobKt__JobKt::ensureActive (27 bytes)
Event: 70.443 Thread 0x000001e7dfa013b0 nmethod 5632 0x000001e7cccf5f10 code [0x000001e7cccf60c0, 0x000001e7cccf6458]
Event: 71.639 Thread 0x000001e7dfa04d80 5633       3       java.util.IdentityHashMap$IdentityHashMapIterator::nextIndex (72 bytes)
Event: 71.640 Thread 0x000001e7dfa04d80 nmethod 5633 0x000001e7c5198110 code [0x000001e7c51982e0, 0x000001e7c5198728]
Event: 71.646 Thread 0x000001e7dfa013b0 5634       4       kotlin.reflect.jvm.internal.pcollections.IntTree::get (60 bytes)
Event: 71.649 Thread 0x000001e7dfa013b0 nmethod 5634 0x000001e7cccf6810 code [0x000001e7cccf69c0, 0x000001e7cccf6c10]

GC Heap History (20 events):
Event: 1.154 GC heap before
{Heap before GC invocations=1 (full 0):
 garbage-first heap   total 260096K, used 15365K [0x0000000702600000, 0x0000000800000000)
  region size 2048K, 6 young (12288K), 1 survivors (2048K)
 Metaspace       used 5828K, committed 6016K, reserved 1114112K
  class space    used 468K, committed 576K, reserved 1048576K
}
Event: 1.156 GC heap after
{Heap after GC invocations=2 (full 0):
 garbage-first heap   total 260096K, used 7710K [0x0000000702600000, 0x0000000800000000)
  region size 2048K, 1 young (2048K), 1 survivors (2048K)
 Metaspace       used 5828K, committed 6016K, reserved 1114112K
  class space    used 468K, committed 576K, reserved 1048576K
}
Event: 2.595 GC heap before
{Heap before GC invocations=2 (full 0):
 garbage-first heap   total 260096K, used 36382K [0x0000000702600000, 0x0000000800000000)
  region size 2048K, 15 young (30720K), 1 survivors (2048K)
 Metaspace       used 14863K, committed 15040K, reserved 1114112K
  class space    used 1531K, committed 1600K, reserved 1048576K
}
Event: 2.598 GC heap after
{Heap after GC invocations=3 (full 0):
 garbage-first heap   total 260096K, used 9756K [0x0000000702600000, 0x0000000800000000)
  region size 2048K, 2 young (4096K), 2 survivors (4096K)
 Metaspace       used 14863K, committed 15040K, reserved 1114112K
  class space    used 1531K, committed 1600K, reserved 1048576K
}
Event: 3.967 GC heap before
{Heap before GC invocations=3 (full 0):
 garbage-first heap   total 260096K, used 42524K [0x0000000702600000, 0x0000000800000000)
  region size 2048K, 19 young (38912K), 2 survivors (4096K)
 Metaspace       used 21356K, committed 21504K, reserved 1114112K
  class space    used 2282K, committed 2368K, reserved 1048576K
}
Event: 3.972 GC heap after
{Heap after GC invocations=4 (full 0):
 garbage-first heap   total 260096K, used 11128K [0x0000000702600000, 0x0000000800000000)
  region size 2048K, 2 young (4096K), 2 survivors (4096K)
 Metaspace       used 21356K, committed 21504K, reserved 1114112K
  class space    used 2282K, committed 2368K, reserved 1048576K
}
Event: 5.655 GC heap before
{Heap before GC invocations=5 (full 0):
 garbage-first heap   total 49152K, used 37752K [0x0000000702600000, 0x0000000800000000)
  region size 2048K, 10 young (20480K), 2 survivors (4096K)
 Metaspace       used 24312K, committed 24512K, reserved 1114112K
  class space    used 2636K, committed 2752K, reserved 1048576K
}
Event: 5.661 GC heap after
{Heap after GC invocations=6 (full 0):
 garbage-first heap   total 49152K, used 24142K [0x0000000702600000, 0x0000000800000000)
  region size 2048K, 2 young (4096K), 2 survivors (4096K)
 Metaspace       used 24312K, committed 24512K, reserved 1114112K
  class space    used 2636K, committed 2752K, reserved 1048576K
}
Event: 5.699 GC heap before
{Heap before GC invocations=6 (full 0):
 garbage-first heap   total 49152K, used 26190K [0x0000000702600000, 0x0000000800000000)
  region size 2048K, 3 young (6144K), 2 survivors (4096K)
 Metaspace       used 24693K, committed 24896K, reserved 1114112K
  class space    used 2680K, committed 2816K, reserved 1048576K
}
Event: 5.702 GC heap after
{Heap after GC invocations=7 (full 0):
 garbage-first heap   total 49152K, used 17872K [0x0000000702600000, 0x0000000800000000)
  region size 2048K, 1 young (2048K), 1 survivors (2048K)
 Metaspace       used 24693K, committed 24896K, reserved 1114112K
  class space    used 2680K, committed 2816K, reserved 1048576K
}
Event: 5.987 GC heap before
{Heap before GC invocations=7 (full 0):
 garbage-first heap   total 49152K, used 32208K [0x0000000702600000, 0x0000000800000000)
  region size 2048K, 8 young (16384K), 1 survivors (2048K)
 Metaspace       used 26791K, committed 26944K, reserved 1114112K
  class space    used 2945K, committed 3008K, reserved 1048576K
}
Event: 5.990 GC heap after
{Heap after GC invocations=8 (full 0):
 garbage-first heap   total 49152K, used 19432K [0x0000000702600000, 0x0000000800000000)
  region size 2048K, 1 young (2048K), 1 survivors (2048K)
 Metaspace       used 26791K, committed 26944K, reserved 1114112K
  class space    used 2945K, committed 3008K, reserved 1048576K
}
Event: 6.373 GC heap before
{Heap before GC invocations=8 (full 0):
 garbage-first heap   total 49152K, used 31720K [0x0000000702600000, 0x0000000800000000)
  region size 2048K, 8 young (16384K), 1 survivors (2048K)
 Metaspace       used 30004K, committed 30208K, reserved 1114112K
  class space    used 3337K, committed 3456K, reserved 1048576K
}
Event: 6.377 GC heap after
{Heap after GC invocations=9 (full 0):
 garbage-first heap   total 155648K, used 20504K [0x0000000702600000, 0x0000000800000000)
  region size 2048K, 1 young (2048K), 1 survivors (2048K)
 Metaspace       used 30004K, committed 30208K, reserved 1114112K
  class space    used 3337K, committed 3456K, reserved 1048576K
}
Event: 31.933 GC heap before
{Heap before GC invocations=9 (full 0):
 garbage-first heap   total 155648K, used 104472K [0x0000000702600000, 0x0000000800000000)
  region size 2048K, 39 young (79872K), 1 survivors (2048K)
 Metaspace       used 34048K, committed 34304K, reserved 1114112K
  class space    used 3708K, committed 3840K, reserved 1048576K
}
Event: 31.959 GC heap after
{Heap after GC invocations=10 (full 1):
 garbage-first heap   total 90112K, used 24020K [0x0000000702600000, 0x0000000800000000)
  region size 2048K, 0 young (0K), 0 survivors (0K)
 Metaspace       used 34048K, committed 34304K, reserved 1114112K
  class space    used 3708K, committed 3840K, reserved 1048576K
}
Event: 51.751 GC heap before
{Heap before GC invocations=10 (full 1):
 garbage-first heap   total 90112K, used 67028K [0x0000000702600000, 0x0000000800000000)
  region size 2048K, 21 young (43008K), 0 survivors (0K)
 Metaspace       used 34130K, committed 34432K, reserved 1114112K
  class space    used 3708K, committed 3840K, reserved 1048576K
}
Event: 51.753 GC heap after
{Heap after GC invocations=11 (full 1):
 garbage-first heap   total 90112K, used 24465K [0x0000000702600000, 0x0000000800000000)
  region size 2048K, 1 young (2048K), 1 survivors (2048K)
 Metaspace       used 34130K, committed 34432K, reserved 1114112K
  class space    used 3708K, committed 3840K, reserved 1048576K
}
Event: 61.961 GC heap before
{Heap before GC invocations=11 (full 1):
 garbage-first heap   total 90112K, used 46993K [0x0000000702600000, 0x0000000800000000)
  region size 2048K, 13 young (26624K), 1 survivors (2048K)
 Metaspace       used 34174K, committed 34432K, reserved 1114112K
  class space    used 3710K, committed 3840K, reserved 1048576K
}
Event: 61.986 GC heap after
{Heap after GC invocations=12 (full 2):
 garbage-first heap   total 90112K, used 23962K [0x0000000702600000, 0x0000000800000000)
  region size 2048K, 0 young (0K), 0 survivors (0K)
 Metaspace       used 34174K, committed 34432K, reserved 1114112K
  class space    used 3710K, committed 3840K, reserved 1048576K
}

Dll operation events (14 events):
Event: 0.049 Loaded shared library C:\Users\HP\.jdks\corretto-17.0.7\bin\java.dll
Event: 0.068 Loaded shared library C:\Users\HP\.jdks\corretto-17.0.7\bin\jsvml.dll
Event: 0.258 Loaded shared library C:\Users\HP\.jdks\corretto-17.0.7\bin\zip.dll
Event: 0.261 Loaded shared library C:\Users\HP\.jdks\corretto-17.0.7\bin\instrument.dll
Event: 0.267 Loaded shared library C:\Users\HP\.jdks\corretto-17.0.7\bin\net.dll
Event: 0.269 Loaded shared library C:\Users\HP\.jdks\corretto-17.0.7\bin\nio.dll
Event: 0.274 Loaded shared library C:\Users\HP\.jdks\corretto-17.0.7\bin\zip.dll
Event: 0.419 Loaded shared library C:\Program Files\JetBrains\IntelliJ IDEA Community Edition 2021.3.2\bin\breakgen64.dll
Event: 0.680 Loaded shared library C:\Users\HP\.jdks\corretto-17.0.7\bin\jimage.dll
Event: 0.685 Loaded shared library C:\Users\HP\.jdks\corretto-17.0.7\bin\awt.dll
Event: 1.831 Loaded shared library C:\Users\HP\.skiko\0de0d8dd8554d9bb66cfca3837db6514ff9b71080e998917280a3b777460a416\skiko-windows-x64.dll
Event: 2.411 Loaded shared library C:\Users\HP\.jdks\corretto-17.0.7\bin\freetype.dll
Event: 2.412 Loaded shared library C:\Users\HP\.jdks\corretto-17.0.7\bin\fontmanager.dll
Event: 6.251 Loaded shared library C:\Users\HP\AppData\Local\io-realm-kotlin\f7113120ba00ba1ff91d696eecd3919e85a4e34e\realmc.dll

Deoptimization events (20 events):
Event: 54.208 Thread 0x000001e7e43f1460 Uncommon trap: trap_request=0xffffffde fr.pc=0x000001e7cc981ae8 relative=0x00000000000000c8
Event: 54.208 Thread 0x000001e7e43f1460 Uncommon trap: reason=class_check action=maybe_recompile pc=0x000001e7cc981ae8 method=kotlinx.coroutines.AbstractCoroutine.onCompletionInternal(Ljava/lang/Object;)V @ 22 c2
Event: 54.208 Thread 0x000001e7e43f1460 DEOPT PACKING pc=0x000001e7cc981ae8 sp=0x0000009c47ffeaf0
Event: 54.208 Thread 0x000001e7e43f1460 DEOPT UNPACKING pc=0x000001e7cc3b69a3 sp=0x0000009c47ffea80 mode 2
Event: 66.434 Thread 0x000001e7e42decc0 Uncommon trap: trap_request=0xffffff45 fr.pc=0x000001e7ccc84cb4 relative=0x0000000000000194
Event: 66.434 Thread 0x000001e7e4b7d3f0 Uncommon trap: trap_request=0xffffff45 fr.pc=0x000001e7ccc84cb4 relative=0x0000000000000194
Event: 66.434 Thread 0x000001e7e42decc0 Uncommon trap: reason=unstable_if action=reinterpret pc=0x000001e7ccc84cb4 method=kotlinx.coroutines.scheduling.CoroutineScheduler$Worker.tryReleaseCpu(Lkotlinx/coroutines/scheduling/CoroutineScheduler$WorkerState;)Z @ 9 c2
Event: 66.434 Thread 0x000001e7e4b7f0d0 Uncommon trap: trap_request=0xffffff45 fr.pc=0x000001e7ccc84cb4 relative=0x0000000000000194
Event: 66.434 Thread 0x000001e7e4b7d3f0 Uncommon trap: reason=unstable_if action=reinterpret pc=0x000001e7ccc84cb4 method=kotlinx.coroutines.scheduling.CoroutineScheduler$Worker.tryReleaseCpu(Lkotlinx/coroutines/scheduling/CoroutineScheduler$WorkerState;)Z @ 9 c2
Event: 66.434 Thread 0x000001e7e4b7f0d0 Uncommon trap: reason=unstable_if action=reinterpret pc=0x000001e7ccc84cb4 method=kotlinx.coroutines.scheduling.CoroutineScheduler$Worker.tryReleaseCpu(Lkotlinx/coroutines/scheduling/CoroutineScheduler$WorkerState;)Z @ 9 c2
Event: 66.434 Thread 0x000001e7e42decc0 DEOPT PACKING pc=0x000001e7ccc84cb4 sp=0x0000009c48eff640
Event: 66.434 Thread 0x000001e7e4b7d3f0 DEOPT PACKING pc=0x000001e7ccc84cb4 sp=0x0000009c482ff290
Event: 66.434 Thread 0x000001e7e4b7f0d0 DEOPT PACKING pc=0x000001e7ccc84cb4 sp=0x0000009c483ff2a0
Event: 66.434 Thread 0x000001e7e42decc0 DEOPT UNPACKING pc=0x000001e7cc3b69a3 sp=0x0000009c48eff5d8 mode 2
Event: 66.434 Thread 0x000001e7e4b7d3f0 DEOPT UNPACKING pc=0x000001e7cc3b69a3 sp=0x0000009c482ff228 mode 2
Event: 66.434 Thread 0x000001e7e4b7f0d0 DEOPT UNPACKING pc=0x000001e7cc3b69a3 sp=0x0000009c483ff238 mode 2
Event: 71.649 Thread 0x000001e7e4b7cf20 Uncommon trap: trap_request=0xffffff5c fr.pc=0x000001e7cccecd10 relative=0x0000000000000e30
Event: 71.649 Thread 0x000001e7e4b7cf20 Uncommon trap: reason=speculate_null_check action=make_not_entrant pc=0x000001e7cccecd10 method=java.util.concurrent.locks.AbstractQueuedSynchronizer.acquire(Ljava/util/concurrent/locks/AbstractQueuedSynchronizer$Node;IZZZJ)I @ 254 c2
Event: 71.649 Thread 0x000001e7e4b7cf20 DEOPT PACKING pc=0x000001e7cccecd10 sp=0x0000009c489fef50
Event: 71.649 Thread 0x000001e7e4b7cf20 DEOPT UNPACKING pc=0x000001e7cc3b69a3 sp=0x0000009c489fef20 mode 2

Classes unloaded (0 events):
No events

Classes redefined (0 events):
No events

Internal exceptions (20 events):
Event: 1.431 Thread 0x000001e7e43f1460 Exception <a 'java/lang/NoSuchMethodError'{0x0000000711e0b1f8}: 'java.lang.Object java.lang.invoke.DirectMethodHandle$Holder.invokeStaticInit(java.lang.Object, java.lang.Object, int, int, int, int)'> (0x0000000711e0b1f8) 
thrown [s\src\hotspot\share\interpreter\linkResolver.cpp, line 759]
Event: 1.578 Thread 0x000001e7e43f1460 Exception <a 'java/lang/NoSuchMethodError'{0x0000000711d62780}: 'double java.lang.invoke.DirectMethodHandle$Holder.invokeStatic(java.lang.Object, double)'> (0x0000000711d62780) 
thrown [s\src\hotspot\share\interpreter\linkResolver.cpp, line 759]
Event: 1.579 Thread 0x000001e7e43f1460 Exception <a 'java/lang/NoSuchMethodError'{0x0000000711d661e0}: 'double java.lang.invoke.DirectMethodHandle$Holder.invokeStaticInit(java.lang.Object, double)'> (0x0000000711d661e0) 
thrown [s\src\hotspot\share\interpreter\linkResolver.cpp, line 759]
Event: 1.597 Thread 0x000001e7e43f1460 Exception <a 'java/lang/NoSuchMethodError'{0x0000000711dae2b0}: 'java.lang.Object java.lang.invoke.DirectMethodHandle$Holder.newInvokeSpecial(java.lang.Object, double)'> (0x0000000711dae2b0) 
thrown [s\src\hotspot\share\interpreter\linkResolver.cpp, line 759]
Event: 2.118 Thread 0x000001e7e43f1460 Exception <a 'java/lang/NoSuchMethodError'{0x0000000710c4d730}: 'void java.lang.invoke.DirectMethodHandle$Holder.invokeSpecial(java.lang.Object, java.lang.Object, java.lang.Object)'> (0x0000000710c4d730) 
thrown [s\src\hotspot\share\interpreter\linkResolver.cpp, line 759]
Event: 2.137 Thread 0x000001e7e43f1460 Exception <a 'java/lang/NoSuchMethodError'{0x0000000710c77b18}: 'java.lang.Object java.lang.invoke.DirectMethodHandle$Holder.newInvokeSpecial(java.lang.Object, java.lang.Object, java.lang.Object, java.lang.Object, java.lang.Object)'> (0x0000000710c77b18) 
thrown [s\src\hotspot\share\interpreter\linkResolver.cpp, line 759]
Event: 2.146 Thread 0x000001e7e43f1460 Exception <a 'java/lang/NoSuchMethodError'{0x0000000710c83788}: 'java.lang.Object java.lang.invoke.DirectMethodHandle$Holder.invokeStatic(java.lang.Object, int, java.lang.Object, java.lang.Object, java.lang.Object, java.lang.Object)'> (0x0000000710c83788) 
thrown [s\src\hotspot\share\interpreter\linkResolver.cpp, line 759]
Event: 2.153 Thread 0x000001e7e43f1460 Exception <a 'java/lang/NoSuchMethodError'{0x0000000710ca91f0}: 'java.lang.Object java.lang.invoke.DirectMethodHandle$Holder.invokeStatic(java.lang.Object, int, java.lang.Object)'> (0x0000000710ca91f0) 
thrown [s\src\hotspot\share\interpreter\linkResolver.cpp, line 759]
Event: 2.203 Thread 0x000001e7e43f1460 Exception <a 'java/lang/ClassNotFoundException'{0x0000000710d65bb0}: com/sun/swing/internal/plaf/metal/resources/spi/metalProvider> (0x0000000710d65bb0) 
thrown [s\src\hotspot\share\classfile\systemDictionary.cpp, line 256]
Event: 2.204 Thread 0x000001e7e43f1460 Exception <a 'java/lang/ClassNotFoundException'{0x0000000710d69b50}: com/sun/swing/internal/plaf/basic/resources/spi/basicProvider> (0x0000000710d69b50) 
thrown [s\src\hotspot\share\classfile\systemDictionary.cpp, line 256]
Event: 2.215 Thread 0x000001e7e43f1460 Implicit null exception at 0x000001e7cc92d010 to 0x000001e7cc92d3e4
Event: 2.215 Thread 0x000001e7e43f1460 Implicit null exception at 0x000001e7cc928910 to 0x000001e7cc928cc8
Event: 2.215 Thread 0x000001e7e43f1460 Implicit null exception at 0x000001e7cc97b38f to 0x000001e7cc97b409
Event: 2.256 Thread 0x000001e7e43f1460 Exception <a 'java/lang/NoSuchMethodError'{0x0000000710a7b4f8}: 'void java.lang.invoke.DirectMethodHandle$Holder.invokeStatic(java.lang.Object, java.lang.Object, java.lang.Object)'> (0x0000000710a7b4f8) 
thrown [s\src\hotspot\share\interpreter\linkResolver.cpp, line 759]
Event: 2.399 Thread 0x000001e7e43f1460 Exception <a 'java/lang/NoSuchMethodError'{0x0000000710942f48}: 'void java.lang.invoke.DirectMethodHandle$Holder.invokeStaticInit(java.lang.Object)'> (0x0000000710942f48) 
thrown [s\src\hotspot\share\interpreter\linkResolver.cpp, line 759]
Event: 2.700 Thread 0x000001e7e43f1460 Exception <a 'java/lang/NoSuchMethodError'{0x000000071214f3c8}: 'int java.lang.invoke.DirectMethodHandle$Holder.invokeStaticInit(java.lang.Object, java.lang.Object, java.lang.Object)'> (0x000000071214f3c8) 
thrown [s\src\hotspot\share\interpreter\linkResolver.cpp, line 759]
Event: 3.280 Thread 0x000001e7e43f6ca0 Exception <a 'java/lang/NoSuchMethodError'{0x0000000710d7f300}: 'void java.lang.invoke.DirectMethodHandle$Holder.invokeVirtual(java.lang.Object, java.lang.Object)'> (0x0000000710d7f300) 
thrown [s\src\hotspot\share\interpreter\linkResolver.cpp, line 759]
Event: 5.493 Thread 0x000001e7e43f1460 Exception <a 'java/lang/NoSuchMethodError'{0x0000000704b052e0}: 'int java.lang.invoke.DirectMethodHandle$Holder.invokeStaticInit(java.lang.Object, long, long)'> (0x0000000704b052e0) 
thrown [s\src\hotspot\share\interpreter\linkResolver.cpp, line 759]
Event: 6.135 Thread 0x000001e7e43f1460 Exception <a 'java/lang/NoSuchMethodError'{0x000000070fb4ec90}: 'java.lang.Object java.lang.invoke.DirectMethodHandle$Holder.newInvokeSpecial(java.lang.Object, int, java.lang.Object)'> (0x000000070fb4ec90) 
thrown [s\src\hotspot\share\interpreter\linkResolver.cpp, line 759]
Event: 46.961 Thread 0x000001e7e43f1460 Implicit null exception at 0x000001e7ccc30d65 to 0x000001e7ccc3276c

VM Operations (20 events):
Event: 54.778 Executing VM operation: Cleanup
Event: 54.778 Executing VM operation: Cleanup done
Event: 55.792 Executing VM operation: Cleanup
Event: 55.792 Executing VM operation: Cleanup done
Event: 56.798 Executing VM operation: Cleanup
Event: 56.798 Executing VM operation: Cleanup done
Event: 57.805 Executing VM operation: Cleanup
Event: 57.805 Executing VM operation: Cleanup done
Event: 58.806 Executing VM operation: Cleanup
Event: 58.807 Executing VM operation: Cleanup done
Event: 61.961 Executing VM operation: G1CollectFull
Event: 61.986 Executing VM operation: G1CollectFull done
Event: 62.996 Executing VM operation: Cleanup
Event: 62.996 Executing VM operation: Cleanup done
Event: 66.038 Executing VM operation: Cleanup
Event: 66.038 Executing VM operation: Cleanup done
Event: 68.066 Executing VM operation: Cleanup
Event: 68.066 Executing VM operation: Cleanup done
Event: 70.066 Executing VM operation: Cleanup
Event: 70.066 Executing VM operation: Cleanup done

Events (20 events):
Event: 24.762 Thread 0x000001e7dfa0e890 flushing nmethod 0x000001e7c5724d90
Event: 24.762 Thread 0x000001e7dfa0e890 flushing nmethod 0x000001e7c5727710
Event: 24.762 Thread 0x000001e7dfa0e890 flushing nmethod 0x000001e7c573fb10
Event: 24.763 Thread 0x000001e7dfa0e890 flushing nmethod 0x000001e7c5794e10
Event: 24.763 Thread 0x000001e7dfa0e890 flushing nmethod 0x000001e7c5795510
Event: 46.995 Thread 0x000001e7ef16a9f0 Thread added: 0x000001e7ef16a9f0
Event: 48.854 Thread 0x000001e7ef16a9f0 Thread exited: 0x000001e7ef16a9f0
Event: 66.435 Thread 0x000001e7e4b7d3f0 Thread exited: 0x000001e7e4b7d3f0
Event: 66.435 Thread 0x000001e7e42decc0 Thread exited: 0x000001e7e42decc0
Event: 71.638 loading class jdk/internal/misc/Signal$1
Event: 71.638 loading class jdk/internal/misc/Signal$1 done
Event: 71.639 Thread 0x000001e7e42decc0 Thread added: 0x000001e7e42decc0
Event: 71.639 Thread 0x000001e7e42e0000 Thread added: 0x000001e7e42e0000
Event: 71.639 Thread 0x000001e7e42e0e70 Thread added: 0x000001e7e42e0e70
Event: 71.639 Thread 0x000001e7e42e1340 Thread added: 0x000001e7e42e1340
Event: 71.641 Thread 0x000001e7e42e1340 Thread exited: 0x000001e7e42e1340
Event: 71.648 Thread 0x000001e7e43f6ca0 Thread exited: 0x000001e7e43f6ca0
Event: 71.649 Thread 0x000001e7e42e4360 Thread exited: 0x000001e7e42e4360
Event: 71.649 Thread 0x000001e7e4b7cf20 Thread exited: 0x000001e7e4b7cf20
Event: 71.649 Thread 0x000001e7e42e0000 Thread exited: 0x000001e7e42e0000


Dynamic libraries:
0x00007ff7eeda0000 - 0x00007ff7eedad000 	C:\Users\HP\.jdks\corretto-17.0.7\bin\java.exe
0x00007ffee9b50000 - 0x00007ffee9d48000 	C:\Windows\SYSTEM32\ntdll.dll
0x00007ffee90d0000 - 0x00007ffee918f000 	C:\Windows\System32\KERNEL32.DLL
0x00007ffee7790000 - 0x00007ffee7a86000 	C:\Windows\System32\KERNELBASE.dll
0x00007ffee7410000 - 0x00007ffee7510000 	C:\Windows\System32\ucrtbase.dll
0x00007ffedbcc0000 - 0x00007ffedbcd7000 	C:\Users\HP\.jdks\corretto-17.0.7\bin\jli.dll
0x00007ffee9970000 - 0x00007ffee9b0d000 	C:\Windows\System32\USER32.dll
0x00007ffee76c0000 - 0x00007ffee76e2000 	C:\Windows\System32\win32u.dll
0x00007ffee90a0000 - 0x00007ffee90cc000 	C:\Windows\System32\GDI32.dll
0x00007ffee7a90000 - 0x00007ffee7ba5000 	C:\Windows\System32\gdi32full.dll
0x00007ffee72c0000 - 0x00007ffee735d000 	C:\Windows\System32\msvcp_win.dll
0x00007ffeced70000 - 0x00007ffeced85000 	C:\Users\HP\.jdks\corretto-17.0.7\bin\VCRUNTIME140.dll
0x00007ffecd150000 - 0x00007ffecd3ea000 	C:\Windows\WinSxS\amd64_microsoft.windows.common-controls_6595b64144ccf1df_6.0.19041.1110_none_60b5254171f9507e\COMCTL32.dll
0x00007ffee8310000 - 0x00007ffee83ae000 	C:\Windows\System32\msvcrt.dll
0x00007ffee8600000 - 0x00007ffee8630000 	C:\Windows\System32\IMM32.DLL
0x00007ffec1e20000 - 0x00007ffec1ebb000 	C:\Users\HP\.jdks\corretto-17.0.7\bin\msvcp140.dll
0x00007ffea5510000 - 0x00007ffea612a000 	C:\Users\HP\.jdks\corretto-17.0.7\bin\server\jvm.dll
0x00007ffee8630000 - 0x00007ffee86df000 	C:\Windows\System32\ADVAPI32.dll
0x00007ffee8560000 - 0x00007ffee85fc000 	C:\Windows\System32\sechost.dll
0x00007ffee7d70000 - 0x00007ffee7e96000 	C:\Windows\System32\RPCRT4.dll
0x00007ffee0fa0000 - 0x00007ffee0fa9000 	C:\Windows\SYSTEM32\WSOCK32.dll
0x00007ffee8e70000 - 0x00007ffee8edb000 	C:\Windows\System32\WS2_32.dll
0x00007ffecca00000 - 0x00007ffecca27000 	C:\Windows\SYSTEM32\WINMM.dll
0x00007ffedb320000 - 0x00007ffedb32a000 	C:\Windows\SYSTEM32\VERSION.dll
0x00007ffee5a20000 - 0x00007ffee5a32000 	C:\Windows\SYSTEM32\kernel.appcore.dll
0x00007ffedf290000 - 0x00007ffedf29a000 	C:\Users\HP\.jdks\corretto-17.0.7\bin\jimage.dll
0x00007ffee1f40000 - 0x00007ffee2124000 	C:\Windows\SYSTEM32\DBGHELP.DLL
0x00007ffecec70000 - 0x00007ffececa4000 	C:\Windows\SYSTEM32\dbgcore.DLL
0x00007ffee7230000 - 0x00007ffee72b2000 	C:\Windows\System32\bcryptPrimitives.dll
0x00007ffedf230000 - 0x00007ffedf23e000 	C:\Users\HP\.jdks\corretto-17.0.7\bin\instrument.dll
0x00007ffeca980000 - 0x00007ffeca9a5000 	C:\Users\HP\.jdks\corretto-17.0.7\bin\java.dll
0x00007ffebaa40000 - 0x00007ffebab16000 	C:\Users\HP\.jdks\corretto-17.0.7\bin\jsvml.dll
0x00007ffee9190000 - 0x00007ffee98d4000 	C:\Windows\System32\SHELL32.dll
0x00007ffee2130000 - 0x00007ffee28c4000 	C:\Windows\SYSTEM32\windows.storage.dll
0x00007ffee8890000 - 0x00007ffee8be4000 	C:\Windows\System32\combase.dll
0x00007ffee6ab0000 - 0x00007ffee6ade000 	C:\Windows\SYSTEM32\Wldp.dll
0x00007ffee8f90000 - 0x00007ffee903d000 	C:\Windows\System32\SHCORE.dll
0x00007ffee9040000 - 0x00007ffee9095000 	C:\Windows\System32\shlwapi.dll
0x00007ffee7160000 - 0x00007ffee7185000 	C:\Windows\SYSTEM32\profapi.dll
0x00007ffec7110000 - 0x00007ffec7128000 	C:\Users\HP\.jdks\corretto-17.0.7\bin\zip.dll
0x00007ffeca7f0000 - 0x00007ffeca809000 	C:\Users\HP\.jdks\corretto-17.0.7\bin\net.dll
0x00007ffed8570000 - 0x00007ffed867a000 	C:\Windows\SYSTEM32\WINHTTP.dll
0x00007ffee6890000 - 0x00007ffee68fa000 	C:\Windows\system32\mswsock.dll
0x00007ffec73c0000 - 0x00007ffec73d5000 	C:\Users\HP\.jdks\corretto-17.0.7\bin\nio.dll
0x00007ffedc060000 - 0x00007ffedc07a000 	C:\Program Files\JetBrains\IntelliJ IDEA Community Edition 2021.3.2\bin\breakgen64.dll
0x00007ffea9440000 - 0x00007ffea95e9000 	C:\Users\HP\.jdks\corretto-17.0.7\bin\awt.dll
0x00007ffee87c0000 - 0x00007ffee888d000 	C:\Windows\System32\OLEAUT32.dll
0x00007ffee0ec0000 - 0x00007ffee0f51000 	C:\Windows\SYSTEM32\apphelp.dll
0x00007ffee1180000 - 0x00007ffee121e000 	C:\Windows\system32\uxtheme.dll
0x00007ffee8440000 - 0x00007ffee8554000 	C:\Windows\System32\MSCTF.dll
0x00007ffee8c00000 - 0x00007ffee8d2a000 	C:\Windows\System32\ole32.dll
0x00007ffee1320000 - 0x00007ffee134f000 	C:\Windows\system32\DWMAPI.DLL
0x00007ffeb5d50000 - 0x00007ffeb5e75000 	C:\Windows\system32\opengl32.dll
0x00007ffeb67f0000 - 0x00007ffeb681c000 	C:\Windows\SYSTEM32\GLU32.dll
0x00007ffee6af0000 - 0x00007ffee6b08000 	C:\Windows\SYSTEM32\CRYPTSP.dll
0x00007ffee61d0000 - 0x00007ffee6204000 	C:\Windows\system32\rsaenh.dll
0x00007ffee7760000 - 0x00007ffee7787000 	C:\Windows\System32\bcrypt.dll
0x00007ffee7120000 - 0x00007ffee714e000 	C:\Windows\SYSTEM32\USERENV.dll
0x00007ffee6a20000 - 0x00007ffee6a2c000 	C:\Windows\SYSTEM32\CRYPTBASE.dll
0x00007ffee65a0000 - 0x00007ffee65dc000 	C:\Windows\SYSTEM32\IPHLPAPI.DLL
0x00007ffee7d60000 - 0x00007ffee7d68000 	C:\Windows\System32\NSI.dll
0x00007ffeda430000 - 0x00007ffeda447000 	C:\Windows\SYSTEM32\dhcpcsvc6.DLL
0x00007ffed8d80000 - 0x00007ffed8d9d000 	C:\Windows\SYSTEM32\dhcpcsvc.DLL
0x00007ffee65e0000 - 0x00007ffee66aa000 	C:\Windows\SYSTEM32\DNSAPI.dll
0x00007ffe9d3a0000 - 0x00007ffe9e3ec000 	C:\Users\HP\.skiko\0de0d8dd8554d9bb66cfca3837db6514ff9b71080e998917280a3b777460a416\skiko-windows-x64.dll
0x00007ffeba3d0000 - 0x00007ffeba453000 	C:\Users\HP\.jdks\corretto-17.0.7\bin\freetype.dll
0x00007ffeb1cf0000 - 0x00007ffeb1db2000 	C:\Users\HP\.jdks\corretto-17.0.7\bin\fontmanager.dll
0x00007ffedd5a0000 - 0x00007ffedd5a7000 	C:\Users\HP\.jdks\corretto-17.0.7\bin\jawt.dll
0x00007ffee5a90000 - 0x00007ffee5b83000 	C:\Windows\SYSTEM32\Dxgi.dll
0x00007ffedbd10000 - 0x00007ffedbd30000 	C:\Windows\SYSTEM32\D3D12.dll
0x00007ffea90c0000 - 0x00007ffea928d000 	C:\Windows\SYSTEM32\D3D12Core.dll
0x00007ffeda9e0000 - 0x00007ffedaa1b000 	C:\Windows\SYSTEM32\dxcore.dll
0x00007ffee7670000 - 0x00007ffee76be000 	C:\Windows\System32\cfgmgr32.dll
0x00007ffed4390000 - 0x00007ffed6fa9000 	C:\Windows\System32\DriverStore\FileRepository\igdlh64.inf_amd64_e6daaea9afe1e6f6\igc64.dll
0x00007ffe72ab0000 - 0x00007ffe73f83000 	C:\Windows\System32\DriverStore\FileRepository\igdlh64.inf_amd64_e6daaea9afe1e6f6\igd12umd64.dll
0x00007ffeda000000 - 0x00007ffeda257000 	C:\Windows\System32\DriverStore\FileRepository\igdlh64.inf_amd64_e6daaea9afe1e6f6\igdgmm64.dll
0x00007ffea4da0000 - 0x00007ffea51ab000 	C:\Windows\System32\DriverStore\FileRepository\igdlh64.inf_amd64_e6daaea9afe1e6f6\igdml64.dll
0x00007ffedbce0000 - 0x00007ffedbd0b000 	C:\Windows\SYSTEM32\D3DSCache.dll
0x00007ffe51780000 - 0x00007ffe55f82000 	C:\Windows\System32\DriverStore\FileRepository\igdlh64.inf_amd64_e6daaea9afe1e6f6\igd12dxva64.dll
0x00007ffee7ea0000 - 0x00007ffee830e000 	C:\Windows\System32\SETUPAPI.dll
0x00007ffe96bf0000 - 0x00007ffe96c17000 	C:\Windows\System32\DriverStore\FileRepository\igdlh64.inf_amd64_e6daaea9afe1e6f6\igdinfo64.dll
0x00007ffeddf50000 - 0x00007ffede157000 	C:\Windows\SYSTEM32\twinapi.appcore.dll
0x00007ffee8ee0000 - 0x00007ffee8f89000 	C:\Windows\System32\clbcatq.dll
0x00007ffe744c0000 - 0x00007ffe75492000 	C:\Windows\System32\DriverStore\FileRepository\igdlh64.inf_amd64_e6daaea9afe1e6f6\ig9icd64.dll
0x00007ffee7090000 - 0x00007ffee70db000 	C:\Windows\SYSTEM32\powrprof.dll
0x00007ffee7070000 - 0x00007ffee7082000 	C:\Windows\SYSTEM32\UMPDC.dll
0x00007ffed2250000 - 0x00007ffed24cf000 	C:\Windows\SYSTEM32\dwrite.dll
0x00007ffed3ec0000 - 0x00007ffed3fb9000 	C:\Windows\SYSTEM32\textinputframework.dll
0x00007ffee0460000 - 0x00007ffee07be000 	C:\Windows\System32\CoreUIComponents.dll
0x00007ffee0b40000 - 0x00007ffee0c32000 	C:\Windows\System32\CoreMessaging.dll
0x00007ffee62f0000 - 0x00007ffee6323000 	C:\Windows\SYSTEM32\ntmarta.dll
0x00007ffedf450000 - 0x00007ffedf5a4000 	C:\Windows\SYSTEM32\wintypes.dll
0x00007ffea2470000 - 0x00007ffea2d22000 	C:\Users\HP\AppData\Local\io-realm-kotlin\f7113120ba00ba1ff91d696eecd3919e85a4e34e\realmc.dll
0x00007ffee7510000 - 0x00007ffee766e000 	C:\Windows\System32\CRYPT32.dll

dbghelp: loaded successfully - version: 4.0.5 - missing functions: none
symbol engine: initialized successfully - sym options: 0x614 - pdb path: .;C:\Users\HP\.jdks\corretto-17.0.7\bin;C:\Windows\SYSTEM32;C:\Windows\WinSxS\amd64_microsoft.windows.common-controls_6595b64144ccf1df_6.0.19041.1110_none_60b5254171f9507e;C:\Users\HP\.jdks\corretto-17.0.7\bin\server;C:\Program Files\JetBrains\IntelliJ IDEA Community Edition 2021.3.2\bin;C:\Users\HP\.skiko\0de0d8dd8554d9bb66cfca3837db6514ff9b71080e998917280a3b777460a416;C:\Windows\System32\DriverStore\FileRepository\igdlh64.inf_amd64_e6daaea9afe1e6f6;C:\Users\HP\AppData\Local\io-realm-kotlin\f7113120ba00ba1ff91d696eecd3919e85a4e34e

VM Arguments:
jvm_args: -Djava.library.path=C:\Users\HP\Desktop\newderar\build\classes\kotlin\jvm\main;C:\Users\HP\Desktop\newderar\build\processedResources\jvm\main -javaagent:C:\Program Files\JetBrains\IntelliJ IDEA Community Edition 2021.3.2\lib\idea_rt.jar=51758:C:\Program Files\JetBrains\IntelliJ IDEA Community Edition 2021.3.2\bin -Dfile.encoding=UTF-8 
java_command: MainKt
java_class_path (initial): C:\Users\HP\Desktop\newderar\build\classes\kotlin\jvm\main;C:\Users\HP\Desktop\newderar\build\processedResources\jvm\main;C:\Users\HP\.gradle\caches\modules-2\files-2.1\io.insert-koin\koin-androidx-compose\3.4.5\ae0a88b7a68d507e651c5a3d70a541594bea54cb\koin-androidx-compose-3.4.5.aar;C:\Users\HP\.gradle\caches\modules-2\files-2.1\androidx.navigation\navigation-compose\2.6.0\3f8ce7b0bad21cced0c47b42b6347c65a6e422c3\navigation-compose-2.6.0.aar;C:\Users\HP\.gradle\caches\modules-2\files-2.1\org.jetbrains.kotlin\kotlin-stdlib-jdk8\1.8.21\67f57e154437cd9e6e9cf368394b95814836ff88\kotlin-stdlib-jdk8-1.8.21.jar;C:\Users\HP\.gradle\caches\modules-2\files-2.1\org.apache.poi\poi-ooxml\4.1.2\87d9a22aa9a7dd26e80c360e709f7ee02e32ab3b\poi-ooxml-4.1.2.jar;C:\Users\HP\.gradle\caches\modules-2\files-2.1\org.apache.poi\poi\4.1.2\964bf41cf68bce08e4ef6b2279b559fdf8d454f4\poi-4.1.2.jar;C:\Users\HP\.gradle\caches\modules-2\files-2.1\org.lwjgl\lwjgl-nfd\3.3.1\622318116996ddcff449b46cb38f0fdee39b8ac3\lwjgl-nfd-3.3.1.jar;C:\Users\HP\.gradle\caches\modules-2\files-2.1\org.lwjgl\lwjgl-nfd\3.3.1\2e007667e04ed3281152ae5c6e677fb1c2211691\lwjgl-nfd-3.3.1-natives-linux.jar;C:\Users\HP\.gradle\caches\modules-2\files-2.1\org.lwjgl\lwjgl\3.3.1\ae58664f88e18a9bb2c77b063833ca7aaec484cb\lwjgl-3.3.1.jar;C:\Users\HP\.gradle\caches\modules-2\files-2.1\io.insert-koin\koin-android\3.4.0\48715fbe06102a59a30bd45b06ed2400c16c6f45\koin-android-3.4.0.aar;C:\Users\HP\.gradle\caches\modules-2\files-2.1\org.lwjgl\lwjgl-nfd\3.3.1\b3e04e317f55dd738d8a345cdafd15b39f85a2ea\lwjgl-nfd-3.3.1-natives-linux-arm32.jar;C:\Users\HP\.gradle\caches\modules-2\files-2.1\androidx.lifecycle\lifecycle-viewmodel-compose\2.6.1\38cf3bb65ff3e0e5c3d63de2ebf5411d0898108c\lifecycle-viewmodel-compose-2.6.1.aar;C:\Users\HP\.gradle\caches\modules-2\files-2.1\org.lwjgl\lwjgl-nfd\3.3.1\f41dc62336f7ee4ab35705cfa440cc903d199165\lwjgl-nfd-3.3.1-natives-linux-arm64.jar;C:\Users\HP\.gradle\caches\modules-2\files-2.1\androi
Launcher Type: SUN_STANDARD

[Global flags]
     intx CICompilerCount                          = 3                                         {product} {ergonomic}
     uint ConcGCThreads                            = 1                                         {product} {ergonomic}
     uint G1ConcRefinementThreads                  = 4                                         {product} {ergonomic}
   size_t G1HeapRegionSize                         = 2097152                                   {product} {ergonomic}
    uintx GCDrainStackTargetSize                   = 64                                        {product} {ergonomic}
   size_t InitialHeapSize                          = 266338304                                 {product} {ergonomic}
   size_t MarkStackSize                            = 4194304                                   {product} {ergonomic}
   size_t MaxHeapSize                              = 4255121408                                {product} {ergonomic}
   size_t MaxNewSize                               = 2552233984                                {product} {ergonomic}
   size_t MinHeapDeltaBytes                        = 2097152                                   {product} {ergonomic}
   size_t MinHeapSize                              = 8388608                                   {product} {ergonomic}
    uintx NonNMethodCodeHeapSize                   = 5832780                                {pd product} {ergonomic}
    uintx NonProfiledCodeHeapSize                  = 122912730                              {pd product} {ergonomic}
    uintx ProfiledCodeHeapSize                     = 122912730                              {pd product} {ergonomic}
    uintx ReservedCodeCacheSize                    = 251658240                              {pd product} {ergonomic}
     bool SegmentedCodeCache                       = true                                      {product} {ergonomic}
   size_t SoftMaxHeapSize                          = 4255121408                             {manageable} {ergonomic}
     bool UseCompressedClassPointers               = true                           {product lp64_product} {ergonomic}
     bool UseCompressedOops                        = true                           {product lp64_product} {ergonomic}
     bool UseG1GC                                  = true                                      {product} {ergonomic}
     bool UseLargePagesIndividualAllocation        = false                                  {pd product} {ergonomic}

Logging:
Log output configuration:
 #0: stdout all=warning uptime,level,tags
 #1: stderr all=off uptime,level,tags

Environment Variables:
PATH=C:\Program Files\Common Files\Oracle\Java\javapath;C:\Program Files (x86)\Common Files\Oracle\Java\javapath;C:\Windows\system32;C:\Windows;C:\Windows\System32\Wbem;C:\Windows\System32\WindowsPowerShell\v1.0\;C:\Windows\System32\OpenSSH\;C:\xampp\php;C:\ProgramData\ComposerSetup\bin;C:\Program Files\nodejs\;C:\Program Files (x86)\Intel\Intel(R) Management Engine Components\DAL;C:\Program Files\Intel\Intel(R) Management Engine Components\DAL;C:\Program Files\Git\cmd;C:\Program Files\Fortect;C:\Users\HP\AppData\Local\Microsoft\WindowsApps;C:\Program Files\JetBrains\IntelliJ IDEA Community Edition 2021.3.2\bin;C:\Users\HP\AppData\Local\Programs\Microsoft VS Code\bin;C:\Users\HP\AppData\Local\JetBrains\Toolbox\scripts;C:\Users\HP\AppData\Local\GitHubDesktop\bin;C:\Users\HP\Desktop\camp\flutter_windows_3.7.6-stable\flutter\bin;C:\Users\HP\AppData\Roaming\Composer\vendor\bin;C:\Users\HP\AppData\Roaming\npm
USERNAME=HP
OS=Windows_NT
PROCESSOR_IDENTIFIER=Intel64 Family 6 Model 142 Stepping 9, GenuineIntel
TMP=C:\Users\HP\AppData\Local\Temp
TEMP=C:\Users\HP\AppData\Local\Temp



---------------  S Y S T E M  ---------------

OS:
 Windows 10 , 64 bit Build 19041 (10.0.19041.3155)
OS uptime: 2 days 13:44 hours
Hyper-V role detected

CPU: total 4 (initial active 4) (2 cores per cpu, 2 threads per core) family 6 model 142 stepping 9 microcode 0xf2, cx8, cmov, fxsr, ht, mmx, 3dnowpref, sse, sse2, sse3, ssse3, sse4.1, sse4.2, popcnt, lzcnt, tsc, tscinvbit, avx, avx2, aes, erms, clmul, bmi1, bmi2, rtm, adx, fma, vzeroupper, clflush, clflushopt, hv

Memory: 4k page, system-wide physical 16224M (5514M free)
TotalPageFile size 32096M (AvailPageFile size 19782M)
current process WorkingSet (physical memory assigned to process): 276M, peak: 340M
current process commit charge ("private bytes"): 288M, peak: 432M

vm_info: OpenJDK 64-Bit Server VM (17.0.7+7-LTS) for windows-amd64 JRE (17.0.7+7-LTS), built on Apr 14 2023 01:39:21 by "Administrator" with MS VC++ 15.9 (VS2017)

END.
